2026-01-02 07:54:39,488 - INFO - ============================================================
2026-01-02 07:54:39,488 - INFO - LSTM_BASELINE BASELINE - Training Started
2026-01-02 07:54:39,489 - INFO - ============================================================
2026-01-02 07:54:39,489 - INFO - Model config: {'d_model': 64, 'hidden_size': 128, 'num_layers': 2, 'dropout': 0.2}
2026-01-02 07:54:39,489 - INFO - Training config: {'batch_size': 128, 'num_epochs': 50, 'learning_rate': 0.001, 'weight_decay': 0.01, 'label_smoothing': 0.03, 'grad_clip': 1.0, 'patience': 5, 'min_epochs': 8, 'warmup_epochs': 3, 'use_amp': True, 'min_lr': 1e-06}
2026-01-02 07:54:39,489 - INFO - ============================================================
2026-01-02 07:54:39,489 - INFO - Training for 50 epochs
2026-01-02 07:54:39,489 - INFO - Model parameters: 500,419
2026-01-02 07:54:42,358 - INFO - Epoch 1/50 | LR: 3.33e-04 | Train: 5.4560 | Val: 4.5913 | Acc@1: 34.16%
2026-01-02 07:54:42,373 - INFO -   ✓ New best (Acc@1: 34.16%)
2026-01-02 07:54:44,736 - INFO - Epoch 2/50 | LR: 6.67e-04 | Train: 3.8069 | Val: 4.2213 | Acc@1: 35.66%
2026-01-02 07:54:44,765 - INFO -   ✓ New best (Acc@1: 35.66%)
2026-01-02 07:54:47,065 - INFO - Epoch 3/50 | LR: 1.00e-03 | Train: 3.3265 | Val: 4.1628 | Acc@1: 36.41%
2026-01-02 07:54:47,083 - INFO -   ✓ New best (Acc@1: 36.41%)
2026-01-02 07:54:49,467 - INFO - Epoch 4/50 | LR: 1.00e-03 | Train: 3.0480 | Val: 4.2210 | Acc@1: 37.22%
2026-01-02 07:54:51,790 - INFO - Epoch 5/50 | LR: 9.99e-04 | Train: 2.8630 | Val: 4.1291 | Acc@1: 39.53%
2026-01-02 07:54:51,808 - INFO -   ✓ New best (Acc@1: 39.53%)
2026-01-02 07:54:54,043 - INFO - Epoch 6/50 | LR: 9.96e-04 | Train: 2.7072 | Val: 4.1576 | Acc@1: 38.06%
2026-01-02 07:54:56,341 - INFO - Epoch 7/50 | LR: 9.90e-04 | Train: 2.5659 | Val: 4.1991 | Acc@1: 38.00%
2026-01-02 07:54:58,592 - INFO - Epoch 8/50 | LR: 9.82e-04 | Train: 2.4684 | Val: 4.1078 | Acc@1: 40.55%
2026-01-02 07:54:58,609 - INFO -   ✓ New best (Acc@1: 40.55%)
2026-01-02 07:55:00,910 - INFO - Epoch 9/50 | LR: 9.72e-04 | Train: 2.3624 | Val: 4.1251 | Acc@1: 40.85%
2026-01-02 07:55:03,200 - INFO - Epoch 10/50 | LR: 9.60e-04 | Train: 2.2861 | Val: 4.1500 | Acc@1: 40.49%
2026-01-02 07:55:05,684 - INFO - Epoch 11/50 | LR: 9.46e-04 | Train: 2.2105 | Val: 4.1413 | Acc@1: 40.55%
2026-01-02 07:55:07,957 - INFO - Epoch 12/50 | LR: 9.30e-04 | Train: 2.1374 | Val: 4.1663 | Acc@1: 40.67%
2026-01-02 07:55:10,232 - INFO - Epoch 13/50 | LR: 9.12e-04 | Train: 2.0632 | Val: 4.1825 | Acc@1: 40.52%
2026-01-02 07:55:10,232 - INFO - Early stopping at epoch 13
2026-01-02 07:55:10,254 - INFO - Loaded checkpoint from epoch 8
2026-01-02 07:55:11,254 - INFO - ============================================================
2026-01-02 07:55:11,255 - INFO - FINAL VALIDATION RESULTS
2026-01-02 07:55:11,255 - INFO -   Acc@1:  40.55%
2026-01-02 07:55:11,255 - INFO -   Acc@5:  63.95%
2026-01-02 07:55:11,255 - INFO -   Acc@10: 67.58%
2026-01-02 07:55:11,255 - INFO -   MRR:    51.36%
2026-01-02 07:55:11,255 - INFO -   NDCG:   55.10%
2026-01-02 07:55:11,255 - INFO - ============================================================
2026-01-02 07:55:11,255 - INFO - FINAL TEST RESULTS
2026-01-02 07:55:11,255 - INFO -   Acc@1:  33.01%
2026-01-02 07:55:11,255 - INFO -   Acc@5:  57.14%
2026-01-02 07:55:11,255 - INFO -   Acc@10: 61.42%
2026-01-02 07:55:11,255 - INFO -   MRR:    44.52%
2026-01-02 07:55:11,255 - INFO -   NDCG:   48.41%
2026-01-02 07:55:11,255 - INFO - ============================================================
