2025-12-30 00:44:13,619 - INFO - ============================================================
2025-12-30 00:44:13,619 - INFO - POINTER V45 - Training Started
2025-12-30 00:44:13,619 - INFO - ============================================================
2025-12-30 00:44:13,619 - INFO - Model config: {'d_model': 128, 'dim_feedforward': 512, 'dropout': 0.15, 'nhead': 2, 'num_layers': 4}
2025-12-30 00:44:13,619 - INFO - Training config: {'batch_size': 128, 'grad_clip': 0.8, 'label_smoothing': 0.03, 'learning_rate': 0.0007, 'min_epochs': 8, 'min_lr': 1e-06, 'num_epochs': 50, 'patience': 5, 'use_amp': True, 'warmup_epochs': 5, 'weight_decay': 0.015}
2025-12-30 00:44:13,619 - INFO - ============================================================
2025-12-30 00:44:13,619 - INFO - Training for 50 epochs
2025-12-30 00:44:13,620 - INFO - Model parameters: 2,876,768
2025-12-30 00:45:32,401 - INFO - Epoch 1/50 | LR: 1.40e-04 | Train: 3.2833 | Val: 3.1867 | Acc@1: 51.58%
2025-12-30 00:45:32,475 - INFO -   ✓ New best (Acc@1: 51.58%)
2025-12-30 00:46:56,629 - INFO - Epoch 2/50 | LR: 2.80e-04 | Train: 3.0448 | Val: 3.0927 | Acc@1: 52.68%
2025-12-30 00:46:56,708 - INFO -   ✓ New best (Acc@1: 52.68%)
2025-12-30 00:48:21,508 - INFO - Epoch 3/50 | LR: 4.20e-04 | Train: 2.9069 | Val: 2.9753 | Acc@1: 54.05%
2025-12-30 00:48:21,587 - INFO -   ✓ New best (Acc@1: 54.05%)
2025-12-30 00:49:46,152 - INFO - Epoch 4/50 | LR: 5.60e-04 | Train: 2.7655 | Val: 2.9159 | Acc@1: 54.58%
2025-12-30 00:49:46,237 - INFO -   ✓ New best (Acc@1: 54.58%)
2025-12-30 00:51:10,571 - INFO - Epoch 5/50 | LR: 7.00e-04 | Train: 2.6826 | Val: 2.8823 | Acc@1: 54.43%
2025-12-30 00:51:10,650 - INFO -   ✓ New best (Acc@1: 54.43%)
2025-12-30 00:52:33,234 - INFO - Epoch 6/50 | LR: 7.00e-04 | Train: 2.5822 | Val: 2.8650 | Acc@1: 54.50%
2025-12-30 00:52:33,315 - INFO -   ✓ New best (Acc@1: 54.50%)
2025-12-30 00:53:56,629 - INFO - Epoch 7/50 | LR: 6.99e-04 | Train: 2.5132 | Val: 2.8742 | Acc@1: 54.00%
2025-12-30 00:55:20,661 - INFO - Epoch 8/50 | LR: 6.97e-04 | Train: 2.4530 | Val: 2.8701 | Acc@1: 54.41%
2025-12-30 00:56:44,600 - INFO - Epoch 9/50 | LR: 6.92e-04 | Train: 2.4065 | Val: 2.8934 | Acc@1: 54.33%
2025-12-30 00:58:09,353 - INFO - Epoch 10/50 | LR: 6.86e-04 | Train: 2.3642 | Val: 2.9272 | Acc@1: 53.70%
2025-12-30 00:59:34,304 - INFO - Epoch 11/50 | LR: 6.79e-04 | Train: 2.3331 | Val: 2.9611 | Acc@1: 53.42%
2025-12-30 00:59:34,305 - INFO - Early stopping at epoch 11
2025-12-30 00:59:34,694 - INFO - Loaded checkpoint from epoch 6
2025-12-30 00:59:47,767 - INFO - ============================================================
2025-12-30 00:59:47,768 - INFO - FINAL VALIDATION RESULTS
2025-12-30 00:59:47,768 - INFO -   Acc@1:  54.50%
2025-12-30 00:59:47,768 - INFO -   Acc@5:  79.88%
2025-12-30 00:59:47,768 - INFO -   Acc@10: 84.05%
2025-12-30 00:59:47,768 - INFO -   MRR:    65.57%
2025-12-30 00:59:47,768 - INFO -   NDCG:   69.94%
2025-12-30 00:59:47,768 - INFO - ============================================================
2025-12-30 00:59:47,768 - INFO - FINAL TEST RESULTS
2025-12-30 00:59:47,768 - INFO -   Acc@1:  54.78%
2025-12-30 00:59:47,768 - INFO -   Acc@5:  81.30%
2025-12-30 00:59:47,768 - INFO -   Acc@10: 85.17%
2025-12-30 00:59:47,768 - INFO -   MRR:    66.29%
2025-12-30 00:59:47,768 - INFO -   NDCG:   70.78%
2025-12-30 00:59:47,768 - INFO - ============================================================
