2025-12-30 13:27:03,215 - INFO - ============================================================
2025-12-30 13:27:03,215 - INFO - POINTER V45 - Training Started
2025-12-30 13:27:03,216 - INFO - ============================================================
2025-12-30 13:27:03,216 - INFO - Model config: {'d_model': 64, 'dim_feedforward': 128, 'dropout': 0.15, 'nhead': 4, 'num_layers': 8}
2025-12-30 13:27:03,216 - INFO - Training config: {'batch_size': 128, 'grad_clip': 0.8, 'label_smoothing': 0.03, 'learning_rate': 0.0007, 'min_epochs': 3, 'min_lr': 1e-06, 'num_epochs': 50, 'patience': 5, 'use_amp': True, 'warmup_epochs': 5, 'weight_decay': 0.015}
2025-12-30 13:27:03,216 - INFO - ============================================================
2025-12-30 13:27:03,216 - INFO - Training for 50 epochs
2025-12-30 13:27:03,216 - INFO - Model parameters: 1,289,760
2025-12-30 13:28:52,747 - INFO - Epoch 1/50 | LR: 1.40e-04 | Train: 3.4506 | Val: 3.2214 | Acc@1: 49.37%
2025-12-30 13:28:52,811 - INFO -   ✓ New best (Acc@1: 49.37%)
2025-12-30 13:30:41,181 - INFO - Epoch 2/50 | LR: 2.80e-04 | Train: 3.1066 | Val: 3.1224 | Acc@1: 52.46%
2025-12-30 13:30:41,248 - INFO -   ✓ New best (Acc@1: 52.46%)
2025-12-30 13:32:23,263 - INFO - Epoch 3/50 | LR: 4.20e-04 | Train: 3.0036 | Val: 3.0620 | Acc@1: 53.47%
2025-12-30 13:32:23,331 - INFO -   ✓ New best (Acc@1: 53.47%)
2025-12-30 13:34:02,117 - INFO - Epoch 4/50 | LR: 5.60e-04 | Train: 2.9112 | Val: 2.9866 | Acc@1: 54.02%
2025-12-30 13:34:02,185 - INFO -   ✓ New best (Acc@1: 54.02%)
2025-12-30 13:35:37,331 - INFO - Epoch 5/50 | LR: 7.00e-04 | Train: 2.8169 | Val: 2.9381 | Acc@1: 54.33%
2025-12-30 13:35:37,396 - INFO -   ✓ New best (Acc@1: 54.33%)
2025-12-30 13:37:13,046 - INFO - Epoch 6/50 | LR: 7.00e-04 | Train: 2.7251 | Val: 2.9007 | Acc@1: 54.86%
2025-12-30 13:37:13,112 - INFO -   ✓ New best (Acc@1: 54.86%)
2025-12-30 13:38:49,556 - INFO - Epoch 7/50 | LR: 6.99e-04 | Train: 2.6573 | Val: 2.8740 | Acc@1: 54.84%
2025-12-30 13:38:49,622 - INFO -   ✓ New best (Acc@1: 54.84%)
2025-12-30 13:40:25,767 - INFO - Epoch 8/50 | LR: 6.97e-04 | Train: 2.6066 | Val: 2.8727 | Acc@1: 54.74%
2025-12-30 13:40:25,833 - INFO -   ✓ New best (Acc@1: 54.74%)
2025-12-30 13:42:01,197 - INFO - Epoch 9/50 | LR: 6.92e-04 | Train: 2.5670 | Val: 2.8732 | Acc@1: 54.93%
2025-12-30 13:43:33,892 - INFO - Epoch 10/50 | LR: 6.86e-04 | Train: 2.5406 | Val: 2.9027 | Acc@1: 54.62%
2025-12-30 13:45:08,351 - INFO - Epoch 11/50 | LR: 6.79e-04 | Train: 2.5082 | Val: 2.8795 | Acc@1: 54.67%
2025-12-30 13:46:44,389 - INFO - Epoch 12/50 | LR: 6.70e-04 | Train: 2.4880 | Val: 2.9050 | Acc@1: 54.24%
2025-12-30 13:48:17,457 - INFO - Epoch 13/50 | LR: 6.59e-04 | Train: 2.4713 | Val: 2.9204 | Acc@1: 54.66%
2025-12-30 13:48:17,457 - INFO - Early stopping at epoch 13
2025-12-30 13:48:17,729 - INFO - Loaded checkpoint from epoch 8
2025-12-30 13:48:26,832 - INFO - ============================================================
2025-12-30 13:48:26,832 - INFO - FINAL VALIDATION RESULTS
2025-12-30 13:48:26,832 - INFO -   Acc@1:  54.74%
2025-12-30 13:48:26,832 - INFO -   Acc@5:  79.62%
2025-12-30 13:48:26,832 - INFO -   Acc@10: 83.48%
2025-12-30 13:48:26,833 - INFO -   MRR:    65.73%
2025-12-30 13:48:26,833 - INFO -   NDCG:   69.94%
2025-12-30 13:48:26,833 - INFO - ============================================================
2025-12-30 13:48:26,833 - INFO - FINAL TEST RESULTS
2025-12-30 13:48:26,833 - INFO -   Acc@1:  55.52%
2025-12-30 13:48:26,833 - INFO -   Acc@5:  81.04%
2025-12-30 13:48:26,833 - INFO -   Acc@10: 84.61%
2025-12-30 13:48:26,833 - INFO -   MRR:    66.70%
2025-12-30 13:48:26,833 - INFO -   NDCG:   70.96%
2025-12-30 13:48:26,833 - INFO - ============================================================
