2026-01-01 08:10:44,459 - INFO - ============================================================
2026-01-01 08:10:44,459 - INFO - POINTER V45 - Training Started
2026-01-01 08:10:44,459 - INFO - ============================================================
2026-01-01 08:10:44,459 - INFO - Model config: {'d_model': 96, 'nhead': 8, 'num_layers': 3, 'dim_feedforward': 192, 'dropout': 0.25}
2026-01-01 08:10:44,459 - INFO - Training config: {'batch_size': 128, 'num_epochs': 50, 'learning_rate': 0.0001, 'weight_decay': 0.01, 'label_smoothing': 0.0, 'grad_clip': 0.8, 'patience': 5, 'min_epochs': 8, 'warmup_epochs': 5, 'use_amp': True, 'min_lr': 1e-06}
2026-01-01 08:10:44,459 - INFO - ============================================================
2026-01-01 08:10:44,459 - INFO - Training for 50 epochs
2026-01-01 08:10:44,459 - INFO - Model parameters: 518,188
2026-01-01 08:10:48,844 - INFO - Epoch 1/50 | LR: 2.00e-05 | Train: 4.7812 | Val: 3.3884 | Acc@1: 34.58%
2026-01-01 08:10:48,874 - INFO -   ✓ New best (Acc@1: 34.58%)
2026-01-01 08:10:52,472 - INFO - Epoch 2/50 | LR: 4.00e-05 | Train: 4.4622 | Val: 3.2308 | Acc@1: 36.05%
2026-01-01 08:10:52,504 - INFO -   ✓ New best (Acc@1: 36.05%)
2026-01-01 08:10:56,327 - INFO - Epoch 3/50 | LR: 6.00e-05 | Train: 4.2230 | Val: 3.1130 | Acc@1: 38.03%
2026-01-01 08:10:56,359 - INFO -   ✓ New best (Acc@1: 38.03%)
2026-01-01 08:11:00,022 - INFO - Epoch 4/50 | LR: 8.00e-05 | Train: 4.0152 | Val: 3.0557 | Acc@1: 38.60%
2026-01-01 08:11:00,058 - INFO -   ✓ New best (Acc@1: 38.60%)
2026-01-01 08:11:03,585 - INFO - Epoch 5/50 | LR: 1.00e-04 | Train: 3.8635 | Val: 2.9945 | Acc@1: 40.10%
2026-01-01 08:11:03,618 - INFO -   ✓ New best (Acc@1: 40.10%)
2026-01-01 08:11:07,229 - INFO - Epoch 6/50 | LR: 1.00e-04 | Train: 3.7138 | Val: 2.9439 | Acc@1: 42.17%
2026-01-01 08:11:07,261 - INFO -   ✓ New best (Acc@1: 42.17%)
2026-01-01 08:11:10,726 - INFO - Epoch 7/50 | LR: 9.99e-05 | Train: 3.6071 | Val: 2.9342 | Acc@1: 42.98%
2026-01-01 08:11:11,170 - INFO -   ✓ New best (Acc@1: 42.98%)
2026-01-01 08:11:14,395 - INFO - Epoch 8/50 | LR: 9.95e-05 | Train: 3.5024 | Val: 2.8979 | Acc@1: 43.73%
2026-01-01 08:11:14,429 - INFO -   ✓ New best (Acc@1: 43.73%)
2026-01-01 08:11:17,768 - INFO - Epoch 9/50 | LR: 9.89e-05 | Train: 3.4250 | Val: 2.9099 | Acc@1: 44.54%
2026-01-01 08:11:21,206 - INFO - Epoch 10/50 | LR: 9.81e-05 | Train: 3.3536 | Val: 2.9097 | Acc@1: 44.78%
2026-01-01 08:11:24,397 - INFO - Epoch 11/50 | LR: 9.70e-05 | Train: 3.2958 | Val: 2.8887 | Acc@1: 45.14%
2026-01-01 08:11:24,431 - INFO -   ✓ New best (Acc@1: 45.14%)
2026-01-01 08:11:27,745 - INFO - Epoch 12/50 | LR: 9.57e-05 | Train: 3.2389 | Val: 2.8808 | Acc@1: 45.62%
2026-01-01 08:11:27,782 - INFO -   ✓ New best (Acc@1: 45.62%)
2026-01-01 08:11:31,228 - INFO - Epoch 13/50 | LR: 9.42e-05 | Train: 3.1929 | Val: 2.9135 | Acc@1: 45.71%
2026-01-01 08:11:34,420 - INFO - Epoch 14/50 | LR: 9.25e-05 | Train: 3.1595 | Val: 2.9093 | Acc@1: 45.38%
2026-01-01 08:11:37,975 - INFO - Epoch 15/50 | LR: 9.05e-05 | Train: 3.0986 | Val: 2.9056 | Acc@1: 45.50%
2026-01-01 08:11:41,515 - INFO - Epoch 16/50 | LR: 8.84e-05 | Train: 3.0574 | Val: 2.9182 | Acc@1: 45.77%
2026-01-01 08:11:45,217 - INFO - Epoch 17/50 | LR: 8.61e-05 | Train: 3.0194 | Val: 2.9301 | Acc@1: 45.20%
2026-01-01 08:11:45,217 - INFO - Early stopping at epoch 17
2026-01-01 08:11:45,364 - INFO - Loaded checkpoint from epoch 12
2026-01-01 08:11:46,987 - INFO - ============================================================
2026-01-01 08:11:46,987 - INFO - FINAL VALIDATION RESULTS
2026-01-01 08:11:46,987 - INFO -   Acc@1:  45.62%
2026-01-01 08:11:46,987 - INFO -   Acc@5:  77.86%
2026-01-01 08:11:46,987 - INFO -   Acc@10: 82.00%
2026-01-01 08:11:46,987 - INFO -   MRR:    59.70%
2026-01-01 08:11:46,987 - INFO -   NDCG:   65.01%
2026-01-01 08:11:46,987 - INFO - ============================================================
2026-01-01 08:11:46,987 - INFO - FINAL TEST RESULTS
2026-01-01 08:11:46,987 - INFO -   Acc@1:  50.66%
2026-01-01 08:11:46,987 - INFO -   Acc@5:  81.30%
2026-01-01 08:11:46,987 - INFO -   Acc@10: 84.75%
2026-01-01 08:11:46,988 - INFO -   MRR:    64.41%
2026-01-01 08:11:46,988 - INFO -   NDCG:   69.35%
2026-01-01 08:11:46,988 - INFO - ============================================================
