2025-12-29 09:33:20,036 - INFO - ============================================================
2025-12-29 09:33:20,037 - INFO - POINTER V45 - Training Started
2025-12-29 09:33:20,037 - INFO - ============================================================
2025-12-29 09:33:20,037 - INFO - Model config: {'d_model': 128, 'dim_feedforward': 256, 'dropout': 0.15, 'nhead': 4, 'num_layers': 3}
2025-12-29 09:33:20,037 - INFO - Training config: {'batch_size': 128, 'grad_clip': 0.8, 'label_smoothing': 0.03, 'learning_rate': 0.0009, 'min_epochs': 8, 'min_lr': 1e-06, 'num_epochs': 50, 'patience': 5, 'use_amp': True, 'warmup_epochs': 5, 'weight_decay': 0.015}
2025-12-29 09:33:20,037 - INFO - ============================================================
2025-12-29 09:33:20,037 - INFO - Training for 50 epochs
2025-12-29 09:33:20,038 - INFO - Model parameters: 1,572,557
2025-12-29 09:34:06,669 - INFO - Epoch 1/50 | LR: 1.80e-04 | Train: 2.9635 | Val: 2.7840 | Acc@1: 51.12%
2025-12-29 09:34:06,717 - INFO -   ✓ New best (Acc@1: 51.12%)
2025-12-29 09:34:52,535 - INFO - Epoch 2/50 | LR: 3.60e-04 | Train: 2.6898 | Val: 2.7169 | Acc@1: 52.57%
2025-12-29 09:34:52,586 - INFO -   ✓ New best (Acc@1: 52.57%)
2025-12-29 09:35:38,162 - INFO - Epoch 3/50 | LR: 5.40e-04 | Train: 2.5591 | Val: 2.7102 | Acc@1: 51.78%
2025-12-29 09:35:38,214 - INFO -   ✓ New best (Acc@1: 51.78%)
2025-12-29 09:36:19,733 - INFO - Epoch 4/50 | LR: 7.20e-04 | Train: 2.4488 | Val: 2.6778 | Acc@1: 52.89%
2025-12-29 09:36:19,785 - INFO -   ✓ New best (Acc@1: 52.89%)
2025-12-29 09:37:05,865 - INFO - Epoch 5/50 | LR: 9.00e-04 | Train: 2.3559 | Val: 2.6485 | Acc@1: 53.42%
2025-12-29 09:37:05,918 - INFO -   ✓ New best (Acc@1: 53.42%)
2025-12-29 09:37:52,252 - INFO - Epoch 6/50 | LR: 9.00e-04 | Train: 2.2431 | Val: 2.6716 | Acc@1: 51.64%
2025-12-29 09:38:38,342 - INFO - Epoch 7/50 | LR: 8.99e-04 | Train: 2.1444 | Val: 2.7295 | Acc@1: 52.24%
2025-12-29 09:39:24,416 - INFO - Epoch 8/50 | LR: 8.96e-04 | Train: 2.0450 | Val: 2.7636 | Acc@1: 52.24%
2025-12-29 09:40:10,320 - INFO - Epoch 9/50 | LR: 8.90e-04 | Train: 1.9564 | Val: 2.7924 | Acc@1: 51.91%
2025-12-29 09:40:56,679 - INFO - Epoch 10/50 | LR: 8.83e-04 | Train: 1.8749 | Val: 2.8715 | Acc@1: 49.61%
2025-12-29 09:40:56,679 - INFO - Early stopping at epoch 10
2025-12-29 09:40:57,059 - INFO - Loaded checkpoint from epoch 5
2025-12-29 09:40:58,181 - INFO - ============================================================
2025-12-29 09:40:58,181 - INFO - FINAL VALIDATION RESULTS
2025-12-29 09:40:58,181 - INFO -   Acc@1:  53.42%
2025-12-29 09:40:58,181 - INFO -   Acc@5:  81.32%
2025-12-29 09:40:58,181 - INFO -   Acc@10: 86.12%
2025-12-29 09:40:58,181 - INFO -   MRR:    65.72%
2025-12-29 09:40:58,181 - INFO -   NDCG:   70.52%
2025-12-29 09:40:58,181 - INFO - ============================================================
2025-12-29 09:40:58,182 - INFO - FINAL TEST RESULTS
2025-12-29 09:40:58,182 - INFO -   Acc@1:  55.84%
2025-12-29 09:40:58,182 - INFO -   Acc@5:  82.91%
2025-12-29 09:40:58,182 - INFO -   Acc@10: 88.50%
2025-12-29 09:40:58,182 - INFO -   MRR:    67.63%
2025-12-29 09:40:58,182 - INFO -   NDCG:   72.53%
2025-12-29 09:40:58,182 - INFO - ============================================================
