2025-12-28 20:38:15,022 - INFO - ============================================================
2025-12-28 20:38:15,022 - INFO - POINTER V45 - Training Started
2025-12-28 20:38:15,023 - INFO - ============================================================
2025-12-28 20:38:15,023 - INFO - Model config: {'d_model': 128, 'dim_feedforward': 256, 'dropout': 0.15, 'nhead': 4, 'num_layers': 3}
2025-12-28 20:38:15,023 - INFO - Training config: {'batch_size': 128, 'grad_clip': 0.8, 'label_smoothing': 0.03, 'learning_rate': 0.0009, 'min_epochs': 8, 'min_lr': 1e-06, 'num_epochs': 50, 'patience': 5, 'use_amp': True, 'warmup_epochs': 5, 'weight_decay': 0.015}
2025-12-28 20:38:15,023 - INFO - ============================================================
2025-12-28 20:38:15,023 - INFO - Training for 50 epochs
2025-12-28 20:38:15,023 - INFO - Model parameters: 1,792,510
2025-12-28 20:39:49,557 - INFO - Epoch 1/50 | LR: 1.80e-04 | Train: 2.9681 | Val: 2.7800 | Acc@1: 51.83%
2025-12-28 20:39:49,610 - INFO -   ✓ New best (Acc@1: 51.83%)
2025-12-28 20:41:17,019 - INFO - Epoch 2/50 | LR: 3.60e-04 | Train: 2.7234 | Val: 2.7275 | Acc@1: 53.42%
2025-12-28 20:41:17,076 - INFO -   ✓ New best (Acc@1: 53.42%)
2025-12-28 20:42:49,948 - INFO - Epoch 3/50 | LR: 5.40e-04 | Train: 2.6069 | Val: 2.7075 | Acc@1: 53.68%
2025-12-28 20:42:50,010 - INFO -   ✓ New best (Acc@1: 53.68%)
2025-12-28 20:44:16,443 - INFO - Epoch 4/50 | LR: 7.20e-04 | Train: 2.5132 | Val: 2.6714 | Acc@1: 53.07%
2025-12-28 20:44:16,501 - INFO -   ✓ New best (Acc@1: 53.07%)
2025-12-28 20:45:47,832 - INFO - Epoch 5/50 | LR: 9.00e-04 | Train: 2.4336 | Val: 2.6642 | Acc@1: 53.55%
2025-12-28 20:45:47,889 - INFO -   ✓ New best (Acc@1: 53.55%)
2025-12-28 20:47:18,303 - INFO - Epoch 6/50 | LR: 9.00e-04 | Train: 2.3303 | Val: 2.6617 | Acc@1: 54.32%
2025-12-28 20:47:18,358 - INFO -   ✓ New best (Acc@1: 54.32%)
2025-12-28 20:48:49,768 - INFO - Epoch 7/50 | LR: 8.99e-04 | Train: 2.2353 | Val: 2.6591 | Acc@1: 53.14%
2025-12-28 20:48:49,826 - INFO -   ✓ New best (Acc@1: 53.14%)
2025-12-28 20:50:20,200 - INFO - Epoch 8/50 | LR: 8.96e-04 | Train: 2.1518 | Val: 2.7233 | Acc@1: 53.62%
2025-12-28 20:51:52,218 - INFO - Epoch 9/50 | LR: 8.90e-04 | Train: 2.0695 | Val: 2.7703 | Acc@1: 52.47%
2025-12-28 20:53:14,673 - INFO - Epoch 10/50 | LR: 8.83e-04 | Train: 1.9964 | Val: 2.8183 | Acc@1: 50.91%
2025-12-28 20:54:39,292 - INFO - Epoch 11/50 | LR: 8.73e-04 | Train: 1.9221 | Val: 2.8732 | Acc@1: 51.96%
2025-12-28 20:56:03,748 - INFO - Epoch 12/50 | LR: 8.61e-04 | Train: 1.8628 | Val: 2.9814 | Acc@1: 51.16%
2025-12-28 20:56:03,749 - INFO - Early stopping at epoch 12
2025-12-28 20:56:04,239 - INFO - Loaded checkpoint from epoch 7
2025-12-28 20:56:09,102 - INFO - ============================================================
2025-12-28 20:56:09,102 - INFO - FINAL VALIDATION RESULTS
2025-12-28 20:56:09,102 - INFO -   Acc@1:  53.14%
2025-12-28 20:56:09,102 - INFO -   Acc@5:  81.40%
2025-12-28 20:56:09,102 - INFO -   Acc@10: 86.27%
2025-12-28 20:56:09,102 - INFO -   MRR:    65.34%
2025-12-28 20:56:09,102 - INFO -   NDCG:   70.28%
2025-12-28 20:56:09,102 - INFO - ============================================================
2025-12-28 20:56:09,102 - INFO - FINAL TEST RESULTS
2025-12-28 20:56:09,102 - INFO -   Acc@1:  54.68%
2025-12-28 20:56:09,103 - INFO -   Acc@5:  82.68%
2025-12-28 20:56:09,103 - INFO -   Acc@10: 87.33%
2025-12-28 20:56:09,103 - INFO -   MRR:    66.87%
2025-12-28 20:56:09,103 - INFO -   NDCG:   71.73%
2025-12-28 20:56:09,103 - INFO - ============================================================
