Training MHSA model
Dataset: geolife
Config: /data/next_loc_clean_v2/config/ht_optuna/optuna_MHSA_geolife_prev7_t5_20251231_152825_e5e800ba.yaml
Device: cuda
Seed: 42
==================================================
Data loaders: train=232, val=105, test=110
Total trainable parameters: 112547

=== Epoch 1 ===
Epoch 1, 8.6%	 loss: 7.108 acc@1: 0.00 mrr: 0.53, ndcg: 0.39, took: 1.93s
Epoch 1, 17.2%	 loss: 7.098 acc@1: 0.00 mrr: 0.55, ndcg: 0.31, took: 1.42s
Epoch 1, 25.9%	 loss: 7.095 acc@1: 0.16 mrr: 0.70, ndcg: 0.41, took: 1.37s
Epoch 1, 34.5%	 loss: 7.083 acc@1: 0.16 mrr: 0.71, ndcg: 0.45, took: 1.54s
Epoch 1, 43.1%	 loss: 7.084 acc@1: 0.16 mrr: 1.02, ndcg: 0.75, took: 1.53s
Epoch 1, 51.7%	 loss: 7.075 acc@1: 0.16 mrr: 0.85, ndcg: 0.61, took: 1.42s
Epoch 1, 60.3%	 loss: 7.087 acc@1: 0.16 mrr: 0.86, ndcg: 0.67, took: 1.42s
Epoch 1, 69.0%	 loss: 7.080 acc@1: 0.16 mrr: 0.82, ndcg: 0.47, took: 1.47s
Epoch 1, 77.6%	 loss: 7.047 acc@1: 0.47 mrr: 1.38, ndcg: 1.17, took: 1.39s
Epoch 1, 86.2%	 loss: 7.052 acc@1: 0.47 mrr: 1.42, ndcg: 1.18, took: 1.45s
Epoch 1, 94.8%	 loss: 7.037 acc@1: 0.31 mrr: 1.35, ndcg: 1.19, took: 1.37s
Validation - loss: 7.0017, acc@1: 2.01%, f1: 2.11%, mrr: 3.88%, ndcg: 3.96%
Current learning rate: 0.000250

=== Epoch 2 ===
Epoch 2, 8.6%	 loss: 6.992 acc@1: 1.09 mrr: 2.99, ndcg: 2.93, took: 0.87s
Epoch 2, 17.2%	 loss: 6.999 acc@1: 1.41 mrr: 3.00, ndcg: 2.96, took: 0.93s
Epoch 2, 25.9%	 loss: 6.966 acc@1: 1.56 mrr: 4.05, ndcg: 4.54, took: 1.15s
Epoch 2, 34.5%	 loss: 6.957 acc@1: 3.28 mrr: 5.55, ndcg: 6.03, took: 1.22s
Epoch 2, 43.1%	 loss: 6.926 acc@1: 6.41 mrr: 9.17, ndcg: 9.71, took: 1.29s
Epoch 2, 51.7%	 loss: 6.881 acc@1: 7.50 mrr: 10.29, ndcg: 10.83, took: 1.47s
Epoch 2, 60.3%	 loss: 6.817 acc@1: 10.62 mrr: 14.17, ndcg: 14.85, took: 1.49s
Epoch 2, 69.0%	 loss: 6.758 acc@1: 12.19 mrr: 16.37, ndcg: 17.57, took: 1.55s
Epoch 2, 77.6%	 loss: 6.725 acc@1: 12.19 mrr: 17.14, ndcg: 18.20, took: 1.47s
Epoch 2, 86.2%	 loss: 6.595 acc@1: 14.06 mrr: 20.47, ndcg: 22.43, took: 1.47s
Epoch 2, 94.8%	 loss: 6.482 acc@1: 15.31 mrr: 23.17, ndcg: 25.76, took: 1.41s
Validation - loss: 6.2597, acc@1: 23.49%, f1: 12.42%, mrr: 31.13%, ndcg: 34.28%
Current learning rate: 0.000500

=== Epoch 3 ===
Epoch 3, 8.6%	 loss: 6.367 acc@1: 12.97 mrr: 22.95, ndcg: 26.38, took: 1.02s
Epoch 3, 17.2%	 loss: 6.099 acc@1: 19.22 mrr: 28.90, ndcg: 32.34, took: 1.00s
Epoch 3, 25.9%	 loss: 6.080 acc@1: 16.88 mrr: 26.85, ndcg: 30.42, took: 1.08s
Epoch 3, 34.5%	 loss: 6.025 acc@1: 17.66 mrr: 27.27, ndcg: 30.87, took: 1.25s
Epoch 3, 43.1%	 loss: 5.885 acc@1: 19.84 mrr: 29.10, ndcg: 32.86, took: 1.24s
Epoch 3, 51.7%	 loss: 5.725 acc@1: 23.75 mrr: 32.71, ndcg: 36.53, took: 1.22s
Epoch 3, 60.3%	 loss: 5.553 acc@1: 22.50 mrr: 33.19, ndcg: 37.71, took: 1.22s
Epoch 3, 69.0%	 loss: 5.632 acc@1: 19.06 mrr: 29.88, ndcg: 34.35, took: 1.27s
Epoch 3, 77.6%	 loss: 5.470 acc@1: 19.53 mrr: 30.75, ndcg: 36.06, took: 1.30s
Epoch 3, 86.2%	 loss: 5.448 acc@1: 21.41 mrr: 31.64, ndcg: 35.85, took: 1.52s
Epoch 3, 94.8%	 loss: 5.441 acc@1: 19.06 mrr: 29.82, ndcg: 34.43, took: 1.58s
Validation - loss: 5.1667, acc@1: 18.75%, f1: 11.63%, mrr: 32.34%, ndcg: 38.00%
Current learning rate: 0.000490

=== Epoch 4 ===
Epoch 4, 8.6%	 loss: 5.241 acc@1: 20.16 mrr: 31.66, ndcg: 36.64, took: 1.01s
Epoch 4, 17.2%	 loss: 5.238 acc@1: 20.16 mrr: 31.36, ndcg: 35.86, took: 1.11s
Epoch 4, 25.9%	 loss: 5.029 acc@1: 23.28 mrr: 34.86, ndcg: 39.54, took: 1.05s
Epoch 4, 34.5%	 loss: 5.073 acc@1: 20.16 mrr: 32.32, ndcg: 37.68, took: 1.06s
Epoch 4, 43.1%	 loss: 4.808 acc@1: 22.66 mrr: 34.70, ndcg: 39.94, took: 1.44s
Epoch 4, 51.7%	 loss: 4.899 acc@1: 21.88 mrr: 34.22, ndcg: 39.84, took: 1.46s
Epoch 4, 60.3%	 loss: 4.858 acc@1: 25.62 mrr: 37.06, ndcg: 41.54, took: 1.43s
Epoch 4, 69.0%	 loss: 4.838 acc@1: 21.25 mrr: 33.87, ndcg: 39.06, took: 1.34s
Epoch 4, 77.6%	 loss: 4.684 acc@1: 25.94 mrr: 36.66, ndcg: 41.20, took: 1.24s
Epoch 4, 86.2%	 loss: 4.791 acc@1: 20.94 mrr: 33.28, ndcg: 38.57, took: 1.21s
Epoch 4, 94.8%	 loss: 4.604 acc@1: 23.28 mrr: 36.32, ndcg: 41.40, took: 1.26s
Validation - loss: 4.8142, acc@1: 21.96%, f1: 12.66%, mrr: 35.36%, ndcg: 40.91%
Current learning rate: 0.000479

=== Epoch 5 ===
Epoch 5, 8.6%	 loss: 4.598 acc@1: 25.47 mrr: 37.00, ndcg: 41.74, took: 1.30s
Epoch 5, 17.2%	 loss: 4.633 acc@1: 24.06 mrr: 35.57, ndcg: 40.29, took: 1.17s
Epoch 5, 25.9%	 loss: 4.431 acc@1: 24.53 mrr: 37.65, ndcg: 42.58, took: 1.09s
Epoch 5, 34.5%	 loss: 4.198 acc@1: 27.03 mrr: 40.61, ndcg: 45.72, took: 1.08s
Epoch 5, 43.1%	 loss: 4.319 acc@1: 26.09 mrr: 38.56, ndcg: 43.92, took: 1.30s
Epoch 5, 51.7%	 loss: 4.344 acc@1: 26.56 mrr: 38.33, ndcg: 42.88, took: 1.39s
Epoch 5, 60.3%	 loss: 4.282 acc@1: 28.12 mrr: 40.29, ndcg: 45.16, took: 1.42s
Epoch 5, 69.0%	 loss: 4.280 acc@1: 25.78 mrr: 38.15, ndcg: 43.21, took: 1.51s
Epoch 5, 77.6%	 loss: 4.111 acc@1: 28.91 mrr: 41.70, ndcg: 46.91, took: 1.56s
Epoch 5, 86.2%	 loss: 3.958 acc@1: 30.47 mrr: 43.09, ndcg: 48.18, took: 1.35s
Epoch 5, 94.8%	 loss: 4.243 acc@1: 27.81 mrr: 40.19, ndcg: 44.57, took: 1.42s
Validation - loss: 4.6472, acc@1: 24.27%, f1: 14.36%, mrr: 38.02%, ndcg: 43.13%
Current learning rate: 0.000469

=== Epoch 6 ===
Epoch 6, 8.6%	 loss: 4.122 acc@1: 27.50 mrr: 40.38, ndcg: 45.49, took: 1.18s
Epoch 6, 17.2%	 loss: 3.873 acc@1: 31.41 mrr: 44.21, ndcg: 49.13, took: 1.18s
Epoch 6, 25.9%	 loss: 3.754 acc@1: 32.03 mrr: 45.05, ndcg: 49.97, took: 1.16s
Epoch 6, 34.5%	 loss: 4.184 acc@1: 28.44 mrr: 39.53, ndcg: 43.67, took: 1.08s
Epoch 6, 43.1%	 loss: 3.966 acc@1: 28.28 mrr: 41.38, ndcg: 46.16, took: 1.06s
Epoch 6, 51.7%	 loss: 3.779 acc@1: 31.56 mrr: 44.61, ndcg: 49.57, took: 1.36s
Epoch 6, 60.3%	 loss: 3.866 acc@1: 29.69 mrr: 43.42, ndcg: 48.27, took: 1.39s
Epoch 6, 69.0%	 loss: 3.995 acc@1: 28.59 mrr: 41.91, ndcg: 46.69, took: 1.47s
Epoch 6, 77.6%	 loss: 3.963 acc@1: 29.53 mrr: 42.33, ndcg: 47.19, took: 1.38s
Epoch 6, 86.2%	 loss: 3.887 acc@1: 33.12 mrr: 44.70, ndcg: 48.87, took: 1.59s
Epoch 6, 94.8%	 loss: 3.997 acc@1: 28.44 mrr: 41.98, ndcg: 46.33, took: 1.59s
Validation - loss: 4.5629, acc@1: 26.27%, f1: 16.31%, mrr: 40.05%, ndcg: 44.88%
Current learning rate: 0.000458

=== Epoch 7 ===
Epoch 7, 8.6%	 loss: 3.843 acc@1: 31.09 mrr: 43.24, ndcg: 47.58, took: 1.17s
Epoch 7, 17.2%	 loss: 3.702 acc@1: 32.81 mrr: 46.31, ndcg: 50.94, took: 1.09s
Epoch 7, 25.9%	 loss: 3.788 acc@1: 32.81 mrr: 45.08, ndcg: 49.13, took: 1.07s
Epoch 7, 34.5%	 loss: 3.788 acc@1: 32.19 mrr: 44.39, ndcg: 48.36, took: 1.06s
Epoch 7, 43.1%	 loss: 3.523 acc@1: 33.59 mrr: 47.27, ndcg: 52.18, took: 1.04s
Epoch 7, 51.7%	 loss: 3.875 acc@1: 30.31 mrr: 43.36, ndcg: 47.92, took: 1.10s
Epoch 7, 60.3%	 loss: 3.718 acc@1: 33.91 mrr: 46.13, ndcg: 50.36, took: 1.39s
Epoch 7, 69.0%	 loss: 3.717 acc@1: 35.31 mrr: 47.18, ndcg: 50.92, took: 1.39s
Epoch 7, 77.6%	 loss: 3.523 acc@1: 31.56 mrr: 46.32, ndcg: 51.75, took: 1.46s
Epoch 7, 86.2%	 loss: 3.678 acc@1: 32.50 mrr: 45.65, ndcg: 50.04, took: 1.57s
Epoch 7, 94.8%	 loss: 3.660 acc@1: 33.12 mrr: 46.47, ndcg: 50.93, took: 1.61s
Validation - loss: 4.5340, acc@1: 29.00%, f1: 19.51%, mrr: 41.81%, ndcg: 46.49%
Current learning rate: 0.000448

=== Epoch 8 ===
Epoch 8, 8.6%	 loss: 3.682 acc@1: 30.94 mrr: 44.64, ndcg: 49.22, took: 1.43s
Epoch 8, 17.2%	 loss: 3.606 acc@1: 35.47 mrr: 47.60, ndcg: 51.67, took: 1.40s
Epoch 8, 25.9%	 loss: 3.654 acc@1: 32.34 mrr: 45.50, ndcg: 49.60, took: 1.16s
Epoch 8, 34.5%	 loss: 3.443 acc@1: 35.78 mrr: 49.08, ndcg: 53.50, took: 1.05s
Epoch 8, 43.1%	 loss: 3.311 acc@1: 36.88 mrr: 50.30, ndcg: 55.02, took: 0.98s
Epoch 8, 51.7%	 loss: 3.303 acc@1: 37.34 mrr: 50.76, ndcg: 55.59, took: 0.98s
Epoch 8, 60.3%	 loss: 3.547 acc@1: 33.28 mrr: 47.01, ndcg: 51.58, took: 1.12s
Epoch 8, 69.0%	 loss: 3.600 acc@1: 34.53 mrr: 46.91, ndcg: 51.36, took: 1.23s
Epoch 8, 77.6%	 loss: 3.608 acc@1: 33.75 mrr: 46.47, ndcg: 50.18, took: 1.24s
Epoch 8, 86.2%	 loss: 3.444 acc@1: 35.00 mrr: 48.51, ndcg: 52.82, took: 1.48s
Epoch 8, 94.8%	 loss: 3.449 acc@1: 34.53 mrr: 47.70, ndcg: 52.38, took: 1.53s
Validation - loss: 4.5121, acc@1: 31.79%, f1: 22.84%, mrr: 43.65%, ndcg: 48.24%
Current learning rate: 0.000438

=== Epoch 9 ===
Epoch 9, 8.6%	 loss: 3.546 acc@1: 34.06 mrr: 46.72, ndcg: 51.01, took: 1.45s
Epoch 9, 17.2%	 loss: 3.393 acc@1: 35.31 mrr: 48.85, ndcg: 53.31, took: 1.43s
Epoch 9, 25.9%	 loss: 3.336 acc@1: 37.03 mrr: 50.02, ndcg: 54.40, took: 1.47s
Epoch 9, 34.5%	 loss: 3.385 acc@1: 36.56 mrr: 49.23, ndcg: 53.42, took: 1.31s
Epoch 9, 43.1%	 loss: 3.447 acc@1: 37.81 mrr: 49.74, ndcg: 53.62, took: 1.20s
Epoch 9, 51.7%	 loss: 3.337 acc@1: 36.56 mrr: 49.76, ndcg: 54.30, took: 1.12s
Epoch 9, 60.3%	 loss: 3.405 acc@1: 37.81 mrr: 49.93, ndcg: 53.81, took: 1.03s
Epoch 9, 69.0%	 loss: 3.314 acc@1: 38.75 mrr: 51.23, ndcg: 55.32, took: 1.06s
Epoch 9, 77.6%	 loss: 3.430 acc@1: 35.78 mrr: 48.68, ndcg: 52.82, took: 1.18s
Epoch 9, 86.2%	 loss: 3.357 acc@1: 37.66 mrr: 50.09, ndcg: 54.48, took: 1.16s
Epoch 9, 94.8%	 loss: 3.297 acc@1: 37.19 mrr: 50.24, ndcg: 54.69, took: 1.20s
Validation - loss: 4.5034, acc@1: 34.22%, f1: 23.95%, mrr: 45.41%, ndcg: 49.73%
Current learning rate: 0.000427

=== Epoch 10 ===
Epoch 10, 8.6%	 loss: 3.321 acc@1: 36.25 mrr: 49.89, ndcg: 53.95, took: 1.55s
Epoch 10, 17.2%	 loss: 3.162 acc@1: 41.56 mrr: 53.45, ndcg: 57.40, took: 1.52s
Epoch 10, 25.9%	 loss: 3.179 acc@1: 41.25 mrr: 53.48, ndcg: 57.36, took: 1.53s
Epoch 10, 34.5%	 loss: 3.315 acc@1: 36.09 mrr: 49.53, ndcg: 53.85, took: 1.44s
Epoch 10, 43.1%	 loss: 3.409 acc@1: 36.56 mrr: 48.59, ndcg: 52.55, took: 1.29s
Epoch 10, 51.7%	 loss: 3.451 acc@1: 35.16 mrr: 48.43, ndcg: 52.81, took: 1.29s
Epoch 10, 60.3%	 loss: 3.284 acc@1: 36.09 mrr: 50.02, ndcg: 54.50, took: 1.15s
Epoch 10, 69.0%	 loss: 3.283 acc@1: 39.06 mrr: 51.22, ndcg: 54.97, took: 1.13s
Epoch 10, 77.6%	 loss: 3.141 acc@1: 40.31 mrr: 52.67, ndcg: 57.10, took: 1.18s
Epoch 10, 86.2%	 loss: 3.218 acc@1: 38.75 mrr: 52.09, ndcg: 56.43, took: 1.15s
Epoch 10, 94.8%	 loss: 3.217 acc@1: 39.53 mrr: 51.61, ndcg: 55.68, took: 1.10s
Validation - loss: 4.4449, acc@1: 37.31%, f1: 25.92%, mrr: 47.96%, ndcg: 51.80%
Current learning rate: 0.000417

=== Epoch 11 ===
Epoch 11, 8.6%	 loss: 3.075 acc@1: 39.69 mrr: 53.48, ndcg: 57.42, took: 1.48s
Epoch 11, 17.2%	 loss: 3.095 acc@1: 41.72 mrr: 53.98, ndcg: 58.32, took: 1.50s
Epoch 11, 25.9%	 loss: 3.024 acc@1: 40.47 mrr: 53.68, ndcg: 58.21, took: 1.43s
Epoch 11, 34.5%	 loss: 3.136 acc@1: 40.94 mrr: 53.20, ndcg: 56.93, took: 1.51s
Epoch 11, 43.1%	 loss: 3.274 acc@1: 38.28 mrr: 50.84, ndcg: 54.88, took: 1.31s
Epoch 11, 51.7%	 loss: 3.119 acc@1: 40.62 mrr: 53.31, ndcg: 57.42, took: 1.32s
Epoch 11, 60.3%	 loss: 3.301 acc@1: 37.81 mrr: 50.16, ndcg: 54.21, took: 1.31s
Epoch 11, 69.0%	 loss: 3.217 acc@1: 39.53 mrr: 51.24, ndcg: 55.19, took: 1.28s
Epoch 11, 77.6%	 loss: 3.189 acc@1: 39.22 mrr: 51.94, ndcg: 55.99, took: 1.32s
Epoch 11, 86.2%	 loss: 3.007 acc@1: 39.69 mrr: 53.27, ndcg: 57.65, took: 1.28s
Epoch 11, 94.8%	 loss: 3.195 acc@1: 38.28 mrr: 51.16, ndcg: 55.38, took: 1.23s
Validation - loss: 4.4201, acc@1: 37.73%, f1: 26.53%, mrr: 48.49%, ndcg: 52.25%
Current learning rate: 0.000406

=== Epoch 12 ===
Epoch 12, 8.6%	 loss: 3.098 acc@1: 39.84 mrr: 52.72, ndcg: 56.96, took: 1.25s
Epoch 12, 17.2%	 loss: 3.006 acc@1: 42.81 mrr: 54.79, ndcg: 58.62, took: 1.29s
Epoch 12, 25.9%	 loss: 3.126 acc@1: 38.12 mrr: 51.20, ndcg: 55.67, took: 1.41s
Epoch 12, 34.5%	 loss: 3.146 acc@1: 42.34 mrr: 53.26, ndcg: 56.78, took: 1.51s
Epoch 12, 43.1%	 loss: 3.025 acc@1: 42.19 mrr: 54.35, ndcg: 58.21, took: 1.46s
Epoch 12, 51.7%	 loss: 3.209 acc@1: 41.25 mrr: 52.30, ndcg: 56.16, took: 1.27s
Epoch 12, 60.3%	 loss: 2.950 acc@1: 42.66 mrr: 55.06, ndcg: 59.12, took: 1.16s
Epoch 12, 69.0%	 loss: 3.022 acc@1: 41.41 mrr: 54.11, ndcg: 58.15, took: 1.39s
Epoch 12, 77.6%	 loss: 3.111 acc@1: 38.28 mrr: 52.17, ndcg: 56.78, took: 1.34s
Epoch 12, 86.2%	 loss: 3.067 acc@1: 39.84 mrr: 52.45, ndcg: 56.82, took: 1.27s
Epoch 12, 94.8%	 loss: 3.014 acc@1: 41.56 mrr: 54.11, ndcg: 58.37, took: 1.35s
Validation - loss: 4.4568, acc@1: 38.18%, f1: 27.66%, mrr: 48.82%, ndcg: 52.56%
Current learning rate: 0.000396

=== Epoch 13 ===
Epoch 13, 8.6%	 loss: 3.002 acc@1: 42.19 mrr: 54.33, ndcg: 58.42, took: 1.39s
Epoch 13, 17.2%	 loss: 3.094 acc@1: 39.53 mrr: 52.03, ndcg: 55.94, took: 1.27s
Epoch 13, 25.9%	 loss: 3.113 acc@1: 40.16 mrr: 52.55, ndcg: 56.83, took: 1.28s
Epoch 13, 34.5%	 loss: 2.881 acc@1: 41.88 mrr: 54.77, ndcg: 58.97, took: 1.33s
Epoch 13, 43.1%	 loss: 3.029 acc@1: 41.56 mrr: 53.97, ndcg: 57.94, took: 1.26s
Epoch 13, 51.7%	 loss: 2.872 acc@1: 44.22 mrr: 56.48, ndcg: 60.38, took: 1.14s
Epoch 13, 60.3%	 loss: 3.103 acc@1: 40.31 mrr: 52.51, ndcg: 56.65, took: 1.23s
Epoch 13, 69.0%	 loss: 3.054 acc@1: 40.62 mrr: 53.03, ndcg: 57.18, took: 1.28s
Epoch 13, 77.6%	 loss: 2.683 acc@1: 45.00 mrr: 58.43, ndcg: 62.81, took: 1.29s
Epoch 13, 86.2%	 loss: 2.967 acc@1: 41.25 mrr: 54.27, ndcg: 58.48, took: 1.39s
Epoch 13, 94.8%	 loss: 3.045 acc@1: 41.72 mrr: 53.86, ndcg: 57.95, took: 1.29s
Validation - loss: 4.4318, acc@1: 38.15%, f1: 27.11%, mrr: 48.91%, ndcg: 52.81%
Current learning rate: 0.000385

=== Epoch 14 ===
Epoch 14, 8.6%	 loss: 2.854 acc@1: 43.28 mrr: 55.70, ndcg: 59.95, took: 1.46s
Epoch 14, 17.2%	 loss: 2.867 acc@1: 44.84 mrr: 56.62, ndcg: 60.58, took: 1.40s
Epoch 14, 25.9%	 loss: 2.937 acc@1: 41.88 mrr: 54.70, ndcg: 58.90, took: 1.40s
Epoch 14, 34.5%	 loss: 2.976 acc@1: 39.53 mrr: 52.89, ndcg: 57.08, took: 1.42s
Epoch 14, 43.1%	 loss: 2.844 acc@1: 41.72 mrr: 54.87, ndcg: 59.44, took: 1.36s
Epoch 14, 51.7%	 loss: 2.872 acc@1: 41.88 mrr: 54.62, ndcg: 58.63, took: 1.23s
Epoch 14, 60.3%	 loss: 2.985 acc@1: 41.25 mrr: 53.88, ndcg: 57.88, took: 1.08s
Epoch 14, 69.0%	 loss: 2.669 acc@1: 46.72 mrr: 58.57, ndcg: 62.90, took: 1.09s
Epoch 14, 77.6%	 loss: 2.912 acc@1: 42.19 mrr: 54.79, ndcg: 58.94, took: 1.09s
Epoch 14, 86.2%	 loss: 2.863 acc@1: 43.75 mrr: 56.14, ndcg: 60.13, took: 1.21s
Epoch 14, 94.8%	 loss: 3.023 acc@1: 41.88 mrr: 53.72, ndcg: 57.58, took: 1.27s
Validation - loss: 4.4086, acc@1: 40.46%, f1: 30.12%, mrr: 50.25%, ndcg: 53.72%
Current learning rate: 0.000375

=== Epoch 15 ===
Epoch 15, 8.6%	 loss: 2.708 acc@1: 45.00 mrr: 57.96, ndcg: 62.40, took: 1.51s
Epoch 15, 17.2%	 loss: 2.770 acc@1: 45.78 mrr: 57.13, ndcg: 61.31, took: 1.53s
Epoch 15, 25.9%	 loss: 2.998 acc@1: 41.25 mrr: 53.63, ndcg: 57.67, took: 1.53s
Epoch 15, 34.5%	 loss: 2.748 acc@1: 43.91 mrr: 57.18, ndcg: 61.44, took: 1.57s
Epoch 15, 43.1%	 loss: 2.832 acc@1: 42.19 mrr: 55.35, ndcg: 59.99, took: 1.43s
Epoch 15, 51.7%	 loss: 2.727 acc@1: 45.47 mrr: 57.62, ndcg: 61.60, took: 1.21s
Epoch 15, 60.3%	 loss: 2.728 acc@1: 44.38 mrr: 57.05, ndcg: 61.15, took: 1.32s
Epoch 15, 69.0%	 loss: 2.915 acc@1: 41.88 mrr: 54.58, ndcg: 59.04, took: 1.17s
Epoch 15, 77.6%	 loss: 2.933 acc@1: 41.41 mrr: 53.89, ndcg: 58.07, took: 1.12s
Epoch 15, 86.2%	 loss: 2.818 acc@1: 45.62 mrr: 56.95, ndcg: 60.85, took: 1.17s
Epoch 15, 94.8%	 loss: 2.801 acc@1: 43.44 mrr: 56.38, ndcg: 60.55, took: 1.18s
Validation - loss: 4.4185, acc@1: 40.13%, f1: 30.03%, mrr: 50.14%, ndcg: 53.66%
Current learning rate: 0.000365

=== Epoch 16 ===
Epoch 16, 8.6%	 loss: 2.817 acc@1: 42.97 mrr: 55.89, ndcg: 60.44, took: 1.33s
Epoch 16, 17.2%	 loss: 2.833 acc@1: 40.62 mrr: 54.02, ndcg: 58.77, took: 1.56s
Epoch 16, 25.9%	 loss: 2.720 acc@1: 46.25 mrr: 57.98, ndcg: 61.86, took: 1.57s
Epoch 16, 34.5%	 loss: 2.575 acc@1: 49.69 mrr: 61.03, ndcg: 64.67, took: 1.58s
Epoch 16, 43.1%	 loss: 2.738 acc@1: 45.47 mrr: 57.47, ndcg: 61.55, took: 1.47s
Epoch 16, 51.7%	 loss: 2.874 acc@1: 41.88 mrr: 54.69, ndcg: 59.02, took: 1.44s
Epoch 16, 60.3%	 loss: 2.697 acc@1: 46.72 mrr: 58.41, ndcg: 62.46, took: 1.49s
Epoch 16, 69.0%	 loss: 2.595 acc@1: 46.88 mrr: 59.24, ndcg: 63.44, took: 1.24s
Epoch 16, 77.6%	 loss: 2.744 acc@1: 45.00 mrr: 57.14, ndcg: 61.14, took: 1.21s
Epoch 16, 86.2%	 loss: 2.777 acc@1: 43.44 mrr: 56.29, ndcg: 60.92, took: 1.31s
Epoch 16, 94.8%	 loss: 2.783 acc@1: 43.28 mrr: 56.38, ndcg: 60.94, took: 1.26s
Validation - loss: 4.4273, acc@1: 40.25%, f1: 30.82%, mrr: 50.19%, ndcg: 53.74%
Current learning rate: 0.000354

=== Epoch 17 ===
Epoch 17, 8.6%	 loss: 2.787 acc@1: 41.41 mrr: 54.80, ndcg: 59.62, took: 1.13s
Epoch 17, 17.2%	 loss: 2.966 acc@1: 40.31 mrr: 52.70, ndcg: 56.93, took: 1.53s
Epoch 17, 25.9%	 loss: 2.653 acc@1: 46.09 mrr: 58.92, ndcg: 63.25, took: 1.52s
Epoch 17, 34.5%	 loss: 2.574 acc@1: 48.91 mrr: 60.13, ndcg: 64.11, took: 1.59s
Epoch 17, 43.1%	 loss: 2.684 acc@1: 47.19 mrr: 58.81, ndcg: 63.03, took: 1.59s
Epoch 17, 51.7%	 loss: 2.606 acc@1: 43.44 mrr: 57.81, ndcg: 62.67, took: 1.54s
Epoch 17, 60.3%	 loss: 2.681 acc@1: 44.38 mrr: 57.11, ndcg: 61.39, took: 1.50s
Epoch 17, 69.0%	 loss: 2.673 acc@1: 45.16 mrr: 57.85, ndcg: 62.16, took: 1.38s
Epoch 17, 77.6%	 loss: 2.676 acc@1: 45.78 mrr: 57.97, ndcg: 62.35, took: 1.34s
Epoch 17, 86.2%	 loss: 2.730 acc@1: 45.94 mrr: 57.61, ndcg: 61.38, took: 1.41s
Epoch 17, 94.8%	 loss: 2.656 acc@1: 44.06 mrr: 57.76, ndcg: 62.48, took: 1.41s
Validation - loss: 4.4184, acc@1: 40.34%, f1: 31.30%, mrr: 50.33%, ndcg: 53.91%
Current learning rate: 0.000344

=== Epoch 18 ===
Epoch 18, 8.6%	 loss: 2.493 acc@1: 49.06 mrr: 60.50, ndcg: 64.51, took: 1.10s
Epoch 18, 17.2%	 loss: 2.625 acc@1: 47.50 mrr: 59.35, ndcg: 63.67, took: 1.16s
Epoch 18, 25.9%	 loss: 2.794 acc@1: 44.69 mrr: 56.26, ndcg: 60.37, took: 1.25s
Epoch 18, 34.5%	 loss: 2.530 acc@1: 47.19 mrr: 59.75, ndcg: 64.08, took: 1.36s
Epoch 18, 43.1%	 loss: 2.737 acc@1: 45.94 mrr: 58.03, ndcg: 62.11, took: 1.43s
Epoch 18, 51.7%	 loss: 2.538 acc@1: 47.19 mrr: 59.98, ndcg: 64.27, took: 1.54s
Epoch 18, 60.3%	 loss: 2.667 acc@1: 46.09 mrr: 58.25, ndcg: 62.24, took: 1.53s
Epoch 18, 69.0%	 loss: 2.568 acc@1: 44.38 mrr: 57.88, ndcg: 62.77, took: 1.45s
Epoch 18, 77.6%	 loss: 2.714 acc@1: 42.81 mrr: 56.62, ndcg: 61.41, took: 1.41s
Epoch 18, 86.2%	 loss: 2.739 acc@1: 45.78 mrr: 56.64, ndcg: 60.68, took: 1.39s
Epoch 18, 94.8%	 loss: 2.483 acc@1: 47.34 mrr: 60.47, ndcg: 64.77, took: 1.39s
Validation - loss: 4.4527, acc@1: 40.76%, f1: 31.47%, mrr: 50.58%, ndcg: 54.14%
Current learning rate: 0.000333

=== Epoch 19 ===
Epoch 19, 8.6%	 loss: 2.576 acc@1: 47.50 mrr: 59.47, ndcg: 63.58, took: 1.13s
Epoch 19, 17.2%	 loss: 2.611 acc@1: 43.91 mrr: 57.33, ndcg: 62.15, took: 1.19s
Epoch 19, 25.9%	 loss: 2.584 acc@1: 43.91 mrr: 57.70, ndcg: 62.86, took: 1.22s
Epoch 19, 34.5%	 loss: 2.535 acc@1: 46.56 mrr: 59.67, ndcg: 63.97, took: 1.24s
Epoch 19, 43.1%	 loss: 2.365 acc@1: 49.38 mrr: 62.21, ndcg: 66.66, took: 1.27s
Epoch 19, 51.7%	 loss: 2.723 acc@1: 42.34 mrr: 55.32, ndcg: 59.98, took: 1.29s
Epoch 19, 60.3%	 loss: 2.582 acc@1: 47.66 mrr: 59.32, ndcg: 63.43, took: 1.27s
Epoch 19, 69.0%	 loss: 2.593 acc@1: 48.59 mrr: 60.02, ndcg: 63.88, took: 1.39s
Epoch 19, 77.6%	 loss: 2.461 acc@1: 49.69 mrr: 61.43, ndcg: 65.56, took: 1.54s
Epoch 19, 86.2%	 loss: 2.603 acc@1: 45.16 mrr: 58.50, ndcg: 63.27, took: 1.46s
Epoch 19, 94.8%	 loss: 2.641 acc@1: 45.78 mrr: 58.56, ndcg: 63.37, took: 1.43s
Validation - loss: 4.4159, acc@1: 40.37%, f1: 31.91%, mrr: 50.44%, ndcg: 54.02%
Current learning rate: 0.000032

=== Epoch 20 ===
Epoch 20, 8.6%	 loss: 2.741 acc@1: 44.53 mrr: 57.45, ndcg: 62.05, took: 1.23s
Epoch 20, 17.2%	 loss: 2.882 acc@1: 44.84 mrr: 55.90, ndcg: 59.54, took: 1.27s
Epoch 20, 25.9%	 loss: 2.870 acc@1: 43.59 mrr: 55.91, ndcg: 59.95, took: 1.31s
Epoch 20, 34.5%	 loss: 3.046 acc@1: 38.28 mrr: 51.73, ndcg: 56.66, took: 1.40s
Epoch 20, 43.1%	 loss: 2.845 acc@1: 42.34 mrr: 55.30, ndcg: 59.80, took: 1.47s
Epoch 20, 51.7%	 loss: 2.720 acc@1: 43.91 mrr: 56.82, ndcg: 61.37, took: 1.29s
Epoch 20, 60.3%	 loss: 2.729 acc@1: 45.00 mrr: 57.29, ndcg: 61.41, took: 1.27s
Epoch 20, 69.0%	 loss: 2.766 acc@1: 44.69 mrr: 57.46, ndcg: 61.60, took: 1.26s
Epoch 20, 77.6%	 loss: 2.744 acc@1: 45.94 mrr: 57.71, ndcg: 61.50, took: 1.28s
Epoch 20, 86.2%	 loss: 2.721 acc@1: 46.25 mrr: 57.89, ndcg: 61.89, took: 1.18s
Epoch 20, 94.8%	 loss: 2.866 acc@1: 43.75 mrr: 55.95, ndcg: 59.65, took: 1.34s
Validation - loss: 4.4056, acc@1: 40.25%, f1: 29.90%, mrr: 50.18%, ndcg: 53.71%
Current learning rate: 0.000032

=== Epoch 21 ===
Epoch 21, 8.6%	 loss: 2.914 acc@1: 41.88 mrr: 54.52, ndcg: 58.44, took: 1.33s
Epoch 21, 17.2%	 loss: 2.888 acc@1: 42.34 mrr: 55.00, ndcg: 59.15, took: 1.32s
Epoch 21, 25.9%	 loss: 2.765 acc@1: 41.56 mrr: 55.71, ndcg: 60.53, took: 1.33s
Epoch 21, 34.5%	 loss: 2.891 acc@1: 44.53 mrr: 55.82, ndcg: 59.56, took: 1.37s
Epoch 21, 43.1%	 loss: 2.615 acc@1: 46.88 mrr: 59.48, ndcg: 63.54, took: 1.58s
Epoch 21, 51.7%	 loss: 2.835 acc@1: 44.06 mrr: 56.16, ndcg: 60.28, took: 1.41s
Epoch 21, 60.3%	 loss: 2.935 acc@1: 44.53 mrr: 55.19, ndcg: 59.15, took: 1.35s
Epoch 21, 69.0%	 loss: 2.786 acc@1: 43.75 mrr: 56.34, ndcg: 60.51, took: 1.41s
Epoch 21, 77.6%	 loss: 2.692 acc@1: 45.16 mrr: 58.16, ndcg: 62.64, took: 1.24s
Epoch 21, 86.2%	 loss: 2.691 acc@1: 43.91 mrr: 57.41, ndcg: 61.88, took: 1.19s
Epoch 21, 94.8%	 loss: 2.686 acc@1: 44.69 mrr: 57.28, ndcg: 61.52, took: 1.02s
Validation - loss: 4.4244, acc@1: 40.01%, f1: 29.96%, mrr: 50.01%, ndcg: 53.53%
Current learning rate: 0.000032

=== Epoch 22 ===
Epoch 22, 8.6%	 loss: 2.889 acc@1: 42.03 mrr: 55.00, ndcg: 59.63, took: 1.17s
Epoch 22, 17.2%	 loss: 2.829 acc@1: 44.06 mrr: 56.34, ndcg: 60.47, took: 1.02s
Epoch 22, 25.9%	 loss: 2.787 acc@1: 41.88 mrr: 55.76, ndcg: 60.23, took: 1.08s
Epoch 22, 34.5%	 loss: 3.032 acc@1: 41.09 mrr: 52.85, ndcg: 57.39, took: 1.13s
Epoch 22, 43.1%	 loss: 2.773 acc@1: 40.78 mrr: 55.19, ndcg: 59.69, took: 1.13s
Epoch 22, 51.7%	 loss: 2.808 acc@1: 42.50 mrr: 56.00, ndcg: 60.42, took: 1.00s
Epoch 22, 60.3%	 loss: 2.742 acc@1: 43.91 mrr: 56.80, ndcg: 61.16, took: 0.93s
Epoch 22, 69.0%	 loss: 2.756 acc@1: 44.38 mrr: 56.35, ndcg: 60.14, took: 1.01s
Epoch 22, 77.6%	 loss: 2.636 acc@1: 47.03 mrr: 59.25, ndcg: 63.30, took: 0.89s
Epoch 22, 86.2%	 loss: 2.806 acc@1: 46.25 mrr: 57.43, ndcg: 60.69, took: 0.94s
Epoch 22, 94.8%	 loss: 2.613 acc@1: 46.88 mrr: 59.20, ndcg: 63.09, took: 1.04s
Validation - loss: 4.4024, acc@1: 40.76%, f1: 30.63%, mrr: 50.47%, ndcg: 53.93%
Current learning rate: 0.000032

=== Epoch 23 ===
Epoch 23, 8.6%	 loss: 2.746 acc@1: 44.69 mrr: 56.91, ndcg: 61.55, took: 1.15s
Epoch 23, 17.2%	 loss: 2.881 acc@1: 42.66 mrr: 54.97, ndcg: 59.13, took: 1.07s
Epoch 23, 25.9%	 loss: 2.789 acc@1: 45.62 mrr: 57.16, ndcg: 61.11, took: 1.06s
Epoch 23, 34.5%	 loss: 2.872 acc@1: 44.06 mrr: 55.80, ndcg: 59.84, took: 1.05s
Epoch 23, 43.1%	 loss: 2.695 acc@1: 44.06 mrr: 57.38, ndcg: 62.01, took: 1.01s
Epoch 23, 51.7%	 loss: 2.597 acc@1: 45.62 mrr: 58.93, ndcg: 63.56, took: 1.11s
Epoch 23, 60.3%	 loss: 2.679 acc@1: 45.47 mrr: 58.27, ndcg: 62.46, took: 1.38s
Epoch 23, 69.0%	 loss: 2.867 acc@1: 42.34 mrr: 54.97, ndcg: 59.01, took: 1.41s
Epoch 23, 77.6%	 loss: 2.712 acc@1: 45.62 mrr: 57.67, ndcg: 61.93, took: 1.48s
Epoch 23, 86.2%	 loss: 2.804 acc@1: 42.81 mrr: 55.52, ndcg: 59.84, took: 1.32s
Epoch 23, 94.8%	 loss: 2.946 acc@1: 42.66 mrr: 54.66, ndcg: 59.02, took: 1.52s
Validation - loss: 4.4053, acc@1: 40.67%, f1: 30.74%, mrr: 50.39%, ndcg: 53.81%
Current learning rate: 0.000032

=== Epoch 24 ===
Epoch 24, 8.6%	 loss: 2.796 acc@1: 42.81 mrr: 55.90, ndcg: 60.18, took: 1.28s
Epoch 24, 17.2%	 loss: 2.726 acc@1: 45.94 mrr: 58.15, ndcg: 62.20, took: 1.23s
Epoch 24, 25.9%	 loss: 2.672 acc@1: 47.50 mrr: 59.41, ndcg: 63.34, took: 1.26s
Epoch 24, 34.5%	 loss: 2.752 acc@1: 43.91 mrr: 56.53, ndcg: 60.57, took: 1.24s
Epoch 24, 43.1%	 loss: 2.738 acc@1: 42.81 mrr: 56.44, ndcg: 61.05, took: 1.28s
Epoch 24, 51.7%	 loss: 2.931 acc@1: 43.28 mrr: 54.39, ndcg: 58.03, took: 1.16s
Epoch 24, 60.3%	 loss: 2.846 acc@1: 41.56 mrr: 54.73, ndcg: 59.36, took: 1.12s
Epoch 24, 69.0%	 loss: 2.870 acc@1: 42.50 mrr: 55.54, ndcg: 60.16, took: 1.07s
Epoch 24, 77.6%	 loss: 2.700 acc@1: 47.81 mrr: 58.99, ndcg: 62.49, took: 1.10s
Epoch 24, 86.2%	 loss: 2.673 acc@1: 42.66 mrr: 56.91, ndcg: 62.04, took: 1.18s
Epoch 24, 94.8%	 loss: 2.929 acc@1: 41.56 mrr: 53.98, ndcg: 58.11, took: 1.23s
Validation - loss: 4.4085, acc@1: 39.80%, f1: 29.95%, mrr: 49.94%, ndcg: 53.48%
Current learning rate: 0.000032

=== Epoch 25 ===
Epoch 25, 8.6%	 loss: 2.843 acc@1: 41.56 mrr: 54.34, ndcg: 58.69, took: 1.26s
Epoch 25, 17.2%	 loss: 2.828 acc@1: 45.47 mrr: 56.87, ndcg: 60.85, took: 1.39s
Epoch 25, 25.9%	 loss: 2.824 acc@1: 41.09 mrr: 54.46, ndcg: 58.84, took: 1.29s
Epoch 25, 34.5%	 loss: 2.723 acc@1: 46.09 mrr: 58.08, ndcg: 62.14, took: 1.07s
Epoch 25, 43.1%	 loss: 2.823 acc@1: 43.75 mrr: 56.11, ndcg: 60.28, took: 1.09s
Epoch 25, 51.7%	 loss: 2.564 acc@1: 49.06 mrr: 60.72, ndcg: 64.60, took: 1.06s
Epoch 25, 60.3%	 loss: 2.909 acc@1: 45.62 mrr: 56.37, ndcg: 59.41, took: 1.00s
Epoch 25, 69.0%	 loss: 2.864 acc@1: 45.47 mrr: 56.12, ndcg: 60.28, took: 1.28s
Epoch 25, 77.6%	 loss: 2.802 acc@1: 43.59 mrr: 55.69, ndcg: 60.14, took: 1.17s
Epoch 25, 86.2%	 loss: 2.735 acc@1: 42.97 mrr: 56.55, ndcg: 61.18, took: 1.03s
Epoch 25, 94.8%	 loss: 2.611 acc@1: 48.12 mrr: 59.90, ndcg: 63.72, took: 1.06s
Validation - loss: 4.4006, acc@1: 40.10%, f1: 30.30%, mrr: 50.06%, ndcg: 53.57%
Current learning rate: 0.000032

=== Epoch 26 ===
Epoch 26, 8.6%	 loss: 2.843 acc@1: 43.44 mrr: 55.73, ndcg: 59.53, took: 1.13s
Epoch 26, 17.2%	 loss: 2.844 acc@1: 42.66 mrr: 55.07, ndcg: 59.19, took: 1.32s
Epoch 26, 25.9%	 loss: 2.477 acc@1: 47.50 mrr: 60.46, ndcg: 65.05, took: 1.36s
Epoch 26, 34.5%	 loss: 2.830 acc@1: 40.47 mrr: 54.34, ndcg: 59.23, took: 1.43s
Epoch 26, 43.1%	 loss: 2.991 acc@1: 39.53 mrr: 52.30, ndcg: 56.77, took: 1.24s
Epoch 26, 51.7%	 loss: 2.656 acc@1: 46.41 mrr: 58.27, ndcg: 62.54, took: 1.23s
Epoch 26, 60.3%	 loss: 2.804 acc@1: 42.81 mrr: 55.61, ndcg: 60.18, took: 1.24s
Epoch 26, 69.0%	 loss: 2.784 acc@1: 44.84 mrr: 57.03, ndcg: 61.36, took: 1.14s
Epoch 26, 77.6%	 loss: 2.703 acc@1: 44.84 mrr: 57.54, ndcg: 62.05, took: 1.14s
Epoch 26, 86.2%	 loss: 2.736 acc@1: 44.69 mrr: 57.41, ndcg: 61.42, took: 1.12s
Epoch 26, 94.8%	 loss: 2.777 acc@1: 44.69 mrr: 56.75, ndcg: 60.88, took: 1.20s
Validation - loss: 4.4204, acc@1: 40.34%, f1: 30.48%, mrr: 50.19%, ndcg: 53.68%
Current learning rate: 0.000032

=== Epoch 27 ===
Epoch 27, 8.6%	 loss: 2.952 acc@1: 42.66 mrr: 54.51, ndcg: 58.41, took: 1.10s
Epoch 27, 17.2%	 loss: 2.690 acc@1: 44.22 mrr: 56.98, ndcg: 61.30, took: 1.28s
Epoch 27, 25.9%	 loss: 2.636 acc@1: 46.88 mrr: 58.80, ndcg: 63.08, took: 1.26s
Epoch 27, 34.5%	 loss: 2.802 acc@1: 42.97 mrr: 55.37, ndcg: 59.45, took: 1.31s
Epoch 27, 43.1%	 loss: 2.906 acc@1: 41.09 mrr: 54.17, ndcg: 58.51, took: 1.26s
Epoch 27, 51.7%	 loss: 2.803 acc@1: 44.06 mrr: 56.20, ndcg: 60.14, took: 1.19s
Epoch 27, 60.3%	 loss: 2.789 acc@1: 44.22 mrr: 56.35, ndcg: 60.46, took: 1.23s
Epoch 27, 69.0%	 loss: 2.730 acc@1: 43.75 mrr: 56.51, ndcg: 61.17, took: 1.34s
Epoch 27, 77.6%	 loss: 2.883 acc@1: 40.94 mrr: 54.19, ndcg: 58.65, took: 1.36s
Epoch 27, 86.2%	 loss: 2.601 acc@1: 48.12 mrr: 60.35, ndcg: 64.16, took: 1.41s
Epoch 27, 94.8%	 loss: 2.709 acc@1: 46.25 mrr: 58.28, ndcg: 62.23, took: 1.25s
Validation - loss: 4.3935, acc@1: 40.13%, f1: 30.22%, mrr: 50.16%, ndcg: 53.71%
Current learning rate: 0.000032

=== Epoch 28 ===
Epoch 28, 8.6%	 loss: 2.743 acc@1: 43.59 mrr: 56.25, ndcg: 60.51, took: 1.23s
Epoch 28, 17.2%	 loss: 2.659 acc@1: 43.75 mrr: 57.54, ndcg: 62.25, took: 1.19s
Epoch 28, 25.9%	 loss: 2.702 acc@1: 46.09 mrr: 57.89, ndcg: 61.75, took: 1.10s
Epoch 28, 34.5%	 loss: 2.713 acc@1: 45.00 mrr: 57.90, ndcg: 62.15, took: 1.31s
Epoch 28, 43.1%	 loss: 2.732 acc@1: 43.75 mrr: 56.93, ndcg: 61.69, took: 1.43s
Epoch 28, 51.7%	 loss: 2.850 acc@1: 42.34 mrr: 54.84, ndcg: 59.26, took: 1.43s
Epoch 28, 60.3%	 loss: 2.874 acc@1: 42.34 mrr: 55.12, ndcg: 59.29, took: 1.49s
Epoch 28, 69.0%	 loss: 2.777 acc@1: 45.16 mrr: 57.30, ndcg: 60.95, took: 1.29s
Epoch 28, 77.6%	 loss: 2.685 acc@1: 45.00 mrr: 57.83, ndcg: 62.15, took: 1.39s
Epoch 28, 86.2%	 loss: 2.780 acc@1: 43.44 mrr: 56.13, ndcg: 60.14, took: 1.35s
Epoch 28, 94.8%	 loss: 2.815 acc@1: 43.12 mrr: 55.35, ndcg: 59.40, took: 1.38s
Validation - loss: 4.4300, acc@1: 40.04%, f1: 30.16%, mrr: 50.07%, ndcg: 53.61%
Current learning rate: 0.000032

=== Epoch 29 ===
Epoch 29, 8.6%	 loss: 2.831 acc@1: 45.78 mrr: 57.20, ndcg: 61.22, took: 1.25s
Epoch 29, 17.2%	 loss: 2.709 acc@1: 45.31 mrr: 57.81, ndcg: 61.87, took: 1.28s
Epoch 29, 25.9%	 loss: 2.768 acc@1: 44.84 mrr: 56.58, ndcg: 60.55, took: 1.17s
Epoch 29, 34.5%	 loss: 2.651 acc@1: 47.34 mrr: 58.99, ndcg: 62.76, took: 1.40s
Epoch 29, 43.1%	 loss: 2.722 acc@1: 46.88 mrr: 58.18, ndcg: 62.45, took: 1.40s
Epoch 29, 51.7%	 loss: 2.715 acc@1: 45.31 mrr: 57.37, ndcg: 61.67, took: 1.16s
Epoch 29, 60.3%	 loss: 2.680 acc@1: 45.47 mrr: 57.96, ndcg: 62.52, took: 1.18s
Epoch 29, 69.0%	 loss: 2.702 acc@1: 45.00 mrr: 57.34, ndcg: 61.48, took: 1.39s
Epoch 29, 77.6%	 loss: 2.784 acc@1: 41.56 mrr: 55.74, ndcg: 60.22, took: 1.50s
Epoch 29, 86.2%	 loss: 2.775 acc@1: 43.91 mrr: 56.50, ndcg: 60.81, took: 1.61s
Epoch 29, 94.8%	 loss: 2.844 acc@1: 42.50 mrr: 55.11, ndcg: 59.34, took: 1.62s
Validation - loss: 4.4206, acc@1: 40.10%, f1: 30.40%, mrr: 50.11%, ndcg: 53.67%
Current learning rate: 0.000032

=== Epoch 30 ===
Epoch 30, 8.6%	 loss: 2.771 acc@1: 43.28 mrr: 56.35, ndcg: 60.54, took: 1.37s
Epoch 30, 17.2%	 loss: 2.790 acc@1: 43.28 mrr: 56.22, ndcg: 60.34, took: 1.27s
Epoch 30, 25.9%	 loss: 2.777 acc@1: 44.53 mrr: 56.36, ndcg: 60.59, took: 1.35s
Epoch 30, 34.5%	 loss: 2.785 acc@1: 42.97 mrr: 55.59, ndcg: 59.73, took: 1.32s
Epoch 30, 43.1%	 loss: 2.608 acc@1: 46.25 mrr: 58.97, ndcg: 63.59, took: 1.35s
Epoch 30, 51.7%	 loss: 2.762 acc@1: 44.53 mrr: 57.04, ndcg: 61.20, took: 1.36s
Epoch 30, 60.3%	 loss: 2.825 acc@1: 41.88 mrr: 54.83, ndcg: 59.37, took: 1.39s
Epoch 30, 69.0%	 loss: 2.767 acc@1: 44.69 mrr: 56.75, ndcg: 60.93, took: 1.32s
Epoch 30, 77.6%	 loss: 2.659 acc@1: 45.31 mrr: 57.65, ndcg: 62.22, took: 1.17s
Epoch 30, 86.2%	 loss: 2.786 acc@1: 44.06 mrr: 56.53, ndcg: 61.11, took: 1.13s
Epoch 30, 94.8%	 loss: 2.688 acc@1: 45.00 mrr: 57.79, ndcg: 62.14, took: 1.30s
Validation - loss: 4.4387, acc@1: 39.71%, f1: 30.02%, mrr: 49.88%, ndcg: 53.47%
Current learning rate: 0.000032

=== Epoch 31 ===
Epoch 31, 8.6%	 loss: 2.853 acc@1: 43.12 mrr: 55.73, ndcg: 60.32, took: 1.44s
Epoch 31, 17.2%	 loss: 2.660 acc@1: 46.88 mrr: 58.38, ndcg: 62.76, took: 1.42s
Epoch 31, 25.9%	 loss: 2.780 acc@1: 43.44 mrr: 55.91, ndcg: 59.88, took: 1.38s
Epoch 31, 34.5%	 loss: 2.686 acc@1: 43.44 mrr: 56.67, ndcg: 61.06, took: 1.25s
Epoch 31, 43.1%	 loss: 2.821 acc@1: 42.97 mrr: 55.33, ndcg: 59.43, took: 1.26s
Epoch 31, 51.7%	 loss: 2.655 acc@1: 45.94 mrr: 58.44, ndcg: 63.01, took: 1.41s
Epoch 31, 60.3%	 loss: 2.688 acc@1: 44.69 mrr: 57.56, ndcg: 61.77, took: 1.31s
Epoch 31, 69.0%	 loss: 2.880 acc@1: 44.38 mrr: 55.60, ndcg: 59.27, took: 1.39s
Epoch 31, 77.6%	 loss: 2.739 acc@1: 45.94 mrr: 57.40, ndcg: 61.16, took: 1.29s
Epoch 31, 86.2%	 loss: 2.775 acc@1: 44.38 mrr: 56.33, ndcg: 60.76, took: 1.15s
Epoch 31, 94.8%	 loss: 2.523 acc@1: 45.94 mrr: 59.59, ndcg: 64.07, took: 1.07s
Validation - loss: 4.4131, acc@1: 40.52%, f1: 30.74%, mrr: 50.33%, ndcg: 53.83%
Current learning rate: 0.000032

=== Epoch 32 ===
Epoch 32, 8.6%	 loss: 2.703 acc@1: 44.53 mrr: 57.54, ndcg: 62.03, took: 1.18s
Epoch 32, 17.2%	 loss: 2.718 acc@1: 43.59 mrr: 57.13, ndcg: 61.45, took: 1.24s
Epoch 32, 25.9%	 loss: 2.647 acc@1: 46.72 mrr: 58.84, ndcg: 62.79, took: 1.32s
Epoch 32, 34.5%	 loss: 2.812 acc@1: 46.56 mrr: 57.61, ndcg: 61.11, took: 1.15s
Epoch 32, 43.1%	 loss: 2.821 acc@1: 41.72 mrr: 54.82, ndcg: 59.61, took: 1.43s
Epoch 32, 51.7%	 loss: 2.702 acc@1: 43.75 mrr: 56.68, ndcg: 60.93, took: 1.40s
Epoch 32, 60.3%	 loss: 2.674 acc@1: 47.66 mrr: 59.15, ndcg: 63.06, took: 1.21s
Epoch 32, 69.0%	 loss: 2.673 acc@1: 42.66 mrr: 56.31, ndcg: 61.25, took: 1.24s
Epoch 32, 77.6%	 loss: 2.850 acc@1: 43.75 mrr: 55.84, ndcg: 60.12, took: 1.11s
Epoch 32, 86.2%	 loss: 2.797 acc@1: 43.12 mrr: 55.75, ndcg: 60.45, took: 1.23s
Epoch 32, 94.8%	 loss: 2.740 acc@1: 42.34 mrr: 55.89, ndcg: 60.53, took: 1.32s
Validation - loss: 4.4065, acc@1: 40.37%, f1: 30.82%, mrr: 50.23%, ndcg: 53.71%
Current learning rate: 0.000003

=== Epoch 33 ===
Epoch 33, 8.6%	 loss: 2.785 acc@1: 42.97 mrr: 56.11, ndcg: 60.53, took: 1.25s
Epoch 33, 17.2%	 loss: 2.705 acc@1: 45.94 mrr: 58.40, ndcg: 62.58, took: 1.25s
Epoch 33, 25.9%	 loss: 2.871 acc@1: 40.31 mrr: 53.75, ndcg: 58.12, took: 1.35s
Epoch 33, 34.5%	 loss: 2.775 acc@1: 43.59 mrr: 56.57, ndcg: 60.95, took: 1.28s
Epoch 33, 43.1%	 loss: 2.748 acc@1: 46.56 mrr: 58.26, ndcg: 62.12, took: 1.28s
Epoch 33, 51.7%	 loss: 2.535 acc@1: 47.66 mrr: 60.75, ndcg: 65.29, took: 1.38s
Epoch 33, 60.3%	 loss: 2.828 acc@1: 42.97 mrr: 55.58, ndcg: 59.97, took: 1.37s
Epoch 33, 69.0%	 loss: 2.894 acc@1: 43.59 mrr: 55.10, ndcg: 59.57, took: 1.48s
Epoch 33, 77.6%	 loss: 2.766 acc@1: 47.97 mrr: 58.69, ndcg: 62.56, took: 1.38s
Epoch 33, 86.2%	 loss: 2.876 acc@1: 43.12 mrr: 55.02, ndcg: 59.28, took: 1.28s
Epoch 33, 94.8%	 loss: 2.667 acc@1: 45.62 mrr: 57.97, ndcg: 62.19, took: 1.17s
Validation - loss: 4.4016, acc@1: 40.76%, f1: 30.83%, mrr: 50.43%, ndcg: 53.83%
Current learning rate: 0.000003

=== Epoch 34 ===
Epoch 34, 8.6%	 loss: 2.705 acc@1: 44.69 mrr: 57.58, ndcg: 62.27, took: 1.36s
Epoch 34, 17.2%	 loss: 2.671 acc@1: 44.69 mrr: 57.73, ndcg: 61.80, took: 1.44s
Epoch 34, 25.9%	 loss: 2.752 acc@1: 44.22 mrr: 56.77, ndcg: 61.19, took: 1.22s
Epoch 34, 34.5%	 loss: 2.865 acc@1: 43.12 mrr: 55.69, ndcg: 59.87, took: 1.33s
Epoch 34, 43.1%	 loss: 2.810 acc@1: 43.28 mrr: 55.74, ndcg: 60.22, took: 1.25s
Epoch 34, 51.7%	 loss: 2.830 acc@1: 43.12 mrr: 55.77, ndcg: 59.87, took: 1.47s
Epoch 34, 60.3%	 loss: 2.781 acc@1: 42.97 mrr: 56.10, ndcg: 60.56, took: 1.35s
Epoch 34, 69.0%	 loss: 2.791 acc@1: 43.44 mrr: 56.32, ndcg: 60.60, took: 1.16s
Epoch 34, 77.6%	 loss: 2.756 acc@1: 44.84 mrr: 57.08, ndcg: 61.15, took: 1.33s
Epoch 34, 86.2%	 loss: 2.690 acc@1: 46.41 mrr: 58.59, ndcg: 62.39, took: 1.38s
Epoch 34, 94.8%	 loss: 2.809 acc@1: 43.44 mrr: 55.76, ndcg: 59.98, took: 1.22s
Validation - loss: 4.3914, acc@1: 40.13%, f1: 30.36%, mrr: 50.12%, ndcg: 53.65%
Current learning rate: 0.000003

=== Epoch 35 ===
Epoch 35, 8.6%	 loss: 2.790 acc@1: 44.69 mrr: 57.08, ndcg: 61.25, took: 1.16s
Epoch 35, 17.2%	 loss: 2.727 acc@1: 44.69 mrr: 57.28, ndcg: 61.52, took: 1.35s
Epoch 35, 25.9%	 loss: 2.987 acc@1: 39.22 mrr: 51.95, ndcg: 56.28, took: 1.21s
Epoch 35, 34.5%	 loss: 2.778 acc@1: 43.75 mrr: 56.20, ndcg: 60.57, took: 1.27s
Epoch 35, 43.1%	 loss: 2.737 acc@1: 45.16 mrr: 57.22, ndcg: 61.19, took: 1.21s
Epoch 35, 51.7%	 loss: 2.653 acc@1: 47.50 mrr: 59.05, ndcg: 62.77, took: 1.14s
Epoch 35, 60.3%	 loss: 2.700 acc@1: 45.00 mrr: 57.50, ndcg: 61.95, took: 1.18s
Epoch 35, 69.0%	 loss: 2.727 acc@1: 42.97 mrr: 56.40, ndcg: 60.89, took: 1.26s
Epoch 35, 77.6%	 loss: 2.737 acc@1: 42.50 mrr: 55.93, ndcg: 60.27, took: 1.25s
Epoch 35, 86.2%	 loss: 2.778 acc@1: 44.22 mrr: 56.85, ndcg: 61.18, took: 1.25s
Epoch 35, 94.8%	 loss: 2.676 acc@1: 46.88 mrr: 58.99, ndcg: 63.32, took: 1.20s
Validation - loss: 4.4464, acc@1: 40.34%, f1: 30.55%, mrr: 50.17%, ndcg: 53.67%
Current learning rate: 0.000003

=== Epoch 36 ===
Epoch 36, 8.6%	 loss: 2.669 acc@1: 45.62 mrr: 58.02, ndcg: 61.86, took: 1.09s
Epoch 36, 17.2%	 loss: 2.829 acc@1: 43.28 mrr: 56.06, ndcg: 60.08, took: 1.13s
Epoch 36, 25.9%	 loss: 2.759 acc@1: 45.00 mrr: 57.35, ndcg: 61.51, took: 1.16s
Epoch 36, 34.5%	 loss: 2.768 acc@1: 42.66 mrr: 55.52, ndcg: 60.10, took: 1.20s
Epoch 36, 43.1%	 loss: 2.606 acc@1: 47.97 mrr: 59.85, ndcg: 63.90, took: 1.31s
Epoch 36, 51.7%	 loss: 2.633 acc@1: 47.19 mrr: 59.60, ndcg: 63.76, took: 1.48s
Epoch 36, 60.3%	 loss: 2.929 acc@1: 42.19 mrr: 54.61, ndcg: 58.72, took: 1.46s
Epoch 36, 69.0%	 loss: 2.847 acc@1: 44.84 mrr: 56.38, ndcg: 60.59, took: 1.37s
Epoch 36, 77.6%	 loss: 2.536 acc@1: 45.47 mrr: 58.80, ndcg: 63.60, took: 1.37s
Epoch 36, 86.2%	 loss: 2.859 acc@1: 40.78 mrr: 54.26, ndcg: 58.81, took: 1.17s
Epoch 36, 94.8%	 loss: 2.943 acc@1: 39.22 mrr: 52.84, ndcg: 57.04, took: 1.26s
Validation - loss: 4.3706, acc@1: 40.31%, f1: 30.54%, mrr: 50.21%, ndcg: 53.75%
Current learning rate: 0.000003

=== Epoch 37 ===
Epoch 37, 8.6%	 loss: 2.564 acc@1: 47.97 mrr: 60.07, ndcg: 64.61, took: 1.30s
Epoch 37, 17.2%	 loss: 2.763 acc@1: 42.66 mrr: 55.84, ndcg: 60.10, took: 1.29s
Epoch 37, 25.9%	 loss: 2.675 acc@1: 45.78 mrr: 57.82, ndcg: 61.77, took: 1.15s
Epoch 37, 34.5%	 loss: 2.750 acc@1: 44.22 mrr: 57.24, ndcg: 61.28, took: 1.09s
Epoch 37, 43.1%	 loss: 2.831 acc@1: 42.66 mrr: 55.02, ndcg: 59.32, took: 1.04s
Epoch 37, 51.7%	 loss: 2.818 acc@1: 43.12 mrr: 55.31, ndcg: 59.56, took: 1.04s
Epoch 37, 60.3%	 loss: 2.897 acc@1: 42.81 mrr: 54.82, ndcg: 58.73, took: 1.08s
Epoch 37, 69.0%	 loss: 2.691 acc@1: 46.56 mrr: 58.45, ndcg: 62.63, took: 1.23s
Epoch 37, 77.6%	 loss: 2.747 acc@1: 46.41 mrr: 58.02, ndcg: 61.85, took: 1.47s
Epoch 37, 86.2%	 loss: 2.793 acc@1: 43.91 mrr: 56.18, ndcg: 60.26, took: 1.53s
Epoch 37, 94.8%	 loss: 2.741 acc@1: 44.06 mrr: 56.33, ndcg: 60.80, took: 1.48s
Validation - loss: 4.3998, acc@1: 40.01%, f1: 30.18%, mrr: 50.05%, ndcg: 53.63%
Current learning rate: 0.000003

=== Epoch 38 ===
Epoch 38, 8.6%	 loss: 2.767 acc@1: 43.75 mrr: 56.25, ndcg: 60.58, took: 1.34s
Epoch 38, 17.2%	 loss: 2.837 acc@1: 44.53 mrr: 56.05, ndcg: 59.81, took: 1.32s
Epoch 38, 25.9%	 loss: 2.717 acc@1: 45.94 mrr: 57.78, ndcg: 61.92, took: 1.42s
Epoch 38, 34.5%	 loss: 2.763 acc@1: 45.16 mrr: 56.87, ndcg: 60.79, took: 1.42s
Epoch 38, 43.1%	 loss: 2.643 acc@1: 43.75 mrr: 57.64, ndcg: 62.09, took: 1.20s
Epoch 38, 51.7%	 loss: 2.830 acc@1: 42.34 mrr: 54.76, ndcg: 59.12, took: 1.21s
Epoch 38, 60.3%	 loss: 2.766 acc@1: 45.47 mrr: 57.53, ndcg: 61.44, took: 1.22s
Epoch 38, 69.0%	 loss: 2.587 acc@1: 46.09 mrr: 59.26, ndcg: 64.23, took: 1.07s
Epoch 38, 77.6%	 loss: 2.754 acc@1: 44.53 mrr: 56.71, ndcg: 60.76, took: 1.10s
Epoch 38, 86.2%	 loss: 2.903 acc@1: 41.56 mrr: 54.05, ndcg: 58.13, took: 1.24s
Epoch 38, 94.8%	 loss: 2.736 acc@1: 44.84 mrr: 57.00, ndcg: 61.11, took: 1.21s
Validation - loss: 4.4104, acc@1: 40.28%, f1: 30.39%, mrr: 50.22%, ndcg: 53.77%
Current learning rate: 0.000003

=== Epoch 39 ===
Epoch 39, 8.6%	 loss: 2.720 acc@1: 46.72 mrr: 58.38, ndcg: 62.42, took: 1.17s
Epoch 39, 17.2%	 loss: 2.582 acc@1: 48.12 mrr: 59.83, ndcg: 63.71, took: 1.23s
Epoch 39, 25.9%	 loss: 2.810 acc@1: 42.19 mrr: 55.16, ndcg: 59.93, took: 1.31s
Epoch 39, 34.5%	 loss: 2.812 acc@1: 44.38 mrr: 56.79, ndcg: 60.68, took: 1.45s
Epoch 39, 43.1%	 loss: 2.786 acc@1: 44.84 mrr: 56.66, ndcg: 60.59, took: 1.47s
Epoch 39, 51.7%	 loss: 2.707 acc@1: 46.25 mrr: 58.29, ndcg: 62.28, took: 1.30s
Epoch 39, 60.3%	 loss: 2.750 acc@1: 45.16 mrr: 57.19, ndcg: 61.37, took: 1.26s
Epoch 39, 69.0%	 loss: 2.870 acc@1: 41.56 mrr: 54.30, ndcg: 58.43, took: 1.37s
Epoch 39, 77.6%	 loss: 2.731 acc@1: 43.91 mrr: 56.59, ndcg: 61.30, took: 1.43s
Epoch 39, 86.2%	 loss: 2.789 acc@1: 45.31 mrr: 56.98, ndcg: 60.67, took: 1.25s
Epoch 39, 94.8%	 loss: 2.777 acc@1: 43.28 mrr: 56.39, ndcg: 60.82, took: 1.18s
Validation - loss: 4.4187, acc@1: 40.22%, f1: 30.30%, mrr: 50.16%, ndcg: 53.70%
Current learning rate: 0.000003

=== Epoch 40 ===
Epoch 40, 8.6%	 loss: 2.892 acc@1: 41.88 mrr: 54.19, ndcg: 58.59, took: 1.28s
Epoch 40, 17.2%	 loss: 2.764 acc@1: 43.12 mrr: 56.02, ndcg: 60.29, took: 1.14s
Epoch 40, 25.9%	 loss: 2.566 acc@1: 48.12 mrr: 60.25, ndcg: 64.36, took: 1.15s
Epoch 40, 34.5%	 loss: 2.740 acc@1: 44.06 mrr: 56.84, ndcg: 61.20, took: 1.13s
Epoch 40, 43.1%	 loss: 2.760 acc@1: 44.22 mrr: 56.40, ndcg: 60.50, took: 1.28s
Epoch 40, 51.7%	 loss: 2.786 acc@1: 44.69 mrr: 56.58, ndcg: 60.64, took: 1.33s
Epoch 40, 60.3%	 loss: 2.782 acc@1: 43.59 mrr: 55.96, ndcg: 60.62, took: 1.27s
Epoch 40, 69.0%	 loss: 2.740 acc@1: 43.28 mrr: 56.80, ndcg: 61.14, took: 1.27s
Epoch 40, 77.6%	 loss: 2.660 acc@1: 47.66 mrr: 59.10, ndcg: 62.91, took: 1.41s
Epoch 40, 86.2%	 loss: 2.701 acc@1: 44.53 mrr: 57.53, ndcg: 61.57, took: 1.31s
Epoch 40, 94.8%	 loss: 2.817 acc@1: 42.66 mrr: 55.40, ndcg: 59.67, took: 1.45s
Validation - loss: 4.4194, acc@1: 40.34%, f1: 30.52%, mrr: 50.25%, ndcg: 53.73%
Current learning rate: 0.000003

=== Epoch 41 ===
Epoch 41, 8.6%	 loss: 2.674 acc@1: 45.62 mrr: 57.96, ndcg: 61.94, took: 1.14s
Epoch 41, 17.2%	 loss: 2.637 acc@1: 46.88 mrr: 58.95, ndcg: 63.19, took: 1.21s
Epoch 41, 25.9%	 loss: 2.697 acc@1: 46.72 mrr: 58.43, ndcg: 62.62, took: 1.18s
Epoch 41, 34.5%	 loss: 2.682 acc@1: 46.25 mrr: 58.18, ndcg: 62.61, took: 1.12s
Epoch 41, 43.1%	 loss: 2.844 acc@1: 43.91 mrr: 55.98, ndcg: 60.25, took: 1.18s
Epoch 41, 51.7%	 loss: 2.717 acc@1: 44.69 mrr: 57.35, ndcg: 61.71, took: 1.27s
Epoch 41, 60.3%	 loss: 2.874 acc@1: 40.62 mrr: 54.43, ndcg: 58.94, took: 1.22s
Epoch 41, 69.0%	 loss: 2.748 acc@1: 46.88 mrr: 58.34, ndcg: 61.79, took: 1.27s
Epoch 41, 77.6%	 loss: 2.712 acc@1: 44.06 mrr: 56.64, ndcg: 61.09, took: 1.13s
Epoch 41, 86.2%	 loss: 2.878 acc@1: 41.25 mrr: 54.14, ndcg: 58.55, took: 1.25s
Epoch 41, 94.8%	 loss: 2.758 acc@1: 43.44 mrr: 56.18, ndcg: 60.16, took: 1.32s
Validation - loss: 4.4113, acc@1: 39.98%, f1: 30.31%, mrr: 50.05%, ndcg: 53.59%
Training finished.	 Time: 810.75s.	 acc@1: 40.31%

=== Test Results ===
Test Results:
  acc@1: 28.84%
  acc@5: 53.54%
  acc@10: 57.77%
  mrr: 39.99%
  ndcg: 43.99%
  f1: 19.81%

=== Training Complete ===
