2025-12-28 19:51:00,044 - INFO - ============================================================
2025-12-28 19:51:00,044 - INFO - POINTER V45 - Training Started
2025-12-28 19:51:00,044 - INFO - ============================================================
2025-12-28 19:51:00,045 - INFO - Model config: {'d_model': 128, 'dim_feedforward': 256, 'dropout': 0.15, 'nhead': 4, 'num_layers': 4}
2025-12-28 19:51:00,045 - INFO - Training config: {'batch_size': 128, 'grad_clip': 0.8, 'label_smoothing': 0.03, 'learning_rate': 0.0006, 'min_epochs': 8, 'min_lr': 1e-06, 'num_epochs': 50, 'patience': 5, 'use_amp': True, 'warmup_epochs': 5, 'weight_decay': 0.015}
2025-12-28 19:51:00,045 - INFO - ============================================================
2025-12-28 19:51:00,045 - INFO - Training for 50 epochs
2025-12-28 19:51:00,045 - INFO - Model parameters: 2,533,042
2025-12-28 19:53:03,388 - INFO - Epoch 1/50 | LR: 1.20e-04 | Train: 3.1033 | Val: 3.0513 | Acc@1: 50.82%
2025-12-28 19:53:03,468 - INFO -   ✓ New best (Acc@1: 50.82%)
2025-12-28 19:54:57,692 - INFO - Epoch 2/50 | LR: 2.40e-04 | Train: 2.8687 | Val: 2.9895 | Acc@1: 52.98%
2025-12-28 19:54:57,767 - INFO -   ✓ New best (Acc@1: 52.98%)
2025-12-28 19:56:51,636 - INFO - Epoch 3/50 | LR: 3.60e-04 | Train: 2.7747 | Val: 2.9551 | Acc@1: 53.58%
2025-12-28 19:56:51,711 - INFO -   ✓ New best (Acc@1: 53.58%)
2025-12-28 19:58:45,335 - INFO - Epoch 4/50 | LR: 4.80e-04 | Train: 2.6888 | Val: 2.9079 | Acc@1: 54.22%
2025-12-28 19:58:45,410 - INFO -   ✓ New best (Acc@1: 54.22%)
2025-12-28 20:00:33,815 - INFO - Epoch 5/50 | LR: 6.00e-04 | Train: 2.6056 | Val: 2.8623 | Acc@1: 54.26%
2025-12-28 20:00:33,889 - INFO -   ✓ New best (Acc@1: 54.26%)
2025-12-28 20:02:42,698 - INFO - Epoch 6/50 | LR: 6.00e-04 | Train: 2.5190 | Val: 2.8612 | Acc@1: 54.64%
2025-12-28 20:02:42,772 - INFO -   ✓ New best (Acc@1: 54.64%)
2025-12-28 20:04:51,804 - INFO - Epoch 7/50 | LR: 5.99e-04 | Train: 2.4495 | Val: 2.8433 | Acc@1: 54.27%
2025-12-28 20:04:51,877 - INFO -   ✓ New best (Acc@1: 54.27%)
2025-12-28 20:07:01,280 - INFO - Epoch 8/50 | LR: 5.97e-04 | Train: 2.3860 | Val: 2.8706 | Acc@1: 53.97%
2025-12-28 20:09:10,023 - INFO - Epoch 9/50 | LR: 5.93e-04 | Train: 2.3310 | Val: 2.8986 | Acc@1: 53.61%
2025-12-28 20:11:20,093 - INFO - Epoch 10/50 | LR: 5.88e-04 | Train: 2.2773 | Val: 2.9109 | Acc@1: 53.54%
2025-12-28 20:13:21,357 - INFO - Epoch 11/50 | LR: 5.82e-04 | Train: 2.2308 | Val: 2.9598 | Acc@1: 52.99%
2025-12-28 20:15:32,852 - INFO - Epoch 12/50 | LR: 5.74e-04 | Train: 2.1897 | Val: 3.0327 | Acc@1: 52.46%
2025-12-28 20:15:32,853 - INFO - Early stopping at epoch 12
2025-12-28 20:15:33,623 - INFO - Loaded checkpoint from epoch 7
2025-12-28 20:15:47,130 - INFO - ============================================================
2025-12-28 20:15:47,131 - INFO - FINAL VALIDATION RESULTS
2025-12-28 20:15:47,131 - INFO -   Acc@1:  54.27%
2025-12-28 20:15:47,131 - INFO -   Acc@5:  80.23%
2025-12-28 20:15:47,131 - INFO -   Acc@10: 84.14%
2025-12-28 20:15:47,131 - INFO -   MRR:    65.49%
2025-12-28 20:15:47,131 - INFO -   NDCG:   69.90%
2025-12-28 20:15:47,131 - INFO - ============================================================
2025-12-28 20:15:47,131 - INFO - FINAL TEST RESULTS
2025-12-28 20:15:47,131 - INFO -   Acc@1:  56.25%
2025-12-28 20:15:47,131 - INFO -   Acc@5:  82.17%
2025-12-28 20:15:47,131 - INFO -   Acc@10: 85.97%
2025-12-28 20:15:47,131 - INFO -   MRR:    67.55%
2025-12-28 20:15:47,131 - INFO -   NDCG:   71.93%
2025-12-28 20:15:47,131 - INFO - ============================================================
