Training MHSA model
Dataset: geolife
Config: config/models/config_MHSA_geolife.yaml
Device: cuda
Seed: 42
==================================================
Data loaders: train=232, val=105, test=110
Total trainable parameters: 112547

=== Epoch 1 ===
Epoch 1, 8.6%	 loss: 7.108 acc@1: 0.00 mrr: 0.53, ndcg: 0.39, took: 0.95s
Epoch 1, 17.2%	 loss: 7.096 acc@1: 0.00 mrr: 0.57, ndcg: 0.38, took: 0.36s
Epoch 1, 25.9%	 loss: 7.091 acc@1: 0.16 mrr: 0.74, ndcg: 0.42, took: 0.39s
Epoch 1, 34.5%	 loss: 7.075 acc@1: 0.16 mrr: 0.79, ndcg: 0.48, took: 0.43s
Epoch 1, 43.1%	 loss: 7.072 acc@1: 0.47 mrr: 1.32, ndcg: 1.04, took: 0.41s
Epoch 1, 51.7%	 loss: 7.058 acc@1: 0.31 mrr: 1.25, ndcg: 1.06, took: 0.39s
Epoch 1, 60.3%	 loss: 7.063 acc@1: 0.31 mrr: 1.26, ndcg: 1.01, took: 0.37s
Epoch 1, 69.0%	 loss: 7.048 acc@1: 0.31 mrr: 1.36, ndcg: 0.89, took: 0.36s
Epoch 1, 77.6%	 loss: 7.006 acc@1: 1.09 mrr: 2.68, ndcg: 2.87, took: 0.37s
Epoch 1, 86.2%	 loss: 6.995 acc@1: 2.03 mrr: 3.82, ndcg: 3.90, took: 0.36s
Epoch 1, 94.8%	 loss: 6.957 acc@1: 1.25 mrr: 3.92, ndcg: 4.44, took: 0.37s
Validation - loss: 6.8873, acc@1: 10.83%, f1: 8.40%, mrr: 14.14%, ndcg: 14.83%
Current learning rate: 0.000500

=== Epoch 2 ===
Epoch 2, 8.6%	 loss: 6.847 acc@1: 7.66 mrr: 11.11, ndcg: 11.93, took: 0.44s
Epoch 2, 17.2%	 loss: 6.797 acc@1: 11.72 mrr: 15.66, ndcg: 16.78, took: 0.37s
Epoch 2, 25.9%	 loss: 6.657 acc@1: 14.69 mrr: 20.68, ndcg: 22.34, took: 0.38s
Epoch 2, 34.5%	 loss: 6.568 acc@1: 13.59 mrr: 19.95, ndcg: 21.70, took: 0.37s
Epoch 2, 43.1%	 loss: 6.381 acc@1: 16.56 mrr: 24.23, ndcg: 26.72, took: 0.36s
Epoch 2, 51.7%	 loss: 6.277 acc@1: 15.16 mrr: 23.76, ndcg: 26.51, took: 0.38s
Epoch 2, 60.3%	 loss: 6.126 acc@1: 18.91 mrr: 27.64, ndcg: 30.90, took: 0.37s
Epoch 2, 69.0%	 loss: 6.008 acc@1: 19.22 mrr: 28.38, ndcg: 31.81, took: 0.36s
Epoch 2, 77.6%	 loss: 5.900 acc@1: 17.81 mrr: 27.15, ndcg: 31.24, took: 0.35s
Epoch 2, 86.2%	 loss: 5.673 acc@1: 20.16 mrr: 30.16, ndcg: 34.43, took: 0.35s
Epoch 2, 94.8%	 loss: 5.454 acc@1: 19.22 mrr: 31.00, ndcg: 35.86, took: 0.35s
Validation - loss: 5.1898, acc@1: 18.66%, f1: 11.21%, mrr: 32.54%, ndcg: 38.09%
Current learning rate: 0.001000

=== Epoch 3 ===
Epoch 3, 8.6%	 loss: 5.233 acc@1: 18.28 mrr: 31.16, ndcg: 36.44, took: 0.39s
Epoch 3, 17.2%	 loss: 4.892 acc@1: 23.28 mrr: 34.95, ndcg: 40.02, took: 0.38s
Epoch 3, 25.9%	 loss: 4.938 acc@1: 21.56 mrr: 33.54, ndcg: 38.35, took: 0.42s
Epoch 3, 34.5%	 loss: 4.841 acc@1: 21.72 mrr: 34.13, ndcg: 39.55, took: 0.47s
Epoch 3, 43.1%	 loss: 4.776 acc@1: 24.22 mrr: 35.11, ndcg: 39.75, took: 0.48s
Epoch 3, 51.7%	 loss: 4.539 acc@1: 26.88 mrr: 38.38, ndcg: 43.07, took: 0.50s
Epoch 3, 60.3%	 loss: 4.328 acc@1: 28.12 mrr: 40.36, ndcg: 45.12, took: 0.49s
Epoch 3, 69.0%	 loss: 4.436 acc@1: 24.84 mrr: 37.35, ndcg: 42.35, took: 0.46s
Epoch 3, 77.6%	 loss: 4.265 acc@1: 24.69 mrr: 37.85, ndcg: 43.62, took: 0.46s
Epoch 3, 86.2%	 loss: 4.310 acc@1: 28.44 mrr: 40.10, ndcg: 44.66, took: 0.46s
Epoch 3, 94.8%	 loss: 4.345 acc@1: 24.69 mrr: 37.05, ndcg: 42.32, took: 0.38s
Validation - loss: 4.7220, acc@1: 23.70%, f1: 14.53%, mrr: 37.86%, ndcg: 43.00%
Current learning rate: 0.000979

=== Epoch 4 ===
Epoch 4, 8.6%	 loss: 4.075 acc@1: 27.66 mrr: 40.47, ndcg: 45.50, took: 0.39s
Epoch 4, 17.2%	 loss: 4.104 acc@1: 27.34 mrr: 39.98, ndcg: 44.79, took: 0.40s
Epoch 4, 25.9%	 loss: 3.944 acc@1: 29.69 mrr: 42.79, ndcg: 47.46, took: 0.40s
Epoch 4, 34.5%	 loss: 3.931 acc@1: 30.94 mrr: 43.41, ndcg: 48.30, took: 0.40s
Epoch 4, 43.1%	 loss: 3.704 acc@1: 34.06 mrr: 45.71, ndcg: 50.11, took: 0.39s
Epoch 4, 51.7%	 loss: 3.777 acc@1: 31.88 mrr: 44.96, ndcg: 49.66, took: 0.39s
Epoch 4, 60.3%	 loss: 3.799 acc@1: 32.66 mrr: 45.32, ndcg: 49.64, took: 0.36s
Epoch 4, 69.0%	 loss: 3.823 acc@1: 32.19 mrr: 44.25, ndcg: 48.93, took: 0.36s
Epoch 4, 77.6%	 loss: 3.788 acc@1: 33.91 mrr: 46.06, ndcg: 49.92, took: 0.36s
Epoch 4, 86.2%	 loss: 3.822 acc@1: 30.94 mrr: 44.15, ndcg: 48.65, took: 0.35s
Epoch 4, 94.8%	 loss: 3.725 acc@1: 32.34 mrr: 45.47, ndcg: 50.26, took: 0.37s
Validation - loss: 4.6075, acc@1: 29.33%, f1: 19.72%, mrr: 41.68%, ndcg: 46.50%
Current learning rate: 0.000958

=== Epoch 5 ===
Epoch 5, 8.6%	 loss: 3.654 acc@1: 34.06 mrr: 46.02, ndcg: 50.23, took: 0.46s
Epoch 5, 17.2%	 loss: 3.714 acc@1: 32.19 mrr: 44.78, ndcg: 49.20, took: 0.48s
Epoch 5, 25.9%	 loss: 3.525 acc@1: 32.97 mrr: 46.84, ndcg: 51.72, took: 0.47s
Epoch 5, 34.5%	 loss: 3.349 acc@1: 35.94 mrr: 49.67, ndcg: 54.59, took: 0.48s
Epoch 5, 43.1%	 loss: 3.439 acc@1: 32.19 mrr: 46.63, ndcg: 51.66, took: 0.51s
Epoch 5, 51.7%	 loss: 3.590 acc@1: 34.06 mrr: 46.83, ndcg: 50.92, took: 0.51s
Epoch 5, 60.3%	 loss: 3.442 acc@1: 35.16 mrr: 48.76, ndcg: 53.35, took: 0.44s
Epoch 5, 69.0%	 loss: 3.452 acc@1: 35.31 mrr: 48.59, ndcg: 52.95, took: 0.40s
Epoch 5, 77.6%	 loss: 3.328 acc@1: 37.19 mrr: 50.61, ndcg: 55.42, took: 0.40s
Epoch 5, 86.2%	 loss: 3.208 acc@1: 38.91 mrr: 51.88, ndcg: 56.34, took: 0.39s
Epoch 5, 94.8%	 loss: 3.525 acc@1: 37.97 mrr: 49.69, ndcg: 53.68, took: 0.39s
Validation - loss: 4.5580, acc@1: 35.96%, f1: 23.30%, mrr: 46.54%, ndcg: 50.71%
Current learning rate: 0.000937

=== Epoch 6 ===
Epoch 6, 8.6%	 loss: 3.285 acc@1: 37.34 mrr: 50.20, ndcg: 54.63, took: 0.36s
Epoch 6, 17.2%	 loss: 3.148 acc@1: 42.66 mrr: 54.24, ndcg: 58.11, took: 0.37s
Epoch 6, 25.9%	 loss: 2.994 acc@1: 41.41 mrr: 54.82, ndcg: 59.19, took: 0.37s
Epoch 6, 34.5%	 loss: 3.470 acc@1: 36.72 mrr: 48.32, ndcg: 52.10, took: 0.35s
Epoch 6, 43.1%	 loss: 3.225 acc@1: 37.81 mrr: 51.20, ndcg: 55.72, took: 0.36s
Epoch 6, 51.7%	 loss: 3.112 acc@1: 40.78 mrr: 53.36, ndcg: 57.37, took: 0.35s
Epoch 6, 60.3%	 loss: 3.149 acc@1: 38.59 mrr: 52.17, ndcg: 56.36, took: 0.35s
Epoch 6, 69.0%	 loss: 3.327 acc@1: 36.56 mrr: 49.40, ndcg: 53.82, took: 0.36s
Epoch 6, 77.6%	 loss: 3.263 acc@1: 39.06 mrr: 51.54, ndcg: 55.91, took: 0.39s
Epoch 6, 86.2%	 loss: 3.187 acc@1: 40.31 mrr: 52.87, ndcg: 57.01, took: 0.37s
Epoch 6, 94.8%	 loss: 3.275 acc@1: 37.97 mrr: 50.68, ndcg: 55.01, took: 0.39s
Validation - loss: 4.4323, acc@1: 37.31%, f1: 25.61%, mrr: 48.35%, ndcg: 52.24%
Current learning rate: 0.000917

=== Epoch 7 ===
Epoch 7, 8.6%	 loss: 3.075 acc@1: 40.78 mrr: 53.03, ndcg: 57.35, took: 0.40s
Epoch 7, 17.2%	 loss: 2.986 acc@1: 39.69 mrr: 53.46, ndcg: 57.79, took: 0.39s
Epoch 7, 25.9%	 loss: 3.079 acc@1: 40.78 mrr: 52.78, ndcg: 56.63, took: 0.40s
Epoch 7, 34.5%	 loss: 3.091 acc@1: 39.22 mrr: 52.42, ndcg: 56.46, took: 0.39s
Epoch 7, 43.1%	 loss: 2.805 acc@1: 41.72 mrr: 55.37, ndcg: 60.03, took: 0.39s
Epoch 7, 51.7%	 loss: 3.114 acc@1: 38.44 mrr: 51.66, ndcg: 55.70, took: 0.38s
Epoch 7, 60.3%	 loss: 3.064 acc@1: 38.75 mrr: 52.28, ndcg: 56.50, took: 0.36s
Epoch 7, 69.0%	 loss: 3.099 acc@1: 39.84 mrr: 52.62, ndcg: 57.11, took: 0.36s
Epoch 7, 77.6%	 loss: 2.865 acc@1: 41.25 mrr: 55.25, ndcg: 60.01, took: 0.36s
Epoch 7, 86.2%	 loss: 3.002 acc@1: 41.72 mrr: 54.37, ndcg: 58.77, took: 0.37s
Epoch 7, 94.8%	 loss: 3.023 acc@1: 41.41 mrr: 54.33, ndcg: 58.77, took: 0.36s
Validation - loss: 4.4648, acc@1: 38.96%, f1: 28.26%, mrr: 49.53%, ndcg: 53.23%
Current learning rate: 0.000896

=== Epoch 8 ===
Epoch 8, 8.6%	 loss: 2.970 acc@1: 39.06 mrr: 52.72, ndcg: 57.05, took: 0.36s
Epoch 8, 17.2%	 loss: 2.872 acc@1: 44.38 mrr: 56.14, ndcg: 60.32, took: 0.37s
Epoch 8, 25.9%	 loss: 2.978 acc@1: 40.16 mrr: 53.29, ndcg: 57.62, took: 0.37s
Epoch 8, 34.5%	 loss: 2.789 acc@1: 42.81 mrr: 56.21, ndcg: 60.46, took: 0.37s
Epoch 8, 43.1%	 loss: 2.665 acc@1: 45.78 mrr: 58.57, ndcg: 62.74, took: 0.38s
Epoch 8, 51.7%	 loss: 2.639 acc@1: 46.41 mrr: 58.85, ndcg: 63.08, took: 0.40s
Epoch 8, 60.3%	 loss: 2.900 acc@1: 43.44 mrr: 55.61, ndcg: 59.58, took: 0.40s
Epoch 8, 69.0%	 loss: 2.926 acc@1: 42.19 mrr: 54.50, ndcg: 58.52, took: 0.40s
Epoch 8, 77.6%	 loss: 2.930 acc@1: 39.38 mrr: 53.03, ndcg: 57.47, took: 0.40s
Epoch 8, 86.2%	 loss: 2.804 acc@1: 44.53 mrr: 56.53, ndcg: 60.70, took: 0.40s
Epoch 8, 94.8%	 loss: 2.840 acc@1: 42.19 mrr: 54.84, ndcg: 59.53, took: 0.40s
Validation - loss: 4.4364, acc@1: 39.41%, f1: 30.18%, mrr: 50.02%, ndcg: 53.77%
Current learning rate: 0.000875

=== Epoch 9 ===
Epoch 9, 8.6%	 loss: 2.807 acc@1: 43.12 mrr: 55.63, ndcg: 59.83, took: 0.36s
Epoch 9, 17.2%	 loss: 2.708 acc@1: 43.59 mrr: 56.56, ndcg: 60.83, took: 0.37s
Epoch 9, 25.9%	 loss: 2.650 acc@1: 42.66 mrr: 56.52, ndcg: 61.19, took: 0.38s
Epoch 9, 34.5%	 loss: 2.670 acc@1: 44.22 mrr: 57.40, ndcg: 61.76, took: 0.36s
Epoch 9, 43.1%	 loss: 2.799 acc@1: 45.00 mrr: 56.97, ndcg: 61.22, took: 0.40s
Epoch 9, 51.7%	 loss: 2.655 acc@1: 46.56 mrr: 58.63, ndcg: 62.45, took: 0.37s
Epoch 9, 60.3%	 loss: 2.703 acc@1: 44.69 mrr: 57.11, ndcg: 61.61, took: 0.36s
Epoch 9, 69.0%	 loss: 2.664 acc@1: 45.47 mrr: 58.39, ndcg: 62.73, took: 0.36s
Epoch 9, 77.6%	 loss: 2.798 acc@1: 42.81 mrr: 55.60, ndcg: 59.84, took: 0.36s
Epoch 9, 86.2%	 loss: 2.711 acc@1: 43.28 mrr: 56.54, ndcg: 61.21, took: 0.36s
Epoch 9, 94.8%	 loss: 2.672 acc@1: 43.12 mrr: 56.56, ndcg: 61.00, took: 0.36s
Validation - loss: 4.4218, acc@1: 39.41%, f1: 29.93%, mrr: 49.99%, ndcg: 53.77%
Current learning rate: 0.000854

=== Epoch 10 ===
Epoch 10, 8.6%	 loss: 2.623 acc@1: 44.84 mrr: 57.88, ndcg: 62.67, took: 0.37s
Epoch 10, 17.2%	 loss: 2.470 acc@1: 46.56 mrr: 60.06, ndcg: 64.70, took: 0.37s
Epoch 10, 25.9%	 loss: 2.542 acc@1: 49.69 mrr: 61.18, ndcg: 65.14, took: 0.37s
Epoch 10, 34.5%	 loss: 2.599 acc@1: 43.91 mrr: 57.41, ndcg: 62.33, took: 0.37s
Epoch 10, 43.1%	 loss: 2.661 acc@1: 42.97 mrr: 55.96, ndcg: 60.67, took: 0.38s
Epoch 10, 51.7%	 loss: 2.752 acc@1: 42.03 mrr: 55.44, ndcg: 60.27, took: 0.36s
Epoch 10, 60.3%	 loss: 2.621 acc@1: 46.56 mrr: 58.58, ndcg: 62.73, took: 0.38s
Epoch 10, 69.0%	 loss: 2.601 acc@1: 46.09 mrr: 58.53, ndcg: 62.75, took: 0.37s
Epoch 10, 77.6%	 loss: 2.462 acc@1: 44.22 mrr: 58.80, ndcg: 63.76, took: 0.38s
Epoch 10, 86.2%	 loss: 2.582 acc@1: 48.75 mrr: 60.44, ndcg: 64.45, took: 0.37s
Epoch 10, 94.8%	 loss: 2.572 acc@1: 48.28 mrr: 59.64, ndcg: 64.50, took: 0.36s
Validation - loss: 4.4041, acc@1: 40.28%, f1: 31.31%, mrr: 50.64%, ndcg: 54.26%
Current learning rate: 0.000833

=== Epoch 11 ===
Epoch 11, 8.6%	 loss: 2.320 acc@1: 50.62 mrr: 62.80, ndcg: 67.08, took: 0.35s
Epoch 11, 17.2%	 loss: 2.407 acc@1: 48.44 mrr: 60.82, ndcg: 65.46, took: 0.35s
Epoch 11, 25.9%	 loss: 2.338 acc@1: 50.00 mrr: 62.36, ndcg: 67.04, took: 0.35s
Epoch 11, 34.5%	 loss: 2.433 acc@1: 48.75 mrr: 60.97, ndcg: 65.34, took: 0.36s
Epoch 11, 43.1%	 loss: 2.622 acc@1: 42.19 mrr: 56.28, ndcg: 61.21, took: 0.37s
Epoch 11, 51.7%	 loss: 2.435 acc@1: 49.84 mrr: 61.58, ndcg: 66.09, took: 0.40s
Epoch 11, 60.3%	 loss: 2.578 acc@1: 45.47 mrr: 58.01, ndcg: 62.76, took: 0.37s
Epoch 11, 69.0%	 loss: 2.514 acc@1: 46.25 mrr: 58.59, ndcg: 63.23, took: 0.36s
Epoch 11, 77.6%	 loss: 2.544 acc@1: 45.94 mrr: 59.15, ndcg: 63.77, took: 0.36s
Epoch 11, 86.2%	 loss: 2.331 acc@1: 49.38 mrr: 62.10, ndcg: 66.94, took: 0.36s
Epoch 11, 94.8%	 loss: 2.531 acc@1: 44.06 mrr: 57.91, ndcg: 62.63, took: 0.36s
Validation - loss: 4.4112, acc@1: 40.79%, f1: 32.65%, mrr: 50.96%, ndcg: 54.54%
Current learning rate: 0.000813

=== Epoch 12 ===
Epoch 12, 8.6%	 loss: 2.335 acc@1: 49.84 mrr: 62.50, ndcg: 67.20, took: 0.37s
Epoch 12, 17.2%	 loss: 2.295 acc@1: 50.62 mrr: 62.77, ndcg: 67.34, took: 0.37s
Epoch 12, 25.9%	 loss: 2.416 acc@1: 45.47 mrr: 58.95, ndcg: 64.21, took: 0.37s
Epoch 12, 34.5%	 loss: 2.468 acc@1: 49.06 mrr: 60.81, ndcg: 64.82, took: 0.37s
Epoch 12, 43.1%	 loss: 2.298 acc@1: 51.88 mrr: 63.77, ndcg: 67.92, took: 0.36s
Epoch 12, 51.7%	 loss: 2.429 acc@1: 47.19 mrr: 59.57, ndcg: 63.98, took: 0.36s
Epoch 12, 60.3%	 loss: 2.270 acc@1: 53.44 mrr: 64.92, ndcg: 69.30, took: 0.36s
Epoch 12, 69.0%	 loss: 2.370 acc@1: 47.97 mrr: 61.43, ndcg: 66.67, took: 0.36s
Epoch 12, 77.6%	 loss: 2.377 acc@1: 46.72 mrr: 60.27, ndcg: 65.22, took: 0.36s
Epoch 12, 86.2%	 loss: 2.374 acc@1: 48.28 mrr: 60.86, ndcg: 65.40, took: 0.37s
Epoch 12, 94.8%	 loss: 2.349 acc@1: 46.56 mrr: 60.24, ndcg: 65.13, took: 0.36s
Validation - loss: 4.4782, acc@1: 40.79%, f1: 32.31%, mrr: 50.97%, ndcg: 54.62%
Current learning rate: 0.000792

=== Epoch 13 ===
Epoch 13, 8.6%	 loss: 2.210 acc@1: 50.78 mrr: 63.65, ndcg: 68.26, took: 0.38s
Epoch 13, 17.2%	 loss: 2.257 acc@1: 50.78 mrr: 62.91, ndcg: 68.13, took: 0.36s
Epoch 13, 25.9%	 loss: 2.381 acc@1: 47.97 mrr: 61.12, ndcg: 65.80, took: 0.35s
Epoch 13, 34.5%	 loss: 2.165 acc@1: 50.31 mrr: 63.03, ndcg: 68.23, took: 0.35s
Epoch 13, 43.1%	 loss: 2.271 acc@1: 49.06 mrr: 62.27, ndcg: 67.28, took: 0.35s
Epoch 13, 51.7%	 loss: 2.157 acc@1: 54.38 mrr: 66.07, ndcg: 70.51, took: 0.36s
Epoch 13, 60.3%	 loss: 2.357 acc@1: 50.62 mrr: 62.08, ndcg: 66.55, took: 0.35s
Epoch 13, 69.0%	 loss: 2.333 acc@1: 49.22 mrr: 61.86, ndcg: 66.68, took: 0.35s
Epoch 13, 77.6%	 loss: 2.047 acc@1: 54.06 mrr: 66.62, ndcg: 70.97, took: 0.36s
Epoch 13, 86.2%	 loss: 2.289 acc@1: 48.91 mrr: 62.24, ndcg: 67.27, took: 0.35s
Epoch 13, 94.8%	 loss: 2.330 acc@1: 50.47 mrr: 62.40, ndcg: 67.09, took: 0.36s
Validation - loss: 4.4574, acc@1: 40.52%, f1: 32.71%, mrr: 50.84%, ndcg: 54.48%
Current learning rate: 0.000077

=== Epoch 14 ===
Epoch 14, 8.6%	 loss: 2.424 acc@1: 47.50 mrr: 60.30, ndcg: 65.19, took: 0.36s
Epoch 14, 17.2%	 loss: 2.414 acc@1: 47.97 mrr: 61.06, ndcg: 65.76, took: 0.37s
Epoch 14, 25.9%	 loss: 2.459 acc@1: 48.12 mrr: 60.50, ndcg: 65.29, took: 0.37s
Epoch 14, 34.5%	 loss: 2.478 acc@1: 46.56 mrr: 59.65, ndcg: 64.49, took: 0.36s
Epoch 14, 43.1%	 loss: 2.370 acc@1: 47.81 mrr: 61.00, ndcg: 65.92, took: 0.36s
Epoch 14, 51.7%	 loss: 2.412 acc@1: 47.34 mrr: 60.37, ndcg: 64.95, took: 0.37s
Epoch 14, 60.3%	 loss: 2.535 acc@1: 47.50 mrr: 59.67, ndcg: 64.33, took: 0.37s
Epoch 14, 69.0%	 loss: 2.240 acc@1: 51.41 mrr: 63.83, ndcg: 68.72, took: 0.38s
Epoch 14, 77.6%	 loss: 2.445 acc@1: 49.69 mrr: 61.01, ndcg: 65.22, took: 0.37s
Epoch 14, 86.2%	 loss: 2.409 acc@1: 48.91 mrr: 61.16, ndcg: 65.43, took: 0.38s
Epoch 14, 94.8%	 loss: 2.583 acc@1: 45.78 mrr: 57.77, ndcg: 62.49, took: 0.38s
Validation - loss: 4.4204, acc@1: 40.34%, f1: 31.47%, mrr: 50.71%, ndcg: 54.36%
Current learning rate: 0.000077

=== Epoch 15 ===
Epoch 15, 8.6%	 loss: 2.289 acc@1: 49.69 mrr: 62.94, ndcg: 67.45, took: 0.38s
Epoch 15, 17.2%	 loss: 2.379 acc@1: 49.22 mrr: 61.18, ndcg: 65.64, took: 0.38s
Epoch 15, 25.9%	 loss: 2.551 acc@1: 45.62 mrr: 58.46, ndcg: 63.24, took: 0.38s
Epoch 15, 34.5%	 loss: 2.347 acc@1: 49.22 mrr: 62.38, ndcg: 66.75, took: 0.36s
Epoch 15, 43.1%	 loss: 2.406 acc@1: 46.09 mrr: 59.90, ndcg: 64.89, took: 0.38s
Epoch 15, 51.7%	 loss: 2.314 acc@1: 49.69 mrr: 61.79, ndcg: 66.30, took: 0.36s
Epoch 15, 60.3%	 loss: 2.339 acc@1: 50.00 mrr: 62.24, ndcg: 66.59, took: 0.38s
Epoch 15, 69.0%	 loss: 2.471 acc@1: 47.19 mrr: 60.10, ndcg: 64.68, took: 0.37s
Epoch 15, 77.6%	 loss: 2.522 acc@1: 44.38 mrr: 57.81, ndcg: 62.60, took: 0.36s
Epoch 15, 86.2%	 loss: 2.394 acc@1: 50.47 mrr: 62.16, ndcg: 66.55, took: 0.36s
Epoch 15, 94.8%	 loss: 2.438 acc@1: 47.03 mrr: 60.09, ndcg: 64.67, took: 0.36s
Validation - loss: 4.4225, acc@1: 40.49%, f1: 31.69%, mrr: 50.79%, ndcg: 54.47%
Current learning rate: 0.000077

=== Epoch 16 ===
Epoch 16, 8.6%	 loss: 2.483 acc@1: 47.34 mrr: 60.19, ndcg: 65.00, took: 0.36s
Epoch 16, 17.2%	 loss: 2.493 acc@1: 45.16 mrr: 58.72, ndcg: 63.81, took: 0.36s
Epoch 16, 25.9%	 loss: 2.365 acc@1: 50.31 mrr: 62.04, ndcg: 66.19, took: 0.36s
Epoch 16, 34.5%	 loss: 2.244 acc@1: 52.66 mrr: 64.70, ndcg: 68.91, took: 0.36s
Epoch 16, 43.1%	 loss: 2.366 acc@1: 49.69 mrr: 62.05, ndcg: 66.55, took: 0.37s
Epoch 16, 51.7%	 loss: 2.512 acc@1: 45.31 mrr: 58.63, ndcg: 63.16, took: 0.38s
Epoch 16, 60.3%	 loss: 2.362 acc@1: 50.47 mrr: 62.19, ndcg: 66.54, took: 0.37s
Epoch 16, 69.0%	 loss: 2.251 acc@1: 52.81 mrr: 64.30, ndcg: 68.72, took: 0.37s
Epoch 16, 77.6%	 loss: 2.359 acc@1: 49.84 mrr: 61.67, ndcg: 65.83, took: 0.38s
Epoch 16, 86.2%	 loss: 2.402 acc@1: 45.78 mrr: 59.61, ndcg: 64.61, took: 0.37s
Epoch 16, 94.8%	 loss: 2.417 acc@1: 50.00 mrr: 62.32, ndcg: 67.06, took: 0.37s
Validation - loss: 4.4336, acc@1: 40.37%, f1: 31.64%, mrr: 50.72%, ndcg: 54.40%
Current learning rate: 0.000008

=== Epoch 17 ===
Epoch 17, 8.6%	 loss: 2.545 acc@1: 43.59 mrr: 57.59, ndcg: 62.75, took: 0.36s
Epoch 17, 17.2%	 loss: 2.700 acc@1: 42.66 mrr: 55.31, ndcg: 60.11, took: 0.36s
Epoch 17, 25.9%	 loss: 2.401 acc@1: 49.22 mrr: 61.92, ndcg: 66.43, took: 0.37s
Epoch 17, 34.5%	 loss: 2.307 acc@1: 49.84 mrr: 62.34, ndcg: 66.81, took: 0.36s
Epoch 17, 43.1%	 loss: 2.462 acc@1: 47.97 mrr: 60.35, ndcg: 64.94, took: 0.35s
Epoch 17, 51.7%	 loss: 2.356 acc@1: 47.66 mrr: 61.61, ndcg: 66.18, took: 0.35s
Epoch 17, 60.3%	 loss: 2.423 acc@1: 47.03 mrr: 60.21, ndcg: 64.89, took: 0.35s
Epoch 17, 69.0%	 loss: 2.421 acc@1: 48.75 mrr: 61.24, ndcg: 66.01, took: 0.35s
Epoch 17, 77.6%	 loss: 2.436 acc@1: 50.00 mrr: 61.64, ndcg: 65.89, took: 0.34s
Epoch 17, 86.2%	 loss: 2.459 acc@1: 48.12 mrr: 60.20, ndcg: 64.25, took: 0.35s
Epoch 17, 94.8%	 loss: 2.355 acc@1: 51.09 mrr: 63.19, ndcg: 67.40, took: 0.35s
Validation - loss: 4.4090, acc@1: 40.19%, f1: 31.31%, mrr: 50.57%, ndcg: 54.22%
Current learning rate: 0.000008

=== Epoch 18 ===
Epoch 18, 8.6%	 loss: 2.322 acc@1: 51.88 mrr: 63.36, ndcg: 67.61, took: 0.37s
Epoch 18, 17.2%	 loss: 2.433 acc@1: 48.44 mrr: 60.74, ndcg: 65.38, took: 0.36s
Epoch 18, 25.9%	 loss: 2.589 acc@1: 47.03 mrr: 58.76, ndcg: 63.04, took: 0.35s
Epoch 18, 34.5%	 loss: 2.347 acc@1: 47.97 mrr: 61.16, ndcg: 66.14, took: 0.35s
Epoch 18, 43.1%	 loss: 2.539 acc@1: 46.72 mrr: 59.41, ndcg: 64.07, took: 0.36s
Epoch 18, 51.7%	 loss: 2.343 acc@1: 50.00 mrr: 62.83, ndcg: 67.54, took: 0.36s
Epoch 18, 60.3%	 loss: 2.494 acc@1: 45.78 mrr: 58.99, ndcg: 63.42, took: 0.36s
Epoch 18, 69.0%	 loss: 2.383 acc@1: 46.09 mrr: 59.98, ndcg: 64.86, took: 0.36s
Epoch 18, 77.6%	 loss: 2.507 acc@1: 42.97 mrr: 57.54, ndcg: 63.15, took: 0.37s
Epoch 18, 86.2%	 loss: 2.540 acc@1: 45.62 mrr: 57.96, ndcg: 62.54, took: 0.36s
Epoch 18, 94.8%	 loss: 2.300 acc@1: 48.75 mrr: 61.93, ndcg: 66.89, took: 0.36s
Validation - loss: 4.4477, acc@1: 40.46%, f1: 31.32%, mrr: 50.73%, ndcg: 54.46%
Current learning rate: 0.000008

=== Epoch 19 ===
Epoch 19, 8.6%	 loss: 2.427 acc@1: 50.00 mrr: 61.47, ndcg: 65.52, took: 0.36s
Epoch 19, 17.2%	 loss: 2.477 acc@1: 45.62 mrr: 58.84, ndcg: 63.84, took: 0.36s
Epoch 19, 25.9%	 loss: 2.437 acc@1: 46.41 mrr: 60.00, ndcg: 65.02, took: 0.36s
Epoch 19, 34.5%	 loss: 2.394 acc@1: 48.91 mrr: 61.70, ndcg: 66.39, took: 0.38s
Epoch 19, 43.1%	 loss: 2.214 acc@1: 50.16 mrr: 63.52, ndcg: 68.41, took: 0.39s
Epoch 19, 51.7%	 loss: 2.560 acc@1: 45.16 mrr: 57.20, ndcg: 61.84, took: 0.39s
Epoch 19, 60.3%	 loss: 2.445 acc@1: 47.50 mrr: 60.20, ndcg: 64.90, took: 0.40s
Epoch 19, 69.0%	 loss: 2.465 acc@1: 49.38 mrr: 61.13, ndcg: 65.26, took: 0.39s
Epoch 19, 77.6%	 loss: 2.325 acc@1: 50.62 mrr: 62.69, ndcg: 66.88, took: 0.39s
Epoch 19, 86.2%	 loss: 2.457 acc@1: 44.69 mrr: 59.18, ndcg: 64.48, took: 0.39s
Epoch 19, 94.8%	 loss: 2.524 acc@1: 45.47 mrr: 58.94, ndcg: 64.03, took: 0.39s
Validation - loss: 4.3989, acc@1: 40.55%, f1: 31.50%, mrr: 50.81%, ndcg: 54.46%
Current learning rate: 0.000008

=== Epoch 20 ===
Epoch 20, 8.6%	 loss: 2.354 acc@1: 47.66 mrr: 61.25, ndcg: 66.17, took: 0.36s
Epoch 20, 17.2%	 loss: 2.502 acc@1: 49.53 mrr: 60.49, ndcg: 64.46, took: 0.36s
Epoch 20, 25.9%	 loss: 2.470 acc@1: 47.97 mrr: 60.21, ndcg: 64.53, took: 0.37s
Epoch 20, 34.5%	 loss: 2.628 acc@1: 43.75 mrr: 57.20, ndcg: 62.75, took: 0.36s
Epoch 20, 43.1%	 loss: 2.451 acc@1: 45.00 mrr: 58.87, ndcg: 63.76, took: 0.37s
Epoch 20, 51.7%	 loss: 2.317 acc@1: 48.12 mrr: 61.51, ndcg: 67.08, took: 0.36s
Epoch 20, 60.3%	 loss: 2.329 acc@1: 48.12 mrr: 61.00, ndcg: 66.29, took: 0.36s
Epoch 20, 69.0%	 loss: 2.398 acc@1: 49.84 mrr: 61.77, ndcg: 65.88, took: 0.36s
Epoch 20, 77.6%	 loss: 2.392 acc@1: 48.75 mrr: 60.75, ndcg: 64.92, took: 0.37s
Epoch 20, 86.2%	 loss: 2.363 acc@1: 49.69 mrr: 62.25, ndcg: 67.08, took: 0.36s
Epoch 20, 94.8%	 loss: 2.473 acc@1: 48.44 mrr: 60.55, ndcg: 64.82, took: 0.36s
Validation - loss: 4.4127, acc@1: 40.22%, f1: 31.26%, mrr: 50.67%, ndcg: 54.35%
Current learning rate: 0.000008

=== Epoch 21 ===
Epoch 21, 8.6%	 loss: 2.537 acc@1: 46.72 mrr: 59.13, ndcg: 63.75, took: 0.36s
Epoch 21, 17.2%	 loss: 2.469 acc@1: 49.06 mrr: 60.78, ndcg: 64.90, took: 0.37s
Epoch 21, 25.9%	 loss: 2.381 acc@1: 47.34 mrr: 60.95, ndcg: 65.50, took: 0.40s
Epoch 21, 34.5%	 loss: 2.498 acc@1: 47.34 mrr: 59.81, ndcg: 64.13, took: 0.39s
Epoch 21, 43.1%	 loss: 2.231 acc@1: 51.09 mrr: 63.77, ndcg: 68.64, took: 0.40s
Epoch 21, 51.7%	 loss: 2.445 acc@1: 48.44 mrr: 60.60, ndcg: 65.11, took: 0.39s
Epoch 21, 60.3%	 loss: 2.526 acc@1: 46.41 mrr: 58.55, ndcg: 63.38, took: 0.40s
Epoch 21, 69.0%	 loss: 2.407 acc@1: 47.66 mrr: 60.42, ndcg: 65.17, took: 0.40s
Epoch 21, 77.6%	 loss: 2.332 acc@1: 49.84 mrr: 62.45, ndcg: 66.98, took: 0.40s
Epoch 21, 86.2%	 loss: 2.333 acc@1: 50.62 mrr: 63.01, ndcg: 67.74, took: 0.40s
Epoch 21, 94.8%	 loss: 2.351 acc@1: 50.62 mrr: 62.17, ndcg: 66.35, took: 0.37s
Validation - loss: 4.4309, acc@1: 40.07%, f1: 31.30%, mrr: 50.49%, ndcg: 54.21%
Current learning rate: 0.000008

=== Epoch 22 ===
Epoch 22, 8.6%	 loss: 2.503 acc@1: 47.03 mrr: 59.63, ndcg: 64.32, took: 0.36s
Epoch 22, 17.2%	 loss: 2.468 acc@1: 47.97 mrr: 60.21, ndcg: 64.71, took: 0.36s
Epoch 22, 25.9%	 loss: 2.421 acc@1: 48.91 mrr: 61.66, ndcg: 65.90, took: 0.36s
Epoch 22, 34.5%	 loss: 2.606 acc@1: 45.00 mrr: 57.45, ndcg: 62.59, took: 0.36s
Epoch 22, 43.1%	 loss: 2.388 acc@1: 47.66 mrr: 61.00, ndcg: 65.91, took: 0.36s
Epoch 22, 51.7%	 loss: 2.436 acc@1: 46.72 mrr: 60.60, ndcg: 65.42, took: 0.37s
Epoch 22, 60.3%	 loss: 2.408 acc@1: 48.59 mrr: 61.07, ndcg: 65.89, took: 0.37s
Epoch 22, 69.0%	 loss: 2.416 acc@1: 48.91 mrr: 60.86, ndcg: 65.49, took: 0.37s
Epoch 22, 77.6%	 loss: 2.301 acc@1: 51.56 mrr: 63.61, ndcg: 68.09, took: 0.37s
Epoch 22, 86.2%	 loss: 2.386 acc@1: 52.50 mrr: 62.69, ndcg: 66.35, took: 0.39s
Epoch 22, 94.8%	 loss: 2.264 acc@1: 51.41 mrr: 63.56, ndcg: 68.05, took: 0.41s
Validation - loss: 4.4152, acc@1: 40.43%, f1: 31.48%, mrr: 50.73%, ndcg: 54.40%
Training finished.	 Time: 114.08s.	 acc@1: 40.55%

=== Test Results ===
Test Results:
  acc@1: 29.61%
  acc@5: 54.48%
  acc@10: 58.94%
  mrr: 40.84%
  ndcg: 44.96%
  f1: 21.20%

=== Training Complete ===
