2026-01-02 08:46:16,353 - INFO - ============================================================
2026-01-02 08:46:16,353 - INFO - ABLATION STUDY - FULL
2026-01-02 08:46:16,353 - INFO - ============================================================
2026-01-02 08:46:16,353 - INFO - Training for 50 epochs, patience=5
2026-01-02 08:46:16,354 - INFO - Model parameters: 1,081,554
2026-01-02 08:47:26,003 - INFO - Epoch 1/50 | LR: 7.14e-05 | Train: 3.2471 | Val: 3.2276 | Acc@1: 50.37%
2026-01-02 08:47:26,036 - INFO -   ✓ New best (Acc@1: 50.37%)
2026-01-02 08:48:34,593 - INFO - Epoch 2/50 | LR: 1.43e-04 | Train: 3.0609 | Val: 3.1629 | Acc@1: 52.53%
2026-01-02 08:48:34,637 - INFO -   ✓ New best (Acc@1: 52.53%)
2026-01-02 08:49:43,438 - INFO - Epoch 3/50 | LR: 2.14e-04 | Train: 2.9893 | Val: 3.1352 | Acc@1: 53.35%
2026-01-02 08:49:43,486 - INFO -   ✓ New best (Acc@1: 53.35%)
2026-01-02 08:50:51,488 - INFO - Epoch 4/50 | LR: 2.86e-04 | Train: 2.9425 | Val: 3.1152 | Acc@1: 54.37%
2026-01-02 08:50:51,533 - INFO -   ✓ New best (Acc@1: 54.37%)
2026-01-02 08:52:00,866 - INFO - Epoch 5/50 | LR: 3.57e-04 | Train: 2.9064 | Val: 3.1055 | Acc@1: 54.22%
2026-01-02 08:52:00,911 - INFO -   ✓ New best (Acc@1: 54.22%)
2026-01-02 08:53:10,147 - INFO - Epoch 6/50 | LR: 4.29e-04 | Train: 2.8683 | Val: 3.0881 | Acc@1: 54.73%
2026-01-02 08:53:10,193 - INFO -   ✓ New best (Acc@1: 54.73%)
2026-01-02 08:54:18,938 - INFO - Epoch 7/50 | LR: 5.00e-04 | Train: 2.8354 | Val: 3.0890 | Acc@1: 54.83%
2026-01-02 08:55:27,190 - INFO - Epoch 8/50 | LR: 5.00e-04 | Train: 2.7969 | Val: 3.0859 | Acc@1: 54.90%
2026-01-02 08:55:27,234 - INFO -   ✓ New best (Acc@1: 54.90%)
2026-01-02 08:56:35,101 - INFO - Epoch 9/50 | LR: 4.99e-04 | Train: 2.7675 | Val: 3.0886 | Acc@1: 55.05%
2026-01-02 08:57:42,977 - INFO - Epoch 10/50 | LR: 4.97e-04 | Train: 2.7459 | Val: 3.0949 | Acc@1: 54.88%
2026-01-02 08:58:51,598 - INFO - Epoch 11/50 | LR: 4.94e-04 | Train: 2.7309 | Val: 3.1078 | Acc@1: 54.72%
2026-01-02 09:00:00,151 - INFO - Epoch 12/50 | LR: 4.89e-04 | Train: 2.7221 | Val: 3.1333 | Acc@1: 54.16%
2026-01-02 09:01:08,843 - INFO - Epoch 13/50 | LR: 4.84e-04 | Train: 2.7006 | Val: 3.1232 | Acc@1: 54.32%
2026-01-02 09:01:08,843 - INFO - Early stopping at epoch 13
2026-01-02 09:01:13,777 - INFO - ============================================================
2026-01-02 09:01:13,777 - INFO - FINAL RESULTS - FULL
2026-01-02 09:01:13,777 - INFO - ============================================================
2026-01-02 09:01:13,777 - INFO - Validation Acc@1: 54.90%
2026-01-02 09:01:13,777 - INFO - Test Acc@1: 56.57%
2026-01-02 09:01:13,778 - INFO - Test Acc@5: 82.16%
2026-01-02 09:01:13,778 - INFO - Test Acc@10: 85.16%
2026-01-02 09:01:13,778 - INFO - Test MRR: 67.66%
2026-01-02 09:01:13,778 - INFO - Test NDCG: 71.88%
2026-01-02 09:01:13,778 - INFO - Test F1: 0.52%
2026-01-02 09:01:13,778 - INFO - ============================================================
