2025-12-30 21:20:06,506 - INFO - ============================================================
2025-12-30 21:20:06,506 - INFO - POINTER V45 - Training Started
2025-12-30 21:20:06,506 - INFO - ============================================================
2025-12-30 21:20:06,506 - INFO - Model config: {'d_model': 128, 'dim_feedforward': 512, 'dropout': 0.15, 'nhead': 2, 'num_layers': 2}
2025-12-30 21:20:06,506 - INFO - Training config: {'batch_size': 128, 'grad_clip': 0.8, 'label_smoothing': 0.03, 'learning_rate': 0.0007, 'min_epochs': 3, 'min_lr': 1e-06, 'num_epochs': 50, 'patience': 5, 'use_amp': True, 'warmup_epochs': 5, 'weight_decay': 0.015}
2025-12-30 21:20:06,506 - INFO - ============================================================
2025-12-30 21:20:06,506 - INFO - Training for 50 epochs
2025-12-30 21:20:06,507 - INFO - Model parameters: 1,791,614
2025-12-30 21:22:25,946 - INFO - Epoch 1/50 | LR: 1.40e-04 | Train: 2.9420 | Val: 2.7743 | Acc@1: 52.37%
2025-12-30 21:22:25,998 - INFO -   ✓ New best (Acc@1: 52.37%)
2025-12-30 21:24:36,166 - INFO - Epoch 2/50 | LR: 2.80e-04 | Train: 2.7147 | Val: 2.7275 | Acc@1: 53.11%
2025-12-30 21:24:36,221 - INFO -   ✓ New best (Acc@1: 53.11%)
2025-12-30 21:26:30,837 - INFO - Epoch 3/50 | LR: 4.20e-04 | Train: 2.5988 | Val: 2.6949 | Acc@1: 54.54%
2025-12-30 21:26:30,892 - INFO -   ✓ New best (Acc@1: 54.54%)
2025-12-30 21:28:15,869 - INFO - Epoch 4/50 | LR: 5.60e-04 | Train: 2.5012 | Val: 2.6732 | Acc@1: 53.27%
2025-12-30 21:28:15,923 - INFO -   ✓ New best (Acc@1: 53.27%)
2025-12-30 21:30:02,061 - INFO - Epoch 5/50 | LR: 7.00e-04 | Train: 2.4159 | Val: 2.6675 | Acc@1: 53.65%
2025-12-30 21:30:02,117 - INFO -   ✓ New best (Acc@1: 53.65%)
2025-12-30 21:31:47,545 - INFO - Epoch 6/50 | LR: 7.00e-04 | Train: 2.3159 | Val: 2.6603 | Acc@1: 53.74%
2025-12-30 21:31:47,598 - INFO -   ✓ New best (Acc@1: 53.74%)
2025-12-30 21:33:33,748 - INFO - Epoch 7/50 | LR: 6.99e-04 | Train: 2.2199 | Val: 2.6909 | Acc@1: 53.68%
2025-12-30 21:35:19,684 - INFO - Epoch 8/50 | LR: 6.97e-04 | Train: 2.1334 | Val: 2.7203 | Acc@1: 53.55%
2025-12-30 21:37:05,264 - INFO - Epoch 9/50 | LR: 6.92e-04 | Train: 2.0485 | Val: 2.7849 | Acc@1: 52.47%
2025-12-30 21:38:51,459 - INFO - Epoch 10/50 | LR: 6.86e-04 | Train: 1.9759 | Val: 2.8397 | Acc@1: 52.05%
2025-12-30 21:40:33,843 - INFO - Epoch 11/50 | LR: 6.79e-04 | Train: 1.9017 | Val: 2.9224 | Acc@1: 51.90%
2025-12-30 21:40:33,843 - INFO - Early stopping at epoch 11
2025-12-30 21:40:34,412 - INFO - Loaded checkpoint from epoch 6
2025-12-30 21:40:38,137 - INFO - ============================================================
2025-12-30 21:40:38,137 - INFO - FINAL VALIDATION RESULTS
2025-12-30 21:40:38,137 - INFO -   Acc@1:  53.74%
2025-12-30 21:40:38,137 - INFO -   Acc@5:  81.65%
2025-12-30 21:40:38,137 - INFO -   Acc@10: 86.30%
2025-12-30 21:40:38,137 - INFO -   MRR:    65.70%
2025-12-30 21:40:38,137 - INFO -   NDCG:   70.55%
2025-12-30 21:40:38,137 - INFO - ============================================================
2025-12-30 21:40:38,137 - INFO - FINAL TEST RESULTS
2025-12-30 21:40:38,138 - INFO -   Acc@1:  54.66%
2025-12-30 21:40:38,138 - INFO -   Acc@5:  82.96%
2025-12-30 21:40:38,138 - INFO -   Acc@10: 87.44%
2025-12-30 21:40:38,138 - INFO -   MRR:    66.95%
2025-12-30 21:40:38,138 - INFO -   NDCG:   71.81%
2025-12-30 21:40:38,138 - INFO - ============================================================
