2025-12-30 11:51:12,958 - INFO - ============================================================
2025-12-30 11:51:12,958 - INFO - POINTER V45 - Training Started
2025-12-30 11:51:12,958 - INFO - ============================================================
2025-12-30 11:51:12,958 - INFO - Model config: {'d_model': 64, 'dim_feedforward': 512, 'dropout': 0.15, 'nhead': 2, 'num_layers': 4}
2025-12-30 11:51:12,958 - INFO - Training config: {'batch_size': 128, 'grad_clip': 0.8, 'label_smoothing': 0.03, 'learning_rate': 0.0006, 'min_epochs': 3, 'min_lr': 1e-06, 'num_epochs': 2, 'patience': 5, 'use_amp': True, 'warmup_epochs': 5, 'weight_decay': 0.015}
2025-12-30 11:51:12,958 - INFO - ============================================================
2025-12-30 11:51:12,958 - INFO - Training for 2 epochs
2025-12-30 11:51:12,959 - INFO - Model parameters: 1,354,016
2025-12-30 11:52:01,752 - INFO - Epoch 1/2 | LR: 1.20e-04 | Train: 3.2887 | Val: 3.1842 | Acc@1: 50.69%
2025-12-30 11:52:01,798 - INFO -   ✓ New best (Acc@1: 50.69%)
2025-12-30 11:52:48,958 - INFO - Epoch 2/2 | LR: 2.40e-04 | Train: 3.0690 | Val: 3.1061 | Acc@1: 52.74%
2025-12-30 11:52:49,005 - INFO -   ✓ New best (Acc@1: 52.74%)
2025-12-30 11:52:49,065 - INFO - Loaded checkpoint from epoch 2
2025-12-30 11:52:53,387 - INFO - ============================================================
2025-12-30 11:52:53,387 - INFO - FINAL VALIDATION RESULTS
2025-12-30 11:52:53,387 - INFO -   Acc@1:  52.74%
2025-12-30 11:52:53,387 - INFO -   Acc@5:  78.04%
2025-12-30 11:52:53,387 - INFO -   Acc@10: 80.32%
2025-12-30 11:52:53,387 - INFO -   MRR:    63.82%
2025-12-30 11:52:53,388 - INFO -   NDCG:   67.82%
2025-12-30 11:52:53,388 - INFO - ============================================================
2025-12-30 11:52:53,388 - INFO - FINAL TEST RESULTS
2025-12-30 11:52:53,388 - INFO -   Acc@1:  53.57%
2025-12-30 11:52:53,388 - INFO -   Acc@5:  79.56%
2025-12-30 11:52:53,388 - INFO -   Acc@10: 82.07%
2025-12-30 11:52:53,388 - INFO -   MRR:    64.90%
2025-12-30 11:52:53,388 - INFO -   NDCG:   69.06%
2025-12-30 11:52:53,388 - INFO - ============================================================
