2025-12-30 16:51:14,148 - INFO - ============================================================
2025-12-30 16:51:14,148 - INFO - POINTER V45 - Training Started
2025-12-30 16:51:14,148 - INFO - ============================================================
2025-12-30 16:51:14,148 - INFO - Model config: {'d_model': 128, 'dim_feedforward': 512, 'dropout': 0.15, 'nhead': 4, 'num_layers': 2}
2025-12-30 16:51:14,148 - INFO - Training config: {'batch_size': 128, 'grad_clip': 0.8, 'label_smoothing': 0.03, 'learning_rate': 0.0007, 'min_epochs': 3, 'min_lr': 1e-06, 'num_epochs': 50, 'patience': 5, 'use_amp': True, 'warmup_epochs': 5, 'weight_decay': 0.015}
2025-12-30 16:51:14,148 - INFO - ============================================================
2025-12-30 16:51:14,148 - INFO - Training for 50 epochs
2025-12-30 16:51:14,149 - INFO - Model parameters: 2,480,224
2025-12-30 16:53:20,918 - INFO - Epoch 1/50 | LR: 1.40e-04 | Train: 3.2316 | Val: 3.1600 | Acc@1: 51.29%
2025-12-30 16:53:20,983 - INFO -   ✓ New best (Acc@1: 51.29%)
2025-12-30 16:55:24,102 - INFO - Epoch 2/50 | LR: 2.80e-04 | Train: 3.0238 | Val: 3.0759 | Acc@1: 53.53%
2025-12-30 16:55:24,177 - INFO -   ✓ New best (Acc@1: 53.53%)
2025-12-30 16:57:26,952 - INFO - Epoch 3/50 | LR: 4.20e-04 | Train: 2.8816 | Val: 2.9807 | Acc@1: 53.74%
2025-12-30 16:57:27,024 - INFO -   ✓ New best (Acc@1: 53.74%)
2025-12-30 16:59:30,422 - INFO - Epoch 4/50 | LR: 5.60e-04 | Train: 2.7284 | Val: 2.9056 | Acc@1: 54.53%
2025-12-30 16:59:30,493 - INFO -   ✓ New best (Acc@1: 54.53%)
2025-12-30 17:01:32,047 - INFO - Epoch 5/50 | LR: 7.00e-04 | Train: 2.6361 | Val: 2.8858 | Acc@1: 54.43%
2025-12-30 17:01:32,119 - INFO -   ✓ New best (Acc@1: 54.43%)
2025-12-30 17:03:35,029 - INFO - Epoch 6/50 | LR: 7.00e-04 | Train: 2.5448 | Val: 2.8737 | Acc@1: 54.13%
2025-12-30 17:03:35,102 - INFO -   ✓ New best (Acc@1: 54.13%)
2025-12-30 17:05:37,010 - INFO - Epoch 7/50 | LR: 6.99e-04 | Train: 2.4783 | Val: 2.8679 | Acc@1: 54.75%
2025-12-30 17:05:37,085 - INFO -   ✓ New best (Acc@1: 54.75%)
2025-12-30 17:07:40,375 - INFO - Epoch 8/50 | LR: 6.97e-04 | Train: 2.4151 | Val: 2.8888 | Acc@1: 54.17%
2025-12-30 17:09:41,946 - INFO - Epoch 9/50 | LR: 6.92e-04 | Train: 2.3654 | Val: 2.8968 | Acc@1: 54.09%
2025-12-30 17:11:43,371 - INFO - Epoch 10/50 | LR: 6.86e-04 | Train: 2.3344 | Val: 2.9506 | Acc@1: 53.47%
2025-12-30 17:13:41,076 - INFO - Epoch 11/50 | LR: 6.79e-04 | Train: 2.2897 | Val: 2.9825 | Acc@1: 53.40%
2025-12-30 17:15:43,003 - INFO - Epoch 12/50 | LR: 6.70e-04 | Train: 2.2575 | Val: 2.9939 | Acc@1: 53.04%
2025-12-30 17:15:43,003 - INFO - Early stopping at epoch 12
2025-12-30 17:15:43,645 - INFO - Loaded checkpoint from epoch 7
2025-12-30 17:16:03,603 - INFO - ============================================================
2025-12-30 17:16:03,603 - INFO - FINAL VALIDATION RESULTS
2025-12-30 17:16:03,603 - INFO -   Acc@1:  54.75%
2025-12-30 17:16:03,603 - INFO -   Acc@5:  80.19%
2025-12-30 17:16:03,603 - INFO -   Acc@10: 84.23%
2025-12-30 17:16:03,603 - INFO -   MRR:    65.83%
2025-12-30 17:16:03,603 - INFO -   NDCG:   70.19%
2025-12-30 17:16:03,604 - INFO - ============================================================
2025-12-30 17:16:03,604 - INFO - FINAL TEST RESULTS
2025-12-30 17:16:03,604 - INFO -   Acc@1:  54.83%
2025-12-30 17:16:03,604 - INFO -   Acc@5:  81.30%
2025-12-30 17:16:03,604 - INFO -   Acc@10: 85.35%
2025-12-30 17:16:03,604 - INFO -   MRR:    66.37%
2025-12-30 17:16:03,604 - INFO -   NDCG:   70.89%
2025-12-30 17:16:03,604 - INFO - ============================================================
