2025-12-28 19:58:09,935 - INFO - ============================================================
2025-12-28 19:58:09,935 - INFO - POINTER V45 - Training Started
2025-12-28 19:58:09,935 - INFO - ============================================================
2025-12-28 19:58:09,935 - INFO - Model config: {'d_model': 64, 'dim_feedforward': 128, 'dropout': 0.15, 'nhead': 4, 'num_layers': 2}
2025-12-28 19:58:09,935 - INFO - Training config: {'batch_size': 128, 'grad_clip': 0.8, 'label_smoothing': 0.03, 'learning_rate': 0.0006, 'min_epochs': 8, 'min_lr': 1e-06, 'num_epochs': 50, 'patience': 5, 'use_amp': True, 'warmup_epochs': 5, 'weight_decay': 0.015}
2025-12-28 19:58:09,935 - INFO - ============================================================
2025-12-28 19:58:09,935 - INFO - Training for 50 epochs
2025-12-28 19:58:09,936 - INFO - Model parameters: 246,251
2025-12-28 19:58:17,480 - INFO - Epoch 1/50 | LR: 1.20e-04 | Train: 4.1332 | Val: 3.0605 | Acc@1: 37.07%
2025-12-28 19:58:17,500 - INFO -   ✓ New best (Acc@1: 37.07%)
2025-12-28 19:58:22,887 - INFO - Epoch 2/50 | LR: 2.40e-04 | Train: 3.8077 | Val: 2.9503 | Acc@1: 42.23%
2025-12-28 19:58:22,908 - INFO -   ✓ New best (Acc@1: 42.23%)
2025-12-28 19:58:28,608 - INFO - Epoch 3/50 | LR: 3.60e-04 | Train: 3.6122 | Val: 2.9074 | Acc@1: 45.64%
2025-12-28 19:58:28,629 - INFO -   ✓ New best (Acc@1: 45.64%)
2025-12-28 19:58:34,333 - INFO - Epoch 4/50 | LR: 4.80e-04 | Train: 3.4273 | Val: 2.8845 | Acc@1: 46.27%
2025-12-28 19:58:34,354 - INFO -   ✓ New best (Acc@1: 46.27%)
2025-12-28 19:58:39,906 - INFO - Epoch 5/50 | LR: 6.00e-04 | Train: 3.2736 | Val: 2.9156 | Acc@1: 46.56%
2025-12-28 19:58:44,220 - INFO - Epoch 6/50 | LR: 6.00e-04 | Train: 3.0958 | Val: 2.8342 | Acc@1: 48.44%
2025-12-28 19:58:44,241 - INFO -   ✓ New best (Acc@1: 48.44%)
2025-12-28 19:58:48,918 - INFO - Epoch 7/50 | LR: 5.99e-04 | Train: 2.9529 | Val: 2.8272 | Acc@1: 48.85%
2025-12-28 19:58:48,939 - INFO -   ✓ New best (Acc@1: 48.85%)
2025-12-28 19:58:53,942 - INFO - Epoch 8/50 | LR: 5.97e-04 | Train: 2.7802 | Val: 2.8899 | Acc@1: 48.60%
2025-12-28 19:58:58,835 - INFO - Epoch 9/50 | LR: 5.93e-04 | Train: 2.6317 | Val: 2.9133 | Acc@1: 48.89%
2025-12-28 19:59:03,585 - INFO - Epoch 10/50 | LR: 5.88e-04 | Train: 2.4956 | Val: 2.9435 | Acc@1: 48.09%
2025-12-28 19:59:08,418 - INFO - Epoch 11/50 | LR: 5.82e-04 | Train: 2.3688 | Val: 2.9737 | Acc@1: 47.42%
2025-12-28 19:59:13,815 - INFO - Epoch 12/50 | LR: 5.74e-04 | Train: 2.2592 | Val: 2.9798 | Acc@1: 47.55%
2025-12-28 19:59:13,815 - INFO - Early stopping at epoch 12
2025-12-28 19:59:14,433 - INFO - Loaded checkpoint from epoch 7
2025-12-28 19:59:17,588 - INFO - ============================================================
2025-12-28 19:59:17,588 - INFO - FINAL VALIDATION RESULTS
2025-12-28 19:59:17,588 - INFO -   Acc@1:  48.85%
2025-12-28 19:59:17,588 - INFO -   Acc@5:  79.17%
2025-12-28 19:59:17,588 - INFO -   Acc@10: 83.22%
2025-12-28 19:59:17,588 - INFO -   MRR:    61.95%
2025-12-28 19:59:17,588 - INFO -   NDCG:   66.96%
2025-12-28 19:59:17,588 - INFO - ============================================================
2025-12-28 19:59:17,588 - INFO - FINAL TEST RESULTS
2025-12-28 19:59:17,588 - INFO -   Acc@1:  50.53%
2025-12-28 19:59:17,588 - INFO -   Acc@5:  82.56%
2025-12-28 19:59:17,588 - INFO -   Acc@10: 86.03%
2025-12-28 19:59:17,588 - INFO -   MRR:    64.82%
2025-12-28 19:59:17,589 - INFO -   NDCG:   69.96%
2025-12-28 19:59:17,589 - INFO - ============================================================
