2025-12-30 19:39:29,123 - INFO - ============================================================
2025-12-30 19:39:29,123 - INFO - POINTER V45 - Training Started
2025-12-30 19:39:29,123 - INFO - ============================================================
2025-12-30 19:39:29,123 - INFO - Model config: {'d_model': 64, 'dim_feedforward': 256, 'dropout': 0.15, 'nhead': 4, 'num_layers': 4}
2025-12-30 19:39:29,124 - INFO - Training config: {'batch_size': 128, 'grad_clip': 0.8, 'label_smoothing': 0.03, 'learning_rate': 0.0006, 'min_epochs': 3, 'min_lr': 1e-06, 'num_epochs': 50, 'patience': 5, 'use_amp': True, 'warmup_epochs': 5, 'weight_decay': 0.015}
2025-12-30 19:39:29,124 - INFO - ============================================================
2025-12-30 19:39:29,124 - INFO - Training for 50 epochs
2025-12-30 19:39:29,124 - INFO - Model parameters: 1,059,055
2025-12-30 19:42:26,390 - INFO - Epoch 1/50 | LR: 1.20e-04 | Train: 3.0669 | Val: 2.9510 | Acc@1: 49.71%
2025-12-30 19:42:26,438 - INFO -   ✓ New best (Acc@1: 49.71%)
2025-12-30 19:45:21,326 - INFO - Epoch 2/50 | LR: 2.40e-04 | Train: 2.8389 | Val: 2.8841 | Acc@1: 51.82%
2025-12-30 19:45:21,377 - INFO -   ✓ New best (Acc@1: 51.82%)
2025-12-30 19:48:17,124 - INFO - Epoch 3/50 | LR: 3.60e-04 | Train: 2.7487 | Val: 2.8559 | Acc@1: 52.89%
2025-12-30 19:48:17,176 - INFO -   ✓ New best (Acc@1: 52.89%)
2025-12-30 19:51:12,273 - INFO - Epoch 4/50 | LR: 4.80e-04 | Train: 2.6868 | Val: 2.8239 | Acc@1: 53.55%
2025-12-30 19:51:12,325 - INFO -   ✓ New best (Acc@1: 53.55%)
2025-12-30 19:54:07,274 - INFO - Epoch 5/50 | LR: 6.00e-04 | Train: 2.6323 | Val: 2.8043 | Acc@1: 54.41%
2025-12-30 19:54:07,328 - INFO -   ✓ New best (Acc@1: 54.41%)
2025-12-30 19:57:01,276 - INFO - Epoch 6/50 | LR: 6.00e-04 | Train: 2.5612 | Val: 2.7787 | Acc@1: 54.63%
2025-12-30 19:57:01,327 - INFO -   ✓ New best (Acc@1: 54.63%)
2025-12-30 19:59:56,433 - INFO - Epoch 7/50 | LR: 5.99e-04 | Train: 2.5022 | Val: 2.7775 | Acc@1: 54.47%
2025-12-30 19:59:56,485 - INFO -   ✓ New best (Acc@1: 54.47%)
2025-12-30 20:02:51,523 - INFO - Epoch 8/50 | LR: 5.97e-04 | Train: 2.4511 | Val: 2.7933 | Acc@1: 54.31%
2025-12-30 20:05:46,448 - INFO - Epoch 9/50 | LR: 5.93e-04 | Train: 2.4077 | Val: 2.7950 | Acc@1: 53.76%
2025-12-30 20:08:36,921 - INFO - Epoch 10/50 | LR: 5.88e-04 | Train: 2.3678 | Val: 2.8222 | Acc@1: 53.49%
2025-12-30 20:11:26,649 - INFO - Epoch 11/50 | LR: 5.82e-04 | Train: 2.3281 | Val: 2.8222 | Acc@1: 53.50%
2025-12-30 20:14:16,547 - INFO - Epoch 12/50 | LR: 5.74e-04 | Train: 2.2947 | Val: 2.8673 | Acc@1: 53.00%
2025-12-30 20:14:16,547 - INFO - Early stopping at epoch 12
2025-12-30 20:14:18,563 - INFO - Loaded checkpoint from epoch 7
2025-12-30 20:14:32,512 - INFO - ============================================================
2025-12-30 20:14:32,512 - INFO - FINAL VALIDATION RESULTS
2025-12-30 20:14:32,512 - INFO -   Acc@1:  54.47%
2025-12-30 20:14:32,512 - INFO -   Acc@5:  80.80%
2025-12-30 20:14:32,512 - INFO -   Acc@10: 84.63%
2025-12-30 20:14:32,512 - INFO -   MRR:    65.89%
2025-12-30 20:14:32,512 - INFO -   NDCG:   70.32%
2025-12-30 20:14:32,513 - INFO - ============================================================
2025-12-30 20:14:32,513 - INFO - FINAL TEST RESULTS
2025-12-30 20:14:32,513 - INFO -   Acc@1:  55.80%
2025-12-30 20:14:32,513 - INFO -   Acc@5:  82.24%
2025-12-30 20:14:32,513 - INFO -   Acc@10: 85.93%
2025-12-30 20:14:32,513 - INFO -   MRR:    67.24%
2025-12-30 20:14:32,513 - INFO -   NDCG:   71.69%
2025-12-30 20:14:32,513 - INFO - ============================================================
