2025-12-28 18:24:32,787 - INFO - ============================================================
2025-12-28 18:24:32,787 - INFO - POINTER V45 - Training Started
2025-12-28 18:24:32,787 - INFO - ============================================================
2025-12-28 18:24:32,787 - INFO - Model config: {'d_model': 128, 'nhead': 4, 'num_layers': 3, 'dim_feedforward': 256, 'dropout': 0.15}
2025-12-28 18:24:32,787 - INFO - Training config: {'batch_size': 128, 'num_epochs': 2, 'learning_rate': 0.0009, 'weight_decay': 0.015, 'label_smoothing': 0.03, 'grad_clip': 0.8, 'patience': 5, 'min_epochs': 8, 'warmup_epochs': 5, 'use_amp': True, 'min_lr': 1e-06}
2025-12-28 18:24:32,787 - INFO - ============================================================
2025-12-28 18:24:32,787 - INFO - Training for 2 epochs
2025-12-28 18:24:32,788 - INFO - Model parameters: 2,481,120
2025-12-28 18:25:29,935 - INFO - Epoch 1/2 | LR: 1.80e-04 | Train: 3.2571 | Val: 3.1424 | Acc@1: 52.20%
2025-12-28 18:25:29,996 - INFO -   ✓ New best (Acc@1: 52.20%)
2025-12-28 18:26:29,348 - INFO - Epoch 2/2 | LR: 3.60e-04 | Train: 3.0155 | Val: 3.0619 | Acc@1: 53.49%
2025-12-28 18:26:29,414 - INFO -   ✓ New best (Acc@1: 53.49%)
2025-12-28 18:26:29,502 - INFO - Loaded checkpoint from epoch 2
2025-12-28 18:26:34,536 - INFO - ============================================================
2025-12-28 18:26:34,536 - INFO - FINAL VALIDATION RESULTS
2025-12-28 18:26:34,537 - INFO -   Acc@1:  53.49%
2025-12-28 18:26:34,537 - INFO -   Acc@5:  78.16%
2025-12-28 18:26:34,537 - INFO -   Acc@10: 80.88%
2025-12-28 18:26:34,537 - INFO -   MRR:    64.41%
2025-12-28 18:26:34,537 - INFO -   NDCG:   68.35%
2025-12-28 18:26:34,537 - INFO - ============================================================
2025-12-28 18:26:34,537 - INFO - FINAL TEST RESULTS
2025-12-28 18:26:34,537 - INFO -   Acc@1:  54.44%
2025-12-28 18:26:34,537 - INFO -   Acc@5:  79.72%
2025-12-28 18:26:34,537 - INFO -   Acc@10: 82.37%
2025-12-28 18:26:34,537 - INFO -   MRR:    65.49%
2025-12-28 18:26:34,537 - INFO -   NDCG:   69.55%
2025-12-28 18:26:34,537 - INFO - ============================================================
