2025-12-29 09:10:32,396 - INFO - ============================================================
2025-12-29 09:10:32,396 - INFO - POINTER V45 - Training Started
2025-12-29 09:10:32,396 - INFO - ============================================================
2025-12-29 09:10:32,396 - INFO - Model config: {'d_model': 64, 'dim_feedforward': 128, 'dropout': 0.15, 'nhead': 4, 'num_layers': 2}
2025-12-29 09:10:32,396 - INFO - Training config: {'batch_size': 128, 'grad_clip': 0.8, 'label_smoothing': 0.03, 'learning_rate': 0.00065, 'min_epochs': 8, 'min_lr': 1e-06, 'num_epochs': 50, 'patience': 5, 'use_amp': True, 'warmup_epochs': 5, 'weight_decay': 0.015}
2025-12-29 09:10:32,396 - INFO - ============================================================
2025-12-29 09:10:32,396 - INFO - Training for 50 epochs
2025-12-29 09:10:32,397 - INFO - Model parameters: 241,834
2025-12-29 09:10:37,307 - INFO - Epoch 1/50 | LR: 1.30e-04 | Train: 4.0355 | Val: 2.9590 | Acc@1: 38.53%
2025-12-29 09:10:37,328 - INFO -   ✓ New best (Acc@1: 38.53%)
2025-12-29 09:10:40,733 - INFO - Epoch 2/50 | LR: 2.60e-04 | Train: 3.7407 | Val: 2.8587 | Acc@1: 43.74%
2025-12-29 09:10:40,757 - INFO -   ✓ New best (Acc@1: 43.74%)
2025-12-29 09:10:44,223 - INFO - Epoch 3/50 | LR: 3.90e-04 | Train: 3.5501 | Val: 2.8145 | Acc@1: 45.98%
2025-12-29 09:10:44,245 - INFO -   ✓ New best (Acc@1: 45.98%)
2025-12-29 09:10:47,723 - INFO - Epoch 4/50 | LR: 5.20e-04 | Train: 3.3684 | Val: 2.7514 | Acc@1: 47.31%
2025-12-29 09:10:47,744 - INFO -   ✓ New best (Acc@1: 47.31%)
2025-12-29 09:10:51,446 - INFO - Epoch 5/50 | LR: 6.50e-04 | Train: 3.2197 | Val: 2.7692 | Acc@1: 47.31%
2025-12-29 09:10:54,956 - INFO - Epoch 6/50 | LR: 6.50e-04 | Train: 3.0519 | Val: 2.7621 | Acc@1: 47.83%
2025-12-29 09:10:58,424 - INFO - Epoch 7/50 | LR: 6.49e-04 | Train: 2.8898 | Val: 2.7706 | Acc@1: 47.24%
2025-12-29 09:11:01,930 - INFO - Epoch 8/50 | LR: 6.47e-04 | Train: 2.7395 | Val: 2.8019 | Acc@1: 47.76%
2025-12-29 09:11:05,369 - INFO - Epoch 9/50 | LR: 6.43e-04 | Train: 2.5925 | Val: 2.7971 | Acc@1: 48.29%
2025-12-29 09:11:05,370 - INFO - Early stopping at epoch 9
2025-12-29 09:11:05,453 - INFO - Loaded checkpoint from epoch 4
2025-12-29 09:11:06,830 - INFO - ============================================================
2025-12-29 09:11:06,831 - INFO - FINAL VALIDATION RESULTS
2025-12-29 09:11:06,831 - INFO -   Acc@1:  47.31%
2025-12-29 09:11:06,831 - INFO -   Acc@5:  80.59%
2025-12-29 09:11:06,831 - INFO -   Acc@10: 84.83%
2025-12-29 09:11:06,831 - INFO -   MRR:    61.89%
2025-12-29 09:11:06,831 - INFO -   NDCG:   67.36%
2025-12-29 09:11:06,831 - INFO - ============================================================
2025-12-29 09:11:06,831 - INFO - FINAL TEST RESULTS
2025-12-29 09:11:06,831 - INFO -   Acc@1:  51.75%
2025-12-29 09:11:06,831 - INFO -   Acc@5:  84.05%
2025-12-29 09:11:06,831 - INFO -   Acc@10: 87.13%
2025-12-29 09:11:06,831 - INFO -   MRR:    66.31%
2025-12-29 09:11:06,831 - INFO -   NDCG:   71.38%
2025-12-29 09:11:06,831 - INFO - ============================================================
