2025-12-29 19:09:29,674 - INFO - ============================================================
2025-12-29 19:09:29,675 - INFO - POINTER V45 - Training Started
2025-12-29 19:09:29,675 - INFO - ============================================================
2025-12-29 19:09:29,675 - INFO - Model config: {'d_model': 32, 'dim_feedforward': 128, 'dropout': 0.15, 'nhead': 2, 'num_layers': 2}
2025-12-29 19:09:29,675 - INFO - Training config: {'batch_size': 128, 'grad_clip': 0.8, 'label_smoothing': 0.03, 'learning_rate': 0.00065, 'min_epochs': 8, 'min_lr': 1e-06, 'num_epochs': 2, 'patience': 5, 'use_amp': True, 'warmup_epochs': 5, 'weight_decay': 0.015}
2025-12-29 19:09:29,675 - INFO - ============================================================
2025-12-29 19:09:29,675 - INFO - Training for 2 epochs
2025-12-29 19:09:29,675 - INFO - Model parameters: 112,196
2025-12-29 19:09:32,268 - INFO - Epoch 1/2 | LR: 1.30e-04 | Train: 4.3496 | Val: 3.4503 | Acc@1: 38.80%
2025-12-29 19:09:32,286 - INFO -   ✓ New best (Acc@1: 38.80%)
2025-12-29 19:09:34,249 - INFO - Epoch 2/2 | LR: 2.60e-04 | Train: 4.0677 | Val: 3.3430 | Acc@1: 42.02%
2025-12-29 19:09:34,267 - INFO -   ✓ New best (Acc@1: 42.02%)
2025-12-29 19:09:34,305 - INFO - Loaded checkpoint from epoch 2
2025-12-29 19:09:35,120 - INFO - ============================================================
2025-12-29 19:09:35,120 - INFO - FINAL VALIDATION RESULTS
2025-12-29 19:09:35,120 - INFO -   Acc@1:  42.02%
2025-12-29 19:09:35,120 - INFO -   Acc@5:  73.52%
2025-12-29 19:09:35,120 - INFO -   Acc@10: 76.27%
2025-12-29 19:09:35,120 - INFO -   MRR:    55.66%
2025-12-29 19:09:35,120 - INFO -   NDCG:   60.65%
2025-12-29 19:09:35,120 - INFO - ============================================================
2025-12-29 19:09:35,120 - INFO - FINAL TEST RESULTS
2025-12-29 19:09:35,121 - INFO -   Acc@1:  47.17%
2025-12-29 19:09:35,121 - INFO -   Acc@5:  76.29%
2025-12-29 19:09:35,121 - INFO -   Acc@10: 78.74%
2025-12-29 19:09:35,121 - INFO -   MRR:    60.43%
2025-12-29 19:09:35,121 - INFO -   NDCG:   64.90%
2025-12-29 19:09:35,121 - INFO - ============================================================
