2025-12-29 06:45:46,296 - INFO - ============================================================
2025-12-29 06:45:46,296 - INFO - POINTER V45 - Training Started
2025-12-29 06:45:46,296 - INFO - ============================================================
2025-12-29 06:45:46,296 - INFO - Model config: {'d_model': 128, 'dim_feedforward': 256, 'dropout': 0.15, 'nhead': 4, 'num_layers': 3}
2025-12-29 06:45:46,296 - INFO - Training config: {'batch_size': 128, 'grad_clip': 0.8, 'label_smoothing': 0.03, 'learning_rate': 0.0007, 'min_epochs': 8, 'min_lr': 1e-06, 'num_epochs': 50, 'patience': 5, 'use_amp': True, 'warmup_epochs': 5, 'weight_decay': 0.015}
2025-12-29 06:45:46,296 - INFO - ============================================================
2025-12-29 06:45:46,296 - INFO - Training for 50 epochs
2025-12-29 06:45:46,297 - INFO - Model parameters: 2,481,120
2025-12-29 06:47:21,523 - INFO - Epoch 1/50 | LR: 1.40e-04 | Train: 3.2795 | Val: 3.1601 | Acc@1: 51.62%
2025-12-29 06:47:21,587 - INFO -   ✓ New best (Acc@1: 51.62%)
2025-12-29 06:48:55,047 - INFO - Epoch 2/50 | LR: 2.80e-04 | Train: 3.0334 | Val: 3.0801 | Acc@1: 53.50%
2025-12-29 06:48:55,117 - INFO -   ✓ New best (Acc@1: 53.50%)
2025-12-29 06:50:28,559 - INFO - Epoch 3/50 | LR: 4.20e-04 | Train: 2.9008 | Val: 2.9824 | Acc@1: 54.09%
2025-12-29 06:50:28,630 - INFO -   ✓ New best (Acc@1: 54.09%)
2025-12-29 06:51:59,278 - INFO - Epoch 4/50 | LR: 5.60e-04 | Train: 2.7490 | Val: 2.9197 | Acc@1: 53.96%
2025-12-29 06:51:59,347 - INFO -   ✓ New best (Acc@1: 53.96%)
2025-12-29 06:53:33,216 - INFO - Epoch 5/50 | LR: 7.00e-04 | Train: 2.6483 | Val: 2.8891 | Acc@1: 54.11%
2025-12-29 06:53:33,288 - INFO -   ✓ New best (Acc@1: 54.11%)
2025-12-29 06:55:06,749 - INFO - Epoch 6/50 | LR: 7.00e-04 | Train: 2.5582 | Val: 2.8635 | Acc@1: 54.25%
2025-12-29 06:55:06,818 - INFO -   ✓ New best (Acc@1: 54.25%)
2025-12-29 06:56:41,038 - INFO - Epoch 7/50 | LR: 6.99e-04 | Train: 2.4843 | Val: 2.8629 | Acc@1: 54.41%
2025-12-29 06:56:41,112 - INFO -   ✓ New best (Acc@1: 54.41%)
2025-12-29 06:58:13,776 - INFO - Epoch 8/50 | LR: 6.97e-04 | Train: 2.4299 | Val: 2.8959 | Acc@1: 54.21%
2025-12-29 06:59:37,066 - INFO - Epoch 9/50 | LR: 6.92e-04 | Train: 2.3780 | Val: 2.9097 | Acc@1: 53.47%
2025-12-29 07:01:08,890 - INFO - Epoch 10/50 | LR: 6.86e-04 | Train: 2.3411 | Val: 2.9328 | Acc@1: 54.06%
2025-12-29 07:02:43,590 - INFO - Epoch 11/50 | LR: 6.79e-04 | Train: 2.3098 | Val: 2.9662 | Acc@1: 53.57%
2025-12-29 07:04:14,151 - INFO - Epoch 12/50 | LR: 6.70e-04 | Train: 2.2736 | Val: 2.9638 | Acc@1: 53.01%
2025-12-29 07:04:14,151 - INFO - Early stopping at epoch 12
2025-12-29 07:04:14,674 - INFO - Loaded checkpoint from epoch 7
2025-12-29 07:04:29,086 - INFO - ============================================================
2025-12-29 07:04:29,086 - INFO - FINAL VALIDATION RESULTS
2025-12-29 07:04:29,086 - INFO -   Acc@1:  54.41%
2025-12-29 07:04:29,086 - INFO -   Acc@5:  79.96%
2025-12-29 07:04:29,086 - INFO -   Acc@10: 84.23%
2025-12-29 07:04:29,087 - INFO -   MRR:    65.53%
2025-12-29 07:04:29,087 - INFO -   NDCG:   69.95%
2025-12-29 07:04:29,087 - INFO - ============================================================
2025-12-29 07:04:29,087 - INFO - FINAL TEST RESULTS
2025-12-29 07:04:29,087 - INFO -   Acc@1:  54.51%
2025-12-29 07:04:29,087 - INFO -   Acc@5:  81.32%
2025-12-29 07:04:29,087 - INFO -   Acc@10: 85.13%
2025-12-29 07:04:29,087 - INFO -   MRR:    66.09%
2025-12-29 07:04:29,087 - INFO -   NDCG:   70.62%
2025-12-29 07:04:29,087 - INFO - ============================================================
