Training MHSA model
Dataset: geolife
Config: /data/next_loc_clean_v2/config/ht_optuna/optuna_MHSA_geolife_prev7_t11_20251231_153545_62ad52e7.yaml
Device: cuda
Seed: 42
==================================================
Data loaders: train=232, val=105, test=110
Total trainable parameters: 248227

=== Epoch 1 ===
Epoch 1, 8.6%	 loss: 7.120 acc@1: 0.00 mrr: 0.46, ndcg: 0.11, took: 2.42s
Epoch 1, 17.2%	 loss: 7.111 acc@1: 0.16 mrr: 0.68, ndcg: 0.44, took: 1.18s
Epoch 1, 25.9%	 loss: 7.128 acc@1: 0.16 mrr: 0.79, ndcg: 0.58, took: 1.12s
Epoch 1, 34.5%	 loss: 7.113 acc@1: 0.00 mrr: 0.59, ndcg: 0.27, took: 1.13s
Epoch 1, 43.1%	 loss: 7.109 acc@1: 0.00 mrr: 0.56, ndcg: 0.26, took: 1.08s
Epoch 1, 51.7%	 loss: 7.102 acc@1: 0.00 mrr: 0.80, ndcg: 0.62, took: 1.06s
Epoch 1, 60.3%	 loss: 7.099 acc@1: 0.00 mrr: 0.75, ndcg: 0.43, took: 1.16s
Epoch 1, 69.0%	 loss: 7.056 acc@1: 0.16 mrr: 1.01, ndcg: 0.68, took: 1.47s
Epoch 1, 77.6%	 loss: 7.050 acc@1: 0.47 mrr: 1.58, ndcg: 1.28, took: 1.48s
Epoch 1, 86.2%	 loss: 7.035 acc@1: 1.41 mrr: 2.42, ndcg: 2.27, took: 1.56s
Epoch 1, 94.8%	 loss: 7.023 acc@1: 0.94 mrr: 2.20, ndcg: 2.16, took: 1.46s
Validation - loss: 6.9459, acc@1: 4.56%, f1: 4.68%, mrr: 7.04%, ndcg: 7.47%
Current learning rate: 0.000250

=== Epoch 2 ===
Epoch 2, 8.6%	 loss: 6.941 acc@1: 2.34 mrr: 4.91, ndcg: 5.13, took: 1.33s
Epoch 2, 17.2%	 loss: 6.883 acc@1: 6.09 mrr: 9.45, ndcg: 10.23, took: 1.23s
Epoch 2, 25.9%	 loss: 6.825 acc@1: 9.84 mrr: 12.72, ndcg: 13.30, took: 1.25s
Epoch 2, 34.5%	 loss: 6.742 acc@1: 14.38 mrr: 17.41, ndcg: 18.20, took: 1.28s
Epoch 2, 43.1%	 loss: 6.580 acc@1: 17.81 mrr: 22.31, ndcg: 23.48, took: 1.30s
Epoch 2, 51.7%	 loss: 6.413 acc@1: 18.28 mrr: 24.54, ndcg: 26.13, took: 1.17s
Epoch 2, 60.3%	 loss: 6.289 acc@1: 20.00 mrr: 26.16, ndcg: 27.77, took: 1.13s
Epoch 2, 69.0%	 loss: 6.038 acc@1: 22.50 mrr: 29.73, ndcg: 31.99, took: 1.07s
Epoch 2, 77.6%	 loss: 5.908 acc@1: 20.16 mrr: 28.22, ndcg: 31.08, took: 1.10s
Epoch 2, 86.2%	 loss: 5.720 acc@1: 21.56 mrr: 30.21, ndcg: 33.20, took: 1.17s
Epoch 2, 94.8%	 loss: 5.633 acc@1: 19.22 mrr: 28.61, ndcg: 32.33, took: 1.19s
Validation - loss: 5.3252, acc@1: 18.93%, f1: 8.50%, mrr: 30.07%, ndcg: 35.13%
Current learning rate: 0.000500

=== Epoch 3 ===
Epoch 3, 8.6%	 loss: 5.308 acc@1: 20.62 mrr: 31.42, ndcg: 35.58, took: 1.33s
Epoch 3, 17.2%	 loss: 5.230 acc@1: 21.72 mrr: 31.68, ndcg: 35.88, took: 1.46s
Epoch 3, 25.9%	 loss: 5.194 acc@1: 19.84 mrr: 31.14, ndcg: 35.69, took: 1.29s
Epoch 3, 34.5%	 loss: 5.089 acc@1: 20.16 mrr: 31.44, ndcg: 36.94, took: 1.08s
Epoch 3, 43.1%	 loss: 4.982 acc@1: 22.03 mrr: 33.46, ndcg: 38.56, took: 1.11s
Epoch 3, 51.7%	 loss: 4.915 acc@1: 23.28 mrr: 33.83, ndcg: 38.33, took: 1.04s
Epoch 3, 60.3%	 loss: 4.897 acc@1: 24.69 mrr: 34.74, ndcg: 39.44, took: 1.09s
Epoch 3, 69.0%	 loss: 4.649 acc@1: 25.78 mrr: 37.28, ndcg: 42.21, took: 1.27s
Epoch 3, 77.6%	 loss: 4.690 acc@1: 24.84 mrr: 36.24, ndcg: 40.89, took: 1.12s
Epoch 3, 86.2%	 loss: 4.499 acc@1: 25.31 mrr: 37.93, ndcg: 43.02, took: 1.08s
Epoch 3, 94.8%	 loss: 4.458 acc@1: 24.84 mrr: 37.80, ndcg: 42.89, took: 1.06s
Validation - loss: 4.6813, acc@1: 21.96%, f1: 14.43%, mrr: 35.55%, ndcg: 40.83%
Current learning rate: 0.000490

=== Epoch 4 ===
Epoch 4, 8.6%	 loss: 4.378 acc@1: 25.47 mrr: 37.85, ndcg: 42.97, took: 1.36s
Epoch 4, 17.2%	 loss: 4.154 acc@1: 26.88 mrr: 40.05, ndcg: 45.45, took: 1.38s
Epoch 4, 25.9%	 loss: 4.235 acc@1: 27.34 mrr: 40.06, ndcg: 44.85, took: 1.43s
Epoch 4, 34.5%	 loss: 3.930 acc@1: 29.53 mrr: 43.28, ndcg: 48.77, took: 1.27s
Epoch 4, 43.1%	 loss: 4.285 acc@1: 26.88 mrr: 39.29, ndcg: 44.17, took: 1.26s
Epoch 4, 51.7%	 loss: 3.995 acc@1: 31.25 mrr: 43.66, ndcg: 48.39, took: 1.25s
Epoch 4, 60.3%	 loss: 4.031 acc@1: 32.50 mrr: 44.05, ndcg: 48.21, took: 1.13s
Epoch 4, 69.0%	 loss: 3.931 acc@1: 32.19 mrr: 44.36, ndcg: 49.10, took: 1.15s
Epoch 4, 77.6%	 loss: 4.023 acc@1: 30.94 mrr: 43.07, ndcg: 47.97, took: 1.17s
Epoch 4, 86.2%	 loss: 4.065 acc@1: 30.47 mrr: 42.34, ndcg: 46.55, took: 1.21s
Epoch 4, 94.8%	 loss: 4.050 acc@1: 31.25 mrr: 42.93, ndcg: 47.21, took: 1.15s
Validation - loss: 4.3823, acc@1: 33.59%, f1: 21.63%, mrr: 44.13%, ndcg: 47.96%
Current learning rate: 0.000479

=== Epoch 5 ===
Epoch 5, 8.6%	 loss: 3.832 acc@1: 31.72 mrr: 44.41, ndcg: 49.06, took: 1.30s
Epoch 5, 17.2%	 loss: 3.764 acc@1: 32.19 mrr: 45.31, ndcg: 50.08, took: 1.37s
Epoch 5, 25.9%	 loss: 3.584 acc@1: 36.56 mrr: 49.00, ndcg: 53.26, took: 1.27s
Epoch 5, 34.5%	 loss: 3.662 acc@1: 34.06 mrr: 47.10, ndcg: 51.71, took: 1.27s
Epoch 5, 43.1%	 loss: 3.709 acc@1: 34.69 mrr: 47.09, ndcg: 51.34, took: 1.28s
Epoch 5, 51.7%	 loss: 3.766 acc@1: 34.84 mrr: 46.83, ndcg: 50.68, took: 1.33s
Epoch 5, 60.3%	 loss: 3.682 acc@1: 35.62 mrr: 46.99, ndcg: 50.46, took: 1.30s
Epoch 5, 69.0%	 loss: 3.513 acc@1: 36.41 mrr: 48.73, ndcg: 53.23, took: 1.40s
Epoch 5, 77.6%	 loss: 3.561 acc@1: 37.97 mrr: 49.51, ndcg: 53.58, took: 1.33s
Epoch 5, 86.2%	 loss: 3.398 acc@1: 41.09 mrr: 52.08, ndcg: 55.86, took: 1.24s
Epoch 5, 94.8%	 loss: 3.623 acc@1: 36.25 mrr: 47.98, ndcg: 52.09, took: 1.13s
Validation - loss: 4.3527, acc@1: 36.26%, f1: 23.46%, mrr: 46.79%, ndcg: 50.27%
Current learning rate: 0.000469

=== Epoch 6 ===
Epoch 6, 8.6%	 loss: 3.424 acc@1: 36.88 mrr: 49.95, ndcg: 54.29, took: 1.14s
Epoch 6, 17.2%	 loss: 3.491 acc@1: 37.66 mrr: 49.94, ndcg: 53.93, took: 1.32s
Epoch 6, 25.9%	 loss: 3.486 acc@1: 37.34 mrr: 49.21, ndcg: 53.15, took: 1.42s
Epoch 6, 34.5%	 loss: 3.429 acc@1: 38.12 mrr: 50.46, ndcg: 54.31, took: 1.50s
Epoch 6, 43.1%	 loss: 3.386 acc@1: 39.06 mrr: 51.31, ndcg: 55.18, took: 1.49s
Epoch 6, 51.7%	 loss: 3.371 acc@1: 38.59 mrr: 50.60, ndcg: 54.66, took: 1.35s
Epoch 6, 60.3%	 loss: 3.363 acc@1: 39.53 mrr: 51.46, ndcg: 55.60, took: 1.40s
Epoch 6, 69.0%	 loss: 3.363 acc@1: 39.38 mrr: 51.04, ndcg: 55.37, took: 1.41s
Epoch 6, 77.6%	 loss: 3.394 acc@1: 39.53 mrr: 51.19, ndcg: 54.95, took: 1.39s
Epoch 6, 86.2%	 loss: 3.366 acc@1: 39.69 mrr: 51.48, ndcg: 55.30, took: 1.39s
Epoch 6, 94.8%	 loss: 3.264 acc@1: 37.34 mrr: 51.05, ndcg: 55.85, took: 1.58s
Validation - loss: 4.3163, acc@1: 36.86%, f1: 24.18%, mrr: 47.75%, ndcg: 51.35%
Current learning rate: 0.000458

=== Epoch 7 ===
Epoch 7, 8.6%	 loss: 3.237 acc@1: 37.50 mrr: 50.75, ndcg: 55.05, took: 1.30s
Epoch 7, 17.2%	 loss: 3.152 acc@1: 41.72 mrr: 53.60, ndcg: 57.51, took: 1.47s
Epoch 7, 25.9%	 loss: 3.080 acc@1: 41.56 mrr: 54.41, ndcg: 59.03, took: 1.25s
Epoch 7, 34.5%	 loss: 3.260 acc@1: 38.91 mrr: 51.18, ndcg: 54.84, took: 1.14s
Epoch 7, 43.1%	 loss: 3.141 acc@1: 41.09 mrr: 53.17, ndcg: 57.22, took: 1.27s
Epoch 7, 51.7%	 loss: 3.433 acc@1: 38.12 mrr: 49.95, ndcg: 53.57, took: 1.48s
Epoch 7, 60.3%	 loss: 3.150 acc@1: 41.88 mrr: 54.13, ndcg: 57.74, took: 1.54s
Epoch 7, 69.0%	 loss: 3.443 acc@1: 39.84 mrr: 50.73, ndcg: 53.90, took: 1.64s
Epoch 7, 77.6%	 loss: 3.125 acc@1: 39.84 mrr: 53.15, ndcg: 57.61, took: 1.43s
Epoch 7, 86.2%	 loss: 3.111 acc@1: 42.19 mrr: 54.32, ndcg: 58.10, took: 1.50s
Epoch 7, 94.8%	 loss: 3.105 acc@1: 41.56 mrr: 54.34, ndcg: 58.54, took: 1.48s
Validation - loss: 4.3347, acc@1: 37.64%, f1: 25.77%, mrr: 48.29%, ndcg: 51.82%
Current learning rate: 0.000448

=== Epoch 8 ===
Epoch 8, 8.6%	 loss: 2.858 acc@1: 44.69 mrr: 57.19, ndcg: 60.99, took: 1.32s
Epoch 8, 17.2%	 loss: 3.105 acc@1: 41.41 mrr: 53.51, ndcg: 57.18, took: 1.36s
Epoch 8, 25.9%	 loss: 3.093 acc@1: 42.19 mrr: 54.03, ndcg: 57.91, took: 1.37s
Epoch 8, 34.5%	 loss: 3.121 acc@1: 41.09 mrr: 53.08, ndcg: 56.63, took: 1.37s
Epoch 8, 43.1%	 loss: 3.115 acc@1: 39.84 mrr: 52.41, ndcg: 56.65, took: 1.35s
Epoch 8, 51.7%	 loss: 3.013 acc@1: 43.44 mrr: 55.07, ndcg: 58.89, took: 1.17s
Epoch 8, 60.3%	 loss: 3.023 acc@1: 41.09 mrr: 53.95, ndcg: 58.51, took: 1.16s
Epoch 8, 69.0%	 loss: 3.062 acc@1: 40.94 mrr: 53.20, ndcg: 57.40, took: 1.32s
Epoch 8, 77.6%	 loss: 2.928 acc@1: 43.59 mrr: 56.01, ndcg: 60.09, took: 1.53s
Epoch 8, 86.2%	 loss: 3.145 acc@1: 39.22 mrr: 51.99, ndcg: 56.26, took: 1.40s
Epoch 8, 94.8%	 loss: 3.124 acc@1: 40.31 mrr: 52.74, ndcg: 56.67, took: 1.64s
Validation - loss: 4.3418, acc@1: 38.72%, f1: 28.09%, mrr: 48.93%, ndcg: 52.46%
Current learning rate: 0.000438

=== Epoch 9 ===
Epoch 9, 8.6%	 loss: 2.923 acc@1: 44.53 mrr: 55.54, ndcg: 59.31, took: 1.30s
Epoch 9, 17.2%	 loss: 2.835 acc@1: 46.56 mrr: 57.57, ndcg: 60.92, took: 1.32s
Epoch 9, 25.9%	 loss: 2.832 acc@1: 42.97 mrr: 55.98, ndcg: 60.23, took: 1.39s
Epoch 9, 34.5%	 loss: 2.858 acc@1: 43.28 mrr: 55.74, ndcg: 59.89, took: 1.39s
Epoch 9, 43.1%	 loss: 2.795 acc@1: 43.75 mrr: 56.45, ndcg: 60.81, took: 1.40s
Epoch 9, 51.7%	 loss: 2.872 acc@1: 46.09 mrr: 57.26, ndcg: 60.75, took: 1.15s
Epoch 9, 60.3%	 loss: 3.075 acc@1: 38.91 mrr: 52.03, ndcg: 56.71, took: 1.12s
Epoch 9, 69.0%	 loss: 2.875 acc@1: 43.59 mrr: 55.92, ndcg: 60.12, took: 1.14s
Epoch 9, 77.6%	 loss: 2.806 acc@1: 43.59 mrr: 56.27, ndcg: 60.20, took: 1.13s
Epoch 9, 86.2%	 loss: 3.035 acc@1: 43.12 mrr: 54.75, ndcg: 58.42, took: 1.18s
Epoch 9, 94.8%	 loss: 2.856 acc@1: 46.72 mrr: 57.59, ndcg: 61.07, took: 1.31s
Validation - loss: 4.4058, acc@1: 38.51%, f1: 27.86%, mrr: 48.92%, ndcg: 52.60%
Current learning rate: 0.000427

=== Epoch 10 ===
Epoch 10, 8.6%	 loss: 2.799 acc@1: 45.94 mrr: 57.04, ndcg: 60.49, took: 1.48s
Epoch 10, 17.2%	 loss: 2.789 acc@1: 45.00 mrr: 57.23, ndcg: 61.71, took: 1.37s
Epoch 10, 25.9%	 loss: 2.802 acc@1: 47.34 mrr: 58.22, ndcg: 61.76, took: 1.21s
Epoch 10, 34.5%	 loss: 2.792 acc@1: 43.28 mrr: 55.69, ndcg: 60.29, took: 1.26s
Epoch 10, 43.1%	 loss: 2.762 acc@1: 45.78 mrr: 57.23, ndcg: 61.40, took: 1.20s
Epoch 10, 51.7%	 loss: 2.750 acc@1: 45.00 mrr: 57.42, ndcg: 61.85, took: 1.33s
Epoch 10, 60.3%	 loss: 2.693 acc@1: 46.25 mrr: 58.60, ndcg: 62.76, took: 1.34s
Epoch 10, 69.0%	 loss: 2.879 acc@1: 44.53 mrr: 56.04, ndcg: 60.06, took: 1.40s
Epoch 10, 77.6%	 loss: 2.842 acc@1: 43.91 mrr: 56.23, ndcg: 60.38, took: 1.34s
Epoch 10, 86.2%	 loss: 2.638 acc@1: 48.44 mrr: 60.19, ndcg: 64.36, took: 1.31s
Epoch 10, 94.8%	 loss: 2.788 acc@1: 45.31 mrr: 57.36, ndcg: 61.72, took: 1.26s
Validation - loss: 4.4019, acc@1: 40.16%, f1: 30.74%, mrr: 49.78%, ndcg: 53.19%
Current learning rate: 0.000417

=== Epoch 11 ===
Epoch 11, 8.6%	 loss: 2.678 acc@1: 46.56 mrr: 58.09, ndcg: 62.30, took: 1.40s
Epoch 11, 17.2%	 loss: 2.744 acc@1: 45.31 mrr: 57.45, ndcg: 61.55, took: 1.42s
Epoch 11, 25.9%	 loss: 2.603 acc@1: 47.03 mrr: 58.99, ndcg: 63.26, took: 1.51s
Epoch 11, 34.5%	 loss: 2.638 acc@1: 48.44 mrr: 59.37, ndcg: 63.20, took: 1.30s
Epoch 11, 43.1%	 loss: 2.737 acc@1: 45.94 mrr: 57.54, ndcg: 61.30, took: 1.27s
Epoch 11, 51.7%	 loss: 2.431 acc@1: 50.94 mrr: 62.70, ndcg: 66.59, took: 1.19s
Epoch 11, 60.3%	 loss: 2.602 acc@1: 47.81 mrr: 59.72, ndcg: 63.92, took: 1.14s
Epoch 11, 69.0%	 loss: 2.604 acc@1: 46.09 mrr: 58.78, ndcg: 63.18, took: 1.16s
Epoch 11, 77.6%	 loss: 2.521 acc@1: 50.94 mrr: 61.93, ndcg: 65.86, took: 1.22s
Epoch 11, 86.2%	 loss: 2.686 acc@1: 48.28 mrr: 59.00, ndcg: 62.82, took: 1.48s
Epoch 11, 94.8%	 loss: 2.742 acc@1: 47.03 mrr: 57.40, ndcg: 61.48, took: 1.35s
Validation - loss: 4.4550, acc@1: 40.07%, f1: 30.91%, mrr: 49.76%, ndcg: 53.24%
Current learning rate: 0.000041

=== Epoch 12 ===
Epoch 12, 8.6%	 loss: 3.329 acc@1: 38.28 mrr: 50.38, ndcg: 54.38, took: 1.39s
Epoch 12, 17.2%	 loss: 3.343 acc@1: 37.19 mrr: 50.21, ndcg: 54.75, took: 1.21s
Epoch 12, 25.9%	 loss: 3.197 acc@1: 39.38 mrr: 52.28, ndcg: 56.45, took: 1.34s
Epoch 12, 34.5%	 loss: 3.353 acc@1: 37.97 mrr: 50.81, ndcg: 54.68, took: 1.38s
Epoch 12, 43.1%	 loss: 3.425 acc@1: 37.19 mrr: 48.91, ndcg: 52.88, took: 1.29s
Epoch 12, 51.7%	 loss: 3.107 acc@1: 41.88 mrr: 54.05, ndcg: 57.78, took: 1.47s
Epoch 12, 60.3%	 loss: 3.234 acc@1: 42.19 mrr: 53.00, ndcg: 56.73, took: 1.37s
Epoch 12, 69.0%	 loss: 3.162 acc@1: 41.25 mrr: 53.45, ndcg: 57.25, took: 1.18s
Epoch 12, 77.6%	 loss: 2.999 acc@1: 42.50 mrr: 55.60, ndcg: 59.59, took: 1.13s
Epoch 12, 86.2%	 loss: 3.071 acc@1: 42.34 mrr: 54.53, ndcg: 58.55, took: 1.20s
Epoch 12, 94.8%	 loss: 3.156 acc@1: 41.88 mrr: 53.80, ndcg: 57.62, took: 1.43s
Validation - loss: 4.2940, acc@1: 37.25%, f1: 24.51%, mrr: 47.90%, ndcg: 51.46%
Current learning rate: 0.000041

=== Epoch 13 ===
Epoch 13, 8.6%	 loss: 3.203 acc@1: 38.75 mrr: 51.36, ndcg: 55.50, took: 1.27s
Epoch 13, 17.2%	 loss: 3.118 acc@1: 42.34 mrr: 53.93, ndcg: 57.72, took: 1.26s
Epoch 13, 25.9%	 loss: 3.138 acc@1: 43.44 mrr: 54.72, ndcg: 58.38, took: 1.28s
Epoch 13, 34.5%	 loss: 3.184 acc@1: 38.12 mrr: 51.70, ndcg: 55.98, took: 1.25s
Epoch 13, 43.1%	 loss: 3.083 acc@1: 41.56 mrr: 54.31, ndcg: 58.17, took: 1.07s
Epoch 13, 51.7%	 loss: 3.305 acc@1: 39.84 mrr: 51.76, ndcg: 55.51, took: 1.17s
Epoch 13, 60.3%	 loss: 3.177 acc@1: 40.94 mrr: 53.01, ndcg: 56.81, took: 1.11s
Epoch 13, 69.0%	 loss: 3.154 acc@1: 39.22 mrr: 51.86, ndcg: 55.70, took: 1.08s
Epoch 13, 77.6%	 loss: 3.218 acc@1: 39.22 mrr: 51.99, ndcg: 56.02, took: 1.12s
Epoch 13, 86.2%	 loss: 3.114 acc@1: 41.88 mrr: 53.91, ndcg: 57.62, took: 1.11s
Epoch 13, 94.8%	 loss: 3.258 acc@1: 41.09 mrr: 52.75, ndcg: 56.36, took: 1.12s
Validation - loss: 4.3175, acc@1: 37.40%, f1: 24.67%, mrr: 48.06%, ndcg: 51.60%
Current learning rate: 0.000041

=== Epoch 14 ===
Epoch 14, 8.6%	 loss: 3.124 acc@1: 40.00 mrr: 52.82, ndcg: 56.92, took: 1.37s
Epoch 14, 17.2%	 loss: 3.305 acc@1: 39.38 mrr: 51.34, ndcg: 55.17, took: 1.36s
Epoch 14, 25.9%	 loss: 3.151 acc@1: 39.69 mrr: 52.52, ndcg: 56.61, took: 1.24s
Epoch 14, 34.5%	 loss: 3.213 acc@1: 40.62 mrr: 52.57, ndcg: 56.18, took: 1.27s
Epoch 14, 43.1%	 loss: 3.167 acc@1: 39.38 mrr: 52.42, ndcg: 56.38, took: 1.38s
Epoch 14, 51.7%	 loss: 3.157 acc@1: 42.66 mrr: 54.27, ndcg: 58.28, took: 1.24s
Epoch 14, 60.3%	 loss: 3.260 acc@1: 41.25 mrr: 52.22, ndcg: 55.91, took: 1.36s
Epoch 14, 69.0%	 loss: 2.996 acc@1: 43.12 mrr: 55.25, ndcg: 59.19, took: 1.32s
Epoch 14, 77.6%	 loss: 3.323 acc@1: 39.38 mrr: 51.04, ndcg: 54.75, took: 1.32s
Epoch 14, 86.2%	 loss: 3.123 acc@1: 41.88 mrr: 53.89, ndcg: 58.00, took: 1.35s
Epoch 14, 94.8%	 loss: 3.214 acc@1: 41.56 mrr: 53.26, ndcg: 56.92, took: 1.11s
Validation - loss: 4.3308, acc@1: 37.28%, f1: 24.51%, mrr: 48.00%, ndcg: 51.57%
Current learning rate: 0.000041

=== Epoch 15 ===
Epoch 15, 8.6%	 loss: 3.201 acc@1: 39.84 mrr: 51.85, ndcg: 55.68, took: 1.46s
Epoch 15, 17.2%	 loss: 3.143 acc@1: 40.62 mrr: 53.22, ndcg: 57.18, took: 1.53s
Epoch 15, 25.9%	 loss: 3.241 acc@1: 39.22 mrr: 52.00, ndcg: 56.07, took: 1.44s
Epoch 15, 34.5%	 loss: 3.186 acc@1: 40.94 mrr: 52.66, ndcg: 56.51, took: 1.37s
Epoch 15, 43.1%	 loss: 3.272 acc@1: 39.38 mrr: 51.33, ndcg: 55.15, took: 1.25s
Epoch 15, 51.7%	 loss: 3.065 acc@1: 42.03 mrr: 54.25, ndcg: 58.09, took: 1.16s
Epoch 15, 60.3%	 loss: 3.217 acc@1: 40.31 mrr: 52.17, ndcg: 56.08, took: 1.28s
Epoch 15, 69.0%	 loss: 3.194 acc@1: 41.09 mrr: 53.35, ndcg: 57.11, took: 1.34s
Epoch 15, 77.6%	 loss: 3.123 acc@1: 45.16 mrr: 55.83, ndcg: 59.20, took: 1.31s
Epoch 15, 86.2%	 loss: 2.993 acc@1: 41.56 mrr: 54.75, ndcg: 59.39, took: 1.44s
Epoch 15, 94.8%	 loss: 3.213 acc@1: 40.00 mrr: 52.36, ndcg: 56.04, took: 1.42s
Validation - loss: 4.3148, acc@1: 37.43%, f1: 24.70%, mrr: 48.05%, ndcg: 51.62%
Current learning rate: 0.000041

=== Epoch 16 ===
Epoch 16, 8.6%	 loss: 3.222 acc@1: 40.78 mrr: 52.36, ndcg: 55.67, took: 1.22s
Epoch 16, 17.2%	 loss: 3.108 acc@1: 41.09 mrr: 53.26, ndcg: 57.20, took: 1.26s
Epoch 16, 25.9%	 loss: 3.082 acc@1: 45.94 mrr: 56.19, ndcg: 59.33, took: 1.34s
Epoch 16, 34.5%	 loss: 2.907 acc@1: 44.22 mrr: 56.84, ndcg: 60.57, took: 1.46s
Epoch 16, 43.1%	 loss: 3.168 acc@1: 41.72 mrr: 53.19, ndcg: 56.76, took: 1.41s
Epoch 16, 51.7%	 loss: 3.035 acc@1: 42.97 mrr: 54.92, ndcg: 58.76, took: 1.15s
Epoch 16, 60.3%	 loss: 3.223 acc@1: 39.53 mrr: 52.13, ndcg: 56.23, took: 1.23s
Epoch 16, 69.0%	 loss: 3.248 acc@1: 39.53 mrr: 51.75, ndcg: 55.66, took: 1.22s
Epoch 16, 77.6%	 loss: 3.130 acc@1: 41.88 mrr: 53.76, ndcg: 57.52, took: 1.29s
Epoch 16, 86.2%	 loss: 3.339 acc@1: 36.25 mrr: 49.62, ndcg: 53.89, took: 1.49s
Epoch 16, 94.8%	 loss: 3.100 acc@1: 43.75 mrr: 55.24, ndcg: 58.85, took: 1.49s
Validation - loss: 4.3244, acc@1: 37.46%, f1: 24.82%, mrr: 48.06%, ndcg: 51.62%
Current learning rate: 0.000041

=== Epoch 17 ===
Epoch 17, 8.6%	 loss: 3.225 acc@1: 39.69 mrr: 52.15, ndcg: 55.84, took: 1.24s
Epoch 17, 17.2%	 loss: 3.121 acc@1: 40.62 mrr: 53.07, ndcg: 56.92, took: 1.32s
Epoch 17, 25.9%	 loss: 3.155 acc@1: 40.00 mrr: 52.53, ndcg: 56.55, took: 1.24s
Epoch 17, 34.5%	 loss: 3.144 acc@1: 40.47 mrr: 53.14, ndcg: 57.10, took: 1.28s
Epoch 17, 43.1%	 loss: 3.100 acc@1: 40.62 mrr: 52.95, ndcg: 57.12, took: 1.30s
Epoch 17, 51.7%	 loss: 3.037 acc@1: 43.59 mrr: 55.14, ndcg: 58.66, took: 1.28s
Epoch 17, 60.3%	 loss: 2.900 acc@1: 46.25 mrr: 57.66, ndcg: 61.42, took: 1.16s
Epoch 17, 69.0%	 loss: 3.144 acc@1: 39.53 mrr: 52.61, ndcg: 56.55, took: 1.16s
Epoch 17, 77.6%	 loss: 3.132 acc@1: 40.31 mrr: 53.15, ndcg: 57.37, took: 1.12s
Epoch 17, 86.2%	 loss: 3.088 acc@1: 41.72 mrr: 53.94, ndcg: 57.97, took: 1.31s
Epoch 17, 94.8%	 loss: 3.311 acc@1: 38.12 mrr: 49.98, ndcg: 53.92, took: 1.41s
Validation - loss: 4.3356, acc@1: 37.52%, f1: 24.81%, mrr: 48.14%, ndcg: 51.70%
Current learning rate: 0.000004

=== Epoch 18 ===
Epoch 18, 8.6%	 loss: 3.173 acc@1: 41.72 mrr: 53.19, ndcg: 56.99, took: 1.52s
Epoch 18, 17.2%	 loss: 3.131 acc@1: 44.38 mrr: 55.10, ndcg: 58.19, took: 1.45s
Epoch 18, 25.9%	 loss: 3.053 acc@1: 41.09 mrr: 54.14, ndcg: 58.26, took: 1.44s
Epoch 18, 34.5%	 loss: 3.314 acc@1: 38.28 mrr: 50.59, ndcg: 54.74, took: 1.30s
Epoch 18, 43.1%	 loss: 3.069 acc@1: 43.28 mrr: 55.11, ndcg: 58.74, took: 1.35s
Epoch 18, 51.7%	 loss: 3.236 acc@1: 39.06 mrr: 51.61, ndcg: 55.58, took: 1.22s
Epoch 18, 60.3%	 loss: 3.131 acc@1: 39.38 mrr: 52.82, ndcg: 56.83, took: 1.18s
Epoch 18, 69.0%	 loss: 3.223 acc@1: 41.09 mrr: 52.93, ndcg: 56.70, took: 1.16s
Epoch 18, 77.6%	 loss: 3.310 acc@1: 38.59 mrr: 51.12, ndcg: 55.11, took: 1.21s
Epoch 18, 86.2%	 loss: 3.130 acc@1: 42.81 mrr: 54.25, ndcg: 57.86, took: 1.26s
Epoch 18, 94.8%	 loss: 3.316 acc@1: 36.88 mrr: 50.24, ndcg: 54.49, took: 1.23s
Validation - loss: 4.3157, acc@1: 37.25%, f1: 24.49%, mrr: 47.90%, ndcg: 51.43%
Current learning rate: 0.000004

=== Epoch 19 ===
Epoch 19, 8.6%	 loss: 3.290 acc@1: 39.38 mrr: 51.27, ndcg: 55.10, took: 1.52s
Epoch 19, 17.2%	 loss: 3.197 acc@1: 42.50 mrr: 53.88, ndcg: 57.56, took: 1.51s
Epoch 19, 25.9%	 loss: 3.178 acc@1: 40.16 mrr: 52.38, ndcg: 56.41, took: 1.56s
Epoch 19, 34.5%	 loss: 3.030 acc@1: 42.34 mrr: 55.69, ndcg: 59.84, took: 1.31s
Epoch 19, 43.1%	 loss: 3.219 acc@1: 43.91 mrr: 54.04, ndcg: 56.93, took: 1.43s
Epoch 19, 51.7%	 loss: 3.251 acc@1: 36.88 mrr: 50.49, ndcg: 54.58, took: 1.16s
Epoch 19, 60.3%	 loss: 3.255 acc@1: 38.12 mrr: 51.15, ndcg: 55.39, took: 1.21s
Epoch 19, 69.0%	 loss: 3.004 acc@1: 42.03 mrr: 54.95, ndcg: 59.14, took: 1.17s
Epoch 19, 77.6%	 loss: 3.366 acc@1: 38.28 mrr: 50.03, ndcg: 53.82, took: 1.17s
Epoch 19, 86.2%	 loss: 3.187 acc@1: 43.28 mrr: 53.98, ndcg: 57.49, took: 1.15s
Epoch 19, 94.8%	 loss: 3.181 acc@1: 37.81 mrr: 52.11, ndcg: 56.53, took: 1.13s
Validation - loss: 4.3013, acc@1: 37.28%, f1: 24.58%, mrr: 47.98%, ndcg: 51.53%
Current learning rate: 0.000004

=== Epoch 20 ===
Epoch 20, 8.6%	 loss: 3.171 acc@1: 40.16 mrr: 52.72, ndcg: 56.69, took: 1.35s
Epoch 20, 17.2%	 loss: 3.096 acc@1: 41.72 mrr: 53.99, ndcg: 57.91, took: 1.47s
Epoch 20, 25.9%	 loss: 3.192 acc@1: 41.88 mrr: 53.55, ndcg: 57.19, took: 1.60s
Epoch 20, 34.5%	 loss: 3.227 acc@1: 41.72 mrr: 53.27, ndcg: 56.82, took: 1.46s
Epoch 20, 43.1%	 loss: 3.125 acc@1: 41.88 mrr: 53.85, ndcg: 57.60, took: 1.51s
Epoch 20, 51.7%	 loss: 3.161 acc@1: 40.94 mrr: 52.97, ndcg: 56.61, took: 1.54s
Epoch 20, 60.3%	 loss: 3.105 acc@1: 41.56 mrr: 53.65, ndcg: 57.57, took: 1.31s
Epoch 20, 69.0%	 loss: 3.300 acc@1: 37.50 mrr: 50.32, ndcg: 54.53, took: 1.24s
Epoch 20, 77.6%	 loss: 3.187 acc@1: 40.47 mrr: 52.65, ndcg: 56.56, took: 1.18s
Epoch 20, 86.2%	 loss: 3.276 acc@1: 40.16 mrr: 52.10, ndcg: 55.84, took: 1.23s
Epoch 20, 94.8%	 loss: 3.249 acc@1: 37.03 mrr: 50.73, ndcg: 54.96, took: 1.45s
Validation - loss: 4.2853, acc@1: 37.25%, f1: 24.55%, mrr: 47.94%, ndcg: 51.53%
Current learning rate: 0.000004

=== Epoch 21 ===
Epoch 21, 8.6%	 loss: 3.156 acc@1: 39.38 mrr: 52.52, ndcg: 56.71, took: 1.14s
Epoch 21, 17.2%	 loss: 3.050 acc@1: 42.66 mrr: 54.75, ndcg: 58.53, took: 1.22s
Epoch 21, 25.9%	 loss: 3.351 acc@1: 36.56 mrr: 49.20, ndcg: 53.02, took: 1.42s
Epoch 21, 34.5%	 loss: 3.249 acc@1: 38.91 mrr: 50.80, ndcg: 55.05, took: 1.56s
Epoch 21, 43.1%	 loss: 3.193 acc@1: 40.00 mrr: 52.83, ndcg: 57.04, took: 1.59s
Epoch 21, 51.7%	 loss: 3.325 acc@1: 40.16 mrr: 51.56, ndcg: 55.25, took: 1.52s
Epoch 21, 60.3%	 loss: 3.335 acc@1: 38.12 mrr: 50.45, ndcg: 54.33, took: 1.55s
Epoch 21, 69.0%	 loss: 3.081 acc@1: 42.34 mrr: 54.77, ndcg: 58.51, took: 1.42s
Epoch 21, 77.6%	 loss: 3.080 acc@1: 42.03 mrr: 53.62, ndcg: 57.35, took: 1.32s
Epoch 21, 86.2%	 loss: 3.192 acc@1: 40.47 mrr: 52.76, ndcg: 56.50, took: 1.23s
Epoch 21, 94.8%	 loss: 2.952 acc@1: 43.28 mrr: 56.01, ndcg: 59.85, took: 1.34s
Validation - loss: 4.3017, acc@1: 37.25%, f1: 24.49%, mrr: 47.90%, ndcg: 51.46%
Current learning rate: 0.000004

=== Epoch 22 ===
Epoch 22, 8.6%	 loss: 3.186 acc@1: 40.00 mrr: 52.58, ndcg: 56.51, took: 1.14s
Epoch 22, 17.2%	 loss: 3.235 acc@1: 37.19 mrr: 51.48, ndcg: 55.92, took: 1.13s
Epoch 22, 25.9%	 loss: 3.206 acc@1: 40.47 mrr: 53.28, ndcg: 57.34, took: 1.10s
Epoch 22, 34.5%	 loss: 3.167 acc@1: 43.91 mrr: 54.81, ndcg: 57.88, took: 1.21s
Epoch 22, 43.1%	 loss: 3.121 acc@1: 40.78 mrr: 53.73, ndcg: 57.50, took: 1.38s
Epoch 22, 51.7%	 loss: 3.336 acc@1: 37.34 mrr: 49.68, ndcg: 53.61, took: 1.46s
Epoch 22, 60.3%	 loss: 3.189 acc@1: 39.22 mrr: 52.04, ndcg: 56.26, took: 1.53s
Epoch 22, 69.0%	 loss: 3.143 acc@1: 40.78 mrr: 53.17, ndcg: 57.29, took: 1.50s
Epoch 22, 77.6%	 loss: 3.172 acc@1: 39.53 mrr: 52.07, ndcg: 56.34, took: 1.51s
Epoch 22, 86.2%	 loss: 3.163 acc@1: 40.62 mrr: 52.62, ndcg: 56.55, took: 1.32s
Epoch 22, 94.8%	 loss: 3.271 acc@1: 40.47 mrr: 51.74, ndcg: 54.95, took: 1.24s
Validation - loss: 4.2998, acc@1: 37.22%, f1: 24.43%, mrr: 47.93%, ndcg: 51.52%
Current learning rate: 0.000004

=== Epoch 23 ===
Epoch 23, 8.6%	 loss: 3.168 acc@1: 39.84 mrr: 52.47, ndcg: 56.24, took: 1.36s
Epoch 23, 17.2%	 loss: 3.115 acc@1: 45.16 mrr: 55.94, ndcg: 59.40, took: 1.25s
Epoch 23, 25.9%	 loss: 3.254 acc@1: 41.72 mrr: 52.60, ndcg: 56.56, took: 1.27s
Epoch 23, 34.5%	 loss: 3.219 acc@1: 42.03 mrr: 53.12, ndcg: 56.77, took: 1.31s
Epoch 23, 43.1%	 loss: 3.136 acc@1: 42.03 mrr: 54.12, ndcg: 57.95, took: 1.37s
Epoch 23, 51.7%	 loss: 3.121 acc@1: 39.06 mrr: 52.89, ndcg: 57.27, took: 1.43s
Epoch 23, 60.3%	 loss: 3.196 acc@1: 38.28 mrr: 51.48, ndcg: 55.67, took: 1.34s
Epoch 23, 69.0%	 loss: 3.219 acc@1: 41.09 mrr: 52.93, ndcg: 56.72, took: 1.26s
Epoch 23, 77.6%	 loss: 3.161 acc@1: 41.72 mrr: 53.92, ndcg: 57.60, took: 1.31s
Epoch 23, 86.2%	 loss: 3.174 acc@1: 37.03 mrr: 50.89, ndcg: 55.59, took: 1.25s
Epoch 23, 94.8%	 loss: 3.188 acc@1: 40.94 mrr: 52.55, ndcg: 55.94, took: 1.35s
Validation - loss: 4.2973, acc@1: 37.31%, f1: 24.55%, mrr: 47.96%, ndcg: 51.54%
Current learning rate: 0.000004

=== Epoch 24 ===
Epoch 24, 8.6%	 loss: 3.217 acc@1: 39.84 mrr: 52.13, ndcg: 55.80, took: 1.39s
Epoch 24, 17.2%	 loss: 3.077 acc@1: 41.56 mrr: 53.29, ndcg: 57.08, took: 1.28s
Epoch 24, 25.9%	 loss: 3.179 acc@1: 41.88 mrr: 53.21, ndcg: 56.69, took: 1.13s
Epoch 24, 34.5%	 loss: 3.198 acc@1: 40.00 mrr: 52.38, ndcg: 56.29, took: 1.26s
Epoch 24, 43.1%	 loss: 3.179 acc@1: 42.81 mrr: 53.75, ndcg: 56.94, took: 1.20s
Epoch 24, 51.7%	 loss: 3.110 acc@1: 41.25 mrr: 53.79, ndcg: 57.71, took: 1.35s
Epoch 24, 60.3%	 loss: 3.274 acc@1: 39.84 mrr: 51.39, ndcg: 55.35, took: 1.25s
Epoch 24, 69.0%	 loss: 3.141 acc@1: 42.19 mrr: 53.94, ndcg: 57.34, took: 1.21s
Epoch 24, 77.6%	 loss: 3.076 acc@1: 42.50 mrr: 54.99, ndcg: 58.88, took: 1.12s
Epoch 24, 86.2%	 loss: 3.194 acc@1: 41.25 mrr: 53.44, ndcg: 57.44, took: 0.99s
Epoch 24, 94.8%	 loss: 3.128 acc@1: 42.50 mrr: 54.31, ndcg: 57.82, took: 1.07s
Validation - loss: 4.3049, acc@1: 37.43%, f1: 24.69%, mrr: 48.01%, ndcg: 51.59%
Current learning rate: 0.000004

=== Epoch 25 ===
Epoch 25, 8.6%	 loss: 3.254 acc@1: 42.19 mrr: 53.32, ndcg: 56.85, took: 1.03s
Epoch 25, 17.2%	 loss: 3.039 acc@1: 42.66 mrr: 54.51, ndcg: 58.13, took: 0.92s
Epoch 25, 25.9%	 loss: 3.106 acc@1: 43.12 mrr: 54.38, ndcg: 58.19, took: 0.92s
Epoch 25, 34.5%	 loss: 3.225 acc@1: 40.47 mrr: 52.46, ndcg: 56.18, took: 0.94s
Epoch 25, 43.1%	 loss: 3.324 acc@1: 39.69 mrr: 51.15, ndcg: 54.99, took: 0.98s
Epoch 25, 51.7%	 loss: 3.000 acc@1: 42.66 mrr: 54.66, ndcg: 58.66, took: 1.02s
Epoch 25, 60.3%	 loss: 3.191 acc@1: 40.78 mrr: 53.28, ndcg: 57.08, took: 1.18s
Epoch 25, 69.0%	 loss: 3.224 acc@1: 40.78 mrr: 52.48, ndcg: 56.26, took: 1.15s
Epoch 25, 77.6%	 loss: 3.066 acc@1: 42.66 mrr: 54.75, ndcg: 58.61, took: 1.06s
Epoch 25, 86.2%	 loss: 3.050 acc@1: 41.41 mrr: 54.67, ndcg: 58.88, took: 1.10s
Epoch 25, 94.8%	 loss: 3.289 acc@1: 38.59 mrr: 50.47, ndcg: 54.51, took: 1.07s
Validation - loss: 4.3024, acc@1: 37.34%, f1: 24.56%, mrr: 47.97%, ndcg: 51.54%
Training finished.	 Time: 501.70s.	 acc@1: 37.25%

=== Test Results ===
Test Results:
  acc@1: 27.70%
  acc@5: 50.89%
  acc@10: 56.97%
  mrr: 38.39%
  ndcg: 42.51%
  f1: 17.17%

=== Training Complete ===
