2025-12-30 16:51:12,912 - INFO - ============================================================
2025-12-30 16:51:12,912 - INFO - POINTER V45 - Training Started
2025-12-30 16:51:12,913 - INFO - ============================================================
2025-12-30 16:51:12,913 - INFO - Model config: {'d_model': 128, 'dim_feedforward': 256, 'dropout': 0.15, 'nhead': 2, 'num_layers': 2}
2025-12-30 16:51:12,913 - INFO - Training config: {'batch_size': 128, 'grad_clip': 0.8, 'label_smoothing': 0.03, 'learning_rate': 0.00065, 'min_epochs': 3, 'min_lr': 1e-06, 'num_epochs': 50, 'patience': 5, 'use_amp': True, 'warmup_epochs': 5, 'weight_decay': 0.015}
2025-12-30 16:51:12,913 - INFO - ============================================================
2025-12-30 16:51:12,913 - INFO - Training for 50 epochs
2025-12-30 16:51:12,913 - INFO - Model parameters: 2,348,640
2025-12-30 16:53:15,747 - INFO - Epoch 1/50 | LR: 1.30e-04 | Train: 3.2519 | Val: 3.1648 | Acc@1: 51.36%
2025-12-30 16:53:15,805 - INFO -   ✓ New best (Acc@1: 51.36%)
2025-12-30 16:55:13,369 - INFO - Epoch 2/50 | LR: 2.60e-04 | Train: 3.0283 | Val: 3.0865 | Acc@1: 53.21%
2025-12-30 16:55:13,431 - INFO -   ✓ New best (Acc@1: 53.21%)
2025-12-30 16:57:09,216 - INFO - Epoch 3/50 | LR: 3.90e-04 | Train: 2.8934 | Val: 2.9855 | Acc@1: 54.33%
2025-12-30 16:57:09,279 - INFO -   ✓ New best (Acc@1: 54.33%)
2025-12-30 16:59:06,061 - INFO - Epoch 4/50 | LR: 5.20e-04 | Train: 2.7496 | Val: 2.9137 | Acc@1: 54.40%
2025-12-30 16:59:06,124 - INFO -   ✓ New best (Acc@1: 54.40%)
2025-12-30 17:01:04,614 - INFO - Epoch 5/50 | LR: 6.50e-04 | Train: 2.6456 | Val: 2.8800 | Acc@1: 54.62%
2025-12-30 17:01:04,680 - INFO -   ✓ New best (Acc@1: 54.62%)
2025-12-30 17:03:00,536 - INFO - Epoch 6/50 | LR: 6.50e-04 | Train: 2.5469 | Val: 2.8784 | Acc@1: 54.58%
2025-12-30 17:03:00,601 - INFO -   ✓ New best (Acc@1: 54.58%)
2025-12-30 17:04:57,811 - INFO - Epoch 7/50 | LR: 6.49e-04 | Train: 2.4740 | Val: 2.8945 | Acc@1: 54.19%
2025-12-30 17:06:55,352 - INFO - Epoch 8/50 | LR: 6.47e-04 | Train: 2.4183 | Val: 2.9091 | Acc@1: 53.49%
2025-12-30 17:08:53,871 - INFO - Epoch 9/50 | LR: 6.43e-04 | Train: 2.3678 | Val: 2.9071 | Acc@1: 53.86%
2025-12-30 17:10:51,141 - INFO - Epoch 10/50 | LR: 6.37e-04 | Train: 2.3285 | Val: 2.9460 | Acc@1: 53.56%
2025-12-30 17:12:50,506 - INFO - Epoch 11/50 | LR: 6.30e-04 | Train: 2.2968 | Val: 2.9812 | Acc@1: 53.21%
2025-12-30 17:12:50,506 - INFO - Early stopping at epoch 11
2025-12-30 17:12:51,331 - INFO - Loaded checkpoint from epoch 6
2025-12-30 17:13:16,470 - INFO - ============================================================
2025-12-30 17:13:16,470 - INFO - FINAL VALIDATION RESULTS
2025-12-30 17:13:16,471 - INFO -   Acc@1:  54.58%
2025-12-30 17:13:16,471 - INFO -   Acc@5:  80.01%
2025-12-30 17:13:16,471 - INFO -   Acc@10: 84.13%
2025-12-30 17:13:16,471 - INFO -   MRR:    65.55%
2025-12-30 17:13:16,471 - INFO -   NDCG:   69.95%
2025-12-30 17:13:16,471 - INFO - ============================================================
2025-12-30 17:13:16,471 - INFO - FINAL TEST RESULTS
2025-12-30 17:13:16,471 - INFO -   Acc@1:  54.39%
2025-12-30 17:13:16,471 - INFO -   Acc@5:  80.93%
2025-12-30 17:13:16,471 - INFO -   Acc@10: 84.94%
2025-12-30 17:13:16,471 - INFO -   MRR:    66.02%
2025-12-30 17:13:16,471 - INFO -   NDCG:   70.52%
2025-12-30 17:13:16,471 - INFO - ============================================================
