2025-12-30 20:12:11,799 - INFO - ============================================================
2025-12-30 20:12:11,799 - INFO - POINTER V45 - Training Started
2025-12-30 20:12:11,799 - INFO - ============================================================
2025-12-30 20:12:11,799 - INFO - Model config: {'d_model': 128, 'dim_feedforward': 512, 'dropout': 0.15, 'nhead': 2, 'num_layers': 2}
2025-12-30 20:12:11,799 - INFO - Training config: {'batch_size': 128, 'grad_clip': 0.8, 'label_smoothing': 0.03, 'learning_rate': 0.00065, 'min_epochs': 3, 'min_lr': 1e-06, 'num_epochs': 50, 'patience': 5, 'use_amp': True, 'warmup_epochs': 5, 'weight_decay': 0.015}
2025-12-30 20:12:11,799 - INFO - ============================================================
2025-12-30 20:12:11,800 - INFO - Training for 50 epochs
2025-12-30 20:12:11,800 - INFO - Model parameters: 2,155,551
2025-12-30 20:14:48,921 - INFO - Epoch 1/50 | LR: 1.30e-04 | Train: 2.9912 | Val: 2.9184 | Acc@1: 51.24%
2025-12-30 20:14:48,978 - INFO -   ✓ New best (Acc@1: 51.24%)
2025-12-30 20:17:24,126 - INFO - Epoch 2/50 | LR: 2.60e-04 | Train: 2.7845 | Val: 2.8655 | Acc@1: 53.19%
2025-12-30 20:17:24,192 - INFO -   ✓ New best (Acc@1: 53.19%)
2025-12-30 20:20:05,268 - INFO - Epoch 3/50 | LR: 3.90e-04 | Train: 2.6826 | Val: 2.8362 | Acc@1: 53.81%
2025-12-30 20:20:05,335 - INFO -   ✓ New best (Acc@1: 53.81%)
2025-12-30 20:22:48,115 - INFO - Epoch 4/50 | LR: 5.20e-04 | Train: 2.5927 | Val: 2.8016 | Acc@1: 53.27%
2025-12-30 20:22:48,181 - INFO -   ✓ New best (Acc@1: 53.27%)
2025-12-30 20:25:28,982 - INFO - Epoch 5/50 | LR: 6.50e-04 | Train: 2.5097 | Val: 2.7724 | Acc@1: 53.38%
2025-12-30 20:25:29,048 - INFO -   ✓ New best (Acc@1: 53.38%)
2025-12-30 20:28:04,495 - INFO - Epoch 6/50 | LR: 6.50e-04 | Train: 2.4149 | Val: 2.7689 | Acc@1: 53.71%
2025-12-30 20:28:04,563 - INFO -   ✓ New best (Acc@1: 53.71%)
2025-12-30 20:30:45,420 - INFO - Epoch 7/50 | LR: 6.49e-04 | Train: 2.3325 | Val: 2.7968 | Acc@1: 53.12%
2025-12-30 20:33:20,900 - INFO - Epoch 8/50 | LR: 6.47e-04 | Train: 2.2622 | Val: 2.8314 | Acc@1: 53.25%
2025-12-30 20:35:58,859 - INFO - Epoch 9/50 | LR: 6.43e-04 | Train: 2.1951 | Val: 2.9023 | Acc@1: 51.90%
2025-12-30 20:38:23,289 - INFO - Epoch 10/50 | LR: 6.37e-04 | Train: 2.1341 | Val: 2.9582 | Acc@1: 52.19%
2025-12-30 20:40:45,689 - INFO - Epoch 11/50 | LR: 6.30e-04 | Train: 2.0758 | Val: 2.9828 | Acc@1: 51.43%
2025-12-30 20:40:45,689 - INFO - Early stopping at epoch 11
2025-12-30 20:40:46,643 - INFO - Loaded checkpoint from epoch 6
2025-12-30 20:40:58,364 - INFO - ============================================================
2025-12-30 20:40:58,365 - INFO - FINAL VALIDATION RESULTS
2025-12-30 20:40:58,365 - INFO -   Acc@1:  53.71%
2025-12-30 20:40:58,365 - INFO -   Acc@5:  80.65%
2025-12-30 20:40:58,365 - INFO -   Acc@10: 85.00%
2025-12-30 20:40:58,365 - INFO -   MRR:    65.44%
2025-12-30 20:40:58,365 - INFO -   NDCG:   70.05%
2025-12-30 20:40:58,365 - INFO - ============================================================
2025-12-30 20:40:58,365 - INFO - FINAL TEST RESULTS
2025-12-30 20:40:58,365 - INFO -   Acc@1:  54.98%
2025-12-30 20:40:58,365 - INFO -   Acc@5:  81.85%
2025-12-30 20:40:58,365 - INFO -   Acc@10: 86.32%
2025-12-30 20:40:58,365 - INFO -   MRR:    66.71%
2025-12-30 20:40:58,365 - INFO -   NDCG:   71.37%
2025-12-30 20:40:58,365 - INFO - ============================================================
