2026-01-02 02:27:02,226 - INFO - ============================================================
2026-01-02 02:27:02,227 - INFO - POINTER V45 - Training Started
2026-01-02 02:27:02,227 - INFO - ============================================================
2026-01-02 02:27:02,227 - INFO - Model config: {'d_model': 64, 'dim_feedforward': 256, 'dropout': 0.2, 'nhead': 4, 'num_layers': 2}
2026-01-02 02:27:02,227 - INFO - Training config: {'batch_size': 64, 'grad_clip': 0.8, 'label_smoothing': 0.05, 'learning_rate': 0.0005, 'min_epochs': 8, 'min_lr': 1e-06, 'num_epochs': 50, 'patience': 5, 'use_amp': True, 'warmup_epochs': 7, 'weight_decay': 1e-05}
2026-01-02 02:27:02,227 - INFO - ============================================================
2026-01-02 02:27:02,227 - INFO - Training for 50 epochs
2026-01-02 02:27:02,227 - INFO - Model parameters: 1,081,554
2026-01-02 02:28:14,708 - INFO - Epoch 1/50 | LR: 7.14e-05 | Train: 3.2682 | Val: 3.2356 | Acc@1: 49.19%
2026-01-02 02:28:14,747 - INFO -   ✓ New best (Acc@1: 49.19%)
2026-01-02 02:29:28,333 - INFO - Epoch 2/50 | LR: 1.43e-04 | Train: 3.0635 | Val: 3.1590 | Acc@1: 52.37%
2026-01-02 02:29:28,382 - INFO -   ✓ New best (Acc@1: 52.37%)
2026-01-02 02:30:41,686 - INFO - Epoch 3/50 | LR: 2.14e-04 | Train: 2.9896 | Val: 3.1334 | Acc@1: 53.06%
2026-01-02 02:30:41,734 - INFO -   ✓ New best (Acc@1: 53.06%)
2026-01-02 02:31:55,040 - INFO - Epoch 4/50 | LR: 2.86e-04 | Train: 2.9458 | Val: 3.1199 | Acc@1: 53.83%
2026-01-02 02:31:55,092 - INFO -   ✓ New best (Acc@1: 53.83%)
2026-01-02 02:33:08,241 - INFO - Epoch 5/50 | LR: 3.57e-04 | Train: 2.9096 | Val: 3.1089 | Acc@1: 54.42%
2026-01-02 02:33:08,293 - INFO -   ✓ New best (Acc@1: 54.42%)
2026-01-02 02:34:21,895 - INFO - Epoch 6/50 | LR: 4.29e-04 | Train: 2.8756 | Val: 3.0951 | Acc@1: 54.42%
2026-01-02 02:34:21,940 - INFO -   ✓ New best (Acc@1: 54.42%)
2026-01-02 02:35:33,727 - INFO - Epoch 7/50 | LR: 5.00e-04 | Train: 2.8405 | Val: 3.0941 | Acc@1: 54.72%
2026-01-02 02:35:33,776 - INFO -   ✓ New best (Acc@1: 54.72%)
2026-01-02 02:36:45,108 - INFO - Epoch 8/50 | LR: 5.00e-04 | Train: 2.8029 | Val: 3.0868 | Acc@1: 54.69%
2026-01-02 02:36:45,159 - INFO -   ✓ New best (Acc@1: 54.69%)
2026-01-02 02:37:56,433 - INFO - Epoch 9/50 | LR: 4.99e-04 | Train: 2.7725 | Val: 3.0974 | Acc@1: 54.61%
2026-01-02 02:39:06,813 - INFO - Epoch 10/50 | LR: 4.97e-04 | Train: 2.7522 | Val: 3.0916 | Acc@1: 54.76%
2026-01-02 02:40:22,107 - INFO - Epoch 11/50 | LR: 4.94e-04 | Train: 2.7391 | Val: 3.1189 | Acc@1: 54.11%
2026-01-02 02:41:37,518 - INFO - Epoch 12/50 | LR: 4.89e-04 | Train: 2.7275 | Val: 3.1261 | Acc@1: 54.55%
2026-01-02 02:42:51,478 - INFO - Epoch 13/50 | LR: 4.84e-04 | Train: 2.7073 | Val: 3.1347 | Acc@1: 53.43%
2026-01-02 02:42:51,479 - INFO - Early stopping at epoch 13
2026-01-02 02:42:51,529 - INFO - Loaded checkpoint from epoch 8
2026-01-02 02:42:55,928 - INFO - ============================================================
2026-01-02 02:42:55,929 - INFO - FINAL VALIDATION RESULTS
2026-01-02 02:42:55,929 - INFO -   Acc@1:  54.69%
2026-01-02 02:42:55,929 - INFO -   Acc@5:  79.52%
2026-01-02 02:42:55,929 - INFO -   Acc@10: 82.96%
2026-01-02 02:42:55,929 - INFO -   MRR:    65.52%
2026-01-02 02:42:55,929 - INFO -   NDCG:   69.67%
2026-01-02 02:42:55,929 - INFO - ============================================================
2026-01-02 02:42:55,929 - INFO - FINAL TEST RESULTS
2026-01-02 02:42:55,929 - INFO -   Acc@1:  56.70%
2026-01-02 02:42:55,929 - INFO -   Acc@5:  82.05%
2026-01-02 02:42:55,929 - INFO -   Acc@10: 85.20%
2026-01-02 02:42:55,929 - INFO -   MRR:    67.67%
2026-01-02 02:42:55,930 - INFO -   NDCG:   71.88%
2026-01-02 02:42:55,930 - INFO - ============================================================
