2025-12-28 21:45:13,960 - INFO - ============================================================
2025-12-28 21:45:13,960 - INFO - POINTER V45 - Training Started
2025-12-28 21:45:13,960 - INFO - ============================================================
2025-12-28 21:45:13,960 - INFO - Model config: {'d_model': 144, 'dim_feedforward': 288, 'dropout': 0.15, 'nhead': 4, 'num_layers': 3}
2025-12-28 21:45:13,960 - INFO - Training config: {'batch_size': 128, 'grad_clip': 0.8, 'label_smoothing': 0.03, 'learning_rate': 0.0007, 'min_epochs': 8, 'min_lr': 1e-06, 'num_epochs': 50, 'patience': 5, 'use_amp': True, 'warmup_epochs': 5, 'weight_decay': 0.015}
2025-12-28 21:45:13,961 - INFO - ============================================================
2025-12-28 21:45:13,961 - INFO - Training for 50 epochs
2025-12-28 21:45:13,961 - INFO - Model parameters: 1,837,137
2025-12-28 21:46:07,763 - INFO - Epoch 1/50 | LR: 1.40e-04 | Train: 2.9714 | Val: 2.7949 | Acc@1: 51.18%
2025-12-28 21:46:07,812 - INFO -   ✓ New best (Acc@1: 51.18%)
2025-12-28 21:46:57,539 - INFO - Epoch 2/50 | LR: 2.80e-04 | Train: 2.6975 | Val: 2.7457 | Acc@1: 52.30%
2025-12-28 21:46:57,594 - INFO -   ✓ New best (Acc@1: 52.30%)
2025-12-28 21:47:44,544 - INFO - Epoch 3/50 | LR: 4.20e-04 | Train: 2.5589 | Val: 2.7328 | Acc@1: 51.64%
2025-12-28 21:47:44,597 - INFO -   ✓ New best (Acc@1: 51.64%)
2025-12-28 21:48:29,051 - INFO - Epoch 4/50 | LR: 5.60e-04 | Train: 2.4479 | Val: 2.6981 | Acc@1: 52.50%
2025-12-28 21:48:29,107 - INFO -   ✓ New best (Acc@1: 52.50%)
2025-12-28 21:49:10,175 - INFO - Epoch 5/50 | LR: 7.00e-04 | Train: 2.3489 | Val: 2.6975 | Acc@1: 52.24%
2025-12-28 21:49:10,230 - INFO -   ✓ New best (Acc@1: 52.24%)
2025-12-28 21:49:52,109 - INFO - Epoch 6/50 | LR: 7.00e-04 | Train: 2.2316 | Val: 2.7146 | Acc@1: 51.05%
2025-12-28 21:50:33,886 - INFO - Epoch 7/50 | LR: 6.99e-04 | Train: 2.1332 | Val: 2.7193 | Acc@1: 51.12%
2025-12-28 21:51:14,836 - INFO - Epoch 8/50 | LR: 6.97e-04 | Train: 2.0301 | Val: 2.7813 | Acc@1: 51.32%
2025-12-28 21:51:55,660 - INFO - Epoch 9/50 | LR: 6.92e-04 | Train: 1.9336 | Val: 2.8347 | Acc@1: 50.46%
2025-12-28 21:52:36,493 - INFO - Epoch 10/50 | LR: 6.86e-04 | Train: 1.8443 | Val: 2.9114 | Acc@1: 50.20%
2025-12-28 21:52:36,493 - INFO - Early stopping at epoch 10
2025-12-28 21:52:36,647 - INFO - Loaded checkpoint from epoch 5
2025-12-28 21:52:37,644 - INFO - ============================================================
2025-12-28 21:52:37,644 - INFO - FINAL VALIDATION RESULTS
2025-12-28 21:52:37,644 - INFO -   Acc@1:  52.24%
2025-12-28 21:52:37,644 - INFO -   Acc@5:  81.51%
2025-12-28 21:52:37,644 - INFO -   Acc@10: 85.53%
2025-12-28 21:52:37,644 - INFO -   MRR:    64.81%
2025-12-28 21:52:37,644 - INFO -   NDCG:   69.70%
2025-12-28 21:52:37,644 - INFO - ============================================================
2025-12-28 21:52:37,644 - INFO - FINAL TEST RESULTS
2025-12-28 21:52:37,644 - INFO -   Acc@1:  55.29%
2025-12-28 21:52:37,645 - INFO -   Acc@5:  83.14%
2025-12-28 21:52:37,645 - INFO -   Acc@10: 88.36%
2025-12-28 21:52:37,645 - INFO -   MRR:    67.51%
2025-12-28 21:52:37,645 - INFO -   NDCG:   72.41%
2025-12-28 21:52:37,645 - INFO - ============================================================
