2025-12-29 06:39:21,712 - INFO - ============================================================
2025-12-29 06:39:21,712 - INFO - ABLATION STUDY: no_generation
2025-12-29 06:39:21,712 - INFO - ============================================================
2025-12-29 06:39:21,712 - INFO - Ablation: Without Generation Head (Pointer Only)
2025-12-29 06:39:21,713 - INFO - Model parameters: 172,208
2025-12-29 06:39:21,713 - INFO - ============================================================
2025-12-29 06:39:21,713 - INFO - Training for 50 epochs
2025-12-29 06:39:25,366 - INFO - Epoch 1/50 | LR: 1.30e-04 | Train: 8.6237 | Val: 6.1946 | Acc@1: 38.54%
2025-12-29 06:39:25,385 - INFO -   ✓ New best (Acc@1: 38.54%)
2025-12-29 06:39:28,602 - INFO - Epoch 2/50 | LR: 2.60e-04 | Train: 8.4435 | Val: 6.1122 | Acc@1: 42.56%
2025-12-29 06:39:28,622 - INFO -   ✓ New best (Acc@1: 42.56%)
2025-12-29 06:39:31,905 - INFO - Epoch 3/50 | LR: 3.90e-04 | Train: 8.3353 | Val: 6.0679 | Acc@1: 44.39%
2025-12-29 06:39:31,925 - INFO -   ✓ New best (Acc@1: 44.39%)
2025-12-29 06:39:35,298 - INFO - Epoch 4/50 | LR: 5.20e-04 | Train: 8.2552 | Val: 6.0480 | Acc@1: 45.95%
2025-12-29 06:39:35,317 - INFO -   ✓ New best (Acc@1: 45.95%)
2025-12-29 06:39:38,332 - INFO - Epoch 5/50 | LR: 6.50e-04 | Train: 8.1835 | Val: 6.0570 | Acc@1: 45.02%
2025-12-29 06:39:41,599 - INFO - Epoch 6/50 | LR: 6.50e-04 | Train: 8.1193 | Val: 6.0530 | Acc@1: 47.15%
2025-12-29 06:39:45,086 - INFO - Epoch 7/50 | LR: 6.49e-04 | Train: 8.0606 | Val: 6.0875 | Acc@1: 47.33%
2025-12-29 06:39:48,451 - INFO - Epoch 8/50 | LR: 6.47e-04 | Train: 8.0130 | Val: 6.0850 | Acc@1: 47.30%
2025-12-29 06:39:51,779 - INFO - Epoch 9/50 | LR: 6.43e-04 | Train: 7.9740 | Val: 6.1175 | Acc@1: 48.08%
2025-12-29 06:39:51,779 - INFO - Early stopping at epoch 9
2025-12-29 06:39:53,918 - INFO - ============================================================
2025-12-29 06:39:53,918 - INFO - FINAL TEST RESULTS
2025-12-29 06:39:53,918 - INFO -   Acc@1:  49.69%
2025-12-29 06:39:53,918 - INFO -   Acc@5:  82.87%
2025-12-29 06:39:53,918 - INFO -   Acc@10: 85.52%
2025-12-29 06:39:53,918 - INFO -   MRR:    63.85%
2025-12-29 06:39:53,918 - INFO -   NDCG:   68.82%
2025-12-29 06:39:53,918 - INFO -   F1:     44.38%
2025-12-29 06:39:53,918 - INFO - ============================================================
