2025-12-29 09:23:44,326 - INFO - ============================================================
2025-12-29 09:23:44,326 - INFO - POINTER V45 - Training Started
2025-12-29 09:23:44,326 - INFO - ============================================================
2025-12-29 09:23:44,326 - INFO - Model config: {'d_model': 64, 'dim_feedforward': 128, 'dropout': 0.15, 'nhead': 4, 'num_layers': 2}
2025-12-29 09:23:44,326 - INFO - Training config: {'batch_size': 128, 'grad_clip': 0.8, 'label_smoothing': 0.03, 'learning_rate': 0.00065, 'min_epochs': 8, 'min_lr': 1e-06, 'num_epochs': 50, 'patience': 5, 'use_amp': True, 'warmup_epochs': 5, 'weight_decay': 0.015}
2025-12-29 09:23:44,326 - INFO - ============================================================
2025-12-29 09:23:44,326 - INFO - Training for 50 epochs
2025-12-29 09:23:44,326 - INFO - Model parameters: 242,490
2025-12-29 09:23:48,926 - INFO - Epoch 1/50 | LR: 1.30e-04 | Train: 3.9561 | Val: 2.9214 | Acc@1: 43.16%
2025-12-29 09:23:48,947 - INFO -   ✓ New best (Acc@1: 43.16%)
2025-12-29 09:23:52,575 - INFO - Epoch 2/50 | LR: 2.60e-04 | Train: 3.7124 | Val: 2.8692 | Acc@1: 46.58%
2025-12-29 09:23:52,597 - INFO -   ✓ New best (Acc@1: 46.58%)
2025-12-29 09:23:56,703 - INFO - Epoch 3/50 | LR: 3.90e-04 | Train: 3.5417 | Val: 2.7852 | Acc@1: 47.62%
2025-12-29 09:23:56,729 - INFO -   ✓ New best (Acc@1: 47.62%)
2025-12-29 09:24:01,212 - INFO - Epoch 4/50 | LR: 5.20e-04 | Train: 3.3902 | Val: 2.8187 | Acc@1: 48.70%
2025-12-29 09:24:05,634 - INFO - Epoch 5/50 | LR: 6.50e-04 | Train: 3.2211 | Val: 2.7756 | Acc@1: 47.88%
2025-12-29 09:24:05,658 - INFO -   ✓ New best (Acc@1: 47.88%)
2025-12-29 09:24:09,955 - INFO - Epoch 6/50 | LR: 6.50e-04 | Train: 3.0802 | Val: 2.8372 | Acc@1: 46.92%
2025-12-29 09:24:14,396 - INFO - Epoch 7/50 | LR: 6.49e-04 | Train: 2.9190 | Val: 2.8497 | Acc@1: 47.33%
2025-12-29 09:24:18,432 - INFO - Epoch 8/50 | LR: 6.47e-04 | Train: 2.7878 | Val: 2.8530 | Acc@1: 46.40%
2025-12-29 09:24:22,843 - INFO - Epoch 9/50 | LR: 6.43e-04 | Train: 2.6255 | Val: 2.8901 | Acc@1: 45.54%
2025-12-29 09:24:27,240 - INFO - Epoch 10/50 | LR: 6.37e-04 | Train: 2.4644 | Val: 3.0863 | Acc@1: 44.69%
2025-12-29 09:24:27,240 - INFO - Early stopping at epoch 10
2025-12-29 09:24:27,383 - INFO - Loaded checkpoint from epoch 5
2025-12-29 09:24:29,161 - INFO - ============================================================
2025-12-29 09:24:29,161 - INFO - FINAL VALIDATION RESULTS
2025-12-29 09:24:29,161 - INFO -   Acc@1:  47.88%
2025-12-29 09:24:29,161 - INFO -   Acc@5:  80.24%
2025-12-29 09:24:29,161 - INFO -   Acc@10: 85.22%
2025-12-29 09:24:29,162 - INFO -   MRR:    61.94%
2025-12-29 09:24:29,162 - INFO -   NDCG:   67.45%
2025-12-29 09:24:29,162 - INFO - ============================================================
2025-12-29 09:24:29,162 - INFO - FINAL TEST RESULTS
2025-12-29 09:24:29,162 - INFO -   Acc@1:  49.38%
2025-12-29 09:24:29,162 - INFO -   Acc@5:  84.92%
2025-12-29 09:24:29,162 - INFO -   Acc@10: 87.59%
2025-12-29 09:24:29,162 - INFO -   MRR:    64.86%
2025-12-29 09:24:29,162 - INFO -   NDCG:   70.40%
2025-12-29 09:24:29,162 - INFO - ============================================================
