2025-12-28 18:22:23,866 - INFO - ============================================================
2025-12-28 18:22:23,866 - INFO - POINTER V45 - Training Started
2025-12-28 18:22:23,866 - INFO - ============================================================
2025-12-28 18:22:23,866 - INFO - Model config: {'d_model': 80, 'nhead': 4, 'num_layers': 3, 'dim_feedforward': 160, 'dropout': 0.15}
2025-12-28 18:22:23,866 - INFO - Training config: {'batch_size': 128, 'num_epochs': 2, 'learning_rate': 0.0006, 'weight_decay': 0.015, 'label_smoothing': 0.03, 'grad_clip': 0.8, 'patience': 5, 'min_epochs': 8, 'warmup_epochs': 5, 'use_amp': True, 'min_lr': 1e-06}
2025-12-28 18:22:23,866 - INFO - ============================================================
2025-12-28 18:22:23,866 - INFO - Training for 2 epochs
2025-12-28 18:22:23,867 - INFO - Model parameters: 393,952
2025-12-28 18:22:27,309 - INFO - Epoch 1/2 | LR: 1.20e-04 | Train: 4.2935 | Val: 3.2567 | Acc@1: 38.21%
2025-12-28 18:22:27,336 - INFO -   ✓ New best (Acc@1: 38.21%)
2025-12-28 18:22:30,148 - INFO - Epoch 2/2 | LR: 2.40e-04 | Train: 3.8924 | Val: 3.1761 | Acc@1: 42.26%
2025-12-28 18:22:30,175 - INFO -   ✓ New best (Acc@1: 42.26%)
2025-12-28 18:22:30,244 - INFO - Loaded checkpoint from epoch 2
2025-12-28 18:22:31,293 - INFO - ============================================================
2025-12-28 18:22:31,293 - INFO - FINAL VALIDATION RESULTS
2025-12-28 18:22:31,293 - INFO -   Acc@1:  42.26%
2025-12-28 18:22:31,293 - INFO -   Acc@5:  77.65%
2025-12-28 18:22:31,293 - INFO -   Acc@10: 81.55%
2025-12-28 18:22:31,293 - INFO -   MRR:    57.51%
2025-12-28 18:22:31,293 - INFO -   NDCG:   63.32%
2025-12-28 18:22:31,293 - INFO - ============================================================
2025-12-28 18:22:31,293 - INFO - FINAL TEST RESULTS
2025-12-28 18:22:31,293 - INFO -   Acc@1:  47.20%
2025-12-28 18:22:31,293 - INFO -   Acc@5:  81.32%
2025-12-28 18:22:31,293 - INFO -   Acc@10: 83.95%
2025-12-28 18:22:31,294 - INFO -   MRR:    62.53%
2025-12-28 18:22:31,294 - INFO -   NDCG:   67.80%
2025-12-28 18:22:31,294 - INFO - ============================================================
