2025-12-29 09:44:00,547 - INFO - ============================================================
2025-12-29 09:44:00,547 - INFO - POINTER V45 - Training Started
2025-12-29 09:44:00,548 - INFO - ============================================================
2025-12-29 09:44:00,548 - INFO - Model config: {'d_model': 64, 'dim_feedforward': 128, 'dropout': 0.15, 'nhead': 4, 'num_layers': 2}
2025-12-29 09:44:00,548 - INFO - Training config: {'batch_size': 128, 'grad_clip': 0.8, 'label_smoothing': 0.03, 'learning_rate': 0.0006, 'min_epochs': 8, 'min_lr': 1e-06, 'num_epochs': 50, 'patience': 5, 'use_amp': True, 'warmup_epochs': 5, 'weight_decay': 0.015}
2025-12-29 09:44:00,548 - INFO - ============================================================
2025-12-29 09:44:00,548 - INFO - Training for 50 epochs
2025-12-29 09:44:00,548 - INFO - Model parameters: 241,138
2025-12-29 09:44:04,911 - INFO - Epoch 1/50 | LR: 1.20e-04 | Train: 4.0176 | Val: 2.7669 | Acc@1: 41.25%
2025-12-29 09:44:04,933 - INFO -   ✓ New best (Acc@1: 41.25%)
2025-12-29 09:44:08,293 - INFO - Epoch 2/50 | LR: 2.40e-04 | Train: 3.7479 | Val: 2.6759 | Acc@1: 44.58%
2025-12-29 09:44:08,316 - INFO -   ✓ New best (Acc@1: 44.58%)
2025-12-29 09:44:11,663 - INFO - Epoch 3/50 | LR: 3.60e-04 | Train: 3.5255 | Val: 2.6592 | Acc@1: 47.39%
2025-12-29 09:44:11,685 - INFO -   ✓ New best (Acc@1: 47.39%)
2025-12-29 09:44:15,187 - INFO - Epoch 4/50 | LR: 4.80e-04 | Train: 3.3820 | Val: 2.6353 | Acc@1: 48.00%
2025-12-29 09:44:15,209 - INFO -   ✓ New best (Acc@1: 48.00%)
2025-12-29 09:44:18,569 - INFO - Epoch 5/50 | LR: 6.00e-04 | Train: 3.2402 | Val: 2.6648 | Acc@1: 47.64%
2025-12-29 09:44:21,975 - INFO - Epoch 6/50 | LR: 6.00e-04 | Train: 3.0841 | Val: 2.6855 | Acc@1: 48.33%
2025-12-29 09:44:25,452 - INFO - Epoch 7/50 | LR: 5.99e-04 | Train: 2.9455 | Val: 2.7311 | Acc@1: 48.41%
2025-12-29 09:44:28,831 - INFO - Epoch 8/50 | LR: 5.97e-04 | Train: 2.8006 | Val: 2.7527 | Acc@1: 48.25%
2025-12-29 09:44:31,856 - INFO - Epoch 9/50 | LR: 5.93e-04 | Train: 2.6683 | Val: 2.7731 | Acc@1: 48.09%
2025-12-29 09:44:31,857 - INFO - Early stopping at epoch 9
2025-12-29 09:44:31,939 - INFO - Loaded checkpoint from epoch 4
2025-12-29 09:44:32,980 - INFO - ============================================================
2025-12-29 09:44:32,981 - INFO - FINAL VALIDATION RESULTS
2025-12-29 09:44:32,981 - INFO -   Acc@1:  48.00%
2025-12-29 09:44:32,981 - INFO -   Acc@5:  82.78%
2025-12-29 09:44:32,981 - INFO -   Acc@10: 86.28%
2025-12-29 09:44:32,981 - INFO -   MRR:    63.07%
2025-12-29 09:44:32,981 - INFO -   NDCG:   68.67%
2025-12-29 09:44:32,981 - INFO - ============================================================
2025-12-29 09:44:32,981 - INFO - FINAL TEST RESULTS
2025-12-29 09:44:32,981 - INFO -   Acc@1:  51.05%
2025-12-29 09:44:32,981 - INFO -   Acc@5:  85.15%
2025-12-29 09:44:32,981 - INFO -   Acc@10: 88.39%
2025-12-29 09:44:32,981 - INFO -   MRR:    66.17%
2025-12-29 09:44:32,981 - INFO -   NDCG:   71.60%
2025-12-29 09:44:32,981 - INFO - ============================================================
