2025-12-28 18:22:36,286 - INFO - ============================================================
2025-12-28 18:22:36,286 - INFO - POINTER V45 - Training Started
2025-12-28 18:22:36,287 - INFO - ============================================================
2025-12-28 18:22:36,287 - INFO - Model config: {'d_model': 72, 'nhead': 4, 'num_layers': 2, 'dim_feedforward': 144, 'dropout': 0.15}
2025-12-28 18:22:36,287 - INFO - Training config: {'batch_size': 128, 'num_epochs': 2, 'learning_rate': 0.00065, 'weight_decay': 0.015, 'label_smoothing': 0.03, 'grad_clip': 0.8, 'patience': 5, 'min_epochs': 8, 'warmup_epochs': 5, 'use_amp': True, 'min_lr': 1e-06}
2025-12-28 18:22:36,287 - INFO - ============================================================
2025-12-28 18:22:36,287 - INFO - Training for 2 epochs
2025-12-28 18:22:36,287 - INFO - Model parameters: 295,282
2025-12-28 18:22:39,636 - INFO - Epoch 1/2 | LR: 1.30e-04 | Train: 4.1980 | Val: 3.2097 | Acc@1: 39.71%
2025-12-28 18:22:39,658 - INFO -   ✓ New best (Acc@1: 39.71%)
2025-12-28 18:22:42,359 - INFO - Epoch 2/2 | LR: 2.60e-04 | Train: 3.8415 | Val: 3.0914 | Acc@1: 43.52%
2025-12-28 18:22:42,380 - INFO -   ✓ New best (Acc@1: 43.52%)
2025-12-28 18:22:42,430 - INFO - Loaded checkpoint from epoch 2
2025-12-28 18:22:43,378 - INFO - ============================================================
2025-12-28 18:22:43,378 - INFO - FINAL VALIDATION RESULTS
2025-12-28 18:22:43,378 - INFO -   Acc@1:  43.52%
2025-12-28 18:22:43,378 - INFO -   Acc@5:  77.62%
2025-12-28 18:22:43,378 - INFO -   Acc@10: 81.49%
2025-12-28 18:22:43,378 - INFO -   MRR:    58.38%
2025-12-28 18:22:43,378 - INFO -   NDCG:   63.95%
2025-12-28 18:22:43,378 - INFO - ============================================================
2025-12-28 18:22:43,378 - INFO - FINAL TEST RESULTS
2025-12-28 18:22:43,378 - INFO -   Acc@1:  48.00%
2025-12-28 18:22:43,378 - INFO -   Acc@5:  81.47%
2025-12-28 18:22:43,378 - INFO -   Acc@10: 84.18%
2025-12-28 18:22:43,379 - INFO -   MRR:    62.71%
2025-12-28 18:22:43,379 - INFO -   NDCG:   67.99%
2025-12-28 18:22:43,379 - INFO - ============================================================
