2025-12-28 18:24:01,141 - INFO - ============================================================
2025-12-28 18:24:01,141 - INFO - POINTER V45 - Training Started
2025-12-28 18:24:01,141 - INFO - ============================================================
2025-12-28 18:24:01,141 - INFO - Model config: {'d_model': 80, 'nhead': 4, 'num_layers': 3, 'dim_feedforward': 160, 'dropout': 0.15}
2025-12-28 18:24:01,141 - INFO - Training config: {'batch_size': 128, 'num_epochs': 2, 'learning_rate': 0.0006, 'weight_decay': 0.015, 'label_smoothing': 0.03, 'grad_clip': 0.8, 'patience': 5, 'min_epochs': 8, 'warmup_epochs': 5, 'use_amp': True, 'min_lr': 1e-06}
2025-12-28 18:24:01,141 - INFO - ============================================================
2025-12-28 18:24:01,141 - INFO - Training for 2 epochs
2025-12-28 18:24:01,142 - INFO - Model parameters: 381,034
2025-12-28 18:24:04,860 - INFO - Epoch 1/2 | LR: 1.20e-04 | Train: 4.0893 | Val: 2.8361 | Acc@1: 39.78%
2025-12-28 18:24:04,887 - INFO -   ✓ New best (Acc@1: 39.78%)
2025-12-28 18:24:07,799 - INFO - Epoch 2/2 | LR: 2.40e-04 | Train: 3.7662 | Val: 2.7770 | Acc@1: 44.38%
2025-12-28 18:24:07,826 - INFO -   ✓ New best (Acc@1: 44.38%)
2025-12-28 18:24:07,885 - INFO - Loaded checkpoint from epoch 2
2025-12-28 18:24:08,618 - INFO - ============================================================
2025-12-28 18:24:08,618 - INFO - FINAL VALIDATION RESULTS
2025-12-28 18:24:08,618 - INFO -   Acc@1:  44.38%
2025-12-28 18:24:08,618 - INFO -   Acc@5:  82.33%
2025-12-28 18:24:08,618 - INFO -   Acc@10: 85.83%
2025-12-28 18:24:08,618 - INFO -   MRR:    60.83%
2025-12-28 18:24:08,618 - INFO -   NDCG:   66.90%
2025-12-28 18:24:08,618 - INFO - ============================================================
2025-12-28 18:24:08,618 - INFO - FINAL TEST RESULTS
2025-12-28 18:24:08,618 - INFO -   Acc@1:  46.52%
2025-12-28 18:24:08,618 - INFO -   Acc@5:  86.11%
2025-12-28 18:24:08,618 - INFO -   Acc@10: 88.58%
2025-12-28 18:24:08,618 - INFO -   MRR:    64.00%
2025-12-28 18:24:08,619 - INFO -   NDCG:   70.08%
2025-12-28 18:24:08,619 - INFO - ============================================================
