2025-12-30 21:58:00,024 - INFO - ============================================================
2025-12-30 21:58:00,025 - INFO - POINTER V45 - Training Started
2025-12-30 21:58:00,025 - INFO - ============================================================
2025-12-30 21:58:00,025 - INFO - Model config: {'d_model': 64, 'dim_feedforward': 256, 'dropout': 0.15, 'nhead': 2, 'num_layers': 2}
2025-12-30 21:58:00,025 - INFO - Training config: {'batch_size': 128, 'grad_clip': 0.8, 'label_smoothing': 0.03, 'learning_rate': 0.00065, 'min_epochs': 3, 'min_lr': 1e-06, 'num_epochs': 50, 'patience': 5, 'use_amp': True, 'warmup_epochs': 5, 'weight_decay': 0.015}
2025-12-30 21:58:00,025 - INFO - ============================================================
2025-12-30 21:58:00,025 - INFO - Training for 50 epochs
2025-12-30 21:58:00,025 - INFO - Model parameters: 274,858
2025-12-30 21:58:06,135 - INFO - Epoch 1/50 | LR: 1.30e-04 | Train: 4.0134 | Val: 2.9234 | Acc@1: 41.64%
2025-12-30 21:58:06,160 - INFO -   ✓ New best (Acc@1: 41.64%)
2025-12-30 21:58:12,039 - INFO - Epoch 2/50 | LR: 2.60e-04 | Train: 3.7241 | Val: 2.8462 | Acc@1: 44.27%
2025-12-30 21:58:12,065 - INFO -   ✓ New best (Acc@1: 44.27%)
2025-12-30 21:58:18,678 - INFO - Epoch 3/50 | LR: 3.90e-04 | Train: 3.5354 | Val: 2.7950 | Acc@1: 46.36%
2025-12-30 21:58:18,702 - INFO -   ✓ New best (Acc@1: 46.36%)
2025-12-30 21:58:26,475 - INFO - Epoch 4/50 | LR: 5.20e-04 | Train: 3.3696 | Val: 2.7676 | Acc@1: 46.12%
2025-12-30 21:58:26,499 - INFO -   ✓ New best (Acc@1: 46.12%)
2025-12-30 21:58:35,295 - INFO - Epoch 5/50 | LR: 6.50e-04 | Train: 3.2120 | Val: 2.7751 | Acc@1: 47.31%
2025-12-30 21:58:43,027 - INFO - Epoch 6/50 | LR: 6.50e-04 | Train: 3.0394 | Val: 2.7402 | Acc@1: 47.69%
2025-12-30 21:58:43,050 - INFO -   ✓ New best (Acc@1: 47.69%)
2025-12-30 21:58:50,545 - INFO - Epoch 7/50 | LR: 6.49e-04 | Train: 2.8728 | Val: 2.7949 | Acc@1: 47.62%
2025-12-30 21:58:58,593 - INFO - Epoch 8/50 | LR: 6.47e-04 | Train: 2.7196 | Val: 2.8449 | Acc@1: 47.27%
2025-12-30 21:59:07,058 - INFO - Epoch 9/50 | LR: 6.43e-04 | Train: 2.5599 | Val: 2.8783 | Acc@1: 47.10%
2025-12-30 21:59:15,459 - INFO - Epoch 10/50 | LR: 6.37e-04 | Train: 2.4200 | Val: 2.8939 | Acc@1: 46.22%
2025-12-30 21:59:22,825 - INFO - Epoch 11/50 | LR: 6.30e-04 | Train: 2.2828 | Val: 2.9814 | Acc@1: 46.26%
2025-12-30 21:59:22,826 - INFO - Early stopping at epoch 11
2025-12-30 21:59:23,839 - INFO - Loaded checkpoint from epoch 6
2025-12-30 21:59:26,886 - INFO - ============================================================
2025-12-30 21:59:26,886 - INFO - FINAL VALIDATION RESULTS
2025-12-30 21:59:26,886 - INFO -   Acc@1:  47.69%
2025-12-30 21:59:26,886 - INFO -   Acc@5:  80.52%
2025-12-30 21:59:26,887 - INFO -   Acc@10: 84.79%
2025-12-30 21:59:26,887 - INFO -   MRR:    61.88%
2025-12-30 21:59:26,887 - INFO -   NDCG:   67.33%
2025-12-30 21:59:26,887 - INFO - ============================================================
2025-12-30 21:59:26,887 - INFO - FINAL TEST RESULTS
2025-12-30 21:59:26,887 - INFO -   Acc@1:  51.62%
2025-12-30 21:59:26,887 - INFO -   Acc@5:  84.28%
2025-12-30 21:59:26,887 - INFO -   Acc@10: 86.83%
2025-12-30 21:59:26,887 - INFO -   MRR:    65.82%
2025-12-30 21:59:26,887 - INFO -   NDCG:   70.93%
2025-12-30 21:59:26,887 - INFO - ============================================================
