2025-12-28 19:00:53,481 - INFO - ============================================================
2025-12-28 19:00:53,482 - INFO - POINTER V45 - Training Started
2025-12-28 19:00:53,482 - INFO - ============================================================
2025-12-28 19:00:53,482 - INFO - Model config: {'d_model': 64, 'dim_feedforward': 128, 'dropout': 0.15, 'nhead': 4, 'num_layers': 2}
2025-12-28 19:00:53,482 - INFO - Training config: {'batch_size': 128, 'grad_clip': 0.8, 'label_smoothing': 0.03, 'learning_rate': 0.00065, 'min_epochs': 8, 'min_lr': 1e-06, 'num_epochs': 50, 'patience': 5, 'use_amp': True, 'warmup_epochs': 5, 'weight_decay': 0.015}
2025-12-28 19:00:53,482 - INFO - ============================================================
2025-12-28 19:00:53,482 - INFO - Training for 50 epochs
2025-12-28 19:00:53,482 - INFO - Model parameters: 251,068
2025-12-28 19:00:57,583 - INFO - Epoch 1/50 | LR: 1.30e-04 | Train: 4.4117 | Val: 3.4085 | Acc@1: 39.67%
2025-12-28 19:00:57,605 - INFO -   ✓ New best (Acc@1: 39.67%)
2025-12-28 19:01:01,087 - INFO - Epoch 2/50 | LR: 2.60e-04 | Train: 4.0781 | Val: 3.3060 | Acc@1: 42.98%
2025-12-28 19:01:01,111 - INFO -   ✓ New best (Acc@1: 42.98%)
2025-12-28 19:01:04,895 - INFO - Epoch 3/50 | LR: 3.90e-04 | Train: 3.7919 | Val: 3.2191 | Acc@1: 45.27%
2025-12-28 19:01:04,917 - INFO -   ✓ New best (Acc@1: 45.27%)
2025-12-28 19:01:08,809 - INFO - Epoch 4/50 | LR: 5.20e-04 | Train: 3.5912 | Val: 3.1866 | Acc@1: 45.96%
2025-12-28 19:01:08,831 - INFO -   ✓ New best (Acc@1: 45.96%)
2025-12-28 19:01:12,696 - INFO - Epoch 5/50 | LR: 6.50e-04 | Train: 3.3809 | Val: 3.1750 | Acc@1: 46.87%
2025-12-28 19:01:12,718 - INFO -   ✓ New best (Acc@1: 46.87%)
2025-12-28 19:01:16,548 - INFO - Epoch 6/50 | LR: 6.50e-04 | Train: 3.1782 | Val: 3.1193 | Acc@1: 47.32%
2025-12-28 19:01:16,570 - INFO -   ✓ New best (Acc@1: 47.32%)
2025-12-28 19:01:20,441 - INFO - Epoch 7/50 | LR: 6.49e-04 | Train: 2.9543 | Val: 3.1536 | Acc@1: 48.25%
2025-12-28 19:01:24,333 - INFO - Epoch 8/50 | LR: 6.47e-04 | Train: 2.7621 | Val: 3.1084 | Acc@1: 48.37%
2025-12-28 19:01:24,355 - INFO -   ✓ New best (Acc@1: 48.37%)
2025-12-28 19:01:28,309 - INFO - Epoch 9/50 | LR: 6.43e-04 | Train: 2.6165 | Val: 3.1549 | Acc@1: 48.40%
2025-12-28 19:01:32,171 - INFO - Epoch 10/50 | LR: 6.37e-04 | Train: 2.4366 | Val: 3.2061 | Acc@1: 48.16%
2025-12-28 19:01:36,110 - INFO - Epoch 11/50 | LR: 6.30e-04 | Train: 2.3330 | Val: 3.1659 | Acc@1: 49.07%
2025-12-28 19:01:40,213 - INFO - Epoch 12/50 | LR: 6.22e-04 | Train: 2.1783 | Val: 3.1658 | Acc@1: 49.22%
2025-12-28 19:01:44,106 - INFO - Epoch 13/50 | LR: 6.12e-04 | Train: 2.0840 | Val: 3.2000 | Acc@1: 49.40%
2025-12-28 19:01:44,106 - INFO - Early stopping at epoch 13
2025-12-28 19:01:44,318 - INFO - Loaded checkpoint from epoch 8
2025-12-28 19:01:46,298 - INFO - ============================================================
2025-12-28 19:01:46,298 - INFO - FINAL VALIDATION RESULTS
2025-12-28 19:01:46,298 - INFO -   Acc@1:  48.37%
2025-12-28 19:01:46,298 - INFO -   Acc@5:  73.89%
2025-12-28 19:01:46,298 - INFO -   Acc@10: 79.01%
2025-12-28 19:01:46,298 - INFO -   MRR:    59.89%
2025-12-28 19:01:46,298 - INFO -   NDCG:   64.28%
2025-12-28 19:01:46,298 - INFO - ============================================================
2025-12-28 19:01:46,298 - INFO - FINAL TEST RESULTS
2025-12-28 19:01:46,298 - INFO -   Acc@1:  51.19%
2025-12-28 19:01:46,298 - INFO -   Acc@5:  76.66%
2025-12-28 19:01:46,298 - INFO -   Acc@10: 80.57%
2025-12-28 19:01:46,298 - INFO -   MRR:    62.62%
2025-12-28 19:01:46,298 - INFO -   NDCG:   66.80%
2025-12-28 19:01:46,299 - INFO - ============================================================
