2026-01-01 08:36:02,343 - INFO - ============================================================
2026-01-01 08:36:02,344 - INFO - POINTER V45 - Training Started
2026-01-01 08:36:02,344 - INFO - ============================================================
2026-01-01 08:36:02,344 - INFO - Model config: {'d_model': 128, 'nhead': 2, 'num_layers': 4, 'dim_feedforward': 256, 'dropout': 0.2}
2026-01-01 08:36:02,344 - INFO - Training config: {'batch_size': 128, 'num_epochs': 50, 'learning_rate': 0.001, 'weight_decay': 0.0005, 'label_smoothing': 0.01, 'grad_clip': 0.8, 'patience': 5, 'min_epochs': 8, 'warmup_epochs': 7, 'use_amp': True, 'min_lr': 1e-06}
2026-01-01 08:36:02,344 - INFO - ============================================================
2026-01-01 08:36:02,344 - INFO - Training for 50 epochs
2026-01-01 08:36:02,344 - INFO - Model parameters: 2,533,042
2026-01-01 08:37:37,343 - INFO - Epoch 1/50 | LR: 1.43e-04 | Train: 2.9662 | Val: 2.8964 | Acc@1: 50.78%
2026-01-01 08:37:37,410 - INFO -   ✓ New best (Acc@1: 50.78%)
2026-01-01 08:39:10,665 - INFO - Epoch 2/50 | LR: 2.86e-04 | Train: 2.7082 | Val: 2.8383 | Acc@1: 52.83%
2026-01-01 08:39:10,751 - INFO -   ✓ New best (Acc@1: 52.83%)
2026-01-01 08:40:45,562 - INFO - Epoch 3/50 | LR: 4.29e-04 | Train: 2.6125 | Val: 2.8003 | Acc@1: 53.26%
2026-01-01 08:40:45,642 - INFO -   ✓ New best (Acc@1: 53.26%)
2026-01-01 08:42:12,811 - INFO - Epoch 4/50 | LR: 5.71e-04 | Train: 2.5260 | Val: 2.7519 | Acc@1: 54.28%
2026-01-01 08:42:12,891 - INFO -   ✓ New best (Acc@1: 54.28%)
2026-01-01 08:43:38,072 - INFO - Epoch 5/50 | LR: 7.14e-04 | Train: 2.4434 | Val: 2.7166 | Acc@1: 53.87%
2026-01-01 08:43:38,154 - INFO -   ✓ New best (Acc@1: 53.87%)
2026-01-01 08:44:58,116 - INFO - Epoch 6/50 | LR: 8.57e-04 | Train: 2.3780 | Val: 2.7188 | Acc@1: 54.25%
2026-01-01 08:46:24,962 - INFO - Epoch 7/50 | LR: 1.00e-03 | Train: 2.3314 | Val: 2.6837 | Acc@1: 54.03%
2026-01-01 08:46:25,043 - INFO -   ✓ New best (Acc@1: 54.03%)
2026-01-01 08:47:49,863 - INFO - Epoch 8/50 | LR: 1.00e-03 | Train: 2.2642 | Val: 2.7186 | Acc@1: 53.52%
2026-01-01 08:49:14,319 - INFO - Epoch 9/50 | LR: 9.99e-04 | Train: 2.2072 | Val: 2.7416 | Acc@1: 54.06%
2026-01-01 08:50:41,229 - INFO - Epoch 10/50 | LR: 9.95e-04 | Train: 2.1671 | Val: 2.7605 | Acc@1: 53.94%
2026-01-01 08:52:07,797 - INFO - Epoch 11/50 | LR: 9.88e-04 | Train: 2.1332 | Val: 2.7774 | Acc@1: 53.82%
2026-01-01 08:53:35,108 - INFO - Epoch 12/50 | LR: 9.79e-04 | Train: 2.0973 | Val: 2.8234 | Acc@1: 53.47%
2026-01-01 08:53:35,109 - INFO - Early stopping at epoch 12
2026-01-01 08:53:35,416 - INFO - Loaded checkpoint from epoch 7
2026-01-01 08:53:43,506 - INFO - ============================================================
2026-01-01 08:53:43,506 - INFO - FINAL VALIDATION RESULTS
2026-01-01 08:53:43,506 - INFO -   Acc@1:  54.03%
2026-01-01 08:53:43,506 - INFO -   Acc@5:  79.73%
2026-01-01 08:53:43,506 - INFO -   Acc@10: 83.91%
2026-01-01 08:53:43,506 - INFO -   MRR:    65.37%
2026-01-01 08:53:43,506 - INFO -   NDCG:   69.75%
2026-01-01 08:53:43,506 - INFO - ============================================================
2026-01-01 08:53:43,506 - INFO - FINAL TEST RESULTS
2026-01-01 08:53:43,506 - INFO -   Acc@1:  56.50%
2026-01-01 08:53:43,506 - INFO -   Acc@5:  82.29%
2026-01-01 08:53:43,507 - INFO -   Acc@10: 85.96%
2026-01-01 08:53:43,507 - INFO -   MRR:    67.74%
2026-01-01 08:53:43,507 - INFO -   NDCG:   72.08%
2026-01-01 08:53:43,507 - INFO - ============================================================
