2025-12-29 08:46:24,041 - INFO - ============================================================
2025-12-29 08:46:24,041 - INFO - POINTER V45 - Training Started
2025-12-29 08:46:24,041 - INFO - ============================================================
2025-12-29 08:46:24,041 - INFO - Model config: {'d_model': 64, 'dim_feedforward': 128, 'dropout': 0.15, 'nhead': 4, 'num_layers': 2}
2025-12-29 08:46:24,041 - INFO - Training config: {'batch_size': 128, 'grad_clip': 0.8, 'label_smoothing': 0.03, 'learning_rate': 0.00065, 'min_epochs': 8, 'min_lr': 1e-06, 'num_epochs': 50, 'patience': 5, 'use_amp': True, 'warmup_epochs': 5, 'weight_decay': 0.015}
2025-12-29 08:46:24,041 - INFO - ============================================================
2025-12-29 08:46:24,041 - INFO - Training for 50 epochs
2025-12-29 08:46:24,042 - INFO - Model parameters: 246,251
2025-12-29 08:46:28,187 - INFO - Epoch 1/50 | LR: 1.30e-04 | Train: 4.1212 | Val: 3.0519 | Acc@1: 37.39%
2025-12-29 08:46:28,208 - INFO -   ✓ New best (Acc@1: 37.39%)
2025-12-29 08:46:31,521 - INFO - Epoch 2/50 | LR: 2.60e-04 | Train: 3.7921 | Val: 2.9428 | Acc@1: 42.61%
2025-12-29 08:46:31,541 - INFO -   ✓ New best (Acc@1: 42.61%)
2025-12-29 08:46:34,761 - INFO - Epoch 3/50 | LR: 3.90e-04 | Train: 3.5920 | Val: 2.9039 | Acc@1: 45.70%
2025-12-29 08:46:34,782 - INFO -   ✓ New best (Acc@1: 45.70%)
2025-12-29 08:46:38,040 - INFO - Epoch 4/50 | LR: 5.20e-04 | Train: 3.4017 | Val: 2.8843 | Acc@1: 46.59%
2025-12-29 08:46:38,060 - INFO -   ✓ New best (Acc@1: 46.59%)
2025-12-29 08:46:41,234 - INFO - Epoch 5/50 | LR: 6.50e-04 | Train: 3.2436 | Val: 2.9174 | Acc@1: 46.88%
2025-12-29 08:46:44,503 - INFO - Epoch 6/50 | LR: 6.50e-04 | Train: 3.0575 | Val: 2.8321 | Acc@1: 48.63%
2025-12-29 08:46:44,523 - INFO -   ✓ New best (Acc@1: 48.63%)
2025-12-29 08:46:47,614 - INFO - Epoch 7/50 | LR: 6.49e-04 | Train: 2.9041 | Val: 2.8264 | Acc@1: 48.79%
2025-12-29 08:46:47,635 - INFO -   ✓ New best (Acc@1: 48.79%)
2025-12-29 08:46:50,850 - INFO - Epoch 8/50 | LR: 6.47e-04 | Train: 2.7244 | Val: 2.9027 | Acc@1: 48.47%
2025-12-29 08:46:54,115 - INFO - Epoch 9/50 | LR: 6.43e-04 | Train: 2.5693 | Val: 2.9275 | Acc@1: 48.54%
2025-12-29 08:46:57,353 - INFO - Epoch 10/50 | LR: 6.37e-04 | Train: 2.4283 | Val: 2.9705 | Acc@1: 47.61%
2025-12-29 08:47:00,668 - INFO - Epoch 11/50 | LR: 6.30e-04 | Train: 2.2986 | Val: 2.9930 | Acc@1: 47.52%
2025-12-29 08:47:03,973 - INFO - Epoch 12/50 | LR: 6.22e-04 | Train: 2.1842 | Val: 3.0113 | Acc@1: 47.10%
2025-12-29 08:47:03,973 - INFO - Early stopping at epoch 12
2025-12-29 08:47:04,042 - INFO - Loaded checkpoint from epoch 7
2025-12-29 08:47:05,282 - INFO - ============================================================
2025-12-29 08:47:05,282 - INFO - FINAL VALIDATION RESULTS
2025-12-29 08:47:05,282 - INFO -   Acc@1:  48.79%
2025-12-29 08:47:05,282 - INFO -   Acc@5:  79.20%
2025-12-29 08:47:05,282 - INFO -   Acc@10: 83.18%
2025-12-29 08:47:05,283 - INFO -   MRR:    61.85%
2025-12-29 08:47:05,283 - INFO -   NDCG:   66.87%
2025-12-29 08:47:05,283 - INFO - ============================================================
2025-12-29 08:47:05,283 - INFO - FINAL TEST RESULTS
2025-12-29 08:47:05,283 - INFO -   Acc@1:  50.32%
2025-12-29 08:47:05,283 - INFO -   Acc@5:  82.41%
2025-12-29 08:47:05,283 - INFO -   Acc@10: 86.09%
2025-12-29 08:47:05,283 - INFO -   MRR:    64.64%
2025-12-29 08:47:05,283 - INFO -   NDCG:   69.83%
2025-12-29 08:47:05,283 - INFO - ============================================================
