2025-12-28 18:47:12,486 - INFO - ============================================================
2025-12-28 18:47:12,486 - INFO - POINTER V45 - Training Started
2025-12-28 18:47:12,487 - INFO - ============================================================
2025-12-28 18:47:12,487 - INFO - Model config: {'d_model': 128, 'dim_feedforward': 256, 'dropout': 0.15, 'nhead': 4, 'num_layers': 3}
2025-12-28 18:47:12,487 - INFO - Training config: {'batch_size': 128, 'grad_clip': 0.8, 'label_smoothing': 0.03, 'learning_rate': 0.0009, 'min_epochs': 8, 'min_lr': 1e-06, 'num_epochs': 2, 'patience': 5, 'use_amp': True, 'warmup_epochs': 5, 'weight_decay': 0.015}
2025-12-28 18:47:12,487 - INFO - ============================================================
2025-12-28 18:47:12,487 - INFO - Training for 2 epochs
2025-12-28 18:47:12,487 - INFO - Model parameters: 2,156,447
2025-12-28 18:48:14,164 - INFO - Epoch 1/2 | LR: 1.80e-04 | Train: 3.0069 | Val: 2.9183 | Acc@1: 51.32%
2025-12-28 18:48:14,218 - INFO -   ✓ New best (Acc@1: 51.32%)
2025-12-28 18:49:10,841 - INFO - Epoch 2/2 | LR: 3.60e-04 | Train: 2.7832 | Val: 2.8671 | Acc@1: 52.46%
2025-12-28 18:49:10,902 - INFO -   ✓ New best (Acc@1: 52.46%)
2025-12-28 18:49:11,070 - INFO - Loaded checkpoint from epoch 2
2025-12-28 18:49:14,480 - INFO - ============================================================
2025-12-28 18:49:14,480 - INFO - FINAL VALIDATION RESULTS
2025-12-28 18:49:14,480 - INFO -   Acc@1:  52.46%
2025-12-28 18:49:14,480 - INFO -   Acc@5:  80.11%
2025-12-28 18:49:14,480 - INFO -   Acc@10: 83.90%
2025-12-28 18:49:14,480 - INFO -   MRR:    64.58%
2025-12-28 18:49:14,480 - INFO -   NDCG:   69.22%
2025-12-28 18:49:14,480 - INFO - ============================================================
2025-12-28 18:49:14,480 - INFO - FINAL TEST RESULTS
2025-12-28 18:49:14,480 - INFO -   Acc@1:  53.92%
2025-12-28 18:49:14,480 - INFO -   Acc@5:  81.75%
2025-12-28 18:49:14,480 - INFO -   Acc@10: 85.50%
2025-12-28 18:49:14,480 - INFO -   MRR:    65.96%
2025-12-28 18:49:14,480 - INFO -   NDCG:   70.66%
2025-12-28 18:49:14,480 - INFO - ============================================================
