2025-12-29 19:14:13,500 - INFO - ============================================================
2025-12-29 19:14:13,500 - INFO - POINTER V45 - Training Started
2025-12-29 19:14:13,500 - INFO - ============================================================
2025-12-29 19:14:13,500 - INFO - Model config: {'d_model': 32, 'dim_feedforward': 256, 'dropout': 0.15, 'nhead': 2, 'num_layers': 2}
2025-12-29 19:14:13,500 - INFO - Training config: {'batch_size': 128, 'grad_clip': 0.8, 'label_smoothing': 0.03, 'learning_rate': 0.0007, 'min_epochs': 8, 'min_lr': 1e-06, 'num_epochs': 2, 'patience': 5, 'use_amp': True, 'warmup_epochs': 5, 'weight_decay': 0.015}
2025-12-29 19:14:13,500 - INFO - ============================================================
2025-12-29 19:14:13,500 - INFO - Training for 2 epochs
2025-12-29 19:14:13,500 - INFO - Model parameters: 550,848
2025-12-29 19:15:06,841 - INFO - Epoch 1/2 | LR: 1.40e-04 | Train: 3.3017 | Val: 3.2197 | Acc@1: 49.64%
2025-12-29 19:15:06,868 - INFO -   ✓ New best (Acc@1: 49.64%)
2025-12-29 19:16:02,325 - INFO - Epoch 2/2 | LR: 2.80e-04 | Train: 3.0963 | Val: 3.1396 | Acc@1: 52.43%
2025-12-29 19:16:02,353 - INFO -   ✓ New best (Acc@1: 52.43%)
2025-12-29 19:16:02,520 - INFO - Loaded checkpoint from epoch 2
2025-12-29 19:16:11,183 - INFO - ============================================================
2025-12-29 19:16:11,184 - INFO - FINAL VALIDATION RESULTS
2025-12-29 19:16:11,184 - INFO -   Acc@1:  52.43%
2025-12-29 19:16:11,184 - INFO -   Acc@5:  77.88%
2025-12-29 19:16:11,184 - INFO -   Acc@10: 80.27%
2025-12-29 19:16:11,184 - INFO -   MRR:    63.53%
2025-12-29 19:16:11,184 - INFO -   NDCG:   67.58%
2025-12-29 19:16:11,184 - INFO - ============================================================
2025-12-29 19:16:11,184 - INFO - FINAL TEST RESULTS
2025-12-29 19:16:11,184 - INFO -   Acc@1:  53.21%
2025-12-29 19:16:11,184 - INFO -   Acc@5:  79.53%
2025-12-29 19:16:11,184 - INFO -   Acc@10: 81.97%
2025-12-29 19:16:11,184 - INFO -   MRR:    64.69%
2025-12-29 19:16:11,184 - INFO -   NDCG:   68.88%
2025-12-29 19:16:11,185 - INFO - ============================================================
