2025-12-28 18:46:20,548 - INFO - ============================================================
2025-12-28 18:46:20,548 - INFO - POINTER V45 - Training Started
2025-12-28 18:46:20,548 - INFO - ============================================================
2025-12-28 18:46:20,548 - INFO - Model config: {'d_model': 128, 'dim_feedforward': 256, 'dropout': 0.15, 'nhead': 4, 'num_layers': 4}
2025-12-28 18:46:20,548 - INFO - Training config: {'batch_size': 128, 'grad_clip': 0.8, 'label_smoothing': 0.03, 'learning_rate': 0.0006, 'min_epochs': 8, 'min_lr': 1e-06, 'num_epochs': 2, 'patience': 5, 'use_amp': True, 'warmup_epochs': 5, 'weight_decay': 0.015}
2025-12-28 18:46:20,548 - INFO - ============================================================
2025-12-28 18:46:20,549 - INFO - Training for 2 epochs
2025-12-28 18:46:20,549 - INFO - Model parameters: 2,288,927
2025-12-28 18:47:23,707 - INFO - Epoch 1/2 | LR: 1.20e-04 | Train: 3.0872 | Val: 2.9343 | Acc@1: 51.17%
2025-12-28 18:47:23,770 - INFO -   ✓ New best (Acc@1: 51.17%)
2025-12-28 18:48:29,337 - INFO - Epoch 2/2 | LR: 2.40e-04 | Train: 2.8244 | Val: 2.8921 | Acc@1: 52.70%
2025-12-28 18:48:29,402 - INFO -   ✓ New best (Acc@1: 52.70%)
2025-12-28 18:48:29,515 - INFO - Loaded checkpoint from epoch 2
2025-12-28 18:48:32,219 - INFO - ============================================================
2025-12-28 18:48:32,220 - INFO - FINAL VALIDATION RESULTS
2025-12-28 18:48:32,220 - INFO -   Acc@1:  52.70%
2025-12-28 18:48:32,220 - INFO -   Acc@5:  79.91%
2025-12-28 18:48:32,220 - INFO -   Acc@10: 83.71%
2025-12-28 18:48:32,220 - INFO -   MRR:    64.48%
2025-12-28 18:48:32,220 - INFO -   NDCG:   69.07%
2025-12-28 18:48:32,220 - INFO - ============================================================
2025-12-28 18:48:32,220 - INFO - FINAL TEST RESULTS
2025-12-28 18:48:32,220 - INFO -   Acc@1:  53.99%
2025-12-28 18:48:32,220 - INFO -   Acc@5:  81.87%
2025-12-28 18:48:32,220 - INFO -   Acc@10: 85.43%
2025-12-28 18:48:32,220 - INFO -   MRR:    65.97%
2025-12-28 18:48:32,220 - INFO -   NDCG:   70.65%
2025-12-28 18:48:32,220 - INFO - ============================================================
