2025-12-30 04:31:18,869 - INFO - ============================================================
2025-12-30 04:31:18,869 - INFO - POINTER V45 - Training Started
2025-12-30 04:31:18,869 - INFO - ============================================================
2025-12-30 04:31:18,870 - INFO - Model config: {'d_model': 128, 'dim_feedforward': 512, 'dropout': 0.15, 'nhead': 8, 'num_layers': 4}
2025-12-30 04:31:18,870 - INFO - Training config: {'batch_size': 128, 'grad_clip': 0.8, 'label_smoothing': 0.03, 'learning_rate': 0.0006, 'min_epochs': 8, 'min_lr': 1e-06, 'num_epochs': 50, 'patience': 5, 'use_amp': True, 'warmup_epochs': 5, 'weight_decay': 0.015}
2025-12-30 04:31:18,870 - INFO - ============================================================
2025-12-30 04:31:18,870 - INFO - Training for 50 epochs
2025-12-30 04:31:18,870 - INFO - Model parameters: 2,796,210
2025-12-30 04:33:37,315 - INFO - Epoch 1/50 | LR: 1.20e-04 | Train: 3.0784 | Val: 3.0470 | Acc@1: 51.60%
2025-12-30 04:33:37,393 - INFO -   ✓ New best (Acc@1: 51.60%)
2025-12-30 04:35:55,015 - INFO - Epoch 2/50 | LR: 2.40e-04 | Train: 2.8633 | Val: 2.9760 | Acc@1: 52.93%
2025-12-30 04:35:55,096 - INFO -   ✓ New best (Acc@1: 52.93%)
2025-12-30 04:38:10,235 - INFO - Epoch 3/50 | LR: 3.60e-04 | Train: 2.7718 | Val: 2.9434 | Acc@1: 53.74%
2025-12-30 04:38:10,321 - INFO -   ✓ New best (Acc@1: 53.74%)
2025-12-30 04:40:29,017 - INFO - Epoch 4/50 | LR: 4.80e-04 | Train: 2.6886 | Val: 2.8937 | Acc@1: 53.60%
2025-12-30 04:40:29,099 - INFO -   ✓ New best (Acc@1: 53.60%)
2025-12-30 04:42:46,272 - INFO - Epoch 5/50 | LR: 6.00e-04 | Train: 2.6087 | Val: 2.8634 | Acc@1: 54.48%
2025-12-30 04:42:46,354 - INFO -   ✓ New best (Acc@1: 54.48%)
2025-12-30 04:45:07,687 - INFO - Epoch 6/50 | LR: 6.00e-04 | Train: 2.5209 | Val: 2.8506 | Acc@1: 54.19%
2025-12-30 04:45:07,773 - INFO -   ✓ New best (Acc@1: 54.19%)
2025-12-30 04:47:25,317 - INFO - Epoch 7/50 | LR: 5.99e-04 | Train: 2.4493 | Val: 2.8646 | Acc@1: 54.25%
2025-12-30 04:49:43,610 - INFO - Epoch 8/50 | LR: 5.97e-04 | Train: 2.3876 | Val: 2.8812 | Acc@1: 54.13%
2025-12-30 04:52:00,165 - INFO - Epoch 9/50 | LR: 5.93e-04 | Train: 2.3268 | Val: 2.9190 | Acc@1: 53.32%
2025-12-30 04:54:19,032 - INFO - Epoch 10/50 | LR: 5.88e-04 | Train: 2.2720 | Val: 2.9485 | Acc@1: 52.94%
2025-12-30 04:56:23,227 - INFO - Epoch 11/50 | LR: 5.82e-04 | Train: 2.2180 | Val: 3.0149 | Acc@1: 52.43%
2025-12-30 04:56:23,228 - INFO - Early stopping at epoch 11
2025-12-30 04:56:23,455 - INFO - Loaded checkpoint from epoch 6
2025-12-30 04:56:30,068 - INFO - ============================================================
2025-12-30 04:56:30,068 - INFO - FINAL VALIDATION RESULTS
2025-12-30 04:56:30,068 - INFO -   Acc@1:  54.19%
2025-12-30 04:56:30,068 - INFO -   Acc@5:  79.73%
2025-12-30 04:56:30,068 - INFO -   Acc@10: 84.02%
2025-12-30 04:56:30,068 - INFO -   MRR:    65.39%
2025-12-30 04:56:30,068 - INFO -   NDCG:   69.80%
2025-12-30 04:56:30,068 - INFO - ============================================================
2025-12-30 04:56:30,069 - INFO - FINAL TEST RESULTS
2025-12-30 04:56:30,069 - INFO -   Acc@1:  56.46%
2025-12-30 04:56:30,069 - INFO -   Acc@5:  82.16%
2025-12-30 04:56:30,069 - INFO -   Acc@10: 86.05%
2025-12-30 04:56:30,069 - INFO -   MRR:    67.78%
2025-12-30 04:56:30,069 - INFO -   NDCG:   72.14%
2025-12-30 04:56:30,069 - INFO - ============================================================
