2025-12-29 08:23:03,286 - INFO - ============================================================
2025-12-29 08:23:03,286 - INFO - POINTER V45 - Training Started
2025-12-29 08:23:03,286 - INFO - ============================================================
2025-12-29 08:23:03,286 - INFO - Model config: {'d_model': 64, 'dim_feedforward': 128, 'dropout': 0.15, 'nhead': 4, 'num_layers': 3}
2025-12-29 08:23:03,287 - INFO - Training config: {'batch_size': 128, 'grad_clip': 0.8, 'label_smoothing': 0.03, 'learning_rate': 0.0005, 'min_epochs': 8, 'min_lr': 1e-06, 'num_epochs': 50, 'patience': 5, 'use_amp': True, 'warmup_epochs': 5, 'weight_decay': 0.015}
2025-12-29 08:23:03,287 - INFO - ============================================================
2025-12-29 08:23:03,287 - INFO - Training for 50 epochs
2025-12-29 08:23:03,287 - INFO - Model parameters: 284,948
2025-12-29 08:23:07,362 - INFO - Epoch 1/50 | LR: 1.00e-04 | Train: 4.3253 | Val: 3.2932 | Acc@1: 38.00%
2025-12-29 08:23:07,388 - INFO -   ✓ New best (Acc@1: 38.00%)
2025-12-29 08:23:10,722 - INFO - Epoch 2/50 | LR: 2.00e-04 | Train: 4.0081 | Val: 3.1671 | Acc@1: 41.39%
2025-12-29 08:23:10,750 - INFO -   ✓ New best (Acc@1: 41.39%)
2025-12-29 08:23:13,888 - INFO - Epoch 3/50 | LR: 3.00e-04 | Train: 3.7813 | Val: 3.0740 | Acc@1: 43.52%
2025-12-29 08:23:13,914 - INFO -   ✓ New best (Acc@1: 43.52%)
2025-12-29 08:23:16,875 - INFO - Epoch 4/50 | LR: 4.00e-04 | Train: 3.5739 | Val: 3.0405 | Acc@1: 46.37%
2025-12-29 08:23:16,902 - INFO -   ✓ New best (Acc@1: 46.37%)
2025-12-29 08:23:20,245 - INFO - Epoch 5/50 | LR: 5.00e-04 | Train: 3.3969 | Val: 3.0484 | Acc@1: 46.61%
2025-12-29 08:23:23,523 - INFO - Epoch 6/50 | LR: 5.00e-04 | Train: 3.2366 | Val: 3.0151 | Acc@1: 46.61%
2025-12-29 08:23:23,550 - INFO -   ✓ New best (Acc@1: 46.61%)
2025-12-29 08:23:26,603 - INFO - Epoch 7/50 | LR: 4.99e-04 | Train: 3.0905 | Val: 3.0287 | Acc@1: 47.21%
2025-12-29 08:23:29,719 - INFO - Epoch 8/50 | LR: 4.98e-04 | Train: 2.9474 | Val: 3.0555 | Acc@1: 48.17%
2025-12-29 08:23:32,803 - INFO - Epoch 9/50 | LR: 4.95e-04 | Train: 2.7980 | Val: 3.0237 | Acc@1: 48.44%
2025-12-29 08:23:35,888 - INFO - Epoch 10/50 | LR: 4.90e-04 | Train: 2.6805 | Val: 3.0264 | Acc@1: 47.90%
2025-12-29 08:23:39,117 - INFO - Epoch 11/50 | LR: 4.85e-04 | Train: 2.5455 | Val: 3.0720 | Acc@1: 48.50%
2025-12-29 08:23:39,117 - INFO - Early stopping at epoch 11
2025-12-29 08:23:39,215 - INFO - Loaded checkpoint from epoch 6
2025-12-29 08:23:40,529 - INFO - ============================================================
2025-12-29 08:23:40,529 - INFO - FINAL VALIDATION RESULTS
2025-12-29 08:23:40,529 - INFO -   Acc@1:  46.61%
2025-12-29 08:23:40,529 - INFO -   Acc@5:  76.99%
2025-12-29 08:23:40,529 - INFO -   Acc@10: 82.00%
2025-12-29 08:23:40,529 - INFO -   MRR:    59.96%
2025-12-29 08:23:40,529 - INFO -   NDCG:   65.14%
2025-12-29 08:23:40,530 - INFO - ============================================================
2025-12-29 08:23:40,530 - INFO - FINAL TEST RESULTS
2025-12-29 08:23:40,530 - INFO -   Acc@1:  51.26%
2025-12-29 08:23:40,530 - INFO -   Acc@5:  81.41%
2025-12-29 08:23:40,530 - INFO -   Acc@10: 84.64%
2025-12-29 08:23:40,530 - INFO -   MRR:    64.67%
2025-12-29 08:23:40,530 - INFO -   NDCG:   69.46%
2025-12-29 08:23:40,530 - INFO - ============================================================
