2025-12-28 20:57:32,709 - INFO - ============================================================
2025-12-28 20:57:32,709 - INFO - POINTER V45 - Training Started
2025-12-28 20:57:32,710 - INFO - ============================================================
2025-12-28 20:57:32,710 - INFO - Model config: {'d_model': 80, 'dim_feedforward': 160, 'dropout': 0.15, 'nhead': 4, 'num_layers': 3}
2025-12-28 20:57:32,710 - INFO - Training config: {'batch_size': 128, 'grad_clip': 0.8, 'label_smoothing': 0.03, 'learning_rate': 0.0006, 'min_epochs': 8, 'min_lr': 1e-06, 'num_epochs': 50, 'patience': 5, 'use_amp': True, 'warmup_epochs': 5, 'weight_decay': 0.015}
2025-12-28 20:57:32,710 - INFO - ============================================================
2025-12-28 20:57:32,710 - INFO - Training for 50 epochs
2025-12-28 20:57:32,710 - INFO - Model parameters: 382,726
2025-12-28 20:57:41,777 - INFO - Epoch 1/50 | LR: 1.20e-04 | Train: 4.0863 | Val: 2.9829 | Acc@1: 41.12%
2025-12-28 20:57:41,806 - INFO -   ✓ New best (Acc@1: 41.12%)
2025-12-28 20:57:48,847 - INFO - Epoch 2/50 | LR: 2.40e-04 | Train: 3.7666 | Val: 2.8655 | Acc@1: 45.54%
2025-12-28 20:57:48,876 - INFO -   ✓ New best (Acc@1: 45.54%)
2025-12-28 20:57:55,497 - INFO - Epoch 3/50 | LR: 3.60e-04 | Train: 3.5337 | Val: 2.8478 | Acc@1: 47.47%
2025-12-28 20:57:55,526 - INFO -   ✓ New best (Acc@1: 47.47%)
2025-12-28 20:58:02,327 - INFO - Epoch 4/50 | LR: 4.80e-04 | Train: 3.3624 | Val: 2.8224 | Acc@1: 46.95%
2025-12-28 20:58:02,357 - INFO -   ✓ New best (Acc@1: 46.95%)
2025-12-28 20:58:09,279 - INFO - Epoch 5/50 | LR: 6.00e-04 | Train: 3.1906 | Val: 2.8431 | Acc@1: 46.29%
2025-12-28 20:58:16,217 - INFO - Epoch 6/50 | LR: 6.00e-04 | Train: 3.0127 | Val: 2.8602 | Acc@1: 46.81%
2025-12-28 20:58:23,293 - INFO - Epoch 7/50 | LR: 5.99e-04 | Train: 2.8176 | Val: 2.9285 | Acc@1: 46.95%
2025-12-28 20:58:29,677 - INFO - Epoch 8/50 | LR: 5.97e-04 | Train: 2.6464 | Val: 2.9116 | Acc@1: 47.36%
2025-12-28 20:58:36,545 - INFO - Epoch 9/50 | LR: 5.93e-04 | Train: 2.4739 | Val: 2.9512 | Acc@1: 45.80%
2025-12-28 20:58:36,545 - INFO - Early stopping at epoch 9
2025-12-28 20:58:37,346 - INFO - Loaded checkpoint from epoch 4
2025-12-28 20:58:40,541 - INFO - ============================================================
2025-12-28 20:58:40,541 - INFO - FINAL VALIDATION RESULTS
2025-12-28 20:58:40,541 - INFO -   Acc@1:  46.95%
2025-12-28 20:58:40,541 - INFO -   Acc@5:  80.98%
2025-12-28 20:58:40,541 - INFO -   Acc@10: 85.51%
2025-12-28 20:58:40,541 - INFO -   MRR:    61.75%
2025-12-28 20:58:40,541 - INFO -   NDCG:   67.43%
2025-12-28 20:58:40,542 - INFO - ============================================================
2025-12-28 20:58:40,542 - INFO - FINAL TEST RESULTS
2025-12-28 20:58:40,542 - INFO -   Acc@1:  50.76%
2025-12-28 20:58:40,542 - INFO -   Acc@5:  84.15%
2025-12-28 20:58:40,542 - INFO -   Acc@10: 87.38%
2025-12-28 20:58:40,542 - INFO -   MRR:    65.46%
2025-12-28 20:58:40,542 - INFO -   NDCG:   70.79%
2025-12-28 20:58:40,542 - INFO - ============================================================
