2025-12-30 06:44:31,815 - INFO - ============================================================
2025-12-30 06:44:31,815 - INFO - POINTER V45 - Training Started
2025-12-30 06:44:31,815 - INFO - ============================================================
2025-12-30 06:44:31,815 - INFO - Model config: {'d_model': 128, 'dim_feedforward': 512, 'dropout': 0.15, 'nhead': 4, 'num_layers': 4}
2025-12-30 06:44:31,815 - INFO - Training config: {'batch_size': 128, 'grad_clip': 0.8, 'label_smoothing': 0.03, 'learning_rate': 0.0006, 'min_epochs': 8, 'min_lr': 1e-06, 'num_epochs': 50, 'patience': 5, 'use_amp': True, 'warmup_epochs': 5, 'weight_decay': 0.015}
2025-12-30 06:44:31,816 - INFO - ============================================================
2025-12-30 06:44:31,816 - INFO - Training for 50 epochs
2025-12-30 06:44:31,816 - INFO - Model parameters: 2,552,095
2025-12-30 06:46:33,205 - INFO - Epoch 1/50 | LR: 1.20e-04 | Train: 3.0457 | Val: 2.9309 | Acc@1: 50.82%
2025-12-30 06:46:33,276 - INFO -   ✓ New best (Acc@1: 50.82%)
2025-12-30 06:48:31,547 - INFO - Epoch 2/50 | LR: 2.40e-04 | Train: 2.8131 | Val: 2.8750 | Acc@1: 52.55%
2025-12-30 06:48:31,622 - INFO -   ✓ New best (Acc@1: 52.55%)
2025-12-30 06:50:30,973 - INFO - Epoch 3/50 | LR: 3.60e-04 | Train: 2.7192 | Val: 2.8435 | Acc@1: 53.58%
2025-12-30 06:50:31,055 - INFO -   ✓ New best (Acc@1: 53.58%)
2025-12-30 06:52:30,095 - INFO - Epoch 4/50 | LR: 4.80e-04 | Train: 2.6366 | Val: 2.8185 | Acc@1: 53.08%
2025-12-30 06:52:30,173 - INFO -   ✓ New best (Acc@1: 53.08%)
2025-12-30 06:54:30,828 - INFO - Epoch 5/50 | LR: 6.00e-04 | Train: 2.5590 | Val: 2.7996 | Acc@1: 53.54%
2025-12-30 06:54:30,904 - INFO -   ✓ New best (Acc@1: 53.54%)
2025-12-30 06:56:31,097 - INFO - Epoch 6/50 | LR: 6.00e-04 | Train: 2.4624 | Val: 2.7893 | Acc@1: 53.03%
2025-12-30 06:56:31,176 - INFO -   ✓ New best (Acc@1: 53.03%)
2025-12-30 06:58:30,983 - INFO - Epoch 7/50 | LR: 5.99e-04 | Train: 2.3819 | Val: 2.7907 | Acc@1: 53.76%
2025-12-30 07:00:29,290 - INFO - Epoch 8/50 | LR: 5.97e-04 | Train: 2.3084 | Val: 2.8197 | Acc@1: 53.46%
2025-12-30 07:02:28,061 - INFO - Epoch 9/50 | LR: 5.93e-04 | Train: 2.2387 | Val: 2.8322 | Acc@1: 53.22%
2025-12-30 07:04:28,078 - INFO - Epoch 10/50 | LR: 5.88e-04 | Train: 2.1737 | Val: 2.8872 | Acc@1: 51.78%
2025-12-30 07:06:27,475 - INFO - Epoch 11/50 | LR: 5.82e-04 | Train: 2.1096 | Val: 2.9241 | Acc@1: 51.79%
2025-12-30 07:06:27,475 - INFO - Early stopping at epoch 11
2025-12-30 07:06:28,269 - INFO - Loaded checkpoint from epoch 6
2025-12-30 07:06:36,614 - INFO - ============================================================
2025-12-30 07:06:36,615 - INFO - FINAL VALIDATION RESULTS
2025-12-30 07:06:36,615 - INFO -   Acc@1:  53.03%
2025-12-30 07:06:36,615 - INFO -   Acc@5:  80.26%
2025-12-30 07:06:36,615 - INFO -   Acc@10: 85.09%
2025-12-30 07:06:36,615 - INFO -   MRR:    65.01%
2025-12-30 07:06:36,615 - INFO -   NDCG:   69.76%
2025-12-30 07:06:36,615 - INFO - ============================================================
2025-12-30 07:06:36,615 - INFO - FINAL TEST RESULTS
2025-12-30 07:06:36,615 - INFO -   Acc@1:  55.67%
2025-12-30 07:06:36,615 - INFO -   Acc@5:  81.85%
2025-12-30 07:06:36,615 - INFO -   Acc@10: 85.95%
2025-12-30 07:06:36,615 - INFO -   MRR:    67.03%
2025-12-30 07:06:36,615 - INFO -   NDCG:   71.51%
2025-12-30 07:06:36,615 - INFO - ============================================================
