2025-12-28 18:57:32,380 - INFO - ============================================================
2025-12-28 18:57:32,381 - INFO - POINTER V45 - Training Started
2025-12-28 18:57:32,381 - INFO - ============================================================
2025-12-28 18:57:32,381 - INFO - Model config: {'d_model': 128, 'dim_feedforward': 256, 'dropout': 0.15, 'nhead': 4, 'num_layers': 4}
2025-12-28 18:57:32,381 - INFO - Training config: {'batch_size': 128, 'grad_clip': 0.8, 'label_smoothing': 0.03, 'learning_rate': 0.0006, 'min_epochs': 8, 'min_lr': 1e-06, 'num_epochs': 2, 'patience': 5, 'use_amp': True, 'warmup_epochs': 5, 'weight_decay': 0.015}
2025-12-28 18:57:32,381 - INFO - ============================================================
2025-12-28 18:57:32,381 - INFO - Training for 2 epochs
2025-12-28 18:57:32,382 - INFO - Model parameters: 1,091,789
2025-12-28 18:57:53,493 - INFO - Epoch 1/2 | LR: 1.20e-04 | Train: 2.9132 | Val: 2.8064 | Acc@1: 43.44%
2025-12-28 18:57:53,535 - INFO -   ✓ New best (Acc@1: 43.44%)
2025-12-28 18:58:14,417 - INFO - Epoch 2/2 | LR: 2.40e-04 | Train: 2.5942 | Val: 2.7441 | Acc@1: 44.67%
2025-12-28 18:58:14,462 - INFO -   ✓ New best (Acc@1: 44.67%)
2025-12-28 18:58:14,582 - INFO - Loaded checkpoint from epoch 2
2025-12-28 18:58:14,729 - INFO - ============================================================
2025-12-28 18:58:14,729 - INFO - FINAL VALIDATION RESULTS
2025-12-28 18:58:14,729 - INFO -   Acc@1:  44.67%
2025-12-28 18:58:14,729 - INFO -   Acc@5:  80.74%
2025-12-28 18:58:14,729 - INFO -   Acc@10: 87.30%
2025-12-28 18:58:14,730 - INFO -   MRR:    60.97%
2025-12-28 18:58:14,730 - INFO -   NDCG:   67.35%
2025-12-28 18:58:14,730 - INFO - ============================================================
2025-12-28 18:58:14,730 - INFO - FINAL TEST RESULTS
2025-12-28 18:58:14,730 - INFO -   Acc@1:  50.00%
2025-12-28 18:58:14,730 - INFO -   Acc@5:  86.71%
2025-12-28 18:58:14,730 - INFO -   Acc@10: 92.31%
2025-12-28 18:58:14,730 - INFO -   MRR:    65.64%
2025-12-28 18:58:14,730 - INFO -   NDCG:   72.09%
2025-12-28 18:58:14,730 - INFO - ============================================================
