2025-12-30 18:41:06,886 - INFO - ============================================================
2025-12-30 18:41:06,887 - INFO - POINTER V45 - Training Started
2025-12-30 18:41:06,887 - INFO - ============================================================
2025-12-30 18:41:06,887 - INFO - Model config: {'d_model': 128, 'dim_feedforward': 256, 'dropout': 0.15, 'nhead': 4, 'num_layers': 4}
2025-12-30 18:41:06,887 - INFO - Training config: {'batch_size': 128, 'grad_clip': 0.8, 'label_smoothing': 0.03, 'learning_rate': 0.0006, 'min_epochs': 3, 'min_lr': 1e-06, 'num_epochs': 50, 'patience': 5, 'use_amp': True, 'warmup_epochs': 5, 'weight_decay': 0.015}
2025-12-30 18:41:06,887 - INFO - ============================================================
2025-12-30 18:41:06,887 - INFO - Training for 50 epochs
2025-12-30 18:41:06,887 - INFO - Model parameters: 2,533,042
2025-12-30 18:44:54,570 - INFO - Epoch 1/50 | LR: 1.20e-04 | Train: 3.1033 | Val: 3.0513 | Acc@1: 50.83%
2025-12-30 18:44:54,648 - INFO -   ✓ New best (Acc@1: 50.83%)
2025-12-30 18:48:27,756 - INFO - Epoch 2/50 | LR: 2.40e-04 | Train: 2.8687 | Val: 2.9895 | Acc@1: 53.02%
2025-12-30 18:48:27,838 - INFO -   ✓ New best (Acc@1: 53.02%)
2025-12-30 18:52:11,631 - INFO - Epoch 3/50 | LR: 3.60e-04 | Train: 2.7747 | Val: 2.9552 | Acc@1: 53.57%
2025-12-30 18:52:11,713 - INFO -   ✓ New best (Acc@1: 53.57%)
2025-12-30 18:55:51,572 - INFO - Epoch 4/50 | LR: 4.80e-04 | Train: 2.6889 | Val: 2.9078 | Acc@1: 54.20%
2025-12-30 18:55:51,650 - INFO -   ✓ New best (Acc@1: 54.20%)
2025-12-30 18:59:34,104 - INFO - Epoch 5/50 | LR: 6.00e-04 | Train: 2.6055 | Val: 2.8622 | Acc@1: 54.22%
2025-12-30 18:59:34,182 - INFO -   ✓ New best (Acc@1: 54.22%)
2025-12-30 19:03:02,564 - INFO - Epoch 6/50 | LR: 6.00e-04 | Train: 2.5189 | Val: 2.8613 | Acc@1: 54.63%
2025-12-30 19:03:02,644 - INFO -   ✓ New best (Acc@1: 54.63%)
2025-12-30 19:06:23,639 - INFO - Epoch 7/50 | LR: 5.99e-04 | Train: 2.4494 | Val: 2.8433 | Acc@1: 54.19%
2025-12-30 19:06:23,721 - INFO -   ✓ New best (Acc@1: 54.19%)
2025-12-30 19:09:51,408 - INFO - Epoch 8/50 | LR: 5.97e-04 | Train: 2.3860 | Val: 2.8706 | Acc@1: 54.00%
2025-12-30 19:13:20,132 - INFO - Epoch 9/50 | LR: 5.93e-04 | Train: 2.3312 | Val: 2.8987 | Acc@1: 53.53%
2025-12-30 19:16:49,022 - INFO - Epoch 10/50 | LR: 5.88e-04 | Train: 2.2774 | Val: 2.9105 | Acc@1: 53.43%
2025-12-30 19:20:02,238 - INFO - Epoch 11/50 | LR: 5.82e-04 | Train: 2.2311 | Val: 2.9592 | Acc@1: 52.94%
2025-12-30 19:22:49,953 - INFO - Epoch 12/50 | LR: 5.74e-04 | Train: 2.1897 | Val: 3.0302 | Acc@1: 52.36%
2025-12-30 19:22:49,954 - INFO - Early stopping at epoch 12
2025-12-30 19:22:51,097 - INFO - Loaded checkpoint from epoch 7
2025-12-30 19:23:06,772 - INFO - ============================================================
2025-12-30 19:23:06,773 - INFO - FINAL VALIDATION RESULTS
2025-12-30 19:23:06,773 - INFO -   Acc@1:  54.19%
2025-12-30 19:23:06,773 - INFO -   Acc@5:  80.26%
2025-12-30 19:23:06,773 - INFO -   Acc@10: 84.12%
2025-12-30 19:23:06,773 - INFO -   MRR:    65.46%
2025-12-30 19:23:06,773 - INFO -   NDCG:   69.88%
2025-12-30 19:23:06,773 - INFO - ============================================================
2025-12-30 19:23:06,773 - INFO - FINAL TEST RESULTS
2025-12-30 19:23:06,773 - INFO -   Acc@1:  56.18%
2025-12-30 19:23:06,773 - INFO -   Acc@5:  82.16%
2025-12-30 19:23:06,773 - INFO -   Acc@10: 85.93%
2025-12-30 19:23:06,773 - INFO -   MRR:    67.52%
2025-12-30 19:23:06,773 - INFO -   NDCG:   71.89%
2025-12-30 19:23:06,773 - INFO - ============================================================
