2025-12-28 18:44:46,116 - INFO - ============================================================
2025-12-28 18:44:46,117 - INFO - POINTER V45 - Training Started
2025-12-28 18:44:46,117 - INFO - ============================================================
2025-12-28 18:44:46,117 - INFO - Model config: {'d_model': 64, 'dim_feedforward': 128, 'dropout': 0.15, 'nhead': 4, 'num_layers': 2}
2025-12-28 18:44:46,117 - INFO - Training config: {'batch_size': 128, 'grad_clip': 0.8, 'label_smoothing': 0.03, 'learning_rate': 0.00065, 'min_epochs': 8, 'min_lr': 1e-06, 'num_epochs': 2, 'patience': 5, 'use_amp': True, 'warmup_epochs': 5, 'weight_decay': 0.015}
2025-12-28 18:44:46,117 - INFO - ============================================================
2025-12-28 18:44:46,117 - INFO - Training for 2 epochs
2025-12-28 18:44:46,117 - INFO - Model parameters: 246,251
2025-12-28 18:44:49,354 - INFO - Epoch 1/2 | LR: 1.30e-04 | Train: 4.1212 | Val: 3.0519 | Acc@1: 37.39%
2025-12-28 18:44:49,375 - INFO -   ✓ New best (Acc@1: 37.39%)
2025-12-28 18:44:52,107 - INFO - Epoch 2/2 | LR: 2.60e-04 | Train: 3.7921 | Val: 2.9428 | Acc@1: 42.61%
2025-12-28 18:44:52,128 - INFO -   ✓ New best (Acc@1: 42.61%)
2025-12-28 18:44:52,200 - INFO - Loaded checkpoint from epoch 2
2025-12-28 18:44:53,434 - INFO - ============================================================
2025-12-28 18:44:53,434 - INFO - FINAL VALIDATION RESULTS
2025-12-28 18:44:53,434 - INFO -   Acc@1:  42.61%
2025-12-28 18:44:53,434 - INFO -   Acc@5:  78.82%
2025-12-28 18:44:53,435 - INFO -   Acc@10: 82.29%
2025-12-28 18:44:53,435 - INFO -   MRR:    58.56%
2025-12-28 18:44:53,435 - INFO -   NDCG:   64.33%
2025-12-28 18:44:53,435 - INFO - ============================================================
2025-12-28 18:44:53,435 - INFO - FINAL TEST RESULTS
2025-12-28 18:44:53,435 - INFO -   Acc@1:  45.97%
2025-12-28 18:44:53,435 - INFO -   Acc@5:  82.29%
2025-12-28 18:44:53,435 - INFO -   Acc@10: 84.86%
2025-12-28 18:44:53,435 - INFO -   MRR:    62.25%
2025-12-28 18:44:53,435 - INFO -   NDCG:   67.84%
2025-12-28 18:44:53,435 - INFO - ============================================================
