2025-12-28 20:43:54,730 - INFO - ============================================================
2025-12-28 20:43:54,731 - INFO - POINTER V45 - Training Started
2025-12-28 20:43:54,731 - INFO - ============================================================
2025-12-28 20:43:54,731 - INFO - Model config: {'d_model': 128, 'dim_feedforward': 256, 'dropout': 0.15, 'nhead': 4, 'num_layers': 3}
2025-12-28 20:43:54,731 - INFO - Training config: {'batch_size': 128, 'grad_clip': 0.8, 'label_smoothing': 0.03, 'learning_rate': 0.0006, 'min_epochs': 8, 'min_lr': 1e-06, 'num_epochs': 50, 'patience': 5, 'use_amp': True, 'warmup_epochs': 5, 'weight_decay': 0.015}
2025-12-28 20:43:54,731 - INFO - ============================================================
2025-12-28 20:43:54,731 - INFO - Training for 50 epochs
2025-12-28 20:43:54,731 - INFO - Model parameters: 2,156,447
2025-12-28 20:45:58,170 - INFO - Epoch 1/50 | LR: 1.20e-04 | Train: 3.0437 | Val: 2.9300 | Acc@1: 50.79%
2025-12-28 20:45:58,232 - INFO -   ✓ New best (Acc@1: 50.79%)
2025-12-28 20:47:58,245 - INFO - Epoch 2/50 | LR: 2.40e-04 | Train: 2.8064 | Val: 2.8808 | Acc@1: 52.14%
2025-12-28 20:47:58,309 - INFO -   ✓ New best (Acc@1: 52.14%)
2025-12-28 20:49:57,557 - INFO - Epoch 3/50 | LR: 3.60e-04 | Train: 2.7026 | Val: 2.8465 | Acc@1: 53.68%
2025-12-28 20:49:57,620 - INFO -   ✓ New best (Acc@1: 53.68%)
2025-12-28 20:51:57,041 - INFO - Epoch 4/50 | LR: 4.80e-04 | Train: 2.6165 | Val: 2.8133 | Acc@1: 53.69%
2025-12-28 20:51:57,105 - INFO -   ✓ New best (Acc@1: 53.69%)
2025-12-28 20:53:48,543 - INFO - Epoch 5/50 | LR: 6.00e-04 | Train: 2.5379 | Val: 2.7792 | Acc@1: 53.89%
2025-12-28 20:53:48,606 - INFO -   ✓ New best (Acc@1: 53.89%)
2025-12-28 20:55:38,872 - INFO - Epoch 6/50 | LR: 6.00e-04 | Train: 2.4424 | Val: 2.7797 | Acc@1: 53.74%
2025-12-28 20:57:21,228 - INFO - Epoch 7/50 | LR: 5.99e-04 | Train: 2.3611 | Val: 2.7990 | Acc@1: 53.46%
2025-12-28 20:59:00,541 - INFO - Epoch 8/50 | LR: 5.97e-04 | Train: 2.2890 | Val: 2.8373 | Acc@1: 53.17%
2025-12-28 21:00:34,529 - INFO - Epoch 9/50 | LR: 5.93e-04 | Train: 2.2191 | Val: 2.8592 | Acc@1: 52.36%
2025-12-28 21:02:24,440 - INFO - Epoch 10/50 | LR: 5.88e-04 | Train: 2.1548 | Val: 2.9155 | Acc@1: 51.93%
2025-12-28 21:02:24,440 - INFO - Early stopping at epoch 10
2025-12-28 21:02:25,245 - INFO - Loaded checkpoint from epoch 5
2025-12-28 21:02:33,831 - INFO - ============================================================
2025-12-28 21:02:33,831 - INFO - FINAL VALIDATION RESULTS
2025-12-28 21:02:33,831 - INFO -   Acc@1:  53.89%
2025-12-28 21:02:33,831 - INFO -   Acc@5:  80.69%
2025-12-28 21:02:33,831 - INFO -   Acc@10: 84.87%
2025-12-28 21:02:33,831 - INFO -   MRR:    65.57%
2025-12-28 21:02:33,831 - INFO -   NDCG:   70.12%
2025-12-28 21:02:33,831 - INFO - ============================================================
2025-12-28 21:02:33,831 - INFO - FINAL TEST RESULTS
2025-12-28 21:02:33,831 - INFO -   Acc@1:  55.05%
2025-12-28 21:02:33,831 - INFO -   Acc@5:  82.16%
2025-12-28 21:02:33,831 - INFO -   Acc@10: 86.26%
2025-12-28 21:02:33,831 - INFO -   MRR:    66.79%
2025-12-28 21:02:33,832 - INFO -   NDCG:   71.44%
2025-12-28 21:02:33,832 - INFO - ============================================================
