Training LSTM model
Dataset: diy
Config: /data/next_loc_clean_v2/config/ht_optuna/optuna_LSTM_diy_prev10_t8_20260101_045334_0ef4555e.yaml
Device: cuda
Seed: 42
==================================================
Data loaders: train=470, val=25, test=32
Total trainable parameters: 1541678

=== Epoch 1 ===
Epoch 1, 2.1%	 loss: 8.952 acc@1: 0.00 mrr: 0.11, ndcg: 0.06, took: 8.24s
Epoch 1, 4.3%	 loss: 8.957 acc@1: 0.00 mrr: 0.08, ndcg: 0.01, took: 4.67s
Epoch 1, 6.4%	 loss: 8.931 acc@1: 0.00 mrr: 0.11, ndcg: 0.05, took: 4.56s
Epoch 1, 8.5%	 loss: 8.924 acc@1: 0.00 mrr: 0.08, ndcg: 0.03, took: 4.66s
Epoch 1, 10.6%	 loss: 8.916 acc@1: 0.00 mrr: 0.09, ndcg: 0.01, took: 4.58s
Epoch 1, 12.8%	 loss: 8.912 acc@1: 0.08 mrr: 0.18, ndcg: 0.14, took: 4.13s
Epoch 1, 14.9%	 loss: 8.889 acc@1: 0.00 mrr: 0.12, ndcg: 0.07, took: 4.44s
Epoch 1, 17.0%	 loss: 8.864 acc@1: 0.00 mrr: 0.12, ndcg: 0.09, took: 4.60s
Epoch 1, 19.1%	 loss: 8.834 acc@1: 0.00 mrr: 0.18, ndcg: 0.13, took: 4.41s
Epoch 1, 21.3%	 loss: 8.804 acc@1: 0.04 mrr: 0.27, ndcg: 0.23, took: 4.42s
Epoch 1, 23.4%	 loss: 8.749 acc@1: 0.12 mrr: 0.62, ndcg: 0.62, took: 4.43s
Epoch 1, 25.5%	 loss: 8.706 acc@1: 1.80 mrr: 3.36, ndcg: 3.74, took: 4.61s
Epoch 1, 27.7%	 loss: 8.637 acc@1: 6.17 mrr: 7.22, ndcg: 7.44, took: 4.43s
Epoch 1, 29.8%	 loss: 8.624 acc@1: 6.95 mrr: 7.57, ndcg: 7.72, took: 4.36s
Epoch 1, 31.9%	 loss: 8.497 acc@1: 9.30 mrr: 10.03, ndcg: 10.17, took: 4.56s
Epoch 1, 34.0%	 loss: 8.441 acc@1: 9.88 mrr: 10.81, ndcg: 10.95, took: 4.31s
Epoch 1, 36.2%	 loss: 8.370 acc@1: 11.95 mrr: 13.14, ndcg: 13.42, took: 4.34s
Epoch 1, 38.3%	 loss: 8.278 acc@1: 13.16 mrr: 14.27, ndcg: 14.49, took: 4.31s
Epoch 1, 40.4%	 loss: 8.213 acc@1: 14.88 mrr: 15.89, ndcg: 16.07, took: 4.44s
Epoch 1, 42.6%	 loss: 8.111 acc@1: 17.07 mrr: 18.28, ndcg: 18.62, took: 4.37s
Epoch 1, 44.7%	 loss: 8.022 acc@1: 17.58 mrr: 18.95, ndcg: 19.39, took: 4.38s
Epoch 1, 46.8%	 loss: 7.914 acc@1: 19.61 mrr: 20.75, ndcg: 20.98, took: 4.50s
Epoch 1, 48.9%	 loss: 7.845 acc@1: 19.18 mrr: 20.62, ndcg: 21.10, took: 4.50s
Epoch 1, 51.1%	 loss: 7.765 acc@1: 19.53 mrr: 21.06, ndcg: 21.49, took: 4.40s
Epoch 1, 53.2%	 loss: 7.683 acc@1: 20.00 mrr: 21.51, ndcg: 21.85, took: 4.57s
Epoch 1, 55.3%	 loss: 7.627 acc@1: 21.33 mrr: 22.97, ndcg: 23.53, took: 4.58s
Epoch 1, 57.4%	 loss: 7.486 acc@1: 22.42 mrr: 23.89, ndcg: 24.40, took: 4.50s
Epoch 1, 59.6%	 loss: 7.339 acc@1: 26.13 mrr: 27.38, ndcg: 27.65, took: 4.36s
Epoch 1, 61.7%	 loss: 7.411 acc@1: 21.52 mrr: 23.32, ndcg: 23.72, took: 4.34s
Epoch 1, 63.8%	 loss: 7.259 acc@1: 23.79 mrr: 25.61, ndcg: 26.14, took: 4.02s
Epoch 1, 66.0%	 loss: 7.206 acc@1: 25.23 mrr: 26.97, ndcg: 27.41, took: 4.23s
Epoch 1, 68.1%	 loss: 7.020 acc@1: 26.88 mrr: 28.70, ndcg: 29.08, took: 3.78s
Epoch 1, 70.2%	 loss: 6.955 acc@1: 26.84 mrr: 28.62, ndcg: 28.81, took: 4.33s
Epoch 1, 72.3%	 loss: 6.847 acc@1: 26.41 mrr: 28.33, ndcg: 28.56, took: 4.47s
Epoch 1, 74.5%	 loss: 6.781 acc@1: 25.62 mrr: 27.66, ndcg: 27.82, took: 4.61s
Epoch 1, 76.6%	 loss: 6.551 acc@1: 29.53 mrr: 31.62, ndcg: 31.92, took: 4.35s
Epoch 1, 78.7%	 loss: 6.483 acc@1: 28.40 mrr: 30.62, ndcg: 30.88, took: 4.21s
Epoch 1, 80.9%	 loss: 6.523 acc@1: 26.09 mrr: 28.27, ndcg: 28.68, took: 4.39s
Epoch 1, 83.0%	 loss: 6.257 acc@1: 28.40 mrr: 30.76, ndcg: 31.18, took: 4.40s
Epoch 1, 85.1%	 loss: 6.261 acc@1: 27.23 mrr: 29.46, ndcg: 29.72, took: 4.10s
Epoch 1, 87.2%	 loss: 6.214 acc@1: 27.77 mrr: 30.04, ndcg: 30.29, took: 4.32s
Epoch 1, 89.4%	 loss: 6.074 acc@1: 27.85 mrr: 30.13, ndcg: 30.55, took: 4.02s
Epoch 1, 91.5%	 loss: 6.033 acc@1: 28.52 mrr: 30.90, ndcg: 31.31, took: 3.92s
Epoch 1, 93.6%	 loss: 5.891 acc@1: 29.65 mrr: 32.06, ndcg: 32.40, took: 4.07s
Epoch 1, 95.7%	 loss: 5.838 acc@1: 29.41 mrr: 31.81, ndcg: 32.16, took: 4.01s
Epoch 1, 97.9%	 loss: 5.768 acc@1: 30.16 mrr: 32.84, ndcg: 33.41, took: 3.96s
Epoch 1, 100.0%	 loss: 5.911 acc@1: 26.80 mrr: 29.53, ndcg: 29.97, took: 3.97s
Validation - loss: 5.9161, acc@1: 29.31%, f1: 16.49%, mrr: 31.86%, ndcg: 32.44%
Current learning rate: 0.000500

=== Epoch 2 ===
Epoch 2, 2.1%	 loss: 5.560 acc@1: 30.98 mrr: 33.59, ndcg: 34.09, took: 4.04s
Epoch 2, 4.3%	 loss: 5.552 acc@1: 29.57 mrr: 32.31, ndcg: 32.97, took: 4.02s
Epoch 2, 6.4%	 loss: 5.533 acc@1: 28.91 mrr: 32.19, ndcg: 32.96, took: 4.01s
Epoch 2, 8.5%	 loss: 5.506 acc@1: 29.73 mrr: 32.65, ndcg: 33.25, took: 3.80s
Epoch 2, 10.6%	 loss: 5.398 acc@1: 29.77 mrr: 32.99, ndcg: 33.75, took: 3.91s
Epoch 2, 12.8%	 loss: 5.344 acc@1: 30.47 mrr: 33.78, ndcg: 34.47, took: 4.07s
Epoch 2, 14.9%	 loss: 5.330 acc@1: 29.61 mrr: 33.53, ndcg: 34.39, took: 4.04s
Epoch 2, 17.0%	 loss: 5.394 acc@1: 29.34 mrr: 32.66, ndcg: 33.31, took: 4.07s
Epoch 2, 19.1%	 loss: 5.413 acc@1: 28.16 mrr: 31.84, ndcg: 32.54, took: 4.18s
Epoch 2, 21.3%	 loss: 5.373 acc@1: 28.24 mrr: 32.24, ndcg: 33.20, took: 3.98s
Epoch 2, 23.4%	 loss: 5.104 acc@1: 31.76 mrr: 35.45, ndcg: 36.49, took: 4.36s
Epoch 2, 25.5%	 loss: 5.119 acc@1: 30.94 mrr: 34.87, ndcg: 35.89, took: 4.44s
Epoch 2, 27.7%	 loss: 5.239 acc@1: 29.61 mrr: 33.07, ndcg: 33.75, took: 4.45s
Epoch 2, 29.8%	 loss: 5.215 acc@1: 28.75 mrr: 32.93, ndcg: 33.94, took: 4.42s
Epoch 2, 31.9%	 loss: 5.186 acc@1: 30.90 mrr: 34.73, ndcg: 35.74, took: 4.36s
Epoch 2, 34.0%	 loss: 5.062 acc@1: 31.17 mrr: 35.20, ndcg: 36.22, took: 4.47s
Epoch 2, 36.2%	 loss: 5.076 acc@1: 30.74 mrr: 34.47, ndcg: 35.47, took: 4.49s
Epoch 2, 38.3%	 loss: 4.969 acc@1: 30.94 mrr: 35.46, ndcg: 36.64, took: 4.22s
Epoch 2, 40.4%	 loss: 5.039 acc@1: 31.84 mrr: 36.16, ndcg: 37.36, took: 4.23s
Epoch 2, 42.6%	 loss: 5.038 acc@1: 30.39 mrr: 34.70, ndcg: 35.88, took: 4.39s
Epoch 2, 44.7%	 loss: 5.011 acc@1: 31.29 mrr: 35.61, ndcg: 36.92, took: 4.22s
Epoch 2, 46.8%	 loss: 5.024 acc@1: 30.27 mrr: 34.72, ndcg: 35.80, took: 4.31s
Epoch 2, 48.9%	 loss: 5.026 acc@1: 29.69 mrr: 34.23, ndcg: 35.33, took: 4.36s
Epoch 2, 51.1%	 loss: 4.832 acc@1: 32.54 mrr: 37.15, ndcg: 38.44, took: 4.31s
Epoch 2, 53.2%	 loss: 4.895 acc@1: 32.23 mrr: 36.75, ndcg: 37.80, took: 4.39s
Epoch 2, 55.3%	 loss: 4.837 acc@1: 32.11 mrr: 36.99, ndcg: 38.55, took: 4.31s
Epoch 2, 57.4%	 loss: 4.826 acc@1: 31.88 mrr: 37.22, ndcg: 38.90, took: 4.30s
Epoch 2, 59.6%	 loss: 4.848 acc@1: 32.81 mrr: 38.35, ndcg: 40.15, took: 4.45s
Epoch 2, 61.7%	 loss: 4.677 acc@1: 34.84 mrr: 40.16, ndcg: 42.03, took: 4.43s
Epoch 2, 63.8%	 loss: 4.655 acc@1: 32.07 mrr: 38.91, ndcg: 41.18, took: 4.14s
Epoch 2, 66.0%	 loss: 4.584 acc@1: 34.22 mrr: 40.63, ndcg: 42.89, took: 4.40s
Epoch 2, 68.1%	 loss: 4.394 acc@1: 36.25 mrr: 43.22, ndcg: 45.56, took: 4.64s
Epoch 2, 70.2%	 loss: 4.434 acc@1: 35.39 mrr: 42.82, ndcg: 45.54, took: 4.40s
Epoch 2, 72.3%	 loss: 4.363 acc@1: 34.73 mrr: 43.08, ndcg: 45.97, took: 4.45s
Epoch 2, 74.5%	 loss: 4.322 acc@1: 35.35 mrr: 44.78, ndcg: 48.19, took: 4.43s
Epoch 2, 76.6%	 loss: 4.279 acc@1: 35.98 mrr: 45.18, ndcg: 48.55, took: 4.44s
Epoch 2, 78.7%	 loss: 4.052 acc@1: 38.87 mrr: 48.97, ndcg: 52.52, took: 4.42s
Epoch 2, 80.9%	 loss: 4.026 acc@1: 37.58 mrr: 48.97, ndcg: 52.72, took: 4.39s
Epoch 2, 83.0%	 loss: 3.878 acc@1: 40.23 mrr: 51.36, ndcg: 55.08, took: 4.50s
Epoch 2, 85.1%	 loss: 3.898 acc@1: 38.98 mrr: 51.05, ndcg: 55.15, took: 4.11s
Epoch 2, 87.2%	 loss: 3.793 acc@1: 39.41 mrr: 51.59, ndcg: 55.82, took: 4.45s
Epoch 2, 89.4%	 loss: 3.710 acc@1: 40.00 mrr: 53.10, ndcg: 57.56, took: 4.42s
Epoch 2, 91.5%	 loss: 3.641 acc@1: 39.92 mrr: 53.16, ndcg: 57.54, took: 4.34s
Epoch 2, 93.6%	 loss: 3.542 acc@1: 39.30 mrr: 53.68, ndcg: 58.49, took: 4.26s
Epoch 2, 95.7%	 loss: 3.400 acc@1: 41.02 mrr: 55.27, ndcg: 60.10, took: 4.13s
Epoch 2, 97.9%	 loss: 3.511 acc@1: 39.53 mrr: 53.87, ndcg: 58.66, took: 4.39s
Epoch 2, 100.0%	 loss: 3.364 acc@1: 41.56 mrr: 55.92, ndcg: 60.60, took: 4.49s
Validation - loss: 3.7245, acc@1: 39.88%, f1: 29.15%, mrr: 54.01%, ndcg: 58.63%
Current learning rate: 0.001000

=== Epoch 3 ===
Epoch 3, 2.1%	 loss: 3.111 acc@1: 42.97 mrr: 57.88, ndcg: 62.81, took: 4.59s
Epoch 3, 4.3%	 loss: 3.074 acc@1: 43.09 mrr: 58.05, ndcg: 62.89, took: 4.69s
Epoch 3, 6.4%	 loss: 3.126 acc@1: 41.17 mrr: 56.69, ndcg: 61.80, took: 4.44s
Epoch 3, 8.5%	 loss: 3.226 acc@1: 39.80 mrr: 55.14, ndcg: 60.35, took: 4.39s
Epoch 3, 10.6%	 loss: 3.067 acc@1: 42.11 mrr: 57.33, ndcg: 62.32, took: 4.15s
Epoch 3, 12.8%	 loss: 3.035 acc@1: 41.56 mrr: 57.40, ndcg: 62.82, took: 4.21s
Epoch 3, 14.9%	 loss: 2.899 acc@1: 43.48 mrr: 58.83, ndcg: 63.98, took: 4.17s
Epoch 3, 17.0%	 loss: 2.960 acc@1: 42.58 mrr: 58.16, ndcg: 63.48, took: 4.25s
Epoch 3, 19.1%	 loss: 2.925 acc@1: 43.09 mrr: 58.34, ndcg: 63.71, took: 4.47s
Epoch 3, 21.3%	 loss: 2.937 acc@1: 43.05 mrr: 58.37, ndcg: 63.76, took: 4.44s
Epoch 3, 23.4%	 loss: 2.920 acc@1: 42.03 mrr: 57.99, ndcg: 63.41, took: 4.52s
Epoch 3, 25.5%	 loss: 2.849 acc@1: 43.16 mrr: 59.09, ndcg: 64.39, took: 4.08s
Epoch 3, 27.7%	 loss: 2.961 acc@1: 41.33 mrr: 57.11, ndcg: 62.59, took: 4.00s
Epoch 3, 29.8%	 loss: 2.780 acc@1: 41.95 mrr: 58.94, ndcg: 64.83, took: 4.08s
Epoch 3, 31.9%	 loss: 2.797 acc@1: 43.91 mrr: 59.38, ndcg: 64.93, took: 3.96s
Epoch 3, 34.0%	 loss: 2.904 acc@1: 41.09 mrr: 57.67, ndcg: 63.38, took: 3.95s
Epoch 3, 36.2%	 loss: 2.780 acc@1: 42.30 mrr: 58.71, ndcg: 64.48, took: 4.03s
Epoch 3, 38.3%	 loss: 2.746 acc@1: 43.95 mrr: 59.73, ndcg: 65.24, took: 4.05s
Epoch 3, 40.4%	 loss: 2.875 acc@1: 42.15 mrr: 58.30, ndcg: 63.96, took: 3.91s
Epoch 3, 42.6%	 loss: 2.791 acc@1: 43.05 mrr: 59.22, ndcg: 64.90, took: 4.11s
Epoch 3, 44.7%	 loss: 2.818 acc@1: 42.27 mrr: 58.28, ndcg: 63.81, took: 3.92s
Epoch 3, 46.8%	 loss: 2.793 acc@1: 40.98 mrr: 57.80, ndcg: 63.82, took: 3.88s
Epoch 3, 48.9%	 loss: 2.786 acc@1: 41.60 mrr: 58.27, ndcg: 64.18, took: 4.04s
Epoch 3, 51.1%	 loss: 2.861 acc@1: 42.34 mrr: 58.25, ndcg: 63.91, took: 3.99s
Epoch 3, 53.2%	 loss: 2.745 acc@1: 43.16 mrr: 59.47, ndcg: 65.26, took: 4.02s
Epoch 3, 55.3%	 loss: 2.649 acc@1: 43.09 mrr: 59.49, ndcg: 65.32, took: 3.98s
Epoch 3, 57.4%	 loss: 2.591 acc@1: 43.79 mrr: 60.57, ndcg: 66.50, took: 3.97s
Epoch 3, 59.6%	 loss: 2.769 acc@1: 40.86 mrr: 57.83, ndcg: 63.96, took: 3.89s
Epoch 3, 61.7%	 loss: 2.784 acc@1: 40.08 mrr: 57.57, ndcg: 63.65, took: 3.64s
Epoch 3, 63.8%	 loss: 2.805 acc@1: 41.80 mrr: 58.13, ndcg: 63.98, took: 3.71s
Epoch 3, 66.0%	 loss: 2.728 acc@1: 43.36 mrr: 59.43, ndcg: 65.13, took: 4.27s
Epoch 3, 68.1%	 loss: 2.727 acc@1: 41.99 mrr: 58.55, ndcg: 64.43, took: 4.60s
Epoch 3, 70.2%	 loss: 2.551 acc@1: 42.50 mrr: 59.82, ndcg: 65.92, took: 4.54s
Epoch 3, 72.3%	 loss: 2.590 acc@1: 43.67 mrr: 60.01, ndcg: 65.92, took: 4.76s
Epoch 3, 74.5%	 loss: 2.705 acc@1: 43.16 mrr: 59.11, ndcg: 64.84, took: 4.60s
Epoch 3, 76.6%	 loss: 2.570 acc@1: 41.41 mrr: 59.15, ndcg: 65.52, took: 4.68s
Epoch 3, 78.7%	 loss: 2.820 acc@1: 41.80 mrr: 57.96, ndcg: 63.84, took: 4.53s
Epoch 3, 80.9%	 loss: 2.693 acc@1: 42.93 mrr: 58.99, ndcg: 65.00, took: 4.55s
Epoch 3, 83.0%	 loss: 2.756 acc@1: 40.00 mrr: 57.32, ndcg: 63.60, took: 4.15s
Epoch 3, 85.1%	 loss: 2.683 acc@1: 41.91 mrr: 58.55, ndcg: 64.63, took: 4.23s
Epoch 3, 87.2%	 loss: 2.601 acc@1: 43.32 mrr: 60.29, ndcg: 66.24, took: 4.29s
Epoch 3, 89.4%	 loss: 2.572 acc@1: 43.52 mrr: 59.66, ndcg: 65.77, took: 4.51s
Epoch 3, 91.5%	 loss: 2.508 acc@1: 43.83 mrr: 60.59, ndcg: 66.54, took: 4.15s
Epoch 3, 93.6%	 loss: 2.671 acc@1: 41.76 mrr: 58.45, ndcg: 64.55, took: 4.53s
Epoch 3, 95.7%	 loss: 2.516 acc@1: 43.05 mrr: 60.29, ndcg: 66.52, took: 4.57s
Epoch 3, 97.9%	 loss: 2.595 acc@1: 42.03 mrr: 59.31, ndcg: 65.57, took: 4.61s
Epoch 3, 100.0%	 loss: 2.579 acc@1: 43.20 mrr: 59.65, ndcg: 65.74, took: 4.58s
Validation - loss: 3.1493, acc@1: 40.71%, f1: 31.84%, mrr: 56.61%, ndcg: 62.41%
Current learning rate: 0.000979

=== Epoch 4 ===
Epoch 4, 2.1%	 loss: 2.465 acc@1: 43.16 mrr: 59.98, ndcg: 66.05, took: 4.69s
Epoch 4, 4.3%	 loss: 2.444 acc@1: 43.91 mrr: 60.47, ndcg: 66.47, took: 4.71s
Epoch 4, 6.4%	 loss: 2.450 acc@1: 42.42 mrr: 59.31, ndcg: 65.58, took: 4.53s
Epoch 4, 8.5%	 loss: 2.464 acc@1: 42.54 mrr: 59.19, ndcg: 65.50, took: 4.59s
Epoch 4, 10.6%	 loss: 2.396 acc@1: 43.95 mrr: 60.68, ndcg: 66.88, took: 4.48s
Epoch 4, 12.8%	 loss: 2.397 acc@1: 42.70 mrr: 59.93, ndcg: 66.18, took: 4.53s
Epoch 4, 14.9%	 loss: 2.398 acc@1: 43.24 mrr: 60.08, ndcg: 66.30, took: 4.63s
Epoch 4, 17.0%	 loss: 2.432 acc@1: 43.87 mrr: 60.37, ndcg: 66.44, took: 4.52s
Epoch 4, 19.1%	 loss: 2.532 acc@1: 40.98 mrr: 58.49, ndcg: 64.75, took: 4.60s
Epoch 4, 21.3%	 loss: 2.487 acc@1: 41.52 mrr: 59.01, ndcg: 65.30, took: 4.50s
Epoch 4, 23.4%	 loss: 2.431 acc@1: 42.30 mrr: 59.58, ndcg: 65.78, took: 4.47s
Epoch 4, 25.5%	 loss: 2.396 acc@1: 42.77 mrr: 60.11, ndcg: 66.48, took: 4.53s
Epoch 4, 27.7%	 loss: 2.450 acc@1: 42.46 mrr: 59.63, ndcg: 65.76, took: 4.66s
Epoch 4, 29.8%	 loss: 2.323 acc@1: 43.59 mrr: 61.00, ndcg: 67.28, took: 4.49s
Epoch 4, 31.9%	 loss: 2.415 acc@1: 42.30 mrr: 59.63, ndcg: 66.10, took: 4.41s
Epoch 4, 34.0%	 loss: 2.351 acc@1: 44.34 mrr: 61.19, ndcg: 67.24, took: 4.59s
Epoch 4, 36.2%	 loss: 2.437 acc@1: 43.05 mrr: 59.89, ndcg: 65.89, took: 4.53s
Epoch 4, 38.3%	 loss: 2.439 acc@1: 41.05 mrr: 59.03, ndcg: 65.51, took: 4.50s
Epoch 4, 40.4%	 loss: 2.388 acc@1: 42.07 mrr: 59.91, ndcg: 66.37, took: 4.34s
Epoch 4, 42.6%	 loss: 2.446 acc@1: 41.72 mrr: 59.26, ndcg: 65.65, took: 4.58s
Epoch 4, 44.7%	 loss: 2.380 acc@1: 43.16 mrr: 60.04, ndcg: 66.25, took: 4.50s
Epoch 4, 46.8%	 loss: 2.412 acc@1: 42.85 mrr: 59.97, ndcg: 66.25, took: 4.52s
Epoch 4, 48.9%	 loss: 2.445 acc@1: 42.58 mrr: 59.26, ndcg: 65.60, took: 4.60s
Epoch 4, 51.1%	 loss: 2.430 acc@1: 42.58 mrr: 59.82, ndcg: 66.01, took: 4.74s
Epoch 4, 53.2%	 loss: 2.353 acc@1: 42.07 mrr: 59.81, ndcg: 66.04, took: 4.30s
Epoch 4, 55.3%	 loss: 2.379 acc@1: 43.05 mrr: 60.00, ndcg: 66.33, took: 4.31s
Epoch 4, 57.4%	 loss: 2.509 acc@1: 41.60 mrr: 58.52, ndcg: 64.84, took: 4.43s
Epoch 4, 59.6%	 loss: 2.446 acc@1: 41.33 mrr: 58.93, ndcg: 65.33, took: 4.44s
Epoch 4, 61.7%	 loss: 2.372 acc@1: 41.76 mrr: 59.55, ndcg: 65.98, took: 4.16s
Epoch 4, 63.8%	 loss: 2.410 acc@1: 42.58 mrr: 59.60, ndcg: 65.88, took: 4.50s
Epoch 4, 66.0%	 loss: 2.413 acc@1: 43.48 mrr: 60.07, ndcg: 66.30, took: 4.66s
Epoch 4, 68.1%	 loss: 2.412 acc@1: 42.42 mrr: 59.52, ndcg: 65.89, took: 4.64s
Epoch 4, 70.2%	 loss: 2.352 acc@1: 43.01 mrr: 60.30, ndcg: 66.66, took: 4.53s
Epoch 4, 72.3%	 loss: 2.382 acc@1: 43.20 mrr: 60.17, ndcg: 66.46, took: 4.53s
Epoch 4, 74.5%	 loss: 2.366 acc@1: 44.41 mrr: 60.95, ndcg: 66.99, took: 4.67s
Epoch 4, 76.6%	 loss: 2.400 acc@1: 41.84 mrr: 59.49, ndcg: 65.92, took: 4.47s
Epoch 4, 78.7%	 loss: 2.450 acc@1: 41.37 mrr: 58.52, ndcg: 64.75, took: 4.70s
Epoch 4, 80.9%	 loss: 2.370 acc@1: 42.73 mrr: 60.13, ndcg: 66.43, took: 4.56s
Epoch 4, 83.0%	 loss: 2.361 acc@1: 43.32 mrr: 60.21, ndcg: 66.42, took: 4.55s
Epoch 4, 85.1%	 loss: 2.458 acc@1: 42.42 mrr: 59.45, ndcg: 65.45, took: 4.56s
Epoch 4, 87.2%	 loss: 2.425 acc@1: 41.02 mrr: 58.71, ndcg: 65.27, took: 4.60s
Epoch 4, 89.4%	 loss: 2.425 acc@1: 42.77 mrr: 59.74, ndcg: 65.98, took: 4.63s
Epoch 4, 91.5%	 loss: 2.456 acc@1: 43.59 mrr: 59.97, ndcg: 66.05, took: 4.45s
Epoch 4, 93.6%	 loss: 2.435 acc@1: 41.80 mrr: 59.27, ndcg: 65.69, took: 4.51s
Epoch 4, 95.7%	 loss: 2.348 acc@1: 41.29 mrr: 59.13, ndcg: 65.80, took: 4.61s
Epoch 4, 97.9%	 loss: 2.415 acc@1: 41.25 mrr: 59.06, ndcg: 65.63, took: 4.18s
Epoch 4, 100.0%	 loss: 2.298 acc@1: 42.81 mrr: 60.59, ndcg: 67.18, took: 4.42s
Validation - loss: 3.0604, acc@1: 40.96%, f1: 32.03%, mrr: 57.09%, ndcg: 63.04%
Current learning rate: 0.000958

=== Epoch 5 ===
Epoch 5, 2.1%	 loss: 2.286 acc@1: 42.97 mrr: 60.10, ndcg: 66.34, took: 4.39s
Epoch 5, 4.3%	 loss: 2.259 acc@1: 42.89 mrr: 60.44, ndcg: 66.79, took: 4.71s
Epoch 5, 6.4%	 loss: 2.208 acc@1: 43.87 mrr: 61.08, ndcg: 67.59, took: 4.61s
Epoch 5, 8.5%	 loss: 2.220 acc@1: 43.63 mrr: 60.91, ndcg: 67.28, took: 4.59s
Epoch 5, 10.6%	 loss: 2.258 acc@1: 43.55 mrr: 60.51, ndcg: 66.83, took: 4.52s
Epoch 5, 12.8%	 loss: 2.226 acc@1: 45.35 mrr: 61.93, ndcg: 67.93, took: 4.64s
Epoch 5, 14.9%	 loss: 2.190 acc@1: 43.24 mrr: 60.94, ndcg: 67.33, took: 4.65s
Epoch 5, 17.0%	 loss: 2.330 acc@1: 42.42 mrr: 59.70, ndcg: 65.89, took: 4.46s
Epoch 5, 19.1%	 loss: 2.236 acc@1: 42.42 mrr: 60.04, ndcg: 66.61, took: 4.41s
Epoch 5, 21.3%	 loss: 2.280 acc@1: 43.44 mrr: 60.36, ndcg: 66.58, took: 4.47s
Epoch 5, 23.4%	 loss: 2.334 acc@1: 41.84 mrr: 59.22, ndcg: 65.72, took: 4.51s
Epoch 5, 25.5%	 loss: 2.373 acc@1: 40.98 mrr: 58.62, ndcg: 64.83, took: 4.21s
Epoch 5, 27.7%	 loss: 2.327 acc@1: 41.21 mrr: 58.90, ndcg: 65.40, took: 3.79s
Epoch 5, 29.8%	 loss: 2.189 acc@1: 43.24 mrr: 60.86, ndcg: 67.31, took: 3.48s
Epoch 5, 31.9%	 loss: 2.208 acc@1: 43.09 mrr: 60.79, ndcg: 67.25, took: 3.50s
Epoch 5, 34.0%	 loss: 2.241 acc@1: 41.52 mrr: 59.56, ndcg: 66.25, took: 3.90s
Epoch 5, 36.2%	 loss: 2.257 acc@1: 42.11 mrr: 60.12, ndcg: 66.37, took: 3.58s
Epoch 5, 38.3%	 loss: 2.204 acc@1: 42.93 mrr: 60.52, ndcg: 66.90, took: 3.90s
Epoch 5, 40.4%	 loss: 2.312 acc@1: 41.72 mrr: 59.25, ndcg: 65.65, took: 3.83s
Epoch 5, 42.6%	 loss: 2.319 acc@1: 41.88 mrr: 59.42, ndcg: 65.80, took: 3.70s
Epoch 5, 44.7%	 loss: 2.308 acc@1: 41.88 mrr: 59.35, ndcg: 65.57, took: 3.80s
Epoch 5, 46.8%	 loss: 2.260 acc@1: 42.58 mrr: 60.08, ndcg: 66.37, took: 3.86s
Epoch 5, 48.9%	 loss: 2.227 acc@1: 43.67 mrr: 61.03, ndcg: 67.37, took: 3.88s
Epoch 5, 51.1%	 loss: 2.231 acc@1: 42.77 mrr: 60.40, ndcg: 66.85, took: 3.68s
Epoch 5, 53.2%	 loss: 2.291 acc@1: 41.95 mrr: 59.53, ndcg: 65.91, took: 3.58s
Epoch 5, 55.3%	 loss: 2.240 acc@1: 43.55 mrr: 60.86, ndcg: 67.01, took: 3.74s
Epoch 5, 57.4%	 loss: 2.354 acc@1: 42.27 mrr: 59.17, ndcg: 65.44, took: 3.62s
Epoch 5, 59.6%	 loss: 2.268 acc@1: 41.95 mrr: 59.77, ndcg: 66.29, took: 3.26s
Epoch 5, 61.7%	 loss: 2.293 acc@1: 43.95 mrr: 60.55, ndcg: 66.61, took: 3.61s
Epoch 5, 63.8%	 loss: 2.252 acc@1: 41.33 mrr: 59.50, ndcg: 65.86, took: 3.75s
Epoch 5, 66.0%	 loss: 2.241 acc@1: 44.61 mrr: 61.22, ndcg: 67.27, took: 4.04s
Epoch 5, 68.1%	 loss: 2.288 acc@1: 42.11 mrr: 59.68, ndcg: 65.99, took: 4.46s
Epoch 5, 70.2%	 loss: 2.235 acc@1: 43.95 mrr: 60.81, ndcg: 67.08, took: 4.79s
Epoch 5, 72.3%	 loss: 2.265 acc@1: 43.75 mrr: 60.60, ndcg: 66.76, took: 4.61s
Epoch 5, 74.5%	 loss: 2.280 acc@1: 41.88 mrr: 59.61, ndcg: 65.96, took: 4.78s
Epoch 5, 76.6%	 loss: 2.279 acc@1: 42.54 mrr: 59.84, ndcg: 66.27, took: 4.71s
Epoch 5, 78.7%	 loss: 2.357 acc@1: 41.95 mrr: 59.17, ndcg: 65.55, took: 4.93s
Epoch 5, 80.9%	 loss: 2.209 acc@1: 42.66 mrr: 60.42, ndcg: 66.93, took: 4.70s
Epoch 5, 83.0%	 loss: 2.293 acc@1: 43.20 mrr: 60.42, ndcg: 66.55, took: 4.67s
Epoch 5, 85.1%	 loss: 2.293 acc@1: 42.27 mrr: 59.57, ndcg: 65.81, took: 4.82s
Epoch 5, 87.2%	 loss: 2.265 acc@1: 42.38 mrr: 59.90, ndcg: 66.32, took: 4.65s
Epoch 5, 89.4%	 loss: 2.308 acc@1: 41.84 mrr: 59.39, ndcg: 65.85, took: 4.67s
Epoch 5, 91.5%	 loss: 2.209 acc@1: 43.28 mrr: 60.92, ndcg: 67.27, took: 4.69s
Epoch 5, 93.6%	 loss: 2.338 acc@1: 43.75 mrr: 60.44, ndcg: 66.48, took: 4.85s
Epoch 5, 95.7%	 loss: 2.218 acc@1: 42.46 mrr: 60.46, ndcg: 67.01, took: 4.73s
Epoch 5, 97.9%	 loss: 2.271 acc@1: 43.55 mrr: 60.62, ndcg: 66.62, took: 4.75s
Epoch 5, 100.0%	 loss: 2.236 acc@1: 41.13 mrr: 59.61, ndcg: 66.37, took: 4.81s
Validation - loss: 3.0151, acc@1: 40.17%, f1: 32.13%, mrr: 56.66%, ndcg: 62.72%
Current learning rate: 0.000937

=== Epoch 6 ===
Epoch 6, 2.1%	 loss: 2.145 acc@1: 41.56 mrr: 59.91, ndcg: 66.71, took: 4.53s
Epoch 6, 4.3%	 loss: 2.118 acc@1: 42.93 mrr: 60.57, ndcg: 67.08, took: 4.44s
Epoch 6, 6.4%	 loss: 2.116 acc@1: 42.77 mrr: 60.86, ndcg: 67.41, took: 4.83s
Epoch 6, 8.5%	 loss: 2.146 acc@1: 41.60 mrr: 59.93, ndcg: 66.57, took: 4.71s
Epoch 6, 10.6%	 loss: 2.102 acc@1: 42.93 mrr: 60.75, ndcg: 67.48, took: 4.79s
Epoch 6, 12.8%	 loss: 2.138 acc@1: 44.61 mrr: 61.47, ndcg: 67.71, took: 5.14s
Epoch 6, 14.9%	 loss: 2.151 acc@1: 43.83 mrr: 61.00, ndcg: 67.29, took: 4.79s
Epoch 6, 17.0%	 loss: 2.140 acc@1: 42.50 mrr: 60.69, ndcg: 67.20, took: 4.65s
Epoch 6, 19.1%	 loss: 2.180 acc@1: 42.70 mrr: 60.19, ndcg: 66.55, took: 4.70s
Epoch 6, 21.3%	 loss: 2.183 acc@1: 43.12 mrr: 60.78, ndcg: 67.07, took: 4.74s
Epoch 6, 23.4%	 loss: 2.169 acc@1: 42.11 mrr: 60.02, ndcg: 66.53, took: 4.72s
Epoch 6, 25.5%	 loss: 2.161 acc@1: 43.24 mrr: 60.50, ndcg: 66.99, took: 4.79s
Epoch 6, 27.7%	 loss: 2.153 acc@1: 42.62 mrr: 60.39, ndcg: 66.79, took: 4.72s
Epoch 6, 29.8%	 loss: 2.212 acc@1: 43.98 mrr: 60.56, ndcg: 66.30, took: 4.70s
Epoch 6, 31.9%	 loss: 2.156 acc@1: 42.58 mrr: 60.47, ndcg: 66.90, took: 4.72s
Epoch 6, 34.0%	 loss: 2.223 acc@1: 41.56 mrr: 59.44, ndcg: 65.90, took: 4.65s
Epoch 6, 36.2%	 loss: 2.206 acc@1: 43.28 mrr: 60.41, ndcg: 66.67, took: 4.50s
Epoch 6, 38.3%	 loss: 2.186 acc@1: 43.24 mrr: 60.55, ndcg: 66.82, took: 4.12s
Epoch 6, 40.4%	 loss: 2.234 acc@1: 42.15 mrr: 59.60, ndcg: 65.91, took: 4.30s
Epoch 6, 42.6%	 loss: 2.158 acc@1: 43.05 mrr: 60.66, ndcg: 67.22, took: 4.60s
Epoch 6, 44.7%	 loss: 2.245 acc@1: 41.91 mrr: 59.40, ndcg: 65.86, took: 4.56s
Epoch 6, 46.8%	 loss: 2.167 acc@1: 42.58 mrr: 60.18, ndcg: 66.53, took: 4.73s
Epoch 6, 48.9%	 loss: 2.283 acc@1: 43.44 mrr: 59.84, ndcg: 66.01, took: 4.67s
Epoch 6, 51.1%	 loss: 2.171 acc@1: 42.27 mrr: 60.28, ndcg: 66.74, took: 4.65s
Epoch 6, 53.2%	 loss: 2.199 acc@1: 42.15 mrr: 59.91, ndcg: 66.35, took: 4.68s
Epoch 6, 55.3%	 loss: 2.245 acc@1: 43.09 mrr: 60.36, ndcg: 66.43, took: 4.67s
Epoch 6, 57.4%	 loss: 2.201 acc@1: 44.18 mrr: 60.89, ndcg: 66.79, took: 4.30s
Epoch 6, 59.6%	 loss: 2.139 acc@1: 44.10 mrr: 61.57, ndcg: 67.72, took: 4.04s
Epoch 6, 61.7%	 loss: 2.210 acc@1: 41.72 mrr: 59.73, ndcg: 66.33, took: 4.80s
Epoch 6, 63.8%	 loss: 2.193 acc@1: 42.89 mrr: 60.16, ndcg: 66.55, took: 4.78s
Epoch 6, 66.0%	 loss: 2.173 acc@1: 42.77 mrr: 60.39, ndcg: 66.70, took: 4.75s
Epoch 6, 68.1%	 loss: 2.164 acc@1: 42.42 mrr: 60.36, ndcg: 66.75, took: 4.71s
Epoch 6, 70.2%	 loss: 2.115 acc@1: 43.48 mrr: 61.12, ndcg: 67.31, took: 4.80s
Epoch 6, 72.3%	 loss: 2.157 acc@1: 44.80 mrr: 61.62, ndcg: 67.63, took: 4.84s
Epoch 6, 74.5%	 loss: 2.268 acc@1: 41.95 mrr: 59.64, ndcg: 65.85, took: 4.73s
Epoch 6, 76.6%	 loss: 2.138 acc@1: 43.95 mrr: 61.37, ndcg: 67.68, took: 4.69s
Epoch 6, 78.7%	 loss: 2.230 acc@1: 42.93 mrr: 60.35, ndcg: 66.63, took: 4.80s
Epoch 6, 80.9%	 loss: 2.105 acc@1: 43.98 mrr: 61.52, ndcg: 67.83, took: 4.75s
Epoch 6, 83.0%	 loss: 2.240 acc@1: 42.70 mrr: 60.02, ndcg: 66.20, took: 4.67s
Epoch 6, 85.1%	 loss: 2.173 acc@1: 42.97 mrr: 60.85, ndcg: 67.05, took: 4.69s
Epoch 6, 87.2%	 loss: 2.208 acc@1: 42.30 mrr: 59.95, ndcg: 66.27, took: 4.84s
Epoch 6, 89.4%	 loss: 2.173 acc@1: 42.85 mrr: 60.56, ndcg: 66.95, took: 4.75s
Epoch 6, 91.5%	 loss: 2.136 acc@1: 44.57 mrr: 61.77, ndcg: 67.92, took: 4.73s
Epoch 6, 93.6%	 loss: 2.297 acc@1: 40.74 mrr: 58.80, ndcg: 65.32, took: 4.77s
Epoch 6, 95.7%	 loss: 2.265 acc@1: 40.94 mrr: 58.87, ndcg: 65.43, took: 4.83s
Epoch 6, 97.9%	 loss: 2.151 acc@1: 43.05 mrr: 60.92, ndcg: 67.09, took: 4.71s
Epoch 6, 100.0%	 loss: 2.252 acc@1: 41.09 mrr: 59.25, ndcg: 65.88, took: 4.71s
Validation - loss: 3.0036, acc@1: 41.04%, f1: 32.55%, mrr: 57.21%, ndcg: 63.14%
Current learning rate: 0.000917

=== Epoch 7 ===
Epoch 7, 2.1%	 loss: 2.075 acc@1: 43.09 mrr: 61.07, ndcg: 67.49, took: 4.73s
Epoch 7, 4.3%	 loss: 2.119 acc@1: 42.27 mrr: 60.26, ndcg: 66.73, took: 4.86s
Epoch 7, 6.4%	 loss: 2.064 acc@1: 43.95 mrr: 61.52, ndcg: 67.94, took: 4.70s
Epoch 7, 8.5%	 loss: 2.158 acc@1: 41.84 mrr: 59.80, ndcg: 66.39, took: 4.29s
Epoch 7, 10.6%	 loss: 2.098 acc@1: 42.97 mrr: 60.86, ndcg: 67.31, took: 4.13s
Epoch 7, 12.8%	 loss: 2.074 acc@1: 43.63 mrr: 61.21, ndcg: 67.70, took: 4.65s
Epoch 7, 14.9%	 loss: 2.111 acc@1: 42.23 mrr: 60.40, ndcg: 66.97, took: 4.70s
Epoch 7, 17.0%	 loss: 2.091 acc@1: 44.49 mrr: 61.73, ndcg: 67.93, took: 4.74s
Epoch 7, 19.1%	 loss: 2.105 acc@1: 43.40 mrr: 61.15, ndcg: 67.43, took: 4.68s
Epoch 7, 21.3%	 loss: 2.009 acc@1: 45.35 mrr: 62.58, ndcg: 68.80, took: 4.61s
Epoch 7, 23.4%	 loss: 2.030 acc@1: 45.23 mrr: 62.57, ndcg: 68.87, took: 4.65s
Epoch 7, 25.5%	 loss: 2.127 acc@1: 42.34 mrr: 60.43, ndcg: 66.78, took: 4.77s
Epoch 7, 27.7%	 loss: 2.162 acc@1: 42.50 mrr: 60.25, ndcg: 66.44, took: 4.76s
Epoch 7, 29.8%	 loss: 2.152 acc@1: 42.54 mrr: 60.11, ndcg: 66.43, took: 4.70s
Epoch 7, 31.9%	 loss: 2.109 acc@1: 42.50 mrr: 60.48, ndcg: 66.81, took: 4.77s
Epoch 7, 34.0%	 loss: 2.076 acc@1: 43.40 mrr: 61.25, ndcg: 67.54, took: 4.75s
Epoch 7, 36.2%	 loss: 2.165 acc@1: 43.67 mrr: 60.46, ndcg: 66.75, took: 4.77s
Epoch 7, 38.3%	 loss: 2.060 acc@1: 44.73 mrr: 61.94, ndcg: 68.07, took: 4.70s
Epoch 7, 40.4%	 loss: 2.185 acc@1: 41.45 mrr: 59.21, ndcg: 65.64, took: 4.71s
Epoch 7, 42.6%	 loss: 2.114 acc@1: 43.20 mrr: 61.02, ndcg: 67.30, took: 4.63s
Epoch 7, 44.7%	 loss: 2.152 acc@1: 42.85 mrr: 60.23, ndcg: 66.68, took: 4.52s
Epoch 7, 46.8%	 loss: 2.121 acc@1: 42.23 mrr: 60.23, ndcg: 66.69, took: 4.35s
Epoch 7, 48.9%	 loss: 2.105 acc@1: 43.01 mrr: 60.76, ndcg: 67.17, took: 4.51s
Epoch 7, 51.1%	 loss: 2.096 acc@1: 44.65 mrr: 61.55, ndcg: 67.59, took: 4.65s
Epoch 7, 53.2%	 loss: 2.116 acc@1: 42.77 mrr: 60.72, ndcg: 67.02, took: 4.58s
Epoch 7, 55.3%	 loss: 2.127 acc@1: 44.10 mrr: 61.11, ndcg: 67.47, took: 4.69s
Epoch 7, 57.4%	 loss: 2.091 acc@1: 43.55 mrr: 61.17, ndcg: 67.62, took: 4.12s
Epoch 7, 59.6%	 loss: 2.176 acc@1: 40.94 mrr: 58.82, ndcg: 65.41, took: 4.62s
Epoch 7, 61.7%	 loss: 2.127 acc@1: 43.44 mrr: 60.99, ndcg: 67.30, took: 4.61s
Epoch 7, 63.8%	 loss: 2.202 acc@1: 40.90 mrr: 58.94, ndcg: 65.54, took: 4.67s
Epoch 7, 66.0%	 loss: 2.145 acc@1: 43.83 mrr: 61.06, ndcg: 67.27, took: 4.69s
Epoch 7, 68.1%	 loss: 2.133 acc@1: 41.48 mrr: 59.69, ndcg: 66.17, took: 4.72s
Epoch 7, 70.2%	 loss: 2.160 acc@1: 42.38 mrr: 60.20, ndcg: 66.57, took: 4.72s
Epoch 7, 72.3%	 loss: 2.198 acc@1: 42.07 mrr: 59.90, ndcg: 66.33, took: 4.78s
Epoch 7, 74.5%	 loss: 2.157 acc@1: 43.95 mrr: 60.85, ndcg: 67.01, took: 4.73s
Epoch 7, 76.6%	 loss: 2.168 acc@1: 42.77 mrr: 60.31, ndcg: 66.69, took: 4.71s
Epoch 7, 78.7%	 loss: 2.120 acc@1: 41.84 mrr: 60.25, ndcg: 66.82, took: 4.62s
Epoch 7, 80.9%	 loss: 2.168 acc@1: 42.15 mrr: 60.18, ndcg: 66.51, took: 4.69s
Epoch 7, 83.0%	 loss: 2.167 acc@1: 43.24 mrr: 60.58, ndcg: 66.92, took: 4.57s
Epoch 7, 85.1%	 loss: 2.151 acc@1: 43.71 mrr: 60.88, ndcg: 67.08, took: 4.72s
Epoch 7, 87.2%	 loss: 2.230 acc@1: 41.17 mrr: 59.13, ndcg: 65.63, took: 4.51s
Epoch 7, 89.4%	 loss: 2.112 acc@1: 43.24 mrr: 60.74, ndcg: 67.23, took: 4.49s
Epoch 7, 91.5%	 loss: 2.114 acc@1: 43.28 mrr: 60.90, ndcg: 67.31, took: 4.68s
Epoch 7, 93.6%	 loss: 2.124 acc@1: 42.42 mrr: 60.45, ndcg: 66.82, took: 4.65s
Epoch 7, 95.7%	 loss: 2.113 acc@1: 44.73 mrr: 61.59, ndcg: 67.82, took: 4.57s
Epoch 7, 97.9%	 loss: 2.134 acc@1: 42.27 mrr: 60.30, ndcg: 66.82, took: 4.69s
Epoch 7, 100.0%	 loss: 2.213 acc@1: 41.52 mrr: 59.24, ndcg: 65.73, took: 4.79s
Validation - loss: 2.9965, acc@1: 41.17%, f1: 32.57%, mrr: 57.31%, ndcg: 63.19%
Current learning rate: 0.000896

=== Epoch 8 ===
Epoch 8, 2.1%	 loss: 1.979 acc@1: 43.48 mrr: 61.89, ndcg: 68.43, took: 4.80s
Epoch 8, 4.3%	 loss: 2.053 acc@1: 44.26 mrr: 61.66, ndcg: 67.85, took: 4.64s
Epoch 8, 6.4%	 loss: 2.033 acc@1: 44.65 mrr: 62.16, ndcg: 68.29, took: 4.82s
Epoch 8, 8.5%	 loss: 2.096 acc@1: 41.68 mrr: 60.04, ndcg: 66.68, took: 4.83s
Epoch 8, 10.6%	 loss: 2.103 acc@1: 42.34 mrr: 60.25, ndcg: 66.72, took: 4.67s
Epoch 8, 12.8%	 loss: 2.091 acc@1: 43.12 mrr: 60.76, ndcg: 67.23, took: 4.74s
Epoch 8, 14.9%	 loss: 2.043 acc@1: 44.06 mrr: 61.59, ndcg: 67.74, took: 4.58s
Epoch 8, 17.0%	 loss: 2.113 acc@1: 42.81 mrr: 60.41, ndcg: 66.73, took: 4.47s
Epoch 8, 19.1%	 loss: 2.082 acc@1: 43.36 mrr: 60.69, ndcg: 67.01, took: 4.83s
Epoch 8, 21.3%	 loss: 2.078 acc@1: 42.50 mrr: 60.61, ndcg: 67.21, took: 4.78s
Epoch 8, 23.4%	 loss: 2.078 acc@1: 43.20 mrr: 60.82, ndcg: 67.17, took: 4.63s
Epoch 8, 25.5%	 loss: 2.086 acc@1: 43.09 mrr: 60.87, ndcg: 67.34, took: 4.77s
Epoch 8, 27.7%	 loss: 2.075 acc@1: 43.12 mrr: 60.85, ndcg: 67.29, took: 4.81s
Epoch 8, 29.8%	 loss: 2.193 acc@1: 41.84 mrr: 59.31, ndcg: 65.65, took: 4.70s
Epoch 8, 31.9%	 loss: 2.039 acc@1: 43.48 mrr: 61.26, ndcg: 67.71, took: 4.68s
Epoch 8, 34.0%	 loss: 2.076 acc@1: 41.56 mrr: 59.98, ndcg: 66.57, took: 4.71s
Epoch 8, 36.2%	 loss: 2.084 acc@1: 41.13 mrr: 59.68, ndcg: 66.33, took: 4.77s
Epoch 8, 38.3%	 loss: 2.114 acc@1: 42.66 mrr: 60.29, ndcg: 66.74, took: 4.79s
Epoch 8, 40.4%	 loss: 2.124 acc@1: 42.70 mrr: 60.35, ndcg: 66.63, took: 4.76s
Epoch 8, 42.6%	 loss: 2.116 acc@1: 41.72 mrr: 59.97, ndcg: 66.51, took: 4.61s
Epoch 8, 44.7%	 loss: 2.153 acc@1: 40.94 mrr: 59.17, ndcg: 65.92, took: 4.36s
Epoch 8, 46.8%	 loss: 2.056 acc@1: 43.44 mrr: 61.19, ndcg: 67.77, took: 4.79s
Epoch 8, 48.9%	 loss: 2.157 acc@1: 41.29 mrr: 59.50, ndcg: 65.98, took: 4.65s
Epoch 8, 51.1%	 loss: 2.022 acc@1: 44.06 mrr: 61.74, ndcg: 68.03, took: 4.61s
Epoch 8, 53.2%	 loss: 2.141 acc@1: 42.66 mrr: 60.13, ndcg: 66.36, took: 4.74s
Epoch 8, 55.3%	 loss: 2.115 acc@1: 42.42 mrr: 60.24, ndcg: 66.59, took: 4.06s
Epoch 8, 57.4%	 loss: 2.090 acc@1: 44.53 mrr: 61.50, ndcg: 67.63, took: 4.18s
Epoch 8, 59.6%	 loss: 2.026 acc@1: 43.71 mrr: 61.71, ndcg: 68.06, took: 4.74s
Epoch 8, 61.7%	 loss: 2.143 acc@1: 42.34 mrr: 60.03, ndcg: 66.39, took: 4.54s
Epoch 8, 63.8%	 loss: 2.067 acc@1: 44.10 mrr: 61.35, ndcg: 67.66, took: 4.64s
Epoch 8, 66.0%	 loss: 2.108 acc@1: 42.19 mrr: 60.27, ndcg: 66.82, took: 4.70s
Epoch 8, 68.1%	 loss: 2.149 acc@1: 43.24 mrr: 60.36, ndcg: 66.60, took: 4.67s
Epoch 8, 70.2%	 loss: 2.046 acc@1: 44.80 mrr: 62.22, ndcg: 68.24, took: 4.66s
Epoch 8, 72.3%	 loss: 2.070 acc@1: 43.98 mrr: 61.42, ndcg: 67.76, took: 4.78s
Epoch 8, 74.5%	 loss: 2.139 acc@1: 42.34 mrr: 60.34, ndcg: 66.73, took: 4.73s
Epoch 8, 76.6%	 loss: 2.091 acc@1: 42.58 mrr: 60.48, ndcg: 66.85, took: 4.83s
Epoch 8, 78.7%	 loss: 2.103 acc@1: 43.09 mrr: 60.77, ndcg: 67.05, took: 4.66s
Epoch 8, 80.9%	 loss: 2.096 acc@1: 43.83 mrr: 61.25, ndcg: 67.54, took: 4.73s
Epoch 8, 83.0%	 loss: 2.079 acc@1: 43.16 mrr: 61.18, ndcg: 67.64, took: 4.80s
Epoch 8, 85.1%	 loss: 2.094 acc@1: 42.07 mrr: 60.56, ndcg: 67.00, took: 4.76s
Epoch 8, 87.2%	 loss: 2.131 acc@1: 43.63 mrr: 60.84, ndcg: 66.91, took: 4.80s
Epoch 8, 89.4%	 loss: 2.019 acc@1: 44.30 mrr: 62.02, ndcg: 68.31, took: 4.76s
Epoch 8, 91.5%	 loss: 2.114 acc@1: 43.28 mrr: 60.43, ndcg: 66.70, took: 4.87s
Epoch 8, 93.6%	 loss: 2.032 acc@1: 43.95 mrr: 61.92, ndcg: 68.29, took: 4.73s
Epoch 8, 95.7%	 loss: 2.053 acc@1: 43.09 mrr: 61.22, ndcg: 67.64, took: 4.85s
Epoch 8, 97.9%	 loss: 2.149 acc@1: 43.05 mrr: 60.53, ndcg: 66.89, took: 4.69s
Epoch 8, 100.0%	 loss: 2.106 acc@1: 42.42 mrr: 60.48, ndcg: 66.90, took: 4.72s
Validation - loss: 3.0339, acc@1: 41.23%, f1: 32.19%, mrr: 57.28%, ndcg: 63.06%
Current learning rate: 0.000875

=== Epoch 9 ===
Epoch 9, 2.1%	 loss: 2.043 acc@1: 42.66 mrr: 60.86, ndcg: 67.51, took: 4.67s
Epoch 9, 4.3%	 loss: 1.988 acc@1: 43.20 mrr: 61.22, ndcg: 67.86, took: 4.90s
Epoch 9, 6.4%	 loss: 2.002 acc@1: 44.18 mrr: 61.75, ndcg: 68.19, took: 4.73s
Epoch 9, 8.5%	 loss: 2.010 acc@1: 43.24 mrr: 61.28, ndcg: 67.84, took: 4.80s
Epoch 9, 10.6%	 loss: 2.004 acc@1: 44.61 mrr: 62.05, ndcg: 68.14, took: 4.76s
Epoch 9, 12.8%	 loss: 1.906 acc@1: 45.12 mrr: 63.03, ndcg: 69.51, took: 4.72s
Epoch 9, 14.9%	 loss: 2.123 acc@1: 41.48 mrr: 59.60, ndcg: 66.10, took: 4.87s
Epoch 9, 17.0%	 loss: 1.935 acc@1: 45.94 mrr: 63.14, ndcg: 69.38, took: 4.81s
Epoch 9, 19.1%	 loss: 1.989 acc@1: 44.34 mrr: 62.15, ndcg: 68.45, took: 4.60s
Epoch 9, 21.3%	 loss: 2.063 acc@1: 43.40 mrr: 61.02, ndcg: 67.25, took: 4.76s
Epoch 9, 23.4%	 loss: 2.067 acc@1: 44.49 mrr: 61.50, ndcg: 67.69, took: 4.83s
Epoch 9, 25.5%	 loss: 2.051 acc@1: 42.38 mrr: 60.51, ndcg: 67.10, took: 4.67s
Epoch 9, 27.7%	 loss: 2.095 acc@1: 41.91 mrr: 60.11, ndcg: 66.71, took: 4.71s
Epoch 9, 29.8%	 loss: 2.039 acc@1: 41.68 mrr: 60.41, ndcg: 67.35, took: 4.65s
Epoch 9, 31.9%	 loss: 1.961 acc@1: 45.78 mrr: 62.94, ndcg: 69.22, took: 4.65s
Epoch 9, 34.0%	 loss: 2.124 acc@1: 42.38 mrr: 60.13, ndcg: 66.39, took: 4.77s
Epoch 9, 36.2%	 loss: 2.021 acc@1: 42.70 mrr: 60.77, ndcg: 67.34, took: 4.17s
Epoch 9, 38.3%	 loss: 2.038 acc@1: 45.39 mrr: 62.12, ndcg: 68.09, took: 4.67s
Epoch 9, 40.4%	 loss: 2.076 acc@1: 43.95 mrr: 61.02, ndcg: 67.27, took: 4.71s
Epoch 9, 42.6%	 loss: 2.083 acc@1: 42.58 mrr: 60.59, ndcg: 67.06, took: 4.56s
Epoch 9, 44.7%	 loss: 2.174 acc@1: 40.90 mrr: 58.88, ndcg: 65.52, took: 4.50s
Epoch 9, 46.8%	 loss: 2.042 acc@1: 43.16 mrr: 61.33, ndcg: 67.87, took: 4.84s
Epoch 9, 48.9%	 loss: 2.063 acc@1: 43.40 mrr: 61.07, ndcg: 67.35, took: 4.76s
Epoch 9, 51.1%	 loss: 2.112 acc@1: 42.34 mrr: 60.29, ndcg: 66.62, took: 4.78s
Epoch 9, 53.2%	 loss: 2.038 acc@1: 42.50 mrr: 60.91, ndcg: 67.48, took: 4.56s
Epoch 9, 55.3%	 loss: 2.045 acc@1: 42.77 mrr: 60.89, ndcg: 67.25, took: 4.02s
Epoch 9, 57.4%	 loss: 2.053 acc@1: 42.89 mrr: 60.78, ndcg: 67.16, took: 4.16s
Epoch 9, 59.6%	 loss: 2.046 acc@1: 42.85 mrr: 60.56, ndcg: 67.14, took: 4.35s
Epoch 9, 61.7%	 loss: 2.024 acc@1: 41.88 mrr: 60.60, ndcg: 67.16, took: 4.12s
Epoch 9, 63.8%	 loss: 2.083 acc@1: 43.48 mrr: 61.09, ndcg: 67.12, took: 3.85s
Epoch 9, 66.0%	 loss: 2.099 acc@1: 44.18 mrr: 61.15, ndcg: 67.28, took: 4.04s
Epoch 9, 68.1%	 loss: 2.089 acc@1: 43.01 mrr: 60.61, ndcg: 66.97, took: 4.12s
Epoch 9, 70.2%	 loss: 2.081 acc@1: 43.55 mrr: 61.11, ndcg: 67.28, took: 4.08s
Epoch 9, 72.3%	 loss: 2.098 acc@1: 42.42 mrr: 60.41, ndcg: 66.93, took: 4.17s
Epoch 9, 74.5%	 loss: 2.071 acc@1: 42.85 mrr: 60.81, ndcg: 67.01, took: 4.26s
Epoch 9, 76.6%	 loss: 2.108 acc@1: 42.62 mrr: 60.30, ndcg: 66.89, took: 4.13s
Epoch 9, 78.7%	 loss: 2.048 acc@1: 41.88 mrr: 60.60, ndcg: 67.14, took: 4.19s
Epoch 9, 80.9%	 loss: 2.015 acc@1: 44.53 mrr: 62.01, ndcg: 68.22, took: 4.18s
Epoch 9, 83.0%	 loss: 2.128 acc@1: 41.21 mrr: 59.65, ndcg: 66.20, took: 4.13s
Epoch 9, 85.1%	 loss: 2.071 acc@1: 42.46 mrr: 60.46, ndcg: 66.95, took: 4.19s
Epoch 9, 87.2%	 loss: 2.138 acc@1: 41.76 mrr: 59.89, ndcg: 66.14, took: 4.25s
Epoch 9, 89.4%	 loss: 2.085 acc@1: 43.79 mrr: 61.09, ndcg: 67.36, took: 4.01s
Epoch 9, 91.5%	 loss: 2.059 acc@1: 42.62 mrr: 60.68, ndcg: 67.30, took: 4.06s
Epoch 9, 93.6%	 loss: 2.084 acc@1: 42.77 mrr: 60.61, ndcg: 66.91, took: 4.10s
Epoch 9, 95.7%	 loss: 2.074 acc@1: 43.55 mrr: 61.07, ndcg: 67.36, took: 4.20s
Epoch 9, 97.9%	 loss: 2.091 acc@1: 42.07 mrr: 60.40, ndcg: 67.00, took: 4.41s
Epoch 9, 100.0%	 loss: 2.085 acc@1: 44.10 mrr: 61.31, ndcg: 67.55, took: 4.48s
Validation - loss: 3.0187, acc@1: 40.22%, f1: 31.99%, mrr: 56.89%, ndcg: 62.86%
Current learning rate: 0.000854

=== Epoch 10 ===
Epoch 10, 2.1%	 loss: 1.974 acc@1: 43.59 mrr: 61.46, ndcg: 67.96, took: 4.62s
Epoch 10, 4.3%	 loss: 1.993 acc@1: 42.27 mrr: 60.77, ndcg: 67.52, took: 4.60s
Epoch 10, 6.4%	 loss: 1.946 acc@1: 45.90 mrr: 63.02, ndcg: 69.30, took: 4.47s
Epoch 10, 8.5%	 loss: 1.934 acc@1: 44.14 mrr: 62.12, ndcg: 68.70, took: 4.31s
Epoch 10, 10.6%	 loss: 1.949 acc@1: 42.89 mrr: 61.39, ndcg: 68.05, took: 4.50s
Epoch 10, 12.8%	 loss: 1.973 acc@1: 42.07 mrr: 60.88, ndcg: 67.59, took: 4.63s
Epoch 10, 14.9%	 loss: 2.053 acc@1: 42.97 mrr: 60.95, ndcg: 67.58, took: 4.61s
Epoch 10, 17.0%	 loss: 2.024 acc@1: 42.11 mrr: 60.40, ndcg: 66.95, took: 4.52s
Epoch 10, 19.1%	 loss: 2.051 acc@1: 42.30 mrr: 60.32, ndcg: 66.89, took: 4.49s
Epoch 10, 21.3%	 loss: 1.954 acc@1: 44.84 mrr: 62.43, ndcg: 68.61, took: 4.58s
Epoch 10, 23.4%	 loss: 1.991 acc@1: 43.59 mrr: 61.52, ndcg: 68.03, took: 4.47s
Epoch 10, 25.5%	 loss: 2.101 acc@1: 42.15 mrr: 59.90, ndcg: 66.28, took: 4.57s
Epoch 10, 27.7%	 loss: 2.038 acc@1: 43.05 mrr: 60.81, ndcg: 67.26, took: 4.33s
Epoch 10, 29.8%	 loss: 1.953 acc@1: 44.30 mrr: 62.07, ndcg: 68.51, took: 4.20s
Epoch 10, 31.9%	 loss: 2.040 acc@1: 42.85 mrr: 60.84, ndcg: 67.27, took: 4.53s
Epoch 10, 34.0%	 loss: 2.019 acc@1: 42.27 mrr: 60.85, ndcg: 67.56, took: 4.57s
Epoch 10, 36.2%	 loss: 2.069 acc@1: 42.93 mrr: 60.83, ndcg: 67.14, took: 4.44s
Epoch 10, 38.3%	 loss: 2.056 acc@1: 42.23 mrr: 60.26, ndcg: 66.70, took: 4.47s
Epoch 10, 40.4%	 loss: 1.960 acc@1: 43.16 mrr: 61.66, ndcg: 68.31, took: 4.36s
Epoch 10, 42.6%	 loss: 2.080 acc@1: 41.05 mrr: 59.53, ndcg: 66.23, took: 4.57s
Epoch 10, 44.7%	 loss: 2.078 acc@1: 42.62 mrr: 60.42, ndcg: 66.84, took: 4.43s
Epoch 10, 46.8%	 loss: 2.015 acc@1: 44.92 mrr: 61.83, ndcg: 68.07, took: 4.50s
Epoch 10, 48.9%	 loss: 2.120 acc@1: 42.58 mrr: 60.18, ndcg: 66.50, took: 4.59s
Epoch 10, 51.1%	 loss: 2.065 acc@1: 42.54 mrr: 60.71, ndcg: 67.21, took: 4.45s
Epoch 10, 53.2%	 loss: 2.098 acc@1: 44.14 mrr: 61.00, ndcg: 67.22, took: 4.03s
Epoch 10, 55.3%	 loss: 2.013 acc@1: 42.46 mrr: 61.02, ndcg: 67.61, took: 4.45s
Epoch 10, 57.4%	 loss: 2.039 acc@1: 44.80 mrr: 62.00, ndcg: 68.14, took: 4.53s
Epoch 10, 59.6%	 loss: 2.081 acc@1: 42.11 mrr: 60.21, ndcg: 66.59, took: 4.29s
Epoch 10, 61.7%	 loss: 2.085 acc@1: 43.52 mrr: 60.86, ndcg: 67.01, took: 4.50s
Epoch 10, 63.8%	 loss: 2.020 acc@1: 43.36 mrr: 60.88, ndcg: 67.38, took: 4.37s
Epoch 10, 66.0%	 loss: 2.026 acc@1: 42.81 mrr: 61.00, ndcg: 67.57, took: 4.34s
Epoch 10, 68.1%	 loss: 2.076 acc@1: 43.75 mrr: 60.97, ndcg: 67.17, took: 4.56s
Epoch 10, 70.2%	 loss: 2.024 acc@1: 43.91 mrr: 61.48, ndcg: 67.63, took: 4.53s
Epoch 10, 72.3%	 loss: 2.052 acc@1: 43.75 mrr: 61.29, ndcg: 67.86, took: 4.23s
Epoch 10, 74.5%	 loss: 1.984 acc@1: 44.34 mrr: 62.17, ndcg: 68.50, took: 4.84s
Epoch 10, 76.6%	 loss: 1.995 acc@1: 44.02 mrr: 62.03, ndcg: 68.31, took: 4.40s
Epoch 10, 78.7%	 loss: 2.050 acc@1: 42.77 mrr: 60.68, ndcg: 67.18, took: 4.48s
Epoch 10, 80.9%	 loss: 2.025 acc@1: 42.58 mrr: 60.98, ndcg: 67.53, took: 4.46s
Epoch 10, 83.0%	 loss: 2.009 acc@1: 44.34 mrr: 61.99, ndcg: 68.15, took: 4.41s
Epoch 10, 85.1%	 loss: 2.084 acc@1: 42.85 mrr: 60.47, ndcg: 66.83, took: 4.32s
Epoch 10, 87.2%	 loss: 2.071 acc@1: 43.71 mrr: 61.14, ndcg: 67.44, took: 4.57s
Epoch 10, 89.4%	 loss: 2.085 acc@1: 42.85 mrr: 60.58, ndcg: 66.86, took: 4.50s
Epoch 10, 91.5%	 loss: 2.074 acc@1: 42.89 mrr: 60.63, ndcg: 67.08, took: 4.50s
Epoch 10, 93.6%	 loss: 2.112 acc@1: 41.72 mrr: 60.06, ndcg: 66.65, took: 4.57s
Epoch 10, 95.7%	 loss: 2.017 acc@1: 43.63 mrr: 61.36, ndcg: 67.64, took: 4.45s
Epoch 10, 97.9%	 loss: 2.030 acc@1: 42.81 mrr: 61.01, ndcg: 67.55, took: 4.61s
Epoch 10, 100.0%	 loss: 2.058 acc@1: 42.81 mrr: 60.63, ndcg: 67.04, took: 4.59s
Validation - loss: 3.0132, acc@1: 40.93%, f1: 32.16%, mrr: 57.22%, ndcg: 63.21%
Current learning rate: 0.000833

=== Epoch 11 ===
Epoch 11, 2.1%	 loss: 1.972 acc@1: 43.32 mrr: 61.43, ndcg: 68.00, took: 4.54s
Epoch 11, 4.3%	 loss: 1.994 acc@1: 42.89 mrr: 61.20, ndcg: 67.79, took: 4.50s
Epoch 11, 6.4%	 loss: 1.967 acc@1: 44.41 mrr: 62.11, ndcg: 68.50, took: 4.37s
Epoch 11, 8.5%	 loss: 1.953 acc@1: 43.24 mrr: 61.53, ndcg: 68.25, took: 4.46s
Epoch 11, 10.6%	 loss: 1.972 acc@1: 43.52 mrr: 61.41, ndcg: 67.86, took: 4.50s
Epoch 11, 12.8%	 loss: 1.959 acc@1: 45.35 mrr: 62.36, ndcg: 68.49, took: 4.54s
Epoch 11, 14.9%	 loss: 1.914 acc@1: 43.71 mrr: 62.09, ndcg: 68.80, took: 4.64s
Epoch 11, 17.0%	 loss: 2.115 acc@1: 40.43 mrr: 58.89, ndcg: 65.65, took: 4.53s
Epoch 11, 19.1%	 loss: 2.057 acc@1: 43.09 mrr: 60.71, ndcg: 67.30, took: 4.49s
Epoch 11, 21.3%	 loss: 2.018 acc@1: 43.16 mrr: 60.89, ndcg: 67.23, took: 4.25s
Epoch 11, 23.4%	 loss: 1.997 acc@1: 42.15 mrr: 60.53, ndcg: 67.27, took: 4.50s
Epoch 11, 25.5%	 loss: 1.967 acc@1: 44.34 mrr: 62.21, ndcg: 68.59, took: 4.46s
Epoch 11, 27.7%	 loss: 1.943 acc@1: 44.02 mrr: 62.27, ndcg: 68.80, took: 4.22s
Epoch 11, 29.8%	 loss: 2.005 acc@1: 44.57 mrr: 61.77, ndcg: 67.88, took: 4.62s
Epoch 11, 31.9%	 loss: 1.995 acc@1: 43.55 mrr: 61.53, ndcg: 67.90, took: 4.55s
Epoch 11, 34.0%	 loss: 1.979 acc@1: 44.38 mrr: 62.16, ndcg: 68.57, took: 4.27s
Epoch 11, 36.2%	 loss: 2.048 acc@1: 43.28 mrr: 61.09, ndcg: 67.40, took: 4.16s
Epoch 11, 38.3%	 loss: 1.937 acc@1: 44.96 mrr: 62.65, ndcg: 69.08, took: 4.48s
Epoch 11, 40.4%	 loss: 1.936 acc@1: 46.45 mrr: 63.24, ndcg: 69.45, took: 4.54s
Epoch 11, 42.6%	 loss: 2.008 acc@1: 44.30 mrr: 61.73, ndcg: 67.98, took: 4.68s
Epoch 11, 44.7%	 loss: 2.033 acc@1: 40.98 mrr: 59.83, ndcg: 66.75, took: 4.60s
Epoch 11, 46.8%	 loss: 2.071 acc@1: 42.85 mrr: 60.48, ndcg: 66.89, took: 4.45s
Epoch 11, 48.9%	 loss: 1.994 acc@1: 43.12 mrr: 61.43, ndcg: 67.99, took: 4.52s
Epoch 11, 51.1%	 loss: 2.083 acc@1: 42.46 mrr: 60.34, ndcg: 66.72, took: 4.34s
Epoch 11, 53.2%	 loss: 1.992 acc@1: 43.67 mrr: 61.50, ndcg: 67.87, took: 4.47s
Epoch 11, 55.3%	 loss: 1.967 acc@1: 44.18 mrr: 61.83, ndcg: 68.29, took: 4.66s
Epoch 11, 57.4%	 loss: 2.025 acc@1: 44.06 mrr: 61.56, ndcg: 67.76, took: 4.43s
Epoch 11, 59.6%	 loss: 1.965 acc@1: 43.36 mrr: 61.41, ndcg: 67.83, took: 4.31s
Epoch 11, 61.7%	 loss: 2.015 acc@1: 43.59 mrr: 61.22, ndcg: 67.44, took: 4.50s
Epoch 11, 63.8%	 loss: 1.990 acc@1: 44.38 mrr: 62.02, ndcg: 68.35, took: 4.53s
Epoch 11, 66.0%	 loss: 2.044 acc@1: 42.38 mrr: 60.34, ndcg: 66.92, took: 4.67s
Epoch 11, 68.1%	 loss: 2.041 acc@1: 42.50 mrr: 60.56, ndcg: 67.10, took: 4.45s
Epoch 11, 70.2%	 loss: 2.044 acc@1: 43.98 mrr: 61.33, ndcg: 67.67, took: 4.51s
Epoch 11, 72.3%	 loss: 2.003 acc@1: 42.38 mrr: 60.92, ndcg: 67.51, took: 4.54s
Epoch 11, 74.5%	 loss: 1.999 acc@1: 43.83 mrr: 61.70, ndcg: 68.06, took: 4.54s
Epoch 11, 76.6%	 loss: 2.044 acc@1: 42.73 mrr: 60.77, ndcg: 67.26, took: 4.45s
Epoch 11, 78.7%	 loss: 2.012 acc@1: 42.58 mrr: 60.75, ndcg: 67.30, took: 4.51s
Epoch 11, 80.9%	 loss: 2.004 acc@1: 43.95 mrr: 61.50, ndcg: 67.83, took: 4.12s
Epoch 11, 83.0%	 loss: 2.039 acc@1: 43.79 mrr: 61.37, ndcg: 67.69, took: 4.66s
Epoch 11, 85.1%	 loss: 1.931 acc@1: 45.23 mrr: 62.81, ndcg: 69.24, took: 4.43s
Epoch 11, 87.2%	 loss: 2.064 acc@1: 43.52 mrr: 61.17, ndcg: 67.40, took: 4.50s
Epoch 11, 89.4%	 loss: 2.095 acc@1: 41.99 mrr: 60.13, ndcg: 66.60, took: 4.60s
Epoch 11, 91.5%	 loss: 2.072 acc@1: 43.40 mrr: 60.98, ndcg: 67.13, took: 4.50s
Epoch 11, 93.6%	 loss: 2.066 acc@1: 43.40 mrr: 61.02, ndcg: 67.24, took: 4.70s
Epoch 11, 95.7%	 loss: 2.018 acc@1: 43.40 mrr: 61.51, ndcg: 67.85, took: 4.52s
Epoch 11, 97.9%	 loss: 2.059 acc@1: 41.56 mrr: 60.09, ndcg: 66.74, took: 4.44s
Epoch 11, 100.0%	 loss: 2.063 acc@1: 42.07 mrr: 60.23, ndcg: 66.89, took: 4.34s
Validation - loss: 3.0109, acc@1: 40.41%, f1: 32.71%, mrr: 56.96%, ndcg: 63.03%
Current learning rate: 0.000813

=== Epoch 12 ===
Epoch 12, 2.1%	 loss: 1.953 acc@1: 44.49 mrr: 62.05, ndcg: 68.45, took: 4.36s
Epoch 12, 4.3%	 loss: 1.899 acc@1: 43.63 mrr: 62.14, ndcg: 68.82, took: 4.31s
Epoch 12, 6.4%	 loss: 1.899 acc@1: 45.16 mrr: 63.03, ndcg: 69.50, took: 4.55s
Epoch 12, 8.5%	 loss: 1.962 acc@1: 42.46 mrr: 61.02, ndcg: 67.67, took: 4.47s
Epoch 12, 10.6%	 loss: 1.921 acc@1: 43.48 mrr: 61.91, ndcg: 68.47, took: 4.73s
Epoch 12, 12.8%	 loss: 1.929 acc@1: 43.79 mrr: 61.71, ndcg: 68.44, took: 4.21s
Epoch 12, 14.9%	 loss: 1.986 acc@1: 43.83 mrr: 61.31, ndcg: 67.82, took: 4.30s
Epoch 12, 17.0%	 loss: 1.914 acc@1: 43.59 mrr: 61.85, ndcg: 68.66, took: 4.42s
Epoch 12, 19.1%	 loss: 1.965 acc@1: 44.53 mrr: 61.95, ndcg: 68.30, took: 4.64s
Epoch 12, 21.3%	 loss: 1.971 acc@1: 45.08 mrr: 62.24, ndcg: 68.55, took: 4.56s
Epoch 12, 23.4%	 loss: 1.931 acc@1: 44.53 mrr: 62.28, ndcg: 68.59, took: 4.39s
Epoch 12, 25.5%	 loss: 1.993 acc@1: 42.46 mrr: 60.75, ndcg: 67.35, took: 4.68s
Epoch 12, 27.7%	 loss: 1.974 acc@1: 43.44 mrr: 61.49, ndcg: 68.00, took: 4.48s
Epoch 12, 29.8%	 loss: 1.989 acc@1: 42.46 mrr: 60.77, ndcg: 67.44, took: 4.53s
Epoch 12, 31.9%	 loss: 1.959 acc@1: 43.95 mrr: 62.04, ndcg: 68.59, took: 4.26s
Epoch 12, 34.0%	 loss: 1.988 acc@1: 43.05 mrr: 61.10, ndcg: 67.64, took: 4.55s
Epoch 12, 36.2%	 loss: 2.025 acc@1: 43.16 mrr: 60.93, ndcg: 67.46, took: 4.69s
Epoch 12, 38.3%	 loss: 1.945 acc@1: 44.38 mrr: 62.41, ndcg: 68.64, took: 4.65s
Epoch 12, 40.4%	 loss: 2.041 acc@1: 43.24 mrr: 60.93, ndcg: 67.01, took: 4.80s
Epoch 12, 42.6%	 loss: 2.050 acc@1: 42.50 mrr: 60.50, ndcg: 67.10, took: 4.46s
Epoch 12, 44.7%	 loss: 1.996 acc@1: 43.48 mrr: 61.34, ndcg: 67.73, took: 4.50s
Epoch 12, 46.8%	 loss: 2.005 acc@1: 44.30 mrr: 61.74, ndcg: 68.11, took: 4.56s
Epoch 12, 48.9%	 loss: 1.962 acc@1: 44.02 mrr: 61.75, ndcg: 68.29, took: 4.23s
Epoch 12, 51.1%	 loss: 1.986 acc@1: 43.16 mrr: 61.24, ndcg: 67.71, took: 4.41s
Epoch 12, 53.2%	 loss: 2.014 acc@1: 44.06 mrr: 61.38, ndcg: 67.61, took: 4.48s
Epoch 12, 55.3%	 loss: 1.967 acc@1: 42.30 mrr: 61.19, ndcg: 67.95, took: 4.52s
Epoch 12, 57.4%	 loss: 1.996 acc@1: 43.52 mrr: 61.56, ndcg: 67.90, took: 4.54s
Epoch 12, 59.6%	 loss: 2.027 acc@1: 43.95 mrr: 61.30, ndcg: 67.44, took: 4.50s
Epoch 12, 61.7%	 loss: 2.057 acc@1: 42.50 mrr: 60.17, ndcg: 66.61, took: 4.51s
Epoch 12, 63.8%	 loss: 1.961 acc@1: 43.79 mrr: 61.93, ndcg: 68.23, took: 4.43s
Epoch 12, 66.0%	 loss: 2.023 acc@1: 42.27 mrr: 60.57, ndcg: 67.01, took: 4.58s
Epoch 12, 68.1%	 loss: 1.956 acc@1: 45.51 mrr: 62.84, ndcg: 69.05, took: 4.31s
Epoch 12, 70.2%	 loss: 2.027 acc@1: 43.01 mrr: 60.79, ndcg: 67.40, took: 4.55s
Epoch 12, 72.3%	 loss: 1.976 acc@1: 42.38 mrr: 61.01, ndcg: 67.72, took: 4.40s
Epoch 12, 74.5%	 loss: 2.071 acc@1: 41.88 mrr: 60.03, ndcg: 66.67, took: 4.25s
Epoch 12, 76.6%	 loss: 2.058 acc@1: 43.16 mrr: 60.69, ndcg: 67.13, took: 4.39s
Epoch 12, 78.7%	 loss: 2.031 acc@1: 41.88 mrr: 60.42, ndcg: 67.05, took: 4.51s
Epoch 12, 80.9%	 loss: 2.011 acc@1: 44.34 mrr: 61.71, ndcg: 67.87, took: 4.42s
Epoch 12, 83.0%	 loss: 2.034 acc@1: 42.34 mrr: 60.43, ndcg: 67.05, took: 4.45s
Epoch 12, 85.1%	 loss: 2.016 acc@1: 42.62 mrr: 60.80, ndcg: 67.36, took: 4.53s
Epoch 12, 87.2%	 loss: 1.945 acc@1: 42.70 mrr: 61.35, ndcg: 68.12, took: 4.45s
Epoch 12, 89.4%	 loss: 1.997 acc@1: 44.18 mrr: 61.77, ndcg: 68.22, took: 4.31s
Epoch 12, 91.5%	 loss: 1.996 acc@1: 44.45 mrr: 62.12, ndcg: 68.27, took: 4.56s
Epoch 12, 93.6%	 loss: 2.004 acc@1: 42.70 mrr: 61.05, ndcg: 67.48, took: 4.55s
Epoch 12, 95.7%	 loss: 1.986 acc@1: 43.36 mrr: 61.73, ndcg: 68.18, took: 4.55s
Epoch 12, 97.9%	 loss: 2.063 acc@1: 43.75 mrr: 61.23, ndcg: 67.36, took: 4.68s
Epoch 12, 100.0%	 loss: 1.987 acc@1: 43.75 mrr: 61.64, ndcg: 68.12, took: 4.72s
Validation - loss: 3.0454, acc@1: 40.58%, f1: 33.01%, mrr: 56.91%, ndcg: 62.86%
Current learning rate: 0.000079

=== Epoch 13 ===
Epoch 13, 2.1%	 loss: 1.991 acc@1: 46.99 mrr: 63.34, ndcg: 69.34, took: 4.52s
Epoch 13, 4.3%	 loss: 2.056 acc@1: 43.71 mrr: 61.46, ndcg: 67.99, took: 4.35s
Epoch 13, 6.4%	 loss: 2.107 acc@1: 42.34 mrr: 60.30, ndcg: 66.86, took: 4.14s
Epoch 13, 8.5%	 loss: 1.997 acc@1: 43.59 mrr: 61.68, ndcg: 68.20, took: 4.47s
Epoch 13, 10.6%	 loss: 1.982 acc@1: 45.12 mrr: 62.45, ndcg: 68.70, took: 4.47s
Epoch 13, 12.8%	 loss: 2.042 acc@1: 44.92 mrr: 61.87, ndcg: 68.16, took: 4.74s
Epoch 13, 14.9%	 loss: 2.074 acc@1: 42.15 mrr: 60.45, ndcg: 66.94, took: 4.65s
Epoch 13, 17.0%	 loss: 1.999 acc@1: 44.38 mrr: 61.85, ndcg: 68.23, took: 4.53s
Epoch 13, 19.1%	 loss: 2.083 acc@1: 43.79 mrr: 61.17, ndcg: 67.42, took: 4.48s
Epoch 13, 21.3%	 loss: 2.048 acc@1: 44.02 mrr: 61.46, ndcg: 67.92, took: 4.40s
Epoch 13, 23.4%	 loss: 1.986 acc@1: 44.30 mrr: 62.04, ndcg: 68.48, took: 4.47s
Epoch 13, 25.5%	 loss: 1.988 acc@1: 44.26 mrr: 62.13, ndcg: 68.52, took: 4.60s
Epoch 13, 27.7%	 loss: 2.039 acc@1: 44.45 mrr: 61.81, ndcg: 67.95, took: 4.49s
Epoch 13, 29.8%	 loss: 2.002 acc@1: 43.44 mrr: 61.60, ndcg: 68.05, took: 4.50s
Epoch 13, 31.9%	 loss: 2.023 acc@1: 43.91 mrr: 61.75, ndcg: 68.11, took: 4.47s
Epoch 13, 34.0%	 loss: 2.068 acc@1: 42.30 mrr: 60.31, ndcg: 66.95, took: 4.57s
Epoch 13, 36.2%	 loss: 2.002 acc@1: 43.83 mrr: 61.64, ndcg: 68.14, took: 4.34s
Epoch 13, 38.3%	 loss: 2.001 acc@1: 43.75 mrr: 61.70, ndcg: 68.23, took: 4.47s
Epoch 13, 40.4%	 loss: 1.994 acc@1: 43.91 mrr: 61.94, ndcg: 68.64, took: 4.61s
Epoch 13, 42.6%	 loss: 1.997 acc@1: 44.73 mrr: 62.12, ndcg: 68.42, took: 4.16s
Epoch 13, 44.7%	 loss: 1.953 acc@1: 45.04 mrr: 62.58, ndcg: 68.95, took: 4.54s
Epoch 13, 46.8%	 loss: 1.997 acc@1: 43.67 mrr: 61.53, ndcg: 68.03, took: 4.47s
Epoch 13, 48.9%	 loss: 2.033 acc@1: 43.87 mrr: 61.49, ndcg: 67.87, took: 4.14s
Epoch 13, 51.1%	 loss: 2.005 acc@1: 44.38 mrr: 61.93, ndcg: 68.26, took: 4.08s
Epoch 13, 53.2%	 loss: 2.078 acc@1: 43.71 mrr: 61.03, ndcg: 67.35, took: 4.45s
Epoch 13, 55.3%	 loss: 1.980 acc@1: 43.83 mrr: 61.67, ndcg: 68.16, took: 4.54s
Epoch 13, 57.4%	 loss: 2.058 acc@1: 43.79 mrr: 61.39, ndcg: 67.67, took: 4.55s
Epoch 13, 59.6%	 loss: 2.015 acc@1: 43.36 mrr: 61.25, ndcg: 67.63, took: 4.53s
Epoch 13, 61.7%	 loss: 2.069 acc@1: 43.24 mrr: 60.83, ndcg: 67.36, took: 4.44s
Epoch 13, 63.8%	 loss: 2.009 acc@1: 44.10 mrr: 61.80, ndcg: 68.33, took: 4.43s
Epoch 13, 66.0%	 loss: 1.958 acc@1: 44.84 mrr: 62.60, ndcg: 68.99, took: 4.53s
Epoch 13, 68.1%	 loss: 2.001 acc@1: 44.10 mrr: 61.87, ndcg: 68.37, took: 4.61s
Epoch 13, 70.2%	 loss: 2.022 acc@1: 43.55 mrr: 61.33, ndcg: 67.79, took: 4.54s
Epoch 13, 72.3%	 loss: 2.009 acc@1: 43.32 mrr: 61.43, ndcg: 68.05, took: 4.52s
Epoch 13, 74.5%	 loss: 1.926 acc@1: 45.23 mrr: 62.89, ndcg: 69.39, took: 4.49s
Epoch 13, 76.6%	 loss: 2.067 acc@1: 43.01 mrr: 60.64, ndcg: 67.30, took: 4.54s
Epoch 13, 78.7%	 loss: 2.061 acc@1: 41.99 mrr: 60.33, ndcg: 67.01, took: 4.43s
Epoch 13, 80.9%	 loss: 2.021 acc@1: 44.53 mrr: 61.87, ndcg: 68.22, took: 4.42s
Epoch 13, 83.0%	 loss: 2.050 acc@1: 42.66 mrr: 60.86, ndcg: 67.40, took: 4.41s
Epoch 13, 85.1%	 loss: 2.011 acc@1: 43.28 mrr: 61.50, ndcg: 67.95, took: 4.41s
Epoch 13, 87.2%	 loss: 1.989 acc@1: 43.98 mrr: 61.73, ndcg: 68.17, took: 4.56s
Epoch 13, 89.4%	 loss: 2.003 acc@1: 44.88 mrr: 62.17, ndcg: 68.47, took: 4.34s
Epoch 13, 91.5%	 loss: 2.055 acc@1: 42.11 mrr: 60.70, ndcg: 67.33, took: 4.46s
Epoch 13, 93.6%	 loss: 2.044 acc@1: 43.79 mrr: 61.37, ndcg: 67.72, took: 4.59s
Epoch 13, 95.7%	 loss: 1.923 acc@1: 43.09 mrr: 62.02, ndcg: 68.85, took: 4.24s
Epoch 13, 97.9%	 loss: 2.009 acc@1: 44.80 mrr: 62.20, ndcg: 68.49, took: 4.11s
Epoch 13, 100.0%	 loss: 1.940 acc@1: 45.23 mrr: 62.88, ndcg: 69.33, took: 4.18s
Validation - loss: 2.9777, acc@1: 41.39%, f1: 33.22%, mrr: 57.54%, ndcg: 63.37%
Current learning rate: 0.000079

=== Epoch 14 ===
Epoch 14, 2.1%	 loss: 1.997 acc@1: 45.43 mrr: 62.42, ndcg: 68.63, took: 4.48s
Epoch 14, 4.3%	 loss: 2.013 acc@1: 44.61 mrr: 61.85, ndcg: 68.15, took: 4.52s
Epoch 14, 6.4%	 loss: 2.057 acc@1: 44.10 mrr: 61.49, ndcg: 67.86, took: 4.33s
Epoch 14, 8.5%	 loss: 1.994 acc@1: 44.92 mrr: 62.49, ndcg: 68.77, took: 4.46s
Epoch 14, 10.6%	 loss: 1.950 acc@1: 44.69 mrr: 62.46, ndcg: 68.98, took: 4.50s
Epoch 14, 12.8%	 loss: 2.025 acc@1: 43.16 mrr: 61.11, ndcg: 67.79, took: 4.25s
Epoch 14, 14.9%	 loss: 2.069 acc@1: 43.52 mrr: 61.04, ndcg: 67.47, took: 4.41s
Epoch 14, 17.0%	 loss: 2.042 acc@1: 42.46 mrr: 60.92, ndcg: 67.35, took: 4.51s
Epoch 14, 19.1%	 loss: 2.030 acc@1: 43.24 mrr: 61.16, ndcg: 67.67, took: 4.37s
Epoch 14, 21.3%	 loss: 2.079 acc@1: 43.32 mrr: 60.75, ndcg: 67.05, took: 4.45s
Epoch 14, 23.4%	 loss: 1.985 acc@1: 43.32 mrr: 61.49, ndcg: 68.12, took: 4.60s
Epoch 14, 25.5%	 loss: 1.972 acc@1: 45.98 mrr: 62.81, ndcg: 69.09, took: 4.53s
Epoch 14, 27.7%	 loss: 2.045 acc@1: 41.99 mrr: 60.55, ndcg: 67.18, took: 4.49s
Epoch 14, 29.8%	 loss: 1.977 acc@1: 44.53 mrr: 62.37, ndcg: 68.73, took: 4.46s
Epoch 14, 31.9%	 loss: 1.992 acc@1: 44.38 mrr: 62.16, ndcg: 68.59, took: 4.65s
Epoch 14, 34.0%	 loss: 2.034 acc@1: 43.63 mrr: 61.19, ndcg: 67.61, took: 4.45s
Epoch 14, 36.2%	 loss: 1.995 acc@1: 45.12 mrr: 62.39, ndcg: 68.71, took: 4.55s
Epoch 14, 38.3%	 loss: 1.972 acc@1: 44.10 mrr: 62.15, ndcg: 68.69, took: 4.56s
Epoch 14, 40.4%	 loss: 2.009 acc@1: 44.41 mrr: 61.85, ndcg: 68.23, took: 4.45s
Epoch 14, 42.6%	 loss: 1.959 acc@1: 44.73 mrr: 62.34, ndcg: 68.65, took: 4.53s
Epoch 14, 44.7%	 loss: 1.991 acc@1: 44.45 mrr: 62.06, ndcg: 68.33, took: 4.61s
Epoch 14, 46.8%	 loss: 1.991 acc@1: 45.00 mrr: 62.18, ndcg: 68.45, took: 4.36s
Epoch 14, 48.9%	 loss: 1.949 acc@1: 44.49 mrr: 62.38, ndcg: 68.83, took: 4.60s
Epoch 14, 51.1%	 loss: 2.099 acc@1: 41.99 mrr: 60.07, ndcg: 66.47, took: 4.54s
Epoch 14, 53.2%	 loss: 1.897 acc@1: 44.92 mrr: 62.94, ndcg: 69.40, took: 4.64s
Epoch 14, 55.3%	 loss: 1.961 acc@1: 44.57 mrr: 62.52, ndcg: 68.89, took: 4.32s
Epoch 14, 57.4%	 loss: 1.993 acc@1: 43.59 mrr: 61.46, ndcg: 67.89, took: 4.32s
Epoch 14, 59.6%	 loss: 1.988 acc@1: 46.13 mrr: 62.83, ndcg: 68.90, took: 4.35s
Epoch 14, 61.7%	 loss: 1.912 acc@1: 45.31 mrr: 63.18, ndcg: 69.70, took: 4.53s
Epoch 14, 63.8%	 loss: 2.035 acc@1: 44.38 mrr: 61.50, ndcg: 67.96, took: 4.60s
Epoch 14, 66.0%	 loss: 2.036 acc@1: 42.73 mrr: 60.91, ndcg: 67.42, took: 4.52s
Epoch 14, 68.1%	 loss: 1.983 acc@1: 45.00 mrr: 62.64, ndcg: 68.91, took: 4.35s
Epoch 14, 70.2%	 loss: 2.021 acc@1: 44.73 mrr: 61.92, ndcg: 68.26, took: 4.48s
Epoch 14, 72.3%	 loss: 1.990 acc@1: 43.95 mrr: 61.89, ndcg: 68.26, took: 4.54s
Epoch 14, 74.5%	 loss: 2.018 acc@1: 44.53 mrr: 61.84, ndcg: 68.11, took: 4.62s
Epoch 14, 76.6%	 loss: 2.008 acc@1: 43.75 mrr: 61.60, ndcg: 68.16, took: 4.45s
Epoch 14, 78.7%	 loss: 1.942 acc@1: 45.78 mrr: 63.08, ndcg: 69.37, took: 4.91s
Epoch 14, 80.9%	 loss: 2.012 acc@1: 45.04 mrr: 62.18, ndcg: 68.45, took: 4.50s
Epoch 14, 83.0%	 loss: 2.013 acc@1: 44.45 mrr: 61.77, ndcg: 68.05, took: 4.36s
Epoch 14, 85.1%	 loss: 1.967 acc@1: 43.67 mrr: 61.68, ndcg: 68.41, took: 4.54s
Epoch 14, 87.2%	 loss: 1.980 acc@1: 45.16 mrr: 62.34, ndcg: 68.71, took: 4.42s
Epoch 14, 89.4%	 loss: 1.963 acc@1: 43.75 mrr: 62.06, ndcg: 68.51, took: 4.65s
Epoch 14, 91.5%	 loss: 1.952 acc@1: 45.47 mrr: 62.72, ndcg: 69.01, took: 4.30s
Epoch 14, 93.6%	 loss: 2.024 acc@1: 43.05 mrr: 61.34, ndcg: 67.69, took: 4.37s
Epoch 14, 95.7%	 loss: 1.950 acc@1: 45.31 mrr: 62.87, ndcg: 69.12, took: 4.43s
Epoch 14, 97.9%	 loss: 2.006 acc@1: 44.10 mrr: 61.76, ndcg: 68.19, took: 4.43s
Epoch 14, 100.0%	 loss: 2.033 acc@1: 43.98 mrr: 61.55, ndcg: 68.04, took: 4.46s
Validation - loss: 2.9758, acc@1: 41.58%, f1: 33.39%, mrr: 57.63%, ndcg: 63.41%
Current learning rate: 0.000079

=== Epoch 15 ===
Epoch 15, 2.1%	 loss: 2.020 acc@1: 43.12 mrr: 61.06, ndcg: 67.42, took: 4.39s
Epoch 15, 4.3%	 loss: 1.941 acc@1: 44.84 mrr: 62.67, ndcg: 69.04, took: 4.19s
Epoch 15, 6.4%	 loss: 1.909 acc@1: 45.43 mrr: 63.24, ndcg: 69.82, took: 3.92s
Epoch 15, 8.5%	 loss: 2.024 acc@1: 42.23 mrr: 60.48, ndcg: 67.26, took: 3.89s
Epoch 15, 10.6%	 loss: 1.958 acc@1: 45.16 mrr: 62.51, ndcg: 68.86, took: 4.00s
Epoch 15, 12.8%	 loss: 2.031 acc@1: 44.80 mrr: 61.87, ndcg: 68.05, took: 3.90s
Epoch 15, 14.9%	 loss: 2.018 acc@1: 43.44 mrr: 61.45, ndcg: 67.94, took: 3.97s
Epoch 15, 17.0%	 loss: 2.009 acc@1: 43.87 mrr: 61.55, ndcg: 67.92, took: 3.83s
Epoch 15, 19.1%	 loss: 1.929 acc@1: 45.08 mrr: 62.79, ndcg: 69.40, took: 4.08s
Epoch 15, 21.3%	 loss: 1.965 acc@1: 44.84 mrr: 62.37, ndcg: 68.71, took: 3.83s
Epoch 15, 23.4%	 loss: 1.989 acc@1: 44.53 mrr: 62.22, ndcg: 68.62, took: 4.11s
Epoch 15, 25.5%	 loss: 1.990 acc@1: 43.67 mrr: 61.77, ndcg: 68.15, took: 3.85s
Epoch 15, 27.7%	 loss: 1.981 acc@1: 44.61 mrr: 62.26, ndcg: 68.63, took: 3.77s
Epoch 15, 29.8%	 loss: 1.995 acc@1: 44.61 mrr: 61.86, ndcg: 68.18, took: 3.71s
Epoch 15, 31.9%	 loss: 2.015 acc@1: 44.14 mrr: 61.85, ndcg: 68.26, took: 3.88s
Epoch 15, 34.0%	 loss: 1.939 acc@1: 43.95 mrr: 62.05, ndcg: 68.68, took: 3.76s
Epoch 15, 36.2%	 loss: 1.994 acc@1: 44.84 mrr: 62.22, ndcg: 68.68, took: 4.06s
Epoch 15, 38.3%	 loss: 1.926 acc@1: 45.20 mrr: 62.98, ndcg: 69.46, took: 3.96s
Epoch 15, 40.4%	 loss: 1.947 acc@1: 43.16 mrr: 61.70, ndcg: 68.27, took: 3.94s
Epoch 15, 42.6%	 loss: 1.960 acc@1: 44.41 mrr: 62.07, ndcg: 68.48, took: 3.94s
Epoch 15, 44.7%	 loss: 1.959 acc@1: 43.87 mrr: 62.02, ndcg: 68.68, took: 3.66s
Epoch 15, 46.8%	 loss: 1.936 acc@1: 44.49 mrr: 62.52, ndcg: 69.07, took: 3.76s
Epoch 15, 48.9%	 loss: 1.984 acc@1: 43.52 mrr: 61.61, ndcg: 68.34, took: 4.35s
Epoch 15, 51.1%	 loss: 1.991 acc@1: 42.58 mrr: 61.11, ndcg: 67.72, took: 4.15s
Epoch 15, 53.2%	 loss: 1.975 acc@1: 43.32 mrr: 61.79, ndcg: 68.39, took: 4.24s
Epoch 15, 55.3%	 loss: 2.013 acc@1: 43.48 mrr: 61.52, ndcg: 68.03, took: 4.31s
Epoch 15, 57.4%	 loss: 2.003 acc@1: 43.67 mrr: 61.62, ndcg: 68.00, took: 4.29s
Epoch 15, 59.6%	 loss: 2.023 acc@1: 43.87 mrr: 61.53, ndcg: 67.94, took: 4.34s
Epoch 15, 61.7%	 loss: 2.089 acc@1: 43.87 mrr: 61.00, ndcg: 67.30, took: 4.44s
Epoch 15, 63.8%	 loss: 1.988 acc@1: 44.49 mrr: 62.10, ndcg: 68.47, took: 4.04s
Epoch 15, 66.0%	 loss: 2.033 acc@1: 43.67 mrr: 61.18, ndcg: 67.69, took: 4.27s
Epoch 15, 68.1%	 loss: 1.959 acc@1: 44.92 mrr: 62.50, ndcg: 68.99, took: 4.30s
Epoch 15, 70.2%	 loss: 1.969 acc@1: 43.67 mrr: 61.78, ndcg: 68.32, took: 4.22s
Epoch 15, 72.3%	 loss: 1.985 acc@1: 44.30 mrr: 62.02, ndcg: 68.45, took: 4.26s
Epoch 15, 74.5%	 loss: 1.982 acc@1: 44.41 mrr: 62.19, ndcg: 68.60, took: 4.27s
Epoch 15, 76.6%	 loss: 2.068 acc@1: 42.81 mrr: 60.40, ndcg: 67.10, took: 4.37s
Epoch 15, 78.7%	 loss: 1.969 acc@1: 44.84 mrr: 62.43, ndcg: 68.82, took: 4.25s
Epoch 15, 80.9%	 loss: 2.051 acc@1: 42.77 mrr: 61.11, ndcg: 67.55, took: 4.35s
Epoch 15, 83.0%	 loss: 1.951 acc@1: 44.06 mrr: 62.04, ndcg: 68.56, took: 4.12s
Epoch 15, 85.1%	 loss: 2.033 acc@1: 43.75 mrr: 61.23, ndcg: 67.60, took: 4.17s
Epoch 15, 87.2%	 loss: 2.029 acc@1: 43.91 mrr: 61.34, ndcg: 67.75, took: 4.31s
Epoch 15, 89.4%	 loss: 2.034 acc@1: 43.67 mrr: 61.28, ndcg: 67.66, took: 4.35s
Epoch 15, 91.5%	 loss: 1.966 acc@1: 44.73 mrr: 62.43, ndcg: 68.83, took: 4.28s
Epoch 15, 93.6%	 loss: 1.985 acc@1: 44.18 mrr: 62.12, ndcg: 68.57, took: 4.47s
Epoch 15, 95.7%	 loss: 1.964 acc@1: 44.38 mrr: 62.11, ndcg: 68.44, took: 4.37s
Epoch 15, 97.9%	 loss: 2.042 acc@1: 43.91 mrr: 61.38, ndcg: 67.77, took: 4.40s
Epoch 15, 100.0%	 loss: 1.991 acc@1: 44.41 mrr: 62.22, ndcg: 68.66, took: 4.36s
Validation - loss: 2.9773, acc@1: 41.50%, f1: 33.37%, mrr: 57.64%, ndcg: 63.45%
Current learning rate: 0.000079

=== Epoch 16 ===
Epoch 16, 2.1%	 loss: 1.990 acc@1: 44.10 mrr: 61.62, ndcg: 68.12, took: 4.12s
Epoch 16, 4.3%	 loss: 2.030 acc@1: 42.81 mrr: 60.84, ndcg: 67.40, took: 4.46s
Epoch 16, 6.4%	 loss: 1.942 acc@1: 44.10 mrr: 62.28, ndcg: 68.80, took: 4.47s
Epoch 16, 8.5%	 loss: 2.005 acc@1: 44.53 mrr: 62.11, ndcg: 68.48, took: 4.25s
Epoch 16, 10.6%	 loss: 1.953 acc@1: 45.62 mrr: 62.78, ndcg: 69.19, took: 4.20s
Epoch 16, 12.8%	 loss: 1.970 acc@1: 44.88 mrr: 62.39, ndcg: 68.61, took: 4.03s
Epoch 16, 14.9%	 loss: 1.903 acc@1: 46.05 mrr: 63.65, ndcg: 70.03, took: 4.01s
Epoch 16, 17.0%	 loss: 1.942 acc@1: 45.59 mrr: 62.85, ndcg: 69.15, took: 4.26s
Epoch 16, 19.1%	 loss: 2.063 acc@1: 43.67 mrr: 61.00, ndcg: 67.15, took: 4.12s
Epoch 16, 21.3%	 loss: 1.928 acc@1: 44.80 mrr: 62.74, ndcg: 69.30, took: 4.18s
Epoch 16, 23.4%	 loss: 2.086 acc@1: 41.02 mrr: 59.60, ndcg: 66.44, took: 4.25s
Epoch 16, 25.5%	 loss: 1.965 acc@1: 43.87 mrr: 62.00, ndcg: 68.50, took: 4.36s
Epoch 16, 27.7%	 loss: 1.943 acc@1: 46.33 mrr: 63.35, ndcg: 69.58, took: 4.30s
Epoch 16, 29.8%	 loss: 1.983 acc@1: 46.09 mrr: 62.94, ndcg: 69.18, took: 4.26s
Epoch 16, 31.9%	 loss: 1.991 acc@1: 44.96 mrr: 62.25, ndcg: 68.38, took: 4.34s
Epoch 16, 34.0%	 loss: 1.960 acc@1: 46.09 mrr: 63.04, ndcg: 69.20, took: 4.35s
Epoch 16, 36.2%	 loss: 1.984 acc@1: 45.27 mrr: 62.41, ndcg: 68.83, took: 4.25s
Epoch 16, 38.3%	 loss: 1.995 acc@1: 43.71 mrr: 61.54, ndcg: 68.02, took: 4.32s
Epoch 16, 40.4%	 loss: 1.997 acc@1: 43.67 mrr: 61.68, ndcg: 68.11, took: 4.25s
Epoch 16, 42.6%	 loss: 1.958 acc@1: 44.45 mrr: 62.40, ndcg: 68.85, took: 4.26s
Epoch 16, 44.7%	 loss: 1.983 acc@1: 43.40 mrr: 61.55, ndcg: 68.06, took: 4.02s
Epoch 16, 46.8%	 loss: 1.994 acc@1: 44.73 mrr: 62.22, ndcg: 68.57, took: 4.28s
Epoch 16, 48.9%	 loss: 2.005 acc@1: 43.09 mrr: 61.27, ndcg: 67.85, took: 4.23s
Epoch 16, 51.1%	 loss: 2.023 acc@1: 43.01 mrr: 61.01, ndcg: 67.64, took: 4.31s
Epoch 16, 53.2%	 loss: 1.993 acc@1: 43.67 mrr: 61.76, ndcg: 68.28, took: 4.24s
Epoch 16, 55.3%	 loss: 1.992 acc@1: 43.09 mrr: 61.29, ndcg: 67.90, took: 4.44s
Epoch 16, 57.4%	 loss: 1.965 acc@1: 44.88 mrr: 62.43, ndcg: 68.93, took: 4.31s
Epoch 16, 59.6%	 loss: 1.901 acc@1: 45.66 mrr: 63.14, ndcg: 69.49, took: 4.25s
Epoch 16, 61.7%	 loss: 1.943 acc@1: 43.24 mrr: 61.85, ndcg: 68.53, took: 4.17s
Epoch 16, 63.8%	 loss: 1.982 acc@1: 44.61 mrr: 62.30, ndcg: 68.71, took: 4.35s
Epoch 16, 66.0%	 loss: 2.017 acc@1: 44.26 mrr: 61.83, ndcg: 68.38, took: 4.33s
Epoch 16, 68.1%	 loss: 1.996 acc@1: 43.48 mrr: 61.53, ndcg: 67.97, took: 4.25s
Epoch 16, 70.2%	 loss: 1.992 acc@1: 43.83 mrr: 61.58, ndcg: 68.05, took: 4.09s
Epoch 16, 72.3%	 loss: 2.006 acc@1: 44.69 mrr: 61.81, ndcg: 68.05, took: 4.11s
Epoch 16, 74.5%	 loss: 2.022 acc@1: 44.84 mrr: 62.06, ndcg: 68.37, took: 4.18s
Epoch 16, 76.6%	 loss: 2.003 acc@1: 43.05 mrr: 61.21, ndcg: 67.79, took: 3.99s
Epoch 16, 78.7%	 loss: 1.982 acc@1: 43.28 mrr: 61.59, ndcg: 68.25, took: 3.96s
Epoch 16, 80.9%	 loss: 2.049 acc@1: 41.25 mrr: 60.08, ndcg: 66.83, took: 4.38s
Epoch 16, 83.0%	 loss: 1.929 acc@1: 45.08 mrr: 62.88, ndcg: 69.50, took: 3.93s
Epoch 16, 85.1%	 loss: 2.027 acc@1: 43.09 mrr: 61.00, ndcg: 67.66, took: 4.24s
Epoch 16, 87.2%	 loss: 1.982 acc@1: 42.89 mrr: 61.12, ndcg: 67.85, took: 4.07s
Epoch 16, 89.4%	 loss: 2.011 acc@1: 43.91 mrr: 61.42, ndcg: 67.67, took: 4.33s
Epoch 16, 91.5%	 loss: 2.002 acc@1: 43.91 mrr: 61.76, ndcg: 68.23, took: 4.07s
Epoch 16, 93.6%	 loss: 1.948 acc@1: 44.22 mrr: 62.19, ndcg: 68.69, took: 4.36s
Epoch 16, 95.7%	 loss: 1.963 acc@1: 45.59 mrr: 62.65, ndcg: 68.97, took: 4.27s
Epoch 16, 97.9%	 loss: 1.938 acc@1: 46.05 mrr: 62.98, ndcg: 69.13, took: 4.26s
Epoch 16, 100.0%	 loss: 1.929 acc@1: 44.88 mrr: 62.73, ndcg: 69.18, took: 4.19s
Validation - loss: 2.9824, acc@1: 41.44%, f1: 32.34%, mrr: 57.60%, ndcg: 63.43%
Current learning rate: 0.000079

=== Epoch 17 ===
Epoch 17, 2.1%	 loss: 1.968 acc@1: 44.41 mrr: 62.22, ndcg: 68.63, took: 4.24s
Epoch 17, 4.3%	 loss: 2.006 acc@1: 42.62 mrr: 61.01, ndcg: 67.82, took: 4.25s
Epoch 17, 6.4%	 loss: 1.966 acc@1: 45.78 mrr: 62.86, ndcg: 69.09, took: 4.18s
Epoch 17, 8.5%	 loss: 1.908 acc@1: 44.96 mrr: 63.08, ndcg: 69.48, took: 4.39s
Epoch 17, 10.6%	 loss: 1.977 acc@1: 44.30 mrr: 61.99, ndcg: 68.49, took: 4.37s
Epoch 17, 12.8%	 loss: 1.945 acc@1: 45.74 mrr: 63.15, ndcg: 69.57, took: 4.23s
Epoch 17, 14.9%	 loss: 1.957 acc@1: 44.22 mrr: 62.06, ndcg: 68.53, took: 4.31s
Epoch 17, 17.0%	 loss: 2.012 acc@1: 42.70 mrr: 60.79, ndcg: 67.43, took: 4.15s
Epoch 17, 19.1%	 loss: 1.959 acc@1: 43.98 mrr: 62.09, ndcg: 68.50, took: 4.37s
Epoch 17, 21.3%	 loss: 1.951 acc@1: 43.71 mrr: 62.03, ndcg: 68.64, took: 4.43s
Epoch 17, 23.4%	 loss: 1.965 acc@1: 44.26 mrr: 61.97, ndcg: 68.48, took: 4.34s
Epoch 17, 25.5%	 loss: 1.945 acc@1: 43.95 mrr: 62.12, ndcg: 68.64, took: 4.38s
Epoch 17, 27.7%	 loss: 1.980 acc@1: 44.02 mrr: 61.71, ndcg: 68.25, took: 4.32s
Epoch 17, 29.8%	 loss: 1.904 acc@1: 45.23 mrr: 63.08, ndcg: 69.61, took: 4.33s
Epoch 17, 31.9%	 loss: 1.973 acc@1: 43.71 mrr: 61.89, ndcg: 68.33, took: 4.28s
Epoch 17, 34.0%	 loss: 1.952 acc@1: 45.08 mrr: 62.67, ndcg: 68.96, took: 4.19s
Epoch 17, 36.2%	 loss: 1.953 acc@1: 44.22 mrr: 62.18, ndcg: 68.82, took: 4.36s
Epoch 17, 38.3%	 loss: 1.890 acc@1: 46.33 mrr: 63.60, ndcg: 70.09, took: 4.28s
Epoch 17, 40.4%	 loss: 1.994 acc@1: 43.48 mrr: 61.49, ndcg: 68.01, took: 4.26s
Epoch 17, 42.6%	 loss: 1.991 acc@1: 43.28 mrr: 61.55, ndcg: 68.20, took: 4.07s
Epoch 17, 44.7%	 loss: 1.995 acc@1: 43.91 mrr: 61.68, ndcg: 68.11, took: 4.04s
Epoch 17, 46.8%	 loss: 2.046 acc@1: 43.16 mrr: 60.84, ndcg: 67.27, took: 4.28s
Epoch 17, 48.9%	 loss: 2.010 acc@1: 44.26 mrr: 61.80, ndcg: 68.02, took: 4.31s
Epoch 17, 51.1%	 loss: 1.968 acc@1: 45.08 mrr: 62.42, ndcg: 68.79, took: 4.04s
Epoch 17, 53.2%	 loss: 2.039 acc@1: 42.23 mrr: 60.63, ndcg: 67.19, took: 4.32s
Epoch 17, 55.3%	 loss: 2.035 acc@1: 43.63 mrr: 61.28, ndcg: 67.71, took: 4.29s
Epoch 17, 57.4%	 loss: 1.937 acc@1: 44.53 mrr: 62.45, ndcg: 69.00, took: 4.44s
Epoch 17, 59.6%	 loss: 1.991 acc@1: 45.16 mrr: 62.36, ndcg: 68.59, took: 4.06s
Epoch 17, 61.7%	 loss: 1.983 acc@1: 43.91 mrr: 61.50, ndcg: 68.08, took: 4.47s
Epoch 17, 63.8%	 loss: 2.026 acc@1: 42.42 mrr: 60.77, ndcg: 67.31, took: 4.32s
Epoch 17, 66.0%	 loss: 1.993 acc@1: 43.79 mrr: 61.60, ndcg: 68.30, took: 4.41s
Epoch 17, 68.1%	 loss: 1.945 acc@1: 44.92 mrr: 62.54, ndcg: 68.92, took: 4.05s
Epoch 17, 70.2%	 loss: 2.013 acc@1: 44.41 mrr: 61.65, ndcg: 67.99, took: 4.41s
Epoch 17, 72.3%	 loss: 1.959 acc@1: 43.36 mrr: 61.80, ndcg: 68.55, took: 4.36s
Epoch 17, 74.5%	 loss: 2.008 acc@1: 44.65 mrr: 61.88, ndcg: 68.25, took: 4.45s
Epoch 17, 76.6%	 loss: 1.955 acc@1: 45.12 mrr: 62.42, ndcg: 68.71, took: 4.23s
Epoch 17, 78.7%	 loss: 1.934 acc@1: 45.55 mrr: 63.06, ndcg: 69.35, took: 4.21s
Epoch 17, 80.9%	 loss: 2.050 acc@1: 43.28 mrr: 60.86, ndcg: 67.19, took: 4.33s
Epoch 17, 83.0%	 loss: 1.948 acc@1: 44.57 mrr: 62.54, ndcg: 69.01, took: 4.46s
Epoch 17, 85.1%	 loss: 1.949 acc@1: 45.86 mrr: 63.10, ndcg: 69.28, took: 4.44s
Epoch 17, 87.2%	 loss: 1.967 acc@1: 44.38 mrr: 62.45, ndcg: 68.90, took: 4.41s
Epoch 17, 89.4%	 loss: 1.938 acc@1: 45.12 mrr: 62.92, ndcg: 69.27, took: 4.27s
Epoch 17, 91.5%	 loss: 2.046 acc@1: 42.89 mrr: 60.97, ndcg: 67.44, took: 4.25s
Epoch 17, 93.6%	 loss: 1.968 acc@1: 44.41 mrr: 62.11, ndcg: 68.46, took: 4.13s
Epoch 17, 95.7%	 loss: 1.967 acc@1: 44.69 mrr: 62.23, ndcg: 68.57, took: 4.30s
Epoch 17, 97.9%	 loss: 2.002 acc@1: 42.30 mrr: 60.82, ndcg: 67.70, took: 4.27s
Epoch 17, 100.0%	 loss: 2.041 acc@1: 42.66 mrr: 60.68, ndcg: 67.33, took: 4.34s
Validation - loss: 2.9803, acc@1: 41.44%, f1: 33.40%, mrr: 57.53%, ndcg: 63.38%
Current learning rate: 0.000079

=== Epoch 18 ===
Epoch 18, 2.1%	 loss: 1.927 acc@1: 44.18 mrr: 62.21, ndcg: 68.86, took: 4.37s
Epoch 18, 4.3%	 loss: 1.939 acc@1: 44.88 mrr: 62.51, ndcg: 68.76, took: 4.34s
Epoch 18, 6.4%	 loss: 1.990 acc@1: 45.08 mrr: 62.38, ndcg: 68.62, took: 4.24s
Epoch 18, 8.5%	 loss: 1.938 acc@1: 43.95 mrr: 62.09, ndcg: 68.78, took: 4.32s
Epoch 18, 10.6%	 loss: 1.954 acc@1: 44.14 mrr: 62.12, ndcg: 68.84, took: 4.48s
Epoch 18, 12.8%	 loss: 1.967 acc@1: 45.35 mrr: 62.64, ndcg: 68.90, took: 4.59s
Epoch 18, 14.9%	 loss: 2.003 acc@1: 43.95 mrr: 61.57, ndcg: 68.05, took: 4.42s
Epoch 18, 17.0%	 loss: 1.950 acc@1: 45.31 mrr: 62.82, ndcg: 69.17, took: 4.12s
Epoch 18, 19.1%	 loss: 1.947 acc@1: 45.51 mrr: 62.76, ndcg: 69.01, took: 4.32s
Epoch 18, 21.3%	 loss: 2.015 acc@1: 43.75 mrr: 61.35, ndcg: 67.70, took: 4.26s
Epoch 18, 23.4%	 loss: 1.888 acc@1: 45.23 mrr: 63.02, ndcg: 69.56, took: 4.13s
Epoch 18, 25.5%	 loss: 1.942 acc@1: 44.02 mrr: 61.84, ndcg: 68.55, took: 3.68s
Epoch 18, 27.7%	 loss: 1.942 acc@1: 44.77 mrr: 62.61, ndcg: 69.14, took: 3.76s
Epoch 18, 29.8%	 loss: 1.962 acc@1: 45.47 mrr: 62.74, ndcg: 69.13, took: 3.94s
Epoch 18, 31.9%	 loss: 1.940 acc@1: 46.21 mrr: 63.37, ndcg: 69.42, took: 3.96s
Epoch 18, 34.0%	 loss: 1.968 acc@1: 42.58 mrr: 61.25, ndcg: 67.98, took: 4.01s
Epoch 18, 36.2%	 loss: 2.022 acc@1: 44.22 mrr: 61.75, ndcg: 67.98, took: 3.92s
Epoch 18, 38.3%	 loss: 2.018 acc@1: 44.41 mrr: 61.78, ndcg: 68.08, took: 3.87s
Epoch 18, 40.4%	 loss: 1.921 acc@1: 43.44 mrr: 62.11, ndcg: 68.79, took: 3.72s
Epoch 18, 42.6%	 loss: 1.927 acc@1: 45.59 mrr: 63.12, ndcg: 69.47, took: 3.75s
Epoch 18, 44.7%	 loss: 1.986 acc@1: 44.26 mrr: 62.22, ndcg: 68.52, took: 3.86s
Epoch 18, 46.8%	 loss: 1.969 acc@1: 43.63 mrr: 61.73, ndcg: 68.32, took: 3.94s
Epoch 18, 48.9%	 loss: 1.932 acc@1: 45.04 mrr: 62.60, ndcg: 69.12, took: 3.91s
Epoch 18, 51.1%	 loss: 1.885 acc@1: 44.69 mrr: 62.93, ndcg: 69.66, took: 3.79s
Epoch 18, 53.2%	 loss: 2.030 acc@1: 42.97 mrr: 61.00, ndcg: 67.45, took: 3.87s
Epoch 18, 55.3%	 loss: 2.027 acc@1: 42.54 mrr: 60.83, ndcg: 67.58, took: 4.00s
Epoch 18, 57.4%	 loss: 1.915 acc@1: 45.78 mrr: 63.32, ndcg: 69.60, took: 3.97s
Epoch 18, 59.6%	 loss: 2.018 acc@1: 42.70 mrr: 61.00, ndcg: 67.61, took: 3.67s
Epoch 18, 61.7%	 loss: 1.991 acc@1: 43.36 mrr: 61.48, ndcg: 68.23, took: 3.81s
Epoch 18, 63.8%	 loss: 2.012 acc@1: 42.54 mrr: 60.60, ndcg: 67.27, took: 4.15s
Epoch 18, 66.0%	 loss: 1.950 acc@1: 45.27 mrr: 62.73, ndcg: 69.18, took: 4.26s
Epoch 18, 68.1%	 loss: 1.968 acc@1: 43.71 mrr: 61.76, ndcg: 68.30, took: 4.43s
Epoch 18, 70.2%	 loss: 2.059 acc@1: 42.66 mrr: 60.67, ndcg: 67.30, took: 4.35s
Epoch 18, 72.3%	 loss: 2.051 acc@1: 42.03 mrr: 60.43, ndcg: 67.12, took: 4.20s
Epoch 18, 74.5%	 loss: 1.995 acc@1: 43.79 mrr: 61.80, ndcg: 68.22, took: 4.43s
Epoch 18, 76.6%	 loss: 1.933 acc@1: 44.41 mrr: 62.45, ndcg: 68.98, took: 4.34s
Epoch 18, 78.7%	 loss: 2.044 acc@1: 41.33 mrr: 59.86, ndcg: 66.59, took: 4.22s
Epoch 18, 80.9%	 loss: 1.980 acc@1: 43.79 mrr: 61.83, ndcg: 68.29, took: 4.33s
Epoch 18, 83.0%	 loss: 2.019 acc@1: 43.52 mrr: 61.39, ndcg: 67.89, took: 4.18s
Epoch 18, 85.1%	 loss: 1.984 acc@1: 42.89 mrr: 61.39, ndcg: 67.98, took: 3.96s
Epoch 18, 87.2%	 loss: 1.973 acc@1: 43.59 mrr: 61.81, ndcg: 68.32, took: 3.60s
Epoch 18, 89.4%	 loss: 1.945 acc@1: 44.38 mrr: 62.46, ndcg: 68.95, took: 3.79s
Epoch 18, 91.5%	 loss: 1.975 acc@1: 45.78 mrr: 62.78, ndcg: 68.97, took: 3.85s
Epoch 18, 93.6%	 loss: 1.928 acc@1: 45.16 mrr: 62.85, ndcg: 69.20, took: 3.66s
Epoch 18, 95.7%	 loss: 1.947 acc@1: 45.23 mrr: 62.69, ndcg: 69.00, took: 3.58s
Epoch 18, 97.9%	 loss: 1.975 acc@1: 44.57 mrr: 62.02, ndcg: 68.34, took: 3.52s
Epoch 18, 100.0%	 loss: 1.960 acc@1: 44.65 mrr: 62.32, ndcg: 68.70, took: 3.59s
Validation - loss: 2.9810, acc@1: 41.37%, f1: 33.29%, mrr: 57.52%, ndcg: 63.36%
Current learning rate: 0.000079

=== Epoch 19 ===
Epoch 19, 2.1%	 loss: 1.944 acc@1: 43.28 mrr: 61.70, ndcg: 68.42, took: 4.27s
Epoch 19, 4.3%	 loss: 1.926 acc@1: 45.70 mrr: 63.29, ndcg: 69.72, took: 3.79s
Epoch 19, 6.4%	 loss: 1.934 acc@1: 44.80 mrr: 62.62, ndcg: 69.00, took: 3.80s
Epoch 19, 8.5%	 loss: 2.011 acc@1: 43.48 mrr: 61.50, ndcg: 68.03, took: 3.56s
Epoch 19, 10.6%	 loss: 2.008 acc@1: 43.32 mrr: 61.24, ndcg: 67.73, took: 3.60s
Epoch 19, 12.8%	 loss: 1.985 acc@1: 43.12 mrr: 61.25, ndcg: 67.87, took: 3.71s
Epoch 19, 14.9%	 loss: 1.938 acc@1: 44.22 mrr: 62.13, ndcg: 68.88, took: 3.87s
Epoch 19, 17.0%	 loss: 1.977 acc@1: 44.61 mrr: 62.21, ndcg: 68.80, took: 3.66s
Epoch 19, 19.1%	 loss: 1.993 acc@1: 44.30 mrr: 62.10, ndcg: 68.56, took: 3.68s
Epoch 19, 21.3%	 loss: 1.969 acc@1: 43.75 mrr: 62.00, ndcg: 68.62, took: 3.71s
Epoch 19, 23.4%	 loss: 1.950 acc@1: 44.34 mrr: 62.20, ndcg: 68.59, took: 4.34s
Epoch 19, 25.5%	 loss: 1.965 acc@1: 43.79 mrr: 61.66, ndcg: 68.40, took: 4.25s
Epoch 19, 27.7%	 loss: 1.903 acc@1: 46.21 mrr: 63.46, ndcg: 69.73, took: 4.17s
Epoch 19, 29.8%	 loss: 1.963 acc@1: 44.88 mrr: 62.41, ndcg: 68.71, took: 4.06s
Epoch 19, 31.9%	 loss: 1.916 acc@1: 45.08 mrr: 62.84, ndcg: 69.53, took: 4.04s
Epoch 19, 34.0%	 loss: 1.947 acc@1: 43.87 mrr: 61.76, ndcg: 68.41, took: 3.98s
Epoch 19, 36.2%	 loss: 1.965 acc@1: 44.77 mrr: 61.96, ndcg: 68.45, took: 4.27s
Epoch 19, 38.3%	 loss: 1.985 acc@1: 44.77 mrr: 62.21, ndcg: 68.39, took: 3.98s
Epoch 19, 40.4%	 loss: 1.913 acc@1: 46.33 mrr: 63.29, ndcg: 69.44, took: 3.76s
Epoch 19, 42.6%	 loss: 1.958 acc@1: 43.95 mrr: 62.03, ndcg: 68.68, took: 4.32s
Epoch 19, 44.7%	 loss: 1.928 acc@1: 46.56 mrr: 63.62, ndcg: 69.84, took: 4.19s
Epoch 19, 46.8%	 loss: 1.919 acc@1: 43.98 mrr: 62.39, ndcg: 69.05, took: 4.14s
Epoch 19, 48.9%	 loss: 1.935 acc@1: 44.61 mrr: 62.38, ndcg: 68.90, took: 4.36s
Epoch 19, 51.1%	 loss: 1.954 acc@1: 44.65 mrr: 62.46, ndcg: 68.99, took: 4.22s
Epoch 19, 53.2%	 loss: 2.018 acc@1: 43.71 mrr: 61.54, ndcg: 67.95, took: 4.00s
Epoch 19, 55.3%	 loss: 1.919 acc@1: 45.23 mrr: 62.97, ndcg: 69.48, took: 4.09s
Epoch 19, 57.4%	 loss: 2.003 acc@1: 43.16 mrr: 61.17, ndcg: 67.59, took: 4.04s
Epoch 19, 59.6%	 loss: 1.959 acc@1: 44.45 mrr: 62.23, ndcg: 68.81, took: 4.28s
Epoch 19, 61.7%	 loss: 1.919 acc@1: 45.00 mrr: 62.52, ndcg: 68.95, took: 4.25s
Epoch 19, 63.8%	 loss: 1.961 acc@1: 44.30 mrr: 62.35, ndcg: 68.65, took: 4.19s
Epoch 19, 66.0%	 loss: 1.971 acc@1: 44.57 mrr: 62.26, ndcg: 68.61, took: 4.10s
Epoch 19, 68.1%	 loss: 1.992 acc@1: 43.40 mrr: 61.60, ndcg: 68.09, took: 4.06s
Epoch 19, 70.2%	 loss: 1.984 acc@1: 45.35 mrr: 62.54, ndcg: 68.68, took: 4.22s
Epoch 19, 72.3%	 loss: 1.994 acc@1: 43.32 mrr: 61.47, ndcg: 68.08, took: 4.24s
Epoch 19, 74.5%	 loss: 2.001 acc@1: 43.63 mrr: 61.59, ndcg: 68.09, took: 4.15s
Epoch 19, 76.6%	 loss: 1.931 acc@1: 44.53 mrr: 62.69, ndcg: 69.27, took: 4.13s
Epoch 19, 78.7%	 loss: 1.916 acc@1: 45.20 mrr: 62.92, ndcg: 69.29, took: 4.19s
Epoch 19, 80.9%	 loss: 2.044 acc@1: 43.20 mrr: 60.94, ndcg: 67.32, took: 4.14s
Epoch 19, 83.0%	 loss: 1.970 acc@1: 44.26 mrr: 62.18, ndcg: 68.55, took: 4.16s
Epoch 19, 85.1%	 loss: 1.989 acc@1: 44.26 mrr: 61.79, ndcg: 68.13, took: 4.27s
Epoch 19, 87.2%	 loss: 1.923 acc@1: 45.59 mrr: 63.18, ndcg: 69.53, took: 4.31s
Epoch 19, 89.4%	 loss: 2.019 acc@1: 44.69 mrr: 61.78, ndcg: 67.91, took: 4.31s
Epoch 19, 91.5%	 loss: 1.982 acc@1: 44.14 mrr: 61.82, ndcg: 68.42, took: 4.26s
Epoch 19, 93.6%	 loss: 2.009 acc@1: 43.63 mrr: 61.32, ndcg: 67.68, took: 4.22s
Epoch 19, 95.7%	 loss: 1.976 acc@1: 45.23 mrr: 62.42, ndcg: 68.62, took: 4.09s
Epoch 19, 97.9%	 loss: 2.049 acc@1: 41.60 mrr: 60.20, ndcg: 66.98, took: 4.16s
Epoch 19, 100.0%	 loss: 1.957 acc@1: 44.73 mrr: 62.65, ndcg: 68.93, took: 4.19s
Validation - loss: 2.9861, acc@1: 41.29%, f1: 33.45%, mrr: 57.47%, ndcg: 63.35%
Current learning rate: 0.000008

=== Epoch 20 ===
Epoch 20, 2.1%	 loss: 1.962 acc@1: 44.41 mrr: 62.21, ndcg: 68.51, took: 4.13s
Epoch 20, 4.3%	 loss: 2.018 acc@1: 44.02 mrr: 61.72, ndcg: 68.15, took: 3.88s
Epoch 20, 6.4%	 loss: 2.087 acc@1: 43.09 mrr: 60.67, ndcg: 66.96, took: 4.30s
Epoch 20, 8.5%	 loss: 1.933 acc@1: 46.45 mrr: 63.46, ndcg: 69.67, took: 4.26s
Epoch 20, 10.6%	 loss: 2.028 acc@1: 44.41 mrr: 61.94, ndcg: 68.18, took: 4.17s
Epoch 20, 12.8%	 loss: 2.020 acc@1: 44.53 mrr: 61.92, ndcg: 68.21, took: 4.05s
Epoch 20, 14.9%	 loss: 1.930 acc@1: 45.31 mrr: 62.95, ndcg: 69.33, took: 4.17s
Epoch 20, 17.0%	 loss: 1.994 acc@1: 44.34 mrr: 61.73, ndcg: 68.09, took: 4.38s
Epoch 20, 19.1%	 loss: 1.984 acc@1: 44.38 mrr: 62.06, ndcg: 68.51, took: 4.18s
Epoch 20, 21.3%	 loss: 1.937 acc@1: 44.22 mrr: 62.37, ndcg: 69.02, took: 4.35s
Epoch 20, 23.4%	 loss: 2.005 acc@1: 44.45 mrr: 61.88, ndcg: 68.37, took: 4.11s
Epoch 20, 25.5%	 loss: 2.009 acc@1: 44.14 mrr: 61.74, ndcg: 68.13, took: 4.04s
Epoch 20, 27.7%	 loss: 2.071 acc@1: 42.27 mrr: 60.52, ndcg: 66.98, took: 4.23s
Epoch 20, 29.8%	 loss: 1.903 acc@1: 44.57 mrr: 62.84, ndcg: 69.45, took: 4.23s
Epoch 20, 31.9%	 loss: 1.922 acc@1: 46.13 mrr: 63.53, ndcg: 69.85, took: 4.23s
Epoch 20, 34.0%	 loss: 1.994 acc@1: 44.14 mrr: 61.80, ndcg: 68.24, took: 4.24s
Epoch 20, 36.2%	 loss: 1.990 acc@1: 43.59 mrr: 61.68, ndcg: 68.21, took: 4.03s
Epoch 20, 38.3%	 loss: 1.987 acc@1: 43.63 mrr: 61.71, ndcg: 68.23, took: 4.04s
Epoch 20, 40.4%	 loss: 1.911 acc@1: 45.62 mrr: 63.07, ndcg: 69.43, took: 3.92s
Epoch 20, 42.6%	 loss: 1.956 acc@1: 43.83 mrr: 61.87, ndcg: 68.49, took: 4.27s
Epoch 20, 44.7%	 loss: 1.935 acc@1: 44.26 mrr: 62.32, ndcg: 68.88, took: 4.14s
Epoch 20, 46.8%	 loss: 1.984 acc@1: 45.31 mrr: 62.58, ndcg: 68.59, took: 4.01s
Epoch 20, 48.9%	 loss: 1.943 acc@1: 45.43 mrr: 63.01, ndcg: 69.41, took: 4.04s
Epoch 20, 51.1%	 loss: 1.948 acc@1: 44.65 mrr: 62.13, ndcg: 68.66, took: 3.99s
Epoch 20, 53.2%	 loss: 1.974 acc@1: 43.67 mrr: 61.60, ndcg: 68.34, took: 4.15s
Epoch 20, 55.3%	 loss: 1.942 acc@1: 44.61 mrr: 62.34, ndcg: 68.89, took: 4.15s
Epoch 20, 57.4%	 loss: 1.982 acc@1: 43.59 mrr: 61.82, ndcg: 68.40, took: 4.22s
Epoch 20, 59.6%	 loss: 1.972 acc@1: 44.34 mrr: 61.82, ndcg: 68.31, took: 4.17s
Epoch 20, 61.7%	 loss: 1.910 acc@1: 46.56 mrr: 63.71, ndcg: 69.95, took: 4.28s
Epoch 20, 63.8%	 loss: 2.018 acc@1: 45.00 mrr: 61.96, ndcg: 68.17, took: 4.25s
Epoch 20, 66.0%	 loss: 1.920 acc@1: 46.21 mrr: 63.30, ndcg: 69.51, took: 4.28s
Epoch 20, 68.1%	 loss: 1.948 acc@1: 45.78 mrr: 63.29, ndcg: 69.53, took: 4.17s
Epoch 20, 70.2%	 loss: 1.991 acc@1: 42.85 mrr: 61.34, ndcg: 67.81, took: 4.29s
Epoch 20, 72.3%	 loss: 1.937 acc@1: 44.49 mrr: 62.57, ndcg: 69.15, took: 4.31s
Epoch 20, 74.5%	 loss: 2.038 acc@1: 43.75 mrr: 61.22, ndcg: 67.70, took: 4.31s
Epoch 20, 76.6%	 loss: 1.934 acc@1: 45.16 mrr: 62.81, ndcg: 69.13, took: 3.94s
Epoch 20, 78.7%	 loss: 2.005 acc@1: 43.98 mrr: 61.78, ndcg: 68.22, took: 4.20s
Epoch 20, 80.9%	 loss: 2.040 acc@1: 43.44 mrr: 61.26, ndcg: 67.62, took: 4.21s
Epoch 20, 83.0%	 loss: 2.056 acc@1: 43.09 mrr: 60.91, ndcg: 67.48, took: 4.07s
Epoch 20, 85.1%	 loss: 1.978 acc@1: 43.63 mrr: 61.71, ndcg: 68.21, took: 4.25s
Epoch 20, 87.2%	 loss: 2.003 acc@1: 44.26 mrr: 61.84, ndcg: 68.30, took: 4.11s
Epoch 20, 89.4%	 loss: 1.987 acc@1: 45.16 mrr: 62.44, ndcg: 68.77, took: 4.19s
Epoch 20, 91.5%	 loss: 2.021 acc@1: 42.85 mrr: 61.00, ndcg: 67.55, took: 4.24s
Epoch 20, 93.6%	 loss: 2.018 acc@1: 42.62 mrr: 60.87, ndcg: 67.58, took: 4.22s
Epoch 20, 95.7%	 loss: 1.985 acc@1: 44.38 mrr: 62.03, ndcg: 68.39, took: 4.09s
Epoch 20, 97.9%	 loss: 2.060 acc@1: 43.67 mrr: 61.15, ndcg: 67.38, took: 4.14s
Epoch 20, 100.0%	 loss: 1.917 acc@1: 45.86 mrr: 63.59, ndcg: 69.83, took: 4.22s
Validation - loss: 2.9776, acc@1: 41.52%, f1: 33.43%, mrr: 57.58%, ndcg: 63.38%
Current learning rate: 0.000008

=== Epoch 21 ===
Epoch 21, 2.1%	 loss: 1.958 acc@1: 44.88 mrr: 62.77, ndcg: 69.07, took: 4.24s
Epoch 21, 4.3%	 loss: 1.941 acc@1: 43.98 mrr: 62.27, ndcg: 68.66, took: 4.08s
Epoch 21, 6.4%	 loss: 1.927 acc@1: 45.74 mrr: 63.19, ndcg: 69.64, took: 4.00s
Epoch 21, 8.5%	 loss: 1.947 acc@1: 45.23 mrr: 62.84, ndcg: 69.25, took: 4.31s
Epoch 21, 10.6%	 loss: 1.986 acc@1: 44.10 mrr: 61.99, ndcg: 68.37, took: 4.24s
Epoch 21, 12.8%	 loss: 1.957 acc@1: 46.13 mrr: 63.06, ndcg: 69.29, took: 4.19s
Epoch 21, 14.9%	 loss: 1.987 acc@1: 43.48 mrr: 61.67, ndcg: 68.25, took: 4.25s
Epoch 21, 17.0%	 loss: 2.026 acc@1: 43.44 mrr: 61.36, ndcg: 67.98, took: 4.16s
Epoch 21, 19.1%	 loss: 2.009 acc@1: 43.95 mrr: 61.50, ndcg: 68.04, took: 4.26s
Epoch 21, 21.3%	 loss: 1.989 acc@1: 42.30 mrr: 61.08, ndcg: 67.96, took: 4.06s
Epoch 21, 23.4%	 loss: 1.944 acc@1: 46.05 mrr: 63.25, ndcg: 69.49, took: 4.09s
Epoch 21, 25.5%	 loss: 2.003 acc@1: 44.38 mrr: 61.94, ndcg: 68.16, took: 3.85s
Epoch 21, 27.7%	 loss: 1.994 acc@1: 43.83 mrr: 61.64, ndcg: 68.06, took: 4.24s
Epoch 21, 29.8%	 loss: 1.987 acc@1: 44.69 mrr: 62.15, ndcg: 68.43, took: 4.20s
Epoch 21, 31.9%	 loss: 2.011 acc@1: 44.14 mrr: 61.69, ndcg: 68.22, took: 4.29s
Epoch 21, 34.0%	 loss: 2.027 acc@1: 42.70 mrr: 60.93, ndcg: 67.45, took: 4.26s
Epoch 21, 36.2%	 loss: 1.961 acc@1: 45.27 mrr: 62.79, ndcg: 69.03, took: 4.22s
Epoch 21, 38.3%	 loss: 1.967 acc@1: 43.71 mrr: 61.87, ndcg: 68.50, took: 3.95s
Epoch 21, 40.4%	 loss: 1.990 acc@1: 44.92 mrr: 62.28, ndcg: 68.58, took: 3.83s
Epoch 21, 42.6%	 loss: 1.980 acc@1: 42.97 mrr: 61.40, ndcg: 68.05, took: 4.21s
Epoch 21, 44.7%	 loss: 1.921 acc@1: 45.27 mrr: 63.02, ndcg: 69.30, took: 4.23s
Epoch 21, 46.8%	 loss: 1.974 acc@1: 45.31 mrr: 62.46, ndcg: 68.81, took: 4.13s
Epoch 21, 48.9%	 loss: 2.010 acc@1: 43.16 mrr: 61.18, ndcg: 67.67, took: 4.04s
Epoch 21, 51.1%	 loss: 1.959 acc@1: 44.53 mrr: 62.28, ndcg: 68.69, took: 4.33s
Epoch 21, 53.2%	 loss: 1.995 acc@1: 44.80 mrr: 62.18, ndcg: 68.45, took: 4.19s
Epoch 21, 55.3%	 loss: 2.007 acc@1: 43.63 mrr: 61.70, ndcg: 68.11, took: 4.08s
Epoch 21, 57.4%	 loss: 1.975 acc@1: 45.08 mrr: 62.33, ndcg: 68.54, took: 4.30s
Epoch 21, 59.6%	 loss: 1.921 acc@1: 43.67 mrr: 62.33, ndcg: 68.97, took: 4.22s
Epoch 21, 61.7%	 loss: 1.975 acc@1: 43.28 mrr: 61.55, ndcg: 68.23, took: 4.14s
Epoch 21, 63.8%	 loss: 1.939 acc@1: 44.65 mrr: 62.47, ndcg: 69.00, took: 4.19s
Epoch 21, 66.0%	 loss: 1.983 acc@1: 43.95 mrr: 61.97, ndcg: 68.24, took: 4.00s
Epoch 21, 68.1%	 loss: 1.938 acc@1: 45.00 mrr: 62.58, ndcg: 69.02, took: 4.25s
Epoch 21, 70.2%	 loss: 1.980 acc@1: 43.87 mrr: 61.74, ndcg: 68.32, took: 4.20s
Epoch 21, 72.3%	 loss: 1.941 acc@1: 45.66 mrr: 63.16, ndcg: 69.43, took: 4.31s
Epoch 21, 74.5%	 loss: 1.988 acc@1: 43.55 mrr: 61.47, ndcg: 67.89, took: 4.29s
Epoch 21, 76.6%	 loss: 2.026 acc@1: 43.83 mrr: 61.23, ndcg: 67.70, took: 4.08s
Epoch 21, 78.7%	 loss: 2.010 acc@1: 43.95 mrr: 61.60, ndcg: 67.99, took: 4.24s
Epoch 21, 80.9%	 loss: 1.972 acc@1: 44.53 mrr: 62.23, ndcg: 68.57, took: 4.23s
Epoch 21, 83.0%	 loss: 1.944 acc@1: 45.23 mrr: 62.77, ndcg: 69.22, took: 4.30s
Epoch 21, 85.1%	 loss: 1.945 acc@1: 45.70 mrr: 63.07, ndcg: 69.39, took: 4.29s
Epoch 21, 87.2%	 loss: 1.993 acc@1: 42.89 mrr: 61.22, ndcg: 67.77, took: 4.37s
Epoch 21, 89.4%	 loss: 2.004 acc@1: 43.32 mrr: 61.23, ndcg: 67.82, took: 4.25s
Epoch 21, 91.5%	 loss: 1.970 acc@1: 43.12 mrr: 61.58, ndcg: 68.16, took: 4.35s
Epoch 21, 93.6%	 loss: 1.986 acc@1: 43.67 mrr: 61.71, ndcg: 68.13, took: 4.16s
Epoch 21, 95.7%	 loss: 2.085 acc@1: 43.01 mrr: 60.64, ndcg: 66.85, took: 4.16s
Epoch 21, 97.9%	 loss: 1.982 acc@1: 43.87 mrr: 61.89, ndcg: 68.32, took: 4.18s
Epoch 21, 100.0%	 loss: 1.977 acc@1: 44.18 mrr: 61.97, ndcg: 68.27, took: 3.90s
Validation - loss: 2.9734, acc@1: 41.85%, f1: 33.06%, mrr: 57.79%, ndcg: 63.55%
Current learning rate: 0.000008

=== Epoch 22 ===
Epoch 22, 2.1%	 loss: 1.964 acc@1: 44.92 mrr: 62.41, ndcg: 68.73, took: 4.29s
Epoch 22, 4.3%	 loss: 1.887 acc@1: 43.55 mrr: 62.44, ndcg: 69.20, took: 4.15s
Epoch 22, 6.4%	 loss: 2.025 acc@1: 43.44 mrr: 61.16, ndcg: 67.49, took: 4.17s
Epoch 22, 8.5%	 loss: 1.945 acc@1: 44.69 mrr: 62.52, ndcg: 68.96, took: 4.25s
Epoch 22, 10.6%	 loss: 2.034 acc@1: 43.16 mrr: 60.96, ndcg: 67.53, took: 4.20s
Epoch 22, 12.8%	 loss: 1.964 acc@1: 44.41 mrr: 61.97, ndcg: 68.46, took: 4.16s
Epoch 22, 14.9%	 loss: 2.014 acc@1: 44.26 mrr: 61.70, ndcg: 68.07, took: 4.21s
Epoch 22, 17.0%	 loss: 1.943 acc@1: 45.90 mrr: 63.11, ndcg: 69.50, took: 4.11s
Epoch 22, 19.1%	 loss: 2.009 acc@1: 43.36 mrr: 61.26, ndcg: 67.92, took: 4.12s
Epoch 22, 21.3%	 loss: 1.968 acc@1: 44.65 mrr: 62.31, ndcg: 68.86, took: 4.22s
Epoch 22, 23.4%	 loss: 1.994 acc@1: 43.40 mrr: 61.68, ndcg: 68.19, took: 4.29s
Epoch 22, 25.5%	 loss: 1.986 acc@1: 46.37 mrr: 62.88, ndcg: 68.98, took: 4.28s
Epoch 22, 27.7%	 loss: 1.879 acc@1: 45.82 mrr: 63.60, ndcg: 69.96, took: 4.24s
Epoch 22, 29.8%	 loss: 1.947 acc@1: 45.70 mrr: 62.93, ndcg: 69.08, took: 4.13s
Epoch 22, 31.9%	 loss: 1.974 acc@1: 43.01 mrr: 61.44, ndcg: 68.34, took: 3.98s
Epoch 22, 34.0%	 loss: 1.978 acc@1: 44.30 mrr: 62.09, ndcg: 68.59, took: 4.04s
Epoch 22, 36.2%	 loss: 2.009 acc@1: 45.00 mrr: 62.35, ndcg: 68.58, took: 4.15s
Epoch 22, 38.3%	 loss: 2.015 acc@1: 43.59 mrr: 61.35, ndcg: 67.86, took: 4.12s
Epoch 22, 40.4%	 loss: 1.961 acc@1: 46.21 mrr: 63.21, ndcg: 69.13, took: 3.84s
Epoch 22, 42.6%	 loss: 2.004 acc@1: 44.14 mrr: 61.84, ndcg: 68.39, took: 4.24s
Epoch 22, 44.7%	 loss: 1.987 acc@1: 43.16 mrr: 61.74, ndcg: 68.18, took: 4.02s
Epoch 22, 46.8%	 loss: 1.992 acc@1: 43.59 mrr: 61.51, ndcg: 68.06, took: 4.14s
Epoch 22, 48.9%	 loss: 1.990 acc@1: 43.40 mrr: 61.62, ndcg: 68.18, took: 4.20s
Epoch 22, 51.1%	 loss: 1.906 acc@1: 45.27 mrr: 62.99, ndcg: 69.47, took: 4.22s
Epoch 22, 53.2%	 loss: 2.044 acc@1: 43.71 mrr: 61.16, ndcg: 67.63, took: 4.28s
Epoch 22, 55.3%	 loss: 1.906 acc@1: 45.55 mrr: 63.12, ndcg: 69.68, took: 4.23s
Epoch 22, 57.4%	 loss: 2.011 acc@1: 44.38 mrr: 61.91, ndcg: 68.15, took: 4.31s
Epoch 22, 59.6%	 loss: 2.004 acc@1: 43.91 mrr: 61.60, ndcg: 68.19, took: 4.15s
Epoch 22, 61.7%	 loss: 2.047 acc@1: 43.67 mrr: 61.11, ndcg: 67.43, took: 4.25s
Epoch 22, 63.8%	 loss: 1.994 acc@1: 45.00 mrr: 62.02, ndcg: 68.28, took: 4.27s
Epoch 22, 66.0%	 loss: 2.020 acc@1: 42.30 mrr: 60.56, ndcg: 67.22, took: 4.20s
Epoch 22, 68.1%	 loss: 1.948 acc@1: 45.08 mrr: 62.89, ndcg: 69.34, took: 4.24s
Epoch 22, 70.2%	 loss: 1.933 acc@1: 44.61 mrr: 62.68, ndcg: 69.19, took: 4.29s
Epoch 22, 72.3%	 loss: 1.934 acc@1: 45.04 mrr: 63.02, ndcg: 69.46, took: 4.26s
Epoch 22, 74.5%	 loss: 2.021 acc@1: 44.26 mrr: 61.69, ndcg: 67.95, took: 4.69s
Epoch 22, 76.6%	 loss: 2.033 acc@1: 43.59 mrr: 61.32, ndcg: 67.79, took: 3.97s
Epoch 22, 78.7%	 loss: 1.944 acc@1: 45.23 mrr: 63.00, ndcg: 69.36, took: 4.23s
Epoch 22, 80.9%	 loss: 2.009 acc@1: 44.26 mrr: 61.62, ndcg: 68.07, took: 4.19s
Epoch 22, 83.0%	 loss: 1.901 acc@1: 45.04 mrr: 63.04, ndcg: 69.60, took: 4.20s
Epoch 22, 85.1%	 loss: 2.067 acc@1: 41.68 mrr: 60.06, ndcg: 66.88, took: 4.24s
Epoch 22, 87.2%	 loss: 1.911 acc@1: 47.27 mrr: 64.03, ndcg: 69.93, took: 4.25s
Epoch 22, 89.4%	 loss: 1.972 acc@1: 44.02 mrr: 61.93, ndcg: 68.59, took: 4.13s
Epoch 22, 91.5%	 loss: 2.019 acc@1: 43.79 mrr: 61.29, ndcg: 67.68, took: 3.85s
Epoch 22, 93.6%	 loss: 2.027 acc@1: 43.40 mrr: 61.33, ndcg: 67.97, took: 4.23s
Epoch 22, 95.7%	 loss: 1.924 acc@1: 45.90 mrr: 63.32, ndcg: 69.74, took: 4.38s
Epoch 22, 97.9%	 loss: 1.954 acc@1: 44.92 mrr: 62.37, ndcg: 68.73, took: 4.33s
Epoch 22, 100.0%	 loss: 1.958 acc@1: 44.10 mrr: 62.13, ndcg: 68.52, took: 4.29s
Validation - loss: 2.9776, acc@1: 41.64%, f1: 33.16%, mrr: 57.66%, ndcg: 63.44%
Current learning rate: 0.000008

=== Epoch 23 ===
Epoch 23, 2.1%	 loss: 1.978 acc@1: 44.80 mrr: 62.37, ndcg: 68.72, took: 4.11s
Epoch 23, 4.3%	 loss: 1.981 acc@1: 44.34 mrr: 62.19, ndcg: 68.66, took: 4.14s
Epoch 23, 6.4%	 loss: 1.989 acc@1: 43.40 mrr: 61.56, ndcg: 68.10, took: 4.23s
Epoch 23, 8.5%	 loss: 1.951 acc@1: 44.77 mrr: 62.47, ndcg: 68.89, took: 4.28s
Epoch 23, 10.6%	 loss: 1.943 acc@1: 45.78 mrr: 63.08, ndcg: 69.48, took: 4.21s
Epoch 23, 12.8%	 loss: 1.995 acc@1: 43.05 mrr: 61.49, ndcg: 68.11, took: 4.07s
Epoch 23, 14.9%	 loss: 2.032 acc@1: 42.66 mrr: 60.94, ndcg: 67.37, took: 4.01s
Epoch 23, 17.0%	 loss: 2.007 acc@1: 44.49 mrr: 61.80, ndcg: 68.11, took: 4.24s
Epoch 23, 19.1%	 loss: 1.929 acc@1: 44.61 mrr: 62.59, ndcg: 69.05, took: 4.14s
Epoch 23, 21.3%	 loss: 1.968 acc@1: 44.06 mrr: 61.96, ndcg: 68.33, took: 4.19s
Epoch 23, 23.4%	 loss: 2.062 acc@1: 42.81 mrr: 60.78, ndcg: 67.14, took: 4.07s
Epoch 23, 25.5%	 loss: 2.028 acc@1: 43.59 mrr: 61.15, ndcg: 67.70, took: 4.29s
Epoch 23, 27.7%	 loss: 1.995 acc@1: 44.88 mrr: 62.08, ndcg: 68.40, took: 4.22s
Epoch 23, 29.8%	 loss: 1.953 acc@1: 44.84 mrr: 62.53, ndcg: 68.98, took: 4.29s
Epoch 23, 31.9%	 loss: 1.956 acc@1: 45.27 mrr: 62.57, ndcg: 68.95, took: 4.35s
Epoch 23, 34.0%	 loss: 1.958 acc@1: 46.13 mrr: 63.07, ndcg: 69.15, took: 4.19s
Epoch 23, 36.2%	 loss: 1.952 acc@1: 43.98 mrr: 62.04, ndcg: 68.60, took: 4.18s
Epoch 23, 38.3%	 loss: 1.992 acc@1: 44.10 mrr: 61.74, ndcg: 68.35, took: 3.96s
Epoch 23, 40.4%	 loss: 1.979 acc@1: 44.26 mrr: 62.06, ndcg: 68.39, took: 3.96s
Epoch 23, 42.6%	 loss: 1.978 acc@1: 45.12 mrr: 62.47, ndcg: 68.72, took: 4.25s
Epoch 23, 44.7%	 loss: 1.996 acc@1: 43.71 mrr: 61.56, ndcg: 67.99, took: 4.26s
Epoch 23, 46.8%	 loss: 1.930 acc@1: 45.70 mrr: 63.06, ndcg: 69.38, took: 4.18s
Epoch 23, 48.9%	 loss: 1.959 acc@1: 42.81 mrr: 61.59, ndcg: 68.24, took: 4.01s
Epoch 23, 51.1%	 loss: 1.955 acc@1: 44.92 mrr: 62.74, ndcg: 68.93, took: 3.83s
Epoch 23, 53.2%	 loss: 1.960 acc@1: 44.53 mrr: 62.28, ndcg: 68.68, took: 3.80s
Epoch 23, 55.3%	 loss: 1.932 acc@1: 44.73 mrr: 62.63, ndcg: 69.11, took: 3.83s
Epoch 23, 57.4%	 loss: 1.998 acc@1: 43.63 mrr: 61.60, ndcg: 68.21, took: 3.84s
Epoch 23, 59.6%	 loss: 1.981 acc@1: 45.35 mrr: 62.81, ndcg: 69.13, took: 3.89s
Epoch 23, 61.7%	 loss: 2.016 acc@1: 42.77 mrr: 60.90, ndcg: 67.47, took: 3.58s
Epoch 23, 63.8%	 loss: 1.999 acc@1: 43.55 mrr: 61.48, ndcg: 68.18, took: 3.74s
Epoch 23, 66.0%	 loss: 2.033 acc@1: 42.93 mrr: 60.99, ndcg: 67.59, took: 3.88s
Epoch 23, 68.1%	 loss: 2.024 acc@1: 43.48 mrr: 61.53, ndcg: 68.09, took: 3.77s
Epoch 23, 70.2%	 loss: 1.970 acc@1: 44.49 mrr: 62.21, ndcg: 68.68, took: 3.76s
Epoch 23, 72.3%	 loss: 1.940 acc@1: 43.20 mrr: 61.71, ndcg: 68.42, took: 3.78s
Epoch 23, 74.5%	 loss: 1.964 acc@1: 44.38 mrr: 62.24, ndcg: 68.67, took: 3.62s
Epoch 23, 76.6%	 loss: 1.947 acc@1: 47.11 mrr: 63.78, ndcg: 69.91, took: 3.82s
Epoch 23, 78.7%	 loss: 1.999 acc@1: 43.87 mrr: 61.67, ndcg: 68.00, took: 3.79s
Epoch 23, 80.9%	 loss: 2.001 acc@1: 43.91 mrr: 61.54, ndcg: 67.90, took: 3.79s
Epoch 23, 83.0%	 loss: 2.061 acc@1: 43.36 mrr: 60.94, ndcg: 67.37, took: 3.57s
Epoch 23, 85.1%	 loss: 2.035 acc@1: 42.81 mrr: 60.86, ndcg: 67.44, took: 3.39s
Epoch 23, 87.2%	 loss: 2.002 acc@1: 45.04 mrr: 62.24, ndcg: 68.46, took: 3.46s
Epoch 23, 89.4%	 loss: 1.961 acc@1: 45.12 mrr: 62.65, ndcg: 68.95, took: 3.51s
Epoch 23, 91.5%	 loss: 1.891 acc@1: 44.73 mrr: 62.90, ndcg: 69.53, took: 3.52s
Epoch 23, 93.6%	 loss: 1.989 acc@1: 44.69 mrr: 62.18, ndcg: 68.46, took: 3.71s
Epoch 23, 95.7%	 loss: 1.933 acc@1: 45.78 mrr: 63.09, ndcg: 69.46, took: 3.74s
Epoch 23, 97.9%	 loss: 1.943 acc@1: 45.27 mrr: 62.68, ndcg: 69.01, took: 3.69s
Epoch 23, 100.0%	 loss: 1.969 acc@1: 43.40 mrr: 61.57, ndcg: 68.20, took: 3.71s
Validation - loss: 2.9770, acc@1: 41.66%, f1: 33.27%, mrr: 57.66%, ndcg: 63.44%
Current learning rate: 0.000008

=== Epoch 24 ===
Epoch 24, 2.1%	 loss: 1.971 acc@1: 43.09 mrr: 61.57, ndcg: 68.36, took: 3.62s
Epoch 24, 4.3%	 loss: 1.964 acc@1: 44.38 mrr: 62.39, ndcg: 68.88, took: 3.70s
Epoch 24, 6.4%	 loss: 1.968 acc@1: 44.18 mrr: 62.10, ndcg: 68.55, took: 3.78s
Epoch 24, 8.5%	 loss: 2.007 acc@1: 43.91 mrr: 61.86, ndcg: 68.37, took: 3.64s
Epoch 24, 10.6%	 loss: 2.037 acc@1: 44.45 mrr: 61.63, ndcg: 67.87, took: 3.60s
Epoch 24, 12.8%	 loss: 1.980 acc@1: 43.32 mrr: 61.56, ndcg: 68.17, took: 3.71s
Epoch 24, 14.9%	 loss: 2.037 acc@1: 42.62 mrr: 60.61, ndcg: 67.26, took: 3.54s
Epoch 24, 17.0%	 loss: 1.951 acc@1: 44.18 mrr: 62.28, ndcg: 68.78, took: 3.44s
Epoch 24, 19.1%	 loss: 2.064 acc@1: 42.50 mrr: 60.55, ndcg: 66.99, took: 3.80s
Epoch 24, 21.3%	 loss: 1.980 acc@1: 44.73 mrr: 62.15, ndcg: 68.50, took: 3.79s
Epoch 24, 23.4%	 loss: 2.057 acc@1: 42.89 mrr: 60.52, ndcg: 67.01, took: 3.94s
Epoch 24, 25.5%	 loss: 1.968 acc@1: 44.45 mrr: 62.28, ndcg: 68.80, took: 4.04s
Epoch 24, 27.7%	 loss: 1.998 acc@1: 43.28 mrr: 61.24, ndcg: 67.66, took: 4.01s
Epoch 24, 29.8%	 loss: 1.962 acc@1: 45.66 mrr: 62.80, ndcg: 68.97, took: 4.03s
Epoch 24, 31.9%	 loss: 1.939 acc@1: 45.74 mrr: 62.92, ndcg: 69.43, took: 3.88s
Epoch 24, 34.0%	 loss: 1.978 acc@1: 45.51 mrr: 62.72, ndcg: 68.98, took: 3.82s
Epoch 24, 36.2%	 loss: 1.961 acc@1: 45.23 mrr: 62.88, ndcg: 69.26, took: 4.00s
Epoch 24, 38.3%	 loss: 1.898 acc@1: 46.41 mrr: 63.58, ndcg: 69.75, took: 3.83s
Epoch 24, 40.4%	 loss: 1.983 acc@1: 44.34 mrr: 62.02, ndcg: 68.40, took: 3.88s
Epoch 24, 42.6%	 loss: 1.928 acc@1: 45.70 mrr: 63.06, ndcg: 69.49, took: 3.77s
Epoch 24, 44.7%	 loss: 2.013 acc@1: 42.93 mrr: 61.04, ndcg: 67.70, took: 4.11s
Epoch 24, 46.8%	 loss: 1.996 acc@1: 45.20 mrr: 62.34, ndcg: 68.52, took: 4.01s
Epoch 24, 48.9%	 loss: 1.931 acc@1: 45.55 mrr: 63.03, ndcg: 69.24, took: 4.05s
Epoch 24, 51.1%	 loss: 1.983 acc@1: 43.16 mrr: 61.55, ndcg: 68.33, took: 3.96s
Epoch 24, 53.2%	 loss: 1.964 acc@1: 45.43 mrr: 62.72, ndcg: 69.01, took: 3.89s
Epoch 24, 55.3%	 loss: 1.912 acc@1: 45.82 mrr: 63.37, ndcg: 69.83, took: 3.96s
Epoch 24, 57.4%	 loss: 2.028 acc@1: 44.18 mrr: 61.69, ndcg: 68.17, took: 4.10s
Epoch 24, 59.6%	 loss: 1.988 acc@1: 43.40 mrr: 61.72, ndcg: 68.17, took: 4.00s
Epoch 24, 61.7%	 loss: 1.918 acc@1: 43.59 mrr: 62.04, ndcg: 68.70, took: 3.99s
Epoch 24, 63.8%	 loss: 1.999 acc@1: 44.30 mrr: 61.86, ndcg: 68.33, took: 4.05s
Epoch 24, 66.0%	 loss: 2.000 acc@1: 44.65 mrr: 62.04, ndcg: 68.24, took: 4.05s
Epoch 24, 68.1%	 loss: 2.000 acc@1: 42.89 mrr: 61.14, ndcg: 67.75, took: 3.97s
Epoch 24, 70.2%	 loss: 1.986 acc@1: 43.20 mrr: 61.68, ndcg: 68.36, took: 3.99s
Epoch 24, 72.3%	 loss: 1.929 acc@1: 46.37 mrr: 63.54, ndcg: 69.83, took: 3.91s
Epoch 24, 74.5%	 loss: 2.006 acc@1: 43.71 mrr: 61.45, ndcg: 67.75, took: 3.78s
Epoch 24, 76.6%	 loss: 1.958 acc@1: 43.48 mrr: 61.97, ndcg: 68.56, took: 3.69s
Epoch 24, 78.7%	 loss: 1.956 acc@1: 45.43 mrr: 62.69, ndcg: 69.19, took: 4.00s
Epoch 24, 80.9%	 loss: 1.991 acc@1: 44.22 mrr: 61.87, ndcg: 68.19, took: 3.95s
Epoch 24, 83.0%	 loss: 1.893 acc@1: 46.09 mrr: 63.45, ndcg: 69.73, took: 4.01s
Epoch 24, 85.1%	 loss: 1.960 acc@1: 45.66 mrr: 62.86, ndcg: 69.12, took: 3.92s
Epoch 24, 87.2%	 loss: 1.935 acc@1: 45.70 mrr: 63.08, ndcg: 69.45, took: 4.03s
Epoch 24, 89.4%	 loss: 1.974 acc@1: 44.38 mrr: 62.08, ndcg: 68.52, took: 4.05s
Epoch 24, 91.5%	 loss: 1.977 acc@1: 44.96 mrr: 62.36, ndcg: 68.67, took: 4.03s
Epoch 24, 93.6%	 loss: 1.972 acc@1: 43.32 mrr: 61.81, ndcg: 68.40, took: 4.01s
Epoch 24, 95.7%	 loss: 2.006 acc@1: 44.34 mrr: 61.89, ndcg: 68.25, took: 3.97s
Epoch 24, 97.9%	 loss: 1.980 acc@1: 44.96 mrr: 62.15, ndcg: 68.53, took: 3.96s
Epoch 24, 100.0%	 loss: 1.954 acc@1: 46.29 mrr: 63.20, ndcg: 69.44, took: 3.95s
Validation - loss: 2.9787, acc@1: 41.64%, f1: 33.63%, mrr: 57.61%, ndcg: 63.41%
Current learning rate: 0.000008

=== Epoch 25 ===
Epoch 25, 2.1%	 loss: 1.946 acc@1: 45.12 mrr: 62.64, ndcg: 68.88, took: 3.92s
Epoch 25, 4.3%	 loss: 1.983 acc@1: 44.88 mrr: 62.31, ndcg: 68.55, took: 3.94s
Epoch 25, 6.4%	 loss: 1.926 acc@1: 46.56 mrr: 63.44, ndcg: 69.63, took: 4.04s
Epoch 25, 8.5%	 loss: 1.954 acc@1: 46.45 mrr: 63.17, ndcg: 69.46, took: 3.66s
Epoch 25, 10.6%	 loss: 1.972 acc@1: 44.41 mrr: 62.00, ndcg: 68.49, took: 3.92s
Epoch 25, 12.8%	 loss: 2.049 acc@1: 42.34 mrr: 60.56, ndcg: 67.16, took: 3.72s
Epoch 25, 14.9%	 loss: 2.002 acc@1: 43.12 mrr: 61.23, ndcg: 67.84, took: 4.01s
Epoch 25, 17.0%	 loss: 1.988 acc@1: 45.16 mrr: 62.49, ndcg: 68.71, took: 4.08s
Epoch 25, 19.1%	 loss: 2.009 acc@1: 43.75 mrr: 61.45, ndcg: 68.11, took: 4.10s
Epoch 25, 21.3%	 loss: 1.945 acc@1: 44.57 mrr: 62.36, ndcg: 68.85, took: 4.05s
Epoch 25, 23.4%	 loss: 2.005 acc@1: 43.52 mrr: 61.52, ndcg: 68.12, took: 4.12s
Epoch 25, 25.5%	 loss: 1.955 acc@1: 44.65 mrr: 62.46, ndcg: 68.94, took: 4.10s
Epoch 25, 27.7%	 loss: 2.003 acc@1: 43.32 mrr: 61.19, ndcg: 68.02, took: 3.99s
Epoch 25, 29.8%	 loss: 1.979 acc@1: 45.78 mrr: 62.72, ndcg: 69.03, took: 4.03s
Epoch 25, 31.9%	 loss: 1.955 acc@1: 43.67 mrr: 62.30, ndcg: 69.04, took: 3.99s
Epoch 25, 34.0%	 loss: 2.005 acc@1: 43.52 mrr: 61.23, ndcg: 67.61, took: 4.10s
Epoch 25, 36.2%	 loss: 1.927 acc@1: 46.21 mrr: 63.49, ndcg: 69.70, took: 4.04s
Epoch 25, 38.3%	 loss: 2.023 acc@1: 43.95 mrr: 61.41, ndcg: 67.86, took: 3.80s
Epoch 25, 40.4%	 loss: 1.959 acc@1: 44.73 mrr: 62.65, ndcg: 69.02, took: 3.85s
Epoch 25, 42.6%	 loss: 1.990 acc@1: 45.51 mrr: 62.56, ndcg: 68.84, took: 3.90s
Epoch 25, 44.7%	 loss: 2.019 acc@1: 42.07 mrr: 60.52, ndcg: 67.25, took: 4.06s
Epoch 25, 46.8%	 loss: 2.007 acc@1: 43.67 mrr: 61.67, ndcg: 68.05, took: 3.81s
Epoch 25, 48.9%	 loss: 1.963 acc@1: 44.53 mrr: 62.19, ndcg: 68.67, took: 3.97s
Epoch 25, 51.1%	 loss: 1.996 acc@1: 44.69 mrr: 62.24, ndcg: 68.68, took: 4.08s
Epoch 25, 53.2%	 loss: 1.952 acc@1: 43.48 mrr: 61.97, ndcg: 68.71, took: 3.87s
Epoch 25, 55.3%	 loss: 1.957 acc@1: 44.80 mrr: 62.47, ndcg: 68.87, took: 4.06s
Epoch 25, 57.4%	 loss: 1.953 acc@1: 45.12 mrr: 62.66, ndcg: 68.91, took: 4.04s
Epoch 25, 59.6%	 loss: 1.945 acc@1: 44.30 mrr: 62.44, ndcg: 68.94, took: 4.08s
Epoch 25, 61.7%	 loss: 1.973 acc@1: 44.84 mrr: 62.18, ndcg: 68.54, took: 4.21s
Epoch 25, 63.8%	 loss: 2.029 acc@1: 43.75 mrr: 61.35, ndcg: 67.66, took: 3.94s
Epoch 25, 66.0%	 loss: 1.964 acc@1: 44.41 mrr: 62.17, ndcg: 68.63, took: 3.96s
Epoch 25, 68.1%	 loss: 1.953 acc@1: 45.20 mrr: 62.59, ndcg: 68.83, took: 3.79s
Epoch 25, 70.2%	 loss: 1.924 acc@1: 46.64 mrr: 63.79, ndcg: 70.00, took: 3.97s
Epoch 25, 72.3%	 loss: 1.962 acc@1: 44.96 mrr: 62.63, ndcg: 69.09, took: 3.94s
Epoch 25, 74.5%	 loss: 1.953 acc@1: 44.61 mrr: 62.43, ndcg: 68.76, took: 3.71s
Epoch 25, 76.6%	 loss: 1.988 acc@1: 43.59 mrr: 61.55, ndcg: 68.16, took: 3.86s
Epoch 25, 78.7%	 loss: 1.986 acc@1: 44.22 mrr: 61.89, ndcg: 68.46, took: 3.97s
Epoch 25, 80.9%	 loss: 1.925 acc@1: 46.45 mrr: 63.66, ndcg: 69.80, took: 3.79s
Epoch 25, 83.0%	 loss: 2.061 acc@1: 42.27 mrr: 60.29, ndcg: 67.04, took: 3.95s
Epoch 25, 85.1%	 loss: 2.015 acc@1: 44.77 mrr: 62.06, ndcg: 68.25, took: 4.04s
Epoch 25, 87.2%	 loss: 2.022 acc@1: 42.30 mrr: 60.64, ndcg: 67.46, took: 4.00s
Epoch 25, 89.4%	 loss: 1.997 acc@1: 43.83 mrr: 61.72, ndcg: 68.34, took: 4.03s
Epoch 25, 91.5%	 loss: 1.928 acc@1: 44.73 mrr: 62.72, ndcg: 69.16, took: 4.02s
Epoch 25, 93.6%	 loss: 1.922 acc@1: 45.51 mrr: 62.90, ndcg: 69.19, took: 4.06s
Epoch 25, 95.7%	 loss: 1.956 acc@1: 45.47 mrr: 62.78, ndcg: 69.10, took: 3.94s
Epoch 25, 97.9%	 loss: 2.053 acc@1: 42.46 mrr: 60.60, ndcg: 67.24, took: 3.97s
Epoch 25, 100.0%	 loss: 1.944 acc@1: 43.83 mrr: 62.00, ndcg: 68.68, took: 4.05s
Validation - loss: 2.9758, acc@1: 41.82%, f1: 33.10%, mrr: 57.78%, ndcg: 63.54%
Current learning rate: 0.000008

=== Epoch 26 ===
Epoch 26, 2.1%	 loss: 1.995 acc@1: 43.05 mrr: 61.02, ndcg: 67.60, took: 3.95s
Epoch 26, 4.3%	 loss: 2.001 acc@1: 44.88 mrr: 62.12, ndcg: 68.49, took: 4.02s
Epoch 26, 6.4%	 loss: 1.990 acc@1: 44.14 mrr: 62.07, ndcg: 68.57, took: 3.86s
Epoch 26, 8.5%	 loss: 2.005 acc@1: 46.45 mrr: 63.06, ndcg: 68.94, took: 3.71s
Epoch 26, 10.6%	 loss: 2.008 acc@1: 44.92 mrr: 62.45, ndcg: 68.61, took: 4.17s
Epoch 26, 12.8%	 loss: 1.974 acc@1: 43.87 mrr: 61.78, ndcg: 68.31, took: 4.05s
Epoch 26, 14.9%	 loss: 1.959 acc@1: 43.95 mrr: 62.07, ndcg: 68.58, took: 4.05s
Epoch 26, 17.0%	 loss: 2.027 acc@1: 43.44 mrr: 61.26, ndcg: 67.66, took: 4.10s
Epoch 26, 19.1%	 loss: 1.975 acc@1: 43.75 mrr: 61.56, ndcg: 68.03, took: 4.01s
Epoch 26, 21.3%	 loss: 1.899 acc@1: 45.31 mrr: 63.06, ndcg: 69.48, took: 3.99s
Epoch 26, 23.4%	 loss: 1.970 acc@1: 45.62 mrr: 62.77, ndcg: 69.02, took: 4.05s
Epoch 26, 25.5%	 loss: 2.015 acc@1: 44.10 mrr: 61.66, ndcg: 67.95, took: 4.04s
Epoch 26, 27.7%	 loss: 2.023 acc@1: 43.59 mrr: 61.38, ndcg: 67.87, took: 4.03s
Epoch 26, 29.8%	 loss: 1.932 acc@1: 44.53 mrr: 62.41, ndcg: 69.03, took: 4.05s
Epoch 26, 31.9%	 loss: 1.996 acc@1: 45.82 mrr: 62.65, ndcg: 68.82, took: 3.99s
Epoch 26, 34.0%	 loss: 1.954 acc@1: 44.49 mrr: 62.36, ndcg: 69.04, took: 3.98s
Epoch 26, 36.2%	 loss: 2.013 acc@1: 44.38 mrr: 61.94, ndcg: 68.26, took: 3.81s
Epoch 26, 38.3%	 loss: 1.902 acc@1: 45.94 mrr: 63.48, ndcg: 69.78, took: 3.65s
Epoch 26, 40.4%	 loss: 1.922 acc@1: 45.16 mrr: 62.91, ndcg: 69.46, took: 3.78s
Epoch 26, 42.6%	 loss: 1.943 acc@1: 44.73 mrr: 62.62, ndcg: 69.05, took: 3.99s
Epoch 26, 44.7%	 loss: 2.027 acc@1: 43.48 mrr: 61.36, ndcg: 67.93, took: 3.76s
Epoch 26, 46.8%	 loss: 1.980 acc@1: 44.53 mrr: 62.23, ndcg: 68.52, took: 3.90s
Epoch 26, 48.9%	 loss: 1.936 acc@1: 44.73 mrr: 62.64, ndcg: 68.97, took: 3.88s
Epoch 26, 51.1%	 loss: 1.937 acc@1: 44.45 mrr: 62.34, ndcg: 68.80, took: 3.88s
Epoch 26, 53.2%	 loss: 1.954 acc@1: 44.34 mrr: 62.24, ndcg: 68.87, took: 4.03s
Epoch 26, 55.3%	 loss: 2.053 acc@1: 44.06 mrr: 61.58, ndcg: 67.76, took: 3.98s
Epoch 26, 57.4%	 loss: 1.999 acc@1: 42.54 mrr: 61.01, ndcg: 67.68, took: 3.93s
Epoch 26, 59.6%	 loss: 1.984 acc@1: 43.20 mrr: 61.41, ndcg: 68.03, took: 3.73s
Epoch 26, 61.7%	 loss: 2.038 acc@1: 42.73 mrr: 60.96, ndcg: 67.67, took: 4.04s
Epoch 26, 63.8%	 loss: 1.961 acc@1: 44.61 mrr: 62.32, ndcg: 68.69, took: 3.97s
Epoch 26, 66.0%	 loss: 1.923 acc@1: 46.60 mrr: 63.51, ndcg: 69.64, took: 4.09s
Epoch 26, 68.1%	 loss: 1.976 acc@1: 44.22 mrr: 62.19, ndcg: 68.76, took: 4.09s
Epoch 26, 70.2%	 loss: 2.038 acc@1: 43.20 mrr: 61.21, ndcg: 67.72, took: 4.03s
Epoch 26, 72.3%	 loss: 1.987 acc@1: 42.77 mrr: 61.28, ndcg: 68.01, took: 3.91s
Epoch 26, 74.5%	 loss: 2.017 acc@1: 42.77 mrr: 61.02, ndcg: 67.52, took: 4.10s
Epoch 26, 76.6%	 loss: 1.940 acc@1: 46.33 mrr: 63.37, ndcg: 69.52, took: 3.90s
Epoch 26, 78.7%	 loss: 1.962 acc@1: 44.84 mrr: 62.35, ndcg: 68.67, took: 4.07s
Epoch 26, 80.9%	 loss: 1.931 acc@1: 45.43 mrr: 62.98, ndcg: 69.38, took: 4.00s
Epoch 26, 83.0%	 loss: 1.998 acc@1: 44.53 mrr: 62.14, ndcg: 68.51, took: 3.96s
Epoch 26, 85.1%	 loss: 1.922 acc@1: 44.73 mrr: 62.53, ndcg: 68.97, took: 4.04s
Epoch 26, 87.2%	 loss: 1.970 acc@1: 43.36 mrr: 61.69, ndcg: 68.24, took: 3.94s
Epoch 26, 89.4%	 loss: 1.949 acc@1: 44.73 mrr: 62.34, ndcg: 68.65, took: 4.43s
Epoch 26, 91.5%	 loss: 1.954 acc@1: 44.92 mrr: 62.71, ndcg: 69.09, took: 4.05s
Epoch 26, 93.6%	 loss: 2.005 acc@1: 44.38 mrr: 62.07, ndcg: 68.46, took: 4.05s
Epoch 26, 95.7%	 loss: 1.976 acc@1: 44.34 mrr: 62.15, ndcg: 68.63, took: 3.75s
Epoch 26, 97.9%	 loss: 1.991 acc@1: 44.73 mrr: 62.10, ndcg: 68.32, took: 4.06s
Epoch 26, 100.0%	 loss: 1.894 acc@1: 45.78 mrr: 63.48, ndcg: 69.85, took: 3.85s
Validation - loss: 2.9755, acc@1: 41.63%, f1: 33.27%, mrr: 57.65%, ndcg: 63.45%
Training finished.	 Time: 5369.95s.	 acc@1: 41.85%

=== Test Results ===
Test Results:
  acc@1: 41.40%
  acc@5: 75.82%
  acc@10: 80.31%
  mrr: 57.10%
  ndcg: 62.59%
  f1: 33.67%

=== Training Complete ===
