2025-12-28 21:26:53,470 - INFO - ============================================================
2025-12-28 21:26:53,471 - INFO - POINTER V45 - Training Started
2025-12-28 21:26:53,471 - INFO - ============================================================
2025-12-28 21:26:53,471 - INFO - Model config: {'d_model': 64, 'dim_feedforward': 128, 'dropout': 0.15, 'nhead': 4, 'num_layers': 3}
2025-12-28 21:26:53,471 - INFO - Training config: {'batch_size': 128, 'grad_clip': 0.8, 'label_smoothing': 0.03, 'learning_rate': 0.0005, 'min_epochs': 8, 'min_lr': 1e-06, 'num_epochs': 50, 'patience': 5, 'use_amp': True, 'warmup_epochs': 5, 'weight_decay': 0.015}
2025-12-28 21:26:53,471 - INFO - ============================================================
2025-12-28 21:26:53,471 - INFO - Training for 50 epochs
2025-12-28 21:26:53,472 - INFO - Model parameters: 275,962
2025-12-28 21:27:03,780 - INFO - Epoch 1/50 | LR: 1.00e-04 | Train: 4.3534 | Val: 3.0944 | Acc@1: 37.63%
2025-12-28 21:27:03,807 - INFO -   ✓ New best (Acc@1: 37.63%)
2025-12-28 21:27:11,523 - INFO - Epoch 2/50 | LR: 2.00e-04 | Train: 3.8928 | Val: 2.9991 | Acc@1: 42.50%
2025-12-28 21:27:11,550 - INFO -   ✓ New best (Acc@1: 42.50%)
2025-12-28 21:27:19,035 - INFO - Epoch 3/50 | LR: 3.00e-04 | Train: 3.6910 | Val: 2.8732 | Acc@1: 45.36%
2025-12-28 21:27:19,062 - INFO -   ✓ New best (Acc@1: 45.36%)
2025-12-28 21:27:26,067 - INFO - Epoch 4/50 | LR: 4.00e-04 | Train: 3.5035 | Val: 2.8166 | Acc@1: 46.73%
2025-12-28 21:27:26,093 - INFO -   ✓ New best (Acc@1: 46.73%)
2025-12-28 21:27:33,738 - INFO - Epoch 5/50 | LR: 5.00e-04 | Train: 3.3273 | Val: 2.8253 | Acc@1: 47.07%
2025-12-28 21:27:41,205 - INFO - Epoch 6/50 | LR: 5.00e-04 | Train: 3.2079 | Val: 2.8204 | Acc@1: 47.03%
2025-12-28 21:27:48,739 - INFO - Epoch 7/50 | LR: 4.99e-04 | Train: 3.0805 | Val: 2.8692 | Acc@1: 45.73%
2025-12-28 21:27:55,977 - INFO - Epoch 8/50 | LR: 4.98e-04 | Train: 2.9502 | Val: 2.8369 | Acc@1: 46.21%
2025-12-28 21:28:03,012 - INFO - Epoch 9/50 | LR: 4.95e-04 | Train: 2.8151 | Val: 2.8183 | Acc@1: 45.62%
2025-12-28 21:28:03,012 - INFO - Early stopping at epoch 9
2025-12-28 21:28:03,635 - INFO - Loaded checkpoint from epoch 4
2025-12-28 21:28:06,953 - INFO - ============================================================
2025-12-28 21:28:06,953 - INFO - FINAL VALIDATION RESULTS
2025-12-28 21:28:06,953 - INFO -   Acc@1:  46.73%
2025-12-28 21:28:06,954 - INFO -   Acc@5:  81.32%
2025-12-28 21:28:06,954 - INFO -   Acc@10: 85.03%
2025-12-28 21:28:06,954 - INFO -   MRR:    61.60%
2025-12-28 21:28:06,954 - INFO -   NDCG:   67.20%
2025-12-28 21:28:06,954 - INFO - ============================================================
2025-12-28 21:28:06,954 - INFO - FINAL TEST RESULTS
2025-12-28 21:28:06,954 - INFO -   Acc@1:  49.79%
2025-12-28 21:28:06,954 - INFO -   Acc@5:  84.60%
2025-12-28 21:28:06,954 - INFO -   Acc@10: 87.83%
2025-12-28 21:28:06,954 - INFO -   MRR:    65.36%
2025-12-28 21:28:06,954 - INFO -   NDCG:   70.87%
2025-12-28 21:28:06,954 - INFO - ============================================================
