2025-12-28 18:45:13,533 - INFO - ============================================================
2025-12-28 18:45:13,533 - INFO - POINTER V45 - Training Started
2025-12-28 18:45:13,533 - INFO - ============================================================
2025-12-28 18:45:13,533 - INFO - Model config: {'d_model': 64, 'dim_feedforward': 192, 'dropout': 0.15, 'nhead': 4, 'num_layers': 2}
2025-12-28 18:45:13,533 - INFO - Training config: {'batch_size': 128, 'grad_clip': 0.8, 'label_smoothing': 0.03, 'learning_rate': 0.0008, 'min_epochs': 8, 'min_lr': 1e-06, 'num_epochs': 2, 'patience': 5, 'use_amp': True, 'warmup_epochs': 5, 'weight_decay': 0.015}
2025-12-28 18:45:13,533 - INFO - ============================================================
2025-12-28 18:45:13,534 - INFO - Training for 2 epochs
2025-12-28 18:45:13,534 - INFO - Model parameters: 262,763
2025-12-28 18:45:17,950 - INFO - Epoch 1/2 | LR: 1.60e-04 | Train: 4.0733 | Val: 3.0087 | Acc@1: 40.67%
2025-12-28 18:45:17,972 - INFO -   ✓ New best (Acc@1: 40.67%)
2025-12-28 18:45:21,589 - INFO - Epoch 2/2 | LR: 3.20e-04 | Train: 3.7112 | Val: 2.9033 | Acc@1: 45.06%
2025-12-28 18:45:21,611 - INFO -   ✓ New best (Acc@1: 45.06%)
2025-12-28 18:45:21,688 - INFO - Loaded checkpoint from epoch 2
2025-12-28 18:45:23,101 - INFO - ============================================================
2025-12-28 18:45:23,101 - INFO - FINAL VALIDATION RESULTS
2025-12-28 18:45:23,102 - INFO -   Acc@1:  45.06%
2025-12-28 18:45:23,102 - INFO -   Acc@5:  79.11%
2025-12-28 18:45:23,102 - INFO -   Acc@10: 83.22%
2025-12-28 18:45:23,102 - INFO -   MRR:    59.81%
2025-12-28 18:45:23,102 - INFO -   NDCG:   65.47%
2025-12-28 18:45:23,102 - INFO - ============================================================
2025-12-28 18:45:23,102 - INFO - FINAL TEST RESULTS
2025-12-28 18:45:23,102 - INFO -   Acc@1:  47.09%
2025-12-28 18:45:23,102 - INFO -   Acc@5:  82.56%
2025-12-28 18:45:23,102 - INFO -   Acc@10: 85.28%
2025-12-28 18:45:23,102 - INFO -   MRR:    63.03%
2025-12-28 18:45:23,102 - INFO -   NDCG:   68.51%
2025-12-28 18:45:23,102 - INFO - ============================================================
