2025-12-29 23:42:15,593 - INFO - ============================================================
2025-12-29 23:42:15,593 - INFO - POINTER V45 - Training Started
2025-12-29 23:42:15,593 - INFO - ============================================================
2025-12-29 23:42:15,593 - INFO - Model config: {'d_model': 128, 'dim_feedforward': 512, 'dropout': 0.15, 'nhead': 8, 'num_layers': 8}
2025-12-29 23:42:15,593 - INFO - Training config: {'batch_size': 128, 'grad_clip': 0.8, 'label_smoothing': 0.03, 'learning_rate': 0.00065, 'min_epochs': 8, 'min_lr': 1e-06, 'num_epochs': 50, 'patience': 5, 'use_amp': True, 'warmup_epochs': 5, 'weight_decay': 0.015}
2025-12-29 23:42:15,593 - INFO - ============================================================
2025-12-29 23:42:15,593 - INFO - Training for 50 epochs
2025-12-29 23:42:15,594 - INFO - Model parameters: 2,000,300
2025-12-29 23:42:21,360 - INFO - Epoch 1/50 | LR: 1.30e-04 | Train: 5.0024 | Val: 3.6349 | Acc@1: 38.89%
2025-12-29 23:42:21,434 - INFO -   ✓ New best (Acc@1: 38.89%)
2025-12-29 23:42:26,920 - INFO - Epoch 2/50 | LR: 2.60e-04 | Train: 4.2441 | Val: 3.5367 | Acc@1: 40.12%
2025-12-29 23:42:27,001 - INFO -   ✓ New best (Acc@1: 40.12%)
2025-12-29 23:42:32,587 - INFO - Epoch 3/50 | LR: 3.90e-04 | Train: 3.7965 | Val: 3.6329 | Acc@1: 37.92%
2025-12-29 23:42:37,976 - INFO - Epoch 4/50 | LR: 5.20e-04 | Train: 3.4037 | Val: 3.6406 | Acc@1: 39.67%
2025-12-29 23:42:43,242 - INFO - Epoch 5/50 | LR: 6.50e-04 | Train: 3.1206 | Val: 3.6932 | Acc@1: 37.50%
2025-12-29 23:42:47,942 - INFO - Epoch 6/50 | LR: 6.50e-04 | Train: 2.7448 | Val: 3.8027 | Acc@1: 41.99%
2025-12-29 23:42:52,267 - INFO - Epoch 7/50 | LR: 6.49e-04 | Train: 2.4638 | Val: 3.9069 | Acc@1: 40.48%
2025-12-29 23:42:56,205 - INFO - Epoch 8/50 | LR: 6.47e-04 | Train: 2.2034 | Val: 3.8796 | Acc@1: 40.36%
2025-12-29 23:42:56,205 - INFO - Early stopping at epoch 8
2025-12-29 23:42:56,355 - INFO - Loaded checkpoint from epoch 2
2025-12-29 23:42:57,629 - INFO - ============================================================
2025-12-29 23:42:57,629 - INFO - FINAL VALIDATION RESULTS
2025-12-29 23:42:57,629 - INFO -   Acc@1:  40.12%
2025-12-29 23:42:57,629 - INFO -   Acc@5:  68.61%
2025-12-29 23:42:57,629 - INFO -   Acc@10: 75.06%
2025-12-29 23:42:57,629 - INFO -   MRR:    53.05%
2025-12-29 23:42:57,629 - INFO -   NDCG:   58.09%
2025-12-29 23:42:57,629 - INFO - ============================================================
2025-12-29 23:42:57,629 - INFO - FINAL TEST RESULTS
2025-12-29 23:42:57,629 - INFO -   Acc@1:  41.58%
2025-12-29 23:42:57,629 - INFO -   Acc@5:  72.47%
2025-12-29 23:42:57,629 - INFO -   Acc@10: 77.79%
2025-12-29 23:42:57,629 - INFO -   MRR:    55.55%
2025-12-29 23:42:57,630 - INFO -   NDCG:   60.75%
2025-12-29 23:42:57,630 - INFO - ============================================================
