2025-12-29 09:12:40,598 - INFO - ============================================================
2025-12-29 09:12:40,598 - INFO - POINTER V45 - Training Started
2025-12-29 09:12:40,598 - INFO - ============================================================
2025-12-29 09:12:40,598 - INFO - Model config: {'d_model': 72, 'dim_feedforward': 144, 'dropout': 0.15, 'nhead': 4, 'num_layers': 2}
2025-12-29 09:12:40,598 - INFO - Training config: {'batch_size': 128, 'grad_clip': 0.8, 'label_smoothing': 0.03, 'learning_rate': 0.00065, 'min_epochs': 8, 'min_lr': 1e-06, 'num_epochs': 50, 'patience': 5, 'use_amp': True, 'warmup_epochs': 5, 'weight_decay': 0.015}
2025-12-29 09:12:40,598 - INFO - ============================================================
2025-12-29 09:12:40,598 - INFO - Training for 50 epochs
2025-12-29 09:12:40,599 - INFO - Model parameters: 284,440
2025-12-29 09:12:44,616 - INFO - Epoch 1/50 | LR: 1.30e-04 | Train: 4.0609 | Val: 2.9293 | Acc@1: 39.55%
2025-12-29 09:12:44,637 - INFO -   ✓ New best (Acc@1: 39.55%)
2025-12-29 09:12:47,671 - INFO - Epoch 2/50 | LR: 2.60e-04 | Train: 3.7413 | Val: 2.8306 | Acc@1: 43.92%
2025-12-29 09:12:47,694 - INFO -   ✓ New best (Acc@1: 43.92%)
2025-12-29 09:12:50,976 - INFO - Epoch 3/50 | LR: 3.90e-04 | Train: 3.5336 | Val: 2.7694 | Acc@1: 46.47%
2025-12-29 09:12:51,000 - INFO -   ✓ New best (Acc@1: 46.47%)
2025-12-29 09:12:54,089 - INFO - Epoch 4/50 | LR: 5.20e-04 | Train: 3.3502 | Val: 2.7604 | Acc@1: 46.33%
2025-12-29 09:12:54,111 - INFO -   ✓ New best (Acc@1: 46.33%)
2025-12-29 09:12:57,296 - INFO - Epoch 5/50 | LR: 6.50e-04 | Train: 3.1750 | Val: 2.7909 | Acc@1: 47.87%
2025-12-29 09:13:00,390 - INFO - Epoch 6/50 | LR: 6.50e-04 | Train: 3.0065 | Val: 2.7730 | Acc@1: 47.69%
2025-12-29 09:13:03,359 - INFO - Epoch 7/50 | LR: 6.49e-04 | Train: 2.8207 | Val: 2.7552 | Acc@1: 47.83%
2025-12-29 09:13:03,382 - INFO -   ✓ New best (Acc@1: 47.83%)
2025-12-29 09:13:06,143 - INFO - Epoch 8/50 | LR: 6.47e-04 | Train: 2.6526 | Val: 2.7813 | Acc@1: 48.15%
2025-12-29 09:13:08,970 - INFO - Epoch 9/50 | LR: 6.43e-04 | Train: 2.5012 | Val: 2.8127 | Acc@1: 47.62%
2025-12-29 09:13:11,726 - INFO - Epoch 10/50 | LR: 6.37e-04 | Train: 2.3550 | Val: 2.8386 | Acc@1: 48.32%
2025-12-29 09:13:14,612 - INFO - Epoch 11/50 | LR: 6.30e-04 | Train: 2.2052 | Val: 2.9064 | Acc@1: 47.97%
2025-12-29 09:13:17,480 - INFO - Epoch 12/50 | LR: 6.22e-04 | Train: 2.0691 | Val: 2.9516 | Acc@1: 48.15%
2025-12-29 09:13:17,480 - INFO - Early stopping at epoch 12
2025-12-29 09:13:17,563 - INFO - Loaded checkpoint from epoch 7
2025-12-29 09:13:18,844 - INFO - ============================================================
2025-12-29 09:13:18,844 - INFO - FINAL VALIDATION RESULTS
2025-12-29 09:13:18,844 - INFO -   Acc@1:  47.83%
2025-12-29 09:13:18,844 - INFO -   Acc@5:  79.37%
2025-12-29 09:13:18,844 - INFO -   Acc@10: 83.85%
2025-12-29 09:13:18,844 - INFO -   MRR:    61.41%
2025-12-29 09:13:18,844 - INFO -   NDCG:   66.66%
2025-12-29 09:13:18,844 - INFO - ============================================================
2025-12-29 09:13:18,845 - INFO - FINAL TEST RESULTS
2025-12-29 09:13:18,845 - INFO -   Acc@1:  52.80%
2025-12-29 09:13:18,845 - INFO -   Acc@5:  83.69%
2025-12-29 09:13:18,845 - INFO -   Acc@10: 86.57%
2025-12-29 09:13:18,845 - INFO -   MRR:    66.19%
2025-12-29 09:13:18,845 - INFO -   NDCG:   71.08%
2025-12-29 09:13:18,845 - INFO - ============================================================
