Training LSTM model
Dataset: geolife
Config: /data/next_loc_clean_v2/config/ht_optuna/optuna_LSTM_geolife_prev14_t17_20260101_102436_7bc92a92.yaml
Device: cuda
Seed: 42
==================================================
Data loaders: train=215, val=90, test=96
Total trainable parameters: 230617

=== Epoch 1 ===
Epoch 1, 9.3%	 loss: 7.229 acc@1: 0.00 mrr: 0.72, ndcg: 0.57, took: 4.45s
Epoch 1, 18.6%	 loss: 7.234 acc@1: 0.00 mrr: 0.52, ndcg: 0.24, took: 2.22s
Epoch 1, 27.9%	 loss: 7.189 acc@1: 0.00 mrr: 0.61, ndcg: 0.40, took: 2.24s
Epoch 1, 37.2%	 loss: 7.040 acc@1: 0.94 mrr: 2.10, ndcg: 2.05, took: 2.22s
Epoch 1, 46.5%	 loss: 6.999 acc@1: 2.50 mrr: 3.52, ndcg: 3.40, took: 2.36s
Epoch 1, 55.8%	 loss: 6.916 acc@1: 2.50 mrr: 4.14, ndcg: 4.31, took: 2.36s
Epoch 1, 65.1%	 loss: 6.795 acc@1: 7.81 mrr: 9.47, ndcg: 9.65, took: 2.37s
Epoch 1, 74.4%	 loss: 6.572 acc@1: 13.12 mrr: 15.51, ndcg: 15.96, took: 2.38s
Epoch 1, 83.7%	 loss: 6.388 acc@1: 14.69 mrr: 18.77, ndcg: 19.79, took: 2.29s
Epoch 1, 93.0%	 loss: 6.137 acc@1: 15.78 mrr: 22.60, ndcg: 24.39, took: 2.27s
Validation - loss: 5.7610, acc@1: 18.85%, f1: 8.58%, mrr: 31.04%, ndcg: 34.39%
Current learning rate: 0.000750

=== Epoch 2 ===
Epoch 2, 9.3%	 loss: 5.685 acc@1: 15.47 mrr: 27.71, ndcg: 32.03, took: 1.49s
Epoch 2, 18.6%	 loss: 5.251 acc@1: 24.22 mrr: 36.94, ndcg: 41.14, took: 1.45s
Epoch 2, 27.9%	 loss: 5.169 acc@1: 22.97 mrr: 35.82, ndcg: 40.45, took: 1.37s
Epoch 2, 37.2%	 loss: 5.060 acc@1: 22.03 mrr: 34.30, ndcg: 38.72, took: 1.85s
Epoch 2, 46.5%	 loss: 4.746 acc@1: 26.41 mrr: 38.50, ndcg: 43.03, took: 1.94s
Epoch 2, 55.8%	 loss: 4.648 acc@1: 28.44 mrr: 39.81, ndcg: 44.49, took: 2.02s
Epoch 2, 65.1%	 loss: 4.271 acc@1: 30.31 mrr: 42.64, ndcg: 47.35, took: 2.06s
Epoch 2, 74.4%	 loss: 4.198 acc@1: 31.41 mrr: 43.15, ndcg: 48.07, took: 2.00s
Epoch 2, 83.7%	 loss: 4.091 acc@1: 33.12 mrr: 44.92, ndcg: 49.06, took: 1.96s
Epoch 2, 93.0%	 loss: 3.934 acc@1: 33.28 mrr: 45.58, ndcg: 50.05, took: 1.93s
Validation - loss: 4.2669, acc@1: 35.80%, f1: 22.37%, mrr: 46.93%, ndcg: 50.39%
Current learning rate: 0.001500

=== Epoch 3 ===
Epoch 3, 9.3%	 loss: 3.594 acc@1: 36.09 mrr: 48.49, ndcg: 53.06, took: 2.02s
Epoch 3, 18.6%	 loss: 3.661 acc@1: 33.44 mrr: 46.64, ndcg: 50.97, took: 1.78s
Epoch 3, 27.9%	 loss: 3.547 acc@1: 36.09 mrr: 48.86, ndcg: 53.68, took: 1.65s
Epoch 3, 37.2%	 loss: 3.628 acc@1: 33.28 mrr: 47.23, ndcg: 51.97, took: 1.23s
Epoch 3, 46.5%	 loss: 3.538 acc@1: 35.16 mrr: 48.46, ndcg: 52.92, took: 1.33s
Epoch 3, 55.8%	 loss: 3.397 acc@1: 36.25 mrr: 49.49, ndcg: 54.34, took: 1.60s
Epoch 3, 65.1%	 loss: 3.487 acc@1: 34.53 mrr: 48.46, ndcg: 53.21, took: 1.84s
Epoch 3, 74.4%	 loss: 3.406 acc@1: 36.41 mrr: 49.88, ndcg: 54.50, took: 2.22s
Epoch 3, 83.7%	 loss: 3.462 acc@1: 37.50 mrr: 50.33, ndcg: 54.57, took: 2.28s
Epoch 3, 93.0%	 loss: 3.501 acc@1: 32.97 mrr: 47.41, ndcg: 52.50, took: 2.32s
Validation - loss: 4.2168, acc@1: 36.08%, f1: 22.66%, mrr: 47.91%, ndcg: 51.97%
Current learning rate: 0.001469

=== Epoch 4 ===
Epoch 4, 9.3%	 loss: 3.250 acc@1: 35.62 mrr: 50.03, ndcg: 54.45, took: 2.27s
Epoch 4, 18.6%	 loss: 3.232 acc@1: 35.78 mrr: 50.06, ndcg: 54.74, took: 2.03s
Epoch 4, 27.9%	 loss: 3.168 acc@1: 32.50 mrr: 48.74, ndcg: 54.33, took: 1.98s
Epoch 4, 37.2%	 loss: 3.072 acc@1: 37.19 mrr: 51.79, ndcg: 56.53, took: 1.84s
Epoch 4, 46.5%	 loss: 3.121 acc@1: 37.97 mrr: 52.04, ndcg: 57.05, took: 1.80s
Epoch 4, 55.8%	 loss: 3.140 acc@1: 35.47 mrr: 50.61, ndcg: 55.67, took: 1.89s
Epoch 4, 65.1%	 loss: 3.251 acc@1: 33.12 mrr: 48.16, ndcg: 53.49, took: 1.77s
Epoch 4, 74.4%	 loss: 3.353 acc@1: 34.38 mrr: 48.29, ndcg: 53.07, took: 1.55s
Epoch 4, 83.7%	 loss: 3.339 acc@1: 34.38 mrr: 48.63, ndcg: 53.23, took: 1.73s
Epoch 4, 93.0%	 loss: 3.122 acc@1: 35.94 mrr: 51.22, ndcg: 56.38, took: 1.66s
Validation - loss: 4.2512, acc@1: 37.06%, f1: 23.15%, mrr: 49.23%, ndcg: 53.11%
Current learning rate: 0.001438

=== Epoch 5 ===
Epoch 5, 9.3%	 loss: 3.066 acc@1: 35.94 mrr: 50.77, ndcg: 55.80, took: 1.80s
Epoch 5, 18.6%	 loss: 2.969 acc@1: 35.78 mrr: 50.81, ndcg: 56.17, took: 1.76s
Epoch 5, 27.9%	 loss: 2.952 acc@1: 37.81 mrr: 52.91, ndcg: 58.09, took: 1.66s
Epoch 5, 37.2%	 loss: 3.006 acc@1: 35.00 mrr: 50.44, ndcg: 55.43, took: 1.54s
Epoch 5, 46.5%	 loss: 3.067 acc@1: 37.66 mrr: 52.03, ndcg: 56.45, took: 1.66s
Epoch 5, 55.8%	 loss: 2.982 acc@1: 34.22 mrr: 51.09, ndcg: 56.60, took: 1.79s
Epoch 5, 65.1%	 loss: 3.078 acc@1: 37.03 mrr: 51.48, ndcg: 56.25, took: 1.85s
Epoch 5, 74.4%	 loss: 2.832 acc@1: 39.06 mrr: 54.34, ndcg: 59.31, took: 1.71s
Epoch 5, 83.7%	 loss: 2.907 acc@1: 38.59 mrr: 53.59, ndcg: 58.21, took: 1.57s
Epoch 5, 93.0%	 loss: 2.983 acc@1: 34.84 mrr: 50.83, ndcg: 56.40, took: 1.48s
Validation - loss: 4.2754, acc@1: 38.50%, f1: 25.88%, mrr: 49.97%, ndcg: 53.73%
Current learning rate: 0.001406

=== Epoch 6 ===
Epoch 6, 9.3%	 loss: 2.887 acc@1: 37.34 mrr: 51.87, ndcg: 56.86, took: 1.33s
Epoch 6, 18.6%	 loss: 2.821 acc@1: 35.62 mrr: 51.71, ndcg: 57.07, took: 1.25s
Epoch 6, 27.9%	 loss: 2.835 acc@1: 36.88 mrr: 52.78, ndcg: 57.87, took: 1.22s
Epoch 6, 37.2%	 loss: 2.748 acc@1: 40.31 mrr: 54.86, ndcg: 59.78, took: 1.19s
Epoch 6, 46.5%	 loss: 2.788 acc@1: 40.47 mrr: 54.54, ndcg: 58.97, took: 1.33s
Epoch 6, 55.8%	 loss: 2.885 acc@1: 38.75 mrr: 53.14, ndcg: 57.72, took: 1.39s
Epoch 6, 65.1%	 loss: 2.727 acc@1: 37.97 mrr: 53.82, ndcg: 58.99, took: 1.52s
Epoch 6, 74.4%	 loss: 2.865 acc@1: 39.06 mrr: 53.54, ndcg: 58.28, took: 1.40s
Epoch 6, 83.7%	 loss: 2.855 acc@1: 36.56 mrr: 52.13, ndcg: 57.49, took: 1.40s
Epoch 6, 93.0%	 loss: 2.870 acc@1: 40.47 mrr: 54.11, ndcg: 58.74, took: 1.37s
Validation - loss: 4.3184, acc@1: 37.97%, f1: 27.46%, mrr: 49.79%, ndcg: 53.63%
Current learning rate: 0.001375

=== Epoch 7 ===
Epoch 7, 9.3%	 loss: 2.632 acc@1: 40.94 mrr: 56.00, ndcg: 61.04, took: 1.01s
Epoch 7, 18.6%	 loss: 2.627 acc@1: 39.69 mrr: 55.24, ndcg: 60.57, took: 1.02s
Epoch 7, 27.9%	 loss: 2.666 acc@1: 39.06 mrr: 54.52, ndcg: 60.06, took: 0.97s
Epoch 7, 37.2%	 loss: 2.643 acc@1: 39.38 mrr: 54.92, ndcg: 59.93, took: 1.12s
Epoch 7, 46.5%	 loss: 2.531 acc@1: 42.66 mrr: 57.72, ndcg: 62.93, took: 1.16s
Epoch 7, 55.8%	 loss: 2.762 acc@1: 38.12 mrr: 53.29, ndcg: 58.36, took: 1.31s
Epoch 7, 65.1%	 loss: 2.785 acc@1: 35.78 mrr: 52.23, ndcg: 57.97, took: 1.40s
Epoch 7, 74.4%	 loss: 2.879 acc@1: 37.34 mrr: 52.06, ndcg: 57.08, took: 1.40s
Epoch 7, 83.7%	 loss: 2.801 acc@1: 39.53 mrr: 53.31, ndcg: 58.29, took: 1.40s
Epoch 7, 93.0%	 loss: 2.656 acc@1: 39.69 mrr: 55.19, ndcg: 60.84, took: 1.45s
Validation - loss: 4.4276, acc@1: 37.48%, f1: 26.03%, mrr: 49.54%, ndcg: 53.46%
Current learning rate: 0.001344

=== Epoch 8 ===
Epoch 8, 9.3%	 loss: 2.611 acc@1: 40.47 mrr: 55.30, ndcg: 60.86, took: 1.12s
Epoch 8, 18.6%	 loss: 2.579 acc@1: 38.28 mrr: 54.77, ndcg: 60.37, took: 0.90s
Epoch 8, 27.9%	 loss: 2.478 acc@1: 40.31 mrr: 56.35, ndcg: 62.44, took: 0.76s
Epoch 8, 37.2%	 loss: 2.524 acc@1: 40.31 mrr: 56.44, ndcg: 61.87, took: 0.76s
Epoch 8, 46.5%	 loss: 2.515 acc@1: 40.31 mrr: 55.81, ndcg: 61.80, took: 1.17s
Epoch 8, 55.8%	 loss: 2.573 acc@1: 40.62 mrr: 55.97, ndcg: 61.07, took: 1.20s
Epoch 8, 65.1%	 loss: 2.647 acc@1: 38.91 mrr: 54.06, ndcg: 59.47, took: 1.45s
Epoch 8, 74.4%	 loss: 2.583 acc@1: 42.19 mrr: 56.03, ndcg: 61.02, took: 1.45s
Epoch 8, 83.7%	 loss: 2.587 acc@1: 38.91 mrr: 55.24, ndcg: 60.98, took: 1.43s
Epoch 8, 93.0%	 loss: 2.580 acc@1: 39.53 mrr: 55.32, ndcg: 60.87, took: 1.41s
Validation - loss: 4.4626, acc@1: 36.15%, f1: 26.43%, mrr: 48.49%, ndcg: 52.71%
Current learning rate: 0.000131

=== Epoch 9 ===
Epoch 9, 9.3%	 loss: 3.430 acc@1: 32.34 mrr: 46.55, ndcg: 51.41, took: 1.32s
Epoch 9, 18.6%	 loss: 3.307 acc@1: 36.25 mrr: 49.90, ndcg: 54.69, took: 1.14s
Epoch 9, 27.9%	 loss: 3.114 acc@1: 39.06 mrr: 52.38, ndcg: 56.78, took: 1.06s
Epoch 9, 37.2%	 loss: 3.142 acc@1: 35.47 mrr: 50.86, ndcg: 55.90, took: 0.95s
Epoch 9, 46.5%	 loss: 3.196 acc@1: 37.19 mrr: 50.98, ndcg: 55.48, took: 0.90s
Epoch 9, 55.8%	 loss: 3.321 acc@1: 34.53 mrr: 48.30, ndcg: 53.03, took: 0.95s
Epoch 9, 65.1%	 loss: 3.010 acc@1: 35.62 mrr: 51.61, ndcg: 56.80, took: 1.07s
Epoch 9, 74.4%	 loss: 3.252 acc@1: 32.34 mrr: 47.88, ndcg: 53.16, took: 1.24s
Epoch 9, 83.7%	 loss: 3.277 acc@1: 36.41 mrr: 49.91, ndcg: 54.26, took: 1.40s
Epoch 9, 93.0%	 loss: 3.117 acc@1: 37.34 mrr: 51.82, ndcg: 56.69, took: 1.42s
Validation - loss: 4.2044, acc@1: 35.94%, f1: 22.48%, mrr: 48.03%, ndcg: 52.14%
Current learning rate: 0.000131

=== Epoch 10 ===
Epoch 10, 9.3%	 loss: 3.086 acc@1: 37.97 mrr: 52.10, ndcg: 56.70, took: 1.30s
Epoch 10, 18.6%	 loss: 3.149 acc@1: 38.44 mrr: 51.90, ndcg: 56.29, took: 1.31s
Epoch 10, 27.9%	 loss: 3.204 acc@1: 36.88 mrr: 50.75, ndcg: 55.35, took: 1.08s
Epoch 10, 37.2%	 loss: 3.139 acc@1: 35.94 mrr: 50.86, ndcg: 55.80, took: 1.13s
Epoch 10, 46.5%	 loss: 3.135 acc@1: 38.44 mrr: 51.71, ndcg: 56.30, took: 1.11s
Epoch 10, 55.8%	 loss: 2.996 acc@1: 38.28 mrr: 53.11, ndcg: 58.05, took: 1.16s
Epoch 10, 65.1%	 loss: 3.128 acc@1: 35.78 mrr: 50.99, ndcg: 55.67, took: 1.26s
Epoch 10, 74.4%	 loss: 3.199 acc@1: 35.00 mrr: 49.33, ndcg: 54.44, took: 1.22s
Epoch 10, 83.7%	 loss: 3.273 acc@1: 34.06 mrr: 48.64, ndcg: 53.56, took: 1.18s
Epoch 10, 93.0%	 loss: 3.189 acc@1: 36.09 mrr: 50.26, ndcg: 55.07, took: 1.11s
Validation - loss: 4.2159, acc@1: 36.26%, f1: 22.33%, mrr: 48.40%, ndcg: 52.45%
Current learning rate: 0.000131

=== Epoch 11 ===
Epoch 11, 9.3%	 loss: 3.040 acc@1: 36.25 mrr: 51.59, ndcg: 56.60, took: 1.34s
Epoch 11, 18.6%	 loss: 3.148 acc@1: 37.50 mrr: 51.53, ndcg: 55.81, took: 1.20s
Epoch 11, 27.9%	 loss: 3.153 acc@1: 37.19 mrr: 51.37, ndcg: 55.87, took: 1.21s
Epoch 11, 37.2%	 loss: 3.261 acc@1: 32.50 mrr: 47.90, ndcg: 52.93, took: 1.12s
Epoch 11, 46.5%	 loss: 3.068 acc@1: 37.03 mrr: 51.81, ndcg: 56.77, took: 1.07s
Epoch 11, 55.8%	 loss: 3.106 acc@1: 36.09 mrr: 50.69, ndcg: 55.61, took: 1.06s
Epoch 11, 65.1%	 loss: 3.109 acc@1: 37.97 mrr: 51.91, ndcg: 56.69, took: 1.18s
Epoch 11, 74.4%	 loss: 3.096 acc@1: 36.56 mrr: 51.33, ndcg: 56.17, took: 1.31s
Epoch 11, 83.7%	 loss: 2.965 acc@1: 37.34 mrr: 52.36, ndcg: 57.24, took: 1.41s
Epoch 11, 93.0%	 loss: 3.156 acc@1: 36.88 mrr: 50.91, ndcg: 55.63, took: 1.43s
Validation - loss: 4.2236, acc@1: 35.91%, f1: 22.54%, mrr: 48.27%, ndcg: 52.34%
Current learning rate: 0.000131

=== Epoch 12 ===
Epoch 12, 9.3%	 loss: 2.993 acc@1: 38.91 mrr: 52.99, ndcg: 57.50, took: 1.23s
Epoch 12, 18.6%	 loss: 3.271 acc@1: 32.50 mrr: 47.68, ndcg: 52.62, took: 1.31s
Epoch 12, 27.9%	 loss: 2.948 acc@1: 39.06 mrr: 53.66, ndcg: 58.51, took: 1.28s
Epoch 12, 37.2%	 loss: 3.163 acc@1: 34.22 mrr: 49.27, ndcg: 54.11, took: 1.32s
Epoch 12, 46.5%	 loss: 3.012 acc@1: 37.50 mrr: 52.36, ndcg: 57.27, took: 1.06s
Epoch 12, 55.8%	 loss: 2.996 acc@1: 37.97 mrr: 52.45, ndcg: 56.92, took: 1.08s
Epoch 12, 65.1%	 loss: 2.942 acc@1: 38.44 mrr: 53.56, ndcg: 58.73, took: 1.12s
Epoch 12, 74.4%	 loss: 3.172 acc@1: 35.47 mrr: 49.75, ndcg: 54.46, took: 1.25s
Epoch 12, 83.7%	 loss: 3.046 acc@1: 39.06 mrr: 52.70, ndcg: 57.21, took: 1.40s
Epoch 12, 93.0%	 loss: 3.147 acc@1: 35.62 mrr: 50.45, ndcg: 55.51, took: 1.41s
Validation - loss: 4.2445, acc@1: 36.19%, f1: 22.85%, mrr: 48.44%, ndcg: 52.48%
Current learning rate: 0.000131

=== Epoch 13 ===
Epoch 13, 9.3%	 loss: 3.145 acc@1: 33.75 mrr: 49.45, ndcg: 54.57, took: 1.19s
Epoch 13, 18.6%	 loss: 2.952 acc@1: 39.53 mrr: 53.70, ndcg: 58.35, took: 1.09s
Epoch 13, 27.9%	 loss: 3.119 acc@1: 36.09 mrr: 50.88, ndcg: 55.67, took: 1.13s
Epoch 13, 37.2%	 loss: 3.110 acc@1: 34.84 mrr: 49.94, ndcg: 54.87, took: 1.27s
Epoch 13, 46.5%	 loss: 3.140 acc@1: 37.50 mrr: 51.07, ndcg: 55.03, took: 1.10s
Epoch 13, 55.8%	 loss: 3.032 acc@1: 36.56 mrr: 51.24, ndcg: 56.11, took: 1.12s
Epoch 13, 65.1%	 loss: 3.092 acc@1: 35.16 mrr: 50.43, ndcg: 55.34, took: 1.15s
Epoch 13, 74.4%	 loss: 2.943 acc@1: 37.19 mrr: 52.83, ndcg: 58.12, took: 1.32s
Epoch 13, 83.7%	 loss: 3.024 acc@1: 37.66 mrr: 52.86, ndcg: 57.87, took: 1.41s
Epoch 13, 93.0%	 loss: 3.051 acc@1: 38.12 mrr: 52.07, ndcg: 56.98, took: 1.47s
Validation - loss: 4.2694, acc@1: 36.36%, f1: 23.03%, mrr: 48.60%, ndcg: 52.62%
Current learning rate: 0.000131

=== Epoch 14 ===
Epoch 14, 9.3%	 loss: 3.075 acc@1: 36.88 mrr: 51.25, ndcg: 55.84, took: 1.36s
Epoch 14, 18.6%	 loss: 3.218 acc@1: 34.06 mrr: 49.01, ndcg: 53.79, took: 1.35s
Epoch 14, 27.9%	 loss: 2.869 acc@1: 38.12 mrr: 53.64, ndcg: 58.69, took: 1.23s
Epoch 14, 37.2%	 loss: 2.896 acc@1: 37.66 mrr: 53.14, ndcg: 58.52, took: 0.99s
Epoch 14, 46.5%	 loss: 2.999 acc@1: 38.28 mrr: 52.83, ndcg: 57.15, took: 0.91s
Epoch 14, 55.8%	 loss: 3.029 acc@1: 36.56 mrr: 51.34, ndcg: 56.35, took: 0.95s
Epoch 14, 65.1%	 loss: 3.140 acc@1: 38.28 mrr: 51.31, ndcg: 55.78, took: 1.20s
Epoch 14, 74.4%	 loss: 3.050 acc@1: 35.31 mrr: 50.74, ndcg: 55.53, took: 1.25s
Epoch 14, 83.7%	 loss: 3.023 acc@1: 37.97 mrr: 52.24, ndcg: 57.20, took: 1.45s
Epoch 14, 93.0%	 loss: 3.070 acc@1: 35.16 mrr: 50.50, ndcg: 55.81, took: 1.42s
Validation - loss: 4.2779, acc@1: 36.19%, f1: 23.07%, mrr: 48.54%, ndcg: 52.55%
Current learning rate: 0.000013

=== Epoch 15 ===
Epoch 15, 9.3%	 loss: 3.207 acc@1: 34.06 mrr: 49.22, ndcg: 54.30, took: 1.30s
Epoch 15, 18.6%	 loss: 3.189 acc@1: 35.31 mrr: 49.79, ndcg: 54.97, took: 1.27s
Epoch 15, 27.9%	 loss: 3.306 acc@1: 34.22 mrr: 48.43, ndcg: 53.14, took: 1.23s
Epoch 15, 37.2%	 loss: 2.948 acc@1: 40.31 mrr: 54.21, ndcg: 58.60, took: 1.20s
Epoch 15, 46.5%	 loss: 3.038 acc@1: 38.28 mrr: 52.99, ndcg: 57.59, took: 1.16s
Epoch 15, 55.8%	 loss: 3.191 acc@1: 37.97 mrr: 51.04, ndcg: 55.14, took: 1.15s
Epoch 15, 65.1%	 loss: 3.166 acc@1: 37.97 mrr: 51.78, ndcg: 56.10, took: 1.06s
Epoch 15, 74.4%	 loss: 2.977 acc@1: 38.12 mrr: 52.97, ndcg: 58.08, took: 0.95s
Epoch 15, 83.7%	 loss: 3.315 acc@1: 35.16 mrr: 48.52, ndcg: 52.82, took: 0.95s
Epoch 15, 93.0%	 loss: 3.232 acc@1: 35.00 mrr: 49.26, ndcg: 53.91, took: 1.24s
Validation - loss: 4.2139, acc@1: 36.54%, f1: 23.08%, mrr: 48.33%, ndcg: 52.38%
Current learning rate: 0.000013

=== Epoch 16 ===
Epoch 16, 9.3%	 loss: 3.189 acc@1: 35.31 mrr: 50.23, ndcg: 55.19, took: 1.34s
Epoch 16, 18.6%	 loss: 3.119 acc@1: 37.34 mrr: 51.57, ndcg: 56.24, took: 1.41s
Epoch 16, 27.9%	 loss: 2.944 acc@1: 39.06 mrr: 53.58, ndcg: 58.30, took: 1.29s
Epoch 16, 37.2%	 loss: 3.096 acc@1: 36.09 mrr: 50.86, ndcg: 55.56, took: 1.18s
Epoch 16, 46.5%	 loss: 3.356 acc@1: 34.69 mrr: 48.14, ndcg: 52.87, took: 1.17s
Epoch 16, 55.8%	 loss: 3.124 acc@1: 36.72 mrr: 51.03, ndcg: 55.62, took: 1.23s
Epoch 16, 65.1%	 loss: 3.236 acc@1: 33.91 mrr: 48.99, ndcg: 53.68, took: 1.23s
Epoch 16, 74.4%	 loss: 3.107 acc@1: 37.97 mrr: 51.97, ndcg: 56.57, took: 1.26s
Epoch 16, 83.7%	 loss: 3.053 acc@1: 38.44 mrr: 52.29, ndcg: 57.02, took: 1.21s
Epoch 16, 93.0%	 loss: 3.181 acc@1: 36.56 mrr: 50.42, ndcg: 55.11, took: 1.14s
Validation - loss: 4.2204, acc@1: 35.87%, f1: 22.58%, mrr: 48.00%, ndcg: 52.11%
Current learning rate: 0.000013

=== Epoch 17 ===
Epoch 17, 9.3%	 loss: 3.134 acc@1: 36.56 mrr: 51.15, ndcg: 56.09, took: 1.20s
Epoch 17, 18.6%	 loss: 3.215 acc@1: 35.62 mrr: 49.99, ndcg: 54.75, took: 1.28s
Epoch 17, 27.9%	 loss: 3.085 acc@1: 38.28 mrr: 52.21, ndcg: 56.63, took: 1.09s
Epoch 17, 37.2%	 loss: 3.138 acc@1: 36.25 mrr: 50.93, ndcg: 55.92, took: 1.01s
Epoch 17, 46.5%	 loss: 3.126 acc@1: 34.69 mrr: 50.06, ndcg: 54.90, took: 1.00s
Epoch 17, 55.8%	 loss: 3.099 acc@1: 37.50 mrr: 51.67, ndcg: 56.63, took: 0.94s
Epoch 17, 65.1%	 loss: 2.914 acc@1: 37.50 mrr: 53.02, ndcg: 58.15, took: 1.15s
Epoch 17, 74.4%	 loss: 3.257 acc@1: 38.12 mrr: 50.93, ndcg: 55.13, took: 1.15s
Epoch 17, 83.7%	 loss: 3.195 acc@1: 37.03 mrr: 50.37, ndcg: 54.67, took: 1.20s
Epoch 17, 93.0%	 loss: 3.130 acc@1: 37.66 mrr: 51.52, ndcg: 55.67, took: 1.16s
Validation - loss: 4.2204, acc@1: 35.87%, f1: 22.57%, mrr: 48.06%, ndcg: 52.22%
Current learning rate: 0.000013

=== Epoch 18 ===
Epoch 18, 9.3%	 loss: 3.075 acc@1: 40.00 mrr: 53.41, ndcg: 57.67, took: 0.86s
Epoch 18, 18.6%	 loss: 3.023 acc@1: 37.66 mrr: 52.68, ndcg: 57.80, took: 0.93s
Epoch 18, 27.9%	 loss: 3.000 acc@1: 36.72 mrr: 52.37, ndcg: 57.29, took: 0.88s
Epoch 18, 37.2%	 loss: 2.925 acc@1: 39.22 mrr: 54.17, ndcg: 59.21, took: 0.93s
Epoch 18, 46.5%	 loss: 3.236 acc@1: 34.69 mrr: 49.25, ndcg: 54.06, took: 0.92s
Epoch 18, 55.8%	 loss: 3.297 acc@1: 34.53 mrr: 48.56, ndcg: 52.83, took: 0.92s
Epoch 18, 65.1%	 loss: 3.088 acc@1: 35.78 mrr: 50.55, ndcg: 55.46, took: 1.07s
Epoch 18, 74.4%	 loss: 3.292 acc@1: 33.91 mrr: 48.11, ndcg: 52.91, took: 1.20s
Epoch 18, 83.7%	 loss: 3.313 acc@1: 34.22 mrr: 48.39, ndcg: 53.01, took: 1.12s
Epoch 18, 93.0%	 loss: 3.199 acc@1: 36.25 mrr: 50.09, ndcg: 54.49, took: 1.14s
Validation - loss: 4.2183, acc@1: 35.80%, f1: 22.43%, mrr: 48.05%, ndcg: 52.18%
Current learning rate: 0.000013

=== Epoch 19 ===
Epoch 19, 9.3%	 loss: 3.487 acc@1: 30.16 mrr: 44.59, ndcg: 49.80, took: 1.05s
Epoch 19, 18.6%	 loss: 3.038 acc@1: 40.31 mrr: 53.77, ndcg: 58.31, took: 1.04s
Epoch 19, 27.9%	 loss: 3.180 acc@1: 34.22 mrr: 49.31, ndcg: 54.62, took: 0.98s
Epoch 19, 37.2%	 loss: 3.080 acc@1: 39.53 mrr: 52.93, ndcg: 57.26, took: 0.70s
Epoch 19, 46.5%	 loss: 3.126 acc@1: 35.78 mrr: 50.43, ndcg: 55.58, took: 0.62s
Epoch 19, 55.8%	 loss: 3.147 acc@1: 38.44 mrr: 51.89, ndcg: 56.13, took: 0.60s
Epoch 19, 65.1%	 loss: 3.073 acc@1: 36.72 mrr: 51.55, ndcg: 56.33, took: 0.73s
Epoch 19, 74.4%	 loss: 3.140 acc@1: 33.91 mrr: 49.72, ndcg: 54.74, took: 0.75s
Epoch 19, 83.7%	 loss: 3.024 acc@1: 37.19 mrr: 52.44, ndcg: 57.20, took: 0.72s
Epoch 19, 93.0%	 loss: 3.069 acc@1: 38.44 mrr: 52.73, ndcg: 57.51, took: 0.67s
Validation - loss: 4.2251, acc@1: 36.08%, f1: 22.28%, mrr: 48.24%, ndcg: 52.32%
Training finished.	 Time: 371.13s.	 acc@1: 35.94%

=== Test Results ===
Test Results:
  acc@1: 34.72%
  acc@5: 53.98%
  acc@10: 57.98%
  mrr: 43.51%
  ndcg: 46.69%
  f1: 20.56%

=== Training Complete ===
