2025-12-28 18:44:58,643 - INFO - ============================================================
2025-12-28 18:44:58,644 - INFO - POINTER V45 - Training Started
2025-12-28 18:44:58,644 - INFO - ============================================================
2025-12-28 18:44:58,644 - INFO - Model config: {'d_model': 80, 'dim_feedforward': 160, 'dropout': 0.15, 'nhead': 4, 'num_layers': 3}
2025-12-28 18:44:58,644 - INFO - Training config: {'batch_size': 128, 'grad_clip': 0.8, 'label_smoothing': 0.03, 'learning_rate': 0.0006, 'min_epochs': 8, 'min_lr': 1e-06, 'num_epochs': 2, 'patience': 5, 'use_amp': True, 'warmup_epochs': 5, 'weight_decay': 0.015}
2025-12-28 18:44:58,644 - INFO - ============================================================
2025-12-28 18:44:58,644 - INFO - Training for 2 epochs
2025-12-28 18:44:58,644 - INFO - Model parameters: 387,427
2025-12-28 18:45:02,850 - INFO - Epoch 1/2 | LR: 1.20e-04 | Train: 4.2567 | Val: 3.0790 | Acc@1: 37.20%
2025-12-28 18:45:02,876 - INFO -   ✓ New best (Acc@1: 37.20%)
2025-12-28 18:45:06,755 - INFO - Epoch 2/2 | LR: 2.40e-04 | Train: 3.8537 | Val: 2.9591 | Acc@1: 42.36%
2025-12-28 18:45:06,784 - INFO -   ✓ New best (Acc@1: 42.36%)
2025-12-28 18:45:06,899 - INFO - Loaded checkpoint from epoch 2
2025-12-28 18:45:08,338 - INFO - ============================================================
2025-12-28 18:45:08,338 - INFO - FINAL VALIDATION RESULTS
2025-12-28 18:45:08,338 - INFO -   Acc@1:  42.36%
2025-12-28 18:45:08,338 - INFO -   Acc@5:  79.27%
2025-12-28 18:45:08,338 - INFO -   Acc@10: 82.74%
2025-12-28 18:45:08,338 - INFO -   MRR:    58.54%
2025-12-28 18:45:08,338 - INFO -   NDCG:   64.43%
2025-12-28 18:45:08,338 - INFO - ============================================================
2025-12-28 18:45:08,339 - INFO - FINAL TEST RESULTS
2025-12-28 18:45:08,339 - INFO -   Acc@1:  46.67%
2025-12-28 18:45:08,339 - INFO -   Acc@5:  81.84%
2025-12-28 18:45:08,339 - INFO -   Acc@10: 85.04%
2025-12-28 18:45:08,339 - INFO -   MRR:    62.38%
2025-12-28 18:45:08,339 - INFO -   NDCG:   67.95%
2025-12-28 18:45:08,339 - INFO - ============================================================
