2026-01-02 02:43:11,324 - INFO - ============================================================
2026-01-02 02:43:11,325 - INFO - POINTER V45 - Training Started
2026-01-02 02:43:11,325 - INFO - ============================================================
2026-01-02 02:43:11,325 - INFO - Model config: {'d_model': 64, 'dim_feedforward': 256, 'dropout': 0.2, 'nhead': 4, 'num_layers': 2}
2026-01-02 02:43:11,325 - INFO - Training config: {'batch_size': 64, 'grad_clip': 0.8, 'label_smoothing': 0.05, 'learning_rate': 0.0005, 'min_epochs': 8, 'min_lr': 1e-06, 'num_epochs': 50, 'patience': 5, 'use_amp': True, 'warmup_epochs': 7, 'weight_decay': 1e-05}
2026-01-02 02:43:11,325 - INFO - ============================================================
2026-01-02 02:43:11,325 - INFO - Training for 50 epochs
2026-01-02 02:43:11,325 - INFO - Model parameters: 1,081,554
2026-01-02 02:44:25,560 - INFO - Epoch 1/50 | LR: 7.14e-05 | Train: 3.2530 | Val: 3.2348 | Acc@1: 49.82%
2026-01-02 02:44:25,601 - INFO -   ✓ New best (Acc@1: 49.82%)
2026-01-02 02:45:40,284 - INFO - Epoch 2/50 | LR: 1.43e-04 | Train: 3.0636 | Val: 3.1614 | Acc@1: 52.46%
2026-01-02 02:45:40,331 - INFO -   ✓ New best (Acc@1: 52.46%)
2026-01-02 02:46:55,376 - INFO - Epoch 3/50 | LR: 2.14e-04 | Train: 2.9920 | Val: 3.1310 | Acc@1: 53.17%
2026-01-02 02:46:55,421 - INFO -   ✓ New best (Acc@1: 53.17%)
2026-01-02 02:48:11,016 - INFO - Epoch 4/50 | LR: 2.86e-04 | Train: 2.9470 | Val: 3.1123 | Acc@1: 53.97%
2026-01-02 02:48:11,067 - INFO -   ✓ New best (Acc@1: 53.97%)
2026-01-02 02:49:25,594 - INFO - Epoch 5/50 | LR: 3.57e-04 | Train: 2.9093 | Val: 3.1071 | Acc@1: 54.07%
2026-01-02 02:49:25,639 - INFO -   ✓ New best (Acc@1: 54.07%)
2026-01-02 02:50:39,304 - INFO - Epoch 6/50 | LR: 4.29e-04 | Train: 2.8734 | Val: 3.0985 | Acc@1: 54.74%
2026-01-02 02:50:39,345 - INFO -   ✓ New best (Acc@1: 54.74%)
2026-01-02 02:51:55,580 - INFO - Epoch 7/50 | LR: 5.00e-04 | Train: 2.8395 | Val: 3.0918 | Acc@1: 54.53%
2026-01-02 02:51:55,623 - INFO -   ✓ New best (Acc@1: 54.53%)
2026-01-02 02:53:12,596 - INFO - Epoch 8/50 | LR: 5.00e-04 | Train: 2.8025 | Val: 3.0976 | Acc@1: 54.61%
2026-01-02 02:54:28,080 - INFO - Epoch 9/50 | LR: 4.99e-04 | Train: 2.7704 | Val: 3.0970 | Acc@1: 54.71%
2026-01-02 02:55:42,506 - INFO - Epoch 10/50 | LR: 4.97e-04 | Train: 2.7492 | Val: 3.1084 | Acc@1: 54.06%
2026-01-02 02:56:57,559 - INFO - Epoch 11/50 | LR: 4.94e-04 | Train: 2.7366 | Val: 3.1249 | Acc@1: 54.30%
2026-01-02 02:58:13,639 - INFO - Epoch 12/50 | LR: 4.89e-04 | Train: 2.7280 | Val: 3.1469 | Acc@1: 53.66%
2026-01-02 02:58:13,639 - INFO - Early stopping at epoch 12
2026-01-02 02:58:13,691 - INFO - Loaded checkpoint from epoch 7
2026-01-02 02:58:18,367 - INFO - ============================================================
2026-01-02 02:58:18,367 - INFO - FINAL VALIDATION RESULTS
2026-01-02 02:58:18,368 - INFO -   Acc@1:  54.53%
2026-01-02 02:58:18,368 - INFO -   Acc@5:  79.48%
2026-01-02 02:58:18,368 - INFO -   Acc@10: 82.93%
2026-01-02 02:58:18,368 - INFO -   MRR:    65.47%
2026-01-02 02:58:18,368 - INFO -   NDCG:   69.65%
2026-01-02 02:58:18,368 - INFO - ============================================================
2026-01-02 02:58:18,368 - INFO - FINAL TEST RESULTS
2026-01-02 02:58:18,368 - INFO -   Acc@1:  56.82%
2026-01-02 02:58:18,368 - INFO -   Acc@5:  82.15%
2026-01-02 02:58:18,368 - INFO -   Acc@10: 85.21%
2026-01-02 02:58:18,368 - INFO -   MRR:    67.74%
2026-01-02 02:58:18,368 - INFO -   NDCG:   71.94%
2026-01-02 02:58:18,368 - INFO - ============================================================
