2025-12-30 13:25:55,022 - INFO - ============================================================
2025-12-30 13:25:55,022 - INFO - POINTER V45 - Training Started
2025-12-30 13:25:55,022 - INFO - ============================================================
2025-12-30 13:25:55,022 - INFO - Model config: {'d_model': 128, 'dim_feedforward': 128, 'dropout': 0.15, 'nhead': 8, 'num_layers': 4}
2025-12-30 13:25:55,022 - INFO - Training config: {'batch_size': 128, 'grad_clip': 0.8, 'label_smoothing': 0.03, 'learning_rate': 0.00065, 'min_epochs': 3, 'min_lr': 1e-06, 'num_epochs': 50, 'patience': 5, 'use_amp': True, 'warmup_epochs': 5, 'weight_decay': 0.015}
2025-12-30 13:25:55,022 - INFO - ============================================================
2025-12-30 13:25:55,022 - INFO - Training for 50 epochs
2025-12-30 13:25:55,022 - INFO - Model parameters: 2,482,016
2025-12-30 13:27:19,675 - INFO - Epoch 1/50 | LR: 1.30e-04 | Train: 3.3444 | Val: 3.1839 | Acc@1: 51.00%
2025-12-30 13:27:19,741 - INFO -   ✓ New best (Acc@1: 51.00%)
2025-12-30 13:28:45,828 - INFO - Epoch 2/50 | LR: 2.60e-04 | Train: 3.0644 | Val: 3.1026 | Acc@1: 52.49%
2025-12-30 13:28:45,900 - INFO -   ✓ New best (Acc@1: 52.49%)
2025-12-30 13:30:12,809 - INFO - Epoch 3/50 | LR: 3.90e-04 | Train: 2.9278 | Val: 3.0119 | Acc@1: 53.90%
2025-12-30 13:30:12,882 - INFO -   ✓ New best (Acc@1: 53.90%)
2025-12-30 13:31:33,503 - INFO - Epoch 4/50 | LR: 5.20e-04 | Train: 2.7833 | Val: 2.9151 | Acc@1: 54.54%
2025-12-30 13:31:33,579 - INFO -   ✓ New best (Acc@1: 54.54%)
2025-12-30 13:32:53,711 - INFO - Epoch 5/50 | LR: 6.50e-04 | Train: 2.6797 | Val: 2.8712 | Acc@1: 54.64%
2025-12-30 13:32:53,783 - INFO -   ✓ New best (Acc@1: 54.64%)
2025-12-30 13:34:14,496 - INFO - Epoch 6/50 | LR: 6.50e-04 | Train: 2.5807 | Val: 2.8719 | Acc@1: 54.33%
2025-12-30 13:35:28,994 - INFO - Epoch 7/50 | LR: 6.49e-04 | Train: 2.5099 | Val: 2.8798 | Acc@1: 53.86%
2025-12-30 13:36:45,117 - INFO - Epoch 8/50 | LR: 6.47e-04 | Train: 2.4515 | Val: 2.8695 | Acc@1: 54.23%
2025-12-30 13:36:45,192 - INFO -   ✓ New best (Acc@1: 54.23%)
2025-12-30 13:38:00,732 - INFO - Epoch 9/50 | LR: 6.43e-04 | Train: 2.4013 | Val: 2.8904 | Acc@1: 53.52%
2025-12-30 13:39:16,993 - INFO - Epoch 10/50 | LR: 6.37e-04 | Train: 2.3628 | Val: 2.9153 | Acc@1: 54.01%
2025-12-30 13:40:32,326 - INFO - Epoch 11/50 | LR: 6.30e-04 | Train: 2.3264 | Val: 2.9682 | Acc@1: 53.32%
2025-12-30 13:41:49,358 - INFO - Epoch 12/50 | LR: 6.22e-04 | Train: 2.2954 | Val: 2.9774 | Acc@1: 53.59%
2025-12-30 13:43:02,661 - INFO - Epoch 13/50 | LR: 6.12e-04 | Train: 2.2599 | Val: 2.9900 | Acc@1: 52.99%
2025-12-30 13:43:02,661 - INFO - Early stopping at epoch 13
2025-12-30 13:43:02,999 - INFO - Loaded checkpoint from epoch 8
2025-12-30 13:43:12,486 - INFO - ============================================================
2025-12-30 13:43:12,486 - INFO - FINAL VALIDATION RESULTS
2025-12-30 13:43:12,486 - INFO -   Acc@1:  54.23%
2025-12-30 13:43:12,486 - INFO -   Acc@5:  80.11%
2025-12-30 13:43:12,486 - INFO -   Acc@10: 84.23%
2025-12-30 13:43:12,486 - INFO -   MRR:    65.44%
2025-12-30 13:43:12,486 - INFO -   NDCG:   69.89%
2025-12-30 13:43:12,486 - INFO - ============================================================
2025-12-30 13:43:12,486 - INFO - FINAL TEST RESULTS
2025-12-30 13:43:12,486 - INFO -   Acc@1:  54.06%
2025-12-30 13:43:12,486 - INFO -   Acc@5:  81.46%
2025-12-30 13:43:12,486 - INFO -   Acc@10: 85.10%
2025-12-30 13:43:12,486 - INFO -   MRR:    66.01%
2025-12-30 13:43:12,487 - INFO -   NDCG:   70.56%
2025-12-30 13:43:12,487 - INFO - ============================================================
