2025-12-29 06:39:25,123 - INFO - ============================================================
2025-12-29 06:39:25,123 - INFO - ABLATION STUDY: single_layer
2025-12-29 06:39:25,123 - INFO - ============================================================
2025-12-29 06:39:25,123 - INFO - Ablation: Single Transformer Layer
2025-12-29 06:39:25,123 - INFO - Model parameters: 218,004
2025-12-29 06:39:25,123 - INFO - ============================================================
2025-12-29 06:39:25,123 - INFO - Training for 50 epochs
2025-12-29 06:39:29,097 - INFO - Epoch 1/50 | LR: 1.30e-04 | Train: 4.0814 | Val: 3.2205 | Acc@1: 38.69%
2025-12-29 06:39:29,115 - INFO -   ✓ New best (Acc@1: 38.69%)
2025-12-29 06:39:32,262 - INFO - Epoch 2/50 | LR: 2.60e-04 | Train: 3.8033 | Val: 3.1152 | Acc@1: 44.33%
2025-12-29 06:39:32,279 - INFO -   ✓ New best (Acc@1: 44.33%)
2025-12-29 06:39:35,425 - INFO - Epoch 3/50 | LR: 3.90e-04 | Train: 3.6104 | Val: 3.0419 | Acc@1: 45.53%
2025-12-29 06:39:35,442 - INFO -   ✓ New best (Acc@1: 45.53%)
2025-12-29 06:39:38,415 - INFO - Epoch 4/50 | LR: 5.20e-04 | Train: 3.4291 | Val: 3.0045 | Acc@1: 46.55%
2025-12-29 06:39:38,432 - INFO -   ✓ New best (Acc@1: 46.55%)
2025-12-29 06:39:41,597 - INFO - Epoch 5/50 | LR: 6.50e-04 | Train: 3.2565 | Val: 3.0146 | Acc@1: 46.97%
2025-12-29 06:39:44,958 - INFO - Epoch 6/50 | LR: 6.50e-04 | Train: 3.0818 | Val: 3.0125 | Acc@1: 46.28%
2025-12-29 06:39:48,196 - INFO - Epoch 7/50 | LR: 6.49e-04 | Train: 2.9070 | Val: 3.0695 | Acc@1: 46.46%
2025-12-29 06:39:51,474 - INFO - Epoch 8/50 | LR: 6.47e-04 | Train: 2.7333 | Val: 3.0400 | Acc@1: 46.82%
2025-12-29 06:39:54,508 - INFO - Epoch 9/50 | LR: 6.43e-04 | Train: 2.5694 | Val: 3.1154 | Acc@1: 46.82%
2025-12-29 06:39:54,508 - INFO - Early stopping at epoch 9
2025-12-29 06:39:56,007 - INFO - ============================================================
2025-12-29 06:39:56,007 - INFO - FINAL TEST RESULTS
2025-12-29 06:39:56,008 - INFO -   Acc@1:  51.03%
2025-12-29 06:39:56,008 - INFO -   Acc@5:  81.84%
2025-12-29 06:39:56,008 - INFO -   Acc@10: 84.69%
2025-12-29 06:39:56,008 - INFO -   MRR:    64.91%
2025-12-29 06:39:56,008 - INFO -   NDCG:   69.73%
2025-12-29 06:39:56,008 - INFO -   F1:     46.05%
2025-12-29 06:39:56,008 - INFO - ============================================================
