2025-12-28 21:32:25,422 - INFO - ============================================================
2025-12-28 21:32:25,423 - INFO - POINTER V45 - Training Started
2025-12-28 21:32:25,423 - INFO - ============================================================
2025-12-28 21:32:25,423 - INFO - Model config: {'d_model': 128, 'dim_feedforward': 256, 'dropout': 0.15, 'nhead': 4, 'num_layers': 4}
2025-12-28 21:32:25,423 - INFO - Training config: {'batch_size': 128, 'grad_clip': 0.8, 'label_smoothing': 0.03, 'learning_rate': 0.0006, 'min_epochs': 8, 'min_lr': 1e-06, 'num_epochs': 50, 'patience': 5, 'use_amp': True, 'warmup_epochs': 5, 'weight_decay': 0.015}
2025-12-28 21:32:25,423 - INFO - ============================================================
2025-12-28 21:32:25,423 - INFO - Training for 50 epochs
2025-12-28 21:32:25,424 - INFO - Model parameters: 1,091,789
2025-12-28 21:33:07,657 - INFO - Epoch 1/50 | LR: 1.20e-04 | Train: 2.9132 | Val: 2.8062 | Acc@1: 43.44%
2025-12-28 21:33:07,702 - INFO -   ✓ New best (Acc@1: 43.44%)
2025-12-28 21:33:46,662 - INFO - Epoch 2/50 | LR: 2.40e-04 | Train: 2.5942 | Val: 2.7440 | Acc@1: 44.67%
2025-12-28 21:33:46,710 - INFO -   ✓ New best (Acc@1: 44.67%)
2025-12-28 21:34:26,139 - INFO - Epoch 3/50 | LR: 3.60e-04 | Train: 2.4464 | Val: 2.6302 | Acc@1: 49.18%
2025-12-28 21:34:26,185 - INFO -   ✓ New best (Acc@1: 49.18%)
2025-12-28 21:35:06,204 - INFO - Epoch 4/50 | LR: 4.80e-04 | Train: 2.3114 | Val: 2.5752 | Acc@1: 49.18%
2025-12-28 21:35:06,250 - INFO -   ✓ New best (Acc@1: 49.18%)
2025-12-28 21:35:37,641 - INFO - Epoch 5/50 | LR: 6.00e-04 | Train: 2.1806 | Val: 2.5406 | Acc@1: 51.23%
2025-12-28 21:35:37,689 - INFO -   ✓ New best (Acc@1: 51.23%)
2025-12-28 21:36:13,402 - INFO - Epoch 6/50 | LR: 6.00e-04 | Train: 2.0338 | Val: 2.5146 | Acc@1: 49.18%
2025-12-28 21:36:13,449 - INFO -   ✓ New best (Acc@1: 49.18%)
2025-12-28 21:36:55,096 - INFO - Epoch 7/50 | LR: 5.99e-04 | Train: 1.8997 | Val: 2.5278 | Acc@1: 52.46%
2025-12-28 21:37:33,411 - INFO - Epoch 8/50 | LR: 5.97e-04 | Train: 1.7731 | Val: 2.6716 | Acc@1: 50.41%
2025-12-28 21:38:15,687 - INFO - Epoch 9/50 | LR: 5.93e-04 | Train: 1.6554 | Val: 2.6909 | Acc@1: 49.18%
2025-12-28 21:38:57,282 - INFO - Epoch 10/50 | LR: 5.88e-04 | Train: 1.5425 | Val: 2.7085 | Acc@1: 50.00%
2025-12-28 21:39:39,058 - INFO - Epoch 11/50 | LR: 5.82e-04 | Train: 1.4380 | Val: 2.7222 | Acc@1: 49.59%
2025-12-28 21:39:39,058 - INFO - Early stopping at epoch 11
2025-12-28 21:39:40,427 - INFO - Loaded checkpoint from epoch 6
2025-12-28 21:39:40,992 - INFO - ============================================================
2025-12-28 21:39:40,992 - INFO - FINAL VALIDATION RESULTS
2025-12-28 21:39:40,992 - INFO -   Acc@1:  49.18%
2025-12-28 21:39:40,993 - INFO -   Acc@5:  81.56%
2025-12-28 21:39:40,993 - INFO -   Acc@10: 87.30%
2025-12-28 21:39:40,993 - INFO -   MRR:    63.66%
2025-12-28 21:39:40,993 - INFO -   NDCG:   69.26%
2025-12-28 21:39:40,993 - INFO - ============================================================
2025-12-28 21:39:40,993 - INFO - FINAL TEST RESULTS
2025-12-28 21:39:40,993 - INFO -   Acc@1:  55.24%
2025-12-28 21:39:40,993 - INFO -   Acc@5:  84.27%
2025-12-28 21:39:40,993 - INFO -   Acc@10: 91.26%
2025-12-28 21:39:40,993 - INFO -   MRR:    67.53%
2025-12-28 21:39:40,993 - INFO -   NDCG:   73.09%
2025-12-28 21:39:40,993 - INFO - ============================================================
