Training MHSA model
Dataset: geolife
Config: /data/next_loc_clean_v2/config/ht_optuna/optuna_MHSA_geolife_prev10_t5_20251231_154749_0281dbe4.yaml
Device: cuda
Seed: 42
==================================================
Data loaders: train=227, val=99, test=104
Total trainable parameters: 186076

=== Epoch 1 ===
Epoch 1, 8.8%	 loss: 7.055 acc@1: 0.16 mrr: 0.96, ndcg: 0.73, took: 2.80s
Epoch 1, 17.6%	 loss: 7.072 acc@1: 0.16 mrr: 0.76, ndcg: 0.41, took: 1.84s
Epoch 1, 26.4%	 loss: 7.057 acc@1: 0.00 mrr: 0.60, ndcg: 0.20, took: 1.89s
Epoch 1, 35.2%	 loss: 7.046 acc@1: 0.47 mrr: 1.14, ndcg: 0.74, took: 1.91s
Epoch 1, 44.1%	 loss: 7.031 acc@1: 0.00 mrr: 0.98, ndcg: 0.60, took: 1.74s
Epoch 1, 52.9%	 loss: 7.007 acc@1: 0.16 mrr: 1.32, ndcg: 1.20, took: 1.71s
Epoch 1, 61.7%	 loss: 6.981 acc@1: 0.47 mrr: 1.86, ndcg: 1.78, took: 1.87s
Epoch 1, 70.5%	 loss: 6.946 acc@1: 1.09 mrr: 3.46, ndcg: 3.81, took: 1.74s
Epoch 1, 79.3%	 loss: 6.896 acc@1: 4.22 mrr: 7.90, ndcg: 8.87, took: 1.67s
Epoch 1, 88.1%	 loss: 6.848 acc@1: 6.41 mrr: 11.07, ndcg: 12.38, took: 1.72s
Epoch 1, 96.9%	 loss: 6.777 acc@1: 9.22 mrr: 14.72, ndcg: 16.46, took: 1.63s
Validation - loss: 6.5619, acc@1: 19.97%, f1: 13.37%, mrr: 29.55%, ndcg: 32.62%
Current learning rate: 0.000500

=== Epoch 2 ===
Epoch 2, 8.8%	 loss: 6.563 acc@1: 16.88 mrr: 23.57, ndcg: 25.70, took: 1.70s
Epoch 2, 17.6%	 loss: 6.451 acc@1: 16.88 mrr: 24.84, ndcg: 27.72, took: 1.94s
Epoch 2, 26.4%	 loss: 6.355 acc@1: 16.88 mrr: 24.70, ndcg: 27.71, took: 1.80s
Epoch 2, 35.2%	 loss: 6.107 acc@1: 21.09 mrr: 30.28, ndcg: 33.40, took: 1.74s
Epoch 2, 44.1%	 loss: 6.039 acc@1: 17.50 mrr: 27.25, ndcg: 30.99, took: 1.82s
Epoch 2, 52.9%	 loss: 5.896 acc@1: 20.78 mrr: 30.19, ndcg: 33.95, took: 1.74s
Epoch 2, 61.7%	 loss: 5.801 acc@1: 16.41 mrr: 26.97, ndcg: 31.14, took: 1.62s
Epoch 2, 70.5%	 loss: 5.555 acc@1: 20.00 mrr: 31.34, ndcg: 35.41, took: 1.58s
Epoch 2, 79.3%	 loss: 5.441 acc@1: 19.53 mrr: 29.89, ndcg: 34.08, took: 1.60s
Epoch 2, 88.1%	 loss: 5.347 acc@1: 21.25 mrr: 31.55, ndcg: 36.03, took: 1.76s
Epoch 2, 96.9%	 loss: 5.030 acc@1: 24.06 mrr: 34.75, ndcg: 39.12, took: 1.81s
Validation - loss: 4.9019, acc@1: 20.35%, f1: 10.86%, mrr: 33.63%, ndcg: 39.19%
Current learning rate: 0.001000

=== Epoch 3 ===
Epoch 3, 8.8%	 loss: 5.033 acc@1: 20.94 mrr: 32.10, ndcg: 37.05, took: 1.76s
Epoch 3, 17.6%	 loss: 4.834 acc@1: 22.66 mrr: 33.95, ndcg: 38.60, took: 1.67s
Epoch 3, 26.4%	 loss: 4.656 acc@1: 24.53 mrr: 36.23, ndcg: 41.00, took: 1.80s
Epoch 3, 35.2%	 loss: 4.574 acc@1: 24.06 mrr: 36.13, ndcg: 40.98, took: 1.96s
Epoch 3, 44.1%	 loss: 4.590 acc@1: 25.00 mrr: 36.27, ndcg: 41.11, took: 1.61s
Epoch 3, 52.9%	 loss: 4.349 acc@1: 25.16 mrr: 37.95, ndcg: 43.41, took: 1.61s
Epoch 3, 61.7%	 loss: 4.546 acc@1: 22.34 mrr: 34.77, ndcg: 39.77, took: 1.75s
Epoch 3, 70.5%	 loss: 4.263 acc@1: 28.28 mrr: 40.18, ndcg: 44.89, took: 1.73s
Epoch 3, 79.3%	 loss: 4.197 acc@1: 25.94 mrr: 39.02, ndcg: 44.72, took: 1.92s
Epoch 3, 88.1%	 loss: 4.173 acc@1: 26.88 mrr: 40.02, ndcg: 45.10, took: 1.77s
Epoch 3, 96.9%	 loss: 4.050 acc@1: 29.69 mrr: 41.97, ndcg: 46.80, took: 1.76s
Validation - loss: 4.4826, acc@1: 31.11%, f1: 19.71%, mrr: 42.32%, ndcg: 46.50%
Current learning rate: 0.000979

=== Epoch 4 ===
Epoch 4, 8.8%	 loss: 3.984 acc@1: 30.47 mrr: 42.79, ndcg: 47.47, took: 1.76s
Epoch 4, 17.6%	 loss: 3.981 acc@1: 28.75 mrr: 41.71, ndcg: 47.05, took: 1.73s
Epoch 4, 26.4%	 loss: 4.016 acc@1: 28.75 mrr: 41.45, ndcg: 46.33, took: 1.61s
Epoch 4, 35.2%	 loss: 3.923 acc@1: 32.50 mrr: 44.10, ndcg: 48.43, took: 1.73s
Epoch 4, 44.1%	 loss: 3.969 acc@1: 31.25 mrr: 43.40, ndcg: 47.66, took: 1.68s
Epoch 4, 52.9%	 loss: 3.754 acc@1: 32.34 mrr: 44.89, ndcg: 49.54, took: 1.87s
Epoch 4, 61.7%	 loss: 3.727 acc@1: 33.28 mrr: 45.89, ndcg: 50.28, took: 1.73s
Epoch 4, 70.5%	 loss: 3.647 acc@1: 36.88 mrr: 48.27, ndcg: 52.49, took: 1.71s
Epoch 4, 79.3%	 loss: 3.879 acc@1: 33.59 mrr: 45.14, ndcg: 49.42, took: 1.83s
Epoch 4, 88.1%	 loss: 3.639 acc@1: 32.19 mrr: 46.36, ndcg: 51.31, took: 1.75s
Epoch 4, 96.9%	 loss: 3.483 acc@1: 36.56 mrr: 49.91, ndcg: 54.58, took: 1.81s
Validation - loss: 4.3376, acc@1: 34.94%, f1: 22.53%, mrr: 46.09%, ndcg: 50.03%
Current learning rate: 0.000958

=== Epoch 5 ===
Epoch 5, 8.8%	 loss: 3.639 acc@1: 32.66 mrr: 46.14, ndcg: 50.73, took: 1.73s
Epoch 5, 17.6%	 loss: 3.539 acc@1: 34.38 mrr: 47.87, ndcg: 52.71, took: 1.77s
Epoch 5, 26.4%	 loss: 3.564 acc@1: 35.16 mrr: 48.17, ndcg: 52.79, took: 1.65s
Epoch 5, 35.2%	 loss: 3.630 acc@1: 33.91 mrr: 46.90, ndcg: 51.06, took: 1.85s
Epoch 5, 44.1%	 loss: 3.602 acc@1: 31.72 mrr: 45.93, ndcg: 50.67, took: 1.85s
Epoch 5, 52.9%	 loss: 3.431 acc@1: 33.91 mrr: 48.28, ndcg: 53.05, took: 1.72s
Epoch 5, 61.7%	 loss: 3.518 acc@1: 33.91 mrr: 47.90, ndcg: 52.43, took: 1.72s
Epoch 5, 70.5%	 loss: 3.154 acc@1: 39.53 mrr: 52.95, ndcg: 57.81, took: 1.62s
Epoch 5, 79.3%	 loss: 3.336 acc@1: 32.66 mrr: 48.98, ndcg: 54.13, took: 1.73s
Epoch 5, 88.1%	 loss: 3.470 acc@1: 32.81 mrr: 47.92, ndcg: 53.18, took: 1.62s
Epoch 5, 96.9%	 loss: 3.381 acc@1: 36.72 mrr: 50.43, ndcg: 54.66, took: 1.80s
Validation - loss: 4.3330, acc@1: 35.54%, f1: 22.81%, mrr: 47.30%, ndcg: 51.50%
Current learning rate: 0.000937

=== Epoch 6 ===
Epoch 6, 8.8%	 loss: 3.250 acc@1: 34.06 mrr: 49.74, ndcg: 55.11, took: 1.72s
Epoch 6, 17.6%	 loss: 3.274 acc@1: 30.78 mrr: 47.63, ndcg: 53.51, took: 1.74s
Epoch 6, 26.4%	 loss: 3.007 acc@1: 38.44 mrr: 53.41, ndcg: 58.38, took: 1.68s
Epoch 6, 35.2%	 loss: 3.533 acc@1: 32.50 mrr: 46.60, ndcg: 51.25, took: 1.74s
Epoch 6, 44.1%	 loss: 3.210 acc@1: 36.41 mrr: 51.11, ndcg: 55.99, took: 1.83s
Epoch 6, 52.9%	 loss: 3.351 acc@1: 32.81 mrr: 47.71, ndcg: 52.51, took: 1.73s
Epoch 6, 61.7%	 loss: 3.176 acc@1: 36.09 mrr: 50.86, ndcg: 55.91, took: 1.59s
Epoch 6, 70.5%	 loss: 3.180 acc@1: 35.00 mrr: 50.54, ndcg: 55.78, took: 1.61s
Epoch 6, 79.3%	 loss: 3.169 acc@1: 34.69 mrr: 50.38, ndcg: 55.15, took: 1.62s
Epoch 6, 88.1%	 loss: 3.340 acc@1: 33.59 mrr: 48.10, ndcg: 52.97, took: 1.62s
Epoch 6, 96.9%	 loss: 3.367 acc@1: 34.69 mrr: 48.89, ndcg: 54.07, took: 1.75s
Validation - loss: 4.3146, acc@1: 34.78%, f1: 22.59%, mrr: 47.54%, ndcg: 51.73%
Current learning rate: 0.000917

=== Epoch 7 ===
Epoch 7, 8.8%	 loss: 2.949 acc@1: 38.91 mrr: 53.93, ndcg: 59.33, took: 1.80s
Epoch 7, 17.6%	 loss: 3.058 acc@1: 37.19 mrr: 51.90, ndcg: 56.68, took: 1.75s
Epoch 7, 26.4%	 loss: 3.050 acc@1: 36.25 mrr: 51.23, ndcg: 56.40, took: 1.77s
Epoch 7, 35.2%	 loss: 3.224 acc@1: 35.47 mrr: 50.12, ndcg: 54.51, took: 1.73s
Epoch 7, 44.1%	 loss: 3.079 acc@1: 36.25 mrr: 50.51, ndcg: 55.67, took: 1.57s
Epoch 7, 52.9%	 loss: 3.053 acc@1: 36.09 mrr: 52.05, ndcg: 57.60, took: 1.74s
Epoch 7, 61.7%	 loss: 3.176 acc@1: 31.88 mrr: 48.68, ndcg: 54.09, took: 1.74s
Epoch 7, 70.5%	 loss: 3.107 acc@1: 35.31 mrr: 50.90, ndcg: 55.88, took: 1.58s
Epoch 7, 79.3%	 loss: 3.182 acc@1: 32.97 mrr: 49.35, ndcg: 55.02, took: 1.69s
Epoch 7, 88.1%	 loss: 3.140 acc@1: 36.72 mrr: 50.52, ndcg: 55.39, took: 1.71s
Epoch 7, 96.9%	 loss: 2.948 acc@1: 37.81 mrr: 53.28, ndcg: 58.34, took: 1.73s
Validation - loss: 4.3374, acc@1: 35.89%, f1: 22.43%, mrr: 48.42%, ndcg: 52.53%
Current learning rate: 0.000896

=== Epoch 8 ===
Epoch 8, 8.8%	 loss: 2.901 acc@1: 36.88 mrr: 52.82, ndcg: 58.10, took: 1.72s
Epoch 8, 17.6%	 loss: 2.984 acc@1: 37.50 mrr: 52.28, ndcg: 57.06, took: 1.63s
Epoch 8, 26.4%	 loss: 2.869 acc@1: 37.81 mrr: 53.50, ndcg: 59.00, took: 1.79s
Epoch 8, 35.2%	 loss: 2.858 acc@1: 39.22 mrr: 53.92, ndcg: 58.68, took: 1.78s
Epoch 8, 44.1%	 loss: 2.897 acc@1: 36.09 mrr: 52.44, ndcg: 57.84, took: 1.74s
Epoch 8, 52.9%	 loss: 3.115 acc@1: 37.50 mrr: 51.16, ndcg: 55.85, took: 1.69s
Epoch 8, 61.7%	 loss: 3.032 acc@1: 35.47 mrr: 50.79, ndcg: 56.21, took: 1.67s
Epoch 8, 70.5%	 loss: 3.129 acc@1: 35.31 mrr: 50.00, ndcg: 54.95, took: 1.78s
Epoch 8, 79.3%	 loss: 3.006 acc@1: 37.50 mrr: 51.95, ndcg: 57.21, took: 1.70s
Epoch 8, 88.1%	 loss: 3.023 acc@1: 37.50 mrr: 51.89, ndcg: 56.76, took: 1.80s
Epoch 8, 96.9%	 loss: 2.882 acc@1: 37.34 mrr: 53.00, ndcg: 58.02, took: 1.76s
Validation - loss: 4.3766, acc@1: 37.55%, f1: 24.79%, mrr: 49.39%, ndcg: 53.45%
Current learning rate: 0.000875

=== Epoch 9 ===
Epoch 9, 8.8%	 loss: 2.823 acc@1: 40.00 mrr: 54.47, ndcg: 59.40, took: 1.83s
Epoch 9, 17.6%	 loss: 2.786 acc@1: 36.25 mrr: 52.28, ndcg: 57.96, took: 1.68s
Epoch 9, 26.4%	 loss: 2.820 acc@1: 35.31 mrr: 52.00, ndcg: 57.28, took: 1.72s
Epoch 9, 35.2%	 loss: 2.932 acc@1: 38.12 mrr: 52.82, ndcg: 57.98, took: 1.72s
Epoch 9, 44.1%	 loss: 2.888 acc@1: 35.31 mrr: 51.18, ndcg: 56.56, took: 1.72s
Epoch 9, 52.9%	 loss: 2.796 acc@1: 42.34 mrr: 55.88, ndcg: 60.47, took: 1.66s
Epoch 9, 61.7%	 loss: 2.853 acc@1: 37.81 mrr: 53.03, ndcg: 58.23, took: 1.92s
Epoch 9, 70.5%	 loss: 2.864 acc@1: 37.66 mrr: 52.67, ndcg: 57.74, took: 1.76s
Epoch 9, 79.3%	 loss: 2.905 acc@1: 41.25 mrr: 54.43, ndcg: 58.92, took: 1.77s
Epoch 9, 88.1%	 loss: 2.941 acc@1: 39.22 mrr: 53.31, ndcg: 57.92, took: 1.74s
Epoch 9, 96.9%	 loss: 2.894 acc@1: 40.00 mrr: 53.19, ndcg: 57.98, took: 1.59s
Validation - loss: 4.3854, acc@1: 37.39%, f1: 26.48%, mrr: 49.49%, ndcg: 53.60%
Current learning rate: 0.000854

=== Epoch 10 ===
Epoch 10, 8.8%	 loss: 2.724 acc@1: 42.66 mrr: 56.06, ndcg: 60.82, took: 1.89s
Epoch 10, 17.6%	 loss: 2.805 acc@1: 37.19 mrr: 52.89, ndcg: 57.75, took: 1.54s
Epoch 10, 26.4%	 loss: 2.822 acc@1: 38.44 mrr: 52.62, ndcg: 58.01, took: 1.67s
Epoch 10, 35.2%	 loss: 2.638 acc@1: 40.31 mrr: 55.71, ndcg: 60.92, took: 1.62s
Epoch 10, 44.1%	 loss: 2.596 acc@1: 43.12 mrr: 57.20, ndcg: 62.18, took: 1.78s
Epoch 10, 52.9%	 loss: 2.793 acc@1: 40.16 mrr: 54.18, ndcg: 59.03, took: 1.68s
Epoch 10, 61.7%	 loss: 2.629 acc@1: 42.66 mrr: 57.27, ndcg: 61.89, took: 1.64s
Epoch 10, 70.5%	 loss: 2.843 acc@1: 40.00 mrr: 53.69, ndcg: 58.22, took: 1.74s
Epoch 10, 79.3%	 loss: 2.954 acc@1: 39.06 mrr: 52.25, ndcg: 56.70, took: 1.71s
Epoch 10, 88.1%	 loss: 2.933 acc@1: 39.22 mrr: 52.63, ndcg: 57.22, took: 1.79s
Epoch 10, 96.9%	 loss: 2.695 acc@1: 40.62 mrr: 55.22, ndcg: 60.12, took: 1.71s
Validation - loss: 4.4029, acc@1: 37.32%, f1: 26.73%, mrr: 49.45%, ndcg: 53.48%
Current learning rate: 0.000833

=== Epoch 11 ===
Epoch 11, 8.8%	 loss: 2.783 acc@1: 39.06 mrr: 53.64, ndcg: 58.59, took: 1.59s
Epoch 11, 17.6%	 loss: 2.671 acc@1: 42.50 mrr: 56.64, ndcg: 61.49, took: 1.75s
Epoch 11, 26.4%	 loss: 2.705 acc@1: 40.16 mrr: 54.46, ndcg: 59.25, took: 1.78s
Epoch 11, 35.2%	 loss: 2.678 acc@1: 42.19 mrr: 55.86, ndcg: 60.79, took: 1.63s
Epoch 11, 44.1%	 loss: 2.856 acc@1: 36.41 mrr: 51.31, ndcg: 56.20, took: 1.72s
Epoch 11, 52.9%	 loss: 2.555 acc@1: 45.31 mrr: 58.42, ndcg: 62.68, took: 1.66s
Epoch 11, 61.7%	 loss: 2.747 acc@1: 43.28 mrr: 55.90, ndcg: 60.32, took: 1.72s
Epoch 11, 70.5%	 loss: 2.629 acc@1: 41.72 mrr: 56.48, ndcg: 61.37, took: 1.66s
Epoch 11, 79.3%	 loss: 2.756 acc@1: 42.03 mrr: 55.61, ndcg: 60.14, took: 1.64s
Epoch 11, 88.1%	 loss: 2.655 acc@1: 41.41 mrr: 55.90, ndcg: 61.01, took: 1.80s
Epoch 11, 96.9%	 loss: 2.706 acc@1: 43.12 mrr: 56.52, ndcg: 61.19, took: 1.54s
Validation - loss: 4.4196, acc@1: 37.39%, f1: 27.30%, mrr: 49.49%, ndcg: 53.55%
Current learning rate: 0.000081

=== Epoch 12 ===
Epoch 12, 8.8%	 loss: 2.949 acc@1: 38.44 mrr: 53.17, ndcg: 58.32, took: 1.71s
Epoch 12, 17.6%	 loss: 2.969 acc@1: 38.28 mrr: 53.59, ndcg: 58.80, took: 1.51s
Epoch 12, 26.4%	 loss: 3.154 acc@1: 35.16 mrr: 49.70, ndcg: 54.65, took: 1.71s
Epoch 12, 35.2%	 loss: 3.101 acc@1: 35.16 mrr: 50.10, ndcg: 54.93, took: 1.70s
Epoch 12, 44.1%	 loss: 3.225 acc@1: 34.06 mrr: 49.08, ndcg: 54.10, took: 1.62s
Epoch 12, 52.9%	 loss: 3.171 acc@1: 34.38 mrr: 49.57, ndcg: 54.37, took: 1.72s
Epoch 12, 61.7%	 loss: 3.184 acc@1: 36.41 mrr: 50.54, ndcg: 55.32, took: 1.67s
Epoch 12, 70.5%	 loss: 3.028 acc@1: 36.88 mrr: 51.93, ndcg: 57.24, took: 1.63s
Epoch 12, 79.3%	 loss: 3.002 acc@1: 36.41 mrr: 52.30, ndcg: 57.57, took: 1.69s
Epoch 12, 88.1%	 loss: 3.126 acc@1: 35.16 mrr: 49.99, ndcg: 54.95, took: 1.62s
Epoch 12, 96.9%	 loss: 2.881 acc@1: 40.00 mrr: 54.46, ndcg: 59.33, took: 1.72s
Validation - loss: 4.2840, acc@1: 35.57%, f1: 22.75%, mrr: 48.16%, ndcg: 52.29%
Current learning rate: 0.000081

=== Epoch 13 ===
Epoch 13, 8.8%	 loss: 3.160 acc@1: 35.62 mrr: 50.27, ndcg: 55.24, took: 1.78s
Epoch 13, 17.6%	 loss: 3.010 acc@1: 35.47 mrr: 51.27, ndcg: 56.91, took: 1.67s
Epoch 13, 26.4%	 loss: 3.021 acc@1: 38.59 mrr: 52.84, ndcg: 57.65, took: 1.74s
Epoch 13, 35.2%	 loss: 3.014 acc@1: 35.94 mrr: 51.82, ndcg: 57.24, took: 1.65s
Epoch 13, 44.1%	 loss: 3.106 acc@1: 40.00 mrr: 52.84, ndcg: 56.84, took: 1.66s
Epoch 13, 52.9%	 loss: 3.183 acc@1: 32.03 mrr: 47.98, ndcg: 53.37, took: 1.68s
Epoch 13, 61.7%	 loss: 3.058 acc@1: 37.19 mrr: 51.83, ndcg: 57.16, took: 1.60s
Epoch 13, 70.5%	 loss: 2.948 acc@1: 36.56 mrr: 52.04, ndcg: 57.32, took: 1.76s
Epoch 13, 79.3%	 loss: 3.100 acc@1: 33.75 mrr: 49.74, ndcg: 54.95, took: 1.76s
Epoch 13, 88.1%	 loss: 3.050 acc@1: 35.94 mrr: 50.99, ndcg: 55.80, took: 1.81s
Epoch 13, 96.9%	 loss: 3.041 acc@1: 36.72 mrr: 51.59, ndcg: 56.62, took: 1.64s
Validation - loss: 4.2955, acc@1: 36.05%, f1: 23.04%, mrr: 48.36%, ndcg: 52.45%
Current learning rate: 0.000081

=== Epoch 14 ===
Epoch 14, 8.8%	 loss: 3.033 acc@1: 36.88 mrr: 52.06, ndcg: 56.70, took: 1.62s
Epoch 14, 17.6%	 loss: 3.050 acc@1: 36.56 mrr: 51.25, ndcg: 56.13, took: 1.80s
Epoch 14, 26.4%	 loss: 3.004 acc@1: 35.00 mrr: 51.15, ndcg: 56.11, took: 1.90s
Epoch 14, 35.2%	 loss: 3.158 acc@1: 35.00 mrr: 49.69, ndcg: 54.73, took: 1.68s
Epoch 14, 44.1%	 loss: 3.008 acc@1: 40.16 mrr: 53.77, ndcg: 58.44, took: 1.76s
Epoch 14, 52.9%	 loss: 2.902 acc@1: 36.72 mrr: 52.97, ndcg: 58.54, took: 1.79s
Epoch 14, 61.7%	 loss: 3.129 acc@1: 34.69 mrr: 49.69, ndcg: 55.04, took: 1.79s
Epoch 14, 70.5%	 loss: 3.121 acc@1: 34.53 mrr: 49.89, ndcg: 54.80, took: 1.69s
Epoch 14, 79.3%	 loss: 3.146 acc@1: 32.97 mrr: 49.24, ndcg: 54.58, took: 1.80s
Epoch 14, 88.1%	 loss: 2.919 acc@1: 35.62 mrr: 51.89, ndcg: 57.31, took: 1.76s
Epoch 14, 96.9%	 loss: 3.059 acc@1: 38.44 mrr: 52.51, ndcg: 57.03, took: 1.74s
Validation - loss: 4.2897, acc@1: 36.82%, f1: 24.13%, mrr: 48.80%, ndcg: 52.75%
Current learning rate: 0.000081

=== Epoch 15 ===
Epoch 15, 8.8%	 loss: 2.908 acc@1: 36.41 mrr: 52.05, ndcg: 57.35, took: 1.70s
Epoch 15, 17.6%	 loss: 3.027 acc@1: 36.25 mrr: 51.55, ndcg: 56.50, took: 1.73s
Epoch 15, 26.4%	 loss: 3.071 acc@1: 34.22 mrr: 49.70, ndcg: 55.18, took: 1.77s
Epoch 15, 35.2%	 loss: 3.224 acc@1: 32.97 mrr: 48.12, ndcg: 53.15, took: 1.76s
Epoch 15, 44.1%	 loss: 3.124 acc@1: 33.12 mrr: 49.03, ndcg: 54.46, took: 1.76s
Epoch 15, 52.9%	 loss: 2.885 acc@1: 38.91 mrr: 53.85, ndcg: 58.69, took: 1.73s
Epoch 15, 61.7%	 loss: 3.118 acc@1: 33.44 mrr: 49.40, ndcg: 54.78, took: 1.69s
Epoch 15, 70.5%	 loss: 3.014 acc@1: 37.03 mrr: 51.75, ndcg: 56.76, took: 1.79s
Epoch 15, 79.3%	 loss: 2.981 acc@1: 40.31 mrr: 53.74, ndcg: 58.14, took: 1.63s
Epoch 15, 88.1%	 loss: 2.997 acc@1: 38.91 mrr: 53.33, ndcg: 58.37, took: 1.66s
Epoch 15, 96.9%	 loss: 2.871 acc@1: 36.72 mrr: 52.87, ndcg: 58.34, took: 1.59s
Validation - loss: 4.3081, acc@1: 37.39%, f1: 24.50%, mrr: 49.09%, ndcg: 53.00%
Current learning rate: 0.000081

=== Epoch 16 ===
Epoch 16, 8.8%	 loss: 3.020 acc@1: 37.50 mrr: 51.57, ndcg: 56.64, took: 1.77s
Epoch 16, 17.6%	 loss: 2.932 acc@1: 37.34 mrr: 53.06, ndcg: 58.26, took: 1.77s
Epoch 16, 26.4%	 loss: 3.030 acc@1: 35.31 mrr: 50.57, ndcg: 56.03, took: 1.67s
Epoch 16, 35.2%	 loss: 3.030 acc@1: 38.59 mrr: 52.27, ndcg: 56.54, took: 1.67s
Epoch 16, 44.1%	 loss: 3.042 acc@1: 36.72 mrr: 51.55, ndcg: 56.83, took: 1.58s
Epoch 16, 52.9%	 loss: 3.030 acc@1: 38.44 mrr: 52.36, ndcg: 57.05, took: 1.61s
Epoch 16, 61.7%	 loss: 3.235 acc@1: 37.03 mrr: 50.25, ndcg: 54.40, took: 1.63s
Epoch 16, 70.5%	 loss: 2.869 acc@1: 40.00 mrr: 53.94, ndcg: 58.88, took: 1.77s
Epoch 16, 79.3%	 loss: 3.053 acc@1: 36.41 mrr: 51.43, ndcg: 56.40, took: 1.67s
Epoch 16, 88.1%	 loss: 2.977 acc@1: 37.81 mrr: 52.93, ndcg: 58.12, took: 1.62s
Epoch 16, 96.9%	 loss: 2.926 acc@1: 38.12 mrr: 53.22, ndcg: 58.15, took: 1.65s
Validation - loss: 4.3095, acc@1: 37.32%, f1: 24.39%, mrr: 49.11%, ndcg: 53.02%
Current learning rate: 0.000081

=== Epoch 17 ===
Epoch 17, 8.8%	 loss: 2.864 acc@1: 36.88 mrr: 53.43, ndcg: 58.86, took: 1.72s
Epoch 17, 17.6%	 loss: 3.246 acc@1: 33.44 mrr: 48.62, ndcg: 53.57, took: 1.61s
Epoch 17, 26.4%	 loss: 3.029 acc@1: 37.19 mrr: 52.07, ndcg: 56.66, took: 1.69s
Epoch 17, 35.2%	 loss: 2.987 acc@1: 37.66 mrr: 52.16, ndcg: 57.07, took: 1.63s
Epoch 17, 44.1%	 loss: 3.049 acc@1: 35.78 mrr: 51.08, ndcg: 56.24, took: 1.69s
Epoch 17, 52.9%	 loss: 2.901 acc@1: 38.44 mrr: 53.19, ndcg: 58.29, took: 1.57s
Epoch 17, 61.7%	 loss: 3.170 acc@1: 33.75 mrr: 49.15, ndcg: 54.57, took: 1.79s
Epoch 17, 70.5%	 loss: 2.924 acc@1: 39.06 mrr: 53.53, ndcg: 58.60, took: 1.71s
Epoch 17, 79.3%	 loss: 2.999 acc@1: 37.34 mrr: 52.23, ndcg: 57.38, took: 1.67s
Epoch 17, 88.1%	 loss: 2.873 acc@1: 38.44 mrr: 53.45, ndcg: 58.48, took: 1.59s
Epoch 17, 96.9%	 loss: 2.804 acc@1: 38.44 mrr: 54.13, ndcg: 59.35, took: 1.62s
Validation - loss: 4.3160, acc@1: 37.10%, f1: 24.46%, mrr: 49.04%, ndcg: 52.98%
Current learning rate: 0.000008

=== Epoch 18 ===
Epoch 18, 8.8%	 loss: 2.863 acc@1: 37.81 mrr: 53.42, ndcg: 59.16, took: 1.80s
Epoch 18, 17.6%	 loss: 3.185 acc@1: 36.41 mrr: 50.27, ndcg: 55.34, took: 1.76s
Epoch 18, 26.4%	 loss: 3.097 acc@1: 35.94 mrr: 50.53, ndcg: 55.37, took: 1.73s
Epoch 18, 35.2%	 loss: 3.012 acc@1: 38.12 mrr: 52.96, ndcg: 57.85, took: 1.67s
Epoch 18, 44.1%	 loss: 3.144 acc@1: 36.41 mrr: 50.45, ndcg: 55.35, took: 1.78s
Epoch 18, 52.9%	 loss: 3.108 acc@1: 35.62 mrr: 50.40, ndcg: 55.22, took: 1.70s
Epoch 18, 61.7%	 loss: 2.931 acc@1: 36.88 mrr: 52.47, ndcg: 57.88, took: 1.75s
Epoch 18, 70.5%	 loss: 3.049 acc@1: 38.28 mrr: 52.35, ndcg: 56.91, took: 1.69s
Epoch 18, 79.3%	 loss: 3.170 acc@1: 35.47 mrr: 49.64, ndcg: 54.73, took: 1.51s
Epoch 18, 88.1%	 loss: 3.142 acc@1: 35.94 mrr: 50.64, ndcg: 55.20, took: 1.62s
Epoch 18, 96.9%	 loss: 2.965 acc@1: 37.66 mrr: 53.00, ndcg: 57.92, took: 1.52s
Validation - loss: 4.2790, acc@1: 35.67%, f1: 22.78%, mrr: 48.22%, ndcg: 52.35%
Current learning rate: 0.000008

=== Epoch 19 ===
Epoch 19, 8.8%	 loss: 3.050 acc@1: 33.28 mrr: 49.46, ndcg: 54.94, took: 1.73s
Epoch 19, 17.6%	 loss: 3.050 acc@1: 38.91 mrr: 52.68, ndcg: 57.28, took: 1.70s
Epoch 19, 26.4%	 loss: 3.242 acc@1: 34.38 mrr: 49.11, ndcg: 53.99, took: 1.52s
Epoch 19, 35.2%	 loss: 3.123 acc@1: 36.72 mrr: 50.99, ndcg: 55.73, took: 1.71s
Epoch 19, 44.1%	 loss: 3.033 acc@1: 35.47 mrr: 50.81, ndcg: 56.11, took: 1.46s
Epoch 19, 52.9%	 loss: 3.115 acc@1: 35.47 mrr: 50.73, ndcg: 55.94, took: 1.72s
Epoch 19, 61.7%	 loss: 2.999 acc@1: 36.88 mrr: 51.75, ndcg: 56.52, took: 1.65s
Epoch 19, 70.5%	 loss: 3.077 acc@1: 35.78 mrr: 51.08, ndcg: 56.42, took: 1.77s
Epoch 19, 79.3%	 loss: 2.886 acc@1: 36.88 mrr: 53.30, ndcg: 58.33, took: 1.70s
Epoch 19, 88.1%	 loss: 2.991 acc@1: 38.59 mrr: 52.94, ndcg: 57.58, took: 1.66s
Epoch 19, 96.9%	 loss: 3.109 acc@1: 35.31 mrr: 50.26, ndcg: 55.58, took: 1.78s
Validation - loss: 4.2702, acc@1: 35.67%, f1: 22.76%, mrr: 48.22%, ndcg: 52.36%
Current learning rate: 0.000008

=== Epoch 20 ===
Epoch 20, 8.8%	 loss: 2.989 acc@1: 35.16 mrr: 51.35, ndcg: 56.70, took: 1.67s
Epoch 20, 17.6%	 loss: 3.028 acc@1: 36.72 mrr: 51.77, ndcg: 56.67, took: 1.56s
Epoch 20, 26.4%	 loss: 3.134 acc@1: 34.84 mrr: 49.84, ndcg: 55.17, took: 1.65s
Epoch 20, 35.2%	 loss: 3.097 acc@1: 35.47 mrr: 50.92, ndcg: 56.29, took: 1.62s
Epoch 20, 44.1%	 loss: 3.133 acc@1: 37.03 mrr: 50.99, ndcg: 55.56, took: 1.58s
Epoch 20, 52.9%	 loss: 3.005 acc@1: 34.69 mrr: 50.96, ndcg: 55.99, took: 1.61s
Epoch 20, 61.7%	 loss: 3.136 acc@1: 37.66 mrr: 51.05, ndcg: 55.54, took: 1.71s
Epoch 20, 70.5%	 loss: 3.094 acc@1: 34.53 mrr: 49.98, ndcg: 55.16, took: 1.76s
Epoch 20, 79.3%	 loss: 2.872 acc@1: 40.94 mrr: 55.23, ndcg: 60.08, took: 1.72s
Epoch 20, 88.1%	 loss: 3.242 acc@1: 32.19 mrr: 47.32, ndcg: 52.45, took: 1.73s
Epoch 20, 96.9%	 loss: 2.814 acc@1: 38.75 mrr: 54.78, ndcg: 60.57, took: 1.71s
Validation - loss: 4.2898, acc@1: 36.08%, f1: 23.12%, mrr: 48.42%, ndcg: 52.49%
Current learning rate: 0.000008

=== Epoch 21 ===
Epoch 21, 8.8%	 loss: 3.108 acc@1: 34.69 mrr: 49.63, ndcg: 54.54, took: 1.74s
Epoch 21, 17.6%	 loss: 3.068 acc@1: 35.62 mrr: 51.20, ndcg: 56.19, took: 1.64s
Epoch 21, 26.4%	 loss: 3.089 acc@1: 35.16 mrr: 50.42, ndcg: 55.52, took: 1.64s
Epoch 21, 35.2%	 loss: 3.157 acc@1: 32.81 mrr: 48.65, ndcg: 53.79, took: 1.56s
Epoch 21, 44.1%	 loss: 2.922 acc@1: 38.12 mrr: 53.40, ndcg: 58.50, took: 1.60s
Epoch 21, 52.9%	 loss: 2.874 acc@1: 38.59 mrr: 54.10, ndcg: 59.44, took: 1.67s
Epoch 21, 61.7%	 loss: 3.144 acc@1: 36.72 mrr: 50.88, ndcg: 55.62, took: 1.70s
Epoch 21, 70.5%	 loss: 3.040 acc@1: 36.88 mrr: 51.60, ndcg: 56.65, took: 1.63s
Epoch 21, 79.3%	 loss: 3.113 acc@1: 37.50 mrr: 52.10, ndcg: 56.87, took: 1.54s
Epoch 21, 88.1%	 loss: 3.054 acc@1: 35.16 mrr: 50.67, ndcg: 55.68, took: 1.68s
Epoch 21, 96.9%	 loss: 3.106 acc@1: 34.84 mrr: 50.12, ndcg: 55.11, took: 1.73s
Validation - loss: 4.2647, acc@1: 35.76%, f1: 22.81%, mrr: 48.28%, ndcg: 52.40%
Current learning rate: 0.000008

=== Epoch 22 ===
Epoch 22, 8.8%	 loss: 3.097 acc@1: 37.34 mrr: 51.42, ndcg: 56.09, took: 1.65s
Epoch 22, 17.6%	 loss: 3.060 acc@1: 35.31 mrr: 50.97, ndcg: 56.28, took: 1.52s
Epoch 22, 26.4%	 loss: 3.029 acc@1: 34.53 mrr: 50.95, ndcg: 56.30, took: 1.55s
Epoch 22, 35.2%	 loss: 3.117 acc@1: 35.94 mrr: 50.37, ndcg: 55.23, took: 1.61s
Epoch 22, 44.1%	 loss: 2.872 acc@1: 37.97 mrr: 53.63, ndcg: 58.75, took: 1.51s
Epoch 22, 52.9%	 loss: 3.103 acc@1: 38.28 mrr: 52.08, ndcg: 56.61, took: 1.61s
Epoch 22, 61.7%	 loss: 2.953 acc@1: 37.03 mrr: 52.47, ndcg: 57.59, took: 1.50s
Epoch 22, 70.5%	 loss: 2.965 acc@1: 37.66 mrr: 52.67, ndcg: 57.59, took: 1.56s
Epoch 22, 79.3%	 loss: 3.077 acc@1: 35.31 mrr: 50.50, ndcg: 55.70, took: 1.62s
Epoch 22, 88.1%	 loss: 3.080 acc@1: 34.84 mrr: 50.49, ndcg: 55.78, took: 1.70s
Epoch 22, 96.9%	 loss: 3.121 acc@1: 35.31 mrr: 49.93, ndcg: 55.17, took: 1.67s
Validation - loss: 4.2899, acc@1: 36.56%, f1: 23.64%, mrr: 48.62%, ndcg: 52.60%
Current learning rate: 0.000008

=== Epoch 23 ===
Epoch 23, 8.8%	 loss: 2.865 acc@1: 40.00 mrr: 54.55, ndcg: 59.55, took: 1.62s
Epoch 23, 17.6%	 loss: 3.112 acc@1: 35.78 mrr: 50.40, ndcg: 55.44, took: 1.64s
Epoch 23, 26.4%	 loss: 2.890 acc@1: 39.84 mrr: 54.30, ndcg: 59.01, took: 1.60s
Epoch 23, 35.2%	 loss: 3.051 acc@1: 36.88 mrr: 51.40, ndcg: 56.28, took: 1.56s
Epoch 23, 44.1%	 loss: 2.935 acc@1: 37.03 mrr: 52.39, ndcg: 57.29, took: 1.80s
Epoch 23, 52.9%	 loss: 3.005 acc@1: 35.78 mrr: 51.42, ndcg: 56.59, took: 1.63s
Epoch 23, 61.7%	 loss: 3.110 acc@1: 35.16 mrr: 50.33, ndcg: 55.15, took: 1.70s
Epoch 23, 70.5%	 loss: 3.187 acc@1: 35.78 mrr: 49.69, ndcg: 54.59, took: 1.61s
Epoch 23, 79.3%	 loss: 3.003 acc@1: 36.56 mrr: 51.99, ndcg: 57.06, took: 1.71s
Epoch 23, 88.1%	 loss: 3.142 acc@1: 34.84 mrr: 50.13, ndcg: 55.36, took: 1.57s
Epoch 23, 96.9%	 loss: 2.926 acc@1: 37.03 mrr: 52.67, ndcg: 57.95, took: 1.57s
Validation - loss: 4.2775, acc@1: 36.02%, f1: 22.94%, mrr: 48.42%, ndcg: 52.47%
Current learning rate: 0.000008

=== Epoch 24 ===
Epoch 24, 8.8%	 loss: 3.232 acc@1: 32.19 mrr: 47.76, ndcg: 52.77, took: 1.58s
Epoch 24, 17.6%	 loss: 2.885 acc@1: 36.88 mrr: 52.99, ndcg: 58.60, took: 1.65s
Epoch 24, 26.4%	 loss: 2.948 acc@1: 36.72 mrr: 52.37, ndcg: 57.43, took: 1.71s
Epoch 24, 35.2%	 loss: 3.079 acc@1: 34.53 mrr: 50.08, ndcg: 55.60, took: 1.69s
Epoch 24, 44.1%	 loss: 3.035 acc@1: 37.19 mrr: 51.98, ndcg: 56.93, took: 1.74s
Epoch 24, 52.9%	 loss: 3.078 acc@1: 38.28 mrr: 51.91, ndcg: 56.18, took: 1.61s
Epoch 24, 61.7%	 loss: 3.142 acc@1: 33.28 mrr: 49.25, ndcg: 54.48, took: 1.59s
Epoch 24, 70.5%	 loss: 3.096 acc@1: 35.16 mrr: 50.59, ndcg: 55.71, took: 1.44s
Epoch 24, 79.3%	 loss: 2.861 acc@1: 38.12 mrr: 53.89, ndcg: 59.17, took: 1.48s
Epoch 24, 88.1%	 loss: 3.047 acc@1: 35.00 mrr: 50.97, ndcg: 56.28, took: 1.69s
Epoch 24, 96.9%	 loss: 3.221 acc@1: 34.69 mrr: 49.49, ndcg: 54.04, took: 1.72s
Validation - loss: 4.2752, acc@1: 36.37%, f1: 23.50%, mrr: 48.58%, ndcg: 52.58%
Current learning rate: 0.000008

=== Epoch 25 ===
Epoch 25, 8.8%	 loss: 3.082 acc@1: 35.94 mrr: 50.80, ndcg: 55.79, took: 1.59s
Epoch 25, 17.6%	 loss: 3.055 acc@1: 37.03 mrr: 51.69, ndcg: 56.55, took: 1.50s
Epoch 25, 26.4%	 loss: 2.923 acc@1: 40.62 mrr: 54.67, ndcg: 59.55, took: 1.58s
Epoch 25, 35.2%	 loss: 2.920 acc@1: 37.03 mrr: 52.64, ndcg: 57.73, took: 1.68s
Epoch 25, 44.1%	 loss: 3.077 acc@1: 35.94 mrr: 50.55, ndcg: 55.43, took: 1.62s
Epoch 25, 52.9%	 loss: 3.096 acc@1: 34.84 mrr: 50.59, ndcg: 55.80, took: 1.63s
Epoch 25, 61.7%	 loss: 3.102 acc@1: 35.78 mrr: 50.44, ndcg: 55.21, took: 1.65s
Epoch 25, 70.5%	 loss: 2.997 acc@1: 36.72 mrr: 52.09, ndcg: 56.93, took: 1.64s
Epoch 25, 79.3%	 loss: 2.974 acc@1: 37.66 mrr: 52.90, ndcg: 57.72, took: 1.74s
Epoch 25, 88.1%	 loss: 3.043 acc@1: 37.34 mrr: 51.86, ndcg: 56.81, took: 1.80s
Epoch 25, 96.9%	 loss: 3.168 acc@1: 37.34 mrr: 50.93, ndcg: 55.65, took: 1.73s
Validation - loss: 4.2882, acc@1: 36.15%, f1: 23.45%, mrr: 48.45%, ndcg: 52.50%
Current learning rate: 0.000008

=== Epoch 26 ===
Epoch 26, 8.8%	 loss: 3.123 acc@1: 33.75 mrr: 49.48, ndcg: 54.83, took: 1.87s
Epoch 26, 17.6%	 loss: 2.932 acc@1: 37.19 mrr: 52.57, ndcg: 57.65, took: 1.77s
Epoch 26, 26.4%	 loss: 2.832 acc@1: 40.00 mrr: 55.03, ndcg: 60.37, took: 1.63s
Epoch 26, 35.2%	 loss: 2.953 acc@1: 36.56 mrr: 52.38, ndcg: 57.76, took: 1.66s
Epoch 26, 44.1%	 loss: 3.387 acc@1: 33.59 mrr: 47.21, ndcg: 51.86, took: 1.72s
Epoch 26, 52.9%	 loss: 3.087 acc@1: 35.16 mrr: 50.25, ndcg: 55.82, took: 1.71s
Epoch 26, 61.7%	 loss: 3.060 acc@1: 37.81 mrr: 52.33, ndcg: 56.98, took: 1.74s
Epoch 26, 70.5%	 loss: 3.112 acc@1: 36.88 mrr: 51.21, ndcg: 55.79, took: 1.67s
Epoch 26, 79.3%	 loss: 3.061 acc@1: 39.06 mrr: 52.30, ndcg: 56.71, took: 1.64s
Epoch 26, 88.1%	 loss: 2.911 acc@1: 36.88 mrr: 52.58, ndcg: 57.69, took: 1.71s
Epoch 26, 96.9%	 loss: 3.023 acc@1: 35.47 mrr: 51.10, ndcg: 56.47, took: 1.72s
Validation - loss: 4.2690, acc@1: 35.96%, f1: 22.98%, mrr: 48.39%, ndcg: 52.44%
Training finished.	 Time: 638.89s.	 acc@1: 35.76%

=== Test Results ===
Test Results:
  acc@1: 30.95%
  acc@5: 54.54%
  acc@10: 57.74%
  mrr: 41.55%
  ndcg: 45.31%
  f1: 19.27%

=== Training Complete ===
