2025-12-30 17:35:43,456 - INFO - ============================================================
2025-12-30 17:35:43,456 - INFO - POINTER V45 - Training Started
2025-12-30 17:35:43,456 - INFO - ============================================================
2025-12-30 17:35:43,456 - INFO - Model config: {'d_model': 64, 'dim_feedforward': 256, 'dropout': 0.15, 'nhead': 8, 'num_layers': 4}
2025-12-30 17:35:43,457 - INFO - Training config: {'batch_size': 128, 'grad_clip': 0.8, 'label_smoothing': 0.03, 'learning_rate': 0.0006, 'min_epochs': 3, 'min_lr': 1e-06, 'num_epochs': 50, 'patience': 5, 'use_amp': True, 'warmup_epochs': 5, 'weight_decay': 0.015}
2025-12-30 17:35:43,457 - INFO - ============================================================
2025-12-30 17:35:43,457 - INFO - Training for 50 epochs
2025-12-30 17:35:43,457 - INFO - Model parameters: 1,221,920
2025-12-30 17:37:51,082 - INFO - Epoch 1/50 | LR: 1.20e-04 | Train: 3.3399 | Val: 3.2049 | Acc@1: 50.09%
2025-12-30 17:37:51,134 - INFO -   ✓ New best (Acc@1: 50.09%)
2025-12-30 17:39:54,193 - INFO - Epoch 2/50 | LR: 2.40e-04 | Train: 3.0834 | Val: 3.1233 | Acc@1: 52.45%
2025-12-30 17:39:54,247 - INFO -   ✓ New best (Acc@1: 52.45%)
2025-12-30 17:41:51,397 - INFO - Epoch 3/50 | LR: 3.60e-04 | Train: 2.9832 | Val: 3.0674 | Acc@1: 53.50%
2025-12-30 17:41:51,450 - INFO -   ✓ New best (Acc@1: 53.50%)
2025-12-30 17:43:41,243 - INFO - Epoch 4/50 | LR: 4.80e-04 | Train: 2.8910 | Val: 3.0045 | Acc@1: 53.95%
2025-12-30 17:43:41,297 - INFO -   ✓ New best (Acc@1: 53.95%)
2025-12-30 17:45:22,017 - INFO - Epoch 5/50 | LR: 6.00e-04 | Train: 2.7901 | Val: 2.9368 | Acc@1: 54.36%
2025-12-30 17:45:22,074 - INFO -   ✓ New best (Acc@1: 54.36%)
2025-12-30 17:46:41,938 - INFO - Epoch 6/50 | LR: 6.00e-04 | Train: 2.6974 | Val: 2.9021 | Acc@1: 54.58%
2025-12-30 17:46:41,988 - INFO -   ✓ New best (Acc@1: 54.58%)
2025-12-30 17:47:51,983 - INFO - Epoch 7/50 | LR: 5.99e-04 | Train: 2.6329 | Val: 2.8871 | Acc@1: 54.52%
2025-12-30 17:47:52,034 - INFO -   ✓ New best (Acc@1: 54.52%)
2025-12-30 17:49:01,594 - INFO - Epoch 8/50 | LR: 5.97e-04 | Train: 2.5835 | Val: 2.8887 | Acc@1: 54.34%
2025-12-30 17:50:13,941 - INFO - Epoch 9/50 | LR: 5.93e-04 | Train: 2.5487 | Val: 2.8786 | Acc@1: 54.85%
2025-12-30 17:50:13,996 - INFO -   ✓ New best (Acc@1: 54.85%)
2025-12-30 17:51:25,401 - INFO - Epoch 10/50 | LR: 5.88e-04 | Train: 2.5115 | Val: 2.8922 | Acc@1: 54.61%
2025-12-30 17:52:36,485 - INFO - Epoch 11/50 | LR: 5.82e-04 | Train: 2.4798 | Val: 2.9045 | Acc@1: 54.15%
2025-12-30 17:53:46,931 - INFO - Epoch 12/50 | LR: 5.74e-04 | Train: 2.4588 | Val: 2.9515 | Acc@1: 54.17%
2025-12-30 17:54:56,667 - INFO - Epoch 13/50 | LR: 5.65e-04 | Train: 2.4424 | Val: 2.9356 | Acc@1: 54.35%
2025-12-30 17:55:59,535 - INFO - Epoch 14/50 | LR: 5.54e-04 | Train: 2.4298 | Val: 2.9655 | Acc@1: 53.76%
2025-12-30 17:55:59,535 - INFO - Early stopping at epoch 14
2025-12-30 17:55:59,646 - INFO - Loaded checkpoint from epoch 9
2025-12-30 17:56:06,258 - INFO - ============================================================
2025-12-30 17:56:06,258 - INFO - FINAL VALIDATION RESULTS
2025-12-30 17:56:06,259 - INFO -   Acc@1:  54.85%
2025-12-30 17:56:06,259 - INFO -   Acc@5:  79.92%
2025-12-30 17:56:06,259 - INFO -   Acc@10: 83.61%
2025-12-30 17:56:06,259 - INFO -   MRR:    65.79%
2025-12-30 17:56:06,259 - INFO -   NDCG:   70.03%
2025-12-30 17:56:06,259 - INFO - ============================================================
2025-12-30 17:56:06,259 - INFO - FINAL TEST RESULTS
2025-12-30 17:56:06,259 - INFO -   Acc@1:  55.17%
2025-12-30 17:56:06,259 - INFO -   Acc@5:  81.21%
2025-12-30 17:56:06,259 - INFO -   Acc@10: 84.67%
2025-12-30 17:56:06,259 - INFO -   MRR:    66.47%
2025-12-30 17:56:06,259 - INFO -   NDCG:   70.81%
2025-12-30 17:56:06,259 - INFO - ============================================================
