2025-12-30 21:51:28,222 - INFO - ============================================================
2025-12-30 21:51:28,222 - INFO - POINTER V45 - Training Started
2025-12-30 21:51:28,222 - INFO - ============================================================
2025-12-30 21:51:28,222 - INFO - Model config: {'d_model': 64, 'dim_feedforward': 512, 'dropout': 0.15, 'nhead': 2, 'num_layers': 8}
2025-12-30 21:51:28,222 - INFO - Training config: {'batch_size': 128, 'grad_clip': 0.8, 'label_smoothing': 0.03, 'learning_rate': 0.0007, 'min_epochs': 3, 'min_lr': 1e-06, 'num_epochs': 50, 'patience': 5, 'use_amp': True, 'warmup_epochs': 5, 'weight_decay': 0.015}
2025-12-30 21:51:28,223 - INFO - ============================================================
2025-12-30 21:51:28,223 - INFO - Training for 50 epochs
2025-12-30 21:51:28,223 - INFO - Model parameters: 848,596
2025-12-30 21:51:38,443 - INFO - Epoch 1/50 | LR: 1.40e-04 | Train: 4.3655 | Val: 3.1822 | Acc@1: 40.73%
2025-12-30 21:51:38,503 - INFO -   ✓ New best (Acc@1: 40.73%)
2025-12-30 21:51:45,352 - INFO - Epoch 2/50 | LR: 2.80e-04 | Train: 3.9373 | Val: 3.0933 | Acc@1: 43.61%
2025-12-30 21:51:45,414 - INFO -   ✓ New best (Acc@1: 43.61%)
2025-12-30 21:51:52,690 - INFO - Epoch 3/50 | LR: 4.20e-04 | Train: 3.6705 | Val: 3.0276 | Acc@1: 45.83%
2025-12-30 21:51:52,752 - INFO -   ✓ New best (Acc@1: 45.83%)
2025-12-30 21:52:01,094 - INFO - Epoch 4/50 | LR: 5.60e-04 | Train: 3.4896 | Val: 2.9966 | Acc@1: 45.74%
2025-12-30 21:52:01,158 - INFO -   ✓ New best (Acc@1: 45.74%)
2025-12-30 21:52:09,788 - INFO - Epoch 5/50 | LR: 7.00e-04 | Train: 3.3245 | Val: 3.0670 | Acc@1: 45.98%
2025-12-30 21:52:18,520 - INFO - Epoch 6/50 | LR: 7.00e-04 | Train: 3.1101 | Val: 2.9913 | Acc@1: 47.33%
2025-12-30 21:52:18,580 - INFO -   ✓ New best (Acc@1: 47.33%)
2025-12-30 21:52:27,070 - INFO - Epoch 7/50 | LR: 6.99e-04 | Train: 2.9008 | Val: 3.0724 | Acc@1: 47.54%
2025-12-30 21:52:35,548 - INFO - Epoch 8/50 | LR: 6.97e-04 | Train: 2.7234 | Val: 3.0875 | Acc@1: 47.21%
2025-12-30 21:52:42,804 - INFO - Epoch 9/50 | LR: 6.92e-04 | Train: 2.5513 | Val: 3.2772 | Acc@1: 47.30%
2025-12-30 21:52:48,870 - INFO - Epoch 10/50 | LR: 6.86e-04 | Train: 2.4016 | Val: 3.3285 | Acc@1: 46.79%
2025-12-30 21:52:54,492 - INFO - Epoch 11/50 | LR: 6.79e-04 | Train: 2.2434 | Val: 3.3945 | Acc@1: 47.69%
2025-12-30 21:52:54,492 - INFO - Early stopping at epoch 11
2025-12-30 21:52:54,690 - INFO - Loaded checkpoint from epoch 6
2025-12-30 21:52:56,499 - INFO - ============================================================
2025-12-30 21:52:56,499 - INFO - FINAL VALIDATION RESULTS
2025-12-30 21:52:56,499 - INFO -   Acc@1:  47.33%
2025-12-30 21:52:56,499 - INFO -   Acc@5:  76.12%
2025-12-30 21:52:56,499 - INFO -   Acc@10: 81.31%
2025-12-30 21:52:56,499 - INFO -   MRR:    60.20%
2025-12-30 21:52:56,499 - INFO -   NDCG:   65.10%
2025-12-30 21:52:56,499 - INFO - ============================================================
2025-12-30 21:52:56,499 - INFO - FINAL TEST RESULTS
2025-12-30 21:52:56,499 - INFO -   Acc@1:  50.11%
2025-12-30 21:52:56,499 - INFO -   Acc@5:  81.27%
2025-12-30 21:52:56,499 - INFO -   Acc@10: 84.67%
2025-12-30 21:52:56,499 - INFO -   MRR:    63.86%
2025-12-30 21:52:56,500 - INFO -   NDCG:   68.85%
2025-12-30 21:52:56,500 - INFO - ============================================================
