Training MHSA model
Dataset: geolife
Config: /data/next_loc_clean_v2/config/ht_optuna/optuna_MHSA_geolife_prev14_t18_20251231_161530_573f7168.yaml
Device: cuda
Seed: 42
==================================================
Data loaders: train=215, val=90, test=96
Total trainable parameters: 238041

=== Epoch 1 ===
Epoch 1, 9.3%	 loss: 7.079 acc@1: 0.00 mrr: 0.55, ndcg: 0.31, took: 2.95s
Epoch 1, 18.6%	 loss: 7.063 acc@1: 0.16 mrr: 0.81, ndcg: 0.40, took: 1.45s
Epoch 1, 27.9%	 loss: 7.029 acc@1: 0.31 mrr: 1.37, ndcg: 1.30, took: 1.49s
Epoch 1, 37.2%	 loss: 6.983 acc@1: 0.16 mrr: 1.38, ndcg: 1.27, took: 1.39s
Epoch 1, 46.5%	 loss: 6.939 acc@1: 2.03 mrr: 3.61, ndcg: 3.61, took: 1.26s
Epoch 1, 55.8%	 loss: 6.872 acc@1: 5.00 mrr: 7.37, ndcg: 7.59, took: 1.11s
Epoch 1, 65.1%	 loss: 6.755 acc@1: 10.00 mrr: 13.46, ndcg: 14.22, took: 1.13s
Epoch 1, 74.4%	 loss: 6.585 acc@1: 15.94 mrr: 20.47, ndcg: 21.58, took: 1.25s
Epoch 1, 83.7%	 loss: 6.171 acc@1: 22.50 mrr: 30.02, ndcg: 32.49, took: 1.31s
Epoch 1, 93.0%	 loss: 5.903 acc@1: 22.19 mrr: 30.65, ndcg: 33.59, took: 1.34s
Validation - loss: 5.2662, acc@1: 21.96%, f1: 12.04%, mrr: 33.82%, ndcg: 38.02%
Current learning rate: 0.001000

=== Epoch 2 ===
Epoch 2, 9.3%	 loss: 5.089 acc@1: 25.94 mrr: 36.27, ndcg: 40.07, took: 1.20s
Epoch 2, 18.6%	 loss: 5.093 acc@1: 24.69 mrr: 35.22, ndcg: 39.71, took: 1.25s
Epoch 2, 27.9%	 loss: 4.754 acc@1: 26.09 mrr: 37.73, ndcg: 42.95, took: 1.45s
Epoch 2, 37.2%	 loss: 4.503 acc@1: 28.28 mrr: 39.77, ndcg: 44.96, took: 1.55s
Epoch 2, 46.5%	 loss: 4.329 acc@1: 27.97 mrr: 39.80, ndcg: 45.16, took: 1.40s
Epoch 2, 55.8%	 loss: 4.219 acc@1: 29.69 mrr: 41.85, ndcg: 46.62, took: 1.18s
Epoch 2, 65.1%	 loss: 3.930 acc@1: 34.22 mrr: 46.01, ndcg: 49.87, took: 1.19s
Epoch 2, 74.4%	 loss: 3.865 acc@1: 34.84 mrr: 46.47, ndcg: 50.65, took: 1.26s
Epoch 2, 83.7%	 loss: 3.990 acc@1: 31.56 mrr: 43.88, ndcg: 48.51, took: 1.28s
Epoch 2, 93.0%	 loss: 3.723 acc@1: 35.31 mrr: 47.48, ndcg: 51.99, took: 1.40s
Validation - loss: 4.2635, acc@1: 35.84%, f1: 24.35%, mrr: 46.96%, ndcg: 50.85%
Current learning rate: 0.002000

=== Epoch 3 ===
Epoch 3, 9.3%	 loss: 3.462 acc@1: 37.19 mrr: 49.67, ndcg: 54.05, took: 1.25s
Epoch 3, 18.6%	 loss: 3.447 acc@1: 35.94 mrr: 48.81, ndcg: 52.90, took: 1.28s
Epoch 3, 27.9%	 loss: 3.522 acc@1: 38.28 mrr: 50.31, ndcg: 54.21, took: 1.20s
Epoch 3, 37.2%	 loss: 3.646 acc@1: 36.88 mrr: 48.07, ndcg: 52.56, took: 1.21s
Epoch 3, 46.5%	 loss: 3.591 acc@1: 33.91 mrr: 47.00, ndcg: 51.52, took: 1.29s
Epoch 3, 55.8%	 loss: 3.286 acc@1: 39.22 mrr: 52.24, ndcg: 56.73, took: 1.29s
Epoch 3, 65.1%	 loss: 3.355 acc@1: 36.41 mrr: 50.07, ndcg: 55.03, took: 1.19s
Epoch 3, 74.4%	 loss: 3.405 acc@1: 38.28 mrr: 50.45, ndcg: 54.54, took: 1.29s
Epoch 3, 83.7%	 loss: 3.295 acc@1: 36.72 mrr: 51.05, ndcg: 55.99, took: 1.32s
Epoch 3, 93.0%	 loss: 3.356 acc@1: 38.28 mrr: 51.19, ndcg: 55.45, took: 1.50s
Validation - loss: 4.3747, acc@1: 39.06%, f1: 27.04%, mrr: 49.90%, ndcg: 53.34%
Current learning rate: 0.001958

=== Epoch 4 ===
Epoch 4, 9.3%	 loss: 3.058 acc@1: 39.84 mrr: 52.62, ndcg: 57.05, took: 1.41s
Epoch 4, 18.6%	 loss: 3.044 acc@1: 40.16 mrr: 52.94, ndcg: 57.46, took: 1.45s
Epoch 4, 27.9%	 loss: 2.984 acc@1: 41.25 mrr: 54.17, ndcg: 58.47, took: 1.50s
Epoch 4, 37.2%	 loss: 3.087 acc@1: 41.41 mrr: 54.00, ndcg: 57.73, took: 1.36s
Epoch 4, 46.5%	 loss: 3.052 acc@1: 41.41 mrr: 53.80, ndcg: 58.18, took: 1.27s
Epoch 4, 55.8%	 loss: 3.141 acc@1: 40.00 mrr: 53.00, ndcg: 56.90, took: 1.13s
Epoch 4, 65.1%	 loss: 3.097 acc@1: 38.75 mrr: 52.30, ndcg: 56.66, took: 1.05s
Epoch 4, 74.4%	 loss: 2.965 acc@1: 43.44 mrr: 55.17, ndcg: 59.37, took: 1.08s
Epoch 4, 83.7%	 loss: 2.965 acc@1: 41.25 mrr: 54.39, ndcg: 59.20, took: 1.32s
Epoch 4, 93.0%	 loss: 2.932 acc@1: 42.19 mrr: 54.91, ndcg: 59.38, took: 1.36s
Validation - loss: 4.4692, acc@1: 39.93%, f1: 30.54%, mrr: 50.32%, ndcg: 54.13%
Current learning rate: 0.001917

=== Epoch 5 ===
Epoch 5, 9.3%	 loss: 2.699 acc@1: 42.81 mrr: 56.21, ndcg: 60.71, took: 1.46s
Epoch 5, 18.6%	 loss: 2.440 acc@1: 46.56 mrr: 60.37, ndcg: 64.75, took: 1.42s
Epoch 5, 27.9%	 loss: 2.785 acc@1: 43.91 mrr: 56.15, ndcg: 60.35, took: 1.41s
Epoch 5, 37.2%	 loss: 2.682 acc@1: 43.44 mrr: 56.64, ndcg: 61.61, took: 1.49s
Epoch 5, 46.5%	 loss: 2.757 acc@1: 42.50 mrr: 56.19, ndcg: 60.78, took: 1.47s
Epoch 5, 55.8%	 loss: 2.925 acc@1: 40.00 mrr: 52.98, ndcg: 57.61, took: 1.44s
Epoch 5, 65.1%	 loss: 2.677 acc@1: 44.84 mrr: 58.30, ndcg: 62.96, took: 1.23s
Epoch 5, 74.4%	 loss: 2.783 acc@1: 44.69 mrr: 56.60, ndcg: 60.73, took: 1.07s
Epoch 5, 83.7%	 loss: 2.729 acc@1: 44.38 mrr: 57.14, ndcg: 61.67, took: 1.03s
Epoch 5, 93.0%	 loss: 2.878 acc@1: 42.03 mrr: 54.60, ndcg: 59.12, took: 1.13s
Validation - loss: 4.5115, acc@1: 42.55%, f1: 33.48%, mrr: 51.77%, ndcg: 55.10%
Current learning rate: 0.001875

=== Epoch 6 ===
Epoch 6, 9.3%	 loss: 2.367 acc@1: 49.69 mrr: 62.16, ndcg: 66.91, took: 1.55s
Epoch 6, 18.6%	 loss: 2.385 acc@1: 50.16 mrr: 62.10, ndcg: 66.49, took: 1.50s
Epoch 6, 27.9%	 loss: 2.463 acc@1: 46.88 mrr: 59.93, ndcg: 64.73, took: 1.39s
Epoch 6, 37.2%	 loss: 2.472 acc@1: 46.88 mrr: 60.09, ndcg: 65.06, took: 1.47s
Epoch 6, 46.5%	 loss: 2.546 acc@1: 46.88 mrr: 59.21, ndcg: 63.87, took: 1.51s
Epoch 6, 55.8%	 loss: 2.347 acc@1: 48.59 mrr: 61.07, ndcg: 65.64, took: 1.43s
Epoch 6, 65.1%	 loss: 2.410 acc@1: 45.78 mrr: 59.92, ndcg: 65.10, took: 1.28s
Epoch 6, 74.4%	 loss: 2.591 acc@1: 42.81 mrr: 56.97, ndcg: 62.19, took: 1.30s
Epoch 6, 83.7%	 loss: 2.368 acc@1: 48.28 mrr: 61.40, ndcg: 65.93, took: 1.27s
Epoch 6, 93.0%	 loss: 2.591 acc@1: 44.69 mrr: 57.81, ndcg: 62.29, took: 1.23s
Validation - loss: 4.7475, acc@1: 40.31%, f1: 31.80%, mrr: 50.81%, ndcg: 54.32%
Current learning rate: 0.001833

=== Epoch 7 ===
Epoch 7, 9.3%	 loss: 2.180 acc@1: 50.16 mrr: 63.57, ndcg: 68.70, took: 1.56s
Epoch 7, 18.6%	 loss: 2.272 acc@1: 48.44 mrr: 62.08, ndcg: 67.26, took: 1.49s
Epoch 7, 27.9%	 loss: 2.220 acc@1: 49.22 mrr: 62.52, ndcg: 67.65, took: 1.50s
Epoch 7, 37.2%	 loss: 2.108 acc@1: 52.19 mrr: 65.08, ndcg: 69.73, took: 1.45s
Epoch 7, 46.5%	 loss: 2.117 acc@1: 51.88 mrr: 64.34, ndcg: 69.08, took: 1.49s
Epoch 7, 55.8%	 loss: 2.139 acc@1: 51.25 mrr: 64.06, ndcg: 69.13, took: 1.45s
Epoch 7, 65.1%	 loss: 2.201 acc@1: 49.84 mrr: 63.30, ndcg: 68.19, took: 1.40s
Epoch 7, 74.4%	 loss: 2.264 acc@1: 49.69 mrr: 62.26, ndcg: 66.75, took: 1.30s
Epoch 7, 83.7%	 loss: 2.229 acc@1: 51.25 mrr: 63.66, ndcg: 68.11, took: 1.31s
Epoch 7, 93.0%	 loss: 2.319 acc@1: 47.97 mrr: 61.39, ndcg: 66.63, took: 1.33s
Validation - loss: 4.6858, acc@1: 40.21%, f1: 33.14%, mrr: 50.07%, ndcg: 53.71%
Current learning rate: 0.000179

=== Epoch 8 ===
Epoch 8, 9.3%	 loss: 3.708 acc@1: 31.72 mrr: 44.83, ndcg: 49.49, took: 1.25s
Epoch 8, 18.6%	 loss: 3.422 acc@1: 36.25 mrr: 49.70, ndcg: 54.14, took: 1.24s
Epoch 8, 27.9%	 loss: 3.414 acc@1: 36.88 mrr: 50.11, ndcg: 54.62, took: 1.29s
Epoch 8, 37.2%	 loss: 3.364 acc@1: 38.44 mrr: 51.00, ndcg: 55.39, took: 1.46s
Epoch 8, 46.5%	 loss: 3.469 acc@1: 34.22 mrr: 47.93, ndcg: 52.50, took: 1.48s
Epoch 8, 55.8%	 loss: 3.565 acc@1: 35.16 mrr: 47.96, ndcg: 52.20, took: 1.44s
Epoch 8, 65.1%	 loss: 3.379 acc@1: 37.81 mrr: 50.19, ndcg: 54.19, took: 1.39s
Epoch 8, 74.4%	 loss: 3.521 acc@1: 35.94 mrr: 48.80, ndcg: 53.07, took: 1.31s
Epoch 8, 83.7%	 loss: 3.376 acc@1: 37.66 mrr: 50.24, ndcg: 54.41, took: 1.35s
Epoch 8, 93.0%	 loss: 3.375 acc@1: 40.16 mrr: 51.56, ndcg: 55.38, took: 1.40s
Validation - loss: 4.1858, acc@1: 37.52%, f1: 24.86%, mrr: 48.52%, ndcg: 52.20%
Current learning rate: 0.000179

=== Epoch 9 ===
Epoch 9, 9.3%	 loss: 3.284 acc@1: 37.03 mrr: 50.05, ndcg: 54.77, took: 1.47s
Epoch 9, 18.6%	 loss: 3.395 acc@1: 38.28 mrr: 50.28, ndcg: 54.27, took: 1.41s
Epoch 9, 27.9%	 loss: 3.450 acc@1: 35.31 mrr: 48.68, ndcg: 52.91, took: 1.23s
Epoch 9, 37.2%	 loss: 3.281 acc@1: 39.06 mrr: 51.82, ndcg: 56.14, took: 1.21s
Epoch 9, 46.5%	 loss: 3.462 acc@1: 37.19 mrr: 49.00, ndcg: 53.13, took: 1.22s
Epoch 9, 55.8%	 loss: 3.112 acc@1: 41.72 mrr: 54.07, ndcg: 58.34, took: 1.27s
Epoch 9, 65.1%	 loss: 3.283 acc@1: 38.91 mrr: 51.72, ndcg: 56.05, took: 1.40s
Epoch 9, 74.4%	 loss: 3.188 acc@1: 40.62 mrr: 53.03, ndcg: 57.27, took: 1.34s
Epoch 9, 83.7%	 loss: 3.412 acc@1: 35.94 mrr: 49.38, ndcg: 53.66, took: 1.36s
Epoch 9, 93.0%	 loss: 3.467 acc@1: 36.56 mrr: 48.86, ndcg: 52.99, took: 1.44s
Validation - loss: 4.2311, acc@1: 37.76%, f1: 24.98%, mrr: 48.78%, ndcg: 52.54%
Current learning rate: 0.000179

=== Epoch 10 ===
Epoch 10, 9.3%	 loss: 3.167 acc@1: 39.69 mrr: 52.51, ndcg: 56.78, took: 1.35s
Epoch 10, 18.6%	 loss: 3.259 acc@1: 39.38 mrr: 51.56, ndcg: 56.06, took: 1.45s
Epoch 10, 27.9%	 loss: 3.275 acc@1: 35.94 mrr: 49.51, ndcg: 53.97, took: 1.46s
Epoch 10, 37.2%	 loss: 3.108 acc@1: 42.03 mrr: 54.12, ndcg: 57.99, took: 1.36s
Epoch 10, 46.5%	 loss: 3.252 acc@1: 39.22 mrr: 51.38, ndcg: 55.52, took: 1.34s
Epoch 10, 55.8%	 loss: 3.305 acc@1: 38.12 mrr: 50.60, ndcg: 54.95, took: 1.20s
Epoch 10, 65.1%	 loss: 3.357 acc@1: 36.25 mrr: 49.35, ndcg: 53.63, took: 1.16s
Epoch 10, 74.4%	 loss: 3.346 acc@1: 37.66 mrr: 49.96, ndcg: 54.01, took: 1.11s
Epoch 10, 83.7%	 loss: 3.110 acc@1: 38.91 mrr: 52.72, ndcg: 57.19, took: 1.20s
Epoch 10, 93.0%	 loss: 3.301 acc@1: 37.97 mrr: 50.63, ndcg: 54.73, took: 1.25s
Validation - loss: 4.2516, acc@1: 38.46%, f1: 25.55%, mrr: 49.24%, ndcg: 52.96%
Current learning rate: 0.000179

=== Epoch 11 ===
Epoch 11, 9.3%	 loss: 3.421 acc@1: 36.56 mrr: 48.75, ndcg: 52.78, took: 1.36s
Epoch 11, 18.6%	 loss: 3.038 acc@1: 42.81 mrr: 54.95, ndcg: 59.30, took: 1.51s
Epoch 11, 27.9%	 loss: 3.234 acc@1: 40.31 mrr: 52.11, ndcg: 55.65, took: 1.54s
Epoch 11, 37.2%	 loss: 3.171 acc@1: 40.94 mrr: 53.15, ndcg: 57.20, took: 1.48s
Epoch 11, 46.5%	 loss: 3.295 acc@1: 37.19 mrr: 49.89, ndcg: 54.29, took: 1.43s
Epoch 11, 55.8%	 loss: 3.173 acc@1: 38.91 mrr: 52.29, ndcg: 56.84, took: 1.39s
Epoch 11, 65.1%	 loss: 3.242 acc@1: 38.28 mrr: 51.27, ndcg: 55.81, took: 1.30s
Epoch 11, 74.4%	 loss: 3.279 acc@1: 38.91 mrr: 50.77, ndcg: 54.40, took: 1.24s
Epoch 11, 83.7%	 loss: 2.982 acc@1: 43.44 mrr: 55.69, ndcg: 59.79, took: 1.04s
Epoch 11, 93.0%	 loss: 3.163 acc@1: 36.25 mrr: 51.07, ndcg: 55.78, took: 1.14s
Validation - loss: 4.2538, acc@1: 39.65%, f1: 27.37%, mrr: 49.91%, ndcg: 53.40%
Current learning rate: 0.000179

=== Epoch 12 ===
Epoch 12, 9.3%	 loss: 3.091 acc@1: 41.88 mrr: 54.05, ndcg: 58.29, took: 1.43s
Epoch 12, 18.6%	 loss: 2.889 acc@1: 43.75 mrr: 56.39, ndcg: 60.69, took: 1.43s
Epoch 12, 27.9%	 loss: 3.077 acc@1: 41.88 mrr: 54.11, ndcg: 57.85, took: 1.44s
Epoch 12, 37.2%	 loss: 3.148 acc@1: 39.06 mrr: 52.09, ndcg: 56.52, took: 1.38s
Epoch 12, 46.5%	 loss: 3.004 acc@1: 46.09 mrr: 56.66, ndcg: 60.31, took: 1.35s
Epoch 12, 55.8%	 loss: 3.272 acc@1: 39.22 mrr: 51.44, ndcg: 55.45, took: 1.36s
Epoch 12, 65.1%	 loss: 3.283 acc@1: 40.62 mrr: 52.05, ndcg: 56.16, took: 1.32s
Epoch 12, 74.4%	 loss: 3.162 acc@1: 40.00 mrr: 52.29, ndcg: 56.60, took: 1.30s
Epoch 12, 83.7%	 loss: 3.232 acc@1: 39.06 mrr: 51.24, ndcg: 55.32, took: 1.14s
Epoch 12, 93.0%	 loss: 3.090 acc@1: 41.25 mrr: 53.79, ndcg: 57.74, took: 1.08s
Validation - loss: 4.2738, acc@1: 39.86%, f1: 28.35%, mrr: 50.04%, ndcg: 53.52%
Current learning rate: 0.000179

=== Epoch 13 ===
Epoch 13, 9.3%	 loss: 3.111 acc@1: 40.00 mrr: 52.34, ndcg: 56.11, took: 1.18s
Epoch 13, 18.6%	 loss: 2.966 acc@1: 41.72 mrr: 54.79, ndcg: 58.97, took: 1.21s
Epoch 13, 27.9%	 loss: 3.090 acc@1: 40.47 mrr: 52.89, ndcg: 57.30, took: 1.28s
Epoch 13, 37.2%	 loss: 2.884 acc@1: 44.38 mrr: 56.78, ndcg: 60.79, took: 1.34s
Epoch 13, 46.5%	 loss: 3.124 acc@1: 39.22 mrr: 52.27, ndcg: 56.65, took: 1.24s
Epoch 13, 55.8%	 loss: 3.162 acc@1: 39.84 mrr: 51.89, ndcg: 56.01, took: 1.37s
Epoch 13, 65.1%	 loss: 3.099 acc@1: 42.34 mrr: 53.81, ndcg: 57.71, took: 1.25s
Epoch 13, 74.4%	 loss: 3.104 acc@1: 41.56 mrr: 53.64, ndcg: 57.66, took: 1.27s
Epoch 13, 83.7%	 loss: 3.113 acc@1: 40.47 mrr: 52.73, ndcg: 56.79, took: 1.18s
Epoch 13, 93.0%	 loss: 3.055 acc@1: 41.88 mrr: 53.91, ndcg: 57.66, took: 1.13s
Validation - loss: 4.3045, acc@1: 38.88%, f1: 26.60%, mrr: 49.68%, ndcg: 53.32%
Current learning rate: 0.000018

=== Epoch 14 ===
Epoch 14, 9.3%	 loss: 3.428 acc@1: 36.25 mrr: 49.12, ndcg: 53.20, took: 1.18s
Epoch 14, 18.6%	 loss: 3.228 acc@1: 39.06 mrr: 52.01, ndcg: 56.28, took: 1.13s
Epoch 14, 27.9%	 loss: 3.327 acc@1: 37.81 mrr: 51.06, ndcg: 55.37, took: 1.22s
Epoch 14, 37.2%	 loss: 3.387 acc@1: 38.12 mrr: 50.31, ndcg: 54.45, took: 1.22s
Epoch 14, 46.5%	 loss: 3.356 acc@1: 37.97 mrr: 50.38, ndcg: 54.58, took: 1.19s
Epoch 14, 55.8%	 loss: 3.341 acc@1: 37.03 mrr: 50.19, ndcg: 54.82, took: 1.22s
Epoch 14, 65.1%	 loss: 3.361 acc@1: 36.72 mrr: 49.83, ndcg: 54.11, took: 1.13s
Epoch 14, 74.4%	 loss: 3.306 acc@1: 36.56 mrr: 49.73, ndcg: 54.13, took: 1.24s
Epoch 14, 83.7%	 loss: 3.204 acc@1: 39.84 mrr: 52.73, ndcg: 56.92, took: 1.21s
Epoch 14, 93.0%	 loss: 3.485 acc@1: 35.62 mrr: 48.20, ndcg: 52.62, took: 1.23s
Validation - loss: 4.1866, acc@1: 37.94%, f1: 25.22%, mrr: 48.71%, ndcg: 52.41%
Current learning rate: 0.000018

=== Epoch 15 ===
Epoch 15, 9.3%	 loss: 3.446 acc@1: 38.28 mrr: 50.09, ndcg: 54.24, took: 1.40s
Epoch 15, 18.6%	 loss: 3.295 acc@1: 35.94 mrr: 50.04, ndcg: 54.73, took: 1.22s
Epoch 15, 27.9%	 loss: 3.488 acc@1: 35.78 mrr: 47.81, ndcg: 51.89, took: 1.20s
Epoch 15, 37.2%	 loss: 3.381 acc@1: 38.91 mrr: 50.40, ndcg: 54.15, took: 1.22s
Epoch 15, 46.5%	 loss: 3.292 acc@1: 37.97 mrr: 50.50, ndcg: 54.43, took: 1.21s
Epoch 15, 55.8%	 loss: 3.489 acc@1: 33.91 mrr: 47.64, ndcg: 52.52, took: 1.24s
Epoch 15, 65.1%	 loss: 3.230 acc@1: 38.44 mrr: 51.72, ndcg: 56.14, took: 1.20s
Epoch 15, 74.4%	 loss: 3.391 acc@1: 40.16 mrr: 51.05, ndcg: 54.97, took: 1.13s
Epoch 15, 83.7%	 loss: 3.243 acc@1: 39.69 mrr: 52.04, ndcg: 56.14, took: 1.06s
Epoch 15, 93.0%	 loss: 3.211 acc@1: 41.09 mrr: 53.48, ndcg: 57.71, took: 1.07s
Validation - loss: 4.2082, acc@1: 37.83%, f1: 25.26%, mrr: 48.69%, ndcg: 52.39%
Current learning rate: 0.000018

=== Epoch 16 ===
Epoch 16, 9.3%	 loss: 3.312 acc@1: 38.28 mrr: 51.13, ndcg: 55.57, took: 1.30s
Epoch 16, 18.6%	 loss: 3.565 acc@1: 32.66 mrr: 46.26, ndcg: 51.00, took: 1.29s
Epoch 16, 27.9%	 loss: 3.144 acc@1: 39.53 mrr: 53.11, ndcg: 57.68, took: 1.33s
Epoch 16, 37.2%	 loss: 3.250 acc@1: 41.09 mrr: 52.13, ndcg: 56.32, took: 1.36s
Epoch 16, 46.5%	 loss: 3.376 acc@1: 36.56 mrr: 49.61, ndcg: 53.81, took: 1.35s
Epoch 16, 55.8%	 loss: 3.246 acc@1: 40.94 mrr: 52.75, ndcg: 56.66, took: 1.27s
Epoch 16, 65.1%	 loss: 3.137 acc@1: 41.72 mrr: 54.13, ndcg: 58.33, took: 1.10s
Epoch 16, 74.4%	 loss: 3.412 acc@1: 36.25 mrr: 48.83, ndcg: 52.92, took: 1.09s
Epoch 16, 83.7%	 loss: 3.395 acc@1: 37.97 mrr: 50.07, ndcg: 54.22, took: 1.07s
Epoch 16, 93.0%	 loss: 3.413 acc@1: 35.00 mrr: 48.46, ndcg: 52.84, took: 1.16s
Validation - loss: 4.2092, acc@1: 37.69%, f1: 25.16%, mrr: 48.60%, ndcg: 52.33%
Current learning rate: 0.000018

=== Epoch 17 ===
Epoch 17, 9.3%	 loss: 3.468 acc@1: 35.16 mrr: 48.62, ndcg: 53.07, took: 1.12s
Epoch 17, 18.6%	 loss: 3.431 acc@1: 34.69 mrr: 48.21, ndcg: 53.27, took: 1.21s
Epoch 17, 27.9%	 loss: 3.373 acc@1: 36.72 mrr: 49.34, ndcg: 53.52, took: 1.21s
Epoch 17, 37.2%	 loss: 3.177 acc@1: 40.31 mrr: 53.18, ndcg: 57.45, took: 1.13s
Epoch 17, 46.5%	 loss: 3.047 acc@1: 42.50 mrr: 54.88, ndcg: 58.83, took: 1.20s
Epoch 17, 55.8%	 loss: 3.454 acc@1: 36.72 mrr: 49.19, ndcg: 53.06, took: 1.26s
Epoch 17, 65.1%	 loss: 3.301 acc@1: 36.25 mrr: 49.91, ndcg: 54.85, took: 1.08s
Epoch 17, 74.4%	 loss: 3.361 acc@1: 40.00 mrr: 51.69, ndcg: 55.20, took: 1.03s
Epoch 17, 83.7%	 loss: 3.406 acc@1: 37.03 mrr: 50.01, ndcg: 54.42, took: 1.08s
Epoch 17, 93.0%	 loss: 3.288 acc@1: 37.81 mrr: 50.53, ndcg: 54.59, took: 1.01s
Validation - loss: 4.2162, acc@1: 37.80%, f1: 25.03%, mrr: 48.80%, ndcg: 52.54%
Current learning rate: 0.000018

=== Epoch 18 ===
Epoch 18, 9.3%	 loss: 3.426 acc@1: 38.28 mrr: 50.01, ndcg: 54.38, took: 1.21s
Epoch 18, 18.6%	 loss: 3.097 acc@1: 38.91 mrr: 52.58, ndcg: 57.08, took: 1.07s
Epoch 18, 27.9%	 loss: 3.312 acc@1: 37.97 mrr: 50.65, ndcg: 54.90, took: 0.92s
Epoch 18, 37.2%	 loss: 3.452 acc@1: 36.25 mrr: 48.60, ndcg: 52.41, took: 0.86s
Epoch 18, 46.5%	 loss: 3.259 acc@1: 41.09 mrr: 52.79, ndcg: 56.56, took: 0.94s
Epoch 18, 55.8%	 loss: 2.990 acc@1: 43.44 mrr: 55.60, ndcg: 59.50, took: 0.91s
Epoch 18, 65.1%	 loss: 3.299 acc@1: 37.19 mrr: 50.24, ndcg: 54.56, took: 1.03s
Epoch 18, 74.4%	 loss: 3.397 acc@1: 36.09 mrr: 49.23, ndcg: 53.83, took: 1.11s
Epoch 18, 83.7%	 loss: 3.293 acc@1: 35.16 mrr: 49.45, ndcg: 54.32, took: 1.04s
Epoch 18, 93.0%	 loss: 3.538 acc@1: 31.88 mrr: 46.19, ndcg: 50.91, took: 1.06s
Validation - loss: 4.2081, acc@1: 38.04%, f1: 25.39%, mrr: 48.86%, ndcg: 52.57%
Training finished.	 Time: 323.59s.	 acc@1: 37.52%

=== Test Results ===
Test Results:
  acc@1: 32.33%
  acc@5: 50.41%
  acc@10: 56.14%
  mrr: 41.25%
  ndcg: 44.55%
  f1: 20.00%

=== Training Complete ===
