2026-01-01 08:11:18,091 - INFO - ============================================================
2026-01-01 08:11:18,092 - INFO - POINTER V45 - Training Started
2026-01-01 08:11:18,092 - INFO - ============================================================
2026-01-01 08:11:18,092 - INFO - Model config: {'d_model': 96, 'nhead': 2, 'num_layers': 2, 'dim_feedforward': 192, 'dropout': 0.1}
2026-01-01 08:11:18,092 - INFO - Training config: {'batch_size': 64, 'num_epochs': 50, 'learning_rate': 0.0001, 'weight_decay': 0.001, 'label_smoothing': 0.05, 'grad_clip': 0.8, 'patience': 5, 'min_epochs': 8, 'warmup_epochs': 7, 'use_amp': True, 'min_lr': 1e-06}
2026-01-01 08:11:18,092 - INFO - ============================================================
2026-01-01 08:11:18,092 - INFO - Training for 50 epochs
2026-01-01 08:11:18,092 - INFO - Model parameters: 443,404
2026-01-01 08:11:24,185 - INFO - Epoch 1/50 | LR: 1.43e-05 | Train: 4.3786 | Val: 3.4690 | Acc@1: 36.26%
2026-01-01 08:11:24,212 - INFO -   ✓ New best (Acc@1: 36.26%)
2026-01-01 08:11:29,439 - INFO - Epoch 2/50 | LR: 2.86e-05 | Train: 4.1549 | Val: 3.3290 | Acc@1: 39.32%
2026-01-01 08:11:29,470 - INFO -   ✓ New best (Acc@1: 39.32%)
2026-01-01 08:11:34,599 - INFO - Epoch 3/50 | LR: 4.29e-05 | Train: 3.9886 | Val: 3.2645 | Acc@1: 41.03%
2026-01-01 08:11:34,627 - INFO -   ✓ New best (Acc@1: 41.03%)
2026-01-01 08:11:39,869 - INFO - Epoch 4/50 | LR: 5.71e-05 | Train: 3.8775 | Val: 3.2213 | Acc@1: 43.22%
2026-01-01 08:11:39,898 - INFO -   ✓ New best (Acc@1: 43.22%)
2026-01-01 08:11:45,683 - INFO - Epoch 5/50 | LR: 7.14e-05 | Train: 3.7745 | Val: 3.2040 | Acc@1: 44.30%
2026-01-01 08:11:45,712 - INFO -   ✓ New best (Acc@1: 44.30%)
2026-01-01 08:11:50,432 - INFO - Epoch 6/50 | LR: 8.57e-05 | Train: 3.6773 | Val: 3.1667 | Acc@1: 44.93%
2026-01-01 08:11:50,460 - INFO -   ✓ New best (Acc@1: 44.93%)
2026-01-01 08:11:55,502 - INFO - Epoch 7/50 | LR: 1.00e-04 | Train: 3.5657 | Val: 3.1769 | Acc@1: 45.59%
2026-01-01 08:12:01,254 - INFO - Epoch 8/50 | LR: 1.00e-04 | Train: 3.4763 | Val: 3.1677 | Acc@1: 45.23%
2026-01-01 08:12:06,434 - INFO - Epoch 9/50 | LR: 9.99e-05 | Train: 3.3912 | Val: 3.1426 | Acc@1: 46.61%
2026-01-01 08:12:06,463 - INFO -   ✓ New best (Acc@1: 46.61%)
2026-01-01 08:12:11,631 - INFO - Epoch 10/50 | LR: 9.95e-05 | Train: 3.3164 | Val: 3.1477 | Acc@1: 46.97%
2026-01-01 08:12:17,463 - INFO - Epoch 11/50 | LR: 9.88e-05 | Train: 3.2480 | Val: 3.1364 | Acc@1: 47.21%
2026-01-01 08:12:17,490 - INFO -   ✓ New best (Acc@1: 47.21%)
2026-01-01 08:12:23,177 - INFO - Epoch 12/50 | LR: 9.79e-05 | Train: 3.1661 | Val: 3.1403 | Acc@1: 47.09%
2026-01-01 08:12:28,796 - INFO - Epoch 13/50 | LR: 9.67e-05 | Train: 3.1083 | Val: 3.1436 | Acc@1: 47.42%
2026-01-01 08:12:33,848 - INFO - Epoch 14/50 | LR: 9.53e-05 | Train: 3.0288 | Val: 3.1588 | Acc@1: 47.09%
2026-01-01 08:12:39,281 - INFO - Epoch 15/50 | LR: 9.37e-05 | Train: 2.9650 | Val: 3.1636 | Acc@1: 47.78%
2026-01-01 08:12:44,957 - INFO - Epoch 16/50 | LR: 9.18e-05 | Train: 2.9023 | Val: 3.1777 | Acc@1: 46.97%
2026-01-01 08:12:44,957 - INFO - Early stopping at epoch 16
2026-01-01 08:12:45,106 - INFO - Loaded checkpoint from epoch 11
2026-01-01 08:12:48,129 - INFO - ============================================================
2026-01-01 08:12:48,129 - INFO - FINAL VALIDATION RESULTS
2026-01-01 08:12:48,129 - INFO -   Acc@1:  47.21%
2026-01-01 08:12:48,130 - INFO -   Acc@5:  76.63%
2026-01-01 08:12:48,130 - INFO -   Acc@10: 81.25%
2026-01-01 08:12:48,130 - INFO -   MRR:    60.11%
2026-01-01 08:12:48,130 - INFO -   NDCG:   65.08%
2026-01-01 08:12:48,130 - INFO - ============================================================
2026-01-01 08:12:48,130 - INFO - FINAL TEST RESULTS
2026-01-01 08:12:48,130 - INFO -   Acc@1:  50.80%
2026-01-01 08:12:48,130 - INFO -   Acc@5:  80.61%
2026-01-01 08:12:48,130 - INFO -   Acc@10: 84.41%
2026-01-01 08:12:48,130 - INFO -   MRR:    64.12%
2026-01-01 08:12:48,130 - INFO -   NDCG:   69.00%
2026-01-01 08:12:48,130 - INFO - ============================================================
