2025-12-28 19:32:26,592 - INFO - ============================================================
2025-12-28 19:32:26,593 - INFO - POINTER V45 - Training Started
2025-12-28 19:32:26,593 - INFO - ============================================================
2025-12-28 19:32:26,593 - INFO - Model config: {'d_model': 64, 'dim_feedforward': 128, 'dropout': 0.15, 'nhead': 4, 'num_layers': 2}
2025-12-28 19:32:26,593 - INFO - Training config: {'batch_size': 128, 'grad_clip': 0.8, 'label_smoothing': 0.03, 'learning_rate': 0.00065, 'min_epochs': 8, 'min_lr': 1e-06, 'num_epochs': 50, 'patience': 5, 'use_amp': True, 'warmup_epochs': 5, 'weight_decay': 0.015}
2025-12-28 19:32:26,593 - INFO - ============================================================
2025-12-28 19:32:26,593 - INFO - Training for 50 epochs
2025-12-28 19:32:26,593 - INFO - Model parameters: 251,476
2025-12-28 19:32:32,679 - INFO - Epoch 1/50 | LR: 1.30e-04 | Train: 4.2286 | Val: 3.2382 | Acc@1: 38.60%
2025-12-28 19:32:32,701 - INFO -   ✓ New best (Acc@1: 38.60%)
2025-12-28 19:32:37,455 - INFO - Epoch 2/50 | LR: 2.60e-04 | Train: 3.8793 | Val: 3.1206 | Acc@1: 43.67%
2025-12-28 19:32:37,477 - INFO -   ✓ New best (Acc@1: 43.67%)
2025-12-28 19:32:42,123 - INFO - Epoch 3/50 | LR: 3.90e-04 | Train: 3.6695 | Val: 3.0564 | Acc@1: 45.14%
2025-12-28 19:32:42,145 - INFO -   ✓ New best (Acc@1: 45.14%)
2025-12-28 19:32:46,791 - INFO - Epoch 4/50 | LR: 5.20e-04 | Train: 3.4716 | Val: 2.9964 | Acc@1: 47.30%
2025-12-28 19:32:46,814 - INFO -   ✓ New best (Acc@1: 47.30%)
2025-12-28 19:32:51,415 - INFO - Epoch 5/50 | LR: 6.50e-04 | Train: 3.2798 | Val: 2.9892 | Acc@1: 48.14%
2025-12-28 19:32:51,439 - INFO -   ✓ New best (Acc@1: 48.14%)
2025-12-28 19:32:56,369 - INFO - Epoch 6/50 | LR: 6.50e-04 | Train: 3.1052 | Val: 2.9693 | Acc@1: 46.52%
2025-12-28 19:32:56,392 - INFO -   ✓ New best (Acc@1: 46.52%)
2025-12-28 19:33:01,255 - INFO - Epoch 7/50 | LR: 6.49e-04 | Train: 2.9152 | Val: 2.9725 | Acc@1: 47.69%
2025-12-28 19:33:06,342 - INFO - Epoch 8/50 | LR: 6.47e-04 | Train: 2.7443 | Val: 2.9674 | Acc@1: 48.74%
2025-12-28 19:33:06,364 - INFO -   ✓ New best (Acc@1: 48.74%)
2025-12-28 19:33:11,465 - INFO - Epoch 9/50 | LR: 6.43e-04 | Train: 2.5860 | Val: 2.9850 | Acc@1: 48.98%
2025-12-28 19:33:16,569 - INFO - Epoch 10/50 | LR: 6.37e-04 | Train: 2.4398 | Val: 3.0345 | Acc@1: 47.69%
2025-12-28 19:33:21,983 - INFO - Epoch 11/50 | LR: 6.30e-04 | Train: 2.3024 | Val: 3.1182 | Acc@1: 47.72%
2025-12-28 19:33:27,096 - INFO - Epoch 12/50 | LR: 6.22e-04 | Train: 2.1929 | Val: 3.1082 | Acc@1: 47.39%
2025-12-28 19:33:32,594 - INFO - Epoch 13/50 | LR: 6.12e-04 | Train: 2.0804 | Val: 3.1455 | Acc@1: 48.38%
2025-12-28 19:33:32,594 - INFO - Early stopping at epoch 13
2025-12-28 19:33:33,007 - INFO - Loaded checkpoint from epoch 8
2025-12-28 19:33:36,325 - INFO - ============================================================
2025-12-28 19:33:36,325 - INFO - FINAL VALIDATION RESULTS
2025-12-28 19:33:36,325 - INFO -   Acc@1:  48.74%
2025-12-28 19:33:36,325 - INFO -   Acc@5:  76.96%
2025-12-28 19:33:36,325 - INFO -   Acc@10: 81.52%
2025-12-28 19:33:36,325 - INFO -   MRR:    61.12%
2025-12-28 19:33:36,325 - INFO -   NDCG:   65.86%
2025-12-28 19:33:36,325 - INFO - ============================================================
2025-12-28 19:33:36,325 - INFO - FINAL TEST RESULTS
2025-12-28 19:33:36,325 - INFO -   Acc@1:  53.97%
2025-12-28 19:33:36,326 - INFO -   Acc@5:  81.10%
2025-12-28 19:33:36,326 - INFO -   Acc@10: 84.38%
2025-12-28 19:33:36,326 - INFO -   MRR:    65.82%
2025-12-28 19:33:36,326 - INFO -   NDCG:   70.23%
2025-12-28 19:33:36,326 - INFO - ============================================================
