2025-12-29 09:43:54,089 - INFO - ============================================================
2025-12-29 09:43:54,090 - INFO - POINTER V45 - Training Started
2025-12-29 09:43:54,090 - INFO - ============================================================
2025-12-29 09:43:54,090 - INFO - Model config: {'d_model': 64, 'dim_feedforward': 128, 'dropout': 0.15, 'nhead': 4, 'num_layers': 3}
2025-12-29 09:43:54,090 - INFO - Training config: {'batch_size': 128, 'grad_clip': 0.8, 'label_smoothing': 0.03, 'learning_rate': 0.0005, 'min_epochs': 8, 'min_lr': 1e-06, 'num_epochs': 50, 'patience': 5, 'use_amp': True, 'warmup_epochs': 5, 'weight_decay': 0.015}
2025-12-29 09:43:54,090 - INFO - ============================================================
2025-12-29 09:43:54,090 - INFO - Training for 50 epochs
2025-12-29 09:43:54,090 - INFO - Model parameters: 274,610
2025-12-29 09:43:58,173 - INFO - Epoch 1/50 | LR: 1.00e-04 | Train: 4.1817 | Val: 2.8031 | Acc@1: 39.50%
2025-12-29 09:43:58,200 - INFO -   ✓ New best (Acc@1: 39.50%)
2025-12-29 09:44:01,815 - INFO - Epoch 2/50 | LR: 2.00e-04 | Train: 3.8328 | Val: 2.6982 | Acc@1: 41.98%
2025-12-29 09:44:01,840 - INFO -   ✓ New best (Acc@1: 41.98%)
2025-12-29 09:44:05,647 - INFO - Epoch 3/50 | LR: 3.00e-04 | Train: 3.6388 | Val: 2.6831 | Acc@1: 44.83%
2025-12-29 09:44:05,673 - INFO -   ✓ New best (Acc@1: 44.83%)
2025-12-29 09:44:09,645 - INFO - Epoch 4/50 | LR: 4.00e-04 | Train: 3.4369 | Val: 2.6425 | Acc@1: 47.07%
2025-12-29 09:44:09,671 - INFO -   ✓ New best (Acc@1: 47.07%)
2025-12-29 09:44:13,596 - INFO - Epoch 5/50 | LR: 5.00e-04 | Train: 3.2725 | Val: 2.6442 | Acc@1: 47.56%
2025-12-29 09:44:17,474 - INFO - Epoch 6/50 | LR: 5.00e-04 | Train: 3.1948 | Val: 2.6569 | Acc@1: 48.49%
2025-12-29 09:44:21,362 - INFO - Epoch 7/50 | LR: 4.99e-04 | Train: 3.0556 | Val: 2.6726 | Acc@1: 48.21%
2025-12-29 09:44:25,152 - INFO - Epoch 8/50 | LR: 4.98e-04 | Train: 2.9353 | Val: 2.6801 | Acc@1: 48.70%
2025-12-29 09:44:28,872 - INFO - Epoch 9/50 | LR: 4.95e-04 | Train: 2.7975 | Val: 2.7440 | Acc@1: 48.37%
2025-12-29 09:44:28,872 - INFO - Early stopping at epoch 9
2025-12-29 09:44:29,025 - INFO - Loaded checkpoint from epoch 4
2025-12-29 09:44:30,432 - INFO - ============================================================
2025-12-29 09:44:30,432 - INFO - FINAL VALIDATION RESULTS
2025-12-29 09:44:30,432 - INFO -   Acc@1:  47.07%
2025-12-29 09:44:30,432 - INFO -   Acc@5:  82.94%
2025-12-29 09:44:30,432 - INFO -   Acc@10: 86.40%
2025-12-29 09:44:30,432 - INFO -   MRR:    62.65%
2025-12-29 09:44:30,432 - INFO -   NDCG:   68.39%
2025-12-29 09:44:30,432 - INFO - ============================================================
2025-12-29 09:44:30,432 - INFO - FINAL TEST RESULTS
2025-12-29 09:44:30,433 - INFO -   Acc@1:  48.42%
2025-12-29 09:44:30,433 - INFO -   Acc@5:  85.50%
2025-12-29 09:44:30,433 - INFO -   Acc@10: 88.54%
2025-12-29 09:44:30,433 - INFO -   MRR:    64.89%
2025-12-29 09:44:30,433 - INFO -   NDCG:   70.70%
2025-12-29 09:44:30,433 - INFO - ============================================================
