2025-12-30 13:43:27,053 - INFO - ============================================================
2025-12-30 13:43:27,053 - INFO - POINTER V45 - Training Started
2025-12-30 13:43:27,053 - INFO - ============================================================
2025-12-30 13:43:27,053 - INFO - Model config: {'d_model': 64, 'dim_feedforward': 512, 'dropout': 0.15, 'nhead': 8, 'num_layers': 2}
2025-12-30 13:43:27,054 - INFO - Training config: {'batch_size': 128, 'grad_clip': 0.8, 'label_smoothing': 0.03, 'learning_rate': 0.00065, 'min_epochs': 3, 'min_lr': 1e-06, 'num_epochs': 50, 'patience': 5, 'use_amp': True, 'warmup_epochs': 5, 'weight_decay': 0.015}
2025-12-30 13:43:27,054 - INFO - ============================================================
2025-12-30 13:43:27,054 - INFO - Training for 50 epochs
2025-12-30 13:43:27,054 - INFO - Model parameters: 1,188,000
2025-12-30 13:44:30,562 - INFO - Epoch 1/50 | LR: 1.30e-04 | Train: 3.2628 | Val: 3.1795 | Acc@1: 50.80%
2025-12-30 13:44:30,598 - INFO -   ✓ New best (Acc@1: 50.80%)
2025-12-30 13:45:29,179 - INFO - Epoch 2/50 | LR: 2.60e-04 | Train: 3.0521 | Val: 3.1059 | Acc@1: 53.36%
2025-12-30 13:45:29,219 - INFO -   ✓ New best (Acc@1: 53.36%)
2025-12-30 13:46:30,571 - INFO - Epoch 3/50 | LR: 3.90e-04 | Train: 2.9634 | Val: 3.0595 | Acc@1: 54.07%
2025-12-30 13:46:30,610 - INFO -   ✓ New best (Acc@1: 54.07%)
2025-12-30 13:47:30,732 - INFO - Epoch 4/50 | LR: 5.20e-04 | Train: 2.8688 | Val: 2.9769 | Acc@1: 54.38%
2025-12-30 13:47:30,771 - INFO -   ✓ New best (Acc@1: 54.38%)
2025-12-30 13:48:25,396 - INFO - Epoch 5/50 | LR: 6.50e-04 | Train: 2.7673 | Val: 2.9235 | Acc@1: 54.23%
2025-12-30 13:48:25,435 - INFO -   ✓ New best (Acc@1: 54.23%)
2025-12-30 13:49:14,081 - INFO - Epoch 6/50 | LR: 6.50e-04 | Train: 2.6740 | Val: 2.8966 | Acc@1: 54.48%
2025-12-30 13:49:14,119 - INFO -   ✓ New best (Acc@1: 54.48%)
2025-12-30 13:50:03,375 - INFO - Epoch 7/50 | LR: 6.49e-04 | Train: 2.6084 | Val: 2.8995 | Acc@1: 54.42%
2025-12-30 13:50:51,890 - INFO - Epoch 8/50 | LR: 6.47e-04 | Train: 2.5582 | Val: 2.8926 | Acc@1: 54.43%
2025-12-30 13:50:51,928 - INFO -   ✓ New best (Acc@1: 54.43%)
2025-12-30 13:51:40,384 - INFO - Epoch 9/50 | LR: 6.43e-04 | Train: 2.5218 | Val: 2.8991 | Acc@1: 54.83%
2025-12-30 13:52:28,755 - INFO - Epoch 10/50 | LR: 6.37e-04 | Train: 2.4891 | Val: 2.9054 | Acc@1: 54.50%
2025-12-30 13:53:12,592 - INFO - Epoch 11/50 | LR: 6.30e-04 | Train: 2.4637 | Val: 2.9322 | Acc@1: 54.52%
2025-12-30 13:53:55,818 - INFO - Epoch 12/50 | LR: 6.22e-04 | Train: 2.4470 | Val: 2.9455 | Acc@1: 53.90%
2025-12-30 13:54:38,532 - INFO - Epoch 13/50 | LR: 6.12e-04 | Train: 2.4347 | Val: 2.9588 | Acc@1: 54.03%
2025-12-30 13:54:38,533 - INFO - Early stopping at epoch 13
2025-12-30 13:54:38,590 - INFO - Loaded checkpoint from epoch 8
2025-12-30 13:54:43,654 - INFO - ============================================================
2025-12-30 13:54:43,654 - INFO - FINAL VALIDATION RESULTS
2025-12-30 13:54:43,654 - INFO -   Acc@1:  54.43%
2025-12-30 13:54:43,654 - INFO -   Acc@5:  79.84%
2025-12-30 13:54:43,654 - INFO -   Acc@10: 83.75%
2025-12-30 13:54:43,654 - INFO -   MRR:    65.50%
2025-12-30 13:54:43,654 - INFO -   NDCG:   69.85%
2025-12-30 13:54:43,654 - INFO - ============================================================
2025-12-30 13:54:43,655 - INFO - FINAL TEST RESULTS
2025-12-30 13:54:43,655 - INFO -   Acc@1:  54.78%
2025-12-30 13:54:43,655 - INFO -   Acc@5:  81.18%
2025-12-30 13:54:43,655 - INFO -   Acc@10: 84.80%
2025-12-30 13:54:43,655 - INFO -   MRR:    66.30%
2025-12-30 13:54:43,655 - INFO -   NDCG:   70.72%
2025-12-30 13:54:43,655 - INFO - ============================================================
