2025-12-28 21:51:33,567 - INFO - ============================================================
2025-12-28 21:51:33,567 - INFO - POINTER V45 - Training Started
2025-12-28 21:51:33,567 - INFO - ============================================================
2025-12-28 21:51:33,568 - INFO - Model config: {'d_model': 64, 'dim_feedforward': 128, 'dropout': 0.15, 'nhead': 4, 'num_layers': 2}
2025-12-28 21:51:33,568 - INFO - Training config: {'batch_size': 128, 'grad_clip': 0.8, 'label_smoothing': 0.03, 'learning_rate': 0.0006, 'min_epochs': 8, 'min_lr': 1e-06, 'num_epochs': 50, 'patience': 5, 'use_amp': True, 'warmup_epochs': 5, 'weight_decay': 0.015}
2025-12-28 21:51:33,568 - INFO - ============================================================
2025-12-28 21:51:33,568 - INFO - Training for 50 epochs
2025-12-28 21:51:33,568 - INFO - Model parameters: 241,138
2025-12-28 21:51:38,812 - INFO - Epoch 1/50 | LR: 1.20e-04 | Train: 4.0176 | Val: 2.7669 | Acc@1: 41.29%
2025-12-28 21:51:38,835 - INFO -   ✓ New best (Acc@1: 41.29%)
2025-12-28 21:51:42,643 - INFO - Epoch 2/50 | LR: 2.40e-04 | Train: 3.7478 | Val: 2.6759 | Acc@1: 44.67%
2025-12-28 21:51:42,664 - INFO -   ✓ New best (Acc@1: 44.67%)
2025-12-28 21:51:46,468 - INFO - Epoch 3/50 | LR: 3.60e-04 | Train: 3.5255 | Val: 2.6591 | Acc@1: 47.39%
2025-12-28 21:51:46,489 - INFO -   ✓ New best (Acc@1: 47.39%)
2025-12-28 21:51:50,431 - INFO - Epoch 4/50 | LR: 4.80e-04 | Train: 3.3820 | Val: 2.6353 | Acc@1: 47.96%
2025-12-28 21:51:50,453 - INFO -   ✓ New best (Acc@1: 47.96%)
2025-12-28 21:51:54,247 - INFO - Epoch 5/50 | LR: 6.00e-04 | Train: 3.2402 | Val: 2.6648 | Acc@1: 47.64%
2025-12-28 21:51:57,981 - INFO - Epoch 6/50 | LR: 6.00e-04 | Train: 3.0842 | Val: 2.6853 | Acc@1: 48.37%
2025-12-28 21:52:01,844 - INFO - Epoch 7/50 | LR: 5.99e-04 | Train: 2.9455 | Val: 2.7310 | Acc@1: 48.41%
2025-12-28 21:52:05,660 - INFO - Epoch 8/50 | LR: 5.97e-04 | Train: 2.8006 | Val: 2.7528 | Acc@1: 48.25%
2025-12-28 21:52:09,475 - INFO - Epoch 9/50 | LR: 5.93e-04 | Train: 2.6682 | Val: 2.7731 | Acc@1: 48.13%
2025-12-28 21:52:09,476 - INFO - Early stopping at epoch 9
2025-12-28 21:52:09,674 - INFO - Loaded checkpoint from epoch 4
2025-12-28 21:52:11,287 - INFO - ============================================================
2025-12-28 21:52:11,288 - INFO - FINAL VALIDATION RESULTS
2025-12-28 21:52:11,288 - INFO -   Acc@1:  47.96%
2025-12-28 21:52:11,288 - INFO -   Acc@5:  82.78%
2025-12-28 21:52:11,288 - INFO -   Acc@10: 86.32%
2025-12-28 21:52:11,288 - INFO -   MRR:    63.06%
2025-12-28 21:52:11,288 - INFO -   NDCG:   68.67%
2025-12-28 21:52:11,288 - INFO - ============================================================
2025-12-28 21:52:11,288 - INFO - FINAL TEST RESULTS
2025-12-28 21:52:11,288 - INFO -   Acc@1:  51.05%
2025-12-28 21:52:11,288 - INFO -   Acc@5:  85.15%
2025-12-28 21:52:11,288 - INFO -   Acc@10: 88.39%
2025-12-28 21:52:11,288 - INFO -   MRR:    66.17%
2025-12-28 21:52:11,289 - INFO -   NDCG:   71.60%
2025-12-28 21:52:11,289 - INFO - ============================================================
