Training MHSA model
Dataset: geolife
Config: config/models/config_MHSA_geolife_h3r8.yaml
Device: cuda
Seed: 42
==================================================
Data loaders: train=297, val=132, test=139
Total trainable parameters: 244806

=== Epoch 1 ===
Epoch 1, 6.7%	 loss: 6.912 acc@1: 0.00 mrr: 0.74, ndcg: 0.63, took: 1.02s
Epoch 1, 13.5%	 loss: 6.893 acc@1: 0.16 mrr: 0.75, ndcg: 0.28, took: 0.40s
Epoch 1, 20.2%	 loss: 6.883 acc@1: 0.00 mrr: 0.76, ndcg: 0.49, took: 0.35s
Epoch 1, 26.9%	 loss: 6.900 acc@1: 0.16 mrr: 0.85, ndcg: 0.56, took: 0.38s
Epoch 1, 33.7%	 loss: 6.857 acc@1: 0.00 mrr: 0.86, ndcg: 0.61, took: 0.38s
Epoch 1, 40.4%	 loss: 6.851 acc@1: 0.31 mrr: 1.14, ndcg: 0.79, took: 0.42s
Epoch 1, 47.1%	 loss: 6.843 acc@1: 0.00 mrr: 0.91, ndcg: 0.51, took: 0.36s
Epoch 1, 53.9%	 loss: 6.836 acc@1: 0.00 mrr: 0.99, ndcg: 0.60, took: 0.41s
Epoch 1, 60.6%	 loss: 6.787 acc@1: 0.47 mrr: 1.82, ndcg: 1.53, took: 0.42s
Epoch 1, 67.3%	 loss: 6.753 acc@1: 1.56 mrr: 3.15, ndcg: 3.06, took: 0.53s
Epoch 1, 74.1%	 loss: 6.728 acc@1: 2.66 mrr: 4.75, ndcg: 4.87, took: 0.44s
Epoch 1, 80.8%	 loss: 6.682 acc@1: 2.66 mrr: 4.55, ndcg: 4.57, took: 0.54s
Epoch 1, 87.5%	 loss: 6.610 acc@1: 5.94 mrr: 8.53, ndcg: 8.73, took: 0.57s
Epoch 1, 94.3%	 loss: 6.531 acc@1: 6.09 mrr: 9.83, ndcg: 10.71, took: 0.58s
Validation - loss: 6.2433, acc@1: 12.78%, f1: 6.88%, mrr: 18.83%, ndcg: 20.53%
Current learning rate: 0.000500

=== Epoch 2 ===
Epoch 2, 6.7%	 loss: 6.211 acc@1: 11.25 mrr: 15.97, ndcg: 17.39, took: 0.52s
Epoch 2, 13.5%	 loss: 6.101 acc@1: 12.34 mrr: 18.71, ndcg: 21.04, took: 0.61s
Epoch 2, 20.2%	 loss: 5.910 acc@1: 13.59 mrr: 20.59, ndcg: 23.47, took: 0.58s
Epoch 2, 26.9%	 loss: 5.772 acc@1: 14.53 mrr: 21.86, ndcg: 24.08, took: 0.74s
Epoch 2, 33.7%	 loss: 5.751 acc@1: 10.47 mrr: 20.35, ndcg: 24.19, took: 0.67s
Epoch 2, 40.4%	 loss: 5.540 acc@1: 14.06 mrr: 23.30, ndcg: 27.15, took: 0.72s
Epoch 2, 47.1%	 loss: 5.573 acc@1: 11.72 mrr: 21.66, ndcg: 25.31, took: 0.70s
Epoch 2, 53.9%	 loss: 5.311 acc@1: 14.69 mrr: 25.30, ndcg: 29.73, took: 0.74s
Epoch 2, 60.6%	 loss: 5.100 acc@1: 19.06 mrr: 28.71, ndcg: 33.09, took: 0.66s
Epoch 2, 67.3%	 loss: 4.988 acc@1: 17.66 mrr: 28.29, ndcg: 32.67, took: 0.75s
Epoch 2, 74.1%	 loss: 4.832 acc@1: 18.75 mrr: 29.62, ndcg: 33.92, took: 0.61s
Epoch 2, 80.8%	 loss: 4.726 acc@1: 20.31 mrr: 31.39, ndcg: 35.84, took: 0.70s
Epoch 2, 87.5%	 loss: 4.768 acc@1: 19.22 mrr: 30.54, ndcg: 34.75, took: 0.79s
Epoch 2, 94.3%	 loss: 4.687 acc@1: 18.12 mrr: 29.45, ndcg: 34.28, took: 0.84s
Validation - loss: 4.6627, acc@1: 23.36%, f1: 12.84%, mrr: 34.27%, ndcg: 38.46%
Current learning rate: 0.001000

=== Epoch 3 ===
Epoch 3, 6.7%	 loss: 4.394 acc@1: 22.50 mrr: 34.37, ndcg: 38.33, took: 0.82s
Epoch 3, 13.5%	 loss: 4.220 acc@1: 23.91 mrr: 36.33, ndcg: 41.52, took: 0.66s
Epoch 3, 20.2%	 loss: 4.278 acc@1: 26.09 mrr: 36.75, ndcg: 40.40, took: 0.71s
Epoch 3, 26.9%	 loss: 4.201 acc@1: 25.47 mrr: 36.63, ndcg: 41.34, took: 0.69s
Epoch 3, 33.7%	 loss: 4.092 acc@1: 24.53 mrr: 36.93, ndcg: 41.90, took: 0.82s
Epoch 3, 40.4%	 loss: 4.152 acc@1: 23.75 mrr: 35.76, ndcg: 40.60, took: 0.75s
Epoch 3, 47.1%	 loss: 4.139 acc@1: 23.91 mrr: 35.78, ndcg: 40.94, took: 0.71s
Epoch 3, 53.9%	 loss: 3.996 acc@1: 25.47 mrr: 38.65, ndcg: 43.61, took: 0.74s
Epoch 3, 60.6%	 loss: 4.150 acc@1: 24.84 mrr: 36.69, ndcg: 41.23, took: 0.74s
Epoch 3, 67.3%	 loss: 3.924 acc@1: 29.84 mrr: 40.76, ndcg: 45.04, took: 0.67s
Epoch 3, 74.1%	 loss: 3.946 acc@1: 25.62 mrr: 38.56, ndcg: 43.75, took: 0.66s
Epoch 3, 80.8%	 loss: 4.030 acc@1: 25.31 mrr: 37.49, ndcg: 41.99, took: 0.66s
Epoch 3, 87.5%	 loss: 3.809 acc@1: 28.44 mrr: 41.04, ndcg: 45.88, took: 0.68s
Epoch 3, 94.3%	 loss: 3.896 acc@1: 26.41 mrr: 39.31, ndcg: 44.20, took: 0.67s
Validation - loss: 4.4029, acc@1: 25.78%, f1: 15.20%, mrr: 37.98%, ndcg: 42.55%
Current learning rate: 0.000979

=== Epoch 4 ===
Epoch 4, 6.7%	 loss: 3.556 acc@1: 29.38 mrr: 42.45, ndcg: 47.32, took: 0.80s
Epoch 4, 13.5%	 loss: 3.726 acc@1: 26.25 mrr: 39.98, ndcg: 45.58, took: 0.77s
Epoch 4, 20.2%	 loss: 3.740 acc@1: 26.56 mrr: 40.25, ndcg: 44.77, took: 0.72s
Epoch 4, 26.9%	 loss: 3.533 acc@1: 30.47 mrr: 43.81, ndcg: 48.63, took: 0.70s
Epoch 4, 33.7%	 loss: 3.418 acc@1: 30.16 mrr: 44.65, ndcg: 50.57, took: 0.73s
Epoch 4, 40.4%	 loss: 3.673 acc@1: 30.31 mrr: 42.14, ndcg: 46.76, took: 0.71s
Epoch 4, 47.1%	 loss: 3.384 acc@1: 31.56 mrr: 45.34, ndcg: 51.12, took: 0.66s
Epoch 4, 53.9%	 loss: 3.693 acc@1: 28.59 mrr: 41.09, ndcg: 46.04, took: 0.73s
Epoch 4, 60.6%	 loss: 3.556 acc@1: 30.62 mrr: 43.71, ndcg: 48.84, took: 0.76s
Epoch 4, 67.3%	 loss: 3.523 acc@1: 28.44 mrr: 42.77, ndcg: 48.10, took: 0.70s
Epoch 4, 74.1%	 loss: 3.525 acc@1: 29.69 mrr: 43.16, ndcg: 48.48, took: 0.69s
Epoch 4, 80.8%	 loss: 3.494 acc@1: 32.50 mrr: 45.42, ndcg: 50.15, took: 0.63s
Epoch 4, 87.5%	 loss: 3.606 acc@1: 28.44 mrr: 41.47, ndcg: 46.79, took: 0.70s
Epoch 4, 94.3%	 loss: 3.519 acc@1: 31.56 mrr: 44.48, ndcg: 49.64, took: 0.67s
Validation - loss: 4.3476, acc@1: 29.22%, f1: 19.62%, mrr: 40.50%, ndcg: 44.65%
Current learning rate: 0.000958

=== Epoch 5 ===
Epoch 5, 6.7%	 loss: 3.246 acc@1: 33.59 mrr: 46.93, ndcg: 52.28, took: 0.70s
Epoch 5, 13.5%	 loss: 3.272 acc@1: 35.16 mrr: 47.74, ndcg: 52.90, took: 0.78s
Epoch 5, 20.2%	 loss: 3.317 acc@1: 33.75 mrr: 46.40, ndcg: 51.13, took: 0.76s
Epoch 5, 26.9%	 loss: 3.211 acc@1: 31.56 mrr: 46.14, ndcg: 51.71, took: 0.71s
Epoch 5, 33.7%	 loss: 3.252 acc@1: 34.06 mrr: 47.28, ndcg: 52.53, took: 0.68s
Epoch 5, 40.4%	 loss: 3.356 acc@1: 31.09 mrr: 45.22, ndcg: 50.60, took: 0.80s
Epoch 5, 47.1%	 loss: 3.236 acc@1: 31.41 mrr: 46.01, ndcg: 51.57, took: 0.77s
Epoch 5, 53.9%	 loss: 3.275 acc@1: 32.97 mrr: 46.43, ndcg: 51.58, took: 0.71s
Epoch 5, 60.6%	 loss: 3.448 acc@1: 30.31 mrr: 43.77, ndcg: 49.17, took: 0.67s
Epoch 5, 67.3%	 loss: 3.133 acc@1: 32.97 mrr: 47.88, ndcg: 54.01, took: 0.73s
Epoch 5, 74.1%	 loss: 3.147 acc@1: 33.12 mrr: 47.74, ndcg: 53.64, took: 0.58s
Epoch 5, 80.8%	 loss: 3.231 acc@1: 33.12 mrr: 47.17, ndcg: 52.82, took: 0.65s
Epoch 5, 87.5%	 loss: 3.173 acc@1: 32.97 mrr: 46.69, ndcg: 52.36, took: 0.79s
Epoch 5, 94.3%	 loss: 3.152 acc@1: 33.12 mrr: 47.27, ndcg: 52.96, took: 0.73s
Validation - loss: 4.2790, acc@1: 30.95%, f1: 22.56%, mrr: 42.02%, ndcg: 45.97%
Current learning rate: 0.000937

=== Epoch 6 ===
Epoch 6, 6.7%	 loss: 2.725 acc@1: 40.31 mrr: 54.25, ndcg: 60.25, took: 0.86s
Epoch 6, 13.5%	 loss: 2.768 acc@1: 38.28 mrr: 52.62, ndcg: 58.49, took: 0.71s
Epoch 6, 20.2%	 loss: 3.188 acc@1: 32.66 mrr: 46.71, ndcg: 52.17, took: 0.69s
Epoch 6, 26.9%	 loss: 3.055 acc@1: 34.69 mrr: 48.11, ndcg: 53.64, took: 0.63s
Epoch 6, 33.7%	 loss: 2.974 acc@1: 37.66 mrr: 50.61, ndcg: 55.89, took: 0.80s
Epoch 6, 40.4%	 loss: 3.039 acc@1: 37.66 mrr: 49.95, ndcg: 54.83, took: 0.79s
Epoch 6, 47.1%	 loss: 3.097 acc@1: 35.94 mrr: 49.20, ndcg: 54.29, took: 0.62s
Epoch 6, 53.9%	 loss: 2.936 acc@1: 35.62 mrr: 50.11, ndcg: 56.13, took: 0.74s
Epoch 6, 60.6%	 loss: 3.090 acc@1: 32.81 mrr: 47.71, ndcg: 53.37, took: 0.66s
Epoch 6, 67.3%	 loss: 2.849 acc@1: 39.69 mrr: 52.91, ndcg: 58.37, took: 0.71s
Epoch 6, 74.1%	 loss: 3.151 acc@1: 33.12 mrr: 47.09, ndcg: 52.49, took: 0.59s
Epoch 6, 80.8%	 loss: 3.103 acc@1: 33.12 mrr: 47.38, ndcg: 53.48, took: 0.59s
Epoch 6, 87.5%	 loss: 2.954 acc@1: 37.50 mrr: 50.47, ndcg: 55.86, took: 0.68s
Epoch 6, 94.3%	 loss: 3.184 acc@1: 34.84 mrr: 47.65, ndcg: 52.57, took: 0.67s
Validation - loss: 4.3219, acc@1: 30.88%, f1: 22.71%, mrr: 41.86%, ndcg: 45.96%
Current learning rate: 0.000917

=== Epoch 7 ===
Epoch 7, 6.7%	 loss: 2.558 acc@1: 43.44 mrr: 56.78, ndcg: 61.89, took: 0.80s
Epoch 7, 13.5%	 loss: 2.711 acc@1: 37.97 mrr: 52.12, ndcg: 57.72, took: 0.81s
Epoch 7, 20.2%	 loss: 2.767 acc@1: 39.06 mrr: 52.65, ndcg: 58.31, took: 0.72s
Epoch 7, 26.9%	 loss: 2.743 acc@1: 35.94 mrr: 51.27, ndcg: 57.21, took: 0.69s
Epoch 7, 33.7%	 loss: 2.801 acc@1: 38.12 mrr: 52.24, ndcg: 57.79, took: 0.76s
Epoch 7, 40.4%	 loss: 2.857 acc@1: 37.34 mrr: 51.12, ndcg: 56.82, took: 0.67s
Epoch 7, 47.1%	 loss: 2.734 acc@1: 40.31 mrr: 53.66, ndcg: 58.93, took: 0.68s
Epoch 7, 53.9%	 loss: 2.881 acc@1: 36.25 mrr: 50.18, ndcg: 55.51, took: 0.71s
Epoch 7, 60.6%	 loss: 2.704 acc@1: 41.25 mrr: 54.59, ndcg: 60.19, took: 0.76s
Epoch 7, 67.3%	 loss: 2.818 acc@1: 36.56 mrr: 51.35, ndcg: 57.19, took: 0.73s
Epoch 7, 74.1%	 loss: 2.746 acc@1: 38.75 mrr: 53.07, ndcg: 58.71, took: 0.69s
Epoch 7, 80.8%	 loss: 2.918 acc@1: 35.62 mrr: 50.15, ndcg: 55.88, took: 0.61s
Epoch 7, 87.5%	 loss: 2.847 acc@1: 37.81 mrr: 52.18, ndcg: 57.62, took: 0.62s
Epoch 7, 94.3%	 loss: 2.867 acc@1: 40.00 mrr: 52.38, ndcg: 57.55, took: 0.68s
Validation - loss: 4.2990, acc@1: 30.35%, f1: 22.92%, mrr: 41.67%, ndcg: 45.97%
Current learning rate: 0.000896

=== Epoch 8 ===
Epoch 8, 6.7%	 loss: 2.497 acc@1: 44.22 mrr: 57.64, ndcg: 63.25, took: 0.75s
Epoch 8, 13.5%	 loss: 2.549 acc@1: 40.31 mrr: 55.17, ndcg: 61.20, took: 0.79s
Epoch 8, 20.2%	 loss: 2.597 acc@1: 40.31 mrr: 55.07, ndcg: 61.12, took: 0.68s
Epoch 8, 26.9%	 loss: 2.710 acc@1: 39.06 mrr: 53.25, ndcg: 58.68, took: 0.71s
Epoch 8, 33.7%	 loss: 2.550 acc@1: 42.50 mrr: 56.22, ndcg: 61.35, took: 0.71s
Epoch 8, 40.4%	 loss: 2.525 acc@1: 40.62 mrr: 55.42, ndcg: 61.03, took: 0.76s
Epoch 8, 47.1%	 loss: 2.700 acc@1: 37.19 mrr: 52.21, ndcg: 57.94, took: 0.82s
Epoch 8, 53.9%	 loss: 2.491 acc@1: 44.53 mrr: 57.42, ndcg: 62.69, took: 0.73s
Epoch 8, 60.6%	 loss: 2.668 acc@1: 43.59 mrr: 55.90, ndcg: 61.11, took: 0.65s
Epoch 8, 67.3%	 loss: 2.820 acc@1: 39.38 mrr: 52.12, ndcg: 57.48, took: 0.74s
Epoch 8, 74.1%	 loss: 2.664 acc@1: 40.78 mrr: 54.20, ndcg: 59.87, took: 0.77s
Epoch 8, 80.8%	 loss: 2.608 acc@1: 42.19 mrr: 55.92, ndcg: 61.27, took: 0.73s
Epoch 8, 87.5%	 loss: 2.612 acc@1: 40.47 mrr: 54.67, ndcg: 60.44, took: 0.68s
Epoch 8, 94.3%	 loss: 2.564 acc@1: 42.19 mrr: 55.54, ndcg: 61.36, took: 0.69s
Validation - loss: 4.2980, acc@1: 32.37%, f1: 24.16%, mrr: 42.95%, ndcg: 46.90%
Current learning rate: 0.000875

=== Epoch 9 ===
Epoch 9, 6.7%	 loss: 2.343 acc@1: 44.84 mrr: 58.95, ndcg: 64.47, took: 0.73s
Epoch 9, 13.5%	 loss: 2.398 acc@1: 43.75 mrr: 57.50, ndcg: 63.18, took: 0.71s
Epoch 9, 20.2%	 loss: 2.438 acc@1: 43.12 mrr: 57.00, ndcg: 62.74, took: 0.69s
Epoch 9, 26.9%	 loss: 2.350 acc@1: 42.81 mrr: 57.73, ndcg: 63.71, took: 0.75s
Epoch 9, 33.7%	 loss: 2.294 acc@1: 47.19 mrr: 60.47, ndcg: 65.94, took: 0.71s
Epoch 9, 40.4%	 loss: 2.491 acc@1: 41.25 mrr: 55.78, ndcg: 61.38, took: 0.79s
Epoch 9, 47.1%	 loss: 2.379 acc@1: 46.25 mrr: 59.51, ndcg: 64.78, took: 0.76s
Epoch 9, 53.9%	 loss: 2.429 acc@1: 43.59 mrr: 58.00, ndcg: 63.76, took: 0.80s
Epoch 9, 60.6%	 loss: 2.450 acc@1: 43.59 mrr: 57.92, ndcg: 63.02, took: 0.75s
Epoch 9, 67.3%	 loss: 2.450 acc@1: 44.22 mrr: 57.95, ndcg: 63.71, took: 0.77s
Epoch 9, 74.1%	 loss: 2.504 acc@1: 42.03 mrr: 56.14, ndcg: 61.95, took: 0.74s
Epoch 9, 80.8%	 loss: 2.423 acc@1: 44.22 mrr: 57.51, ndcg: 62.87, took: 0.68s
Epoch 9, 87.5%	 loss: 2.565 acc@1: 37.34 mrr: 53.22, ndcg: 60.18, took: 0.80s
Epoch 9, 94.3%	 loss: 2.539 acc@1: 42.03 mrr: 55.45, ndcg: 61.45, took: 0.70s
Validation - loss: 4.3422, acc@1: 30.97%, f1: 23.43%, mrr: 42.09%, ndcg: 46.26%
Current learning rate: 0.000854

=== Epoch 10 ===
Epoch 10, 6.7%	 loss: 2.201 acc@1: 47.50 mrr: 61.05, ndcg: 66.84, took: 0.73s
Epoch 10, 13.5%	 loss: 2.156 acc@1: 48.91 mrr: 62.88, ndcg: 68.28, took: 0.74s
Epoch 10, 20.2%	 loss: 2.252 acc@1: 47.34 mrr: 60.74, ndcg: 66.75, took: 0.75s
Epoch 10, 26.9%	 loss: 2.189 acc@1: 48.59 mrr: 62.06, ndcg: 67.64, took: 0.62s
Epoch 10, 33.7%	 loss: 2.320 acc@1: 43.59 mrr: 58.05, ndcg: 64.36, took: 0.73s
Epoch 10, 40.4%	 loss: 2.197 acc@1: 46.56 mrr: 60.79, ndcg: 66.61, took: 0.74s
Epoch 10, 47.1%	 loss: 2.213 acc@1: 47.34 mrr: 60.84, ndcg: 66.83, took: 0.72s
Epoch 10, 53.9%	 loss: 2.194 acc@1: 47.97 mrr: 61.41, ndcg: 66.88, took: 0.70s
Epoch 10, 60.6%	 loss: 2.273 acc@1: 45.62 mrr: 59.96, ndcg: 65.47, took: 0.74s
Epoch 10, 67.3%	 loss: 2.196 acc@1: 48.91 mrr: 62.18, ndcg: 67.59, took: 0.69s
Epoch 10, 74.1%	 loss: 2.396 acc@1: 44.69 mrr: 57.83, ndcg: 63.81, took: 0.67s
Epoch 10, 80.8%	 loss: 2.295 acc@1: 45.47 mrr: 59.77, ndcg: 65.57, took: 0.78s
Epoch 10, 87.5%	 loss: 2.289 acc@1: 47.34 mrr: 60.50, ndcg: 65.52, took: 0.78s
Epoch 10, 94.3%	 loss: 2.404 acc@1: 43.91 mrr: 57.58, ndcg: 63.48, took: 0.65s
Validation - loss: 4.2848, acc@1: 31.94%, f1: 24.99%, mrr: 42.70%, ndcg: 46.73%
Current learning rate: 0.000083

=== Epoch 11 ===
Epoch 11, 6.7%	 loss: 2.951 acc@1: 37.81 mrr: 50.92, ndcg: 56.20, took: 0.69s
Epoch 11, 13.5%	 loss: 2.877 acc@1: 38.59 mrr: 52.33, ndcg: 57.51, took: 0.71s
Epoch 11, 20.2%	 loss: 2.909 acc@1: 38.44 mrr: 51.63, ndcg: 56.83, took: 0.73s
Epoch 11, 26.9%	 loss: 2.842 acc@1: 36.25 mrr: 51.09, ndcg: 56.84, took: 0.74s
Epoch 11, 33.7%	 loss: 2.943 acc@1: 36.88 mrr: 50.07, ndcg: 55.27, took: 0.83s
Epoch 11, 40.4%	 loss: 2.997 acc@1: 38.28 mrr: 50.73, ndcg: 56.02, took: 0.73s
Epoch 11, 47.1%	 loss: 3.021 acc@1: 36.25 mrr: 49.76, ndcg: 55.06, took: 0.74s
Epoch 11, 53.9%	 loss: 3.041 acc@1: 35.16 mrr: 48.59, ndcg: 54.12, took: 0.73s
Epoch 11, 60.6%	 loss: 3.081 acc@1: 34.53 mrr: 47.76, ndcg: 53.43, took: 0.80s
Epoch 11, 67.3%	 loss: 2.838 acc@1: 38.75 mrr: 52.38, ndcg: 57.65, took: 0.71s
Epoch 11, 74.1%	 loss: 2.795 acc@1: 40.62 mrr: 53.50, ndcg: 59.11, took: 0.73s
Epoch 11, 80.8%	 loss: 2.996 acc@1: 35.94 mrr: 50.12, ndcg: 55.45, took: 0.79s
Epoch 11, 87.5%	 loss: 2.998 acc@1: 35.62 mrr: 49.76, ndcg: 55.25, took: 0.71s
Epoch 11, 94.3%	 loss: 2.927 acc@1: 34.84 mrr: 49.64, ndcg: 55.38, took: 0.71s
Validation - loss: 4.2675, acc@1: 31.09%, f1: 22.40%, mrr: 42.32%, ndcg: 46.35%
Current learning rate: 0.000083

=== Epoch 12 ===
Epoch 12, 6.7%	 loss: 2.954 acc@1: 38.12 mrr: 50.58, ndcg: 55.57, took: 0.75s
Epoch 12, 13.5%	 loss: 2.877 acc@1: 39.53 mrr: 52.38, ndcg: 57.53, took: 0.77s
Epoch 12, 20.2%	 loss: 2.803 acc@1: 40.16 mrr: 53.32, ndcg: 58.57, took: 0.73s
Epoch 12, 26.9%	 loss: 2.959 acc@1: 37.81 mrr: 50.75, ndcg: 55.56, took: 0.70s
Epoch 12, 33.7%	 loss: 2.876 acc@1: 37.81 mrr: 51.62, ndcg: 57.18, took: 0.80s
Epoch 12, 40.4%	 loss: 2.800 acc@1: 37.81 mrr: 52.16, ndcg: 58.20, took: 0.72s
Epoch 12, 47.1%	 loss: 2.914 acc@1: 37.34 mrr: 50.49, ndcg: 56.06, took: 0.70s
Epoch 12, 53.9%	 loss: 2.889 acc@1: 34.53 mrr: 49.87, ndcg: 56.08, took: 0.66s
Epoch 12, 60.6%	 loss: 2.960 acc@1: 33.91 mrr: 48.89, ndcg: 54.71, took: 0.78s
Epoch 12, 67.3%	 loss: 2.845 acc@1: 38.28 mrr: 52.29, ndcg: 57.93, took: 0.81s
Epoch 12, 74.1%	 loss: 2.912 acc@1: 36.09 mrr: 50.25, ndcg: 56.36, took: 0.65s
Epoch 12, 80.8%	 loss: 2.949 acc@1: 38.75 mrr: 51.22, ndcg: 56.17, took: 0.76s
Epoch 12, 87.5%	 loss: 2.968 acc@1: 36.56 mrr: 50.24, ndcg: 56.07, took: 0.69s
Epoch 12, 94.3%	 loss: 2.815 acc@1: 38.28 mrr: 52.45, ndcg: 58.11, took: 0.76s
Validation - loss: 4.2784, acc@1: 31.61%, f1: 22.82%, mrr: 42.61%, ndcg: 46.60%
Current learning rate: 0.000083

=== Epoch 13 ===
Epoch 13, 6.7%	 loss: 2.770 acc@1: 40.62 mrr: 53.92, ndcg: 59.25, took: 0.79s
Epoch 13, 13.5%	 loss: 2.829 acc@1: 37.34 mrr: 51.85, ndcg: 57.57, took: 0.74s
Epoch 13, 20.2%	 loss: 2.860 acc@1: 39.06 mrr: 51.61, ndcg: 56.77, took: 0.68s
Epoch 13, 26.9%	 loss: 2.941 acc@1: 37.50 mrr: 51.18, ndcg: 56.33, took: 0.73s
Epoch 13, 33.7%	 loss: 2.883 acc@1: 41.25 mrr: 53.61, ndcg: 58.46, took: 0.77s
Epoch 13, 40.4%	 loss: 2.876 acc@1: 38.75 mrr: 52.43, ndcg: 58.02, took: 0.80s
Epoch 13, 47.1%	 loss: 2.951 acc@1: 38.44 mrr: 50.85, ndcg: 55.51, took: 0.69s
Epoch 13, 53.9%	 loss: 2.918 acc@1: 36.25 mrr: 50.28, ndcg: 56.24, took: 0.63s
Epoch 13, 60.6%	 loss: 2.967 acc@1: 36.56 mrr: 50.70, ndcg: 55.95, took: 0.71s
Epoch 13, 67.3%	 loss: 2.846 acc@1: 38.12 mrr: 51.36, ndcg: 56.89, took: 0.70s
Epoch 13, 74.1%	 loss: 2.932 acc@1: 39.22 mrr: 52.01, ndcg: 57.15, took: 0.73s
Epoch 13, 80.8%	 loss: 2.953 acc@1: 35.47 mrr: 49.56, ndcg: 55.11, took: 0.60s
Epoch 13, 87.5%	 loss: 2.848 acc@1: 40.31 mrr: 53.44, ndcg: 58.56, took: 0.62s
Epoch 13, 94.3%	 loss: 2.663 acc@1: 40.78 mrr: 54.56, ndcg: 60.26, took: 0.51s
Validation - loss: 4.2560, acc@1: 32.13%, f1: 23.38%, mrr: 42.76%, ndcg: 46.74%
Current learning rate: 0.000083

=== Epoch 14 ===
Epoch 14, 6.7%	 loss: 2.935 acc@1: 40.47 mrr: 52.94, ndcg: 57.81, took: 0.47s
Epoch 14, 13.5%	 loss: 2.764 acc@1: 37.66 mrr: 52.57, ndcg: 58.15, took: 0.60s
Epoch 14, 20.2%	 loss: 2.737 acc@1: 41.56 mrr: 54.99, ndcg: 59.68, took: 0.51s
Epoch 14, 26.9%	 loss: 2.983 acc@1: 33.28 mrr: 48.55, ndcg: 54.23, took: 0.64s
Epoch 14, 33.7%	 loss: 2.938 acc@1: 37.19 mrr: 50.34, ndcg: 55.69, took: 0.55s
Epoch 14, 40.4%	 loss: 2.772 acc@1: 39.84 mrr: 53.54, ndcg: 59.04, took: 0.56s
Epoch 14, 47.1%	 loss: 2.739 acc@1: 39.38 mrr: 53.30, ndcg: 58.94, took: 0.57s
Epoch 14, 53.9%	 loss: 2.757 acc@1: 38.28 mrr: 52.10, ndcg: 57.85, took: 0.61s
Epoch 14, 60.6%	 loss: 2.812 acc@1: 39.38 mrr: 52.90, ndcg: 58.30, took: 0.77s
Epoch 14, 67.3%	 loss: 2.770 acc@1: 40.31 mrr: 53.71, ndcg: 59.54, took: 0.74s
Epoch 14, 74.1%	 loss: 2.884 acc@1: 39.06 mrr: 52.17, ndcg: 57.42, took: 0.80s
Epoch 14, 80.8%	 loss: 2.917 acc@1: 37.34 mrr: 50.65, ndcg: 55.90, took: 0.82s
Epoch 14, 87.5%	 loss: 2.953 acc@1: 37.50 mrr: 50.13, ndcg: 55.26, took: 0.77s
Epoch 14, 94.3%	 loss: 2.896 acc@1: 37.81 mrr: 51.21, ndcg: 56.59, took: 0.82s
Validation - loss: 4.2705, acc@1: 31.47%, f1: 22.93%, mrr: 42.42%, ndcg: 46.47%
Current learning rate: 0.000083

=== Epoch 15 ===
Epoch 15, 6.7%	 loss: 2.849 acc@1: 35.62 mrr: 50.34, ndcg: 56.43, took: 0.74s
Epoch 15, 13.5%	 loss: 2.792 acc@1: 37.03 mrr: 52.07, ndcg: 57.51, took: 0.81s
Epoch 15, 20.2%	 loss: 2.659 acc@1: 42.34 mrr: 55.58, ndcg: 60.73, took: 0.69s
Epoch 15, 26.9%	 loss: 2.877 acc@1: 38.75 mrr: 52.03, ndcg: 57.56, took: 0.77s
Epoch 15, 33.7%	 loss: 2.785 acc@1: 40.31 mrr: 53.34, ndcg: 58.79, took: 0.67s
Epoch 15, 40.4%	 loss: 2.831 acc@1: 37.50 mrr: 51.68, ndcg: 57.27, took: 0.76s
Epoch 15, 47.1%	 loss: 2.852 acc@1: 35.94 mrr: 50.55, ndcg: 56.64, took: 0.75s
Epoch 15, 53.9%	 loss: 2.835 acc@1: 38.12 mrr: 51.63, ndcg: 56.72, took: 0.68s
Epoch 15, 60.6%	 loss: 2.761 acc@1: 40.78 mrr: 53.62, ndcg: 58.79, took: 0.68s
Epoch 15, 67.3%	 loss: 2.797 acc@1: 37.19 mrr: 51.19, ndcg: 56.97, took: 0.76s
Epoch 15, 74.1%	 loss: 2.860 acc@1: 38.75 mrr: 52.55, ndcg: 57.67, took: 0.73s
Epoch 15, 80.8%	 loss: 2.699 acc@1: 38.59 mrr: 53.02, ndcg: 59.01, took: 0.75s
Epoch 15, 87.5%	 loss: 2.910 acc@1: 36.25 mrr: 50.59, ndcg: 56.02, took: 0.70s
Epoch 15, 94.3%	 loss: 2.878 acc@1: 39.69 mrr: 52.55, ndcg: 57.86, took: 0.83s
Validation - loss: 4.2742, acc@1: 31.71%, f1: 23.12%, mrr: 42.60%, ndcg: 46.65%
Current learning rate: 0.000083

=== Epoch 16 ===
Epoch 16, 6.7%	 loss: 2.668 acc@1: 42.66 mrr: 55.56, ndcg: 60.74, took: 0.80s
Epoch 16, 13.5%	 loss: 2.928 acc@1: 36.41 mrr: 50.30, ndcg: 55.64, took: 0.70s
Epoch 16, 20.2%	 loss: 2.783 acc@1: 39.69 mrr: 53.37, ndcg: 58.53, took: 0.70s
Epoch 16, 26.9%	 loss: 2.767 acc@1: 38.91 mrr: 52.91, ndcg: 58.54, took: 0.79s
Epoch 16, 33.7%	 loss: 2.743 acc@1: 36.72 mrr: 52.10, ndcg: 58.41, took: 0.70s
Epoch 16, 40.4%	 loss: 2.769 acc@1: 39.22 mrr: 52.56, ndcg: 58.20, took: 0.66s
Epoch 16, 47.1%	 loss: 2.889 acc@1: 37.03 mrr: 50.64, ndcg: 56.04, took: 0.69s
Epoch 16, 53.9%	 loss: 2.679 acc@1: 40.62 mrr: 54.26, ndcg: 59.43, took: 0.71s
Epoch 16, 60.6%	 loss: 2.935 acc@1: 38.91 mrr: 51.49, ndcg: 56.03, took: 0.78s
Epoch 16, 67.3%	 loss: 2.701 acc@1: 39.53 mrr: 53.20, ndcg: 59.06, took: 0.73s
Epoch 16, 74.1%	 loss: 2.761 acc@1: 41.72 mrr: 53.91, ndcg: 59.00, took: 0.66s
Epoch 16, 80.8%	 loss: 2.920 acc@1: 37.34 mrr: 51.11, ndcg: 56.61, took: 0.83s
Epoch 16, 87.5%	 loss: 2.650 acc@1: 39.84 mrr: 54.60, ndcg: 60.29, took: 0.67s
Epoch 16, 94.3%	 loss: 2.786 acc@1: 39.53 mrr: 53.54, ndcg: 58.98, took: 0.65s
Validation - loss: 4.2930, acc@1: 31.92%, f1: 23.47%, mrr: 42.69%, ndcg: 46.67%
Current learning rate: 0.000083

=== Epoch 17 ===
Epoch 17, 6.7%	 loss: 2.730 acc@1: 40.31 mrr: 53.97, ndcg: 59.37, took: 0.70s
Epoch 17, 13.5%	 loss: 2.821 acc@1: 36.88 mrr: 51.51, ndcg: 57.18, took: 0.71s
Epoch 17, 20.2%	 loss: 2.738 acc@1: 41.56 mrr: 54.25, ndcg: 59.16, took: 0.78s
Epoch 17, 26.9%	 loss: 2.798 acc@1: 40.31 mrr: 53.31, ndcg: 58.37, took: 0.80s
Epoch 17, 33.7%	 loss: 2.651 acc@1: 41.09 mrr: 55.26, ndcg: 60.86, took: 0.71s
Epoch 17, 40.4%	 loss: 2.723 acc@1: 40.16 mrr: 53.86, ndcg: 59.72, took: 0.74s
Epoch 17, 47.1%	 loss: 2.812 acc@1: 39.53 mrr: 53.16, ndcg: 58.88, took: 0.77s
Epoch 17, 53.9%	 loss: 2.733 acc@1: 40.47 mrr: 53.09, ndcg: 58.33, took: 0.81s
Epoch 17, 60.6%	 loss: 2.895 acc@1: 35.78 mrr: 50.35, ndcg: 55.58, took: 0.68s
Epoch 17, 67.3%	 loss: 2.707 acc@1: 37.19 mrr: 52.87, ndcg: 59.21, took: 0.71s
Epoch 17, 74.1%	 loss: 2.852 acc@1: 40.31 mrr: 52.88, ndcg: 58.06, took: 0.72s
Epoch 17, 80.8%	 loss: 2.739 acc@1: 38.59 mrr: 52.89, ndcg: 58.49, took: 0.86s
Epoch 17, 87.5%	 loss: 2.789 acc@1: 38.12 mrr: 52.02, ndcg: 57.63, took: 0.65s
Epoch 17, 94.3%	 loss: 2.681 acc@1: 43.44 mrr: 55.60, ndcg: 60.66, took: 0.76s
Validation - loss: 4.2625, acc@1: 31.54%, f1: 23.24%, mrr: 42.49%, ndcg: 46.65%
Current learning rate: 0.000083

=== Epoch 18 ===
Epoch 18, 6.7%	 loss: 2.681 acc@1: 42.03 mrr: 55.72, ndcg: 60.94, took: 0.69s
Epoch 18, 13.5%	 loss: 2.707 acc@1: 39.69 mrr: 52.93, ndcg: 58.86, took: 0.80s
Epoch 18, 20.2%	 loss: 2.678 acc@1: 39.53 mrr: 53.99, ndcg: 59.27, took: 0.64s
Epoch 18, 26.9%	 loss: 2.758 acc@1: 42.03 mrr: 54.55, ndcg: 59.42, took: 0.76s
Epoch 18, 33.7%	 loss: 2.622 acc@1: 40.78 mrr: 54.99, ndcg: 60.83, took: 0.69s
Epoch 18, 40.4%	 loss: 2.758 acc@1: 40.16 mrr: 53.40, ndcg: 58.74, took: 0.73s
Epoch 18, 47.1%	 loss: 2.681 acc@1: 39.84 mrr: 54.00, ndcg: 59.61, took: 0.67s
Epoch 18, 53.9%	 loss: 2.871 acc@1: 39.69 mrr: 51.78, ndcg: 57.21, took: 0.73s
Epoch 18, 60.6%	 loss: 2.731 acc@1: 39.53 mrr: 52.93, ndcg: 58.48, took: 0.77s
Epoch 18, 67.3%	 loss: 2.651 acc@1: 39.69 mrr: 53.79, ndcg: 59.36, took: 0.65s
Epoch 18, 74.1%	 loss: 2.900 acc@1: 36.72 mrr: 50.35, ndcg: 56.36, took: 0.65s
Epoch 18, 80.8%	 loss: 2.748 acc@1: 40.62 mrr: 53.62, ndcg: 58.78, took: 0.70s
Epoch 18, 87.5%	 loss: 2.681 acc@1: 41.88 mrr: 55.14, ndcg: 60.42, took: 0.63s
Epoch 18, 94.3%	 loss: 2.665 acc@1: 39.22 mrr: 53.56, ndcg: 59.30, took: 0.76s
Validation - loss: 4.2719, acc@1: 31.59%, f1: 23.29%, mrr: 42.49%, ndcg: 46.57%
Current learning rate: 0.000008

=== Epoch 19 ===
Epoch 19, 6.7%	 loss: 2.805 acc@1: 40.62 mrr: 53.28, ndcg: 58.20, took: 0.72s
Epoch 19, 13.5%	 loss: 2.876 acc@1: 36.72 mrr: 51.23, ndcg: 56.73, took: 0.83s
Epoch 19, 20.2%	 loss: 2.951 acc@1: 35.31 mrr: 49.06, ndcg: 54.73, took: 0.70s
Epoch 19, 26.9%	 loss: 2.777 acc@1: 37.03 mrr: 51.91, ndcg: 57.60, took: 0.67s
Epoch 19, 33.7%	 loss: 2.830 acc@1: 37.97 mrr: 51.95, ndcg: 57.45, took: 0.63s
Epoch 19, 40.4%	 loss: 2.857 acc@1: 36.56 mrr: 50.71, ndcg: 56.74, took: 0.69s
Epoch 19, 47.1%	 loss: 2.931 acc@1: 34.06 mrr: 48.85, ndcg: 54.99, took: 0.67s
Epoch 19, 53.9%	 loss: 2.811 acc@1: 38.28 mrr: 52.23, ndcg: 57.96, took: 0.74s
Epoch 19, 60.6%	 loss: 2.771 acc@1: 42.03 mrr: 54.98, ndcg: 59.99, took: 0.80s
Epoch 19, 67.3%	 loss: 2.840 acc@1: 38.12 mrr: 51.74, ndcg: 57.01, took: 0.64s
Epoch 19, 74.1%	 loss: 2.868 acc@1: 37.19 mrr: 51.76, ndcg: 57.50, took: 0.75s
Epoch 19, 80.8%	 loss: 2.696 acc@1: 41.09 mrr: 55.11, ndcg: 60.86, took: 0.73s
Epoch 19, 87.5%	 loss: 2.703 acc@1: 42.81 mrr: 55.67, ndcg: 61.13, took: 0.71s
Epoch 19, 94.3%	 loss: 2.959 acc@1: 37.97 mrr: 50.76, ndcg: 55.94, took: 0.70s
Validation - loss: 4.2613, acc@1: 31.68%, f1: 23.09%, mrr: 42.60%, ndcg: 46.67%
Current learning rate: 0.000008

=== Epoch 20 ===
Epoch 20, 6.7%	 loss: 2.783 acc@1: 40.31 mrr: 53.14, ndcg: 58.31, took: 0.72s
Epoch 20, 13.5%	 loss: 2.903 acc@1: 38.12 mrr: 51.78, ndcg: 57.15, took: 0.66s
Epoch 20, 20.2%	 loss: 2.906 acc@1: 37.34 mrr: 50.74, ndcg: 56.34, took: 0.73s
Epoch 20, 26.9%	 loss: 2.745 acc@1: 39.84 mrr: 53.69, ndcg: 59.12, took: 0.64s
Epoch 20, 33.7%	 loss: 2.943 acc@1: 37.97 mrr: 50.61, ndcg: 55.94, took: 0.62s
Epoch 20, 40.4%	 loss: 2.871 acc@1: 36.88 mrr: 50.98, ndcg: 56.83, took: 0.72s
Epoch 20, 47.1%	 loss: 2.867 acc@1: 36.88 mrr: 51.39, ndcg: 57.05, took: 0.81s
Epoch 20, 53.9%	 loss: 2.801 acc@1: 36.88 mrr: 51.87, ndcg: 57.84, took: 0.67s
Epoch 20, 60.6%	 loss: 2.859 acc@1: 38.59 mrr: 51.86, ndcg: 57.12, took: 0.67s
Epoch 20, 67.3%	 loss: 2.922 acc@1: 37.81 mrr: 50.94, ndcg: 56.21, took: 0.66s
Epoch 20, 74.1%	 loss: 2.886 acc@1: 35.94 mrr: 50.18, ndcg: 56.00, took: 0.71s
Epoch 20, 80.8%	 loss: 2.706 acc@1: 40.94 mrr: 54.86, ndcg: 60.41, took: 0.64s
Epoch 20, 87.5%	 loss: 2.715 acc@1: 41.09 mrr: 54.76, ndcg: 60.18, took: 0.68s
Epoch 20, 94.3%	 loss: 2.692 acc@1: 41.25 mrr: 54.56, ndcg: 60.08, took: 0.75s
Validation - loss: 4.2652, acc@1: 31.61%, f1: 23.02%, mrr: 42.55%, ndcg: 46.56%
Current learning rate: 0.000008

=== Epoch 21 ===
Epoch 21, 6.7%	 loss: 2.715 acc@1: 39.53 mrr: 53.47, ndcg: 59.34, took: 0.68s
Epoch 21, 13.5%	 loss: 2.755 acc@1: 41.41 mrr: 54.52, ndcg: 59.67, took: 0.64s
Epoch 21, 20.2%	 loss: 2.903 acc@1: 39.06 mrr: 52.08, ndcg: 57.15, took: 0.62s
Epoch 21, 26.9%	 loss: 2.824 acc@1: 37.19 mrr: 51.52, ndcg: 57.36, took: 0.62s
Epoch 21, 33.7%	 loss: 2.847 acc@1: 36.88 mrr: 51.05, ndcg: 56.75, took: 0.68s
Epoch 21, 40.4%	 loss: 2.691 acc@1: 38.59 mrr: 53.02, ndcg: 58.86, took: 0.56s
Epoch 21, 47.1%	 loss: 2.789 acc@1: 39.06 mrr: 52.87, ndcg: 58.15, took: 0.61s
Epoch 21, 53.9%	 loss: 2.774 acc@1: 40.31 mrr: 53.37, ndcg: 58.63, took: 0.63s
Epoch 21, 60.6%	 loss: 2.987 acc@1: 39.06 mrr: 51.51, ndcg: 56.48, took: 0.68s
Epoch 21, 67.3%	 loss: 2.918 acc@1: 38.12 mrr: 51.04, ndcg: 56.39, took: 0.59s
Epoch 21, 74.1%	 loss: 2.773 acc@1: 39.06 mrr: 53.01, ndcg: 58.83, took: 0.59s
Epoch 21, 80.8%	 loss: 2.914 acc@1: 35.78 mrr: 49.71, ndcg: 55.08, took: 0.63s
Epoch 21, 87.5%	 loss: 2.832 acc@1: 38.91 mrr: 52.08, ndcg: 57.41, took: 0.58s
Epoch 21, 94.3%	 loss: 2.784 acc@1: 37.81 mrr: 52.09, ndcg: 57.80, took: 0.63s
Validation - loss: 4.2690, acc@1: 31.73%, f1: 23.03%, mrr: 42.64%, ndcg: 46.68%
Current learning rate: 0.000008

=== Epoch 22 ===
Epoch 22, 6.7%	 loss: 2.961 acc@1: 36.88 mrr: 50.50, ndcg: 56.19, took: 0.62s
Epoch 22, 13.5%	 loss: 2.644 acc@1: 39.06 mrr: 54.39, ndcg: 60.00, took: 0.65s
Epoch 22, 20.2%	 loss: 2.855 acc@1: 39.53 mrr: 52.67, ndcg: 57.77, took: 0.62s
Epoch 22, 26.9%	 loss: 2.877 acc@1: 37.50 mrr: 51.59, ndcg: 57.00, took: 0.58s
Epoch 22, 33.7%	 loss: 2.656 acc@1: 42.19 mrr: 54.90, ndcg: 60.51, took: 0.67s
Epoch 22, 40.4%	 loss: 2.935 acc@1: 35.62 mrr: 49.53, ndcg: 55.25, took: 0.62s
Epoch 22, 47.1%	 loss: 2.843 acc@1: 36.56 mrr: 50.66, ndcg: 56.59, took: 0.55s
Epoch 22, 53.9%	 loss: 2.823 acc@1: 39.22 mrr: 52.58, ndcg: 58.20, took: 0.66s
Epoch 22, 60.6%	 loss: 2.808 acc@1: 39.69 mrr: 52.96, ndcg: 58.54, took: 0.61s
Epoch 22, 67.3%	 loss: 2.848 acc@1: 39.53 mrr: 52.60, ndcg: 57.82, took: 0.60s
Epoch 22, 74.1%	 loss: 2.751 acc@1: 37.97 mrr: 52.47, ndcg: 58.10, took: 0.64s
Epoch 22, 80.8%	 loss: 2.841 acc@1: 39.38 mrr: 52.28, ndcg: 57.64, took: 0.56s
Epoch 22, 87.5%	 loss: 2.820 acc@1: 39.22 mrr: 52.31, ndcg: 57.55, took: 0.60s
Epoch 22, 94.3%	 loss: 2.915 acc@1: 36.41 mrr: 50.27, ndcg: 55.76, took: 0.59s
Validation - loss: 4.2680, acc@1: 31.61%, f1: 23.01%, mrr: 42.58%, ndcg: 46.59%
Current learning rate: 0.000008

=== Epoch 23 ===
Epoch 23, 6.7%	 loss: 2.876 acc@1: 41.41 mrr: 52.94, ndcg: 57.86, took: 0.65s
Epoch 23, 13.5%	 loss: 2.768 acc@1: 41.56 mrr: 53.89, ndcg: 59.19, took: 0.62s
Epoch 23, 20.2%	 loss: 2.846 acc@1: 37.66 mrr: 51.98, ndcg: 57.78, took: 0.68s
Epoch 23, 26.9%	 loss: 2.856 acc@1: 36.88 mrr: 51.10, ndcg: 56.90, took: 0.71s
Epoch 23, 33.7%	 loss: 2.832 acc@1: 37.03 mrr: 51.30, ndcg: 57.30, took: 0.59s
Epoch 23, 40.4%	 loss: 2.720 acc@1: 38.91 mrr: 53.41, ndcg: 59.63, took: 0.60s
Epoch 23, 47.1%	 loss: 2.876 acc@1: 37.97 mrr: 51.63, ndcg: 56.83, took: 0.59s
Epoch 23, 53.9%	 loss: 2.850 acc@1: 38.44 mrr: 51.69, ndcg: 56.69, took: 0.68s
Epoch 23, 60.6%	 loss: 2.870 acc@1: 38.91 mrr: 51.92, ndcg: 56.75, took: 0.70s
Epoch 23, 67.3%	 loss: 2.641 acc@1: 39.69 mrr: 54.35, ndcg: 60.03, took: 0.60s
Epoch 23, 74.1%	 loss: 2.798 acc@1: 38.44 mrr: 52.30, ndcg: 57.78, took: 0.67s
Epoch 23, 80.8%	 loss: 2.781 acc@1: 40.62 mrr: 53.93, ndcg: 59.31, took: 0.62s
Epoch 23, 87.5%	 loss: 2.922 acc@1: 37.81 mrr: 51.19, ndcg: 56.64, took: 0.57s
Epoch 23, 94.3%	 loss: 2.815 acc@1: 38.12 mrr: 52.24, ndcg: 57.80, took: 0.58s
Validation - loss: 4.2641, acc@1: 31.42%, f1: 22.87%, mrr: 42.45%, ndcg: 46.56%
Training finished.	 Time: 297.85s.	 acc@1: 32.13%

=== Test Results ===
Test Results:
  acc@1: 25.45%
  acc@5: 45.97%
  acc@10: 51.34%
  mrr: 34.61%
  ndcg: 38.12%
  f1: 17.80%

=== Training Complete ===
