2026-01-01 08:11:55,732 - INFO - ============================================================
2026-01-01 08:11:55,733 - INFO - POINTER V45 - Training Started
2026-01-01 08:11:55,733 - INFO - ============================================================
2026-01-01 08:11:55,733 - INFO - Model config: {'d_model': 128, 'nhead': 4, 'num_layers': 4, 'dim_feedforward': 128, 'dropout': 0.15}
2026-01-01 08:11:55,733 - INFO - Training config: {'batch_size': 64, 'num_epochs': 50, 'learning_rate': 0.0005, 'weight_decay': 0.015, 'label_smoothing': 0.01, 'grad_clip': 0.8, 'patience': 5, 'min_epochs': 8, 'warmup_epochs': 3, 'use_amp': True, 'min_lr': 1e-06}
2026-01-01 08:11:55,733 - INFO - ============================================================
2026-01-01 08:11:55,733 - INFO - Training for 50 epochs
2026-01-01 08:11:55,733 - INFO - Model parameters: 813,252
2026-01-01 08:12:03,556 - INFO - Epoch 1/50 | LR: 1.67e-04 | Train: 4.3465 | Val: 3.0856 | Acc@1: 42.44%
2026-01-01 08:12:03,597 - INFO -   ✓ New best (Acc@1: 42.44%)
2026-01-01 08:12:09,907 - INFO - Epoch 2/50 | LR: 3.33e-04 | Train: 3.6124 | Val: 2.9610 | Acc@1: 45.53%
2026-01-01 08:12:09,956 - INFO -   ✓ New best (Acc@1: 45.53%)
2026-01-01 08:12:16,744 - INFO - Epoch 3/50 | LR: 5.00e-04 | Train: 3.2866 | Val: 2.9717 | Acc@1: 46.19%
2026-01-01 08:12:23,331 - INFO - Epoch 4/50 | LR: 5.00e-04 | Train: 2.9367 | Val: 2.9378 | Acc@1: 47.30%
2026-01-01 08:12:23,379 - INFO -   ✓ New best (Acc@1: 47.30%)
2026-01-01 08:12:29,642 - INFO - Epoch 5/50 | LR: 4.99e-04 | Train: 2.6180 | Val: 2.9222 | Acc@1: 48.62%
2026-01-01 08:12:29,687 - INFO -   ✓ New best (Acc@1: 48.62%)
2026-01-01 08:12:35,565 - INFO - Epoch 6/50 | LR: 4.98e-04 | Train: 2.3434 | Val: 3.1796 | Acc@1: 45.68%
2026-01-01 08:12:42,050 - INFO - Epoch 7/50 | LR: 4.95e-04 | Train: 2.1142 | Val: 3.0651 | Acc@1: 47.33%
2026-01-01 08:12:48,243 - INFO - Epoch 8/50 | LR: 4.91e-04 | Train: 1.8848 | Val: 3.1428 | Acc@1: 46.58%
2026-01-01 08:12:54,200 - INFO - Epoch 9/50 | LR: 4.86e-04 | Train: 1.6861 | Val: 3.3197 | Acc@1: 46.73%
2026-01-01 08:13:00,869 - INFO - Epoch 10/50 | LR: 4.80e-04 | Train: 1.5092 | Val: 3.3337 | Acc@1: 46.91%
2026-01-01 08:13:00,869 - INFO - Early stopping at epoch 10
2026-01-01 08:13:01,107 - INFO - Loaded checkpoint from epoch 5
2026-01-01 08:13:04,000 - INFO - ============================================================
2026-01-01 08:13:04,001 - INFO - FINAL VALIDATION RESULTS
2026-01-01 08:13:04,001 - INFO -   Acc@1:  48.62%
2026-01-01 08:13:04,001 - INFO -   Acc@5:  75.25%
2026-01-01 08:13:04,001 - INFO -   Acc@10: 80.50%
2026-01-01 08:13:04,001 - INFO -   MRR:    60.39%
2026-01-01 08:13:04,001 - INFO -   NDCG:   65.02%
2026-01-01 08:13:04,001 - INFO - ============================================================
2026-01-01 08:13:04,001 - INFO - FINAL TEST RESULTS
2026-01-01 08:13:04,001 - INFO -   Acc@1:  51.26%
2026-01-01 08:13:04,001 - INFO -   Acc@5:  79.87%
2026-01-01 08:13:04,001 - INFO -   Acc@10: 83.78%
2026-01-01 08:13:04,001 - INFO -   MRR:    63.96%
2026-01-01 08:13:04,001 - INFO -   NDCG:   68.65%
2026-01-01 08:13:04,001 - INFO - ============================================================
