2025-12-30 00:44:18,752 - INFO - ============================================================
2025-12-30 00:44:18,752 - INFO - POINTER V45 - Training Started
2025-12-30 00:44:18,752 - INFO - ============================================================
2025-12-30 00:44:18,753 - INFO - Model config: {'d_model': 128, 'dim_feedforward': 256, 'dropout': 0.15, 'nhead': 2, 'num_layers': 8}
2025-12-30 00:44:18,753 - INFO - Training config: {'batch_size': 128, 'grad_clip': 0.8, 'label_smoothing': 0.03, 'learning_rate': 0.0006, 'min_epochs': 8, 'min_lr': 1e-06, 'num_epochs': 50, 'patience': 5, 'use_amp': True, 'warmup_epochs': 5, 'weight_decay': 0.015}
2025-12-30 00:44:18,753 - INFO - ============================================================
2025-12-30 00:44:18,753 - INFO - Training for 50 epochs
2025-12-30 00:44:18,753 - INFO - Model parameters: 3,143,520
2025-12-30 00:46:03,888 - INFO - Epoch 1/50 | LR: 1.20e-04 | Train: 3.4588 | Val: 3.1924 | Acc@1: 50.24%
2025-12-30 00:46:03,985 - INFO -   ✓ New best (Acc@1: 50.24%)
2025-12-30 00:47:48,193 - INFO - Epoch 2/50 | LR: 2.40e-04 | Train: 3.1113 | Val: 3.1051 | Acc@1: 52.60%
2025-12-30 00:47:48,287 - INFO -   ✓ New best (Acc@1: 52.60%)
2025-12-30 00:49:33,381 - INFO - Epoch 3/50 | LR: 3.60e-04 | Train: 2.9900 | Val: 3.0192 | Acc@1: 53.49%
2025-12-30 00:49:33,482 - INFO -   ✓ New best (Acc@1: 53.49%)
2025-12-30 00:51:19,859 - INFO - Epoch 4/50 | LR: 4.80e-04 | Train: 2.8564 | Val: 2.9442 | Acc@1: 53.58%
2025-12-30 00:51:19,961 - INFO -   ✓ New best (Acc@1: 53.58%)
2025-12-30 00:53:08,054 - INFO - Epoch 5/50 | LR: 6.00e-04 | Train: 2.7519 | Val: 2.9064 | Acc@1: 54.44%
2025-12-30 00:53:08,157 - INFO -   ✓ New best (Acc@1: 54.44%)
2025-12-30 00:54:53,096 - INFO - Epoch 6/50 | LR: 6.00e-04 | Train: 2.6512 | Val: 2.8686 | Acc@1: 54.53%
2025-12-30 00:54:53,199 - INFO -   ✓ New best (Acc@1: 54.53%)
2025-12-30 00:56:38,488 - INFO - Epoch 7/50 | LR: 5.99e-04 | Train: 2.5728 | Val: 2.8490 | Acc@1: 54.60%
2025-12-30 00:56:38,591 - INFO -   ✓ New best (Acc@1: 54.60%)
2025-12-30 00:58:26,717 - INFO - Epoch 8/50 | LR: 5.97e-04 | Train: 2.5118 | Val: 2.8575 | Acc@1: 54.62%
2025-12-30 01:00:08,730 - INFO - Epoch 9/50 | LR: 5.93e-04 | Train: 2.4527 | Val: 2.8674 | Acc@1: 54.81%
2025-12-30 01:01:39,253 - INFO - Epoch 10/50 | LR: 5.88e-04 | Train: 2.4131 | Val: 2.9014 | Acc@1: 54.28%
2025-12-30 01:02:59,812 - INFO - Epoch 11/50 | LR: 5.82e-04 | Train: 2.3780 | Val: 2.9156 | Acc@1: 54.02%
2025-12-30 01:04:13,255 - INFO - Epoch 12/50 | LR: 5.74e-04 | Train: 2.3399 | Val: 2.9382 | Acc@1: 54.18%
2025-12-30 01:04:13,256 - INFO - Early stopping at epoch 12
2025-12-30 01:04:13,417 - INFO - Loaded checkpoint from epoch 7
2025-12-30 01:04:19,448 - INFO - ============================================================
2025-12-30 01:04:19,448 - INFO - FINAL VALIDATION RESULTS
2025-12-30 01:04:19,448 - INFO -   Acc@1:  54.60%
2025-12-30 01:04:19,448 - INFO -   Acc@5:  80.16%
2025-12-30 01:04:19,448 - INFO -   Acc@10: 83.92%
2025-12-30 01:04:19,448 - INFO -   MRR:    65.74%
2025-12-30 01:04:19,449 - INFO -   NDCG:   70.05%
2025-12-30 01:04:19,449 - INFO - ============================================================
2025-12-30 01:04:19,449 - INFO - FINAL TEST RESULTS
2025-12-30 01:04:19,449 - INFO -   Acc@1:  55.18%
2025-12-30 01:04:19,449 - INFO -   Acc@5:  81.13%
2025-12-30 01:04:19,449 - INFO -   Acc@10: 84.94%
2025-12-30 01:04:19,449 - INFO -   MRR:    66.57%
2025-12-30 01:04:19,449 - INFO -   NDCG:   70.94%
2025-12-30 01:04:19,449 - INFO - ============================================================
