2025-12-30 01:51:03,781 - INFO - ============================================================
2025-12-30 01:51:03,781 - INFO - POINTER V45 - Training Started
2025-12-30 01:51:03,782 - INFO - ============================================================
2025-12-30 01:51:03,782 - INFO - Model config: {'d_model': 128, 'dim_feedforward': 512, 'dropout': 0.15, 'nhead': 8, 'num_layers': 4}
2025-12-30 01:51:03,782 - INFO - Training config: {'batch_size': 128, 'grad_clip': 0.8, 'label_smoothing': 0.03, 'learning_rate': 0.0007, 'min_epochs': 8, 'min_lr': 1e-06, 'num_epochs': 50, 'patience': 5, 'use_amp': True, 'warmup_epochs': 5, 'weight_decay': 0.015}
2025-12-30 01:51:03,782 - INFO - ============================================================
2025-12-30 01:51:03,782 - INFO - Training for 50 epochs
2025-12-30 01:51:03,782 - INFO - Model parameters: 2,876,768
2025-12-30 01:52:41,485 - INFO - Epoch 1/50 | LR: 1.40e-04 | Train: 3.2825 | Val: 3.1862 | Acc@1: 51.27%
2025-12-30 01:52:41,559 - INFO -   ✓ New best (Acc@1: 51.27%)
2025-12-30 01:54:21,494 - INFO - Epoch 2/50 | LR: 2.80e-04 | Train: 3.0464 | Val: 3.0891 | Acc@1: 52.80%
2025-12-30 01:54:21,594 - INFO -   ✓ New best (Acc@1: 52.80%)
2025-12-30 01:55:59,559 - INFO - Epoch 3/50 | LR: 4.20e-04 | Train: 2.9077 | Val: 2.9804 | Acc@1: 54.04%
2025-12-30 01:55:59,644 - INFO -   ✓ New best (Acc@1: 54.04%)
2025-12-30 01:57:37,380 - INFO - Epoch 4/50 | LR: 5.60e-04 | Train: 2.7627 | Val: 2.9242 | Acc@1: 54.41%
2025-12-30 01:57:37,466 - INFO -   ✓ New best (Acc@1: 54.41%)
2025-12-30 01:59:15,531 - INFO - Epoch 5/50 | LR: 7.00e-04 | Train: 2.6787 | Val: 2.8742 | Acc@1: 54.79%
2025-12-30 01:59:15,621 - INFO -   ✓ New best (Acc@1: 54.79%)
2025-12-30 02:00:51,354 - INFO - Epoch 6/50 | LR: 7.00e-04 | Train: 2.5797 | Val: 2.8838 | Acc@1: 53.98%
2025-12-30 02:02:37,888 - INFO - Epoch 7/50 | LR: 6.99e-04 | Train: 2.5110 | Val: 2.8706 | Acc@1: 54.31%
2025-12-30 02:02:37,974 - INFO -   ✓ New best (Acc@1: 54.31%)
2025-12-30 02:04:26,605 - INFO - Epoch 8/50 | LR: 6.97e-04 | Train: 2.4493 | Val: 2.8802 | Acc@1: 54.11%
2025-12-30 02:06:08,082 - INFO - Epoch 9/50 | LR: 6.92e-04 | Train: 2.4019 | Val: 2.8995 | Acc@1: 54.42%
2025-12-30 02:07:49,954 - INFO - Epoch 10/50 | LR: 6.86e-04 | Train: 2.3597 | Val: 2.9406 | Acc@1: 54.09%
2025-12-30 02:09:25,936 - INFO - Epoch 11/50 | LR: 6.79e-04 | Train: 2.3276 | Val: 2.9743 | Acc@1: 53.11%
2025-12-30 02:11:03,870 - INFO - Epoch 12/50 | LR: 6.70e-04 | Train: 2.2868 | Val: 2.9878 | Acc@1: 53.02%
2025-12-30 02:11:03,870 - INFO - Early stopping at epoch 12
2025-12-30 02:11:04,381 - INFO - Loaded checkpoint from epoch 7
2025-12-30 02:11:19,981 - INFO - ============================================================
2025-12-30 02:11:19,981 - INFO - FINAL VALIDATION RESULTS
2025-12-30 02:11:19,981 - INFO -   Acc@1:  54.31%
2025-12-30 02:11:19,981 - INFO -   Acc@5:  80.03%
2025-12-30 02:11:19,981 - INFO -   Acc@10: 84.02%
2025-12-30 02:11:19,981 - INFO -   MRR:    65.49%
2025-12-30 02:11:19,981 - INFO -   NDCG:   69.88%
2025-12-30 02:11:19,982 - INFO - ============================================================
2025-12-30 02:11:19,982 - INFO - FINAL TEST RESULTS
2025-12-30 02:11:19,982 - INFO -   Acc@1:  54.42%
2025-12-30 02:11:19,982 - INFO -   Acc@5:  81.38%
2025-12-30 02:11:19,982 - INFO -   Acc@10: 85.07%
2025-12-30 02:11:19,982 - INFO -   MRR:    66.13%
2025-12-30 02:11:19,982 - INFO -   NDCG:   70.65%
2025-12-30 02:11:19,982 - INFO - ============================================================
