2025-12-29 19:51:46,548 - INFO - ============================================================
2025-12-29 19:51:46,548 - INFO - POINTER V45 - Training Started
2025-12-29 19:51:46,548 - INFO - ============================================================
2025-12-29 19:51:46,548 - INFO - Model config: {'d_model': 128, 'dim_feedforward': 512, 'dropout': 0.15, 'nhead': 8, 'num_layers': 8}
2025-12-29 19:51:46,548 - INFO - Training config: {'batch_size': 128, 'grad_clip': 0.8, 'label_smoothing': 0.03, 'learning_rate': 0.0007, 'min_epochs': 8, 'min_lr': 1e-06, 'num_epochs': 50, 'patience': 5, 'use_amp': True, 'warmup_epochs': 5, 'weight_decay': 0.015}
2025-12-29 19:51:46,548 - INFO - ============================================================
2025-12-29 19:51:46,548 - INFO - Training for 50 epochs
2025-12-29 19:51:46,549 - INFO - Model parameters: 3,669,856
2025-12-29 19:53:58,282 - INFO - Epoch 1/50 | LR: 1.40e-04 | Train: 3.3812 | Val: 3.1762 | Acc@1: 51.15%
2025-12-29 19:53:58,383 - INFO -   ✓ New best (Acc@1: 51.15%)
2025-12-29 19:56:09,712 - INFO - Epoch 2/50 | LR: 2.80e-04 | Train: 3.0880 | Val: 3.1001 | Acc@1: 53.00%
2025-12-29 19:56:09,824 - INFO -   ✓ New best (Acc@1: 53.00%)
2025-12-29 19:58:22,874 - INFO - Epoch 3/50 | LR: 4.20e-04 | Train: 2.9701 | Val: 3.0177 | Acc@1: 53.89%
2025-12-29 19:58:22,990 - INFO -   ✓ New best (Acc@1: 53.89%)
2025-12-29 20:00:52,075 - INFO - Epoch 4/50 | LR: 5.60e-04 | Train: 2.8509 | Val: 2.9465 | Acc@1: 53.85%
2025-12-29 20:00:52,198 - INFO -   ✓ New best (Acc@1: 53.85%)
2025-12-29 20:03:07,856 - INFO - Epoch 5/50 | LR: 7.00e-04 | Train: 2.7544 | Val: 2.9078 | Acc@1: 53.90%
2025-12-29 20:03:07,971 - INFO -   ✓ New best (Acc@1: 53.90%)
2025-12-29 20:05:19,274 - INFO - Epoch 6/50 | LR: 7.00e-04 | Train: 2.6589 | Val: 2.8733 | Acc@1: 54.42%
2025-12-29 20:05:19,391 - INFO -   ✓ New best (Acc@1: 54.42%)
2025-12-29 20:07:30,925 - INFO - Epoch 7/50 | LR: 6.99e-04 | Train: 2.5815 | Val: 2.8610 | Acc@1: 54.62%
2025-12-29 20:07:31,043 - INFO -   ✓ New best (Acc@1: 54.62%)
2025-12-29 20:09:43,730 - INFO - Epoch 8/50 | LR: 6.97e-04 | Train: 2.5192 | Val: 2.8845 | Acc@1: 54.55%
2025-12-29 20:11:54,408 - INFO - Epoch 9/50 | LR: 6.92e-04 | Train: 2.4659 | Val: 2.8815 | Acc@1: 54.62%
2025-12-29 20:14:05,042 - INFO - Epoch 10/50 | LR: 6.86e-04 | Train: 2.4223 | Val: 2.9083 | Acc@1: 54.16%
2025-12-29 20:16:12,820 - INFO - Epoch 11/50 | LR: 6.79e-04 | Train: 2.3988 | Val: 2.9160 | Acc@1: 54.15%
2025-12-29 20:18:24,010 - INFO - Epoch 12/50 | LR: 6.70e-04 | Train: 2.3553 | Val: 2.9525 | Acc@1: 54.31%
2025-12-29 20:18:24,010 - INFO - Early stopping at epoch 12
2025-12-29 20:18:24,732 - INFO - Loaded checkpoint from epoch 7
2025-12-29 20:18:38,468 - INFO - ============================================================
2025-12-29 20:18:38,469 - INFO - FINAL VALIDATION RESULTS
2025-12-29 20:18:38,469 - INFO -   Acc@1:  54.62%
2025-12-29 20:18:38,469 - INFO -   Acc@5:  79.72%
2025-12-29 20:18:38,469 - INFO -   Acc@10: 83.72%
2025-12-29 20:18:38,469 - INFO -   MRR:    65.66%
2025-12-29 20:18:38,469 - INFO -   NDCG:   69.93%
2025-12-29 20:18:38,469 - INFO - ============================================================
2025-12-29 20:18:38,469 - INFO - FINAL TEST RESULTS
2025-12-29 20:18:38,469 - INFO -   Acc@1:  54.96%
2025-12-29 20:18:38,469 - INFO -   Acc@5:  81.27%
2025-12-29 20:18:38,469 - INFO -   Acc@10: 85.02%
2025-12-29 20:18:38,469 - INFO -   MRR:    66.37%
2025-12-29 20:18:38,469 - INFO -   NDCG:   70.80%
2025-12-29 20:18:38,469 - INFO - ============================================================
