2025-12-30 18:00:35,844 - INFO - ============================================================
2025-12-30 18:00:35,844 - INFO - POINTER V45 - Training Started
2025-12-30 18:00:35,844 - INFO - ============================================================
2025-12-30 18:00:35,844 - INFO - Model config: {'d_model': 64, 'dim_feedforward': 128, 'dropout': 0.15, 'nhead': 2, 'num_layers': 4}
2025-12-30 18:00:35,844 - INFO - Training config: {'batch_size': 128, 'grad_clip': 0.8, 'label_smoothing': 0.03, 'learning_rate': 0.00065, 'min_epochs': 3, 'min_lr': 1e-06, 'num_epochs': 50, 'patience': 5, 'use_amp': True, 'warmup_epochs': 5, 'weight_decay': 0.015}
2025-12-30 18:00:35,844 - INFO - ============================================================
2025-12-30 18:00:35,845 - INFO - Training for 50 epochs
2025-12-30 18:00:35,845 - INFO - Model parameters: 1,115,474
2025-12-30 18:03:58,430 - INFO - Epoch 1/50 | LR: 1.30e-04 | Train: 3.1192 | Val: 3.0594 | Acc@1: 51.03%
2025-12-30 18:03:58,478 - INFO -   ✓ New best (Acc@1: 51.03%)
2025-12-30 18:07:17,143 - INFO - Epoch 2/50 | LR: 2.60e-04 | Train: 2.8822 | Val: 2.9908 | Acc@1: 52.48%
2025-12-30 18:07:17,194 - INFO -   ✓ New best (Acc@1: 52.48%)
2025-12-30 18:10:35,661 - INFO - Epoch 3/50 | LR: 3.90e-04 | Train: 2.8005 | Val: 2.9759 | Acc@1: 53.01%
2025-12-30 18:10:35,709 - INFO -   ✓ New best (Acc@1: 53.01%)
2025-12-30 18:13:56,606 - INFO - Epoch 4/50 | LR: 5.20e-04 | Train: 2.7397 | Val: 2.9332 | Acc@1: 53.38%
2025-12-30 18:13:56,657 - INFO -   ✓ New best (Acc@1: 53.38%)
2025-12-30 18:17:14,551 - INFO - Epoch 5/50 | LR: 6.50e-04 | Train: 2.6782 | Val: 2.9040 | Acc@1: 54.01%
2025-12-30 18:17:14,602 - INFO -   ✓ New best (Acc@1: 54.01%)
2025-12-30 18:20:33,554 - INFO - Epoch 6/50 | LR: 6.50e-04 | Train: 2.6085 | Val: 2.8886 | Acc@1: 53.83%
2025-12-30 18:20:33,605 - INFO -   ✓ New best (Acc@1: 53.83%)
2025-12-30 18:23:53,080 - INFO - Epoch 7/50 | LR: 6.49e-04 | Train: 2.5505 | Val: 2.8713 | Acc@1: 54.20%
2025-12-30 18:23:53,131 - INFO -   ✓ New best (Acc@1: 54.20%)
2025-12-30 18:27:12,591 - INFO - Epoch 8/50 | LR: 6.47e-04 | Train: 2.5039 | Val: 2.8839 | Acc@1: 54.53%
2025-12-30 18:30:29,649 - INFO - Epoch 9/50 | LR: 6.43e-04 | Train: 2.4638 | Val: 2.8882 | Acc@1: 54.39%
2025-12-30 18:33:48,215 - INFO - Epoch 10/50 | LR: 6.37e-04 | Train: 2.4310 | Val: 2.8984 | Acc@1: 53.51%
2025-12-30 18:37:06,935 - INFO - Epoch 11/50 | LR: 6.30e-04 | Train: 2.4018 | Val: 2.9127 | Acc@1: 53.94%
2025-12-30 18:40:21,590 - INFO - Epoch 12/50 | LR: 6.22e-04 | Train: 2.3771 | Val: 2.9379 | Acc@1: 53.54%
2025-12-30 18:40:21,591 - INFO - Early stopping at epoch 12
2025-12-30 18:40:23,714 - INFO - Loaded checkpoint from epoch 7
2025-12-30 18:40:43,496 - INFO - ============================================================
2025-12-30 18:40:43,496 - INFO - FINAL VALIDATION RESULTS
2025-12-30 18:40:43,496 - INFO -   Acc@1:  54.20%
2025-12-30 18:40:43,496 - INFO -   Acc@5:  80.10%
2025-12-30 18:40:43,496 - INFO -   Acc@10: 83.66%
2025-12-30 18:40:43,496 - INFO -   MRR:    65.45%
2025-12-30 18:40:43,496 - INFO -   NDCG:   69.78%
2025-12-30 18:40:43,496 - INFO - ============================================================
2025-12-30 18:40:43,496 - INFO - FINAL TEST RESULTS
2025-12-30 18:40:43,496 - INFO -   Acc@1:  56.19%
2025-12-30 18:40:43,496 - INFO -   Acc@5:  82.40%
2025-12-30 18:40:43,497 - INFO -   Acc@10: 85.90%
2025-12-30 18:40:43,497 - INFO -   MRR:    67.63%
2025-12-30 18:40:43,497 - INFO -   NDCG:   72.01%
2025-12-30 18:40:43,497 - INFO - ============================================================
