2026-01-02 06:40:39,515 - INFO - ============================================================
2026-01-02 06:40:39,515 - INFO - LSTM_BASELINE BASELINE - Training Started
2026-01-02 06:40:39,516 - INFO - ============================================================
2026-01-02 06:40:39,516 - INFO - Model config: {'d_model': 64, 'hidden_size': 64, 'num_layers': 2, 'dropout': 0.2}
2026-01-02 06:40:39,516 - INFO - Training config: {'batch_size': 128, 'num_epochs': 50, 'learning_rate': 0.00065, 'weight_decay': 0.015, 'label_smoothing': 0.03, 'grad_clip': 0.8, 'patience': 5, 'min_epochs': 8, 'warmup_epochs': 5, 'use_amp': True, 'min_lr': 1e-06}
2026-01-02 06:40:39,516 - INFO - ============================================================
2026-01-02 06:40:39,516 - INFO - Training for 50 epochs
2026-01-02 06:40:39,516 - INFO - Model parameters: 240,723
2026-01-02 06:40:42,446 - INFO - Epoch 1/50 | LR: 1.30e-04 | Train: 6.8305 | Val: 6.5600 | Acc@1: 18.42%
2026-01-02 06:40:42,459 - INFO -   ✓ New best (Acc@1: 18.42%)
2026-01-02 06:40:44,928 - INFO - Epoch 2/50 | LR: 2.60e-04 | Train: 6.0544 | Val: 5.8905 | Acc@1: 19.14%
2026-01-02 06:40:44,942 - INFO -   ✓ New best (Acc@1: 19.14%)
2026-01-02 06:40:47,396 - INFO - Epoch 3/50 | LR: 3.90e-04 | Train: 5.1597 | Val: 5.1428 | Acc@1: 22.71%
2026-01-02 06:40:47,409 - INFO -   ✓ New best (Acc@1: 22.71%)
2026-01-02 06:40:49,877 - INFO - Epoch 4/50 | LR: 5.20e-04 | Train: 4.3262 | Val: 4.6070 | Acc@1: 31.97%
2026-01-02 06:40:49,890 - INFO -   ✓ New best (Acc@1: 31.97%)
2026-01-02 06:40:52,403 - INFO - Epoch 5/50 | LR: 6.50e-04 | Train: 3.8122 | Val: 4.3513 | Acc@1: 34.82%
2026-01-02 06:40:52,416 - INFO -   ✓ New best (Acc@1: 34.82%)
2026-01-02 06:40:54,893 - INFO - Epoch 6/50 | LR: 6.50e-04 | Train: 3.5426 | Val: 4.2972 | Acc@1: 35.69%
2026-01-02 06:40:54,908 - INFO -   ✓ New best (Acc@1: 35.69%)
2026-01-02 06:40:57,305 - INFO - Epoch 7/50 | LR: 6.49e-04 | Train: 3.3698 | Val: 4.2717 | Acc@1: 35.99%
2026-01-02 06:40:57,318 - INFO -   ✓ New best (Acc@1: 35.99%)
2026-01-02 06:40:59,758 - INFO - Epoch 8/50 | LR: 6.47e-04 | Train: 3.2464 | Val: 4.2704 | Acc@1: 35.78%
2026-01-02 06:40:59,772 - INFO -   ✓ New best (Acc@1: 35.78%)
2026-01-02 06:41:02,297 - INFO - Epoch 9/50 | LR: 6.43e-04 | Train: 3.1535 | Val: 4.2656 | Acc@1: 35.51%
2026-01-02 06:41:02,311 - INFO -   ✓ New best (Acc@1: 35.51%)
2026-01-02 06:41:04,743 - INFO - Epoch 10/50 | LR: 6.37e-04 | Train: 3.0658 | Val: 4.2856 | Acc@1: 35.18%
2026-01-02 06:41:07,278 - INFO - Epoch 11/50 | LR: 6.30e-04 | Train: 2.9847 | Val: 4.2876 | Acc@1: 35.48%
2026-01-02 06:41:09,754 - INFO - Epoch 12/50 | LR: 6.22e-04 | Train: 2.9207 | Val: 4.2949 | Acc@1: 36.41%
2026-01-02 06:41:12,232 - INFO - Epoch 13/50 | LR: 6.12e-04 | Train: 2.8588 | Val: 4.2056 | Acc@1: 37.07%
2026-01-02 06:41:12,246 - INFO -   ✓ New best (Acc@1: 37.07%)
2026-01-02 06:41:14,708 - INFO - Epoch 14/50 | LR: 6.01e-04 | Train: 2.7873 | Val: 4.2006 | Acc@1: 37.04%
2026-01-02 06:41:14,722 - INFO -   ✓ New best (Acc@1: 37.04%)
2026-01-02 06:41:17,196 - INFO - Epoch 15/50 | LR: 5.88e-04 | Train: 2.7344 | Val: 4.2732 | Acc@1: 36.47%
2026-01-02 06:41:19,688 - INFO - Epoch 16/50 | LR: 5.74e-04 | Train: 2.6783 | Val: 4.2385 | Acc@1: 37.34%
2026-01-02 06:41:22,336 - INFO - Epoch 17/50 | LR: 5.59e-04 | Train: 2.6322 | Val: 4.2560 | Acc@1: 36.89%
2026-01-02 06:41:24,881 - INFO - Epoch 18/50 | LR: 5.43e-04 | Train: 2.5844 | Val: 4.2252 | Acc@1: 38.15%
2026-01-02 06:41:27,420 - INFO - Epoch 19/50 | LR: 5.25e-04 | Train: 2.5325 | Val: 4.2421 | Acc@1: 38.30%
2026-01-02 06:41:27,421 - INFO - Early stopping at epoch 19
2026-01-02 06:41:27,449 - INFO - Loaded checkpoint from epoch 14
2026-01-02 06:41:28,505 - INFO - ============================================================
2026-01-02 06:41:28,505 - INFO - FINAL VALIDATION RESULTS
2026-01-02 06:41:28,505 - INFO -   Acc@1:  37.04%
2026-01-02 06:41:28,505 - INFO -   Acc@5:  62.87%
2026-01-02 06:41:28,506 - INFO -   Acc@10: 66.71%
2026-01-02 06:41:28,506 - INFO -   MRR:    49.00%
2026-01-02 06:41:28,506 - INFO -   NDCG:   53.11%
2026-01-02 06:41:28,506 - INFO - ============================================================
2026-01-02 06:41:28,506 - INFO - FINAL TEST RESULTS
2026-01-02 06:41:28,506 - INFO -   Acc@1:  32.64%
2026-01-02 06:41:28,506 - INFO -   Acc@5:  59.62%
2026-01-02 06:41:28,506 - INFO -   Acc@10: 62.56%
2026-01-02 06:41:28,506 - INFO -   MRR:    44.27%
2026-01-02 06:41:28,506 - INFO -   NDCG:   48.58%
2026-01-02 06:41:28,506 - INFO - ============================================================
