2025-12-28 19:23:59,419 - INFO - ============================================================
2025-12-28 19:23:59,419 - INFO - POINTER V45 - Training Started
2025-12-28 19:23:59,420 - INFO - ============================================================
2025-12-28 19:23:59,420 - INFO - Model config: {'d_model': 128, 'dim_feedforward': 256, 'dropout': 0.15, 'nhead': 4, 'num_layers': 3}
2025-12-28 19:23:59,420 - INFO - Training config: {'batch_size': 128, 'grad_clip': 0.8, 'label_smoothing': 0.03, 'learning_rate': 0.0007, 'min_epochs': 8, 'min_lr': 1e-06, 'num_epochs': 50, 'patience': 5, 'use_amp': True, 'warmup_epochs': 5, 'weight_decay': 0.015}
2025-12-28 19:23:59,420 - INFO - ============================================================
2025-12-28 19:23:59,420 - INFO - Training for 50 epochs
2025-12-28 19:23:59,420 - INFO - Model parameters: 2,400,562
2025-12-28 19:25:30,843 - INFO - Epoch 1/50 | LR: 1.40e-04 | Train: 3.0661 | Val: 3.0386 | Acc@1: 51.69%
2025-12-28 19:25:30,914 - INFO -   ✓ New best (Acc@1: 51.69%)
2025-12-28 19:27:03,972 - INFO - Epoch 2/50 | LR: 2.80e-04 | Train: 2.8457 | Val: 2.9775 | Acc@1: 53.12%
2025-12-28 19:27:04,039 - INFO -   ✓ New best (Acc@1: 53.12%)
2025-12-28 19:28:36,816 - INFO - Epoch 3/50 | LR: 4.20e-04 | Train: 2.7517 | Val: 2.9403 | Acc@1: 53.74%
2025-12-28 19:28:36,886 - INFO -   ✓ New best (Acc@1: 53.74%)
2025-12-28 19:30:07,649 - INFO - Epoch 4/50 | LR: 5.60e-04 | Train: 2.6599 | Val: 2.8827 | Acc@1: 54.18%
2025-12-28 19:30:07,718 - INFO -   ✓ New best (Acc@1: 54.18%)
2025-12-28 19:31:33,582 - INFO - Epoch 5/50 | LR: 7.00e-04 | Train: 2.5827 | Val: 2.8685 | Acc@1: 53.57%
2025-12-28 19:31:33,652 - INFO -   ✓ New best (Acc@1: 53.57%)
2025-12-28 19:33:00,847 - INFO - Epoch 6/50 | LR: 7.00e-04 | Train: 2.4946 | Val: 2.8419 | Acc@1: 54.18%
2025-12-28 19:33:00,915 - INFO -   ✓ New best (Acc@1: 54.18%)
2025-12-28 19:34:37,038 - INFO - Epoch 7/50 | LR: 6.99e-04 | Train: 2.4237 | Val: 2.8700 | Acc@1: 53.60%
2025-12-28 19:36:13,849 - INFO - Epoch 8/50 | LR: 6.97e-04 | Train: 2.3623 | Val: 2.8905 | Acc@1: 54.04%
2025-12-28 19:37:48,989 - INFO - Epoch 9/50 | LR: 6.92e-04 | Train: 2.3079 | Val: 2.9161 | Acc@1: 53.84%
2025-12-28 19:39:24,043 - INFO - Epoch 10/50 | LR: 6.86e-04 | Train: 2.2591 | Val: 2.9546 | Acc@1: 52.63%
2025-12-28 19:41:07,174 - INFO - Epoch 11/50 | LR: 6.79e-04 | Train: 2.2171 | Val: 3.0029 | Acc@1: 52.70%
2025-12-28 19:41:07,174 - INFO - Early stopping at epoch 11
2025-12-28 19:41:07,702 - INFO - Loaded checkpoint from epoch 6
2025-12-28 19:41:19,439 - INFO - ============================================================
2025-12-28 19:41:19,439 - INFO - FINAL VALIDATION RESULTS
2025-12-28 19:41:19,439 - INFO -   Acc@1:  54.18%
2025-12-28 19:41:19,439 - INFO -   Acc@5:  79.91%
2025-12-28 19:41:19,439 - INFO -   Acc@10: 83.94%
2025-12-28 19:41:19,439 - INFO -   MRR:    65.48%
2025-12-28 19:41:19,439 - INFO -   NDCG:   69.85%
2025-12-28 19:41:19,439 - INFO - ============================================================
2025-12-28 19:41:19,439 - INFO - FINAL TEST RESULTS
2025-12-28 19:41:19,440 - INFO -   Acc@1:  56.85%
2025-12-28 19:41:19,440 - INFO -   Acc@5:  82.23%
2025-12-28 19:41:19,440 - INFO -   Acc@10: 86.15%
2025-12-28 19:41:19,440 - INFO -   MRR:    67.97%
2025-12-28 19:41:19,440 - INFO -   NDCG:   72.30%
2025-12-28 19:41:19,440 - INFO - ============================================================
