2025-12-30 21:55:06,622 - INFO - ============================================================
2025-12-30 21:55:06,623 - INFO - POINTER V45 - Training Started
2025-12-30 21:55:06,623 - INFO - ============================================================
2025-12-30 21:55:06,623 - INFO - Model config: {'d_model': 32, 'dim_feedforward': 256, 'dropout': 0.15, 'nhead': 2, 'num_layers': 4}
2025-12-30 21:55:06,623 - INFO - Training config: {'batch_size': 128, 'grad_clip': 0.8, 'label_smoothing': 0.03, 'learning_rate': 0.00065, 'min_epochs': 3, 'min_lr': 1e-06, 'num_epochs': 50, 'patience': 5, 'use_amp': True, 'warmup_epochs': 5, 'weight_decay': 0.015}
2025-12-30 21:55:06,623 - INFO - ============================================================
2025-12-30 21:55:06,623 - INFO - Training for 50 epochs
2025-12-30 21:55:06,623 - INFO - Model parameters: 168,475
2025-12-30 21:55:18,148 - INFO - Epoch 1/50 | LR: 1.30e-04 | Train: 4.0611 | Val: 2.9954 | Acc@1: 39.11%
2025-12-30 21:55:18,178 - INFO -   ✓ New best (Acc@1: 39.11%)
2025-12-30 21:55:26,198 - INFO - Epoch 2/50 | LR: 2.60e-04 | Train: 3.7957 | Val: 2.8972 | Acc@1: 43.79%
2025-12-30 21:55:26,229 - INFO -   ✓ New best (Acc@1: 43.79%)
2025-12-30 21:55:34,165 - INFO - Epoch 3/50 | LR: 3.90e-04 | Train: 3.6595 | Val: 2.8671 | Acc@1: 45.89%
2025-12-30 21:55:34,196 - INFO -   ✓ New best (Acc@1: 45.89%)
2025-12-30 21:55:42,777 - INFO - Epoch 4/50 | LR: 5.20e-04 | Train: 3.5342 | Val: 2.8286 | Acc@1: 46.62%
2025-12-30 21:55:42,807 - INFO -   ✓ New best (Acc@1: 46.62%)
2025-12-30 21:55:51,337 - INFO - Epoch 5/50 | LR: 6.50e-04 | Train: 3.4118 | Val: 2.8219 | Acc@1: 46.72%
2025-12-30 21:55:51,368 - INFO -   ✓ New best (Acc@1: 46.72%)
2025-12-30 21:55:59,817 - INFO - Epoch 6/50 | LR: 6.50e-04 | Train: 3.2900 | Val: 2.8989 | Acc@1: 46.56%
2025-12-30 21:56:08,525 - INFO - Epoch 7/50 | LR: 6.49e-04 | Train: 3.1824 | Val: 2.8716 | Acc@1: 47.01%
2025-12-30 21:56:15,331 - INFO - Epoch 8/50 | LR: 6.47e-04 | Train: 3.0889 | Val: 2.8606 | Acc@1: 46.97%
2025-12-30 21:56:21,221 - INFO - Epoch 9/50 | LR: 6.43e-04 | Train: 2.9851 | Val: 2.9252 | Acc@1: 46.59%
2025-12-30 21:56:25,893 - INFO - Epoch 10/50 | LR: 6.37e-04 | Train: 2.8717 | Val: 2.8665 | Acc@1: 48.09%
2025-12-30 21:56:25,893 - INFO - Early stopping at epoch 10
2025-12-30 21:56:26,097 - INFO - Loaded checkpoint from epoch 5
2025-12-30 21:56:27,695 - INFO - ============================================================
2025-12-30 21:56:27,695 - INFO - FINAL VALIDATION RESULTS
2025-12-30 21:56:27,695 - INFO -   Acc@1:  46.72%
2025-12-30 21:56:27,695 - INFO -   Acc@5:  79.46%
2025-12-30 21:56:27,695 - INFO -   Acc@10: 84.14%
2025-12-30 21:56:27,695 - INFO -   MRR:    61.24%
2025-12-30 21:56:27,695 - INFO -   NDCG:   66.73%
2025-12-30 21:56:27,696 - INFO - ============================================================
2025-12-30 21:56:27,696 - INFO - FINAL TEST RESULTS
2025-12-30 21:56:27,696 - INFO -   Acc@1:  49.68%
2025-12-30 21:56:27,696 - INFO -   Acc@5:  82.78%
2025-12-30 21:56:27,696 - INFO -   Acc@10: 86.03%
2025-12-30 21:56:27,696 - INFO -   MRR:    64.70%
2025-12-30 21:56:27,696 - INFO -   NDCG:   69.91%
2025-12-30 21:56:27,696 - INFO - ============================================================
