2025-12-28 18:54:26,341 - INFO - ============================================================
2025-12-28 18:54:26,341 - INFO - POINTER V45 - Training Started
2025-12-28 18:54:26,341 - INFO - ============================================================
2025-12-28 18:54:26,342 - INFO - Model config: {'d_model': 128, 'dim_feedforward': 256, 'dropout': 0.15, 'nhead': 4, 'num_layers': 3}
2025-12-28 18:54:26,342 - INFO - Training config: {'batch_size': 128, 'grad_clip': 0.8, 'label_smoothing': 0.03, 'learning_rate': 0.0009, 'min_epochs': 8, 'min_lr': 1e-06, 'num_epochs': 2, 'patience': 5, 'use_amp': True, 'warmup_epochs': 5, 'weight_decay': 0.015}
2025-12-28 18:54:26,342 - INFO - ============================================================
2025-12-28 18:54:26,342 - INFO - Training for 2 epochs
2025-12-28 18:54:26,342 - INFO - Model parameters: 1,572,557
2025-12-28 18:55:12,955 - INFO - Epoch 1/2 | LR: 1.80e-04 | Train: 2.9635 | Val: 2.7840 | Acc@1: 51.12%
2025-12-28 18:55:13,001 - INFO -   ✓ New best (Acc@1: 51.12%)
2025-12-28 18:55:55,905 - INFO - Epoch 2/2 | LR: 3.60e-04 | Train: 2.6898 | Val: 2.7169 | Acc@1: 52.57%
2025-12-28 18:55:55,954 - INFO -   ✓ New best (Acc@1: 52.57%)
2025-12-28 18:55:56,070 - INFO - Loaded checkpoint from epoch 2
2025-12-28 18:55:56,895 - INFO - ============================================================
2025-12-28 18:55:56,895 - INFO - FINAL VALIDATION RESULTS
2025-12-28 18:55:56,895 - INFO -   Acc@1:  52.57%
2025-12-28 18:55:56,895 - INFO -   Acc@5:  81.91%
2025-12-28 18:55:56,895 - INFO -   Acc@10: 85.79%
2025-12-28 18:55:56,895 - INFO -   MRR:    65.21%
2025-12-28 18:55:56,895 - INFO -   NDCG:   70.13%
2025-12-28 18:55:56,895 - INFO - ============================================================
2025-12-28 18:55:56,895 - INFO - FINAL TEST RESULTS
2025-12-28 18:55:56,895 - INFO -   Acc@1:  54.73%
2025-12-28 18:55:56,895 - INFO -   Acc@5:  83.79%
2025-12-28 18:55:56,895 - INFO -   Acc@10: 88.22%
2025-12-28 18:55:56,895 - INFO -   MRR:    67.01%
2025-12-28 18:55:56,896 - INFO -   NDCG:   72.08%
2025-12-28 18:55:56,896 - INFO - ============================================================
