2026-01-02 06:45:32,254 - INFO - ============================================================
2026-01-02 06:45:32,254 - INFO - POINTER V45 - Training Started
2026-01-02 06:45:32,254 - INFO - ============================================================
2026-01-02 06:45:32,254 - INFO - Model config: {'d_model': 64, 'nhead': 4, 'num_layers': 2, 'dim_feedforward': 128, 'dropout': 0.15}
2026-01-02 06:45:32,254 - INFO - Training config: {'batch_size': 128, 'num_epochs': 50, 'learning_rate': 0.00065, 'weight_decay': 0.015, 'label_smoothing': 0.03, 'grad_clip': 0.8, 'patience': 5, 'min_epochs': 8, 'warmup_epochs': 5, 'use_amp': True, 'min_lr': 1e-06}
2026-01-02 06:45:32,254 - INFO - ============================================================
2026-01-02 06:45:32,255 - INFO - Training for 50 epochs
2026-01-02 06:45:32,255 - INFO - Model parameters: 251,476
2026-01-02 06:45:35,633 - INFO - Epoch 1/50 | LR: 1.30e-04 | Train: 4.2286 | Val: 3.2382 | Acc@1: 38.60%
2026-01-02 06:45:35,654 - INFO -   ✓ New best (Acc@1: 38.60%)
2026-01-02 06:45:38,268 - INFO - Epoch 2/50 | LR: 2.60e-04 | Train: 3.8793 | Val: 3.1207 | Acc@1: 43.67%
2026-01-02 06:45:38,295 - INFO -   ✓ New best (Acc@1: 43.67%)
2026-01-02 06:45:40,893 - INFO - Epoch 3/50 | LR: 3.90e-04 | Train: 3.6695 | Val: 3.0564 | Acc@1: 45.14%
2026-01-02 06:45:40,915 - INFO -   ✓ New best (Acc@1: 45.14%)
2026-01-02 06:45:43,502 - INFO - Epoch 4/50 | LR: 5.20e-04 | Train: 3.4716 | Val: 2.9964 | Acc@1: 47.30%
2026-01-02 06:45:43,525 - INFO -   ✓ New best (Acc@1: 47.30%)
2026-01-02 06:45:46,114 - INFO - Epoch 5/50 | LR: 6.50e-04 | Train: 3.2797 | Val: 2.9892 | Acc@1: 48.17%
2026-01-02 06:45:46,136 - INFO -   ✓ New best (Acc@1: 48.17%)
2026-01-02 06:45:48,686 - INFO - Epoch 6/50 | LR: 6.50e-04 | Train: 3.1053 | Val: 2.9693 | Acc@1: 46.55%
2026-01-02 06:45:48,710 - INFO -   ✓ New best (Acc@1: 46.55%)
2026-01-02 06:45:51,297 - INFO - Epoch 7/50 | LR: 6.49e-04 | Train: 2.9152 | Val: 2.9726 | Acc@1: 47.72%
2026-01-02 06:45:53,803 - INFO - Epoch 8/50 | LR: 6.47e-04 | Train: 2.7443 | Val: 2.9674 | Acc@1: 48.71%
2026-01-02 06:45:53,824 - INFO -   ✓ New best (Acc@1: 48.71%)
2026-01-02 06:45:56,316 - INFO - Epoch 9/50 | LR: 6.43e-04 | Train: 2.5860 | Val: 2.9849 | Acc@1: 48.98%
2026-01-02 06:45:58,836 - INFO - Epoch 10/50 | LR: 6.37e-04 | Train: 2.4399 | Val: 3.0345 | Acc@1: 47.69%
2026-01-02 06:46:01,480 - INFO - Epoch 11/50 | LR: 6.30e-04 | Train: 2.3024 | Val: 3.1182 | Acc@1: 47.72%
2026-01-02 06:46:03,916 - INFO - Epoch 12/50 | LR: 6.22e-04 | Train: 2.1930 | Val: 3.1080 | Acc@1: 47.30%
2026-01-02 06:46:06,512 - INFO - Epoch 13/50 | LR: 6.12e-04 | Train: 2.0804 | Val: 3.1454 | Acc@1: 48.35%
2026-01-02 06:46:06,513 - INFO - Early stopping at epoch 13
2026-01-02 06:46:06,571 - INFO - Loaded checkpoint from epoch 8
2026-01-02 06:46:07,653 - INFO - ============================================================
2026-01-02 06:46:07,654 - INFO - FINAL VALIDATION RESULTS
2026-01-02 06:46:07,654 - INFO -   Acc@1:  48.71%
2026-01-02 06:46:07,654 - INFO -   Acc@5:  76.96%
2026-01-02 06:46:07,654 - INFO -   Acc@10: 81.52%
2026-01-02 06:46:07,654 - INFO -   MRR:    61.10%
2026-01-02 06:46:07,654 - INFO -   NDCG:   65.84%
2026-01-02 06:46:07,654 - INFO - ============================================================
2026-01-02 06:46:07,654 - INFO - FINAL TEST RESULTS
2026-01-02 06:46:07,654 - INFO -   Acc@1:  53.94%
2026-01-02 06:46:07,654 - INFO -   Acc@5:  81.10%
2026-01-02 06:46:07,654 - INFO -   Acc@10: 84.38%
2026-01-02 06:46:07,654 - INFO -   MRR:    65.81%
2026-01-02 06:46:07,654 - INFO -   NDCG:   70.21%
2026-01-02 06:46:07,654 - INFO - ============================================================
