2025-12-28 20:36:14,431 - INFO - ============================================================
2025-12-28 20:36:14,431 - INFO - POINTER V45 - Training Started
2025-12-28 20:36:14,431 - INFO - ============================================================
2025-12-28 20:36:14,431 - INFO - Model config: {'d_model': 128, 'dim_feedforward': 256, 'dropout': 0.15, 'nhead': 4, 'num_layers': 3}
2025-12-28 20:36:14,431 - INFO - Training config: {'batch_size': 128, 'grad_clip': 0.8, 'label_smoothing': 0.03, 'learning_rate': 0.0007, 'min_epochs': 8, 'min_lr': 1e-06, 'num_epochs': 50, 'patience': 5, 'use_amp': True, 'warmup_epochs': 5, 'weight_decay': 0.015}
2025-12-28 20:36:14,431 - INFO - ============================================================
2025-12-28 20:36:14,431 - INFO - Training for 50 epochs
2025-12-28 20:36:14,432 - INFO - Model parameters: 1,792,510
2025-12-28 20:37:41,656 - INFO - Epoch 1/50 | LR: 1.40e-04 | Train: 2.9903 | Val: 2.7906 | Acc@1: 51.74%
2025-12-28 20:37:41,708 - INFO -   ✓ New best (Acc@1: 51.74%)
2025-12-28 20:39:07,814 - INFO - Epoch 2/50 | LR: 2.80e-04 | Train: 2.7410 | Val: 2.7388 | Acc@1: 53.55%
2025-12-28 20:39:07,873 - INFO -   ✓ New best (Acc@1: 53.55%)
2025-12-28 20:40:37,448 - INFO - Epoch 3/50 | LR: 4.20e-04 | Train: 2.6221 | Val: 2.7143 | Acc@1: 53.90%
2025-12-28 20:40:37,507 - INFO -   ✓ New best (Acc@1: 53.90%)
2025-12-28 20:42:06,263 - INFO - Epoch 4/50 | LR: 5.60e-04 | Train: 2.5284 | Val: 2.6790 | Acc@1: 54.03%
2025-12-28 20:42:06,322 - INFO -   ✓ New best (Acc@1: 54.03%)
2025-12-28 20:43:35,720 - INFO - Epoch 5/50 | LR: 7.00e-04 | Train: 2.4457 | Val: 2.6734 | Acc@1: 53.65%
2025-12-28 20:43:35,777 - INFO -   ✓ New best (Acc@1: 53.65%)
2025-12-28 20:45:03,181 - INFO - Epoch 6/50 | LR: 7.00e-04 | Train: 2.3418 | Val: 2.6626 | Acc@1: 54.54%
2025-12-28 20:45:03,239 - INFO -   ✓ New best (Acc@1: 54.54%)
2025-12-28 20:46:33,716 - INFO - Epoch 7/50 | LR: 6.99e-04 | Train: 2.2485 | Val: 2.6801 | Acc@1: 53.49%
2025-12-28 20:48:03,598 - INFO - Epoch 8/50 | LR: 6.97e-04 | Train: 2.1679 | Val: 2.7159 | Acc@1: 53.71%
2025-12-28 20:49:33,643 - INFO - Epoch 9/50 | LR: 6.92e-04 | Train: 2.0839 | Val: 2.7773 | Acc@1: 52.72%
2025-12-28 20:51:04,199 - INFO - Epoch 10/50 | LR: 6.86e-04 | Train: 2.0102 | Val: 2.8207 | Acc@1: 51.86%
2025-12-28 20:52:34,248 - INFO - Epoch 11/50 | LR: 6.79e-04 | Train: 1.9395 | Val: 2.8710 | Acc@1: 52.25%
2025-12-28 20:52:34,248 - INFO - Early stopping at epoch 11
2025-12-28 20:52:35,130 - INFO - Loaded checkpoint from epoch 6
2025-12-28 20:52:40,243 - INFO - ============================================================
2025-12-28 20:52:40,243 - INFO - FINAL VALIDATION RESULTS
2025-12-28 20:52:40,243 - INFO -   Acc@1:  54.54%
2025-12-28 20:52:40,243 - INFO -   Acc@5:  81.24%
2025-12-28 20:52:40,243 - INFO -   Acc@10: 86.14%
2025-12-28 20:52:40,243 - INFO -   MRR:    66.04%
2025-12-28 20:52:40,243 - INFO -   NDCG:   70.75%
2025-12-28 20:52:40,244 - INFO - ============================================================
2025-12-28 20:52:40,244 - INFO - FINAL TEST RESULTS
2025-12-28 20:52:40,244 - INFO -   Acc@1:  54.78%
2025-12-28 20:52:40,244 - INFO -   Acc@5:  82.91%
2025-12-28 20:52:40,244 - INFO -   Acc@10: 87.49%
2025-12-28 20:52:40,244 - INFO -   MRR:    66.88%
2025-12-28 20:52:40,244 - INFO -   NDCG:   71.77%
2025-12-28 20:52:40,244 - INFO - ============================================================
