2025-12-28 18:50:21,243 - INFO - ============================================================
2025-12-28 18:50:21,244 - INFO - POINTER V45 - Training Started
2025-12-28 18:50:21,244 - INFO - ============================================================
2025-12-28 18:50:21,244 - INFO - Model config: {'d_model': 64, 'dim_feedforward': 128, 'dropout': 0.15, 'nhead': 4, 'num_layers': 2}
2025-12-28 18:50:21,244 - INFO - Training config: {'batch_size': 128, 'grad_clip': 0.8, 'label_smoothing': 0.03, 'learning_rate': 0.0006, 'min_epochs': 8, 'min_lr': 1e-06, 'num_epochs': 2, 'patience': 5, 'use_amp': True, 'warmup_epochs': 5, 'weight_decay': 0.015}
2025-12-28 18:50:21,244 - INFO - ============================================================
2025-12-28 18:50:21,244 - INFO - Training for 2 epochs
2025-12-28 18:50:21,244 - INFO - Model parameters: 241,834
2025-12-28 18:50:25,591 - INFO - Epoch 1/2 | LR: 1.20e-04 | Train: 4.0441 | Val: 2.9624 | Acc@1: 38.50%
2025-12-28 18:50:25,610 - INFO -   ✓ New best (Acc@1: 38.50%)
2025-12-28 18:50:29,037 - INFO - Epoch 2/2 | LR: 2.40e-04 | Train: 3.7549 | Val: 2.8640 | Acc@1: 43.50%
2025-12-28 18:50:29,058 - INFO -   ✓ New best (Acc@1: 43.50%)
2025-12-28 18:50:29,171 - INFO - Loaded checkpoint from epoch 2
2025-12-28 18:50:30,564 - INFO - ============================================================
2025-12-28 18:50:30,564 - INFO - FINAL VALIDATION RESULTS
2025-12-28 18:50:30,564 - INFO -   Acc@1:  43.50%
2025-12-28 18:50:30,564 - INFO -   Acc@5:  79.86%
2025-12-28 18:50:30,564 - INFO -   Acc@10: 84.06%
2025-12-28 18:50:30,564 - INFO -   MRR:    59.50%
2025-12-28 18:50:30,564 - INFO -   NDCG:   65.45%
2025-12-28 18:50:30,564 - INFO - ============================================================
2025-12-28 18:50:30,565 - INFO - FINAL TEST RESULTS
2025-12-28 18:50:30,565 - INFO -   Acc@1:  47.04%
2025-12-28 18:50:30,565 - INFO -   Acc@5:  83.95%
2025-12-28 18:50:30,565 - INFO -   Acc@10: 86.80%
2025-12-28 18:50:30,565 - INFO -   MRR:    63.52%
2025-12-28 18:50:30,565 - INFO -   NDCG:   69.29%
2025-12-28 18:50:30,565 - INFO - ============================================================
