2026-01-02 09:18:57,349 - INFO - ============================================================
2026-01-02 09:18:57,349 - INFO - ABLATION STUDY - NO_GATE
2026-01-02 09:18:57,349 - INFO - ============================================================
2026-01-02 09:18:57,349 - INFO - Training for 50 epochs, patience=5
2026-01-02 09:18:57,349 - INFO - Model parameters: 438,699
2026-01-02 09:19:02,784 - INFO - Epoch 1/50 | LR: 2.00e-04 | Train: 4.0208 | Val: 3.0503 | Acc@1: 43.28%
2026-01-02 09:19:02,809 - INFO -   ✓ New best (Acc@1: 43.28%)
2026-01-02 09:19:07,766 - INFO - Epoch 2/50 | LR: 4.00e-04 | Train: 3.6050 | Val: 2.9340 | Acc@1: 46.61%
2026-01-02 09:19:07,797 - INFO -   ✓ New best (Acc@1: 46.61%)
2026-01-02 09:19:12,653 - INFO - Epoch 3/50 | LR: 6.00e-04 | Train: 3.3047 | Val: 2.8756 | Acc@1: 46.04%
2026-01-02 09:19:12,681 - INFO -   ✓ New best (Acc@1: 46.04%)
2026-01-02 09:19:17,422 - INFO - Epoch 4/50 | LR: 8.00e-04 | Train: 2.9959 | Val: 2.8907 | Acc@1: 47.72%
2026-01-02 09:19:22,203 - INFO - Epoch 5/50 | LR: 1.00e-03 | Train: 2.6880 | Val: 2.9673 | Acc@1: 45.74%
2026-01-02 09:19:26,860 - INFO - Epoch 6/50 | LR: 1.00e-03 | Train: 2.3756 | Val: 3.0612 | Acc@1: 48.05%
2026-01-02 09:19:31,197 - INFO - Epoch 7/50 | LR: 9.99e-04 | Train: 2.1271 | Val: 3.2224 | Acc@1: 48.20%
2026-01-02 09:19:35,489 - INFO - Epoch 8/50 | LR: 9.95e-04 | Train: 1.9167 | Val: 3.4727 | Acc@1: 47.33%
2026-01-02 09:19:35,489 - INFO - Early stopping at epoch 8
2026-01-02 09:19:37,405 - INFO - ============================================================
2026-01-02 09:19:37,405 - INFO - FINAL RESULTS - NO_GATE
2026-01-02 09:19:37,405 - INFO - ============================================================
2026-01-02 09:19:37,405 - INFO - Validation Acc@1: 46.04%
2026-01-02 09:19:37,405 - INFO - Test Acc@1: 49.54%
2026-01-02 09:19:37,405 - INFO - Test Acc@5: 81.64%
2026-01-02 09:19:37,405 - INFO - Test Acc@10: 84.67%
2026-01-02 09:19:37,405 - INFO - Test MRR: 63.57%
2026-01-02 09:19:37,405 - INFO - Test NDCG: 68.67%
2026-01-02 09:19:37,405 - INFO - Test F1: 0.45%
2026-01-02 09:19:37,405 - INFO - ============================================================
