2026-01-01 08:10:40,891 - INFO - ============================================================
2026-01-01 08:10:40,891 - INFO - POINTER V45 - Training Started
2026-01-01 08:10:40,891 - INFO - ============================================================
2026-01-01 08:10:40,891 - INFO - Model config: {'d_model': 96, 'nhead': 2, 'num_layers': 2, 'dim_feedforward': 192, 'dropout': 0.25}
2026-01-01 08:10:40,891 - INFO - Training config: {'batch_size': 64, 'num_epochs': 50, 'learning_rate': 0.001, 'weight_decay': 1e-05, 'label_smoothing': 0.0, 'grad_clip': 0.8, 'patience': 5, 'min_epochs': 8, 'warmup_epochs': 5, 'use_amp': True, 'min_lr': 1e-06}
2026-01-01 08:10:40,891 - INFO - ============================================================
2026-01-01 08:10:40,891 - INFO - Training for 50 epochs
2026-01-01 08:10:40,892 - INFO - Model parameters: 443,404
2026-01-01 08:10:46,503 - INFO - Epoch 1/50 | LR: 2.00e-04 | Train: 4.0020 | Val: 2.8988 | Acc@1: 42.62%
2026-01-01 08:10:46,528 - INFO -   ✓ New best (Acc@1: 42.62%)
2026-01-01 08:10:51,902 - INFO - Epoch 2/50 | LR: 4.00e-04 | Train: 3.5201 | Val: 2.8523 | Acc@1: 45.38%
2026-01-01 08:10:51,949 - INFO -   ✓ New best (Acc@1: 45.38%)
2026-01-01 08:10:57,740 - INFO - Epoch 3/50 | LR: 6.00e-04 | Train: 3.2121 | Val: 2.8524 | Acc@1: 46.91%
2026-01-01 08:11:03,246 - INFO - Epoch 4/50 | LR: 8.00e-04 | Train: 2.9175 | Val: 2.8109 | Acc@1: 49.25%
2026-01-01 08:11:03,272 - INFO -   ✓ New best (Acc@1: 49.25%)
2026-01-01 08:11:08,860 - INFO - Epoch 5/50 | LR: 1.00e-03 | Train: 2.6282 | Val: 2.8679 | Acc@1: 48.80%
2026-01-01 08:11:13,842 - INFO - Epoch 6/50 | LR: 1.00e-03 | Train: 2.3163 | Val: 2.9943 | Acc@1: 48.05%
2026-01-01 08:11:18,928 - INFO - Epoch 7/50 | LR: 9.99e-04 | Train: 2.0203 | Val: 3.1616 | Acc@1: 46.61%
2026-01-01 08:11:23,904 - INFO - Epoch 8/50 | LR: 9.95e-04 | Train: 1.7769 | Val: 3.4139 | Acc@1: 47.27%
2026-01-01 08:11:28,868 - INFO - Epoch 9/50 | LR: 9.89e-04 | Train: 1.5678 | Val: 3.5122 | Acc@1: 46.31%
2026-01-01 08:11:28,868 - INFO - Early stopping at epoch 9
2026-01-01 08:11:28,983 - INFO - Loaded checkpoint from epoch 4
2026-01-01 08:11:31,880 - INFO - ============================================================
2026-01-01 08:11:31,880 - INFO - FINAL VALIDATION RESULTS
2026-01-01 08:11:31,880 - INFO -   Acc@1:  49.25%
2026-01-01 08:11:31,880 - INFO -   Acc@5:  76.42%
2026-01-01 08:11:31,880 - INFO -   Acc@10: 81.94%
2026-01-01 08:11:31,880 - INFO -   MRR:    61.30%
2026-01-01 08:11:31,880 - INFO -   NDCG:   66.10%
2026-01-01 08:11:31,880 - INFO - ============================================================
2026-01-01 08:11:31,881 - INFO - FINAL TEST RESULTS
2026-01-01 08:11:31,881 - INFO -   Acc@1:  51.40%
2026-01-01 08:11:31,881 - INFO -   Acc@5:  81.18%
2026-01-01 08:11:31,881 - INFO -   Acc@10: 85.04%
2026-01-01 08:11:31,881 - INFO -   MRR:    64.55%
2026-01-01 08:11:31,881 - INFO -   NDCG:   69.46%
2026-01-01 08:11:31,881 - INFO - ============================================================
