Training LSTM model
Dataset: diy
Config: /data/next_loc_clean_v2/config/ht_optuna/optuna_LSTM_diy_prev10_t7_20260101_040359_4deb9d01.yaml
Device: cuda
Seed: 42
==================================================
Data loaders: train=470, val=25, test=32
Total trainable parameters: 1826670

=== Epoch 1 ===
Epoch 1, 2.1%	 loss: 8.996 acc@1: 0.00 mrr: 0.11, ndcg: 0.07, took: 1.79s
Epoch 1, 4.3%	 loss: 8.993 acc@1: 0.00 mrr: 0.08, ndcg: 0.04, took: 1.46s
Epoch 1, 6.4%	 loss: 8.997 acc@1: 0.00 mrr: 0.08, ndcg: 0.02, took: 3.08s
Epoch 1, 8.5%	 loss: 8.956 acc@1: 0.00 mrr: 0.14, ndcg: 0.11, took: 3.24s
Epoch 1, 10.6%	 loss: 8.936 acc@1: 0.00 mrr: 0.08, ndcg: 0.01, took: 3.25s
Epoch 1, 12.8%	 loss: 8.913 acc@1: 0.04 mrr: 0.13, ndcg: 0.06, took: 3.29s
Epoch 1, 14.9%	 loss: 8.885 acc@1: 0.00 mrr: 0.11, ndcg: 0.06, took: 3.25s
Epoch 1, 17.0%	 loss: 8.811 acc@1: 0.00 mrr: 0.16, ndcg: 0.09, took: 3.40s
Epoch 1, 19.1%	 loss: 8.757 acc@1: 0.20 mrr: 0.73, ndcg: 0.77, took: 3.29s
Epoch 1, 21.3%	 loss: 8.704 acc@1: 2.15 mrr: 3.05, ndcg: 3.22, took: 3.31s
Epoch 1, 23.4%	 loss: 8.598 acc@1: 5.23 mrr: 6.20, ndcg: 6.43, took: 3.29s
Epoch 1, 25.5%	 loss: 8.537 acc@1: 8.40 mrr: 9.37, ndcg: 9.62, took: 3.33s
Epoch 1, 27.7%	 loss: 8.404 acc@1: 11.13 mrr: 12.32, ndcg: 12.60, took: 3.29s
Epoch 1, 29.8%	 loss: 8.317 acc@1: 13.01 mrr: 14.19, ndcg: 14.48, took: 3.27s
Epoch 1, 31.9%	 loss: 8.215 acc@1: 13.98 mrr: 15.13, ndcg: 15.47, took: 3.30s
Epoch 1, 34.0%	 loss: 8.115 acc@1: 16.99 mrr: 18.50, ndcg: 18.93, took: 3.28s
Epoch 1, 36.2%	 loss: 8.008 acc@1: 15.86 mrr: 17.19, ndcg: 17.65, took: 3.28s
Epoch 1, 38.3%	 loss: 7.923 acc@1: 16.84 mrr: 18.24, ndcg: 18.65, took: 3.32s
Epoch 1, 40.4%	 loss: 7.830 acc@1: 19.92 mrr: 21.32, ndcg: 21.73, took: 3.29s
Epoch 1, 42.6%	 loss: 7.689 acc@1: 19.41 mrr: 21.02, ndcg: 21.47, took: 3.27s
Epoch 1, 44.7%	 loss: 7.496 acc@1: 22.03 mrr: 23.89, ndcg: 24.27, took: 3.28s
Epoch 1, 46.8%	 loss: 7.375 acc@1: 21.80 mrr: 23.78, ndcg: 24.27, took: 3.14s
Epoch 1, 48.9%	 loss: 7.185 acc@1: 25.39 mrr: 27.02, ndcg: 27.25, took: 3.33s
Epoch 1, 51.1%	 loss: 7.035 acc@1: 25.35 mrr: 27.01, ndcg: 27.16, took: 3.29s
Epoch 1, 53.2%	 loss: 6.868 acc@1: 25.86 mrr: 27.60, ndcg: 27.77, took: 3.29s
Epoch 1, 55.3%	 loss: 6.795 acc@1: 24.38 mrr: 26.32, ndcg: 26.56, took: 3.13s
Epoch 1, 57.4%	 loss: 6.671 acc@1: 25.82 mrr: 27.77, ndcg: 27.84, took: 3.27s
Epoch 1, 59.6%	 loss: 6.444 acc@1: 26.80 mrr: 28.89, ndcg: 29.12, took: 3.31s
Epoch 1, 61.7%	 loss: 6.487 acc@1: 25.12 mrr: 27.18, ndcg: 27.34, took: 3.27s
Epoch 1, 63.8%	 loss: 6.241 acc@1: 26.60 mrr: 28.76, ndcg: 28.86, took: 3.30s
Epoch 1, 66.0%	 loss: 6.047 acc@1: 27.89 mrr: 30.13, ndcg: 30.22, took: 3.32s
Epoch 1, 68.1%	 loss: 5.942 acc@1: 28.44 mrr: 30.97, ndcg: 31.36, took: 3.38s
Epoch 1, 70.2%	 loss: 5.822 acc@1: 29.34 mrr: 31.77, ndcg: 32.10, took: 3.32s
Epoch 1, 72.3%	 loss: 5.798 acc@1: 28.28 mrr: 30.88, ndcg: 31.22, took: 3.30s
Epoch 1, 74.5%	 loss: 5.709 acc@1: 28.59 mrr: 31.44, ndcg: 31.88, took: 3.26s
Epoch 1, 76.6%	 loss: 5.709 acc@1: 29.30 mrr: 32.03, ndcg: 32.59, took: 3.32s
Epoch 1, 78.7%	 loss: 5.577 acc@1: 29.61 mrr: 32.92, ndcg: 33.62, took: 3.23s
Epoch 1, 80.9%	 loss: 5.612 acc@1: 29.73 mrr: 32.75, ndcg: 33.49, took: 3.31s
Epoch 1, 83.0%	 loss: 5.556 acc@1: 29.02 mrr: 32.22, ndcg: 32.80, took: 3.01s
Epoch 1, 85.1%	 loss: 5.393 acc@1: 30.04 mrr: 33.38, ndcg: 33.99, took: 3.21s
Epoch 1, 87.2%	 loss: 5.390 acc@1: 29.14 mrr: 32.39, ndcg: 32.90, took: 3.62s
Epoch 1, 89.4%	 loss: 5.249 acc@1: 30.27 mrr: 33.94, ndcg: 34.82, took: 3.24s
Epoch 1, 91.5%	 loss: 5.381 acc@1: 30.04 mrr: 33.49, ndcg: 34.27, took: 3.29s
Epoch 1, 93.6%	 loss: 5.256 acc@1: 30.86 mrr: 34.33, ndcg: 35.04, took: 3.01s
Epoch 1, 95.7%	 loss: 5.209 acc@1: 29.65 mrr: 33.82, ndcg: 34.97, took: 2.97s
Epoch 1, 97.9%	 loss: 5.117 acc@1: 31.80 mrr: 35.61, ndcg: 36.60, took: 2.90s
Epoch 1, 100.0%	 loss: 5.181 acc@1: 31.25 mrr: 35.08, ndcg: 36.03, took: 3.26s
Validation - loss: 5.4541, acc@1: 30.07%, f1: 17.80%, mrr: 33.84%, ndcg: 34.91%
Current learning rate: 0.000500

=== Epoch 2 ===
Epoch 2, 2.1%	 loss: 5.070 acc@1: 32.07 mrr: 36.15, ndcg: 37.15, took: 3.22s
Epoch 2, 4.3%	 loss: 5.102 acc@1: 30.35 mrr: 34.45, ndcg: 35.58, took: 3.34s
Epoch 2, 6.4%	 loss: 5.042 acc@1: 31.33 mrr: 35.14, ndcg: 36.10, took: 3.22s
Epoch 2, 8.5%	 loss: 5.060 acc@1: 31.17 mrr: 35.00, ndcg: 35.89, took: 3.20s
Epoch 2, 10.6%	 loss: 4.902 acc@1: 32.62 mrr: 36.90, ndcg: 38.15, took: 3.18s
Epoch 2, 12.8%	 loss: 4.956 acc@1: 31.37 mrr: 35.50, ndcg: 36.55, took: 3.33s
Epoch 2, 14.9%	 loss: 4.842 acc@1: 33.40 mrr: 37.64, ndcg: 38.98, took: 3.31s
Epoch 2, 17.0%	 loss: 4.984 acc@1: 30.94 mrr: 35.37, ndcg: 36.84, took: 3.15s
Epoch 2, 19.1%	 loss: 4.924 acc@1: 31.80 mrr: 36.08, ndcg: 37.22, took: 3.18s
Epoch 2, 21.3%	 loss: 4.794 acc@1: 32.97 mrr: 37.49, ndcg: 38.97, took: 3.24s
Epoch 2, 23.4%	 loss: 4.836 acc@1: 32.30 mrr: 37.04, ndcg: 38.43, took: 3.28s
Epoch 2, 25.5%	 loss: 4.830 acc@1: 31.84 mrr: 36.58, ndcg: 38.05, took: 3.25s
Epoch 2, 27.7%	 loss: 4.739 acc@1: 33.48 mrr: 38.00, ndcg: 39.39, took: 3.14s
Epoch 2, 29.8%	 loss: 4.807 acc@1: 32.27 mrr: 37.29, ndcg: 39.04, took: 3.01s
Epoch 2, 31.9%	 loss: 4.751 acc@1: 32.70 mrr: 38.09, ndcg: 39.90, took: 3.33s
Epoch 2, 34.0%	 loss: 4.643 acc@1: 32.85 mrr: 38.56, ndcg: 40.50, took: 3.25s
Epoch 2, 36.2%	 loss: 4.623 acc@1: 33.48 mrr: 39.30, ndcg: 41.40, took: 3.30s
Epoch 2, 38.3%	 loss: 4.677 acc@1: 32.77 mrr: 38.71, ndcg: 40.75, took: 2.93s
Epoch 2, 40.4%	 loss: 4.485 acc@1: 35.23 mrr: 41.26, ndcg: 43.30, took: 2.89s
Epoch 2, 42.6%	 loss: 4.529 acc@1: 33.95 mrr: 40.82, ndcg: 42.90, took: 3.00s
Epoch 2, 44.7%	 loss: 4.466 acc@1: 33.75 mrr: 40.93, ndcg: 43.33, took: 3.30s
Epoch 2, 46.8%	 loss: 4.419 acc@1: 34.69 mrr: 41.94, ndcg: 44.35, took: 3.34s
Epoch 2, 48.9%	 loss: 4.294 acc@1: 36.37 mrr: 44.13, ndcg: 46.94, took: 3.24s
Epoch 2, 51.1%	 loss: 4.206 acc@1: 36.99 mrr: 44.70, ndcg: 47.51, took: 3.34s
Epoch 2, 53.2%	 loss: 4.207 acc@1: 35.90 mrr: 44.81, ndcg: 48.22, took: 3.28s
Epoch 2, 55.3%	 loss: 4.131 acc@1: 37.70 mrr: 46.64, ndcg: 49.63, took: 3.31s
Epoch 2, 57.4%	 loss: 4.202 acc@1: 36.95 mrr: 46.39, ndcg: 49.78, took: 3.25s
Epoch 2, 59.6%	 loss: 4.176 acc@1: 35.59 mrr: 46.14, ndcg: 49.85, took: 3.20s
Epoch 2, 61.7%	 loss: 3.905 acc@1: 38.79 mrr: 49.86, ndcg: 53.54, took: 3.17s
Epoch 2, 63.8%	 loss: 3.808 acc@1: 41.09 mrr: 52.15, ndcg: 55.96, took: 3.31s
Epoch 2, 66.0%	 loss: 3.853 acc@1: 38.44 mrr: 50.37, ndcg: 54.51, took: 3.40s
Epoch 2, 68.1%	 loss: 3.729 acc@1: 39.02 mrr: 51.80, ndcg: 56.06, took: 3.25s
Epoch 2, 70.2%	 loss: 3.607 acc@1: 39.34 mrr: 53.24, ndcg: 57.97, took: 3.18s
Epoch 2, 72.3%	 loss: 3.634 acc@1: 39.73 mrr: 53.64, ndcg: 58.33, took: 3.24s
Epoch 2, 74.5%	 loss: 3.493 acc@1: 40.90 mrr: 54.83, ndcg: 59.51, took: 3.23s
Epoch 2, 76.6%	 loss: 3.367 acc@1: 41.91 mrr: 55.84, ndcg: 60.48, took: 3.35s
Epoch 2, 78.7%	 loss: 3.282 acc@1: 42.38 mrr: 56.62, ndcg: 61.35, took: 3.36s
Epoch 2, 80.9%	 loss: 3.175 acc@1: 41.84 mrr: 56.85, ndcg: 61.99, took: 3.10s
Epoch 2, 83.0%	 loss: 3.263 acc@1: 41.56 mrr: 56.56, ndcg: 61.71, took: 3.21s
Epoch 2, 85.1%	 loss: 3.102 acc@1: 42.34 mrr: 57.49, ndcg: 62.60, took: 3.28s
Epoch 2, 87.2%	 loss: 3.114 acc@1: 40.08 mrr: 56.33, ndcg: 61.83, took: 2.95s
Epoch 2, 89.4%	 loss: 2.961 acc@1: 42.77 mrr: 58.52, ndcg: 63.96, took: 2.88s
Epoch 2, 91.5%	 loss: 2.989 acc@1: 41.76 mrr: 57.90, ndcg: 63.43, took: 3.33s
Epoch 2, 93.6%	 loss: 2.906 acc@1: 41.09 mrr: 57.80, ndcg: 63.61, took: 3.34s
Epoch 2, 95.7%	 loss: 2.888 acc@1: 43.63 mrr: 59.47, ndcg: 64.80, took: 3.35s
Epoch 2, 97.9%	 loss: 2.862 acc@1: 43.40 mrr: 59.25, ndcg: 64.80, took: 3.20s
Epoch 2, 100.0%	 loss: 2.940 acc@1: 42.15 mrr: 58.18, ndcg: 63.68, took: 3.28s
Validation - loss: 3.3779, acc@1: 40.28%, f1: 31.97%, mrr: 55.81%, ndcg: 61.32%
Current learning rate: 0.001000

=== Epoch 3 ===
Epoch 3, 2.1%	 loss: 2.717 acc@1: 41.68 mrr: 58.58, ndcg: 64.47, took: 3.33s
Epoch 3, 4.3%	 loss: 2.713 acc@1: 42.54 mrr: 59.12, ndcg: 64.98, took: 3.29s
Epoch 3, 6.4%	 loss: 2.675 acc@1: 43.05 mrr: 59.46, ndcg: 65.40, took: 3.27s
Epoch 3, 8.5%	 loss: 2.649 acc@1: 42.97 mrr: 59.27, ndcg: 65.17, took: 3.30s
Epoch 3, 10.6%	 loss: 2.613 acc@1: 42.42 mrr: 59.36, ndcg: 65.37, took: 3.22s
Epoch 3, 12.8%	 loss: 2.637 acc@1: 41.80 mrr: 58.77, ndcg: 64.84, took: 3.35s
Epoch 3, 14.9%	 loss: 2.715 acc@1: 40.78 mrr: 57.92, ndcg: 64.01, took: 3.30s
Epoch 3, 17.0%	 loss: 2.680 acc@1: 41.80 mrr: 58.65, ndcg: 64.67, took: 3.37s
Epoch 3, 19.1%	 loss: 2.637 acc@1: 41.56 mrr: 58.72, ndcg: 64.92, took: 3.29s
Epoch 3, 21.3%	 loss: 2.571 acc@1: 41.60 mrr: 59.14, ndcg: 65.43, took: 3.34s
Epoch 3, 23.4%	 loss: 2.555 acc@1: 43.36 mrr: 59.90, ndcg: 66.07, took: 3.20s
Epoch 3, 25.5%	 loss: 2.683 acc@1: 41.68 mrr: 58.51, ndcg: 64.56, took: 3.30s
Epoch 3, 27.7%	 loss: 2.630 acc@1: 42.46 mrr: 59.15, ndcg: 65.08, took: 3.25s
Epoch 3, 29.8%	 loss: 2.667 acc@1: 43.24 mrr: 59.35, ndcg: 65.20, took: 3.33s
Epoch 3, 31.9%	 loss: 2.625 acc@1: 42.11 mrr: 58.99, ndcg: 65.07, took: 3.33s
Epoch 3, 34.0%	 loss: 2.547 acc@1: 44.41 mrr: 60.86, ndcg: 66.76, took: 3.24s
Epoch 3, 36.2%	 loss: 2.644 acc@1: 41.72 mrr: 58.79, ndcg: 64.92, took: 3.30s
Epoch 3, 38.3%	 loss: 2.528 acc@1: 43.05 mrr: 59.79, ndcg: 65.85, took: 3.14s
Epoch 3, 40.4%	 loss: 2.600 acc@1: 42.50 mrr: 59.03, ndcg: 65.11, took: 3.20s
Epoch 3, 42.6%	 loss: 2.560 acc@1: 42.38 mrr: 59.38, ndcg: 65.51, took: 3.30s
Epoch 3, 44.7%	 loss: 2.532 acc@1: 42.81 mrr: 59.70, ndcg: 65.83, took: 3.29s
Epoch 3, 46.8%	 loss: 2.690 acc@1: 40.86 mrr: 57.65, ndcg: 63.79, took: 3.33s
Epoch 3, 48.9%	 loss: 2.556 acc@1: 41.88 mrr: 59.14, ndcg: 65.41, took: 3.27s
Epoch 3, 51.1%	 loss: 2.567 acc@1: 43.05 mrr: 59.53, ndcg: 65.53, took: 3.15s
Epoch 3, 53.2%	 loss: 2.501 acc@1: 43.05 mrr: 59.90, ndcg: 66.05, took: 3.16s
Epoch 3, 55.3%	 loss: 2.431 acc@1: 44.06 mrr: 60.89, ndcg: 66.99, took: 3.09s
Epoch 3, 57.4%	 loss: 2.509 acc@1: 41.56 mrr: 59.13, ndcg: 65.40, took: 3.20s
Epoch 3, 59.6%	 loss: 2.535 acc@1: 41.41 mrr: 59.03, ndcg: 65.42, took: 3.35s
Epoch 3, 61.7%	 loss: 2.521 acc@1: 41.91 mrr: 59.21, ndcg: 65.54, took: 3.25s
Epoch 3, 63.8%	 loss: 2.444 acc@1: 41.80 mrr: 59.40, ndcg: 66.11, took: 3.22s
Epoch 3, 66.0%	 loss: 2.509 acc@1: 42.85 mrr: 59.76, ndcg: 65.93, took: 3.22s
Epoch 3, 68.1%	 loss: 2.544 acc@1: 42.11 mrr: 59.38, ndcg: 65.61, took: 3.15s
Epoch 3, 70.2%	 loss: 2.657 acc@1: 40.74 mrr: 57.98, ndcg: 64.20, took: 3.18s
Epoch 3, 72.3%	 loss: 2.489 acc@1: 40.98 mrr: 58.64, ndcg: 65.21, took: 3.13s
Epoch 3, 74.5%	 loss: 2.509 acc@1: 42.66 mrr: 59.41, ndcg: 65.67, took: 3.05s
Epoch 3, 76.6%	 loss: 2.579 acc@1: 42.30 mrr: 59.10, ndcg: 65.29, took: 3.07s
Epoch 3, 78.7%	 loss: 2.431 acc@1: 42.34 mrr: 59.74, ndcg: 66.15, took: 2.70s
Epoch 3, 80.9%	 loss: 2.445 acc@1: 42.77 mrr: 59.88, ndcg: 66.21, took: 3.11s
Epoch 3, 83.0%	 loss: 2.458 acc@1: 42.54 mrr: 59.79, ndcg: 66.14, took: 3.35s
Epoch 3, 85.1%	 loss: 2.482 acc@1: 42.93 mrr: 59.81, ndcg: 66.11, took: 3.24s
Epoch 3, 87.2%	 loss: 2.493 acc@1: 42.81 mrr: 59.76, ndcg: 65.98, took: 3.25s
Epoch 3, 89.4%	 loss: 2.628 acc@1: 40.55 mrr: 57.89, ndcg: 64.23, took: 3.34s
Epoch 3, 91.5%	 loss: 2.507 acc@1: 40.86 mrr: 58.47, ndcg: 65.00, took: 3.18s
Epoch 3, 93.6%	 loss: 2.501 acc@1: 42.58 mrr: 59.51, ndcg: 65.82, took: 3.29s
Epoch 3, 95.7%	 loss: 2.458 acc@1: 42.03 mrr: 59.78, ndcg: 66.23, took: 3.28s
Epoch 3, 97.9%	 loss: 2.430 acc@1: 43.12 mrr: 60.22, ndcg: 66.40, took: 3.22s
Epoch 3, 100.0%	 loss: 2.413 acc@1: 42.58 mrr: 59.92, ndcg: 66.37, took: 3.31s
Validation - loss: 3.0589, acc@1: 40.37%, f1: 31.38%, mrr: 56.74%, ndcg: 62.72%
Current learning rate: 0.000979

=== Epoch 4 ===
Epoch 4, 2.1%	 loss: 2.187 acc@1: 44.26 mrr: 61.36, ndcg: 67.77, took: 3.34s
Epoch 4, 4.3%	 loss: 2.344 acc@1: 42.11 mrr: 59.51, ndcg: 65.78, took: 3.32s
Epoch 4, 6.4%	 loss: 2.262 acc@1: 42.23 mrr: 59.83, ndcg: 66.35, took: 3.36s
Epoch 4, 8.5%	 loss: 2.288 acc@1: 43.09 mrr: 60.35, ndcg: 66.52, took: 3.28s
Epoch 4, 10.6%	 loss: 2.289 acc@1: 42.15 mrr: 59.72, ndcg: 66.30, took: 3.29s
Epoch 4, 12.8%	 loss: 2.251 acc@1: 43.24 mrr: 60.56, ndcg: 66.94, took: 3.28s
Epoch 4, 14.9%	 loss: 2.319 acc@1: 42.50 mrr: 59.68, ndcg: 66.12, took: 3.21s
Epoch 4, 17.0%	 loss: 2.194 acc@1: 42.19 mrr: 60.35, ndcg: 67.08, took: 3.17s
Epoch 4, 19.1%	 loss: 2.308 acc@1: 42.77 mrr: 59.74, ndcg: 65.83, took: 3.34s
Epoch 4, 21.3%	 loss: 2.280 acc@1: 41.17 mrr: 59.68, ndcg: 66.34, took: 3.35s
Epoch 4, 23.4%	 loss: 2.297 acc@1: 42.03 mrr: 59.75, ndcg: 66.18, took: 3.32s
Epoch 4, 25.5%	 loss: 2.212 acc@1: 43.09 mrr: 61.00, ndcg: 67.35, took: 3.34s
Epoch 4, 27.7%	 loss: 2.250 acc@1: 42.42 mrr: 60.13, ndcg: 66.62, took: 3.33s
Epoch 4, 29.8%	 loss: 2.264 acc@1: 42.70 mrr: 60.30, ndcg: 66.64, took: 3.30s
Epoch 4, 31.9%	 loss: 2.339 acc@1: 41.45 mrr: 59.28, ndcg: 65.65, took: 3.24s
Epoch 4, 34.0%	 loss: 2.298 acc@1: 41.64 mrr: 59.57, ndcg: 66.18, took: 3.26s
Epoch 4, 36.2%	 loss: 2.227 acc@1: 44.49 mrr: 61.18, ndcg: 67.40, took: 3.26s
Epoch 4, 38.3%	 loss: 2.284 acc@1: 43.59 mrr: 60.37, ndcg: 66.52, took: 3.27s
Epoch 4, 40.4%	 loss: 2.281 acc@1: 43.32 mrr: 60.21, ndcg: 66.46, took: 3.26s
Epoch 4, 42.6%	 loss: 2.250 acc@1: 43.59 mrr: 60.71, ndcg: 66.79, took: 3.19s
Epoch 4, 44.7%	 loss: 2.344 acc@1: 40.51 mrr: 58.61, ndcg: 65.16, took: 3.23s
Epoch 4, 46.8%	 loss: 2.267 acc@1: 42.46 mrr: 60.06, ndcg: 66.33, took: 3.22s
Epoch 4, 48.9%	 loss: 2.272 acc@1: 42.03 mrr: 59.93, ndcg: 66.14, took: 3.27s
Epoch 4, 51.1%	 loss: 2.288 acc@1: 42.34 mrr: 59.57, ndcg: 66.00, took: 3.16s
Epoch 4, 53.2%	 loss: 2.280 acc@1: 41.99 mrr: 59.70, ndcg: 66.02, took: 3.24s
Epoch 4, 55.3%	 loss: 2.182 acc@1: 44.45 mrr: 61.53, ndcg: 67.57, took: 3.12s
Epoch 4, 57.4%	 loss: 2.193 acc@1: 43.32 mrr: 61.13, ndcg: 67.50, took: 3.09s
Epoch 4, 59.6%	 loss: 2.254 acc@1: 41.05 mrr: 59.18, ndcg: 65.82, took: 3.20s
Epoch 4, 61.7%	 loss: 2.238 acc@1: 43.71 mrr: 60.71, ndcg: 66.95, took: 3.39s
Epoch 4, 63.8%	 loss: 2.212 acc@1: 41.95 mrr: 60.06, ndcg: 66.62, took: 3.24s
Epoch 4, 66.0%	 loss: 2.317 acc@1: 41.13 mrr: 59.17, ndcg: 65.62, took: 3.32s
Epoch 4, 68.1%	 loss: 2.373 acc@1: 41.05 mrr: 58.60, ndcg: 65.01, took: 3.16s
Epoch 4, 70.2%	 loss: 2.220 acc@1: 42.50 mrr: 60.12, ndcg: 66.58, took: 3.00s
Epoch 4, 72.3%	 loss: 2.292 acc@1: 43.20 mrr: 60.29, ndcg: 66.49, took: 3.04s
Epoch 4, 74.5%	 loss: 2.319 acc@1: 41.91 mrr: 59.63, ndcg: 65.89, took: 3.16s
Epoch 4, 76.6%	 loss: 2.290 acc@1: 43.20 mrr: 60.15, ndcg: 66.33, took: 3.35s
Epoch 4, 78.7%	 loss: 2.293 acc@1: 42.54 mrr: 60.17, ndcg: 66.58, took: 3.13s
Epoch 4, 80.9%	 loss: 2.261 acc@1: 43.40 mrr: 60.45, ndcg: 66.91, took: 3.00s
Epoch 4, 83.0%	 loss: 2.341 acc@1: 42.89 mrr: 59.91, ndcg: 65.96, took: 3.30s
Epoch 4, 85.1%	 loss: 2.245 acc@1: 41.91 mrr: 60.08, ndcg: 66.60, took: 3.30s
Epoch 4, 87.2%	 loss: 2.191 acc@1: 43.98 mrr: 61.08, ndcg: 67.47, took: 3.28s
Epoch 4, 89.4%	 loss: 2.286 acc@1: 43.09 mrr: 60.19, ndcg: 66.42, took: 3.33s
Epoch 4, 91.5%	 loss: 2.313 acc@1: 42.50 mrr: 59.80, ndcg: 66.11, took: 3.32s
Epoch 4, 93.6%	 loss: 2.269 acc@1: 43.32 mrr: 60.30, ndcg: 66.53, took: 3.32s
Epoch 4, 95.7%	 loss: 2.311 acc@1: 42.62 mrr: 59.83, ndcg: 66.22, took: 3.25s
Epoch 4, 97.9%	 loss: 2.247 acc@1: 42.30 mrr: 60.31, ndcg: 66.75, took: 3.20s
Epoch 4, 100.0%	 loss: 2.273 acc@1: 43.44 mrr: 60.50, ndcg: 66.75, took: 3.28s
Validation - loss: 3.0190, acc@1: 40.04%, f1: 31.84%, mrr: 56.58%, ndcg: 62.71%
Current learning rate: 0.000958

=== Epoch 5 ===
Epoch 5, 2.1%	 loss: 2.158 acc@1: 43.09 mrr: 60.51, ndcg: 66.81, took: 3.29s
Epoch 5, 4.3%	 loss: 2.088 acc@1: 43.20 mrr: 60.90, ndcg: 67.44, took: 3.18s
Epoch 5, 6.4%	 loss: 2.064 acc@1: 42.15 mrr: 60.66, ndcg: 67.25, took: 3.03s
Epoch 5, 8.5%	 loss: 2.114 acc@1: 41.76 mrr: 60.10, ndcg: 66.88, took: 3.16s
Epoch 5, 10.6%	 loss: 2.153 acc@1: 41.95 mrr: 60.14, ndcg: 66.66, took: 3.08s
Epoch 5, 12.8%	 loss: 2.102 acc@1: 42.07 mrr: 60.65, ndcg: 67.21, took: 2.98s
Epoch 5, 14.9%	 loss: 2.146 acc@1: 42.85 mrr: 60.42, ndcg: 66.88, took: 3.16s
Epoch 5, 17.0%	 loss: 2.163 acc@1: 43.40 mrr: 60.87, ndcg: 67.10, took: 3.30s
Epoch 5, 19.1%	 loss: 2.128 acc@1: 44.06 mrr: 61.01, ndcg: 67.23, took: 3.30s
Epoch 5, 21.3%	 loss: 2.066 acc@1: 42.62 mrr: 60.72, ndcg: 67.20, took: 3.28s
Epoch 5, 23.4%	 loss: 2.089 acc@1: 44.26 mrr: 61.68, ndcg: 68.10, took: 3.22s
Epoch 5, 25.5%	 loss: 2.126 acc@1: 43.79 mrr: 61.17, ndcg: 67.25, took: 3.32s
Epoch 5, 27.7%	 loss: 2.138 acc@1: 42.62 mrr: 60.46, ndcg: 66.91, took: 3.28s
Epoch 5, 29.8%	 loss: 2.120 acc@1: 43.12 mrr: 60.67, ndcg: 66.87, took: 3.22s
Epoch 5, 31.9%	 loss: 2.156 acc@1: 41.52 mrr: 59.61, ndcg: 66.15, took: 3.14s
Epoch 5, 34.0%	 loss: 2.126 acc@1: 42.81 mrr: 60.49, ndcg: 66.98, took: 3.37s
Epoch 5, 36.2%	 loss: 2.158 acc@1: 43.40 mrr: 60.70, ndcg: 66.90, took: 3.37s
Epoch 5, 38.3%	 loss: 2.137 acc@1: 42.11 mrr: 60.31, ndcg: 66.87, took: 3.27s
Epoch 5, 40.4%	 loss: 2.144 acc@1: 44.45 mrr: 61.39, ndcg: 67.39, took: 3.30s
Epoch 5, 42.6%	 loss: 2.180 acc@1: 42.70 mrr: 60.58, ndcg: 66.81, took: 3.08s
Epoch 5, 44.7%	 loss: 2.185 acc@1: 42.11 mrr: 59.93, ndcg: 66.20, took: 3.16s
Epoch 5, 46.8%	 loss: 2.227 acc@1: 41.91 mrr: 59.58, ndcg: 65.89, took: 3.36s
Epoch 5, 48.9%	 loss: 2.119 acc@1: 43.24 mrr: 60.74, ndcg: 67.04, took: 3.21s
Epoch 5, 51.1%	 loss: 2.204 acc@1: 42.15 mrr: 59.72, ndcg: 66.18, took: 3.36s
Epoch 5, 53.2%	 loss: 2.123 acc@1: 43.67 mrr: 61.16, ndcg: 67.48, took: 3.27s
Epoch 5, 55.3%	 loss: 2.136 acc@1: 44.06 mrr: 61.31, ndcg: 67.50, took: 3.30s
Epoch 5, 57.4%	 loss: 2.174 acc@1: 42.30 mrr: 60.36, ndcg: 66.80, took: 3.23s
Epoch 5, 59.6%	 loss: 2.194 acc@1: 41.52 mrr: 59.39, ndcg: 65.79, took: 3.01s
Epoch 5, 61.7%	 loss: 2.181 acc@1: 42.27 mrr: 59.85, ndcg: 66.27, took: 2.93s
Epoch 5, 63.8%	 loss: 2.178 acc@1: 43.44 mrr: 60.89, ndcg: 67.04, took: 3.30s
Epoch 5, 66.0%	 loss: 2.163 acc@1: 42.46 mrr: 60.00, ndcg: 66.45, took: 3.29s
Epoch 5, 68.1%	 loss: 2.181 acc@1: 41.99 mrr: 59.95, ndcg: 66.34, took: 3.35s
Epoch 5, 70.2%	 loss: 2.167 acc@1: 41.88 mrr: 59.95, ndcg: 66.34, took: 3.31s
Epoch 5, 72.3%	 loss: 2.089 acc@1: 44.49 mrr: 61.77, ndcg: 67.90, took: 3.25s
Epoch 5, 74.5%	 loss: 2.135 acc@1: 43.75 mrr: 61.15, ndcg: 67.38, took: 3.11s
Epoch 5, 76.6%	 loss: 2.179 acc@1: 44.34 mrr: 61.23, ndcg: 67.35, took: 3.16s
Epoch 5, 78.7%	 loss: 2.157 acc@1: 42.03 mrr: 60.35, ndcg: 66.83, took: 3.24s
Epoch 5, 80.9%	 loss: 2.188 acc@1: 41.29 mrr: 59.69, ndcg: 66.10, took: 3.24s
Epoch 5, 83.0%	 loss: 2.230 acc@1: 41.91 mrr: 59.46, ndcg: 65.82, took: 3.24s
Epoch 5, 85.1%	 loss: 2.133 acc@1: 43.16 mrr: 60.85, ndcg: 67.41, took: 3.20s
Epoch 5, 87.2%	 loss: 2.149 acc@1: 42.58 mrr: 60.43, ndcg: 66.93, took: 3.27s
Epoch 5, 89.4%	 loss: 2.175 acc@1: 42.93 mrr: 60.63, ndcg: 66.90, took: 3.18s
Epoch 5, 91.5%	 loss: 2.181 acc@1: 42.58 mrr: 60.30, ndcg: 66.54, took: 3.19s
Epoch 5, 93.6%	 loss: 2.103 acc@1: 42.07 mrr: 60.33, ndcg: 66.95, took: 3.27s
Epoch 5, 95.7%	 loss: 2.156 acc@1: 42.66 mrr: 60.54, ndcg: 66.83, took: 3.35s
Epoch 5, 97.9%	 loss: 2.247 acc@1: 40.78 mrr: 58.92, ndcg: 65.38, took: 3.28s
Epoch 5, 100.0%	 loss: 2.151 acc@1: 42.58 mrr: 60.52, ndcg: 66.78, took: 3.22s
Validation - loss: 3.0022, acc@1: 40.29%, f1: 31.00%, mrr: 56.84%, ndcg: 62.86%
Current learning rate: 0.000937

=== Epoch 6 ===
Epoch 6, 2.1%	 loss: 1.971 acc@1: 45.00 mrr: 62.42, ndcg: 68.85, took: 3.07s
Epoch 6, 4.3%	 loss: 2.019 acc@1: 44.18 mrr: 61.92, ndcg: 68.34, took: 3.25s
Epoch 6, 6.4%	 loss: 1.992 acc@1: 44.30 mrr: 61.84, ndcg: 68.23, took: 3.26s
Epoch 6, 8.5%	 loss: 1.996 acc@1: 43.55 mrr: 61.62, ndcg: 68.16, took: 3.38s
Epoch 6, 10.6%	 loss: 2.099 acc@1: 42.54 mrr: 60.19, ndcg: 66.58, took: 3.20s
Epoch 6, 12.8%	 loss: 2.081 acc@1: 42.34 mrr: 60.35, ndcg: 66.86, took: 3.67s
Epoch 6, 14.9%	 loss: 2.059 acc@1: 41.76 mrr: 60.25, ndcg: 66.99, took: 3.28s
Epoch 6, 17.0%	 loss: 2.004 acc@1: 43.52 mrr: 61.37, ndcg: 67.86, took: 3.31s
Epoch 6, 19.1%	 loss: 2.082 acc@1: 42.38 mrr: 60.46, ndcg: 66.91, took: 3.26s
Epoch 6, 21.3%	 loss: 2.078 acc@1: 42.54 mrr: 60.66, ndcg: 67.12, took: 3.23s
Epoch 6, 23.4%	 loss: 2.005 acc@1: 44.92 mrr: 62.01, ndcg: 68.33, took: 3.21s
Epoch 6, 25.5%	 loss: 2.131 acc@1: 40.70 mrr: 59.17, ndcg: 65.83, took: 3.26s
Epoch 6, 27.7%	 loss: 2.072 acc@1: 42.27 mrr: 60.48, ndcg: 66.83, took: 3.21s
Epoch 6, 29.8%	 loss: 2.049 acc@1: 43.44 mrr: 60.97, ndcg: 67.31, took: 3.15s
Epoch 6, 31.9%	 loss: 1.998 acc@1: 44.96 mrr: 62.31, ndcg: 68.57, took: 3.19s
Epoch 6, 34.0%	 loss: 2.177 acc@1: 41.72 mrr: 59.47, ndcg: 65.84, took: 3.30s
Epoch 6, 36.2%	 loss: 2.076 acc@1: 42.19 mrr: 60.28, ndcg: 66.80, took: 3.23s
Epoch 6, 38.3%	 loss: 2.084 acc@1: 43.48 mrr: 61.18, ndcg: 67.27, took: 3.33s
Epoch 6, 40.4%	 loss: 2.121 acc@1: 41.76 mrr: 59.94, ndcg: 66.37, took: 2.92s
Epoch 6, 42.6%	 loss: 2.020 acc@1: 44.02 mrr: 61.88, ndcg: 68.24, took: 3.06s
Epoch 6, 44.7%	 loss: 2.112 acc@1: 45.82 mrr: 61.74, ndcg: 67.46, took: 3.31s
Epoch 6, 46.8%	 loss: 2.028 acc@1: 41.60 mrr: 60.57, ndcg: 67.33, took: 3.32s
Epoch 6, 48.9%	 loss: 2.070 acc@1: 43.59 mrr: 61.06, ndcg: 67.31, took: 3.24s
Epoch 6, 51.1%	 loss: 2.084 acc@1: 42.77 mrr: 60.78, ndcg: 67.28, took: 2.60s
Epoch 6, 53.2%	 loss: 2.018 acc@1: 44.96 mrr: 62.33, ndcg: 68.33, took: 2.80s
Epoch 6, 55.3%	 loss: 2.144 acc@1: 42.38 mrr: 60.17, ndcg: 66.62, took: 3.34s
Epoch 6, 57.4%	 loss: 2.085 acc@1: 42.58 mrr: 60.67, ndcg: 67.13, took: 3.32s
Epoch 6, 59.6%	 loss: 2.091 acc@1: 42.50 mrr: 60.59, ndcg: 67.02, took: 3.24s
Epoch 6, 61.7%	 loss: 2.136 acc@1: 42.97 mrr: 60.39, ndcg: 66.51, took: 3.31s
Epoch 6, 63.8%	 loss: 2.105 acc@1: 41.64 mrr: 59.88, ndcg: 66.42, took: 3.32s
Epoch 6, 66.0%	 loss: 2.025 acc@1: 43.20 mrr: 61.17, ndcg: 67.70, took: 3.34s
Epoch 6, 68.1%	 loss: 2.071 acc@1: 42.73 mrr: 61.02, ndcg: 67.37, took: 3.35s
Epoch 6, 70.2%	 loss: 2.104 acc@1: 42.58 mrr: 60.58, ndcg: 66.96, took: 3.34s
Epoch 6, 72.3%	 loss: 2.126 acc@1: 41.56 mrr: 59.91, ndcg: 66.30, took: 3.33s
Epoch 6, 74.5%	 loss: 2.171 acc@1: 41.99 mrr: 59.65, ndcg: 65.92, took: 3.35s
Epoch 6, 76.6%	 loss: 2.087 acc@1: 43.12 mrr: 60.80, ndcg: 67.13, took: 3.35s
Epoch 6, 78.7%	 loss: 2.126 acc@1: 41.25 mrr: 59.49, ndcg: 66.21, took: 3.30s
Epoch 6, 80.9%	 loss: 2.067 acc@1: 42.54 mrr: 60.65, ndcg: 67.13, took: 3.30s
Epoch 6, 83.0%	 loss: 2.089 acc@1: 41.64 mrr: 60.22, ndcg: 66.89, took: 3.38s
Epoch 6, 85.1%	 loss: 2.121 acc@1: 42.62 mrr: 60.53, ndcg: 66.84, took: 3.26s
Epoch 6, 87.2%	 loss: 2.092 acc@1: 42.77 mrr: 60.88, ndcg: 67.27, took: 3.29s
Epoch 6, 89.4%	 loss: 2.108 acc@1: 43.52 mrr: 61.01, ndcg: 67.21, took: 3.23s
Epoch 6, 91.5%	 loss: 2.077 acc@1: 42.85 mrr: 60.76, ndcg: 67.30, took: 3.30s
Epoch 6, 93.6%	 loss: 2.080 acc@1: 43.91 mrr: 61.29, ndcg: 67.42, took: 3.39s
Epoch 6, 95.7%	 loss: 2.102 acc@1: 43.87 mrr: 61.22, ndcg: 67.53, took: 3.32s
Epoch 6, 97.9%	 loss: 2.227 acc@1: 41.09 mrr: 58.69, ndcg: 65.32, took: 3.26s
Epoch 6, 100.0%	 loss: 2.118 acc@1: 42.73 mrr: 60.24, ndcg: 66.65, took: 3.23s
Validation - loss: 2.9992, acc@1: 41.17%, f1: 32.81%, mrr: 57.43%, ndcg: 63.38%
Current learning rate: 0.000917

=== Epoch 7 ===
Epoch 7, 2.1%	 loss: 1.973 acc@1: 44.38 mrr: 61.94, ndcg: 68.33, took: 3.26s
Epoch 7, 4.3%	 loss: 1.953 acc@1: 43.83 mrr: 61.72, ndcg: 68.33, took: 3.32s
Epoch 7, 6.4%	 loss: 1.946 acc@1: 42.38 mrr: 61.40, ndcg: 68.15, took: 3.19s
Epoch 7, 8.5%	 loss: 2.000 acc@1: 42.97 mrr: 61.04, ndcg: 67.72, took: 3.33s
Epoch 7, 10.6%	 loss: 1.990 acc@1: 42.46 mrr: 60.68, ndcg: 67.45, took: 3.25s
Epoch 7, 12.8%	 loss: 1.998 acc@1: 42.38 mrr: 60.81, ndcg: 67.42, took: 3.26s
Epoch 7, 14.9%	 loss: 2.014 acc@1: 42.93 mrr: 60.99, ndcg: 67.47, took: 3.24s
Epoch 7, 17.0%	 loss: 1.967 acc@1: 43.01 mrr: 61.34, ndcg: 67.78, took: 3.03s
Epoch 7, 19.1%	 loss: 1.963 acc@1: 44.38 mrr: 62.16, ndcg: 68.49, took: 3.10s
Epoch 7, 21.3%	 loss: 2.002 acc@1: 43.24 mrr: 61.27, ndcg: 67.90, took: 3.31s
Epoch 7, 23.4%	 loss: 1.952 acc@1: 44.38 mrr: 62.34, ndcg: 68.72, took: 3.28s
Epoch 7, 25.5%	 loss: 2.059 acc@1: 43.40 mrr: 60.91, ndcg: 67.22, took: 3.22s
Epoch 7, 27.7%	 loss: 2.038 acc@1: 42.70 mrr: 60.74, ndcg: 67.25, took: 2.89s
Epoch 7, 29.8%	 loss: 1.985 acc@1: 44.14 mrr: 61.58, ndcg: 68.06, took: 3.09s
Epoch 7, 31.9%	 loss: 2.012 acc@1: 41.72 mrr: 60.36, ndcg: 67.03, took: 3.24s
Epoch 7, 34.0%	 loss: 1.956 acc@1: 44.57 mrr: 62.21, ndcg: 68.74, took: 3.31s
Epoch 7, 36.2%	 loss: 2.052 acc@1: 43.09 mrr: 60.77, ndcg: 67.13, took: 3.42s
Epoch 7, 38.3%	 loss: 2.050 acc@1: 43.52 mrr: 61.15, ndcg: 67.45, took: 3.28s
Epoch 7, 40.4%	 loss: 2.033 acc@1: 42.46 mrr: 60.67, ndcg: 67.00, took: 3.19s
Epoch 7, 42.6%	 loss: 2.014 acc@1: 42.97 mrr: 61.26, ndcg: 67.86, took: 3.00s
Epoch 7, 44.7%	 loss: 2.066 acc@1: 42.89 mrr: 60.69, ndcg: 66.88, took: 3.10s
Epoch 7, 46.8%	 loss: 2.024 acc@1: 43.91 mrr: 61.29, ndcg: 67.40, took: 3.35s
Epoch 7, 48.9%	 loss: 2.020 acc@1: 43.36 mrr: 61.21, ndcg: 67.50, took: 3.37s
Epoch 7, 51.1%	 loss: 2.088 acc@1: 41.02 mrr: 59.38, ndcg: 66.04, took: 3.37s
Epoch 7, 53.2%	 loss: 2.019 acc@1: 42.81 mrr: 61.05, ndcg: 67.54, took: 3.33s
Epoch 7, 55.3%	 loss: 2.089 acc@1: 42.11 mrr: 60.18, ndcg: 66.51, took: 3.22s
Epoch 7, 57.4%	 loss: 2.029 acc@1: 42.97 mrr: 60.98, ndcg: 67.55, took: 3.27s
Epoch 7, 59.6%	 loss: 2.026 acc@1: 43.01 mrr: 60.93, ndcg: 67.47, took: 3.36s
Epoch 7, 61.7%	 loss: 2.044 acc@1: 43.09 mrr: 61.12, ndcg: 67.50, took: 3.32s
Epoch 7, 63.8%	 loss: 2.002 acc@1: 43.28 mrr: 61.67, ndcg: 68.11, took: 3.31s
Epoch 7, 66.0%	 loss: 2.012 acc@1: 43.44 mrr: 61.18, ndcg: 67.44, took: 3.30s
Epoch 7, 68.1%	 loss: 2.089 acc@1: 41.76 mrr: 59.87, ndcg: 66.35, took: 3.32s
Epoch 7, 70.2%	 loss: 2.084 acc@1: 41.64 mrr: 59.95, ndcg: 66.38, took: 3.25s
Epoch 7, 72.3%	 loss: 2.050 acc@1: 42.38 mrr: 60.54, ndcg: 67.13, took: 3.33s
Epoch 7, 74.5%	 loss: 1.981 acc@1: 43.71 mrr: 61.77, ndcg: 68.25, took: 3.08s
Epoch 7, 76.6%	 loss: 2.043 acc@1: 42.77 mrr: 60.94, ndcg: 67.33, took: 3.11s
Epoch 7, 78.7%	 loss: 2.020 acc@1: 41.99 mrr: 60.66, ndcg: 67.33, took: 3.26s
Epoch 7, 80.9%	 loss: 2.065 acc@1: 43.20 mrr: 61.04, ndcg: 67.49, took: 3.32s
Epoch 7, 83.0%	 loss: 2.108 acc@1: 41.21 mrr: 59.45, ndcg: 65.90, took: 3.26s
Epoch 7, 85.1%	 loss: 2.113 acc@1: 42.38 mrr: 60.16, ndcg: 66.51, took: 3.27s
Epoch 7, 87.2%	 loss: 2.038 acc@1: 43.09 mrr: 61.09, ndcg: 67.55, took: 3.15s
Epoch 7, 89.4%	 loss: 2.053 acc@1: 42.70 mrr: 61.08, ndcg: 67.59, took: 2.99s
Epoch 7, 91.5%	 loss: 2.025 acc@1: 43.05 mrr: 61.30, ndcg: 67.67, took: 3.30s
Epoch 7, 93.6%	 loss: 2.070 acc@1: 42.89 mrr: 60.94, ndcg: 67.29, took: 3.14s
Epoch 7, 95.7%	 loss: 2.117 acc@1: 42.62 mrr: 60.12, ndcg: 66.40, took: 3.17s
Epoch 7, 97.9%	 loss: 2.020 acc@1: 42.30 mrr: 60.96, ndcg: 67.56, took: 3.34s
Epoch 7, 100.0%	 loss: 2.025 acc@1: 43.52 mrr: 61.38, ndcg: 67.77, took: 3.27s
Validation - loss: 3.0256, acc@1: 40.90%, f1: 31.65%, mrr: 57.32%, ndcg: 63.13%
Current learning rate: 0.000896

=== Epoch 8 ===
Epoch 8, 2.1%	 loss: 1.966 acc@1: 43.24 mrr: 61.26, ndcg: 67.96, took: 3.47s
Epoch 8, 4.3%	 loss: 1.968 acc@1: 42.97 mrr: 61.32, ndcg: 67.99, took: 2.97s
Epoch 8, 6.4%	 loss: 1.895 acc@1: 44.88 mrr: 62.74, ndcg: 69.28, took: 2.99s
Epoch 8, 8.5%	 loss: 1.870 acc@1: 44.57 mrr: 63.02, ndcg: 69.85, took: 3.21s
Epoch 8, 10.6%	 loss: 1.963 acc@1: 43.48 mrr: 61.60, ndcg: 68.35, took: 3.29s
Epoch 8, 12.8%	 loss: 1.884 acc@1: 43.83 mrr: 62.45, ndcg: 69.06, took: 3.29s
Epoch 8, 14.9%	 loss: 1.937 acc@1: 43.32 mrr: 61.54, ndcg: 68.33, took: 3.37s
Epoch 8, 17.0%	 loss: 1.964 acc@1: 43.87 mrr: 61.85, ndcg: 68.27, took: 3.27s
Epoch 8, 19.1%	 loss: 2.042 acc@1: 40.43 mrr: 59.34, ndcg: 66.25, took: 3.31s
Epoch 8, 21.3%	 loss: 1.958 acc@1: 43.09 mrr: 61.16, ndcg: 67.82, took: 3.30s
Epoch 8, 23.4%	 loss: 1.966 acc@1: 42.62 mrr: 61.22, ndcg: 67.96, took: 3.35s
Epoch 8, 25.5%	 loss: 1.953 acc@1: 45.04 mrr: 62.49, ndcg: 68.69, took: 3.20s
Epoch 8, 27.7%	 loss: 1.952 acc@1: 44.14 mrr: 61.97, ndcg: 68.38, took: 3.32s
Epoch 8, 29.8%	 loss: 1.995 acc@1: 43.20 mrr: 60.99, ndcg: 67.49, took: 3.32s
Epoch 8, 31.9%	 loss: 2.006 acc@1: 42.73 mrr: 61.09, ndcg: 67.50, took: 3.01s
Epoch 8, 34.0%	 loss: 2.067 acc@1: 41.56 mrr: 59.75, ndcg: 66.27, took: 3.02s
Epoch 8, 36.2%	 loss: 1.933 acc@1: 44.38 mrr: 62.35, ndcg: 68.81, took: 3.27s
Epoch 8, 38.3%	 loss: 2.003 acc@1: 41.60 mrr: 60.24, ndcg: 67.11, took: 3.28s
Epoch 8, 40.4%	 loss: 1.905 acc@1: 46.17 mrr: 63.40, ndcg: 69.72, took: 3.30s
Epoch 8, 42.6%	 loss: 1.957 acc@1: 43.63 mrr: 62.09, ndcg: 68.58, took: 3.35s
Epoch 8, 44.7%	 loss: 1.953 acc@1: 43.75 mrr: 61.84, ndcg: 68.44, took: 3.22s
Epoch 8, 46.8%	 loss: 1.985 acc@1: 43.32 mrr: 61.28, ndcg: 67.93, took: 3.34s
Epoch 8, 48.9%	 loss: 1.953 acc@1: 43.52 mrr: 61.93, ndcg: 68.50, took: 3.32s
Epoch 8, 51.1%	 loss: 2.023 acc@1: 42.89 mrr: 60.97, ndcg: 67.47, took: 3.12s
Epoch 8, 53.2%	 loss: 1.949 acc@1: 43.44 mrr: 61.77, ndcg: 68.39, took: 3.09s
Epoch 8, 55.3%	 loss: 1.994 acc@1: 43.98 mrr: 61.90, ndcg: 68.21, took: 3.30s
Epoch 8, 57.4%	 loss: 1.954 acc@1: 42.81 mrr: 61.38, ndcg: 68.09, took: 3.30s
Epoch 8, 59.6%	 loss: 1.999 acc@1: 43.44 mrr: 61.38, ndcg: 67.73, took: 3.34s
Epoch 8, 61.7%	 loss: 1.995 acc@1: 43.20 mrr: 61.39, ndcg: 67.78, took: 3.27s
Epoch 8, 63.8%	 loss: 2.004 acc@1: 43.79 mrr: 61.32, ndcg: 67.52, took: 3.31s
Epoch 8, 66.0%	 loss: 2.024 acc@1: 42.34 mrr: 60.78, ndcg: 67.37, took: 3.37s
Epoch 8, 68.1%	 loss: 1.995 acc@1: 44.49 mrr: 61.96, ndcg: 68.22, took: 3.31s
Epoch 8, 70.2%	 loss: 2.013 acc@1: 41.45 mrr: 60.24, ndcg: 67.14, took: 3.29s
Epoch 8, 72.3%	 loss: 2.042 acc@1: 44.06 mrr: 61.14, ndcg: 67.27, took: 3.33s
Epoch 8, 74.5%	 loss: 2.037 acc@1: 41.88 mrr: 60.27, ndcg: 67.03, took: 3.33s
Epoch 8, 76.6%	 loss: 1.975 acc@1: 42.93 mrr: 61.35, ndcg: 67.97, took: 3.27s
Epoch 8, 78.7%	 loss: 1.977 acc@1: 44.14 mrr: 61.95, ndcg: 68.40, took: 3.29s
Epoch 8, 80.9%	 loss: 2.058 acc@1: 41.84 mrr: 60.21, ndcg: 66.65, took: 3.37s
Epoch 8, 83.0%	 loss: 1.966 acc@1: 44.80 mrr: 62.30, ndcg: 68.60, took: 3.08s
Epoch 8, 85.1%	 loss: 2.051 acc@1: 42.93 mrr: 60.81, ndcg: 67.03, took: 3.12s
Epoch 8, 87.2%	 loss: 2.025 acc@1: 45.74 mrr: 62.43, ndcg: 68.35, took: 3.14s
Epoch 8, 89.4%	 loss: 1.993 acc@1: 42.38 mrr: 60.97, ndcg: 67.73, took: 3.33s
Epoch 8, 91.5%	 loss: 2.101 acc@1: 43.75 mrr: 60.92, ndcg: 66.86, took: 3.27s
Epoch 8, 93.6%	 loss: 1.933 acc@1: 44.02 mrr: 62.27, ndcg: 68.70, took: 3.22s
Epoch 8, 95.7%	 loss: 2.015 acc@1: 43.71 mrr: 61.51, ndcg: 67.90, took: 3.19s
Epoch 8, 97.9%	 loss: 2.039 acc@1: 43.48 mrr: 61.00, ndcg: 67.15, took: 3.24s
Epoch 8, 100.0%	 loss: 2.010 acc@1: 42.30 mrr: 60.93, ndcg: 67.67, took: 3.21s
Validation - loss: 3.0443, acc@1: 40.53%, f1: 31.97%, mrr: 57.07%, ndcg: 62.98%
Current learning rate: 0.000875

=== Epoch 9 ===
Epoch 9, 2.1%	 loss: 1.896 acc@1: 43.55 mrr: 61.91, ndcg: 68.84, took: 3.21s
Epoch 9, 4.3%	 loss: 1.902 acc@1: 43.36 mrr: 61.85, ndcg: 68.75, took: 3.29s
Epoch 9, 6.4%	 loss: 1.887 acc@1: 44.22 mrr: 62.28, ndcg: 69.02, took: 3.15s
Epoch 9, 8.5%	 loss: 1.837 acc@1: 45.12 mrr: 63.31, ndcg: 70.02, took: 3.01s
Epoch 9, 10.6%	 loss: 1.894 acc@1: 43.05 mrr: 61.80, ndcg: 68.57, took: 3.22s
Epoch 9, 12.8%	 loss: 1.896 acc@1: 43.44 mrr: 61.70, ndcg: 68.48, took: 3.25s
Epoch 9, 14.9%	 loss: 1.894 acc@1: 44.49 mrr: 62.59, ndcg: 69.19, took: 3.31s
Epoch 9, 17.0%	 loss: 1.923 acc@1: 42.30 mrr: 61.19, ndcg: 68.29, took: 3.33s
Epoch 9, 19.1%	 loss: 1.903 acc@1: 44.18 mrr: 62.29, ndcg: 68.91, took: 3.26s
Epoch 9, 21.3%	 loss: 1.890 acc@1: 44.38 mrr: 62.23, ndcg: 68.82, took: 3.15s
Epoch 9, 23.4%	 loss: 1.903 acc@1: 45.20 mrr: 62.89, ndcg: 69.39, took: 2.66s
Epoch 9, 25.5%	 loss: 1.981 acc@1: 42.58 mrr: 60.79, ndcg: 67.46, took: 3.00s
Epoch 9, 27.7%	 loss: 1.925 acc@1: 42.81 mrr: 61.60, ndcg: 68.40, took: 3.38s
Epoch 9, 29.8%	 loss: 1.907 acc@1: 44.61 mrr: 62.52, ndcg: 68.98, took: 3.28s
Epoch 9, 31.9%	 loss: 1.977 acc@1: 42.85 mrr: 61.04, ndcg: 67.67, took: 3.19s
Epoch 9, 34.0%	 loss: 1.953 acc@1: 41.56 mrr: 60.51, ndcg: 67.39, took: 3.30s
Epoch 9, 36.2%	 loss: 1.913 acc@1: 43.40 mrr: 62.14, ndcg: 68.61, took: 3.31s
Epoch 9, 38.3%	 loss: 1.936 acc@1: 44.61 mrr: 62.20, ndcg: 68.57, took: 3.26s
Epoch 9, 40.4%	 loss: 1.995 acc@1: 42.30 mrr: 60.61, ndcg: 67.24, took: 3.25s
Epoch 9, 42.6%	 loss: 1.914 acc@1: 44.84 mrr: 62.67, ndcg: 69.06, took: 3.28s
Epoch 9, 44.7%	 loss: 1.949 acc@1: 45.04 mrr: 62.19, ndcg: 68.37, took: 3.29s
Epoch 9, 46.8%	 loss: 1.976 acc@1: 43.98 mrr: 61.80, ndcg: 68.13, took: 3.34s
Epoch 9, 48.9%	 loss: 1.920 acc@1: 43.91 mrr: 62.19, ndcg: 68.62, took: 3.35s
Epoch 9, 51.1%	 loss: 1.940 acc@1: 43.20 mrr: 61.67, ndcg: 68.30, took: 3.30s
Epoch 9, 53.2%	 loss: 1.965 acc@1: 42.34 mrr: 60.89, ndcg: 67.80, took: 3.35s
Epoch 9, 55.3%	 loss: 1.973 acc@1: 42.81 mrr: 61.21, ndcg: 67.73, took: 3.27s
Epoch 9, 57.4%	 loss: 1.958 acc@1: 43.05 mrr: 61.30, ndcg: 67.89, took: 3.28s
Epoch 9, 59.6%	 loss: 1.926 acc@1: 44.30 mrr: 62.25, ndcg: 68.72, took: 3.17s
Epoch 9, 61.7%	 loss: 1.926 acc@1: 42.93 mrr: 61.55, ndcg: 68.20, took: 3.17s
Epoch 9, 63.8%	 loss: 1.947 acc@1: 43.32 mrr: 61.58, ndcg: 68.33, took: 3.20s
Epoch 9, 66.0%	 loss: 1.975 acc@1: 43.05 mrr: 61.30, ndcg: 67.90, took: 3.20s
Epoch 9, 68.1%	 loss: 1.948 acc@1: 42.07 mrr: 60.98, ndcg: 67.72, took: 3.23s
Epoch 9, 70.2%	 loss: 2.000 acc@1: 42.54 mrr: 61.01, ndcg: 67.74, took: 3.30s
Epoch 9, 72.3%	 loss: 1.987 acc@1: 42.42 mrr: 60.77, ndcg: 67.38, took: 3.33s
Epoch 9, 74.5%	 loss: 1.940 acc@1: 43.28 mrr: 61.59, ndcg: 68.22, took: 3.26s
Epoch 9, 76.6%	 loss: 1.976 acc@1: 43.98 mrr: 61.77, ndcg: 68.27, took: 3.11s
Epoch 9, 78.7%	 loss: 2.005 acc@1: 43.59 mrr: 61.16, ndcg: 67.53, took: 3.03s
Epoch 9, 80.9%	 loss: 1.946 acc@1: 43.05 mrr: 61.78, ndcg: 68.39, took: 3.16s
Epoch 9, 83.0%	 loss: 1.950 acc@1: 43.44 mrr: 61.65, ndcg: 68.25, took: 3.10s
Epoch 9, 85.1%	 loss: 2.016 acc@1: 43.48 mrr: 61.02, ndcg: 67.46, took: 3.18s
Epoch 9, 87.2%	 loss: 1.967 acc@1: 42.50 mrr: 61.15, ndcg: 67.86, took: 3.22s
Epoch 9, 89.4%	 loss: 1.962 acc@1: 43.59 mrr: 61.79, ndcg: 68.13, took: 3.24s
Epoch 9, 91.5%	 loss: 1.976 acc@1: 43.55 mrr: 61.69, ndcg: 68.04, took: 3.28s
Epoch 9, 93.6%	 loss: 1.944 acc@1: 43.20 mrr: 61.77, ndcg: 68.47, took: 3.24s
Epoch 9, 95.7%	 loss: 1.966 acc@1: 43.01 mrr: 61.34, ndcg: 67.96, took: 3.30s
Epoch 9, 97.9%	 loss: 1.974 acc@1: 44.18 mrr: 61.99, ndcg: 68.19, took: 3.28s
Epoch 9, 100.0%	 loss: 1.982 acc@1: 43.32 mrr: 61.24, ndcg: 67.56, took: 3.34s
Validation - loss: 3.0551, acc@1: 41.37%, f1: 32.99%, mrr: 57.44%, ndcg: 63.19%
Current learning rate: 0.000854

=== Epoch 10 ===
Epoch 10, 2.1%	 loss: 1.831 acc@1: 44.06 mrr: 62.77, ndcg: 69.79, took: 3.34s
Epoch 10, 4.3%	 loss: 1.847 acc@1: 44.77 mrr: 62.90, ndcg: 69.81, took: 3.20s
Epoch 10, 6.4%	 loss: 1.876 acc@1: 42.62 mrr: 61.58, ndcg: 68.68, took: 3.29s
Epoch 10, 8.5%	 loss: 1.844 acc@1: 45.04 mrr: 63.00, ndcg: 69.75, took: 3.26s
Epoch 10, 10.6%	 loss: 1.870 acc@1: 44.18 mrr: 62.43, ndcg: 69.24, took: 3.19s
Epoch 10, 12.8%	 loss: 1.858 acc@1: 43.52 mrr: 62.29, ndcg: 69.15, took: 3.12s
Epoch 10, 14.9%	 loss: 1.905 acc@1: 43.67 mrr: 61.84, ndcg: 68.73, took: 3.00s
Epoch 10, 17.0%	 loss: 1.893 acc@1: 43.75 mrr: 62.00, ndcg: 68.86, took: 3.26s
Epoch 10, 19.1%	 loss: 1.841 acc@1: 45.82 mrr: 63.32, ndcg: 69.83, took: 3.38s
Epoch 10, 21.3%	 loss: 1.910 acc@1: 43.20 mrr: 61.52, ndcg: 68.16, took: 3.25s
Epoch 10, 23.4%	 loss: 1.906 acc@1: 43.91 mrr: 62.23, ndcg: 68.85, took: 3.28s
Epoch 10, 25.5%	 loss: 1.864 acc@1: 42.97 mrr: 62.13, ndcg: 69.03, took: 3.27s
Epoch 10, 27.7%	 loss: 1.868 acc@1: 44.14 mrr: 62.70, ndcg: 69.33, took: 3.34s
Epoch 10, 29.8%	 loss: 1.917 acc@1: 43.48 mrr: 61.86, ndcg: 68.43, took: 3.12s
Epoch 10, 31.9%	 loss: 1.910 acc@1: 43.67 mrr: 61.86, ndcg: 68.45, took: 3.34s
Epoch 10, 34.0%	 loss: 1.898 acc@1: 44.80 mrr: 62.68, ndcg: 69.07, took: 3.35s
Epoch 10, 36.2%	 loss: 1.894 acc@1: 43.32 mrr: 61.77, ndcg: 68.66, took: 3.28s
Epoch 10, 38.3%	 loss: 1.923 acc@1: 43.98 mrr: 61.88, ndcg: 68.41, took: 3.14s
Epoch 10, 40.4%	 loss: 1.890 acc@1: 45.39 mrr: 62.80, ndcg: 69.08, took: 3.23s
Epoch 10, 42.6%	 loss: 1.900 acc@1: 43.48 mrr: 62.05, ndcg: 68.92, took: 3.43s
Epoch 10, 44.7%	 loss: 1.895 acc@1: 44.10 mrr: 62.20, ndcg: 68.84, took: 3.17s
Epoch 10, 46.8%	 loss: 1.931 acc@1: 42.30 mrr: 60.90, ndcg: 67.78, took: 3.28s
Epoch 10, 48.9%	 loss: 1.904 acc@1: 43.40 mrr: 61.90, ndcg: 68.48, took: 3.32s
Epoch 10, 51.1%	 loss: 1.902 acc@1: 43.55 mrr: 61.74, ndcg: 68.48, took: 3.33s
Epoch 10, 53.2%	 loss: 1.879 acc@1: 43.83 mrr: 62.58, ndcg: 69.17, took: 3.43s
Epoch 10, 55.3%	 loss: 1.907 acc@1: 42.27 mrr: 61.18, ndcg: 68.04, took: 3.31s
Epoch 10, 57.4%	 loss: 1.927 acc@1: 42.77 mrr: 61.45, ndcg: 68.20, took: 3.30s
Epoch 10, 59.6%	 loss: 1.878 acc@1: 43.63 mrr: 62.26, ndcg: 69.00, took: 3.26s
Epoch 10, 61.7%	 loss: 1.907 acc@1: 42.70 mrr: 61.76, ndcg: 68.50, took: 3.04s
Epoch 10, 63.8%	 loss: 1.987 acc@1: 41.99 mrr: 60.81, ndcg: 67.62, took: 3.09s
Epoch 10, 66.0%	 loss: 1.883 acc@1: 43.09 mrr: 61.88, ndcg: 68.72, took: 3.31s
Epoch 10, 68.1%	 loss: 1.892 acc@1: 43.67 mrr: 62.10, ndcg: 68.91, took: 3.18s
Epoch 10, 70.2%	 loss: 2.009 acc@1: 41.95 mrr: 60.24, ndcg: 66.97, took: 3.12s
Epoch 10, 72.3%	 loss: 1.930 acc@1: 43.83 mrr: 62.05, ndcg: 68.54, took: 3.31s
Epoch 10, 74.5%	 loss: 1.908 acc@1: 43.83 mrr: 61.98, ndcg: 68.50, took: 3.27s
Epoch 10, 76.6%	 loss: 1.887 acc@1: 44.10 mrr: 62.37, ndcg: 69.17, took: 3.25s
Epoch 10, 78.7%	 loss: 1.889 acc@1: 44.02 mrr: 62.26, ndcg: 68.78, took: 3.27s
Epoch 10, 80.9%	 loss: 1.954 acc@1: 42.19 mrr: 60.96, ndcg: 67.80, took: 3.37s
Epoch 10, 83.0%	 loss: 1.887 acc@1: 44.14 mrr: 62.43, ndcg: 69.09, took: 3.30s
Epoch 10, 85.1%	 loss: 1.953 acc@1: 41.76 mrr: 60.62, ndcg: 67.51, took: 3.29s
Epoch 10, 87.2%	 loss: 1.937 acc@1: 43.79 mrr: 61.94, ndcg: 68.51, took: 3.30s
Epoch 10, 89.4%	 loss: 1.898 acc@1: 43.40 mrr: 62.26, ndcg: 68.89, took: 3.39s
Epoch 10, 91.5%	 loss: 1.927 acc@1: 43.05 mrr: 61.60, ndcg: 68.41, took: 3.27s
Epoch 10, 93.6%	 loss: 1.989 acc@1: 42.54 mrr: 60.87, ndcg: 67.38, took: 3.24s
Epoch 10, 95.7%	 loss: 1.931 acc@1: 43.83 mrr: 61.94, ndcg: 68.45, took: 3.31s
Epoch 10, 97.9%	 loss: 1.941 acc@1: 43.01 mrr: 61.80, ndcg: 68.55, took: 3.39s
Epoch 10, 100.0%	 loss: 1.939 acc@1: 43.20 mrr: 61.64, ndcg: 68.23, took: 3.31s
Validation - loss: 3.0655, acc@1: 40.68%, f1: 32.45%, mrr: 56.94%, ndcg: 62.81%
Current learning rate: 0.000833

=== Epoch 11 ===
Epoch 11, 2.1%	 loss: 1.781 acc@1: 45.43 mrr: 63.83, ndcg: 70.74, took: 2.91s
Epoch 11, 4.3%	 loss: 1.781 acc@1: 44.22 mrr: 63.20, ndcg: 70.23, took: 2.87s
Epoch 11, 6.4%	 loss: 1.824 acc@1: 43.36 mrr: 62.61, ndcg: 69.70, took: 3.34s
Epoch 11, 8.5%	 loss: 1.849 acc@1: 42.46 mrr: 61.60, ndcg: 68.84, took: 3.28s
Epoch 11, 10.6%	 loss: 1.809 acc@1: 44.38 mrr: 62.95, ndcg: 69.78, took: 3.28s
Epoch 11, 12.8%	 loss: 1.851 acc@1: 44.65 mrr: 62.75, ndcg: 69.47, took: 3.24s
Epoch 11, 14.9%	 loss: 1.820 acc@1: 44.61 mrr: 62.87, ndcg: 69.66, took: 3.20s
Epoch 11, 17.0%	 loss: 1.832 acc@1: 43.59 mrr: 62.51, ndcg: 69.46, took: 3.26s
Epoch 11, 19.1%	 loss: 1.855 acc@1: 43.48 mrr: 62.05, ndcg: 69.02, took: 3.24s
Epoch 11, 21.3%	 loss: 1.864 acc@1: 43.87 mrr: 62.29, ndcg: 69.17, took: 3.32s
Epoch 11, 23.4%	 loss: 1.845 acc@1: 42.93 mrr: 61.87, ndcg: 68.99, took: 3.28s
Epoch 11, 25.5%	 loss: 1.804 acc@1: 43.44 mrr: 62.73, ndcg: 69.91, took: 3.34s
Epoch 11, 27.7%	 loss: 1.854 acc@1: 44.49 mrr: 62.71, ndcg: 69.47, took: 3.29s
Epoch 11, 29.8%	 loss: 1.857 acc@1: 44.73 mrr: 62.81, ndcg: 69.24, took: 3.34s
Epoch 11, 31.9%	 loss: 1.919 acc@1: 42.97 mrr: 61.44, ndcg: 68.11, took: 3.33s
Epoch 11, 34.0%	 loss: 1.896 acc@1: 42.89 mrr: 61.80, ndcg: 68.62, took: 3.28s
Epoch 11, 36.2%	 loss: 1.887 acc@1: 43.40 mrr: 61.73, ndcg: 68.67, took: 3.28s
Epoch 11, 38.3%	 loss: 1.802 acc@1: 45.20 mrr: 63.35, ndcg: 70.20, took: 3.37s
Epoch 11, 40.4%	 loss: 1.863 acc@1: 43.01 mrr: 61.93, ndcg: 68.71, took: 3.33s
Epoch 11, 42.6%	 loss: 1.837 acc@1: 44.96 mrr: 63.09, ndcg: 69.71, took: 3.30s
Epoch 11, 44.7%	 loss: 1.889 acc@1: 43.09 mrr: 61.48, ndcg: 68.46, took: 3.22s
Epoch 11, 46.8%	 loss: 1.866 acc@1: 44.18 mrr: 62.40, ndcg: 69.20, took: 3.27s
Epoch 11, 48.9%	 loss: 1.849 acc@1: 42.23 mrr: 61.76, ndcg: 68.83, took: 3.28s
Epoch 11, 51.1%	 loss: 1.897 acc@1: 42.27 mrr: 61.22, ndcg: 68.30, took: 3.21s
Epoch 11, 53.2%	 loss: 1.911 acc@1: 43.52 mrr: 61.78, ndcg: 68.51, took: 3.35s
Epoch 11, 55.3%	 loss: 1.908 acc@1: 42.07 mrr: 61.11, ndcg: 67.97, took: 2.99s
Epoch 11, 57.4%	 loss: 1.818 acc@1: 43.32 mrr: 62.42, ndcg: 69.32, took: 3.16s
Epoch 11, 59.6%	 loss: 1.909 acc@1: 42.62 mrr: 61.39, ndcg: 68.16, took: 3.34s
Epoch 11, 61.7%	 loss: 1.886 acc@1: 44.10 mrr: 62.32, ndcg: 68.98, took: 3.31s
Epoch 11, 63.8%	 loss: 1.909 acc@1: 43.98 mrr: 62.19, ndcg: 68.66, took: 3.34s
Epoch 11, 66.0%	 loss: 1.873 acc@1: 42.62 mrr: 61.61, ndcg: 68.50, took: 3.25s
Epoch 11, 68.1%	 loss: 1.867 acc@1: 44.65 mrr: 62.74, ndcg: 69.35, took: 3.28s
Epoch 11, 70.2%	 loss: 1.914 acc@1: 42.30 mrr: 61.06, ndcg: 67.99, took: 3.20s
Epoch 11, 72.3%	 loss: 1.818 acc@1: 45.78 mrr: 63.58, ndcg: 70.21, took: 3.26s
Epoch 11, 74.5%	 loss: 1.910 acc@1: 42.85 mrr: 61.44, ndcg: 68.29, took: 3.30s
Epoch 11, 76.6%	 loss: 1.865 acc@1: 44.34 mrr: 62.52, ndcg: 69.24, took: 3.08s
Epoch 11, 78.7%	 loss: 1.844 acc@1: 42.34 mrr: 61.91, ndcg: 69.07, took: 3.24s
Epoch 11, 80.9%	 loss: 1.882 acc@1: 43.36 mrr: 62.12, ndcg: 69.02, took: 3.26s
Epoch 11, 83.0%	 loss: 1.890 acc@1: 42.38 mrr: 61.46, ndcg: 68.47, took: 3.32s
Epoch 11, 85.1%	 loss: 1.938 acc@1: 41.68 mrr: 60.71, ndcg: 67.72, took: 3.22s
Epoch 11, 87.2%	 loss: 1.932 acc@1: 42.93 mrr: 61.25, ndcg: 67.85, took: 3.24s
Epoch 11, 89.4%	 loss: 1.914 acc@1: 44.26 mrr: 62.19, ndcg: 68.70, took: 3.29s
Epoch 11, 91.5%	 loss: 1.895 acc@1: 45.23 mrr: 62.97, ndcg: 69.41, took: 3.34s
Epoch 11, 93.6%	 loss: 1.905 acc@1: 43.24 mrr: 61.97, ndcg: 68.71, took: 3.28s
Epoch 11, 95.7%	 loss: 1.924 acc@1: 42.81 mrr: 61.42, ndcg: 68.20, took: 2.97s
Epoch 11, 97.9%	 loss: 1.868 acc@1: 43.32 mrr: 62.17, ndcg: 69.13, took: 2.63s
Epoch 11, 100.0%	 loss: 1.996 acc@1: 41.72 mrr: 60.29, ndcg: 67.13, took: 3.09s
Validation - loss: 3.0888, acc@1: 40.79%, f1: 32.31%, mrr: 57.15%, ndcg: 62.97%
Current learning rate: 0.000081

=== Epoch 12 ===
Epoch 12, 2.1%	 loss: 1.947 acc@1: 45.66 mrr: 62.64, ndcg: 69.01, took: 3.15s
Epoch 12, 4.3%	 loss: 1.979 acc@1: 43.44 mrr: 61.52, ndcg: 68.02, took: 3.30s
Epoch 12, 6.4%	 loss: 1.889 acc@1: 45.20 mrr: 62.96, ndcg: 69.56, took: 3.34s
Epoch 12, 8.5%	 loss: 1.931 acc@1: 43.32 mrr: 61.72, ndcg: 68.52, took: 3.23s
Epoch 12, 10.6%	 loss: 1.978 acc@1: 42.93 mrr: 61.18, ndcg: 67.87, took: 3.27s
Epoch 12, 12.8%	 loss: 1.928 acc@1: 45.62 mrr: 62.80, ndcg: 69.25, took: 3.35s
Epoch 12, 14.9%	 loss: 1.940 acc@1: 44.30 mrr: 61.91, ndcg: 68.56, took: 3.18s
Epoch 12, 17.0%	 loss: 1.928 acc@1: 44.77 mrr: 62.60, ndcg: 68.99, took: 3.30s
Epoch 12, 19.1%	 loss: 1.933 acc@1: 45.62 mrr: 62.71, ndcg: 68.83, took: 3.33s
Epoch 12, 21.3%	 loss: 1.977 acc@1: 43.44 mrr: 61.34, ndcg: 67.81, took: 3.17s
Epoch 12, 23.4%	 loss: 1.967 acc@1: 43.01 mrr: 61.39, ndcg: 68.03, took: 3.23s
Epoch 12, 25.5%	 loss: 1.900 acc@1: 44.65 mrr: 62.61, ndcg: 69.07, took: 3.00s
Epoch 12, 27.7%	 loss: 1.930 acc@1: 45.23 mrr: 62.64, ndcg: 69.04, took: 3.20s
Epoch 12, 29.8%	 loss: 1.952 acc@1: 44.30 mrr: 62.02, ndcg: 68.53, took: 3.32s
Epoch 12, 31.9%	 loss: 1.984 acc@1: 43.59 mrr: 61.50, ndcg: 67.99, took: 3.32s
Epoch 12, 34.0%	 loss: 1.909 acc@1: 44.53 mrr: 62.54, ndcg: 69.06, took: 3.24s
Epoch 12, 36.2%	 loss: 1.918 acc@1: 44.14 mrr: 62.33, ndcg: 68.80, took: 3.15s
Epoch 12, 38.3%	 loss: 1.924 acc@1: 45.43 mrr: 62.54, ndcg: 68.89, took: 3.22s
Epoch 12, 40.4%	 loss: 1.913 acc@1: 44.77 mrr: 62.59, ndcg: 69.15, took: 3.27s
Epoch 12, 42.6%	 loss: 1.873 acc@1: 46.88 mrr: 63.95, ndcg: 70.28, took: 3.05s
Epoch 12, 44.7%	 loss: 1.877 acc@1: 46.05 mrr: 63.88, ndcg: 70.11, took: 3.15s
Epoch 12, 46.8%	 loss: 1.950 acc@1: 42.38 mrr: 61.21, ndcg: 68.00, took: 3.22s
Epoch 12, 48.9%	 loss: 2.019 acc@1: 42.81 mrr: 60.89, ndcg: 67.48, took: 3.29s
Epoch 12, 51.1%	 loss: 1.918 acc@1: 44.45 mrr: 62.36, ndcg: 68.89, took: 3.15s
Epoch 12, 53.2%	 loss: 1.908 acc@1: 43.52 mrr: 61.92, ndcg: 68.75, took: 3.30s
Epoch 12, 55.3%	 loss: 1.937 acc@1: 42.03 mrr: 61.35, ndcg: 68.14, took: 3.37s
Epoch 12, 57.4%	 loss: 1.944 acc@1: 43.59 mrr: 61.71, ndcg: 68.17, took: 3.32s
Epoch 12, 59.6%	 loss: 1.911 acc@1: 44.02 mrr: 62.35, ndcg: 68.82, took: 3.31s
Epoch 12, 61.7%	 loss: 1.892 acc@1: 45.66 mrr: 62.97, ndcg: 69.50, took: 3.21s
Epoch 12, 63.8%	 loss: 1.935 acc@1: 43.83 mrr: 61.78, ndcg: 68.11, took: 3.35s
Epoch 12, 66.0%	 loss: 1.896 acc@1: 44.14 mrr: 62.51, ndcg: 69.16, took: 3.32s
Epoch 12, 68.1%	 loss: 1.923 acc@1: 44.57 mrr: 62.41, ndcg: 68.93, took: 3.35s
Epoch 12, 70.2%	 loss: 1.912 acc@1: 43.75 mrr: 62.18, ndcg: 68.91, took: 3.21s
Epoch 12, 72.3%	 loss: 1.841 acc@1: 46.37 mrr: 64.02, ndcg: 70.42, took: 3.20s
Epoch 12, 74.5%	 loss: 1.924 acc@1: 43.87 mrr: 61.87, ndcg: 68.49, took: 3.29s
Epoch 12, 76.6%	 loss: 1.922 acc@1: 46.48 mrr: 63.45, ndcg: 69.55, took: 3.36s
Epoch 12, 78.7%	 loss: 1.909 acc@1: 43.75 mrr: 62.11, ndcg: 68.78, took: 3.35s
Epoch 12, 80.9%	 loss: 1.836 acc@1: 45.66 mrr: 63.84, ndcg: 70.33, took: 3.32s
Epoch 12, 83.0%	 loss: 1.948 acc@1: 43.55 mrr: 61.65, ndcg: 68.27, took: 3.36s
Epoch 12, 85.1%	 loss: 1.841 acc@1: 47.50 mrr: 64.53, ndcg: 70.62, took: 3.35s
Epoch 12, 87.2%	 loss: 1.919 acc@1: 44.92 mrr: 62.67, ndcg: 69.18, took: 2.99s
Epoch 12, 89.4%	 loss: 1.891 acc@1: 46.88 mrr: 63.89, ndcg: 69.97, took: 3.07s
Epoch 12, 91.5%	 loss: 1.863 acc@1: 44.96 mrr: 63.20, ndcg: 69.67, took: 3.18s
Epoch 12, 93.6%	 loss: 1.857 acc@1: 45.94 mrr: 63.65, ndcg: 70.14, took: 3.19s
Epoch 12, 95.7%	 loss: 1.927 acc@1: 43.36 mrr: 61.67, ndcg: 68.52, took: 3.31s
Epoch 12, 97.9%	 loss: 1.891 acc@1: 45.27 mrr: 63.18, ndcg: 69.74, took: 3.26s
Epoch 12, 100.0%	 loss: 1.924 acc@1: 43.16 mrr: 61.90, ndcg: 68.61, took: 3.33s
Validation - loss: 2.9659, acc@1: 42.20%, f1: 33.82%, mrr: 58.25%, ndcg: 64.01%
Current learning rate: 0.000081

=== Epoch 13 ===
Epoch 13, 2.1%	 loss: 1.873 acc@1: 45.51 mrr: 63.30, ndcg: 69.70, took: 3.18s
Epoch 13, 4.3%	 loss: 1.902 acc@1: 45.08 mrr: 62.84, ndcg: 69.23, took: 3.24s
Epoch 13, 6.4%	 loss: 1.898 acc@1: 44.38 mrr: 62.58, ndcg: 69.32, took: 3.31s
Epoch 13, 8.5%	 loss: 1.903 acc@1: 44.53 mrr: 62.37, ndcg: 68.99, took: 2.92s
Epoch 13, 10.6%	 loss: 1.939 acc@1: 43.16 mrr: 61.41, ndcg: 68.06, took: 3.03s
Epoch 13, 12.8%	 loss: 1.812 acc@1: 46.48 mrr: 64.29, ndcg: 70.68, took: 3.30s
Epoch 13, 14.9%	 loss: 1.879 acc@1: 44.02 mrr: 62.56, ndcg: 69.32, took: 3.29s
Epoch 13, 17.0%	 loss: 1.872 acc@1: 45.35 mrr: 62.91, ndcg: 69.38, took: 3.26s
Epoch 13, 19.1%	 loss: 1.915 acc@1: 44.69 mrr: 62.60, ndcg: 69.14, took: 3.29s
Epoch 13, 21.3%	 loss: 1.893 acc@1: 45.16 mrr: 62.62, ndcg: 69.22, took: 3.11s
Epoch 13, 23.4%	 loss: 1.903 acc@1: 44.34 mrr: 62.27, ndcg: 68.89, took: 3.24s
Epoch 13, 25.5%	 loss: 1.895 acc@1: 44.84 mrr: 62.84, ndcg: 69.26, took: 3.34s
Epoch 13, 27.7%	 loss: 1.917 acc@1: 44.49 mrr: 62.57, ndcg: 69.16, took: 3.25s
Epoch 13, 29.8%	 loss: 1.861 acc@1: 44.49 mrr: 62.69, ndcg: 69.46, took: 3.14s
Epoch 13, 31.9%	 loss: 1.874 acc@1: 45.90 mrr: 63.54, ndcg: 69.95, took: 3.01s
Epoch 13, 34.0%	 loss: 1.908 acc@1: 44.88 mrr: 62.54, ndcg: 68.99, took: 2.93s
Epoch 13, 36.2%	 loss: 1.893 acc@1: 46.56 mrr: 63.45, ndcg: 69.65, took: 3.29s
Epoch 13, 38.3%	 loss: 1.859 acc@1: 44.53 mrr: 62.83, ndcg: 69.51, took: 3.28s
Epoch 13, 40.4%	 loss: 1.817 acc@1: 45.86 mrr: 63.82, ndcg: 70.09, took: 3.39s
Epoch 13, 42.6%	 loss: 1.900 acc@1: 43.36 mrr: 62.07, ndcg: 68.69, took: 3.30s
Epoch 13, 44.7%	 loss: 1.860 acc@1: 45.90 mrr: 63.56, ndcg: 70.03, took: 3.25s
Epoch 13, 46.8%	 loss: 1.848 acc@1: 45.04 mrr: 63.11, ndcg: 69.72, took: 3.12s
Epoch 13, 48.9%	 loss: 1.875 acc@1: 43.79 mrr: 62.37, ndcg: 69.08, took: 3.31s
Epoch 13, 51.1%	 loss: 1.964 acc@1: 43.67 mrr: 61.50, ndcg: 68.10, took: 2.99s
Epoch 13, 53.2%	 loss: 1.934 acc@1: 44.34 mrr: 62.19, ndcg: 68.82, took: 3.19s
Epoch 13, 55.3%	 loss: 1.912 acc@1: 44.88 mrr: 62.70, ndcg: 69.23, took: 3.31s
Epoch 13, 57.4%	 loss: 1.898 acc@1: 44.65 mrr: 62.87, ndcg: 69.41, took: 3.31s
Epoch 13, 59.6%	 loss: 1.900 acc@1: 45.12 mrr: 63.10, ndcg: 69.59, took: 3.22s
Epoch 13, 61.7%	 loss: 1.898 acc@1: 45.08 mrr: 62.68, ndcg: 69.12, took: 3.38s
Epoch 13, 63.8%	 loss: 1.884 acc@1: 45.43 mrr: 63.20, ndcg: 69.71, took: 3.26s
Epoch 13, 66.0%	 loss: 1.944 acc@1: 42.97 mrr: 61.50, ndcg: 68.18, took: 3.33s
Epoch 13, 68.1%	 loss: 1.881 acc@1: 45.74 mrr: 63.13, ndcg: 69.66, took: 3.22s
Epoch 13, 70.2%	 loss: 1.866 acc@1: 44.96 mrr: 63.12, ndcg: 69.60, took: 3.21s
Epoch 13, 72.3%	 loss: 1.873 acc@1: 43.59 mrr: 62.37, ndcg: 69.22, took: 3.26s
Epoch 13, 74.5%	 loss: 1.854 acc@1: 44.61 mrr: 62.83, ndcg: 69.60, took: 3.38s
Epoch 13, 76.6%	 loss: 1.872 acc@1: 44.80 mrr: 62.94, ndcg: 69.44, took: 3.24s
Epoch 13, 78.7%	 loss: 1.823 acc@1: 44.22 mrr: 62.97, ndcg: 69.81, took: 2.91s
Epoch 13, 80.9%	 loss: 1.910 acc@1: 44.06 mrr: 62.27, ndcg: 68.85, took: 3.03s
Epoch 13, 83.0%	 loss: 1.842 acc@1: 45.70 mrr: 63.42, ndcg: 70.01, took: 3.37s
Epoch 13, 85.1%	 loss: 1.891 acc@1: 45.66 mrr: 63.28, ndcg: 69.60, took: 3.32s
Epoch 13, 87.2%	 loss: 1.898 acc@1: 44.34 mrr: 62.43, ndcg: 68.88, took: 3.38s
Epoch 13, 89.4%	 loss: 1.822 acc@1: 44.96 mrr: 63.54, ndcg: 70.20, took: 3.20s
Epoch 13, 91.5%	 loss: 1.925 acc@1: 44.77 mrr: 62.32, ndcg: 68.72, took: 3.08s
Epoch 13, 93.6%	 loss: 1.933 acc@1: 44.14 mrr: 62.19, ndcg: 68.44, took: 3.29s
Epoch 13, 95.7%	 loss: 1.983 acc@1: 42.54 mrr: 60.79, ndcg: 67.61, took: 3.30s
Epoch 13, 97.9%	 loss: 1.937 acc@1: 44.61 mrr: 62.33, ndcg: 68.62, took: 3.29s
Epoch 13, 100.0%	 loss: 1.854 acc@1: 44.96 mrr: 63.25, ndcg: 69.82, took: 3.24s
Validation - loss: 2.9715, acc@1: 42.02%, f1: 33.73%, mrr: 58.14%, ndcg: 63.90%
Current learning rate: 0.000081

=== Epoch 14 ===
Epoch 14, 2.1%	 loss: 1.849 acc@1: 44.77 mrr: 62.97, ndcg: 69.69, took: 3.28s
Epoch 14, 4.3%	 loss: 1.874 acc@1: 46.33 mrr: 63.60, ndcg: 69.83, took: 3.27s
Epoch 14, 6.4%	 loss: 1.829 acc@1: 46.84 mrr: 64.23, ndcg: 70.61, took: 3.35s
Epoch 14, 8.5%	 loss: 1.814 acc@1: 46.95 mrr: 64.32, ndcg: 70.65, took: 3.13s
Epoch 14, 10.6%	 loss: 1.803 acc@1: 45.70 mrr: 64.00, ndcg: 70.60, took: 3.26s
Epoch 14, 12.8%	 loss: 1.866 acc@1: 44.34 mrr: 62.87, ndcg: 69.63, took: 3.26s
Epoch 14, 14.9%	 loss: 1.841 acc@1: 44.18 mrr: 62.90, ndcg: 69.59, took: 3.22s
Epoch 14, 17.0%	 loss: 1.863 acc@1: 45.94 mrr: 63.44, ndcg: 69.75, took: 3.14s
Epoch 14, 19.1%	 loss: 1.864 acc@1: 45.62 mrr: 63.22, ndcg: 69.55, took: 3.03s
Epoch 14, 21.3%	 loss: 1.880 acc@1: 43.36 mrr: 62.12, ndcg: 68.89, took: 3.33s
Epoch 14, 23.4%	 loss: 1.898 acc@1: 44.73 mrr: 62.68, ndcg: 69.22, took: 3.26s
Epoch 14, 25.5%	 loss: 1.872 acc@1: 45.23 mrr: 63.13, ndcg: 69.68, took: 3.20s
Epoch 14, 27.7%	 loss: 1.876 acc@1: 43.91 mrr: 62.19, ndcg: 69.07, took: 3.10s
Epoch 14, 29.8%	 loss: 1.946 acc@1: 43.59 mrr: 61.71, ndcg: 68.50, took: 3.15s
Epoch 14, 31.9%	 loss: 1.859 acc@1: 46.17 mrr: 63.69, ndcg: 70.17, took: 3.31s
Epoch 14, 34.0%	 loss: 1.896 acc@1: 43.63 mrr: 62.11, ndcg: 68.80, took: 3.14s
Epoch 14, 36.2%	 loss: 1.860 acc@1: 44.84 mrr: 62.87, ndcg: 69.36, took: 3.37s
Epoch 14, 38.3%	 loss: 1.856 acc@1: 44.65 mrr: 62.89, ndcg: 69.58, took: 3.69s
Epoch 14, 40.4%	 loss: 1.845 acc@1: 46.72 mrr: 64.11, ndcg: 70.36, took: 3.20s
Epoch 14, 42.6%	 loss: 1.884 acc@1: 46.05 mrr: 63.49, ndcg: 69.66, took: 3.25s
Epoch 14, 44.7%	 loss: 1.886 acc@1: 45.62 mrr: 62.85, ndcg: 69.24, took: 2.96s
Epoch 14, 46.8%	 loss: 1.872 acc@1: 45.66 mrr: 63.28, ndcg: 69.74, took: 3.21s
Epoch 14, 48.9%	 loss: 1.794 acc@1: 46.52 mrr: 64.38, ndcg: 70.92, took: 3.21s
Epoch 14, 51.1%	 loss: 1.867 acc@1: 43.16 mrr: 62.13, ndcg: 69.00, took: 3.34s
Epoch 14, 53.2%	 loss: 1.872 acc@1: 44.61 mrr: 62.75, ndcg: 69.28, took: 3.28s
Epoch 14, 55.3%	 loss: 1.919 acc@1: 44.30 mrr: 62.23, ndcg: 68.90, took: 3.37s
Epoch 14, 57.4%	 loss: 1.883 acc@1: 43.67 mrr: 62.37, ndcg: 69.02, took: 3.29s
Epoch 14, 59.6%	 loss: 1.895 acc@1: 42.62 mrr: 61.68, ndcg: 68.54, took: 3.29s
Epoch 14, 61.7%	 loss: 1.791 acc@1: 46.64 mrr: 64.54, ndcg: 70.94, took: 3.27s
Epoch 14, 63.8%	 loss: 1.864 acc@1: 45.00 mrr: 63.15, ndcg: 69.84, took: 3.29s
Epoch 14, 66.0%	 loss: 1.921 acc@1: 44.77 mrr: 62.48, ndcg: 68.99, took: 3.37s
Epoch 14, 68.1%	 loss: 1.871 acc@1: 45.20 mrr: 63.04, ndcg: 69.60, took: 3.21s
Epoch 14, 70.2%	 loss: 1.864 acc@1: 46.09 mrr: 63.85, ndcg: 70.15, took: 2.68s
Epoch 14, 72.3%	 loss: 1.923 acc@1: 43.55 mrr: 61.93, ndcg: 68.62, took: 2.88s
Epoch 14, 74.5%	 loss: 1.923 acc@1: 43.36 mrr: 61.89, ndcg: 68.64, took: 3.13s
Epoch 14, 76.6%	 loss: 1.964 acc@1: 43.20 mrr: 61.36, ndcg: 68.08, took: 2.96s
Epoch 14, 78.7%	 loss: 1.898 acc@1: 43.63 mrr: 62.20, ndcg: 68.84, took: 3.18s
Epoch 14, 80.9%	 loss: 1.928 acc@1: 42.50 mrr: 60.99, ndcg: 67.83, took: 3.35s
Epoch 14, 83.0%	 loss: 1.834 acc@1: 46.72 mrr: 64.14, ndcg: 70.68, took: 3.30s
Epoch 14, 85.1%	 loss: 1.891 acc@1: 44.88 mrr: 62.68, ndcg: 69.23, took: 3.28s
Epoch 14, 87.2%	 loss: 1.913 acc@1: 43.83 mrr: 61.92, ndcg: 68.50, took: 3.27s
Epoch 14, 89.4%	 loss: 1.848 acc@1: 45.59 mrr: 63.63, ndcg: 70.20, took: 3.32s
Epoch 14, 91.5%	 loss: 1.934 acc@1: 43.48 mrr: 61.62, ndcg: 68.34, took: 3.24s
Epoch 14, 93.6%	 loss: 1.830 acc@1: 45.98 mrr: 63.69, ndcg: 70.30, took: 3.34s
Epoch 14, 95.7%	 loss: 1.856 acc@1: 43.12 mrr: 62.10, ndcg: 69.04, took: 3.28s
Epoch 14, 97.9%	 loss: 1.890 acc@1: 44.18 mrr: 62.54, ndcg: 69.13, took: 3.38s
Epoch 14, 100.0%	 loss: 1.904 acc@1: 43.28 mrr: 61.67, ndcg: 68.40, took: 3.31s
Validation - loss: 2.9714, acc@1: 42.17%, f1: 33.65%, mrr: 58.24%, ndcg: 63.97%
Current learning rate: 0.000081

=== Epoch 15 ===
Epoch 15, 2.1%	 loss: 1.877 acc@1: 45.27 mrr: 62.97, ndcg: 69.49, took: 3.29s
Epoch 15, 4.3%	 loss: 1.840 acc@1: 45.20 mrr: 63.30, ndcg: 69.85, took: 3.15s
Epoch 15, 6.4%	 loss: 1.825 acc@1: 46.84 mrr: 64.16, ndcg: 70.66, took: 3.05s
Epoch 15, 8.5%	 loss: 1.767 acc@1: 46.37 mrr: 64.51, ndcg: 71.16, took: 3.20s
Epoch 15, 10.6%	 loss: 1.887 acc@1: 44.73 mrr: 62.71, ndcg: 69.41, took: 3.33s
Epoch 15, 12.8%	 loss: 1.844 acc@1: 45.43 mrr: 63.40, ndcg: 69.86, took: 3.24s
Epoch 15, 14.9%	 loss: 1.867 acc@1: 43.32 mrr: 62.08, ndcg: 69.04, took: 3.22s
Epoch 15, 17.0%	 loss: 1.816 acc@1: 44.18 mrr: 62.88, ndcg: 69.67, took: 3.31s
Epoch 15, 19.1%	 loss: 1.875 acc@1: 43.83 mrr: 62.37, ndcg: 69.10, took: 3.34s
Epoch 15, 21.3%	 loss: 1.880 acc@1: 44.30 mrr: 62.38, ndcg: 68.87, took: 3.25s
Epoch 15, 23.4%	 loss: 1.848 acc@1: 47.30 mrr: 64.43, ndcg: 70.81, took: 3.39s
Epoch 15, 25.5%	 loss: 1.865 acc@1: 44.02 mrr: 62.69, ndcg: 69.34, took: 3.19s
Epoch 15, 27.7%	 loss: 1.912 acc@1: 42.97 mrr: 61.59, ndcg: 68.41, took: 3.19s
Epoch 15, 29.8%	 loss: 1.829 acc@1: 44.61 mrr: 63.10, ndcg: 69.85, took: 3.31s
Epoch 15, 31.9%	 loss: 1.850 acc@1: 45.27 mrr: 63.20, ndcg: 69.74, took: 3.25s
Epoch 15, 34.0%	 loss: 1.822 acc@1: 45.47 mrr: 63.54, ndcg: 69.98, took: 3.27s
Epoch 15, 36.2%	 loss: 1.870 acc@1: 44.41 mrr: 62.52, ndcg: 69.33, took: 3.29s
Epoch 15, 38.3%	 loss: 1.892 acc@1: 43.71 mrr: 62.20, ndcg: 68.83, took: 3.41s
Epoch 15, 40.4%	 loss: 1.846 acc@1: 45.98 mrr: 63.63, ndcg: 70.02, took: 3.35s
Epoch 15, 42.6%	 loss: 1.869 acc@1: 44.61 mrr: 62.77, ndcg: 69.39, took: 3.30s
Epoch 15, 44.7%	 loss: 1.866 acc@1: 45.43 mrr: 63.33, ndcg: 69.91, took: 3.39s
Epoch 15, 46.8%	 loss: 1.882 acc@1: 43.67 mrr: 62.42, ndcg: 69.51, took: 3.31s
Epoch 15, 48.9%	 loss: 1.887 acc@1: 43.75 mrr: 62.20, ndcg: 69.07, took: 3.27s
Epoch 15, 51.1%	 loss: 1.830 acc@1: 45.59 mrr: 63.40, ndcg: 69.87, took: 3.22s
Epoch 15, 53.2%	 loss: 1.815 acc@1: 45.47 mrr: 63.70, ndcg: 70.27, took: 3.23s
Epoch 15, 55.3%	 loss: 1.919 acc@1: 44.41 mrr: 62.57, ndcg: 69.07, took: 3.27s
Epoch 15, 57.4%	 loss: 1.907 acc@1: 42.85 mrr: 61.55, ndcg: 68.54, took: 3.34s
Epoch 15, 59.6%	 loss: 1.872 acc@1: 45.12 mrr: 63.20, ndcg: 69.82, took: 3.05s
Epoch 15, 61.7%	 loss: 1.866 acc@1: 44.06 mrr: 62.45, ndcg: 69.26, took: 2.99s
Epoch 15, 63.8%	 loss: 1.840 acc@1: 44.41 mrr: 62.94, ndcg: 69.47, took: 3.22s
Epoch 15, 66.0%	 loss: 1.840 acc@1: 46.88 mrr: 64.29, ndcg: 70.59, took: 3.27s
Epoch 15, 68.1%	 loss: 1.815 acc@1: 46.13 mrr: 63.97, ndcg: 70.81, took: 3.38s
Epoch 15, 70.2%	 loss: 1.904 acc@1: 45.39 mrr: 62.70, ndcg: 69.27, took: 3.36s
Epoch 15, 72.3%	 loss: 1.845 acc@1: 45.39 mrr: 63.63, ndcg: 70.12, took: 3.33s
Epoch 15, 74.5%	 loss: 1.957 acc@1: 43.48 mrr: 61.45, ndcg: 68.18, took: 3.24s
Epoch 15, 76.6%	 loss: 1.871 acc@1: 45.62 mrr: 63.28, ndcg: 69.62, took: 3.37s
Epoch 15, 78.7%	 loss: 1.856 acc@1: 45.74 mrr: 63.24, ndcg: 69.82, took: 3.09s
Epoch 15, 80.9%	 loss: 1.889 acc@1: 45.39 mrr: 63.06, ndcg: 69.49, took: 3.01s
Epoch 15, 83.0%	 loss: 1.932 acc@1: 43.67 mrr: 61.91, ndcg: 68.42, took: 3.20s
Epoch 15, 85.1%	 loss: 1.867 acc@1: 44.65 mrr: 63.04, ndcg: 69.44, took: 3.14s
Epoch 15, 87.2%	 loss: 1.937 acc@1: 44.02 mrr: 61.87, ndcg: 68.38, took: 3.23s
Epoch 15, 89.4%	 loss: 1.863 acc@1: 45.43 mrr: 63.39, ndcg: 69.83, took: 3.26s
Epoch 15, 91.5%	 loss: 1.834 acc@1: 45.23 mrr: 63.27, ndcg: 69.77, took: 3.32s
Epoch 15, 93.6%	 loss: 1.894 acc@1: 43.79 mrr: 62.18, ndcg: 68.95, took: 3.32s
Epoch 15, 95.7%	 loss: 1.879 acc@1: 45.12 mrr: 62.80, ndcg: 69.34, took: 3.09s
Epoch 15, 97.9%	 loss: 1.870 acc@1: 45.62 mrr: 63.19, ndcg: 69.59, took: 3.07s
Epoch 15, 100.0%	 loss: 1.849 acc@1: 45.12 mrr: 63.17, ndcg: 69.70, took: 3.05s
Validation - loss: 2.9813, acc@1: 41.71%, f1: 33.75%, mrr: 58.02%, ndcg: 63.79%
Current learning rate: 0.000081

=== Epoch 16 ===
Epoch 16, 2.1%	 loss: 1.884 acc@1: 45.23 mrr: 62.91, ndcg: 69.40, took: 3.38s
Epoch 16, 4.3%	 loss: 1.797 acc@1: 45.59 mrr: 63.86, ndcg: 70.54, took: 3.17s
Epoch 16, 6.4%	 loss: 1.908 acc@1: 44.65 mrr: 62.35, ndcg: 68.93, took: 3.04s
Epoch 16, 8.5%	 loss: 1.881 acc@1: 44.92 mrr: 62.71, ndcg: 69.28, took: 3.22s
Epoch 16, 10.6%	 loss: 1.861 acc@1: 43.32 mrr: 62.11, ndcg: 68.93, took: 3.37s
Epoch 16, 12.8%	 loss: 1.827 acc@1: 45.55 mrr: 63.53, ndcg: 70.24, took: 3.37s
Epoch 16, 14.9%	 loss: 1.843 acc@1: 44.88 mrr: 63.06, ndcg: 69.85, took: 3.38s
Epoch 16, 17.0%	 loss: 1.873 acc@1: 42.97 mrr: 61.88, ndcg: 68.70, took: 3.35s
Epoch 16, 19.1%	 loss: 1.919 acc@1: 43.24 mrr: 61.63, ndcg: 68.46, took: 3.27s
Epoch 16, 21.3%	 loss: 1.805 acc@1: 46.33 mrr: 64.32, ndcg: 70.75, took: 3.39s
Epoch 16, 23.4%	 loss: 1.857 acc@1: 42.11 mrr: 61.38, ndcg: 68.61, took: 3.35s
Epoch 16, 25.5%	 loss: 1.854 acc@1: 45.43 mrr: 63.29, ndcg: 69.82, took: 3.24s
Epoch 16, 27.7%	 loss: 1.841 acc@1: 45.16 mrr: 63.55, ndcg: 70.07, took: 3.25s
Epoch 16, 29.8%	 loss: 1.888 acc@1: 44.26 mrr: 62.28, ndcg: 68.93, took: 3.35s
Epoch 16, 31.9%	 loss: 1.842 acc@1: 45.70 mrr: 63.73, ndcg: 70.31, took: 3.33s
Epoch 16, 34.0%	 loss: 1.829 acc@1: 44.80 mrr: 63.25, ndcg: 70.08, took: 3.28s
Epoch 16, 36.2%	 loss: 1.782 acc@1: 45.90 mrr: 63.93, ndcg: 70.55, took: 3.27s
Epoch 16, 38.3%	 loss: 1.830 acc@1: 45.12 mrr: 63.38, ndcg: 69.92, took: 3.37s
Epoch 16, 40.4%	 loss: 1.861 acc@1: 44.10 mrr: 62.72, ndcg: 69.40, took: 3.35s
Epoch 16, 42.6%	 loss: 1.876 acc@1: 44.10 mrr: 62.56, ndcg: 69.29, took: 3.36s
Epoch 16, 44.7%	 loss: 1.898 acc@1: 42.58 mrr: 61.51, ndcg: 68.48, took: 3.33s
Epoch 16, 46.8%	 loss: 1.882 acc@1: 44.30 mrr: 62.45, ndcg: 69.11, took: 3.30s
Epoch 16, 48.9%	 loss: 1.876 acc@1: 43.44 mrr: 62.20, ndcg: 69.03, took: 2.85s
Epoch 16, 51.1%	 loss: 1.883 acc@1: 43.87 mrr: 62.23, ndcg: 68.83, took: 2.95s
Epoch 16, 53.2%	 loss: 1.807 acc@1: 44.73 mrr: 63.26, ndcg: 70.01, took: 3.25s
Epoch 16, 55.3%	 loss: 1.883 acc@1: 45.86 mrr: 63.31, ndcg: 69.70, took: 3.31s
Epoch 16, 57.4%	 loss: 1.863 acc@1: 43.36 mrr: 62.25, ndcg: 69.04, took: 3.28s
Epoch 16, 59.6%	 loss: 1.864 acc@1: 45.66 mrr: 63.49, ndcg: 70.09, took: 3.32s
Epoch 16, 61.7%	 loss: 1.754 acc@1: 46.76 mrr: 64.76, ndcg: 71.33, took: 3.14s
Epoch 16, 63.8%	 loss: 1.889 acc@1: 45.23 mrr: 62.73, ndcg: 69.38, took: 3.33s
Epoch 16, 66.0%	 loss: 1.841 acc@1: 44.77 mrr: 62.94, ndcg: 69.67, took: 3.29s
Epoch 16, 68.1%	 loss: 1.858 acc@1: 44.38 mrr: 62.81, ndcg: 69.53, took: 3.34s
Epoch 16, 70.2%	 loss: 1.807 acc@1: 44.45 mrr: 63.25, ndcg: 70.16, took: 3.13s
Epoch 16, 72.3%	 loss: 1.888 acc@1: 43.67 mrr: 62.15, ndcg: 68.90, took: 3.30s
Epoch 16, 74.5%	 loss: 1.863 acc@1: 44.02 mrr: 62.45, ndcg: 69.28, took: 3.30s
Epoch 16, 76.6%	 loss: 1.870 acc@1: 45.66 mrr: 63.18, ndcg: 69.64, took: 3.20s
Epoch 16, 78.7%	 loss: 1.832 acc@1: 46.41 mrr: 64.09, ndcg: 70.48, took: 3.38s
Epoch 16, 80.9%	 loss: 1.841 acc@1: 45.47 mrr: 63.43, ndcg: 69.90, took: 3.25s
Epoch 16, 83.0%	 loss: 1.873 acc@1: 45.20 mrr: 62.98, ndcg: 69.58, took: 3.23s
Epoch 16, 85.1%	 loss: 1.843 acc@1: 45.70 mrr: 63.22, ndcg: 69.75, took: 3.07s
Epoch 16, 87.2%	 loss: 1.858 acc@1: 44.06 mrr: 62.60, ndcg: 69.27, took: 3.31s
Epoch 16, 89.4%	 loss: 1.880 acc@1: 44.65 mrr: 62.56, ndcg: 69.01, took: 3.35s
Epoch 16, 91.5%	 loss: 1.894 acc@1: 45.43 mrr: 62.98, ndcg: 69.30, took: 3.36s
Epoch 16, 93.6%	 loss: 1.855 acc@1: 44.06 mrr: 62.45, ndcg: 69.12, took: 3.25s
Epoch 16, 95.7%	 loss: 1.847 acc@1: 45.35 mrr: 63.24, ndcg: 69.84, took: 3.31s
Epoch 16, 97.9%	 loss: 1.850 acc@1: 47.38 mrr: 64.28, ndcg: 70.68, took: 3.23s
Epoch 16, 100.0%	 loss: 1.846 acc@1: 45.27 mrr: 63.35, ndcg: 70.09, took: 3.06s
Validation - loss: 2.9817, acc@1: 41.72%, f1: 33.60%, mrr: 57.98%, ndcg: 63.80%
Current learning rate: 0.000081

=== Epoch 17 ===
Epoch 17, 2.1%	 loss: 1.773 acc@1: 47.03 mrr: 64.96, ndcg: 71.43, took: 3.22s
Epoch 17, 4.3%	 loss: 1.811 acc@1: 46.29 mrr: 64.01, ndcg: 70.63, took: 3.34s
Epoch 17, 6.4%	 loss: 1.902 acc@1: 43.20 mrr: 61.74, ndcg: 68.54, took: 3.29s
Epoch 17, 8.5%	 loss: 1.873 acc@1: 45.82 mrr: 63.45, ndcg: 69.91, took: 3.22s
Epoch 17, 10.6%	 loss: 1.830 acc@1: 46.02 mrr: 63.79, ndcg: 70.33, took: 3.14s
Epoch 17, 12.8%	 loss: 1.818 acc@1: 46.09 mrr: 63.87, ndcg: 70.55, took: 2.98s
Epoch 17, 14.9%	 loss: 1.852 acc@1: 45.16 mrr: 62.90, ndcg: 69.53, took: 3.31s
Epoch 17, 17.0%	 loss: 1.877 acc@1: 43.20 mrr: 62.00, ndcg: 68.83, took: 3.23s
Epoch 17, 19.1%	 loss: 1.877 acc@1: 45.78 mrr: 63.19, ndcg: 69.74, took: 3.22s
Epoch 17, 21.3%	 loss: 1.826 acc@1: 45.08 mrr: 63.31, ndcg: 70.05, took: 3.17s
Epoch 17, 23.4%	 loss: 1.859 acc@1: 46.09 mrr: 63.48, ndcg: 69.97, took: 3.06s
Epoch 17, 25.5%	 loss: 1.848 acc@1: 44.26 mrr: 62.62, ndcg: 69.38, took: 3.25s
Epoch 17, 27.7%	 loss: 1.794 acc@1: 45.55 mrr: 63.82, ndcg: 70.58, took: 3.34s
Epoch 17, 29.8%	 loss: 1.784 acc@1: 46.09 mrr: 64.15, ndcg: 70.76, took: 3.24s
Epoch 17, 31.9%	 loss: 1.800 acc@1: 45.86 mrr: 63.90, ndcg: 70.61, took: 3.27s
Epoch 17, 34.0%	 loss: 1.852 acc@1: 45.31 mrr: 63.23, ndcg: 69.83, took: 3.22s
Epoch 17, 36.2%	 loss: 1.866 acc@1: 44.06 mrr: 62.28, ndcg: 69.13, took: 3.31s
Epoch 17, 38.3%	 loss: 1.866 acc@1: 44.02 mrr: 62.52, ndcg: 69.15, took: 3.13s
Epoch 17, 40.4%	 loss: 1.864 acc@1: 44.49 mrr: 62.47, ndcg: 69.26, took: 2.96s
Epoch 17, 42.6%	 loss: 1.840 acc@1: 44.14 mrr: 62.66, ndcg: 69.49, took: 2.97s
Epoch 17, 44.7%	 loss: 1.887 acc@1: 44.61 mrr: 62.70, ndcg: 69.29, took: 3.01s
Epoch 17, 46.8%	 loss: 1.785 acc@1: 46.09 mrr: 64.19, ndcg: 70.75, took: 3.26s
Epoch 17, 48.9%	 loss: 1.833 acc@1: 44.26 mrr: 62.80, ndcg: 69.76, took: 3.28s
Epoch 17, 51.1%	 loss: 1.912 acc@1: 43.48 mrr: 61.87, ndcg: 68.53, took: 3.31s
Epoch 17, 53.2%	 loss: 1.858 acc@1: 43.67 mrr: 62.48, ndcg: 69.31, took: 3.26s
Epoch 17, 55.3%	 loss: 1.852 acc@1: 43.79 mrr: 62.46, ndcg: 69.25, took: 3.33s
Epoch 17, 57.4%	 loss: 1.817 acc@1: 44.88 mrr: 63.31, ndcg: 70.12, took: 3.31s
Epoch 17, 59.6%	 loss: 1.844 acc@1: 43.40 mrr: 62.43, ndcg: 69.36, took: 3.33s
Epoch 17, 61.7%	 loss: 1.852 acc@1: 45.27 mrr: 63.13, ndcg: 69.67, took: 3.25s
Epoch 17, 63.8%	 loss: 1.836 acc@1: 44.10 mrr: 62.86, ndcg: 69.74, took: 3.33s
Epoch 17, 66.0%	 loss: 1.806 acc@1: 45.62 mrr: 63.84, ndcg: 70.47, took: 3.33s
Epoch 17, 68.1%	 loss: 1.806 acc@1: 45.90 mrr: 63.97, ndcg: 70.50, took: 3.32s
Epoch 17, 70.2%	 loss: 1.849 acc@1: 45.16 mrr: 63.20, ndcg: 69.71, took: 3.06s
Epoch 17, 72.3%	 loss: 1.917 acc@1: 43.95 mrr: 62.08, ndcg: 68.70, took: 3.09s
Epoch 17, 74.5%	 loss: 1.861 acc@1: 44.26 mrr: 62.66, ndcg: 69.38, took: 3.31s
Epoch 17, 76.6%	 loss: 1.856 acc@1: 44.61 mrr: 62.72, ndcg: 69.32, took: 3.37s
Epoch 17, 78.7%	 loss: 1.855 acc@1: 46.29 mrr: 63.41, ndcg: 69.80, took: 3.26s
Epoch 17, 80.9%	 loss: 1.798 acc@1: 46.21 mrr: 64.15, ndcg: 70.55, took: 3.28s
Epoch 17, 83.0%	 loss: 1.832 acc@1: 44.96 mrr: 63.19, ndcg: 69.75, took: 3.25s
Epoch 17, 85.1%	 loss: 1.901 acc@1: 45.47 mrr: 62.89, ndcg: 69.33, took: 3.29s
Epoch 17, 87.2%	 loss: 1.862 acc@1: 44.18 mrr: 62.57, ndcg: 69.28, took: 3.31s
Epoch 17, 89.4%	 loss: 1.860 acc@1: 43.52 mrr: 62.18, ndcg: 68.92, took: 3.30s
Epoch 17, 91.5%	 loss: 1.871 acc@1: 44.65 mrr: 62.78, ndcg: 69.44, took: 3.22s
Epoch 17, 93.6%	 loss: 1.832 acc@1: 44.22 mrr: 62.89, ndcg: 69.63, took: 3.35s
Epoch 17, 95.7%	 loss: 1.858 acc@1: 45.59 mrr: 63.06, ndcg: 69.54, took: 3.38s
Epoch 17, 97.9%	 loss: 1.827 acc@1: 44.96 mrr: 63.39, ndcg: 70.07, took: 3.37s
Epoch 17, 100.0%	 loss: 1.890 acc@1: 45.31 mrr: 63.11, ndcg: 69.43, took: 3.32s
Validation - loss: 2.9877, acc@1: 41.61%, f1: 33.74%, mrr: 57.91%, ndcg: 63.76%
Current learning rate: 0.000008

=== Epoch 18 ===
Epoch 18, 2.1%	 loss: 1.831 acc@1: 45.59 mrr: 63.37, ndcg: 70.09, took: 3.33s
Epoch 18, 4.3%	 loss: 1.937 acc@1: 43.87 mrr: 61.91, ndcg: 68.53, took: 3.29s
Epoch 18, 6.4%	 loss: 1.891 acc@1: 44.69 mrr: 62.54, ndcg: 68.95, took: 3.29s
Epoch 18, 8.5%	 loss: 1.828 acc@1: 47.62 mrr: 64.72, ndcg: 70.97, took: 3.19s
Epoch 18, 10.6%	 loss: 1.974 acc@1: 43.83 mrr: 61.41, ndcg: 67.89, took: 3.29s
Epoch 18, 12.8%	 loss: 1.833 acc@1: 46.29 mrr: 63.86, ndcg: 70.32, took: 3.23s
Epoch 18, 14.9%	 loss: 1.875 acc@1: 45.62 mrr: 63.18, ndcg: 69.64, took: 3.21s
Epoch 18, 17.0%	 loss: 1.934 acc@1: 44.84 mrr: 62.36, ndcg: 68.67, took: 3.33s
Epoch 18, 19.1%	 loss: 1.932 acc@1: 43.24 mrr: 61.57, ndcg: 68.27, took: 3.31s
Epoch 18, 21.3%	 loss: 1.809 acc@1: 46.64 mrr: 64.24, ndcg: 70.70, took: 3.24s
Epoch 18, 23.4%	 loss: 1.976 acc@1: 44.53 mrr: 62.01, ndcg: 68.33, took: 3.28s
Epoch 18, 25.5%	 loss: 1.951 acc@1: 42.38 mrr: 60.99, ndcg: 67.77, took: 3.39s
Epoch 18, 27.7%	 loss: 1.855 acc@1: 45.23 mrr: 63.31, ndcg: 69.94, took: 3.21s
Epoch 18, 29.8%	 loss: 1.880 acc@1: 43.91 mrr: 62.36, ndcg: 69.05, took: 2.94s
Epoch 18, 31.9%	 loss: 1.837 acc@1: 46.21 mrr: 63.70, ndcg: 70.20, took: 3.09s
Epoch 18, 34.0%	 loss: 1.897 acc@1: 43.52 mrr: 61.94, ndcg: 68.67, took: 3.33s
Epoch 18, 36.2%	 loss: 1.907 acc@1: 45.55 mrr: 62.99, ndcg: 69.25, took: 3.26s
Epoch 18, 38.3%	 loss: 1.879 acc@1: 46.41 mrr: 63.69, ndcg: 69.98, took: 3.28s
Epoch 18, 40.4%	 loss: 1.815 acc@1: 46.41 mrr: 64.19, ndcg: 70.85, took: 3.21s
Epoch 18, 42.6%	 loss: 1.848 acc@1: 46.64 mrr: 64.03, ndcg: 70.36, took: 3.29s
Epoch 18, 44.7%	 loss: 1.853 acc@1: 44.57 mrr: 62.85, ndcg: 69.68, took: 3.21s
Epoch 18, 46.8%	 loss: 1.882 acc@1: 44.41 mrr: 62.59, ndcg: 69.16, took: 2.64s
Epoch 18, 48.9%	 loss: 1.870 acc@1: 46.29 mrr: 63.68, ndcg: 70.14, took: 3.07s
Epoch 18, 51.1%	 loss: 1.925 acc@1: 44.61 mrr: 62.45, ndcg: 68.86, took: 3.28s
Epoch 18, 53.2%	 loss: 1.906 acc@1: 45.20 mrr: 62.72, ndcg: 69.03, took: 3.18s
Epoch 18, 55.3%	 loss: 1.866 acc@1: 45.00 mrr: 63.16, ndcg: 69.64, took: 3.64s
Epoch 18, 57.4%	 loss: 1.915 acc@1: 45.62 mrr: 62.81, ndcg: 69.16, took: 3.29s
Epoch 18, 59.6%	 loss: 1.868 acc@1: 44.34 mrr: 62.81, ndcg: 69.43, took: 3.21s
Epoch 18, 61.7%	 loss: 1.946 acc@1: 44.34 mrr: 62.05, ndcg: 68.70, took: 3.23s
Epoch 18, 63.8%	 loss: 1.821 acc@1: 47.27 mrr: 64.61, ndcg: 70.99, took: 3.34s
Epoch 18, 66.0%	 loss: 1.904 acc@1: 43.98 mrr: 62.23, ndcg: 68.88, took: 3.39s
Epoch 18, 68.1%	 loss: 1.863 acc@1: 44.65 mrr: 62.92, ndcg: 69.53, took: 3.22s
Epoch 18, 70.2%	 loss: 1.843 acc@1: 46.76 mrr: 64.25, ndcg: 70.69, took: 3.24s
Epoch 18, 72.3%	 loss: 1.983 acc@1: 43.91 mrr: 61.51, ndcg: 68.13, took: 3.30s
Epoch 18, 74.5%	 loss: 1.884 acc@1: 44.22 mrr: 62.42, ndcg: 68.91, took: 3.30s
Epoch 18, 76.6%	 loss: 1.841 acc@1: 46.13 mrr: 63.86, ndcg: 70.32, took: 3.35s
Epoch 18, 78.7%	 loss: 1.822 acc@1: 45.39 mrr: 63.57, ndcg: 70.09, took: 3.26s
Epoch 18, 80.9%	 loss: 1.901 acc@1: 44.10 mrr: 62.38, ndcg: 69.10, took: 3.13s
Epoch 18, 83.0%	 loss: 1.824 acc@1: 46.25 mrr: 63.95, ndcg: 70.45, took: 3.03s
Epoch 18, 85.1%	 loss: 1.859 acc@1: 46.09 mrr: 63.70, ndcg: 70.18, took: 3.42s
Epoch 18, 87.2%	 loss: 1.935 acc@1: 43.36 mrr: 61.67, ndcg: 68.24, took: 3.22s
Epoch 18, 89.4%	 loss: 1.854 acc@1: 43.91 mrr: 62.68, ndcg: 69.56, took: 3.28s
Epoch 18, 91.5%	 loss: 1.829 acc@1: 45.62 mrr: 63.81, ndcg: 70.37, took: 3.20s
Epoch 18, 93.6%	 loss: 1.900 acc@1: 45.31 mrr: 62.71, ndcg: 69.13, took: 3.13s
Epoch 18, 95.7%	 loss: 1.872 acc@1: 44.92 mrr: 62.83, ndcg: 69.26, took: 3.30s
Epoch 18, 97.9%	 loss: 1.866 acc@1: 45.55 mrr: 63.11, ndcg: 69.49, took: 3.33s
Epoch 18, 100.0%	 loss: 1.858 acc@1: 45.27 mrr: 63.18, ndcg: 69.60, took: 3.29s
Validation - loss: 2.9689, acc@1: 42.36%, f1: 33.95%, mrr: 58.36%, ndcg: 64.08%
Current learning rate: 0.000008

=== Epoch 19 ===
Epoch 19, 2.1%	 loss: 1.855 acc@1: 44.45 mrr: 62.90, ndcg: 69.47, took: 3.28s
Epoch 19, 4.3%	 loss: 1.890 acc@1: 45.94 mrr: 63.19, ndcg: 69.62, took: 3.27s
Epoch 19, 6.4%	 loss: 1.859 acc@1: 46.29 mrr: 63.58, ndcg: 69.96, took: 3.19s
Epoch 19, 8.5%	 loss: 1.869 acc@1: 46.52 mrr: 63.68, ndcg: 69.82, took: 3.42s
Epoch 19, 10.6%	 loss: 1.828 acc@1: 44.53 mrr: 63.24, ndcg: 70.12, took: 3.23s
Epoch 19, 12.8%	 loss: 1.932 acc@1: 43.63 mrr: 61.74, ndcg: 68.52, took: 3.37s
Epoch 19, 14.9%	 loss: 1.893 acc@1: 46.33 mrr: 63.66, ndcg: 69.87, took: 3.31s
Epoch 19, 17.0%	 loss: 1.833 acc@1: 45.86 mrr: 63.54, ndcg: 70.11, took: 3.37s
Epoch 19, 19.1%	 loss: 1.851 acc@1: 45.62 mrr: 63.58, ndcg: 70.10, took: 3.02s
Epoch 19, 21.3%	 loss: 1.820 acc@1: 47.07 mrr: 64.43, ndcg: 70.64, took: 2.93s
Epoch 19, 23.4%	 loss: 1.851 acc@1: 45.78 mrr: 63.48, ndcg: 70.03, took: 3.16s
Epoch 19, 25.5%	 loss: 1.868 acc@1: 45.27 mrr: 63.11, ndcg: 69.58, took: 3.36s
Epoch 19, 27.7%	 loss: 1.905 acc@1: 44.49 mrr: 62.59, ndcg: 69.21, took: 3.29s
Epoch 19, 29.8%	 loss: 1.890 acc@1: 45.16 mrr: 62.83, ndcg: 69.31, took: 3.30s
Epoch 19, 31.9%	 loss: 1.915 acc@1: 44.96 mrr: 62.75, ndcg: 69.24, took: 3.32s
Epoch 19, 34.0%	 loss: 1.842 acc@1: 45.47 mrr: 63.41, ndcg: 69.82, took: 3.27s
Epoch 19, 36.2%	 loss: 1.887 acc@1: 45.04 mrr: 62.74, ndcg: 69.36, took: 3.31s
Epoch 19, 38.3%	 loss: 1.887 acc@1: 44.06 mrr: 62.10, ndcg: 68.81, took: 3.30s
Epoch 19, 40.4%	 loss: 1.855 acc@1: 44.49 mrr: 62.76, ndcg: 69.25, took: 3.35s
Epoch 19, 42.6%	 loss: 1.885 acc@1: 45.16 mrr: 62.78, ndcg: 69.41, took: 3.27s
Epoch 19, 44.7%	 loss: 1.835 acc@1: 46.13 mrr: 63.75, ndcg: 70.32, took: 3.10s
Epoch 19, 46.8%	 loss: 1.855 acc@1: 45.47 mrr: 63.53, ndcg: 69.92, took: 3.18s
Epoch 19, 48.9%	 loss: 1.896 acc@1: 44.14 mrr: 62.34, ndcg: 68.98, took: 3.27s
Epoch 19, 51.1%	 loss: 1.871 acc@1: 45.16 mrr: 62.94, ndcg: 69.46, took: 3.21s
Epoch 19, 53.2%	 loss: 1.903 acc@1: 44.65 mrr: 62.67, ndcg: 69.19, took: 3.19s
Epoch 19, 55.3%	 loss: 1.888 acc@1: 45.98 mrr: 63.36, ndcg: 69.70, took: 3.25s
Epoch 19, 57.4%	 loss: 1.821 acc@1: 46.88 mrr: 64.27, ndcg: 70.53, took: 3.20s
Epoch 19, 59.6%	 loss: 1.886 acc@1: 44.14 mrr: 62.64, ndcg: 69.19, took: 3.29s
Epoch 19, 61.7%	 loss: 1.914 acc@1: 44.45 mrr: 62.41, ndcg: 68.89, took: 3.27s
Epoch 19, 63.8%	 loss: 1.926 acc@1: 44.96 mrr: 62.57, ndcg: 68.97, took: 3.30s
Epoch 19, 66.0%	 loss: 1.860 acc@1: 44.49 mrr: 62.60, ndcg: 69.22, took: 3.32s
Epoch 19, 68.1%	 loss: 1.911 acc@1: 44.80 mrr: 62.63, ndcg: 69.35, took: 3.19s
Epoch 19, 70.2%	 loss: 1.863 acc@1: 45.04 mrr: 63.03, ndcg: 69.56, took: 3.15s
Epoch 19, 72.3%	 loss: 1.884 acc@1: 44.02 mrr: 62.42, ndcg: 69.11, took: 2.93s
Epoch 19, 74.5%	 loss: 1.899 acc@1: 43.09 mrr: 61.92, ndcg: 68.83, took: 2.80s
Epoch 19, 76.6%	 loss: 1.973 acc@1: 42.50 mrr: 60.97, ndcg: 67.65, took: 2.99s
Epoch 19, 78.7%	 loss: 1.872 acc@1: 44.34 mrr: 62.74, ndcg: 69.28, took: 3.18s
Epoch 19, 80.9%	 loss: 1.890 acc@1: 44.18 mrr: 62.31, ndcg: 68.90, took: 2.85s
Epoch 19, 83.0%	 loss: 1.900 acc@1: 44.73 mrr: 62.73, ndcg: 69.43, took: 2.87s
Epoch 19, 85.1%	 loss: 1.833 acc@1: 46.21 mrr: 63.81, ndcg: 70.36, took: 3.16s
Epoch 19, 87.2%	 loss: 1.862 acc@1: 45.66 mrr: 63.37, ndcg: 69.84, took: 3.05s
Epoch 19, 89.4%	 loss: 1.860 acc@1: 44.92 mrr: 63.00, ndcg: 69.61, took: 3.00s
Epoch 19, 91.5%	 loss: 1.930 acc@1: 44.10 mrr: 62.21, ndcg: 68.84, took: 3.04s
Epoch 19, 93.6%	 loss: 1.887 acc@1: 45.23 mrr: 63.08, ndcg: 69.55, took: 3.09s
Epoch 19, 95.7%	 loss: 1.892 acc@1: 44.57 mrr: 62.68, ndcg: 69.22, took: 3.02s
Epoch 19, 97.9%	 loss: 1.853 acc@1: 44.61 mrr: 62.95, ndcg: 69.73, took: 3.05s
Epoch 19, 100.0%	 loss: 1.902 acc@1: 44.80 mrr: 62.84, ndcg: 69.25, took: 3.09s
Validation - loss: 2.9677, acc@1: 42.48%, f1: 34.12%, mrr: 58.39%, ndcg: 64.09%
Current learning rate: 0.000008

=== Epoch 20 ===
Epoch 20, 2.1%	 loss: 1.888 acc@1: 43.59 mrr: 62.26, ndcg: 68.96, took: 3.13s
Epoch 20, 4.3%	 loss: 1.892 acc@1: 44.49 mrr: 62.61, ndcg: 69.12, took: 3.06s
Epoch 20, 6.4%	 loss: 1.884 acc@1: 44.14 mrr: 62.38, ndcg: 69.16, took: 3.04s
Epoch 20, 8.5%	 loss: 1.877 acc@1: 45.00 mrr: 62.98, ndcg: 69.63, took: 2.93s
Epoch 20, 10.6%	 loss: 1.828 acc@1: 45.31 mrr: 63.49, ndcg: 70.22, took: 2.77s
Epoch 20, 12.8%	 loss: 1.846 acc@1: 46.60 mrr: 64.14, ndcg: 70.37, took: 2.94s
Epoch 20, 14.9%	 loss: 1.826 acc@1: 47.97 mrr: 64.66, ndcg: 71.01, took: 2.89s
Epoch 20, 17.0%	 loss: 1.862 acc@1: 45.82 mrr: 63.43, ndcg: 69.83, took: 2.77s
Epoch 20, 19.1%	 loss: 1.816 acc@1: 46.33 mrr: 64.17, ndcg: 70.81, took: 3.37s
Epoch 20, 21.3%	 loss: 1.864 acc@1: 43.95 mrr: 62.77, ndcg: 69.49, took: 3.39s
Epoch 20, 23.4%	 loss: 1.895 acc@1: 45.82 mrr: 63.18, ndcg: 69.52, took: 3.55s
Epoch 20, 25.5%	 loss: 1.867 acc@1: 45.90 mrr: 63.85, ndcg: 70.40, took: 3.64s
Epoch 20, 27.7%	 loss: 1.905 acc@1: 44.38 mrr: 62.60, ndcg: 69.10, took: 3.62s
Epoch 20, 29.8%	 loss: 1.864 acc@1: 45.39 mrr: 63.40, ndcg: 69.86, took: 3.60s
Epoch 20, 31.9%	 loss: 1.873 acc@1: 45.55 mrr: 63.33, ndcg: 69.79, took: 3.37s
Epoch 20, 34.0%	 loss: 1.830 acc@1: 45.74 mrr: 63.56, ndcg: 69.94, took: 3.24s
Epoch 20, 36.2%	 loss: 1.860 acc@1: 44.88 mrr: 63.05, ndcg: 69.49, took: 3.58s
Epoch 20, 38.3%	 loss: 1.896 acc@1: 44.80 mrr: 62.68, ndcg: 69.02, took: 3.50s
Epoch 20, 40.4%	 loss: 1.897 acc@1: 44.45 mrr: 62.52, ndcg: 68.99, took: 3.49s
Epoch 20, 42.6%	 loss: 1.892 acc@1: 44.26 mrr: 62.47, ndcg: 69.21, took: 3.52s
Epoch 20, 44.7%	 loss: 1.894 acc@1: 44.61 mrr: 62.53, ndcg: 69.05, took: 3.39s
Epoch 20, 46.8%	 loss: 1.838 acc@1: 45.66 mrr: 63.40, ndcg: 70.02, took: 3.53s
Epoch 20, 48.9%	 loss: 1.899 acc@1: 43.24 mrr: 61.87, ndcg: 68.71, took: 3.40s
Epoch 20, 51.1%	 loss: 1.925 acc@1: 45.12 mrr: 62.46, ndcg: 68.89, took: 3.65s
Epoch 20, 53.2%	 loss: 1.866 acc@1: 46.05 mrr: 63.46, ndcg: 69.86, took: 3.56s
Epoch 20, 55.3%	 loss: 1.861 acc@1: 45.16 mrr: 63.10, ndcg: 69.56, took: 3.60s
Epoch 20, 57.4%	 loss: 1.856 acc@1: 44.69 mrr: 62.81, ndcg: 69.65, took: 3.60s
Epoch 20, 59.6%	 loss: 1.914 acc@1: 45.70 mrr: 62.84, ndcg: 69.13, took: 3.56s
Epoch 20, 61.7%	 loss: 1.862 acc@1: 45.55 mrr: 63.29, ndcg: 69.79, took: 3.57s
Epoch 20, 63.8%	 loss: 1.876 acc@1: 44.92 mrr: 62.99, ndcg: 69.58, took: 3.47s
Epoch 20, 66.0%	 loss: 1.842 acc@1: 45.47 mrr: 63.34, ndcg: 69.88, took: 3.53s
Epoch 20, 68.1%	 loss: 1.903 acc@1: 44.80 mrr: 62.75, ndcg: 69.34, took: 3.51s
Epoch 20, 70.2%	 loss: 1.937 acc@1: 44.49 mrr: 62.42, ndcg: 68.84, took: 3.54s
Epoch 20, 72.3%	 loss: 1.836 acc@1: 45.00 mrr: 63.40, ndcg: 69.79, took: 3.39s
Epoch 20, 74.5%	 loss: 1.855 acc@1: 43.79 mrr: 62.56, ndcg: 69.30, took: 3.48s
Epoch 20, 76.6%	 loss: 1.828 acc@1: 45.00 mrr: 63.34, ndcg: 69.95, took: 3.55s
Epoch 20, 78.7%	 loss: 1.961 acc@1: 44.18 mrr: 61.72, ndcg: 68.28, took: 3.58s
Epoch 20, 80.9%	 loss: 1.965 acc@1: 43.48 mrr: 61.40, ndcg: 67.98, took: 3.52s
Epoch 20, 83.0%	 loss: 1.872 acc@1: 45.31 mrr: 63.23, ndcg: 69.74, took: 3.51s
Epoch 20, 85.1%	 loss: 1.788 acc@1: 47.70 mrr: 64.89, ndcg: 71.10, took: 3.44s
Epoch 20, 87.2%	 loss: 1.866 acc@1: 46.45 mrr: 63.81, ndcg: 70.27, took: 3.50s
Epoch 20, 89.4%	 loss: 1.925 acc@1: 44.96 mrr: 62.51, ndcg: 69.02, took: 3.59s
Epoch 20, 91.5%	 loss: 1.909 acc@1: 43.28 mrr: 61.83, ndcg: 68.66, took: 3.43s
Epoch 20, 93.6%	 loss: 1.867 acc@1: 44.77 mrr: 62.87, ndcg: 69.44, took: 3.40s
Epoch 20, 95.7%	 loss: 1.851 acc@1: 46.02 mrr: 63.61, ndcg: 69.95, took: 3.42s
Epoch 20, 97.9%	 loss: 1.903 acc@1: 44.45 mrr: 62.41, ndcg: 68.88, took: 3.41s
Epoch 20, 100.0%	 loss: 1.927 acc@1: 44.92 mrr: 62.56, ndcg: 69.28, took: 3.23s
Validation - loss: 2.9669, acc@1: 42.28%, f1: 33.88%, mrr: 58.29%, ndcg: 64.00%
Current learning rate: 0.000008

=== Epoch 21 ===
Epoch 21, 2.1%	 loss: 1.902 acc@1: 45.16 mrr: 62.70, ndcg: 69.12, took: 3.27s
Epoch 21, 4.3%	 loss: 1.853 acc@1: 44.92 mrr: 63.15, ndcg: 69.70, took: 3.54s
Epoch 21, 6.4%	 loss: 1.893 acc@1: 45.82 mrr: 63.28, ndcg: 69.63, took: 3.54s
Epoch 21, 8.5%	 loss: 1.880 acc@1: 44.73 mrr: 62.54, ndcg: 69.29, took: 3.45s
Epoch 21, 10.6%	 loss: 1.868 acc@1: 45.23 mrr: 63.00, ndcg: 69.61, took: 3.52s
Epoch 21, 12.8%	 loss: 1.873 acc@1: 44.61 mrr: 62.78, ndcg: 69.41, took: 3.34s
Epoch 21, 14.9%	 loss: 1.831 acc@1: 46.41 mrr: 64.15, ndcg: 70.63, took: 3.11s
Epoch 21, 17.0%	 loss: 1.885 acc@1: 44.73 mrr: 62.66, ndcg: 69.30, took: 3.51s
Epoch 21, 19.1%	 loss: 1.878 acc@1: 45.31 mrr: 63.14, ndcg: 69.79, took: 3.51s
Epoch 21, 21.3%	 loss: 1.817 acc@1: 46.64 mrr: 64.41, ndcg: 70.80, took: 3.41s
Epoch 21, 23.4%	 loss: 1.915 acc@1: 44.77 mrr: 62.47, ndcg: 69.02, took: 3.26s
Epoch 21, 25.5%	 loss: 1.865 acc@1: 45.55 mrr: 63.51, ndcg: 69.82, took: 3.31s
Epoch 21, 27.7%	 loss: 1.851 acc@1: 44.34 mrr: 63.05, ndcg: 69.73, took: 3.20s
Epoch 21, 29.8%	 loss: 1.909 acc@1: 44.69 mrr: 62.46, ndcg: 69.16, took: 3.22s
Epoch 21, 31.9%	 loss: 1.834 acc@1: 45.04 mrr: 63.42, ndcg: 70.12, took: 3.27s
Epoch 21, 34.0%	 loss: 1.876 acc@1: 45.70 mrr: 63.41, ndcg: 70.03, took: 3.25s
Epoch 21, 36.2%	 loss: 1.823 acc@1: 44.41 mrr: 63.05, ndcg: 69.79, took: 3.23s
Epoch 21, 38.3%	 loss: 1.863 acc@1: 45.94 mrr: 63.45, ndcg: 69.89, took: 3.17s
Epoch 21, 40.4%	 loss: 1.851 acc@1: 43.71 mrr: 62.57, ndcg: 69.35, took: 3.19s
Epoch 21, 42.6%	 loss: 1.837 acc@1: 46.68 mrr: 64.08, ndcg: 70.56, took: 3.11s
Epoch 21, 44.7%	 loss: 1.904 acc@1: 43.20 mrr: 61.87, ndcg: 68.68, took: 2.88s
Epoch 21, 46.8%	 loss: 1.865 acc@1: 45.27 mrr: 63.12, ndcg: 69.45, took: 3.09s
Epoch 21, 48.9%	 loss: 1.828 acc@1: 46.41 mrr: 63.78, ndcg: 70.16, took: 3.21s
Epoch 21, 51.1%	 loss: 1.877 acc@1: 44.96 mrr: 62.92, ndcg: 69.64, took: 3.20s
Epoch 21, 53.2%	 loss: 1.862 acc@1: 45.47 mrr: 63.30, ndcg: 69.88, took: 2.97s
Epoch 21, 55.3%	 loss: 1.875 acc@1: 45.90 mrr: 63.44, ndcg: 69.91, took: 3.04s
Epoch 21, 57.4%	 loss: 1.902 acc@1: 44.77 mrr: 62.65, ndcg: 69.10, took: 3.13s
Epoch 21, 59.6%	 loss: 1.884 acc@1: 45.16 mrr: 62.92, ndcg: 69.45, took: 3.08s
Epoch 21, 61.7%	 loss: 1.923 acc@1: 42.30 mrr: 61.16, ndcg: 68.02, took: 3.05s
Epoch 21, 63.8%	 loss: 1.929 acc@1: 43.36 mrr: 61.63, ndcg: 68.46, took: 3.23s
Epoch 21, 66.0%	 loss: 1.882 acc@1: 43.95 mrr: 62.29, ndcg: 69.05, took: 3.19s
Epoch 21, 68.1%	 loss: 1.872 acc@1: 44.14 mrr: 62.61, ndcg: 69.28, took: 3.28s
Epoch 21, 70.2%	 loss: 1.872 acc@1: 44.18 mrr: 62.72, ndcg: 69.37, took: 3.33s
Epoch 21, 72.3%	 loss: 1.927 acc@1: 44.10 mrr: 62.12, ndcg: 68.72, took: 3.16s
Epoch 21, 74.5%	 loss: 1.891 acc@1: 45.47 mrr: 62.95, ndcg: 69.39, took: 3.43s
Epoch 21, 76.6%	 loss: 1.890 acc@1: 45.04 mrr: 62.82, ndcg: 69.20, took: 3.56s
Epoch 21, 78.7%	 loss: 1.847 acc@1: 46.45 mrr: 63.85, ndcg: 70.29, took: 3.55s
Epoch 21, 80.9%	 loss: 1.864 acc@1: 43.98 mrr: 62.64, ndcg: 69.36, took: 3.42s
Epoch 21, 83.0%	 loss: 1.937 acc@1: 43.63 mrr: 61.66, ndcg: 68.54, took: 3.57s
Epoch 21, 85.1%	 loss: 1.843 acc@1: 45.90 mrr: 63.73, ndcg: 70.23, took: 3.51s
Epoch 21, 87.2%	 loss: 1.957 acc@1: 44.49 mrr: 62.17, ndcg: 68.76, took: 3.54s
Epoch 21, 89.4%	 loss: 1.871 acc@1: 45.74 mrr: 63.36, ndcg: 69.86, took: 3.48s
Epoch 21, 91.5%	 loss: 1.906 acc@1: 44.14 mrr: 62.33, ndcg: 68.82, took: 3.45s
Epoch 21, 93.6%	 loss: 1.873 acc@1: 45.27 mrr: 63.08, ndcg: 69.45, took: 3.40s
Epoch 21, 95.7%	 loss: 1.871 acc@1: 45.43 mrr: 63.44, ndcg: 69.72, took: 3.42s
Epoch 21, 97.9%	 loss: 1.866 acc@1: 45.59 mrr: 63.32, ndcg: 69.78, took: 3.47s
Epoch 21, 100.0%	 loss: 1.816 acc@1: 46.84 mrr: 64.39, ndcg: 70.88, took: 3.56s
Validation - loss: 2.9668, acc@1: 42.12%, f1: 33.65%, mrr: 58.21%, ndcg: 63.97%
Current learning rate: 0.000008

=== Epoch 22 ===
Epoch 22, 2.1%	 loss: 1.837 acc@1: 44.77 mrr: 63.18, ndcg: 69.94, took: 3.58s
Epoch 22, 4.3%	 loss: 1.881 acc@1: 45.20 mrr: 63.03, ndcg: 69.63, took: 3.49s
Epoch 22, 6.4%	 loss: 1.801 acc@1: 45.39 mrr: 64.03, ndcg: 70.66, took: 3.58s
Epoch 22, 8.5%	 loss: 1.899 acc@1: 44.77 mrr: 62.89, ndcg: 69.28, took: 3.55s
Epoch 22, 10.6%	 loss: 1.796 acc@1: 43.55 mrr: 62.99, ndcg: 69.82, took: 3.48s
Epoch 22, 12.8%	 loss: 1.907 acc@1: 45.23 mrr: 62.57, ndcg: 68.97, took: 3.55s
Epoch 22, 14.9%	 loss: 1.856 acc@1: 45.39 mrr: 63.38, ndcg: 70.03, took: 3.50s
Epoch 22, 17.0%	 loss: 1.850 acc@1: 46.60 mrr: 64.25, ndcg: 70.70, took: 3.49s
Epoch 22, 19.1%	 loss: 1.823 acc@1: 44.53 mrr: 63.10, ndcg: 69.78, took: 3.51s
Epoch 22, 21.3%	 loss: 1.844 acc@1: 45.27 mrr: 63.26, ndcg: 69.83, took: 3.28s
Epoch 22, 23.4%	 loss: 1.858 acc@1: 44.77 mrr: 63.15, ndcg: 69.77, took: 3.41s
Epoch 22, 25.5%	 loss: 1.861 acc@1: 44.84 mrr: 63.06, ndcg: 69.75, took: 3.36s
Epoch 22, 27.7%	 loss: 1.904 acc@1: 43.83 mrr: 62.05, ndcg: 68.86, took: 3.56s
Epoch 22, 29.8%	 loss: 1.893 acc@1: 44.92 mrr: 62.71, ndcg: 69.09, took: 3.44s
Epoch 22, 31.9%	 loss: 1.835 acc@1: 45.43 mrr: 63.55, ndcg: 70.19, took: 3.64s
Epoch 22, 34.0%	 loss: 1.839 acc@1: 46.95 mrr: 64.38, ndcg: 70.65, took: 3.55s
Epoch 22, 36.2%	 loss: 1.878 acc@1: 45.78 mrr: 63.18, ndcg: 69.68, took: 3.51s
Epoch 22, 38.3%	 loss: 1.812 acc@1: 45.66 mrr: 63.62, ndcg: 70.24, took: 3.58s
Epoch 22, 40.4%	 loss: 1.920 acc@1: 45.70 mrr: 63.00, ndcg: 69.34, took: 3.50s
Epoch 22, 42.6%	 loss: 1.881 acc@1: 44.45 mrr: 62.81, ndcg: 69.63, took: 3.48s
Epoch 22, 44.7%	 loss: 1.922 acc@1: 44.61 mrr: 62.46, ndcg: 68.92, took: 3.56s
Epoch 22, 46.8%	 loss: 1.848 acc@1: 45.94 mrr: 63.45, ndcg: 70.04, took: 3.40s
Epoch 22, 48.9%	 loss: 1.913 acc@1: 44.53 mrr: 62.39, ndcg: 68.94, took: 3.37s
Epoch 22, 51.1%	 loss: 1.928 acc@1: 43.63 mrr: 61.57, ndcg: 68.26, took: 3.39s
Epoch 22, 53.2%	 loss: 1.865 acc@1: 44.88 mrr: 63.16, ndcg: 69.82, took: 3.56s
Epoch 22, 55.3%	 loss: 1.879 acc@1: 43.87 mrr: 62.21, ndcg: 68.88, took: 3.63s
Epoch 22, 57.4%	 loss: 1.854 acc@1: 44.96 mrr: 63.10, ndcg: 69.59, took: 3.55s
Epoch 22, 59.6%	 loss: 1.885 acc@1: 46.13 mrr: 63.35, ndcg: 69.75, took: 3.30s
Epoch 22, 61.7%	 loss: 1.867 acc@1: 45.51 mrr: 63.20, ndcg: 69.85, took: 3.24s
Epoch 22, 63.8%	 loss: 1.854 acc@1: 46.25 mrr: 63.58, ndcg: 70.10, took: 3.53s
Epoch 22, 66.0%	 loss: 1.897 acc@1: 44.61 mrr: 62.47, ndcg: 69.07, took: 3.49s
Epoch 22, 68.1%	 loss: 1.872 acc@1: 44.41 mrr: 62.68, ndcg: 69.32, took: 3.52s
Epoch 22, 70.2%	 loss: 1.880 acc@1: 44.41 mrr: 62.52, ndcg: 69.15, took: 3.62s
Epoch 22, 72.3%	 loss: 1.876 acc@1: 45.31 mrr: 63.11, ndcg: 69.58, took: 3.42s
Epoch 22, 74.5%	 loss: 1.902 acc@1: 44.34 mrr: 62.49, ndcg: 69.14, took: 3.50s
Epoch 22, 76.6%	 loss: 1.838 acc@1: 45.31 mrr: 63.24, ndcg: 69.78, took: 3.50s
Epoch 22, 78.7%	 loss: 1.850 acc@1: 45.78 mrr: 63.53, ndcg: 69.76, took: 3.41s
Epoch 22, 80.9%	 loss: 1.834 acc@1: 44.80 mrr: 63.17, ndcg: 69.95, took: 3.32s
Epoch 22, 83.0%	 loss: 1.895 acc@1: 44.26 mrr: 62.55, ndcg: 69.04, took: 3.25s
Epoch 22, 85.1%	 loss: 1.903 acc@1: 45.51 mrr: 62.84, ndcg: 69.39, took: 3.30s
Epoch 22, 87.2%	 loss: 1.926 acc@1: 43.71 mrr: 61.86, ndcg: 68.28, took: 3.37s
Epoch 22, 89.4%	 loss: 1.964 acc@1: 44.06 mrr: 61.81, ndcg: 68.33, took: 3.40s
Epoch 22, 91.5%	 loss: 1.864 acc@1: 44.88 mrr: 62.93, ndcg: 69.57, took: 3.26s
Epoch 22, 93.6%	 loss: 1.875 acc@1: 46.05 mrr: 63.50, ndcg: 69.86, took: 3.58s
Epoch 22, 95.7%	 loss: 1.921 acc@1: 42.58 mrr: 61.27, ndcg: 68.13, took: 3.60s
Epoch 22, 97.9%	 loss: 1.868 acc@1: 45.47 mrr: 63.31, ndcg: 69.72, took: 3.53s
Epoch 22, 100.0%	 loss: 1.876 acc@1: 45.04 mrr: 63.25, ndcg: 69.68, took: 3.57s
Validation - loss: 2.9674, acc@1: 42.12%, f1: 33.69%, mrr: 58.21%, ndcg: 63.97%
Training finished.	 Time: 3456.26s.	 acc@1: 42.20%

=== Test Results ===
Test Results:
  acc@1: 41.16%
  acc@5: 76.29%
  acc@10: 80.58%
  mrr: 56.97%
  ndcg: 62.58%
  f1: 33.75%

=== Training Complete ===
