2025-12-30 16:51:14,126 - INFO - ============================================================
2025-12-30 16:51:14,127 - INFO - POINTER V45 - Training Started
2025-12-30 16:51:14,127 - INFO - ============================================================
2025-12-30 16:51:14,127 - INFO - Model config: {'d_model': 128, 'dim_feedforward': 128, 'dropout': 0.15, 'nhead': 2, 'num_layers': 2}
2025-12-30 16:51:14,127 - INFO - Training config: {'batch_size': 128, 'grad_clip': 0.8, 'label_smoothing': 0.03, 'learning_rate': 0.00065, 'min_epochs': 3, 'min_lr': 1e-06, 'num_epochs': 50, 'patience': 5, 'use_amp': True, 'warmup_epochs': 5, 'weight_decay': 0.015}
2025-12-30 16:51:14,127 - INFO - ============================================================
2025-12-30 16:51:14,127 - INFO - Training for 50 epochs
2025-12-30 16:51:14,127 - INFO - Model parameters: 2,282,848
2025-12-30 16:53:20,329 - INFO - Epoch 1/50 | LR: 1.30e-04 | Train: 3.2670 | Val: 3.1677 | Acc@1: 51.22%
2025-12-30 16:53:20,392 - INFO -   ✓ New best (Acc@1: 51.22%)
2025-12-30 16:55:21,928 - INFO - Epoch 2/50 | LR: 2.60e-04 | Train: 3.0335 | Val: 3.0965 | Acc@1: 52.92%
2025-12-30 16:55:21,999 - INFO -   ✓ New best (Acc@1: 52.92%)
2025-12-30 16:57:22,586 - INFO - Epoch 3/50 | LR: 3.90e-04 | Train: 2.9021 | Val: 3.0008 | Acc@1: 54.40%
2025-12-30 16:57:22,654 - INFO -   ✓ New best (Acc@1: 54.40%)
2025-12-30 16:59:24,396 - INFO - Epoch 4/50 | LR: 5.20e-04 | Train: 2.7555 | Val: 2.9241 | Acc@1: 54.29%
2025-12-30 16:59:24,469 - INFO -   ✓ New best (Acc@1: 54.29%)
2025-12-30 17:01:26,782 - INFO - Epoch 5/50 | LR: 6.50e-04 | Train: 2.6490 | Val: 2.8924 | Acc@1: 54.38%
2025-12-30 17:01:26,854 - INFO -   ✓ New best (Acc@1: 54.38%)
2025-12-30 17:03:27,444 - INFO - Epoch 6/50 | LR: 6.50e-04 | Train: 2.5534 | Val: 2.8711 | Acc@1: 54.40%
2025-12-30 17:03:27,516 - INFO -   ✓ New best (Acc@1: 54.40%)
2025-12-30 17:05:28,727 - INFO - Epoch 7/50 | LR: 6.49e-04 | Train: 2.4796 | Val: 2.8678 | Acc@1: 54.51%
2025-12-30 17:05:28,797 - INFO -   ✓ New best (Acc@1: 54.51%)
2025-12-30 17:07:30,889 - INFO - Epoch 8/50 | LR: 6.47e-04 | Train: 2.4227 | Val: 2.8884 | Acc@1: 53.96%
2025-12-30 17:09:31,976 - INFO - Epoch 9/50 | LR: 6.43e-04 | Train: 2.3717 | Val: 2.9054 | Acc@1: 53.84%
2025-12-30 17:11:34,829 - INFO - Epoch 10/50 | LR: 6.37e-04 | Train: 2.3327 | Val: 2.9495 | Acc@1: 52.92%
2025-12-30 17:13:31,367 - INFO - Epoch 11/50 | LR: 6.30e-04 | Train: 2.3022 | Val: 2.9679 | Acc@1: 53.15%
2025-12-30 17:15:32,039 - INFO - Epoch 12/50 | LR: 6.22e-04 | Train: 2.2760 | Val: 3.0029 | Acc@1: 52.76%
2025-12-30 17:15:32,039 - INFO - Early stopping at epoch 12
2025-12-30 17:15:32,703 - INFO - Loaded checkpoint from epoch 7
2025-12-30 17:15:53,664 - INFO - ============================================================
2025-12-30 17:15:53,665 - INFO - FINAL VALIDATION RESULTS
2025-12-30 17:15:53,665 - INFO -   Acc@1:  54.51%
2025-12-30 17:15:53,665 - INFO -   Acc@5:  80.05%
2025-12-30 17:15:53,665 - INFO -   Acc@10: 84.31%
2025-12-30 17:15:53,665 - INFO -   MRR:    65.69%
2025-12-30 17:15:53,665 - INFO -   NDCG:   70.11%
2025-12-30 17:15:53,665 - INFO - ============================================================
2025-12-30 17:15:53,665 - INFO - FINAL TEST RESULTS
2025-12-30 17:15:53,665 - INFO -   Acc@1:  54.59%
2025-12-30 17:15:53,665 - INFO -   Acc@5:  81.42%
2025-12-30 17:15:53,665 - INFO -   Acc@10: 85.45%
2025-12-30 17:15:53,665 - INFO -   MRR:    66.30%
2025-12-30 17:15:53,665 - INFO -   NDCG:   70.86%
2025-12-30 17:15:53,666 - INFO - ============================================================
