2025-12-28 18:24:13,487 - INFO - ============================================================
2025-12-28 18:24:13,487 - INFO - POINTER V45 - Training Started
2025-12-28 18:24:13,487 - INFO - ============================================================
2025-12-28 18:24:13,487 - INFO - Model config: {'d_model': 72, 'nhead': 4, 'num_layers': 2, 'dim_feedforward': 144, 'dropout': 0.15}
2025-12-28 18:24:13,488 - INFO - Training config: {'batch_size': 128, 'num_epochs': 2, 'learning_rate': 0.00065, 'weight_decay': 0.015, 'label_smoothing': 0.03, 'grad_clip': 0.8, 'patience': 5, 'min_epochs': 8, 'warmup_epochs': 5, 'use_amp': True, 'min_lr': 1e-06}
2025-12-28 18:24:13,488 - INFO - ============================================================
2025-12-28 18:24:13,488 - INFO - Training for 2 epochs
2025-12-28 18:24:13,488 - INFO - Model parameters: 283,654
2025-12-28 18:24:16,951 - INFO - Epoch 1/2 | LR: 1.30e-04 | Train: 4.0422 | Val: 2.8066 | Acc@1: 41.94%
2025-12-28 18:24:16,972 - INFO -   ✓ New best (Acc@1: 41.94%)
2025-12-28 18:24:19,610 - INFO - Epoch 2/2 | LR: 2.60e-04 | Train: 3.7167 | Val: 2.7085 | Acc@1: 45.68%
2025-12-28 18:24:19,630 - INFO -   ✓ New best (Acc@1: 45.68%)
2025-12-28 18:24:19,697 - INFO - Loaded checkpoint from epoch 2
2025-12-28 18:24:20,467 - INFO - ============================================================
2025-12-28 18:24:20,467 - INFO - FINAL VALIDATION RESULTS
2025-12-28 18:24:20,467 - INFO -   Acc@1:  45.68%
2025-12-28 18:24:20,467 - INFO -   Acc@5:  82.13%
2025-12-28 18:24:20,468 - INFO -   Acc@10: 85.75%
2025-12-28 18:24:20,468 - INFO -   MRR:    61.56%
2025-12-28 18:24:20,468 - INFO -   NDCG:   67.41%
2025-12-28 18:24:20,468 - INFO - ============================================================
2025-12-28 18:24:20,468 - INFO - FINAL TEST RESULTS
2025-12-28 18:24:20,468 - INFO -   Acc@1:  49.22%
2025-12-28 18:24:20,468 - INFO -   Acc@5:  85.38%
2025-12-28 18:24:20,468 - INFO -   Acc@10: 88.31%
2025-12-28 18:24:20,468 - INFO -   MRR:    65.20%
2025-12-28 18:24:20,468 - INFO -   NDCG:   70.90%
2025-12-28 18:24:20,468 - INFO - ============================================================
