2025-12-30 05:40:18,730 - INFO - ============================================================
2025-12-30 05:40:18,730 - INFO - POINTER V45 - Training Started
2025-12-30 05:40:18,730 - INFO - ============================================================
2025-12-30 05:40:18,730 - INFO - Model config: {'d_model': 64, 'dim_feedforward': 512, 'dropout': 0.15, 'nhead': 4, 'num_layers': 8}
2025-12-30 05:40:18,730 - INFO - Training config: {'batch_size': 128, 'grad_clip': 0.8, 'label_smoothing': 0.03, 'learning_rate': 0.00065, 'min_epochs': 8, 'min_lr': 1e-06, 'num_epochs': 50, 'patience': 5, 'use_amp': True, 'warmup_epochs': 5, 'weight_decay': 0.015}
2025-12-30 05:40:18,730 - INFO - ============================================================
2025-12-30 05:40:18,730 - INFO - Training for 50 epochs
2025-12-30 05:40:18,731 - INFO - Model parameters: 1,523,183
2025-12-30 05:43:02,869 - INFO - Epoch 1/50 | LR: 1.30e-04 | Train: 3.0570 | Val: 2.9324 | Acc@1: 50.56%
2025-12-30 05:43:02,937 - INFO -   ✓ New best (Acc@1: 50.56%)
2025-12-30 05:45:48,572 - INFO - Epoch 2/50 | LR: 2.60e-04 | Train: 2.8361 | Val: 2.8968 | Acc@1: 51.78%
2025-12-30 05:45:48,642 - INFO -   ✓ New best (Acc@1: 51.78%)
2025-12-30 05:48:33,639 - INFO - Epoch 3/50 | LR: 3.90e-04 | Train: 2.7654 | Val: 2.8698 | Acc@1: 52.58%
2025-12-30 05:48:33,711 - INFO -   ✓ New best (Acc@1: 52.58%)
2025-12-30 05:51:18,855 - INFO - Epoch 4/50 | LR: 5.20e-04 | Train: 2.7188 | Val: 2.8303 | Acc@1: 53.39%
2025-12-30 05:51:18,927 - INFO -   ✓ New best (Acc@1: 53.39%)
2025-12-30 05:54:03,936 - INFO - Epoch 5/50 | LR: 6.50e-04 | Train: 2.6789 | Val: 2.8191 | Acc@1: 53.74%
2025-12-30 05:54:04,014 - INFO -   ✓ New best (Acc@1: 53.74%)
2025-12-30 05:56:47,987 - INFO - Epoch 6/50 | LR: 6.50e-04 | Train: 2.6184 | Val: 2.7932 | Acc@1: 53.79%
2025-12-30 05:56:48,057 - INFO -   ✓ New best (Acc@1: 53.79%)
2025-12-30 05:59:33,700 - INFO - Epoch 7/50 | LR: 6.49e-04 | Train: 2.5612 | Val: 2.7910 | Acc@1: 54.55%
2025-12-30 05:59:33,773 - INFO -   ✓ New best (Acc@1: 54.55%)
2025-12-30 06:02:18,973 - INFO - Epoch 8/50 | LR: 6.47e-04 | Train: 2.5138 | Val: 2.7759 | Acc@1: 54.00%
2025-12-30 06:02:19,044 - INFO -   ✓ New best (Acc@1: 54.00%)
2025-12-30 06:05:02,448 - INFO - Epoch 9/50 | LR: 6.43e-04 | Train: 2.4683 | Val: 2.7713 | Acc@1: 54.00%
2025-12-30 06:05:02,520 - INFO -   ✓ New best (Acc@1: 54.00%)
2025-12-30 06:07:46,254 - INFO - Epoch 10/50 | LR: 6.37e-04 | Train: 2.4336 | Val: 2.7791 | Acc@1: 54.33%
2025-12-30 06:10:31,185 - INFO - Epoch 11/50 | LR: 6.30e-04 | Train: 2.3964 | Val: 2.8169 | Acc@1: 53.65%
2025-12-30 06:13:18,553 - INFO - Epoch 12/50 | LR: 6.22e-04 | Train: 2.3640 | Val: 2.8189 | Acc@1: 54.01%
2025-12-30 06:16:05,070 - INFO - Epoch 13/50 | LR: 6.12e-04 | Train: 2.3329 | Val: 2.8268 | Acc@1: 54.09%
2025-12-30 06:18:25,391 - INFO - Epoch 14/50 | LR: 6.01e-04 | Train: 2.3008 | Val: 2.8332 | Acc@1: 53.89%
2025-12-30 06:18:25,391 - INFO - Early stopping at epoch 14
2025-12-30 06:18:26,350 - INFO - Loaded checkpoint from epoch 9
2025-12-30 06:18:33,904 - INFO - ============================================================
2025-12-30 06:18:33,905 - INFO - FINAL VALIDATION RESULTS
2025-12-30 06:18:33,905 - INFO -   Acc@1:  54.00%
2025-12-30 06:18:33,905 - INFO -   Acc@5:  80.84%
2025-12-30 06:18:33,905 - INFO -   Acc@10: 85.08%
2025-12-30 06:18:33,905 - INFO -   MRR:    65.56%
2025-12-30 06:18:33,905 - INFO -   NDCG:   70.19%
2025-12-30 06:18:33,905 - INFO - ============================================================
2025-12-30 06:18:33,905 - INFO - FINAL TEST RESULTS
2025-12-30 06:18:33,905 - INFO -   Acc@1:  55.85%
2025-12-30 06:18:33,905 - INFO -   Acc@5:  81.93%
2025-12-30 06:18:33,905 - INFO -   Acc@10: 85.91%
2025-12-30 06:18:33,905 - INFO -   MRR:    67.20%
2025-12-30 06:18:33,905 - INFO -   NDCG:   71.66%
2025-12-30 06:18:33,905 - INFO - ============================================================
