2025-12-29 23:44:24,938 - INFO - ============================================================
2025-12-29 23:44:24,939 - INFO - POINTER V45 - Training Started
2025-12-29 23:44:24,939 - INFO - ============================================================
2025-12-29 23:44:24,939 - INFO - Model config: {'d_model': 128, 'dim_feedforward': 512, 'dropout': 0.15, 'nhead': 4, 'num_layers': 8}
2025-12-29 23:44:24,939 - INFO - Training config: {'batch_size': 128, 'grad_clip': 0.8, 'label_smoothing': 0.03, 'learning_rate': 0.0007, 'min_epochs': 8, 'min_lr': 1e-06, 'num_epochs': 50, 'patience': 5, 'use_amp': True, 'warmup_epochs': 5, 'weight_decay': 0.015}
2025-12-29 23:44:24,939 - INFO - ============================================================
2025-12-29 23:44:24,939 - INFO - Training for 50 epochs
2025-12-29 23:44:24,940 - INFO - Model parameters: 2,001,092
2025-12-29 23:44:29,519 - INFO - Epoch 1/50 | LR: 1.40e-04 | Train: 5.0082 | Val: 3.3329 | Acc@1: 40.94%
2025-12-29 23:44:29,592 - INFO -   ✓ New best (Acc@1: 40.94%)
2025-12-29 23:44:34,260 - INFO - Epoch 2/50 | LR: 2.80e-04 | Train: 4.1221 | Val: 3.3218 | Acc@1: 42.41%
2025-12-29 23:44:34,337 - INFO -   ✓ New best (Acc@1: 42.41%)
2025-12-29 23:44:39,595 - INFO - Epoch 3/50 | LR: 4.20e-04 | Train: 3.7045 | Val: 3.2487 | Acc@1: 44.42%
2025-12-29 23:44:39,669 - INFO -   ✓ New best (Acc@1: 44.42%)
2025-12-29 23:44:46,041 - INFO - Epoch 4/50 | LR: 5.60e-04 | Train: 3.4027 | Val: 3.2727 | Acc@1: 41.93%
2025-12-29 23:44:53,607 - INFO - Epoch 5/50 | LR: 7.00e-04 | Train: 3.1465 | Val: 3.5647 | Acc@1: 42.17%
2025-12-29 23:45:01,158 - INFO - Epoch 6/50 | LR: 7.00e-04 | Train: 2.8409 | Val: 3.7916 | Acc@1: 42.71%
2025-12-29 23:45:08,937 - INFO - Epoch 7/50 | LR: 6.99e-04 | Train: 2.5654 | Val: 3.7197 | Acc@1: 46.25%
2025-12-29 23:45:16,748 - INFO - Epoch 8/50 | LR: 6.97e-04 | Train: 2.2886 | Val: 3.9235 | Acc@1: 44.42%
2025-12-29 23:45:16,748 - INFO - Early stopping at epoch 8
2025-12-29 23:45:17,182 - INFO - Loaded checkpoint from epoch 3
2025-12-29 23:45:19,788 - INFO - ============================================================
2025-12-29 23:45:19,788 - INFO - FINAL VALIDATION RESULTS
2025-12-29 23:45:19,788 - INFO -   Acc@1:  44.42%
2025-12-29 23:45:19,788 - INFO -   Acc@5:  73.52%
2025-12-29 23:45:19,788 - INFO -   Acc@10: 79.93%
2025-12-29 23:45:19,788 - INFO -   MRR:    57.47%
2025-12-29 23:45:19,788 - INFO -   NDCG:   62.71%
2025-12-29 23:45:19,788 - INFO - ============================================================
2025-12-29 23:45:19,788 - INFO - FINAL TEST RESULTS
2025-12-29 23:45:19,788 - INFO -   Acc@1:  47.49%
2025-12-29 23:45:19,788 - INFO -   Acc@5:  79.24%
2025-12-29 23:45:19,788 - INFO -   Acc@10: 83.18%
2025-12-29 23:45:19,789 - INFO -   MRR:    61.56%
2025-12-29 23:45:19,789 - INFO -   NDCG:   66.75%
2025-12-29 23:45:19,789 - INFO - ============================================================
