2025-12-30 06:19:36,301 - INFO - ============================================================
2025-12-30 06:19:36,301 - INFO - POINTER V45 - Training Started
2025-12-30 06:19:36,301 - INFO - ============================================================
2025-12-30 06:19:36,301 - INFO - Model config: {'d_model': 128, 'dim_feedforward': 512, 'dropout': 0.15, 'nhead': 2, 'num_layers': 4}
2025-12-30 06:19:36,301 - INFO - Training config: {'batch_size': 128, 'grad_clip': 0.8, 'label_smoothing': 0.03, 'learning_rate': 0.00065, 'min_epochs': 8, 'min_lr': 1e-06, 'num_epochs': 50, 'patience': 5, 'use_amp': True, 'warmup_epochs': 5, 'weight_decay': 0.015}
2025-12-30 06:19:36,302 - INFO - ============================================================
2025-12-30 06:19:36,302 - INFO - Training for 50 epochs
2025-12-30 06:19:36,302 - INFO - Model parameters: 2,552,095
2025-12-30 06:21:28,271 - INFO - Epoch 1/50 | LR: 1.30e-04 | Train: 3.0359 | Val: 2.9282 | Acc@1: 50.86%
2025-12-30 06:21:28,342 - INFO -   ✓ New best (Acc@1: 50.86%)
2025-12-30 06:23:18,862 - INFO - Epoch 2/50 | LR: 2.60e-04 | Train: 2.8090 | Val: 2.8737 | Acc@1: 52.63%
2025-12-30 06:23:18,941 - INFO -   ✓ New best (Acc@1: 52.63%)
2025-12-30 06:25:11,346 - INFO - Epoch 3/50 | LR: 3.90e-04 | Train: 2.7167 | Val: 2.8307 | Acc@1: 53.38%
2025-12-30 06:25:11,427 - INFO -   ✓ New best (Acc@1: 53.38%)
2025-12-30 06:27:03,065 - INFO - Epoch 4/50 | LR: 5.20e-04 | Train: 2.6328 | Val: 2.8115 | Acc@1: 53.22%
2025-12-30 06:27:03,141 - INFO -   ✓ New best (Acc@1: 53.22%)
2025-12-30 06:28:53,104 - INFO - Epoch 5/50 | LR: 6.50e-04 | Train: 2.5544 | Val: 2.7924 | Acc@1: 54.03%
2025-12-30 06:28:53,186 - INFO -   ✓ New best (Acc@1: 54.03%)
2025-12-30 06:30:46,790 - INFO - Epoch 6/50 | LR: 6.50e-04 | Train: 2.4598 | Val: 2.7676 | Acc@1: 53.65%
2025-12-30 06:30:46,870 - INFO -   ✓ New best (Acc@1: 53.65%)
2025-12-30 06:32:38,456 - INFO - Epoch 7/50 | LR: 6.49e-04 | Train: 2.3817 | Val: 2.7707 | Acc@1: 53.79%
2025-12-30 06:34:30,507 - INFO - Epoch 8/50 | LR: 6.47e-04 | Train: 2.3103 | Val: 2.7976 | Acc@1: 53.41%
2025-12-30 06:36:19,978 - INFO - Epoch 9/50 | LR: 6.43e-04 | Train: 2.2409 | Val: 2.8489 | Acc@1: 52.70%
2025-12-30 06:38:11,299 - INFO - Epoch 10/50 | LR: 6.37e-04 | Train: 2.1770 | Val: 2.8837 | Acc@1: 52.82%
2025-12-30 06:39:59,039 - INFO - Epoch 11/50 | LR: 6.30e-04 | Train: 2.1167 | Val: 2.9227 | Acc@1: 51.55%
2025-12-30 06:39:59,039 - INFO - Early stopping at epoch 11
2025-12-30 06:39:59,319 - INFO - Loaded checkpoint from epoch 6
2025-12-30 06:40:03,506 - INFO - ============================================================
2025-12-30 06:40:03,506 - INFO - FINAL VALIDATION RESULTS
2025-12-30 06:40:03,506 - INFO -   Acc@1:  53.65%
2025-12-30 06:40:03,506 - INFO -   Acc@5:  80.67%
2025-12-30 06:40:03,506 - INFO -   Acc@10: 84.98%
2025-12-30 06:40:03,506 - INFO -   MRR:    65.39%
2025-12-30 06:40:03,506 - INFO -   NDCG:   70.01%
2025-12-30 06:40:03,506 - INFO - ============================================================
2025-12-30 06:40:03,506 - INFO - FINAL TEST RESULTS
2025-12-30 06:40:03,506 - INFO -   Acc@1:  55.58%
2025-12-30 06:40:03,506 - INFO -   Acc@5:  81.90%
2025-12-30 06:40:03,506 - INFO -   Acc@10: 86.41%
2025-12-30 06:40:03,506 - INFO -   MRR:    67.06%
2025-12-30 06:40:03,507 - INFO -   NDCG:   71.65%
2025-12-30 06:40:03,507 - INFO - ============================================================
