2025-12-29 22:17:47,058 - INFO - ============================================================
2025-12-29 22:17:47,058 - INFO - POINTER V45 - Training Started
2025-12-29 22:17:47,058 - INFO - ============================================================
2025-12-29 22:17:47,058 - INFO - Model config: {'d_model': 128, 'dim_feedforward': 512, 'dropout': 0.15, 'nhead': 2, 'num_layers': 8}
2025-12-29 22:17:47,058 - INFO - Training config: {'batch_size': 128, 'grad_clip': 0.8, 'label_smoothing': 0.03, 'learning_rate': 0.0006, 'min_epochs': 8, 'min_lr': 1e-06, 'num_epochs': 50, 'patience': 5, 'use_amp': True, 'warmup_epochs': 5, 'weight_decay': 0.015}
2025-12-29 22:17:47,058 - INFO - ============================================================
2025-12-29 22:17:47,058 - INFO - Training for 50 epochs
2025-12-29 22:17:47,059 - INFO - Model parameters: 2,981,246
2025-12-29 22:20:08,042 - INFO - Epoch 1/50 | LR: 1.20e-04 | Train: 3.1325 | Val: 2.7862 | Acc@1: 51.42%
2025-12-29 22:20:08,133 - INFO -   ✓ New best (Acc@1: 51.42%)
2025-12-29 22:22:29,925 - INFO - Epoch 2/50 | LR: 2.40e-04 | Train: 2.8064 | Val: 2.7397 | Acc@1: 52.95%
2025-12-29 22:22:30,025 - INFO -   ✓ New best (Acc@1: 52.95%)
2025-12-29 22:24:52,696 - INFO - Epoch 3/50 | LR: 3.60e-04 | Train: 2.7028 | Val: 2.7469 | Acc@1: 52.98%
2025-12-29 22:27:16,933 - INFO - Epoch 4/50 | LR: 4.80e-04 | Train: 2.6301 | Val: 2.7201 | Acc@1: 53.11%
2025-12-29 22:27:17,033 - INFO -   ✓ New best (Acc@1: 53.11%)
2025-12-29 22:29:39,100 - INFO - Epoch 5/50 | LR: 6.00e-04 | Train: 2.5716 | Val: 2.6877 | Acc@1: 53.14%
2025-12-29 22:29:39,199 - INFO -   ✓ New best (Acc@1: 53.14%)
2025-12-29 22:32:01,361 - INFO - Epoch 6/50 | LR: 6.00e-04 | Train: 2.4836 | Val: 2.6645 | Acc@1: 53.84%
2025-12-29 22:32:01,461 - INFO -   ✓ New best (Acc@1: 53.84%)
2025-12-29 22:34:24,486 - INFO - Epoch 7/50 | LR: 5.99e-04 | Train: 2.4011 | Val: 2.6471 | Acc@1: 54.76%
2025-12-29 22:34:24,582 - INFO -   ✓ New best (Acc@1: 54.76%)
2025-12-29 22:36:46,116 - INFO - Epoch 8/50 | LR: 5.97e-04 | Train: 2.3249 | Val: 2.6340 | Acc@1: 54.03%
2025-12-29 22:36:46,213 - INFO -   ✓ New best (Acc@1: 54.03%)
2025-12-29 22:39:09,560 - INFO - Epoch 9/50 | LR: 5.93e-04 | Train: 2.2499 | Val: 2.6631 | Acc@1: 54.35%
2025-12-29 22:41:33,366 - INFO - Epoch 10/50 | LR: 5.88e-04 | Train: 2.1774 | Val: 2.7132 | Acc@1: 53.36%
2025-12-29 22:43:55,530 - INFO - Epoch 11/50 | LR: 5.82e-04 | Train: 2.1075 | Val: 2.7442 | Acc@1: 53.11%
2025-12-29 22:46:15,319 - INFO - Epoch 12/50 | LR: 5.74e-04 | Train: 2.0348 | Val: 2.8153 | Acc@1: 54.48%
2025-12-29 22:48:13,240 - INFO - Epoch 13/50 | LR: 5.65e-04 | Train: 1.9623 | Val: 2.8742 | Acc@1: 53.17%
2025-12-29 22:48:13,240 - INFO - Early stopping at epoch 13
2025-12-29 22:48:14,410 - INFO - Loaded checkpoint from epoch 8
2025-12-29 22:48:18,788 - INFO - ============================================================
2025-12-29 22:48:18,788 - INFO - FINAL VALIDATION RESULTS
2025-12-29 22:48:18,788 - INFO -   Acc@1:  54.03%
2025-12-29 22:48:18,788 - INFO -   Acc@5:  81.97%
2025-12-29 22:48:18,788 - INFO -   Acc@10: 86.40%
2025-12-29 22:48:18,788 - INFO -   MRR:    66.12%
2025-12-29 22:48:18,788 - INFO -   NDCG:   70.93%
2025-12-29 22:48:18,788 - INFO - ============================================================
2025-12-29 22:48:18,788 - INFO - FINAL TEST RESULTS
2025-12-29 22:48:18,788 - INFO -   Acc@1:  54.97%
2025-12-29 22:48:18,788 - INFO -   Acc@5:  82.98%
2025-12-29 22:48:18,788 - INFO -   Acc@10: 87.44%
2025-12-29 22:48:18,789 - INFO -   MRR:    67.26%
2025-12-29 22:48:18,789 - INFO -   NDCG:   72.07%
2025-12-29 22:48:18,789 - INFO - ============================================================
