2025-12-30 03:31:48,927 - INFO - ============================================================
2025-12-30 03:31:48,927 - INFO - POINTER V45 - Training Started
2025-12-30 03:31:48,927 - INFO - ============================================================
2025-12-30 03:31:48,928 - INFO - Model config: {'d_model': 128, 'dim_feedforward': 512, 'dropout': 0.15, 'nhead': 4, 'num_layers': 4}
2025-12-30 03:31:48,928 - INFO - Training config: {'batch_size': 128, 'grad_clip': 0.8, 'label_smoothing': 0.03, 'learning_rate': 0.0006, 'min_epochs': 8, 'min_lr': 1e-06, 'num_epochs': 50, 'patience': 5, 'use_amp': True, 'warmup_epochs': 5, 'weight_decay': 0.015}
2025-12-30 03:31:48,928 - INFO - ============================================================
2025-12-30 03:31:48,928 - INFO - Training for 50 epochs
2025-12-30 03:31:48,928 - INFO - Model parameters: 2,796,210
2025-12-30 03:33:42,868 - INFO - Epoch 1/50 | LR: 1.20e-04 | Train: 3.0780 | Val: 3.0447 | Acc@1: 51.38%
2025-12-30 03:33:42,944 - INFO -   ✓ New best (Acc@1: 51.38%)
2025-12-30 03:35:42,226 - INFO - Epoch 2/50 | LR: 2.40e-04 | Train: 2.8646 | Val: 2.9800 | Acc@1: 52.75%
2025-12-30 03:35:42,309 - INFO -   ✓ New best (Acc@1: 52.75%)
2025-12-30 03:37:42,094 - INFO - Epoch 3/50 | LR: 3.60e-04 | Train: 2.7734 | Val: 2.9505 | Acc@1: 53.64%
2025-12-30 03:37:42,175 - INFO -   ✓ New best (Acc@1: 53.64%)
2025-12-30 03:39:40,876 - INFO - Epoch 4/50 | LR: 4.80e-04 | Train: 2.6885 | Val: 2.8942 | Acc@1: 53.44%
2025-12-30 03:39:40,960 - INFO -   ✓ New best (Acc@1: 53.44%)
2025-12-30 03:41:43,831 - INFO - Epoch 5/50 | LR: 6.00e-04 | Train: 2.6076 | Val: 2.8646 | Acc@1: 54.52%
2025-12-30 03:41:43,916 - INFO -   ✓ New best (Acc@1: 54.52%)
2025-12-30 03:43:44,409 - INFO - Epoch 6/50 | LR: 6.00e-04 | Train: 2.5195 | Val: 2.8499 | Acc@1: 54.30%
2025-12-30 03:43:44,493 - INFO -   ✓ New best (Acc@1: 54.30%)
2025-12-30 03:45:49,582 - INFO - Epoch 7/50 | LR: 5.99e-04 | Train: 2.4490 | Val: 2.8522 | Acc@1: 54.33%
2025-12-30 03:47:47,625 - INFO - Epoch 8/50 | LR: 5.97e-04 | Train: 2.3860 | Val: 2.8776 | Acc@1: 53.82%
2025-12-30 03:49:47,996 - INFO - Epoch 9/50 | LR: 5.93e-04 | Train: 2.3281 | Val: 2.9011 | Acc@1: 53.53%
2025-12-30 03:51:47,629 - INFO - Epoch 10/50 | LR: 5.88e-04 | Train: 2.2738 | Val: 2.9389 | Acc@1: 53.17%
2025-12-30 03:53:39,722 - INFO - Epoch 11/50 | LR: 5.82e-04 | Train: 2.2234 | Val: 2.9734 | Acc@1: 52.92%
2025-12-30 03:53:39,722 - INFO - Early stopping at epoch 11
2025-12-30 03:53:39,977 - INFO - Loaded checkpoint from epoch 6
2025-12-30 03:53:48,800 - INFO - ============================================================
2025-12-30 03:53:48,800 - INFO - FINAL VALIDATION RESULTS
2025-12-30 03:53:48,801 - INFO -   Acc@1:  54.30%
2025-12-30 03:53:48,801 - INFO -   Acc@5:  79.88%
2025-12-30 03:53:48,801 - INFO -   Acc@10: 84.12%
2025-12-30 03:53:48,801 - INFO -   MRR:    65.52%
2025-12-30 03:53:48,801 - INFO -   NDCG:   69.93%
2025-12-30 03:53:48,801 - INFO - ============================================================
2025-12-30 03:53:48,801 - INFO - FINAL TEST RESULTS
2025-12-30 03:53:48,801 - INFO -   Acc@1:  56.06%
2025-12-30 03:53:48,801 - INFO -   Acc@5:  82.33%
2025-12-30 03:53:48,801 - INFO -   Acc@10: 86.00%
2025-12-30 03:53:48,801 - INFO -   MRR:    67.53%
2025-12-30 03:53:48,801 - INFO -   NDCG:   71.93%
2025-12-30 03:53:48,801 - INFO - ============================================================
