2025-12-28 19:01:04,768 - INFO - ============================================================
2025-12-28 19:01:04,768 - INFO - POINTER V45 - Training Started
2025-12-28 19:01:04,768 - INFO - ============================================================
2025-12-28 19:01:04,768 - INFO - Model config: {'d_model': 64, 'dim_feedforward': 192, 'dropout': 0.15, 'nhead': 4, 'num_layers': 2}
2025-12-28 19:01:04,769 - INFO - Training config: {'batch_size': 128, 'grad_clip': 0.8, 'label_smoothing': 0.03, 'learning_rate': 0.0008, 'min_epochs': 8, 'min_lr': 1e-06, 'num_epochs': 50, 'patience': 5, 'use_amp': True, 'warmup_epochs': 5, 'weight_decay': 0.015}
2025-12-28 19:01:04,769 - INFO - ============================================================
2025-12-28 19:01:04,769 - INFO - Training for 50 epochs
2025-12-28 19:01:04,769 - INFO - Model parameters: 267,580
2025-12-28 19:01:10,261 - INFO - Epoch 1/50 | LR: 1.60e-04 | Train: 4.3539 | Val: 3.4139 | Acc@1: 39.10%
2025-12-28 19:01:10,283 - INFO -   ✓ New best (Acc@1: 39.10%)
2025-12-28 19:01:14,419 - INFO - Epoch 2/50 | LR: 3.20e-04 | Train: 3.9603 | Val: 3.2766 | Acc@1: 43.01%
2025-12-28 19:01:14,442 - INFO -   ✓ New best (Acc@1: 43.01%)
2025-12-28 19:01:18,479 - INFO - Epoch 3/50 | LR: 4.80e-04 | Train: 3.7275 | Val: 3.2344 | Acc@1: 44.61%
2025-12-28 19:01:18,501 - INFO -   ✓ New best (Acc@1: 44.61%)
2025-12-28 19:01:22,659 - INFO - Epoch 4/50 | LR: 6.40e-04 | Train: 3.4654 | Val: 3.2338 | Acc@1: 46.75%
2025-12-28 19:01:22,681 - INFO -   ✓ New best (Acc@1: 46.75%)
2025-12-28 19:01:26,810 - INFO - Epoch 5/50 | LR: 8.00e-04 | Train: 3.2726 | Val: 3.2095 | Acc@1: 46.87%
2025-12-28 19:01:26,832 - INFO -   ✓ New best (Acc@1: 46.87%)
2025-12-28 19:01:30,930 - INFO - Epoch 6/50 | LR: 8.00e-04 | Train: 2.9963 | Val: 3.2195 | Acc@1: 47.17%
2025-12-28 19:01:34,999 - INFO - Epoch 7/50 | LR: 7.99e-04 | Train: 2.7586 | Val: 3.2676 | Acc@1: 44.82%
2025-12-28 19:01:38,988 - INFO - Epoch 8/50 | LR: 7.96e-04 | Train: 2.5904 | Val: 3.3105 | Acc@1: 45.66%
2025-12-28 19:01:43,093 - INFO - Epoch 9/50 | LR: 7.91e-04 | Train: 2.3883 | Val: 3.3565 | Acc@1: 45.78%
2025-12-28 19:01:46,526 - INFO - Epoch 10/50 | LR: 7.85e-04 | Train: 2.2339 | Val: 3.4017 | Acc@1: 46.99%
2025-12-28 19:01:46,526 - INFO - Early stopping at epoch 10
2025-12-28 19:01:46,627 - INFO - Loaded checkpoint from epoch 5
2025-12-28 19:01:48,517 - INFO - ============================================================
2025-12-28 19:01:48,517 - INFO - FINAL VALIDATION RESULTS
2025-12-28 19:01:48,517 - INFO -   Acc@1:  46.87%
2025-12-28 19:01:48,517 - INFO -   Acc@5:  73.52%
2025-12-28 19:01:48,517 - INFO -   Acc@10: 78.52%
2025-12-28 19:01:48,517 - INFO -   MRR:    58.76%
2025-12-28 19:01:48,517 - INFO -   NDCG:   63.33%
2025-12-28 19:01:48,517 - INFO - ============================================================
2025-12-28 19:01:48,518 - INFO - FINAL TEST RESULTS
2025-12-28 19:01:48,518 - INFO -   Acc@1:  50.29%
2025-12-28 19:01:48,518 - INFO -   Acc@5:  77.01%
2025-12-28 19:01:48,518 - INFO -   Acc@10: 81.23%
2025-12-28 19:01:48,518 - INFO -   MRR:    62.33%
2025-12-28 19:01:48,518 - INFO -   NDCG:   66.76%
2025-12-28 19:01:48,518 - INFO - ============================================================
