2025-12-30 21:21:41,883 - INFO - ============================================================
2025-12-30 21:21:41,883 - INFO - POINTER V45 - Training Started
2025-12-30 21:21:41,884 - INFO - ============================================================
2025-12-30 21:21:41,884 - INFO - Model config: {'d_model': 64, 'dim_feedforward': 256, 'dropout': 0.15, 'nhead': 2, 'num_layers': 4}
2025-12-30 21:21:41,884 - INFO - Training config: {'batch_size': 128, 'grad_clip': 0.8, 'label_smoothing': 0.03, 'learning_rate': 0.0007, 'min_epochs': 3, 'min_lr': 1e-06, 'num_epochs': 50, 'patience': 5, 'use_amp': True, 'warmup_epochs': 5, 'weight_decay': 0.015}
2025-12-30 21:21:41,884 - INFO - ============================================================
2025-12-30 21:21:41,884 - INFO - Training for 50 epochs
2025-12-30 21:21:41,884 - INFO - Model parameters: 876,446
2025-12-30 21:24:10,243 - INFO - Epoch 1/50 | LR: 1.40e-04 | Train: 3.0224 | Val: 2.8204 | Acc@1: 49.79%
2025-12-30 21:24:10,289 - INFO -   ✓ New best (Acc@1: 49.79%)
2025-12-30 21:26:16,693 - INFO - Epoch 2/50 | LR: 2.80e-04 | Train: 2.7722 | Val: 2.7445 | Acc@1: 52.63%
2025-12-30 21:26:16,739 - INFO -   ✓ New best (Acc@1: 52.63%)
2025-12-30 21:28:10,562 - INFO - Epoch 3/50 | LR: 4.20e-04 | Train: 2.6734 | Val: 2.7145 | Acc@1: 53.84%
2025-12-30 21:28:10,606 - INFO -   ✓ New best (Acc@1: 53.84%)
2025-12-30 21:30:04,742 - INFO - Epoch 4/50 | LR: 5.60e-04 | Train: 2.6036 | Val: 2.7019 | Acc@1: 53.27%
2025-12-30 21:30:04,787 - INFO -   ✓ New best (Acc@1: 53.27%)
2025-12-30 21:31:58,141 - INFO - Epoch 5/50 | LR: 7.00e-04 | Train: 2.5480 | Val: 2.6824 | Acc@1: 54.41%
2025-12-30 21:31:58,187 - INFO -   ✓ New best (Acc@1: 54.41%)
2025-12-30 21:33:53,034 - INFO - Epoch 6/50 | LR: 7.00e-04 | Train: 2.4786 | Val: 2.6603 | Acc@1: 53.81%
2025-12-30 21:33:53,079 - INFO -   ✓ New best (Acc@1: 53.81%)
2025-12-30 21:35:47,662 - INFO - Epoch 7/50 | LR: 6.99e-04 | Train: 2.4151 | Val: 2.6637 | Acc@1: 53.93%
2025-12-30 21:37:41,838 - INFO - Epoch 8/50 | LR: 6.97e-04 | Train: 2.3560 | Val: 2.6845 | Acc@1: 53.90%
2025-12-30 21:39:37,689 - INFO - Epoch 9/50 | LR: 6.92e-04 | Train: 2.3068 | Val: 2.6822 | Acc@1: 53.55%
2025-12-30 21:40:56,213 - INFO - Epoch 10/50 | LR: 6.86e-04 | Train: 2.2582 | Val: 2.6839 | Acc@1: 53.71%
2025-12-30 21:41:36,438 - INFO - Epoch 11/50 | LR: 6.79e-04 | Train: 2.2114 | Val: 2.7186 | Acc@1: 53.30%
2025-12-30 21:41:36,438 - INFO - Early stopping at epoch 11
2025-12-30 21:41:36,602 - INFO - Loaded checkpoint from epoch 6
2025-12-30 21:41:38,221 - INFO - ============================================================
2025-12-30 21:41:38,221 - INFO - FINAL VALIDATION RESULTS
2025-12-30 21:41:38,221 - INFO -   Acc@1:  53.81%
2025-12-30 21:41:38,221 - INFO -   Acc@5:  81.91%
2025-12-30 21:41:38,221 - INFO -   Acc@10: 85.95%
2025-12-30 21:41:38,221 - INFO -   MRR:    65.93%
2025-12-30 21:41:38,221 - INFO -   NDCG:   70.67%
2025-12-30 21:41:38,221 - INFO - ============================================================
2025-12-30 21:41:38,222 - INFO - FINAL TEST RESULTS
2025-12-30 21:41:38,222 - INFO -   Acc@1:  55.46%
2025-12-30 21:41:38,222 - INFO -   Acc@5:  83.22%
2025-12-30 21:41:38,222 - INFO -   Acc@10: 87.59%
2025-12-30 21:41:38,222 - INFO -   MRR:    67.45%
2025-12-30 21:41:38,222 - INFO -   NDCG:   72.26%
2025-12-30 21:41:38,222 - INFO - ============================================================
