2025-12-29 09:48:22,223 - INFO - ============================================================
2025-12-29 09:48:22,224 - INFO - POINTER V45 - Training Started
2025-12-29 09:48:22,224 - INFO - ============================================================
2025-12-29 09:48:22,224 - INFO - Model config: {'d_model': 144, 'dim_feedforward': 288, 'dropout': 0.15, 'nhead': 4, 'num_layers': 3}
2025-12-29 09:48:22,224 - INFO - Training config: {'batch_size': 128, 'grad_clip': 0.8, 'label_smoothing': 0.03, 'learning_rate': 0.0007, 'min_epochs': 8, 'min_lr': 1e-06, 'num_epochs': 50, 'patience': 5, 'use_amp': True, 'warmup_epochs': 5, 'weight_decay': 0.015}
2025-12-29 09:48:22,224 - INFO - ============================================================
2025-12-29 09:48:22,224 - INFO - Training for 50 epochs
2025-12-29 09:48:22,225 - INFO - Model parameters: 1,147,517
2025-12-29 09:48:45,049 - INFO - Epoch 1/50 | LR: 1.40e-04 | Train: 2.8586 | Val: 2.7877 | Acc@1: 43.44%
2025-12-29 09:48:45,092 - INFO -   ✓ New best (Acc@1: 43.44%)
2025-12-29 09:49:06,537 - INFO - Epoch 2/50 | LR: 2.80e-04 | Train: 2.5485 | Val: 2.6907 | Acc@1: 48.77%
2025-12-29 09:49:06,582 - INFO -   ✓ New best (Acc@1: 48.77%)
2025-12-29 09:49:28,135 - INFO - Epoch 3/50 | LR: 4.20e-04 | Train: 2.3853 | Val: 2.6397 | Acc@1: 48.36%
2025-12-29 09:49:28,180 - INFO -   ✓ New best (Acc@1: 48.36%)
2025-12-29 09:49:46,096 - INFO - Epoch 4/50 | LR: 5.60e-04 | Train: 2.2416 | Val: 2.5882 | Acc@1: 50.00%
2025-12-29 09:49:46,139 - INFO -   ✓ New best (Acc@1: 50.00%)
2025-12-29 09:50:07,218 - INFO - Epoch 5/50 | LR: 7.00e-04 | Train: 2.0959 | Val: 2.5773 | Acc@1: 49.18%
2025-12-29 09:50:07,261 - INFO -   ✓ New best (Acc@1: 49.18%)
2025-12-29 09:50:28,243 - INFO - Epoch 6/50 | LR: 7.00e-04 | Train: 1.9385 | Val: 2.6254 | Acc@1: 49.18%
2025-12-29 09:50:49,561 - INFO - Epoch 7/50 | LR: 6.99e-04 | Train: 1.7787 | Val: 2.6334 | Acc@1: 48.77%
2025-12-29 09:51:10,617 - INFO - Epoch 8/50 | LR: 6.97e-04 | Train: 1.6302 | Val: 2.7156 | Acc@1: 47.13%
2025-12-29 09:51:31,657 - INFO - Epoch 9/50 | LR: 6.92e-04 | Train: 1.4966 | Val: 2.7064 | Acc@1: 54.51%
2025-12-29 09:51:49,995 - INFO - Epoch 10/50 | LR: 6.86e-04 | Train: 1.3760 | Val: 2.8356 | Acc@1: 48.36%
2025-12-29 09:51:49,995 - INFO - Early stopping at epoch 10
2025-12-29 09:51:50,132 - INFO - Loaded checkpoint from epoch 5
2025-12-29 09:51:50,280 - INFO - ============================================================
2025-12-29 09:51:50,280 - INFO - FINAL VALIDATION RESULTS
2025-12-29 09:51:50,280 - INFO -   Acc@1:  49.18%
2025-12-29 09:51:50,280 - INFO -   Acc@5:  80.74%
2025-12-29 09:51:50,280 - INFO -   Acc@10: 86.48%
2025-12-29 09:51:50,280 - INFO -   MRR:    63.13%
2025-12-29 09:51:50,280 - INFO -   NDCG:   68.66%
2025-12-29 09:51:50,280 - INFO - ============================================================
2025-12-29 09:51:50,280 - INFO - FINAL TEST RESULTS
2025-12-29 09:51:50,280 - INFO -   Acc@1:  55.24%
2025-12-29 09:51:50,280 - INFO -   Acc@5:  85.31%
2025-12-29 09:51:50,280 - INFO -   Acc@10: 93.01%
2025-12-29 09:51:50,280 - INFO -   MRR:    68.83%
2025-12-29 09:51:50,280 - INFO -   NDCG:   74.55%
2025-12-29 09:51:50,281 - INFO - ============================================================
