2025-12-29 22:17:42,160 - INFO - ============================================================
2025-12-29 22:17:42,160 - INFO - POINTER V45 - Training Started
2025-12-29 22:17:42,160 - INFO - ============================================================
2025-12-29 22:17:42,160 - INFO - Model config: {'d_model': 128, 'dim_feedforward': 512, 'dropout': 0.15, 'nhead': 8, 'num_layers': 8}
2025-12-29 22:17:42,161 - INFO - Training config: {'batch_size': 128, 'grad_clip': 0.8, 'label_smoothing': 0.03, 'learning_rate': 0.0007, 'min_epochs': 8, 'min_lr': 1e-06, 'num_epochs': 50, 'patience': 5, 'use_amp': True, 'warmup_epochs': 5, 'weight_decay': 0.015}
2025-12-29 22:17:42,161 - INFO - ============================================================
2025-12-29 22:17:42,161 - INFO - Training for 50 epochs
2025-12-29 22:17:42,161 - INFO - Model parameters: 3,345,183
2025-12-29 22:21:04,390 - INFO - Epoch 1/50 | LR: 1.40e-04 | Train: 3.1428 | Val: 2.9342 | Acc@1: 50.79%
2025-12-29 22:21:04,486 - INFO -   ✓ New best (Acc@1: 50.79%)
2025-12-29 22:24:37,213 - INFO - Epoch 2/50 | LR: 2.80e-04 | Train: 2.8479 | Val: 2.8876 | Acc@1: 52.14%
2025-12-29 22:24:37,317 - INFO -   ✓ New best (Acc@1: 52.14%)
2025-12-29 22:28:08,610 - INFO - Epoch 3/50 | LR: 4.20e-04 | Train: 2.7644 | Val: 2.8535 | Acc@1: 52.68%
2025-12-29 22:28:08,713 - INFO -   ✓ New best (Acc@1: 52.68%)
2025-12-29 22:31:40,528 - INFO - Epoch 4/50 | LR: 5.60e-04 | Train: 2.7025 | Val: 2.8298 | Acc@1: 52.62%
2025-12-29 22:31:40,633 - INFO -   ✓ New best (Acc@1: 52.62%)
2025-12-29 22:35:12,290 - INFO - Epoch 5/50 | LR: 7.00e-04 | Train: 2.6409 | Val: 2.7879 | Acc@1: 53.84%
2025-12-29 22:35:12,398 - INFO -   ✓ New best (Acc@1: 53.84%)
2025-12-29 22:38:45,801 - INFO - Epoch 6/50 | LR: 7.00e-04 | Train: 2.5521 | Val: 2.7680 | Acc@1: 53.77%
2025-12-29 22:38:45,908 - INFO -   ✓ New best (Acc@1: 53.77%)
2025-12-29 22:42:18,948 - INFO - Epoch 7/50 | LR: 6.99e-04 | Train: 2.4747 | Val: 2.7695 | Acc@1: 53.65%
2025-12-29 22:45:53,306 - INFO - Epoch 8/50 | LR: 6.97e-04 | Train: 2.4057 | Val: 2.7755 | Acc@1: 54.06%
2025-12-29 22:48:34,341 - INFO - Epoch 9/50 | LR: 6.92e-04 | Train: 2.3458 | Val: 2.8131 | Acc@1: 53.96%
2025-12-29 22:50:16,653 - INFO - Epoch 10/50 | LR: 6.86e-04 | Train: 2.2797 | Val: 2.8043 | Acc@1: 54.27%
2025-12-29 22:51:58,836 - INFO - Epoch 11/50 | LR: 6.79e-04 | Train: 2.2178 | Val: 2.8389 | Acc@1: 53.16%
2025-12-29 22:51:58,836 - INFO - Early stopping at epoch 11
2025-12-29 22:51:58,963 - INFO - Loaded checkpoint from epoch 6
2025-12-29 22:52:01,429 - INFO - ============================================================
2025-12-29 22:52:01,429 - INFO - FINAL VALIDATION RESULTS
2025-12-29 22:52:01,429 - INFO -   Acc@1:  53.77%
2025-12-29 22:52:01,429 - INFO -   Acc@5:  80.69%
2025-12-29 22:52:01,429 - INFO -   Acc@10: 84.79%
2025-12-29 22:52:01,429 - INFO -   MRR:    65.51%
2025-12-29 22:52:01,430 - INFO -   NDCG:   70.08%
2025-12-29 22:52:01,430 - INFO - ============================================================
2025-12-29 22:52:01,430 - INFO - FINAL TEST RESULTS
2025-12-29 22:52:01,430 - INFO -   Acc@1:  56.01%
2025-12-29 22:52:01,430 - INFO -   Acc@5:  82.29%
2025-12-29 22:52:01,430 - INFO -   Acc@10: 86.03%
2025-12-29 22:52:01,430 - INFO -   MRR:    67.36%
2025-12-29 22:52:01,430 - INFO -   NDCG:   71.81%
2025-12-29 22:52:01,430 - INFO - ============================================================
