2025-12-28 20:59:49,460 - INFO - ============================================================
2025-12-28 20:59:49,460 - INFO - POINTER V45 - Training Started
2025-12-28 20:59:49,460 - INFO - ============================================================
2025-12-28 20:59:49,460 - INFO - Model config: {'d_model': 64, 'dim_feedforward': 128, 'dropout': 0.15, 'nhead': 4, 'num_layers': 3}
2025-12-28 20:59:49,460 - INFO - Training config: {'batch_size': 128, 'grad_clip': 0.8, 'label_smoothing': 0.03, 'learning_rate': 0.0005, 'min_epochs': 8, 'min_lr': 1e-06, 'num_epochs': 50, 'patience': 5, 'use_amp': True, 'warmup_epochs': 5, 'weight_decay': 0.015}
2025-12-28 20:59:49,460 - INFO - ============================================================
2025-12-28 20:59:49,460 - INFO - Training for 50 epochs
2025-12-28 20:59:49,461 - INFO - Model parameters: 275,962
2025-12-28 20:59:57,537 - INFO - Epoch 1/50 | LR: 1.00e-04 | Train: 4.3534 | Val: 3.0945 | Acc@1: 37.70%
2025-12-28 20:59:57,565 - INFO -   ✓ New best (Acc@1: 37.70%)
2025-12-28 21:00:03,519 - INFO - Epoch 2/50 | LR: 2.00e-04 | Train: 3.8928 | Val: 2.9991 | Acc@1: 42.50%
2025-12-28 21:00:03,546 - INFO -   ✓ New best (Acc@1: 42.50%)
2025-12-28 21:00:09,422 - INFO - Epoch 3/50 | LR: 3.00e-04 | Train: 3.6910 | Val: 2.8732 | Acc@1: 45.36%
2025-12-28 21:00:09,459 - INFO -   ✓ New best (Acc@1: 45.36%)
2025-12-28 21:00:15,928 - INFO - Epoch 4/50 | LR: 4.00e-04 | Train: 3.5035 | Val: 2.8165 | Acc@1: 46.73%
2025-12-28 21:00:15,967 - INFO -   ✓ New best (Acc@1: 46.73%)
2025-12-28 21:00:23,209 - INFO - Epoch 5/50 | LR: 5.00e-04 | Train: 3.3273 | Val: 2.8252 | Acc@1: 47.07%
2025-12-28 21:00:30,277 - INFO - Epoch 6/50 | LR: 5.00e-04 | Train: 3.2079 | Val: 2.8203 | Acc@1: 47.03%
2025-12-28 21:00:36,485 - INFO - Epoch 7/50 | LR: 4.99e-04 | Train: 3.0806 | Val: 2.8690 | Acc@1: 45.77%
2025-12-28 21:00:42,914 - INFO - Epoch 8/50 | LR: 4.98e-04 | Train: 2.9501 | Val: 2.8369 | Acc@1: 46.17%
2025-12-28 21:00:49,306 - INFO - Epoch 9/50 | LR: 4.95e-04 | Train: 2.8151 | Val: 2.8182 | Acc@1: 45.62%
2025-12-28 21:00:49,306 - INFO - Early stopping at epoch 9
2025-12-28 21:00:49,663 - INFO - Loaded checkpoint from epoch 4
2025-12-28 21:00:52,597 - INFO - ============================================================
2025-12-28 21:00:52,597 - INFO - FINAL VALIDATION RESULTS
2025-12-28 21:00:52,598 - INFO -   Acc@1:  46.73%
2025-12-28 21:00:52,598 - INFO -   Acc@5:  81.32%
2025-12-28 21:00:52,598 - INFO -   Acc@10: 85.03%
2025-12-28 21:00:52,598 - INFO -   MRR:    61.59%
2025-12-28 21:00:52,598 - INFO -   NDCG:   67.19%
2025-12-28 21:00:52,598 - INFO - ============================================================
2025-12-28 21:00:52,598 - INFO - FINAL TEST RESULTS
2025-12-28 21:00:52,598 - INFO -   Acc@1:  49.86%
2025-12-28 21:00:52,598 - INFO -   Acc@5:  84.60%
2025-12-28 21:00:52,598 - INFO -   Acc@10: 87.83%
2025-12-28 21:00:52,598 - INFO -   MRR:    65.39%
2025-12-28 21:00:52,598 - INFO -   NDCG:   70.89%
2025-12-28 21:00:52,598 - INFO - ============================================================
