2025-12-30 18:00:36,866 - INFO - ============================================================
2025-12-30 18:00:36,866 - INFO - POINTER V45 - Training Started
2025-12-30 18:00:36,866 - INFO - ============================================================
2025-12-30 18:00:36,866 - INFO - Model config: {'d_model': 32, 'dim_feedforward': 512, 'dropout': 0.15, 'nhead': 4, 'num_layers': 4}
2025-12-30 18:00:36,866 - INFO - Training config: {'batch_size': 128, 'grad_clip': 0.8, 'label_smoothing': 0.03, 'learning_rate': 0.0006, 'min_epochs': 3, 'min_lr': 1e-06, 'num_epochs': 50, 'patience': 5, 'use_amp': True, 'warmup_epochs': 5, 'weight_decay': 0.015}
2025-12-30 18:00:36,866 - INFO - ============================================================
2025-12-30 18:00:36,866 - INFO - Training for 50 epochs
2025-12-30 18:00:36,867 - INFO - Model parameters: 639,138
2025-12-30 18:04:05,578 - INFO - Epoch 1/50 | LR: 1.20e-04 | Train: 3.0753 | Val: 3.0741 | Acc@1: 50.78%
2025-12-30 18:04:05,617 - INFO -   ✓ New best (Acc@1: 50.78%)
2025-12-30 18:07:28,388 - INFO - Epoch 2/50 | LR: 2.40e-04 | Train: 2.8917 | Val: 3.0089 | Acc@1: 52.54%
2025-12-30 18:07:28,427 - INFO -   ✓ New best (Acc@1: 52.54%)
2025-12-30 18:10:50,333 - INFO - Epoch 3/50 | LR: 3.60e-04 | Train: 2.8216 | Val: 2.9903 | Acc@1: 52.98%
2025-12-30 18:10:50,372 - INFO -   ✓ New best (Acc@1: 52.98%)
2025-12-30 18:14:14,428 - INFO - Epoch 4/50 | LR: 4.80e-04 | Train: 2.7850 | Val: 2.9712 | Acc@1: 53.54%
2025-12-30 18:14:14,468 - INFO -   ✓ New best (Acc@1: 53.54%)
2025-12-30 18:17:38,543 - INFO - Epoch 5/50 | LR: 6.00e-04 | Train: 2.7532 | Val: 2.9462 | Acc@1: 53.76%
2025-12-30 18:17:38,583 - INFO -   ✓ New best (Acc@1: 53.76%)
2025-12-30 18:21:02,046 - INFO - Epoch 6/50 | LR: 6.00e-04 | Train: 2.7112 | Val: 2.9402 | Acc@1: 53.99%
2025-12-30 18:21:02,088 - INFO -   ✓ New best (Acc@1: 53.99%)
2025-12-30 18:24:25,506 - INFO - Epoch 7/50 | LR: 5.99e-04 | Train: 2.6700 | Val: 2.9216 | Acc@1: 54.43%
2025-12-30 18:24:25,546 - INFO -   ✓ New best (Acc@1: 54.43%)
2025-12-30 18:27:49,602 - INFO - Epoch 8/50 | LR: 5.97e-04 | Train: 2.6351 | Val: 2.9133 | Acc@1: 54.34%
2025-12-30 18:27:49,641 - INFO -   ✓ New best (Acc@1: 54.34%)
2025-12-30 18:31:12,351 - INFO - Epoch 9/50 | LR: 5.93e-04 | Train: 2.6048 | Val: 2.9015 | Acc@1: 54.40%
2025-12-30 18:31:12,390 - INFO -   ✓ New best (Acc@1: 54.40%)
2025-12-30 18:34:35,311 - INFO - Epoch 10/50 | LR: 5.88e-04 | Train: 2.5770 | Val: 2.9156 | Acc@1: 54.02%
2025-12-30 18:37:54,265 - INFO - Epoch 11/50 | LR: 5.82e-04 | Train: 2.5570 | Val: 2.9153 | Acc@1: 54.08%
2025-12-30 18:41:05,446 - INFO - Epoch 12/50 | LR: 5.74e-04 | Train: 2.5359 | Val: 2.9240 | Acc@1: 54.48%
2025-12-30 18:44:37,445 - INFO - Epoch 13/50 | LR: 5.65e-04 | Train: 2.5195 | Val: 2.9228 | Acc@1: 54.04%
2025-12-30 18:48:00,679 - INFO - Epoch 14/50 | LR: 5.54e-04 | Train: 2.5044 | Val: 2.9356 | Acc@1: 53.52%
2025-12-30 18:48:00,679 - INFO - Early stopping at epoch 14
2025-12-30 18:48:03,087 - INFO - Loaded checkpoint from epoch 9
2025-12-30 18:48:26,891 - INFO - ============================================================
2025-12-30 18:48:26,891 - INFO - FINAL VALIDATION RESULTS
2025-12-30 18:48:26,891 - INFO -   Acc@1:  54.40%
2025-12-30 18:48:26,891 - INFO -   Acc@5:  79.62%
2025-12-30 18:48:26,891 - INFO -   Acc@10: 83.05%
2025-12-30 18:48:26,891 - INFO -   MRR:    65.46%
2025-12-30 18:48:26,892 - INFO -   NDCG:   69.65%
2025-12-30 18:48:26,892 - INFO - ============================================================
2025-12-30 18:48:26,892 - INFO - FINAL TEST RESULTS
2025-12-30 18:48:26,892 - INFO -   Acc@1:  56.61%
2025-12-30 18:48:26,892 - INFO -   Acc@5:  82.34%
2025-12-30 18:48:26,892 - INFO -   Acc@10: 85.35%
2025-12-30 18:48:26,892 - INFO -   MRR:    67.75%
2025-12-30 18:48:26,892 - INFO -   NDCG:   71.98%
2025-12-30 18:48:26,892 - INFO - ============================================================
