2025-12-29 07:16:24,153 - INFO - ============================================================
2025-12-29 07:16:24,154 - INFO - ABLATION STUDY: no_pos_from_end
2025-12-29 07:16:24,154 - INFO - ============================================================
2025-12-29 07:16:24,154 - INFO - Ablation: Without Position-from-End Embedding
2025-12-29 07:16:24,154 - INFO - Model parameters: 2,392,754
2025-12-29 07:16:24,154 - INFO - ============================================================
2025-12-29 07:16:24,154 - INFO - Training for 50 epochs
2025-12-29 07:17:59,489 - INFO - Epoch 1/50 | LR: 1.40e-04 | Train: 3.0956 | Val: 3.0504 | Acc@1: 51.36%
2025-12-29 07:17:59,552 - INFO -   ✓ New best (Acc@1: 51.36%)
2025-12-29 07:19:42,062 - INFO - Epoch 2/50 | LR: 2.80e-04 | Train: 2.8474 | Val: 2.9851 | Acc@1: 53.10%
2025-12-29 07:19:42,132 - INFO -   ✓ New best (Acc@1: 53.10%)
2025-12-29 07:21:25,030 - INFO - Epoch 3/50 | LR: 4.20e-04 | Train: 2.7482 | Val: 2.9405 | Acc@1: 53.47%
2025-12-29 07:21:25,102 - INFO -   ✓ New best (Acc@1: 53.47%)
2025-12-29 07:23:08,785 - INFO - Epoch 4/50 | LR: 5.60e-04 | Train: 2.6571 | Val: 2.8972 | Acc@1: 53.75%
2025-12-29 07:23:08,855 - INFO -   ✓ New best (Acc@1: 53.75%)
2025-12-29 07:24:50,710 - INFO - Epoch 5/50 | LR: 7.00e-04 | Train: 2.5770 | Val: 2.8754 | Acc@1: 53.83%
2025-12-29 07:24:50,784 - INFO -   ✓ New best (Acc@1: 53.83%)
2025-12-29 07:26:39,116 - INFO - Epoch 6/50 | LR: 7.00e-04 | Train: 2.4891 | Val: 2.8640 | Acc@1: 54.09%
2025-12-29 07:26:39,189 - INFO -   ✓ New best (Acc@1: 54.09%)
2025-12-29 07:28:32,292 - INFO - Epoch 7/50 | LR: 6.99e-04 | Train: 2.4201 | Val: 2.8744 | Acc@1: 53.84%
2025-12-29 07:30:25,270 - INFO - Epoch 8/50 | LR: 6.97e-04 | Train: 2.3593 | Val: 2.9011 | Acc@1: 53.55%
2025-12-29 07:32:18,415 - INFO - Epoch 9/50 | LR: 6.92e-04 | Train: 2.3061 | Val: 2.9418 | Acc@1: 53.74%
2025-12-29 07:34:10,352 - INFO - Epoch 10/50 | LR: 6.86e-04 | Train: 2.2587 | Val: 2.9722 | Acc@1: 52.34%
2025-12-29 07:35:45,544 - INFO - Epoch 11/50 | LR: 6.79e-04 | Train: 2.2171 | Val: 3.0250 | Acc@1: 52.39%
2025-12-29 07:35:45,544 - INFO - Early stopping at epoch 11
2025-12-29 07:35:57,273 - INFO - ============================================================
2025-12-29 07:35:57,273 - INFO - FINAL TEST RESULTS
2025-12-29 07:35:57,273 - INFO -   Acc@1:  56.26%
2025-12-29 07:35:57,273 - INFO -   Acc@5:  81.97%
2025-12-29 07:35:57,273 - INFO -   Acc@10: 86.02%
2025-12-29 07:35:57,273 - INFO -   MRR:    67.49%
2025-12-29 07:35:57,273 - INFO -   NDCG:   71.89%
2025-12-29 07:35:57,273 - INFO -   F1:     51.75%
2025-12-29 07:35:57,273 - INFO - ============================================================
