2025-12-30 07:10:31,103 - INFO - ============================================================
2025-12-30 07:10:31,103 - INFO - POINTER V45 - Training Started
2025-12-30 07:10:31,103 - INFO - ============================================================
2025-12-30 07:10:31,103 - INFO - Model config: {'d_model': 128, 'dim_feedforward': 256, 'dropout': 0.15, 'nhead': 4, 'num_layers': 8}
2025-12-30 07:10:31,103 - INFO - Training config: {'batch_size': 128, 'grad_clip': 0.8, 'label_smoothing': 0.03, 'learning_rate': 0.0007, 'min_epochs': 8, 'min_lr': 1e-06, 'num_epochs': 50, 'patience': 5, 'use_amp': True, 'warmup_epochs': 5, 'weight_decay': 0.015}
2025-12-30 07:10:31,103 - INFO - ============================================================
2025-12-30 07:10:31,103 - INFO - Training for 50 epochs
2025-12-30 07:10:31,104 - INFO - Model parameters: 2,818,847
2025-12-30 07:13:14,651 - INFO - Epoch 1/50 | LR: 1.40e-04 | Train: 3.2178 | Val: 2.9528 | Acc@1: 50.98%
2025-12-30 07:13:14,744 - INFO -   ✓ New best (Acc@1: 50.98%)
2025-12-30 07:15:56,793 - INFO - Epoch 2/50 | LR: 2.80e-04 | Train: 2.8547 | Val: 2.9149 | Acc@1: 51.87%
2025-12-30 07:15:56,897 - INFO -   ✓ New best (Acc@1: 51.87%)
2025-12-30 07:18:42,543 - INFO - Epoch 3/50 | LR: 4.20e-04 | Train: 2.7583 | Val: 2.8432 | Acc@1: 53.00%
2025-12-30 07:18:42,655 - INFO -   ✓ New best (Acc@1: 53.00%)
2025-12-30 07:21:26,650 - INFO - Epoch 4/50 | LR: 5.60e-04 | Train: 2.6867 | Val: 2.8200 | Acc@1: 53.60%
2025-12-30 07:21:26,749 - INFO -   ✓ New best (Acc@1: 53.60%)
2025-12-30 07:24:08,722 - INFO - Epoch 5/50 | LR: 7.00e-04 | Train: 2.6136 | Val: 2.7935 | Acc@1: 53.58%
2025-12-30 07:24:08,827 - INFO -   ✓ New best (Acc@1: 53.58%)
2025-12-30 07:26:50,576 - INFO - Epoch 6/50 | LR: 7.00e-04 | Train: 2.5310 | Val: 2.7635 | Acc@1: 54.15%
2025-12-30 07:26:50,682 - INFO -   ✓ New best (Acc@1: 54.15%)
2025-12-30 07:29:36,001 - INFO - Epoch 7/50 | LR: 6.99e-04 | Train: 2.4551 | Val: 2.7685 | Acc@1: 53.87%
2025-12-30 07:32:17,655 - INFO - Epoch 8/50 | LR: 6.97e-04 | Train: 2.3897 | Val: 2.7924 | Acc@1: 53.69%
2025-12-30 07:34:55,451 - INFO - Epoch 9/50 | LR: 6.92e-04 | Train: 2.3259 | Val: 2.7996 | Acc@1: 54.35%
2025-12-30 07:36:20,975 - INFO - Epoch 10/50 | LR: 6.86e-04 | Train: 2.2646 | Val: 2.8115 | Acc@1: 53.28%
2025-12-30 07:37:46,949 - INFO - Epoch 11/50 | LR: 6.79e-04 | Train: 2.2092 | Val: 2.8671 | Acc@1: 53.06%
2025-12-30 07:37:46,949 - INFO - Early stopping at epoch 11
2025-12-30 07:37:47,070 - INFO - Loaded checkpoint from epoch 6
2025-12-30 07:37:49,424 - INFO - ============================================================
2025-12-30 07:37:49,424 - INFO - FINAL VALIDATION RESULTS
2025-12-30 07:37:49,424 - INFO -   Acc@1:  54.15%
2025-12-30 07:37:49,424 - INFO -   Acc@5:  80.49%
2025-12-30 07:37:49,424 - INFO -   Acc@10: 84.87%
2025-12-30 07:37:49,424 - INFO -   MRR:    65.74%
2025-12-30 07:37:49,424 - INFO -   NDCG:   70.26%
2025-12-30 07:37:49,424 - INFO - ============================================================
2025-12-30 07:37:49,424 - INFO - FINAL TEST RESULTS
2025-12-30 07:37:49,424 - INFO -   Acc@1:  56.24%
2025-12-30 07:37:49,424 - INFO -   Acc@5:  81.91%
2025-12-30 07:37:49,424 - INFO -   Acc@10: 86.15%
2025-12-30 07:37:49,424 - INFO -   MRR:    67.54%
2025-12-30 07:37:49,424 - INFO -   NDCG:   71.96%
2025-12-30 07:37:49,424 - INFO - ============================================================
