2025-12-30 19:39:29,107 - INFO - ============================================================
2025-12-30 19:39:29,107 - INFO - POINTER V45 - Training Started
2025-12-30 19:39:29,108 - INFO - ============================================================
2025-12-30 19:39:29,108 - INFO - Model config: {'d_model': 64, 'dim_feedforward': 256, 'dropout': 0.15, 'nhead': 8, 'num_layers': 2}
2025-12-30 19:39:29,108 - INFO - Training config: {'batch_size': 128, 'grad_clip': 0.8, 'label_smoothing': 0.03, 'learning_rate': 0.0007, 'min_epochs': 3, 'min_lr': 1e-06, 'num_epochs': 50, 'patience': 5, 'use_amp': True, 'warmup_epochs': 5, 'weight_decay': 0.015}
2025-12-30 19:39:29,108 - INFO - ============================================================
2025-12-30 19:39:29,108 - INFO - Training for 50 epochs
2025-12-30 19:39:29,108 - INFO - Model parameters: 959,087
2025-12-30 19:42:14,348 - INFO - Epoch 1/50 | LR: 1.40e-04 | Train: 3.0092 | Val: 2.9291 | Acc@1: 51.36%
2025-12-30 19:42:14,384 - INFO -   ✓ New best (Acc@1: 51.36%)
2025-12-30 19:44:55,712 - INFO - Epoch 2/50 | LR: 2.80e-04 | Train: 2.8062 | Val: 2.8771 | Acc@1: 52.71%
2025-12-30 19:44:55,753 - INFO -   ✓ New best (Acc@1: 52.71%)
2025-12-30 19:47:36,195 - INFO - Epoch 3/50 | LR: 4.20e-04 | Train: 2.7238 | Val: 2.8446 | Acc@1: 53.36%
2025-12-30 19:47:36,236 - INFO -   ✓ New best (Acc@1: 53.36%)
2025-12-30 19:50:18,305 - INFO - Epoch 4/50 | LR: 5.60e-04 | Train: 2.6590 | Val: 2.8246 | Acc@1: 53.85%
2025-12-30 19:50:18,345 - INFO -   ✓ New best (Acc@1: 53.85%)
2025-12-30 19:52:59,752 - INFO - Epoch 5/50 | LR: 7.00e-04 | Train: 2.5989 | Val: 2.7923 | Acc@1: 54.15%
2025-12-30 19:52:59,792 - INFO -   ✓ New best (Acc@1: 54.15%)
2025-12-30 19:55:39,784 - INFO - Epoch 6/50 | LR: 7.00e-04 | Train: 2.5292 | Val: 2.7875 | Acc@1: 53.82%
2025-12-30 19:55:39,824 - INFO -   ✓ New best (Acc@1: 53.82%)
2025-12-30 19:58:21,390 - INFO - Epoch 7/50 | LR: 6.99e-04 | Train: 2.4706 | Val: 2.7779 | Acc@1: 53.93%
2025-12-30 19:58:21,430 - INFO -   ✓ New best (Acc@1: 53.93%)
2025-12-30 20:01:02,539 - INFO - Epoch 8/50 | LR: 6.97e-04 | Train: 2.4193 | Val: 2.7819 | Acc@1: 53.87%
2025-12-30 20:03:42,355 - INFO - Epoch 9/50 | LR: 6.92e-04 | Train: 2.3758 | Val: 2.8164 | Acc@1: 53.79%
2025-12-30 20:06:23,380 - INFO - Epoch 10/50 | LR: 6.86e-04 | Train: 2.3373 | Val: 2.8286 | Acc@1: 53.33%
2025-12-30 20:08:56,499 - INFO - Epoch 11/50 | LR: 6.79e-04 | Train: 2.2999 | Val: 2.8594 | Acc@1: 52.70%
2025-12-30 20:11:34,286 - INFO - Epoch 12/50 | LR: 6.70e-04 | Train: 2.2659 | Val: 2.8876 | Acc@1: 53.11%
2025-12-30 20:11:34,286 - INFO - Early stopping at epoch 12
2025-12-30 20:11:35,534 - INFO - Loaded checkpoint from epoch 7
2025-12-30 20:11:49,190 - INFO - ============================================================
2025-12-30 20:11:49,191 - INFO - FINAL VALIDATION RESULTS
2025-12-30 20:11:49,191 - INFO -   Acc@1:  53.93%
2025-12-30 20:11:49,191 - INFO -   Acc@5:  80.37%
2025-12-30 20:11:49,191 - INFO -   Acc@10: 84.74%
2025-12-30 20:11:49,191 - INFO -   MRR:    65.55%
2025-12-30 20:11:49,191 - INFO -   NDCG:   70.09%
2025-12-30 20:11:49,191 - INFO - ============================================================
2025-12-30 20:11:49,191 - INFO - FINAL TEST RESULTS
2025-12-30 20:11:49,191 - INFO -   Acc@1:  55.90%
2025-12-30 20:11:49,191 - INFO -   Acc@5:  81.96%
2025-12-30 20:11:49,191 - INFO -   Acc@10: 85.99%
2025-12-30 20:11:49,191 - INFO -   MRR:    67.23%
2025-12-30 20:11:49,191 - INFO -   NDCG:   71.70%
2025-12-30 20:11:49,192 - INFO - ============================================================
