2025-12-29 19:22:18,999 - INFO - ============================================================
2025-12-29 19:22:18,999 - INFO - POINTER V45 - Training Started
2025-12-29 19:22:18,999 - INFO - ============================================================
2025-12-29 19:22:18,999 - INFO - Model config: {'d_model': 32, 'dim_feedforward': 256, 'dropout': 0.15, 'nhead': 2, 'num_layers': 2}
2025-12-29 19:22:18,999 - INFO - Training config: {'batch_size': 128, 'grad_clip': 0.8, 'label_smoothing': 0.03, 'learning_rate': 0.0007, 'min_epochs': 8, 'min_lr': 1e-06, 'num_epochs': 2, 'patience': 5, 'use_amp': True, 'warmup_epochs': 5, 'weight_decay': 0.015}
2025-12-29 19:22:18,999 - INFO - ============================================================
2025-12-29 19:22:18,999 - INFO - Training for 2 epochs
2025-12-29 19:22:18,999 - INFO - Model parameters: 128,836
2025-12-29 19:22:21,792 - INFO - Epoch 1/2 | LR: 1.40e-04 | Train: 4.2358 | Val: 3.3949 | Acc@1: 37.86%
2025-12-29 19:22:21,810 - INFO -   ✓ New best (Acc@1: 37.86%)
2025-12-29 19:22:23,962 - INFO - Epoch 2/2 | LR: 2.80e-04 | Train: 4.0413 | Val: 3.3247 | Acc@1: 40.30%
2025-12-29 19:22:23,981 - INFO -   ✓ New best (Acc@1: 40.30%)
2025-12-29 19:22:24,019 - INFO - Loaded checkpoint from epoch 2
2025-12-29 19:22:24,854 - INFO - ============================================================
2025-12-29 19:22:24,854 - INFO - FINAL VALIDATION RESULTS
2025-12-29 19:22:24,854 - INFO -   Acc@1:  40.30%
2025-12-29 19:22:24,854 - INFO -   Acc@5:  73.98%
2025-12-29 19:22:24,855 - INFO -   Acc@10: 76.99%
2025-12-29 19:22:24,855 - INFO -   MRR:    54.76%
2025-12-29 19:22:24,855 - INFO -   NDCG:   60.15%
2025-12-29 19:22:24,855 - INFO - ============================================================
2025-12-29 19:22:24,855 - INFO - FINAL TEST RESULTS
2025-12-29 19:22:24,855 - INFO -   Acc@1:  44.88%
2025-12-29 19:22:24,855 - INFO -   Acc@5:  77.13%
2025-12-29 19:22:24,855 - INFO -   Acc@10: 79.32%
2025-12-29 19:22:24,855 - INFO -   MRR:    59.34%
2025-12-29 19:22:24,855 - INFO -   NDCG:   64.25%
2025-12-29 19:22:24,855 - INFO - ============================================================
