2025-12-29 21:39:46,649 - INFO - ============================================================
2025-12-29 21:39:46,650 - INFO - POINTER V45 - Training Started
2025-12-29 21:39:46,650 - INFO - ============================================================
2025-12-29 21:39:46,650 - INFO - Model config: {'d_model': 128, 'dim_feedforward': 512, 'dropout': 0.15, 'nhead': 4, 'num_layers': 8}
2025-12-29 21:39:46,650 - INFO - Training config: {'batch_size': 128, 'grad_clip': 0.8, 'label_smoothing': 0.03, 'learning_rate': 0.00065, 'min_epochs': 8, 'min_lr': 1e-06, 'num_epochs': 50, 'patience': 5, 'use_amp': True, 'warmup_epochs': 5, 'weight_decay': 0.015}
2025-12-29 21:39:46,650 - INFO - ============================================================
2025-12-29 21:39:46,650 - INFO - Training for 50 epochs
2025-12-29 21:39:46,651 - INFO - Model parameters: 3,345,183
2025-12-29 21:42:45,737 - INFO - Epoch 1/50 | LR: 1.30e-04 | Train: 3.1555 | Val: 2.9430 | Acc@1: 50.46%
2025-12-29 21:42:45,836 - INFO -   ✓ New best (Acc@1: 50.46%)
2025-12-29 21:45:47,279 - INFO - Epoch 2/50 | LR: 2.60e-04 | Train: 2.8509 | Val: 2.9067 | Acc@1: 51.59%
2025-12-29 21:45:47,381 - INFO -   ✓ New best (Acc@1: 51.59%)
2025-12-29 21:48:47,848 - INFO - Epoch 3/50 | LR: 3.90e-04 | Train: 2.7659 | Val: 2.8566 | Acc@1: 52.35%
2025-12-29 21:48:47,951 - INFO -   ✓ New best (Acc@1: 52.35%)
2025-12-29 21:51:49,451 - INFO - Epoch 4/50 | LR: 5.20e-04 | Train: 2.7000 | Val: 2.8338 | Acc@1: 52.44%
2025-12-29 21:51:49,560 - INFO -   ✓ New best (Acc@1: 52.44%)
2025-12-29 21:54:51,779 - INFO - Epoch 5/50 | LR: 6.50e-04 | Train: 2.6352 | Val: 2.8006 | Acc@1: 53.22%
2025-12-29 21:54:51,884 - INFO -   ✓ New best (Acc@1: 53.22%)
2025-12-29 21:57:52,774 - INFO - Epoch 6/50 | LR: 6.50e-04 | Train: 2.5463 | Val: 2.7678 | Acc@1: 53.27%
2025-12-29 21:57:52,879 - INFO -   ✓ New best (Acc@1: 53.27%)
2025-12-29 22:00:54,521 - INFO - Epoch 7/50 | LR: 6.49e-04 | Train: 2.4713 | Val: 2.7615 | Acc@1: 53.89%
2025-12-29 22:00:54,625 - INFO -   ✓ New best (Acc@1: 53.89%)
2025-12-29 22:03:55,813 - INFO - Epoch 8/50 | LR: 6.47e-04 | Train: 2.4013 | Val: 2.7666 | Acc@1: 53.92%
2025-12-29 22:06:57,628 - INFO - Epoch 9/50 | LR: 6.43e-04 | Train: 2.3442 | Val: 2.8047 | Acc@1: 53.73%
2025-12-29 22:10:00,663 - INFO - Epoch 10/50 | LR: 6.37e-04 | Train: 2.2792 | Val: 2.8231 | Acc@1: 53.71%
2025-12-29 22:13:02,119 - INFO - Epoch 11/50 | LR: 6.30e-04 | Train: 2.2198 | Val: 2.8741 | Acc@1: 52.90%
2025-12-29 22:15:31,450 - INFO - Epoch 12/50 | LR: 6.22e-04 | Train: 2.1616 | Val: 2.8853 | Acc@1: 53.12%
2025-12-29 22:15:31,451 - INFO - Early stopping at epoch 12
2025-12-29 22:15:32,547 - INFO - Loaded checkpoint from epoch 7
2025-12-29 22:15:40,622 - INFO - ============================================================
2025-12-29 22:15:40,622 - INFO - FINAL VALIDATION RESULTS
2025-12-29 22:15:40,622 - INFO -   Acc@1:  53.89%
2025-12-29 22:15:40,622 - INFO -   Acc@5:  80.72%
2025-12-29 22:15:40,622 - INFO -   Acc@10: 84.98%
2025-12-29 22:15:40,622 - INFO -   MRR:    65.57%
2025-12-29 22:15:40,622 - INFO -   NDCG:   70.17%
2025-12-29 22:15:40,622 - INFO - ============================================================
2025-12-29 22:15:40,622 - INFO - FINAL TEST RESULTS
2025-12-29 22:15:40,622 - INFO -   Acc@1:  55.38%
2025-12-29 22:15:40,622 - INFO -   Acc@5:  82.11%
2025-12-29 22:15:40,623 - INFO -   Acc@10: 86.46%
2025-12-29 22:15:40,623 - INFO -   MRR:    67.00%
2025-12-29 22:15:40,623 - INFO -   NDCG:   71.64%
2025-12-29 22:15:40,623 - INFO - ============================================================
