2025-12-30 21:56:49,193 - INFO - ============================================================
2025-12-30 21:56:49,193 - INFO - POINTER V45 - Training Started
2025-12-30 21:56:49,193 - INFO - ============================================================
2025-12-30 21:56:49,193 - INFO - Model config: {'d_model': 128, 'dim_feedforward': 512, 'dropout': 0.15, 'nhead': 2, 'num_layers': 2}
2025-12-30 21:56:49,193 - INFO - Training config: {'batch_size': 128, 'grad_clip': 0.8, 'label_smoothing': 0.03, 'learning_rate': 0.00065, 'min_epochs': 3, 'min_lr': 1e-06, 'num_epochs': 50, 'patience': 5, 'use_amp': True, 'warmup_epochs': 5, 'weight_decay': 0.015}
2025-12-30 21:56:49,194 - INFO - ============================================================
2025-12-30 21:56:49,194 - INFO - Training for 50 epochs
2025-12-30 21:56:49,194 - INFO - Model parameters: 792,218
2025-12-30 21:56:58,476 - INFO - Epoch 1/50 | LR: 1.30e-04 | Train: 3.9795 | Val: 2.9017 | Acc@1: 43.88%
2025-12-30 21:56:58,508 - INFO -   ✓ New best (Acc@1: 43.88%)
2025-12-30 21:57:06,479 - INFO - Epoch 2/50 | LR: 2.60e-04 | Train: 3.5977 | Val: 2.8876 | Acc@1: 45.84%
2025-12-30 21:57:06,513 - INFO -   ✓ New best (Acc@1: 45.84%)
2025-12-30 21:57:14,179 - INFO - Epoch 3/50 | LR: 3.90e-04 | Train: 3.3645 | Val: 2.8521 | Acc@1: 47.31%
2025-12-30 21:57:14,215 - INFO -   ✓ New best (Acc@1: 47.31%)
2025-12-30 21:57:21,830 - INFO - Epoch 4/50 | LR: 5.20e-04 | Train: 3.1322 | Val: 2.8792 | Acc@1: 47.10%
2025-12-30 21:57:29,643 - INFO - Epoch 5/50 | LR: 6.50e-04 | Train: 2.8809 | Val: 2.8486 | Acc@1: 48.81%
2025-12-30 21:57:29,678 - INFO -   ✓ New best (Acc@1: 48.81%)
2025-12-30 21:57:37,253 - INFO - Epoch 6/50 | LR: 6.50e-04 | Train: 2.5889 | Val: 2.9723 | Acc@1: 46.89%
2025-12-30 21:57:44,740 - INFO - Epoch 7/50 | LR: 6.49e-04 | Train: 2.2989 | Val: 3.1002 | Acc@1: 44.41%
2025-12-30 21:57:51,881 - INFO - Epoch 8/50 | LR: 6.47e-04 | Train: 2.0471 | Val: 3.2019 | Acc@1: 44.55%
2025-12-30 21:57:57,859 - INFO - Epoch 9/50 | LR: 6.43e-04 | Train: 1.8296 | Val: 3.2837 | Acc@1: 43.46%
2025-12-30 21:58:02,892 - INFO - Epoch 10/50 | LR: 6.37e-04 | Train: 1.6397 | Val: 3.4306 | Acc@1: 43.22%
2025-12-30 21:58:02,892 - INFO - Early stopping at epoch 10
2025-12-30 21:58:03,144 - INFO - Loaded checkpoint from epoch 5
2025-12-30 21:58:05,423 - INFO - ============================================================
2025-12-30 21:58:05,423 - INFO - FINAL VALIDATION RESULTS
2025-12-30 21:58:05,423 - INFO -   Acc@1:  48.81%
2025-12-30 21:58:05,423 - INFO -   Acc@5:  78.95%
2025-12-30 21:58:05,423 - INFO -   Acc@10: 83.64%
2025-12-30 21:58:05,423 - INFO -   MRR:    61.59%
2025-12-30 21:58:05,423 - INFO -   NDCG:   66.77%
2025-12-30 21:58:05,423 - INFO - ============================================================
2025-12-30 21:58:05,423 - INFO - FINAL TEST RESULTS
2025-12-30 21:58:05,424 - INFO -   Acc@1:  49.75%
2025-12-30 21:58:05,424 - INFO -   Acc@5:  82.90%
2025-12-30 21:58:05,424 - INFO -   Acc@10: 86.60%
2025-12-30 21:58:05,424 - INFO -   MRR:    64.38%
2025-12-30 21:58:05,424 - INFO -   NDCG:   69.73%
2025-12-30 21:58:05,424 - INFO - ============================================================
