2025-12-30 08:46:38,949 - INFO - ============================================================
2025-12-30 08:46:38,949 - INFO - POINTER V45 - Training Started
2025-12-30 08:46:38,949 - INFO - ============================================================
2025-12-30 08:46:38,949 - INFO - Model config: {'d_model': 128, 'dim_feedforward': 512, 'dropout': 0.15, 'nhead': 2, 'num_layers': 4}
2025-12-30 08:46:38,949 - INFO - Training config: {'batch_size': 128, 'grad_clip': 0.8, 'label_smoothing': 0.03, 'learning_rate': 0.0007, 'min_epochs': 8, 'min_lr': 1e-06, 'num_epochs': 50, 'patience': 5, 'use_amp': True, 'warmup_epochs': 5, 'weight_decay': 0.015}
2025-12-30 08:46:38,949 - INFO - ============================================================
2025-12-30 08:46:38,949 - INFO - Training for 50 epochs
2025-12-30 08:46:38,949 - INFO - Model parameters: 2,188,158
2025-12-30 08:48:08,256 - INFO - Epoch 1/50 | LR: 1.40e-04 | Train: 2.9989 | Val: 2.7931 | Acc@1: 52.18%
2025-12-30 08:48:08,316 - INFO -   ✓ New best (Acc@1: 52.18%)
2025-12-30 08:49:47,349 - INFO - Epoch 2/50 | LR: 2.80e-04 | Train: 2.7502 | Val: 2.7296 | Acc@1: 52.37%
2025-12-30 08:49:47,416 - INFO -   ✓ New best (Acc@1: 52.37%)
2025-12-30 08:51:27,596 - INFO - Epoch 3/50 | LR: 4.20e-04 | Train: 2.6408 | Val: 2.7109 | Acc@1: 52.91%
2025-12-30 08:51:27,667 - INFO -   ✓ New best (Acc@1: 52.91%)
2025-12-30 08:53:07,332 - INFO - Epoch 4/50 | LR: 5.60e-04 | Train: 2.5517 | Val: 2.6881 | Acc@1: 54.09%
2025-12-30 08:53:07,402 - INFO -   ✓ New best (Acc@1: 54.09%)
2025-12-30 08:54:46,894 - INFO - Epoch 5/50 | LR: 7.00e-04 | Train: 2.4739 | Val: 2.6659 | Acc@1: 53.71%
2025-12-30 08:54:46,961 - INFO -   ✓ New best (Acc@1: 53.71%)
2025-12-30 08:56:26,760 - INFO - Epoch 6/50 | LR: 7.00e-04 | Train: 2.3752 | Val: 2.6380 | Acc@1: 53.71%
2025-12-30 08:56:26,830 - INFO -   ✓ New best (Acc@1: 53.71%)
2025-12-30 08:58:06,356 - INFO - Epoch 7/50 | LR: 6.99e-04 | Train: 2.2824 | Val: 2.6860 | Acc@1: 53.49%
2025-12-30 08:59:48,232 - INFO - Epoch 8/50 | LR: 6.97e-04 | Train: 2.1977 | Val: 2.6873 | Acc@1: 53.84%
2025-12-30 09:01:43,487 - INFO - Epoch 9/50 | LR: 6.92e-04 | Train: 2.1159 | Val: 2.7489 | Acc@1: 51.99%
2025-12-30 09:03:36,702 - INFO - Epoch 10/50 | LR: 6.86e-04 | Train: 2.0367 | Val: 2.7877 | Acc@1: 51.74%
2025-12-30 09:05:18,787 - INFO - Epoch 11/50 | LR: 6.79e-04 | Train: 1.9547 | Val: 2.8237 | Acc@1: 52.25%
2025-12-30 09:05:18,787 - INFO - Early stopping at epoch 11
2025-12-30 09:05:19,472 - INFO - Loaded checkpoint from epoch 6
2025-12-30 09:05:23,371 - INFO - ============================================================
2025-12-30 09:05:23,371 - INFO - FINAL VALIDATION RESULTS
2025-12-30 09:05:23,371 - INFO -   Acc@1:  53.71%
2025-12-30 09:05:23,371 - INFO -   Acc@5:  81.75%
2025-12-30 09:05:23,371 - INFO -   Acc@10: 86.59%
2025-12-30 09:05:23,371 - INFO -   MRR:    65.90%
2025-12-30 09:05:23,371 - INFO -   NDCG:   70.80%
2025-12-30 09:05:23,371 - INFO - ============================================================
2025-12-30 09:05:23,371 - INFO - FINAL TEST RESULTS
2025-12-30 09:05:23,371 - INFO -   Acc@1:  55.23%
2025-12-30 09:05:23,371 - INFO -   Acc@5:  82.82%
2025-12-30 09:05:23,371 - INFO -   Acc@10: 87.73%
2025-12-30 09:05:23,371 - INFO -   MRR:    67.21%
2025-12-30 09:05:23,371 - INFO -   NDCG:   72.07%
2025-12-30 09:05:23,371 - INFO - ============================================================
