2025-12-30 21:50:08,626 - INFO - ============================================================
2025-12-30 21:50:08,626 - INFO - POINTER V45 - Training Started
2025-12-30 21:50:08,627 - INFO - ============================================================
2025-12-30 21:50:08,627 - INFO - Model config: {'d_model': 32, 'dim_feedforward': 128, 'dropout': 0.15, 'nhead': 4, 'num_layers': 2}
2025-12-30 21:50:08,627 - INFO - Training config: {'batch_size': 128, 'grad_clip': 0.8, 'label_smoothing': 0.03, 'learning_rate': 0.0007, 'min_epochs': 3, 'min_lr': 1e-06, 'num_epochs': 50, 'patience': 5, 'use_amp': True, 'warmup_epochs': 5, 'weight_decay': 0.015}
2025-12-30 21:50:08,627 - INFO - ============================================================
2025-12-30 21:50:08,627 - INFO - Training for 50 epochs
2025-12-30 21:50:08,627 - INFO - Model parameters: 112,412
2025-12-30 21:50:16,735 - INFO - Epoch 1/50 | LR: 1.40e-04 | Train: 4.2001 | Val: 3.2298 | Acc@1: 37.25%
2025-12-30 21:50:16,757 - INFO -   ✓ New best (Acc@1: 37.25%)
2025-12-30 21:50:23,246 - INFO - Epoch 2/50 | LR: 2.80e-04 | Train: 3.8852 | Val: 3.1199 | Acc@1: 40.97%
2025-12-30 21:50:23,266 - INFO -   ✓ New best (Acc@1: 40.97%)
2025-12-30 21:50:29,627 - INFO - Epoch 3/50 | LR: 4.20e-04 | Train: 3.7376 | Val: 3.0499 | Acc@1: 44.12%
2025-12-30 21:50:29,648 - INFO -   ✓ New best (Acc@1: 44.12%)
2025-12-30 21:50:35,953 - INFO - Epoch 4/50 | LR: 5.60e-04 | Train: 3.5894 | Val: 3.0181 | Acc@1: 45.08%
2025-12-30 21:50:35,973 - INFO -   ✓ New best (Acc@1: 45.08%)
2025-12-30 21:50:42,672 - INFO - Epoch 5/50 | LR: 7.00e-04 | Train: 3.4495 | Val: 2.9976 | Acc@1: 46.13%
2025-12-30 21:50:42,692 - INFO -   ✓ New best (Acc@1: 46.13%)
2025-12-30 21:50:49,202 - INFO - Epoch 6/50 | LR: 7.00e-04 | Train: 3.3271 | Val: 2.9847 | Acc@1: 45.92%
2025-12-30 21:50:49,222 - INFO -   ✓ New best (Acc@1: 45.92%)
2025-12-30 21:50:55,604 - INFO - Epoch 7/50 | LR: 6.99e-04 | Train: 3.2143 | Val: 2.9780 | Acc@1: 46.82%
2025-12-30 21:50:55,624 - INFO -   ✓ New best (Acc@1: 46.82%)
2025-12-30 21:51:01,879 - INFO - Epoch 8/50 | LR: 6.97e-04 | Train: 3.1006 | Val: 3.0145 | Acc@1: 46.34%
2025-12-30 21:51:08,409 - INFO - Epoch 9/50 | LR: 6.92e-04 | Train: 2.9957 | Val: 3.0055 | Acc@1: 47.27%
2025-12-30 21:51:14,681 - INFO - Epoch 10/50 | LR: 6.86e-04 | Train: 2.8944 | Val: 3.0373 | Acc@1: 47.18%
2025-12-30 21:51:20,092 - INFO - Epoch 11/50 | LR: 6.79e-04 | Train: 2.7946 | Val: 3.0287 | Acc@1: 47.90%
2025-12-30 21:51:25,715 - INFO - Epoch 12/50 | LR: 6.70e-04 | Train: 2.6937 | Val: 3.0270 | Acc@1: 47.48%
2025-12-30 21:51:25,715 - INFO - Early stopping at epoch 12
2025-12-30 21:51:26,325 - INFO - Loaded checkpoint from epoch 7
2025-12-30 21:51:30,385 - INFO - ============================================================
2025-12-30 21:51:30,385 - INFO - FINAL VALIDATION RESULTS
2025-12-30 21:51:30,385 - INFO -   Acc@1:  46.82%
2025-12-30 21:51:30,385 - INFO -   Acc@5:  77.68%
2025-12-30 21:51:30,385 - INFO -   Acc@10: 82.24%
2025-12-30 21:51:30,385 - INFO -   MRR:    60.21%
2025-12-30 21:51:30,385 - INFO -   NDCG:   65.41%
2025-12-30 21:51:30,385 - INFO - ============================================================
2025-12-30 21:51:30,385 - INFO - FINAL TEST RESULTS
2025-12-30 21:51:30,385 - INFO -   Acc@1:  50.57%
2025-12-30 21:51:30,385 - INFO -   Acc@5:  81.95%
2025-12-30 21:51:30,385 - INFO -   Acc@10: 84.69%
2025-12-30 21:51:30,386 - INFO -   MRR:    64.40%
2025-12-30 21:51:30,386 - INFO -   NDCG:   69.29%
2025-12-30 21:51:30,386 - INFO - ============================================================
