2025-12-29 23:30:04,255 - INFO - ============================================================
2025-12-29 23:30:04,255 - INFO - POINTER V45 - Training Started
2025-12-29 23:30:04,255 - INFO - ============================================================
2025-12-29 23:30:04,255 - INFO - Model config: {'d_model': 128, 'dim_feedforward': 512, 'dropout': 0.15, 'nhead': 4, 'num_layers': 8}
2025-12-29 23:30:04,255 - INFO - Training config: {'batch_size': 128, 'grad_clip': 0.8, 'label_smoothing': 0.03, 'learning_rate': 0.0006, 'min_epochs': 8, 'min_lr': 1e-06, 'num_epochs': 50, 'patience': 5, 'use_amp': True, 'warmup_epochs': 5, 'weight_decay': 0.015}
2025-12-29 23:30:04,256 - INFO - ============================================================
2025-12-29 23:30:04,256 - INFO - Training for 50 epochs
2025-12-29 23:30:04,256 - INFO - Model parameters: 2,000,300
2025-12-29 23:30:12,569 - INFO - Epoch 1/50 | LR: 1.20e-04 | Train: 5.0939 | Val: 3.5910 | Acc@1: 38.67%
2025-12-29 23:30:12,646 - INFO -   ✓ New best (Acc@1: 38.67%)
2025-12-29 23:30:19,214 - INFO - Epoch 2/50 | LR: 2.40e-04 | Train: 4.2438 | Val: 3.4854 | Acc@1: 39.07%
2025-12-29 23:30:19,295 - INFO -   ✓ New best (Acc@1: 39.07%)
2025-12-29 23:30:25,851 - INFO - Epoch 3/50 | LR: 3.60e-04 | Train: 3.8243 | Val: 3.6215 | Acc@1: 38.10%
2025-12-29 23:30:32,419 - INFO - Epoch 4/50 | LR: 4.80e-04 | Train: 3.4762 | Val: 3.5669 | Acc@1: 41.63%
2025-12-29 23:30:38,964 - INFO - Epoch 5/50 | LR: 6.00e-04 | Train: 3.1262 | Val: 3.8563 | Acc@1: 37.26%
2025-12-29 23:30:44,962 - INFO - Epoch 6/50 | LR: 6.00e-04 | Train: 2.8078 | Val: 3.8480 | Acc@1: 41.63%
2025-12-29 23:30:50,413 - INFO - Epoch 7/50 | LR: 5.99e-04 | Train: 2.5483 | Val: 3.8857 | Acc@1: 40.60%
2025-12-29 23:30:55,424 - INFO - Epoch 8/50 | LR: 5.97e-04 | Train: 2.3126 | Val: 3.8301 | Acc@1: 42.29%
2025-12-29 23:30:55,425 - INFO - Early stopping at epoch 8
2025-12-29 23:30:55,690 - INFO - Loaded checkpoint from epoch 2
2025-12-29 23:30:57,548 - INFO - ============================================================
2025-12-29 23:30:57,548 - INFO - FINAL VALIDATION RESULTS
2025-12-29 23:30:57,548 - INFO -   Acc@1:  39.07%
2025-12-29 23:30:57,548 - INFO -   Acc@5:  69.70%
2025-12-29 23:30:57,548 - INFO -   Acc@10: 75.48%
2025-12-29 23:30:57,548 - INFO -   MRR:    52.59%
2025-12-29 23:30:57,548 - INFO -   NDCG:   57.87%
2025-12-29 23:30:57,548 - INFO - ============================================================
2025-12-29 23:30:57,548 - INFO - FINAL TEST RESULTS
2025-12-29 23:30:57,548 - INFO -   Acc@1:  42.28%
2025-12-29 23:30:57,548 - INFO -   Acc@5:  73.68%
2025-12-29 23:30:57,548 - INFO -   Acc@10: 78.51%
2025-12-29 23:30:57,548 - INFO -   MRR:    56.30%
2025-12-29 23:30:57,549 - INFO -   NDCG:   61.53%
2025-12-29 23:30:57,549 - INFO - ============================================================
