2025-12-28 18:23:12,642 - INFO - ============================================================
2025-12-28 18:23:12,642 - INFO - POINTER V45 - Training Started
2025-12-28 18:23:12,642 - INFO - ============================================================
2025-12-28 18:23:12,642 - INFO - Model config: {'d_model': 64, 'nhead': 4, 'num_layers': 2, 'dim_feedforward': 192, 'dropout': 0.15}
2025-12-28 18:23:12,642 - INFO - Training config: {'batch_size': 128, 'num_epochs': 2, 'learning_rate': 0.0008, 'weight_decay': 0.015, 'label_smoothing': 0.03, 'grad_clip': 0.8, 'patience': 5, 'min_epochs': 8, 'warmup_epochs': 5, 'use_amp': True, 'min_lr': 1e-06}
2025-12-28 18:23:12,643 - INFO - ============================================================
2025-12-28 18:23:12,643 - INFO - Training for 2 epochs
2025-12-28 18:23:12,643 - INFO - Model parameters: 258,346
2025-12-28 18:23:15,975 - INFO - Epoch 1/2 | LR: 1.60e-04 | Train: 3.9835 | Val: 2.8957 | Acc@1: 41.15%
2025-12-28 18:23:15,995 - INFO -   ✓ New best (Acc@1: 41.15%)
2025-12-28 18:23:18,615 - INFO - Epoch 2/2 | LR: 3.20e-04 | Train: 3.6873 | Val: 2.8465 | Acc@1: 45.59%
2025-12-28 18:23:18,635 - INFO -   ✓ New best (Acc@1: 45.59%)
2025-12-28 18:23:18,686 - INFO - Loaded checkpoint from epoch 2
2025-12-28 18:23:19,565 - INFO - ============================================================
2025-12-28 18:23:19,566 - INFO - FINAL VALIDATION RESULTS
2025-12-28 18:23:19,566 - INFO -   Acc@1:  45.59%
2025-12-28 18:23:19,566 - INFO -   Acc@5:  80.91%
2025-12-28 18:23:19,566 - INFO -   Acc@10: 84.06%
2025-12-28 18:23:19,566 - INFO -   MRR:    60.70%
2025-12-28 18:23:19,566 - INFO -   NDCG:   66.34%
2025-12-28 18:23:19,566 - INFO - ============================================================
2025-12-28 18:23:19,566 - INFO - FINAL TEST RESULTS
2025-12-28 18:23:19,566 - INFO -   Acc@1:  50.18%
2025-12-28 18:23:19,566 - INFO -   Acc@5:  84.21%
2025-12-28 18:23:19,566 - INFO -   Acc@10: 86.80%
2025-12-28 18:23:19,566 - INFO -   MRR:    65.34%
2025-12-28 18:23:19,566 - INFO -   NDCG:   70.64%
2025-12-28 18:23:19,566 - INFO - ============================================================
