2025-12-30 02:58:11,120 - INFO - ============================================================
2025-12-30 02:58:11,121 - INFO - POINTER V45 - Training Started
2025-12-30 02:58:11,121 - INFO - ============================================================
2025-12-30 02:58:11,121 - INFO - Model config: {'d_model': 64, 'dim_feedforward': 512, 'dropout': 0.15, 'nhead': 8, 'num_layers': 8}
2025-12-30 02:58:11,121 - INFO - Training config: {'batch_size': 128, 'grad_clip': 0.8, 'label_smoothing': 0.03, 'learning_rate': 0.0007, 'min_epochs': 8, 'min_lr': 1e-06, 'num_epochs': 50, 'patience': 5, 'use_amp': True, 'warmup_epochs': 5, 'weight_decay': 0.015}
2025-12-30 02:58:11,121 - INFO - ============================================================
2025-12-30 02:58:11,121 - INFO - Training for 50 epochs
2025-12-30 02:58:11,122 - INFO - Model parameters: 1,645,650
2025-12-30 03:01:05,025 - INFO - Epoch 1/50 | LR: 1.40e-04 | Train: 3.0870 | Val: 3.0445 | Acc@1: 51.25%
2025-12-30 03:01:05,099 - INFO -   ✓ New best (Acc@1: 51.25%)
2025-12-30 03:03:54,358 - INFO - Epoch 2/50 | LR: 2.80e-04 | Train: 2.8787 | Val: 3.0020 | Acc@1: 52.59%
2025-12-30 03:03:54,435 - INFO -   ✓ New best (Acc@1: 52.59%)
2025-12-30 03:06:45,631 - INFO - Epoch 3/50 | LR: 4.20e-04 | Train: 2.8155 | Val: 2.9720 | Acc@1: 53.40%
2025-12-30 03:06:45,714 - INFO -   ✓ New best (Acc@1: 53.40%)
2025-12-30 03:09:34,672 - INFO - Epoch 4/50 | LR: 5.60e-04 | Train: 2.7724 | Val: 2.9471 | Acc@1: 53.76%
2025-12-30 03:09:34,750 - INFO -   ✓ New best (Acc@1: 53.76%)
2025-12-30 03:12:23,013 - INFO - Epoch 5/50 | LR: 7.00e-04 | Train: 2.7269 | Val: 2.9164 | Acc@1: 54.15%
2025-12-30 03:12:23,092 - INFO -   ✓ New best (Acc@1: 54.15%)
2025-12-30 03:15:12,042 - INFO - Epoch 6/50 | LR: 7.00e-04 | Train: 2.6667 | Val: 2.9013 | Acc@1: 54.47%
2025-12-30 03:15:12,125 - INFO -   ✓ New best (Acc@1: 54.47%)
2025-12-30 03:18:00,406 - INFO - Epoch 7/50 | LR: 6.99e-04 | Train: 2.6138 | Val: 2.8883 | Acc@1: 54.21%
2025-12-30 03:18:00,485 - INFO -   ✓ New best (Acc@1: 54.21%)
2025-12-30 03:20:35,331 - INFO - Epoch 8/50 | LR: 6.97e-04 | Train: 2.5654 | Val: 2.8668 | Acc@1: 54.33%
2025-12-30 03:20:35,404 - INFO -   ✓ New best (Acc@1: 54.33%)
2025-12-30 03:22:41,625 - INFO - Epoch 9/50 | LR: 6.92e-04 | Train: 2.5234 | Val: 2.8801 | Acc@1: 54.74%
2025-12-30 03:24:50,657 - INFO - Epoch 10/50 | LR: 6.86e-04 | Train: 2.4862 | Val: 2.8723 | Acc@1: 54.68%
2025-12-30 03:27:01,078 - INFO - Epoch 11/50 | LR: 6.79e-04 | Train: 2.4560 | Val: 2.9006 | Acc@1: 54.41%
2025-12-30 03:29:11,334 - INFO - Epoch 12/50 | LR: 6.70e-04 | Train: 2.4275 | Val: 2.9171 | Acc@1: 53.95%
2025-12-30 03:31:18,426 - INFO - Epoch 13/50 | LR: 6.59e-04 | Train: 2.4034 | Val: 2.9276 | Acc@1: 54.09%
2025-12-30 03:31:18,426 - INFO - Early stopping at epoch 13
2025-12-30 03:31:18,770 - INFO - Loaded checkpoint from epoch 8
2025-12-30 03:31:25,685 - INFO - ============================================================
2025-12-30 03:31:25,685 - INFO - FINAL VALIDATION RESULTS
2025-12-30 03:31:25,685 - INFO -   Acc@1:  54.33%
2025-12-30 03:31:25,685 - INFO -   Acc@5:  79.75%
2025-12-30 03:31:25,685 - INFO -   Acc@10: 83.35%
2025-12-30 03:31:25,685 - INFO -   MRR:    65.55%
2025-12-30 03:31:25,685 - INFO -   NDCG:   69.77%
2025-12-30 03:31:25,685 - INFO - ============================================================
2025-12-30 03:31:25,685 - INFO - FINAL TEST RESULTS
2025-12-30 03:31:25,686 - INFO -   Acc@1:  56.24%
2025-12-30 03:31:25,686 - INFO -   Acc@5:  82.27%
2025-12-30 03:31:25,686 - INFO -   Acc@10: 85.52%
2025-12-30 03:31:25,686 - INFO -   MRR:    67.59%
2025-12-30 03:31:25,686 - INFO -   NDCG:   71.88%
2025-12-30 03:31:25,686 - INFO - ============================================================
