2025-12-29 19:11:52,935 - INFO - ============================================================
2025-12-29 19:11:52,935 - INFO - POINTER V45 - Training Started
2025-12-29 19:11:52,935 - INFO - ============================================================
2025-12-29 19:11:52,935 - INFO - Model config: {'d_model': 32, 'dim_feedforward': 256, 'dropout': 0.15, 'nhead': 2, 'num_layers': 2}
2025-12-29 19:11:52,935 - INFO - Training config: {'batch_size': 128, 'grad_clip': 0.8, 'label_smoothing': 0.03, 'learning_rate': 0.0006, 'min_epochs': 8, 'min_lr': 1e-06, 'num_epochs': 2, 'patience': 5, 'use_amp': True, 'warmup_epochs': 5, 'weight_decay': 0.015}
2025-12-29 19:11:52,935 - INFO - ============================================================
2025-12-29 19:11:52,935 - INFO - Training for 2 epochs
2025-12-29 19:11:52,936 - INFO - Model parameters: 550,848
2025-12-29 19:12:52,888 - INFO - Epoch 1/2 | LR: 1.20e-04 | Train: 3.3188 | Val: 3.2323 | Acc@1: 49.20%
2025-12-29 19:12:52,914 - INFO -   ✓ New best (Acc@1: 49.20%)
2025-12-29 19:13:46,192 - INFO - Epoch 2/2 | LR: 2.40e-04 | Train: 3.1099 | Val: 3.1489 | Acc@1: 52.02%
2025-12-29 19:13:46,219 - INFO -   ✓ New best (Acc@1: 52.02%)
2025-12-29 19:13:46,273 - INFO - Loaded checkpoint from epoch 2
2025-12-29 19:13:50,884 - INFO - ============================================================
2025-12-29 19:13:50,885 - INFO - FINAL VALIDATION RESULTS
2025-12-29 19:13:50,885 - INFO -   Acc@1:  52.02%
2025-12-29 19:13:50,885 - INFO -   Acc@5:  77.87%
2025-12-29 19:13:50,885 - INFO -   Acc@10: 80.25%
2025-12-29 19:13:50,885 - INFO -   MRR:    63.29%
2025-12-29 19:13:50,885 - INFO -   NDCG:   67.40%
2025-12-29 19:13:50,885 - INFO - ============================================================
2025-12-29 19:13:50,885 - INFO - FINAL TEST RESULTS
2025-12-29 19:13:50,885 - INFO -   Acc@1:  52.99%
2025-12-29 19:13:50,885 - INFO -   Acc@5:  79.52%
2025-12-29 19:13:50,885 - INFO -   Acc@10: 81.96%
2025-12-29 19:13:50,885 - INFO -   MRR:    64.53%
2025-12-29 19:13:50,885 - INFO -   NDCG:   68.76%
2025-12-29 19:13:50,885 - INFO - ============================================================
