Training MHSA model
Dataset: geolife
Config: /data/next_loc_clean_v2/config/ht_optuna/optuna_MHSA_geolife_prev7_t0_20251231_152825_4f151c10.yaml
Device: cuda
Seed: 42
==================================================
Data loaders: train=232, val=105, test=110
Total trainable parameters: 1190819

=== Epoch 1 ===
Epoch 1, 8.6%	 loss: 7.211 acc@1: 0.16 mrr: 0.69, ndcg: 0.50, took: 2.90s
Epoch 1, 17.2%	 loss: 7.177 acc@1: 0.00 mrr: 0.66, ndcg: 0.41, took: 1.85s
Epoch 1, 25.9%	 loss: 7.171 acc@1: 0.16 mrr: 0.84, ndcg: 0.58, took: 1.74s
Epoch 1, 34.5%	 loss: 7.142 acc@1: 0.00 mrr: 0.75, ndcg: 0.49, took: 1.67s
Epoch 1, 43.1%	 loss: 7.082 acc@1: 0.62 mrr: 1.66, ndcg: 1.50, took: 1.66s
Epoch 1, 51.7%	 loss: 7.036 acc@1: 1.56 mrr: 3.18, ndcg: 3.27, took: 1.82s
Epoch 1, 60.3%	 loss: 6.965 acc@1: 3.91 mrr: 6.10, ndcg: 6.37, took: 1.72s
Epoch 1, 69.0%	 loss: 6.869 acc@1: 8.75 mrr: 11.30, ndcg: 11.86, took: 1.67s
Epoch 1, 77.6%	 loss: 6.680 acc@1: 11.09 mrr: 15.20, ndcg: 15.98, took: 1.74s
Epoch 1, 86.2%	 loss: 6.532 acc@1: 15.94 mrr: 19.39, ndcg: 20.00, took: 1.52s
Epoch 1, 94.8%	 loss: 6.398 acc@1: 15.62 mrr: 20.17, ndcg: 21.16, took: 1.53s
Validation - loss: 5.7911, acc@1: 22.02%, f1: 10.94%, mrr: 29.21%, ndcg: 31.90%
Current learning rate: 0.000250

=== Epoch 2 ===
Epoch 2, 8.6%	 loss: 5.994 acc@1: 17.19 mrr: 24.42, ndcg: 26.62, took: 1.57s
Epoch 2, 17.2%	 loss: 5.876 acc@1: 18.12 mrr: 26.36, ndcg: 29.20, took: 1.63s
Epoch 2, 25.9%	 loss: 5.600 acc@1: 23.28 mrr: 31.70, ndcg: 34.59, took: 1.76s
Epoch 2, 34.5%	 loss: 5.630 acc@1: 18.91 mrr: 27.58, ndcg: 30.58, took: 1.63s
Epoch 2, 43.1%	 loss: 5.335 acc@1: 22.03 mrr: 32.33, ndcg: 36.28, took: 1.76s
Epoch 2, 51.7%	 loss: 5.122 acc@1: 26.72 mrr: 35.34, ndcg: 38.95, took: 1.66s
Epoch 2, 60.3%	 loss: 5.010 acc@1: 26.09 mrr: 36.25, ndcg: 40.16, took: 1.74s
Epoch 2, 69.0%	 loss: 5.025 acc@1: 23.75 mrr: 34.50, ndcg: 38.79, took: 1.68s
Epoch 2, 77.6%	 loss: 4.871 acc@1: 24.38 mrr: 35.86, ndcg: 40.67, took: 1.60s
Epoch 2, 86.2%	 loss: 4.874 acc@1: 25.94 mrr: 36.30, ndcg: 40.34, took: 1.62s
Epoch 2, 94.8%	 loss: 4.600 acc@1: 26.88 mrr: 38.76, ndcg: 43.61, took: 1.64s
Validation - loss: 4.5558, acc@1: 28.19%, f1: 16.69%, mrr: 40.17%, ndcg: 44.44%
Current learning rate: 0.000500

=== Epoch 3 ===
Epoch 3, 8.6%	 loss: 4.488 acc@1: 24.22 mrr: 36.57, ndcg: 41.49, took: 1.64s
Epoch 3, 17.2%	 loss: 4.359 acc@1: 27.97 mrr: 39.60, ndcg: 44.60, took: 1.65s
Epoch 3, 25.9%	 loss: 4.220 acc@1: 27.50 mrr: 41.00, ndcg: 45.68, took: 1.66s
Epoch 3, 34.5%	 loss: 4.201 acc@1: 30.62 mrr: 42.40, ndcg: 46.98, took: 1.73s
Epoch 3, 43.1%	 loss: 4.148 acc@1: 27.03 mrr: 40.11, ndcg: 45.42, took: 1.72s
Epoch 3, 51.7%	 loss: 4.050 acc@1: 29.53 mrr: 42.84, ndcg: 47.67, took: 1.60s
Epoch 3, 60.3%	 loss: 4.110 acc@1: 30.47 mrr: 42.42, ndcg: 46.67, took: 1.57s
Epoch 3, 69.0%	 loss: 3.910 acc@1: 32.66 mrr: 44.58, ndcg: 48.84, took: 1.71s
Epoch 3, 77.6%	 loss: 4.183 acc@1: 29.53 mrr: 41.63, ndcg: 45.88, took: 1.63s
Epoch 3, 86.2%	 loss: 3.860 acc@1: 30.94 mrr: 44.63, ndcg: 49.67, took: 1.68s
Epoch 3, 94.8%	 loss: 3.733 acc@1: 32.97 mrr: 46.86, ndcg: 51.85, took: 1.65s
Validation - loss: 4.2513, acc@1: 33.02%, f1: 21.45%, mrr: 44.22%, ndcg: 48.37%
Current learning rate: 0.000490

=== Epoch 4 ===
Epoch 4, 8.6%	 loss: 3.443 acc@1: 37.34 mrr: 50.36, ndcg: 55.00, took: 1.67s
Epoch 4, 17.2%	 loss: 3.717 acc@1: 34.22 mrr: 46.73, ndcg: 51.20, took: 1.63s
Epoch 4, 25.9%	 loss: 3.681 acc@1: 32.81 mrr: 46.97, ndcg: 52.00, took: 1.65s
Epoch 4, 34.5%	 loss: 3.780 acc@1: 32.34 mrr: 45.22, ndcg: 50.27, took: 1.58s
Epoch 4, 43.1%	 loss: 3.749 acc@1: 29.84 mrr: 44.14, ndcg: 49.02, took: 1.60s
Epoch 4, 51.7%	 loss: 3.601 acc@1: 32.81 mrr: 47.48, ndcg: 52.57, took: 1.60s
Epoch 4, 60.3%	 loss: 3.762 acc@1: 30.94 mrr: 44.37, ndcg: 48.72, took: 1.82s
Epoch 4, 69.0%	 loss: 3.702 acc@1: 34.38 mrr: 47.31, ndcg: 51.64, took: 1.64s
Epoch 4, 77.6%	 loss: 3.617 acc@1: 32.03 mrr: 46.36, ndcg: 51.28, took: 1.64s
Epoch 4, 86.2%	 loss: 3.764 acc@1: 30.31 mrr: 44.58, ndcg: 49.61, took: 1.75s
Epoch 4, 94.8%	 loss: 3.832 acc@1: 30.16 mrr: 43.80, ndcg: 48.66, took: 1.69s
Validation - loss: 4.2479, acc@1: 33.32%, f1: 21.14%, mrr: 45.36%, ndcg: 49.72%
Current learning rate: 0.000479

=== Epoch 5 ===
Epoch 5, 8.6%	 loss: 3.424 acc@1: 33.75 mrr: 48.49, ndcg: 53.48, took: 1.58s
Epoch 5, 17.2%	 loss: 3.287 acc@1: 35.47 mrr: 50.33, ndcg: 55.24, took: 1.69s
Epoch 5, 25.9%	 loss: 3.404 acc@1: 35.00 mrr: 49.76, ndcg: 54.68, took: 1.61s
Epoch 5, 34.5%	 loss: 3.459 acc@1: 32.66 mrr: 46.92, ndcg: 51.83, took: 1.68s
Epoch 5, 43.1%	 loss: 3.521 acc@1: 29.53 mrr: 45.24, ndcg: 50.52, took: 1.77s
Epoch 5, 51.7%	 loss: 3.485 acc@1: 33.59 mrr: 47.46, ndcg: 52.41, took: 1.65s
Epoch 5, 60.3%	 loss: 3.401 acc@1: 32.81 mrr: 47.57, ndcg: 52.57, took: 1.66s
Epoch 5, 69.0%	 loss: 3.488 acc@1: 34.38 mrr: 47.86, ndcg: 52.88, took: 1.58s
Epoch 5, 77.6%	 loss: 3.495 acc@1: 34.53 mrr: 47.59, ndcg: 52.23, took: 1.69s
Epoch 5, 86.2%	 loss: 3.468 acc@1: 35.94 mrr: 49.01, ndcg: 53.51, took: 1.50s
Epoch 5, 94.8%	 loss: 3.297 acc@1: 35.16 mrr: 50.00, ndcg: 55.22, took: 1.52s
Validation - loss: 4.2406, acc@1: 33.95%, f1: 21.94%, mrr: 45.90%, ndcg: 50.19%
Current learning rate: 0.000469

=== Epoch 6 ===
Epoch 6, 8.6%	 loss: 3.118 acc@1: 37.97 mrr: 52.13, ndcg: 57.19, took: 1.80s
Epoch 6, 17.2%	 loss: 3.374 acc@1: 33.59 mrr: 48.21, ndcg: 52.85, took: 1.65s
Epoch 6, 25.9%	 loss: 3.337 acc@1: 31.25 mrr: 47.30, ndcg: 52.77, took: 1.63s
Epoch 6, 34.5%	 loss: 3.363 acc@1: 35.78 mrr: 49.09, ndcg: 53.57, took: 1.71s
Epoch 6, 43.1%	 loss: 3.301 acc@1: 34.06 mrr: 48.93, ndcg: 53.80, took: 1.61s
Epoch 6, 51.7%	 loss: 3.302 acc@1: 34.69 mrr: 48.96, ndcg: 53.60, took: 1.58s
Epoch 6, 60.3%	 loss: 3.428 acc@1: 35.00 mrr: 48.48, ndcg: 52.98, took: 1.71s
Epoch 6, 69.0%	 loss: 3.393 acc@1: 35.78 mrr: 49.35, ndcg: 54.48, took: 1.57s
Epoch 6, 77.6%	 loss: 3.127 acc@1: 38.91 mrr: 52.88, ndcg: 57.45, took: 1.73s
Epoch 6, 86.2%	 loss: 3.255 acc@1: 34.22 mrr: 49.22, ndcg: 54.42, took: 1.71s
Epoch 6, 94.8%	 loss: 3.241 acc@1: 35.31 mrr: 50.04, ndcg: 55.11, took: 1.56s
Validation - loss: 4.2731, acc@1: 32.87%, f1: 23.18%, mrr: 45.51%, ndcg: 49.74%
Current learning rate: 0.000458

=== Epoch 7 ===
Epoch 7, 8.6%	 loss: 3.191 acc@1: 36.41 mrr: 50.20, ndcg: 54.78, took: 1.66s
Epoch 7, 17.2%	 loss: 3.169 acc@1: 33.12 mrr: 48.62, ndcg: 53.71, took: 1.74s
Epoch 7, 25.9%	 loss: 3.177 acc@1: 34.84 mrr: 49.93, ndcg: 54.79, took: 1.73s
Epoch 7, 34.5%	 loss: 3.049 acc@1: 40.16 mrr: 52.92, ndcg: 57.12, took: 1.57s
Epoch 7, 43.1%	 loss: 3.189 acc@1: 34.22 mrr: 49.36, ndcg: 54.47, took: 1.76s
Epoch 7, 51.7%	 loss: 3.258 acc@1: 35.31 mrr: 49.42, ndcg: 54.56, took: 1.74s
Epoch 7, 60.3%	 loss: 3.016 acc@1: 33.59 mrr: 50.59, ndcg: 56.26, took: 1.71s
Epoch 7, 69.0%	 loss: 2.967 acc@1: 35.47 mrr: 51.21, ndcg: 56.52, took: 1.63s
Epoch 7, 77.6%	 loss: 3.133 acc@1: 34.38 mrr: 50.09, ndcg: 55.32, took: 1.56s
Epoch 7, 86.2%	 loss: 3.157 acc@1: 32.50 mrr: 48.39, ndcg: 53.78, took: 1.69s
Epoch 7, 94.8%	 loss: 3.208 acc@1: 33.12 mrr: 48.76, ndcg: 54.28, took: 1.61s
Validation - loss: 4.3308, acc@1: 33.32%, f1: 20.87%, mrr: 45.96%, ndcg: 50.37%
Current learning rate: 0.000448

=== Epoch 8 ===
Epoch 8, 8.6%	 loss: 3.057 acc@1: 36.88 mrr: 51.64, ndcg: 56.44, took: 1.64s
Epoch 8, 17.2%	 loss: 2.933 acc@1: 37.34 mrr: 52.64, ndcg: 57.86, took: 1.64s
Epoch 8, 25.9%	 loss: 2.951 acc@1: 35.47 mrr: 51.06, ndcg: 56.59, took: 1.68s
Epoch 8, 34.5%	 loss: 3.131 acc@1: 35.78 mrr: 50.04, ndcg: 54.96, took: 1.54s
Epoch 8, 43.1%	 loss: 3.119 acc@1: 32.19 mrr: 48.42, ndcg: 54.08, took: 1.64s
Epoch 8, 51.7%	 loss: 3.068 acc@1: 35.16 mrr: 50.84, ndcg: 55.87, took: 1.61s
Epoch 8, 60.3%	 loss: 2.916 acc@1: 36.88 mrr: 52.66, ndcg: 57.96, took: 1.59s
Epoch 8, 69.0%	 loss: 3.038 acc@1: 36.72 mrr: 51.43, ndcg: 56.01, took: 1.61s
Epoch 8, 77.6%	 loss: 3.069 acc@1: 34.84 mrr: 50.13, ndcg: 55.41, took: 1.67s
Epoch 8, 86.2%	 loss: 3.090 acc@1: 35.62 mrr: 50.89, ndcg: 56.12, took: 1.65s
Epoch 8, 94.8%	 loss: 3.026 acc@1: 36.72 mrr: 51.14, ndcg: 56.44, took: 1.61s
Validation - loss: 4.3907, acc@1: 33.80%, f1: 22.28%, mrr: 46.64%, ndcg: 50.84%
Current learning rate: 0.000438

=== Epoch 9 ===
Epoch 9, 8.6%	 loss: 2.885 acc@1: 35.47 mrr: 51.77, ndcg: 57.56, took: 1.72s
Epoch 9, 17.2%	 loss: 2.915 acc@1: 34.53 mrr: 50.44, ndcg: 55.81, took: 1.80s
Epoch 9, 25.9%	 loss: 2.818 acc@1: 36.41 mrr: 52.37, ndcg: 57.88, took: 1.73s
Epoch 9, 34.5%	 loss: 2.837 acc@1: 39.53 mrr: 54.15, ndcg: 59.53, took: 1.69s
Epoch 9, 43.1%	 loss: 2.863 acc@1: 35.16 mrr: 51.34, ndcg: 56.74, took: 1.74s
Epoch 9, 51.7%	 loss: 2.794 acc@1: 38.28 mrr: 54.10, ndcg: 59.56, took: 1.59s
Epoch 9, 60.3%	 loss: 2.906 acc@1: 35.16 mrr: 51.32, ndcg: 56.83, took: 1.59s
Epoch 9, 69.0%	 loss: 2.980 acc@1: 36.25 mrr: 51.47, ndcg: 56.45, took: 1.59s
Epoch 9, 77.6%	 loss: 3.036 acc@1: 33.59 mrr: 49.66, ndcg: 54.78, took: 1.64s
Epoch 9, 86.2%	 loss: 3.236 acc@1: 33.28 mrr: 48.10, ndcg: 53.09, took: 1.70s
Epoch 9, 94.8%	 loss: 2.884 acc@1: 37.19 mrr: 52.93, ndcg: 58.38, took: 1.62s
Validation - loss: 4.4634, acc@1: 31.94%, f1: 23.06%, mrr: 45.48%, ndcg: 49.98%
Current learning rate: 0.000427

=== Epoch 10 ===
Epoch 10, 8.6%	 loss: 2.737 acc@1: 36.56 mrr: 53.37, ndcg: 59.43, took: 1.63s
Epoch 10, 17.2%	 loss: 2.675 acc@1: 39.38 mrr: 55.36, ndcg: 60.78, took: 1.68s
Epoch 10, 25.9%	 loss: 2.714 acc@1: 36.88 mrr: 53.70, ndcg: 59.62, took: 1.67s
Epoch 10, 34.5%	 loss: 2.908 acc@1: 33.28 mrr: 50.17, ndcg: 55.45, took: 1.50s
Epoch 10, 43.1%	 loss: 2.923 acc@1: 36.25 mrr: 51.56, ndcg: 56.85, took: 1.51s
Epoch 10, 51.7%	 loss: 2.969 acc@1: 32.97 mrr: 49.78, ndcg: 55.42, took: 1.73s
Epoch 10, 60.3%	 loss: 2.896 acc@1: 35.94 mrr: 51.44, ndcg: 56.54, took: 1.67s
Epoch 10, 69.0%	 loss: 2.900 acc@1: 38.91 mrr: 53.01, ndcg: 57.81, took: 1.71s
Epoch 10, 77.6%	 loss: 2.928 acc@1: 37.34 mrr: 51.85, ndcg: 56.73, took: 1.66s
Epoch 10, 86.2%	 loss: 2.764 acc@1: 37.34 mrr: 53.83, ndcg: 59.40, took: 1.59s
Epoch 10, 94.8%	 loss: 2.877 acc@1: 35.94 mrr: 51.16, ndcg: 56.83, took: 1.53s
Validation - loss: 4.4771, acc@1: 34.46%, f1: 24.39%, mrr: 46.92%, ndcg: 51.13%
Current learning rate: 0.000042

=== Epoch 11 ===
Epoch 11, 8.6%	 loss: 3.233 acc@1: 37.81 mrr: 51.01, ndcg: 56.03, took: 1.54s
Epoch 11, 17.2%	 loss: 3.223 acc@1: 35.94 mrr: 50.51, ndcg: 55.20, took: 1.78s
Epoch 11, 25.9%	 loss: 3.304 acc@1: 35.94 mrr: 49.50, ndcg: 54.32, took: 1.69s
Epoch 11, 34.5%	 loss: 3.382 acc@1: 31.72 mrr: 46.78, ndcg: 51.95, took: 1.63s
Epoch 11, 43.1%	 loss: 3.193 acc@1: 30.78 mrr: 47.88, ndcg: 53.71, took: 1.58s
Epoch 11, 51.7%	 loss: 3.125 acc@1: 36.25 mrr: 51.15, ndcg: 55.86, took: 1.64s
Epoch 11, 60.3%	 loss: 3.210 acc@1: 35.31 mrr: 50.13, ndcg: 54.86, took: 1.57s
Epoch 11, 69.0%	 loss: 2.957 acc@1: 39.38 mrr: 53.64, ndcg: 58.43, took: 1.60s
Epoch 11, 77.6%	 loss: 3.259 acc@1: 36.41 mrr: 49.97, ndcg: 53.90, took: 1.68s
Epoch 11, 86.2%	 loss: 3.122 acc@1: 35.47 mrr: 51.03, ndcg: 56.54, took: 1.69s
Epoch 11, 94.8%	 loss: 3.198 acc@1: 36.09 mrr: 50.26, ndcg: 55.02, took: 1.72s
Validation - loss: 4.1677, acc@1: 35.21%, f1: 23.03%, mrr: 47.14%, ndcg: 51.29%
Current learning rate: 0.000042

=== Epoch 12 ===
Epoch 12, 8.6%	 loss: 3.160 acc@1: 35.78 mrr: 50.96, ndcg: 55.55, took: 1.71s
Epoch 12, 17.2%	 loss: 3.059 acc@1: 38.28 mrr: 52.26, ndcg: 57.00, took: 1.78s
Epoch 12, 25.9%	 loss: 3.111 acc@1: 37.81 mrr: 52.08, ndcg: 57.08, took: 1.59s
Epoch 12, 34.5%	 loss: 3.000 acc@1: 37.66 mrr: 52.82, ndcg: 57.87, took: 1.66s
Epoch 12, 43.1%	 loss: 3.273 acc@1: 33.91 mrr: 48.38, ndcg: 53.43, took: 1.61s
Epoch 12, 51.7%	 loss: 3.258 acc@1: 35.31 mrr: 49.49, ndcg: 54.10, took: 1.69s
Epoch 12, 60.3%	 loss: 3.213 acc@1: 33.91 mrr: 49.47, ndcg: 54.75, took: 1.68s
Epoch 12, 69.0%	 loss: 3.180 acc@1: 36.41 mrr: 50.60, ndcg: 55.29, took: 1.57s
Epoch 12, 77.6%	 loss: 2.919 acc@1: 40.16 mrr: 54.03, ndcg: 59.09, took: 1.80s
Epoch 12, 86.2%	 loss: 3.235 acc@1: 33.59 mrr: 48.78, ndcg: 53.51, took: 1.76s
Epoch 12, 94.8%	 loss: 3.300 acc@1: 34.06 mrr: 48.61, ndcg: 53.39, took: 1.69s
Validation - loss: 4.1804, acc@1: 35.27%, f1: 23.17%, mrr: 47.27%, ndcg: 51.41%
Current learning rate: 0.000042

=== Epoch 13 ===
Epoch 13, 8.6%	 loss: 3.154 acc@1: 37.03 mrr: 50.64, ndcg: 55.48, took: 1.71s
Epoch 13, 17.2%	 loss: 3.155 acc@1: 35.16 mrr: 49.96, ndcg: 54.91, took: 1.60s
Epoch 13, 25.9%	 loss: 3.269 acc@1: 31.88 mrr: 47.54, ndcg: 53.01, took: 1.66s
Epoch 13, 34.5%	 loss: 3.079 acc@1: 37.19 mrr: 51.91, ndcg: 56.63, took: 1.55s
Epoch 13, 43.1%	 loss: 3.093 acc@1: 36.88 mrr: 51.44, ndcg: 56.14, took: 1.60s
Epoch 13, 51.7%	 loss: 3.151 acc@1: 37.66 mrr: 51.35, ndcg: 55.99, took: 1.70s
Epoch 13, 60.3%	 loss: 3.028 acc@1: 40.94 mrr: 54.00, ndcg: 58.29, took: 1.66s
Epoch 13, 69.0%	 loss: 3.098 acc@1: 37.81 mrr: 52.22, ndcg: 56.95, took: 1.71s
Epoch 13, 77.6%	 loss: 3.259 acc@1: 33.28 mrr: 48.62, ndcg: 53.56, took: 1.64s
Epoch 13, 86.2%	 loss: 2.949 acc@1: 38.91 mrr: 54.19, ndcg: 58.76, took: 1.40s
Epoch 13, 94.8%	 loss: 2.965 acc@1: 38.59 mrr: 53.15, ndcg: 58.11, took: 1.66s
Validation - loss: 4.1892, acc@1: 35.27%, f1: 23.34%, mrr: 47.26%, ndcg: 51.42%
Current learning rate: 0.000042

=== Epoch 14 ===
Epoch 14, 8.6%	 loss: 3.167 acc@1: 36.41 mrr: 50.74, ndcg: 55.20, took: 1.62s
Epoch 14, 17.2%	 loss: 3.107 acc@1: 34.53 mrr: 50.00, ndcg: 55.34, took: 1.59s
Epoch 14, 25.9%	 loss: 3.184 acc@1: 33.75 mrr: 49.04, ndcg: 54.06, took: 1.67s
Epoch 14, 34.5%	 loss: 3.121 acc@1: 36.25 mrr: 51.10, ndcg: 56.13, took: 1.59s
Epoch 14, 43.1%	 loss: 3.039 acc@1: 35.47 mrr: 50.96, ndcg: 56.12, took: 1.61s
Epoch 14, 51.7%	 loss: 3.021 acc@1: 37.97 mrr: 52.25, ndcg: 56.96, took: 1.58s
Epoch 14, 60.3%	 loss: 3.060 acc@1: 37.50 mrr: 51.89, ndcg: 56.66, took: 1.75s
Epoch 14, 69.0%	 loss: 3.046 acc@1: 37.03 mrr: 52.13, ndcg: 57.19, took: 1.58s
Epoch 14, 77.6%	 loss: 3.162 acc@1: 34.84 mrr: 50.30, ndcg: 55.29, took: 1.62s
Epoch 14, 86.2%	 loss: 3.025 acc@1: 37.97 mrr: 52.67, ndcg: 57.31, took: 1.57s
Epoch 14, 94.8%	 loss: 3.144 acc@1: 36.72 mrr: 50.98, ndcg: 55.83, took: 1.68s
Validation - loss: 4.2206, acc@1: 34.97%, f1: 23.32%, mrr: 46.93%, ndcg: 51.05%
Current learning rate: 0.000042

=== Epoch 15 ===
Epoch 15, 8.6%	 loss: 2.987 acc@1: 38.28 mrr: 52.85, ndcg: 57.79, took: 1.60s
Epoch 15, 17.2%	 loss: 3.072 acc@1: 34.69 mrr: 50.75, ndcg: 55.71, took: 1.67s
Epoch 15, 25.9%	 loss: 3.123 acc@1: 33.59 mrr: 49.55, ndcg: 54.76, took: 1.54s
Epoch 15, 34.5%	 loss: 3.023 acc@1: 36.25 mrr: 51.64, ndcg: 56.48, took: 1.82s
Epoch 15, 43.1%	 loss: 2.987 acc@1: 38.59 mrr: 53.55, ndcg: 58.50, took: 1.63s
Epoch 15, 51.7%	 loss: 3.215 acc@1: 36.09 mrr: 50.52, ndcg: 55.36, took: 1.65s
Epoch 15, 60.3%	 loss: 3.151 acc@1: 37.97 mrr: 51.50, ndcg: 56.03, took: 1.63s
Epoch 15, 69.0%	 loss: 3.156 acc@1: 37.97 mrr: 51.60, ndcg: 56.42, took: 1.52s
Epoch 15, 77.6%	 loss: 3.007 acc@1: 37.97 mrr: 51.98, ndcg: 56.86, took: 1.59s
Epoch 15, 86.2%	 loss: 3.025 acc@1: 34.69 mrr: 50.18, ndcg: 55.25, took: 1.68s
Epoch 15, 94.8%	 loss: 3.059 acc@1: 34.38 mrr: 50.20, ndcg: 55.37, took: 1.69s
Validation - loss: 4.1970, acc@1: 35.51%, f1: 23.46%, mrr: 47.32%, ndcg: 51.44%
Current learning rate: 0.000042

=== Epoch 16 ===
Epoch 16, 8.6%	 loss: 3.000 acc@1: 37.66 mrr: 52.03, ndcg: 56.88, took: 1.71s
Epoch 16, 17.2%	 loss: 3.194 acc@1: 36.72 mrr: 50.66, ndcg: 55.22, took: 1.60s
Epoch 16, 25.9%	 loss: 3.013 acc@1: 34.69 mrr: 50.94, ndcg: 56.31, took: 1.53s
Epoch 16, 34.5%	 loss: 3.055 acc@1: 35.47 mrr: 51.41, ndcg: 56.53, took: 1.66s
Epoch 16, 43.1%	 loss: 3.017 acc@1: 34.53 mrr: 50.97, ndcg: 56.68, took: 1.55s
Epoch 16, 51.7%	 loss: 3.079 acc@1: 35.31 mrr: 50.60, ndcg: 55.55, took: 1.55s
Epoch 16, 60.3%	 loss: 3.017 acc@1: 37.81 mrr: 52.07, ndcg: 56.93, took: 1.66s
Epoch 16, 69.0%	 loss: 2.884 acc@1: 41.09 mrr: 55.34, ndcg: 60.13, took: 1.72s
Epoch 16, 77.6%	 loss: 3.196 acc@1: 35.16 mrr: 49.13, ndcg: 53.82, took: 1.63s
Epoch 16, 86.2%	 loss: 3.070 acc@1: 39.69 mrr: 52.83, ndcg: 56.92, took: 1.55s
Epoch 16, 94.8%	 loss: 3.121 acc@1: 34.53 mrr: 50.34, ndcg: 55.56, took: 1.58s
Validation - loss: 4.2201, acc@1: 35.12%, f1: 23.28%, mrr: 47.18%, ndcg: 51.33%
Current learning rate: 0.000004

=== Epoch 17 ===
Epoch 17, 8.6%	 loss: 3.107 acc@1: 35.47 mrr: 50.30, ndcg: 55.44, took: 1.46s
Epoch 17, 17.2%	 loss: 2.932 acc@1: 38.75 mrr: 53.70, ndcg: 58.69, took: 1.57s
Epoch 17, 25.9%	 loss: 3.203 acc@1: 34.06 mrr: 49.16, ndcg: 53.76, took: 1.80s
Epoch 17, 34.5%	 loss: 3.302 acc@1: 33.28 mrr: 47.50, ndcg: 51.87, took: 1.60s
Epoch 17, 43.1%	 loss: 3.204 acc@1: 37.19 mrr: 50.70, ndcg: 55.12, took: 1.69s
Epoch 17, 51.7%	 loss: 3.072 acc@1: 37.66 mrr: 51.83, ndcg: 56.69, took: 1.64s
Epoch 17, 60.3%	 loss: 3.226 acc@1: 36.72 mrr: 50.45, ndcg: 55.02, took: 1.55s
Epoch 17, 69.0%	 loss: 3.053 acc@1: 36.88 mrr: 52.25, ndcg: 57.29, took: 1.60s
Epoch 17, 77.6%	 loss: 3.307 acc@1: 33.91 mrr: 48.50, ndcg: 53.52, took: 1.56s
Epoch 17, 86.2%	 loss: 3.027 acc@1: 38.44 mrr: 52.73, ndcg: 57.45, took: 1.76s
Epoch 17, 94.8%	 loss: 3.162 acc@1: 37.34 mrr: 51.12, ndcg: 55.89, took: 1.54s
Validation - loss: 4.1664, acc@1: 35.15%, f1: 22.98%, mrr: 47.15%, ndcg: 51.30%
Current learning rate: 0.000004

=== Epoch 18 ===
Epoch 18, 8.6%	 loss: 3.082 acc@1: 38.59 mrr: 52.16, ndcg: 56.54, took: 1.65s
Epoch 18, 17.2%	 loss: 3.124 acc@1: 37.19 mrr: 51.11, ndcg: 56.00, took: 1.70s
Epoch 18, 25.9%	 loss: 3.222 acc@1: 33.59 mrr: 49.06, ndcg: 54.19, took: 1.66s
Epoch 18, 34.5%	 loss: 3.058 acc@1: 38.91 mrr: 53.00, ndcg: 57.52, took: 1.63s
Epoch 18, 43.1%	 loss: 3.034 acc@1: 36.56 mrr: 51.64, ndcg: 56.61, took: 1.57s
Epoch 18, 51.7%	 loss: 3.138 acc@1: 39.06 mrr: 52.50, ndcg: 57.10, took: 1.60s
Epoch 18, 60.3%	 loss: 3.051 acc@1: 36.25 mrr: 51.58, ndcg: 56.40, took: 1.59s
Epoch 18, 69.0%	 loss: 3.225 acc@1: 34.06 mrr: 48.39, ndcg: 53.75, took: 1.70s
Epoch 18, 77.6%	 loss: 3.139 acc@1: 33.44 mrr: 49.16, ndcg: 54.78, took: 1.75s
Epoch 18, 86.2%	 loss: 3.058 acc@1: 37.03 mrr: 51.57, ndcg: 56.40, took: 1.66s
Epoch 18, 94.8%	 loss: 3.109 acc@1: 37.66 mrr: 51.62, ndcg: 56.37, took: 1.65s
Validation - loss: 4.1626, acc@1: 35.06%, f1: 22.80%, mrr: 47.05%, ndcg: 51.23%
Current learning rate: 0.000004

=== Epoch 19 ===
Epoch 19, 8.6%	 loss: 3.192 acc@1: 37.50 mrr: 51.41, ndcg: 56.27, took: 1.75s
Epoch 19, 17.2%	 loss: 3.136 acc@1: 37.03 mrr: 51.00, ndcg: 55.53, took: 1.72s
Epoch 19, 25.9%	 loss: 3.267 acc@1: 35.78 mrr: 49.65, ndcg: 53.99, took: 1.72s
Epoch 19, 34.5%	 loss: 3.017 acc@1: 39.22 mrr: 53.22, ndcg: 57.96, took: 1.86s
Epoch 19, 43.1%	 loss: 3.162 acc@1: 35.78 mrr: 50.57, ndcg: 55.29, took: 1.78s
Epoch 19, 51.7%	 loss: 3.100 acc@1: 37.19 mrr: 51.66, ndcg: 56.57, took: 1.72s
Epoch 19, 60.3%	 loss: 3.251 acc@1: 34.53 mrr: 48.71, ndcg: 53.39, took: 1.69s
Epoch 19, 69.0%	 loss: 3.031 acc@1: 37.66 mrr: 52.37, ndcg: 57.11, took: 1.54s
Epoch 19, 77.6%	 loss: 3.084 acc@1: 36.25 mrr: 51.54, ndcg: 56.22, took: 1.67s
Epoch 19, 86.2%	 loss: 3.249 acc@1: 34.84 mrr: 48.85, ndcg: 53.81, took: 1.75s
Epoch 19, 94.8%	 loss: 3.070 acc@1: 36.41 mrr: 51.79, ndcg: 56.75, took: 1.61s
Validation - loss: 4.1743, acc@1: 35.24%, f1: 23.11%, mrr: 47.15%, ndcg: 51.32%
Current learning rate: 0.000004

=== Epoch 20 ===
Epoch 20, 8.6%	 loss: 3.122 acc@1: 38.75 mrr: 52.55, ndcg: 57.17, took: 1.64s
Epoch 20, 17.2%	 loss: 3.165 acc@1: 37.03 mrr: 51.12, ndcg: 56.07, took: 1.72s
Epoch 20, 25.9%	 loss: 3.208 acc@1: 33.28 mrr: 48.89, ndcg: 53.84, took: 1.62s
Epoch 20, 34.5%	 loss: 3.194 acc@1: 35.94 mrr: 49.85, ndcg: 54.59, took: 1.68s
Epoch 20, 43.1%	 loss: 3.169 acc@1: 35.00 mrr: 49.97, ndcg: 55.40, took: 1.74s
Epoch 20, 51.7%	 loss: 2.923 acc@1: 40.62 mrr: 54.65, ndcg: 59.46, took: 1.61s
Epoch 20, 60.3%	 loss: 3.107 acc@1: 36.25 mrr: 50.93, ndcg: 55.42, took: 1.68s
Epoch 20, 69.0%	 loss: 3.195 acc@1: 38.12 mrr: 51.70, ndcg: 55.92, took: 1.57s
Epoch 20, 77.6%	 loss: 3.083 acc@1: 36.09 mrr: 51.39, ndcg: 56.20, took: 1.68s
Epoch 20, 86.2%	 loss: 3.174 acc@1: 37.66 mrr: 51.10, ndcg: 55.44, took: 1.70s
Epoch 20, 94.8%	 loss: 3.073 acc@1: 36.25 mrr: 51.10, ndcg: 56.24, took: 1.77s
Validation - loss: 4.1635, acc@1: 35.21%, f1: 22.99%, mrr: 47.13%, ndcg: 51.28%
Current learning rate: 0.000004

=== Epoch 21 ===
Epoch 21, 8.6%	 loss: 2.999 acc@1: 35.31 mrr: 51.45, ndcg: 56.99, took: 1.79s
Epoch 21, 17.2%	 loss: 3.167 acc@1: 36.09 mrr: 50.01, ndcg: 54.75, took: 1.59s
Epoch 21, 25.9%	 loss: 3.250 acc@1: 35.62 mrr: 50.29, ndcg: 54.75, took: 1.71s
Epoch 21, 34.5%	 loss: 3.349 acc@1: 34.06 mrr: 48.28, ndcg: 52.80, took: 1.80s
Epoch 21, 43.1%	 loss: 2.974 acc@1: 39.38 mrr: 53.80, ndcg: 58.55, took: 1.63s
Epoch 21, 51.7%	 loss: 3.109 acc@1: 37.03 mrr: 51.48, ndcg: 56.55, took: 1.75s
Epoch 21, 60.3%	 loss: 3.132 acc@1: 33.75 mrr: 49.33, ndcg: 54.71, took: 1.80s
Epoch 21, 69.0%	 loss: 3.052 acc@1: 37.34 mrr: 51.82, ndcg: 56.38, took: 1.61s
Epoch 21, 77.6%	 loss: 3.176 acc@1: 34.38 mrr: 49.43, ndcg: 54.81, took: 1.69s
Epoch 21, 86.2%	 loss: 3.076 acc@1: 35.16 mrr: 50.93, ndcg: 56.07, took: 1.77s
Epoch 21, 94.8%	 loss: 3.107 acc@1: 37.81 mrr: 51.91, ndcg: 56.47, took: 1.79s
Validation - loss: 4.1811, acc@1: 35.00%, f1: 22.84%, mrr: 47.00%, ndcg: 51.22%
Current learning rate: 0.000004

=== Epoch 22 ===
Epoch 22, 8.6%	 loss: 3.145 acc@1: 35.78 mrr: 50.51, ndcg: 55.54, took: 1.75s
Epoch 22, 17.2%	 loss: 3.172 acc@1: 36.56 mrr: 50.70, ndcg: 55.46, took: 1.62s
Epoch 22, 25.9%	 loss: 3.162 acc@1: 35.78 mrr: 50.56, ndcg: 55.73, took: 1.61s
Epoch 22, 34.5%	 loss: 3.225 acc@1: 33.44 mrr: 48.24, ndcg: 53.32, took: 1.66s
Epoch 22, 43.1%	 loss: 3.040 acc@1: 37.97 mrr: 52.57, ndcg: 57.40, took: 1.74s
Epoch 22, 51.7%	 loss: 3.022 acc@1: 38.28 mrr: 52.62, ndcg: 57.13, took: 1.63s
Epoch 22, 60.3%	 loss: 3.258 acc@1: 32.66 mrr: 47.78, ndcg: 52.65, took: 1.65s
Epoch 22, 69.0%	 loss: 3.134 acc@1: 37.19 mrr: 51.17, ndcg: 55.93, took: 1.72s
Epoch 22, 77.6%	 loss: 2.972 acc@1: 37.66 mrr: 52.83, ndcg: 57.88, took: 1.68s
Epoch 22, 86.2%	 loss: 3.092 acc@1: 35.31 mrr: 51.05, ndcg: 56.18, took: 1.74s
Epoch 22, 94.8%	 loss: 3.135 acc@1: 34.53 mrr: 50.05, ndcg: 55.42, took: 1.67s
Validation - loss: 4.1536, acc@1: 35.09%, f1: 23.00%, mrr: 47.09%, ndcg: 51.26%
Current learning rate: 0.000004

=== Epoch 23 ===
Epoch 23, 8.6%	 loss: 3.225 acc@1: 35.31 mrr: 49.46, ndcg: 53.91, took: 1.77s
Epoch 23, 17.2%	 loss: 3.387 acc@1: 32.81 mrr: 46.81, ndcg: 51.47, took: 1.68s
Epoch 23, 25.9%	 loss: 3.044 acc@1: 36.72 mrr: 51.71, ndcg: 56.75, took: 1.69s
Epoch 23, 34.5%	 loss: 3.109 acc@1: 35.78 mrr: 50.60, ndcg: 55.48, took: 1.67s
Epoch 23, 43.1%	 loss: 3.067 acc@1: 38.12 mrr: 51.98, ndcg: 56.74, took: 1.72s
Epoch 23, 51.7%	 loss: 2.999 acc@1: 38.75 mrr: 53.23, ndcg: 57.93, took: 1.62s
Epoch 23, 60.3%	 loss: 3.083 acc@1: 36.88 mrr: 51.59, ndcg: 56.69, took: 1.54s
Epoch 23, 69.0%	 loss: 3.020 acc@1: 36.41 mrr: 52.20, ndcg: 57.32, took: 1.65s
Epoch 23, 77.6%	 loss: 2.928 acc@1: 35.94 mrr: 52.70, ndcg: 57.90, took: 1.64s
Epoch 23, 86.2%	 loss: 3.153 acc@1: 37.19 mrr: 51.33, ndcg: 56.34, took: 1.73s
Epoch 23, 94.8%	 loss: 3.226 acc@1: 33.28 mrr: 48.88, ndcg: 54.02, took: 1.70s
Validation - loss: 4.1853, acc@1: 35.12%, f1: 22.92%, mrr: 47.10%, ndcg: 51.29%
Current learning rate: 0.000004

=== Epoch 24 ===
Epoch 24, 8.6%	 loss: 3.011 acc@1: 39.06 mrr: 52.76, ndcg: 57.45, took: 1.76s
Epoch 24, 17.2%	 loss: 3.188 acc@1: 34.84 mrr: 49.92, ndcg: 55.03, took: 1.59s
Epoch 24, 25.9%	 loss: 3.084 acc@1: 37.50 mrr: 51.56, ndcg: 56.17, took: 1.62s
Epoch 24, 34.5%	 loss: 2.993 acc@1: 40.00 mrr: 53.98, ndcg: 58.54, took: 1.68s
Epoch 24, 43.1%	 loss: 3.181 acc@1: 35.47 mrr: 50.16, ndcg: 54.91, took: 1.66s
Epoch 24, 51.7%	 loss: 2.962 acc@1: 36.72 mrr: 52.47, ndcg: 57.89, took: 1.56s
Epoch 24, 60.3%	 loss: 3.255 acc@1: 34.53 mrr: 49.02, ndcg: 53.87, took: 1.75s
Epoch 24, 69.0%	 loss: 3.100 acc@1: 35.94 mrr: 50.93, ndcg: 55.69, took: 1.63s
Epoch 24, 77.6%	 loss: 3.031 acc@1: 39.84 mrr: 53.39, ndcg: 57.65, took: 1.65s
Epoch 24, 86.2%	 loss: 3.071 acc@1: 36.41 mrr: 51.14, ndcg: 56.04, took: 1.70s
Epoch 24, 94.8%	 loss: 3.301 acc@1: 33.28 mrr: 47.90, ndcg: 52.78, took: 1.64s
Validation - loss: 4.1748, acc@1: 35.15%, f1: 22.95%, mrr: 47.14%, ndcg: 51.29%
Current learning rate: 0.000004

=== Epoch 25 ===
Epoch 25, 8.6%	 loss: 2.945 acc@1: 37.97 mrr: 52.85, ndcg: 57.63, took: 1.72s
Epoch 25, 17.2%	 loss: 3.034 acc@1: 35.47 mrr: 50.80, ndcg: 55.70, took: 1.76s
Epoch 25, 25.9%	 loss: 3.261 acc@1: 34.38 mrr: 48.88, ndcg: 53.99, took: 1.62s
Epoch 25, 34.5%	 loss: 3.160 acc@1: 36.41 mrr: 50.89, ndcg: 55.64, took: 1.76s
Epoch 25, 43.1%	 loss: 3.091 acc@1: 35.00 mrr: 50.80, ndcg: 55.86, took: 1.64s
Epoch 25, 51.7%	 loss: 3.165 acc@1: 38.75 mrr: 51.67, ndcg: 55.75, took: 1.62s
Epoch 25, 60.3%	 loss: 3.042 acc@1: 37.50 mrr: 52.28, ndcg: 57.53, took: 1.78s
Epoch 25, 69.0%	 loss: 3.120 acc@1: 35.62 mrr: 50.57, ndcg: 55.41, took: 1.78s
Epoch 25, 77.6%	 loss: 3.166 acc@1: 35.78 mrr: 50.28, ndcg: 55.09, took: 1.68s
Epoch 25, 86.2%	 loss: 3.074 acc@1: 37.66 mrr: 52.43, ndcg: 57.27, took: 1.59s
Epoch 25, 94.8%	 loss: 3.275 acc@1: 34.38 mrr: 48.73, ndcg: 53.46, took: 1.84s
Validation - loss: 4.1808, acc@1: 35.15%, f1: 22.87%, mrr: 47.16%, ndcg: 51.34%
Current learning rate: 0.000004

=== Epoch 26 ===
Epoch 26, 8.6%	 loss: 3.148 acc@1: 33.12 mrr: 48.93, ndcg: 54.25, took: 1.90s
Epoch 26, 17.2%	 loss: 3.067 acc@1: 39.53 mrr: 52.76, ndcg: 57.31, took: 1.77s
Epoch 26, 25.9%	 loss: 3.095 acc@1: 37.66 mrr: 52.09, ndcg: 56.63, took: 1.78s
Epoch 26, 34.5%	 loss: 3.174 acc@1: 34.84 mrr: 50.05, ndcg: 55.13, took: 1.66s
Epoch 26, 43.1%	 loss: 3.139 acc@1: 38.44 mrr: 52.52, ndcg: 56.92, took: 1.69s
Epoch 26, 51.7%	 loss: 3.051 acc@1: 36.25 mrr: 52.05, ndcg: 57.00, took: 1.59s
Epoch 26, 60.3%	 loss: 3.182 acc@1: 36.72 mrr: 50.46, ndcg: 55.14, took: 1.79s
Epoch 26, 69.0%	 loss: 3.044 acc@1: 34.06 mrr: 50.24, ndcg: 55.62, took: 1.74s
Epoch 26, 77.6%	 loss: 3.158 acc@1: 34.38 mrr: 49.85, ndcg: 55.00, took: 1.63s
Epoch 26, 86.2%	 loss: 3.169 acc@1: 35.31 mrr: 50.04, ndcg: 55.14, took: 1.82s
Epoch 26, 94.8%	 loss: 3.151 acc@1: 35.16 mrr: 49.76, ndcg: 54.88, took: 1.67s
Validation - loss: 4.1726, acc@1: 35.06%, f1: 22.94%, mrr: 47.10%, ndcg: 51.23%
Current learning rate: 0.000004

=== Epoch 27 ===
Epoch 27, 8.6%	 loss: 3.033 acc@1: 39.22 mrr: 53.15, ndcg: 57.42, took: 1.56s
Epoch 27, 17.2%	 loss: 3.178 acc@1: 33.44 mrr: 48.88, ndcg: 53.94, took: 1.75s
Epoch 27, 25.9%	 loss: 3.051 acc@1: 38.91 mrr: 52.57, ndcg: 57.25, took: 1.75s
Epoch 27, 34.5%	 loss: 3.161 acc@1: 34.38 mrr: 50.30, ndcg: 55.00, took: 1.77s
Epoch 27, 43.1%	 loss: 3.219 acc@1: 37.66 mrr: 51.23, ndcg: 55.31, took: 1.59s
Epoch 27, 51.7%	 loss: 3.072 acc@1: 36.88 mrr: 51.45, ndcg: 56.09, took: 1.64s
Epoch 27, 60.3%	 loss: 3.184 acc@1: 35.16 mrr: 49.52, ndcg: 54.14, took: 1.81s
Epoch 27, 69.0%	 loss: 2.989 acc@1: 39.06 mrr: 53.09, ndcg: 58.28, took: 1.59s
Epoch 27, 77.6%	 loss: 3.300 acc@1: 33.28 mrr: 47.97, ndcg: 53.13, took: 1.71s
Epoch 27, 86.2%	 loss: 2.966 acc@1: 38.28 mrr: 53.65, ndcg: 58.70, took: 1.58s
Epoch 27, 94.8%	 loss: 3.111 acc@1: 36.41 mrr: 51.14, ndcg: 55.97, took: 1.66s
Validation - loss: 4.1747, acc@1: 35.09%, f1: 22.90%, mrr: 47.10%, ndcg: 51.24%
Training finished.	 Time: 681.78s.	 acc@1: 35.09%

=== Test Results ===
Test Results:
  acc@1: 31.35%
  acc@5: 53.23%
  acc@10: 56.65%
  mrr: 41.17%
  ndcg: 44.71%
  f1: 19.82%

=== Training Complete ===
