2025-12-28 21:30:49,351 - INFO - ============================================================
2025-12-28 21:30:49,351 - INFO - POINTER V45 - Training Started
2025-12-28 21:30:49,351 - INFO - ============================================================
2025-12-28 21:30:49,351 - INFO - Model config: {'d_model': 72, 'dim_feedforward': 144, 'dropout': 0.15, 'nhead': 4, 'num_layers': 2}
2025-12-28 21:30:49,351 - INFO - Training config: {'batch_size': 128, 'grad_clip': 0.8, 'label_smoothing': 0.03, 'learning_rate': 0.00065, 'min_epochs': 8, 'min_lr': 1e-06, 'num_epochs': 50, 'patience': 5, 'use_amp': True, 'warmup_epochs': 5, 'weight_decay': 0.015}
2025-12-28 21:30:49,351 - INFO - ============================================================
2025-12-28 21:30:49,352 - INFO - Training for 50 epochs
2025-12-28 21:30:49,352 - INFO - Model parameters: 283,654
2025-12-28 21:30:57,996 - INFO - Epoch 1/50 | LR: 1.30e-04 | Train: 4.0422 | Val: 2.8065 | Acc@1: 41.94%
2025-12-28 21:30:58,018 - INFO -   ✓ New best (Acc@1: 41.94%)
2025-12-28 21:31:02,976 - INFO - Epoch 2/50 | LR: 2.60e-04 | Train: 3.7167 | Val: 2.7085 | Acc@1: 45.72%
2025-12-28 21:31:02,999 - INFO -   ✓ New best (Acc@1: 45.72%)
2025-12-28 21:31:08,181 - INFO - Epoch 3/50 | LR: 3.90e-04 | Train: 3.5052 | Val: 2.6650 | Acc@1: 47.60%
2025-12-28 21:31:08,205 - INFO -   ✓ New best (Acc@1: 47.60%)
2025-12-28 21:31:14,362 - INFO - Epoch 4/50 | LR: 5.20e-04 | Train: 3.3343 | Val: 2.7423 | Acc@1: 47.43%
2025-12-28 21:31:21,517 - INFO - Epoch 5/50 | LR: 6.50e-04 | Train: 3.1627 | Val: 2.6673 | Acc@1: 47.43%
2025-12-28 21:31:29,453 - INFO - Epoch 6/50 | LR: 6.50e-04 | Train: 2.9702 | Val: 2.6330 | Acc@1: 48.66%
2025-12-28 21:31:29,476 - INFO -   ✓ New best (Acc@1: 48.66%)
2025-12-28 21:31:37,348 - INFO - Epoch 7/50 | LR: 6.49e-04 | Train: 2.8251 | Val: 2.7858 | Acc@1: 46.99%
2025-12-28 21:31:44,868 - INFO - Epoch 8/50 | LR: 6.47e-04 | Train: 2.6473 | Val: 2.7067 | Acc@1: 47.56%
2025-12-28 21:31:52,797 - INFO - Epoch 9/50 | LR: 6.43e-04 | Train: 2.4807 | Val: 2.8073 | Acc@1: 47.35%
2025-12-28 21:32:00,718 - INFO - Epoch 10/50 | LR: 6.37e-04 | Train: 2.3454 | Val: 2.8259 | Acc@1: 46.95%
2025-12-28 21:32:08,183 - INFO - Epoch 11/50 | LR: 6.30e-04 | Train: 2.2158 | Val: 2.9680 | Acc@1: 44.95%
2025-12-28 21:32:08,184 - INFO - Early stopping at epoch 11
2025-12-28 21:32:09,187 - INFO - Loaded checkpoint from epoch 6
2025-12-28 21:32:12,915 - INFO - ============================================================
2025-12-28 21:32:12,915 - INFO - FINAL VALIDATION RESULTS
2025-12-28 21:32:12,915 - INFO -   Acc@1:  48.66%
2025-12-28 21:32:12,915 - INFO -   Acc@5:  81.88%
2025-12-28 21:32:12,915 - INFO -   Acc@10: 86.24%
2025-12-28 21:32:12,915 - INFO -   MRR:    62.92%
2025-12-28 21:32:12,915 - INFO -   NDCG:   68.47%
2025-12-28 21:32:12,915 - INFO - ============================================================
2025-12-28 21:32:12,915 - INFO - FINAL TEST RESULTS
2025-12-28 21:32:12,915 - INFO -   Acc@1:  52.38%
2025-12-28 21:32:12,915 - INFO -   Acc@5:  84.96%
2025-12-28 21:32:12,915 - INFO -   Acc@10: 88.62%
2025-12-28 21:32:12,916 - INFO -   MRR:    66.62%
2025-12-28 21:32:12,916 - INFO -   NDCG:   71.96%
2025-12-28 21:32:12,916 - INFO - ============================================================
