2025-12-29 23:50:35,776 - INFO - ============================================================
2025-12-29 23:50:35,776 - INFO - POINTER V45 - Training Started
2025-12-29 23:50:35,776 - INFO - ============================================================
2025-12-29 23:50:35,776 - INFO - Model config: {'d_model': 64, 'dim_feedforward': 512, 'dropout': 0.15, 'nhead': 2, 'num_layers': 8}
2025-12-29 23:50:35,776 - INFO - Training config: {'batch_size': 128, 'grad_clip': 0.8, 'label_smoothing': 0.03, 'learning_rate': 0.0007, 'min_epochs': 8, 'min_lr': 1e-06, 'num_epochs': 50, 'patience': 5, 'use_amp': True, 'warmup_epochs': 5, 'weight_decay': 0.015}
2025-12-29 23:50:35,776 - INFO - ============================================================
2025-12-29 23:50:35,776 - INFO - Training for 50 epochs
2025-12-29 23:50:35,777 - INFO - Model parameters: 1,686,048
2025-12-29 23:52:13,677 - INFO - Epoch 1/50 | LR: 1.40e-04 | Train: 3.3132 | Val: 3.1888 | Acc@1: 50.91%
2025-12-29 23:52:13,744 - INFO -   ✓ New best (Acc@1: 50.91%)
2025-12-29 23:53:40,171 - INFO - Epoch 2/50 | LR: 2.80e-04 | Train: 3.0825 | Val: 3.1185 | Acc@1: 53.09%
2025-12-29 23:53:40,244 - INFO -   ✓ New best (Acc@1: 53.09%)
2025-12-29 23:55:05,713 - INFO - Epoch 3/50 | LR: 4.20e-04 | Train: 2.9960 | Val: 3.0756 | Acc@1: 53.90%
2025-12-29 23:55:05,784 - INFO -   ✓ New best (Acc@1: 53.90%)
2025-12-29 23:56:27,768 - INFO - Epoch 4/50 | LR: 5.60e-04 | Train: 2.9199 | Val: 3.0047 | Acc@1: 53.93%
2025-12-29 23:56:27,841 - INFO -   ✓ New best (Acc@1: 53.93%)
2025-12-29 23:57:52,036 - INFO - Epoch 5/50 | LR: 7.00e-04 | Train: 2.8339 | Val: 2.9490 | Acc@1: 53.92%
2025-12-29 23:57:52,111 - INFO -   ✓ New best (Acc@1: 53.92%)
2025-12-29 23:59:13,916 - INFO - Epoch 6/50 | LR: 7.00e-04 | Train: 2.7469 | Val: 2.9281 | Acc@1: 54.60%
2025-12-29 23:59:13,989 - INFO -   ✓ New best (Acc@1: 54.60%)
2025-12-30 00:00:36,383 - INFO - Epoch 7/50 | LR: 6.99e-04 | Train: 2.6795 | Val: 2.9155 | Acc@1: 54.53%
2025-12-30 00:00:36,452 - INFO -   ✓ New best (Acc@1: 54.53%)
2025-12-30 00:01:57,873 - INFO - Epoch 8/50 | LR: 6.97e-04 | Train: 2.6325 | Val: 2.8980 | Acc@1: 54.56%
2025-12-30 00:01:57,945 - INFO -   ✓ New best (Acc@1: 54.56%)
2025-12-30 00:03:24,075 - INFO - Epoch 9/50 | LR: 6.92e-04 | Train: 2.5846 | Val: 2.9116 | Acc@1: 54.72%
2025-12-30 00:04:49,701 - INFO - Epoch 10/50 | LR: 6.86e-04 | Train: 2.5516 | Val: 2.8897 | Acc@1: 54.28%
2025-12-30 00:04:49,773 - INFO -   ✓ New best (Acc@1: 54.28%)
2025-12-30 00:06:15,044 - INFO - Epoch 11/50 | LR: 6.79e-04 | Train: 2.5216 | Val: 2.8954 | Acc@1: 55.00%
2025-12-30 00:07:41,740 - INFO - Epoch 12/50 | LR: 6.70e-04 | Train: 2.5033 | Val: 2.9034 | Acc@1: 54.58%
2025-12-30 00:09:08,873 - INFO - Epoch 13/50 | LR: 6.59e-04 | Train: 2.4802 | Val: 2.9226 | Acc@1: 54.15%
2025-12-30 00:10:35,656 - INFO - Epoch 14/50 | LR: 6.47e-04 | Train: 2.4653 | Val: 2.9227 | Acc@1: 54.78%
2025-12-30 00:12:02,416 - INFO - Epoch 15/50 | LR: 6.33e-04 | Train: 2.4457 | Val: 2.9419 | Acc@1: 54.14%
2025-12-30 00:12:02,417 - INFO - Early stopping at epoch 15
2025-12-30 00:12:02,631 - INFO - Loaded checkpoint from epoch 10
2025-12-30 00:12:10,833 - INFO - ============================================================
2025-12-30 00:12:10,834 - INFO - FINAL VALIDATION RESULTS
2025-12-30 00:12:10,834 - INFO -   Acc@1:  54.28%
2025-12-30 00:12:10,834 - INFO -   Acc@5:  79.56%
2025-12-30 00:12:10,834 - INFO -   Acc@10: 83.28%
2025-12-30 00:12:10,834 - INFO -   MRR:    65.37%
2025-12-30 00:12:10,834 - INFO -   NDCG:   69.60%
2025-12-30 00:12:10,834 - INFO - ============================================================
2025-12-30 00:12:10,834 - INFO - FINAL TEST RESULTS
2025-12-30 00:12:10,834 - INFO -   Acc@1:  54.75%
2025-12-30 00:12:10,834 - INFO -   Acc@5:  80.82%
2025-12-30 00:12:10,834 - INFO -   Acc@10: 84.44%
2025-12-30 00:12:10,834 - INFO -   MRR:    66.19%
2025-12-30 00:12:10,834 - INFO -   NDCG:   70.52%
2025-12-30 00:12:10,834 - INFO - ============================================================
