2025-12-29 08:47:10,564 - INFO - ============================================================
2025-12-29 08:47:10,564 - INFO - POINTER V45 - Training Started
2025-12-29 08:47:10,564 - INFO - ============================================================
2025-12-29 08:47:10,564 - INFO - Model config: {'d_model': 80, 'dim_feedforward': 160, 'dropout': 0.15, 'nhead': 4, 'num_layers': 3}
2025-12-29 08:47:10,564 - INFO - Training config: {'batch_size': 128, 'grad_clip': 0.8, 'label_smoothing': 0.03, 'learning_rate': 0.0006, 'min_epochs': 8, 'min_lr': 1e-06, 'num_epochs': 50, 'patience': 5, 'use_amp': True, 'warmup_epochs': 5, 'weight_decay': 0.015}
2025-12-29 08:47:10,565 - INFO - ============================================================
2025-12-29 08:47:10,565 - INFO - Training for 50 epochs
2025-12-29 08:47:10,565 - INFO - Model parameters: 387,427
2025-12-29 08:47:15,170 - INFO - Epoch 1/50 | LR: 1.20e-04 | Train: 4.2567 | Val: 3.0790 | Acc@1: 37.20%
2025-12-29 08:47:15,196 - INFO -   ✓ New best (Acc@1: 37.20%)
2025-12-29 08:47:19,130 - INFO - Epoch 2/50 | LR: 2.40e-04 | Train: 3.8537 | Val: 2.9591 | Acc@1: 42.36%
2025-12-29 08:47:19,159 - INFO -   ✓ New best (Acc@1: 42.36%)
2025-12-29 08:47:23,100 - INFO - Epoch 3/50 | LR: 3.60e-04 | Train: 3.6142 | Val: 2.9315 | Acc@1: 44.90%
2025-12-29 08:47:23,127 - INFO -   ✓ New best (Acc@1: 44.90%)
2025-12-29 08:47:26,985 - INFO - Epoch 4/50 | LR: 4.80e-04 | Train: 3.3877 | Val: 2.9154 | Acc@1: 45.29%
2025-12-29 08:47:27,014 - INFO -   ✓ New best (Acc@1: 45.29%)
2025-12-29 08:47:30,934 - INFO - Epoch 5/50 | LR: 6.00e-04 | Train: 3.1986 | Val: 3.0045 | Acc@1: 44.59%
2025-12-29 08:47:34,930 - INFO - Epoch 6/50 | LR: 6.00e-04 | Train: 3.0042 | Val: 2.9576 | Acc@1: 45.54%
2025-12-29 08:47:38,923 - INFO - Epoch 7/50 | LR: 5.99e-04 | Train: 2.8165 | Val: 2.9967 | Acc@1: 45.35%
2025-12-29 08:47:42,896 - INFO - Epoch 8/50 | LR: 5.97e-04 | Train: 2.6309 | Val: 3.1042 | Acc@1: 45.06%
2025-12-29 08:47:46,775 - INFO - Epoch 9/50 | LR: 5.93e-04 | Train: 2.4775 | Val: 3.1280 | Acc@1: 44.59%
2025-12-29 08:47:46,775 - INFO - Early stopping at epoch 9
2025-12-29 08:47:46,900 - INFO - Loaded checkpoint from epoch 4
2025-12-29 08:47:48,273 - INFO - ============================================================
2025-12-29 08:47:48,273 - INFO - FINAL VALIDATION RESULTS
2025-12-29 08:47:48,273 - INFO -   Acc@1:  45.29%
2025-12-29 08:47:48,273 - INFO -   Acc@5:  78.89%
2025-12-29 08:47:48,273 - INFO -   Acc@10: 83.25%
2025-12-29 08:47:48,273 - INFO -   MRR:    59.84%
2025-12-29 08:47:48,273 - INFO -   NDCG:   65.42%
2025-12-29 08:47:48,273 - INFO - ============================================================
2025-12-29 08:47:48,273 - INFO - FINAL TEST RESULTS
2025-12-29 08:47:48,273 - INFO -   Acc@1:  48.60%
2025-12-29 08:47:48,273 - INFO -   Acc@5:  82.17%
2025-12-29 08:47:48,273 - INFO -   Acc@10: 85.88%
2025-12-29 08:47:48,273 - INFO -   MRR:    63.36%
2025-12-29 08:47:48,273 - INFO -   NDCG:   68.81%
2025-12-29 08:47:48,273 - INFO - ============================================================
