2025-12-30 00:15:16,353 - INFO - ============================================================
2025-12-30 00:15:16,354 - INFO - POINTER V45 - Training Started
2025-12-30 00:15:16,354 - INFO - ============================================================
2025-12-30 00:15:16,354 - INFO - Model config: {'d_model': 64, 'dim_feedforward': 512, 'dropout': 0.15, 'nhead': 4, 'num_layers': 8}
2025-12-30 00:15:16,354 - INFO - Training config: {'batch_size': 128, 'grad_clip': 0.8, 'label_smoothing': 0.03, 'learning_rate': 0.0006, 'min_epochs': 8, 'min_lr': 1e-06, 'num_epochs': 50, 'patience': 5, 'use_amp': True, 'warmup_epochs': 5, 'weight_decay': 0.015}
2025-12-30 00:15:16,354 - INFO - ============================================================
2025-12-30 00:15:16,354 - INFO - Training for 50 epochs
2025-12-30 00:15:16,354 - INFO - Model parameters: 1,686,048
2025-12-30 00:17:20,912 - INFO - Epoch 1/50 | LR: 1.20e-04 | Train: 3.3285 | Val: 3.2022 | Acc@1: 50.34%
2025-12-30 00:17:20,989 - INFO -   ✓ New best (Acc@1: 50.34%)
2025-12-30 00:19:19,473 - INFO - Epoch 2/50 | LR: 2.40e-04 | Train: 3.0946 | Val: 3.1222 | Acc@1: 52.82%
2025-12-30 00:19:19,559 - INFO -   ✓ New best (Acc@1: 52.82%)
2025-12-30 00:21:23,547 - INFO - Epoch 3/50 | LR: 3.60e-04 | Train: 3.0071 | Val: 3.0787 | Acc@1: 53.59%
2025-12-30 00:21:23,628 - INFO -   ✓ New best (Acc@1: 53.59%)
2025-12-30 00:23:28,011 - INFO - Epoch 4/50 | LR: 4.80e-04 | Train: 2.9336 | Val: 3.0319 | Acc@1: 53.72%
2025-12-30 00:23:28,094 - INFO -   ✓ New best (Acc@1: 53.72%)
2025-12-30 00:25:31,714 - INFO - Epoch 5/50 | LR: 6.00e-04 | Train: 2.8445 | Val: 2.9516 | Acc@1: 54.34%
2025-12-30 00:25:31,790 - INFO -   ✓ New best (Acc@1: 54.34%)
2025-12-30 00:27:34,653 - INFO - Epoch 6/50 | LR: 6.00e-04 | Train: 2.7577 | Val: 2.9325 | Acc@1: 54.44%
2025-12-30 00:27:34,729 - INFO -   ✓ New best (Acc@1: 54.44%)
2025-12-30 00:29:46,249 - INFO - Epoch 7/50 | LR: 5.99e-04 | Train: 2.6895 | Val: 2.9192 | Acc@1: 54.42%
2025-12-30 00:29:46,325 - INFO -   ✓ New best (Acc@1: 54.42%)
2025-12-30 00:31:49,201 - INFO - Epoch 8/50 | LR: 5.97e-04 | Train: 2.6407 | Val: 2.8899 | Acc@1: 54.69%
2025-12-30 00:31:49,278 - INFO -   ✓ New best (Acc@1: 54.69%)
2025-12-30 00:33:51,853 - INFO - Epoch 9/50 | LR: 5.93e-04 | Train: 2.5888 | Val: 2.8929 | Acc@1: 54.91%
2025-12-30 00:35:56,297 - INFO - Epoch 10/50 | LR: 5.88e-04 | Train: 2.5526 | Val: 2.8913 | Acc@1: 54.19%
2025-12-30 00:37:58,268 - INFO - Epoch 11/50 | LR: 5.82e-04 | Train: 2.5206 | Val: 2.8963 | Acc@1: 54.80%
2025-12-30 00:40:03,714 - INFO - Epoch 12/50 | LR: 5.74e-04 | Train: 2.4946 | Val: 2.8913 | Acc@1: 54.73%
2025-12-30 00:41:52,546 - INFO - Epoch 13/50 | LR: 5.65e-04 | Train: 2.4723 | Val: 2.9202 | Acc@1: 54.06%
2025-12-30 00:41:52,546 - INFO - Early stopping at epoch 13
2025-12-30 00:41:52,696 - INFO - Loaded checkpoint from epoch 8
2025-12-30 00:41:59,080 - INFO - ============================================================
2025-12-30 00:41:59,080 - INFO - FINAL VALIDATION RESULTS
2025-12-30 00:41:59,080 - INFO -   Acc@1:  54.69%
2025-12-30 00:41:59,080 - INFO -   Acc@5:  79.29%
2025-12-30 00:41:59,080 - INFO -   Acc@10: 83.07%
2025-12-30 00:41:59,080 - INFO -   MRR:    65.53%
2025-12-30 00:41:59,080 - INFO -   NDCG:   69.68%
2025-12-30 00:41:59,081 - INFO - ============================================================
2025-12-30 00:41:59,081 - INFO - FINAL TEST RESULTS
2025-12-30 00:41:59,081 - INFO -   Acc@1:  53.95%
2025-12-30 00:41:59,081 - INFO -   Acc@5:  80.68%
2025-12-30 00:41:59,081 - INFO -   Acc@10: 84.35%
2025-12-30 00:41:59,081 - INFO -   MRR:    65.71%
2025-12-30 00:41:59,081 - INFO -   NDCG:   70.15%
2025-12-30 00:41:59,081 - INFO - ============================================================
