Training MHSA model
Dataset: diy
Config: config/models/config_MHSA_diy.yaml
Device: cuda
Seed: 42
==================================================
Data loaders: train=591, val=40, test=49
Total trainable parameters: 1823518

=== Epoch 1 ===
Epoch 1, 1.7%	 loss: 8.876 acc@1: 0.00 mrr: 0.10, ndcg: 0.02, took: 1.24s
Epoch 1, 3.4%	 loss: 8.870 acc@1: 0.04 mrr: 0.13, ndcg: 0.05, took: 0.69s
Epoch 1, 5.1%	 loss: 8.875 acc@1: 0.00 mrr: 0.10, ndcg: 0.00, took: 0.70s
Epoch 1, 6.8%	 loss: 8.871 acc@1: 0.00 mrr: 0.10, ndcg: 0.03, took: 0.71s
Epoch 1, 8.5%	 loss: 8.868 acc@1: 0.00 mrr: 0.13, ndcg: 0.05, took: 0.68s
Epoch 1, 10.2%	 loss: 8.864 acc@1: 0.00 mrr: 0.13, ndcg: 0.06, took: 0.70s
Epoch 1, 11.8%	 loss: 8.863 acc@1: 0.04 mrr: 0.23, ndcg: 0.20, took: 0.71s
Epoch 1, 13.5%	 loss: 8.860 acc@1: 0.00 mrr: 0.21, ndcg: 0.15, took: 0.70s
Epoch 1, 15.2%	 loss: 8.854 acc@1: 0.00 mrr: 0.19, ndcg: 0.10, took: 0.69s
Epoch 1, 16.9%	 loss: 8.859 acc@1: 0.04 mrr: 0.19, ndcg: 0.09, took: 0.69s
Epoch 1, 18.6%	 loss: 8.849 acc@1: 0.08 mrr: 0.29, ndcg: 0.20, took: 0.70s
Epoch 1, 20.3%	 loss: 8.847 acc@1: 0.12 mrr: 0.42, ndcg: 0.35, took: 0.69s
Epoch 1, 22.0%	 loss: 8.832 acc@1: 0.35 mrr: 0.83, ndcg: 0.75, took: 0.70s
Epoch 1, 23.7%	 loss: 8.835 acc@1: 0.70 mrr: 1.43, ndcg: 1.51, took: 0.68s
Epoch 1, 25.4%	 loss: 8.813 acc@1: 3.12 mrr: 4.28, ndcg: 4.48, took: 0.69s
Epoch 1, 27.1%	 loss: 8.782 acc@1: 6.76 mrr: 8.00, ndcg: 8.28, took: 0.67s
Epoch 1, 28.8%	 loss: 8.739 acc@1: 12.93 mrr: 13.65, ndcg: 13.74, took: 0.68s
Epoch 1, 30.5%	 loss: 8.657 acc@1: 15.16 mrr: 15.66, ndcg: 15.67, took: 0.67s
Epoch 1, 32.1%	 loss: 8.573 acc@1: 19.45 mrr: 20.04, ndcg: 20.12, took: 0.70s
Epoch 1, 33.8%	 loss: 8.483 acc@1: 18.83 mrr: 19.35, ndcg: 19.37, took: 0.67s
Epoch 1, 35.5%	 loss: 8.443 acc@1: 20.86 mrr: 21.34, ndcg: 21.39, took: 0.68s
Epoch 1, 37.2%	 loss: 8.335 acc@1: 19.30 mrr: 20.02, ndcg: 20.09, took: 0.68s
Epoch 1, 38.9%	 loss: 8.284 acc@1: 22.93 mrr: 23.68, ndcg: 23.74, took: 0.67s
Epoch 1, 40.6%	 loss: 8.200 acc@1: 19.22 mrr: 20.19, ndcg: 20.33, took: 0.66s
Epoch 1, 42.3%	 loss: 8.114 acc@1: 24.80 mrr: 25.94, ndcg: 26.12, took: 0.56s
Epoch 1, 44.0%	 loss: 8.030 acc@1: 20.70 mrr: 22.01, ndcg: 22.22, took: 0.57s
Epoch 1, 45.7%	 loss: 7.874 acc@1: 23.79 mrr: 25.42, ndcg: 25.80, took: 0.57s
Epoch 1, 47.4%	 loss: 7.779 acc@1: 23.12 mrr: 24.48, ndcg: 24.83, took: 0.57s
Epoch 1, 49.1%	 loss: 7.814 acc@1: 23.12 mrr: 24.44, ndcg: 24.68, took: 0.57s
Epoch 1, 50.8%	 loss: 7.652 acc@1: 25.35 mrr: 26.83, ndcg: 27.12, took: 0.57s
Epoch 1, 52.5%	 loss: 7.555 acc@1: 25.74 mrr: 27.27, ndcg: 27.54, took: 0.56s
Epoch 1, 54.1%	 loss: 7.360 acc@1: 26.68 mrr: 28.21, ndcg: 28.47, took: 0.56s
Epoch 1, 55.8%	 loss: 7.407 acc@1: 25.20 mrr: 26.72, ndcg: 26.92, took: 1.02s
Epoch 1, 57.5%	 loss: 7.210 acc@1: 26.95 mrr: 28.55, ndcg: 28.69, took: 0.56s
Epoch 1, 59.2%	 loss: 7.111 acc@1: 27.85 mrr: 29.35, ndcg: 29.37, took: 0.55s
Epoch 1, 60.9%	 loss: 7.035 acc@1: 28.59 mrr: 30.23, ndcg: 30.47, took: 0.55s
Epoch 1, 62.6%	 loss: 6.970 acc@1: 28.36 mrr: 29.97, ndcg: 30.29, took: 0.57s
Epoch 1, 64.3%	 loss: 6.779 acc@1: 28.44 mrr: 30.21, ndcg: 30.59, took: 0.58s
Epoch 1, 66.0%	 loss: 6.855 acc@1: 27.11 mrr: 28.81, ndcg: 29.01, took: 0.54s
Epoch 1, 67.7%	 loss: 6.686 acc@1: 27.89 mrr: 29.71, ndcg: 30.10, took: 0.57s
Epoch 1, 69.4%	 loss: 6.584 acc@1: 28.12 mrr: 29.85, ndcg: 29.99, took: 0.56s
Epoch 1, 71.1%	 loss: 6.463 acc@1: 28.98 mrr: 30.68, ndcg: 30.74, took: 0.58s
Epoch 1, 72.8%	 loss: 6.491 acc@1: 29.57 mrr: 31.23, ndcg: 31.57, took: 0.58s
Epoch 1, 74.5%	 loss: 6.557 acc@1: 27.93 mrr: 29.82, ndcg: 30.10, took: 0.57s
Epoch 1, 76.1%	 loss: 6.350 acc@1: 29.14 mrr: 30.79, ndcg: 30.94, took: 0.58s
Epoch 1, 77.8%	 loss: 6.261 acc@1: 29.57 mrr: 31.48, ndcg: 31.61, took: 0.58s
Epoch 1, 79.5%	 loss: 6.257 acc@1: 29.45 mrr: 31.22, ndcg: 31.30, took: 0.57s
Epoch 1, 81.2%	 loss: 6.369 acc@1: 27.89 mrr: 29.84, ndcg: 30.06, took: 0.57s
Epoch 1, 82.9%	 loss: 6.387 acc@1: 27.07 mrr: 29.03, ndcg: 29.30, took: 0.56s
Epoch 1, 84.6%	 loss: 6.303 acc@1: 27.62 mrr: 29.67, ndcg: 30.08, took: 0.56s
Epoch 1, 86.3%	 loss: 6.178 acc@1: 29.34 mrr: 31.28, ndcg: 31.70, took: 0.57s
Epoch 1, 88.0%	 loss: 6.150 acc@1: 28.87 mrr: 30.91, ndcg: 31.32, took: 0.57s
Epoch 1, 89.7%	 loss: 6.013 acc@1: 30.04 mrr: 32.22, ndcg: 32.52, took: 0.56s
Epoch 1, 91.4%	 loss: 6.069 acc@1: 29.96 mrr: 32.10, ndcg: 32.33, took: 0.58s
Epoch 1, 93.1%	 loss: 5.986 acc@1: 30.04 mrr: 32.09, ndcg: 32.29, took: 0.57s
Epoch 1, 94.8%	 loss: 5.949 acc@1: 29.69 mrr: 31.85, ndcg: 32.23, took: 0.57s
Epoch 1, 96.4%	 loss: 5.907 acc@1: 28.55 mrr: 30.95, ndcg: 31.31, took: 0.57s
Epoch 1, 98.1%	 loss: 5.991 acc@1: 29.77 mrr: 31.95, ndcg: 32.21, took: 0.58s
Epoch 1, 99.8%	 loss: 5.977 acc@1: 28.91 mrr: 31.30, ndcg: 31.73, took: 0.58s
Validation - loss: 6.0434, acc@1: 29.70%, f1: 16.26%, mrr: 31.67%, ndcg: 31.98%
Current learning rate: 0.000500

=== Epoch 2 ===
Epoch 2, 1.7%	 loss: 5.857 acc@1: 28.67 mrr: 31.07, ndcg: 31.32, took: 0.59s
Epoch 2, 3.4%	 loss: 5.719 acc@1: 30.78 mrr: 33.23, ndcg: 33.71, took: 0.59s
Epoch 2, 5.1%	 loss: 5.846 acc@1: 28.59 mrr: 31.14, ndcg: 31.69, took: 0.57s
Epoch 2, 6.8%	 loss: 5.696 acc@1: 30.47 mrr: 32.84, ndcg: 33.39, took: 0.56s
Epoch 2, 8.5%	 loss: 5.699 acc@1: 29.69 mrr: 32.39, ndcg: 32.78, took: 0.56s
Epoch 2, 10.2%	 loss: 5.744 acc@1: 29.45 mrr: 32.13, ndcg: 32.69, took: 0.57s
Epoch 2, 11.8%	 loss: 5.794 acc@1: 27.50 mrr: 30.23, ndcg: 30.90, took: 0.57s
Epoch 2, 13.5%	 loss: 5.612 acc@1: 29.57 mrr: 32.49, ndcg: 33.05, took: 0.57s
Epoch 2, 15.2%	 loss: 5.517 acc@1: 30.27 mrr: 33.14, ndcg: 33.68, took: 0.58s
Epoch 2, 16.9%	 loss: 5.517 acc@1: 29.80 mrr: 32.78, ndcg: 33.28, took: 0.58s
Epoch 2, 18.6%	 loss: 5.537 acc@1: 28.71 mrr: 31.99, ndcg: 32.69, took: 0.56s
Epoch 2, 20.3%	 loss: 5.333 acc@1: 30.04 mrr: 33.68, ndcg: 34.53, took: 0.59s
Epoch 2, 22.0%	 loss: 5.583 acc@1: 28.91 mrr: 31.99, ndcg: 32.70, took: 0.58s
Epoch 2, 23.7%	 loss: 5.466 acc@1: 28.40 mrr: 32.17, ndcg: 33.14, took: 0.58s
Epoch 2, 25.4%	 loss: 5.419 acc@1: 29.80 mrr: 33.30, ndcg: 34.13, took: 0.69s
Epoch 2, 27.1%	 loss: 5.429 acc@1: 29.69 mrr: 33.38, ndcg: 34.32, took: 0.71s
Epoch 2, 28.8%	 loss: 5.506 acc@1: 28.09 mrr: 31.73, ndcg: 32.66, took: 0.71s
Epoch 2, 30.5%	 loss: 5.281 acc@1: 30.16 mrr: 33.66, ndcg: 34.44, took: 0.72s
Epoch 2, 32.1%	 loss: 5.440 acc@1: 29.41 mrr: 33.13, ndcg: 33.94, took: 0.65s
Epoch 2, 33.8%	 loss: 5.341 acc@1: 29.73 mrr: 33.33, ndcg: 34.30, took: 0.59s
Epoch 2, 35.5%	 loss: 5.349 acc@1: 29.22 mrr: 33.04, ndcg: 34.10, took: 0.56s
Epoch 2, 37.2%	 loss: 5.326 acc@1: 29.34 mrr: 33.30, ndcg: 34.49, took: 0.58s
Epoch 2, 38.9%	 loss: 5.189 acc@1: 31.05 mrr: 35.01, ndcg: 36.01, took: 0.59s
Epoch 2, 40.6%	 loss: 5.401 acc@1: 28.12 mrr: 32.02, ndcg: 33.10, took: 0.60s
Epoch 2, 42.3%	 loss: 5.141 acc@1: 30.90 mrr: 34.79, ndcg: 35.79, took: 0.59s
Epoch 2, 44.0%	 loss: 5.138 acc@1: 32.54 mrr: 36.18, ndcg: 37.19, took: 0.58s
Epoch 2, 45.7%	 loss: 5.282 acc@1: 29.22 mrr: 33.32, ndcg: 34.35, took: 0.59s
Epoch 2, 47.4%	 loss: 5.153 acc@1: 30.66 mrr: 34.68, ndcg: 35.59, took: 0.57s
Epoch 2, 49.1%	 loss: 5.155 acc@1: 30.62 mrr: 34.44, ndcg: 35.51, took: 0.58s
Epoch 2, 50.8%	 loss: 5.173 acc@1: 30.31 mrr: 34.26, ndcg: 35.33, took: 0.61s
Epoch 2, 52.5%	 loss: 4.986 acc@1: 33.48 mrr: 37.14, ndcg: 37.98, took: 0.59s
Epoch 2, 54.1%	 loss: 5.157 acc@1: 30.74 mrr: 34.54, ndcg: 35.54, took: 0.71s
Epoch 2, 55.8%	 loss: 5.128 acc@1: 30.31 mrr: 34.40, ndcg: 35.60, took: 0.72s
Epoch 2, 57.5%	 loss: 5.029 acc@1: 30.86 mrr: 35.10, ndcg: 36.35, took: 0.67s
Epoch 2, 59.2%	 loss: 5.030 acc@1: 31.76 mrr: 35.86, ndcg: 37.10, took: 0.58s
Epoch 2, 60.9%	 loss: 4.903 acc@1: 33.36 mrr: 37.35, ndcg: 38.40, took: 0.59s
Epoch 2, 62.6%	 loss: 5.022 acc@1: 31.64 mrr: 35.48, ndcg: 36.51, took: 0.60s
Epoch 2, 64.3%	 loss: 4.894 acc@1: 32.81 mrr: 37.27, ndcg: 38.39, took: 0.60s
Epoch 2, 66.0%	 loss: 4.939 acc@1: 32.27 mrr: 36.35, ndcg: 37.46, took: 0.60s
Epoch 2, 67.7%	 loss: 4.946 acc@1: 31.25 mrr: 36.02, ndcg: 37.61, took: 0.59s
Epoch 2, 69.4%	 loss: 4.870 acc@1: 32.30 mrr: 37.14, ndcg: 38.67, took: 0.61s
Epoch 2, 71.1%	 loss: 4.816 acc@1: 33.20 mrr: 38.15, ndcg: 39.58, took: 0.71s
Epoch 2, 72.8%	 loss: 4.697 acc@1: 34.30 mrr: 39.09, ndcg: 40.61, took: 0.59s
Epoch 2, 74.5%	 loss: 4.763 acc@1: 32.97 mrr: 38.53, ndcg: 40.20, took: 0.59s
Epoch 2, 76.1%	 loss: 4.659 acc@1: 33.98 mrr: 39.40, ndcg: 41.09, took: 0.58s
Epoch 2, 77.8%	 loss: 4.611 acc@1: 34.77 mrr: 39.93, ndcg: 41.50, took: 0.71s
Epoch 2, 79.5%	 loss: 4.661 acc@1: 33.24 mrr: 39.38, ndcg: 41.23, took: 0.71s
Epoch 2, 81.2%	 loss: 4.732 acc@1: 32.34 mrr: 38.69, ndcg: 40.90, took: 0.72s
Epoch 2, 82.9%	 loss: 4.450 acc@1: 35.94 mrr: 42.32, ndcg: 44.44, took: 0.72s
Epoch 2, 84.6%	 loss: 4.402 acc@1: 36.88 mrr: 43.86, ndcg: 46.29, took: 0.69s
Epoch 2, 86.3%	 loss: 4.429 acc@1: 35.74 mrr: 43.18, ndcg: 45.97, took: 0.69s
Epoch 2, 88.0%	 loss: 4.482 acc@1: 36.41 mrr: 43.44, ndcg: 46.16, took: 0.69s
Epoch 2, 89.7%	 loss: 4.298 acc@1: 37.38 mrr: 45.40, ndcg: 48.34, took: 0.69s
Epoch 2, 91.4%	 loss: 4.074 acc@1: 39.65 mrr: 48.23, ndcg: 51.43, took: 0.70s
Epoch 2, 93.1%	 loss: 4.006 acc@1: 40.78 mrr: 50.09, ndcg: 53.50, took: 0.62s
Epoch 2, 94.8%	 loss: 4.023 acc@1: 41.91 mrr: 51.29, ndcg: 54.48, took: 0.58s
Epoch 2, 96.4%	 loss: 3.997 acc@1: 40.47 mrr: 51.03, ndcg: 54.95, took: 0.57s
Epoch 2, 98.1%	 loss: 3.680 acc@1: 44.53 mrr: 55.19, ndcg: 58.81, took: 0.58s
Epoch 2, 99.8%	 loss: 3.750 acc@1: 44.49 mrr: 54.63, ndcg: 58.20, took: 0.58s
Validation - loss: 4.0276, acc@1: 43.69%, f1: 33.31%, mrr: 54.00%, ndcg: 57.55%
Current learning rate: 0.001000

=== Epoch 3 ===
Epoch 3, 1.7%	 loss: 3.429 acc@1: 44.73 mrr: 56.46, ndcg: 60.40, took: 0.59s
Epoch 3, 3.4%	 loss: 3.346 acc@1: 46.99 mrr: 57.86, ndcg: 61.65, took: 0.60s
Epoch 3, 5.1%	 loss: 3.292 acc@1: 47.97 mrr: 58.69, ndcg: 62.24, took: 0.61s
Epoch 3, 6.8%	 loss: 3.277 acc@1: 47.70 mrr: 58.75, ndcg: 62.66, took: 0.59s
Epoch 3, 8.5%	 loss: 3.127 acc@1: 49.38 mrr: 60.44, ndcg: 64.19, took: 0.58s
Epoch 3, 10.2%	 loss: 3.116 acc@1: 47.62 mrr: 59.87, ndcg: 64.11, took: 0.59s
Epoch 3, 11.8%	 loss: 3.060 acc@1: 47.93 mrr: 60.29, ndcg: 64.57, took: 0.59s
Epoch 3, 13.5%	 loss: 3.150 acc@1: 47.07 mrr: 59.19, ndcg: 63.41, took: 0.59s
Epoch 3, 15.2%	 loss: 3.073 acc@1: 48.05 mrr: 60.06, ndcg: 64.44, took: 0.59s
Epoch 3, 16.9%	 loss: 3.001 acc@1: 48.09 mrr: 60.71, ndcg: 65.12, took: 0.57s
Epoch 3, 18.6%	 loss: 2.969 acc@1: 49.26 mrr: 61.39, ndcg: 65.56, took: 0.58s
Epoch 3, 20.3%	 loss: 2.974 acc@1: 46.68 mrr: 60.13, ndcg: 65.08, took: 0.57s
Epoch 3, 22.0%	 loss: 2.896 acc@1: 49.57 mrr: 61.64, ndcg: 65.97, took: 0.58s
Epoch 3, 23.7%	 loss: 2.925 acc@1: 49.06 mrr: 61.52, ndcg: 65.85, took: 0.57s
Epoch 3, 25.4%	 loss: 2.902 acc@1: 48.12 mrr: 61.14, ndcg: 65.83, took: 0.56s
Epoch 3, 27.1%	 loss: 2.890 acc@1: 47.70 mrr: 60.92, ndcg: 65.68, took: 0.59s
Epoch 3, 28.8%	 loss: 2.953 acc@1: 48.40 mrr: 60.87, ndcg: 65.40, took: 0.58s
Epoch 3, 30.5%	 loss: 2.799 acc@1: 49.22 mrr: 62.17, ndcg: 66.83, took: 0.57s
Epoch 3, 32.1%	 loss: 2.699 acc@1: 50.20 mrr: 63.12, ndcg: 67.76, took: 0.63s
Epoch 3, 33.8%	 loss: 2.834 acc@1: 49.53 mrr: 62.12, ndcg: 66.81, took: 0.64s
Epoch 3, 35.5%	 loss: 2.583 acc@1: 51.29 mrr: 64.20, ndcg: 69.04, took: 0.61s
Epoch 3, 37.2%	 loss: 2.849 acc@1: 47.19 mrr: 60.60, ndcg: 65.45, took: 0.59s
Epoch 3, 38.9%	 loss: 2.699 acc@1: 50.12 mrr: 62.95, ndcg: 67.76, took: 0.59s
Epoch 3, 40.6%	 loss: 2.649 acc@1: 48.91 mrr: 62.63, ndcg: 67.57, took: 0.57s
Epoch 3, 42.3%	 loss: 2.625 acc@1: 48.71 mrr: 62.52, ndcg: 67.63, took: 0.58s
Epoch 3, 44.0%	 loss: 2.644 acc@1: 49.49 mrr: 63.00, ndcg: 68.07, took: 0.58s
Epoch 3, 45.7%	 loss: 2.731 acc@1: 50.59 mrr: 63.00, ndcg: 67.60, took: 0.59s
Epoch 3, 47.4%	 loss: 2.726 acc@1: 49.45 mrr: 62.53, ndcg: 67.34, took: 0.59s
Epoch 3, 49.1%	 loss: 2.690 acc@1: 50.00 mrr: 62.89, ndcg: 67.55, took: 0.58s
Epoch 3, 50.8%	 loss: 2.659 acc@1: 49.26 mrr: 62.40, ndcg: 67.30, took: 0.59s
Epoch 3, 52.5%	 loss: 2.671 acc@1: 49.14 mrr: 62.34, ndcg: 67.32, took: 0.58s
Epoch 3, 54.1%	 loss: 2.708 acc@1: 48.28 mrr: 61.58, ndcg: 66.56, took: 0.57s
Epoch 3, 55.8%	 loss: 2.707 acc@1: 48.83 mrr: 62.02, ndcg: 67.13, took: 0.57s
Epoch 3, 57.5%	 loss: 2.638 acc@1: 49.02 mrr: 62.50, ndcg: 67.52, took: 0.56s
Epoch 3, 59.2%	 loss: 2.581 acc@1: 49.26 mrr: 62.67, ndcg: 67.96, took: 0.56s
Epoch 3, 60.9%	 loss: 2.606 acc@1: 49.06 mrr: 62.61, ndcg: 67.72, took: 0.59s
Epoch 3, 62.6%	 loss: 2.512 acc@1: 51.84 mrr: 64.76, ndcg: 69.61, took: 0.58s
Epoch 3, 64.3%	 loss: 2.658 acc@1: 48.67 mrr: 62.06, ndcg: 67.29, took: 0.56s
Epoch 3, 66.0%	 loss: 2.404 acc@1: 51.17 mrr: 64.68, ndcg: 69.70, took: 0.56s
Epoch 3, 67.7%	 loss: 2.541 acc@1: 51.09 mrr: 63.95, ndcg: 68.83, took: 0.55s
Epoch 3, 69.4%	 loss: 2.593 acc@1: 48.71 mrr: 62.36, ndcg: 67.42, took: 0.55s
Epoch 3, 71.1%	 loss: 2.535 acc@1: 50.43 mrr: 63.52, ndcg: 68.69, took: 0.58s
Epoch 3, 72.8%	 loss: 2.517 acc@1: 49.22 mrr: 63.19, ndcg: 68.52, took: 0.57s
Epoch 3, 74.5%	 loss: 2.631 acc@1: 49.10 mrr: 62.40, ndcg: 67.38, took: 0.57s
Epoch 3, 76.1%	 loss: 2.599 acc@1: 48.63 mrr: 62.29, ndcg: 67.49, took: 0.59s
Epoch 3, 77.8%	 loss: 2.528 acc@1: 49.34 mrr: 62.87, ndcg: 68.06, took: 0.55s
Epoch 3, 79.5%	 loss: 2.396 acc@1: 52.62 mrr: 65.28, ndcg: 70.05, took: 0.56s
Epoch 3, 81.2%	 loss: 2.452 acc@1: 50.74 mrr: 64.26, ndcg: 69.36, took: 0.56s
Epoch 3, 82.9%	 loss: 2.467 acc@1: 50.23 mrr: 63.86, ndcg: 68.94, took: 0.58s
Epoch 3, 84.6%	 loss: 2.600 acc@1: 47.27 mrr: 61.43, ndcg: 66.95, took: 0.56s
Epoch 3, 86.3%	 loss: 2.457 acc@1: 50.31 mrr: 63.88, ndcg: 69.03, took: 0.56s
Epoch 3, 88.0%	 loss: 2.509 acc@1: 49.53 mrr: 63.01, ndcg: 68.28, took: 0.57s
Epoch 3, 89.7%	 loss: 2.457 acc@1: 52.38 mrr: 64.86, ndcg: 69.54, took: 0.56s
Epoch 3, 91.4%	 loss: 2.600 acc@1: 49.53 mrr: 62.79, ndcg: 67.79, took: 0.57s
Epoch 3, 93.1%	 loss: 2.652 acc@1: 47.58 mrr: 61.36, ndcg: 66.72, took: 0.57s
Epoch 3, 94.8%	 loss: 2.416 acc@1: 51.60 mrr: 64.82, ndcg: 69.81, took: 0.58s
Epoch 3, 96.4%	 loss: 2.393 acc@1: 52.66 mrr: 65.16, ndcg: 69.99, took: 0.59s
Epoch 3, 98.1%	 loss: 2.484 acc@1: 50.04 mrr: 63.53, ndcg: 68.57, took: 0.58s
Epoch 3, 99.8%	 loss: 2.484 acc@1: 50.66 mrr: 63.41, ndcg: 68.33, took: 0.55s
Validation - loss: 3.0293, acc@1: 48.63%, f1: 40.67%, mrr: 60.71%, ndcg: 65.45%
Current learning rate: 0.000979

=== Epoch 4 ===
Epoch 4, 1.7%	 loss: 2.253 acc@1: 51.37 mrr: 64.73, ndcg: 69.82, took: 0.58s
Epoch 4, 3.4%	 loss: 2.254 acc@1: 51.91 mrr: 64.98, ndcg: 70.09, took: 0.56s
Epoch 4, 5.1%	 loss: 2.250 acc@1: 51.33 mrr: 64.65, ndcg: 69.79, took: 0.56s
Epoch 4, 6.8%	 loss: 2.327 acc@1: 50.86 mrr: 64.11, ndcg: 69.28, took: 0.54s
Epoch 4, 8.5%	 loss: 2.152 acc@1: 52.15 mrr: 65.76, ndcg: 70.93, took: 0.56s
Epoch 4, 10.2%	 loss: 2.318 acc@1: 49.38 mrr: 63.31, ndcg: 68.69, took: 0.56s
Epoch 4, 11.8%	 loss: 2.305 acc@1: 52.46 mrr: 65.02, ndcg: 69.77, took: 0.56s
Epoch 4, 13.5%	 loss: 2.254 acc@1: 50.94 mrr: 64.53, ndcg: 69.73, took: 0.54s
Epoch 4, 15.2%	 loss: 2.319 acc@1: 49.26 mrr: 63.22, ndcg: 68.69, took: 0.56s
Epoch 4, 16.9%	 loss: 2.186 acc@1: 51.68 mrr: 65.24, ndcg: 70.52, took: 0.56s
Epoch 4, 18.6%	 loss: 2.331 acc@1: 49.26 mrr: 63.28, ndcg: 68.68, took: 0.56s
Epoch 4, 20.3%	 loss: 2.323 acc@1: 50.31 mrr: 63.53, ndcg: 68.70, took: 0.58s
Epoch 4, 22.0%	 loss: 2.290 acc@1: 51.41 mrr: 64.48, ndcg: 69.45, took: 0.56s
Epoch 4, 23.7%	 loss: 2.242 acc@1: 49.96 mrr: 64.15, ndcg: 69.60, took: 0.57s
Epoch 4, 25.4%	 loss: 2.213 acc@1: 49.92 mrr: 63.99, ndcg: 69.48, took: 0.55s
Epoch 4, 27.1%	 loss: 2.291 acc@1: 50.94 mrr: 64.05, ndcg: 69.14, took: 0.54s
Epoch 4, 28.8%	 loss: 2.272 acc@1: 51.33 mrr: 64.53, ndcg: 69.63, took: 0.54s
Epoch 4, 30.5%	 loss: 2.340 acc@1: 51.13 mrr: 64.12, ndcg: 69.18, took: 0.56s
Epoch 4, 32.1%	 loss: 2.251 acc@1: 51.95 mrr: 64.86, ndcg: 69.89, took: 0.54s
Epoch 4, 33.8%	 loss: 2.237 acc@1: 51.21 mrr: 64.58, ndcg: 69.79, took: 0.56s
Epoch 4, 35.5%	 loss: 2.322 acc@1: 50.27 mrr: 63.57, ndcg: 68.62, took: 0.57s
Epoch 4, 37.2%	 loss: 2.177 acc@1: 52.03 mrr: 65.42, ndcg: 70.55, took: 0.57s
Epoch 4, 38.9%	 loss: 2.219 acc@1: 50.90 mrr: 64.51, ndcg: 69.80, took: 0.56s
Epoch 4, 40.6%	 loss: 2.152 acc@1: 52.42 mrr: 65.98, ndcg: 71.25, took: 0.56s
Epoch 4, 42.3%	 loss: 2.238 acc@1: 50.70 mrr: 64.50, ndcg: 69.77, took: 0.56s
Epoch 4, 44.0%	 loss: 2.235 acc@1: 50.20 mrr: 64.08, ndcg: 69.41, took: 0.55s
Epoch 4, 45.7%	 loss: 2.257 acc@1: 49.92 mrr: 64.05, ndcg: 69.36, took: 0.54s
Epoch 4, 47.4%	 loss: 2.305 acc@1: 48.67 mrr: 62.83, ndcg: 68.16, took: 0.57s
Epoch 4, 49.1%	 loss: 2.192 acc@1: 51.84 mrr: 65.24, ndcg: 70.29, took: 0.55s
Epoch 4, 50.8%	 loss: 2.212 acc@1: 50.90 mrr: 64.32, ndcg: 69.64, took: 0.56s
Epoch 4, 52.5%	 loss: 2.158 acc@1: 51.45 mrr: 65.01, ndcg: 70.53, took: 0.54s
Epoch 4, 54.1%	 loss: 2.233 acc@1: 51.37 mrr: 64.73, ndcg: 69.95, took: 0.55s
Epoch 4, 55.8%	 loss: 2.113 acc@1: 53.09 mrr: 66.31, ndcg: 71.37, took: 0.56s
Epoch 4, 57.5%	 loss: 2.331 acc@1: 50.74 mrr: 63.59, ndcg: 68.61, took: 0.56s
Epoch 4, 59.2%	 loss: 2.326 acc@1: 50.12 mrr: 63.75, ndcg: 68.97, took: 0.55s
Epoch 4, 60.9%	 loss: 2.308 acc@1: 50.74 mrr: 63.94, ndcg: 68.78, took: 0.55s
Epoch 4, 62.6%	 loss: 2.211 acc@1: 52.07 mrr: 64.96, ndcg: 70.08, took: 0.55s
Epoch 4, 64.3%	 loss: 2.230 acc@1: 51.05 mrr: 64.50, ndcg: 69.78, took: 0.55s
Epoch 4, 66.0%	 loss: 2.304 acc@1: 50.74 mrr: 63.77, ndcg: 68.77, took: 0.54s
Epoch 4, 67.7%	 loss: 2.262 acc@1: 50.35 mrr: 63.74, ndcg: 68.97, took: 0.55s
Epoch 4, 69.4%	 loss: 2.239 acc@1: 51.37 mrr: 64.53, ndcg: 69.57, took: 0.55s
Epoch 4, 71.1%	 loss: 2.218 acc@1: 49.92 mrr: 64.05, ndcg: 69.44, took: 0.54s
Epoch 4, 72.8%	 loss: 2.228 acc@1: 48.67 mrr: 63.34, ndcg: 68.97, took: 0.54s
Epoch 4, 74.5%	 loss: 2.178 acc@1: 52.23 mrr: 65.45, ndcg: 70.52, took: 0.55s
Epoch 4, 76.1%	 loss: 2.296 acc@1: 50.08 mrr: 63.26, ndcg: 68.41, took: 0.55s
Epoch 4, 77.8%	 loss: 2.178 acc@1: 51.84 mrr: 65.17, ndcg: 70.32, took: 0.57s
Epoch 4, 79.5%	 loss: 2.239 acc@1: 50.70 mrr: 64.26, ndcg: 69.45, took: 0.56s
Epoch 4, 81.2%	 loss: 2.293 acc@1: 50.43 mrr: 63.76, ndcg: 68.94, took: 0.56s
Epoch 4, 82.9%	 loss: 2.238 acc@1: 51.45 mrr: 64.73, ndcg: 69.79, took: 0.55s
Epoch 4, 84.6%	 loss: 2.243 acc@1: 51.09 mrr: 64.14, ndcg: 69.07, took: 0.57s
Epoch 4, 86.3%	 loss: 2.170 acc@1: 51.72 mrr: 65.23, ndcg: 70.35, took: 0.57s
Epoch 4, 88.0%	 loss: 2.183 acc@1: 51.80 mrr: 65.30, ndcg: 70.62, took: 0.57s
Epoch 4, 89.7%	 loss: 2.236 acc@1: 52.30 mrr: 64.92, ndcg: 70.04, took: 0.57s
Epoch 4, 91.4%	 loss: 2.233 acc@1: 52.27 mrr: 65.10, ndcg: 70.17, took: 0.56s
Epoch 4, 93.1%	 loss: 2.295 acc@1: 51.02 mrr: 64.04, ndcg: 69.05, took: 0.54s
Epoch 4, 94.8%	 loss: 2.211 acc@1: 52.50 mrr: 65.31, ndcg: 70.34, took: 0.55s
Epoch 4, 96.4%	 loss: 2.207 acc@1: 52.07 mrr: 65.15, ndcg: 70.36, took: 0.53s
Epoch 4, 98.1%	 loss: 2.180 acc@1: 52.30 mrr: 65.64, ndcg: 70.82, took: 0.54s
Epoch 4, 99.8%	 loss: 2.250 acc@1: 51.09 mrr: 64.19, ndcg: 69.23, took: 0.54s
Validation - loss: 2.9201, acc@1: 49.85%, f1: 42.29%, mrr: 61.73%, ndcg: 66.42%
Current learning rate: 0.000958

=== Epoch 5 ===
Epoch 5, 1.7%	 loss: 1.990 acc@1: 53.05 mrr: 66.19, ndcg: 71.34, took: 0.56s
Epoch 5, 3.4%	 loss: 2.052 acc@1: 51.13 mrr: 65.04, ndcg: 70.38, took: 0.55s
Epoch 5, 5.1%	 loss: 1.988 acc@1: 52.81 mrr: 66.13, ndcg: 71.43, took: 0.57s
Epoch 5, 6.8%	 loss: 2.074 acc@1: 52.93 mrr: 65.68, ndcg: 70.79, took: 0.55s
Epoch 5, 8.5%	 loss: 2.056 acc@1: 51.72 mrr: 65.14, ndcg: 70.44, took: 0.57s
Epoch 5, 10.2%	 loss: 2.040 acc@1: 52.03 mrr: 65.66, ndcg: 71.03, took: 0.55s
Epoch 5, 11.8%	 loss: 2.145 acc@1: 51.25 mrr: 64.64, ndcg: 69.90, took: 0.56s
Epoch 5, 13.5%	 loss: 2.073 acc@1: 52.27 mrr: 65.43, ndcg: 70.56, took: 0.56s
Epoch 5, 15.2%	 loss: 2.117 acc@1: 52.89 mrr: 65.43, ndcg: 70.52, took: 0.57s
Epoch 5, 16.9%	 loss: 2.054 acc@1: 53.28 mrr: 65.86, ndcg: 70.60, took: 0.54s
Epoch 5, 18.6%	 loss: 2.102 acc@1: 51.56 mrr: 64.90, ndcg: 70.17, took: 0.55s
Epoch 5, 20.3%	 loss: 2.112 acc@1: 52.70 mrr: 65.68, ndcg: 70.54, took: 0.54s
Epoch 5, 22.0%	 loss: 2.072 acc@1: 53.12 mrr: 65.74, ndcg: 70.65, took: 0.55s
Epoch 5, 23.7%	 loss: 2.069 acc@1: 52.85 mrr: 65.60, ndcg: 70.68, took: 0.54s
Epoch 5, 25.4%	 loss: 2.146 acc@1: 50.82 mrr: 64.29, ndcg: 69.55, took: 0.56s
Epoch 5, 27.1%	 loss: 2.109 acc@1: 51.13 mrr: 64.76, ndcg: 69.97, took: 0.55s
Epoch 5, 28.8%	 loss: 2.073 acc@1: 53.09 mrr: 65.81, ndcg: 70.69, took: 0.55s
Epoch 5, 30.5%	 loss: 2.101 acc@1: 52.89 mrr: 65.31, ndcg: 70.25, took: 0.57s
Epoch 5, 32.1%	 loss: 2.000 acc@1: 53.48 mrr: 66.37, ndcg: 71.30, took: 0.56s
Epoch 5, 33.8%	 loss: 2.087 acc@1: 52.34 mrr: 65.28, ndcg: 70.45, took: 0.56s
Epoch 5, 35.5%	 loss: 2.051 acc@1: 53.32 mrr: 66.14, ndcg: 71.03, took: 0.57s
Epoch 5, 37.2%	 loss: 2.049 acc@1: 51.80 mrr: 65.35, ndcg: 70.66, took: 0.57s
Epoch 5, 38.9%	 loss: 2.111 acc@1: 53.28 mrr: 65.79, ndcg: 70.63, took: 0.57s
Epoch 5, 40.6%	 loss: 2.026 acc@1: 54.96 mrr: 67.25, ndcg: 72.05, took: 0.58s
Epoch 5, 42.3%	 loss: 2.157 acc@1: 51.56 mrr: 64.75, ndcg: 69.77, took: 0.57s
Epoch 5, 44.0%	 loss: 2.125 acc@1: 51.99 mrr: 64.89, ndcg: 70.10, took: 0.56s
Epoch 5, 45.7%	 loss: 2.057 acc@1: 52.30 mrr: 65.34, ndcg: 70.48, took: 0.54s
Epoch 5, 47.4%	 loss: 2.075 acc@1: 51.29 mrr: 64.97, ndcg: 70.30, took: 0.56s
Epoch 5, 49.1%	 loss: 2.050 acc@1: 53.83 mrr: 66.39, ndcg: 71.26, took: 0.57s
Epoch 5, 50.8%	 loss: 2.115 acc@1: 52.42 mrr: 65.16, ndcg: 70.17, took: 0.56s
Epoch 5, 52.5%	 loss: 2.052 acc@1: 52.89 mrr: 65.98, ndcg: 71.05, took: 0.56s
Epoch 5, 54.1%	 loss: 2.134 acc@1: 52.77 mrr: 65.39, ndcg: 70.25, took: 0.58s
Epoch 5, 55.8%	 loss: 2.150 acc@1: 51.17 mrr: 64.39, ndcg: 69.53, took: 0.56s
Epoch 5, 57.5%	 loss: 2.073 acc@1: 53.48 mrr: 66.34, ndcg: 71.15, took: 0.57s
Epoch 5, 59.2%	 loss: 2.094 acc@1: 52.62 mrr: 65.53, ndcg: 70.53, took: 0.58s
Epoch 5, 60.9%	 loss: 2.030 acc@1: 52.07 mrr: 65.69, ndcg: 70.83, took: 0.58s
Epoch 5, 62.6%	 loss: 2.064 acc@1: 54.80 mrr: 66.88, ndcg: 71.67, took: 0.55s
Epoch 5, 64.3%	 loss: 2.197 acc@1: 50.47 mrr: 63.66, ndcg: 68.70, took: 0.55s
Epoch 5, 66.0%	 loss: 2.125 acc@1: 51.72 mrr: 64.67, ndcg: 69.88, took: 0.56s
Epoch 5, 67.7%	 loss: 2.045 acc@1: 53.05 mrr: 65.95, ndcg: 71.00, took: 0.55s
Epoch 5, 69.4%	 loss: 2.070 acc@1: 52.34 mrr: 65.73, ndcg: 70.89, took: 0.57s
Epoch 5, 71.1%	 loss: 2.093 acc@1: 52.38 mrr: 65.41, ndcg: 70.42, took: 0.56s
Epoch 5, 72.8%	 loss: 2.157 acc@1: 51.80 mrr: 64.72, ndcg: 69.72, took: 0.56s
Epoch 5, 74.5%	 loss: 2.059 acc@1: 53.40 mrr: 66.32, ndcg: 71.17, took: 0.56s
Epoch 5, 76.1%	 loss: 1.951 acc@1: 54.30 mrr: 67.26, ndcg: 72.43, took: 0.60s
Epoch 5, 77.8%	 loss: 2.058 acc@1: 53.36 mrr: 66.12, ndcg: 71.22, took: 0.57s
Epoch 5, 79.5%	 loss: 2.111 acc@1: 52.11 mrr: 65.08, ndcg: 70.03, took: 0.60s
Epoch 5, 81.2%	 loss: 2.013 acc@1: 53.20 mrr: 66.50, ndcg: 71.61, took: 0.56s
Epoch 5, 82.9%	 loss: 2.000 acc@1: 53.55 mrr: 66.92, ndcg: 71.80, took: 0.55s
Epoch 5, 84.6%	 loss: 2.137 acc@1: 51.09 mrr: 64.40, ndcg: 69.43, took: 0.55s
Epoch 5, 86.3%	 loss: 2.092 acc@1: 51.64 mrr: 65.03, ndcg: 70.21, took: 0.54s
Epoch 5, 88.0%	 loss: 1.982 acc@1: 54.22 mrr: 67.31, ndcg: 72.36, took: 0.54s
Epoch 5, 89.7%	 loss: 2.187 acc@1: 52.97 mrr: 65.18, ndcg: 69.82, took: 0.55s
Epoch 5, 91.4%	 loss: 1.993 acc@1: 55.31 mrr: 67.48, ndcg: 72.20, took: 0.57s
Epoch 5, 93.1%	 loss: 2.108 acc@1: 52.85 mrr: 65.29, ndcg: 70.20, took: 0.55s
Epoch 5, 94.8%	 loss: 2.077 acc@1: 53.40 mrr: 66.08, ndcg: 70.92, took: 1.16s
Epoch 5, 96.4%	 loss: 2.028 acc@1: 52.85 mrr: 66.04, ndcg: 71.13, took: 0.56s
Epoch 5, 98.1%	 loss: 2.071 acc@1: 51.95 mrr: 65.47, ndcg: 70.49, took: 0.58s
Epoch 5, 99.8%	 loss: 2.031 acc@1: 52.81 mrr: 65.98, ndcg: 71.08, took: 0.56s
Validation - loss: 2.8799, acc@1: 50.36%, f1: 43.36%, mrr: 62.04%, ndcg: 66.63%
Current learning rate: 0.000937

=== Epoch 6 ===
Epoch 6, 1.7%	 loss: 1.978 acc@1: 52.93 mrr: 66.10, ndcg: 71.23, took: 0.57s
Epoch 6, 3.4%	 loss: 1.921 acc@1: 54.26 mrr: 66.76, ndcg: 71.89, took: 0.56s
Epoch 6, 5.1%	 loss: 1.860 acc@1: 55.27 mrr: 68.13, ndcg: 73.07, took: 0.56s
Epoch 6, 6.8%	 loss: 1.934 acc@1: 53.75 mrr: 66.79, ndcg: 71.83, took: 0.55s
Epoch 6, 8.5%	 loss: 1.910 acc@1: 55.90 mrr: 68.26, ndcg: 73.04, took: 0.57s
Epoch 6, 10.2%	 loss: 1.909 acc@1: 54.69 mrr: 67.17, ndcg: 72.16, took: 0.55s
Epoch 6, 11.8%	 loss: 1.909 acc@1: 53.83 mrr: 66.98, ndcg: 72.00, took: 0.56s
Epoch 6, 13.5%	 loss: 1.921 acc@1: 54.22 mrr: 67.00, ndcg: 72.04, took: 0.54s
Epoch 6, 15.2%	 loss: 1.934 acc@1: 54.22 mrr: 66.71, ndcg: 71.65, took: 0.55s
Epoch 6, 16.9%	 loss: 1.986 acc@1: 53.24 mrr: 66.03, ndcg: 70.91, took: 0.57s
Epoch 6, 18.6%	 loss: 1.987 acc@1: 53.48 mrr: 66.23, ndcg: 71.12, took: 0.66s
Epoch 6, 20.3%	 loss: 1.996 acc@1: 53.67 mrr: 66.20, ndcg: 71.16, took: 0.57s
Epoch 6, 22.0%	 loss: 1.856 acc@1: 55.00 mrr: 67.95, ndcg: 72.86, took: 0.56s
Epoch 6, 23.7%	 loss: 2.070 acc@1: 51.76 mrr: 64.72, ndcg: 69.66, took: 0.55s
Epoch 6, 25.4%	 loss: 1.874 acc@1: 56.56 mrr: 68.36, ndcg: 73.04, took: 0.56s
Epoch 6, 27.1%	 loss: 1.979 acc@1: 54.57 mrr: 66.71, ndcg: 71.43, took: 0.56s
Epoch 6, 28.8%	 loss: 2.035 acc@1: 53.09 mrr: 65.80, ndcg: 70.81, took: 0.54s
Epoch 6, 30.5%	 loss: 1.978 acc@1: 53.75 mrr: 66.58, ndcg: 71.50, took: 0.56s
Epoch 6, 32.1%	 loss: 2.024 acc@1: 52.93 mrr: 65.49, ndcg: 70.42, took: 0.56s
Epoch 6, 33.8%	 loss: 2.053 acc@1: 52.97 mrr: 65.56, ndcg: 70.42, took: 0.55s
Epoch 6, 35.5%	 loss: 1.998 acc@1: 54.53 mrr: 66.84, ndcg: 71.53, took: 0.56s
Epoch 6, 37.2%	 loss: 1.952 acc@1: 54.92 mrr: 67.05, ndcg: 71.75, took: 0.56s
Epoch 6, 38.9%	 loss: 1.963 acc@1: 53.44 mrr: 66.27, ndcg: 71.40, took: 0.58s
Epoch 6, 40.6%	 loss: 1.957 acc@1: 54.80 mrr: 67.15, ndcg: 71.77, took: 0.56s
Epoch 6, 42.3%	 loss: 1.990 acc@1: 54.53 mrr: 66.89, ndcg: 71.58, took: 0.58s
Epoch 6, 44.0%	 loss: 1.942 acc@1: 55.43 mrr: 67.60, ndcg: 72.16, took: 0.57s
Epoch 6, 45.7%	 loss: 2.019 acc@1: 53.95 mrr: 66.09, ndcg: 70.84, took: 0.55s
Epoch 6, 47.4%	 loss: 1.948 acc@1: 54.96 mrr: 67.21, ndcg: 71.90, took: 0.55s
Epoch 6, 49.1%	 loss: 2.014 acc@1: 55.12 mrr: 66.86, ndcg: 71.26, took: 0.55s
Epoch 6, 50.8%	 loss: 1.984 acc@1: 55.12 mrr: 67.47, ndcg: 72.05, took: 0.58s
Epoch 6, 52.5%	 loss: 1.943 acc@1: 54.73 mrr: 67.09, ndcg: 72.03, took: 0.56s
Epoch 6, 54.1%	 loss: 2.016 acc@1: 54.61 mrr: 66.50, ndcg: 71.25, took: 0.58s
Epoch 6, 55.8%	 loss: 1.895 acc@1: 54.34 mrr: 67.34, ndcg: 72.47, took: 0.57s
Epoch 6, 57.5%	 loss: 1.980 acc@1: 54.45 mrr: 66.41, ndcg: 71.51, took: 0.56s
Epoch 6, 59.2%	 loss: 1.981 acc@1: 53.98 mrr: 66.54, ndcg: 71.38, took: 0.55s
Epoch 6, 60.9%	 loss: 1.892 acc@1: 54.38 mrr: 67.62, ndcg: 72.57, took: 0.56s
Epoch 6, 62.6%	 loss: 1.933 acc@1: 54.14 mrr: 67.00, ndcg: 71.91, took: 0.56s
Epoch 6, 64.3%	 loss: 1.941 acc@1: 55.55 mrr: 67.49, ndcg: 72.11, took: 0.58s
Epoch 6, 66.0%	 loss: 1.997 acc@1: 54.06 mrr: 66.35, ndcg: 71.32, took: 0.59s
Epoch 6, 67.7%	 loss: 1.997 acc@1: 54.49 mrr: 66.72, ndcg: 71.38, took: 0.57s
Epoch 6, 69.4%	 loss: 1.979 acc@1: 54.65 mrr: 66.90, ndcg: 71.51, took: 0.54s
Epoch 6, 71.1%	 loss: 1.935 acc@1: 54.96 mrr: 67.45, ndcg: 72.28, took: 0.56s
Epoch 6, 72.8%	 loss: 2.089 acc@1: 52.54 mrr: 65.11, ndcg: 70.04, took: 0.55s
Epoch 6, 74.5%	 loss: 1.974 acc@1: 54.41 mrr: 66.78, ndcg: 71.68, took: 0.55s
Epoch 6, 76.1%	 loss: 1.960 acc@1: 56.05 mrr: 67.65, ndcg: 72.06, took: 0.56s
Epoch 6, 77.8%	 loss: 1.935 acc@1: 53.98 mrr: 66.84, ndcg: 71.89, took: 0.57s
Epoch 6, 79.5%	 loss: 1.966 acc@1: 52.81 mrr: 66.11, ndcg: 71.34, took: 0.57s
Epoch 6, 81.2%	 loss: 2.023 acc@1: 53.91 mrr: 66.32, ndcg: 71.05, took: 0.59s
Epoch 6, 82.9%	 loss: 1.943 acc@1: 54.84 mrr: 67.38, ndcg: 72.20, took: 0.57s
Epoch 6, 84.6%	 loss: 1.963 acc@1: 53.44 mrr: 66.61, ndcg: 71.70, took: 0.58s
Epoch 6, 86.3%	 loss: 2.018 acc@1: 54.18 mrr: 66.14, ndcg: 70.87, took: 0.56s
Epoch 6, 88.0%	 loss: 1.961 acc@1: 55.70 mrr: 67.66, ndcg: 72.30, took: 0.56s
Epoch 6, 89.7%	 loss: 1.944 acc@1: 52.85 mrr: 66.43, ndcg: 71.53, took: 0.57s
Epoch 6, 91.4%	 loss: 1.989 acc@1: 53.91 mrr: 66.82, ndcg: 71.63, took: 0.56s
Epoch 6, 93.1%	 loss: 2.105 acc@1: 53.44 mrr: 65.49, ndcg: 70.17, took: 0.56s
Epoch 6, 94.8%	 loss: 2.054 acc@1: 54.30 mrr: 66.36, ndcg: 71.02, took: 0.55s
Epoch 6, 96.4%	 loss: 1.937 acc@1: 55.08 mrr: 67.53, ndcg: 72.35, took: 0.56s
Epoch 6, 98.1%	 loss: 1.999 acc@1: 53.59 mrr: 66.48, ndcg: 71.17, took: 0.56s
Epoch 6, 99.8%	 loss: 2.056 acc@1: 54.45 mrr: 66.44, ndcg: 70.87, took: 0.56s
Validation - loss: 2.8905, acc@1: 51.08%, f1: 43.90%, mrr: 62.42%, ndcg: 66.87%
Current learning rate: 0.000917

=== Epoch 7 ===
Epoch 7, 1.7%	 loss: 1.801 acc@1: 56.29 mrr: 68.77, ndcg: 73.48, took: 0.56s
Epoch 7, 3.4%	 loss: 1.864 acc@1: 54.61 mrr: 67.36, ndcg: 72.56, took: 0.54s
Epoch 7, 5.1%	 loss: 1.909 acc@1: 54.45 mrr: 66.98, ndcg: 71.99, took: 0.55s
Epoch 7, 6.8%	 loss: 1.830 acc@1: 55.90 mrr: 68.04, ndcg: 73.09, took: 0.56s
Epoch 7, 8.5%	 loss: 1.893 acc@1: 54.65 mrr: 67.21, ndcg: 72.19, took: 0.56s
Epoch 7, 10.2%	 loss: 1.820 acc@1: 56.64 mrr: 68.64, ndcg: 73.52, took: 0.58s
Epoch 7, 11.8%	 loss: 1.798 acc@1: 56.37 mrr: 68.60, ndcg: 73.54, took: 0.56s
Epoch 7, 13.5%	 loss: 1.868 acc@1: 55.55 mrr: 67.82, ndcg: 72.53, took: 0.54s
Epoch 7, 15.2%	 loss: 1.855 acc@1: 56.25 mrr: 68.23, ndcg: 73.07, took: 0.55s
Epoch 7, 16.9%	 loss: 1.902 acc@1: 54.53 mrr: 66.86, ndcg: 71.75, took: 0.56s
Epoch 7, 18.6%	 loss: 1.878 acc@1: 55.98 mrr: 67.97, ndcg: 72.59, took: 0.55s
Epoch 7, 20.3%	 loss: 1.862 acc@1: 55.31 mrr: 68.06, ndcg: 72.94, took: 0.55s
Epoch 7, 22.0%	 loss: 1.893 acc@1: 56.37 mrr: 67.92, ndcg: 72.57, took: 0.55s
Epoch 7, 23.7%	 loss: 1.896 acc@1: 55.16 mrr: 67.36, ndcg: 71.98, took: 0.55s
Epoch 7, 25.4%	 loss: 1.932 acc@1: 54.61 mrr: 67.09, ndcg: 71.74, took: 0.56s
Epoch 7, 27.1%	 loss: 1.871 acc@1: 55.82 mrr: 67.97, ndcg: 72.66, took: 0.55s
Epoch 7, 28.8%	 loss: 1.799 acc@1: 57.30 mrr: 69.14, ndcg: 73.77, took: 0.55s
Epoch 7, 30.5%	 loss: 1.900 acc@1: 55.00 mrr: 67.21, ndcg: 71.89, took: 0.55s
Epoch 7, 32.1%	 loss: 1.879 acc@1: 55.74 mrr: 67.85, ndcg: 72.57, took: 0.54s
Epoch 7, 33.8%	 loss: 1.829 acc@1: 55.55 mrr: 68.13, ndcg: 73.10, took: 0.56s
Epoch 7, 35.5%	 loss: 1.973 acc@1: 53.87 mrr: 66.12, ndcg: 70.79, took: 0.60s
Epoch 7, 37.2%	 loss: 1.864 acc@1: 56.09 mrr: 68.16, ndcg: 72.85, took: 0.59s
Epoch 7, 38.9%	 loss: 1.866 acc@1: 55.98 mrr: 68.08, ndcg: 72.80, took: 0.57s
Epoch 7, 40.6%	 loss: 1.844 acc@1: 55.08 mrr: 67.83, ndcg: 72.61, took: 0.58s
Epoch 7, 42.3%	 loss: 1.912 acc@1: 55.31 mrr: 67.40, ndcg: 72.08, took: 0.57s
Epoch 7, 44.0%	 loss: 1.880 acc@1: 58.01 mrr: 68.92, ndcg: 73.11, took: 0.56s
Epoch 7, 45.7%	 loss: 1.877 acc@1: 55.82 mrr: 67.98, ndcg: 72.72, took: 0.56s
Epoch 7, 47.4%	 loss: 1.802 acc@1: 57.54 mrr: 69.27, ndcg: 73.80, took: 0.57s
Epoch 7, 49.1%	 loss: 1.862 acc@1: 55.55 mrr: 67.78, ndcg: 72.55, took: 0.55s
Epoch 7, 50.8%	 loss: 1.848 acc@1: 56.17 mrr: 68.42, ndcg: 73.20, took: 0.55s
Epoch 7, 52.5%	 loss: 1.857 acc@1: 56.45 mrr: 68.42, ndcg: 73.07, took: 0.55s
Epoch 7, 54.1%	 loss: 1.990 acc@1: 53.87 mrr: 66.19, ndcg: 70.96, took: 0.58s
Epoch 7, 55.8%	 loss: 1.918 acc@1: 53.71 mrr: 66.67, ndcg: 71.49, took: 0.59s
Epoch 7, 57.5%	 loss: 1.861 acc@1: 56.72 mrr: 68.61, ndcg: 73.23, took: 0.58s
Epoch 7, 59.2%	 loss: 1.936 acc@1: 53.59 mrr: 66.38, ndcg: 71.29, took: 0.56s
Epoch 7, 60.9%	 loss: 1.968 acc@1: 53.91 mrr: 66.34, ndcg: 71.16, took: 0.56s
Epoch 7, 62.6%	 loss: 1.857 acc@1: 56.48 mrr: 68.24, ndcg: 72.77, took: 0.56s
Epoch 7, 64.3%	 loss: 1.920 acc@1: 55.12 mrr: 67.18, ndcg: 71.88, took: 0.54s
Epoch 7, 66.0%	 loss: 1.867 acc@1: 55.20 mrr: 67.79, ndcg: 72.62, took: 0.56s
Epoch 7, 67.7%	 loss: 1.942 acc@1: 54.69 mrr: 66.77, ndcg: 71.34, took: 0.56s
Epoch 7, 69.4%	 loss: 1.956 acc@1: 54.84 mrr: 66.71, ndcg: 71.38, took: 0.57s
Epoch 7, 71.1%	 loss: 1.977 acc@1: 54.69 mrr: 66.59, ndcg: 71.25, took: 0.57s
Epoch 7, 72.8%	 loss: 1.959 acc@1: 55.70 mrr: 67.51, ndcg: 71.89, took: 0.56s
Epoch 7, 74.5%	 loss: 1.836 acc@1: 56.88 mrr: 68.59, ndcg: 73.25, took: 0.57s
Epoch 7, 76.1%	 loss: 1.880 acc@1: 56.45 mrr: 68.29, ndcg: 72.86, took: 0.54s
Epoch 7, 77.8%	 loss: 1.917 acc@1: 55.39 mrr: 67.29, ndcg: 71.97, took: 0.57s
Epoch 7, 79.5%	 loss: 1.950 acc@1: 53.16 mrr: 66.29, ndcg: 71.45, took: 0.54s
Epoch 7, 81.2%	 loss: 1.968 acc@1: 54.69 mrr: 66.75, ndcg: 71.56, took: 0.56s
Epoch 7, 82.9%	 loss: 1.986 acc@1: 55.20 mrr: 66.74, ndcg: 71.31, took: 0.55s
Epoch 7, 84.6%	 loss: 1.881 acc@1: 56.29 mrr: 68.21, ndcg: 72.82, took: 0.56s
Epoch 7, 86.3%	 loss: 1.907 acc@1: 55.86 mrr: 67.89, ndcg: 72.51, took: 0.56s
Epoch 7, 88.0%	 loss: 1.954 acc@1: 54.49 mrr: 66.75, ndcg: 71.51, took: 0.54s
Epoch 7, 89.7%	 loss: 1.955 acc@1: 55.27 mrr: 67.15, ndcg: 71.77, took: 0.55s
Epoch 7, 91.4%	 loss: 1.901 acc@1: 55.66 mrr: 67.76, ndcg: 72.46, took: 0.54s
Epoch 7, 93.1%	 loss: 1.980 acc@1: 54.65 mrr: 66.88, ndcg: 71.60, took: 0.54s
Epoch 7, 94.8%	 loss: 1.942 acc@1: 55.62 mrr: 67.54, ndcg: 71.96, took: 0.54s
Epoch 7, 96.4%	 loss: 1.913 acc@1: 55.66 mrr: 67.64, ndcg: 72.22, took: 0.56s
Epoch 7, 98.1%	 loss: 1.914 acc@1: 55.12 mrr: 67.44, ndcg: 72.17, took: 0.54s
Epoch 7, 99.8%	 loss: 1.862 acc@1: 56.60 mrr: 68.55, ndcg: 73.08, took: 0.56s
Validation - loss: 2.8699, acc@1: 51.67%, f1: 44.91%, mrr: 62.91%, ndcg: 67.32%
Current learning rate: 0.000896

=== Epoch 8 ===
Epoch 8, 1.7%	 loss: 1.750 acc@1: 57.70 mrr: 69.59, ndcg: 74.37, took: 0.59s
Epoch 8, 3.4%	 loss: 1.725 acc@1: 58.01 mrr: 69.90, ndcg: 74.78, took: 0.56s
Epoch 8, 5.1%	 loss: 1.751 acc@1: 56.80 mrr: 69.12, ndcg: 74.09, took: 0.57s
Epoch 8, 6.8%	 loss: 1.797 acc@1: 55.62 mrr: 68.22, ndcg: 73.10, took: 0.54s
Epoch 8, 8.5%	 loss: 1.771 acc@1: 56.45 mrr: 68.65, ndcg: 73.61, took: 0.55s
Epoch 8, 10.2%	 loss: 1.762 acc@1: 56.99 mrr: 69.09, ndcg: 73.75, took: 0.54s
Epoch 8, 11.8%	 loss: 1.723 acc@1: 58.52 mrr: 70.28, ndcg: 74.92, took: 0.55s
Epoch 8, 13.5%	 loss: 1.743 acc@1: 58.05 mrr: 69.67, ndcg: 74.26, took: 0.55s
Epoch 8, 15.2%	 loss: 1.831 acc@1: 57.23 mrr: 68.63, ndcg: 73.10, took: 0.55s
Epoch 8, 16.9%	 loss: 1.795 acc@1: 56.41 mrr: 68.58, ndcg: 73.53, took: 0.55s
Epoch 8, 18.6%	 loss: 1.791 acc@1: 57.23 mrr: 69.16, ndcg: 73.76, took: 0.54s
Epoch 8, 20.3%	 loss: 1.782 acc@1: 58.20 mrr: 69.51, ndcg: 73.93, took: 0.55s
Epoch 8, 22.0%	 loss: 1.888 acc@1: 54.80 mrr: 67.11, ndcg: 71.68, took: 0.55s
Epoch 8, 23.7%	 loss: 1.788 acc@1: 57.19 mrr: 68.96, ndcg: 73.66, took: 0.56s
Epoch 8, 25.4%	 loss: 1.734 acc@1: 58.09 mrr: 70.02, ndcg: 74.56, took: 0.55s
Epoch 8, 27.1%	 loss: 1.801 acc@1: 57.34 mrr: 68.98, ndcg: 73.54, took: 0.58s
Epoch 8, 28.8%	 loss: 1.777 acc@1: 57.50 mrr: 69.15, ndcg: 73.83, took: 0.56s
Epoch 8, 30.5%	 loss: 1.790 acc@1: 56.45 mrr: 68.65, ndcg: 73.47, took: 0.55s
Epoch 8, 32.1%	 loss: 1.740 acc@1: 58.95 mrr: 70.20, ndcg: 74.66, took: 0.54s
Epoch 8, 33.8%	 loss: 1.879 acc@1: 56.09 mrr: 67.71, ndcg: 72.23, took: 0.55s
Epoch 8, 35.5%	 loss: 1.801 acc@1: 57.11 mrr: 68.77, ndcg: 73.55, took: 0.55s
Epoch 8, 37.2%	 loss: 1.798 acc@1: 56.52 mrr: 68.92, ndcg: 73.61, took: 0.54s
Epoch 8, 38.9%	 loss: 1.890 acc@1: 55.59 mrr: 67.50, ndcg: 72.23, took: 0.55s
Epoch 8, 40.6%	 loss: 1.841 acc@1: 55.70 mrr: 67.99, ndcg: 72.78, took: 0.53s
Epoch 8, 42.3%	 loss: 1.887 acc@1: 56.41 mrr: 68.11, ndcg: 72.74, took: 0.54s
Epoch 8, 44.0%	 loss: 1.775 acc@1: 56.95 mrr: 69.17, ndcg: 73.86, took: 0.55s
Epoch 8, 45.7%	 loss: 1.844 acc@1: 57.62 mrr: 68.75, ndcg: 73.11, took: 0.57s
Epoch 8, 47.4%	 loss: 1.818 acc@1: 56.05 mrr: 68.41, ndcg: 73.14, took: 0.55s
Epoch 8, 49.1%	 loss: 1.821 acc@1: 57.11 mrr: 68.93, ndcg: 73.46, took: 0.55s
Epoch 8, 50.8%	 loss: 1.795 acc@1: 57.23 mrr: 69.10, ndcg: 73.63, took: 0.55s
Epoch 8, 52.5%	 loss: 1.824 acc@1: 56.72 mrr: 68.68, ndcg: 73.38, took: 0.55s
Epoch 8, 54.1%	 loss: 1.795 acc@1: 58.40 mrr: 69.63, ndcg: 73.84, took: 0.54s
Epoch 8, 55.8%	 loss: 1.810 acc@1: 56.60 mrr: 68.71, ndcg: 73.36, took: 0.57s
Epoch 8, 57.5%	 loss: 1.877 acc@1: 55.16 mrr: 67.55, ndcg: 72.46, took: 0.55s
Epoch 8, 59.2%	 loss: 1.842 acc@1: 57.77 mrr: 69.06, ndcg: 73.33, took: 0.55s
Epoch 8, 60.9%	 loss: 1.847 acc@1: 56.64 mrr: 68.61, ndcg: 73.12, took: 0.55s
Epoch 8, 62.6%	 loss: 1.840 acc@1: 55.98 mrr: 68.30, ndcg: 72.77, took: 0.55s
Epoch 8, 64.3%	 loss: 1.926 acc@1: 54.96 mrr: 67.25, ndcg: 71.91, took: 0.55s
Epoch 8, 66.0%	 loss: 1.819 acc@1: 56.56 mrr: 68.72, ndcg: 73.34, took: 0.55s
Epoch 8, 67.7%	 loss: 1.769 acc@1: 57.93 mrr: 69.80, ndcg: 74.35, took: 0.56s
Epoch 8, 69.4%	 loss: 1.822 acc@1: 57.19 mrr: 68.74, ndcg: 73.14, took: 0.55s
Epoch 8, 71.1%	 loss: 1.880 acc@1: 55.23 mrr: 67.47, ndcg: 72.15, took: 0.55s
Epoch 8, 72.8%	 loss: 1.858 acc@1: 56.29 mrr: 68.16, ndcg: 72.59, took: 0.55s
Epoch 8, 74.5%	 loss: 1.927 acc@1: 54.69 mrr: 66.90, ndcg: 71.69, took: 0.54s
Epoch 8, 76.1%	 loss: 1.879 acc@1: 56.33 mrr: 68.27, ndcg: 72.98, took: 0.54s
Epoch 8, 77.8%	 loss: 1.836 acc@1: 57.62 mrr: 68.97, ndcg: 73.34, took: 0.54s
Epoch 8, 79.5%	 loss: 1.887 acc@1: 55.78 mrr: 67.62, ndcg: 72.19, took: 0.56s
Epoch 8, 81.2%	 loss: 1.860 acc@1: 57.70 mrr: 68.70, ndcg: 72.99, took: 0.55s
Epoch 8, 82.9%	 loss: 1.818 acc@1: 57.38 mrr: 68.93, ndcg: 73.25, took: 0.54s
Epoch 8, 84.6%	 loss: 1.886 acc@1: 55.51 mrr: 67.55, ndcg: 72.37, took: 0.56s
Epoch 8, 86.3%	 loss: 1.876 acc@1: 56.13 mrr: 67.68, ndcg: 72.43, took: 0.55s
Epoch 8, 88.0%	 loss: 1.835 acc@1: 57.70 mrr: 69.01, ndcg: 73.33, took: 0.56s
Epoch 8, 89.7%	 loss: 1.859 acc@1: 56.80 mrr: 68.59, ndcg: 73.03, took: 0.56s
Epoch 8, 91.4%	 loss: 1.865 acc@1: 55.39 mrr: 67.80, ndcg: 72.64, took: 0.54s
Epoch 8, 93.1%	 loss: 1.838 acc@1: 55.98 mrr: 68.09, ndcg: 72.75, took: 0.55s
Epoch 8, 94.8%	 loss: 1.872 acc@1: 55.12 mrr: 67.54, ndcg: 72.36, took: 0.54s
Epoch 8, 96.4%	 loss: 1.880 acc@1: 57.07 mrr: 68.62, ndcg: 72.93, took: 0.55s
Epoch 8, 98.1%	 loss: 1.841 acc@1: 57.58 mrr: 68.96, ndcg: 73.38, took: 0.56s
Epoch 8, 99.8%	 loss: 1.801 acc@1: 55.51 mrr: 68.19, ndcg: 73.11, took: 0.56s
Validation - loss: 2.8964, acc@1: 51.35%, f1: 45.14%, mrr: 62.55%, ndcg: 66.87%
Current learning rate: 0.000875

=== Epoch 9 ===
Epoch 9, 1.7%	 loss: 1.731 acc@1: 56.84 mrr: 69.26, ndcg: 74.30, took: 0.54s
Epoch 9, 3.4%	 loss: 1.699 acc@1: 56.68 mrr: 69.36, ndcg: 74.53, took: 0.55s
Epoch 9, 5.1%	 loss: 1.668 acc@1: 59.61 mrr: 71.01, ndcg: 75.64, took: 0.53s
Epoch 9, 6.8%	 loss: 1.710 acc@1: 57.30 mrr: 69.55, ndcg: 74.44, took: 0.53s
Epoch 9, 8.5%	 loss: 1.694 acc@1: 58.48 mrr: 70.34, ndcg: 74.98, took: 0.54s
Epoch 9, 10.2%	 loss: 1.652 acc@1: 58.91 mrr: 70.88, ndcg: 75.65, took: 0.54s
Epoch 9, 11.8%	 loss: 1.705 acc@1: 58.83 mrr: 70.25, ndcg: 74.80, took: 0.56s
Epoch 9, 13.5%	 loss: 1.717 acc@1: 58.36 mrr: 69.87, ndcg: 74.49, took: 0.56s
Epoch 9, 15.2%	 loss: 1.678 acc@1: 57.70 mrr: 69.84, ndcg: 74.80, took: 0.58s
Epoch 9, 16.9%	 loss: 1.712 acc@1: 58.75 mrr: 70.15, ndcg: 74.58, took: 0.57s
Epoch 9, 18.6%	 loss: 1.798 acc@1: 57.81 mrr: 69.15, ndcg: 73.60, took: 0.57s
Epoch 9, 20.3%	 loss: 1.721 acc@1: 59.45 mrr: 70.49, ndcg: 74.86, took: 0.59s
Epoch 9, 22.0%	 loss: 1.732 acc@1: 57.85 mrr: 69.66, ndcg: 74.43, took: 0.55s
Epoch 9, 23.7%	 loss: 1.828 acc@1: 55.70 mrr: 68.03, ndcg: 72.96, took: 0.56s
Epoch 9, 25.4%	 loss: 1.670 acc@1: 59.88 mrr: 71.03, ndcg: 75.42, took: 0.55s
Epoch 9, 27.1%	 loss: 1.784 acc@1: 57.03 mrr: 68.82, ndcg: 73.65, took: 0.54s
Epoch 9, 28.8%	 loss: 1.745 acc@1: 57.27 mrr: 69.37, ndcg: 74.14, took: 0.54s
Epoch 9, 30.5%	 loss: 1.713 acc@1: 57.89 mrr: 69.80, ndcg: 74.36, took: 0.55s
Epoch 9, 32.1%	 loss: 1.710 acc@1: 57.58 mrr: 69.74, ndcg: 74.54, took: 0.54s
Epoch 9, 33.8%	 loss: 1.707 acc@1: 59.10 mrr: 70.65, ndcg: 75.25, took: 0.55s
Epoch 9, 35.5%	 loss: 1.712 acc@1: 58.40 mrr: 70.08, ndcg: 74.57, took: 0.54s
Epoch 9, 37.2%	 loss: 1.756 acc@1: 58.05 mrr: 69.33, ndcg: 73.75, took: 0.56s
Epoch 9, 38.9%	 loss: 1.689 acc@1: 59.14 mrr: 70.75, ndcg: 75.33, took: 0.60s
Epoch 9, 40.6%	 loss: 1.732 acc@1: 57.97 mrr: 69.78, ndcg: 74.28, took: 0.54s
Epoch 9, 42.3%	 loss: 1.731 acc@1: 57.42 mrr: 69.51, ndcg: 74.32, took: 0.53s
Epoch 9, 44.0%	 loss: 1.791 acc@1: 57.97 mrr: 69.35, ndcg: 73.98, took: 0.55s
Epoch 9, 45.7%	 loss: 1.713 acc@1: 59.06 mrr: 70.39, ndcg: 74.92, took: 0.56s
Epoch 9, 47.4%	 loss: 1.752 acc@1: 58.59 mrr: 70.10, ndcg: 74.51, took: 0.56s
Epoch 9, 49.1%	 loss: 1.739 acc@1: 57.85 mrr: 69.59, ndcg: 74.04, took: 0.55s
Epoch 9, 50.8%	 loss: 1.836 acc@1: 57.03 mrr: 68.54, ndcg: 73.05, took: 0.56s
Epoch 9, 52.5%	 loss: 1.692 acc@1: 58.95 mrr: 70.56, ndcg: 74.93, took: 0.54s
Epoch 9, 54.1%	 loss: 1.730 acc@1: 57.42 mrr: 69.67, ndcg: 74.51, took: 0.56s
Epoch 9, 55.8%	 loss: 1.785 acc@1: 57.23 mrr: 69.00, ndcg: 73.62, took: 0.54s
Epoch 9, 57.5%	 loss: 1.764 acc@1: 56.84 mrr: 68.83, ndcg: 73.73, took: 0.55s
Epoch 9, 59.2%	 loss: 1.743 acc@1: 58.75 mrr: 69.97, ndcg: 74.38, took: 0.54s
Epoch 9, 60.9%	 loss: 1.726 acc@1: 56.95 mrr: 69.38, ndcg: 74.05, took: 0.54s
Epoch 9, 62.6%	 loss: 1.770 acc@1: 57.58 mrr: 69.27, ndcg: 73.83, took: 0.55s
Epoch 9, 64.3%	 loss: 1.882 acc@1: 54.77 mrr: 66.97, ndcg: 71.80, took: 0.54s
Epoch 9, 66.0%	 loss: 1.772 acc@1: 58.40 mrr: 69.65, ndcg: 74.14, took: 0.53s
Epoch 9, 67.7%	 loss: 1.746 acc@1: 58.59 mrr: 69.86, ndcg: 74.28, took: 0.55s
Epoch 9, 69.4%	 loss: 1.749 acc@1: 58.12 mrr: 69.60, ndcg: 74.16, took: 0.54s
Epoch 9, 71.1%	 loss: 1.755 acc@1: 58.48 mrr: 69.92, ndcg: 74.42, took: 0.56s
Epoch 9, 72.8%	 loss: 1.780 acc@1: 58.01 mrr: 69.28, ndcg: 73.75, took: 0.54s
Epoch 9, 74.5%	 loss: 1.771 acc@1: 57.30 mrr: 69.13, ndcg: 73.75, took: 0.56s
Epoch 9, 76.1%	 loss: 1.795 acc@1: 54.88 mrr: 67.85, ndcg: 73.03, took: 0.56s
Epoch 9, 77.8%	 loss: 1.748 acc@1: 57.62 mrr: 69.68, ndcg: 74.25, took: 0.64s
Epoch 9, 79.5%	 loss: 1.763 acc@1: 57.81 mrr: 69.66, ndcg: 74.13, took: 0.57s
Epoch 9, 81.2%	 loss: 1.807 acc@1: 57.42 mrr: 69.08, ndcg: 73.49, took: 0.56s
Epoch 9, 82.9%	 loss: 1.804 acc@1: 57.19 mrr: 68.87, ndcg: 73.26, took: 0.55s
Epoch 9, 84.6%	 loss: 1.769 acc@1: 58.79 mrr: 69.79, ndcg: 74.10, took: 0.54s
Epoch 9, 86.3%	 loss: 1.801 acc@1: 57.46 mrr: 69.03, ndcg: 73.56, took: 0.54s
Epoch 9, 88.0%	 loss: 1.775 acc@1: 58.55 mrr: 69.59, ndcg: 73.85, took: 0.54s
Epoch 9, 89.7%	 loss: 1.799 acc@1: 57.03 mrr: 68.78, ndcg: 73.33, took: 0.55s
Epoch 9, 91.4%	 loss: 1.787 acc@1: 58.28 mrr: 69.89, ndcg: 74.25, took: 0.54s
Epoch 9, 93.1%	 loss: 1.755 acc@1: 58.20 mrr: 69.82, ndcg: 74.26, took: 0.55s
Epoch 9, 94.8%	 loss: 1.782 acc@1: 57.50 mrr: 69.21, ndcg: 73.77, took: 0.55s
Epoch 9, 96.4%	 loss: 1.883 acc@1: 55.04 mrr: 67.22, ndcg: 72.00, took: 0.55s
Epoch 9, 98.1%	 loss: 1.788 acc@1: 57.19 mrr: 68.92, ndcg: 73.48, took: 0.55s
Epoch 9, 99.8%	 loss: 1.806 acc@1: 57.46 mrr: 69.34, ndcg: 74.02, took: 0.56s
Validation - loss: 2.9121, acc@1: 51.93%, f1: 45.35%, mrr: 62.91%, ndcg: 67.21%
Current learning rate: 0.000854

=== Epoch 10 ===
Epoch 10, 1.7%	 loss: 1.574 acc@1: 59.53 mrr: 71.64, ndcg: 76.54, took: 0.54s
Epoch 10, 3.4%	 loss: 1.655 acc@1: 58.79 mrr: 70.60, ndcg: 75.38, took: 0.57s
Epoch 10, 5.1%	 loss: 1.605 acc@1: 59.77 mrr: 71.61, ndcg: 76.57, took: 1.24s
Epoch 10, 6.8%	 loss: 1.541 acc@1: 60.94 mrr: 72.29, ndcg: 76.97, took: 0.54s
Epoch 10, 8.5%	 loss: 1.591 acc@1: 59.41 mrr: 71.49, ndcg: 76.36, took: 0.54s
Epoch 10, 10.2%	 loss: 1.581 acc@1: 61.09 mrr: 72.39, ndcg: 76.99, took: 0.56s
Epoch 10, 11.8%	 loss: 1.579 acc@1: 60.47 mrr: 71.97, ndcg: 76.56, took: 0.53s
Epoch 10, 13.5%	 loss: 1.600 acc@1: 60.04 mrr: 71.77, ndcg: 76.42, took: 0.54s
Epoch 10, 15.2%	 loss: 1.653 acc@1: 58.67 mrr: 70.61, ndcg: 75.44, took: 0.52s
Epoch 10, 16.9%	 loss: 1.634 acc@1: 61.41 mrr: 72.09, ndcg: 76.37, took: 0.55s
Epoch 10, 18.6%	 loss: 1.643 acc@1: 58.79 mrr: 70.71, ndcg: 75.74, took: 0.54s
Epoch 10, 20.3%	 loss: 1.634 acc@1: 58.20 mrr: 70.55, ndcg: 75.44, took: 0.54s
Epoch 10, 22.0%	 loss: 1.632 acc@1: 59.41 mrr: 71.03, ndcg: 75.74, took: 0.54s
Epoch 10, 23.7%	 loss: 1.651 acc@1: 58.63 mrr: 70.57, ndcg: 75.33, took: 0.55s
Epoch 10, 25.4%	 loss: 1.627 acc@1: 59.34 mrr: 70.91, ndcg: 75.62, took: 0.55s
Epoch 10, 27.1%	 loss: 1.616 acc@1: 59.22 mrr: 71.20, ndcg: 75.98, took: 0.57s
Epoch 10, 28.8%	 loss: 1.652 acc@1: 58.71 mrr: 70.73, ndcg: 75.50, took: 0.58s
Epoch 10, 30.5%	 loss: 1.598 acc@1: 60.94 mrr: 72.16, ndcg: 76.61, took: 0.55s
Epoch 10, 32.1%	 loss: 1.648 acc@1: 59.73 mrr: 71.02, ndcg: 75.68, took: 0.57s
Epoch 10, 33.8%	 loss: 1.693 acc@1: 58.48 mrr: 70.09, ndcg: 74.90, took: 0.55s
Epoch 10, 35.5%	 loss: 1.748 acc@1: 57.89 mrr: 69.71, ndcg: 74.35, took: 0.56s
Epoch 10, 37.2%	 loss: 1.633 acc@1: 61.91 mrr: 72.20, ndcg: 76.41, took: 0.56s
Epoch 10, 38.9%	 loss: 1.700 acc@1: 59.65 mrr: 70.71, ndcg: 75.13, took: 0.55s
Epoch 10, 40.6%	 loss: 1.681 acc@1: 58.40 mrr: 70.39, ndcg: 75.08, took: 0.53s
Epoch 10, 42.3%	 loss: 1.727 acc@1: 57.81 mrr: 69.71, ndcg: 74.49, took: 0.56s
Epoch 10, 44.0%	 loss: 1.705 acc@1: 58.32 mrr: 69.96, ndcg: 74.77, took: 0.54s
Epoch 10, 45.7%	 loss: 1.704 acc@1: 57.54 mrr: 69.69, ndcg: 74.32, took: 0.54s
Epoch 10, 47.4%	 loss: 1.725 acc@1: 58.20 mrr: 69.83, ndcg: 74.43, took: 0.55s
Epoch 10, 49.1%	 loss: 1.746 acc@1: 57.62 mrr: 69.45, ndcg: 74.19, took: 0.56s
Epoch 10, 50.8%	 loss: 1.726 acc@1: 58.05 mrr: 69.71, ndcg: 74.46, took: 0.54s
Epoch 10, 52.5%	 loss: 1.652 acc@1: 59.30 mrr: 71.16, ndcg: 75.63, took: 0.54s
Epoch 10, 54.1%	 loss: 1.711 acc@1: 58.01 mrr: 69.78, ndcg: 74.49, took: 0.54s
Epoch 10, 55.8%	 loss: 1.779 acc@1: 56.68 mrr: 68.87, ndcg: 73.59, took: 0.55s
Epoch 10, 57.5%	 loss: 1.718 acc@1: 58.48 mrr: 69.85, ndcg: 74.36, took: 0.54s
Epoch 10, 59.2%	 loss: 1.714 acc@1: 57.93 mrr: 69.88, ndcg: 74.48, took: 0.53s
Epoch 10, 60.9%	 loss: 1.665 acc@1: 60.59 mrr: 71.54, ndcg: 75.85, took: 0.55s
Epoch 10, 62.6%	 loss: 1.643 acc@1: 58.59 mrr: 70.94, ndcg: 75.76, took: 0.56s
Epoch 10, 64.3%	 loss: 1.684 acc@1: 59.41 mrr: 70.73, ndcg: 75.20, took: 0.55s
Epoch 10, 66.0%	 loss: 1.742 acc@1: 58.40 mrr: 70.12, ndcg: 74.60, took: 0.55s
Epoch 10, 67.7%	 loss: 1.670 acc@1: 59.69 mrr: 71.01, ndcg: 75.40, took: 0.54s
Epoch 10, 69.4%	 loss: 1.678 acc@1: 58.79 mrr: 70.68, ndcg: 75.26, took: 0.57s
Epoch 10, 71.1%	 loss: 1.631 acc@1: 60.12 mrr: 71.54, ndcg: 75.96, took: 0.56s
Epoch 10, 72.8%	 loss: 1.713 acc@1: 58.83 mrr: 70.24, ndcg: 74.90, took: 0.55s
Epoch 10, 74.5%	 loss: 1.671 acc@1: 58.79 mrr: 70.71, ndcg: 75.39, took: 0.53s
Epoch 10, 76.1%	 loss: 1.682 acc@1: 60.27 mrr: 71.20, ndcg: 75.32, took: 0.53s
Epoch 10, 77.8%	 loss: 1.686 acc@1: 58.63 mrr: 70.43, ndcg: 75.06, took: 0.54s
Epoch 10, 79.5%	 loss: 1.713 acc@1: 59.41 mrr: 70.54, ndcg: 74.78, took: 0.55s
Epoch 10, 81.2%	 loss: 1.696 acc@1: 58.52 mrr: 70.11, ndcg: 74.57, took: 0.54s
Epoch 10, 82.9%	 loss: 1.796 acc@1: 56.95 mrr: 68.40, ndcg: 73.04, took: 0.55s
Epoch 10, 84.6%	 loss: 1.684 acc@1: 59.61 mrr: 71.06, ndcg: 75.50, took: 0.54s
Epoch 10, 86.3%	 loss: 1.698 acc@1: 59.06 mrr: 70.53, ndcg: 74.90, took: 0.54s
Epoch 10, 88.0%	 loss: 1.783 acc@1: 57.50 mrr: 69.16, ndcg: 73.72, took: 0.54s
Epoch 10, 89.7%	 loss: 1.720 acc@1: 58.55 mrr: 70.00, ndcg: 74.48, took: 0.53s
Epoch 10, 91.4%	 loss: 1.737 acc@1: 58.28 mrr: 69.87, ndcg: 74.49, took: 0.54s
Epoch 10, 93.1%	 loss: 1.763 acc@1: 58.36 mrr: 69.49, ndcg: 74.04, took: 0.54s
Epoch 10, 94.8%	 loss: 1.770 acc@1: 57.62 mrr: 69.40, ndcg: 73.91, took: 0.55s
Epoch 10, 96.4%	 loss: 1.611 acc@1: 60.82 mrr: 71.80, ndcg: 76.12, took: 0.55s
Epoch 10, 98.1%	 loss: 1.751 acc@1: 57.89 mrr: 69.53, ndcg: 74.03, took: 0.54s
Epoch 10, 99.8%	 loss: 1.671 acc@1: 59.22 mrr: 70.61, ndcg: 75.04, took: 0.56s
Validation - loss: 2.9435, acc@1: 51.79%, f1: 45.72%, mrr: 62.70%, ndcg: 66.99%
Current learning rate: 0.000083

=== Epoch 11 ===
Epoch 11, 1.7%	 loss: 1.754 acc@1: 56.29 mrr: 68.82, ndcg: 73.76, took: 0.55s
Epoch 11, 3.4%	 loss: 1.803 acc@1: 55.70 mrr: 68.11, ndcg: 72.93, took: 0.53s
Epoch 11, 5.1%	 loss: 1.739 acc@1: 56.95 mrr: 69.23, ndcg: 74.08, took: 0.55s
Epoch 11, 6.8%	 loss: 1.772 acc@1: 56.45 mrr: 68.89, ndcg: 73.69, took: 0.59s
Epoch 11, 8.5%	 loss: 1.799 acc@1: 55.98 mrr: 68.24, ndcg: 73.02, took: 0.55s
Epoch 11, 10.2%	 loss: 1.759 acc@1: 57.70 mrr: 69.55, ndcg: 74.24, took: 0.53s
Epoch 11, 11.8%	 loss: 1.731 acc@1: 58.79 mrr: 69.96, ndcg: 74.57, took: 0.53s
Epoch 11, 13.5%	 loss: 1.776 acc@1: 56.45 mrr: 68.79, ndcg: 73.59, took: 0.53s
Epoch 11, 15.2%	 loss: 1.721 acc@1: 57.85 mrr: 69.99, ndcg: 74.73, took: 0.55s
Epoch 11, 16.9%	 loss: 1.754 acc@1: 58.95 mrr: 70.04, ndcg: 74.52, took: 0.53s
Epoch 11, 18.6%	 loss: 1.776 acc@1: 56.72 mrr: 68.79, ndcg: 73.57, took: 0.55s
Epoch 11, 20.3%	 loss: 1.710 acc@1: 57.89 mrr: 69.85, ndcg: 74.70, took: 0.58s
Epoch 11, 22.0%	 loss: 1.796 acc@1: 57.62 mrr: 69.08, ndcg: 73.70, took: 0.59s
Epoch 11, 23.7%	 loss: 1.721 acc@1: 58.63 mrr: 70.10, ndcg: 74.62, took: 0.56s
Epoch 11, 25.4%	 loss: 1.695 acc@1: 58.44 mrr: 70.34, ndcg: 75.21, took: 0.55s
Epoch 11, 27.1%	 loss: 1.716 acc@1: 57.54 mrr: 69.46, ndcg: 74.45, took: 0.57s
Epoch 11, 28.8%	 loss: 1.779 acc@1: 57.15 mrr: 69.10, ndcg: 73.79, took: 0.54s
Epoch 11, 30.5%	 loss: 1.647 acc@1: 59.92 mrr: 71.46, ndcg: 75.95, took: 0.56s
Epoch 11, 32.1%	 loss: 1.717 acc@1: 57.93 mrr: 69.89, ndcg: 74.65, took: 0.55s
Epoch 11, 33.8%	 loss: 1.676 acc@1: 60.04 mrr: 71.13, ndcg: 75.55, took: 0.54s
Epoch 11, 35.5%	 loss: 1.727 acc@1: 58.32 mrr: 70.00, ndcg: 74.51, took: 0.56s
Epoch 11, 37.2%	 loss: 1.730 acc@1: 58.20 mrr: 69.86, ndcg: 74.44, took: 0.56s
Epoch 11, 38.9%	 loss: 1.712 acc@1: 59.14 mrr: 70.40, ndcg: 74.94, took: 0.56s
Epoch 11, 40.6%	 loss: 1.749 acc@1: 56.48 mrr: 68.69, ndcg: 73.53, took: 0.56s
Epoch 11, 42.3%	 loss: 1.670 acc@1: 59.26 mrr: 70.88, ndcg: 75.50, took: 0.56s
Epoch 11, 44.0%	 loss: 1.652 acc@1: 59.34 mrr: 71.01, ndcg: 75.46, took: 0.56s
Epoch 11, 45.7%	 loss: 1.744 acc@1: 57.34 mrr: 69.44, ndcg: 74.25, took: 0.57s
Epoch 11, 47.4%	 loss: 1.718 acc@1: 58.24 mrr: 69.93, ndcg: 74.45, took: 0.56s
Epoch 11, 49.1%	 loss: 1.733 acc@1: 58.12 mrr: 69.93, ndcg: 74.55, took: 0.54s
Epoch 11, 50.8%	 loss: 1.779 acc@1: 56.76 mrr: 68.81, ndcg: 73.63, took: 0.55s
Epoch 11, 52.5%	 loss: 1.757 acc@1: 57.34 mrr: 69.53, ndcg: 74.32, took: 0.57s
Epoch 11, 54.1%	 loss: 1.663 acc@1: 58.95 mrr: 70.86, ndcg: 75.52, took: 0.56s
Epoch 11, 55.8%	 loss: 1.681 acc@1: 58.48 mrr: 70.31, ndcg: 75.08, took: 0.57s
Epoch 11, 57.5%	 loss: 1.724 acc@1: 58.75 mrr: 70.16, ndcg: 74.53, took: 0.57s
Epoch 11, 59.2%	 loss: 1.691 acc@1: 58.09 mrr: 70.05, ndcg: 74.96, took: 0.56s
Epoch 11, 60.9%	 loss: 1.753 acc@1: 57.62 mrr: 69.62, ndcg: 74.35, took: 0.55s
Epoch 11, 62.6%	 loss: 1.627 acc@1: 60.47 mrr: 71.65, ndcg: 76.20, took: 0.55s
Epoch 11, 64.3%	 loss: 1.756 acc@1: 58.75 mrr: 69.89, ndcg: 74.25, took: 0.55s
Epoch 11, 66.0%	 loss: 1.695 acc@1: 58.67 mrr: 70.43, ndcg: 74.84, took: 0.57s
Epoch 11, 67.7%	 loss: 1.711 acc@1: 58.40 mrr: 70.15, ndcg: 74.73, took: 0.55s
Epoch 11, 69.4%	 loss: 1.717 acc@1: 57.19 mrr: 69.36, ndcg: 74.27, took: 0.56s
Epoch 11, 71.1%	 loss: 1.752 acc@1: 57.89 mrr: 69.72, ndcg: 74.26, took: 0.55s
Epoch 11, 72.8%	 loss: 1.667 acc@1: 58.55 mrr: 70.70, ndcg: 75.41, took: 0.55s
Epoch 11, 74.5%	 loss: 1.739 acc@1: 57.23 mrr: 69.49, ndcg: 74.27, took: 0.55s
Epoch 11, 76.1%	 loss: 1.730 acc@1: 57.77 mrr: 69.60, ndcg: 74.25, took: 0.58s
Epoch 11, 77.8%	 loss: 1.733 acc@1: 57.42 mrr: 69.32, ndcg: 73.94, took: 0.57s
Epoch 11, 79.5%	 loss: 1.656 acc@1: 58.87 mrr: 70.83, ndcg: 75.49, took: 0.55s
Epoch 11, 81.2%	 loss: 1.627 acc@1: 60.51 mrr: 71.84, ndcg: 76.31, took: 0.56s
Epoch 11, 82.9%	 loss: 1.706 acc@1: 58.20 mrr: 70.31, ndcg: 74.97, took: 0.56s
Epoch 11, 84.6%	 loss: 1.667 acc@1: 59.41 mrr: 70.96, ndcg: 75.53, took: 0.56s
Epoch 11, 86.3%	 loss: 1.687 acc@1: 58.55 mrr: 70.14, ndcg: 74.65, took: 0.54s
Epoch 11, 88.0%	 loss: 1.722 acc@1: 58.32 mrr: 70.08, ndcg: 74.67, took: 0.56s
Epoch 11, 89.7%	 loss: 1.695 acc@1: 58.71 mrr: 70.40, ndcg: 75.00, took: 0.56s
Epoch 11, 91.4%	 loss: 1.715 acc@1: 57.73 mrr: 69.84, ndcg: 74.58, took: 0.55s
Epoch 11, 93.1%	 loss: 1.721 acc@1: 57.34 mrr: 69.47, ndcg: 74.24, took: 0.53s
Epoch 11, 94.8%	 loss: 1.698 acc@1: 58.36 mrr: 70.21, ndcg: 74.92, took: 0.55s
Epoch 11, 96.4%	 loss: 1.764 acc@1: 56.95 mrr: 69.05, ndcg: 73.68, took: 0.55s
Epoch 11, 98.1%	 loss: 1.655 acc@1: 58.01 mrr: 70.48, ndcg: 75.49, took: 0.55s
Epoch 11, 99.8%	 loss: 1.677 acc@1: 58.67 mrr: 70.59, ndcg: 75.17, took: 0.55s
Validation - loss: 2.8372, acc@1: 52.41%, f1: 45.71%, mrr: 63.40%, ndcg: 67.68%
Current learning rate: 0.000083

=== Epoch 12 ===
Epoch 12, 1.7%	 loss: 1.683 acc@1: 59.84 mrr: 71.02, ndcg: 75.52, took: 0.55s
Epoch 12, 3.4%	 loss: 1.690 acc@1: 58.79 mrr: 70.33, ndcg: 75.06, took: 0.55s
Epoch 12, 5.1%	 loss: 1.625 acc@1: 59.10 mrr: 71.21, ndcg: 76.06, took: 0.55s
Epoch 12, 6.8%	 loss: 1.677 acc@1: 58.12 mrr: 70.35, ndcg: 75.06, took: 0.54s
Epoch 12, 8.5%	 loss: 1.639 acc@1: 58.79 mrr: 70.68, ndcg: 75.25, took: 0.54s
Epoch 12, 10.2%	 loss: 1.762 acc@1: 56.91 mrr: 68.98, ndcg: 73.86, took: 0.57s
Epoch 12, 11.8%	 loss: 1.645 acc@1: 59.61 mrr: 71.24, ndcg: 75.92, took: 0.59s
Epoch 12, 13.5%	 loss: 1.657 acc@1: 59.30 mrr: 70.91, ndcg: 75.63, took: 0.54s
Epoch 12, 15.2%	 loss: 1.746 acc@1: 58.01 mrr: 69.55, ndcg: 74.17, took: 0.54s
Epoch 12, 16.9%	 loss: 1.660 acc@1: 58.24 mrr: 70.56, ndcg: 75.47, took: 0.54s
Epoch 12, 18.6%	 loss: 1.671 acc@1: 58.87 mrr: 70.59, ndcg: 75.37, took: 0.55s
Epoch 12, 20.3%	 loss: 1.693 acc@1: 59.38 mrr: 70.78, ndcg: 75.46, took: 0.54s
Epoch 12, 22.0%	 loss: 1.690 acc@1: 58.55 mrr: 70.30, ndcg: 74.99, took: 0.55s
Epoch 12, 23.7%	 loss: 1.632 acc@1: 60.12 mrr: 71.60, ndcg: 76.24, took: 0.54s
Epoch 12, 25.4%	 loss: 1.677 acc@1: 58.01 mrr: 70.08, ndcg: 74.88, took: 0.55s
Epoch 12, 27.1%	 loss: 1.745 acc@1: 57.58 mrr: 69.22, ndcg: 73.93, took: 0.54s
Epoch 12, 28.8%	 loss: 1.644 acc@1: 58.79 mrr: 70.80, ndcg: 75.60, took: 0.54s
Epoch 12, 30.5%	 loss: 1.669 acc@1: 58.67 mrr: 70.73, ndcg: 75.49, took: 0.55s
Epoch 12, 32.1%	 loss: 1.656 acc@1: 60.23 mrr: 71.32, ndcg: 75.74, took: 0.55s
Epoch 12, 33.8%	 loss: 1.651 acc@1: 58.87 mrr: 70.68, ndcg: 75.46, took: 0.55s
Epoch 12, 35.5%	 loss: 1.659 acc@1: 59.65 mrr: 71.02, ndcg: 75.42, took: 0.55s
Epoch 12, 37.2%	 loss: 1.698 acc@1: 59.57 mrr: 70.81, ndcg: 75.33, took: 0.55s
Epoch 12, 38.9%	 loss: 1.593 acc@1: 60.12 mrr: 71.83, ndcg: 76.58, took: 0.56s
Epoch 12, 40.6%	 loss: 1.690 acc@1: 58.36 mrr: 70.01, ndcg: 74.67, took: 0.57s
Epoch 12, 42.3%	 loss: 1.724 acc@1: 58.95 mrr: 70.34, ndcg: 74.85, took: 0.56s
Epoch 12, 44.0%	 loss: 1.635 acc@1: 59.88 mrr: 71.62, ndcg: 76.08, took: 0.55s
Epoch 12, 45.7%	 loss: 1.685 acc@1: 59.57 mrr: 70.89, ndcg: 75.38, took: 0.55s
Epoch 12, 47.4%	 loss: 1.693 acc@1: 57.70 mrr: 69.99, ndcg: 74.79, took: 0.55s
Epoch 12, 49.1%	 loss: 1.660 acc@1: 59.77 mrr: 71.02, ndcg: 75.51, took: 0.54s
Epoch 12, 50.8%	 loss: 1.689 acc@1: 58.75 mrr: 70.51, ndcg: 75.26, took: 0.56s
Epoch 12, 52.5%	 loss: 1.690 acc@1: 58.48 mrr: 70.22, ndcg: 74.81, took: 0.55s
Epoch 12, 54.1%	 loss: 1.748 acc@1: 57.30 mrr: 69.49, ndcg: 74.30, took: 0.55s
Epoch 12, 55.8%	 loss: 1.686 acc@1: 58.09 mrr: 70.04, ndcg: 74.91, took: 0.55s
Epoch 12, 57.5%	 loss: 1.701 acc@1: 57.81 mrr: 69.81, ndcg: 74.61, took: 0.55s
Epoch 12, 59.2%	 loss: 1.714 acc@1: 58.44 mrr: 70.18, ndcg: 74.79, took: 0.54s
Epoch 12, 60.9%	 loss: 1.662 acc@1: 58.67 mrr: 70.73, ndcg: 75.35, took: 0.54s
Epoch 12, 62.6%	 loss: 1.638 acc@1: 60.20 mrr: 71.57, ndcg: 76.13, took: 0.56s
Epoch 12, 64.3%	 loss: 1.713 acc@1: 58.32 mrr: 70.14, ndcg: 74.78, took: 0.55s
Epoch 12, 66.0%	 loss: 1.662 acc@1: 58.67 mrr: 70.98, ndcg: 75.78, took: 0.55s
Epoch 12, 67.7%	 loss: 1.660 acc@1: 59.22 mrr: 70.67, ndcg: 75.35, took: 0.56s
Epoch 12, 69.4%	 loss: 1.653 acc@1: 58.40 mrr: 70.55, ndcg: 75.26, took: 0.55s
Epoch 12, 71.1%	 loss: 1.701 acc@1: 59.80 mrr: 70.82, ndcg: 75.23, took: 0.57s
Epoch 12, 72.8%	 loss: 1.738 acc@1: 58.63 mrr: 69.98, ndcg: 74.65, took: 0.53s
Epoch 12, 74.5%	 loss: 1.673 acc@1: 60.12 mrr: 71.21, ndcg: 75.61, took: 0.55s
Epoch 12, 76.1%	 loss: 1.630 acc@1: 60.16 mrr: 71.49, ndcg: 76.12, took: 0.55s
Epoch 12, 77.8%	 loss: 1.714 acc@1: 56.37 mrr: 69.17, ndcg: 74.25, took: 0.56s
Epoch 12, 79.5%	 loss: 1.674 acc@1: 58.20 mrr: 70.27, ndcg: 75.13, took: 0.56s
Epoch 12, 81.2%	 loss: 1.747 acc@1: 57.54 mrr: 69.51, ndcg: 74.22, took: 0.53s
Epoch 12, 82.9%	 loss: 1.694 acc@1: 58.83 mrr: 70.44, ndcg: 74.95, took: 0.53s
Epoch 12, 84.6%	 loss: 1.754 acc@1: 57.03 mrr: 69.31, ndcg: 74.12, took: 0.54s
Epoch 12, 86.3%	 loss: 1.669 acc@1: 60.04 mrr: 71.02, ndcg: 75.27, took: 0.55s
Epoch 12, 88.0%	 loss: 1.619 acc@1: 60.82 mrr: 72.01, ndcg: 76.50, took: 0.55s
Epoch 12, 89.7%	 loss: 1.677 acc@1: 58.36 mrr: 70.62, ndcg: 75.23, took: 0.55s
Epoch 12, 91.4%	 loss: 1.622 acc@1: 60.39 mrr: 71.68, ndcg: 76.16, took: 0.55s
Epoch 12, 93.1%	 loss: 1.609 acc@1: 59.88 mrr: 71.44, ndcg: 76.01, took: 0.54s
Epoch 12, 94.8%	 loss: 1.664 acc@1: 59.88 mrr: 71.08, ndcg: 75.57, took: 0.57s
Epoch 12, 96.4%	 loss: 1.683 acc@1: 58.12 mrr: 70.22, ndcg: 75.04, took: 0.56s
Epoch 12, 98.1%	 loss: 1.725 acc@1: 58.44 mrr: 69.85, ndcg: 74.27, took: 0.55s
Epoch 12, 99.8%	 loss: 1.717 acc@1: 58.32 mrr: 70.11, ndcg: 74.71, took: 0.54s
Validation - loss: 2.8413, acc@1: 52.53%, f1: 45.86%, mrr: 63.46%, ndcg: 67.72%
Current learning rate: 0.000083

=== Epoch 13 ===
Epoch 13, 1.7%	 loss: 1.628 acc@1: 59.84 mrr: 71.42, ndcg: 76.24, took: 0.58s
Epoch 13, 3.4%	 loss: 1.652 acc@1: 59.41 mrr: 71.00, ndcg: 75.55, took: 0.56s
Epoch 13, 5.1%	 loss: 1.623 acc@1: 60.43 mrr: 71.82, ndcg: 76.36, took: 0.54s
Epoch 13, 6.8%	 loss: 1.742 acc@1: 57.11 mrr: 69.45, ndcg: 74.42, took: 0.54s
Epoch 13, 8.5%	 loss: 1.696 acc@1: 59.45 mrr: 70.52, ndcg: 75.16, took: 0.55s
Epoch 13, 10.2%	 loss: 1.581 acc@1: 60.62 mrr: 72.05, ndcg: 76.51, took: 0.53s
Epoch 13, 11.8%	 loss: 1.648 acc@1: 58.44 mrr: 70.62, ndcg: 75.32, took: 0.54s
Epoch 13, 13.5%	 loss: 1.674 acc@1: 59.69 mrr: 70.91, ndcg: 75.41, took: 0.54s
Epoch 13, 15.2%	 loss: 1.686 acc@1: 59.10 mrr: 70.61, ndcg: 75.20, took: 0.54s
Epoch 13, 16.9%	 loss: 1.619 acc@1: 60.08 mrr: 71.41, ndcg: 75.91, took: 0.55s
Epoch 13, 18.6%	 loss: 1.645 acc@1: 59.02 mrr: 70.89, ndcg: 75.53, took: 0.54s
Epoch 13, 20.3%	 loss: 1.637 acc@1: 59.34 mrr: 71.21, ndcg: 75.93, took: 0.54s
Epoch 13, 22.0%	 loss: 1.608 acc@1: 60.51 mrr: 71.95, ndcg: 76.39, took: 0.54s
Epoch 13, 23.7%	 loss: 1.634 acc@1: 60.00 mrr: 71.48, ndcg: 76.13, took: 0.53s
Epoch 13, 25.4%	 loss: 1.612 acc@1: 60.66 mrr: 72.21, ndcg: 76.67, took: 0.53s
Epoch 13, 27.1%	 loss: 1.640 acc@1: 59.96 mrr: 71.42, ndcg: 76.11, took: 0.55s
Epoch 13, 28.8%	 loss: 1.647 acc@1: 60.27 mrr: 71.48, ndcg: 75.85, took: 0.58s
Epoch 13, 30.5%	 loss: 1.679 acc@1: 58.59 mrr: 70.11, ndcg: 74.86, took: 0.53s
Epoch 13, 32.1%	 loss: 1.657 acc@1: 59.57 mrr: 70.98, ndcg: 75.77, took: 0.55s
Epoch 13, 33.8%	 loss: 1.686 acc@1: 59.80 mrr: 71.11, ndcg: 75.51, took: 0.55s
Epoch 13, 35.5%	 loss: 1.696 acc@1: 57.89 mrr: 70.07, ndcg: 74.92, took: 0.56s
Epoch 13, 37.2%	 loss: 1.639 acc@1: 59.34 mrr: 70.94, ndcg: 75.68, took: 0.63s
Epoch 13, 38.9%	 loss: 1.665 acc@1: 58.87 mrr: 70.64, ndcg: 75.50, took: 0.54s
Epoch 13, 40.6%	 loss: 1.614 acc@1: 60.16 mrr: 71.62, ndcg: 76.26, took: 0.54s
Epoch 13, 42.3%	 loss: 1.670 acc@1: 58.48 mrr: 70.41, ndcg: 75.10, took: 0.55s
Epoch 13, 44.0%	 loss: 1.652 acc@1: 59.18 mrr: 70.85, ndcg: 75.59, took: 0.54s
Epoch 13, 45.7%	 loss: 1.628 acc@1: 59.69 mrr: 71.26, ndcg: 75.80, took: 0.54s
Epoch 13, 47.4%	 loss: 1.641 acc@1: 59.06 mrr: 71.02, ndcg: 75.92, took: 0.54s
Epoch 13, 49.1%	 loss: 1.660 acc@1: 59.45 mrr: 70.99, ndcg: 75.59, took: 0.55s
Epoch 13, 50.8%	 loss: 1.650 acc@1: 58.95 mrr: 71.04, ndcg: 75.72, took: 0.56s
Epoch 13, 52.5%	 loss: 1.669 acc@1: 59.18 mrr: 70.77, ndcg: 75.50, took: 0.56s
Epoch 13, 54.1%	 loss: 1.710 acc@1: 58.12 mrr: 69.82, ndcg: 74.53, took: 0.55s
Epoch 13, 55.8%	 loss: 1.669 acc@1: 58.83 mrr: 70.58, ndcg: 75.12, took: 0.54s
Epoch 13, 57.5%	 loss: 1.610 acc@1: 59.80 mrr: 71.44, ndcg: 75.98, took: 0.55s
Epoch 13, 59.2%	 loss: 1.645 acc@1: 60.04 mrr: 71.39, ndcg: 75.88, took: 0.56s
Epoch 13, 60.9%	 loss: 1.644 acc@1: 59.49 mrr: 70.87, ndcg: 75.41, took: 0.56s
Epoch 13, 62.6%	 loss: 1.636 acc@1: 58.24 mrr: 70.65, ndcg: 75.52, took: 0.56s
Epoch 13, 64.3%	 loss: 1.668 acc@1: 58.12 mrr: 70.28, ndcg: 75.05, took: 0.55s
Epoch 13, 66.0%	 loss: 1.614 acc@1: 60.04 mrr: 71.70, ndcg: 76.34, took: 0.56s
Epoch 13, 67.7%	 loss: 1.633 acc@1: 59.57 mrr: 71.30, ndcg: 75.82, took: 0.56s
Epoch 13, 69.4%	 loss: 1.703 acc@1: 57.73 mrr: 70.15, ndcg: 74.96, took: 0.56s
Epoch 13, 71.1%	 loss: 1.633 acc@1: 60.55 mrr: 71.72, ndcg: 76.05, took: 0.55s
Epoch 13, 72.8%	 loss: 1.609 acc@1: 60.04 mrr: 71.41, ndcg: 76.05, took: 0.56s
Epoch 13, 74.5%	 loss: 1.627 acc@1: 60.23 mrr: 71.78, ndcg: 76.09, took: 0.56s
Epoch 13, 76.1%	 loss: 1.724 acc@1: 58.12 mrr: 70.09, ndcg: 74.81, took: 0.99s
Epoch 13, 77.8%	 loss: 1.736 acc@1: 58.95 mrr: 70.19, ndcg: 74.60, took: 0.55s
Epoch 13, 79.5%	 loss: 1.684 acc@1: 59.34 mrr: 71.00, ndcg: 75.74, took: 0.55s
Epoch 13, 81.2%	 loss: 1.745 acc@1: 56.91 mrr: 69.06, ndcg: 73.89, took: 0.55s
Epoch 13, 82.9%	 loss: 1.592 acc@1: 60.59 mrr: 72.19, ndcg: 76.67, took: 0.54s
Epoch 13, 84.6%	 loss: 1.663 acc@1: 58.71 mrr: 70.61, ndcg: 75.35, took: 0.56s
Epoch 13, 86.3%	 loss: 1.634 acc@1: 59.61 mrr: 71.19, ndcg: 75.70, took: 0.57s
Epoch 13, 88.0%	 loss: 1.686 acc@1: 58.75 mrr: 70.44, ndcg: 74.99, took: 0.61s
Epoch 13, 89.7%	 loss: 1.697 acc@1: 58.87 mrr: 70.50, ndcg: 75.20, took: 0.56s
Epoch 13, 91.4%	 loss: 1.748 acc@1: 57.93 mrr: 69.61, ndcg: 74.38, took: 0.56s
Epoch 13, 93.1%	 loss: 1.716 acc@1: 57.70 mrr: 69.66, ndcg: 74.51, took: 0.54s
Epoch 13, 94.8%	 loss: 1.678 acc@1: 59.02 mrr: 70.38, ndcg: 75.16, took: 0.56s
Epoch 13, 96.4%	 loss: 1.603 acc@1: 60.12 mrr: 71.60, ndcg: 76.01, took: 0.57s
Epoch 13, 98.1%	 loss: 1.632 acc@1: 59.18 mrr: 70.86, ndcg: 75.41, took: 0.58s
Epoch 13, 99.8%	 loss: 1.658 acc@1: 60.43 mrr: 71.30, ndcg: 75.79, took: 0.55s
Validation - loss: 2.8429, acc@1: 52.66%, f1: 45.91%, mrr: 63.53%, ndcg: 67.80%
Current learning rate: 0.000083

=== Epoch 14 ===
Epoch 14, 1.7%	 loss: 1.622 acc@1: 59.34 mrr: 71.09, ndcg: 75.92, took: 0.55s
Epoch 14, 3.4%	 loss: 1.637 acc@1: 59.34 mrr: 71.08, ndcg: 75.81, took: 0.53s
Epoch 14, 5.1%	 loss: 1.628 acc@1: 59.88 mrr: 71.63, ndcg: 76.19, took: 0.54s
Epoch 14, 6.8%	 loss: 1.673 acc@1: 59.18 mrr: 70.90, ndcg: 75.46, took: 0.54s
Epoch 14, 8.5%	 loss: 1.605 acc@1: 60.47 mrr: 72.03, ndcg: 76.53, took: 0.54s
Epoch 14, 10.2%	 loss: 1.639 acc@1: 59.14 mrr: 70.81, ndcg: 75.52, took: 0.54s
Epoch 14, 11.8%	 loss: 1.558 acc@1: 62.11 mrr: 73.02, ndcg: 77.40, took: 0.55s
Epoch 14, 13.5%	 loss: 1.590 acc@1: 59.88 mrr: 71.67, ndcg: 76.35, took: 0.53s
Epoch 14, 15.2%	 loss: 1.552 acc@1: 60.74 mrr: 72.47, ndcg: 77.02, took: 0.55s
Epoch 14, 16.9%	 loss: 1.627 acc@1: 59.96 mrr: 71.29, ndcg: 75.77, took: 0.54s
Epoch 14, 18.6%	 loss: 1.633 acc@1: 60.04 mrr: 71.36, ndcg: 76.04, took: 0.56s
Epoch 14, 20.3%	 loss: 1.622 acc@1: 59.73 mrr: 71.32, ndcg: 76.12, took: 0.55s
Epoch 14, 22.0%	 loss: 1.595 acc@1: 59.80 mrr: 71.89, ndcg: 76.78, took: 0.54s
Epoch 14, 23.7%	 loss: 1.665 acc@1: 59.92 mrr: 71.28, ndcg: 75.68, took: 0.54s
Epoch 14, 25.4%	 loss: 1.592 acc@1: 59.96 mrr: 71.85, ndcg: 76.59, took: 0.55s
Epoch 14, 27.1%	 loss: 1.619 acc@1: 60.08 mrr: 71.49, ndcg: 76.11, took: 0.56s
Epoch 14, 28.8%	 loss: 1.640 acc@1: 59.88 mrr: 71.18, ndcg: 75.78, took: 0.54s
Epoch 14, 30.5%	 loss: 1.630 acc@1: 59.92 mrr: 71.34, ndcg: 75.84, took: 0.54s
Epoch 14, 32.1%	 loss: 1.655 acc@1: 60.23 mrr: 71.17, ndcg: 75.53, took: 0.56s
Epoch 14, 33.8%	 loss: 1.639 acc@1: 60.27 mrr: 71.44, ndcg: 75.88, took: 0.56s
Epoch 14, 35.5%	 loss: 1.683 acc@1: 59.26 mrr: 70.66, ndcg: 75.28, took: 0.55s
Epoch 14, 37.2%	 loss: 1.651 acc@1: 58.98 mrr: 70.96, ndcg: 75.74, took: 0.55s
Epoch 14, 38.9%	 loss: 1.674 acc@1: 58.75 mrr: 70.34, ndcg: 75.00, took: 0.56s
Epoch 14, 40.6%	 loss: 1.629 acc@1: 59.69 mrr: 71.47, ndcg: 76.08, took: 0.57s
Epoch 14, 42.3%	 loss: 1.633 acc@1: 59.49 mrr: 71.20, ndcg: 75.86, took: 0.57s
Epoch 14, 44.0%	 loss: 1.746 acc@1: 58.40 mrr: 69.73, ndcg: 74.30, took: 0.54s
Epoch 14, 45.7%	 loss: 1.639 acc@1: 59.02 mrr: 70.96, ndcg: 75.61, took: 0.56s
Epoch 14, 47.4%	 loss: 1.652 acc@1: 59.57 mrr: 71.04, ndcg: 75.56, took: 0.55s
Epoch 14, 49.1%	 loss: 1.633 acc@1: 58.83 mrr: 70.91, ndcg: 75.76, took: 0.56s
Epoch 14, 50.8%	 loss: 1.669 acc@1: 59.41 mrr: 70.77, ndcg: 75.49, took: 0.54s
Epoch 14, 52.5%	 loss: 1.639 acc@1: 59.92 mrr: 71.29, ndcg: 75.99, took: 0.55s
Epoch 14, 54.1%	 loss: 1.591 acc@1: 61.02 mrr: 72.34, ndcg: 77.00, took: 0.56s
Epoch 14, 55.8%	 loss: 1.628 acc@1: 60.04 mrr: 71.52, ndcg: 75.97, took: 0.56s
Epoch 14, 57.5%	 loss: 1.633 acc@1: 59.92 mrr: 71.47, ndcg: 76.24, took: 0.55s
Epoch 14, 59.2%	 loss: 1.602 acc@1: 59.84 mrr: 71.59, ndcg: 76.29, took: 0.54s
Epoch 14, 60.9%	 loss: 1.680 acc@1: 59.18 mrr: 70.68, ndcg: 75.25, took: 0.55s
Epoch 14, 62.6%	 loss: 1.708 acc@1: 58.59 mrr: 70.24, ndcg: 74.87, took: 0.55s
Epoch 14, 64.3%	 loss: 1.616 acc@1: 59.77 mrr: 71.30, ndcg: 75.75, took: 0.55s
Epoch 14, 66.0%	 loss: 1.607 acc@1: 59.41 mrr: 71.41, ndcg: 76.27, took: 0.55s
Epoch 14, 67.7%	 loss: 1.582 acc@1: 61.25 mrr: 72.54, ndcg: 76.97, took: 0.54s
Epoch 14, 69.4%	 loss: 1.602 acc@1: 59.96 mrr: 71.60, ndcg: 76.31, took: 0.56s
Epoch 14, 71.1%	 loss: 1.606 acc@1: 61.05 mrr: 72.21, ndcg: 76.63, took: 0.54s
Epoch 14, 72.8%	 loss: 1.682 acc@1: 58.75 mrr: 70.48, ndcg: 75.17, took: 0.56s
Epoch 14, 74.5%	 loss: 1.619 acc@1: 60.82 mrr: 71.85, ndcg: 76.35, took: 0.55s
Epoch 14, 76.1%	 loss: 1.643 acc@1: 59.06 mrr: 71.05, ndcg: 75.66, took: 0.56s
Epoch 14, 77.8%	 loss: 1.690 acc@1: 58.48 mrr: 70.30, ndcg: 74.84, took: 0.57s
Epoch 14, 79.5%	 loss: 1.652 acc@1: 59.69 mrr: 70.95, ndcg: 75.59, took: 0.58s
Epoch 14, 81.2%	 loss: 1.649 acc@1: 59.30 mrr: 71.01, ndcg: 75.65, took: 0.56s
Epoch 14, 82.9%	 loss: 1.608 acc@1: 60.59 mrr: 71.70, ndcg: 76.07, took: 0.56s
Epoch 14, 84.6%	 loss: 1.679 acc@1: 59.14 mrr: 70.56, ndcg: 75.22, took: 0.55s
Epoch 14, 86.3%	 loss: 1.647 acc@1: 60.78 mrr: 71.84, ndcg: 76.29, took: 0.57s
Epoch 14, 88.0%	 loss: 1.694 acc@1: 58.52 mrr: 70.28, ndcg: 74.86, took: 0.56s
Epoch 14, 89.7%	 loss: 1.694 acc@1: 58.12 mrr: 70.11, ndcg: 74.85, took: 0.56s
Epoch 14, 91.4%	 loss: 1.661 acc@1: 59.61 mrr: 71.08, ndcg: 75.68, took: 0.55s
Epoch 14, 93.1%	 loss: 1.695 acc@1: 57.89 mrr: 69.83, ndcg: 74.62, took: 0.55s
Epoch 14, 94.8%	 loss: 1.664 acc@1: 58.55 mrr: 70.57, ndcg: 75.38, took: 0.55s
Epoch 14, 96.4%	 loss: 1.700 acc@1: 58.32 mrr: 70.13, ndcg: 74.78, took: 0.57s
Epoch 14, 98.1%	 loss: 1.603 acc@1: 60.55 mrr: 71.90, ndcg: 76.36, took: 0.55s
Epoch 14, 99.8%	 loss: 1.655 acc@1: 60.08 mrr: 71.24, ndcg: 75.63, took: 0.56s
Validation - loss: 2.8499, acc@1: 52.67%, f1: 46.12%, mrr: 63.49%, ndcg: 67.78%
Current learning rate: 0.000008

=== Epoch 15 ===
Epoch 15, 1.7%	 loss: 1.643 acc@1: 60.43 mrr: 71.59, ndcg: 76.09, took: 0.56s
Epoch 15, 3.4%	 loss: 1.624 acc@1: 60.12 mrr: 71.73, ndcg: 76.19, took: 0.56s
Epoch 15, 5.1%	 loss: 1.721 acc@1: 56.76 mrr: 69.29, ndcg: 74.24, took: 0.57s
Epoch 15, 6.8%	 loss: 1.693 acc@1: 57.15 mrr: 69.47, ndcg: 74.40, took: 0.57s
Epoch 15, 8.5%	 loss: 1.680 acc@1: 59.80 mrr: 71.07, ndcg: 75.62, took: 0.56s
Epoch 15, 10.2%	 loss: 1.692 acc@1: 58.67 mrr: 70.45, ndcg: 75.03, took: 0.56s
Epoch 15, 11.8%	 loss: 1.638 acc@1: 59.53 mrr: 71.13, ndcg: 75.82, took: 0.56s
Epoch 15, 13.5%	 loss: 1.641 acc@1: 58.98 mrr: 70.76, ndcg: 75.53, took: 0.56s
Epoch 15, 15.2%	 loss: 1.614 acc@1: 59.69 mrr: 71.44, ndcg: 75.98, took: 0.55s
Epoch 15, 16.9%	 loss: 1.631 acc@1: 59.69 mrr: 71.35, ndcg: 75.93, took: 0.56s
Epoch 15, 18.6%	 loss: 1.694 acc@1: 58.71 mrr: 70.19, ndcg: 74.78, took: 0.56s
Epoch 15, 20.3%	 loss: 1.629 acc@1: 59.73 mrr: 71.38, ndcg: 76.09, took: 0.56s
Epoch 15, 22.0%	 loss: 1.683 acc@1: 60.27 mrr: 71.32, ndcg: 75.62, took: 0.56s
Epoch 15, 23.7%	 loss: 1.695 acc@1: 57.81 mrr: 69.72, ndcg: 74.49, took: 0.56s
Epoch 15, 25.4%	 loss: 1.670 acc@1: 59.02 mrr: 70.90, ndcg: 75.60, took: 0.55s
Epoch 15, 27.1%	 loss: 1.668 acc@1: 59.61 mrr: 70.86, ndcg: 75.32, took: 0.56s
Epoch 15, 28.8%	 loss: 1.671 acc@1: 59.22 mrr: 70.78, ndcg: 75.42, took: 0.54s
Epoch 15, 30.5%	 loss: 1.709 acc@1: 58.05 mrr: 70.10, ndcg: 74.73, took: 0.56s
Epoch 15, 32.1%	 loss: 1.605 acc@1: 60.43 mrr: 71.96, ndcg: 76.41, took: 0.54s
Epoch 15, 33.8%	 loss: 1.676 acc@1: 57.42 mrr: 69.96, ndcg: 75.00, took: 0.56s
Epoch 15, 35.5%	 loss: 1.637 acc@1: 58.16 mrr: 70.50, ndcg: 75.33, took: 0.56s
Epoch 15, 37.2%	 loss: 1.677 acc@1: 59.69 mrr: 71.03, ndcg: 75.71, took: 0.58s
Epoch 15, 38.9%	 loss: 1.673 acc@1: 58.20 mrr: 70.30, ndcg: 75.05, took: 0.55s
Epoch 15, 40.6%	 loss: 1.662 acc@1: 58.24 mrr: 70.39, ndcg: 75.26, took: 0.56s
Epoch 15, 42.3%	 loss: 1.683 acc@1: 58.95 mrr: 70.44, ndcg: 75.08, took: 0.55s
Epoch 15, 44.0%	 loss: 1.690 acc@1: 58.05 mrr: 70.07, ndcg: 74.84, took: 0.56s
Epoch 15, 45.7%	 loss: 1.626 acc@1: 59.53 mrr: 71.31, ndcg: 75.93, took: 0.57s
Epoch 15, 47.4%	 loss: 1.691 acc@1: 59.88 mrr: 71.04, ndcg: 75.42, took: 0.59s
Epoch 15, 49.1%	 loss: 1.603 acc@1: 61.72 mrr: 72.60, ndcg: 77.05, took: 0.57s
Epoch 15, 50.8%	 loss: 1.686 acc@1: 58.52 mrr: 70.39, ndcg: 75.17, took: 0.54s
Epoch 15, 52.5%	 loss: 1.691 acc@1: 59.41 mrr: 70.70, ndcg: 75.15, took: 0.55s
Epoch 15, 54.1%	 loss: 1.676 acc@1: 58.48 mrr: 70.41, ndcg: 75.08, took: 0.55s
Epoch 15, 55.8%	 loss: 1.655 acc@1: 59.53 mrr: 71.17, ndcg: 75.77, took: 0.55s
Epoch 15, 57.5%	 loss: 1.636 acc@1: 61.02 mrr: 72.10, ndcg: 76.49, took: 0.56s
Epoch 15, 59.2%	 loss: 1.657 acc@1: 58.32 mrr: 70.60, ndcg: 75.42, took: 0.55s
Epoch 15, 60.9%	 loss: 1.664 acc@1: 58.67 mrr: 70.46, ndcg: 75.16, took: 0.55s
Epoch 15, 62.6%	 loss: 1.727 acc@1: 58.44 mrr: 69.82, ndcg: 74.44, took: 0.58s
Epoch 15, 64.3%	 loss: 1.695 acc@1: 59.84 mrr: 71.06, ndcg: 75.48, took: 0.57s
Epoch 15, 66.0%	 loss: 1.708 acc@1: 57.34 mrr: 69.59, ndcg: 74.47, took: 0.56s
Epoch 15, 67.7%	 loss: 1.718 acc@1: 58.32 mrr: 69.98, ndcg: 74.68, took: 0.57s
Epoch 15, 69.4%	 loss: 1.649 acc@1: 58.87 mrr: 70.80, ndcg: 75.51, took: 0.55s
Epoch 15, 71.1%	 loss: 1.685 acc@1: 58.75 mrr: 70.19, ndcg: 74.85, took: 0.56s
Epoch 15, 72.8%	 loss: 1.697 acc@1: 58.01 mrr: 70.21, ndcg: 74.98, took: 0.55s
Epoch 15, 74.5%	 loss: 1.693 acc@1: 58.12 mrr: 70.30, ndcg: 75.01, took: 0.55s
Epoch 15, 76.1%	 loss: 1.738 acc@1: 58.59 mrr: 69.82, ndcg: 74.32, took: 0.54s
Epoch 15, 77.8%	 loss: 1.690 acc@1: 58.67 mrr: 70.29, ndcg: 74.99, took: 0.57s
Epoch 15, 79.5%	 loss: 1.701 acc@1: 58.95 mrr: 70.36, ndcg: 75.02, took: 0.55s
Epoch 15, 81.2%	 loss: 1.660 acc@1: 58.24 mrr: 70.55, ndcg: 75.50, took: 0.56s
Epoch 15, 82.9%	 loss: 1.662 acc@1: 58.87 mrr: 70.77, ndcg: 75.41, took: 0.53s
Epoch 15, 84.6%	 loss: 1.579 acc@1: 60.74 mrr: 72.37, ndcg: 77.01, took: 0.56s
Epoch 15, 86.3%	 loss: 1.727 acc@1: 58.71 mrr: 70.37, ndcg: 75.04, took: 0.54s
Epoch 15, 88.0%	 loss: 1.700 acc@1: 58.48 mrr: 69.99, ndcg: 74.86, took: 0.54s
Epoch 15, 89.7%	 loss: 1.711 acc@1: 57.50 mrr: 69.79, ndcg: 74.65, took: 0.54s
Epoch 15, 91.4%	 loss: 1.684 acc@1: 58.12 mrr: 69.95, ndcg: 74.78, took: 0.53s
Epoch 15, 93.1%	 loss: 1.654 acc@1: 59.06 mrr: 70.78, ndcg: 75.30, took: 0.54s
Epoch 15, 94.8%	 loss: 1.653 acc@1: 59.65 mrr: 71.20, ndcg: 75.70, took: 0.56s
Epoch 15, 96.4%	 loss: 1.657 acc@1: 58.98 mrr: 71.01, ndcg: 75.70, took: 0.55s
Epoch 15, 98.1%	 loss: 1.703 acc@1: 57.73 mrr: 69.74, ndcg: 74.37, took: 0.57s
Epoch 15, 99.8%	 loss: 1.722 acc@1: 58.32 mrr: 70.01, ndcg: 74.60, took: 0.55s
Validation - loss: 2.8394, acc@1: 52.51%, f1: 45.81%, mrr: 63.44%, ndcg: 67.71%
Current learning rate: 0.000008

=== Epoch 16 ===
Epoch 16, 1.7%	 loss: 1.663 acc@1: 58.63 mrr: 70.58, ndcg: 75.35, took: 0.57s
Epoch 16, 3.4%	 loss: 1.707 acc@1: 58.01 mrr: 69.82, ndcg: 74.53, took: 0.58s
Epoch 16, 5.1%	 loss: 1.687 acc@1: 59.30 mrr: 70.72, ndcg: 75.31, took: 0.55s
Epoch 16, 6.8%	 loss: 1.636 acc@1: 59.49 mrr: 71.02, ndcg: 75.90, took: 0.56s
Epoch 16, 8.5%	 loss: 1.637 acc@1: 58.71 mrr: 70.73, ndcg: 75.43, took: 0.55s
Epoch 16, 10.2%	 loss: 1.634 acc@1: 59.45 mrr: 71.18, ndcg: 75.87, took: 0.55s
Epoch 16, 11.8%	 loss: 1.612 acc@1: 60.43 mrr: 71.86, ndcg: 76.62, took: 0.56s
Epoch 16, 13.5%	 loss: 1.683 acc@1: 58.55 mrr: 70.24, ndcg: 74.96, took: 0.56s
Epoch 16, 15.2%	 loss: 1.582 acc@1: 60.98 mrr: 72.21, ndcg: 76.69, took: 0.55s
Epoch 16, 16.9%	 loss: 1.607 acc@1: 60.55 mrr: 71.71, ndcg: 76.18, took: 0.56s
Epoch 16, 18.6%	 loss: 1.670 acc@1: 59.02 mrr: 70.67, ndcg: 75.42, took: 0.56s
Epoch 16, 20.3%	 loss: 1.595 acc@1: 61.45 mrr: 72.36, ndcg: 76.82, took: 0.57s
Epoch 16, 22.0%	 loss: 1.635 acc@1: 60.47 mrr: 71.58, ndcg: 76.11, took: 0.56s
Epoch 16, 23.7%	 loss: 1.645 acc@1: 59.92 mrr: 71.48, ndcg: 76.23, took: 0.57s
Epoch 16, 25.4%	 loss: 1.689 acc@1: 58.52 mrr: 70.28, ndcg: 74.90, took: 0.56s
Epoch 16, 27.1%	 loss: 1.627 acc@1: 61.05 mrr: 72.15, ndcg: 76.43, took: 0.55s
Epoch 16, 28.8%	 loss: 1.653 acc@1: 58.40 mrr: 70.75, ndcg: 75.47, took: 0.56s
Epoch 16, 30.5%	 loss: 1.634 acc@1: 60.27 mrr: 71.67, ndcg: 76.31, took: 0.55s
Epoch 16, 32.1%	 loss: 1.738 acc@1: 58.24 mrr: 69.79, ndcg: 74.24, took: 0.55s
Epoch 16, 33.8%	 loss: 1.681 acc@1: 58.16 mrr: 70.26, ndcg: 74.99, took: 0.55s
Epoch 16, 35.5%	 loss: 1.676 acc@1: 60.47 mrr: 71.38, ndcg: 75.62, took: 0.54s
Epoch 16, 37.2%	 loss: 1.648 acc@1: 59.22 mrr: 70.87, ndcg: 75.58, took: 0.56s
Epoch 16, 38.9%	 loss: 1.624 acc@1: 59.41 mrr: 71.17, ndcg: 75.76, took: 0.57s
Epoch 16, 40.6%	 loss: 1.649 acc@1: 59.61 mrr: 71.32, ndcg: 75.91, took: 0.57s
Epoch 16, 42.3%	 loss: 1.675 acc@1: 59.88 mrr: 71.16, ndcg: 75.57, took: 0.57s
Epoch 16, 44.0%	 loss: 1.664 acc@1: 59.18 mrr: 70.89, ndcg: 75.54, took: 0.54s
Epoch 16, 45.7%	 loss: 1.651 acc@1: 58.48 mrr: 70.55, ndcg: 75.34, took: 0.55s
Epoch 16, 47.4%	 loss: 1.670 acc@1: 58.63 mrr: 70.58, ndcg: 75.13, took: 0.55s
Epoch 16, 49.1%	 loss: 1.662 acc@1: 59.22 mrr: 71.00, ndcg: 75.64, took: 0.56s
Epoch 16, 50.8%	 loss: 1.734 acc@1: 57.07 mrr: 69.20, ndcg: 74.13, took: 0.56s
Epoch 16, 52.5%	 loss: 1.697 acc@1: 59.22 mrr: 70.73, ndcg: 75.25, took: 0.56s
Epoch 16, 54.1%	 loss: 1.664 acc@1: 60.04 mrr: 71.27, ndcg: 75.65, took: 0.55s
Epoch 16, 55.8%	 loss: 1.698 acc@1: 58.83 mrr: 70.25, ndcg: 74.97, took: 0.56s
Epoch 16, 57.5%	 loss: 1.726 acc@1: 57.30 mrr: 69.28, ndcg: 73.92, took: 0.55s
Epoch 16, 59.2%	 loss: 1.679 acc@1: 58.75 mrr: 70.41, ndcg: 75.18, took: 0.58s
Epoch 16, 60.9%	 loss: 1.729 acc@1: 56.76 mrr: 69.07, ndcg: 73.97, took: 0.56s
Epoch 16, 62.6%	 loss: 1.639 acc@1: 60.59 mrr: 71.80, ndcg: 76.27, took: 0.55s
Epoch 16, 64.3%	 loss: 1.685 acc@1: 58.48 mrr: 70.43, ndcg: 75.15, took: 0.57s
Epoch 16, 66.0%	 loss: 1.665 acc@1: 58.01 mrr: 70.09, ndcg: 75.06, took: 0.56s
Epoch 16, 67.7%	 loss: 1.669 acc@1: 58.52 mrr: 70.54, ndcg: 75.25, took: 0.57s
Epoch 16, 69.4%	 loss: 1.699 acc@1: 58.36 mrr: 70.26, ndcg: 75.18, took: 0.56s
Epoch 16, 71.1%	 loss: 1.699 acc@1: 58.67 mrr: 70.29, ndcg: 74.99, took: 0.58s
Epoch 16, 72.8%	 loss: 1.679 acc@1: 59.96 mrr: 71.23, ndcg: 75.66, took: 0.55s
Epoch 16, 74.5%	 loss: 1.688 acc@1: 58.05 mrr: 69.93, ndcg: 74.80, took: 0.59s
Epoch 16, 76.1%	 loss: 1.629 acc@1: 59.73 mrr: 71.36, ndcg: 75.95, took: 0.56s
Epoch 16, 77.8%	 loss: 1.610 acc@1: 59.77 mrr: 71.44, ndcg: 76.18, took: 0.54s
Epoch 16, 79.5%	 loss: 1.712 acc@1: 57.62 mrr: 69.64, ndcg: 74.37, took: 0.55s
Epoch 16, 81.2%	 loss: 1.622 acc@1: 59.73 mrr: 71.48, ndcg: 76.20, took: 0.54s
Epoch 16, 82.9%	 loss: 1.656 acc@1: 59.18 mrr: 70.84, ndcg: 75.53, took: 0.54s
Epoch 16, 84.6%	 loss: 1.664 acc@1: 58.52 mrr: 70.37, ndcg: 74.97, took: 0.54s
Epoch 16, 86.3%	 loss: 1.652 acc@1: 59.22 mrr: 70.94, ndcg: 75.51, took: 0.57s
Epoch 16, 88.0%	 loss: 1.739 acc@1: 57.81 mrr: 69.81, ndcg: 74.56, took: 0.55s
Epoch 16, 89.7%	 loss: 1.701 acc@1: 58.44 mrr: 70.15, ndcg: 74.97, took: 0.54s
Epoch 16, 91.4%	 loss: 1.676 acc@1: 58.95 mrr: 70.44, ndcg: 75.17, took: 0.55s
Epoch 16, 93.1%	 loss: 1.694 acc@1: 57.89 mrr: 69.98, ndcg: 74.60, took: 0.57s
Epoch 16, 94.8%	 loss: 1.620 acc@1: 61.02 mrr: 72.01, ndcg: 76.45, took: 0.63s
Epoch 16, 96.4%	 loss: 1.649 acc@1: 59.84 mrr: 71.37, ndcg: 75.86, took: 0.54s
Epoch 16, 98.1%	 loss: 1.691 acc@1: 58.87 mrr: 70.64, ndcg: 75.36, took: 0.54s
Epoch 16, 99.8%	 loss: 1.718 acc@1: 59.18 mrr: 70.33, ndcg: 74.79, took: 0.55s
Validation - loss: 2.8402, acc@1: 52.40%, f1: 45.75%, mrr: 63.37%, ndcg: 67.66%
Current learning rate: 0.000008

=== Epoch 17 ===
Epoch 17, 1.7%	 loss: 1.660 acc@1: 59.18 mrr: 70.92, ndcg: 75.65, took: 0.56s
Epoch 17, 3.4%	 loss: 1.707 acc@1: 58.59 mrr: 70.21, ndcg: 74.85, took: 0.56s
Epoch 17, 5.1%	 loss: 1.686 acc@1: 57.62 mrr: 70.18, ndcg: 75.00, took: 0.56s
Epoch 17, 6.8%	 loss: 1.661 acc@1: 59.34 mrr: 71.17, ndcg: 75.70, took: 0.54s
Epoch 17, 8.5%	 loss: 1.693 acc@1: 58.05 mrr: 70.23, ndcg: 74.97, took: 0.54s
Epoch 17, 10.2%	 loss: 1.729 acc@1: 58.40 mrr: 70.02, ndcg: 74.73, took: 0.56s
Epoch 17, 11.8%	 loss: 1.572 acc@1: 60.74 mrr: 72.08, ndcg: 76.54, took: 0.55s
Epoch 17, 13.5%	 loss: 1.644 acc@1: 59.92 mrr: 71.38, ndcg: 75.78, took: 0.56s
Epoch 17, 15.2%	 loss: 1.670 acc@1: 59.80 mrr: 70.95, ndcg: 75.44, took: 0.56s
Epoch 17, 16.9%	 loss: 1.711 acc@1: 58.87 mrr: 70.44, ndcg: 75.07, took: 0.55s
Epoch 17, 18.6%	 loss: 1.699 acc@1: 59.10 mrr: 70.50, ndcg: 75.08, took: 0.54s
Epoch 17, 20.3%	 loss: 1.657 acc@1: 59.53 mrr: 71.11, ndcg: 75.75, took: 0.55s
Epoch 17, 22.0%	 loss: 1.680 acc@1: 58.95 mrr: 70.68, ndcg: 75.30, took: 0.55s
Epoch 17, 23.7%	 loss: 1.603 acc@1: 61.60 mrr: 72.35, ndcg: 76.65, took: 0.55s
Epoch 17, 25.4%	 loss: 1.686 acc@1: 59.92 mrr: 70.98, ndcg: 75.56, took: 0.55s
Epoch 17, 27.1%	 loss: 1.668 acc@1: 59.22 mrr: 70.76, ndcg: 75.34, took: 0.54s
Epoch 17, 28.8%	 loss: 1.617 acc@1: 58.98 mrr: 71.02, ndcg: 75.81, took: 0.54s
Epoch 17, 30.5%	 loss: 1.598 acc@1: 59.88 mrr: 71.77, ndcg: 76.47, took: 0.55s
Epoch 17, 32.1%	 loss: 1.681 acc@1: 58.91 mrr: 70.61, ndcg: 75.43, took: 0.55s
Epoch 17, 33.8%	 loss: 1.690 acc@1: 57.66 mrr: 70.03, ndcg: 75.01, took: 0.55s
Epoch 17, 35.5%	 loss: 1.698 acc@1: 59.10 mrr: 70.37, ndcg: 74.86, took: 0.54s
Epoch 17, 37.2%	 loss: 1.659 acc@1: 59.22 mrr: 70.93, ndcg: 75.63, took: 0.57s
Epoch 17, 38.9%	 loss: 1.614 acc@1: 59.88 mrr: 71.57, ndcg: 76.14, took: 0.54s
Epoch 17, 40.6%	 loss: 1.652 acc@1: 59.57 mrr: 71.24, ndcg: 76.02, took: 0.54s
Epoch 17, 42.3%	 loss: 1.667 acc@1: 59.80 mrr: 71.00, ndcg: 75.63, took: 0.56s
Epoch 17, 44.0%	 loss: 1.621 acc@1: 59.49 mrr: 71.18, ndcg: 75.74, took: 0.56s
Epoch 17, 45.7%	 loss: 1.638 acc@1: 58.48 mrr: 70.84, ndcg: 75.65, took: 0.55s
Epoch 17, 47.4%	 loss: 1.623 acc@1: 60.35 mrr: 71.83, ndcg: 76.44, took: 0.55s
Epoch 17, 49.1%	 loss: 1.598 acc@1: 61.05 mrr: 72.25, ndcg: 76.89, took: 0.55s
Epoch 17, 50.8%	 loss: 1.706 acc@1: 58.83 mrr: 70.28, ndcg: 74.92, took: 0.55s
Epoch 17, 52.5%	 loss: 1.646 acc@1: 60.16 mrr: 71.40, ndcg: 75.80, took: 0.54s
Epoch 17, 54.1%	 loss: 1.669 acc@1: 60.23 mrr: 71.22, ndcg: 75.56, took: 0.54s
Epoch 17, 55.8%	 loss: 1.680 acc@1: 58.67 mrr: 70.25, ndcg: 74.85, took: 0.55s
Epoch 17, 57.5%	 loss: 1.642 acc@1: 60.78 mrr: 71.85, ndcg: 76.14, took: 0.55s
Epoch 17, 59.2%	 loss: 1.651 acc@1: 59.38 mrr: 71.24, ndcg: 75.81, took: 0.57s
Epoch 17, 60.9%	 loss: 1.727 acc@1: 56.88 mrr: 69.34, ndcg: 74.44, took: 0.56s
Epoch 17, 62.6%	 loss: 1.730 acc@1: 57.34 mrr: 69.43, ndcg: 74.29, took: 0.57s
Epoch 17, 64.3%	 loss: 1.649 acc@1: 59.88 mrr: 71.33, ndcg: 75.91, took: 0.55s
Epoch 17, 66.0%	 loss: 1.702 acc@1: 57.46 mrr: 69.77, ndcg: 74.55, took: 0.57s
Epoch 17, 67.7%	 loss: 1.706 acc@1: 58.12 mrr: 69.82, ndcg: 74.56, took: 0.54s
Epoch 17, 69.4%	 loss: 1.735 acc@1: 57.15 mrr: 69.25, ndcg: 74.10, took: 0.53s
Epoch 17, 71.1%	 loss: 1.727 acc@1: 58.87 mrr: 70.14, ndcg: 74.57, took: 0.56s
Epoch 17, 72.8%	 loss: 1.620 acc@1: 60.59 mrr: 71.86, ndcg: 76.37, took: 0.54s
Epoch 17, 74.5%	 loss: 1.680 acc@1: 58.59 mrr: 70.32, ndcg: 75.02, took: 0.56s
Epoch 17, 76.1%	 loss: 1.606 acc@1: 60.78 mrr: 71.93, ndcg: 76.49, took: 0.55s
Epoch 17, 77.8%	 loss: 1.664 acc@1: 59.26 mrr: 70.60, ndcg: 75.28, took: 0.56s
Epoch 17, 79.5%	 loss: 1.599 acc@1: 60.47 mrr: 72.06, ndcg: 76.58, took: 0.54s
Epoch 17, 81.2%	 loss: 1.624 acc@1: 60.04 mrr: 71.64, ndcg: 76.17, took: 0.55s
Epoch 17, 82.9%	 loss: 1.699 acc@1: 59.41 mrr: 70.81, ndcg: 75.38, took: 0.55s
Epoch 17, 84.6%	 loss: 1.641 acc@1: 60.31 mrr: 71.48, ndcg: 76.03, took: 0.56s
Epoch 17, 86.3%	 loss: 1.704 acc@1: 58.40 mrr: 70.20, ndcg: 74.94, took: 0.54s
Epoch 17, 88.0%	 loss: 1.610 acc@1: 59.69 mrr: 71.47, ndcg: 76.08, took: 0.54s
Epoch 17, 89.7%	 loss: 1.646 acc@1: 60.55 mrr: 71.64, ndcg: 76.05, took: 0.54s
Epoch 17, 91.4%	 loss: 1.687 acc@1: 58.48 mrr: 70.47, ndcg: 75.29, took: 0.55s
Epoch 17, 93.1%	 loss: 1.670 acc@1: 59.26 mrr: 70.68, ndcg: 75.32, took: 0.55s
Epoch 17, 94.8%	 loss: 1.721 acc@1: 58.48 mrr: 69.83, ndcg: 74.55, took: 0.56s
Epoch 17, 96.4%	 loss: 1.590 acc@1: 60.43 mrr: 71.93, ndcg: 76.60, took: 0.55s
Epoch 17, 98.1%	 loss: 1.651 acc@1: 59.10 mrr: 70.99, ndcg: 75.81, took: 0.54s
Epoch 17, 99.8%	 loss: 1.689 acc@1: 57.73 mrr: 70.01, ndcg: 74.88, took: 0.56s
Validation - loss: 2.8404, acc@1: 52.47%, f1: 45.81%, mrr: 63.41%, ndcg: 67.69%
Training finished.	 Time: 587.93s.	 acc@1: 52.41%

=== Test Results ===
Test Results:
  acc@1: 53.10%
  acc@5: 76.92%
  acc@10: 80.94%
  mrr: 63.55%
  ndcg: 67.55%
  f1: 46.84%

=== Training Complete ===
