2025-12-30 21:48:02,814 - INFO - ============================================================
2025-12-30 21:48:02,814 - INFO - POINTER V45 - Training Started
2025-12-30 21:48:02,814 - INFO - ============================================================
2025-12-30 21:48:02,814 - INFO - Model config: {'d_model': 64, 'dim_feedforward': 128, 'dropout': 0.15, 'nhead': 2, 'num_layers': 8}
2025-12-30 21:48:02,814 - INFO - Training config: {'batch_size': 128, 'grad_clip': 0.8, 'label_smoothing': 0.03, 'learning_rate': 0.0006, 'min_epochs': 3, 'min_lr': 1e-06, 'num_epochs': 50, 'patience': 5, 'use_amp': True, 'warmup_epochs': 5, 'weight_decay': 0.015}
2025-12-30 21:48:02,814 - INFO - ============================================================
2025-12-30 21:48:02,814 - INFO - Training for 50 epochs
2025-12-30 21:48:02,815 - INFO - Model parameters: 451,900
2025-12-30 21:48:10,484 - INFO - Epoch 1/50 | LR: 1.20e-04 | Train: 5.3672 | Val: 3.7938 | Acc@1: 34.91%
2025-12-30 21:48:10,535 - INFO -   ✓ New best (Acc@1: 34.91%)
2025-12-30 21:48:18,080 - INFO - Epoch 2/50 | LR: 2.40e-04 | Train: 4.6502 | Val: 3.3905 | Acc@1: 39.88%
2025-12-30 21:48:18,145 - INFO -   ✓ New best (Acc@1: 39.88%)
2025-12-30 21:48:25,766 - INFO - Epoch 3/50 | LR: 3.60e-04 | Train: 4.1226 | Val: 3.2579 | Acc@1: 43.89%
2025-12-30 21:48:25,821 - INFO -   ✓ New best (Acc@1: 43.89%)
2025-12-30 21:48:33,095 - INFO - Epoch 4/50 | LR: 4.80e-04 | Train: 3.8251 | Val: 3.2587 | Acc@1: 45.30%
2025-12-30 21:48:40,310 - INFO - Epoch 5/50 | LR: 6.00e-04 | Train: 3.6131 | Val: 3.3034 | Acc@1: 45.12%
2025-12-30 21:48:48,076 - INFO - Epoch 6/50 | LR: 6.00e-04 | Train: 3.3460 | Val: 3.3737 | Acc@1: 44.85%
2025-12-30 21:48:55,438 - INFO - Epoch 7/50 | LR: 5.99e-04 | Train: 3.1455 | Val: 3.3996 | Acc@1: 44.34%
2025-12-30 21:49:02,137 - INFO - Epoch 8/50 | LR: 5.97e-04 | Train: 2.9271 | Val: 3.4193 | Acc@1: 43.34%
2025-12-30 21:49:02,137 - INFO - Early stopping at epoch 8
2025-12-30 21:49:03,362 - INFO - Loaded checkpoint from epoch 3
2025-12-30 21:49:06,932 - INFO - ============================================================
2025-12-30 21:49:06,932 - INFO - FINAL VALIDATION RESULTS
2025-12-30 21:49:06,932 - INFO -   Acc@1:  43.89%
2025-12-30 21:49:06,932 - INFO -   Acc@5:  73.49%
2025-12-30 21:49:06,932 - INFO -   Acc@10: 77.80%
2025-12-30 21:49:06,932 - INFO -   MRR:    56.76%
2025-12-30 21:49:06,932 - INFO -   NDCG:   61.68%
2025-12-30 21:49:06,932 - INFO - ============================================================
2025-12-30 21:49:06,932 - INFO - FINAL TEST RESULTS
2025-12-30 21:49:06,932 - INFO -   Acc@1:  47.95%
2025-12-30 21:49:06,932 - INFO -   Acc@5:  77.10%
2025-12-30 21:49:06,932 - INFO -   Acc@10: 80.51%
2025-12-30 21:49:06,932 - INFO -   MRR:    61.01%
2025-12-30 21:49:06,932 - INFO -   NDCG:   65.64%
2025-12-30 21:49:06,932 - INFO - ============================================================
