2025-12-30 20:52:52,174 - INFO - ============================================================
2025-12-30 20:52:52,175 - INFO - POINTER V45 - Training Started
2025-12-30 20:52:52,175 - INFO - ============================================================
2025-12-30 20:52:52,175 - INFO - Model config: {'d_model': 32, 'dim_feedforward': 128, 'dropout': 0.15, 'nhead': 2, 'num_layers': 2}
2025-12-30 20:52:52,175 - INFO - Training config: {'batch_size': 128, 'grad_clip': 0.8, 'label_smoothing': 0.03, 'learning_rate': 0.00065, 'min_epochs': 3, 'min_lr': 1e-06, 'num_epochs': 50, 'patience': 5, 'use_amp': True, 'warmup_epochs': 5, 'weight_decay': 0.015}
2025-12-30 20:52:52,175 - INFO - ============================================================
2025-12-30 20:52:52,175 - INFO - Training for 50 epochs
2025-12-30 20:52:52,176 - INFO - Model parameters: 360,302
2025-12-30 20:54:58,948 - INFO - Epoch 1/50 | LR: 1.30e-04 | Train: 3.0258 | Val: 2.8816 | Acc@1: 46.07%
2025-12-30 20:54:58,973 - INFO -   ✓ New best (Acc@1: 46.07%)
2025-12-30 20:57:03,383 - INFO - Epoch 2/50 | LR: 2.60e-04 | Train: 2.8142 | Val: 2.7678 | Acc@1: 52.31%
2025-12-30 20:57:03,408 - INFO -   ✓ New best (Acc@1: 52.31%)
2025-12-30 20:59:07,330 - INFO - Epoch 3/50 | LR: 3.90e-04 | Train: 2.7071 | Val: 2.7328 | Acc@1: 53.11%
2025-12-30 20:59:07,355 - INFO -   ✓ New best (Acc@1: 53.11%)
2025-12-30 21:01:11,732 - INFO - Epoch 4/50 | LR: 5.20e-04 | Train: 2.6416 | Val: 2.7120 | Acc@1: 52.98%
2025-12-30 21:01:11,756 - INFO -   ✓ New best (Acc@1: 52.98%)
2025-12-30 21:03:16,473 - INFO - Epoch 5/50 | LR: 6.50e-04 | Train: 2.5957 | Val: 2.7051 | Acc@1: 53.46%
2025-12-30 21:03:16,499 - INFO -   ✓ New best (Acc@1: 53.46%)
2025-12-30 21:05:21,195 - INFO - Epoch 6/50 | LR: 6.50e-04 | Train: 2.5517 | Val: 2.6942 | Acc@1: 54.22%
2025-12-30 21:05:21,220 - INFO -   ✓ New best (Acc@1: 54.22%)
2025-12-30 21:07:25,179 - INFO - Epoch 7/50 | LR: 6.49e-04 | Train: 2.5157 | Val: 2.6935 | Acc@1: 53.46%
2025-12-30 21:07:25,203 - INFO -   ✓ New best (Acc@1: 53.46%)
2025-12-30 21:09:29,521 - INFO - Epoch 8/50 | LR: 6.47e-04 | Train: 2.4837 | Val: 2.6899 | Acc@1: 52.95%
2025-12-30 21:09:29,546 - INFO -   ✓ New best (Acc@1: 52.95%)
2025-12-30 21:11:34,210 - INFO - Epoch 9/50 | LR: 6.43e-04 | Train: 2.4546 | Val: 2.6959 | Acc@1: 53.65%
2025-12-30 21:13:39,914 - INFO - Epoch 10/50 | LR: 6.37e-04 | Train: 2.4258 | Val: 2.6997 | Acc@1: 53.36%
2025-12-30 21:15:44,111 - INFO - Epoch 11/50 | LR: 6.30e-04 | Train: 2.3983 | Val: 2.7107 | Acc@1: 53.46%
2025-12-30 21:17:46,190 - INFO - Epoch 12/50 | LR: 6.22e-04 | Train: 2.3720 | Val: 2.7076 | Acc@1: 53.27%
2025-12-30 21:19:47,106 - INFO - Epoch 13/50 | LR: 6.12e-04 | Train: 2.3475 | Val: 2.7253 | Acc@1: 53.27%
2025-12-30 21:19:47,106 - INFO - Early stopping at epoch 13
2025-12-30 21:19:48,676 - INFO - Loaded checkpoint from epoch 8
2025-12-30 21:19:56,452 - INFO - ============================================================
2025-12-30 21:19:56,452 - INFO - FINAL VALIDATION RESULTS
2025-12-30 21:19:56,453 - INFO -   Acc@1:  52.95%
2025-12-30 21:19:56,453 - INFO -   Acc@5:  82.26%
2025-12-30 21:19:56,453 - INFO -   Acc@10: 85.79%
2025-12-30 21:19:56,453 - INFO -   MRR:    65.48%
2025-12-30 21:19:56,453 - INFO -   NDCG:   70.35%
2025-12-30 21:19:56,453 - INFO - ============================================================
2025-12-30 21:19:56,453 - INFO - FINAL TEST RESULTS
2025-12-30 21:19:56,453 - INFO -   Acc@1:  55.25%
2025-12-30 21:19:56,453 - INFO -   Acc@5:  83.29%
2025-12-30 21:19:56,453 - INFO -   Acc@10: 87.21%
2025-12-30 21:19:56,453 - INFO -   MRR:    67.16%
2025-12-30 21:19:56,453 - INFO -   NDCG:   71.96%
2025-12-30 21:19:56,453 - INFO - ============================================================
