2025-12-28 21:00:12,737 - INFO - ============================================================
2025-12-28 21:00:12,737 - INFO - POINTER V45 - Training Started
2025-12-28 21:00:12,737 - INFO - ============================================================
2025-12-28 21:00:12,737 - INFO - Model config: {'d_model': 128, 'dim_feedforward': 256, 'dropout': 0.15, 'nhead': 4, 'num_layers': 3}
2025-12-28 21:00:12,737 - INFO - Training config: {'batch_size': 128, 'grad_clip': 0.8, 'label_smoothing': 0.03, 'learning_rate': 0.0007, 'min_epochs': 8, 'min_lr': 1e-06, 'num_epochs': 50, 'patience': 5, 'use_amp': True, 'warmup_epochs': 5, 'weight_decay': 0.015}
2025-12-28 21:00:12,737 - INFO - ============================================================
2025-12-28 21:00:12,737 - INFO - Training for 50 epochs
2025-12-28 21:00:12,738 - INFO - Model parameters: 1,792,510
2025-12-28 21:01:33,600 - INFO - Epoch 1/50 | LR: 1.40e-04 | Train: 2.9903 | Val: 2.7906 | Acc@1: 51.74%
2025-12-28 21:01:33,653 - INFO -   ✓ New best (Acc@1: 51.74%)
2025-12-28 21:02:54,333 - INFO - Epoch 2/50 | LR: 2.80e-04 | Train: 2.7410 | Val: 2.7388 | Acc@1: 53.58%
2025-12-28 21:02:54,390 - INFO -   ✓ New best (Acc@1: 53.58%)
2025-12-28 21:04:21,803 - INFO - Epoch 3/50 | LR: 4.20e-04 | Train: 2.6221 | Val: 2.7143 | Acc@1: 53.90%
2025-12-28 21:04:21,867 - INFO -   ✓ New best (Acc@1: 53.90%)
2025-12-28 21:05:59,295 - INFO - Epoch 4/50 | LR: 5.60e-04 | Train: 2.5284 | Val: 2.6791 | Acc@1: 54.03%
2025-12-28 21:05:59,352 - INFO -   ✓ New best (Acc@1: 54.03%)
2025-12-28 21:07:35,969 - INFO - Epoch 5/50 | LR: 7.00e-04 | Train: 2.4457 | Val: 2.6734 | Acc@1: 53.65%
2025-12-28 21:07:36,027 - INFO -   ✓ New best (Acc@1: 53.65%)
2025-12-28 21:09:06,706 - INFO - Epoch 6/50 | LR: 7.00e-04 | Train: 2.3418 | Val: 2.6627 | Acc@1: 54.54%
2025-12-28 21:09:06,762 - INFO -   ✓ New best (Acc@1: 54.54%)
2025-12-28 21:10:46,695 - INFO - Epoch 7/50 | LR: 6.99e-04 | Train: 2.2485 | Val: 2.6801 | Acc@1: 53.52%
2025-12-28 21:12:28,205 - INFO - Epoch 8/50 | LR: 6.97e-04 | Train: 2.1679 | Val: 2.7160 | Acc@1: 53.68%
2025-12-28 21:14:09,786 - INFO - Epoch 9/50 | LR: 6.92e-04 | Train: 2.0839 | Val: 2.7774 | Acc@1: 52.82%
2025-12-28 21:15:51,347 - INFO - Epoch 10/50 | LR: 6.86e-04 | Train: 2.0103 | Val: 2.8203 | Acc@1: 51.93%
2025-12-28 21:17:33,657 - INFO - Epoch 11/50 | LR: 6.79e-04 | Train: 1.9394 | Val: 2.8724 | Acc@1: 52.15%
2025-12-28 21:17:33,657 - INFO - Early stopping at epoch 11
2025-12-28 21:17:34,315 - INFO - Loaded checkpoint from epoch 6
2025-12-28 21:17:40,058 - INFO - ============================================================
2025-12-28 21:17:40,058 - INFO - FINAL VALIDATION RESULTS
2025-12-28 21:17:40,058 - INFO -   Acc@1:  54.54%
2025-12-28 21:17:40,058 - INFO -   Acc@5:  81.24%
2025-12-28 21:17:40,058 - INFO -   Acc@10: 86.17%
2025-12-28 21:17:40,058 - INFO -   MRR:    66.04%
2025-12-28 21:17:40,058 - INFO -   NDCG:   70.76%
2025-12-28 21:17:40,058 - INFO - ============================================================
2025-12-28 21:17:40,059 - INFO - FINAL TEST RESULTS
2025-12-28 21:17:40,059 - INFO -   Acc@1:  54.78%
2025-12-28 21:17:40,059 - INFO -   Acc@5:  82.96%
2025-12-28 21:17:40,059 - INFO -   Acc@10: 87.51%
2025-12-28 21:17:40,059 - INFO -   MRR:    66.86%
2025-12-28 21:17:40,059 - INFO -   NDCG:   71.76%
2025-12-28 21:17:40,059 - INFO - ============================================================
