Training LSTM model
Dataset: geolife
Config: /data/next_loc_clean_v2/config/ht_optuna/optuna_LSTM_geolife_prev3_t1_20260101_085907_5d044bc0.yaml
Device: cuda
Seed: 42
==================================================
Data loaders: train=224, val=104, test=109
Total trainable parameters: 167203

=== Epoch 1 ===
Epoch 1, 8.9%	 loss: 7.319 acc@1: 0.00 mrr: 0.53, ndcg: 0.34, took: 1.80s
Epoch 1, 17.9%	 loss: 7.295 acc@1: 0.00 mrr: 0.41, ndcg: 0.12, took: 1.17s
Epoch 1, 26.8%	 loss: 7.275 acc@1: 0.16 mrr: 0.58, ndcg: 0.37, took: 1.13s
Epoch 1, 35.7%	 loss: 7.195 acc@1: 0.00 mrr: 0.62, ndcg: 0.33, took: 1.13s
Epoch 1, 44.6%	 loss: 7.112 acc@1: 0.00 mrr: 0.73, ndcg: 0.41, took: 1.13s
Epoch 1, 53.6%	 loss: 6.990 acc@1: 0.94 mrr: 2.20, ndcg: 2.19, took: 1.15s
Epoch 1, 62.5%	 loss: 6.885 acc@1: 1.72 mrr: 4.14, ndcg: 4.84, took: 1.15s
Epoch 1, 71.4%	 loss: 6.725 acc@1: 7.03 mrr: 9.63, ndcg: 10.04, took: 1.13s
Epoch 1, 80.4%	 loss: 6.643 acc@1: 6.41 mrr: 10.14, ndcg: 11.14, took: 1.15s
Epoch 1, 89.3%	 loss: 6.347 acc@1: 9.84 mrr: 16.37, ndcg: 18.80, took: 1.15s
Epoch 1, 98.2%	 loss: 6.055 acc@1: 17.03 mrr: 24.89, ndcg: 27.49, took: 1.13s
Validation - loss: 6.0988, acc@1: 18.31%, f1: 10.85%, mrr: 25.51%, ndcg: 27.55%
Current learning rate: 0.000750

=== Epoch 2 ===
Epoch 2, 8.9%	 loss: 5.739 acc@1: 18.12 mrr: 25.44, ndcg: 27.74, took: 1.14s
Epoch 2, 17.9%	 loss: 5.464 acc@1: 22.03 mrr: 30.00, ndcg: 32.82, took: 1.14s
Epoch 2, 26.8%	 loss: 5.302 acc@1: 18.12 mrr: 27.92, ndcg: 31.69, took: 1.13s
Epoch 2, 35.7%	 loss: 4.962 acc@1: 20.31 mrr: 31.96, ndcg: 36.22, took: 1.14s
Epoch 2, 44.6%	 loss: 5.034 acc@1: 18.59 mrr: 29.46, ndcg: 33.29, took: 1.14s
Epoch 2, 53.6%	 loss: 4.521 acc@1: 23.75 mrr: 35.61, ndcg: 40.13, took: 1.14s
Epoch 2, 62.5%	 loss: 4.599 acc@1: 23.75 mrr: 34.25, ndcg: 38.91, took: 1.15s
Epoch 2, 71.4%	 loss: 4.614 acc@1: 22.97 mrr: 33.90, ndcg: 37.92, took: 1.15s
Epoch 2, 80.4%	 loss: 4.346 acc@1: 25.47 mrr: 36.87, ndcg: 41.17, took: 1.20s
Epoch 2, 89.3%	 loss: 4.312 acc@1: 25.31 mrr: 37.65, ndcg: 42.53, took: 1.13s
Epoch 2, 98.2%	 loss: 4.070 acc@1: 30.47 mrr: 41.89, ndcg: 46.35, took: 1.10s
Validation - loss: 4.8122, acc@1: 23.37%, f1: 13.17%, mrr: 35.87%, ndcg: 41.16%
Current learning rate: 0.001500

=== Epoch 3 ===
Epoch 3, 8.9%	 loss: 3.922 acc@1: 30.00 mrr: 42.30, ndcg: 46.94, took: 1.08s
Epoch 3, 17.9%	 loss: 3.952 acc@1: 28.12 mrr: 40.99, ndcg: 45.72, took: 1.23s
Epoch 3, 26.8%	 loss: 3.854 acc@1: 28.75 mrr: 42.07, ndcg: 46.64, took: 1.18s
Epoch 3, 35.7%	 loss: 3.906 acc@1: 32.03 mrr: 43.21, ndcg: 47.68, took: 1.20s
Epoch 3, 44.6%	 loss: 3.827 acc@1: 31.25 mrr: 43.81, ndcg: 48.41, took: 1.20s
Epoch 3, 53.6%	 loss: 3.793 acc@1: 32.50 mrr: 44.83, ndcg: 49.63, took: 1.14s
Epoch 3, 62.5%	 loss: 3.814 acc@1: 30.16 mrr: 43.42, ndcg: 48.17, took: 1.14s
Epoch 3, 71.4%	 loss: 3.696 acc@1: 31.88 mrr: 44.87, ndcg: 49.59, took: 1.17s
Epoch 3, 80.4%	 loss: 3.418 acc@1: 37.19 mrr: 49.49, ndcg: 54.22, took: 1.15s
Epoch 3, 89.3%	 loss: 3.661 acc@1: 33.59 mrr: 46.66, ndcg: 51.34, took: 1.12s
Epoch 3, 98.2%	 loss: 3.799 acc@1: 31.41 mrr: 44.49, ndcg: 49.53, took: 0.99s
Validation - loss: 4.4949, acc@1: 33.55%, f1: 21.40%, mrr: 45.06%, ndcg: 49.42%
Current learning rate: 0.001469

=== Epoch 4 ===
Epoch 4, 8.9%	 loss: 3.495 acc@1: 32.19 mrr: 46.10, ndcg: 50.98, took: 1.08s
Epoch 4, 17.9%	 loss: 3.550 acc@1: 31.88 mrr: 45.52, ndcg: 50.28, took: 1.09s
Epoch 4, 26.8%	 loss: 3.190 acc@1: 38.28 mrr: 52.08, ndcg: 57.05, took: 1.18s
Epoch 4, 35.7%	 loss: 3.155 acc@1: 36.41 mrr: 50.93, ndcg: 56.15, took: 1.14s
Epoch 4, 44.6%	 loss: 3.407 acc@1: 37.66 mrr: 49.09, ndcg: 53.39, took: 1.23s
Epoch 4, 53.6%	 loss: 3.345 acc@1: 36.09 mrr: 49.75, ndcg: 54.31, took: 1.13s
Epoch 4, 62.5%	 loss: 3.403 acc@1: 37.50 mrr: 50.20, ndcg: 54.35, took: 1.15s
Epoch 4, 71.4%	 loss: 3.417 acc@1: 34.22 mrr: 48.22, ndcg: 52.87, took: 1.15s
Epoch 4, 80.4%	 loss: 3.337 acc@1: 37.03 mrr: 50.28, ndcg: 54.75, took: 1.12s
Epoch 4, 89.3%	 loss: 3.289 acc@1: 35.78 mrr: 49.27, ndcg: 53.78, took: 1.15s
Epoch 4, 98.2%	 loss: 3.397 acc@1: 31.72 mrr: 47.27, ndcg: 52.52, took: 0.88s
Validation - loss: 4.4472, acc@1: 34.04%, f1: 21.08%, mrr: 46.74%, ndcg: 50.90%
Current learning rate: 0.001438

=== Epoch 5 ===
Epoch 5, 8.9%	 loss: 3.087 acc@1: 36.72 mrr: 51.25, ndcg: 56.12, took: 1.08s
Epoch 5, 17.9%	 loss: 3.134 acc@1: 34.22 mrr: 49.31, ndcg: 54.30, took: 1.06s
Epoch 5, 26.8%	 loss: 2.979 acc@1: 37.03 mrr: 51.66, ndcg: 56.73, took: 1.11s
Epoch 5, 35.7%	 loss: 3.275 acc@1: 33.28 mrr: 47.93, ndcg: 53.03, took: 1.16s
Epoch 5, 44.6%	 loss: 3.178 acc@1: 35.94 mrr: 50.03, ndcg: 54.72, took: 1.15s
Epoch 5, 53.6%	 loss: 2.972 acc@1: 38.91 mrr: 53.46, ndcg: 58.19, took: 1.13s
Epoch 5, 62.5%	 loss: 3.027 acc@1: 35.78 mrr: 51.01, ndcg: 56.27, took: 1.13s
Epoch 5, 71.4%	 loss: 3.124 acc@1: 36.09 mrr: 50.93, ndcg: 55.97, took: 1.13s
Epoch 5, 80.4%	 loss: 2.987 acc@1: 39.38 mrr: 52.87, ndcg: 57.87, took: 1.18s
Epoch 5, 89.3%	 loss: 3.072 acc@1: 37.19 mrr: 51.58, ndcg: 56.29, took: 1.02s
Epoch 5, 98.2%	 loss: 3.058 acc@1: 33.44 mrr: 49.82, ndcg: 55.45, took: 0.83s
Validation - loss: 4.4875, acc@1: 34.85%, f1: 21.73%, mrr: 47.20%, ndcg: 51.61%
Current learning rate: 0.001406

=== Epoch 6 ===
Epoch 6, 8.9%	 loss: 2.996 acc@1: 34.53 mrr: 50.40, ndcg: 55.68, took: 1.07s
Epoch 6, 17.9%	 loss: 2.986 acc@1: 35.00 mrr: 50.18, ndcg: 55.43, took: 1.07s
Epoch 6, 26.8%	 loss: 2.831 acc@1: 37.81 mrr: 53.20, ndcg: 58.58, took: 1.10s
Epoch 6, 35.7%	 loss: 2.906 acc@1: 36.09 mrr: 51.86, ndcg: 57.16, took: 1.13s
Epoch 6, 44.6%	 loss: 2.890 acc@1: 37.34 mrr: 52.40, ndcg: 57.43, took: 1.15s
Epoch 6, 53.6%	 loss: 2.911 acc@1: 37.19 mrr: 51.83, ndcg: 57.48, took: 1.15s
Epoch 6, 62.5%	 loss: 2.929 acc@1: 36.09 mrr: 51.51, ndcg: 56.42, took: 1.14s
Epoch 6, 71.4%	 loss: 2.789 acc@1: 38.75 mrr: 54.26, ndcg: 59.34, took: 1.13s
Epoch 6, 80.4%	 loss: 2.997 acc@1: 37.03 mrr: 51.77, ndcg: 56.94, took: 1.15s
Epoch 6, 89.3%	 loss: 2.832 acc@1: 36.41 mrr: 52.39, ndcg: 57.98, took: 1.02s
Epoch 6, 98.2%	 loss: 2.905 acc@1: 35.62 mrr: 51.78, ndcg: 57.03, took: 0.85s
Validation - loss: 4.5366, acc@1: 35.33%, f1: 23.16%, mrr: 47.94%, ndcg: 52.29%
Current learning rate: 0.001375

=== Epoch 7 ===
Epoch 7, 8.9%	 loss: 2.665 acc@1: 41.41 mrr: 56.22, ndcg: 61.14, took: 1.06s
Epoch 7, 17.9%	 loss: 2.673 acc@1: 37.66 mrr: 53.96, ndcg: 59.97, took: 1.03s
Epoch 7, 26.8%	 loss: 2.717 acc@1: 40.78 mrr: 55.17, ndcg: 59.75, took: 1.07s
Epoch 7, 35.7%	 loss: 2.828 acc@1: 34.69 mrr: 51.38, ndcg: 56.87, took: 1.09s
Epoch 7, 44.6%	 loss: 2.774 acc@1: 38.44 mrr: 53.81, ndcg: 58.82, took: 1.13s
Epoch 7, 53.6%	 loss: 2.813 acc@1: 36.88 mrr: 52.27, ndcg: 57.63, took: 1.15s
Epoch 7, 62.5%	 loss: 2.783 acc@1: 36.88 mrr: 52.75, ndcg: 57.94, took: 1.14s
Epoch 7, 71.4%	 loss: 2.732 acc@1: 37.81 mrr: 53.08, ndcg: 58.46, took: 1.15s
Epoch 7, 80.4%	 loss: 2.808 acc@1: 36.72 mrr: 52.65, ndcg: 58.46, took: 1.13s
Epoch 7, 89.3%	 loss: 2.872 acc@1: 35.62 mrr: 51.29, ndcg: 56.49, took: 0.93s
Epoch 7, 98.2%	 loss: 2.757 acc@1: 36.72 mrr: 52.31, ndcg: 57.94, took: 0.81s
Validation - loss: 4.5737, acc@1: 35.42%, f1: 23.70%, mrr: 47.98%, ndcg: 52.37%
Current learning rate: 0.001344

=== Epoch 8 ===
Epoch 8, 8.9%	 loss: 2.604 acc@1: 39.38 mrr: 55.30, ndcg: 60.78, took: 1.06s
Epoch 8, 17.9%	 loss: 2.605 acc@1: 38.59 mrr: 54.26, ndcg: 60.38, took: 1.05s
Epoch 8, 26.8%	 loss: 2.565 acc@1: 38.44 mrr: 54.69, ndcg: 60.37, took: 1.02s
Epoch 8, 35.7%	 loss: 2.565 acc@1: 39.38 mrr: 54.90, ndcg: 60.27, took: 1.04s
Epoch 8, 44.6%	 loss: 2.624 acc@1: 37.19 mrr: 53.62, ndcg: 59.23, took: 1.07s
Epoch 8, 53.6%	 loss: 2.818 acc@1: 34.84 mrr: 51.33, ndcg: 56.98, took: 1.12s
Epoch 8, 62.5%	 loss: 2.650 acc@1: 36.72 mrr: 53.00, ndcg: 58.44, took: 1.11s
Epoch 8, 71.4%	 loss: 2.664 acc@1: 34.53 mrr: 51.87, ndcg: 58.23, took: 1.12s
Epoch 8, 80.4%	 loss: 2.715 acc@1: 34.22 mrr: 51.89, ndcg: 57.89, took: 1.03s
Epoch 8, 89.3%	 loss: 2.751 acc@1: 37.66 mrr: 52.75, ndcg: 57.91, took: 0.83s
Epoch 8, 98.2%	 loss: 2.615 acc@1: 37.66 mrr: 54.62, ndcg: 60.43, took: 0.78s
Validation - loss: 4.6153, acc@1: 34.94%, f1: 23.94%, mrr: 47.89%, ndcg: 52.33%
Current learning rate: 0.001313

=== Epoch 9 ===
Epoch 9, 8.9%	 loss: 2.457 acc@1: 38.75 mrr: 56.01, ndcg: 62.46, took: 1.15s
Epoch 9, 17.9%	 loss: 2.483 acc@1: 41.56 mrr: 56.68, ndcg: 62.16, took: 1.16s
Epoch 9, 26.8%	 loss: 2.515 acc@1: 37.03 mrr: 54.25, ndcg: 60.65, took: 1.05s
Epoch 9, 35.7%	 loss: 2.700 acc@1: 34.38 mrr: 51.05, ndcg: 57.31, took: 1.06s
Epoch 9, 44.6%	 loss: 2.556 acc@1: 37.19 mrr: 54.22, ndcg: 60.23, took: 1.02s
Epoch 9, 53.6%	 loss: 2.496 acc@1: 41.41 mrr: 56.86, ndcg: 62.20, took: 1.03s
Epoch 9, 62.5%	 loss: 2.624 acc@1: 37.97 mrr: 54.12, ndcg: 59.59, took: 1.06s
Epoch 9, 71.4%	 loss: 2.417 acc@1: 40.16 mrr: 57.00, ndcg: 62.66, took: 1.07s
Epoch 9, 80.4%	 loss: 2.713 acc@1: 36.88 mrr: 52.76, ndcg: 58.19, took: 0.85s
Epoch 9, 89.3%	 loss: 2.568 acc@1: 37.81 mrr: 54.18, ndcg: 59.64, took: 0.83s
Epoch 9, 98.2%	 loss: 2.508 acc@1: 38.44 mrr: 54.95, ndcg: 60.78, took: 0.79s
Validation - loss: 4.5966, acc@1: 35.84%, f1: 24.23%, mrr: 48.52%, ndcg: 52.89%
Current learning rate: 0.000128

=== Epoch 10 ===
Epoch 10, 8.9%	 loss: 2.941 acc@1: 37.19 mrr: 52.76, ndcg: 58.05, took: 1.21s
Epoch 10, 17.9%	 loss: 3.199 acc@1: 35.00 mrr: 49.64, ndcg: 54.14, took: 1.14s
Epoch 10, 26.8%	 loss: 2.980 acc@1: 39.69 mrr: 53.52, ndcg: 58.46, took: 1.14s
Epoch 10, 35.7%	 loss: 3.111 acc@1: 36.56 mrr: 50.76, ndcg: 55.40, took: 1.09s
Epoch 10, 44.6%	 loss: 3.208 acc@1: 36.09 mrr: 49.44, ndcg: 53.99, took: 1.06s
Epoch 10, 53.6%	 loss: 3.009 acc@1: 38.12 mrr: 52.32, ndcg: 57.18, took: 1.04s
Epoch 10, 62.5%	 loss: 2.938 acc@1: 35.78 mrr: 51.53, ndcg: 56.54, took: 1.03s
Epoch 10, 71.4%	 loss: 3.107 acc@1: 36.09 mrr: 50.34, ndcg: 54.88, took: 0.87s
Epoch 10, 80.4%	 loss: 2.926 acc@1: 39.84 mrr: 53.82, ndcg: 58.70, took: 0.86s
Epoch 10, 89.3%	 loss: 3.110 acc@1: 34.53 mrr: 49.83, ndcg: 55.24, took: 0.80s
Epoch 10, 98.2%	 loss: 3.115 acc@1: 34.84 mrr: 49.65, ndcg: 54.63, took: 0.83s
Validation - loss: 4.4343, acc@1: 35.45%, f1: 22.86%, mrr: 47.49%, ndcg: 51.52%
Current learning rate: 0.000128

=== Epoch 11 ===
Epoch 11, 8.9%	 loss: 3.162 acc@1: 36.09 mrr: 49.81, ndcg: 54.51, took: 1.17s
Epoch 11, 17.9%	 loss: 2.893 acc@1: 38.59 mrr: 53.58, ndcg: 58.91, took: 1.14s
Epoch 11, 26.8%	 loss: 2.811 acc@1: 41.41 mrr: 55.24, ndcg: 60.26, took: 1.15s
Epoch 11, 35.7%	 loss: 3.163 acc@1: 33.44 mrr: 48.42, ndcg: 53.37, took: 1.08s
Epoch 11, 44.6%	 loss: 2.971 acc@1: 36.56 mrr: 51.99, ndcg: 57.29, took: 1.08s
Epoch 11, 53.6%	 loss: 2.922 acc@1: 37.66 mrr: 53.13, ndcg: 58.53, took: 1.01s
Epoch 11, 62.5%	 loss: 3.203 acc@1: 36.88 mrr: 50.39, ndcg: 54.83, took: 0.86s
Epoch 11, 71.4%	 loss: 3.014 acc@1: 37.50 mrr: 51.85, ndcg: 57.06, took: 0.80s
Epoch 11, 80.4%	 loss: 2.967 acc@1: 37.03 mrr: 51.83, ndcg: 56.78, took: 0.84s
Epoch 11, 89.3%	 loss: 3.218 acc@1: 35.00 mrr: 48.89, ndcg: 53.61, took: 0.86s
Epoch 11, 98.2%	 loss: 3.028 acc@1: 37.03 mrr: 51.53, ndcg: 56.35, took: 0.99s
Validation - loss: 4.4439, acc@1: 35.45%, f1: 22.93%, mrr: 47.48%, ndcg: 51.54%
Current learning rate: 0.000128

=== Epoch 12 ===
Epoch 12, 8.9%	 loss: 2.981 acc@1: 37.66 mrr: 52.45, ndcg: 57.32, took: 1.27s
Epoch 12, 17.9%	 loss: 2.838 acc@1: 39.84 mrr: 54.49, ndcg: 58.92, took: 1.19s
Epoch 12, 26.8%	 loss: 3.077 acc@1: 34.53 mrr: 49.64, ndcg: 54.94, took: 1.14s
Epoch 12, 35.7%	 loss: 3.092 acc@1: 36.09 mrr: 50.64, ndcg: 55.84, took: 1.17s
Epoch 12, 44.6%	 loss: 3.035 acc@1: 37.66 mrr: 51.36, ndcg: 56.13, took: 1.06s
Epoch 12, 53.6%	 loss: 3.040 acc@1: 35.62 mrr: 50.69, ndcg: 55.83, took: 0.90s
Epoch 12, 62.5%	 loss: 3.023 acc@1: 36.09 mrr: 51.15, ndcg: 56.23, took: 0.91s
Epoch 12, 71.4%	 loss: 2.815 acc@1: 41.25 mrr: 55.35, ndcg: 59.88, took: 0.96s
Epoch 12, 80.4%	 loss: 3.058 acc@1: 36.25 mrr: 50.28, ndcg: 55.12, took: 1.09s
Epoch 12, 89.3%	 loss: 3.132 acc@1: 36.88 mrr: 50.54, ndcg: 55.05, took: 1.19s
Epoch 12, 98.2%	 loss: 3.017 acc@1: 37.03 mrr: 51.69, ndcg: 56.48, took: 1.18s
Validation - loss: 4.4299, acc@1: 35.54%, f1: 22.90%, mrr: 47.63%, ndcg: 51.68%
Current learning rate: 0.000128

=== Epoch 13 ===
Epoch 13, 8.9%	 loss: 3.064 acc@1: 35.31 mrr: 50.01, ndcg: 55.35, took: 1.17s
Epoch 13, 17.9%	 loss: 2.867 acc@1: 37.66 mrr: 53.01, ndcg: 58.53, took: 0.97s
Epoch 13, 26.8%	 loss: 2.888 acc@1: 41.72 mrr: 54.67, ndcg: 58.88, took: 0.92s
Epoch 13, 35.7%	 loss: 3.143 acc@1: 35.16 mrr: 49.90, ndcg: 54.58, took: 0.78s
Epoch 13, 44.6%	 loss: 2.875 acc@1: 40.94 mrr: 54.41, ndcg: 58.81, took: 0.79s
Epoch 13, 53.6%	 loss: 2.899 acc@1: 37.81 mrr: 52.74, ndcg: 57.72, took: 0.93s
Epoch 13, 62.5%	 loss: 3.006 acc@1: 37.34 mrr: 51.99, ndcg: 56.97, took: 0.94s
Epoch 13, 71.4%	 loss: 3.135 acc@1: 36.41 mrr: 50.26, ndcg: 54.61, took: 1.06s
Epoch 13, 80.4%	 loss: 3.130 acc@1: 35.00 mrr: 49.09, ndcg: 53.88, took: 1.06s
Epoch 13, 89.3%	 loss: 2.905 acc@1: 37.34 mrr: 52.87, ndcg: 58.28, took: 1.09s
Epoch 13, 98.2%	 loss: 2.886 acc@1: 37.97 mrr: 52.91, ndcg: 57.70, took: 1.11s
Validation - loss: 4.4528, acc@1: 35.48%, f1: 23.00%, mrr: 47.56%, ndcg: 51.63%
Current learning rate: 0.000128

=== Epoch 14 ===
Epoch 14, 8.9%	 loss: 3.071 acc@1: 34.84 mrr: 49.57, ndcg: 54.17, took: 1.08s
Epoch 14, 17.9%	 loss: 2.943 acc@1: 36.72 mrr: 52.04, ndcg: 56.83, took: 0.92s
Epoch 14, 26.8%	 loss: 3.121 acc@1: 33.91 mrr: 48.80, ndcg: 54.23, took: 0.78s
Epoch 14, 35.7%	 loss: 3.035 acc@1: 36.41 mrr: 51.12, ndcg: 56.11, took: 0.79s
Epoch 14, 44.6%	 loss: 2.945 acc@1: 37.66 mrr: 51.84, ndcg: 56.88, took: 0.85s
Epoch 14, 53.6%	 loss: 3.007 acc@1: 37.34 mrr: 51.75, ndcg: 56.49, took: 0.96s
Epoch 14, 62.5%	 loss: 2.924 acc@1: 38.59 mrr: 52.94, ndcg: 57.81, took: 1.03s
Epoch 14, 71.4%	 loss: 2.820 acc@1: 38.91 mrr: 54.18, ndcg: 59.25, took: 1.06s
Epoch 14, 80.4%	 loss: 2.902 acc@1: 37.81 mrr: 52.73, ndcg: 57.61, took: 1.04s
Epoch 14, 89.3%	 loss: 2.907 acc@1: 38.59 mrr: 53.53, ndcg: 58.83, took: 1.08s
Epoch 14, 98.2%	 loss: 2.877 acc@1: 37.34 mrr: 52.80, ndcg: 57.94, took: 1.07s
Validation - loss: 4.4711, acc@1: 35.33%, f1: 23.02%, mrr: 47.54%, ndcg: 51.69%
Current learning rate: 0.000128

=== Epoch 15 ===
Epoch 15, 8.9%	 loss: 2.835 acc@1: 40.62 mrr: 54.32, ndcg: 58.87, took: 0.98s
Epoch 15, 17.9%	 loss: 3.177 acc@1: 31.56 mrr: 47.65, ndcg: 52.76, took: 0.83s
Epoch 15, 26.8%	 loss: 2.863 acc@1: 39.69 mrr: 53.66, ndcg: 58.59, took: 0.79s
Epoch 15, 35.7%	 loss: 2.904 acc@1: 39.69 mrr: 53.48, ndcg: 58.18, took: 0.85s
Epoch 15, 44.6%	 loss: 2.956 acc@1: 38.59 mrr: 52.72, ndcg: 57.83, took: 0.88s
Epoch 15, 53.6%	 loss: 2.979 acc@1: 37.03 mrr: 51.98, ndcg: 56.73, took: 1.08s
Epoch 15, 62.5%	 loss: 2.894 acc@1: 39.84 mrr: 53.38, ndcg: 58.31, took: 1.04s
Epoch 15, 71.4%	 loss: 3.016 acc@1: 36.56 mrr: 51.29, ndcg: 56.21, took: 1.05s
Epoch 15, 80.4%	 loss: 2.880 acc@1: 38.44 mrr: 53.03, ndcg: 57.65, took: 1.07s
Epoch 15, 89.3%	 loss: 3.006 acc@1: 33.59 mrr: 49.96, ndcg: 55.57, took: 1.05s
Epoch 15, 98.2%	 loss: 2.766 acc@1: 40.16 mrr: 54.66, ndcg: 59.47, took: 1.05s
Validation - loss: 4.4673, acc@1: 35.30%, f1: 22.85%, mrr: 47.51%, ndcg: 51.67%
Current learning rate: 0.000128

=== Epoch 16 ===
Epoch 16, 8.9%	 loss: 2.867 acc@1: 38.91 mrr: 53.50, ndcg: 58.50, took: 0.84s
Epoch 16, 17.9%	 loss: 2.986 acc@1: 39.38 mrr: 52.68, ndcg: 57.20, took: 0.83s
Epoch 16, 26.8%	 loss: 2.803 acc@1: 39.69 mrr: 54.06, ndcg: 58.63, took: 0.82s
Epoch 16, 35.7%	 loss: 2.856 acc@1: 40.16 mrr: 54.32, ndcg: 59.58, took: 0.87s
Epoch 16, 44.6%	 loss: 2.886 acc@1: 38.91 mrr: 53.34, ndcg: 58.12, took: 1.10s
Epoch 16, 53.6%	 loss: 2.945 acc@1: 37.81 mrr: 52.34, ndcg: 57.11, took: 1.07s
Epoch 16, 62.5%	 loss: 2.923 acc@1: 37.03 mrr: 51.88, ndcg: 56.65, took: 1.06s
Epoch 16, 71.4%	 loss: 2.861 acc@1: 37.34 mrr: 52.40, ndcg: 57.48, took: 1.07s
Epoch 16, 80.4%	 loss: 3.044 acc@1: 35.62 mrr: 50.41, ndcg: 55.49, took: 1.05s
Epoch 16, 89.3%	 loss: 2.963 acc@1: 35.16 mrr: 50.77, ndcg: 56.04, took: 1.07s
Epoch 16, 98.2%	 loss: 2.978 acc@1: 34.69 mrr: 49.83, ndcg: 55.27, took: 1.09s
Validation - loss: 4.4837, acc@1: 35.54%, f1: 23.11%, mrr: 47.61%, ndcg: 51.79%
Current learning rate: 0.000128

=== Epoch 17 ===
Epoch 17, 8.9%	 loss: 2.932 acc@1: 36.72 mrr: 52.01, ndcg: 57.47, took: 0.82s
Epoch 17, 17.9%	 loss: 2.811 acc@1: 38.12 mrr: 54.18, ndcg: 59.17, took: 0.79s
Epoch 17, 26.8%	 loss: 2.979 acc@1: 35.47 mrr: 50.27, ndcg: 55.10, took: 0.87s
Epoch 17, 35.7%	 loss: 2.968 acc@1: 37.34 mrr: 51.88, ndcg: 56.79, took: 0.96s
Epoch 17, 44.6%	 loss: 2.786 acc@1: 39.69 mrr: 54.52, ndcg: 59.35, took: 1.08s
Epoch 17, 53.6%	 loss: 2.907 acc@1: 38.28 mrr: 52.44, ndcg: 57.43, took: 1.18s
Epoch 17, 62.5%	 loss: 2.800 acc@1: 39.84 mrr: 54.22, ndcg: 59.42, took: 1.13s
Epoch 17, 71.4%	 loss: 2.858 acc@1: 39.84 mrr: 54.01, ndcg: 58.47, took: 1.08s
Epoch 17, 80.4%	 loss: 2.927 acc@1: 36.25 mrr: 51.28, ndcg: 56.28, took: 1.05s
Epoch 17, 89.3%	 loss: 2.893 acc@1: 36.56 mrr: 52.25, ndcg: 57.65, took: 1.05s
Epoch 17, 98.2%	 loss: 3.030 acc@1: 36.09 mrr: 50.57, ndcg: 55.58, took: 1.05s
Validation - loss: 4.4980, acc@1: 35.15%, f1: 23.00%, mrr: 47.53%, ndcg: 51.75%
Current learning rate: 0.000013

=== Epoch 18 ===
Epoch 18, 8.9%	 loss: 2.971 acc@1: 40.00 mrr: 53.20, ndcg: 57.75, took: 0.86s
Epoch 18, 17.9%	 loss: 2.762 acc@1: 38.12 mrr: 54.01, ndcg: 59.42, took: 0.80s
Epoch 18, 26.8%	 loss: 2.963 acc@1: 37.97 mrr: 52.81, ndcg: 57.32, took: 0.84s
Epoch 18, 35.7%	 loss: 2.902 acc@1: 38.59 mrr: 53.49, ndcg: 58.29, took: 1.04s
Epoch 18, 44.6%	 loss: 2.924 acc@1: 35.16 mrr: 50.94, ndcg: 56.66, took: 1.07s
Epoch 18, 53.6%	 loss: 3.023 acc@1: 37.66 mrr: 51.45, ndcg: 55.96, took: 1.14s
Epoch 18, 62.5%	 loss: 2.987 acc@1: 36.88 mrr: 51.77, ndcg: 56.99, took: 1.14s
Epoch 18, 71.4%	 loss: 3.130 acc@1: 35.94 mrr: 49.69, ndcg: 54.80, took: 1.08s
Epoch 18, 80.4%	 loss: 2.868 acc@1: 38.75 mrr: 53.31, ndcg: 58.19, took: 1.07s
Epoch 18, 89.3%	 loss: 3.155 acc@1: 36.56 mrr: 49.67, ndcg: 54.39, took: 1.09s
Epoch 18, 98.2%	 loss: 3.003 acc@1: 36.56 mrr: 51.34, ndcg: 56.46, took: 1.05s
Validation - loss: 4.4575, acc@1: 35.33%, f1: 22.71%, mrr: 47.46%, ndcg: 51.54%
Current learning rate: 0.000013

=== Epoch 19 ===
Epoch 19, 8.9%	 loss: 2.918 acc@1: 40.16 mrr: 53.79, ndcg: 58.76, took: 0.94s
Epoch 19, 17.9%	 loss: 2.849 acc@1: 39.06 mrr: 53.86, ndcg: 58.82, took: 0.96s
Epoch 19, 26.8%	 loss: 3.025 acc@1: 37.66 mrr: 51.60, ndcg: 56.31, took: 1.09s
Epoch 19, 35.7%	 loss: 3.041 acc@1: 33.91 mrr: 49.84, ndcg: 55.11, took: 1.26s
Epoch 19, 44.6%	 loss: 2.986 acc@1: 40.62 mrr: 53.31, ndcg: 57.91, took: 1.24s
Epoch 19, 53.6%	 loss: 2.847 acc@1: 37.34 mrr: 53.09, ndcg: 58.42, took: 1.21s
Epoch 19, 62.5%	 loss: 3.049 acc@1: 35.31 mrr: 50.41, ndcg: 55.47, took: 1.20s
Epoch 19, 71.4%	 loss: 3.031 acc@1: 35.78 mrr: 50.50, ndcg: 55.70, took: 1.13s
Epoch 19, 80.4%	 loss: 3.004 acc@1: 36.56 mrr: 51.50, ndcg: 56.57, took: 1.13s
Epoch 19, 89.3%	 loss: 2.993 acc@1: 38.28 mrr: 52.37, ndcg: 56.91, took: 1.09s
Epoch 19, 98.2%	 loss: 2.883 acc@1: 35.47 mrr: 52.12, ndcg: 57.59, took: 1.03s
Validation - loss: 4.4576, acc@1: 35.33%, f1: 22.64%, mrr: 47.50%, ndcg: 51.60%
Current learning rate: 0.000013

=== Epoch 20 ===
Epoch 20, 8.9%	 loss: 3.024 acc@1: 37.66 mrr: 51.86, ndcg: 56.74, took: 0.92s
Epoch 20, 17.9%	 loss: 2.877 acc@1: 38.75 mrr: 53.51, ndcg: 58.89, took: 0.99s
Epoch 20, 26.8%	 loss: 2.916 acc@1: 37.81 mrr: 52.74, ndcg: 57.87, took: 0.98s
Epoch 20, 35.7%	 loss: 2.944 acc@1: 40.16 mrr: 53.48, ndcg: 57.93, took: 1.03s
Epoch 20, 44.6%	 loss: 3.035 acc@1: 35.31 mrr: 50.26, ndcg: 55.45, took: 0.91s
Epoch 20, 53.6%	 loss: 2.981 acc@1: 36.88 mrr: 51.60, ndcg: 56.29, took: 0.89s
Epoch 20, 62.5%	 loss: 2.945 acc@1: 37.03 mrr: 52.14, ndcg: 57.16, took: 0.91s
Epoch 20, 71.4%	 loss: 2.878 acc@1: 38.91 mrr: 53.69, ndcg: 58.60, took: 0.90s
Epoch 20, 80.4%	 loss: 3.033 acc@1: 36.09 mrr: 51.10, ndcg: 56.02, took: 0.74s
Epoch 20, 89.3%	 loss: 2.990 acc@1: 38.44 mrr: 52.21, ndcg: 57.15, took: 0.79s
Epoch 20, 98.2%	 loss: 3.018 acc@1: 36.56 mrr: 50.74, ndcg: 55.72, took: 0.74s
Validation - loss: 4.4502, acc@1: 35.39%, f1: 22.85%, mrr: 47.53%, ndcg: 51.60%
Current learning rate: 0.000013

=== Epoch 21 ===
Epoch 21, 8.9%	 loss: 2.749 acc@1: 40.94 mrr: 55.49, ndcg: 60.85, took: 0.84s
Epoch 21, 17.9%	 loss: 3.043 acc@1: 37.34 mrr: 51.71, ndcg: 56.24, took: 0.81s
Epoch 21, 26.8%	 loss: 3.189 acc@1: 35.94 mrr: 49.64, ndcg: 54.31, took: 0.67s
Epoch 21, 35.7%	 loss: 3.124 acc@1: 34.22 mrr: 49.19, ndcg: 54.40, took: 0.67s
Epoch 21, 44.6%	 loss: 3.027 acc@1: 37.03 mrr: 51.76, ndcg: 56.69, took: 0.93s
Epoch 21, 53.6%	 loss: 2.937 acc@1: 35.16 mrr: 50.79, ndcg: 56.12, took: 1.04s
Epoch 21, 62.5%	 loss: 2.815 acc@1: 40.16 mrr: 54.14, ndcg: 59.17, took: 1.00s
Epoch 21, 71.4%	 loss: 3.026 acc@1: 39.22 mrr: 52.48, ndcg: 56.97, took: 1.00s
Epoch 21, 80.4%	 loss: 2.892 acc@1: 38.28 mrr: 52.62, ndcg: 57.37, took: 1.15s
Epoch 21, 89.3%	 loss: 2.964 acc@1: 38.91 mrr: 53.18, ndcg: 57.74, took: 1.10s
Epoch 21, 98.2%	 loss: 2.869 acc@1: 36.88 mrr: 52.51, ndcg: 57.74, took: 1.07s
Validation - loss: 4.4509, acc@1: 35.45%, f1: 22.90%, mrr: 47.56%, ndcg: 51.63%
Current learning rate: 0.000013

=== Epoch 22 ===
Epoch 22, 8.9%	 loss: 2.925 acc@1: 40.62 mrr: 54.11, ndcg: 58.68, took: 1.21s
Epoch 22, 17.9%	 loss: 3.028 acc@1: 35.78 mrr: 50.17, ndcg: 55.17, took: 1.10s
Epoch 22, 26.8%	 loss: 2.753 acc@1: 41.25 mrr: 55.99, ndcg: 60.86, took: 1.13s
Epoch 22, 35.7%	 loss: 2.852 acc@1: 41.88 mrr: 54.66, ndcg: 59.57, took: 1.12s
Epoch 22, 44.6%	 loss: 3.018 acc@1: 35.94 mrr: 50.71, ndcg: 55.25, took: 1.26s
Epoch 22, 53.6%	 loss: 3.086 acc@1: 35.47 mrr: 49.79, ndcg: 55.10, took: 1.26s
Epoch 22, 62.5%	 loss: 2.785 acc@1: 37.34 mrr: 53.93, ndcg: 59.40, took: 1.34s
Epoch 22, 71.4%	 loss: 3.020 acc@1: 34.53 mrr: 50.12, ndcg: 55.29, took: 1.40s
Epoch 22, 80.4%	 loss: 3.145 acc@1: 34.22 mrr: 49.01, ndcg: 54.06, took: 1.21s
Epoch 22, 89.3%	 loss: 2.991 acc@1: 35.16 mrr: 50.69, ndcg: 55.52, took: 1.16s
Epoch 22, 98.2%	 loss: 2.966 acc@1: 38.28 mrr: 52.31, ndcg: 56.84, took: 1.01s
Validation - loss: 4.4573, acc@1: 35.51%, f1: 23.04%, mrr: 47.60%, ndcg: 51.63%
Training finished.	 Time: 343.26s.	 acc@1: 35.54%

=== Test Results ===
Test Results:
  acc@1: 30.71%
  acc@5: 55.09%
  acc@10: 58.94%
  mrr: 41.73%
  ndcg: 45.62%
  f1: 19.35%

=== Training Complete ===
