2025-12-29 23:44:30,183 - INFO - ============================================================
2025-12-29 23:44:30,183 - INFO - POINTER V45 - Training Started
2025-12-29 23:44:30,183 - INFO - ============================================================
2025-12-29 23:44:30,183 - INFO - Model config: {'d_model': 128, 'dim_feedforward': 512, 'dropout': 0.15, 'nhead': 8, 'num_layers': 8}
2025-12-29 23:44:30,183 - INFO - Training config: {'batch_size': 128, 'grad_clip': 0.8, 'label_smoothing': 0.03, 'learning_rate': 0.0006, 'min_epochs': 8, 'min_lr': 1e-06, 'num_epochs': 50, 'patience': 5, 'use_amp': True, 'warmup_epochs': 5, 'weight_decay': 0.015}
2025-12-29 23:44:30,183 - INFO - ============================================================
2025-12-29 23:44:30,183 - INFO - Training for 50 epochs
2025-12-29 23:44:30,184 - INFO - Model parameters: 2,001,092
2025-12-29 23:44:35,344 - INFO - Epoch 1/50 | LR: 1.20e-04 | Train: 5.0568 | Val: 3.3673 | Acc@1: 39.83%
2025-12-29 23:44:35,415 - INFO -   ✓ New best (Acc@1: 39.83%)
2025-12-29 23:44:40,934 - INFO - Epoch 2/50 | LR: 2.40e-04 | Train: 4.1515 | Val: 3.2737 | Acc@1: 42.26%
2025-12-29 23:44:41,014 - INFO -   ✓ New best (Acc@1: 42.26%)
2025-12-29 23:44:47,702 - INFO - Epoch 3/50 | LR: 3.60e-04 | Train: 3.7600 | Val: 3.2356 | Acc@1: 44.36%
2025-12-29 23:44:47,782 - INFO -   ✓ New best (Acc@1: 44.36%)
2025-12-29 23:44:55,406 - INFO - Epoch 4/50 | LR: 4.80e-04 | Train: 3.4886 | Val: 3.2743 | Acc@1: 43.64%
2025-12-29 23:45:03,127 - INFO - Epoch 5/50 | LR: 6.00e-04 | Train: 3.2266 | Val: 3.4763 | Acc@1: 42.53%
2025-12-29 23:45:10,960 - INFO - Epoch 6/50 | LR: 6.00e-04 | Train: 2.9335 | Val: 3.5129 | Acc@1: 43.85%
2025-12-29 23:45:18,563 - INFO - Epoch 7/50 | LR: 5.99e-04 | Train: 2.6626 | Val: 3.5265 | Acc@1: 46.31%
2025-12-29 23:45:25,496 - INFO - Epoch 8/50 | LR: 5.97e-04 | Train: 2.3947 | Val: 3.7891 | Acc@1: 44.54%
2025-12-29 23:45:25,497 - INFO - Early stopping at epoch 8
2025-12-29 23:45:25,783 - INFO - Loaded checkpoint from epoch 3
2025-12-29 23:45:28,207 - INFO - ============================================================
2025-12-29 23:45:28,207 - INFO - FINAL VALIDATION RESULTS
2025-12-29 23:45:28,207 - INFO -   Acc@1:  44.36%
2025-12-29 23:45:28,207 - INFO -   Acc@5:  73.40%
2025-12-29 23:45:28,208 - INFO -   Acc@10: 79.24%
2025-12-29 23:45:28,208 - INFO -   MRR:    57.43%
2025-12-29 23:45:28,208 - INFO -   NDCG:   62.51%
2025-12-29 23:45:28,208 - INFO - ============================================================
2025-12-29 23:45:28,208 - INFO - FINAL TEST RESULTS
2025-12-29 23:45:28,208 - INFO -   Acc@1:  48.66%
2025-12-29 23:45:28,208 - INFO -   Acc@5:  79.10%
2025-12-29 23:45:28,208 - INFO -   Acc@10: 83.01%
2025-12-29 23:45:28,208 - INFO -   MRR:    62.21%
2025-12-29 23:45:28,208 - INFO -   NDCG:   67.19%
2025-12-29 23:45:28,208 - INFO - ============================================================
