Training MHSA model
Dataset: geolife
Config: /data/next_loc_clean_v2/config/ht_optuna/optuna_MHSA_geolife_prev3_t15_20251231_151827_6b61a3d8.yaml
Device: cuda
Seed: 42
==================================================
Data loaders: train=224, val=104, test=109
Total trainable parameters: 449059

=== Epoch 1 ===
Epoch 1, 8.9%	 loss: 7.133 acc@1: 0.00 mrr: 0.52, ndcg: 0.28, took: 2.81s
Epoch 1, 17.9%	 loss: 7.126 acc@1: 0.00 mrr: 0.57, ndcg: 0.23, took: 1.57s
Epoch 1, 26.8%	 loss: 7.140 acc@1: 0.31 mrr: 0.72, ndcg: 0.37, took: 1.59s
Epoch 1, 35.7%	 loss: 7.097 acc@1: 0.16 mrr: 0.80, ndcg: 0.67, took: 1.74s
Epoch 1, 44.6%	 loss: 7.078 acc@1: 0.16 mrr: 1.11, ndcg: 0.94, took: 1.52s
Epoch 1, 53.6%	 loss: 7.057 acc@1: 0.94 mrr: 2.22, ndcg: 2.29, took: 1.52s
Epoch 1, 62.5%	 loss: 7.015 acc@1: 1.88 mrr: 3.60, ndcg: 3.53, took: 1.59s
Epoch 1, 71.4%	 loss: 6.954 acc@1: 4.53 mrr: 6.96, ndcg: 7.32, took: 1.60s
Epoch 1, 80.4%	 loss: 6.882 acc@1: 8.75 mrr: 11.47, ndcg: 11.83, took: 1.64s
Epoch 1, 89.3%	 loss: 6.744 acc@1: 12.97 mrr: 16.38, ndcg: 17.22, took: 1.57s
Epoch 1, 98.2%	 loss: 6.544 acc@1: 17.50 mrr: 22.42, ndcg: 23.82, took: 1.53s
Validation - loss: 6.2935, acc@1: 16.96%, f1: 7.48%, mrr: 25.57%, ndcg: 29.06%
Current learning rate: 0.000500

=== Epoch 2 ===
Epoch 2, 8.9%	 loss: 6.276 acc@1: 20.00 mrr: 26.55, ndcg: 28.98, took: 1.67s
Epoch 2, 17.9%	 loss: 6.059 acc@1: 17.03 mrr: 25.32, ndcg: 28.63, took: 1.60s
Epoch 2, 26.8%	 loss: 5.974 acc@1: 18.28 mrr: 26.59, ndcg: 30.13, took: 1.55s
Epoch 2, 35.7%	 loss: 5.693 acc@1: 19.84 mrr: 29.08, ndcg: 33.11, took: 1.60s
Epoch 2, 44.6%	 loss: 5.512 acc@1: 19.84 mrr: 29.93, ndcg: 34.26, took: 1.70s
Epoch 2, 53.6%	 loss: 5.390 acc@1: 19.53 mrr: 29.76, ndcg: 34.13, took: 1.70s
Epoch 2, 62.5%	 loss: 5.226 acc@1: 22.50 mrr: 32.02, ndcg: 36.38, took: 1.67s
Epoch 2, 71.4%	 loss: 5.263 acc@1: 17.81 mrr: 28.85, ndcg: 33.99, took: 1.52s
Epoch 2, 80.4%	 loss: 4.895 acc@1: 22.81 mrr: 33.90, ndcg: 38.73, took: 1.62s
Epoch 2, 89.3%	 loss: 4.747 acc@1: 23.44 mrr: 34.90, ndcg: 40.10, took: 1.57s
Epoch 2, 98.2%	 loss: 4.612 acc@1: 23.28 mrr: 35.27, ndcg: 40.69, took: 1.65s
Validation - loss: 4.8349, acc@1: 20.66%, f1: 11.32%, mrr: 32.94%, ndcg: 38.30%
Current learning rate: 0.001000

=== Epoch 3 ===
Epoch 3, 8.9%	 loss: 4.530 acc@1: 25.16 mrr: 36.18, ndcg: 40.82, took: 1.58s
Epoch 3, 17.9%	 loss: 4.533 acc@1: 21.41 mrr: 33.48, ndcg: 38.63, took: 1.64s
Epoch 3, 26.8%	 loss: 4.360 acc@1: 22.66 mrr: 36.07, ndcg: 41.66, took: 1.64s
Epoch 3, 35.7%	 loss: 4.361 acc@1: 22.66 mrr: 35.55, ndcg: 40.96, took: 1.59s
Epoch 3, 44.6%	 loss: 4.294 acc@1: 28.12 mrr: 39.59, ndcg: 44.19, took: 1.64s
Epoch 3, 53.6%	 loss: 4.121 acc@1: 26.25 mrr: 38.88, ndcg: 43.94, took: 1.59s
Epoch 3, 62.5%	 loss: 4.088 acc@1: 27.34 mrr: 40.38, ndcg: 45.50, took: 1.57s
Epoch 3, 71.4%	 loss: 4.063 acc@1: 28.28 mrr: 41.55, ndcg: 46.57, took: 1.65s
Epoch 3, 80.4%	 loss: 4.049 acc@1: 31.56 mrr: 42.75, ndcg: 47.19, took: 1.63s
Epoch 3, 89.3%	 loss: 3.978 acc@1: 28.28 mrr: 41.93, ndcg: 47.12, took: 1.56s
Epoch 3, 98.2%	 loss: 3.847 acc@1: 30.47 mrr: 44.03, ndcg: 48.86, took: 1.58s
Validation - loss: 4.4958, acc@1: 31.72%, f1: 20.17%, mrr: 43.29%, ndcg: 47.24%
Current learning rate: 0.000979

=== Epoch 4 ===
Epoch 4, 8.9%	 loss: 3.655 acc@1: 32.97 mrr: 45.97, ndcg: 50.24, took: 1.65s
Epoch 4, 17.9%	 loss: 3.544 acc@1: 34.06 mrr: 47.25, ndcg: 51.84, took: 1.62s
Epoch 4, 26.8%	 loss: 3.787 acc@1: 28.91 mrr: 43.29, ndcg: 48.37, took: 1.72s
Epoch 4, 35.7%	 loss: 3.777 acc@1: 30.31 mrr: 43.77, ndcg: 48.54, took: 1.67s
Epoch 4, 44.6%	 loss: 3.617 acc@1: 32.50 mrr: 46.10, ndcg: 51.05, took: 1.53s
Epoch 4, 53.6%	 loss: 3.593 acc@1: 31.72 mrr: 46.31, ndcg: 51.03, took: 1.51s
Epoch 4, 62.5%	 loss: 3.567 acc@1: 33.91 mrr: 47.54, ndcg: 51.87, took: 1.54s
Epoch 4, 71.4%	 loss: 3.551 acc@1: 31.72 mrr: 46.33, ndcg: 51.64, took: 1.63s
Epoch 4, 80.4%	 loss: 3.478 acc@1: 33.44 mrr: 48.10, ndcg: 53.05, took: 1.53s
Epoch 4, 89.3%	 loss: 3.644 acc@1: 32.66 mrr: 46.83, ndcg: 51.62, took: 1.61s
Epoch 4, 98.2%	 loss: 3.461 acc@1: 36.56 mrr: 49.69, ndcg: 54.10, took: 1.57s
Validation - loss: 4.3463, acc@1: 34.22%, f1: 22.10%, mrr: 46.59%, ndcg: 50.62%
Current learning rate: 0.000958

=== Epoch 5 ===
Epoch 5, 8.9%	 loss: 3.289 acc@1: 33.12 mrr: 48.35, ndcg: 53.43, took: 1.61s
Epoch 5, 17.9%	 loss: 3.262 acc@1: 35.16 mrr: 49.61, ndcg: 54.46, took: 1.78s
Epoch 5, 26.8%	 loss: 3.123 acc@1: 35.16 mrr: 50.94, ndcg: 56.24, took: 1.56s
Epoch 5, 35.7%	 loss: 3.386 acc@1: 34.84 mrr: 48.63, ndcg: 53.71, took: 1.79s
Epoch 5, 44.6%	 loss: 3.353 acc@1: 34.84 mrr: 49.12, ndcg: 53.87, took: 1.67s
Epoch 5, 53.6%	 loss: 3.357 acc@1: 31.41 mrr: 47.19, ndcg: 52.60, took: 1.66s
Epoch 5, 62.5%	 loss: 3.288 acc@1: 33.75 mrr: 48.87, ndcg: 54.32, took: 1.54s
Epoch 5, 71.4%	 loss: 3.225 acc@1: 34.38 mrr: 50.01, ndcg: 55.03, took: 1.63s
Epoch 5, 80.4%	 loss: 3.257 acc@1: 37.81 mrr: 51.59, ndcg: 55.95, took: 1.63s
Epoch 5, 89.3%	 loss: 3.136 acc@1: 37.66 mrr: 52.01, ndcg: 57.06, took: 1.58s
Epoch 5, 98.2%	 loss: 3.263 acc@1: 34.22 mrr: 49.31, ndcg: 54.34, took: 1.62s
Validation - loss: 4.4188, acc@1: 31.93%, f1: 22.03%, mrr: 45.12%, ndcg: 50.01%
Current learning rate: 0.000937

=== Epoch 6 ===
Epoch 6, 8.9%	 loss: 3.073 acc@1: 37.66 mrr: 51.49, ndcg: 56.52, took: 1.75s
Epoch 6, 17.9%	 loss: 3.060 acc@1: 36.88 mrr: 51.41, ndcg: 56.08, took: 1.70s
Epoch 6, 26.8%	 loss: 3.058 acc@1: 37.81 mrr: 52.27, ndcg: 56.76, took: 1.65s
Epoch 6, 35.7%	 loss: 2.952 acc@1: 35.16 mrr: 51.51, ndcg: 57.22, took: 1.59s
Epoch 6, 44.6%	 loss: 3.019 acc@1: 36.25 mrr: 51.55, ndcg: 56.67, took: 1.59s
Epoch 6, 53.6%	 loss: 3.151 acc@1: 36.25 mrr: 51.22, ndcg: 56.15, took: 1.61s
Epoch 6, 62.5%	 loss: 3.110 acc@1: 33.44 mrr: 49.57, ndcg: 54.82, took: 1.56s
Epoch 6, 71.4%	 loss: 3.048 acc@1: 33.75 mrr: 50.02, ndcg: 55.70, took: 1.64s
Epoch 6, 80.4%	 loss: 3.093 acc@1: 34.69 mrr: 50.36, ndcg: 55.75, took: 1.60s
Epoch 6, 89.3%	 loss: 2.818 acc@1: 39.38 mrr: 54.60, ndcg: 59.78, took: 1.56s
Epoch 6, 98.2%	 loss: 3.247 acc@1: 33.59 mrr: 48.55, ndcg: 53.78, took: 1.59s
Validation - loss: 4.3738, acc@1: 34.07%, f1: 23.30%, mrr: 47.28%, ndcg: 51.95%
Current learning rate: 0.000917

=== Epoch 7 ===
Epoch 7, 8.9%	 loss: 2.837 acc@1: 37.19 mrr: 52.82, ndcg: 58.43, took: 1.62s
Epoch 7, 17.9%	 loss: 2.946 acc@1: 37.97 mrr: 52.76, ndcg: 57.35, took: 1.60s
Epoch 7, 26.8%	 loss: 2.942 acc@1: 34.06 mrr: 50.34, ndcg: 56.00, took: 1.57s
Epoch 7, 35.7%	 loss: 2.842 acc@1: 38.91 mrr: 53.34, ndcg: 58.60, took: 1.55s
Epoch 7, 44.6%	 loss: 2.877 acc@1: 35.62 mrr: 51.76, ndcg: 57.40, took: 1.64s
Epoch 7, 53.6%	 loss: 2.904 acc@1: 34.38 mrr: 50.94, ndcg: 56.34, took: 1.67s
Epoch 7, 62.5%	 loss: 2.922 acc@1: 35.62 mrr: 51.53, ndcg: 56.89, took: 1.63s
Epoch 7, 71.4%	 loss: 3.047 acc@1: 35.94 mrr: 50.72, ndcg: 55.68, took: 1.59s
Epoch 7, 80.4%	 loss: 2.791 acc@1: 36.56 mrr: 53.19, ndcg: 58.95, took: 1.60s
Epoch 7, 89.3%	 loss: 2.942 acc@1: 34.53 mrr: 50.97, ndcg: 56.77, took: 1.62s
Epoch 7, 98.2%	 loss: 2.914 acc@1: 37.03 mrr: 52.43, ndcg: 57.23, took: 1.59s
Validation - loss: 4.4277, acc@1: 34.25%, f1: 23.94%, mrr: 47.75%, ndcg: 52.39%
Current learning rate: 0.000896

=== Epoch 8 ===
Epoch 8, 8.9%	 loss: 2.819 acc@1: 35.31 mrr: 51.54, ndcg: 57.18, took: 1.69s
Epoch 8, 17.9%	 loss: 2.712 acc@1: 37.50 mrr: 53.74, ndcg: 59.06, took: 1.60s
Epoch 8, 26.8%	 loss: 2.792 acc@1: 38.44 mrr: 53.46, ndcg: 58.57, took: 1.61s
Epoch 8, 35.7%	 loss: 2.657 acc@1: 40.47 mrr: 55.49, ndcg: 60.53, took: 1.74s
Epoch 8, 44.6%	 loss: 2.848 acc@1: 35.62 mrr: 51.62, ndcg: 57.04, took: 1.58s
Epoch 8, 53.6%	 loss: 2.891 acc@1: 35.00 mrr: 51.01, ndcg: 56.39, took: 1.61s
Epoch 8, 62.5%	 loss: 2.677 acc@1: 40.16 mrr: 55.07, ndcg: 60.02, took: 1.59s
Epoch 8, 71.4%	 loss: 2.819 acc@1: 38.12 mrr: 53.17, ndcg: 57.95, took: 1.56s
Epoch 8, 80.4%	 loss: 2.675 acc@1: 38.44 mrr: 54.78, ndcg: 60.43, took: 1.61s
Epoch 8, 89.3%	 loss: 2.795 acc@1: 37.19 mrr: 53.03, ndcg: 58.17, took: 1.67s
Epoch 8, 98.2%	 loss: 2.737 acc@1: 37.50 mrr: 53.16, ndcg: 58.76, took: 1.60s
Validation - loss: 4.4709, acc@1: 35.00%, f1: 25.17%, mrr: 48.25%, ndcg: 52.79%
Current learning rate: 0.000875

=== Epoch 9 ===
Epoch 9, 8.9%	 loss: 2.601 acc@1: 38.59 mrr: 55.06, ndcg: 60.54, took: 1.60s
Epoch 9, 17.9%	 loss: 2.552 acc@1: 39.84 mrr: 55.16, ndcg: 60.70, took: 1.77s
Epoch 9, 26.8%	 loss: 2.842 acc@1: 37.81 mrr: 52.29, ndcg: 57.10, took: 1.60s
Epoch 9, 35.7%	 loss: 2.719 acc@1: 35.78 mrr: 52.60, ndcg: 58.54, took: 1.65s
Epoch 9, 44.6%	 loss: 2.670 acc@1: 33.28 mrr: 51.83, ndcg: 58.09, took: 1.62s
Epoch 9, 53.6%	 loss: 2.794 acc@1: 36.25 mrr: 51.92, ndcg: 57.31, took: 1.67s
Epoch 9, 62.5%	 loss: 2.711 acc@1: 41.41 mrr: 55.42, ndcg: 60.20, took: 1.67s
Epoch 9, 71.4%	 loss: 2.554 acc@1: 41.09 mrr: 56.50, ndcg: 61.66, took: 1.76s
Epoch 9, 80.4%	 loss: 2.769 acc@1: 38.91 mrr: 53.05, ndcg: 57.88, took: 1.63s
Epoch 9, 89.3%	 loss: 2.634 acc@1: 40.00 mrr: 55.36, ndcg: 60.37, took: 1.56s
Epoch 9, 98.2%	 loss: 2.765 acc@1: 39.84 mrr: 53.49, ndcg: 58.10, took: 1.58s
Validation - loss: 4.5554, acc@1: 32.86%, f1: 23.89%, mrr: 46.54%, ndcg: 51.40%
Current learning rate: 0.000085

=== Epoch 10 ===
Epoch 10, 8.9%	 loss: 3.412 acc@1: 30.62 mrr: 46.41, ndcg: 51.43, took: 1.59s
Epoch 10, 17.9%	 loss: 3.319 acc@1: 33.44 mrr: 48.73, ndcg: 53.42, took: 1.59s
Epoch 10, 26.8%	 loss: 3.179 acc@1: 37.50 mrr: 51.87, ndcg: 56.39, took: 1.55s
Epoch 10, 35.7%	 loss: 3.257 acc@1: 33.12 mrr: 48.71, ndcg: 53.90, took: 1.57s
Epoch 10, 44.6%	 loss: 3.282 acc@1: 33.59 mrr: 48.52, ndcg: 53.12, took: 1.52s
Epoch 10, 53.6%	 loss: 3.294 acc@1: 35.47 mrr: 49.48, ndcg: 54.20, took: 1.70s
Epoch 10, 62.5%	 loss: 3.300 acc@1: 35.31 mrr: 49.64, ndcg: 54.02, took: 1.70s
Epoch 10, 71.4%	 loss: 3.339 acc@1: 34.22 mrr: 49.03, ndcg: 53.71, took: 1.62s
Epoch 10, 80.4%	 loss: 3.037 acc@1: 38.91 mrr: 53.51, ndcg: 58.09, took: 1.68s
Epoch 10, 89.3%	 loss: 3.182 acc@1: 37.81 mrr: 51.28, ndcg: 55.98, took: 1.80s
Epoch 10, 98.2%	 loss: 3.294 acc@1: 33.28 mrr: 48.30, ndcg: 53.47, took: 1.59s
Validation - loss: 4.3293, acc@1: 34.13%, f1: 20.54%, mrr: 46.77%, ndcg: 50.87%
Current learning rate: 0.000085

=== Epoch 11 ===
Epoch 11, 8.9%	 loss: 3.244 acc@1: 33.91 mrr: 49.18, ndcg: 54.40, took: 1.70s
Epoch 11, 17.9%	 loss: 3.192 acc@1: 35.00 mrr: 50.28, ndcg: 55.09, took: 1.60s
Epoch 11, 26.8%	 loss: 3.255 acc@1: 34.38 mrr: 48.97, ndcg: 53.82, took: 1.63s
Epoch 11, 35.7%	 loss: 3.344 acc@1: 34.69 mrr: 48.99, ndcg: 53.66, took: 1.63s
Epoch 11, 44.6%	 loss: 3.163 acc@1: 36.41 mrr: 51.02, ndcg: 55.89, took: 1.63s
Epoch 11, 53.6%	 loss: 3.178 acc@1: 37.19 mrr: 50.99, ndcg: 55.79, took: 1.59s
Epoch 11, 62.5%	 loss: 3.176 acc@1: 33.28 mrr: 49.50, ndcg: 54.72, took: 1.66s
Epoch 11, 71.4%	 loss: 3.234 acc@1: 34.84 mrr: 49.34, ndcg: 53.94, took: 1.68s
Epoch 11, 80.4%	 loss: 3.161 acc@1: 36.25 mrr: 50.81, ndcg: 55.58, took: 1.62s
Epoch 11, 89.3%	 loss: 3.372 acc@1: 34.22 mrr: 48.03, ndcg: 52.45, took: 1.62s
Epoch 11, 98.2%	 loss: 3.108 acc@1: 37.34 mrr: 51.97, ndcg: 56.85, took: 1.56s
Validation - loss: 4.3372, acc@1: 34.37%, f1: 22.06%, mrr: 46.92%, ndcg: 51.05%
Current learning rate: 0.000085

=== Epoch 12 ===
Epoch 12, 8.9%	 loss: 3.183 acc@1: 36.88 mrr: 51.05, ndcg: 55.44, took: 1.75s
Epoch 12, 17.9%	 loss: 3.141 acc@1: 33.91 mrr: 49.69, ndcg: 55.04, took: 1.69s
Epoch 12, 26.8%	 loss: 3.046 acc@1: 35.78 mrr: 51.30, ndcg: 56.53, took: 1.63s
Epoch 12, 35.7%	 loss: 3.223 acc@1: 34.69 mrr: 49.13, ndcg: 53.75, took: 1.62s
Epoch 12, 44.6%	 loss: 3.236 acc@1: 35.00 mrr: 49.46, ndcg: 54.43, took: 1.66s
Epoch 12, 53.6%	 loss: 3.071 acc@1: 37.50 mrr: 52.26, ndcg: 57.35, took: 1.62s
Epoch 12, 62.5%	 loss: 3.234 acc@1: 33.91 mrr: 49.05, ndcg: 54.04, took: 1.60s
Epoch 12, 71.4%	 loss: 3.168 acc@1: 34.69 mrr: 50.26, ndcg: 55.41, took: 1.50s
Epoch 12, 80.4%	 loss: 3.273 acc@1: 34.84 mrr: 49.26, ndcg: 54.03, took: 1.65s
Epoch 12, 89.3%	 loss: 3.152 acc@1: 38.59 mrr: 51.77, ndcg: 55.97, took: 1.69s
Epoch 12, 98.2%	 loss: 3.226 acc@1: 34.84 mrr: 49.91, ndcg: 54.53, took: 1.52s
Validation - loss: 4.3498, acc@1: 35.00%, f1: 22.59%, mrr: 47.26%, ndcg: 51.32%
Current learning rate: 0.000085

=== Epoch 13 ===
Epoch 13, 8.9%	 loss: 3.149 acc@1: 34.06 mrr: 49.12, ndcg: 54.41, took: 1.81s
Epoch 13, 17.9%	 loss: 3.187 acc@1: 35.47 mrr: 50.05, ndcg: 54.80, took: 1.70s
Epoch 13, 26.8%	 loss: 3.087 acc@1: 34.22 mrr: 50.17, ndcg: 55.67, took: 1.66s
Epoch 13, 35.7%	 loss: 3.169 acc@1: 33.75 mrr: 49.57, ndcg: 54.53, took: 1.67s
Epoch 13, 44.6%	 loss: 3.069 acc@1: 38.59 mrr: 52.48, ndcg: 56.83, took: 1.72s
Epoch 13, 53.6%	 loss: 3.322 acc@1: 33.75 mrr: 48.46, ndcg: 53.42, took: 1.61s
Epoch 13, 62.5%	 loss: 3.050 acc@1: 33.59 mrr: 50.34, ndcg: 56.12, took: 1.64s
Epoch 13, 71.4%	 loss: 3.184 acc@1: 37.19 mrr: 51.22, ndcg: 55.50, took: 1.75s
Epoch 13, 80.4%	 loss: 3.184 acc@1: 35.47 mrr: 50.23, ndcg: 54.95, took: 1.55s
Epoch 13, 89.3%	 loss: 3.069 acc@1: 37.81 mrr: 52.16, ndcg: 56.85, took: 1.70s
Epoch 13, 98.2%	 loss: 3.213 acc@1: 34.38 mrr: 49.48, ndcg: 54.25, took: 1.66s
Validation - loss: 4.3295, acc@1: 34.73%, f1: 22.85%, mrr: 47.16%, ndcg: 51.34%
Current learning rate: 0.000085

=== Epoch 14 ===
Epoch 14, 8.9%	 loss: 3.217 acc@1: 37.66 mrr: 51.08, ndcg: 55.59, took: 1.70s
Epoch 14, 17.9%	 loss: 3.269 acc@1: 33.59 mrr: 48.77, ndcg: 53.87, took: 1.76s
Epoch 14, 26.8%	 loss: 3.144 acc@1: 33.44 mrr: 49.27, ndcg: 54.28, took: 1.54s
Epoch 14, 35.7%	 loss: 3.148 acc@1: 37.81 mrr: 51.54, ndcg: 56.07, took: 1.66s
Epoch 14, 44.6%	 loss: 3.074 acc@1: 36.25 mrr: 51.37, ndcg: 56.00, took: 1.66s
Epoch 14, 53.6%	 loss: 2.991 acc@1: 37.03 mrr: 52.09, ndcg: 57.37, took: 1.69s
Epoch 14, 62.5%	 loss: 3.091 acc@1: 38.44 mrr: 52.31, ndcg: 56.91, took: 1.57s
Epoch 14, 71.4%	 loss: 3.245 acc@1: 34.06 mrr: 48.51, ndcg: 53.37, took: 1.69s
Epoch 14, 80.4%	 loss: 2.925 acc@1: 37.66 mrr: 52.93, ndcg: 58.06, took: 1.62s
Epoch 14, 89.3%	 loss: 3.198 acc@1: 38.12 mrr: 51.21, ndcg: 55.40, took: 1.64s
Epoch 14, 98.2%	 loss: 3.152 acc@1: 36.09 mrr: 50.49, ndcg: 55.53, took: 1.63s
Validation - loss: 4.3419, acc@1: 34.79%, f1: 22.70%, mrr: 47.14%, ndcg: 51.38%
Current learning rate: 0.000085

=== Epoch 15 ===
Epoch 15, 8.9%	 loss: 3.100 acc@1: 36.88 mrr: 51.77, ndcg: 56.24, took: 1.67s
Epoch 15, 17.9%	 loss: 3.004 acc@1: 36.09 mrr: 52.26, ndcg: 57.53, took: 1.62s
Epoch 15, 26.8%	 loss: 2.966 acc@1: 36.09 mrr: 52.20, ndcg: 57.42, took: 1.56s
Epoch 15, 35.7%	 loss: 3.104 acc@1: 36.72 mrr: 51.10, ndcg: 56.27, took: 1.59s
Epoch 15, 44.6%	 loss: 3.235 acc@1: 35.00 mrr: 49.25, ndcg: 54.03, took: 1.69s
Epoch 15, 53.6%	 loss: 3.134 acc@1: 38.91 mrr: 52.00, ndcg: 56.27, took: 1.58s
Epoch 15, 62.5%	 loss: 3.267 acc@1: 32.97 mrr: 48.10, ndcg: 52.82, took: 1.73s
Epoch 15, 71.4%	 loss: 3.106 acc@1: 37.03 mrr: 51.40, ndcg: 56.32, took: 1.58s
Epoch 15, 80.4%	 loss: 3.113 acc@1: 33.91 mrr: 49.57, ndcg: 55.20, took: 1.63s
Epoch 15, 89.3%	 loss: 3.045 acc@1: 34.38 mrr: 50.31, ndcg: 55.87, took: 1.52s
Epoch 15, 98.2%	 loss: 3.086 acc@1: 35.62 mrr: 51.09, ndcg: 56.40, took: 1.66s
Validation - loss: 4.3364, acc@1: 35.27%, f1: 22.96%, mrr: 47.65%, ndcg: 51.78%
Current learning rate: 0.000009

=== Epoch 16 ===
Epoch 16, 8.9%	 loss: 3.260 acc@1: 34.69 mrr: 49.26, ndcg: 53.70, took: 1.69s
Epoch 16, 17.9%	 loss: 3.146 acc@1: 34.69 mrr: 50.12, ndcg: 55.09, took: 1.81s
Epoch 16, 26.8%	 loss: 3.300 acc@1: 35.31 mrr: 49.22, ndcg: 53.47, took: 1.66s
Epoch 16, 35.7%	 loss: 3.176 acc@1: 35.94 mrr: 50.26, ndcg: 55.02, took: 1.62s
Epoch 16, 44.6%	 loss: 3.294 acc@1: 34.53 mrr: 48.94, ndcg: 53.73, took: 1.70s
Epoch 16, 53.6%	 loss: 3.212 acc@1: 34.22 mrr: 49.49, ndcg: 54.84, took: 1.70s
Epoch 16, 62.5%	 loss: 3.102 acc@1: 33.28 mrr: 50.18, ndcg: 55.69, took: 1.70s
Epoch 16, 71.4%	 loss: 3.192 acc@1: 34.69 mrr: 50.32, ndcg: 55.45, took: 1.63s
Epoch 16, 80.4%	 loss: 3.223 acc@1: 36.41 mrr: 50.18, ndcg: 54.51, took: 1.67s
Epoch 16, 89.3%	 loss: 3.255 acc@1: 34.06 mrr: 48.78, ndcg: 53.68, took: 1.58s
Epoch 16, 98.2%	 loss: 3.186 acc@1: 37.03 mrr: 50.94, ndcg: 55.82, took: 1.61s
Validation - loss: 4.3252, acc@1: 35.15%, f1: 22.51%, mrr: 47.31%, ndcg: 51.31%
Current learning rate: 0.000009

=== Epoch 17 ===
Epoch 17, 8.9%	 loss: 3.204 acc@1: 36.56 mrr: 51.09, ndcg: 55.82, took: 1.46s
Epoch 17, 17.9%	 loss: 3.086 acc@1: 36.41 mrr: 51.63, ndcg: 56.76, took: 1.49s
Epoch 17, 26.8%	 loss: 3.332 acc@1: 33.75 mrr: 47.85, ndcg: 52.44, took: 1.50s
Epoch 17, 35.7%	 loss: 3.362 acc@1: 32.50 mrr: 47.51, ndcg: 52.26, took: 1.54s
Epoch 17, 44.6%	 loss: 3.206 acc@1: 33.28 mrr: 48.90, ndcg: 54.25, took: 1.45s
Epoch 17, 53.6%	 loss: 3.183 acc@1: 36.09 mrr: 50.52, ndcg: 55.12, took: 1.38s
Epoch 17, 62.5%	 loss: 3.161 acc@1: 38.28 mrr: 51.99, ndcg: 56.55, took: 1.56s
Epoch 17, 71.4%	 loss: 3.098 acc@1: 36.88 mrr: 51.59, ndcg: 56.66, took: 1.46s
Epoch 17, 80.4%	 loss: 3.179 acc@1: 34.84 mrr: 50.34, ndcg: 55.24, took: 1.47s
Epoch 17, 89.3%	 loss: 3.451 acc@1: 29.69 mrr: 45.26, ndcg: 50.23, took: 1.56s
Epoch 17, 98.2%	 loss: 3.236 acc@1: 36.56 mrr: 50.29, ndcg: 55.04, took: 1.51s
Validation - loss: 4.3227, acc@1: 34.31%, f1: 22.09%, mrr: 46.84%, ndcg: 50.96%
Current learning rate: 0.000009

=== Epoch 18 ===
Epoch 18, 8.9%	 loss: 3.179 acc@1: 35.78 mrr: 50.27, ndcg: 55.03, took: 1.53s
Epoch 18, 17.9%	 loss: 3.264 acc@1: 32.66 mrr: 47.93, ndcg: 53.11, took: 1.43s
Epoch 18, 26.8%	 loss: 3.194 acc@1: 37.97 mrr: 51.33, ndcg: 55.79, took: 1.42s
Epoch 18, 35.7%	 loss: 3.025 acc@1: 38.28 mrr: 52.95, ndcg: 57.65, took: 1.57s
Epoch 18, 44.6%	 loss: 3.272 acc@1: 31.72 mrr: 47.92, ndcg: 53.14, took: 1.56s
Epoch 18, 53.6%	 loss: 3.048 acc@1: 37.66 mrr: 52.51, ndcg: 57.64, took: 1.43s
Epoch 18, 62.5%	 loss: 3.318 acc@1: 35.47 mrr: 49.38, ndcg: 54.07, took: 1.41s
Epoch 18, 71.4%	 loss: 3.223 acc@1: 34.84 mrr: 49.67, ndcg: 54.49, took: 1.48s
Epoch 18, 80.4%	 loss: 3.399 acc@1: 31.72 mrr: 46.55, ndcg: 51.58, took: 1.55s
Epoch 18, 89.3%	 loss: 3.252 acc@1: 35.62 mrr: 50.50, ndcg: 55.13, took: 1.45s
Epoch 18, 98.2%	 loss: 3.106 acc@1: 36.72 mrr: 51.47, ndcg: 55.98, took: 1.38s
Validation - loss: 4.3408, acc@1: 34.64%, f1: 22.65%, mrr: 47.02%, ndcg: 51.13%
Current learning rate: 0.000009

=== Epoch 19 ===
Epoch 19, 8.9%	 loss: 3.222 acc@1: 36.88 mrr: 50.41, ndcg: 54.67, took: 1.37s
Epoch 19, 17.9%	 loss: 3.201 acc@1: 37.34 mrr: 50.94, ndcg: 55.21, took: 1.55s
Epoch 19, 26.8%	 loss: 3.306 acc@1: 34.84 mrr: 49.14, ndcg: 53.66, took: 1.40s
Epoch 19, 35.7%	 loss: 3.333 acc@1: 31.56 mrr: 46.97, ndcg: 51.75, took: 1.49s
Epoch 19, 44.6%	 loss: 3.091 acc@1: 35.94 mrr: 51.56, ndcg: 56.74, took: 1.38s
Epoch 19, 53.6%	 loss: 3.374 acc@1: 34.53 mrr: 48.39, ndcg: 53.02, took: 1.35s
Epoch 19, 62.5%	 loss: 3.257 acc@1: 34.22 mrr: 49.10, ndcg: 53.94, took: 1.42s
Epoch 19, 71.4%	 loss: 3.200 acc@1: 37.66 mrr: 51.02, ndcg: 55.40, took: 1.41s
Epoch 19, 80.4%	 loss: 3.063 acc@1: 37.97 mrr: 52.56, ndcg: 57.33, took: 1.39s
Epoch 19, 89.3%	 loss: 3.186 acc@1: 34.06 mrr: 49.35, ndcg: 54.42, took: 1.42s
Epoch 19, 98.2%	 loss: 3.104 acc@1: 32.34 mrr: 49.56, ndcg: 55.37, took: 1.47s
Validation - loss: 4.3453, acc@1: 34.22%, f1: 22.09%, mrr: 46.72%, ndcg: 50.86%
Current learning rate: 0.000009

=== Epoch 20 ===
Epoch 20, 8.9%	 loss: 3.307 acc@1: 35.00 mrr: 49.06, ndcg: 53.50, took: 1.39s
Epoch 20, 17.9%	 loss: 3.263 acc@1: 36.88 mrr: 50.20, ndcg: 54.46, took: 1.45s
Epoch 20, 26.8%	 loss: 3.308 acc@1: 32.81 mrr: 48.26, ndcg: 53.20, took: 1.25s
Epoch 20, 35.7%	 loss: 3.252 acc@1: 35.00 mrr: 49.68, ndcg: 54.30, took: 1.15s
Epoch 20, 44.6%	 loss: 3.090 acc@1: 37.66 mrr: 52.11, ndcg: 56.79, took: 1.22s
Epoch 20, 53.6%	 loss: 3.278 acc@1: 35.94 mrr: 50.05, ndcg: 54.72, took: 1.22s
Epoch 20, 62.5%	 loss: 3.114 acc@1: 35.78 mrr: 50.84, ndcg: 56.05, took: 1.20s
Epoch 20, 71.4%	 loss: 3.247 acc@1: 34.84 mrr: 49.39, ndcg: 54.24, took: 1.24s
Epoch 20, 80.4%	 loss: 3.224 acc@1: 33.12 mrr: 48.87, ndcg: 53.95, took: 1.21s
Epoch 20, 89.3%	 loss: 3.188 acc@1: 35.94 mrr: 50.47, ndcg: 55.41, took: 1.13s
Epoch 20, 98.2%	 loss: 3.135 acc@1: 35.94 mrr: 51.25, ndcg: 56.41, took: 1.14s
Validation - loss: 4.3206, acc@1: 35.03%, f1: 22.61%, mrr: 47.28%, ndcg: 51.33%
Current learning rate: 0.000009

=== Epoch 21 ===
Epoch 21, 8.9%	 loss: 3.246 acc@1: 33.91 mrr: 48.87, ndcg: 53.85, took: 1.18s
Epoch 21, 17.9%	 loss: 3.205 acc@1: 36.25 mrr: 50.98, ndcg: 55.78, took: 1.23s
Epoch 21, 26.8%	 loss: 3.206 acc@1: 36.72 mrr: 50.52, ndcg: 54.64, took: 1.19s
Epoch 21, 35.7%	 loss: 3.009 acc@1: 37.34 mrr: 52.93, ndcg: 58.15, took: 1.15s
Epoch 21, 44.6%	 loss: 3.394 acc@1: 32.66 mrr: 47.23, ndcg: 51.86, took: 1.15s
Epoch 21, 53.6%	 loss: 3.154 acc@1: 37.34 mrr: 51.67, ndcg: 56.16, took: 1.23s
Epoch 21, 62.5%	 loss: 3.299 acc@1: 32.50 mrr: 47.70, ndcg: 52.63, took: 1.13s
Epoch 21, 71.4%	 loss: 3.173 acc@1: 35.78 mrr: 50.05, ndcg: 55.11, took: 1.16s
Epoch 21, 80.4%	 loss: 3.238 acc@1: 34.84 mrr: 49.07, ndcg: 53.79, took: 1.13s
Epoch 21, 89.3%	 loss: 3.063 acc@1: 37.19 mrr: 51.98, ndcg: 56.88, took: 1.13s
Epoch 21, 98.2%	 loss: 3.209 acc@1: 36.25 mrr: 50.39, ndcg: 55.00, took: 1.00s
Validation - loss: 4.3477, acc@1: 34.79%, f1: 22.80%, mrr: 47.11%, ndcg: 51.21%
Current learning rate: 0.000009

=== Epoch 22 ===
Epoch 22, 8.9%	 loss: 3.337 acc@1: 34.38 mrr: 48.76, ndcg: 53.41, took: 1.03s
Epoch 22, 17.9%	 loss: 3.127 acc@1: 35.00 mrr: 50.32, ndcg: 55.49, took: 1.02s
Epoch 22, 26.8%	 loss: 3.246 acc@1: 33.75 mrr: 48.60, ndcg: 53.59, took: 1.01s
Epoch 22, 35.7%	 loss: 3.267 acc@1: 34.38 mrr: 48.65, ndcg: 53.06, took: 1.00s
Epoch 22, 44.6%	 loss: 3.116 acc@1: 34.69 mrr: 50.09, ndcg: 55.24, took: 1.03s
Epoch 22, 53.6%	 loss: 3.156 acc@1: 37.97 mrr: 51.68, ndcg: 56.06, took: 1.04s
Epoch 22, 62.5%	 loss: 3.259 acc@1: 36.25 mrr: 50.17, ndcg: 54.76, took: 1.05s
Epoch 22, 71.4%	 loss: 3.102 acc@1: 36.09 mrr: 51.22, ndcg: 56.46, took: 1.08s
Epoch 22, 80.4%	 loss: 3.195 acc@1: 35.78 mrr: 50.63, ndcg: 55.26, took: 1.01s
Epoch 22, 89.3%	 loss: 3.244 acc@1: 35.78 mrr: 50.09, ndcg: 54.51, took: 1.01s
Epoch 22, 98.2%	 loss: 3.206 acc@1: 35.00 mrr: 50.04, ndcg: 55.10, took: 1.05s
Validation - loss: 4.3268, acc@1: 34.16%, f1: 22.33%, mrr: 46.78%, ndcg: 50.97%
Current learning rate: 0.000009

=== Epoch 23 ===
Epoch 23, 8.9%	 loss: 3.073 acc@1: 37.34 mrr: 52.28, ndcg: 57.22, took: 0.97s
Epoch 23, 17.9%	 loss: 3.151 acc@1: 36.88 mrr: 51.19, ndcg: 56.13, took: 1.04s
Epoch 23, 26.8%	 loss: 3.193 acc@1: 36.56 mrr: 50.89, ndcg: 55.42, took: 1.05s
Epoch 23, 35.7%	 loss: 3.419 acc@1: 31.72 mrr: 46.61, ndcg: 51.56, took: 1.01s
Epoch 23, 44.6%	 loss: 3.363 acc@1: 32.34 mrr: 46.78, ndcg: 51.76, took: 1.00s
Epoch 23, 53.6%	 loss: 3.084 acc@1: 38.28 mrr: 52.67, ndcg: 57.08, took: 0.98s
Epoch 23, 62.5%	 loss: 3.146 acc@1: 35.31 mrr: 50.43, ndcg: 55.31, took: 1.13s
Epoch 23, 71.4%	 loss: 3.268 acc@1: 36.41 mrr: 49.97, ndcg: 54.69, took: 1.10s
Epoch 23, 80.4%	 loss: 3.097 acc@1: 35.00 mrr: 50.69, ndcg: 55.74, took: 1.05s
Epoch 23, 89.3%	 loss: 3.285 acc@1: 31.88 mrr: 47.75, ndcg: 52.71, took: 1.03s
Epoch 23, 98.2%	 loss: 3.148 acc@1: 35.94 mrr: 51.15, ndcg: 56.08, took: 1.03s
Validation - loss: 4.3349, acc@1: 35.00%, f1: 22.63%, mrr: 47.18%, ndcg: 51.26%
Current learning rate: 0.000009

=== Epoch 24 ===
Epoch 24, 8.9%	 loss: 3.233 acc@1: 35.16 mrr: 49.67, ndcg: 54.67, took: 0.96s
Epoch 24, 17.9%	 loss: 3.181 acc@1: 37.97 mrr: 51.88, ndcg: 56.56, took: 0.91s
Epoch 24, 26.8%	 loss: 3.134 acc@1: 36.25 mrr: 51.11, ndcg: 55.97, took: 0.88s
Epoch 24, 35.7%	 loss: 3.158 acc@1: 36.09 mrr: 50.55, ndcg: 55.47, took: 0.89s
Epoch 24, 44.6%	 loss: 3.154 acc@1: 33.91 mrr: 50.32, ndcg: 55.21, took: 0.92s
Epoch 24, 53.6%	 loss: 3.363 acc@1: 34.84 mrr: 48.44, ndcg: 52.67, took: 0.92s
Epoch 24, 62.5%	 loss: 3.305 acc@1: 34.06 mrr: 48.23, ndcg: 52.87, took: 0.93s
Epoch 24, 71.4%	 loss: 3.174 acc@1: 35.94 mrr: 50.56, ndcg: 55.37, took: 0.93s
Epoch 24, 80.4%	 loss: 3.126 acc@1: 35.94 mrr: 50.70, ndcg: 55.74, took: 0.95s
Epoch 24, 89.3%	 loss: 3.182 acc@1: 35.94 mrr: 50.24, ndcg: 54.80, took: 0.98s
Epoch 24, 98.2%	 loss: 3.115 acc@1: 37.03 mrr: 51.67, ndcg: 56.70, took: 0.93s
Validation - loss: 4.3343, acc@1: 34.97%, f1: 22.55%, mrr: 47.12%, ndcg: 51.18%
Current learning rate: 0.000009

=== Epoch 25 ===
Epoch 25, 8.9%	 loss: 3.189 acc@1: 35.00 mrr: 49.89, ndcg: 54.90, took: 0.89s
Epoch 25, 17.9%	 loss: 3.037 acc@1: 36.88 mrr: 51.98, ndcg: 57.21, took: 0.97s
Epoch 25, 26.8%	 loss: 3.187 acc@1: 34.69 mrr: 50.15, ndcg: 55.50, took: 0.99s
Epoch 25, 35.7%	 loss: 3.242 acc@1: 34.53 mrr: 49.49, ndcg: 54.15, took: 1.03s
Epoch 25, 44.6%	 loss: 3.296 acc@1: 33.12 mrr: 47.69, ndcg: 52.61, took: 1.02s
Epoch 25, 53.6%	 loss: 3.046 acc@1: 41.09 mrr: 54.27, ndcg: 58.60, took: 0.94s
Epoch 25, 62.5%	 loss: 3.026 acc@1: 37.03 mrr: 52.07, ndcg: 57.06, took: 0.96s
Epoch 25, 71.4%	 loss: 3.290 acc@1: 37.19 mrr: 50.10, ndcg: 54.08, took: 0.93s
Epoch 25, 80.4%	 loss: 3.230 acc@1: 34.84 mrr: 49.57, ndcg: 54.43, took: 0.93s
Epoch 25, 89.3%	 loss: 3.287 acc@1: 32.19 mrr: 47.89, ndcg: 53.23, took: 0.90s
Epoch 25, 98.2%	 loss: 3.174 acc@1: 32.34 mrr: 48.38, ndcg: 53.67, took: 0.92s
Validation - loss: 4.3490, acc@1: 34.37%, f1: 22.45%, mrr: 46.88%, ndcg: 51.01%
Training finished.	 Time: 522.02s.	 acc@1: 35.03%

=== Test Results ===
Test Results:
  acc@1: 29.01%
  acc@5: 53.59%
  acc@10: 57.23%
  mrr: 40.06%
  ndcg: 43.95%
  f1: 18.87%

=== Training Complete ===
