2025-12-30 06:44:19,896 - INFO - ============================================================
2025-12-30 06:44:19,896 - INFO - POINTER V45 - Training Started
2025-12-30 06:44:19,896 - INFO - ============================================================
2025-12-30 06:44:19,896 - INFO - Model config: {'d_model': 128, 'dim_feedforward': 256, 'dropout': 0.15, 'nhead': 4, 'num_layers': 8}
2025-12-30 06:44:19,896 - INFO - Training config: {'batch_size': 128, 'grad_clip': 0.8, 'label_smoothing': 0.03, 'learning_rate': 0.0006, 'min_epochs': 8, 'min_lr': 1e-06, 'num_epochs': 50, 'patience': 5, 'use_amp': True, 'warmup_epochs': 5, 'weight_decay': 0.015}
2025-12-30 06:44:19,896 - INFO - ============================================================
2025-12-30 06:44:19,896 - INFO - Training for 50 epochs
2025-12-30 06:44:19,897 - INFO - Model parameters: 2,818,847
2025-12-30 06:46:44,287 - INFO - Epoch 1/50 | LR: 1.20e-04 | Train: 3.2427 | Val: 2.9553 | Acc@1: 50.60%
2025-12-30 06:46:44,381 - INFO -   ✓ New best (Acc@1: 50.60%)
2025-12-30 06:49:17,251 - INFO - Epoch 2/50 | LR: 2.40e-04 | Train: 2.8647 | Val: 2.9266 | Acc@1: 51.90%
2025-12-30 06:49:17,354 - INFO -   ✓ New best (Acc@1: 51.90%)
2025-12-30 06:51:52,066 - INFO - Epoch 3/50 | LR: 3.60e-04 | Train: 2.7643 | Val: 2.8479 | Acc@1: 52.84%
2025-12-30 06:51:52,177 - INFO -   ✓ New best (Acc@1: 52.84%)
2025-12-30 06:54:25,182 - INFO - Epoch 4/50 | LR: 4.80e-04 | Train: 2.6936 | Val: 2.8352 | Acc@1: 53.30%
2025-12-30 06:54:25,282 - INFO -   ✓ New best (Acc@1: 53.30%)
2025-12-30 06:56:58,538 - INFO - Epoch 5/50 | LR: 6.00e-04 | Train: 2.6207 | Val: 2.8071 | Acc@1: 53.85%
2025-12-30 06:56:58,635 - INFO -   ✓ New best (Acc@1: 53.85%)
2025-12-30 06:59:32,203 - INFO - Epoch 6/50 | LR: 6.00e-04 | Train: 2.5357 | Val: 2.7645 | Acc@1: 54.23%
2025-12-30 06:59:32,304 - INFO -   ✓ New best (Acc@1: 54.23%)
2025-12-30 07:02:07,147 - INFO - Epoch 7/50 | LR: 5.99e-04 | Train: 2.4590 | Val: 2.7792 | Acc@1: 54.06%
2025-12-30 07:04:40,748 - INFO - Epoch 8/50 | LR: 5.97e-04 | Train: 2.3939 | Val: 2.7829 | Acc@1: 53.89%
2025-12-30 07:07:08,046 - INFO - Epoch 9/50 | LR: 5.93e-04 | Train: 2.3314 | Val: 2.8095 | Acc@1: 53.95%
2025-12-30 07:08:48,639 - INFO - Epoch 10/50 | LR: 5.88e-04 | Train: 2.2695 | Val: 2.8164 | Acc@1: 53.35%
2025-12-30 07:09:59,201 - INFO - Epoch 11/50 | LR: 5.82e-04 | Train: 2.2114 | Val: 2.8491 | Acc@1: 53.50%
2025-12-30 07:09:59,202 - INFO - Early stopping at epoch 11
2025-12-30 07:09:59,311 - INFO - Loaded checkpoint from epoch 6
2025-12-30 07:10:01,677 - INFO - ============================================================
2025-12-30 07:10:01,677 - INFO - FINAL VALIDATION RESULTS
2025-12-30 07:10:01,677 - INFO -   Acc@1:  54.23%
2025-12-30 07:10:01,677 - INFO -   Acc@5:  80.64%
2025-12-30 07:10:01,678 - INFO -   Acc@10: 84.98%
2025-12-30 07:10:01,678 - INFO -   MRR:    65.73%
2025-12-30 07:10:01,678 - INFO -   NDCG:   70.30%
2025-12-30 07:10:01,678 - INFO - ============================================================
2025-12-30 07:10:01,678 - INFO - FINAL TEST RESULTS
2025-12-30 07:10:01,678 - INFO -   Acc@1:  56.32%
2025-12-30 07:10:01,678 - INFO -   Acc@5:  82.05%
2025-12-30 07:10:01,678 - INFO -   Acc@10: 86.14%
2025-12-30 07:10:01,678 - INFO -   MRR:    67.56%
2025-12-30 07:10:01,678 - INFO -   NDCG:   71.98%
2025-12-30 07:10:01,678 - INFO - ============================================================
