2026-01-01 08:14:10,509 - INFO - ============================================================
2026-01-01 08:14:10,509 - INFO - POINTER V45 - Training Started
2026-01-01 08:14:10,510 - INFO - ============================================================
2026-01-01 08:14:10,510 - INFO - Model config: {'d_model': 64, 'nhead': 8, 'num_layers': 3, 'dim_feedforward': 128, 'dropout': 0.25}
2026-01-01 08:14:10,510 - INFO - Training config: {'batch_size': 64, 'num_epochs': 50, 'learning_rate': 0.0001, 'weight_decay': 0.0001, 'label_smoothing': 0.01, 'grad_clip': 0.8, 'patience': 5, 'min_epochs': 8, 'warmup_epochs': 3, 'use_amp': True, 'min_lr': 1e-06}
2026-01-01 08:14:10,510 - INFO - ============================================================
2026-01-01 08:14:10,510 - INFO - Training for 50 epochs
2026-01-01 08:14:10,510 - INFO - Model parameters: 284,948
2026-01-01 08:14:17,148 - INFO - Epoch 1/50 | LR: 3.33e-05 | Train: 4.5816 | Val: 3.2745 | Acc@1: 34.94%
2026-01-01 08:14:17,175 - INFO -   ✓ New best (Acc@1: 34.94%)
2026-01-01 08:14:23,042 - INFO - Epoch 2/50 | LR: 6.67e-05 | Train: 4.3087 | Val: 3.1340 | Acc@1: 38.27%
2026-01-01 08:14:23,075 - INFO -   ✓ New best (Acc@1: 38.27%)
2026-01-01 08:14:28,950 - INFO - Epoch 3/50 | LR: 1.00e-04 | Train: 4.0801 | Val: 3.0387 | Acc@1: 40.37%
2026-01-01 08:14:28,980 - INFO -   ✓ New best (Acc@1: 40.37%)
2026-01-01 08:14:35,254 - INFO - Epoch 4/50 | LR: 1.00e-04 | Train: 3.9063 | Val: 2.9962 | Acc@1: 42.26%
2026-01-01 08:14:35,283 - INFO -   ✓ New best (Acc@1: 42.26%)
2026-01-01 08:14:41,466 - INFO - Epoch 5/50 | LR: 9.99e-05 | Train: 3.7365 | Val: 2.9627 | Acc@1: 42.38%
2026-01-01 08:14:41,495 - INFO -   ✓ New best (Acc@1: 42.38%)
2026-01-01 08:14:47,580 - INFO - Epoch 6/50 | LR: 9.96e-05 | Train: 3.6435 | Val: 2.9434 | Acc@1: 44.51%
2026-01-01 08:14:47,608 - INFO -   ✓ New best (Acc@1: 44.51%)
2026-01-01 08:14:54,483 - INFO - Epoch 7/50 | LR: 9.90e-05 | Train: 3.5479 | Val: 2.9378 | Acc@1: 44.87%
2026-01-01 08:14:54,512 - INFO -   ✓ New best (Acc@1: 44.87%)
2026-01-01 08:15:01,864 - INFO - Epoch 8/50 | LR: 9.82e-05 | Train: 3.4710 | Val: 2.9273 | Acc@1: 45.86%
2026-01-01 08:15:01,893 - INFO -   ✓ New best (Acc@1: 45.86%)
2026-01-01 08:15:08,464 - INFO - Epoch 9/50 | LR: 9.73e-05 | Train: 3.4148 | Val: 2.9127 | Acc@1: 46.19%
2026-01-01 08:15:08,493 - INFO -   ✓ New best (Acc@1: 46.19%)
2026-01-01 08:15:14,550 - INFO - Epoch 10/50 | LR: 9.61e-05 | Train: 3.3640 | Val: 2.9083 | Acc@1: 46.01%
2026-01-01 08:15:14,579 - INFO -   ✓ New best (Acc@1: 46.01%)
2026-01-01 08:15:20,797 - INFO - Epoch 11/50 | LR: 9.47e-05 | Train: 3.3193 | Val: 2.9019 | Acc@1: 46.37%
2026-01-01 08:15:20,825 - INFO -   ✓ New best (Acc@1: 46.37%)
2026-01-01 08:15:28,221 - INFO - Epoch 12/50 | LR: 9.31e-05 | Train: 3.2647 | Val: 2.8957 | Acc@1: 46.82%
2026-01-01 08:15:28,247 - INFO -   ✓ New best (Acc@1: 46.82%)
2026-01-01 08:15:37,223 - INFO - Epoch 13/50 | LR: 9.13e-05 | Train: 3.2250 | Val: 2.9170 | Acc@1: 46.55%
2026-01-01 08:15:46,380 - INFO - Epoch 14/50 | LR: 8.93e-05 | Train: 3.1832 | Val: 2.8994 | Acc@1: 46.58%
2026-01-01 08:15:55,622 - INFO - Epoch 15/50 | LR: 8.72e-05 | Train: 3.1509 | Val: 2.9043 | Acc@1: 46.64%
2026-01-01 08:16:05,001 - INFO - Epoch 16/50 | LR: 8.49e-05 | Train: 3.1143 | Val: 2.9043 | Acc@1: 46.67%
2026-01-01 08:16:14,463 - INFO - Epoch 17/50 | LR: 8.25e-05 | Train: 3.0762 | Val: 2.8823 | Acc@1: 46.85%
2026-01-01 08:16:14,490 - INFO -   ✓ New best (Acc@1: 46.85%)
2026-01-01 08:16:23,555 - INFO - Epoch 18/50 | LR: 7.99e-05 | Train: 3.0301 | Val: 2.8968 | Acc@1: 46.46%
2026-01-01 08:16:32,573 - INFO - Epoch 19/50 | LR: 7.71e-05 | Train: 2.9969 | Val: 2.9031 | Acc@1: 47.30%
2026-01-01 08:16:41,476 - INFO - Epoch 20/50 | LR: 7.43e-05 | Train: 2.9721 | Val: 2.8982 | Acc@1: 47.33%
2026-01-01 08:16:49,739 - INFO - Epoch 21/50 | LR: 7.13e-05 | Train: 2.9440 | Val: 2.9032 | Acc@1: 47.48%
2026-01-01 08:16:58,726 - INFO - Epoch 22/50 | LR: 6.83e-05 | Train: 2.9085 | Val: 2.8922 | Acc@1: 47.84%
2026-01-01 08:16:58,726 - INFO - Early stopping at epoch 22
2026-01-01 08:16:59,147 - INFO - Loaded checkpoint from epoch 17
2026-01-01 08:17:04,427 - INFO - ============================================================
2026-01-01 08:17:04,427 - INFO - FINAL VALIDATION RESULTS
2026-01-01 08:17:04,428 - INFO -   Acc@1:  46.85%
2026-01-01 08:17:04,428 - INFO -   Acc@5:  77.29%
2026-01-01 08:17:04,428 - INFO -   Acc@10: 82.09%
2026-01-01 08:17:04,428 - INFO -   MRR:    60.14%
2026-01-01 08:17:04,428 - INFO -   NDCG:   65.32%
2026-01-01 08:17:04,428 - INFO - ============================================================
2026-01-01 08:17:04,428 - INFO - FINAL TEST RESULTS
2026-01-01 08:17:04,428 - INFO -   Acc@1:  51.11%
2026-01-01 08:17:04,428 - INFO -   Acc@5:  81.64%
2026-01-01 08:17:04,428 - INFO -   Acc@10: 84.92%
2026-01-01 08:17:04,428 - INFO -   MRR:    64.66%
2026-01-01 08:17:04,428 - INFO -   NDCG:   69.54%
2026-01-01 08:17:04,428 - INFO - ============================================================
