2025-12-30 19:39:29,150 - INFO - ============================================================
2025-12-30 19:39:29,151 - INFO - POINTER V45 - Training Started
2025-12-30 19:39:29,151 - INFO - ============================================================
2025-12-30 19:39:29,151 - INFO - Model config: {'d_model': 32, 'dim_feedforward': 512, 'dropout': 0.15, 'nhead': 4, 'num_layers': 8}
2025-12-30 19:39:29,151 - INFO - Training config: {'batch_size': 128, 'grad_clip': 0.8, 'label_smoothing': 0.03, 'learning_rate': 0.0007, 'min_epochs': 3, 'min_lr': 1e-06, 'num_epochs': 50, 'patience': 5, 'use_amp': True, 'warmup_epochs': 5, 'weight_decay': 0.015}
2025-12-30 19:39:29,151 - INFO - ============================================================
2025-12-30 19:39:29,151 - INFO - Training for 50 epochs
2025-12-30 19:39:29,152 - INFO - Model parameters: 728,151
2025-12-30 19:43:12,054 - INFO - Epoch 1/50 | LR: 1.40e-04 | Train: 3.0317 | Val: 2.9575 | Acc@1: 50.36%
2025-12-30 19:43:12,116 - INFO -   ✓ New best (Acc@1: 50.36%)
2025-12-30 19:46:53,910 - INFO - Epoch 2/50 | LR: 2.80e-04 | Train: 2.8449 | Val: 2.8876 | Acc@1: 52.08%
2025-12-30 19:46:53,973 - INFO -   ✓ New best (Acc@1: 52.08%)
2025-12-30 19:50:33,178 - INFO - Epoch 3/50 | LR: 4.20e-04 | Train: 2.7761 | Val: 2.8669 | Acc@1: 53.01%
2025-12-30 19:50:33,242 - INFO -   ✓ New best (Acc@1: 53.01%)
2025-12-30 19:54:12,820 - INFO - Epoch 4/50 | LR: 5.60e-04 | Train: 2.7372 | Val: 2.8539 | Acc@1: 52.76%
2025-12-30 19:54:12,882 - INFO -   ✓ New best (Acc@1: 52.76%)
2025-12-30 19:57:54,269 - INFO - Epoch 5/50 | LR: 7.00e-04 | Train: 2.7091 | Val: 2.8459 | Acc@1: 52.58%
2025-12-30 19:57:54,338 - INFO -   ✓ New best (Acc@1: 52.58%)
2025-12-30 20:01:34,185 - INFO - Epoch 6/50 | LR: 7.00e-04 | Train: 2.6692 | Val: 2.8103 | Acc@1: 53.03%
2025-12-30 20:01:34,251 - INFO -   ✓ New best (Acc@1: 53.03%)
2025-12-30 20:05:15,375 - INFO - Epoch 7/50 | LR: 6.99e-04 | Train: 2.6316 | Val: 2.8052 | Acc@1: 53.44%
2025-12-30 20:05:15,437 - INFO -   ✓ New best (Acc@1: 53.44%)
2025-12-30 20:08:47,838 - INFO - Epoch 8/50 | LR: 6.97e-04 | Train: 2.5973 | Val: 2.8122 | Acc@1: 53.06%
2025-12-30 20:12:17,632 - INFO - Epoch 9/50 | LR: 6.92e-04 | Train: 2.5687 | Val: 2.7853 | Acc@1: 53.58%
2025-12-30 20:12:17,693 - INFO -   ✓ New best (Acc@1: 53.58%)
2025-12-30 20:15:52,335 - INFO - Epoch 10/50 | LR: 6.86e-04 | Train: 2.5407 | Val: 2.7977 | Acc@1: 54.00%
2025-12-30 20:19:30,759 - INFO - Epoch 11/50 | LR: 6.79e-04 | Train: 2.5150 | Val: 2.7861 | Acc@1: 53.89%
2025-12-30 20:23:12,466 - INFO - Epoch 12/50 | LR: 6.70e-04 | Train: 2.4936 | Val: 2.8009 | Acc@1: 54.23%
2025-12-30 20:26:54,590 - INFO - Epoch 13/50 | LR: 6.59e-04 | Train: 2.4744 | Val: 2.7955 | Acc@1: 53.50%
2025-12-30 20:30:32,746 - INFO - Epoch 14/50 | LR: 6.47e-04 | Train: 2.4586 | Val: 2.8169 | Acc@1: 54.23%
2025-12-30 20:30:32,746 - INFO - Early stopping at epoch 14
2025-12-30 20:30:36,288 - INFO - Loaded checkpoint from epoch 9
2025-12-30 20:30:51,093 - INFO - ============================================================
2025-12-30 20:30:51,093 - INFO - FINAL VALIDATION RESULTS
2025-12-30 20:30:51,093 - INFO -   Acc@1:  53.58%
2025-12-30 20:30:51,094 - INFO -   Acc@5:  80.62%
2025-12-30 20:30:51,094 - INFO -   Acc@10: 84.65%
2025-12-30 20:30:51,094 - INFO -   MRR:    65.39%
2025-12-30 20:30:51,094 - INFO -   NDCG:   69.98%
2025-12-30 20:30:51,094 - INFO - ============================================================
2025-12-30 20:30:51,094 - INFO - FINAL TEST RESULTS
2025-12-30 20:30:51,094 - INFO -   Acc@1:  55.47%
2025-12-30 20:30:51,094 - INFO -   Acc@5:  82.21%
2025-12-30 20:30:51,094 - INFO -   Acc@10: 85.90%
2025-12-30 20:30:51,094 - INFO -   MRR:    67.11%
2025-12-30 20:30:51,094 - INFO -   NDCG:   71.61%
2025-12-30 20:30:51,094 - INFO - ============================================================
