Training LSTM model
Dataset: diy
Config: /data/next_loc_clean_v2/config/ht_optuna/optuna_LSTM_diy_prev14_t11_20260101_074147_5a700e58.yaml
Device: cuda
Seed: 42
==================================================
Data loaders: train=319, val=13, test=17
Total trainable parameters: 569634

=== Epoch 1 ===
Epoch 1, 3.1%	 loss: 8.725 acc@1: 0.00 mrr: 0.08, ndcg: 0.01, took: 6.47s
Epoch 1, 6.3%	 loss: 8.715 acc@1: 0.00 mrr: 0.09, ndcg: 0.01, took: 2.91s
Epoch 1, 9.4%	 loss: 8.702 acc@1: 0.04 mrr: 0.12, ndcg: 0.04, took: 3.10s
Epoch 1, 12.5%	 loss: 8.695 acc@1: 0.00 mrr: 0.14, ndcg: 0.09, took: 3.33s
Epoch 1, 15.7%	 loss: 8.660 acc@1: 0.00 mrr: 0.10, ndcg: 0.02, took: 3.00s
Epoch 1, 18.8%	 loss: 8.641 acc@1: 0.08 mrr: 0.23, ndcg: 0.15, took: 3.01s
Epoch 1, 21.9%	 loss: 8.596 acc@1: 0.04 mrr: 0.24, ndcg: 0.15, took: 3.03s
Epoch 1, 25.1%	 loss: 8.554 acc@1: 0.12 mrr: 0.35, ndcg: 0.28, took: 3.07s
Epoch 1, 28.2%	 loss: 8.493 acc@1: 0.04 mrr: 0.37, ndcg: 0.32, took: 3.06s
Epoch 1, 31.3%	 loss: 8.442 acc@1: 0.16 mrr: 0.98, ndcg: 1.11, took: 3.21s
Epoch 1, 34.5%	 loss: 8.377 acc@1: 1.37 mrr: 3.28, ndcg: 3.92, took: 3.01s
Epoch 1, 37.6%	 loss: 8.291 acc@1: 5.55 mrr: 6.79, ndcg: 6.95, took: 2.95s
Epoch 1, 40.8%	 loss: 8.187 acc@1: 7.77 mrr: 9.24, ndcg: 9.70, took: 3.02s
Epoch 1, 43.9%	 loss: 8.092 acc@1: 9.45 mrr: 10.95, ndcg: 11.42, took: 3.20s
Epoch 1, 47.0%	 loss: 8.004 acc@1: 10.47 mrr: 12.34, ndcg: 12.92, took: 3.20s
Epoch 1, 50.2%	 loss: 7.852 acc@1: 14.65 mrr: 16.66, ndcg: 17.22, took: 3.02s
Epoch 1, 53.3%	 loss: 7.711 acc@1: 15.20 mrr: 16.76, ndcg: 17.30, took: 3.06s
Epoch 1, 56.4%	 loss: 7.561 acc@1: 18.24 mrr: 20.30, ndcg: 20.81, took: 3.07s
Epoch 1, 59.6%	 loss: 7.440 acc@1: 18.40 mrr: 20.32, ndcg: 20.71, took: 3.19s
Epoch 1, 62.7%	 loss: 7.258 acc@1: 21.91 mrr: 24.14, ndcg: 24.75, took: 3.06s
Epoch 1, 65.8%	 loss: 7.081 acc@1: 23.91 mrr: 25.77, ndcg: 26.11, took: 3.08s
Epoch 1, 69.0%	 loss: 7.000 acc@1: 23.63 mrr: 25.56, ndcg: 25.98, took: 3.23s
Epoch 1, 72.1%	 loss: 6.684 acc@1: 26.13 mrr: 28.62, ndcg: 29.17, took: 3.33s
Epoch 1, 75.2%	 loss: 6.622 acc@1: 24.61 mrr: 27.31, ndcg: 27.89, took: 3.15s
Epoch 1, 78.4%	 loss: 6.430 acc@1: 25.39 mrr: 28.01, ndcg: 28.34, took: 3.18s
Epoch 1, 81.5%	 loss: 6.189 acc@1: 28.01 mrr: 30.74, ndcg: 31.17, took: 3.12s
Epoch 1, 84.6%	 loss: 6.017 acc@1: 28.95 mrr: 31.80, ndcg: 32.30, took: 2.99s
Epoch 1, 87.8%	 loss: 5.812 acc@1: 29.45 mrr: 32.60, ndcg: 33.17, took: 3.05s
Epoch 1, 90.9%	 loss: 5.650 acc@1: 30.35 mrr: 33.49, ndcg: 34.14, took: 3.24s
Epoch 1, 94.0%	 loss: 5.751 acc@1: 28.36 mrr: 31.38, ndcg: 32.00, took: 3.25s
Epoch 1, 97.2%	 loss: 5.524 acc@1: 30.55 mrr: 33.67, ndcg: 34.35, took: 3.21s
Validation - loss: 5.3842, acc@1: 30.81%, f1: 18.44%, mrr: 33.96%, ndcg: 34.71%
Current learning rate: 0.000750

=== Epoch 2 ===
Epoch 2, 3.1%	 loss: 5.197 acc@1: 32.62 mrr: 35.97, ndcg: 36.76, took: 3.07s
Epoch 2, 6.3%	 loss: 5.133 acc@1: 31.21 mrr: 34.74, ndcg: 35.39, took: 3.14s
Epoch 2, 9.4%	 loss: 5.193 acc@1: 30.04 mrr: 34.04, ndcg: 35.01, took: 3.24s
Epoch 2, 12.5%	 loss: 5.075 acc@1: 30.74 mrr: 34.48, ndcg: 35.47, took: 2.82s
Epoch 2, 15.7%	 loss: 4.928 acc@1: 31.95 mrr: 36.10, ndcg: 37.18, took: 3.07s
Epoch 2, 18.8%	 loss: 4.922 acc@1: 32.50 mrr: 36.67, ndcg: 37.83, took: 2.88s
Epoch 2, 21.9%	 loss: 4.860 acc@1: 30.98 mrr: 35.77, ndcg: 37.01, took: 2.82s
Epoch 2, 25.1%	 loss: 4.915 acc@1: 31.13 mrr: 35.56, ndcg: 36.78, took: 3.22s
Epoch 2, 28.2%	 loss: 4.797 acc@1: 32.97 mrr: 37.50, ndcg: 38.98, took: 2.79s
Epoch 2, 31.3%	 loss: 4.859 acc@1: 30.12 mrr: 34.94, ndcg: 36.25, took: 3.11s
Epoch 2, 34.5%	 loss: 4.804 acc@1: 30.43 mrr: 35.75, ndcg: 37.47, took: 3.26s
Epoch 2, 37.6%	 loss: 4.786 acc@1: 31.13 mrr: 36.24, ndcg: 37.91, took: 3.26s
Epoch 2, 40.8%	 loss: 4.585 acc@1: 33.67 mrr: 38.71, ndcg: 40.39, took: 3.30s
Epoch 2, 43.9%	 loss: 4.661 acc@1: 31.37 mrr: 36.86, ndcg: 38.79, took: 3.42s
Epoch 2, 47.0%	 loss: 4.594 acc@1: 33.83 mrr: 39.35, ndcg: 41.37, took: 3.37s
Epoch 2, 50.2%	 loss: 4.536 acc@1: 33.48 mrr: 39.93, ndcg: 42.28, took: 3.04s
Epoch 2, 53.3%	 loss: 4.478 acc@1: 34.80 mrr: 40.95, ndcg: 43.14, took: 3.15s
Epoch 2, 56.4%	 loss: 4.435 acc@1: 34.84 mrr: 41.39, ndcg: 43.58, took: 3.24s
Epoch 2, 59.6%	 loss: 4.422 acc@1: 33.98 mrr: 41.17, ndcg: 43.84, took: 3.08s
Epoch 2, 62.7%	 loss: 4.372 acc@1: 34.61 mrr: 41.91, ndcg: 44.82, took: 3.21s
Epoch 2, 65.8%	 loss: 4.293 acc@1: 35.59 mrr: 43.35, ndcg: 46.43, took: 2.86s
Epoch 2, 69.0%	 loss: 4.232 acc@1: 35.90 mrr: 44.33, ndcg: 47.44, took: 3.10s
Epoch 2, 72.1%	 loss: 4.197 acc@1: 36.60 mrr: 44.68, ndcg: 47.80, took: 3.05s
Epoch 2, 75.2%	 loss: 4.020 acc@1: 36.84 mrr: 46.20, ndcg: 49.79, took: 3.14s
Epoch 2, 78.4%	 loss: 3.961 acc@1: 38.28 mrr: 47.76, ndcg: 51.44, took: 3.21s
Epoch 2, 81.5%	 loss: 4.035 acc@1: 39.10 mrr: 48.25, ndcg: 51.84, took: 3.05s
Epoch 2, 84.6%	 loss: 3.883 acc@1: 37.66 mrr: 48.84, ndcg: 52.98, took: 3.05s
Epoch 2, 87.8%	 loss: 3.817 acc@1: 39.14 mrr: 50.44, ndcg: 54.55, took: 3.01s
Epoch 2, 90.9%	 loss: 3.757 acc@1: 38.09 mrr: 50.63, ndcg: 55.07, took: 3.11s
Epoch 2, 94.0%	 loss: 3.683 acc@1: 38.55 mrr: 51.52, ndcg: 55.95, took: 3.22s
Epoch 2, 97.2%	 loss: 3.571 acc@1: 40.39 mrr: 53.45, ndcg: 57.93, took: 3.09s
Validation - loss: 3.8107, acc@1: 39.28%, f1: 26.90%, mrr: 52.93%, ndcg: 57.43%
Current learning rate: 0.001500

=== Epoch 3 ===
Epoch 3, 3.1%	 loss: 3.433 acc@1: 40.12 mrr: 54.14, ndcg: 58.62, took: 2.95s
Epoch 3, 6.3%	 loss: 3.247 acc@1: 42.58 mrr: 56.12, ndcg: 60.57, took: 3.11s
Epoch 3, 9.4%	 loss: 3.195 acc@1: 43.55 mrr: 56.84, ndcg: 61.10, took: 3.10s
Epoch 3, 12.5%	 loss: 3.083 acc@1: 41.17 mrr: 56.48, ndcg: 61.50, took: 2.96s
Epoch 3, 15.7%	 loss: 2.992 acc@1: 42.19 mrr: 57.47, ndcg: 62.52, took: 3.11s
Epoch 3, 18.8%	 loss: 3.022 acc@1: 42.34 mrr: 57.37, ndcg: 62.54, took: 2.75s
Epoch 3, 21.9%	 loss: 2.769 acc@1: 45.04 mrr: 60.31, ndcg: 65.56, took: 2.99s
Epoch 3, 25.1%	 loss: 3.049 acc@1: 39.80 mrr: 56.00, ndcg: 61.39, took: 2.95s
Epoch 3, 28.2%	 loss: 2.900 acc@1: 43.12 mrr: 58.74, ndcg: 64.10, took: 3.42s
Epoch 3, 31.3%	 loss: 2.893 acc@1: 42.11 mrr: 58.25, ndcg: 63.64, took: 3.11s
Epoch 3, 34.5%	 loss: 2.830 acc@1: 43.87 mrr: 59.37, ndcg: 64.73, took: 3.09s
Epoch 3, 37.6%	 loss: 2.830 acc@1: 41.37 mrr: 57.78, ndcg: 63.54, took: 3.22s
Epoch 3, 40.8%	 loss: 2.806 acc@1: 41.95 mrr: 58.41, ndcg: 64.07, took: 3.40s
Epoch 3, 43.9%	 loss: 2.819 acc@1: 41.17 mrr: 57.99, ndcg: 63.64, took: 3.09s
Epoch 3, 47.0%	 loss: 2.859 acc@1: 42.34 mrr: 58.23, ndcg: 63.87, took: 3.16s
Epoch 3, 50.2%	 loss: 2.684 acc@1: 43.09 mrr: 59.55, ndcg: 65.27, took: 2.92s
Epoch 3, 53.3%	 loss: 2.694 acc@1: 43.87 mrr: 59.88, ndcg: 65.68, took: 3.30s
Epoch 3, 56.4%	 loss: 2.677 acc@1: 43.12 mrr: 59.67, ndcg: 65.53, took: 3.16s
Epoch 3, 59.6%	 loss: 2.694 acc@1: 42.50 mrr: 58.84, ndcg: 64.70, took: 3.31s
Epoch 3, 62.7%	 loss: 2.719 acc@1: 41.33 mrr: 58.03, ndcg: 64.03, took: 3.15s
Epoch 3, 65.8%	 loss: 2.705 acc@1: 41.56 mrr: 58.32, ndcg: 64.43, took: 3.15s
Epoch 3, 69.0%	 loss: 2.733 acc@1: 42.07 mrr: 58.78, ndcg: 64.73, took: 3.22s
Epoch 3, 72.1%	 loss: 2.586 acc@1: 42.89 mrr: 59.96, ndcg: 65.96, took: 3.18s
Epoch 3, 75.2%	 loss: 2.715 acc@1: 41.33 mrr: 58.22, ndcg: 64.42, took: 3.06s
Epoch 3, 78.4%	 loss: 2.691 acc@1: 43.67 mrr: 59.71, ndcg: 65.48, took: 2.92s
Epoch 3, 81.5%	 loss: 2.579 acc@1: 43.71 mrr: 60.27, ndcg: 66.28, took: 2.70s
Epoch 3, 84.6%	 loss: 2.573 acc@1: 43.44 mrr: 60.12, ndcg: 65.97, took: 2.67s
Epoch 3, 87.8%	 loss: 2.766 acc@1: 43.16 mrr: 58.69, ndcg: 64.25, took: 2.75s
Epoch 3, 90.9%	 loss: 2.572 acc@1: 45.04 mrr: 60.50, ndcg: 66.20, took: 2.78s
Epoch 3, 94.0%	 loss: 2.513 acc@1: 45.70 mrr: 61.36, ndcg: 67.13, took: 2.93s
Epoch 3, 97.2%	 loss: 2.497 acc@1: 46.33 mrr: 61.82, ndcg: 67.60, took: 2.76s
Validation - loss: 3.0187, acc@1: 45.81%, f1: 37.86%, mrr: 59.47%, ndcg: 64.69%
Current learning rate: 0.001469

=== Epoch 4 ===
Epoch 4, 3.1%	 loss: 2.354 acc@1: 48.48 mrr: 62.89, ndcg: 68.35, took: 2.83s
Epoch 4, 6.3%	 loss: 2.332 acc@1: 47.70 mrr: 62.65, ndcg: 68.35, took: 2.74s
Epoch 4, 9.4%	 loss: 2.346 acc@1: 47.11 mrr: 62.03, ndcg: 67.73, took: 3.05s
Epoch 4, 12.5%	 loss: 2.315 acc@1: 49.02 mrr: 63.33, ndcg: 68.60, took: 2.76s
Epoch 4, 15.7%	 loss: 2.302 acc@1: 48.63 mrr: 63.15, ndcg: 68.62, took: 2.66s
Epoch 4, 18.8%	 loss: 2.375 acc@1: 46.91 mrr: 61.96, ndcg: 67.39, took: 3.31s
Epoch 4, 21.9%	 loss: 2.384 acc@1: 47.30 mrr: 62.25, ndcg: 67.92, took: 2.57s
Epoch 4, 25.1%	 loss: 2.374 acc@1: 47.66 mrr: 62.17, ndcg: 67.73, took: 2.79s
Epoch 4, 28.2%	 loss: 2.357 acc@1: 47.73 mrr: 62.42, ndcg: 67.79, took: 2.72s
Epoch 4, 31.3%	 loss: 2.433 acc@1: 47.85 mrr: 61.62, ndcg: 66.93, took: 3.06s
Epoch 4, 34.5%	 loss: 2.351 acc@1: 47.30 mrr: 61.98, ndcg: 67.54, took: 3.24s
Epoch 4, 37.6%	 loss: 2.224 acc@1: 49.06 mrr: 63.72, ndcg: 69.25, took: 2.97s
Epoch 4, 40.8%	 loss: 2.233 acc@1: 49.65 mrr: 63.96, ndcg: 69.37, took: 3.20s
Epoch 4, 43.9%	 loss: 2.307 acc@1: 48.55 mrr: 62.83, ndcg: 68.28, took: 3.04s
Epoch 4, 47.0%	 loss: 2.312 acc@1: 49.22 mrr: 63.04, ndcg: 68.48, took: 3.00s
Epoch 4, 50.2%	 loss: 2.278 acc@1: 49.22 mrr: 63.42, ndcg: 68.94, took: 2.95s
Epoch 4, 53.3%	 loss: 2.306 acc@1: 48.59 mrr: 63.06, ndcg: 68.52, took: 3.13s
Epoch 4, 56.4%	 loss: 2.310 acc@1: 49.34 mrr: 63.35, ndcg: 68.68, took: 3.08s
Epoch 4, 59.6%	 loss: 2.378 acc@1: 48.09 mrr: 62.17, ndcg: 67.42, took: 3.10s
Epoch 4, 62.7%	 loss: 2.291 acc@1: 49.92 mrr: 63.90, ndcg: 69.22, took: 3.03s
Epoch 4, 65.8%	 loss: 2.325 acc@1: 49.92 mrr: 63.52, ndcg: 68.64, took: 3.32s
Epoch 4, 69.0%	 loss: 2.347 acc@1: 48.79 mrr: 62.85, ndcg: 68.04, took: 3.17s
Epoch 4, 72.1%	 loss: 2.240 acc@1: 49.10 mrr: 63.81, ndcg: 69.21, took: 3.06s
Epoch 4, 75.2%	 loss: 2.360 acc@1: 47.73 mrr: 62.25, ndcg: 67.92, took: 3.16s
Epoch 4, 78.4%	 loss: 2.391 acc@1: 48.12 mrr: 62.07, ndcg: 67.30, took: 3.11s
Epoch 4, 81.5%	 loss: 2.290 acc@1: 50.04 mrr: 63.83, ndcg: 69.17, took: 3.11s
Epoch 4, 84.6%	 loss: 2.237 acc@1: 50.35 mrr: 64.24, ndcg: 69.54, took: 3.14s
Epoch 4, 87.8%	 loss: 2.328 acc@1: 47.42 mrr: 62.39, ndcg: 68.09, took: 3.06s
Epoch 4, 90.9%	 loss: 2.308 acc@1: 50.23 mrr: 63.70, ndcg: 68.88, took: 3.09s
Epoch 4, 94.0%	 loss: 2.302 acc@1: 49.30 mrr: 63.44, ndcg: 68.76, took: 2.86s
Epoch 4, 97.2%	 loss: 2.353 acc@1: 49.57 mrr: 63.10, ndcg: 68.19, took: 3.08s
Validation - loss: 2.9133, acc@1: 48.39%, f1: 39.87%, mrr: 61.43%, ndcg: 66.26%
Current learning rate: 0.001438

=== Epoch 5 ===
Epoch 5, 3.1%	 loss: 2.151 acc@1: 48.59 mrr: 63.11, ndcg: 68.91, took: 3.09s
Epoch 5, 6.3%	 loss: 2.102 acc@1: 50.20 mrr: 64.25, ndcg: 69.67, took: 2.98s
Epoch 5, 9.4%	 loss: 2.135 acc@1: 49.77 mrr: 64.06, ndcg: 69.53, took: 3.09s
Epoch 5, 12.5%	 loss: 2.162 acc@1: 50.35 mrr: 64.09, ndcg: 69.39, took: 3.01s
Epoch 5, 15.7%	 loss: 2.091 acc@1: 51.48 mrr: 65.10, ndcg: 70.22, took: 2.85s
Epoch 5, 18.8%	 loss: 2.197 acc@1: 49.18 mrr: 63.35, ndcg: 68.65, took: 3.20s
Epoch 5, 21.9%	 loss: 2.137 acc@1: 49.65 mrr: 64.03, ndcg: 69.38, took: 3.14s
Epoch 5, 25.1%	 loss: 2.160 acc@1: 48.98 mrr: 63.21, ndcg: 68.61, took: 3.25s
Epoch 5, 28.2%	 loss: 2.118 acc@1: 50.98 mrr: 64.69, ndcg: 69.88, took: 3.12s
Epoch 5, 31.3%	 loss: 2.094 acc@1: 50.94 mrr: 64.66, ndcg: 69.85, took: 3.04s
Epoch 5, 34.5%	 loss: 2.127 acc@1: 50.86 mrr: 64.70, ndcg: 69.99, took: 3.03s
Epoch 5, 37.6%	 loss: 2.165 acc@1: 49.57 mrr: 63.63, ndcg: 68.88, took: 3.41s
Epoch 5, 40.8%	 loss: 2.170 acc@1: 49.57 mrr: 63.90, ndcg: 69.26, took: 2.96s
Epoch 5, 43.9%	 loss: 2.196 acc@1: 49.92 mrr: 63.85, ndcg: 68.96, took: 2.84s
Epoch 5, 47.0%	 loss: 2.116 acc@1: 50.51 mrr: 64.56, ndcg: 69.88, took: 3.13s
Epoch 5, 50.2%	 loss: 2.136 acc@1: 51.17 mrr: 64.64, ndcg: 69.88, took: 2.98s
Epoch 5, 53.3%	 loss: 2.211 acc@1: 48.09 mrr: 62.61, ndcg: 68.10, took: 3.18s
Epoch 5, 56.4%	 loss: 2.216 acc@1: 49.45 mrr: 63.03, ndcg: 68.13, took: 3.07s
Epoch 5, 59.6%	 loss: 2.211 acc@1: 49.92 mrr: 63.59, ndcg: 68.71, took: 3.30s
Epoch 5, 62.7%	 loss: 2.133 acc@1: 50.47 mrr: 64.45, ndcg: 69.86, took: 3.25s
Epoch 5, 65.8%	 loss: 2.183 acc@1: 50.62 mrr: 63.92, ndcg: 68.99, took: 3.03s
Epoch 5, 69.0%	 loss: 2.226 acc@1: 49.53 mrr: 63.36, ndcg: 68.64, took: 3.03s
Epoch 5, 72.1%	 loss: 2.077 acc@1: 51.45 mrr: 65.07, ndcg: 70.29, took: 3.00s
Epoch 5, 75.2%	 loss: 2.103 acc@1: 51.41 mrr: 65.04, ndcg: 70.37, took: 3.05s
Epoch 5, 78.4%	 loss: 2.157 acc@1: 50.31 mrr: 64.08, ndcg: 69.38, took: 3.31s
Epoch 5, 81.5%	 loss: 2.188 acc@1: 50.12 mrr: 63.79, ndcg: 68.96, took: 3.02s
Epoch 5, 84.6%	 loss: 2.115 acc@1: 49.80 mrr: 64.30, ndcg: 69.79, took: 2.92s
Epoch 5, 87.8%	 loss: 2.162 acc@1: 51.09 mrr: 64.46, ndcg: 69.43, took: 3.49s
Epoch 5, 90.9%	 loss: 2.096 acc@1: 51.41 mrr: 65.28, ndcg: 70.54, took: 3.11s
Epoch 5, 94.0%	 loss: 2.161 acc@1: 51.05 mrr: 64.46, ndcg: 69.68, took: 3.19s
Epoch 5, 97.2%	 loss: 2.063 acc@1: 51.25 mrr: 65.50, ndcg: 70.72, took: 3.19s
Validation - loss: 2.8834, acc@1: 50.56%, f1: 42.61%, mrr: 62.60%, ndcg: 67.28%
Current learning rate: 0.001406

=== Epoch 6 ===
Epoch 6, 3.1%	 loss: 1.959 acc@1: 51.84 mrr: 65.70, ndcg: 71.00, took: 3.52s
Epoch 6, 6.3%	 loss: 1.970 acc@1: 52.46 mrr: 65.92, ndcg: 71.15, took: 3.11s
Epoch 6, 9.4%	 loss: 1.949 acc@1: 52.30 mrr: 65.98, ndcg: 71.26, took: 2.99s
Epoch 6, 12.5%	 loss: 1.987 acc@1: 52.11 mrr: 65.65, ndcg: 70.86, took: 3.12s
Epoch 6, 15.7%	 loss: 2.049 acc@1: 50.66 mrr: 64.31, ndcg: 69.69, took: 3.23s
Epoch 6, 18.8%	 loss: 2.064 acc@1: 52.46 mrr: 65.44, ndcg: 70.36, took: 3.26s
Epoch 6, 21.9%	 loss: 2.023 acc@1: 52.54 mrr: 65.70, ndcg: 70.60, took: 3.14s
Epoch 6, 25.1%	 loss: 1.960 acc@1: 53.12 mrr: 66.50, ndcg: 71.43, took: 3.26s
Epoch 6, 28.2%	 loss: 2.050 acc@1: 51.33 mrr: 65.07, ndcg: 70.27, took: 3.23s
Epoch 6, 31.3%	 loss: 1.974 acc@1: 52.89 mrr: 66.30, ndcg: 71.40, took: 3.12s
Epoch 6, 34.5%	 loss: 2.039 acc@1: 51.17 mrr: 64.86, ndcg: 70.21, took: 3.09s
Epoch 6, 37.6%	 loss: 2.044 acc@1: 50.70 mrr: 64.65, ndcg: 70.04, took: 2.91s
Epoch 6, 40.8%	 loss: 2.102 acc@1: 51.09 mrr: 64.33, ndcg: 69.43, took: 3.14s
Epoch 6, 43.9%	 loss: 2.017 acc@1: 49.45 mrr: 64.08, ndcg: 69.84, took: 3.29s
Epoch 6, 47.0%	 loss: 1.962 acc@1: 52.34 mrr: 65.90, ndcg: 71.13, took: 3.07s
Epoch 6, 50.2%	 loss: 2.044 acc@1: 51.95 mrr: 65.42, ndcg: 70.61, took: 2.95s
Epoch 6, 53.3%	 loss: 2.046 acc@1: 52.03 mrr: 65.36, ndcg: 70.53, took: 3.21s
Epoch 6, 56.4%	 loss: 2.024 acc@1: 51.91 mrr: 65.43, ndcg: 70.51, took: 3.32s
Epoch 6, 59.6%	 loss: 2.004 acc@1: 53.83 mrr: 66.73, ndcg: 71.53, took: 3.23s
Epoch 6, 62.7%	 loss: 2.018 acc@1: 51.88 mrr: 65.39, ndcg: 70.48, took: 2.99s
Epoch 6, 65.8%	 loss: 2.078 acc@1: 51.17 mrr: 64.66, ndcg: 69.88, took: 3.16s
Epoch 6, 69.0%	 loss: 2.104 acc@1: 50.86 mrr: 64.38, ndcg: 69.52, took: 3.08s
Epoch 6, 72.1%	 loss: 2.097 acc@1: 51.64 mrr: 64.98, ndcg: 70.11, took: 3.11s
Epoch 6, 75.2%	 loss: 1.902 acc@1: 54.49 mrr: 67.34, ndcg: 72.31, took: 3.01s
Epoch 6, 78.4%	 loss: 2.046 acc@1: 52.54 mrr: 65.54, ndcg: 70.59, took: 2.97s
Epoch 6, 81.5%	 loss: 2.042 acc@1: 52.85 mrr: 65.57, ndcg: 70.52, took: 3.19s
Epoch 6, 84.6%	 loss: 2.043 acc@1: 52.54 mrr: 65.58, ndcg: 70.55, took: 2.97s
Epoch 6, 87.8%	 loss: 2.195 acc@1: 49.10 mrr: 62.94, ndcg: 68.30, took: 3.18s
Epoch 6, 90.9%	 loss: 2.113 acc@1: 50.39 mrr: 64.18, ndcg: 69.31, took: 3.15s
Epoch 6, 94.0%	 loss: 2.094 acc@1: 50.78 mrr: 64.32, ndcg: 69.59, took: 3.30s
Epoch 6, 97.2%	 loss: 2.105 acc@1: 50.86 mrr: 64.39, ndcg: 69.62, took: 3.00s
Validation - loss: 2.8867, acc@1: 50.59%, f1: 42.24%, mrr: 62.51%, ndcg: 67.16%
Current learning rate: 0.001375

=== Epoch 7 ===
Epoch 7, 3.1%	 loss: 1.961 acc@1: 52.27 mrr: 65.58, ndcg: 70.85, took: 3.21s
Epoch 7, 6.3%	 loss: 1.941 acc@1: 52.73 mrr: 66.12, ndcg: 71.38, took: 3.02s
Epoch 7, 9.4%	 loss: 1.911 acc@1: 54.77 mrr: 67.26, ndcg: 72.13, took: 3.13s
Epoch 7, 12.5%	 loss: 1.921 acc@1: 53.91 mrr: 66.84, ndcg: 71.78, took: 3.15s
Epoch 7, 15.7%	 loss: 1.939 acc@1: 52.66 mrr: 66.12, ndcg: 71.45, took: 3.08s
Epoch 7, 18.8%	 loss: 1.987 acc@1: 51.52 mrr: 65.11, ndcg: 70.49, took: 2.92s
Epoch 7, 21.9%	 loss: 1.879 acc@1: 54.45 mrr: 67.22, ndcg: 72.15, took: 3.37s
Epoch 7, 25.1%	 loss: 1.895 acc@1: 54.57 mrr: 67.11, ndcg: 72.19, took: 3.11s
Epoch 7, 28.2%	 loss: 1.903 acc@1: 54.49 mrr: 67.22, ndcg: 72.04, took: 3.03s
Epoch 7, 31.3%	 loss: 1.866 acc@1: 55.04 mrr: 67.67, ndcg: 72.57, took: 3.15s
Epoch 7, 34.5%	 loss: 1.904 acc@1: 53.40 mrr: 66.69, ndcg: 71.74, took: 3.20s
Epoch 7, 37.6%	 loss: 1.925 acc@1: 52.73 mrr: 66.27, ndcg: 71.44, took: 2.93s
Epoch 7, 40.8%	 loss: 1.931 acc@1: 52.89 mrr: 66.35, ndcg: 71.39, took: 3.15s
Epoch 7, 43.9%	 loss: 1.957 acc@1: 52.89 mrr: 66.09, ndcg: 71.07, took: 2.95s
Epoch 7, 47.0%	 loss: 1.906 acc@1: 53.63 mrr: 66.91, ndcg: 71.92, took: 2.98s
Epoch 7, 50.2%	 loss: 2.001 acc@1: 51.76 mrr: 65.30, ndcg: 70.42, took: 3.16s
Epoch 7, 53.3%	 loss: 1.968 acc@1: 52.42 mrr: 65.69, ndcg: 70.73, took: 3.07s
Epoch 7, 56.4%	 loss: 1.890 acc@1: 54.45 mrr: 67.51, ndcg: 72.58, took: 3.08s
Epoch 7, 59.6%	 loss: 1.961 acc@1: 54.45 mrr: 66.91, ndcg: 71.59, took: 3.14s
Epoch 7, 62.7%	 loss: 1.952 acc@1: 53.91 mrr: 66.71, ndcg: 71.73, took: 2.92s
Epoch 7, 65.8%	 loss: 2.038 acc@1: 51.45 mrr: 64.77, ndcg: 69.81, took: 3.13s
Epoch 7, 69.0%	 loss: 1.948 acc@1: 53.44 mrr: 66.42, ndcg: 71.38, took: 3.27s
Epoch 7, 72.1%	 loss: 1.963 acc@1: 53.32 mrr: 66.24, ndcg: 71.38, took: 3.06s
Epoch 7, 75.2%	 loss: 2.041 acc@1: 52.38 mrr: 65.12, ndcg: 70.14, took: 3.18s
Epoch 7, 78.4%	 loss: 2.024 acc@1: 51.13 mrr: 64.68, ndcg: 69.97, took: 3.13s
Epoch 7, 81.5%	 loss: 2.002 acc@1: 51.56 mrr: 65.28, ndcg: 70.29, took: 3.20s
Epoch 7, 84.6%	 loss: 2.023 acc@1: 51.56 mrr: 64.94, ndcg: 70.24, took: 2.93s
Epoch 7, 87.8%	 loss: 2.048 acc@1: 51.88 mrr: 65.09, ndcg: 70.18, took: 3.06s
Epoch 7, 90.9%	 loss: 1.957 acc@1: 54.73 mrr: 67.15, ndcg: 71.87, took: 3.15s
Epoch 7, 94.0%	 loss: 2.026 acc@1: 52.50 mrr: 65.56, ndcg: 70.64, took: 3.07s
Epoch 7, 97.2%	 loss: 1.965 acc@1: 51.25 mrr: 65.44, ndcg: 70.82, took: 3.14s
Validation - loss: 2.8706, acc@1: 51.13%, f1: 43.71%, mrr: 62.82%, ndcg: 67.42%
Current learning rate: 0.001344

=== Epoch 8 ===
Epoch 8, 3.1%	 loss: 1.812 acc@1: 54.57 mrr: 67.55, ndcg: 72.81, took: 3.16s
Epoch 8, 6.3%	 loss: 1.858 acc@1: 54.14 mrr: 67.31, ndcg: 72.43, took: 3.08s
Epoch 8, 9.4%	 loss: 1.937 acc@1: 52.73 mrr: 65.67, ndcg: 70.94, took: 3.35s
Epoch 8, 12.5%	 loss: 1.848 acc@1: 55.04 mrr: 67.55, ndcg: 72.31, took: 3.18s
Epoch 8, 15.7%	 loss: 1.853 acc@1: 54.26 mrr: 67.23, ndcg: 72.25, took: 3.27s
Epoch 8, 18.8%	 loss: 1.849 acc@1: 53.20 mrr: 66.89, ndcg: 72.34, took: 3.04s
Epoch 8, 21.9%	 loss: 1.899 acc@1: 55.35 mrr: 67.53, ndcg: 72.33, took: 3.32s
Epoch 8, 25.1%	 loss: 1.791 acc@1: 55.43 mrr: 68.34, ndcg: 73.37, took: 3.04s
Epoch 8, 28.2%	 loss: 1.844 acc@1: 53.87 mrr: 67.27, ndcg: 72.39, took: 3.03s
Epoch 8, 31.3%	 loss: 1.893 acc@1: 54.06 mrr: 66.79, ndcg: 71.81, took: 2.98s
Epoch 8, 34.5%	 loss: 1.896 acc@1: 53.20 mrr: 66.46, ndcg: 71.59, took: 3.17s
Epoch 8, 37.6%	 loss: 1.788 acc@1: 55.39 mrr: 68.32, ndcg: 73.27, took: 3.06s
Epoch 8, 40.8%	 loss: 1.904 acc@1: 53.48 mrr: 66.54, ndcg: 71.40, took: 3.28s
Epoch 8, 43.9%	 loss: 1.806 acc@1: 55.51 mrr: 68.13, ndcg: 72.89, took: 3.14s
Epoch 8, 47.0%	 loss: 1.891 acc@1: 53.32 mrr: 66.57, ndcg: 71.85, took: 2.84s
Epoch 8, 50.2%	 loss: 1.865 acc@1: 54.45 mrr: 67.36, ndcg: 72.29, took: 3.17s
Epoch 8, 53.3%	 loss: 1.950 acc@1: 53.05 mrr: 66.00, ndcg: 70.94, took: 3.09s
Epoch 8, 56.4%	 loss: 1.908 acc@1: 53.36 mrr: 66.52, ndcg: 71.49, took: 3.00s
Epoch 8, 59.6%	 loss: 1.876 acc@1: 54.30 mrr: 67.05, ndcg: 71.92, took: 3.41s
Epoch 8, 62.7%	 loss: 1.956 acc@1: 52.34 mrr: 65.51, ndcg: 70.53, took: 3.04s
Epoch 8, 65.8%	 loss: 1.926 acc@1: 51.72 mrr: 65.42, ndcg: 70.89, took: 3.20s
Epoch 8, 69.0%	 loss: 1.845 acc@1: 55.20 mrr: 67.87, ndcg: 72.83, took: 3.19s
Epoch 8, 72.1%	 loss: 1.919 acc@1: 53.75 mrr: 66.59, ndcg: 71.45, took: 3.08s
Epoch 8, 75.2%	 loss: 1.907 acc@1: 54.80 mrr: 67.13, ndcg: 71.94, took: 3.22s
Epoch 8, 78.4%	 loss: 1.880 acc@1: 53.63 mrr: 66.79, ndcg: 71.73, took: 3.04s
Epoch 8, 81.5%	 loss: 1.991 acc@1: 52.42 mrr: 65.45, ndcg: 70.48, took: 2.79s
Epoch 8, 84.6%	 loss: 2.007 acc@1: 53.24 mrr: 65.76, ndcg: 70.68, took: 3.34s
Epoch 8, 87.8%	 loss: 1.897 acc@1: 53.98 mrr: 66.93, ndcg: 72.05, took: 3.29s
Epoch 8, 90.9%	 loss: 1.829 acc@1: 56.60 mrr: 68.80, ndcg: 73.56, took: 3.17s
Epoch 8, 94.0%	 loss: 1.928 acc@1: 54.02 mrr: 66.91, ndcg: 71.83, took: 3.11s
Epoch 8, 97.2%	 loss: 1.879 acc@1: 54.02 mrr: 67.12, ndcg: 72.26, took: 3.10s
Validation - loss: 2.9192, acc@1: 50.84%, f1: 43.25%, mrr: 62.65%, ndcg: 67.35%
Current learning rate: 0.001313

=== Epoch 9 ===
Epoch 9, 3.1%	 loss: 1.795 acc@1: 54.80 mrr: 67.99, ndcg: 73.02, took: 3.39s
Epoch 9, 6.3%	 loss: 1.793 acc@1: 55.04 mrr: 68.09, ndcg: 73.44, took: 3.24s
Epoch 9, 9.4%	 loss: 1.779 acc@1: 55.04 mrr: 68.21, ndcg: 73.17, took: 3.03s
Epoch 9, 12.5%	 loss: 1.696 acc@1: 58.32 mrr: 70.35, ndcg: 75.27, took: 3.27s
Epoch 9, 15.7%	 loss: 1.856 acc@1: 52.73 mrr: 66.27, ndcg: 71.49, took: 2.91s
Epoch 9, 18.8%	 loss: 1.764 acc@1: 55.59 mrr: 68.50, ndcg: 73.69, took: 3.14s
Epoch 9, 21.9%	 loss: 1.859 acc@1: 53.79 mrr: 66.77, ndcg: 71.88, took: 3.17s
Epoch 9, 25.1%	 loss: 1.817 acc@1: 54.84 mrr: 67.54, ndcg: 72.79, took: 3.11s
Epoch 9, 28.2%	 loss: 1.896 acc@1: 53.24 mrr: 66.54, ndcg: 71.73, took: 3.23s
Epoch 9, 31.3%	 loss: 1.842 acc@1: 54.34 mrr: 67.21, ndcg: 72.31, took: 3.01s
Epoch 9, 34.5%	 loss: 1.796 acc@1: 55.82 mrr: 68.26, ndcg: 73.14, took: 3.38s
Epoch 9, 37.6%	 loss: 1.822 acc@1: 54.10 mrr: 67.54, ndcg: 72.70, took: 3.25s
Epoch 9, 40.8%	 loss: 1.815 acc@1: 55.12 mrr: 67.83, ndcg: 72.76, took: 3.34s
Epoch 9, 43.9%	 loss: 1.768 acc@1: 56.56 mrr: 68.95, ndcg: 73.74, took: 3.07s
Epoch 9, 47.0%	 loss: 1.800 acc@1: 56.21 mrr: 68.43, ndcg: 73.27, took: 3.09s
Epoch 9, 50.2%	 loss: 1.817 acc@1: 54.92 mrr: 67.80, ndcg: 72.89, took: 3.04s
Epoch 9, 53.3%	 loss: 1.851 acc@1: 54.65 mrr: 67.36, ndcg: 72.44, took: 3.01s
Epoch 9, 56.4%	 loss: 1.822 acc@1: 54.88 mrr: 67.83, ndcg: 72.92, took: 3.29s
Epoch 9, 59.6%	 loss: 1.795 acc@1: 55.94 mrr: 68.19, ndcg: 72.93, took: 3.18s
Epoch 9, 62.7%	 loss: 1.902 acc@1: 53.09 mrr: 66.25, ndcg: 71.30, took: 3.17s
Epoch 9, 65.8%	 loss: 1.873 acc@1: 53.83 mrr: 66.85, ndcg: 71.99, took: 3.10s
Epoch 9, 69.0%	 loss: 1.878 acc@1: 53.67 mrr: 66.75, ndcg: 71.75, took: 2.93s
Epoch 9, 72.1%	 loss: 1.885 acc@1: 54.14 mrr: 66.95, ndcg: 71.87, took: 3.10s
Epoch 9, 75.2%	 loss: 1.855 acc@1: 54.49 mrr: 67.20, ndcg: 72.42, took: 2.89s
Epoch 9, 78.4%	 loss: 1.911 acc@1: 54.45 mrr: 66.80, ndcg: 71.53, took: 3.17s
Epoch 9, 81.5%	 loss: 1.794 acc@1: 55.55 mrr: 68.26, ndcg: 73.44, took: 3.09s
Epoch 9, 84.6%	 loss: 1.835 acc@1: 54.22 mrr: 67.19, ndcg: 72.28, took: 3.30s
Epoch 9, 87.8%	 loss: 1.838 acc@1: 53.67 mrr: 67.03, ndcg: 72.29, took: 2.93s
Epoch 9, 90.9%	 loss: 1.809 acc@1: 55.35 mrr: 68.42, ndcg: 73.36, took: 3.17s
Epoch 9, 94.0%	 loss: 1.827 acc@1: 54.61 mrr: 67.76, ndcg: 72.96, took: 3.09s
Epoch 9, 97.2%	 loss: 1.906 acc@1: 53.52 mrr: 66.68, ndcg: 71.66, took: 3.09s
Validation - loss: 2.9401, acc@1: 49.79%, f1: 43.12%, mrr: 62.13%, ndcg: 66.77%
Current learning rate: 0.001281

=== Epoch 10 ===
Epoch 10, 3.1%	 loss: 1.723 acc@1: 56.37 mrr: 69.05, ndcg: 74.26, took: 2.58s
Epoch 10, 6.3%	 loss: 1.704 acc@1: 56.56 mrr: 69.26, ndcg: 74.66, took: 2.75s
Epoch 10, 9.4%	 loss: 1.648 acc@1: 57.50 mrr: 70.11, ndcg: 75.18, took: 3.05s
Epoch 10, 12.5%	 loss: 1.706 acc@1: 56.25 mrr: 69.16, ndcg: 74.12, took: 2.74s
Epoch 10, 15.7%	 loss: 1.797 acc@1: 54.41 mrr: 67.57, ndcg: 72.76, took: 2.71s
Epoch 10, 18.8%	 loss: 1.741 acc@1: 56.84 mrr: 69.32, ndcg: 74.36, took: 2.89s
Epoch 10, 21.9%	 loss: 1.735 acc@1: 55.94 mrr: 68.93, ndcg: 74.17, took: 3.09s
Epoch 10, 25.1%	 loss: 1.699 acc@1: 56.48 mrr: 69.09, ndcg: 74.31, took: 2.70s
Epoch 10, 28.2%	 loss: 1.838 acc@1: 53.87 mrr: 67.06, ndcg: 72.45, took: 2.55s
Epoch 10, 31.3%	 loss: 1.700 acc@1: 56.33 mrr: 69.25, ndcg: 74.45, took: 2.84s
Epoch 10, 34.5%	 loss: 1.740 acc@1: 54.61 mrr: 68.05, ndcg: 73.35, took: 2.83s
Epoch 10, 37.6%	 loss: 1.736 acc@1: 57.15 mrr: 69.10, ndcg: 74.04, took: 2.80s
Epoch 10, 40.8%	 loss: 1.774 acc@1: 55.82 mrr: 68.29, ndcg: 73.24, took: 2.77s
Epoch 10, 43.9%	 loss: 1.783 acc@1: 55.23 mrr: 68.23, ndcg: 73.30, took: 2.84s
Epoch 10, 47.0%	 loss: 1.767 acc@1: 53.87 mrr: 67.49, ndcg: 72.72, took: 3.13s
Epoch 10, 50.2%	 loss: 1.820 acc@1: 54.38 mrr: 67.39, ndcg: 72.38, took: 3.08s
Epoch 10, 53.3%	 loss: 1.850 acc@1: 53.98 mrr: 67.04, ndcg: 72.08, took: 3.13s
Epoch 10, 56.4%	 loss: 1.769 acc@1: 54.61 mrr: 67.68, ndcg: 72.96, took: 3.03s
Epoch 10, 59.6%	 loss: 1.762 acc@1: 55.55 mrr: 68.54, ndcg: 73.73, took: 3.51s
Epoch 10, 62.7%	 loss: 1.731 acc@1: 56.45 mrr: 69.05, ndcg: 74.05, took: 3.32s
Epoch 10, 65.8%	 loss: 1.764 acc@1: 54.69 mrr: 67.92, ndcg: 73.23, took: 3.20s
Epoch 10, 69.0%	 loss: 1.819 acc@1: 55.00 mrr: 67.72, ndcg: 72.52, took: 3.32s
Epoch 10, 72.1%	 loss: 1.874 acc@1: 53.95 mrr: 66.61, ndcg: 71.71, took: 3.24s
Epoch 10, 75.2%	 loss: 1.786 acc@1: 54.65 mrr: 67.73, ndcg: 73.00, took: 3.46s
Epoch 10, 78.4%	 loss: 1.770 acc@1: 56.41 mrr: 68.63, ndcg: 73.41, took: 3.16s
Epoch 10, 81.5%	 loss: 1.818 acc@1: 56.33 mrr: 68.35, ndcg: 73.01, took: 3.10s
Epoch 10, 84.6%	 loss: 1.792 acc@1: 55.27 mrr: 68.01, ndcg: 73.25, took: 3.17s
Epoch 10, 87.8%	 loss: 1.810 acc@1: 55.27 mrr: 67.95, ndcg: 72.95, took: 3.03s
Epoch 10, 90.9%	 loss: 1.951 acc@1: 52.23 mrr: 65.51, ndcg: 70.65, took: 3.26s
Epoch 10, 94.0%	 loss: 1.828 acc@1: 54.96 mrr: 67.63, ndcg: 72.65, took: 3.13s
Epoch 10, 97.2%	 loss: 1.873 acc@1: 53.71 mrr: 66.83, ndcg: 72.07, took: 3.15s
Validation - loss: 2.9457, acc@1: 49.82%, f1: 43.37%, mrr: 62.04%, ndcg: 66.79%
Current learning rate: 0.001250

=== Epoch 11 ===
Epoch 11, 3.1%	 loss: 1.653 acc@1: 55.90 mrr: 69.16, ndcg: 74.84, took: 3.08s
Epoch 11, 6.3%	 loss: 1.693 acc@1: 55.43 mrr: 68.85, ndcg: 74.43, took: 3.27s
Epoch 11, 9.4%	 loss: 1.645 acc@1: 56.91 mrr: 69.78, ndcg: 75.23, took: 3.24s
Epoch 11, 12.5%	 loss: 1.758 acc@1: 54.84 mrr: 68.06, ndcg: 73.42, took: 3.15s
Epoch 11, 15.7%	 loss: 1.671 acc@1: 56.91 mrr: 69.53, ndcg: 74.83, took: 3.16s
Epoch 11, 18.8%	 loss: 1.679 acc@1: 56.21 mrr: 69.44, ndcg: 74.77, took: 3.27s
Epoch 11, 21.9%	 loss: 1.714 acc@1: 56.64 mrr: 69.11, ndcg: 74.23, took: 3.18s
Epoch 11, 25.1%	 loss: 1.626 acc@1: 58.36 mrr: 70.72, ndcg: 75.79, took: 3.29s
Epoch 11, 28.2%	 loss: 1.681 acc@1: 55.86 mrr: 69.11, ndcg: 74.34, took: 3.24s
Epoch 11, 31.3%	 loss: 1.705 acc@1: 56.68 mrr: 69.36, ndcg: 74.49, took: 3.18s
Epoch 11, 34.5%	 loss: 1.754 acc@1: 55.86 mrr: 68.30, ndcg: 73.34, took: 3.26s
Epoch 11, 37.6%	 loss: 1.755 acc@1: 55.08 mrr: 68.05, ndcg: 73.30, took: 3.22s
Epoch 11, 40.8%	 loss: 1.749 acc@1: 55.20 mrr: 68.02, ndcg: 73.29, took: 3.13s
Epoch 11, 43.9%	 loss: 1.688 acc@1: 55.31 mrr: 68.89, ndcg: 74.23, took: 3.22s
Epoch 11, 47.0%	 loss: 1.747 acc@1: 56.02 mrr: 68.55, ndcg: 73.62, took: 3.36s
Epoch 11, 50.2%	 loss: 1.677 acc@1: 57.23 mrr: 69.69, ndcg: 74.75, took: 3.21s
Epoch 11, 53.3%	 loss: 1.788 acc@1: 54.61 mrr: 67.68, ndcg: 72.99, took: 3.20s
Epoch 11, 56.4%	 loss: 1.724 acc@1: 56.64 mrr: 69.40, ndcg: 74.43, took: 3.31s
Epoch 11, 59.6%	 loss: 1.762 acc@1: 55.31 mrr: 68.08, ndcg: 73.24, took: 3.06s
Epoch 11, 62.7%	 loss: 1.697 acc@1: 56.41 mrr: 69.37, ndcg: 74.38, took: 3.34s
Epoch 11, 65.8%	 loss: 1.691 acc@1: 58.01 mrr: 69.97, ndcg: 74.77, took: 3.33s
Epoch 11, 69.0%	 loss: 1.811 acc@1: 54.53 mrr: 67.52, ndcg: 72.79, took: 3.16s
Epoch 11, 72.1%	 loss: 1.801 acc@1: 55.98 mrr: 68.28, ndcg: 73.26, took: 3.35s
Epoch 11, 75.2%	 loss: 1.779 acc@1: 54.65 mrr: 67.97, ndcg: 73.22, took: 3.22s
Epoch 11, 78.4%	 loss: 1.752 acc@1: 54.84 mrr: 68.01, ndcg: 73.15, took: 3.05s
Epoch 11, 81.5%	 loss: 1.807 acc@1: 54.73 mrr: 67.45, ndcg: 72.70, took: 3.22s
Epoch 11, 84.6%	 loss: 1.782 acc@1: 55.31 mrr: 68.13, ndcg: 73.24, took: 3.07s
Epoch 11, 87.8%	 loss: 1.759 acc@1: 56.09 mrr: 68.95, ndcg: 73.96, took: 3.26s
Epoch 11, 90.9%	 loss: 1.733 acc@1: 56.05 mrr: 69.00, ndcg: 74.21, took: 3.18s
Epoch 11, 94.0%	 loss: 1.832 acc@1: 54.26 mrr: 67.29, ndcg: 72.58, took: 3.51s
Epoch 11, 97.2%	 loss: 1.736 acc@1: 56.88 mrr: 69.21, ndcg: 74.19, took: 3.04s
Validation - loss: 2.9710, acc@1: 50.84%, f1: 43.97%, mrr: 62.52%, ndcg: 67.02%
Current learning rate: 0.001219

=== Epoch 12 ===
Epoch 12, 3.1%	 loss: 1.644 acc@1: 56.99 mrr: 69.96, ndcg: 75.29, took: 3.20s
Epoch 12, 6.3%	 loss: 1.637 acc@1: 56.56 mrr: 69.53, ndcg: 75.03, took: 3.20s
Epoch 12, 9.4%	 loss: 1.632 acc@1: 56.48 mrr: 69.79, ndcg: 75.34, took: 2.84s
Epoch 12, 12.5%	 loss: 1.622 acc@1: 55.51 mrr: 69.28, ndcg: 74.99, took: 2.73s
Epoch 12, 15.7%	 loss: 1.570 acc@1: 58.12 mrr: 71.02, ndcg: 76.49, took: 2.81s
Epoch 12, 18.8%	 loss: 1.611 acc@1: 57.07 mrr: 70.28, ndcg: 75.68, took: 2.68s
Epoch 12, 21.9%	 loss: 1.711 acc@1: 55.04 mrr: 68.28, ndcg: 73.75, took: 3.06s
Epoch 12, 25.1%	 loss: 1.649 acc@1: 56.76 mrr: 69.60, ndcg: 75.05, took: 2.94s
Epoch 12, 28.2%	 loss: 1.689 acc@1: 55.98 mrr: 69.02, ndcg: 74.34, took: 2.88s
Epoch 12, 31.3%	 loss: 1.638 acc@1: 57.23 mrr: 69.71, ndcg: 75.03, took: 2.86s
Epoch 12, 34.5%	 loss: 1.642 acc@1: 56.33 mrr: 69.48, ndcg: 75.09, took: 2.52s
Epoch 12, 37.6%	 loss: 1.706 acc@1: 56.37 mrr: 68.97, ndcg: 74.10, took: 2.82s
Epoch 12, 40.8%	 loss: 1.682 acc@1: 56.29 mrr: 69.09, ndcg: 74.44, took: 2.84s
Epoch 12, 43.9%	 loss: 1.669 acc@1: 55.35 mrr: 69.01, ndcg: 74.48, took: 2.76s
Epoch 12, 47.0%	 loss: 1.710 acc@1: 55.08 mrr: 68.37, ndcg: 73.77, took: 2.56s
Epoch 12, 50.2%	 loss: 1.729 acc@1: 55.35 mrr: 68.50, ndcg: 73.83, took: 2.94s
Epoch 12, 53.3%	 loss: 1.669 acc@1: 56.64 mrr: 69.41, ndcg: 74.68, took: 3.31s
Epoch 12, 56.4%	 loss: 1.630 acc@1: 58.24 mrr: 70.71, ndcg: 75.84, took: 3.28s
Epoch 12, 59.6%	 loss: 1.802 acc@1: 54.77 mrr: 67.69, ndcg: 72.93, took: 3.12s
Epoch 12, 62.7%	 loss: 1.646 acc@1: 57.11 mrr: 69.74, ndcg: 74.86, took: 3.11s
Epoch 12, 65.8%	 loss: 1.700 acc@1: 55.47 mrr: 68.69, ndcg: 74.11, took: 2.96s
Epoch 12, 69.0%	 loss: 1.679 acc@1: 56.84 mrr: 69.47, ndcg: 74.61, took: 3.26s
Epoch 12, 72.1%	 loss: 1.715 acc@1: 56.25 mrr: 68.87, ndcg: 74.07, took: 3.12s
Epoch 12, 75.2%	 loss: 1.701 acc@1: 56.72 mrr: 69.28, ndcg: 74.32, took: 3.30s
Epoch 12, 78.4%	 loss: 1.739 acc@1: 55.82 mrr: 68.62, ndcg: 73.85, took: 3.16s
Epoch 12, 81.5%	 loss: 1.723 acc@1: 56.41 mrr: 68.96, ndcg: 73.93, took: 3.36s
Epoch 12, 84.6%	 loss: 1.748 acc@1: 55.98 mrr: 68.55, ndcg: 73.62, took: 3.01s
Epoch 12, 87.8%	 loss: 1.735 acc@1: 56.33 mrr: 69.07, ndcg: 74.24, took: 3.37s
Epoch 12, 90.9%	 loss: 1.679 acc@1: 56.48 mrr: 69.22, ndcg: 74.34, took: 2.93s
Epoch 12, 94.0%	 loss: 1.764 acc@1: 54.73 mrr: 67.91, ndcg: 73.18, took: 3.33s
Epoch 12, 97.2%	 loss: 1.734 acc@1: 55.31 mrr: 68.47, ndcg: 73.51, took: 3.12s
Validation - loss: 3.0217, acc@1: 50.33%, f1: 43.70%, mrr: 62.10%, ndcg: 66.62%
Current learning rate: 0.000119

=== Epoch 13 ===
Epoch 13, 3.1%	 loss: 1.848 acc@1: 54.26 mrr: 67.30, ndcg: 72.45, took: 3.11s
Epoch 13, 6.3%	 loss: 1.834 acc@1: 54.38 mrr: 67.24, ndcg: 72.36, took: 3.34s
Epoch 13, 9.4%	 loss: 1.789 acc@1: 55.59 mrr: 68.39, ndcg: 73.36, took: 2.67s
Epoch 13, 12.5%	 loss: 1.809 acc@1: 53.75 mrr: 67.41, ndcg: 72.75, took: 3.24s
Epoch 13, 15.7%	 loss: 1.861 acc@1: 53.67 mrr: 66.84, ndcg: 71.94, took: 3.31s
Epoch 13, 18.8%	 loss: 1.864 acc@1: 53.63 mrr: 66.95, ndcg: 72.26, took: 3.34s
Epoch 13, 21.9%	 loss: 1.806 acc@1: 53.55 mrr: 67.17, ndcg: 72.58, took: 3.20s
Epoch 13, 25.1%	 loss: 1.795 acc@1: 55.00 mrr: 68.26, ndcg: 73.37, took: 3.35s
Epoch 13, 28.2%	 loss: 1.820 acc@1: 54.96 mrr: 67.77, ndcg: 72.92, took: 3.10s
Epoch 13, 31.3%	 loss: 1.822 acc@1: 53.59 mrr: 67.16, ndcg: 72.37, took: 3.19s
Epoch 13, 34.5%	 loss: 1.808 acc@1: 55.20 mrr: 67.87, ndcg: 72.90, took: 3.00s
Epoch 13, 37.6%	 loss: 1.822 acc@1: 54.80 mrr: 67.65, ndcg: 72.90, took: 3.17s
Epoch 13, 40.8%	 loss: 1.685 acc@1: 57.27 mrr: 70.04, ndcg: 75.02, took: 3.23s
Epoch 13, 43.9%	 loss: 1.803 acc@1: 55.66 mrr: 68.31, ndcg: 73.45, took: 3.11s
Epoch 13, 47.0%	 loss: 1.821 acc@1: 54.45 mrr: 67.39, ndcg: 72.61, took: 3.05s
Epoch 13, 50.2%	 loss: 1.746 acc@1: 56.05 mrr: 69.15, ndcg: 74.24, took: 3.33s
Epoch 13, 53.3%	 loss: 1.804 acc@1: 55.20 mrr: 68.12, ndcg: 73.40, took: 3.22s
Epoch 13, 56.4%	 loss: 1.746 acc@1: 55.20 mrr: 68.67, ndcg: 73.81, took: 3.44s
Epoch 13, 59.6%	 loss: 1.857 acc@1: 52.30 mrr: 66.28, ndcg: 71.63, took: 2.96s
Epoch 13, 62.7%	 loss: 1.770 acc@1: 55.35 mrr: 68.13, ndcg: 73.41, took: 3.28s
Epoch 13, 65.8%	 loss: 1.826 acc@1: 54.34 mrr: 67.48, ndcg: 72.69, took: 3.32s
Epoch 13, 69.0%	 loss: 1.793 acc@1: 55.31 mrr: 68.43, ndcg: 73.42, took: 3.23s
Epoch 13, 72.1%	 loss: 1.784 acc@1: 55.51 mrr: 68.37, ndcg: 73.37, took: 2.72s
Epoch 13, 75.2%	 loss: 1.745 acc@1: 56.33 mrr: 68.94, ndcg: 73.87, took: 3.02s
Epoch 13, 78.4%	 loss: 1.858 acc@1: 54.41 mrr: 67.07, ndcg: 71.89, took: 3.12s
Epoch 13, 81.5%	 loss: 1.792 acc@1: 55.20 mrr: 68.10, ndcg: 73.25, took: 3.00s
Epoch 13, 84.6%	 loss: 1.841 acc@1: 53.59 mrr: 67.21, ndcg: 72.47, took: 2.88s
Epoch 13, 87.8%	 loss: 1.763 acc@1: 55.98 mrr: 68.66, ndcg: 73.74, took: 3.30s
Epoch 13, 90.9%	 loss: 1.769 acc@1: 55.47 mrr: 68.32, ndcg: 73.47, took: 3.21s
Epoch 13, 94.0%	 loss: 1.752 acc@1: 55.23 mrr: 68.37, ndcg: 73.56, took: 3.31s
Epoch 13, 97.2%	 loss: 1.771 acc@1: 56.09 mrr: 68.79, ndcg: 73.86, took: 3.18s
Validation - loss: 2.8583, acc@1: 51.16%, f1: 43.79%, mrr: 63.07%, ndcg: 67.69%
Current learning rate: 0.000119

=== Epoch 14 ===
Epoch 14, 3.1%	 loss: 1.791 acc@1: 55.12 mrr: 68.11, ndcg: 73.25, took: 3.29s
Epoch 14, 6.3%	 loss: 1.749 acc@1: 55.16 mrr: 68.60, ndcg: 73.88, took: 3.11s
Epoch 14, 9.4%	 loss: 1.731 acc@1: 54.73 mrr: 68.28, ndcg: 73.58, took: 3.35s
Epoch 14, 12.5%	 loss: 1.802 acc@1: 55.47 mrr: 68.31, ndcg: 73.39, took: 2.99s
Epoch 14, 15.7%	 loss: 1.799 acc@1: 54.26 mrr: 67.39, ndcg: 72.67, took: 3.05s
Epoch 14, 18.8%	 loss: 1.781 acc@1: 55.55 mrr: 68.61, ndcg: 73.60, took: 3.13s
Epoch 14, 21.9%	 loss: 1.764 acc@1: 56.02 mrr: 68.90, ndcg: 73.89, took: 2.93s
Epoch 14, 25.1%	 loss: 1.769 acc@1: 55.35 mrr: 68.29, ndcg: 73.41, took: 3.21s
Epoch 14, 28.2%	 loss: 1.777 acc@1: 54.49 mrr: 67.74, ndcg: 73.06, took: 2.98s
Epoch 14, 31.3%	 loss: 1.731 acc@1: 55.51 mrr: 68.76, ndcg: 73.89, took: 3.62s
Epoch 14, 34.5%	 loss: 1.782 acc@1: 56.52 mrr: 69.01, ndcg: 73.93, took: 2.93s
Epoch 14, 37.6%	 loss: 1.751 acc@1: 56.52 mrr: 69.06, ndcg: 74.06, took: 3.12s
Epoch 14, 40.8%	 loss: 1.732 acc@1: 56.52 mrr: 69.20, ndcg: 74.42, took: 3.24s
Epoch 14, 43.9%	 loss: 1.808 acc@1: 54.65 mrr: 67.79, ndcg: 72.97, took: 3.20s
Epoch 14, 47.0%	 loss: 1.782 acc@1: 55.62 mrr: 68.31, ndcg: 73.28, took: 3.10s
Epoch 14, 50.2%	 loss: 1.747 acc@1: 54.88 mrr: 68.13, ndcg: 73.46, took: 3.13s
Epoch 14, 53.3%	 loss: 1.777 acc@1: 55.12 mrr: 68.06, ndcg: 73.30, took: 3.04s
Epoch 14, 56.4%	 loss: 1.835 acc@1: 54.30 mrr: 67.36, ndcg: 72.57, took: 3.10s
Epoch 14, 59.6%	 loss: 1.832 acc@1: 53.28 mrr: 66.92, ndcg: 72.48, took: 3.29s
Epoch 14, 62.7%	 loss: 1.794 acc@1: 54.61 mrr: 67.83, ndcg: 73.13, took: 3.11s
Epoch 14, 65.8%	 loss: 1.751 acc@1: 55.78 mrr: 68.56, ndcg: 73.57, took: 3.12s
Epoch 14, 69.0%	 loss: 1.823 acc@1: 54.69 mrr: 67.51, ndcg: 72.64, took: 2.91s
Epoch 14, 72.1%	 loss: 1.825 acc@1: 54.84 mrr: 67.57, ndcg: 72.64, took: 3.05s
Epoch 14, 75.2%	 loss: 1.836 acc@1: 54.49 mrr: 67.33, ndcg: 72.43, took: 3.01s
Epoch 14, 78.4%	 loss: 1.731 acc@1: 56.88 mrr: 69.55, ndcg: 74.34, took: 3.06s
Epoch 14, 81.5%	 loss: 1.757 acc@1: 55.78 mrr: 68.64, ndcg: 73.59, took: 3.10s
Epoch 14, 84.6%	 loss: 1.749 acc@1: 56.37 mrr: 68.97, ndcg: 73.88, took: 3.37s
Epoch 14, 87.8%	 loss: 1.792 acc@1: 55.04 mrr: 68.11, ndcg: 73.26, took: 3.19s
Epoch 14, 90.9%	 loss: 1.714 acc@1: 55.78 mrr: 69.17, ndcg: 74.40, took: 3.07s
Epoch 14, 94.0%	 loss: 1.757 acc@1: 56.37 mrr: 69.06, ndcg: 74.06, took: 3.21s
Epoch 14, 97.2%	 loss: 1.761 acc@1: 55.55 mrr: 68.56, ndcg: 73.63, took: 3.34s
Validation - loss: 2.8606, acc@1: 51.04%, f1: 43.54%, mrr: 63.03%, ndcg: 67.64%
Current learning rate: 0.000119

=== Epoch 15 ===
Epoch 15, 3.1%	 loss: 1.772 acc@1: 55.27 mrr: 68.39, ndcg: 73.68, took: 3.03s
Epoch 15, 6.3%	 loss: 1.786 acc@1: 55.08 mrr: 68.18, ndcg: 73.46, took: 2.92s
Epoch 15, 9.4%	 loss: 1.787 acc@1: 54.92 mrr: 68.07, ndcg: 73.27, took: 3.02s
Epoch 15, 12.5%	 loss: 1.722 acc@1: 56.95 mrr: 69.42, ndcg: 74.45, took: 3.34s
Epoch 15, 15.7%	 loss: 1.796 acc@1: 53.67 mrr: 67.37, ndcg: 72.81, took: 3.13s
Epoch 15, 18.8%	 loss: 1.809 acc@1: 54.73 mrr: 67.82, ndcg: 73.03, took: 3.03s
Epoch 15, 21.9%	 loss: 1.706 acc@1: 56.33 mrr: 69.64, ndcg: 74.75, took: 3.11s
Epoch 15, 25.1%	 loss: 1.752 acc@1: 55.82 mrr: 68.57, ndcg: 73.95, took: 2.85s
Epoch 15, 28.2%	 loss: 1.718 acc@1: 55.94 mrr: 69.07, ndcg: 74.07, took: 3.16s
Epoch 15, 31.3%	 loss: 1.748 acc@1: 54.69 mrr: 68.23, ndcg: 73.52, took: 3.05s
Epoch 15, 34.5%	 loss: 1.734 acc@1: 56.29 mrr: 69.15, ndcg: 74.09, took: 3.32s
Epoch 15, 37.6%	 loss: 1.760 acc@1: 55.66 mrr: 68.71, ndcg: 73.92, took: 3.19s
Epoch 15, 40.8%	 loss: 1.757 acc@1: 55.35 mrr: 68.42, ndcg: 73.58, took: 3.40s
Epoch 15, 43.9%	 loss: 1.774 acc@1: 55.08 mrr: 68.01, ndcg: 73.09, took: 3.19s
Epoch 15, 47.0%	 loss: 1.781 acc@1: 55.47 mrr: 68.36, ndcg: 73.42, took: 3.18s
Epoch 15, 50.2%	 loss: 1.740 acc@1: 56.64 mrr: 69.32, ndcg: 74.25, took: 3.23s
Epoch 15, 53.3%	 loss: 1.788 acc@1: 54.80 mrr: 67.79, ndcg: 73.01, took: 2.94s
Epoch 15, 56.4%	 loss: 1.735 acc@1: 56.02 mrr: 68.94, ndcg: 73.92, took: 3.13s
Epoch 15, 59.6%	 loss: 1.790 acc@1: 54.53 mrr: 67.72, ndcg: 73.03, took: 3.24s
Epoch 15, 62.7%	 loss: 1.748 acc@1: 54.57 mrr: 68.13, ndcg: 73.51, took: 3.16s
Epoch 15, 65.8%	 loss: 1.770 acc@1: 54.65 mrr: 67.86, ndcg: 73.19, took: 3.17s
Epoch 15, 69.0%	 loss: 1.758 acc@1: 55.43 mrr: 68.44, ndcg: 73.64, took: 2.83s
Epoch 15, 72.1%	 loss: 1.719 acc@1: 55.90 mrr: 69.05, ndcg: 74.18, took: 3.10s
Epoch 15, 75.2%	 loss: 1.755 acc@1: 55.66 mrr: 68.35, ndcg: 73.61, took: 3.01s
Epoch 15, 78.4%	 loss: 1.740 acc@1: 57.07 mrr: 69.44, ndcg: 74.38, took: 3.22s
Epoch 15, 81.5%	 loss: 1.754 acc@1: 55.86 mrr: 68.74, ndcg: 74.02, took: 2.94s
Epoch 15, 84.6%	 loss: 1.799 acc@1: 54.10 mrr: 67.44, ndcg: 72.86, took: 2.98s
Epoch 15, 87.8%	 loss: 1.748 acc@1: 56.29 mrr: 69.07, ndcg: 74.12, took: 3.09s
Epoch 15, 90.9%	 loss: 1.735 acc@1: 56.25 mrr: 69.02, ndcg: 74.06, took: 3.28s
Epoch 15, 94.0%	 loss: 1.826 acc@1: 54.38 mrr: 67.43, ndcg: 72.45, took: 3.24s
Epoch 15, 97.2%	 loss: 1.785 acc@1: 55.62 mrr: 68.24, ndcg: 73.30, took: 3.10s
Validation - loss: 2.8635, acc@1: 50.88%, f1: 43.68%, mrr: 62.87%, ndcg: 67.52%
Current learning rate: 0.000119

=== Epoch 16 ===
Epoch 16, 3.1%	 loss: 1.708 acc@1: 56.25 mrr: 69.23, ndcg: 74.39, took: 3.19s
Epoch 16, 6.3%	 loss: 1.732 acc@1: 57.81 mrr: 69.73, ndcg: 74.64, took: 3.10s
Epoch 16, 9.4%	 loss: 1.817 acc@1: 53.87 mrr: 67.27, ndcg: 72.47, took: 3.15s
Epoch 16, 12.5%	 loss: 1.758 acc@1: 55.39 mrr: 68.24, ndcg: 73.45, took: 3.17s
Epoch 16, 15.7%	 loss: 1.676 acc@1: 56.99 mrr: 70.05, ndcg: 75.22, took: 2.99s
Epoch 16, 18.8%	 loss: 1.748 acc@1: 55.23 mrr: 68.50, ndcg: 73.76, took: 3.15s
Epoch 16, 21.9%	 loss: 1.794 acc@1: 55.66 mrr: 68.17, ndcg: 73.23, took: 3.05s
Epoch 16, 25.1%	 loss: 1.712 acc@1: 56.41 mrr: 69.04, ndcg: 74.32, took: 3.16s
Epoch 16, 28.2%	 loss: 1.770 acc@1: 56.02 mrr: 68.51, ndcg: 73.51, took: 3.00s
Epoch 16, 31.3%	 loss: 1.733 acc@1: 56.33 mrr: 69.04, ndcg: 74.14, took: 3.00s
Epoch 16, 34.5%	 loss: 1.711 acc@1: 56.21 mrr: 69.29, ndcg: 74.53, took: 3.12s
Epoch 16, 37.6%	 loss: 1.772 acc@1: 55.94 mrr: 68.75, ndcg: 73.89, took: 3.03s
Epoch 16, 40.8%	 loss: 1.768 acc@1: 55.94 mrr: 68.63, ndcg: 73.67, took: 3.21s
Epoch 16, 43.9%	 loss: 1.744 acc@1: 56.33 mrr: 68.93, ndcg: 74.19, took: 3.25s
Epoch 16, 47.0%	 loss: 1.782 acc@1: 54.69 mrr: 68.09, ndcg: 73.34, took: 2.94s
Epoch 16, 50.2%	 loss: 1.715 acc@1: 56.25 mrr: 69.28, ndcg: 74.40, took: 2.99s
Epoch 16, 53.3%	 loss: 1.775 acc@1: 54.14 mrr: 67.51, ndcg: 72.86, took: 3.01s
Epoch 16, 56.4%	 loss: 1.783 acc@1: 56.05 mrr: 68.60, ndcg: 73.56, took: 3.56s
Epoch 16, 59.6%	 loss: 1.806 acc@1: 53.71 mrr: 66.98, ndcg: 72.37, took: 3.02s
Epoch 16, 62.7%	 loss: 1.772 acc@1: 55.70 mrr: 68.48, ndcg: 73.57, took: 3.25s
Epoch 16, 65.8%	 loss: 1.788 acc@1: 54.34 mrr: 67.94, ndcg: 73.34, took: 3.07s
Epoch 16, 69.0%	 loss: 1.755 acc@1: 56.13 mrr: 68.92, ndcg: 74.02, took: 2.89s
Epoch 16, 72.1%	 loss: 1.770 acc@1: 56.25 mrr: 68.73, ndcg: 73.68, took: 3.35s
Epoch 16, 75.2%	 loss: 1.708 acc@1: 56.17 mrr: 68.94, ndcg: 74.17, took: 3.46s
Epoch 16, 78.4%	 loss: 1.840 acc@1: 52.89 mrr: 66.66, ndcg: 72.25, took: 3.12s
Epoch 16, 81.5%	 loss: 1.750 acc@1: 55.43 mrr: 68.50, ndcg: 73.75, took: 3.20s
Epoch 16, 84.6%	 loss: 1.770 acc@1: 55.66 mrr: 68.20, ndcg: 73.46, took: 3.37s
Epoch 16, 87.8%	 loss: 1.713 acc@1: 56.45 mrr: 69.29, ndcg: 74.29, took: 2.93s
Epoch 16, 90.9%	 loss: 1.732 acc@1: 57.19 mrr: 69.51, ndcg: 74.44, took: 3.05s
Epoch 16, 94.0%	 loss: 1.715 acc@1: 56.37 mrr: 69.30, ndcg: 74.50, took: 3.32s
Epoch 16, 97.2%	 loss: 1.767 acc@1: 55.55 mrr: 68.40, ndcg: 73.57, took: 3.15s
Validation - loss: 2.8655, acc@1: 50.97%, f1: 43.69%, mrr: 62.98%, ndcg: 67.63%
Current learning rate: 0.000119

=== Epoch 17 ===
Epoch 17, 3.1%	 loss: 1.765 acc@1: 55.39 mrr: 68.37, ndcg: 73.62, took: 2.91s
Epoch 17, 6.3%	 loss: 1.748 acc@1: 55.78 mrr: 68.73, ndcg: 73.84, took: 2.90s
Epoch 17, 9.4%	 loss: 1.756 acc@1: 55.55 mrr: 68.58, ndcg: 73.70, took: 3.27s
Epoch 17, 12.5%	 loss: 1.780 acc@1: 54.92 mrr: 67.96, ndcg: 73.28, took: 3.00s
Epoch 17, 15.7%	 loss: 1.714 acc@1: 56.41 mrr: 69.24, ndcg: 74.45, took: 3.25s
Epoch 17, 18.8%	 loss: 1.720 acc@1: 55.98 mrr: 68.90, ndcg: 73.96, took: 3.19s
Epoch 17, 21.9%	 loss: 1.737 acc@1: 56.37 mrr: 69.11, ndcg: 74.17, took: 3.02s
Epoch 17, 25.1%	 loss: 1.675 acc@1: 56.60 mrr: 69.54, ndcg: 74.70, took: 3.16s
Epoch 17, 28.2%	 loss: 1.872 acc@1: 54.38 mrr: 66.83, ndcg: 72.08, took: 2.98s
Epoch 17, 31.3%	 loss: 1.774 acc@1: 54.92 mrr: 68.19, ndcg: 73.34, took: 3.21s
Epoch 17, 34.5%	 loss: 1.703 acc@1: 56.48 mrr: 69.14, ndcg: 74.22, took: 3.08s
Epoch 17, 37.6%	 loss: 1.781 acc@1: 53.95 mrr: 67.57, ndcg: 73.07, took: 3.41s
Epoch 17, 40.8%	 loss: 1.721 acc@1: 56.52 mrr: 69.27, ndcg: 74.38, took: 3.41s
Epoch 17, 43.9%	 loss: 1.795 acc@1: 54.69 mrr: 67.82, ndcg: 73.06, took: 3.17s
Epoch 17, 47.0%	 loss: 1.717 acc@1: 55.00 mrr: 68.48, ndcg: 73.98, took: 3.11s
Epoch 17, 50.2%	 loss: 1.782 acc@1: 54.77 mrr: 67.86, ndcg: 73.25, took: 3.12s
Epoch 17, 53.3%	 loss: 1.717 acc@1: 56.76 mrr: 69.45, ndcg: 74.72, took: 3.16s
Epoch 17, 56.4%	 loss: 1.771 acc@1: 56.09 mrr: 68.75, ndcg: 73.81, took: 2.93s
Epoch 17, 59.6%	 loss: 1.758 acc@1: 56.37 mrr: 68.66, ndcg: 73.76, took: 3.08s
Epoch 17, 62.7%	 loss: 1.700 acc@1: 57.34 mrr: 69.86, ndcg: 74.72, took: 3.17s
Epoch 17, 65.8%	 loss: 1.730 acc@1: 55.27 mrr: 68.56, ndcg: 73.83, took: 3.02s
Epoch 17, 69.0%	 loss: 1.786 acc@1: 54.88 mrr: 68.06, ndcg: 73.45, took: 3.03s
Epoch 17, 72.1%	 loss: 1.746 acc@1: 55.55 mrr: 68.66, ndcg: 73.77, took: 3.44s
Epoch 17, 75.2%	 loss: 1.676 acc@1: 54.96 mrr: 68.75, ndcg: 74.38, took: 2.84s
Epoch 17, 78.4%	 loss: 1.704 acc@1: 56.41 mrr: 69.37, ndcg: 74.50, took: 3.19s
Epoch 17, 81.5%	 loss: 1.722 acc@1: 55.43 mrr: 68.74, ndcg: 74.13, took: 3.35s
Epoch 17, 84.6%	 loss: 1.691 acc@1: 57.81 mrr: 70.05, ndcg: 75.07, took: 3.43s
Epoch 17, 87.8%	 loss: 1.723 acc@1: 56.72 mrr: 69.20, ndcg: 74.01, took: 3.01s
Epoch 17, 90.9%	 loss: 1.718 acc@1: 56.56 mrr: 69.35, ndcg: 74.55, took: 2.92s
Epoch 17, 94.0%	 loss: 1.672 acc@1: 56.13 mrr: 69.57, ndcg: 74.84, took: 3.15s
Epoch 17, 97.2%	 loss: 1.770 acc@1: 55.27 mrr: 68.32, ndcg: 73.65, took: 2.84s
Validation - loss: 2.8680, acc@1: 51.04%, f1: 43.95%, mrr: 62.93%, ndcg: 67.57%
Current learning rate: 0.000119

=== Epoch 18 ===
Epoch 18, 3.1%	 loss: 1.713 acc@1: 55.39 mrr: 68.86, ndcg: 74.12, took: 3.23s
Epoch 18, 6.3%	 loss: 1.769 acc@1: 55.20 mrr: 68.24, ndcg: 73.34, took: 3.22s
Epoch 18, 9.4%	 loss: 1.772 acc@1: 55.47 mrr: 68.18, ndcg: 73.34, took: 3.10s
Epoch 18, 12.5%	 loss: 1.697 acc@1: 56.64 mrr: 69.51, ndcg: 74.78, took: 3.23s
Epoch 18, 15.7%	 loss: 1.734 acc@1: 55.23 mrr: 68.35, ndcg: 73.69, took: 3.32s
Epoch 18, 18.8%	 loss: 1.746 acc@1: 56.88 mrr: 69.08, ndcg: 74.18, took: 3.20s
Epoch 18, 21.9%	 loss: 1.736 acc@1: 56.05 mrr: 68.89, ndcg: 74.10, took: 3.22s
Epoch 18, 25.1%	 loss: 1.748 acc@1: 55.12 mrr: 68.25, ndcg: 73.59, took: 2.88s
Epoch 18, 28.2%	 loss: 1.739 acc@1: 56.09 mrr: 68.74, ndcg: 73.71, took: 3.17s
Epoch 18, 31.3%	 loss: 1.797 acc@1: 54.14 mrr: 67.48, ndcg: 72.80, took: 3.10s
Epoch 18, 34.5%	 loss: 1.648 acc@1: 57.23 mrr: 70.32, ndcg: 75.55, took: 2.93s
Epoch 18, 37.6%	 loss: 1.699 acc@1: 56.56 mrr: 69.35, ndcg: 74.46, took: 3.09s
Epoch 18, 40.8%	 loss: 1.716 acc@1: 55.31 mrr: 68.55, ndcg: 73.88, took: 3.31s
Epoch 18, 43.9%	 loss: 1.699 acc@1: 56.60 mrr: 69.35, ndcg: 74.54, took: 3.01s
Epoch 18, 47.0%	 loss: 1.713 acc@1: 55.94 mrr: 68.97, ndcg: 74.24, took: 3.11s
Epoch 18, 50.2%	 loss: 1.761 acc@1: 55.47 mrr: 68.19, ndcg: 73.17, took: 3.14s
Epoch 18, 53.3%	 loss: 1.696 acc@1: 56.02 mrr: 69.15, ndcg: 74.45, took: 3.15s
Epoch 18, 56.4%	 loss: 1.735 acc@1: 56.02 mrr: 68.94, ndcg: 74.26, took: 3.09s
Epoch 18, 59.6%	 loss: 1.713 acc@1: 57.15 mrr: 69.46, ndcg: 74.51, took: 3.05s
Epoch 18, 62.7%	 loss: 1.750 acc@1: 55.70 mrr: 68.64, ndcg: 73.88, took: 3.24s
Epoch 18, 65.8%	 loss: 1.797 acc@1: 55.66 mrr: 68.19, ndcg: 73.31, took: 3.34s
Epoch 18, 69.0%	 loss: 1.720 acc@1: 55.59 mrr: 68.62, ndcg: 73.76, took: 2.96s
Epoch 18, 72.1%	 loss: 1.751 acc@1: 56.05 mrr: 68.73, ndcg: 73.69, took: 3.37s
Epoch 18, 75.2%	 loss: 1.732 acc@1: 56.68 mrr: 69.21, ndcg: 74.32, took: 3.06s
Epoch 18, 78.4%	 loss: 1.708 acc@1: 55.86 mrr: 69.18, ndcg: 74.42, took: 3.18s
Epoch 18, 81.5%	 loss: 1.790 acc@1: 54.77 mrr: 67.81, ndcg: 73.11, took: 3.23s
Epoch 18, 84.6%	 loss: 1.687 acc@1: 56.41 mrr: 69.50, ndcg: 74.71, took: 3.06s
Epoch 18, 87.8%	 loss: 1.731 acc@1: 56.25 mrr: 68.85, ndcg: 74.02, took: 3.31s
Epoch 18, 90.9%	 loss: 1.719 acc@1: 57.62 mrr: 69.61, ndcg: 74.48, took: 3.28s
Epoch 18, 94.0%	 loss: 1.753 acc@1: 55.78 mrr: 68.83, ndcg: 73.97, took: 3.09s
Epoch 18, 97.2%	 loss: 1.728 acc@1: 55.74 mrr: 68.94, ndcg: 74.34, took: 2.97s
Validation - loss: 2.8715, acc@1: 50.84%, f1: 43.79%, mrr: 62.91%, ndcg: 67.53%
Current learning rate: 0.000012

=== Epoch 19 ===
Epoch 19, 3.1%	 loss: 1.762 acc@1: 54.53 mrr: 68.23, ndcg: 73.42, took: 3.32s
Epoch 19, 6.3%	 loss: 1.744 acc@1: 55.62 mrr: 68.51, ndcg: 73.49, took: 3.27s
Epoch 19, 9.4%	 loss: 1.735 acc@1: 55.74 mrr: 68.92, ndcg: 74.30, took: 3.21s
Epoch 19, 12.5%	 loss: 1.743 acc@1: 56.29 mrr: 68.70, ndcg: 73.91, took: 3.11s
Epoch 19, 15.7%	 loss: 1.812 acc@1: 54.34 mrr: 67.53, ndcg: 72.72, took: 3.48s
Epoch 19, 18.8%	 loss: 1.798 acc@1: 54.38 mrr: 67.76, ndcg: 72.93, took: 3.09s
Epoch 19, 21.9%	 loss: 1.735 acc@1: 56.17 mrr: 69.28, ndcg: 74.26, took: 3.18s
Epoch 19, 25.1%	 loss: 1.787 acc@1: 55.20 mrr: 68.39, ndcg: 73.43, took: 3.02s
Epoch 19, 28.2%	 loss: 1.855 acc@1: 53.48 mrr: 66.78, ndcg: 72.02, took: 3.26s
Epoch 19, 31.3%	 loss: 1.748 acc@1: 56.84 mrr: 69.21, ndcg: 74.24, took: 2.86s
Epoch 19, 34.5%	 loss: 1.729 acc@1: 55.78 mrr: 68.83, ndcg: 74.08, took: 3.16s
Epoch 19, 37.6%	 loss: 1.823 acc@1: 54.73 mrr: 67.60, ndcg: 72.51, took: 3.31s
Epoch 19, 40.8%	 loss: 1.826 acc@1: 53.63 mrr: 66.88, ndcg: 72.00, took: 3.15s
Epoch 19, 43.9%	 loss: 1.850 acc@1: 53.55 mrr: 66.92, ndcg: 72.28, took: 3.22s
Epoch 19, 47.0%	 loss: 1.746 acc@1: 55.74 mrr: 68.65, ndcg: 73.75, took: 3.02s
Epoch 19, 50.2%	 loss: 1.731 acc@1: 55.94 mrr: 68.88, ndcg: 74.05, took: 3.17s
Epoch 19, 53.3%	 loss: 1.779 acc@1: 55.39 mrr: 68.23, ndcg: 73.35, took: 3.13s
Epoch 19, 56.4%	 loss: 1.728 acc@1: 57.19 mrr: 69.41, ndcg: 74.21, took: 3.19s
Epoch 19, 59.6%	 loss: 1.732 acc@1: 56.09 mrr: 69.09, ndcg: 74.27, took: 3.11s
Epoch 19, 62.7%	 loss: 1.753 acc@1: 55.16 mrr: 68.32, ndcg: 73.44, took: 2.84s
Epoch 19, 65.8%	 loss: 1.751 acc@1: 54.92 mrr: 68.29, ndcg: 73.55, took: 3.01s
Epoch 19, 69.0%	 loss: 1.810 acc@1: 55.51 mrr: 68.11, ndcg: 73.26, took: 3.17s
Epoch 19, 72.1%	 loss: 1.732 acc@1: 55.98 mrr: 68.93, ndcg: 74.12, took: 3.22s
Epoch 19, 75.2%	 loss: 1.786 acc@1: 54.69 mrr: 67.78, ndcg: 73.05, took: 3.20s
Epoch 19, 78.4%	 loss: 1.719 acc@1: 56.02 mrr: 69.04, ndcg: 74.19, took: 3.05s
Epoch 19, 81.5%	 loss: 1.765 acc@1: 55.62 mrr: 68.53, ndcg: 73.73, took: 3.24s
Epoch 19, 84.6%	 loss: 1.726 acc@1: 57.30 mrr: 69.67, ndcg: 74.53, took: 3.19s
Epoch 19, 87.8%	 loss: 1.799 acc@1: 54.92 mrr: 68.17, ndcg: 73.29, took: 3.07s
Epoch 19, 90.9%	 loss: 1.835 acc@1: 55.51 mrr: 67.76, ndcg: 72.80, took: 3.35s
Epoch 19, 94.0%	 loss: 1.741 acc@1: 57.03 mrr: 69.41, ndcg: 74.28, took: 3.28s
Epoch 19, 97.2%	 loss: 1.769 acc@1: 54.73 mrr: 68.07, ndcg: 73.45, took: 3.35s
Validation - loss: 2.8580, acc@1: 51.16%, f1: 43.72%, mrr: 63.10%, ndcg: 67.71%
Current learning rate: 0.000012

=== Epoch 20 ===
Epoch 20, 3.1%	 loss: 1.775 acc@1: 54.80 mrr: 68.22, ndcg: 73.49, took: 3.20s
Epoch 20, 6.3%	 loss: 1.706 acc@1: 56.72 mrr: 69.28, ndcg: 74.49, took: 3.02s
Epoch 20, 9.4%	 loss: 1.750 acc@1: 55.55 mrr: 68.56, ndcg: 73.80, took: 2.74s
Epoch 20, 12.5%	 loss: 1.793 acc@1: 55.62 mrr: 68.44, ndcg: 73.54, took: 3.46s
Epoch 20, 15.7%	 loss: 1.768 acc@1: 54.84 mrr: 68.14, ndcg: 73.31, took: 3.12s
Epoch 20, 18.8%	 loss: 1.704 acc@1: 57.58 mrr: 70.05, ndcg: 74.83, took: 2.91s
Epoch 20, 21.9%	 loss: 1.740 acc@1: 56.76 mrr: 69.09, ndcg: 74.14, took: 3.10s
Epoch 20, 25.1%	 loss: 1.752 acc@1: 56.21 mrr: 68.63, ndcg: 73.74, took: 3.26s
Epoch 20, 28.2%	 loss: 1.762 acc@1: 55.51 mrr: 68.60, ndcg: 73.67, took: 3.20s
Epoch 20, 31.3%	 loss: 1.836 acc@1: 53.87 mrr: 67.01, ndcg: 72.29, took: 3.16s
Epoch 20, 34.5%	 loss: 1.796 acc@1: 53.95 mrr: 67.59, ndcg: 72.97, took: 3.35s
Epoch 20, 37.6%	 loss: 1.782 acc@1: 55.47 mrr: 68.19, ndcg: 73.23, took: 3.15s
Epoch 20, 40.8%	 loss: 1.794 acc@1: 55.31 mrr: 68.12, ndcg: 73.25, took: 3.19s
Epoch 20, 43.9%	 loss: 1.846 acc@1: 54.61 mrr: 67.34, ndcg: 72.44, took: 3.01s
Epoch 20, 47.0%	 loss: 1.715 acc@1: 57.15 mrr: 69.70, ndcg: 74.68, took: 3.07s
Epoch 20, 50.2%	 loss: 1.774 acc@1: 56.05 mrr: 68.44, ndcg: 73.49, took: 3.27s
Epoch 20, 53.3%	 loss: 1.779 acc@1: 54.84 mrr: 68.05, ndcg: 73.13, took: 3.32s
Epoch 20, 56.4%	 loss: 1.823 acc@1: 55.70 mrr: 68.23, ndcg: 73.26, took: 3.18s
Epoch 20, 59.6%	 loss: 1.777 acc@1: 54.80 mrr: 67.81, ndcg: 73.18, took: 3.32s
Epoch 20, 62.7%	 loss: 1.697 acc@1: 56.25 mrr: 69.25, ndcg: 74.38, took: 3.08s
Epoch 20, 65.8%	 loss: 1.745 acc@1: 55.70 mrr: 68.98, ndcg: 74.10, took: 2.97s
Epoch 20, 69.0%	 loss: 1.725 acc@1: 57.89 mrr: 69.83, ndcg: 74.77, took: 3.45s
Epoch 20, 72.1%	 loss: 1.853 acc@1: 52.54 mrr: 66.54, ndcg: 72.01, took: 2.85s
Epoch 20, 75.2%	 loss: 1.789 acc@1: 54.14 mrr: 67.64, ndcg: 73.15, took: 3.20s
Epoch 20, 78.4%	 loss: 1.750 acc@1: 55.08 mrr: 68.43, ndcg: 73.78, took: 3.25s
Epoch 20, 81.5%	 loss: 1.732 acc@1: 55.82 mrr: 68.90, ndcg: 73.90, took: 3.08s
Epoch 20, 84.6%	 loss: 1.772 acc@1: 54.92 mrr: 68.12, ndcg: 73.45, took: 3.21s
Epoch 20, 87.8%	 loss: 1.782 acc@1: 55.27 mrr: 68.11, ndcg: 73.06, took: 3.01s
Epoch 20, 90.9%	 loss: 1.740 acc@1: 56.02 mrr: 68.62, ndcg: 73.76, took: 3.29s
Epoch 20, 94.0%	 loss: 1.712 acc@1: 57.15 mrr: 69.75, ndcg: 74.95, took: 3.47s
Epoch 20, 97.2%	 loss: 1.729 acc@1: 56.64 mrr: 69.39, ndcg: 74.24, took: 2.98s
Validation - loss: 2.8565, acc@1: 51.16%, f1: 43.65%, mrr: 63.12%, ndcg: 67.73%
Current learning rate: 0.000012

=== Epoch 21 ===
Epoch 21, 3.1%	 loss: 1.712 acc@1: 56.48 mrr: 69.42, ndcg: 74.48, took: 3.24s
Epoch 21, 6.3%	 loss: 1.775 acc@1: 53.95 mrr: 67.76, ndcg: 73.18, took: 3.06s
Epoch 21, 9.4%	 loss: 1.748 acc@1: 55.70 mrr: 68.69, ndcg: 73.98, took: 2.96s
Epoch 21, 12.5%	 loss: 1.766 acc@1: 55.04 mrr: 68.25, ndcg: 73.43, took: 3.03s
Epoch 21, 15.7%	 loss: 1.753 acc@1: 56.45 mrr: 68.90, ndcg: 73.86, took: 3.23s
Epoch 21, 18.8%	 loss: 1.835 acc@1: 53.48 mrr: 66.91, ndcg: 72.24, took: 2.95s
Epoch 21, 21.9%	 loss: 1.776 acc@1: 55.78 mrr: 68.37, ndcg: 73.37, took: 3.30s
Epoch 21, 25.1%	 loss: 1.746 acc@1: 56.41 mrr: 69.05, ndcg: 74.09, took: 3.18s
Epoch 21, 28.2%	 loss: 1.748 acc@1: 55.90 mrr: 68.92, ndcg: 74.07, took: 3.19s
Epoch 21, 31.3%	 loss: 1.782 acc@1: 55.39 mrr: 68.10, ndcg: 73.30, took: 3.21s
Epoch 21, 34.5%	 loss: 1.717 acc@1: 56.45 mrr: 69.07, ndcg: 74.05, took: 3.33s
Epoch 21, 37.6%	 loss: 1.759 acc@1: 56.64 mrr: 69.12, ndcg: 74.01, took: 3.10s
Epoch 21, 40.8%	 loss: 1.726 acc@1: 55.86 mrr: 68.82, ndcg: 73.99, took: 3.02s
Epoch 21, 43.9%	 loss: 1.837 acc@1: 52.58 mrr: 66.34, ndcg: 71.80, took: 3.01s
Epoch 21, 47.0%	 loss: 1.679 acc@1: 56.45 mrr: 69.58, ndcg: 74.75, took: 3.12s
Epoch 21, 50.2%	 loss: 1.744 acc@1: 55.47 mrr: 68.62, ndcg: 73.90, took: 3.12s
Epoch 21, 53.3%	 loss: 1.748 acc@1: 55.94 mrr: 68.79, ndcg: 73.95, took: 3.23s
Epoch 21, 56.4%	 loss: 1.738 acc@1: 55.98 mrr: 69.02, ndcg: 74.27, took: 3.22s
Epoch 21, 59.6%	 loss: 1.763 acc@1: 54.80 mrr: 67.87, ndcg: 73.18, took: 2.96s
Epoch 21, 62.7%	 loss: 1.821 acc@1: 55.47 mrr: 67.80, ndcg: 72.84, took: 3.23s
Epoch 21, 65.8%	 loss: 1.777 acc@1: 55.59 mrr: 68.40, ndcg: 73.52, took: 3.00s
Epoch 21, 69.0%	 loss: 1.756 acc@1: 55.20 mrr: 68.64, ndcg: 73.83, took: 3.10s
Epoch 21, 72.1%	 loss: 1.758 acc@1: 56.88 mrr: 69.29, ndcg: 74.27, took: 3.37s
Epoch 21, 75.2%	 loss: 1.794 acc@1: 54.61 mrr: 67.73, ndcg: 72.91, took: 3.28s
Epoch 21, 78.4%	 loss: 1.760 acc@1: 56.60 mrr: 68.71, ndcg: 73.74, took: 3.08s
Epoch 21, 81.5%	 loss: 1.780 acc@1: 55.78 mrr: 68.52, ndcg: 73.36, took: 3.05s
Epoch 21, 84.6%	 loss: 1.796 acc@1: 55.27 mrr: 68.15, ndcg: 73.41, took: 3.00s
Epoch 21, 87.8%	 loss: 1.744 acc@1: 56.25 mrr: 69.05, ndcg: 74.19, took: 3.11s
Epoch 21, 90.9%	 loss: 1.731 acc@1: 56.76 mrr: 69.51, ndcg: 74.48, took: 3.27s
Epoch 21, 94.0%	 loss: 1.822 acc@1: 54.57 mrr: 67.60, ndcg: 72.85, took: 3.14s
Epoch 21, 97.2%	 loss: 1.695 acc@1: 57.07 mrr: 69.65, ndcg: 74.72, took: 3.37s
Validation - loss: 2.8575, acc@1: 51.04%, f1: 43.64%, mrr: 63.00%, ndcg: 67.63%
Current learning rate: 0.000012

=== Epoch 22 ===
Epoch 22, 3.1%	 loss: 1.768 acc@1: 56.13 mrr: 68.78, ndcg: 73.80, took: 3.30s
Epoch 22, 6.3%	 loss: 1.774 acc@1: 55.08 mrr: 68.27, ndcg: 73.32, took: 3.34s
Epoch 22, 9.4%	 loss: 1.720 acc@1: 56.17 mrr: 69.09, ndcg: 74.28, took: 3.21s
Epoch 22, 12.5%	 loss: 1.751 acc@1: 56.17 mrr: 68.69, ndcg: 73.86, took: 3.01s
Epoch 22, 15.7%	 loss: 1.774 acc@1: 55.98 mrr: 68.61, ndcg: 73.85, took: 2.89s
Epoch 22, 18.8%	 loss: 1.779 acc@1: 55.20 mrr: 68.32, ndcg: 73.53, took: 3.52s
Epoch 22, 21.9%	 loss: 1.774 acc@1: 55.39 mrr: 68.06, ndcg: 73.21, took: 3.30s
Epoch 22, 25.1%	 loss: 1.741 acc@1: 55.78 mrr: 68.46, ndcg: 73.62, took: 3.30s
Epoch 22, 28.2%	 loss: 1.758 acc@1: 55.78 mrr: 68.64, ndcg: 73.70, took: 2.97s
Epoch 22, 31.3%	 loss: 1.863 acc@1: 54.26 mrr: 66.99, ndcg: 72.32, took: 3.16s
Epoch 22, 34.5%	 loss: 1.745 acc@1: 56.41 mrr: 68.88, ndcg: 73.95, took: 3.30s
Epoch 22, 37.6%	 loss: 1.839 acc@1: 53.75 mrr: 67.17, ndcg: 72.46, took: 3.10s
Epoch 22, 40.8%	 loss: 1.722 acc@1: 57.66 mrr: 69.95, ndcg: 74.91, took: 3.02s
Epoch 22, 43.9%	 loss: 1.726 acc@1: 56.56 mrr: 69.12, ndcg: 74.15, took: 3.33s
Epoch 22, 47.0%	 loss: 1.790 acc@1: 54.92 mrr: 67.88, ndcg: 72.98, took: 3.08s
Epoch 22, 50.2%	 loss: 1.764 acc@1: 55.23 mrr: 68.34, ndcg: 73.55, took: 3.16s
Epoch 22, 53.3%	 loss: 1.690 acc@1: 55.94 mrr: 69.46, ndcg: 74.70, took: 3.18s
Epoch 22, 56.4%	 loss: 1.762 acc@1: 55.82 mrr: 68.54, ndcg: 73.81, took: 3.19s
Epoch 22, 59.6%	 loss: 1.828 acc@1: 53.36 mrr: 66.91, ndcg: 72.30, took: 3.13s
Epoch 22, 62.7%	 loss: 1.759 acc@1: 55.16 mrr: 68.35, ndcg: 73.69, took: 3.27s
Epoch 22, 65.8%	 loss: 1.719 acc@1: 57.27 mrr: 69.65, ndcg: 74.53, took: 2.91s
Epoch 22, 69.0%	 loss: 1.802 acc@1: 55.27 mrr: 68.18, ndcg: 73.25, took: 3.09s
Epoch 22, 72.1%	 loss: 1.800 acc@1: 54.18 mrr: 67.75, ndcg: 72.94, took: 3.16s
Epoch 22, 75.2%	 loss: 1.696 acc@1: 56.99 mrr: 69.60, ndcg: 74.56, took: 3.29s
Epoch 22, 78.4%	 loss: 1.807 acc@1: 56.02 mrr: 68.17, ndcg: 73.18, took: 3.12s
Epoch 22, 81.5%	 loss: 1.736 acc@1: 55.98 mrr: 68.67, ndcg: 73.88, took: 3.08s
Epoch 22, 84.6%	 loss: 1.732 acc@1: 55.78 mrr: 68.93, ndcg: 73.86, took: 3.12s
Epoch 22, 87.8%	 loss: 1.723 acc@1: 57.38 mrr: 69.74, ndcg: 74.77, took: 2.92s
Epoch 22, 90.9%	 loss: 1.787 acc@1: 54.88 mrr: 68.05, ndcg: 73.37, took: 3.17s
Epoch 22, 94.0%	 loss: 1.759 acc@1: 56.64 mrr: 69.16, ndcg: 74.24, took: 3.18s
Epoch 22, 97.2%	 loss: 1.729 acc@1: 56.45 mrr: 69.21, ndcg: 74.17, took: 2.97s
Validation - loss: 2.8565, acc@1: 51.00%, f1: 43.63%, mrr: 62.99%, ndcg: 67.63%
Current learning rate: 0.000012

=== Epoch 23 ===
Epoch 23, 3.1%	 loss: 1.742 acc@1: 55.59 mrr: 68.59, ndcg: 73.84, took: 3.06s
Epoch 23, 6.3%	 loss: 1.718 acc@1: 56.60 mrr: 69.33, ndcg: 74.43, took: 3.33s
Epoch 23, 9.4%	 loss: 1.744 acc@1: 55.94 mrr: 68.67, ndcg: 73.81, took: 3.25s
Epoch 23, 12.5%	 loss: 1.729 acc@1: 56.13 mrr: 69.02, ndcg: 74.10, took: 3.05s
Epoch 23, 15.7%	 loss: 1.767 acc@1: 55.39 mrr: 68.47, ndcg: 73.71, took: 3.17s
Epoch 23, 18.8%	 loss: 1.686 acc@1: 56.72 mrr: 69.62, ndcg: 74.85, took: 3.24s
Epoch 23, 21.9%	 loss: 1.730 acc@1: 55.43 mrr: 68.73, ndcg: 74.01, took: 2.90s
Epoch 23, 25.1%	 loss: 1.776 acc@1: 56.25 mrr: 68.59, ndcg: 73.46, took: 3.07s
Epoch 23, 28.2%	 loss: 1.738 acc@1: 56.05 mrr: 68.89, ndcg: 73.91, took: 2.88s
Epoch 23, 31.3%	 loss: 1.780 acc@1: 56.25 mrr: 68.72, ndcg: 73.75, took: 3.10s
Epoch 23, 34.5%	 loss: 1.783 acc@1: 55.74 mrr: 68.37, ndcg: 73.46, took: 2.92s
Epoch 23, 37.6%	 loss: 1.724 acc@1: 56.09 mrr: 69.13, ndcg: 74.33, took: 2.75s
Epoch 23, 40.8%	 loss: 1.736 acc@1: 56.05 mrr: 68.97, ndcg: 74.13, took: 2.73s
Epoch 23, 43.9%	 loss: 1.748 acc@1: 55.51 mrr: 68.43, ndcg: 73.60, took: 2.78s
Epoch 23, 47.0%	 loss: 1.762 acc@1: 56.13 mrr: 68.98, ndcg: 74.13, took: 3.06s
Epoch 23, 50.2%	 loss: 1.739 acc@1: 56.45 mrr: 69.22, ndcg: 74.12, took: 2.69s
Epoch 23, 53.3%	 loss: 1.732 acc@1: 55.23 mrr: 68.80, ndcg: 74.16, took: 2.84s
Epoch 23, 56.4%	 loss: 1.770 acc@1: 55.59 mrr: 68.16, ndcg: 73.25, took: 3.04s
Epoch 23, 59.6%	 loss: 1.788 acc@1: 54.96 mrr: 68.22, ndcg: 73.49, took: 2.91s
Epoch 23, 62.7%	 loss: 1.823 acc@1: 55.12 mrr: 67.90, ndcg: 72.92, took: 2.80s
Epoch 23, 65.8%	 loss: 1.749 acc@1: 55.47 mrr: 68.62, ndcg: 73.68, took: 2.84s
Epoch 23, 69.0%	 loss: 1.732 acc@1: 55.51 mrr: 68.66, ndcg: 73.85, took: 3.21s
Epoch 23, 72.1%	 loss: 1.750 acc@1: 56.45 mrr: 68.92, ndcg: 73.92, took: 3.19s
Epoch 23, 75.2%	 loss: 1.735 acc@1: 55.47 mrr: 68.64, ndcg: 73.84, took: 3.13s
Epoch 23, 78.4%	 loss: 1.744 acc@1: 55.86 mrr: 68.77, ndcg: 73.78, took: 2.90s
Epoch 23, 81.5%	 loss: 1.782 acc@1: 56.52 mrr: 68.96, ndcg: 73.87, took: 3.00s
Epoch 23, 84.6%	 loss: 1.854 acc@1: 54.53 mrr: 67.28, ndcg: 72.58, took: 3.30s
Epoch 23, 87.8%	 loss: 1.853 acc@1: 53.40 mrr: 66.35, ndcg: 71.55, took: 3.13s
Epoch 23, 90.9%	 loss: 1.754 acc@1: 55.59 mrr: 68.43, ndcg: 73.46, took: 2.97s
Epoch 23, 94.0%	 loss: 1.750 acc@1: 57.19 mrr: 69.19, ndcg: 74.13, took: 2.62s
Epoch 23, 97.2%	 loss: 1.771 acc@1: 54.61 mrr: 68.01, ndcg: 73.36, took: 2.28s
Validation - loss: 2.8581, acc@1: 51.00%, f1: 43.64%, mrr: 63.01%, ndcg: 67.64%
Current learning rate: 0.000012

=== Epoch 24 ===
Epoch 24, 3.1%	 loss: 1.763 acc@1: 55.55 mrr: 68.57, ndcg: 73.55, took: 2.59s
Epoch 24, 6.3%	 loss: 1.727 acc@1: 56.72 mrr: 69.21, ndcg: 74.31, took: 2.78s
Epoch 24, 9.4%	 loss: 1.718 acc@1: 56.29 mrr: 69.26, ndcg: 74.44, took: 2.76s
Epoch 24, 12.5%	 loss: 1.764 acc@1: 56.84 mrr: 69.04, ndcg: 73.94, took: 2.80s
Epoch 24, 15.7%	 loss: 1.747 acc@1: 55.62 mrr: 68.67, ndcg: 73.81, took: 2.64s
Epoch 24, 18.8%	 loss: 1.749 acc@1: 55.86 mrr: 68.76, ndcg: 73.95, took: 3.05s
Epoch 24, 21.9%	 loss: 1.767 acc@1: 55.55 mrr: 68.30, ndcg: 73.28, took: 3.34s
Epoch 24, 25.1%	 loss: 1.781 acc@1: 55.82 mrr: 68.62, ndcg: 73.69, took: 2.81s
Epoch 24, 28.2%	 loss: 1.776 acc@1: 56.13 mrr: 68.70, ndcg: 73.86, took: 3.02s
Epoch 24, 31.3%	 loss: 1.678 acc@1: 58.36 mrr: 70.51, ndcg: 75.63, took: 2.72s
Epoch 24, 34.5%	 loss: 1.743 acc@1: 55.98 mrr: 68.75, ndcg: 73.90, took: 2.56s
Epoch 24, 37.6%	 loss: 1.812 acc@1: 54.84 mrr: 67.75, ndcg: 72.88, took: 3.06s
Epoch 24, 40.8%	 loss: 1.735 acc@1: 57.07 mrr: 69.45, ndcg: 74.47, took: 3.35s
Epoch 24, 43.9%	 loss: 1.712 acc@1: 57.81 mrr: 69.99, ndcg: 74.85, took: 3.02s
Epoch 24, 47.0%	 loss: 1.770 acc@1: 55.20 mrr: 68.15, ndcg: 73.50, took: 3.06s
Epoch 24, 50.2%	 loss: 1.819 acc@1: 54.14 mrr: 67.32, ndcg: 72.66, took: 3.41s
Epoch 24, 53.3%	 loss: 1.748 acc@1: 56.02 mrr: 68.93, ndcg: 73.92, took: 3.53s
Epoch 24, 56.4%	 loss: 1.799 acc@1: 54.49 mrr: 67.62, ndcg: 72.84, took: 3.25s
Epoch 24, 59.6%	 loss: 1.814 acc@1: 53.20 mrr: 66.88, ndcg: 72.41, took: 3.18s
Epoch 24, 62.7%	 loss: 1.789 acc@1: 55.78 mrr: 68.51, ndcg: 73.35, took: 3.41s
Epoch 24, 65.8%	 loss: 1.769 acc@1: 54.88 mrr: 68.12, ndcg: 73.42, took: 2.97s
Epoch 24, 69.0%	 loss: 1.744 acc@1: 56.21 mrr: 68.99, ndcg: 74.04, took: 3.29s
Epoch 24, 72.1%	 loss: 1.740 acc@1: 55.59 mrr: 68.55, ndcg: 74.03, took: 3.08s
Epoch 24, 75.2%	 loss: 1.781 acc@1: 54.49 mrr: 67.98, ndcg: 73.24, took: 2.91s
Epoch 24, 78.4%	 loss: 1.728 acc@1: 57.07 mrr: 69.52, ndcg: 74.44, took: 3.13s
Epoch 24, 81.5%	 loss: 1.706 acc@1: 56.33 mrr: 69.24, ndcg: 74.49, took: 2.96s
Epoch 24, 84.6%	 loss: 1.712 acc@1: 56.41 mrr: 69.34, ndcg: 74.61, took: 3.53s
Epoch 24, 87.8%	 loss: 1.778 acc@1: 54.30 mrr: 67.85, ndcg: 73.18, took: 3.15s
Epoch 24, 90.9%	 loss: 1.760 acc@1: 55.27 mrr: 68.32, ndcg: 73.68, took: 2.97s
Epoch 24, 94.0%	 loss: 1.785 acc@1: 53.59 mrr: 67.40, ndcg: 72.95, took: 3.11s
Epoch 24, 97.2%	 loss: 1.712 acc@1: 56.95 mrr: 69.70, ndcg: 74.56, took: 3.13s
Validation - loss: 2.8568, acc@1: 51.00%, f1: 43.61%, mrr: 62.97%, ndcg: 67.62%
Current learning rate: 0.000012

=== Epoch 25 ===
Epoch 25, 3.1%	 loss: 1.764 acc@1: 54.38 mrr: 67.90, ndcg: 73.22, took: 2.93s
Epoch 25, 6.3%	 loss: 1.715 acc@1: 55.66 mrr: 68.77, ndcg: 73.97, took: 3.47s
Epoch 25, 9.4%	 loss: 1.737 acc@1: 55.59 mrr: 68.93, ndcg: 74.22, took: 3.15s
Epoch 25, 12.5%	 loss: 1.738 acc@1: 57.15 mrr: 69.51, ndcg: 74.57, took: 2.96s
Epoch 25, 15.7%	 loss: 1.729 acc@1: 55.35 mrr: 68.86, ndcg: 74.10, took: 3.17s
Epoch 25, 18.8%	 loss: 1.713 acc@1: 56.37 mrr: 69.36, ndcg: 74.40, took: 2.84s
Epoch 25, 21.9%	 loss: 1.665 acc@1: 56.80 mrr: 69.79, ndcg: 74.86, took: 3.03s
Epoch 25, 25.1%	 loss: 1.761 acc@1: 54.41 mrr: 67.91, ndcg: 73.33, took: 3.11s
Epoch 25, 28.2%	 loss: 1.798 acc@1: 54.18 mrr: 67.62, ndcg: 72.92, took: 3.19s
Epoch 25, 31.3%	 loss: 1.678 acc@1: 57.50 mrr: 69.94, ndcg: 75.04, took: 3.10s
Epoch 25, 34.5%	 loss: 1.739 acc@1: 56.05 mrr: 68.75, ndcg: 73.91, took: 3.31s
Epoch 25, 37.6%	 loss: 1.748 acc@1: 55.74 mrr: 68.58, ndcg: 73.77, took: 3.30s
Epoch 25, 40.8%	 loss: 1.698 acc@1: 56.52 mrr: 69.24, ndcg: 74.44, took: 2.92s
Epoch 25, 43.9%	 loss: 1.790 acc@1: 56.21 mrr: 68.56, ndcg: 73.61, took: 3.10s
Epoch 25, 47.0%	 loss: 1.739 acc@1: 56.05 mrr: 68.79, ndcg: 74.07, took: 3.14s
Epoch 25, 50.2%	 loss: 1.658 acc@1: 57.15 mrr: 70.08, ndcg: 75.03, took: 3.22s
Epoch 25, 53.3%	 loss: 1.756 acc@1: 56.52 mrr: 68.93, ndcg: 73.95, took: 2.87s
Epoch 25, 56.4%	 loss: 1.787 acc@1: 54.45 mrr: 67.70, ndcg: 72.97, took: 3.16s
Epoch 25, 59.6%	 loss: 1.832 acc@1: 54.88 mrr: 67.75, ndcg: 72.91, took: 3.11s
Epoch 25, 62.7%	 loss: 1.763 acc@1: 54.34 mrr: 67.89, ndcg: 73.21, took: 3.12s
Epoch 25, 65.8%	 loss: 1.820 acc@1: 55.16 mrr: 67.86, ndcg: 72.81, took: 3.07s
Epoch 25, 69.0%	 loss: 1.718 acc@1: 56.76 mrr: 69.54, ndcg: 74.49, took: 3.16s
Epoch 25, 72.1%	 loss: 1.752 acc@1: 56.64 mrr: 69.29, ndcg: 74.13, took: 3.26s
Epoch 25, 75.2%	 loss: 1.792 acc@1: 54.49 mrr: 67.70, ndcg: 72.80, took: 3.19s
Epoch 25, 78.4%	 loss: 1.837 acc@1: 53.91 mrr: 67.34, ndcg: 72.64, took: 2.83s
Epoch 25, 81.5%	 loss: 1.767 acc@1: 55.12 mrr: 68.18, ndcg: 73.48, took: 3.10s
Epoch 25, 84.6%	 loss: 1.798 acc@1: 55.20 mrr: 67.93, ndcg: 73.24, took: 3.20s
Epoch 25, 87.8%	 loss: 1.786 acc@1: 55.51 mrr: 68.28, ndcg: 73.32, took: 3.08s
Epoch 25, 90.9%	 loss: 1.738 acc@1: 56.09 mrr: 68.92, ndcg: 74.15, took: 3.16s
Epoch 25, 94.0%	 loss: 1.752 acc@1: 55.39 mrr: 68.51, ndcg: 73.65, took: 3.14s
Epoch 25, 97.2%	 loss: 1.814 acc@1: 54.45 mrr: 67.68, ndcg: 72.89, took: 3.29s
Validation - loss: 2.8562, acc@1: 51.10%, f1: 43.58%, mrr: 63.07%, ndcg: 67.67%
Training finished.	 Time: 2532.04s.	 acc@1: 51.16%

=== Test Results ===
Test Results:
  acc@1: 50.34%
  acc@5: 76.00%
  acc@10: 79.84%
  mrr: 61.52%
  ndcg: 65.75%
  f1: 43.21%

=== Training Complete ===
