2025-12-30 12:39:22,734 - INFO - ============================================================
2025-12-30 12:39:22,734 - INFO - POINTER V45 - Training Started
2025-12-30 12:39:22,734 - INFO - ============================================================
2025-12-30 12:39:22,734 - INFO - Model config: {'d_model': 32, 'dim_feedforward': 512, 'dropout': 0.15, 'nhead': 4, 'num_layers': 8}
2025-12-30 12:39:22,734 - INFO - Training config: {'batch_size': 128, 'grad_clip': 0.8, 'label_smoothing': 0.03, 'learning_rate': 0.00065, 'min_epochs': 3, 'min_lr': 1e-06, 'num_epochs': 50, 'patience': 5, 'use_amp': True, 'warmup_epochs': 5, 'weight_decay': 0.015}
2025-12-30 12:39:22,734 - INFO - ============================================================
2025-12-30 12:39:22,734 - INFO - Training for 50 epochs
2025-12-30 12:39:22,735 - INFO - Model parameters: 810,112
2025-12-30 12:40:32,924 - INFO - Epoch 1/50 | LR: 1.30e-04 | Train: 3.3107 | Val: 3.2220 | Acc@1: 48.77%
2025-12-30 12:40:32,974 - INFO -   ✓ New best (Acc@1: 48.77%)
2025-12-30 12:41:41,745 - INFO - Epoch 2/50 | LR: 2.60e-04 | Train: 3.1035 | Val: 3.1383 | Acc@1: 52.09%
2025-12-30 12:41:41,798 - INFO -   ✓ New best (Acc@1: 52.09%)
2025-12-30 12:42:50,189 - INFO - Epoch 3/50 | LR: 3.90e-04 | Train: 3.0202 | Val: 3.0992 | Acc@1: 53.22%
2025-12-30 12:42:50,242 - INFO -   ✓ New best (Acc@1: 53.22%)
2025-12-30 12:43:58,339 - INFO - Epoch 4/50 | LR: 5.20e-04 | Train: 2.9734 | Val: 3.0716 | Acc@1: 53.93%
2025-12-30 12:43:58,390 - INFO -   ✓ New best (Acc@1: 53.93%)
2025-12-30 12:45:07,903 - INFO - Epoch 5/50 | LR: 6.50e-04 | Train: 2.9293 | Val: 3.0403 | Acc@1: 53.88%
2025-12-30 12:45:07,958 - INFO -   ✓ New best (Acc@1: 53.88%)
2025-12-30 12:46:47,758 - INFO - Epoch 6/50 | LR: 6.50e-04 | Train: 2.8705 | Val: 3.0021 | Acc@1: 54.24%
2025-12-30 12:46:47,814 - INFO -   ✓ New best (Acc@1: 54.24%)
2025-12-30 12:48:28,067 - INFO - Epoch 7/50 | LR: 6.49e-04 | Train: 2.8165 | Val: 2.9867 | Acc@1: 54.69%
2025-12-30 12:48:28,123 - INFO -   ✓ New best (Acc@1: 54.69%)
2025-12-30 12:50:05,609 - INFO - Epoch 8/50 | LR: 6.47e-04 | Train: 2.7759 | Val: 2.9756 | Acc@1: 54.40%
2025-12-30 12:50:05,664 - INFO -   ✓ New best (Acc@1: 54.40%)
2025-12-30 12:51:43,775 - INFO - Epoch 9/50 | LR: 6.43e-04 | Train: 2.7391 | Val: 2.9605 | Acc@1: 54.55%
2025-12-30 12:51:43,830 - INFO -   ✓ New best (Acc@1: 54.55%)
2025-12-30 12:53:23,669 - INFO - Epoch 10/50 | LR: 6.37e-04 | Train: 2.7088 | Val: 2.9485 | Acc@1: 54.41%
2025-12-30 12:53:23,728 - INFO -   ✓ New best (Acc@1: 54.41%)
2025-12-30 12:55:04,424 - INFO - Epoch 11/50 | LR: 6.30e-04 | Train: 2.6825 | Val: 2.9477 | Acc@1: 54.49%
2025-12-30 12:55:04,479 - INFO -   ✓ New best (Acc@1: 54.49%)
2025-12-30 12:56:46,961 - INFO - Epoch 12/50 | LR: 6.22e-04 | Train: 2.6598 | Val: 2.9437 | Acc@1: 54.06%
2025-12-30 12:56:47,016 - INFO -   ✓ New best (Acc@1: 54.06%)
2025-12-30 12:58:27,524 - INFO - Epoch 13/50 | LR: 6.12e-04 | Train: 2.6431 | Val: 2.9631 | Acc@1: 54.19%
2025-12-30 13:00:07,889 - INFO - Epoch 14/50 | LR: 6.01e-04 | Train: 2.6285 | Val: 2.9721 | Acc@1: 54.37%
2025-12-30 13:01:48,084 - INFO - Epoch 15/50 | LR: 5.88e-04 | Train: 2.6210 | Val: 2.9731 | Acc@1: 53.78%
2025-12-30 13:03:27,185 - INFO - Epoch 16/50 | LR: 5.74e-04 | Train: 2.6149 | Val: 2.9828 | Acc@1: 53.81%
2025-12-30 13:05:06,106 - INFO - Epoch 17/50 | LR: 5.59e-04 | Train: 2.6138 | Val: 2.9760 | Acc@1: 54.39%
2025-12-30 13:05:06,106 - INFO - Early stopping at epoch 17
2025-12-30 13:05:06,607 - INFO - Loaded checkpoint from epoch 12
2025-12-30 13:05:18,404 - INFO - ============================================================
2025-12-30 13:05:18,404 - INFO - FINAL VALIDATION RESULTS
2025-12-30 13:05:18,404 - INFO -   Acc@1:  54.06%
2025-12-30 13:05:18,404 - INFO -   Acc@5:  79.26%
2025-12-30 13:05:18,404 - INFO -   Acc@10: 82.68%
2025-12-30 13:05:18,404 - INFO -   MRR:    65.11%
2025-12-30 13:05:18,404 - INFO -   NDCG:   69.29%
2025-12-30 13:05:18,404 - INFO - ============================================================
2025-12-30 13:05:18,404 - INFO - FINAL TEST RESULTS
2025-12-30 13:05:18,405 - INFO -   Acc@1:  54.60%
2025-12-30 13:05:18,405 - INFO -   Acc@5:  80.72%
2025-12-30 13:05:18,405 - INFO -   Acc@10: 83.84%
2025-12-30 13:05:18,405 - INFO -   MRR:    65.95%
2025-12-30 13:05:18,405 - INFO -   NDCG:   70.22%
2025-12-30 13:05:18,405 - INFO - ============================================================
