2025-12-29 06:36:57,055 - INFO - ============================================================
2025-12-29 06:36:57,055 - INFO - ABLATION STUDY: full_model
2025-12-29 06:36:57,055 - INFO - ============================================================
2025-12-29 06:36:57,055 - INFO - Ablation: Full Pointer V45 Model
2025-12-29 06:36:57,056 - INFO - Model parameters: 251,476
2025-12-29 06:36:57,056 - INFO - ============================================================
2025-12-29 06:36:57,056 - INFO - Training for 50 epochs
2025-12-29 06:36:59,809 - INFO - Epoch 1/50 | LR: 1.30e-04 | Train: 4.2286 | Val: 3.2382 | Acc@1: 38.63%
2025-12-29 06:36:59,830 - INFO -   ✓ New best (Acc@1: 38.63%)
2025-12-29 06:37:02,151 - INFO - Epoch 2/50 | LR: 2.60e-04 | Train: 3.8793 | Val: 3.1206 | Acc@1: 43.67%
2025-12-29 06:37:02,172 - INFO -   ✓ New best (Acc@1: 43.67%)
2025-12-29 06:37:04,564 - INFO - Epoch 3/50 | LR: 3.90e-04 | Train: 3.6695 | Val: 3.0564 | Acc@1: 45.14%
2025-12-29 06:37:04,585 - INFO -   ✓ New best (Acc@1: 45.14%)
2025-12-29 06:37:07,065 - INFO - Epoch 4/50 | LR: 5.20e-04 | Train: 3.4716 | Val: 2.9964 | Acc@1: 47.30%
2025-12-29 06:37:07,088 - INFO -   ✓ New best (Acc@1: 47.30%)
2025-12-29 06:37:09,648 - INFO - Epoch 5/50 | LR: 6.50e-04 | Train: 3.2797 | Val: 2.9892 | Acc@1: 48.11%
2025-12-29 06:37:09,669 - INFO -   ✓ New best (Acc@1: 48.11%)
2025-12-29 06:37:12,209 - INFO - Epoch 6/50 | LR: 6.50e-04 | Train: 3.1053 | Val: 2.9693 | Acc@1: 46.55%
2025-12-29 06:37:12,230 - INFO -   ✓ New best (Acc@1: 46.55%)
2025-12-29 06:37:14,760 - INFO - Epoch 7/50 | LR: 6.49e-04 | Train: 2.9152 | Val: 2.9725 | Acc@1: 47.69%
2025-12-29 06:37:17,266 - INFO - Epoch 8/50 | LR: 6.47e-04 | Train: 2.7443 | Val: 2.9674 | Acc@1: 48.71%
2025-12-29 06:37:17,287 - INFO -   ✓ New best (Acc@1: 48.71%)
2025-12-29 06:37:19,809 - INFO - Epoch 9/50 | LR: 6.43e-04 | Train: 2.5860 | Val: 2.9850 | Acc@1: 48.95%
2025-12-29 06:37:22,428 - INFO - Epoch 10/50 | LR: 6.37e-04 | Train: 2.4398 | Val: 3.0344 | Acc@1: 47.69%
2025-12-29 06:37:25,044 - INFO - Epoch 11/50 | LR: 6.30e-04 | Train: 2.3024 | Val: 3.1182 | Acc@1: 47.75%
2025-12-29 06:37:27,455 - INFO - Epoch 12/50 | LR: 6.22e-04 | Train: 2.1930 | Val: 3.1080 | Acc@1: 47.36%
2025-12-29 06:37:29,866 - INFO - Epoch 13/50 | LR: 6.12e-04 | Train: 2.0804 | Val: 3.1454 | Acc@1: 48.35%
2025-12-29 06:37:29,866 - INFO - Early stopping at epoch 13
2025-12-29 06:37:30,950 - INFO - ============================================================
2025-12-29 06:37:30,950 - INFO - FINAL TEST RESULTS
2025-12-29 06:37:30,950 - INFO -   Acc@1:  53.97%
2025-12-29 06:37:30,950 - INFO -   Acc@5:  81.10%
2025-12-29 06:37:30,950 - INFO -   Acc@10: 84.38%
2025-12-29 06:37:30,950 - INFO -   MRR:    65.83%
2025-12-29 06:37:30,950 - INFO -   NDCG:   70.23%
2025-12-29 06:37:30,950 - INFO -   F1:     49.78%
2025-12-29 06:37:30,951 - INFO - ============================================================
