2025-12-28 21:49:13,023 - INFO - ============================================================
2025-12-28 21:49:13,024 - INFO - POINTER V45 - Training Started
2025-12-28 21:49:13,024 - INFO - ============================================================
2025-12-28 21:49:13,024 - INFO - Model config: {'d_model': 80, 'dim_feedforward': 160, 'dropout': 0.15, 'nhead': 4, 'num_layers': 3}
2025-12-28 21:49:13,024 - INFO - Training config: {'batch_size': 128, 'grad_clip': 0.8, 'label_smoothing': 0.03, 'learning_rate': 0.0006, 'min_epochs': 8, 'min_lr': 1e-06, 'num_epochs': 50, 'patience': 5, 'use_amp': True, 'warmup_epochs': 5, 'weight_decay': 0.015}
2025-12-28 21:49:13,024 - INFO - ============================================================
2025-12-28 21:49:13,024 - INFO - Training for 50 epochs
2025-12-28 21:49:13,024 - INFO - Model parameters: 381,034
2025-12-28 21:49:18,386 - INFO - Epoch 1/50 | LR: 1.20e-04 | Train: 4.0893 | Val: 2.8362 | Acc@1: 39.78%
2025-12-28 21:49:18,413 - INFO -   ✓ New best (Acc@1: 39.78%)
2025-12-28 21:49:22,744 - INFO - Epoch 2/50 | LR: 2.40e-04 | Train: 3.7662 | Val: 2.7770 | Acc@1: 44.38%
2025-12-28 21:49:22,771 - INFO -   ✓ New best (Acc@1: 44.38%)
2025-12-28 21:49:26,938 - INFO - Epoch 3/50 | LR: 3.60e-04 | Train: 3.5275 | Val: 2.6714 | Acc@1: 46.91%
2025-12-28 21:49:26,965 - INFO -   ✓ New best (Acc@1: 46.91%)
2025-12-28 21:49:31,414 - INFO - Epoch 4/50 | LR: 4.80e-04 | Train: 3.3387 | Val: 2.7376 | Acc@1: 47.11%
2025-12-28 21:49:35,654 - INFO - Epoch 5/50 | LR: 6.00e-04 | Train: 3.1745 | Val: 2.6865 | Acc@1: 47.15%
2025-12-28 21:49:39,822 - INFO - Epoch 6/50 | LR: 6.00e-04 | Train: 3.0152 | Val: 2.7976 | Acc@1: 47.35%
2025-12-28 21:49:44,137 - INFO - Epoch 7/50 | LR: 5.99e-04 | Train: 2.8407 | Val: 2.8483 | Acc@1: 47.35%
2025-12-28 21:49:48,447 - INFO - Epoch 8/50 | LR: 5.97e-04 | Train: 2.6687 | Val: 2.8463 | Acc@1: 47.31%
2025-12-28 21:49:48,447 - INFO - Early stopping at epoch 8
2025-12-28 21:49:48,618 - INFO - Loaded checkpoint from epoch 3
2025-12-28 21:49:50,238 - INFO - ============================================================
2025-12-28 21:49:50,238 - INFO - FINAL VALIDATION RESULTS
2025-12-28 21:49:50,238 - INFO -   Acc@1:  46.91%
2025-12-28 21:49:50,238 - INFO -   Acc@5:  82.33%
2025-12-28 21:49:50,238 - INFO -   Acc@10: 86.12%
2025-12-28 21:49:50,238 - INFO -   MRR:    62.26%
2025-12-28 21:49:50,238 - INFO -   NDCG:   68.01%
2025-12-28 21:49:50,238 - INFO - ============================================================
2025-12-28 21:49:50,238 - INFO - FINAL TEST RESULTS
2025-12-28 21:49:50,238 - INFO -   Acc@1:  49.94%
2025-12-28 21:49:50,238 - INFO -   Acc@5:  85.76%
2025-12-28 21:49:50,238 - INFO -   Acc@10: 88.81%
2025-12-28 21:49:50,238 - INFO -   MRR:    65.71%
2025-12-28 21:49:50,239 - INFO -   NDCG:   71.38%
2025-12-28 21:49:50,239 - INFO - ============================================================
