2025-12-30 08:46:33,006 - INFO - ============================================================
2025-12-30 08:46:33,007 - INFO - POINTER V45 - Training Started
2025-12-30 08:46:33,007 - INFO - ============================================================
2025-12-30 08:46:33,007 - INFO - Model config: {'d_model': 128, 'dim_feedforward': 512, 'dropout': 0.15, 'nhead': 2, 'num_layers': 4}
2025-12-30 08:46:33,007 - INFO - Training config: {'batch_size': 128, 'grad_clip': 0.8, 'label_smoothing': 0.03, 'learning_rate': 0.00065, 'min_epochs': 8, 'min_lr': 1e-06, 'num_epochs': 50, 'patience': 5, 'use_amp': True, 'warmup_epochs': 5, 'weight_decay': 0.015}
2025-12-30 08:46:33,007 - INFO - ============================================================
2025-12-30 08:46:33,007 - INFO - Training for 50 epochs
2025-12-30 08:46:33,007 - INFO - Model parameters: 2,188,158
2025-12-30 08:47:48,380 - INFO - Epoch 1/50 | LR: 1.30e-04 | Train: 3.0059 | Val: 2.7963 | Acc@1: 51.90%
2025-12-30 08:47:48,441 - INFO -   ✓ New best (Acc@1: 51.90%)
2025-12-30 08:49:26,744 - INFO - Epoch 2/50 | LR: 2.60e-04 | Train: 2.7549 | Val: 2.7314 | Acc@1: 52.50%
2025-12-30 08:49:26,811 - INFO -   ✓ New best (Acc@1: 52.50%)
2025-12-30 08:51:06,337 - INFO - Epoch 3/50 | LR: 3.90e-04 | Train: 2.6448 | Val: 2.7119 | Acc@1: 53.01%
2025-12-30 08:51:06,404 - INFO -   ✓ New best (Acc@1: 53.01%)
2025-12-30 08:52:44,535 - INFO - Epoch 4/50 | LR: 5.20e-04 | Train: 2.5559 | Val: 2.6904 | Acc@1: 53.81%
2025-12-30 08:52:44,603 - INFO -   ✓ New best (Acc@1: 53.81%)
2025-12-30 08:54:23,732 - INFO - Epoch 5/50 | LR: 6.50e-04 | Train: 2.4764 | Val: 2.6708 | Acc@1: 53.49%
2025-12-30 08:54:23,803 - INFO -   ✓ New best (Acc@1: 53.49%)
2025-12-30 08:56:02,037 - INFO - Epoch 6/50 | LR: 6.50e-04 | Train: 2.3785 | Val: 2.6401 | Acc@1: 53.71%
2025-12-30 08:56:02,109 - INFO -   ✓ New best (Acc@1: 53.71%)
2025-12-30 08:57:40,029 - INFO - Epoch 7/50 | LR: 6.49e-04 | Train: 2.2849 | Val: 2.6774 | Acc@1: 53.78%
2025-12-30 08:59:18,612 - INFO - Epoch 8/50 | LR: 6.47e-04 | Train: 2.2010 | Val: 2.7044 | Acc@1: 53.97%
2025-12-30 09:01:08,314 - INFO - Epoch 9/50 | LR: 6.43e-04 | Train: 2.1209 | Val: 2.7647 | Acc@1: 52.02%
2025-12-30 09:02:59,994 - INFO - Epoch 10/50 | LR: 6.37e-04 | Train: 2.0412 | Val: 2.8265 | Acc@1: 52.53%
2025-12-30 09:04:50,972 - INFO - Epoch 11/50 | LR: 6.30e-04 | Train: 1.9623 | Val: 2.8432 | Acc@1: 52.53%
2025-12-30 09:04:50,972 - INFO - Early stopping at epoch 11
2025-12-30 09:04:52,166 - INFO - Loaded checkpoint from epoch 6
2025-12-30 09:04:57,825 - INFO - ============================================================
2025-12-30 09:04:57,825 - INFO - FINAL VALIDATION RESULTS
2025-12-30 09:04:57,825 - INFO -   Acc@1:  53.71%
2025-12-30 09:04:57,825 - INFO -   Acc@5:  81.97%
2025-12-30 09:04:57,825 - INFO -   Acc@10: 86.75%
2025-12-30 09:04:57,825 - INFO -   MRR:    65.83%
2025-12-30 09:04:57,825 - INFO -   NDCG:   70.79%
2025-12-30 09:04:57,825 - INFO - ============================================================
2025-12-30 09:04:57,825 - INFO - FINAL TEST RESULTS
2025-12-30 09:04:57,825 - INFO -   Acc@1:  55.20%
2025-12-30 09:04:57,825 - INFO -   Acc@5:  82.53%
2025-12-30 09:04:57,825 - INFO -   Acc@10: 87.66%
2025-12-30 09:04:57,825 - INFO -   MRR:    67.06%
2025-12-30 09:04:57,825 - INFO -   NDCG:   71.92%
2025-12-30 09:04:57,826 - INFO - ============================================================
