2025-12-30 02:18:51,970 - INFO - ============================================================
2025-12-30 02:18:51,971 - INFO - POINTER V45 - Training Started
2025-12-30 02:18:51,971 - INFO - ============================================================
2025-12-30 02:18:51,971 - INFO - Model config: {'d_model': 64, 'dim_feedforward': 512, 'dropout': 0.15, 'nhead': 4, 'num_layers': 8}
2025-12-30 02:18:51,971 - INFO - Training config: {'batch_size': 128, 'grad_clip': 0.8, 'label_smoothing': 0.03, 'learning_rate': 0.00065, 'min_epochs': 8, 'min_lr': 1e-06, 'num_epochs': 50, 'patience': 5, 'use_amp': True, 'warmup_epochs': 5, 'weight_decay': 0.015}
2025-12-30 02:18:51,971 - INFO - ============================================================
2025-12-30 02:18:51,971 - INFO - Training for 50 epochs
2025-12-30 02:18:51,972 - INFO - Model parameters: 1,645,650
2025-12-30 02:21:21,020 - INFO - Epoch 1/50 | LR: 1.30e-04 | Train: 3.0930 | Val: 3.0461 | Acc@1: 51.51%
2025-12-30 02:21:21,096 - INFO -   ✓ New best (Acc@1: 51.51%)
2025-12-30 02:24:00,910 - INFO - Epoch 2/50 | LR: 2.60e-04 | Train: 2.8834 | Val: 3.0012 | Acc@1: 52.51%
2025-12-30 02:24:00,988 - INFO -   ✓ New best (Acc@1: 52.51%)
2025-12-30 02:26:39,171 - INFO - Epoch 3/50 | LR: 3.90e-04 | Train: 2.8178 | Val: 2.9701 | Acc@1: 53.25%
2025-12-30 02:26:39,253 - INFO -   ✓ New best (Acc@1: 53.25%)
2025-12-30 02:29:18,180 - INFO - Epoch 4/50 | LR: 5.20e-04 | Train: 2.7752 | Val: 2.9553 | Acc@1: 54.06%
2025-12-30 02:29:18,259 - INFO -   ✓ New best (Acc@1: 54.06%)
2025-12-30 02:31:58,029 - INFO - Epoch 5/50 | LR: 6.50e-04 | Train: 2.7320 | Val: 2.9255 | Acc@1: 54.08%
2025-12-30 02:31:58,107 - INFO -   ✓ New best (Acc@1: 54.08%)
2025-12-30 02:34:36,027 - INFO - Epoch 6/50 | LR: 6.50e-04 | Train: 2.6696 | Val: 2.9026 | Acc@1: 54.27%
2025-12-30 02:34:36,105 - INFO -   ✓ New best (Acc@1: 54.27%)
2025-12-30 02:37:15,520 - INFO - Epoch 7/50 | LR: 6.49e-04 | Train: 2.6150 | Val: 2.8736 | Acc@1: 54.57%
2025-12-30 02:37:15,603 - INFO -   ✓ New best (Acc@1: 54.57%)
2025-12-30 02:39:53,466 - INFO - Epoch 8/50 | LR: 6.47e-04 | Train: 2.5666 | Val: 2.8766 | Acc@1: 53.92%
2025-12-30 02:42:29,333 - INFO - Epoch 9/50 | LR: 6.43e-04 | Train: 2.5264 | Val: 2.8848 | Acc@1: 54.49%
2025-12-30 02:45:09,318 - INFO - Epoch 10/50 | LR: 6.37e-04 | Train: 2.4894 | Val: 2.8657 | Acc@1: 54.65%
2025-12-30 02:45:09,394 - INFO -   ✓ New best (Acc@1: 54.65%)
2025-12-30 02:47:48,322 - INFO - Epoch 11/50 | LR: 6.30e-04 | Train: 2.4589 | Val: 2.8993 | Acc@1: 54.17%
2025-12-30 02:50:18,484 - INFO - Epoch 12/50 | LR: 6.22e-04 | Train: 2.4298 | Val: 2.9015 | Acc@1: 54.12%
2025-12-30 02:52:56,831 - INFO - Epoch 13/50 | LR: 6.12e-04 | Train: 2.4065 | Val: 2.9094 | Acc@1: 54.48%
2025-12-30 02:55:15,450 - INFO - Epoch 14/50 | LR: 6.01e-04 | Train: 2.3873 | Val: 2.9348 | Acc@1: 53.95%
2025-12-30 02:57:11,085 - INFO - Epoch 15/50 | LR: 5.88e-04 | Train: 2.3652 | Val: 2.9590 | Acc@1: 53.41%
2025-12-30 02:57:11,086 - INFO - Early stopping at epoch 15
2025-12-30 02:57:11,311 - INFO - Loaded checkpoint from epoch 10
2025-12-30 02:57:17,479 - INFO - ============================================================
2025-12-30 02:57:17,479 - INFO - FINAL VALIDATION RESULTS
2025-12-30 02:57:17,479 - INFO -   Acc@1:  54.65%
2025-12-30 02:57:17,479 - INFO -   Acc@5:  79.57%
2025-12-30 02:57:17,479 - INFO -   Acc@10: 83.61%
2025-12-30 02:57:17,479 - INFO -   MRR:    65.69%
2025-12-30 02:57:17,479 - INFO -   NDCG:   69.93%
2025-12-30 02:57:17,479 - INFO - ============================================================
2025-12-30 02:57:17,479 - INFO - FINAL TEST RESULTS
2025-12-30 02:57:17,479 - INFO -   Acc@1:  56.83%
2025-12-30 02:57:17,479 - INFO -   Acc@5:  82.24%
2025-12-30 02:57:17,480 - INFO -   Acc@10: 85.71%
2025-12-30 02:57:17,480 - INFO -   MRR:    67.94%
2025-12-30 02:57:17,480 - INFO -   NDCG:   72.19%
2025-12-30 02:57:17,480 - INFO - ============================================================
