Training LSTM model
Dataset: geolife
Config: /data/next_loc_clean_v2/config/ht_optuna/optuna_LSTM_geolife_prev7_t14_20260101_092602_2fbf1827.yaml
Device: cuda
Seed: 42
==================================================
Data loaders: train=232, val=105, test=110
Total trainable parameters: 397155

=== Epoch 1 ===
Epoch 1, 8.6%	 loss: 7.294 acc@1: 0.00 mrr: 0.71, ndcg: 0.61, took: 3.93s
Epoch 1, 17.2%	 loss: 7.248 acc@1: 0.00 mrr: 0.45, ndcg: 0.14, took: 2.07s
Epoch 1, 25.9%	 loss: 7.162 acc@1: 0.31 mrr: 0.87, ndcg: 0.60, took: 2.00s
Epoch 1, 34.5%	 loss: 7.076 acc@1: 0.31 mrr: 1.31, ndcg: 1.07, took: 2.04s
Epoch 1, 43.1%	 loss: 6.889 acc@1: 2.03 mrr: 4.26, ndcg: 4.69, took: 1.96s
Epoch 1, 51.7%	 loss: 6.723 acc@1: 7.19 mrr: 9.60, ndcg: 9.77, took: 1.73s
Epoch 1, 60.3%	 loss: 6.499 acc@1: 9.53 mrr: 13.66, ndcg: 15.05, took: 1.73s
Epoch 1, 69.0%	 loss: 6.345 acc@1: 10.16 mrr: 15.87, ndcg: 18.15, took: 1.69s
Epoch 1, 77.6%	 loss: 6.105 acc@1: 14.06 mrr: 20.57, ndcg: 23.79, took: 1.73s
Epoch 1, 86.2%	 loss: 5.832 acc@1: 14.22 mrr: 22.77, ndcg: 26.21, took: 1.80s
Epoch 1, 94.8%	 loss: 5.651 acc@1: 18.59 mrr: 25.82, ndcg: 28.57, took: 2.12s
Validation - loss: 5.5111, acc@1: 19.14%, f1: 7.67%, mrr: 27.92%, ndcg: 30.98%
Current learning rate: 0.000500

=== Epoch 2 ===
Epoch 2, 8.6%	 loss: 5.116 acc@1: 19.53 mrr: 28.65, ndcg: 32.37, took: 2.44s
Epoch 2, 17.2%	 loss: 5.055 acc@1: 19.22 mrr: 28.92, ndcg: 32.59, took: 2.31s
Epoch 2, 25.9%	 loss: 4.806 acc@1: 19.38 mrr: 30.52, ndcg: 34.68, took: 2.17s
Epoch 2, 34.5%	 loss: 4.775 acc@1: 21.25 mrr: 31.18, ndcg: 35.07, took: 1.81s
Epoch 2, 43.1%	 loss: 4.697 acc@1: 20.31 mrr: 30.99, ndcg: 35.46, took: 1.78s
Epoch 2, 51.7%	 loss: 4.591 acc@1: 23.44 mrr: 33.29, ndcg: 37.13, took: 1.82s
Epoch 2, 60.3%	 loss: 4.409 acc@1: 22.50 mrr: 34.48, ndcg: 39.58, took: 1.87s
Epoch 2, 69.0%	 loss: 4.427 acc@1: 23.75 mrr: 35.92, ndcg: 40.49, took: 1.89s
Epoch 2, 77.6%	 loss: 4.329 acc@1: 24.38 mrr: 36.28, ndcg: 41.00, took: 1.74s
Epoch 2, 86.2%	 loss: 4.270 acc@1: 26.09 mrr: 37.88, ndcg: 42.44, took: 1.76s
Epoch 2, 94.8%	 loss: 4.156 acc@1: 25.94 mrr: 38.75, ndcg: 43.84, took: 2.07s
Validation - loss: 4.6988, acc@1: 29.27%, f1: 18.36%, mrr: 39.78%, ndcg: 44.26%
Current learning rate: 0.001000

=== Epoch 3 ===
Epoch 3, 8.6%	 loss: 4.108 acc@1: 26.41 mrr: 38.84, ndcg: 43.74, took: 2.33s
Epoch 3, 17.2%	 loss: 3.858 acc@1: 31.25 mrr: 43.46, ndcg: 47.82, took: 2.13s
Epoch 3, 25.9%	 loss: 3.708 acc@1: 31.09 mrr: 44.33, ndcg: 49.34, took: 1.82s
Epoch 3, 34.5%	 loss: 3.910 acc@1: 29.84 mrr: 42.80, ndcg: 47.99, took: 1.84s
Epoch 3, 43.1%	 loss: 3.886 acc@1: 28.44 mrr: 41.89, ndcg: 46.82, took: 1.89s
Epoch 3, 51.7%	 loss: 3.597 acc@1: 32.66 mrr: 47.38, ndcg: 52.45, took: 2.14s
Epoch 3, 60.3%	 loss: 3.688 acc@1: 31.72 mrr: 46.14, ndcg: 51.03, took: 2.17s
Epoch 3, 69.0%	 loss: 3.399 acc@1: 35.16 mrr: 49.76, ndcg: 55.15, took: 1.90s
Epoch 3, 77.6%	 loss: 3.635 acc@1: 34.69 mrr: 47.98, ndcg: 52.64, took: 1.73s
Epoch 3, 86.2%	 loss: 3.622 acc@1: 33.28 mrr: 46.86, ndcg: 51.61, took: 1.79s
Epoch 3, 94.8%	 loss: 3.593 acc@1: 31.72 mrr: 46.90, ndcg: 52.09, took: 2.31s
Validation - loss: 4.4139, acc@1: 34.07%, f1: 19.53%, mrr: 46.55%, ndcg: 50.66%
Current learning rate: 0.000979

=== Epoch 4 ===
Epoch 4, 8.6%	 loss: 3.376 acc@1: 33.44 mrr: 47.73, ndcg: 52.70, took: 2.12s
Epoch 4, 17.2%	 loss: 3.401 acc@1: 32.66 mrr: 47.01, ndcg: 52.11, took: 1.98s
Epoch 4, 25.9%	 loss: 3.391 acc@1: 32.97 mrr: 47.27, ndcg: 52.05, took: 1.98s
Epoch 4, 34.5%	 loss: 3.381 acc@1: 33.75 mrr: 47.57, ndcg: 52.52, took: 2.03s
Epoch 4, 43.1%	 loss: 3.105 acc@1: 35.47 mrr: 50.84, ndcg: 56.23, took: 2.17s
Epoch 4, 51.7%	 loss: 3.346 acc@1: 32.34 mrr: 47.71, ndcg: 52.94, took: 2.17s
Epoch 4, 60.3%	 loss: 3.320 acc@1: 33.75 mrr: 48.40, ndcg: 53.82, took: 2.00s
Epoch 4, 69.0%	 loss: 3.125 acc@1: 36.88 mrr: 51.92, ndcg: 57.10, took: 1.82s
Epoch 4, 77.6%	 loss: 3.470 acc@1: 33.91 mrr: 48.21, ndcg: 53.09, took: 1.82s
Epoch 4, 86.2%	 loss: 3.255 acc@1: 36.56 mrr: 51.07, ndcg: 55.93, took: 1.94s
Epoch 4, 94.8%	 loss: 3.095 acc@1: 37.03 mrr: 52.42, ndcg: 57.55, took: 2.40s
Validation - loss: 4.4025, acc@1: 32.39%, f1: 20.15%, mrr: 46.12%, ndcg: 50.85%
Current learning rate: 0.000958

=== Epoch 5 ===
Epoch 5, 8.6%	 loss: 3.047 acc@1: 36.88 mrr: 51.33, ndcg: 56.22, took: 2.16s
Epoch 5, 17.2%	 loss: 2.932 acc@1: 35.62 mrr: 51.49, ndcg: 57.19, took: 2.21s
Epoch 5, 25.9%	 loss: 3.026 acc@1: 34.69 mrr: 50.42, ndcg: 55.53, took: 2.09s
Epoch 5, 34.5%	 loss: 3.057 acc@1: 35.16 mrr: 50.32, ndcg: 55.58, took: 2.16s
Epoch 5, 43.1%	 loss: 3.014 acc@1: 34.22 mrr: 50.95, ndcg: 56.39, took: 2.06s
Epoch 5, 51.7%	 loss: 3.110 acc@1: 30.31 mrr: 47.88, ndcg: 54.09, took: 2.26s
Epoch 5, 60.3%	 loss: 3.082 acc@1: 35.62 mrr: 50.74, ndcg: 55.47, took: 1.93s
Epoch 5, 69.0%	 loss: 3.130 acc@1: 34.53 mrr: 50.15, ndcg: 55.85, took: 1.96s
Epoch 5, 77.6%	 loss: 3.212 acc@1: 33.75 mrr: 48.77, ndcg: 54.18, took: 1.98s
Epoch 5, 86.2%	 loss: 3.026 acc@1: 35.00 mrr: 50.75, ndcg: 56.16, took: 2.16s
Epoch 5, 94.8%	 loss: 3.220 acc@1: 32.03 mrr: 48.33, ndcg: 53.77, took: 2.34s
Validation - loss: 4.4920, acc@1: 32.51%, f1: 21.25%, mrr: 46.36%, ndcg: 51.09%
Current learning rate: 0.000937

=== Epoch 6 ===
Epoch 6, 8.6%	 loss: 2.741 acc@1: 36.72 mrr: 53.66, ndcg: 59.15, took: 2.32s
Epoch 6, 17.2%	 loss: 2.927 acc@1: 33.75 mrr: 50.31, ndcg: 55.85, took: 2.13s
Epoch 6, 25.9%	 loss: 2.791 acc@1: 40.00 mrr: 54.68, ndcg: 60.20, took: 2.09s
Epoch 6, 34.5%	 loss: 2.782 acc@1: 39.84 mrr: 54.30, ndcg: 59.12, took: 2.11s
Epoch 6, 43.1%	 loss: 3.041 acc@1: 31.56 mrr: 48.24, ndcg: 53.60, took: 2.11s
Epoch 6, 51.7%	 loss: 3.031 acc@1: 33.75 mrr: 49.65, ndcg: 55.14, took: 2.16s
Epoch 6, 60.3%	 loss: 3.048 acc@1: 34.84 mrr: 49.77, ndcg: 55.23, took: 2.03s
Epoch 6, 69.0%	 loss: 2.947 acc@1: 30.78 mrr: 49.09, ndcg: 55.24, took: 1.84s
Epoch 6, 77.6%	 loss: 2.959 acc@1: 33.44 mrr: 50.46, ndcg: 56.23, took: 1.94s
Epoch 6, 86.2%	 loss: 2.971 acc@1: 34.22 mrr: 49.92, ndcg: 55.16, took: 2.14s
Epoch 6, 94.8%	 loss: 2.959 acc@1: 35.16 mrr: 50.26, ndcg: 55.67, took: 2.23s
Validation - loss: 4.5640, acc@1: 33.50%, f1: 21.98%, mrr: 47.02%, ndcg: 51.56%
Current learning rate: 0.000917

=== Epoch 7 ===
Epoch 7, 8.6%	 loss: 2.728 acc@1: 37.34 mrr: 53.07, ndcg: 58.45, took: 2.00s
Epoch 7, 17.2%	 loss: 2.856 acc@1: 32.97 mrr: 50.12, ndcg: 55.67, took: 2.01s
Epoch 7, 25.9%	 loss: 2.809 acc@1: 36.25 mrr: 52.14, ndcg: 57.65, took: 2.08s
Epoch 7, 34.5%	 loss: 2.777 acc@1: 36.56 mrr: 52.29, ndcg: 57.99, took: 2.16s
Epoch 7, 43.1%	 loss: 2.699 acc@1: 37.81 mrr: 53.42, ndcg: 59.14, took: 2.39s
Epoch 7, 51.7%	 loss: 2.750 acc@1: 38.12 mrr: 53.42, ndcg: 58.80, took: 1.97s
Epoch 7, 60.3%	 loss: 2.882 acc@1: 34.84 mrr: 50.72, ndcg: 56.50, took: 1.88s
Epoch 7, 69.0%	 loss: 2.712 acc@1: 36.09 mrr: 52.99, ndcg: 58.49, took: 1.72s
Epoch 7, 77.6%	 loss: 2.984 acc@1: 34.06 mrr: 49.49, ndcg: 54.61, took: 1.86s
Epoch 7, 86.2%	 loss: 2.816 acc@1: 35.78 mrr: 51.90, ndcg: 57.16, took: 2.30s
Epoch 7, 94.8%	 loss: 2.804 acc@1: 36.41 mrr: 52.74, ndcg: 58.12, took: 2.28s
Validation - loss: 4.6136, acc@1: 31.79%, f1: 21.95%, mrr: 46.10%, ndcg: 50.96%
Current learning rate: 0.000896

=== Epoch 8 ===
Epoch 8, 8.6%	 loss: 2.616 acc@1: 36.25 mrr: 53.13, ndcg: 59.04, took: 2.12s
Epoch 8, 17.2%	 loss: 2.664 acc@1: 36.09 mrr: 52.95, ndcg: 58.59, took: 2.04s
Epoch 8, 25.9%	 loss: 2.615 acc@1: 38.12 mrr: 54.47, ndcg: 60.24, took: 2.13s
Epoch 8, 34.5%	 loss: 2.890 acc@1: 33.28 mrr: 49.33, ndcg: 55.29, took: 2.15s
Epoch 8, 43.1%	 loss: 2.783 acc@1: 34.69 mrr: 51.14, ndcg: 56.69, took: 2.24s
Epoch 8, 51.7%	 loss: 2.805 acc@1: 33.12 mrr: 50.05, ndcg: 55.91, took: 1.84s
Epoch 8, 60.3%	 loss: 2.735 acc@1: 36.56 mrr: 52.58, ndcg: 58.25, took: 1.82s
Epoch 8, 69.0%	 loss: 2.696 acc@1: 35.47 mrr: 52.29, ndcg: 58.22, took: 1.81s
Epoch 8, 77.6%	 loss: 2.709 acc@1: 37.03 mrr: 53.36, ndcg: 58.82, took: 2.06s
Epoch 8, 86.2%	 loss: 2.712 acc@1: 36.56 mrr: 52.61, ndcg: 57.86, took: 2.33s
Epoch 8, 94.8%	 loss: 2.510 acc@1: 39.53 mrr: 56.26, ndcg: 61.57, took: 2.25s
Validation - loss: 4.7277, acc@1: 30.95%, f1: 20.23%, mrr: 45.79%, ndcg: 50.73%
Current learning rate: 0.000875

=== Epoch 9 ===
Epoch 9, 8.6%	 loss: 2.517 acc@1: 37.50 mrr: 54.47, ndcg: 60.63, took: 2.19s
Epoch 9, 17.2%	 loss: 2.595 acc@1: 35.47 mrr: 52.86, ndcg: 59.15, took: 2.14s
Epoch 9, 25.9%	 loss: 2.530 acc@1: 39.69 mrr: 55.02, ndcg: 60.32, took: 2.06s
Epoch 9, 34.5%	 loss: 2.633 acc@1: 36.25 mrr: 53.27, ndcg: 59.36, took: 2.13s
Epoch 9, 43.1%	 loss: 2.642 acc@1: 35.78 mrr: 52.47, ndcg: 58.48, took: 2.20s
Epoch 9, 51.7%	 loss: 2.570 acc@1: 35.31 mrr: 53.13, ndcg: 58.70, took: 1.92s
Epoch 9, 60.3%	 loss: 2.743 acc@1: 34.69 mrr: 50.78, ndcg: 56.30, took: 1.81s
Epoch 9, 69.0%	 loss: 2.736 acc@1: 36.56 mrr: 52.45, ndcg: 57.85, took: 1.75s
Epoch 9, 77.6%	 loss: 2.586 acc@1: 35.47 mrr: 53.53, ndcg: 59.76, took: 1.98s
Epoch 9, 86.2%	 loss: 2.633 acc@1: 35.94 mrr: 53.06, ndcg: 58.82, took: 2.29s
Epoch 9, 94.8%	 loss: 2.749 acc@1: 33.91 mrr: 50.80, ndcg: 56.64, took: 2.25s
Validation - loss: 4.6934, acc@1: 31.13%, f1: 22.63%, mrr: 45.47%, ndcg: 50.29%
Current learning rate: 0.000085

=== Epoch 10 ===
Epoch 10, 8.6%	 loss: 3.072 acc@1: 34.84 mrr: 50.29, ndcg: 55.56, took: 2.15s
Epoch 10, 17.2%	 loss: 3.121 acc@1: 36.88 mrr: 51.13, ndcg: 55.75, took: 2.07s
Epoch 10, 25.9%	 loss: 3.037 acc@1: 36.41 mrr: 51.22, ndcg: 56.19, took: 2.05s
Epoch 10, 34.5%	 loss: 3.007 acc@1: 35.62 mrr: 51.21, ndcg: 56.36, took: 2.32s
Epoch 10, 43.1%	 loss: 3.093 acc@1: 34.22 mrr: 49.86, ndcg: 54.85, took: 2.14s
Epoch 10, 51.7%	 loss: 3.115 acc@1: 34.38 mrr: 49.52, ndcg: 54.78, took: 1.88s
Epoch 10, 60.3%	 loss: 2.867 acc@1: 35.78 mrr: 52.20, ndcg: 58.10, took: 1.77s
Epoch 10, 69.0%	 loss: 3.081 acc@1: 35.31 mrr: 49.93, ndcg: 55.00, took: 1.97s
Epoch 10, 77.6%	 loss: 3.023 acc@1: 34.84 mrr: 50.54, ndcg: 56.02, took: 2.03s
Epoch 10, 86.2%	 loss: 3.008 acc@1: 33.44 mrr: 49.88, ndcg: 55.30, took: 2.26s
Epoch 10, 94.8%	 loss: 2.998 acc@1: 34.22 mrr: 51.02, ndcg: 56.93, took: 2.21s
Validation - loss: 4.4449, acc@1: 32.81%, f1: 21.15%, mrr: 46.27%, ndcg: 50.97%
Current learning rate: 0.000085

=== Epoch 11 ===
Epoch 11, 8.6%	 loss: 3.089 acc@1: 35.78 mrr: 50.82, ndcg: 55.78, took: 2.20s
Epoch 11, 17.2%	 loss: 2.967 acc@1: 34.22 mrr: 50.38, ndcg: 55.99, took: 2.18s
Epoch 11, 25.9%	 loss: 2.883 acc@1: 34.84 mrr: 51.29, ndcg: 57.13, took: 2.14s
Epoch 11, 34.5%	 loss: 3.161 acc@1: 32.19 mrr: 48.31, ndcg: 53.85, took: 2.25s
Epoch 11, 43.1%	 loss: 3.052 acc@1: 35.31 mrr: 50.33, ndcg: 55.51, took: 2.02s
Epoch 11, 51.7%	 loss: 3.058 acc@1: 35.78 mrr: 50.36, ndcg: 55.73, took: 1.87s
Epoch 11, 60.3%	 loss: 2.870 acc@1: 37.81 mrr: 53.34, ndcg: 58.67, took: 1.94s
Epoch 11, 69.0%	 loss: 2.992 acc@1: 38.28 mrr: 52.61, ndcg: 57.30, took: 1.83s
Epoch 11, 77.6%	 loss: 2.955 acc@1: 35.47 mrr: 51.12, ndcg: 56.80, took: 1.91s
Epoch 11, 86.2%	 loss: 3.084 acc@1: 33.12 mrr: 49.03, ndcg: 54.56, took: 2.19s
Epoch 11, 94.8%	 loss: 2.994 acc@1: 33.75 mrr: 50.01, ndcg: 55.88, took: 2.00s
Validation - loss: 4.4496, acc@1: 32.81%, f1: 21.50%, mrr: 46.40%, ndcg: 51.10%
Current learning rate: 0.000085

=== Epoch 12 ===
Epoch 12, 8.6%	 loss: 3.006 acc@1: 36.25 mrr: 51.28, ndcg: 56.40, took: 2.23s
Epoch 12, 17.2%	 loss: 3.022 acc@1: 35.78 mrr: 50.87, ndcg: 56.14, took: 2.04s
Epoch 12, 25.9%	 loss: 3.143 acc@1: 33.91 mrr: 49.22, ndcg: 53.83, took: 2.06s
Epoch 12, 34.5%	 loss: 2.920 acc@1: 34.84 mrr: 51.13, ndcg: 56.40, took: 2.17s
Epoch 12, 43.1%	 loss: 3.029 acc@1: 33.75 mrr: 49.39, ndcg: 54.74, took: 2.15s
Epoch 12, 51.7%	 loss: 2.940 acc@1: 36.56 mrr: 51.73, ndcg: 56.82, took: 2.00s
Epoch 12, 60.3%	 loss: 3.059 acc@1: 35.62 mrr: 50.70, ndcg: 56.19, took: 1.80s
Epoch 12, 69.0%	 loss: 2.872 acc@1: 38.91 mrr: 53.83, ndcg: 59.03, took: 1.70s
Epoch 12, 77.6%	 loss: 2.931 acc@1: 38.12 mrr: 52.85, ndcg: 57.85, took: 1.79s
Epoch 12, 86.2%	 loss: 2.919 acc@1: 38.75 mrr: 53.30, ndcg: 58.70, took: 1.94s
Epoch 12, 94.8%	 loss: 2.921 acc@1: 33.28 mrr: 49.80, ndcg: 56.00, took: 2.28s
Validation - loss: 4.4603, acc@1: 32.93%, f1: 21.55%, mrr: 46.43%, ndcg: 51.14%
Current learning rate: 0.000085

=== Epoch 13 ===
Epoch 13, 8.6%	 loss: 3.121 acc@1: 37.03 mrr: 50.60, ndcg: 55.44, took: 2.07s
Epoch 13, 17.2%	 loss: 2.890 acc@1: 35.00 mrr: 51.51, ndcg: 57.33, took: 2.02s
Epoch 13, 25.9%	 loss: 2.947 acc@1: 36.25 mrr: 51.60, ndcg: 56.82, took: 2.07s
Epoch 13, 34.5%	 loss: 2.909 acc@1: 35.00 mrr: 51.58, ndcg: 57.06, took: 2.29s
Epoch 13, 43.1%	 loss: 2.825 acc@1: 36.72 mrr: 52.92, ndcg: 58.44, took: 2.22s
Epoch 13, 51.7%	 loss: 2.938 acc@1: 36.72 mrr: 51.84, ndcg: 56.90, took: 1.66s
Epoch 13, 60.3%	 loss: 2.958 acc@1: 35.47 mrr: 51.31, ndcg: 56.51, took: 1.53s
Epoch 13, 69.0%	 loss: 2.923 acc@1: 37.97 mrr: 52.70, ndcg: 57.80, took: 1.65s
Epoch 13, 77.6%	 loss: 3.014 acc@1: 32.19 mrr: 49.08, ndcg: 54.88, took: 1.85s
Epoch 13, 86.2%	 loss: 3.028 acc@1: 35.62 mrr: 51.14, ndcg: 56.15, took: 2.44s
Epoch 13, 94.8%	 loss: 3.011 acc@1: 35.62 mrr: 50.36, ndcg: 55.71, took: 2.48s
Validation - loss: 4.4759, acc@1: 33.17%, f1: 21.79%, mrr: 46.57%, ndcg: 51.23%
Current learning rate: 0.000085

=== Epoch 14 ===
Epoch 14, 8.6%	 loss: 2.942 acc@1: 32.50 mrr: 49.24, ndcg: 55.03, took: 2.05s
Epoch 14, 17.2%	 loss: 2.810 acc@1: 36.41 mrr: 53.42, ndcg: 58.96, took: 2.09s
Epoch 14, 25.9%	 loss: 2.990 acc@1: 32.66 mrr: 49.03, ndcg: 55.28, took: 2.30s
Epoch 14, 34.5%	 loss: 3.079 acc@1: 35.94 mrr: 50.34, ndcg: 55.24, took: 2.16s
Epoch 14, 43.1%	 loss: 3.006 acc@1: 34.84 mrr: 50.35, ndcg: 55.81, took: 1.78s
Epoch 14, 51.7%	 loss: 2.925 acc@1: 34.06 mrr: 50.89, ndcg: 56.56, took: 1.55s
Epoch 14, 60.3%	 loss: 2.987 acc@1: 36.09 mrr: 50.79, ndcg: 55.80, took: 1.53s
Epoch 14, 69.0%	 loss: 2.915 acc@1: 37.34 mrr: 52.53, ndcg: 57.68, took: 1.95s
Epoch 14, 77.6%	 loss: 2.844 acc@1: 39.53 mrr: 54.52, ndcg: 59.56, took: 2.28s
Epoch 14, 86.2%	 loss: 2.767 acc@1: 40.31 mrr: 55.21, ndcg: 60.06, took: 2.51s
Epoch 14, 94.8%	 loss: 3.053 acc@1: 36.09 mrr: 50.87, ndcg: 55.85, took: 2.47s
Validation - loss: 4.4747, acc@1: 33.29%, f1: 21.97%, mrr: 46.72%, ndcg: 51.36%
Current learning rate: 0.000009

=== Epoch 15 ===
Epoch 15, 8.6%	 loss: 3.110 acc@1: 35.62 mrr: 50.52, ndcg: 55.54, took: 2.10s
Epoch 15, 17.2%	 loss: 3.107 acc@1: 33.91 mrr: 49.36, ndcg: 54.51, took: 2.05s
Epoch 15, 25.9%	 loss: 3.065 acc@1: 34.06 mrr: 49.94, ndcg: 55.36, took: 2.03s
Epoch 15, 34.5%	 loss: 2.962 acc@1: 34.06 mrr: 50.33, ndcg: 55.62, took: 1.85s
Epoch 15, 43.1%	 loss: 3.032 acc@1: 37.34 mrr: 51.99, ndcg: 57.07, took: 1.70s
Epoch 15, 51.7%	 loss: 3.068 acc@1: 33.44 mrr: 49.75, ndcg: 55.38, took: 1.68s
Epoch 15, 60.3%	 loss: 3.035 acc@1: 32.66 mrr: 49.29, ndcg: 55.05, took: 1.79s
Epoch 15, 69.0%	 loss: 3.135 acc@1: 32.97 mrr: 48.85, ndcg: 54.20, took: 2.17s
Epoch 15, 77.6%	 loss: 2.907 acc@1: 35.94 mrr: 52.11, ndcg: 57.38, took: 2.36s
Epoch 15, 86.2%	 loss: 3.097 acc@1: 34.84 mrr: 50.00, ndcg: 55.66, took: 2.48s
Epoch 15, 94.8%	 loss: 3.041 acc@1: 35.78 mrr: 50.84, ndcg: 56.23, took: 2.52s
Validation - loss: 4.4459, acc@1: 32.18%, f1: 19.19%, mrr: 45.93%, ndcg: 50.76%
Current learning rate: 0.000009

=== Epoch 16 ===
Epoch 16, 8.6%	 loss: 2.964 acc@1: 37.97 mrr: 52.76, ndcg: 57.52, took: 1.91s
Epoch 16, 17.2%	 loss: 3.036 acc@1: 34.84 mrr: 50.43, ndcg: 55.89, took: 1.86s
Epoch 16, 25.9%	 loss: 3.162 acc@1: 31.09 mrr: 48.13, ndcg: 53.93, took: 1.94s
Epoch 16, 34.5%	 loss: 2.984 acc@1: 37.03 mrr: 51.61, ndcg: 56.75, took: 1.79s
Epoch 16, 43.1%	 loss: 3.127 acc@1: 33.12 mrr: 49.01, ndcg: 54.56, took: 1.64s
Epoch 16, 51.7%	 loss: 3.062 acc@1: 33.75 mrr: 49.31, ndcg: 55.12, took: 1.62s
Epoch 16, 60.3%	 loss: 2.957 acc@1: 34.84 mrr: 51.06, ndcg: 56.45, took: 1.65s
Epoch 16, 69.0%	 loss: 2.984 acc@1: 36.25 mrr: 51.64, ndcg: 57.24, took: 1.92s
Epoch 16, 77.6%	 loss: 2.962 acc@1: 36.25 mrr: 51.88, ndcg: 57.17, took: 2.01s
Epoch 16, 86.2%	 loss: 3.105 acc@1: 34.53 mrr: 50.07, ndcg: 55.14, took: 2.12s
Epoch 16, 94.8%	 loss: 3.246 acc@1: 33.28 mrr: 47.79, ndcg: 52.74, took: 1.99s
Validation - loss: 4.4401, acc@1: 32.39%, f1: 19.21%, mrr: 46.12%, ndcg: 50.88%
Current learning rate: 0.000009

=== Epoch 17 ===
Epoch 17, 8.6%	 loss: 2.983 acc@1: 34.84 mrr: 50.57, ndcg: 55.91, took: 1.92s
Epoch 17, 17.2%	 loss: 2.991 acc@1: 35.94 mrr: 51.75, ndcg: 57.69, took: 1.94s
Epoch 17, 25.9%	 loss: 2.910 acc@1: 33.44 mrr: 50.75, ndcg: 56.79, took: 2.18s
Epoch 17, 34.5%	 loss: 3.239 acc@1: 33.28 mrr: 47.72, ndcg: 52.68, took: 2.08s
Epoch 17, 43.1%	 loss: 2.967 acc@1: 36.72 mrr: 52.00, ndcg: 56.98, took: 1.94s
Epoch 17, 51.7%	 loss: 3.055 acc@1: 35.62 mrr: 50.83, ndcg: 55.55, took: 1.77s
Epoch 17, 60.3%	 loss: 3.138 acc@1: 36.72 mrr: 50.63, ndcg: 55.41, took: 1.80s
Epoch 17, 69.0%	 loss: 3.053 acc@1: 35.47 mrr: 50.90, ndcg: 56.22, took: 2.00s
Epoch 17, 77.6%	 loss: 3.015 acc@1: 35.00 mrr: 50.89, ndcg: 56.10, took: 2.13s
Epoch 17, 86.2%	 loss: 2.926 acc@1: 35.62 mrr: 51.19, ndcg: 56.91, took: 2.28s
Epoch 17, 94.8%	 loss: 3.165 acc@1: 32.50 mrr: 48.65, ndcg: 54.03, took: 2.14s
Validation - loss: 4.4254, acc@1: 32.45%, f1: 19.30%, mrr: 46.15%, ndcg: 50.91%
Current learning rate: 0.000009

=== Epoch 18 ===
Epoch 18, 8.6%	 loss: 3.162 acc@1: 35.62 mrr: 49.85, ndcg: 54.63, took: 1.88s
Epoch 18, 17.2%	 loss: 3.011 acc@1: 36.88 mrr: 51.27, ndcg: 56.37, took: 1.90s
Epoch 18, 25.9%	 loss: 3.085 acc@1: 32.03 mrr: 48.33, ndcg: 53.91, took: 2.08s
Epoch 18, 34.5%	 loss: 3.033 acc@1: 32.81 mrr: 49.83, ndcg: 55.30, took: 1.86s
Epoch 18, 43.1%	 loss: 3.002 acc@1: 37.34 mrr: 52.04, ndcg: 56.89, took: 1.82s
Epoch 18, 51.7%	 loss: 2.847 acc@1: 41.72 mrr: 55.30, ndcg: 60.10, took: 1.66s
Epoch 18, 60.3%	 loss: 2.976 acc@1: 34.69 mrr: 50.55, ndcg: 56.19, took: 1.58s
Epoch 18, 69.0%	 loss: 2.999 acc@1: 35.78 mrr: 51.15, ndcg: 56.25, took: 2.03s
Epoch 18, 77.6%	 loss: 3.036 acc@1: 34.84 mrr: 50.60, ndcg: 55.73, took: 2.00s
Epoch 18, 86.2%	 loss: 2.990 acc@1: 38.91 mrr: 52.69, ndcg: 57.83, took: 2.32s
Epoch 18, 94.8%	 loss: 3.210 acc@1: 30.31 mrr: 46.79, ndcg: 52.47, took: 2.06s
Validation - loss: 4.4448, acc@1: 32.45%, f1: 19.42%, mrr: 46.09%, ndcg: 50.82%
Current learning rate: 0.000009

=== Epoch 19 ===
Epoch 19, 8.6%	 loss: 2.985 acc@1: 34.38 mrr: 50.84, ndcg: 56.39, took: 1.94s
Epoch 19, 17.2%	 loss: 3.155 acc@1: 34.06 mrr: 49.07, ndcg: 54.27, took: 1.96s
Epoch 19, 25.9%	 loss: 3.016 acc@1: 35.47 mrr: 50.89, ndcg: 56.30, took: 2.01s
Epoch 19, 34.5%	 loss: 2.949 acc@1: 35.00 mrr: 51.36, ndcg: 57.08, took: 1.85s
Epoch 19, 43.1%	 loss: 3.086 acc@1: 34.38 mrr: 49.56, ndcg: 55.31, took: 1.82s
Epoch 19, 51.7%	 loss: 3.018 acc@1: 36.09 mrr: 50.98, ndcg: 55.91, took: 1.52s
Epoch 19, 60.3%	 loss: 2.954 acc@1: 38.12 mrr: 52.55, ndcg: 57.28, took: 1.47s
Epoch 19, 69.0%	 loss: 2.968 acc@1: 35.94 mrr: 51.43, ndcg: 56.77, took: 1.36s
Epoch 19, 77.6%	 loss: 2.991 acc@1: 33.91 mrr: 50.62, ndcg: 56.04, took: 1.34s
Epoch 19, 86.2%	 loss: 3.148 acc@1: 34.22 mrr: 49.11, ndcg: 54.26, took: 1.33s
Epoch 19, 94.8%	 loss: 2.979 acc@1: 35.16 mrr: 51.07, ndcg: 56.52, took: 1.37s
Validation - loss: 4.4476, acc@1: 32.36%, f1: 19.32%, mrr: 46.08%, ndcg: 50.87%
Training finished.	 Time: 591.91s.	 acc@1: 32.39%

=== Test Results ===
Test Results:
  acc@1: 28.53%
  acc@5: 55.25%
  acc@10: 62.51%
  mrr: 41.12%
  ndcg: 46.13%
  f1: 18.00%

=== Training Complete ===
