2025-12-30 00:15:27,333 - INFO - ============================================================
2025-12-30 00:15:27,333 - INFO - POINTER V45 - Training Started
2025-12-30 00:15:27,334 - INFO - ============================================================
2025-12-30 00:15:27,334 - INFO - Model config: {'d_model': 64, 'dim_feedforward': 512, 'dropout': 0.15, 'nhead': 4, 'num_layers': 8}
2025-12-30 00:15:27,334 - INFO - Training config: {'batch_size': 128, 'grad_clip': 0.8, 'label_smoothing': 0.03, 'learning_rate': 0.0007, 'min_epochs': 8, 'min_lr': 1e-06, 'num_epochs': 50, 'patience': 5, 'use_amp': True, 'warmup_epochs': 5, 'weight_decay': 0.015}
2025-12-30 00:15:27,334 - INFO - ============================================================
2025-12-30 00:15:27,334 - INFO - Training for 50 epochs
2025-12-30 00:15:27,334 - INFO - Model parameters: 1,686,048
2025-12-30 00:17:29,324 - INFO - Epoch 1/50 | LR: 1.40e-04 | Train: 3.3119 | Val: 3.1919 | Acc@1: 51.03%
2025-12-30 00:17:29,402 - INFO -   ✓ New best (Acc@1: 51.03%)
2025-12-30 00:19:34,095 - INFO - Epoch 2/50 | LR: 2.80e-04 | Train: 3.0844 | Val: 3.1193 | Acc@1: 52.87%
2025-12-30 00:19:34,170 - INFO -   ✓ New best (Acc@1: 52.87%)
2025-12-30 00:21:34,236 - INFO - Epoch 3/50 | LR: 4.20e-04 | Train: 2.9982 | Val: 3.0696 | Acc@1: 53.80%
2025-12-30 00:21:34,309 - INFO -   ✓ New best (Acc@1: 53.80%)
2025-12-30 00:23:37,311 - INFO - Epoch 4/50 | LR: 5.60e-04 | Train: 2.9193 | Val: 3.0071 | Acc@1: 53.93%
2025-12-30 00:23:37,388 - INFO -   ✓ New best (Acc@1: 53.93%)
2025-12-30 00:25:40,205 - INFO - Epoch 5/50 | LR: 7.00e-04 | Train: 2.8310 | Val: 2.9488 | Acc@1: 54.23%
2025-12-30 00:25:40,284 - INFO -   ✓ New best (Acc@1: 54.23%)
2025-12-30 00:27:41,673 - INFO - Epoch 6/50 | LR: 7.00e-04 | Train: 2.7489 | Val: 2.9258 | Acc@1: 54.48%
2025-12-30 00:27:41,749 - INFO -   ✓ New best (Acc@1: 54.48%)
2025-12-30 00:29:33,917 - INFO - Epoch 7/50 | LR: 6.99e-04 | Train: 2.6790 | Val: 2.9189 | Acc@1: 54.52%
2025-12-30 00:29:33,991 - INFO -   ✓ New best (Acc@1: 54.52%)
2025-12-30 00:31:34,171 - INFO - Epoch 8/50 | LR: 6.97e-04 | Train: 2.6296 | Val: 2.8948 | Acc@1: 54.47%
2025-12-30 00:31:34,245 - INFO -   ✓ New best (Acc@1: 54.47%)
2025-12-30 00:33:33,700 - INFO - Epoch 9/50 | LR: 6.92e-04 | Train: 2.5802 | Val: 2.8952 | Acc@1: 54.81%
2025-12-30 00:35:37,380 - INFO - Epoch 10/50 | LR: 6.86e-04 | Train: 2.5479 | Val: 2.8893 | Acc@1: 54.17%
2025-12-30 00:35:37,455 - INFO -   ✓ New best (Acc@1: 54.17%)
2025-12-30 00:37:39,670 - INFO - Epoch 11/50 | LR: 6.79e-04 | Train: 2.5199 | Val: 2.9054 | Acc@1: 54.85%
2025-12-30 00:39:40,331 - INFO - Epoch 12/50 | LR: 6.70e-04 | Train: 2.4977 | Val: 2.8981 | Acc@1: 54.96%
2025-12-30 00:41:36,637 - INFO - Epoch 13/50 | LR: 6.59e-04 | Train: 2.4786 | Val: 2.9251 | Acc@1: 54.19%
2025-12-30 00:42:47,229 - INFO - Epoch 14/50 | LR: 6.47e-04 | Train: 2.4625 | Val: 2.9360 | Acc@1: 54.34%
2025-12-30 00:43:56,319 - INFO - Epoch 15/50 | LR: 6.33e-04 | Train: 2.4452 | Val: 2.9366 | Acc@1: 54.13%
2025-12-30 00:43:56,319 - INFO - Early stopping at epoch 15
2025-12-30 00:43:56,430 - INFO - Loaded checkpoint from epoch 10
2025-12-30 00:44:01,932 - INFO - ============================================================
2025-12-30 00:44:01,932 - INFO - FINAL VALIDATION RESULTS
2025-12-30 00:44:01,932 - INFO -   Acc@1:  54.17%
2025-12-30 00:44:01,932 - INFO -   Acc@5:  79.60%
2025-12-30 00:44:01,932 - INFO -   Acc@10: 83.42%
2025-12-30 00:44:01,933 - INFO -   MRR:    65.27%
2025-12-30 00:44:01,933 - INFO -   NDCG:   69.56%
2025-12-30 00:44:01,933 - INFO - ============================================================
2025-12-30 00:44:01,933 - INFO - FINAL TEST RESULTS
2025-12-30 00:44:01,933 - INFO -   Acc@1:  54.48%
2025-12-30 00:44:01,933 - INFO -   Acc@5:  80.93%
2025-12-30 00:44:01,933 - INFO -   Acc@10: 84.50%
2025-12-30 00:44:01,933 - INFO -   MRR:    66.04%
2025-12-30 00:44:01,933 - INFO -   NDCG:   70.42%
2025-12-30 00:44:01,933 - INFO - ============================================================
