2026-01-01 08:55:46,736 - INFO - ============================================================
2026-01-01 08:55:46,736 - INFO - POINTER V45 - Training Started
2026-01-01 08:55:46,736 - INFO - ============================================================
2026-01-01 08:55:46,736 - INFO - Model config: {'d_model': 96, 'nhead': 4, 'num_layers': 4, 'dim_feedforward': 128, 'dropout': 0.1}
2026-01-01 08:55:46,736 - INFO - Training config: {'batch_size': 128, 'num_epochs': 50, 'learning_rate': 0.001, 'weight_decay': 0.0005, 'label_smoothing': 0.0, 'grad_clip': 0.8, 'patience': 5, 'min_epochs': 8, 'warmup_epochs': 5, 'use_amp': True, 'min_lr': 1e-06}
2026-01-01 08:55:46,736 - INFO - ============================================================
2026-01-01 08:55:46,736 - INFO - Training for 50 epochs
2026-01-01 08:55:46,737 - INFO - Model parameters: 1,736,194
2026-01-01 08:57:08,710 - INFO - Epoch 1/50 | LR: 2.00e-04 | Train: 2.8226 | Val: 2.7974 | Acc@1: 51.98%
2026-01-01 08:57:08,769 - INFO -   ✓ New best (Acc@1: 51.98%)
2026-01-01 08:58:34,889 - INFO - Epoch 2/50 | LR: 4.00e-04 | Train: 2.5874 | Val: 2.7512 | Acc@1: 53.08%
2026-01-01 08:58:34,954 - INFO -   ✓ New best (Acc@1: 53.08%)
2026-01-01 09:00:00,940 - INFO - Epoch 3/50 | LR: 6.00e-04 | Train: 2.4894 | Val: 2.6962 | Acc@1: 53.46%
2026-01-01 09:00:01,011 - INFO -   ✓ New best (Acc@1: 53.46%)
2026-01-01 09:01:27,918 - INFO - Epoch 4/50 | LR: 8.00e-04 | Train: 2.3935 | Val: 2.6623 | Acc@1: 53.92%
2026-01-01 09:01:27,981 - INFO -   ✓ New best (Acc@1: 53.92%)
2026-01-01 09:02:52,915 - INFO - Epoch 5/50 | LR: 1.00e-03 | Train: 2.3150 | Val: 2.6243 | Acc@1: 53.84%
2026-01-01 09:02:52,977 - INFO -   ✓ New best (Acc@1: 53.84%)
2026-01-01 09:04:18,503 - INFO - Epoch 6/50 | LR: 1.00e-03 | Train: 2.2325 | Val: 2.6006 | Acc@1: 54.00%
2026-01-01 09:04:18,563 - INFO -   ✓ New best (Acc@1: 54.00%)
2026-01-01 09:05:49,024 - INFO - Epoch 7/50 | LR: 9.99e-04 | Train: 2.1644 | Val: 2.6201 | Acc@1: 53.67%
2026-01-01 09:07:14,177 - INFO - Epoch 8/50 | LR: 9.95e-04 | Train: 2.1088 | Val: 2.6535 | Acc@1: 53.87%
2026-01-01 09:08:39,580 - INFO - Epoch 9/50 | LR: 9.89e-04 | Train: 2.0651 | Val: 2.7069 | Acc@1: 54.03%
2026-01-01 09:10:04,459 - INFO - Epoch 10/50 | LR: 9.81e-04 | Train: 2.0331 | Val: 2.7464 | Acc@1: 53.43%
2026-01-01 09:11:28,891 - INFO - Epoch 11/50 | LR: 9.70e-04 | Train: 2.0052 | Val: 2.8082 | Acc@1: 52.70%
2026-01-01 09:11:28,891 - INFO - Early stopping at epoch 11
2026-01-01 09:11:29,171 - INFO - Loaded checkpoint from epoch 6
2026-01-01 09:11:35,498 - INFO - ============================================================
2026-01-01 09:11:35,499 - INFO - FINAL VALIDATION RESULTS
2026-01-01 09:11:35,499 - INFO -   Acc@1:  54.00%
2026-01-01 09:11:35,499 - INFO -   Acc@5:  79.80%
2026-01-01 09:11:35,499 - INFO -   Acc@10: 84.06%
2026-01-01 09:11:35,499 - INFO -   MRR:    65.30%
2026-01-01 09:11:35,499 - INFO -   NDCG:   69.74%
2026-01-01 09:11:35,499 - INFO - ============================================================
2026-01-01 09:11:35,499 - INFO - FINAL TEST RESULTS
2026-01-01 09:11:35,499 - INFO -   Acc@1:  55.93%
2026-01-01 09:11:35,499 - INFO -   Acc@5:  82.28%
2026-01-01 09:11:35,499 - INFO -   Acc@10: 86.13%
2026-01-01 09:11:35,499 - INFO -   MRR:    67.38%
2026-01-01 09:11:35,499 - INFO -   NDCG:   71.87%
2026-01-01 09:11:35,499 - INFO - ============================================================
