2025-12-28 20:12:51,940 - INFO - ============================================================
2025-12-28 20:12:51,941 - INFO - POINTER V45 - Training Started
2025-12-28 20:12:51,941 - INFO - ============================================================
2025-12-28 20:12:51,941 - INFO - Model config: {'d_model': 128, 'dim_feedforward': 256, 'dropout': 0.15, 'nhead': 4, 'num_layers': 3}
2025-12-28 20:12:51,941 - INFO - Training config: {'batch_size': 128, 'grad_clip': 0.8, 'label_smoothing': 0.03, 'learning_rate': 0.0009, 'min_epochs': 8, 'min_lr': 1e-06, 'num_epochs': 50, 'patience': 5, 'use_amp': True, 'warmup_epochs': 5, 'weight_decay': 0.015}
2025-12-28 20:12:51,941 - INFO - ============================================================
2025-12-28 20:12:51,941 - INFO - Training for 50 epochs
2025-12-28 20:12:51,941 - INFO - Model parameters: 2,156,447
2025-12-28 20:14:39,736 - INFO - Epoch 1/50 | LR: 1.80e-04 | Train: 3.0069 | Val: 2.9183 | Acc@1: 51.32%
2025-12-28 20:14:39,793 - INFO -   ✓ New best (Acc@1: 51.32%)
2025-12-28 20:16:19,961 - INFO - Epoch 2/50 | LR: 3.60e-04 | Train: 2.7832 | Val: 2.8671 | Acc@1: 52.46%
2025-12-28 20:16:20,027 - INFO -   ✓ New best (Acc@1: 52.46%)
2025-12-28 20:17:56,702 - INFO - Epoch 3/50 | LR: 5.40e-04 | Train: 2.6796 | Val: 2.8207 | Acc@1: 53.43%
2025-12-28 20:17:56,764 - INFO -   ✓ New best (Acc@1: 53.43%)
2025-12-28 20:19:26,745 - INFO - Epoch 4/50 | LR: 7.20e-04 | Train: 2.5888 | Val: 2.7911 | Acc@1: 53.98%
2025-12-28 20:19:26,807 - INFO -   ✓ New best (Acc@1: 53.98%)
2025-12-28 20:20:53,222 - INFO - Epoch 5/50 | LR: 9.00e-04 | Train: 2.5158 | Val: 2.7728 | Acc@1: 53.66%
2025-12-28 20:20:53,286 - INFO -   ✓ New best (Acc@1: 53.66%)
2025-12-28 20:22:30,158 - INFO - Epoch 6/50 | LR: 9.00e-04 | Train: 2.4237 | Val: 2.7808 | Acc@1: 54.17%
2025-12-28 20:24:17,247 - INFO - Epoch 7/50 | LR: 8.99e-04 | Train: 2.3450 | Val: 2.7958 | Acc@1: 53.36%
2025-12-28 20:26:05,627 - INFO - Epoch 8/50 | LR: 8.96e-04 | Train: 2.2753 | Val: 2.8288 | Acc@1: 53.00%
2025-12-28 20:27:53,897 - INFO - Epoch 9/50 | LR: 8.90e-04 | Train: 2.2120 | Val: 2.8655 | Acc@1: 52.60%
2025-12-28 20:29:41,565 - INFO - Epoch 10/50 | LR: 8.83e-04 | Train: 2.1561 | Val: 2.9167 | Acc@1: 51.92%
2025-12-28 20:29:41,565 - INFO - Early stopping at epoch 10
2025-12-28 20:29:42,166 - INFO - Loaded checkpoint from epoch 5
2025-12-28 20:29:50,207 - INFO - ============================================================
2025-12-28 20:29:50,207 - INFO - FINAL VALIDATION RESULTS
2025-12-28 20:29:50,207 - INFO -   Acc@1:  53.66%
2025-12-28 20:29:50,207 - INFO -   Acc@5:  80.70%
2025-12-28 20:29:50,207 - INFO -   Acc@10: 85.17%
2025-12-28 20:29:50,207 - INFO -   MRR:    65.45%
2025-12-28 20:29:50,207 - INFO -   NDCG:   70.12%
2025-12-28 20:29:50,207 - INFO - ============================================================
2025-12-28 20:29:50,207 - INFO - FINAL TEST RESULTS
2025-12-28 20:29:50,207 - INFO -   Acc@1:  55.08%
2025-12-28 20:29:50,207 - INFO -   Acc@5:  82.02%
2025-12-28 20:29:50,207 - INFO -   Acc@10: 86.31%
2025-12-28 20:29:50,207 - INFO -   MRR:    66.89%
2025-12-28 20:29:50,208 - INFO -   NDCG:   71.52%
2025-12-28 20:29:50,208 - INFO - ============================================================
