2025-12-30 16:51:14,677 - INFO - ============================================================
2025-12-30 16:51:14,677 - INFO - POINTER V45 - Training Started
2025-12-30 16:51:14,677 - INFO - ============================================================
2025-12-30 16:51:14,677 - INFO - Model config: {'d_model': 128, 'dim_feedforward': 128, 'dropout': 0.15, 'nhead': 2, 'num_layers': 2}
2025-12-30 16:51:14,677 - INFO - Training config: {'batch_size': 128, 'grad_clip': 0.8, 'label_smoothing': 0.03, 'learning_rate': 0.00065, 'min_epochs': 3, 'min_lr': 1e-06, 'num_epochs': 50, 'patience': 5, 'use_amp': True, 'warmup_epochs': 5, 'weight_decay': 0.015}
2025-12-30 16:51:14,678 - INFO - ============================================================
2025-12-30 16:51:14,678 - INFO - Training for 50 epochs
2025-12-30 16:51:14,678 - INFO - Model parameters: 2,282,848
2025-12-30 16:53:23,072 - INFO - Epoch 1/50 | LR: 1.30e-04 | Train: 3.2670 | Val: 3.1676 | Acc@1: 51.23%
2025-12-30 16:53:23,134 - INFO -   ✓ New best (Acc@1: 51.23%)
2025-12-30 16:55:25,557 - INFO - Epoch 2/50 | LR: 2.60e-04 | Train: 3.0335 | Val: 3.0965 | Acc@1: 52.92%
2025-12-30 16:55:25,627 - INFO -   ✓ New best (Acc@1: 52.92%)
2025-12-30 16:57:28,105 - INFO - Epoch 3/50 | LR: 3.90e-04 | Train: 2.9021 | Val: 3.0008 | Acc@1: 54.40%
2025-12-30 16:57:28,173 - INFO -   ✓ New best (Acc@1: 54.40%)
2025-12-30 16:59:28,963 - INFO - Epoch 4/50 | LR: 5.20e-04 | Train: 2.7554 | Val: 2.9241 | Acc@1: 54.29%
2025-12-30 16:59:29,034 - INFO -   ✓ New best (Acc@1: 54.29%)
2025-12-30 17:01:31,862 - INFO - Epoch 5/50 | LR: 6.50e-04 | Train: 2.6490 | Val: 2.8924 | Acc@1: 54.37%
2025-12-30 17:01:31,933 - INFO -   ✓ New best (Acc@1: 54.37%)
2025-12-30 17:03:35,112 - INFO - Epoch 6/50 | LR: 6.50e-04 | Train: 2.5534 | Val: 2.8711 | Acc@1: 54.42%
2025-12-30 17:03:35,183 - INFO -   ✓ New best (Acc@1: 54.42%)
2025-12-30 17:05:34,439 - INFO - Epoch 7/50 | LR: 6.49e-04 | Train: 2.4796 | Val: 2.8678 | Acc@1: 54.52%
2025-12-30 17:05:34,508 - INFO -   ✓ New best (Acc@1: 54.52%)
2025-12-30 17:07:35,680 - INFO - Epoch 8/50 | LR: 6.47e-04 | Train: 2.4226 | Val: 2.8884 | Acc@1: 53.92%
2025-12-30 17:09:36,875 - INFO - Epoch 9/50 | LR: 6.43e-04 | Train: 2.3717 | Val: 2.9053 | Acc@1: 53.82%
2025-12-30 17:11:39,532 - INFO - Epoch 10/50 | LR: 6.37e-04 | Train: 2.3327 | Val: 2.9496 | Acc@1: 52.93%
2025-12-30 17:13:36,987 - INFO - Epoch 11/50 | LR: 6.30e-04 | Train: 2.3022 | Val: 2.9679 | Acc@1: 53.22%
2025-12-30 17:15:37,700 - INFO - Epoch 12/50 | LR: 6.22e-04 | Train: 2.2760 | Val: 3.0027 | Acc@1: 52.75%
2025-12-30 17:15:37,701 - INFO - Early stopping at epoch 12
2025-12-30 17:15:38,473 - INFO - Loaded checkpoint from epoch 7
2025-12-30 17:15:59,608 - INFO - ============================================================
2025-12-30 17:15:59,608 - INFO - FINAL VALIDATION RESULTS
2025-12-30 17:15:59,608 - INFO -   Acc@1:  54.52%
2025-12-30 17:15:59,608 - INFO -   Acc@5:  80.07%
2025-12-30 17:15:59,608 - INFO -   Acc@10: 84.31%
2025-12-30 17:15:59,608 - INFO -   MRR:    65.70%
2025-12-30 17:15:59,608 - INFO -   NDCG:   70.11%
2025-12-30 17:15:59,608 - INFO - ============================================================
2025-12-30 17:15:59,609 - INFO - FINAL TEST RESULTS
2025-12-30 17:15:59,609 - INFO -   Acc@1:  54.62%
2025-12-30 17:15:59,609 - INFO -   Acc@5:  81.41%
2025-12-30 17:15:59,609 - INFO -   Acc@10: 85.46%
2025-12-30 17:15:59,609 - INFO -   MRR:    66.32%
2025-12-30 17:15:59,609 - INFO -   NDCG:   70.88%
2025-12-30 17:15:59,609 - INFO - ============================================================
