Training LSTM model
Dataset: geolife
Config: /data/next_loc_clean_v2/config/ht_optuna/optuna_LSTM_geolife_prev7_t15_20260101_092614_971ed5ee.yaml
Device: cuda
Seed: 42
==================================================
Data loaders: train=232, val=105, test=110
Total trainable parameters: 397155

=== Epoch 1 ===
Epoch 1, 8.6%	 loss: 7.283 acc@1: 0.00 mrr: 0.72, ndcg: 0.57, took: 3.39s
Epoch 1, 17.2%	 loss: 7.200 acc@1: 0.00 mrr: 0.53, ndcg: 0.26, took: 1.70s
Epoch 1, 25.9%	 loss: 7.059 acc@1: 0.47 mrr: 1.40, ndcg: 1.13, took: 1.66s
Epoch 1, 34.5%	 loss: 6.894 acc@1: 2.50 mrr: 4.81, ndcg: 5.25, took: 1.91s
Epoch 1, 43.1%	 loss: 6.570 acc@1: 10.00 mrr: 13.06, ndcg: 13.76, took: 2.16s
Epoch 1, 51.7%	 loss: 6.260 acc@1: 10.94 mrr: 17.72, ndcg: 20.78, took: 2.12s
Epoch 1, 60.3%	 loss: 5.906 acc@1: 13.44 mrr: 22.12, ndcg: 25.81, took: 2.16s
Epoch 1, 69.0%	 loss: 5.668 acc@1: 15.62 mrr: 23.94, ndcg: 26.91, took: 2.12s
Epoch 1, 77.6%	 loss: 5.368 acc@1: 17.34 mrr: 26.36, ndcg: 29.43, took: 2.15s
Epoch 1, 86.2%	 loss: 5.048 acc@1: 17.66 mrr: 27.93, ndcg: 31.67, took: 2.32s
Epoch 1, 94.8%	 loss: 5.031 acc@1: 21.56 mrr: 30.30, ndcg: 33.86, took: 2.32s
Validation - loss: 5.1783, acc@1: 19.74%, f1: 9.16%, mrr: 28.76%, ndcg: 33.37%
Current learning rate: 0.001000

=== Epoch 2 ===
Epoch 2, 8.6%	 loss: 4.521 acc@1: 22.03 mrr: 32.78, ndcg: 37.48, took: 1.88s
Epoch 2, 17.2%	 loss: 4.537 acc@1: 21.88 mrr: 33.08, ndcg: 37.24, took: 1.86s
Epoch 2, 25.9%	 loss: 4.231 acc@1: 25.16 mrr: 37.41, ndcg: 41.74, took: 1.73s
Epoch 2, 34.5%	 loss: 4.243 acc@1: 22.97 mrr: 36.13, ndcg: 41.34, took: 1.72s
Epoch 2, 43.1%	 loss: 4.242 acc@1: 27.81 mrr: 39.17, ndcg: 43.27, took: 2.08s
Epoch 2, 51.7%	 loss: 4.145 acc@1: 29.53 mrr: 41.19, ndcg: 45.32, took: 2.22s
Epoch 2, 60.3%	 loss: 3.862 acc@1: 30.62 mrr: 43.81, ndcg: 48.82, took: 2.21s
Epoch 2, 69.0%	 loss: 4.045 acc@1: 29.84 mrr: 42.57, ndcg: 47.24, took: 2.18s
Epoch 2, 77.6%	 loss: 3.891 acc@1: 32.19 mrr: 44.82, ndcg: 49.72, took: 2.09s
Epoch 2, 86.2%	 loss: 3.862 acc@1: 30.78 mrr: 44.58, ndcg: 49.59, took: 2.15s
Epoch 2, 94.8%	 loss: 3.723 acc@1: 32.34 mrr: 47.38, ndcg: 52.92, took: 2.21s
Validation - loss: 4.5747, acc@1: 33.26%, f1: 21.04%, mrr: 44.54%, ndcg: 49.14%
Current learning rate: 0.002000

=== Epoch 3 ===
Epoch 3, 8.6%	 loss: 3.575 acc@1: 33.44 mrr: 47.12, ndcg: 51.94, took: 2.17s
Epoch 3, 17.2%	 loss: 3.351 acc@1: 35.94 mrr: 49.56, ndcg: 54.67, took: 1.80s
Epoch 3, 25.9%	 loss: 3.303 acc@1: 30.62 mrr: 46.94, ndcg: 52.92, took: 1.69s
Epoch 3, 34.5%	 loss: 3.510 acc@1: 30.31 mrr: 46.36, ndcg: 51.86, took: 1.72s
Epoch 3, 43.1%	 loss: 3.539 acc@1: 31.09 mrr: 45.64, ndcg: 51.18, took: 2.11s
Epoch 3, 51.7%	 loss: 3.253 acc@1: 34.69 mrr: 50.27, ndcg: 55.53, took: 2.40s
Epoch 3, 60.3%	 loss: 3.415 acc@1: 32.34 mrr: 47.80, ndcg: 53.02, took: 2.23s
Epoch 3, 69.0%	 loss: 3.136 acc@1: 33.44 mrr: 50.28, ndcg: 56.54, took: 2.22s
Epoch 3, 77.6%	 loss: 3.393 acc@1: 34.84 mrr: 49.16, ndcg: 53.92, took: 2.05s
Epoch 3, 86.2%	 loss: 3.358 acc@1: 35.16 mrr: 49.15, ndcg: 54.33, took: 2.00s
Epoch 3, 94.8%	 loss: 3.391 acc@1: 29.53 mrr: 46.51, ndcg: 52.61, took: 2.07s
Validation - loss: 4.4247, acc@1: 33.26%, f1: 20.33%, mrr: 46.65%, ndcg: 51.19%
Current learning rate: 0.001958

=== Epoch 4 ===
Epoch 4, 8.6%	 loss: 3.106 acc@1: 35.16 mrr: 49.66, ndcg: 55.35, took: 2.15s
Epoch 4, 17.2%	 loss: 3.096 acc@1: 32.03 mrr: 47.87, ndcg: 53.54, took: 1.84s
Epoch 4, 25.9%	 loss: 3.131 acc@1: 32.97 mrr: 48.39, ndcg: 53.96, took: 1.76s
Epoch 4, 34.5%	 loss: 3.122 acc@1: 34.53 mrr: 49.30, ndcg: 54.60, took: 1.85s
Epoch 4, 43.1%	 loss: 2.875 acc@1: 35.16 mrr: 51.96, ndcg: 57.72, took: 2.18s
Epoch 4, 51.7%	 loss: 3.118 acc@1: 31.72 mrr: 48.14, ndcg: 53.94, took: 2.44s
Epoch 4, 60.3%	 loss: 3.110 acc@1: 33.44 mrr: 48.84, ndcg: 54.26, took: 2.20s
Epoch 4, 69.0%	 loss: 2.944 acc@1: 35.16 mrr: 51.57, ndcg: 57.43, took: 1.95s
Epoch 4, 77.6%	 loss: 3.220 acc@1: 34.69 mrr: 49.22, ndcg: 54.31, took: 1.91s
Epoch 4, 86.2%	 loss: 3.089 acc@1: 35.16 mrr: 50.80, ndcg: 55.96, took: 1.82s
Epoch 4, 94.8%	 loss: 2.955 acc@1: 35.62 mrr: 52.14, ndcg: 57.71, took: 2.05s
Validation - loss: 4.5451, acc@1: 30.20%, f1: 20.70%, mrr: 44.96%, ndcg: 49.73%
Current learning rate: 0.001917

=== Epoch 5 ===
Epoch 5, 8.6%	 loss: 2.809 acc@1: 36.72 mrr: 52.67, ndcg: 58.32, took: 2.14s
Epoch 5, 17.2%	 loss: 2.722 acc@1: 34.22 mrr: 51.68, ndcg: 57.61, took: 1.80s
Epoch 5, 25.9%	 loss: 2.835 acc@1: 36.56 mrr: 51.95, ndcg: 56.92, took: 1.90s
Epoch 5, 34.5%	 loss: 2.855 acc@1: 33.28 mrr: 49.93, ndcg: 55.77, took: 1.91s
Epoch 5, 43.1%	 loss: 2.811 acc@1: 34.38 mrr: 51.79, ndcg: 57.20, took: 2.13s
Epoch 5, 51.7%	 loss: 2.940 acc@1: 31.25 mrr: 48.94, ndcg: 55.15, took: 2.30s
Epoch 5, 60.3%	 loss: 2.914 acc@1: 37.50 mrr: 52.14, ndcg: 57.07, took: 2.07s
Epoch 5, 69.0%	 loss: 2.932 acc@1: 36.25 mrr: 51.47, ndcg: 56.95, took: 1.91s
Epoch 5, 77.6%	 loss: 3.064 acc@1: 34.53 mrr: 49.53, ndcg: 54.77, took: 1.82s
Epoch 5, 86.2%	 loss: 2.890 acc@1: 37.34 mrr: 52.03, ndcg: 57.00, took: 1.94s
Epoch 5, 94.8%	 loss: 3.043 acc@1: 31.41 mrr: 48.58, ndcg: 54.02, took: 2.08s
Validation - loss: 4.6090, acc@1: 30.59%, f1: 21.11%, mrr: 45.17%, ndcg: 50.19%
Current learning rate: 0.001875

=== Epoch 6 ===
Epoch 6, 8.6%	 loss: 2.551 acc@1: 35.31 mrr: 53.66, ndcg: 59.89, took: 2.13s
Epoch 6, 17.2%	 loss: 2.719 acc@1: 34.06 mrr: 51.23, ndcg: 57.53, took: 1.99s
Epoch 6, 25.9%	 loss: 2.650 acc@1: 38.75 mrr: 54.43, ndcg: 60.04, took: 1.86s
Epoch 6, 34.5%	 loss: 2.691 acc@1: 38.75 mrr: 54.01, ndcg: 59.33, took: 1.77s
Epoch 6, 43.1%	 loss: 2.859 acc@1: 31.56 mrr: 48.95, ndcg: 54.50, took: 1.78s
Epoch 6, 51.7%	 loss: 2.876 acc@1: 33.28 mrr: 49.54, ndcg: 55.55, took: 2.15s
Epoch 6, 60.3%	 loss: 2.897 acc@1: 35.47 mrr: 50.39, ndcg: 55.49, took: 2.15s
Epoch 6, 69.0%	 loss: 2.814 acc@1: 32.50 mrr: 49.96, ndcg: 56.12, took: 2.11s
Epoch 6, 77.6%	 loss: 2.828 acc@1: 33.91 mrr: 50.83, ndcg: 56.36, took: 2.04s
Epoch 6, 86.2%	 loss: 2.874 acc@1: 33.59 mrr: 49.58, ndcg: 55.54, took: 1.98s
Epoch 6, 94.8%	 loss: 2.828 acc@1: 35.16 mrr: 50.60, ndcg: 56.31, took: 1.98s
Validation - loss: 4.7674, acc@1: 31.61%, f1: 22.00%, mrr: 45.79%, ndcg: 50.47%
Current learning rate: 0.001833

=== Epoch 7 ===
Epoch 7, 8.6%	 loss: 2.578 acc@1: 36.25 mrr: 53.27, ndcg: 59.28, took: 2.40s
Epoch 7, 17.2%	 loss: 2.713 acc@1: 32.81 mrr: 50.50, ndcg: 56.61, took: 1.89s
Epoch 7, 25.9%	 loss: 2.664 acc@1: 34.69 mrr: 52.06, ndcg: 57.68, took: 1.84s
Epoch 7, 34.5%	 loss: 2.652 acc@1: 36.56 mrr: 52.40, ndcg: 58.01, took: 1.67s
Epoch 7, 43.1%	 loss: 2.621 acc@1: 35.78 mrr: 52.46, ndcg: 58.41, took: 1.77s
Epoch 7, 51.7%	 loss: 2.633 acc@1: 37.19 mrr: 53.11, ndcg: 58.77, took: 2.40s
Epoch 7, 60.3%	 loss: 2.770 acc@1: 35.47 mrr: 51.52, ndcg: 57.18, took: 2.29s
Epoch 7, 69.0%	 loss: 2.620 acc@1: 36.09 mrr: 52.81, ndcg: 58.41, took: 2.25s
Epoch 7, 77.6%	 loss: 2.924 acc@1: 34.22 mrr: 49.41, ndcg: 54.50, took: 2.06s
Epoch 7, 86.2%	 loss: 2.731 acc@1: 38.28 mrr: 53.29, ndcg: 58.04, took: 1.96s
Epoch 7, 94.8%	 loss: 2.705 acc@1: 37.66 mrr: 53.59, ndcg: 58.92, took: 1.85s
Validation - loss: 4.8268, acc@1: 29.75%, f1: 20.60%, mrr: 44.64%, ndcg: 49.66%
Current learning rate: 0.001792

=== Epoch 8 ===
Epoch 8, 8.6%	 loss: 2.483 acc@1: 37.81 mrr: 54.42, ndcg: 60.18, took: 2.21s
Epoch 8, 17.2%	 loss: 2.561 acc@1: 36.41 mrr: 53.35, ndcg: 59.34, took: 1.89s
Epoch 8, 25.9%	 loss: 2.511 acc@1: 37.66 mrr: 54.37, ndcg: 60.21, took: 1.79s
Epoch 8, 34.5%	 loss: 2.765 acc@1: 33.59 mrr: 49.53, ndcg: 55.63, took: 1.76s
Epoch 8, 43.1%	 loss: 2.704 acc@1: 34.69 mrr: 51.09, ndcg: 56.59, took: 1.93s
Epoch 8, 51.7%	 loss: 2.736 acc@1: 35.47 mrr: 51.19, ndcg: 56.76, took: 2.32s
Epoch 8, 60.3%	 loss: 2.593 acc@1: 37.19 mrr: 53.28, ndcg: 59.04, took: 2.16s
Epoch 8, 69.0%	 loss: 2.648 acc@1: 35.78 mrr: 52.19, ndcg: 58.29, took: 2.26s
Epoch 8, 77.6%	 loss: 2.671 acc@1: 35.00 mrr: 51.86, ndcg: 57.71, took: 1.97s
Epoch 8, 86.2%	 loss: 2.647 acc@1: 36.25 mrr: 52.45, ndcg: 58.31, took: 1.86s
Epoch 8, 94.8%	 loss: 2.429 acc@1: 40.31 mrr: 56.52, ndcg: 61.99, took: 1.99s
Validation - loss: 4.9075, acc@1: 31.58%, f1: 20.13%, mrr: 45.90%, ndcg: 50.74%
Current learning rate: 0.000175

=== Epoch 9 ===
Epoch 9, 8.6%	 loss: 2.995 acc@1: 33.91 mrr: 50.24, ndcg: 55.90, took: 2.22s
Epoch 9, 17.2%	 loss: 2.961 acc@1: 35.47 mrr: 51.45, ndcg: 56.97, took: 2.01s
Epoch 9, 25.9%	 loss: 2.963 acc@1: 38.59 mrr: 52.66, ndcg: 57.96, took: 1.78s
Epoch 9, 34.5%	 loss: 2.966 acc@1: 32.50 mrr: 49.81, ndcg: 55.41, took: 1.72s
Epoch 9, 43.1%	 loss: 3.007 acc@1: 34.06 mrr: 50.26, ndcg: 55.89, took: 1.87s
Epoch 9, 51.7%	 loss: 2.890 acc@1: 39.69 mrr: 54.26, ndcg: 58.79, took: 2.19s
Epoch 9, 60.3%	 loss: 3.056 acc@1: 31.72 mrr: 48.38, ndcg: 53.73, took: 2.30s
Epoch 9, 69.0%	 loss: 3.029 acc@1: 36.25 mrr: 51.29, ndcg: 56.57, took: 2.12s
Epoch 9, 77.6%	 loss: 2.915 acc@1: 34.53 mrr: 50.96, ndcg: 56.91, took: 1.88s
Epoch 9, 86.2%	 loss: 2.907 acc@1: 37.50 mrr: 52.54, ndcg: 57.57, took: 1.95s
Epoch 9, 94.8%	 loss: 3.033 acc@1: 32.66 mrr: 49.02, ndcg: 54.87, took: 1.99s
Validation - loss: 4.4377, acc@1: 33.44%, f1: 21.81%, mrr: 46.83%, ndcg: 51.52%
Current learning rate: 0.000175

=== Epoch 10 ===
Epoch 10, 8.6%	 loss: 2.936 acc@1: 36.41 mrr: 51.54, ndcg: 56.77, took: 2.26s
Epoch 10, 17.2%	 loss: 2.961 acc@1: 36.25 mrr: 51.48, ndcg: 56.57, took: 1.99s
Epoch 10, 25.9%	 loss: 2.882 acc@1: 39.06 mrr: 53.21, ndcg: 58.34, took: 1.76s
Epoch 10, 34.5%	 loss: 2.905 acc@1: 35.94 mrr: 51.50, ndcg: 57.04, took: 1.75s
Epoch 10, 43.1%	 loss: 2.959 acc@1: 35.94 mrr: 51.06, ndcg: 56.37, took: 1.84s
Epoch 10, 51.7%	 loss: 2.997 acc@1: 35.00 mrr: 50.55, ndcg: 55.99, took: 2.16s
Epoch 10, 60.3%	 loss: 2.761 acc@1: 36.88 mrr: 53.37, ndcg: 59.45, took: 2.08s
Epoch 10, 69.0%	 loss: 2.967 acc@1: 34.84 mrr: 50.38, ndcg: 55.93, took: 2.13s
Epoch 10, 77.6%	 loss: 2.902 acc@1: 35.16 mrr: 51.34, ndcg: 56.81, took: 2.02s
Epoch 10, 86.2%	 loss: 2.904 acc@1: 34.22 mrr: 50.50, ndcg: 56.17, took: 1.91s
Epoch 10, 94.8%	 loss: 2.865 acc@1: 35.62 mrr: 52.25, ndcg: 57.98, took: 2.06s
Validation - loss: 4.4813, acc@1: 33.05%, f1: 21.92%, mrr: 46.63%, ndcg: 51.36%
Current learning rate: 0.000175

=== Epoch 11 ===
Epoch 11, 8.6%	 loss: 2.945 acc@1: 36.09 mrr: 51.48, ndcg: 56.79, took: 2.20s
Epoch 11, 17.2%	 loss: 2.868 acc@1: 34.69 mrr: 51.13, ndcg: 57.08, took: 2.00s
Epoch 11, 25.9%	 loss: 2.791 acc@1: 35.00 mrr: 51.79, ndcg: 57.93, took: 1.82s
Epoch 11, 34.5%	 loss: 3.066 acc@1: 32.66 mrr: 48.61, ndcg: 54.12, took: 1.91s
Epoch 11, 43.1%	 loss: 2.921 acc@1: 34.22 mrr: 50.58, ndcg: 56.20, took: 1.83s
Epoch 11, 51.7%	 loss: 2.972 acc@1: 36.09 mrr: 50.92, ndcg: 56.55, took: 1.94s
Epoch 11, 60.3%	 loss: 2.755 acc@1: 37.97 mrr: 53.93, ndcg: 59.21, took: 2.09s
Epoch 11, 69.0%	 loss: 2.872 acc@1: 38.12 mrr: 52.97, ndcg: 57.99, took: 2.02s
Epoch 11, 77.6%	 loss: 2.834 acc@1: 36.72 mrr: 52.43, ndcg: 58.22, took: 2.07s
Epoch 11, 86.2%	 loss: 2.991 acc@1: 33.44 mrr: 49.89, ndcg: 55.51, took: 2.10s
Epoch 11, 94.8%	 loss: 2.861 acc@1: 33.44 mrr: 50.51, ndcg: 56.55, took: 2.07s
Validation - loss: 4.4928, acc@1: 33.35%, f1: 22.34%, mrr: 46.90%, ndcg: 51.57%
Current learning rate: 0.000175

=== Epoch 12 ===
Epoch 12, 8.6%	 loss: 2.870 acc@1: 35.16 mrr: 51.48, ndcg: 57.12, took: 2.21s
Epoch 12, 17.2%	 loss: 2.926 acc@1: 34.22 mrr: 50.34, ndcg: 56.10, took: 2.08s
Epoch 12, 25.9%	 loss: 2.997 acc@1: 33.59 mrr: 49.65, ndcg: 54.75, took: 1.97s
Epoch 12, 34.5%	 loss: 2.786 acc@1: 35.62 mrr: 52.24, ndcg: 57.76, took: 1.74s
Epoch 12, 43.1%	 loss: 2.918 acc@1: 32.97 mrr: 49.66, ndcg: 55.34, took: 1.69s
Epoch 12, 51.7%	 loss: 2.823 acc@1: 37.34 mrr: 52.60, ndcg: 58.03, took: 1.74s
Epoch 12, 60.3%	 loss: 2.911 acc@1: 35.78 mrr: 51.33, ndcg: 56.80, took: 1.97s
Epoch 12, 69.0%	 loss: 2.771 acc@1: 37.81 mrr: 53.64, ndcg: 59.12, took: 2.16s
Epoch 12, 77.6%	 loss: 2.814 acc@1: 37.66 mrr: 53.11, ndcg: 58.68, took: 2.24s
Epoch 12, 86.2%	 loss: 2.824 acc@1: 37.19 mrr: 52.74, ndcg: 58.43, took: 2.23s
Epoch 12, 94.8%	 loss: 2.798 acc@1: 32.81 mrr: 50.21, ndcg: 56.67, took: 2.20s
Validation - loss: 4.5064, acc@1: 32.93%, f1: 22.30%, mrr: 46.64%, ndcg: 51.33%
Current learning rate: 0.000175

=== Epoch 13 ===
Epoch 13, 8.6%	 loss: 2.954 acc@1: 36.25 mrr: 50.71, ndcg: 55.66, took: 2.21s
Epoch 13, 17.2%	 loss: 2.770 acc@1: 34.38 mrr: 51.61, ndcg: 57.64, took: 2.20s
Epoch 13, 25.9%	 loss: 2.832 acc@1: 35.94 mrr: 51.67, ndcg: 57.22, took: 1.86s
Epoch 13, 34.5%	 loss: 2.747 acc@1: 35.78 mrr: 52.74, ndcg: 58.63, took: 1.54s
Epoch 13, 43.1%	 loss: 2.675 acc@1: 40.00 mrr: 55.05, ndcg: 60.31, took: 1.52s
Epoch 13, 51.7%	 loss: 2.808 acc@1: 36.25 mrr: 52.16, ndcg: 58.00, took: 1.71s
Epoch 13, 60.3%	 loss: 2.841 acc@1: 35.00 mrr: 51.46, ndcg: 56.97, took: 2.22s
Epoch 13, 69.0%	 loss: 2.804 acc@1: 38.59 mrr: 53.53, ndcg: 59.10, took: 2.46s
Epoch 13, 77.6%	 loss: 2.901 acc@1: 32.66 mrr: 49.73, ndcg: 55.65, took: 2.49s
Epoch 13, 86.2%	 loss: 2.905 acc@1: 37.03 mrr: 52.15, ndcg: 57.36, took: 2.27s
Epoch 13, 94.8%	 loss: 2.882 acc@1: 36.09 mrr: 51.18, ndcg: 56.57, took: 2.23s
Validation - loss: 4.5314, acc@1: 33.05%, f1: 22.08%, mrr: 46.73%, ndcg: 51.44%
Current learning rate: 0.000018

=== Epoch 14 ===
Epoch 14, 8.6%	 loss: 3.057 acc@1: 31.09 mrr: 47.99, ndcg: 54.13, took: 2.32s
Epoch 14, 17.2%	 loss: 2.925 acc@1: 33.44 mrr: 50.67, ndcg: 56.41, took: 1.94s
Epoch 14, 25.9%	 loss: 3.085 acc@1: 30.47 mrr: 47.34, ndcg: 53.80, took: 1.59s
Epoch 14, 34.5%	 loss: 3.161 acc@1: 33.44 mrr: 48.72, ndcg: 53.95, took: 1.47s
Epoch 14, 43.1%	 loss: 3.070 acc@1: 33.59 mrr: 49.63, ndcg: 54.93, took: 1.64s
Epoch 14, 51.7%	 loss: 3.009 acc@1: 31.72 mrr: 49.10, ndcg: 55.09, took: 2.12s
Epoch 14, 60.3%	 loss: 3.049 acc@1: 33.91 mrr: 49.47, ndcg: 54.51, took: 2.40s
Epoch 14, 69.0%	 loss: 2.993 acc@1: 35.94 mrr: 51.32, ndcg: 56.60, took: 2.43s
Epoch 14, 77.6%	 loss: 2.872 acc@1: 37.19 mrr: 52.90, ndcg: 58.39, took: 2.43s
Epoch 14, 86.2%	 loss: 2.864 acc@1: 37.50 mrr: 53.15, ndcg: 58.43, took: 2.27s
Epoch 14, 94.8%	 loss: 3.110 acc@1: 35.00 mrr: 49.73, ndcg: 55.03, took: 2.07s
Validation - loss: 4.4300, acc@1: 32.90%, f1: 21.66%, mrr: 46.51%, ndcg: 51.31%
Current learning rate: 0.000018

=== Epoch 15 ===
Epoch 15, 8.6%	 loss: 3.080 acc@1: 33.75 mrr: 49.98, ndcg: 55.44, took: 2.11s
Epoch 15, 17.2%	 loss: 3.022 acc@1: 34.53 mrr: 49.74, ndcg: 55.10, took: 1.76s
Epoch 15, 25.9%	 loss: 3.017 acc@1: 34.53 mrr: 50.41, ndcg: 56.01, took: 1.57s
Epoch 15, 34.5%	 loss: 2.912 acc@1: 36.25 mrr: 51.67, ndcg: 57.40, took: 1.73s
Epoch 15, 43.1%	 loss: 2.967 acc@1: 38.28 mrr: 52.40, ndcg: 57.38, took: 1.93s
Epoch 15, 51.7%	 loss: 2.984 acc@1: 31.56 mrr: 49.30, ndcg: 55.29, took: 2.19s
Epoch 15, 60.3%	 loss: 2.974 acc@1: 34.06 mrr: 50.38, ndcg: 56.16, took: 2.46s
Epoch 15, 69.0%	 loss: 3.037 acc@1: 34.38 mrr: 49.72, ndcg: 55.36, took: 2.48s
Epoch 15, 77.6%	 loss: 2.882 acc@1: 35.78 mrr: 52.03, ndcg: 57.44, took: 2.43s
Epoch 15, 86.2%	 loss: 3.040 acc@1: 32.50 mrr: 48.58, ndcg: 54.59, took: 2.13s
Epoch 15, 94.8%	 loss: 2.954 acc@1: 32.66 mrr: 49.85, ndcg: 55.77, took: 2.09s
Validation - loss: 4.4390, acc@1: 33.29%, f1: 21.69%, mrr: 46.72%, ndcg: 51.47%
Current learning rate: 0.000018

=== Epoch 16 ===
Epoch 16, 8.6%	 loss: 2.903 acc@1: 37.66 mrr: 52.83, ndcg: 58.18, took: 1.94s
Epoch 16, 17.2%	 loss: 2.941 acc@1: 32.66 mrr: 49.95, ndcg: 55.84, took: 1.76s
Epoch 16, 25.9%	 loss: 3.060 acc@1: 31.56 mrr: 48.75, ndcg: 54.66, took: 1.62s
Epoch 16, 34.5%	 loss: 2.951 acc@1: 37.03 mrr: 51.64, ndcg: 56.84, took: 1.55s
Epoch 16, 43.1%	 loss: 3.045 acc@1: 31.88 mrr: 48.62, ndcg: 54.24, took: 1.66s
Epoch 16, 51.7%	 loss: 2.942 acc@1: 34.22 mrr: 50.44, ndcg: 56.45, took: 1.92s
Epoch 16, 60.3%	 loss: 2.905 acc@1: 35.94 mrr: 51.65, ndcg: 56.96, took: 2.08s
Epoch 16, 69.0%	 loss: 2.914 acc@1: 37.66 mrr: 52.57, ndcg: 58.09, took: 2.09s
Epoch 16, 77.6%	 loss: 2.882 acc@1: 35.94 mrr: 51.76, ndcg: 57.15, took: 1.94s
Epoch 16, 86.2%	 loss: 3.003 acc@1: 35.31 mrr: 50.86, ndcg: 56.28, took: 1.85s
Epoch 16, 94.8%	 loss: 3.184 acc@1: 33.12 mrr: 48.10, ndcg: 53.55, took: 1.69s
Validation - loss: 4.4499, acc@1: 33.56%, f1: 21.89%, mrr: 46.95%, ndcg: 51.69%
Current learning rate: 0.000018

=== Epoch 17 ===
Epoch 17, 8.6%	 loss: 2.900 acc@1: 37.81 mrr: 52.82, ndcg: 58.29, took: 2.21s
Epoch 17, 17.2%	 loss: 2.930 acc@1: 37.50 mrr: 52.41, ndcg: 58.16, took: 2.01s
Epoch 17, 25.9%	 loss: 2.847 acc@1: 34.22 mrr: 51.28, ndcg: 57.29, took: 1.85s
Epoch 17, 34.5%	 loss: 3.180 acc@1: 33.91 mrr: 48.43, ndcg: 53.66, took: 1.81s
Epoch 17, 43.1%	 loss: 2.908 acc@1: 36.88 mrr: 52.30, ndcg: 57.27, took: 1.83s
Epoch 17, 51.7%	 loss: 2.966 acc@1: 36.09 mrr: 51.27, ndcg: 56.37, took: 2.00s
Epoch 17, 60.3%	 loss: 3.077 acc@1: 34.38 mrr: 49.71, ndcg: 54.84, took: 2.17s
Epoch 17, 69.0%	 loss: 2.970 acc@1: 34.22 mrr: 50.67, ndcg: 56.29, took: 2.21s
Epoch 17, 77.6%	 loss: 2.926 acc@1: 36.09 mrr: 51.37, ndcg: 56.69, took: 2.17s
Epoch 17, 86.2%	 loss: 2.854 acc@1: 34.84 mrr: 51.26, ndcg: 57.34, took: 1.82s
Epoch 17, 94.8%	 loss: 3.068 acc@1: 34.38 mrr: 50.04, ndcg: 55.39, took: 1.56s
Validation - loss: 4.4409, acc@1: 33.65%, f1: 21.75%, mrr: 46.99%, ndcg: 51.69%
Current learning rate: 0.000018

=== Epoch 18 ===
Epoch 18, 8.6%	 loss: 3.096 acc@1: 33.12 mrr: 48.88, ndcg: 54.11, took: 2.11s
Epoch 18, 17.2%	 loss: 2.953 acc@1: 36.41 mrr: 51.27, ndcg: 56.69, took: 1.94s
Epoch 18, 25.9%	 loss: 3.009 acc@1: 33.28 mrr: 49.39, ndcg: 54.85, took: 1.80s
Epoch 18, 34.5%	 loss: 2.953 acc@1: 34.84 mrr: 51.12, ndcg: 56.69, took: 1.64s
Epoch 18, 43.1%	 loss: 2.882 acc@1: 37.66 mrr: 52.83, ndcg: 57.91, took: 1.64s
Epoch 18, 51.7%	 loss: 2.810 acc@1: 38.91 mrr: 54.11, ndcg: 59.42, took: 1.94s
Epoch 18, 60.3%	 loss: 2.900 acc@1: 34.53 mrr: 51.15, ndcg: 57.15, took: 2.01s
Epoch 18, 69.0%	 loss: 2.933 acc@1: 37.03 mrr: 51.85, ndcg: 56.96, took: 2.21s
Epoch 18, 77.6%	 loss: 2.971 acc@1: 35.78 mrr: 51.35, ndcg: 56.80, took: 1.96s
Epoch 18, 86.2%	 loss: 2.931 acc@1: 37.66 mrr: 52.55, ndcg: 57.99, took: 1.89s
Epoch 18, 94.8%	 loss: 3.113 acc@1: 31.88 mrr: 47.94, ndcg: 53.53, took: 1.78s
Validation - loss: 4.4605, acc@1: 33.44%, f1: 21.80%, mrr: 46.86%, ndcg: 51.62%
Training finished.	 Time: 559.66s.	 acc@1: 33.26%

=== Test Results ===
Test Results:
  acc@1: 29.35%
  acc@5: 55.97%
  acc@10: 59.37%
  mrr: 41.36%
  ndcg: 45.44%
  f1: 17.43%

=== Training Complete ===
