2025-12-30 21:50:08,600 - INFO - ============================================================
2025-12-30 21:50:08,600 - INFO - POINTER V45 - Training Started
2025-12-30 21:50:08,600 - INFO - ============================================================
2025-12-30 21:50:08,601 - INFO - Model config: {'d_model': 32, 'dim_feedforward': 128, 'dropout': 0.15, 'nhead': 4, 'num_layers': 4}
2025-12-30 21:50:08,601 - INFO - Training config: {'batch_size': 128, 'grad_clip': 0.8, 'label_smoothing': 0.03, 'learning_rate': 0.0006, 'min_epochs': 3, 'min_lr': 1e-06, 'num_epochs': 50, 'patience': 5, 'use_amp': True, 'warmup_epochs': 5, 'weight_decay': 0.015}
2025-12-30 21:50:08,601 - INFO - ============================================================
2025-12-30 21:50:08,601 - INFO - Training for 50 epochs
2025-12-30 21:50:08,601 - INFO - Model parameters: 137,820
2025-12-30 21:50:17,214 - INFO - Epoch 1/50 | LR: 1.20e-04 | Train: 4.3226 | Val: 3.2875 | Acc@1: 36.74%
2025-12-30 21:50:17,244 - INFO -   ✓ New best (Acc@1: 36.74%)
2025-12-30 21:50:24,646 - INFO - Epoch 2/50 | LR: 2.40e-04 | Train: 3.9846 | Val: 3.1731 | Acc@1: 39.68%
2025-12-30 21:50:24,676 - INFO -   ✓ New best (Acc@1: 39.68%)
2025-12-30 21:50:32,088 - INFO - Epoch 3/50 | LR: 3.60e-04 | Train: 3.8134 | Val: 3.0714 | Acc@1: 41.63%
2025-12-30 21:50:32,117 - INFO -   ✓ New best (Acc@1: 41.63%)
2025-12-30 21:50:39,621 - INFO - Epoch 4/50 | LR: 4.80e-04 | Train: 3.6513 | Val: 3.0312 | Acc@1: 44.99%
2025-12-30 21:50:39,651 - INFO -   ✓ New best (Acc@1: 44.99%)
2025-12-30 21:50:47,122 - INFO - Epoch 5/50 | LR: 6.00e-04 | Train: 3.5288 | Val: 3.0192 | Acc@1: 46.46%
2025-12-30 21:50:47,153 - INFO -   ✓ New best (Acc@1: 46.46%)
2025-12-30 21:50:54,447 - INFO - Epoch 6/50 | LR: 6.00e-04 | Train: 3.4120 | Val: 3.0595 | Acc@1: 45.92%
2025-12-30 21:51:01,746 - INFO - Epoch 7/50 | LR: 5.99e-04 | Train: 3.3066 | Val: 3.0037 | Acc@1: 46.43%
2025-12-30 21:51:01,776 - INFO -   ✓ New best (Acc@1: 46.43%)
2025-12-30 21:51:09,086 - INFO - Epoch 8/50 | LR: 5.97e-04 | Train: 3.2177 | Val: 3.0180 | Acc@1: 46.37%
2025-12-30 21:51:15,959 - INFO - Epoch 9/50 | LR: 5.93e-04 | Train: 3.1087 | Val: 3.0321 | Acc@1: 45.44%
2025-12-30 21:51:22,029 - INFO - Epoch 10/50 | LR: 5.88e-04 | Train: 3.0067 | Val: 2.9973 | Acc@1: 46.58%
2025-12-30 21:51:22,066 - INFO -   ✓ New best (Acc@1: 46.58%)
2025-12-30 21:51:29,296 - INFO - Epoch 11/50 | LR: 5.82e-04 | Train: 2.9230 | Val: 3.0648 | Acc@1: 45.32%
2025-12-30 21:51:36,515 - INFO - Epoch 12/50 | LR: 5.74e-04 | Train: 2.8263 | Val: 3.0240 | Acc@1: 46.31%
2025-12-30 21:51:42,395 - INFO - Epoch 13/50 | LR: 5.65e-04 | Train: 2.7444 | Val: 3.0821 | Acc@1: 45.95%
2025-12-30 21:51:47,462 - INFO - Epoch 14/50 | LR: 5.54e-04 | Train: 2.6631 | Val: 3.0998 | Acc@1: 46.55%
2025-12-30 21:51:53,777 - INFO - Epoch 15/50 | LR: 5.43e-04 | Train: 2.5975 | Val: 3.0784 | Acc@1: 45.92%
2025-12-30 21:51:53,777 - INFO - Early stopping at epoch 15
2025-12-30 21:51:54,608 - INFO - Loaded checkpoint from epoch 10
2025-12-30 21:51:59,536 - INFO - ============================================================
2025-12-30 21:51:59,536 - INFO - FINAL VALIDATION RESULTS
2025-12-30 21:51:59,536 - INFO -   Acc@1:  46.58%
2025-12-30 21:51:59,536 - INFO -   Acc@5:  77.08%
2025-12-30 21:51:59,537 - INFO -   Acc@10: 81.34%
2025-12-30 21:51:59,537 - INFO -   MRR:    60.00%
2025-12-30 21:51:59,537 - INFO -   NDCG:   64.99%
2025-12-30 21:51:59,537 - INFO - ============================================================
2025-12-30 21:51:59,537 - INFO - FINAL TEST RESULTS
2025-12-30 21:51:59,537 - INFO -   Acc@1:  47.49%
2025-12-30 21:51:59,537 - INFO -   Acc@5:  80.50%
2025-12-30 21:51:59,537 - INFO -   Acc@10: 84.32%
2025-12-30 21:51:59,537 - INFO -   MRR:    61.93%
2025-12-30 21:51:59,537 - INFO -   NDCG:   67.31%
2025-12-30 21:51:59,537 - INFO - ============================================================
