2025-12-28 21:09:10,574 - INFO - ============================================================
2025-12-28 21:09:10,575 - INFO - POINTER V45 - Training Started
2025-12-28 21:09:10,575 - INFO - ============================================================
2025-12-28 21:09:10,575 - INFO - Model config: {'d_model': 128, 'dim_feedforward': 256, 'dropout': 0.15, 'nhead': 4, 'num_layers': 3}
2025-12-28 21:09:10,575 - INFO - Training config: {'batch_size': 128, 'grad_clip': 0.8, 'label_smoothing': 0.03, 'learning_rate': 0.0009, 'min_epochs': 8, 'min_lr': 1e-06, 'num_epochs': 50, 'patience': 5, 'use_amp': True, 'warmup_epochs': 5, 'weight_decay': 0.015}
2025-12-28 21:09:10,575 - INFO - ============================================================
2025-12-28 21:09:10,575 - INFO - Training for 50 epochs
2025-12-28 21:09:10,575 - INFO - Model parameters: 1,572,557
2025-12-28 21:10:38,153 - INFO - Epoch 1/50 | LR: 1.80e-04 | Train: 2.9635 | Val: 2.7840 | Acc@1: 51.12%
2025-12-28 21:10:38,208 - INFO -   ✓ New best (Acc@1: 51.12%)
2025-12-28 21:12:01,537 - INFO - Epoch 2/50 | LR: 3.60e-04 | Train: 2.6898 | Val: 2.7169 | Acc@1: 52.57%
2025-12-28 21:12:01,590 - INFO -   ✓ New best (Acc@1: 52.57%)
2025-12-28 21:13:24,868 - INFO - Epoch 3/50 | LR: 5.40e-04 | Train: 2.5591 | Val: 2.7102 | Acc@1: 51.78%
2025-12-28 21:13:24,924 - INFO -   ✓ New best (Acc@1: 51.78%)
2025-12-28 21:14:49,064 - INFO - Epoch 4/50 | LR: 7.20e-04 | Train: 2.4488 | Val: 2.6776 | Acc@1: 52.89%
2025-12-28 21:14:49,118 - INFO -   ✓ New best (Acc@1: 52.89%)
2025-12-28 21:16:11,897 - INFO - Epoch 5/50 | LR: 9.00e-04 | Train: 2.3559 | Val: 2.6483 | Acc@1: 53.29%
2025-12-28 21:16:11,949 - INFO -   ✓ New best (Acc@1: 53.29%)
2025-12-28 21:17:34,750 - INFO - Epoch 6/50 | LR: 9.00e-04 | Train: 2.2431 | Val: 2.6715 | Acc@1: 51.64%
2025-12-28 21:18:47,646 - INFO - Epoch 7/50 | LR: 8.99e-04 | Train: 2.1443 | Val: 2.7293 | Acc@1: 52.24%
2025-12-28 21:20:09,703 - INFO - Epoch 8/50 | LR: 8.96e-04 | Train: 2.0449 | Val: 2.7634 | Acc@1: 52.37%
2025-12-28 21:21:32,745 - INFO - Epoch 9/50 | LR: 8.90e-04 | Train: 1.9566 | Val: 2.7931 | Acc@1: 51.91%
2025-12-28 21:22:53,214 - INFO - Epoch 10/50 | LR: 8.83e-04 | Train: 1.8750 | Val: 2.8680 | Acc@1: 49.80%
2025-12-28 21:22:53,215 - INFO - Early stopping at epoch 10
2025-12-28 21:22:53,820 - INFO - Loaded checkpoint from epoch 5
2025-12-28 21:22:56,433 - INFO - ============================================================
2025-12-28 21:22:56,433 - INFO - FINAL VALIDATION RESULTS
2025-12-28 21:22:56,433 - INFO -   Acc@1:  53.29%
2025-12-28 21:22:56,433 - INFO -   Acc@5:  81.32%
2025-12-28 21:22:56,433 - INFO -   Acc@10: 86.12%
2025-12-28 21:22:56,434 - INFO -   MRR:    65.66%
2025-12-28 21:22:56,434 - INFO -   NDCG:   70.47%
2025-12-28 21:22:56,434 - INFO - ============================================================
2025-12-28 21:22:56,434 - INFO - FINAL TEST RESULTS
2025-12-28 21:22:56,434 - INFO -   Acc@1:  55.84%
2025-12-28 21:22:56,434 - INFO -   Acc@5:  82.91%
2025-12-28 21:22:56,434 - INFO -   Acc@10: 88.55%
2025-12-28 21:22:56,434 - INFO -   MRR:    67.64%
2025-12-28 21:22:56,434 - INFO -   NDCG:   72.54%
2025-12-28 21:22:56,434 - INFO - ============================================================
