2025-12-30 19:02:56,169 - INFO - ============================================================
2025-12-30 19:02:56,169 - INFO - POINTER V45 - Training Started
2025-12-30 19:02:56,169 - INFO - ============================================================
2025-12-30 19:02:56,169 - INFO - Model config: {'d_model': 64, 'dim_feedforward': 128, 'dropout': 0.15, 'nhead': 8, 'num_layers': 2}
2025-12-30 19:02:56,169 - INFO - Training config: {'batch_size': 128, 'grad_clip': 0.8, 'label_smoothing': 0.03, 'learning_rate': 0.0006, 'min_epochs': 3, 'min_lr': 1e-06, 'num_epochs': 50, 'patience': 5, 'use_amp': True, 'warmup_epochs': 5, 'weight_decay': 0.015}
2025-12-30 19:02:56,169 - INFO - ============================================================
2025-12-30 19:02:56,169 - INFO - Training for 50 epochs
2025-12-30 19:02:56,170 - INFO - Model parameters: 1,048,530
2025-12-30 19:05:56,011 - INFO - Epoch 1/50 | LR: 1.20e-04 | Train: 3.0900 | Val: 3.0647 | Acc@1: 50.94%
2025-12-30 19:05:56,048 - INFO -   ✓ New best (Acc@1: 50.94%)
2025-12-30 19:08:57,866 - INFO - Epoch 2/50 | LR: 2.40e-04 | Train: 2.8733 | Val: 2.9999 | Acc@1: 52.83%
2025-12-30 19:08:57,905 - INFO -   ✓ New best (Acc@1: 52.83%)
2025-12-30 19:12:00,698 - INFO - Epoch 3/50 | LR: 3.60e-04 | Train: 2.7911 | Val: 2.9637 | Acc@1: 53.23%
2025-12-30 19:12:00,736 - INFO -   ✓ New best (Acc@1: 53.23%)
2025-12-30 19:15:02,266 - INFO - Epoch 4/50 | LR: 4.80e-04 | Train: 2.7261 | Val: 2.9376 | Acc@1: 54.06%
2025-12-30 19:15:02,308 - INFO -   ✓ New best (Acc@1: 54.06%)
2025-12-30 19:18:05,039 - INFO - Epoch 5/50 | LR: 6.00e-04 | Train: 2.6699 | Val: 2.9194 | Acc@1: 54.21%
2025-12-30 19:18:05,078 - INFO -   ✓ New best (Acc@1: 54.21%)
2025-12-30 19:20:45,096 - INFO - Epoch 6/50 | LR: 6.00e-04 | Train: 2.5987 | Val: 2.9003 | Acc@1: 54.03%
2025-12-30 19:20:45,135 - INFO -   ✓ New best (Acc@1: 54.03%)
2025-12-30 19:23:05,447 - INFO - Epoch 7/50 | LR: 5.99e-04 | Train: 2.5409 | Val: 2.8846 | Acc@1: 53.80%
2025-12-30 19:23:05,487 - INFO -   ✓ New best (Acc@1: 53.80%)
2025-12-30 19:25:00,437 - INFO - Epoch 8/50 | LR: 5.97e-04 | Train: 2.4937 | Val: 2.8914 | Acc@1: 53.90%
2025-12-30 19:26:57,186 - INFO - Epoch 9/50 | LR: 5.93e-04 | Train: 2.4536 | Val: 2.8981 | Acc@1: 53.60%
2025-12-30 19:28:40,605 - INFO - Epoch 10/50 | LR: 5.88e-04 | Train: 2.4169 | Val: 2.9096 | Acc@1: 53.98%
2025-12-30 19:30:16,158 - INFO - Epoch 11/50 | LR: 5.82e-04 | Train: 2.3867 | Val: 2.9356 | Acc@1: 53.47%
2025-12-30 19:31:51,259 - INFO - Epoch 12/50 | LR: 5.74e-04 | Train: 2.3582 | Val: 2.9385 | Acc@1: 53.14%
2025-12-30 19:31:51,259 - INFO - Early stopping at epoch 12
2025-12-30 19:31:51,621 - INFO - Loaded checkpoint from epoch 7
2025-12-30 19:32:01,527 - INFO - ============================================================
2025-12-30 19:32:01,527 - INFO - FINAL VALIDATION RESULTS
2025-12-30 19:32:01,528 - INFO -   Acc@1:  53.80%
2025-12-30 19:32:01,528 - INFO -   Acc@5:  79.74%
2025-12-30 19:32:01,528 - INFO -   Acc@10: 83.62%
2025-12-30 19:32:01,528 - INFO -   MRR:    65.21%
2025-12-30 19:32:01,528 - INFO -   NDCG:   69.59%
2025-12-30 19:32:01,528 - INFO - ============================================================
2025-12-30 19:32:01,528 - INFO - FINAL TEST RESULTS
2025-12-30 19:32:01,528 - INFO -   Acc@1:  55.76%
2025-12-30 19:32:01,528 - INFO -   Acc@5:  82.20%
2025-12-30 19:32:01,528 - INFO -   Acc@10: 85.71%
2025-12-30 19:32:01,528 - INFO -   MRR:    67.18%
2025-12-30 19:32:01,528 - INFO -   NDCG:   71.62%
2025-12-30 19:32:01,528 - INFO - ============================================================
