2025-12-30 02:57:53,232 - INFO - ============================================================
2025-12-30 02:57:53,232 - INFO - POINTER V45 - Training Started
2025-12-30 02:57:53,232 - INFO - ============================================================
2025-12-30 02:57:53,232 - INFO - Model config: {'d_model': 128, 'dim_feedforward': 512, 'dropout': 0.15, 'nhead': 2, 'num_layers': 4}
2025-12-30 02:57:53,232 - INFO - Training config: {'batch_size': 128, 'grad_clip': 0.8, 'label_smoothing': 0.03, 'learning_rate': 0.00065, 'min_epochs': 8, 'min_lr': 1e-06, 'num_epochs': 50, 'patience': 5, 'use_amp': True, 'warmup_epochs': 5, 'weight_decay': 0.015}
2025-12-30 02:57:53,232 - INFO - ============================================================
2025-12-30 02:57:53,232 - INFO - Training for 50 epochs
2025-12-30 02:57:53,233 - INFO - Model parameters: 2,796,210
2025-12-30 02:59:48,029 - INFO - Epoch 1/50 | LR: 1.30e-04 | Train: 3.0719 | Val: 3.0383 | Acc@1: 51.54%
2025-12-30 02:59:48,103 - INFO -   ✓ New best (Acc@1: 51.54%)
2025-12-30 03:01:49,232 - INFO - Epoch 2/50 | LR: 2.60e-04 | Train: 2.8614 | Val: 2.9779 | Acc@1: 53.11%
2025-12-30 03:01:49,323 - INFO -   ✓ New best (Acc@1: 53.11%)
2025-12-30 03:03:51,485 - INFO - Epoch 3/50 | LR: 3.90e-04 | Train: 2.7700 | Val: 2.9447 | Acc@1: 53.92%
2025-12-30 03:03:51,568 - INFO -   ✓ New best (Acc@1: 53.92%)
2025-12-30 03:05:52,614 - INFO - Epoch 4/50 | LR: 5.20e-04 | Train: 2.6839 | Val: 2.8923 | Acc@1: 53.38%
2025-12-30 03:05:52,697 - INFO -   ✓ New best (Acc@1: 53.38%)
2025-12-30 03:07:54,308 - INFO - Epoch 5/50 | LR: 6.50e-04 | Train: 2.6051 | Val: 2.8578 | Acc@1: 54.49%
2025-12-30 03:07:54,391 - INFO -   ✓ New best (Acc@1: 54.49%)
2025-12-30 03:09:53,453 - INFO - Epoch 6/50 | LR: 6.50e-04 | Train: 2.5212 | Val: 2.8512 | Acc@1: 54.61%
2025-12-30 03:09:53,538 - INFO -   ✓ New best (Acc@1: 54.61%)
2025-12-30 03:11:55,387 - INFO - Epoch 7/50 | LR: 6.49e-04 | Train: 2.4508 | Val: 2.8589 | Acc@1: 54.30%
2025-12-30 03:13:54,704 - INFO - Epoch 8/50 | LR: 6.47e-04 | Train: 2.3892 | Val: 2.8727 | Acc@1: 53.97%
2025-12-30 03:15:58,527 - INFO - Epoch 9/50 | LR: 6.43e-04 | Train: 2.3316 | Val: 2.9099 | Acc@1: 53.46%
2025-12-30 03:17:58,340 - INFO - Epoch 10/50 | LR: 6.37e-04 | Train: 2.2817 | Val: 2.9302 | Acc@1: 53.37%
2025-12-30 03:19:57,961 - INFO - Epoch 11/50 | LR: 6.30e-04 | Train: 2.2340 | Val: 2.9797 | Acc@1: 52.66%
2025-12-30 03:19:57,962 - INFO - Early stopping at epoch 11
2025-12-30 03:19:58,280 - INFO - Loaded checkpoint from epoch 6
2025-12-30 03:20:07,120 - INFO - ============================================================
2025-12-30 03:20:07,120 - INFO - FINAL VALIDATION RESULTS
2025-12-30 03:20:07,120 - INFO -   Acc@1:  54.61%
2025-12-30 03:20:07,120 - INFO -   Acc@5:  80.09%
2025-12-30 03:20:07,120 - INFO -   Acc@10: 84.05%
2025-12-30 03:20:07,120 - INFO -   MRR:    65.73%
2025-12-30 03:20:07,120 - INFO -   NDCG:   70.07%
2025-12-30 03:20:07,120 - INFO - ============================================================
2025-12-30 03:20:07,120 - INFO - FINAL TEST RESULTS
2025-12-30 03:20:07,120 - INFO -   Acc@1:  56.57%
2025-12-30 03:20:07,121 - INFO -   Acc@5:  82.40%
2025-12-30 03:20:07,121 - INFO -   Acc@10: 86.14%
2025-12-30 03:20:07,121 - INFO -   MRR:    67.84%
2025-12-30 03:20:07,121 - INFO -   NDCG:   72.21%
2025-12-30 03:20:07,121 - INFO - ============================================================
