2025-12-28 18:22:01,203 - INFO - ============================================================
2025-12-28 18:22:01,204 - INFO - POINTER V45 - Training Started
2025-12-28 18:22:01,204 - INFO - ============================================================
2025-12-28 18:22:01,204 - INFO - Model config: {'d_model': 64, 'nhead': 4, 'num_layers': 2, 'dim_feedforward': 192, 'dropout': 0.15}
2025-12-28 18:22:01,204 - INFO - Training config: {'batch_size': 128, 'num_epochs': 2, 'learning_rate': 0.0008, 'weight_decay': 0.015, 'label_smoothing': 0.03, 'grad_clip': 0.8, 'patience': 5, 'min_epochs': 8, 'warmup_epochs': 5, 'use_amp': True, 'min_lr': 1e-06}
2025-12-28 18:22:01,204 - INFO - ============================================================
2025-12-28 18:22:01,204 - INFO - Training for 2 epochs
2025-12-28 18:22:01,204 - INFO - Model parameters: 267,580
2025-12-28 18:22:04,098 - INFO - Epoch 1/2 | LR: 1.60e-04 | Train: 4.3539 | Val: 3.4139 | Acc@1: 39.13%
2025-12-28 18:22:04,119 - INFO -   ✓ New best (Acc@1: 39.13%)
2025-12-28 18:22:06,438 - INFO - Epoch 2/2 | LR: 3.20e-04 | Train: 3.9603 | Val: 3.2766 | Acc@1: 43.04%
2025-12-28 18:22:06,458 - INFO -   ✓ New best (Acc@1: 43.04%)
2025-12-28 18:22:06,516 - INFO - Loaded checkpoint from epoch 2
2025-12-28 18:22:07,420 - INFO - ============================================================
2025-12-28 18:22:07,420 - INFO - FINAL VALIDATION RESULTS
2025-12-28 18:22:07,420 - INFO -   Acc@1:  43.04%
2025-12-28 18:22:07,420 - INFO -   Acc@5:  73.92%
2025-12-28 18:22:07,420 - INFO -   Acc@10: 77.47%
2025-12-28 18:22:07,420 - INFO -   MRR:    56.69%
2025-12-28 18:22:07,420 - INFO -   NDCG:   61.61%
2025-12-28 18:22:07,420 - INFO - ============================================================
2025-12-28 18:22:07,421 - INFO - FINAL TEST RESULTS
2025-12-28 18:22:07,421 - INFO -   Acc@1:  48.41%
2025-12-28 18:22:07,421 - INFO -   Acc@5:  77.76%
2025-12-28 18:22:07,421 - INFO -   Acc@10: 79.76%
2025-12-28 18:22:07,421 - INFO -   MRR:    61.53%
2025-12-28 18:22:07,421 - INFO -   NDCG:   65.91%
2025-12-28 18:22:07,421 - INFO - ============================================================
