Training LSTM model
Dataset: geolife
Config: /data/next_loc_clean_v2/config/ht_optuna/optuna_LSTM_geolife_prev7_t13_20260101_092556_38f7eacd.yaml
Device: cuda
Seed: 42
==================================================
Data loaders: train=232, val=105, test=110
Total trainable parameters: 397155

=== Epoch 1 ===
Epoch 1, 8.6%	 loss: 7.288 acc@1: 0.00 mrr: 0.73, ndcg: 0.58, took: 2.98s
Epoch 1, 17.2%	 loss: 7.221 acc@1: 0.00 mrr: 0.51, ndcg: 0.31, took: 1.68s
Epoch 1, 25.9%	 loss: 7.112 acc@1: 0.31 mrr: 1.02, ndcg: 0.78, took: 1.66s
Epoch 1, 34.5%	 loss: 6.982 acc@1: 1.25 mrr: 2.85, ndcg: 2.86, took: 1.88s
Epoch 1, 43.1%	 loss: 6.727 acc@1: 7.50 mrr: 10.23, ndcg: 10.52, took: 1.81s
Epoch 1, 51.7%	 loss: 6.483 acc@1: 9.53 mrr: 13.56, ndcg: 14.94, took: 2.05s
Epoch 1, 60.3%	 loss: 6.183 acc@1: 12.19 mrr: 18.79, ndcg: 21.97, took: 2.07s
Epoch 1, 69.0%	 loss: 5.999 acc@1: 12.50 mrr: 20.45, ndcg: 23.63, took: 2.10s
Epoch 1, 77.6%	 loss: 5.707 acc@1: 17.03 mrr: 24.85, ndcg: 27.66, took: 2.03s
Epoch 1, 86.2%	 loss: 5.394 acc@1: 15.47 mrr: 25.22, ndcg: 28.53, took: 1.87s
Epoch 1, 94.8%	 loss: 5.265 acc@1: 19.22 mrr: 27.79, ndcg: 31.12, took: 1.77s
Validation - loss: 5.2485, acc@1: 19.50%, f1: 7.91%, mrr: 28.76%, ndcg: 33.03%
Current learning rate: 0.000750

=== Epoch 2 ===
Epoch 2, 8.6%	 loss: 4.752 acc@1: 20.47 mrr: 30.57, ndcg: 34.95, took: 2.29s
Epoch 2, 17.2%	 loss: 4.690 acc@1: 20.78 mrr: 31.42, ndcg: 35.74, took: 2.08s
Epoch 2, 25.9%	 loss: 4.454 acc@1: 23.28 mrr: 34.15, ndcg: 38.65, took: 2.24s
Epoch 2, 34.5%	 loss: 4.429 acc@1: 22.19 mrr: 33.72, ndcg: 38.52, took: 2.17s
Epoch 2, 43.1%	 loss: 4.414 acc@1: 24.53 mrr: 35.24, ndcg: 39.74, took: 2.12s
Epoch 2, 51.7%	 loss: 4.332 acc@1: 25.47 mrr: 37.07, ndcg: 41.67, took: 2.44s
Epoch 2, 60.3%	 loss: 4.077 acc@1: 28.75 mrr: 41.16, ndcg: 45.97, took: 2.31s
Epoch 2, 69.0%	 loss: 4.180 acc@1: 28.75 mrr: 40.64, ndcg: 44.81, took: 2.08s
Epoch 2, 77.6%	 loss: 4.058 acc@1: 28.12 mrr: 41.06, ndcg: 46.02, took: 1.86s
Epoch 2, 86.2%	 loss: 4.004 acc@1: 27.97 mrr: 41.98, ndcg: 46.97, took: 1.74s
Epoch 2, 94.8%	 loss: 3.904 acc@1: 29.84 mrr: 44.14, ndcg: 49.82, took: 1.83s
Validation - loss: 4.6273, acc@1: 31.13%, f1: 20.15%, mrr: 42.72%, ndcg: 47.22%
Current learning rate: 0.001500

=== Epoch 3 ===
Epoch 3, 8.6%	 loss: 3.771 acc@1: 31.88 mrr: 44.88, ndcg: 49.53, took: 2.28s
Epoch 3, 17.2%	 loss: 3.537 acc@1: 34.22 mrr: 47.72, ndcg: 52.39, took: 2.24s
Epoch 3, 25.9%	 loss: 3.450 acc@1: 31.09 mrr: 46.67, ndcg: 52.16, took: 2.17s
Epoch 3, 34.5%	 loss: 3.653 acc@1: 31.25 mrr: 46.18, ndcg: 51.17, took: 2.17s
Epoch 3, 43.1%	 loss: 3.667 acc@1: 29.69 mrr: 44.58, ndcg: 49.93, took: 2.19s
Epoch 3, 51.7%	 loss: 3.355 acc@1: 33.59 mrr: 49.16, ndcg: 54.29, took: 2.24s
Epoch 3, 60.3%	 loss: 3.502 acc@1: 31.88 mrr: 47.27, ndcg: 52.53, took: 2.25s
Epoch 3, 69.0%	 loss: 3.216 acc@1: 34.38 mrr: 50.43, ndcg: 56.51, took: 1.83s
Epoch 3, 77.6%	 loss: 3.468 acc@1: 35.47 mrr: 49.47, ndcg: 53.96, took: 1.84s
Epoch 3, 86.2%	 loss: 3.455 acc@1: 35.00 mrr: 48.81, ndcg: 53.63, took: 1.95s
Epoch 3, 94.8%	 loss: 3.455 acc@1: 30.16 mrr: 46.61, ndcg: 52.30, took: 2.02s
Validation - loss: 4.4780, acc@1: 33.80%, f1: 20.22%, mrr: 46.45%, ndcg: 50.86%
Current learning rate: 0.001469

=== Epoch 4 ===
Epoch 4, 8.6%	 loss: 3.163 acc@1: 35.16 mrr: 49.60, ndcg: 55.24, took: 2.40s
Epoch 4, 17.2%	 loss: 3.175 acc@1: 32.66 mrr: 47.94, ndcg: 53.28, took: 2.30s
Epoch 4, 25.9%	 loss: 3.200 acc@1: 32.97 mrr: 48.18, ndcg: 53.84, took: 2.23s
Epoch 4, 34.5%	 loss: 3.195 acc@1: 34.69 mrr: 49.07, ndcg: 54.12, took: 2.13s
Epoch 4, 43.1%	 loss: 2.939 acc@1: 35.62 mrr: 52.08, ndcg: 57.73, took: 2.00s
Epoch 4, 51.7%	 loss: 3.195 acc@1: 32.34 mrr: 48.19, ndcg: 53.71, took: 2.08s
Epoch 4, 60.3%	 loss: 3.166 acc@1: 34.38 mrr: 49.39, ndcg: 55.06, took: 2.05s
Epoch 4, 69.0%	 loss: 3.005 acc@1: 35.00 mrr: 51.27, ndcg: 56.84, took: 1.96s
Epoch 4, 77.6%	 loss: 3.302 acc@1: 33.91 mrr: 48.73, ndcg: 53.94, took: 1.98s
Epoch 4, 86.2%	 loss: 3.147 acc@1: 35.94 mrr: 50.98, ndcg: 56.16, took: 2.05s
Epoch 4, 94.8%	 loss: 2.976 acc@1: 38.28 mrr: 53.78, ndcg: 58.91, took: 2.09s
Validation - loss: 4.4620, acc@1: 30.17%, f1: 20.13%, mrr: 45.44%, ndcg: 50.56%
Current learning rate: 0.001438

=== Epoch 5 ===
Epoch 5, 8.6%	 loss: 2.857 acc@1: 37.03 mrr: 52.32, ndcg: 57.72, took: 2.50s
Epoch 5, 17.2%	 loss: 2.798 acc@1: 35.16 mrr: 51.94, ndcg: 57.72, took: 2.36s
Epoch 5, 25.9%	 loss: 2.879 acc@1: 36.09 mrr: 51.91, ndcg: 57.21, took: 2.06s
Epoch 5, 34.5%	 loss: 2.909 acc@1: 34.06 mrr: 50.44, ndcg: 56.11, took: 1.93s
Epoch 5, 43.1%	 loss: 2.846 acc@1: 36.25 mrr: 52.58, ndcg: 57.86, took: 1.93s
Epoch 5, 51.7%	 loss: 2.965 acc@1: 29.84 mrr: 48.24, ndcg: 54.75, took: 1.92s
Epoch 5, 60.3%	 loss: 2.974 acc@1: 36.09 mrr: 51.27, ndcg: 56.21, took: 2.24s
Epoch 5, 69.0%	 loss: 2.981 acc@1: 35.16 mrr: 51.06, ndcg: 56.78, took: 2.03s
Epoch 5, 77.6%	 loss: 3.084 acc@1: 32.81 mrr: 48.81, ndcg: 54.27, took: 2.12s
Epoch 5, 86.2%	 loss: 2.910 acc@1: 35.62 mrr: 51.42, ndcg: 56.73, took: 2.02s
Epoch 5, 94.8%	 loss: 3.059 acc@1: 34.84 mrr: 50.54, ndcg: 55.79, took: 2.01s
Validation - loss: 4.5344, acc@1: 31.64%, f1: 22.25%, mrr: 46.23%, ndcg: 51.14%
Current learning rate: 0.001406

=== Epoch 6 ===
Epoch 6, 8.6%	 loss: 2.565 acc@1: 37.81 mrr: 54.92, ndcg: 60.45, took: 2.42s
Epoch 6, 17.2%	 loss: 2.762 acc@1: 33.59 mrr: 50.97, ndcg: 57.03, took: 2.20s
Epoch 6, 25.9%	 loss: 2.693 acc@1: 39.69 mrr: 54.81, ndcg: 60.39, took: 1.90s
Epoch 6, 34.5%	 loss: 2.688 acc@1: 39.22 mrr: 54.39, ndcg: 59.42, took: 1.95s
Epoch 6, 43.1%	 loss: 2.902 acc@1: 31.56 mrr: 48.43, ndcg: 54.14, took: 1.87s
Epoch 6, 51.7%	 loss: 2.885 acc@1: 33.75 mrr: 50.06, ndcg: 56.00, took: 2.00s
Epoch 6, 60.3%	 loss: 2.935 acc@1: 34.84 mrr: 50.24, ndcg: 55.54, took: 2.23s
Epoch 6, 69.0%	 loss: 2.824 acc@1: 32.03 mrr: 49.86, ndcg: 55.89, took: 2.02s
Epoch 6, 77.6%	 loss: 2.845 acc@1: 32.97 mrr: 50.28, ndcg: 55.82, took: 2.02s
Epoch 6, 86.2%	 loss: 2.851 acc@1: 36.09 mrr: 51.44, ndcg: 56.73, took: 2.01s
Epoch 6, 94.8%	 loss: 2.852 acc@1: 34.22 mrr: 50.21, ndcg: 55.86, took: 2.01s
Validation - loss: 4.6801, acc@1: 31.73%, f1: 21.71%, mrr: 46.15%, ndcg: 50.82%
Current learning rate: 0.001375

=== Epoch 7 ===
Epoch 7, 8.6%	 loss: 2.593 acc@1: 36.25 mrr: 53.11, ndcg: 59.03, took: 2.17s
Epoch 7, 17.2%	 loss: 2.728 acc@1: 32.50 mrr: 50.24, ndcg: 56.35, took: 2.20s
Epoch 7, 25.9%	 loss: 2.704 acc@1: 35.94 mrr: 52.35, ndcg: 58.09, took: 2.21s
Epoch 7, 34.5%	 loss: 2.651 acc@1: 35.94 mrr: 52.07, ndcg: 57.81, took: 2.02s
Epoch 7, 43.1%	 loss: 2.617 acc@1: 36.72 mrr: 53.25, ndcg: 58.97, took: 2.05s
Epoch 7, 51.7%	 loss: 2.656 acc@1: 37.03 mrr: 53.01, ndcg: 58.85, took: 2.01s
Epoch 7, 60.3%	 loss: 2.805 acc@1: 35.47 mrr: 51.49, ndcg: 57.22, took: 1.97s
Epoch 7, 69.0%	 loss: 2.639 acc@1: 37.66 mrr: 53.83, ndcg: 59.12, took: 2.00s
Epoch 7, 77.6%	 loss: 2.896 acc@1: 35.47 mrr: 50.27, ndcg: 55.55, took: 1.97s
Epoch 7, 86.2%	 loss: 2.742 acc@1: 38.91 mrr: 53.58, ndcg: 58.21, took: 2.02s
Epoch 7, 94.8%	 loss: 2.715 acc@1: 35.31 mrr: 52.62, ndcg: 58.17, took: 2.09s
Validation - loss: 4.7429, acc@1: 30.41%, f1: 21.52%, mrr: 45.15%, ndcg: 50.16%
Current learning rate: 0.001344

=== Epoch 8 ===
Epoch 8, 8.6%	 loss: 2.497 acc@1: 37.50 mrr: 54.02, ndcg: 60.13, took: 2.21s
Epoch 8, 17.2%	 loss: 2.555 acc@1: 36.09 mrr: 53.41, ndcg: 59.33, took: 2.28s
Epoch 8, 25.9%	 loss: 2.531 acc@1: 36.25 mrr: 53.47, ndcg: 59.58, took: 2.31s
Epoch 8, 34.5%	 loss: 2.764 acc@1: 32.50 mrr: 49.53, ndcg: 55.71, took: 2.09s
Epoch 8, 43.1%	 loss: 2.686 acc@1: 36.41 mrr: 52.19, ndcg: 57.79, took: 2.03s
Epoch 8, 51.7%	 loss: 2.708 acc@1: 35.31 mrr: 51.36, ndcg: 57.13, took: 1.87s
Epoch 8, 60.3%	 loss: 2.618 acc@1: 37.50 mrr: 53.66, ndcg: 59.45, took: 1.91s
Epoch 8, 69.0%	 loss: 2.627 acc@1: 36.88 mrr: 53.18, ndcg: 58.94, took: 2.03s
Epoch 8, 77.6%	 loss: 2.649 acc@1: 33.91 mrr: 51.64, ndcg: 57.54, took: 2.04s
Epoch 8, 86.2%	 loss: 2.631 acc@1: 35.78 mrr: 52.59, ndcg: 58.52, took: 2.13s
Epoch 8, 94.8%	 loss: 2.431 acc@1: 39.84 mrr: 56.32, ndcg: 61.87, took: 2.08s
Validation - loss: 4.8427, acc@1: 31.58%, f1: 21.15%, mrr: 45.89%, ndcg: 50.74%
Current learning rate: 0.001313

=== Epoch 9 ===
Epoch 9, 8.6%	 loss: 2.403 acc@1: 35.47 mrr: 53.72, ndcg: 60.44, took: 2.21s
Epoch 9, 17.2%	 loss: 2.520 acc@1: 35.16 mrr: 53.23, ndcg: 59.62, took: 2.21s
Epoch 9, 25.9%	 loss: 2.440 acc@1: 39.84 mrr: 55.57, ndcg: 61.14, took: 2.23s
Epoch 9, 34.5%	 loss: 2.556 acc@1: 36.56 mrr: 53.65, ndcg: 59.57, took: 2.12s
Epoch 9, 43.1%	 loss: 2.603 acc@1: 33.91 mrr: 51.68, ndcg: 57.86, took: 1.90s
Epoch 9, 51.7%	 loss: 2.514 acc@1: 36.56 mrr: 53.92, ndcg: 59.50, took: 1.91s
Epoch 9, 60.3%	 loss: 2.678 acc@1: 35.31 mrr: 51.23, ndcg: 56.63, took: 1.95s
Epoch 9, 69.0%	 loss: 2.657 acc@1: 35.00 mrr: 52.14, ndcg: 57.52, took: 1.98s
Epoch 9, 77.6%	 loss: 2.527 acc@1: 35.47 mrr: 53.32, ndcg: 59.83, took: 2.15s
Epoch 9, 86.2%	 loss: 2.595 acc@1: 36.88 mrr: 53.46, ndcg: 58.67, took: 2.01s
Epoch 9, 94.8%	 loss: 2.679 acc@1: 33.75 mrr: 51.01, ndcg: 57.16, took: 2.11s
Validation - loss: 4.8131, acc@1: 31.61%, f1: 22.43%, mrr: 45.56%, ndcg: 50.26%
Current learning rate: 0.000128

=== Epoch 10 ===
Epoch 10, 8.6%	 loss: 2.901 acc@1: 33.91 mrr: 50.71, ndcg: 56.43, took: 2.11s
Epoch 10, 17.2%	 loss: 2.946 acc@1: 37.50 mrr: 52.42, ndcg: 57.13, took: 2.23s
Epoch 10, 25.9%	 loss: 2.813 acc@1: 35.62 mrr: 51.93, ndcg: 57.51, took: 2.24s
Epoch 10, 34.5%	 loss: 2.853 acc@1: 35.16 mrr: 51.38, ndcg: 57.08, took: 1.96s
Epoch 10, 43.1%	 loss: 2.904 acc@1: 36.09 mrr: 51.39, ndcg: 56.76, took: 1.91s
Epoch 10, 51.7%	 loss: 2.924 acc@1: 34.06 mrr: 50.42, ndcg: 56.08, took: 1.99s
Epoch 10, 60.3%	 loss: 2.694 acc@1: 38.59 mrr: 54.49, ndcg: 60.34, took: 1.99s
Epoch 10, 69.0%	 loss: 2.889 acc@1: 35.94 mrr: 50.97, ndcg: 56.45, took: 2.10s
Epoch 10, 77.6%	 loss: 2.828 acc@1: 35.62 mrr: 51.69, ndcg: 57.28, took: 2.12s
Epoch 10, 86.2%	 loss: 2.833 acc@1: 34.06 mrr: 50.72, ndcg: 56.53, took: 2.12s
Epoch 10, 94.8%	 loss: 2.793 acc@1: 35.00 mrr: 52.54, ndcg: 58.26, took: 2.25s
Validation - loss: 4.4845, acc@1: 32.72%, f1: 21.76%, mrr: 46.77%, ndcg: 51.56%
Current learning rate: 0.000128

=== Epoch 11 ===
Epoch 11, 8.6%	 loss: 2.870 acc@1: 35.47 mrr: 51.25, ndcg: 56.78, took: 2.04s
Epoch 11, 17.2%	 loss: 2.806 acc@1: 35.16 mrr: 51.63, ndcg: 57.36, took: 2.15s
Epoch 11, 25.9%	 loss: 2.696 acc@1: 35.94 mrr: 52.99, ndcg: 58.94, took: 2.12s
Epoch 11, 34.5%	 loss: 2.964 acc@1: 32.50 mrr: 49.23, ndcg: 54.98, took: 2.07s
Epoch 11, 43.1%	 loss: 2.861 acc@1: 34.22 mrr: 50.83, ndcg: 56.33, took: 1.94s
Epoch 11, 51.7%	 loss: 2.866 acc@1: 35.00 mrr: 50.82, ndcg: 56.52, took: 2.00s
Epoch 11, 60.3%	 loss: 2.689 acc@1: 38.91 mrr: 54.49, ndcg: 59.74, took: 2.06s
Epoch 11, 69.0%	 loss: 2.812 acc@1: 37.50 mrr: 53.15, ndcg: 58.39, took: 1.95s
Epoch 11, 77.6%	 loss: 2.755 acc@1: 37.19 mrr: 52.91, ndcg: 58.40, took: 2.15s
Epoch 11, 86.2%	 loss: 2.903 acc@1: 35.31 mrr: 51.34, ndcg: 56.75, took: 2.18s
Epoch 11, 94.8%	 loss: 2.797 acc@1: 35.00 mrr: 51.53, ndcg: 57.40, took: 2.02s
Validation - loss: 4.4894, acc@1: 32.54%, f1: 21.92%, mrr: 46.80%, ndcg: 51.57%
Current learning rate: 0.000128

=== Epoch 12 ===
Epoch 12, 8.6%	 loss: 2.799 acc@1: 37.03 mrr: 52.73, ndcg: 58.40, took: 1.95s
Epoch 12, 17.2%	 loss: 2.848 acc@1: 34.84 mrr: 50.80, ndcg: 56.74, took: 2.07s
Epoch 12, 25.9%	 loss: 2.938 acc@1: 34.38 mrr: 50.27, ndcg: 55.24, took: 2.04s
Epoch 12, 34.5%	 loss: 2.716 acc@1: 36.72 mrr: 53.05, ndcg: 58.52, took: 2.06s
Epoch 12, 43.1%	 loss: 2.863 acc@1: 33.59 mrr: 50.02, ndcg: 55.60, took: 2.08s
Epoch 12, 51.7%	 loss: 2.764 acc@1: 36.88 mrr: 52.59, ndcg: 57.92, took: 2.07s
Epoch 12, 60.3%	 loss: 2.826 acc@1: 35.78 mrr: 52.00, ndcg: 57.83, took: 2.18s
Epoch 12, 69.0%	 loss: 2.678 acc@1: 41.25 mrr: 55.77, ndcg: 60.65, took: 1.94s
Epoch 12, 77.6%	 loss: 2.727 acc@1: 39.22 mrr: 54.35, ndcg: 59.67, took: 2.15s
Epoch 12, 86.2%	 loss: 2.732 acc@1: 38.91 mrr: 54.20, ndcg: 59.35, took: 2.04s
Epoch 12, 94.8%	 loss: 2.747 acc@1: 34.69 mrr: 51.46, ndcg: 57.62, took: 2.04s
Validation - loss: 4.4860, acc@1: 32.63%, f1: 21.78%, mrr: 46.78%, ndcg: 51.53%
Current learning rate: 0.000128

=== Epoch 13 ===
Epoch 13, 8.6%	 loss: 2.872 acc@1: 37.19 mrr: 51.83, ndcg: 56.91, took: 1.72s
Epoch 13, 17.2%	 loss: 2.708 acc@1: 35.31 mrr: 52.42, ndcg: 58.27, took: 1.88s
Epoch 13, 25.9%	 loss: 2.756 acc@1: 38.28 mrr: 53.33, ndcg: 58.52, took: 2.04s
Epoch 13, 34.5%	 loss: 2.699 acc@1: 35.16 mrr: 52.73, ndcg: 58.59, took: 2.31s
Epoch 13, 43.1%	 loss: 2.646 acc@1: 36.72 mrr: 53.63, ndcg: 59.73, took: 2.32s
Epoch 13, 51.7%	 loss: 2.739 acc@1: 36.41 mrr: 52.58, ndcg: 58.34, took: 2.31s
Epoch 13, 60.3%	 loss: 2.770 acc@1: 36.88 mrr: 52.78, ndcg: 57.95, took: 2.18s
Epoch 13, 69.0%	 loss: 2.728 acc@1: 37.97 mrr: 53.41, ndcg: 58.87, took: 1.95s
Epoch 13, 77.6%	 loss: 2.821 acc@1: 35.16 mrr: 51.36, ndcg: 56.82, took: 2.06s
Epoch 13, 86.2%	 loss: 2.841 acc@1: 36.56 mrr: 52.20, ndcg: 57.46, took: 2.02s
Epoch 13, 94.8%	 loss: 2.829 acc@1: 35.62 mrr: 51.54, ndcg: 57.26, took: 2.03s
Validation - loss: 4.4995, acc@1: 32.15%, f1: 21.93%, mrr: 46.60%, ndcg: 51.45%
Current learning rate: 0.000128

=== Epoch 14 ===
Epoch 14, 8.6%	 loss: 2.715 acc@1: 34.53 mrr: 51.57, ndcg: 58.14, took: 1.74s
Epoch 14, 17.2%	 loss: 2.605 acc@1: 40.47 mrr: 55.97, ndcg: 61.51, took: 2.03s
Epoch 14, 25.9%	 loss: 2.800 acc@1: 35.16 mrr: 51.01, ndcg: 57.25, took: 2.44s
Epoch 14, 34.5%	 loss: 2.878 acc@1: 35.78 mrr: 51.33, ndcg: 56.82, took: 2.47s
Epoch 14, 43.1%	 loss: 2.796 acc@1: 35.31 mrr: 51.48, ndcg: 57.38, took: 2.34s
Epoch 14, 51.7%	 loss: 2.746 acc@1: 34.84 mrr: 51.99, ndcg: 57.68, took: 2.26s
Epoch 14, 60.3%	 loss: 2.800 acc@1: 37.19 mrr: 52.41, ndcg: 57.66, took: 2.14s
Epoch 14, 69.0%	 loss: 2.711 acc@1: 38.75 mrr: 54.32, ndcg: 59.59, took: 1.90s
Epoch 14, 77.6%	 loss: 2.654 acc@1: 41.56 mrr: 56.14, ndcg: 60.98, took: 2.00s
Epoch 14, 86.2%	 loss: 2.579 acc@1: 40.78 mrr: 56.10, ndcg: 61.25, took: 2.10s
Epoch 14, 94.8%	 loss: 2.847 acc@1: 35.94 mrr: 51.72, ndcg: 57.01, took: 2.18s
Validation - loss: 4.4988, acc@1: 31.79%, f1: 21.93%, mrr: 46.40%, ndcg: 51.29%
Current learning rate: 0.000013

=== Epoch 15 ===
Epoch 15, 8.6%	 loss: 2.965 acc@1: 34.38 mrr: 50.70, ndcg: 56.09, took: 2.07s
Epoch 15, 17.2%	 loss: 2.923 acc@1: 33.12 mrr: 49.80, ndcg: 55.49, took: 2.33s
Epoch 15, 25.9%	 loss: 2.880 acc@1: 34.69 mrr: 51.11, ndcg: 56.65, took: 2.45s
Epoch 15, 34.5%	 loss: 2.774 acc@1: 34.06 mrr: 51.61, ndcg: 57.57, took: 2.49s
Epoch 15, 43.1%	 loss: 2.837 acc@1: 37.66 mrr: 53.04, ndcg: 58.15, took: 2.34s
Epoch 15, 51.7%	 loss: 2.878 acc@1: 33.12 mrr: 50.58, ndcg: 56.79, took: 2.12s
Epoch 15, 60.3%	 loss: 2.847 acc@1: 34.22 mrr: 51.14, ndcg: 56.91, took: 1.98s
Epoch 15, 69.0%	 loss: 2.956 acc@1: 33.91 mrr: 50.18, ndcg: 56.00, took: 1.78s
Epoch 15, 77.6%	 loss: 2.760 acc@1: 35.31 mrr: 52.62, ndcg: 58.25, took: 1.95s
Epoch 15, 86.2%	 loss: 2.885 acc@1: 32.03 mrr: 49.57, ndcg: 55.91, took: 2.12s
Epoch 15, 94.8%	 loss: 2.832 acc@1: 35.78 mrr: 51.71, ndcg: 57.08, took: 2.08s
Validation - loss: 4.4803, acc@1: 30.56%, f1: 20.76%, mrr: 45.58%, ndcg: 50.64%
Current learning rate: 0.000013

=== Epoch 16 ===
Epoch 16, 8.6%	 loss: 2.789 acc@1: 38.28 mrr: 53.67, ndcg: 58.46, took: 2.15s
Epoch 16, 17.2%	 loss: 2.858 acc@1: 34.69 mrr: 51.31, ndcg: 57.05, took: 2.27s
Epoch 16, 25.9%	 loss: 2.971 acc@1: 31.25 mrr: 49.00, ndcg: 54.86, took: 2.46s
Epoch 16, 34.5%	 loss: 2.816 acc@1: 36.25 mrr: 52.07, ndcg: 57.71, took: 2.46s
Epoch 16, 43.1%	 loss: 2.927 acc@1: 31.25 mrr: 49.14, ndcg: 55.25, took: 2.24s
Epoch 16, 51.7%	 loss: 2.862 acc@1: 33.59 mrr: 50.24, ndcg: 56.26, took: 2.09s
Epoch 16, 60.3%	 loss: 2.769 acc@1: 33.75 mrr: 51.28, ndcg: 57.03, took: 2.04s
Epoch 16, 69.0%	 loss: 2.765 acc@1: 35.31 mrr: 52.21, ndcg: 58.13, took: 1.80s
Epoch 16, 77.6%	 loss: 2.795 acc@1: 36.56 mrr: 52.70, ndcg: 58.16, took: 1.90s
Epoch 16, 86.2%	 loss: 2.893 acc@1: 34.22 mrr: 51.00, ndcg: 56.85, took: 1.87s
Epoch 16, 94.8%	 loss: 3.054 acc@1: 33.44 mrr: 48.85, ndcg: 54.03, took: 1.84s
Validation - loss: 4.4812, acc@1: 30.47%, f1: 20.43%, mrr: 45.63%, ndcg: 50.68%
Current learning rate: 0.000013

=== Epoch 17 ===
Epoch 17, 8.6%	 loss: 2.792 acc@1: 34.22 mrr: 51.25, ndcg: 57.16, took: 1.86s
Epoch 17, 17.2%	 loss: 2.855 acc@1: 37.03 mrr: 52.66, ndcg: 58.33, took: 1.96s
Epoch 17, 25.9%	 loss: 2.745 acc@1: 33.75 mrr: 51.59, ndcg: 57.79, took: 2.13s
Epoch 17, 34.5%	 loss: 3.043 acc@1: 33.12 mrr: 48.88, ndcg: 54.62, took: 2.04s
Epoch 17, 43.1%	 loss: 2.776 acc@1: 35.62 mrr: 52.16, ndcg: 57.46, took: 1.85s
Epoch 17, 51.7%	 loss: 2.860 acc@1: 34.84 mrr: 51.38, ndcg: 56.76, took: 1.70s
Epoch 17, 60.3%	 loss: 2.932 acc@1: 37.50 mrr: 52.05, ndcg: 56.80, took: 1.69s
Epoch 17, 69.0%	 loss: 2.884 acc@1: 36.41 mrr: 52.30, ndcg: 57.65, took: 1.58s
Epoch 17, 77.6%	 loss: 2.844 acc@1: 35.00 mrr: 51.39, ndcg: 56.76, took: 1.68s
Epoch 17, 86.2%	 loss: 2.758 acc@1: 36.56 mrr: 52.65, ndcg: 58.40, took: 1.95s
Epoch 17, 94.8%	 loss: 2.936 acc@1: 33.59 mrr: 50.42, ndcg: 56.37, took: 1.96s
Validation - loss: 4.4670, acc@1: 31.94%, f1: 21.48%, mrr: 46.37%, ndcg: 51.24%
Current learning rate: 0.000013

=== Epoch 18 ===
Epoch 18, 8.6%	 loss: 2.966 acc@1: 35.94 mrr: 50.93, ndcg: 55.86, took: 2.06s
Epoch 18, 17.2%	 loss: 2.823 acc@1: 36.25 mrr: 52.04, ndcg: 57.73, took: 2.14s
Epoch 18, 25.9%	 loss: 2.901 acc@1: 32.81 mrr: 49.56, ndcg: 55.71, took: 2.25s
Epoch 18, 34.5%	 loss: 2.840 acc@1: 35.16 mrr: 51.85, ndcg: 57.41, took: 2.15s
Epoch 18, 43.1%	 loss: 2.806 acc@1: 38.28 mrr: 53.44, ndcg: 58.53, took: 2.06s
Epoch 18, 51.7%	 loss: 2.689 acc@1: 39.69 mrr: 55.32, ndcg: 60.63, took: 1.59s
Epoch 18, 60.3%	 loss: 2.793 acc@1: 35.16 mrr: 51.89, ndcg: 57.68, took: 1.48s
Epoch 18, 69.0%	 loss: 2.829 acc@1: 37.97 mrr: 53.08, ndcg: 58.21, took: 1.29s
Epoch 18, 77.6%	 loss: 2.859 acc@1: 35.78 mrr: 51.71, ndcg: 57.01, took: 1.60s
Epoch 18, 86.2%	 loss: 2.827 acc@1: 38.91 mrr: 53.68, ndcg: 59.09, took: 1.83s
Epoch 18, 94.8%	 loss: 2.984 acc@1: 33.12 mrr: 49.29, ndcg: 54.93, took: 1.94s
Validation - loss: 4.4832, acc@1: 32.09%, f1: 21.57%, mrr: 46.37%, ndcg: 51.27%
Current learning rate: 0.000013

=== Epoch 19 ===
Epoch 19, 8.6%	 loss: 2.792 acc@1: 35.94 mrr: 52.61, ndcg: 58.27, took: 1.96s
Epoch 19, 17.2%	 loss: 2.947 acc@1: 34.22 mrr: 49.96, ndcg: 55.74, took: 1.95s
Epoch 19, 25.9%	 loss: 2.856 acc@1: 33.59 mrr: 50.91, ndcg: 56.81, took: 2.22s
Epoch 19, 34.5%	 loss: 2.777 acc@1: 36.88 mrr: 53.18, ndcg: 58.66, took: 2.01s
Epoch 19, 43.1%	 loss: 2.909 acc@1: 34.69 mrr: 50.57, ndcg: 56.59, took: 1.94s
Epoch 19, 51.7%	 loss: 2.844 acc@1: 35.47 mrr: 51.59, ndcg: 57.05, took: 1.77s
Epoch 19, 60.3%	 loss: 2.777 acc@1: 37.34 mrr: 52.88, ndcg: 58.05, took: 1.78s
Epoch 19, 69.0%	 loss: 2.769 acc@1: 36.25 mrr: 52.66, ndcg: 58.32, took: 1.73s
Epoch 19, 77.6%	 loss: 2.787 acc@1: 37.19 mrr: 53.03, ndcg: 58.22, took: 1.75s
Epoch 19, 86.2%	 loss: 2.956 acc@1: 34.22 mrr: 50.09, ndcg: 55.68, took: 1.91s
Epoch 19, 94.8%	 loss: 2.783 acc@1: 36.88 mrr: 53.00, ndcg: 58.30, took: 1.94s
Validation - loss: 4.4959, acc@1: 32.36%, f1: 21.41%, mrr: 46.56%, ndcg: 51.41%
Training finished.	 Time: 588.58s.	 acc@1: 30.17%

=== Test Results ===
Test Results:
  acc@1: 24.76%
  acc@5: 56.34%
  acc@10: 61.85%
  mrr: 39.50%
  ndcg: 44.75%
  f1: 15.38%

=== Training Complete ===
