Training LSTM model
Dataset: geolife
Config: /data/next_loc_clean_v2/config/ht_optuna/optuna_LSTM_geolife_prev3_t2_20260101_085907_8ad456b0.yaml
Device: cuda
Seed: 42
==================================================
Data loaders: train=224, val=104, test=109
Total trainable parameters: 746851

=== Epoch 1 ===
Epoch 1, 8.9%	 loss: 7.309 acc@1: 0.00 mrr: 0.49, ndcg: 0.22, took: 1.88s
Epoch 1, 17.9%	 loss: 7.183 acc@1: 0.16 mrr: 0.88, ndcg: 0.51, took: 1.17s
Epoch 1, 26.8%	 loss: 7.066 acc@1: 0.31 mrr: 1.47, ndcg: 1.36, took: 1.13s
Epoch 1, 35.7%	 loss: 6.773 acc@1: 5.47 mrr: 8.35, ndcg: 9.01, took: 1.17s
Epoch 1, 44.6%	 loss: 6.415 acc@1: 13.28 mrr: 17.19, ndcg: 18.35, took: 1.12s
Epoch 1, 53.6%	 loss: 6.071 acc@1: 13.12 mrr: 19.90, ndcg: 22.17, took: 1.18s
Epoch 1, 62.5%	 loss: 5.590 acc@1: 18.91 mrr: 26.16, ndcg: 28.92, took: 1.14s
Epoch 1, 71.4%	 loss: 5.370 acc@1: 18.44 mrr: 27.08, ndcg: 30.30, took: 1.14s
Epoch 1, 80.4%	 loss: 5.118 acc@1: 19.84 mrr: 29.22, ndcg: 32.88, took: 1.15s
Epoch 1, 89.3%	 loss: 4.822 acc@1: 22.19 mrr: 32.15, ndcg: 36.48, took: 1.15s
Epoch 1, 98.2%	 loss: 4.744 acc@1: 20.94 mrr: 31.81, ndcg: 35.98, took: 1.07s
Validation - loss: 4.9750, acc@1: 19.67%, f1: 10.51%, mrr: 31.39%, ndcg: 35.74%
Current learning rate: 0.000750

=== Epoch 2 ===
Epoch 2, 8.9%	 loss: 4.306 acc@1: 24.22 mrr: 35.44, ndcg: 39.63, took: 1.17s
Epoch 2, 17.9%	 loss: 4.328 acc@1: 24.53 mrr: 35.97, ndcg: 40.69, took: 1.16s
Epoch 2, 26.8%	 loss: 4.037 acc@1: 28.44 mrr: 39.88, ndcg: 44.42, took: 1.17s
Epoch 2, 35.7%	 loss: 4.327 acc@1: 22.81 mrr: 35.06, ndcg: 39.84, took: 1.13s
Epoch 2, 44.6%	 loss: 4.148 acc@1: 25.94 mrr: 38.28, ndcg: 42.92, took: 1.14s
Epoch 2, 53.6%	 loss: 3.993 acc@1: 28.59 mrr: 41.16, ndcg: 45.98, took: 1.15s
Epoch 2, 62.5%	 loss: 3.919 acc@1: 27.19 mrr: 40.38, ndcg: 45.27, took: 1.15s
Epoch 2, 71.4%	 loss: 4.088 acc@1: 27.34 mrr: 39.97, ndcg: 44.86, took: 1.16s
Epoch 2, 80.4%	 loss: 3.873 acc@1: 29.38 mrr: 43.27, ndcg: 48.50, took: 1.15s
Epoch 2, 89.3%	 loss: 3.882 acc@1: 33.91 mrr: 45.32, ndcg: 49.51, took: 1.17s
Epoch 2, 98.2%	 loss: 3.504 acc@1: 35.47 mrr: 48.87, ndcg: 53.88, took: 1.02s
Validation - loss: 4.5861, acc@1: 33.70%, f1: 21.15%, mrr: 45.16%, ndcg: 49.09%
Current learning rate: 0.001500

=== Epoch 3 ===
Epoch 3, 8.9%	 loss: 3.641 acc@1: 32.34 mrr: 45.44, ndcg: 49.88, took: 1.17s
Epoch 3, 17.9%	 loss: 3.631 acc@1: 30.47 mrr: 44.64, ndcg: 49.21, took: 1.11s
Epoch 3, 26.8%	 loss: 3.481 acc@1: 32.03 mrr: 46.81, ndcg: 51.99, took: 1.16s
Epoch 3, 35.7%	 loss: 3.338 acc@1: 36.56 mrr: 50.37, ndcg: 55.29, took: 1.18s
Epoch 3, 44.6%	 loss: 3.212 acc@1: 37.50 mrr: 51.27, ndcg: 55.99, took: 1.15s
Epoch 3, 53.6%	 loss: 3.511 acc@1: 31.56 mrr: 46.45, ndcg: 51.90, took: 1.20s
Epoch 3, 62.5%	 loss: 3.253 acc@1: 37.81 mrr: 51.53, ndcg: 56.68, took: 1.24s
Epoch 3, 71.4%	 loss: 3.464 acc@1: 34.53 mrr: 48.24, ndcg: 53.03, took: 1.33s
Epoch 3, 80.4%	 loss: 3.262 acc@1: 33.44 mrr: 48.73, ndcg: 54.52, took: 1.32s
Epoch 3, 89.3%	 loss: 3.441 acc@1: 29.53 mrr: 46.14, ndcg: 51.86, took: 1.18s
Epoch 3, 98.2%	 loss: 3.349 acc@1: 32.66 mrr: 48.53, ndcg: 54.08, took: 0.87s
Validation - loss: 4.5529, acc@1: 33.98%, f1: 22.00%, mrr: 45.18%, ndcg: 49.59%
Current learning rate: 0.001469

=== Epoch 4 ===
Epoch 4, 8.9%	 loss: 3.022 acc@1: 36.09 mrr: 51.03, ndcg: 56.30, took: 1.20s
Epoch 4, 17.9%	 loss: 3.055 acc@1: 35.16 mrr: 50.70, ndcg: 55.93, took: 1.15s
Epoch 4, 26.8%	 loss: 3.106 acc@1: 33.75 mrr: 49.20, ndcg: 54.79, took: 1.17s
Epoch 4, 35.7%	 loss: 3.093 acc@1: 30.94 mrr: 47.79, ndcg: 53.76, took: 1.13s
Epoch 4, 44.6%	 loss: 2.908 acc@1: 37.34 mrr: 51.98, ndcg: 57.10, took: 1.14s
Epoch 4, 53.6%	 loss: 3.088 acc@1: 31.88 mrr: 47.90, ndcg: 53.76, took: 1.16s
Epoch 4, 62.5%	 loss: 2.848 acc@1: 40.31 mrr: 54.97, ndcg: 60.24, took: 1.13s
Epoch 4, 71.4%	 loss: 3.102 acc@1: 37.81 mrr: 51.66, ndcg: 56.90, took: 1.14s
Epoch 4, 80.4%	 loss: 3.128 acc@1: 34.06 mrr: 49.28, ndcg: 55.05, took: 0.96s
Epoch 4, 89.3%	 loss: 2.987 acc@1: 36.09 mrr: 51.79, ndcg: 56.84, took: 0.78s
Epoch 4, 98.2%	 loss: 3.127 acc@1: 36.41 mrr: 50.39, ndcg: 55.43, took: 0.73s
Validation - loss: 4.5885, acc@1: 33.43%, f1: 22.47%, mrr: 46.09%, ndcg: 50.41%
Current learning rate: 0.001438

=== Epoch 5 ===
Epoch 5, 8.9%	 loss: 2.815 acc@1: 36.56 mrr: 52.21, ndcg: 57.38, took: 1.17s
Epoch 5, 17.9%	 loss: 2.928 acc@1: 32.50 mrr: 49.26, ndcg: 55.05, took: 1.16s
Epoch 5, 26.8%	 loss: 2.795 acc@1: 36.09 mrr: 52.04, ndcg: 57.96, took: 1.14s
Epoch 5, 35.7%	 loss: 2.764 acc@1: 34.84 mrr: 52.16, ndcg: 57.98, took: 1.18s
Epoch 5, 44.6%	 loss: 2.741 acc@1: 38.44 mrr: 53.60, ndcg: 59.13, took: 1.17s
Epoch 5, 53.6%	 loss: 2.682 acc@1: 40.16 mrr: 55.44, ndcg: 60.80, took: 1.13s
Epoch 5, 62.5%	 loss: 2.966 acc@1: 36.41 mrr: 51.30, ndcg: 56.22, took: 1.19s
Epoch 5, 71.4%	 loss: 2.747 acc@1: 38.75 mrr: 54.21, ndcg: 59.55, took: 1.03s
Epoch 5, 80.4%	 loss: 2.758 acc@1: 38.75 mrr: 53.97, ndcg: 59.40, took: 0.81s
Epoch 5, 89.3%	 loss: 2.917 acc@1: 31.56 mrr: 49.25, ndcg: 55.33, took: 0.74s
Epoch 5, 98.2%	 loss: 2.859 acc@1: 37.03 mrr: 52.18, ndcg: 57.67, took: 0.72s
Validation - loss: 4.5675, acc@1: 32.29%, f1: 23.04%, mrr: 46.37%, ndcg: 51.30%
Current learning rate: 0.001406

=== Epoch 6 ===
Epoch 6, 8.9%	 loss: 2.595 acc@1: 37.19 mrr: 53.75, ndcg: 59.61, took: 1.18s
Epoch 6, 17.9%	 loss: 2.723 acc@1: 34.22 mrr: 51.17, ndcg: 57.34, took: 1.15s
Epoch 6, 26.8%	 loss: 2.515 acc@1: 38.12 mrr: 54.68, ndcg: 60.35, took: 1.15s
Epoch 6, 35.7%	 loss: 2.586 acc@1: 38.59 mrr: 54.38, ndcg: 60.16, took: 1.20s
Epoch 6, 44.6%	 loss: 2.633 acc@1: 35.47 mrr: 52.36, ndcg: 58.61, took: 1.18s
Epoch 6, 53.6%	 loss: 2.724 acc@1: 35.94 mrr: 52.28, ndcg: 57.87, took: 1.15s
Epoch 6, 62.5%	 loss: 2.651 acc@1: 35.94 mrr: 53.48, ndcg: 59.55, took: 1.03s
Epoch 6, 71.4%	 loss: 2.665 acc@1: 36.25 mrr: 53.13, ndcg: 58.95, took: 0.85s
Epoch 6, 80.4%	 loss: 2.712 acc@1: 32.03 mrr: 49.91, ndcg: 56.55, took: 0.77s
Epoch 6, 89.3%	 loss: 2.656 acc@1: 37.03 mrr: 53.96, ndcg: 59.78, took: 0.73s
Epoch 6, 98.2%	 loss: 2.600 acc@1: 38.91 mrr: 54.70, ndcg: 60.34, took: 0.88s
Validation - loss: 4.6816, acc@1: 33.25%, f1: 23.64%, mrr: 46.79%, ndcg: 51.46%
Current learning rate: 0.001375

=== Epoch 7 ===
Epoch 7, 8.9%	 loss: 2.300 acc@1: 40.16 mrr: 57.42, ndcg: 63.93, took: 1.18s
Epoch 7, 17.9%	 loss: 2.504 acc@1: 35.31 mrr: 53.24, ndcg: 60.15, took: 1.14s
Epoch 7, 26.8%	 loss: 2.387 acc@1: 39.84 mrr: 56.72, ndcg: 62.65, took: 1.15s
Epoch 7, 35.7%	 loss: 2.506 acc@1: 38.59 mrr: 55.28, ndcg: 61.26, took: 1.14s
Epoch 7, 44.6%	 loss: 2.506 acc@1: 40.78 mrr: 56.08, ndcg: 62.10, took: 1.14s
Epoch 7, 53.6%	 loss: 2.578 acc@1: 36.25 mrr: 53.40, ndcg: 59.35, took: 1.02s
Epoch 7, 62.5%	 loss: 2.553 acc@1: 32.97 mrr: 51.70, ndcg: 58.26, took: 0.84s
Epoch 7, 71.4%	 loss: 2.476 acc@1: 38.59 mrr: 55.44, ndcg: 61.32, took: 0.75s
Epoch 7, 80.4%	 loss: 2.701 acc@1: 32.81 mrr: 50.31, ndcg: 56.63, took: 0.78s
Epoch 7, 89.3%	 loss: 2.433 acc@1: 39.38 mrr: 56.11, ndcg: 62.08, took: 0.92s
Epoch 7, 98.2%	 loss: 2.585 acc@1: 37.81 mrr: 54.09, ndcg: 59.96, took: 1.06s
Validation - loss: 4.7925, acc@1: 32.74%, f1: 24.19%, mrr: 46.11%, ndcg: 50.71%
Current learning rate: 0.001344

=== Epoch 8 ===
Epoch 8, 8.9%	 loss: 2.236 acc@1: 40.31 mrr: 57.85, ndcg: 65.05, took: 1.36s
Epoch 8, 17.9%	 loss: 2.210 acc@1: 38.44 mrr: 56.78, ndcg: 64.31, took: 1.29s
Epoch 8, 26.8%	 loss: 2.260 acc@1: 37.03 mrr: 56.12, ndcg: 63.30, took: 1.30s
Epoch 8, 35.7%	 loss: 2.521 acc@1: 35.47 mrr: 52.46, ndcg: 59.19, took: 1.20s
Epoch 8, 44.6%	 loss: 2.420 acc@1: 40.94 mrr: 56.38, ndcg: 62.40, took: 0.95s
Epoch 8, 53.6%	 loss: 2.495 acc@1: 36.56 mrr: 54.20, ndcg: 60.42, took: 0.87s
Epoch 8, 62.5%	 loss: 2.348 acc@1: 39.22 mrr: 56.34, ndcg: 62.63, took: 0.88s
Epoch 8, 71.4%	 loss: 2.430 acc@1: 36.41 mrr: 54.61, ndcg: 61.06, took: 1.08s
Epoch 8, 80.4%	 loss: 2.462 acc@1: 39.69 mrr: 55.45, ndcg: 61.60, took: 1.19s
Epoch 8, 89.3%	 loss: 2.514 acc@1: 36.56 mrr: 53.67, ndcg: 60.25, took: 1.25s
Epoch 8, 98.2%	 loss: 2.536 acc@1: 37.34 mrr: 54.60, ndcg: 60.72, took: 1.25s
Validation - loss: 4.7305, acc@1: 33.37%, f1: 24.86%, mrr: 46.85%, ndcg: 51.37%
Current learning rate: 0.000131

=== Epoch 9 ===
Epoch 9, 8.9%	 loss: 2.968 acc@1: 37.66 mrr: 51.76, ndcg: 56.88, took: 1.09s
Epoch 9, 17.9%	 loss: 3.023 acc@1: 33.91 mrr: 49.76, ndcg: 55.47, took: 0.93s
Epoch 9, 26.8%	 loss: 2.876 acc@1: 36.41 mrr: 52.19, ndcg: 57.80, took: 0.86s
Epoch 9, 35.7%	 loss: 2.924 acc@1: 35.62 mrr: 51.39, ndcg: 56.47, took: 0.83s
Epoch 9, 44.6%	 loss: 2.892 acc@1: 37.81 mrr: 52.90, ndcg: 58.21, took: 0.88s
Epoch 9, 53.6%	 loss: 2.819 acc@1: 37.97 mrr: 53.05, ndcg: 58.45, took: 1.05s
Epoch 9, 62.5%	 loss: 2.973 acc@1: 36.72 mrr: 50.84, ndcg: 55.80, took: 1.04s
Epoch 9, 71.4%	 loss: 2.768 acc@1: 40.78 mrr: 54.95, ndcg: 59.98, took: 1.10s
Epoch 9, 80.4%	 loss: 2.876 acc@1: 38.59 mrr: 53.44, ndcg: 58.24, took: 1.18s
Epoch 9, 89.3%	 loss: 2.811 acc@1: 38.75 mrr: 53.36, ndcg: 58.51, took: 1.18s
Epoch 9, 98.2%	 loss: 2.976 acc@1: 37.97 mrr: 51.79, ndcg: 56.71, took: 1.16s
Validation - loss: 4.4570, acc@1: 35.42%, f1: 23.08%, mrr: 47.71%, ndcg: 51.91%
Current learning rate: 0.000131

=== Epoch 10 ===
Epoch 10, 8.9%	 loss: 2.882 acc@1: 37.97 mrr: 52.41, ndcg: 57.46, took: 0.88s
Epoch 10, 17.9%	 loss: 2.764 acc@1: 39.06 mrr: 54.09, ndcg: 59.23, took: 0.88s
Epoch 10, 26.8%	 loss: 2.791 acc@1: 37.03 mrr: 52.51, ndcg: 57.80, took: 0.81s
Epoch 10, 35.7%	 loss: 2.854 acc@1: 34.84 mrr: 51.28, ndcg: 57.02, took: 0.92s
Epoch 10, 44.6%	 loss: 2.691 acc@1: 36.72 mrr: 53.75, ndcg: 59.52, took: 1.01s
Epoch 10, 53.6%	 loss: 2.938 acc@1: 40.78 mrr: 53.42, ndcg: 57.97, took: 1.01s
Epoch 10, 62.5%	 loss: 2.776 acc@1: 39.38 mrr: 54.15, ndcg: 59.09, took: 1.05s
Epoch 10, 71.4%	 loss: 2.817 acc@1: 38.59 mrr: 53.31, ndcg: 58.25, took: 1.05s
Epoch 10, 80.4%	 loss: 2.856 acc@1: 37.66 mrr: 52.54, ndcg: 57.79, took: 1.16s
Epoch 10, 89.3%	 loss: 2.833 acc@1: 34.69 mrr: 51.41, ndcg: 57.00, took: 1.19s
Epoch 10, 98.2%	 loss: 2.876 acc@1: 37.03 mrr: 51.92, ndcg: 57.43, took: 1.15s
Validation - loss: 4.4599, acc@1: 35.45%, f1: 23.59%, mrr: 47.82%, ndcg: 52.02%
Current learning rate: 0.000131

=== Epoch 11 ===
Epoch 11, 8.9%	 loss: 2.773 acc@1: 39.84 mrr: 54.20, ndcg: 59.01, took: 0.86s
Epoch 11, 17.9%	 loss: 2.625 acc@1: 42.34 mrr: 56.48, ndcg: 61.69, took: 0.85s
Epoch 11, 26.8%	 loss: 2.717 acc@1: 39.22 mrr: 54.58, ndcg: 60.15, took: 0.95s
Epoch 11, 35.7%	 loss: 2.719 acc@1: 38.91 mrr: 54.19, ndcg: 59.47, took: 1.04s
Epoch 11, 44.6%	 loss: 2.688 acc@1: 36.09 mrr: 52.78, ndcg: 58.65, took: 0.99s
Epoch 11, 53.6%	 loss: 2.862 acc@1: 33.59 mrr: 50.14, ndcg: 55.95, took: 1.06s
Epoch 11, 62.5%	 loss: 2.710 acc@1: 40.94 mrr: 55.28, ndcg: 60.46, took: 1.04s
Epoch 11, 71.4%	 loss: 2.798 acc@1: 36.41 mrr: 52.33, ndcg: 57.86, took: 1.04s
Epoch 11, 80.4%	 loss: 2.923 acc@1: 37.50 mrr: 51.97, ndcg: 57.18, took: 1.13s
Epoch 11, 89.3%	 loss: 2.741 acc@1: 37.50 mrr: 53.13, ndcg: 58.61, took: 1.13s
Epoch 11, 98.2%	 loss: 2.848 acc@1: 37.66 mrr: 52.23, ndcg: 57.53, took: 1.13s
Validation - loss: 4.4738, acc@1: 35.54%, f1: 23.77%, mrr: 47.97%, ndcg: 52.19%
Current learning rate: 0.000131

=== Epoch 12 ===
Epoch 12, 8.9%	 loss: 2.784 acc@1: 36.41 mrr: 51.96, ndcg: 57.69, took: 0.83s
Epoch 12, 17.9%	 loss: 2.777 acc@1: 36.41 mrr: 52.46, ndcg: 58.32, took: 0.87s
Epoch 12, 26.8%	 loss: 2.675 acc@1: 38.59 mrr: 54.20, ndcg: 59.68, took: 1.05s
Epoch 12, 35.7%	 loss: 2.635 acc@1: 39.06 mrr: 55.17, ndcg: 60.89, took: 1.06s
Epoch 12, 44.6%	 loss: 2.743 acc@1: 38.75 mrr: 54.12, ndcg: 59.41, took: 1.07s
Epoch 12, 53.6%	 loss: 2.659 acc@1: 38.44 mrr: 54.70, ndcg: 60.54, took: 1.08s
Epoch 12, 62.5%	 loss: 2.787 acc@1: 39.06 mrr: 53.43, ndcg: 58.41, took: 1.07s
Epoch 12, 71.4%	 loss: 2.690 acc@1: 38.12 mrr: 53.79, ndcg: 58.98, took: 1.10s
Epoch 12, 80.4%	 loss: 2.650 acc@1: 41.56 mrr: 55.83, ndcg: 60.86, took: 1.07s
Epoch 12, 89.3%	 loss: 2.822 acc@1: 38.28 mrr: 53.09, ndcg: 58.23, took: 1.10s
Epoch 12, 98.2%	 loss: 2.672 acc@1: 38.91 mrr: 54.67, ndcg: 60.31, took: 1.13s
Validation - loss: 4.4870, acc@1: 35.60%, f1: 23.48%, mrr: 47.99%, ndcg: 52.18%
Current learning rate: 0.000131

=== Epoch 13 ===
Epoch 13, 8.9%	 loss: 2.578 acc@1: 40.78 mrr: 56.35, ndcg: 61.65, took: 0.94s
Epoch 13, 17.9%	 loss: 2.647 acc@1: 41.41 mrr: 55.40, ndcg: 60.39, took: 0.99s
Epoch 13, 26.8%	 loss: 2.758 acc@1: 37.66 mrr: 52.94, ndcg: 58.31, took: 1.09s
Epoch 13, 35.7%	 loss: 2.728 acc@1: 38.44 mrr: 53.63, ndcg: 59.12, took: 1.05s
Epoch 13, 44.6%	 loss: 2.488 acc@1: 40.31 mrr: 56.70, ndcg: 62.34, took: 1.09s
Epoch 13, 53.6%	 loss: 2.804 acc@1: 35.62 mrr: 51.43, ndcg: 57.37, took: 1.15s
Epoch 13, 62.5%	 loss: 2.705 acc@1: 37.97 mrr: 54.13, ndcg: 59.78, took: 1.10s
Epoch 13, 71.4%	 loss: 2.751 acc@1: 36.41 mrr: 52.97, ndcg: 58.79, took: 1.07s
Epoch 13, 80.4%	 loss: 2.581 acc@1: 38.44 mrr: 54.94, ndcg: 60.50, took: 1.12s
Epoch 13, 89.3%	 loss: 2.636 acc@1: 39.84 mrr: 55.46, ndcg: 60.77, took: 1.06s
Epoch 13, 98.2%	 loss: 2.733 acc@1: 38.44 mrr: 53.50, ndcg: 58.51, took: 1.09s
Validation - loss: 4.5092, acc@1: 35.42%, f1: 23.31%, mrr: 47.98%, ndcg: 52.29%
Current learning rate: 0.000131

=== Epoch 14 ===
Epoch 14, 8.9%	 loss: 2.504 acc@1: 40.94 mrr: 57.07, ndcg: 62.54, took: 0.94s
Epoch 14, 17.9%	 loss: 2.747 acc@1: 36.88 mrr: 52.47, ndcg: 58.29, took: 1.03s
Epoch 14, 26.8%	 loss: 2.533 acc@1: 41.25 mrr: 57.27, ndcg: 62.59, took: 1.04s
Epoch 14, 35.7%	 loss: 2.519 acc@1: 40.78 mrr: 56.23, ndcg: 61.70, took: 1.05s
Epoch 14, 44.6%	 loss: 2.658 acc@1: 35.16 mrr: 52.94, ndcg: 59.05, took: 1.08s
Epoch 14, 53.6%	 loss: 2.712 acc@1: 37.66 mrr: 53.44, ndcg: 58.82, took: 1.06s
Epoch 14, 62.5%	 loss: 2.657 acc@1: 40.16 mrr: 55.51, ndcg: 60.73, took: 1.12s
Epoch 14, 71.4%	 loss: 2.712 acc@1: 38.12 mrr: 53.56, ndcg: 59.07, took: 1.05s
Epoch 14, 80.4%	 loss: 2.631 acc@1: 37.97 mrr: 54.02, ndcg: 59.41, took: 1.08s
Epoch 14, 89.3%	 loss: 2.669 acc@1: 38.91 mrr: 54.22, ndcg: 59.77, took: 1.04s
Epoch 14, 98.2%	 loss: 2.713 acc@1: 37.66 mrr: 53.06, ndcg: 58.99, took: 1.00s
Validation - loss: 4.5158, acc@1: 35.81%, f1: 23.95%, mrr: 48.17%, ndcg: 52.43%
Current learning rate: 0.000013

=== Epoch 15 ===
Epoch 15, 8.9%	 loss: 2.899 acc@1: 35.94 mrr: 51.33, ndcg: 56.69, took: 0.97s
Epoch 15, 17.9%	 loss: 2.773 acc@1: 37.81 mrr: 53.04, ndcg: 58.40, took: 1.06s
Epoch 15, 26.8%	 loss: 2.730 acc@1: 37.03 mrr: 53.02, ndcg: 58.87, took: 1.06s
Epoch 15, 35.7%	 loss: 2.854 acc@1: 36.41 mrr: 52.02, ndcg: 57.49, took: 1.10s
Epoch 15, 44.6%	 loss: 2.832 acc@1: 36.72 mrr: 52.30, ndcg: 57.46, took: 1.11s
Epoch 15, 53.6%	 loss: 2.724 acc@1: 42.50 mrr: 56.03, ndcg: 60.82, took: 1.04s
Epoch 15, 62.5%	 loss: 2.740 acc@1: 41.09 mrr: 55.09, ndcg: 60.03, took: 1.09s
Epoch 15, 71.4%	 loss: 2.891 acc@1: 37.97 mrr: 52.09, ndcg: 57.13, took: 1.07s
Epoch 15, 80.4%	 loss: 2.646 acc@1: 40.94 mrr: 56.27, ndcg: 61.63, took: 1.08s
Epoch 15, 89.3%	 loss: 2.904 acc@1: 34.22 mrr: 50.54, ndcg: 56.05, took: 1.02s
Epoch 15, 98.2%	 loss: 2.866 acc@1: 39.53 mrr: 53.52, ndcg: 58.37, took: 1.00s
Validation - loss: 4.4677, acc@1: 35.48%, f1: 23.13%, mrr: 47.76%, ndcg: 51.99%
Current learning rate: 0.000013

=== Epoch 16 ===
Epoch 16, 8.9%	 loss: 2.729 acc@1: 38.59 mrr: 54.08, ndcg: 59.56, took: 1.08s
Epoch 16, 17.9%	 loss: 2.777 acc@1: 38.44 mrr: 53.38, ndcg: 58.67, took: 1.08s
Epoch 16, 26.8%	 loss: 2.574 acc@1: 39.38 mrr: 55.98, ndcg: 61.56, took: 1.10s
Epoch 16, 35.7%	 loss: 2.817 acc@1: 37.19 mrr: 52.25, ndcg: 57.57, took: 1.07s
Epoch 16, 44.6%	 loss: 2.848 acc@1: 36.41 mrr: 51.65, ndcg: 56.94, took: 1.05s
Epoch 16, 53.6%	 loss: 2.808 acc@1: 38.59 mrr: 53.77, ndcg: 59.20, took: 1.07s
Epoch 16, 62.5%	 loss: 2.780 acc@1: 40.16 mrr: 54.61, ndcg: 59.68, took: 1.08s
Epoch 16, 71.4%	 loss: 2.731 acc@1: 39.38 mrr: 54.33, ndcg: 59.82, took: 1.05s
Epoch 16, 80.4%	 loss: 2.909 acc@1: 37.34 mrr: 51.52, ndcg: 56.42, took: 1.07s
Epoch 16, 89.3%	 loss: 2.860 acc@1: 37.66 mrr: 52.30, ndcg: 57.32, took: 0.96s
Epoch 16, 98.2%	 loss: 3.022 acc@1: 37.34 mrr: 51.00, ndcg: 56.12, took: 0.96s
Validation - loss: 4.4651, acc@1: 35.42%, f1: 23.13%, mrr: 47.73%, ndcg: 51.93%
Current learning rate: 0.000013

=== Epoch 17 ===
Epoch 17, 8.9%	 loss: 2.647 acc@1: 39.84 mrr: 55.48, ndcg: 60.63, took: 1.07s
Epoch 17, 17.9%	 loss: 2.791 acc@1: 36.72 mrr: 52.88, ndcg: 58.25, took: 1.10s
Epoch 17, 26.8%	 loss: 2.912 acc@1: 38.75 mrr: 52.51, ndcg: 57.57, took: 1.14s
Epoch 17, 35.7%	 loss: 2.833 acc@1: 38.75 mrr: 52.90, ndcg: 57.89, took: 1.09s
Epoch 17, 44.6%	 loss: 2.792 acc@1: 35.47 mrr: 51.87, ndcg: 57.73, took: 1.06s
Epoch 17, 53.6%	 loss: 2.830 acc@1: 36.41 mrr: 51.99, ndcg: 57.76, took: 1.05s
Epoch 17, 62.5%	 loss: 2.929 acc@1: 36.41 mrr: 51.29, ndcg: 56.79, took: 1.05s
Epoch 17, 71.4%	 loss: 2.753 acc@1: 39.84 mrr: 54.17, ndcg: 59.06, took: 1.03s
Epoch 17, 80.4%	 loss: 2.780 acc@1: 38.59 mrr: 53.54, ndcg: 58.56, took: 1.04s
Epoch 17, 89.3%	 loss: 2.774 acc@1: 38.75 mrr: 53.84, ndcg: 59.01, took: 0.98s
Epoch 17, 98.2%	 loss: 2.651 acc@1: 39.38 mrr: 55.00, ndcg: 60.97, took: 0.95s
Validation - loss: 4.4578, acc@1: 35.18%, f1: 23.01%, mrr: 47.63%, ndcg: 51.86%
Current learning rate: 0.000013

=== Epoch 18 ===
Epoch 18, 8.9%	 loss: 2.763 acc@1: 39.22 mrr: 54.16, ndcg: 59.30, took: 1.09s
Epoch 18, 17.9%	 loss: 2.785 acc@1: 38.28 mrr: 53.46, ndcg: 59.11, took: 1.10s
Epoch 18, 26.8%	 loss: 2.726 acc@1: 38.91 mrr: 53.97, ndcg: 59.32, took: 1.14s
Epoch 18, 35.7%	 loss: 2.809 acc@1: 37.03 mrr: 52.40, ndcg: 57.83, took: 1.13s
Epoch 18, 44.6%	 loss: 2.729 acc@1: 37.81 mrr: 53.72, ndcg: 59.66, took: 1.06s
Epoch 18, 53.6%	 loss: 2.721 acc@1: 41.41 mrr: 55.45, ndcg: 60.01, took: 1.08s
Epoch 18, 62.5%	 loss: 2.929 acc@1: 37.34 mrr: 51.90, ndcg: 56.70, took: 1.07s
Epoch 18, 71.4%	 loss: 2.946 acc@1: 35.00 mrr: 50.50, ndcg: 55.96, took: 1.05s
Epoch 18, 80.4%	 loss: 2.908 acc@1: 35.16 mrr: 50.95, ndcg: 56.08, took: 0.97s
Epoch 18, 89.3%	 loss: 2.808 acc@1: 36.88 mrr: 52.29, ndcg: 57.87, took: 1.02s
Epoch 18, 98.2%	 loss: 2.559 acc@1: 42.50 mrr: 57.17, ndcg: 62.42, took: 0.91s
Validation - loss: 4.4690, acc@1: 35.51%, f1: 23.39%, mrr: 47.82%, ndcg: 52.04%
Current learning rate: 0.000013

=== Epoch 19 ===
Epoch 19, 8.9%	 loss: 2.712 acc@1: 40.47 mrr: 54.99, ndcg: 60.19, took: 1.08s
Epoch 19, 17.9%	 loss: 2.597 acc@1: 38.44 mrr: 55.25, ndcg: 61.04, took: 1.08s
Epoch 19, 26.8%	 loss: 2.856 acc@1: 36.09 mrr: 51.05, ndcg: 56.38, took: 1.09s
Epoch 19, 35.7%	 loss: 2.953 acc@1: 36.56 mrr: 50.91, ndcg: 56.04, took: 1.08s
Epoch 19, 44.6%	 loss: 2.726 acc@1: 37.97 mrr: 53.82, ndcg: 59.25, took: 1.01s
Epoch 19, 53.6%	 loss: 2.809 acc@1: 40.00 mrr: 53.88, ndcg: 58.82, took: 1.02s
Epoch 19, 62.5%	 loss: 2.721 acc@1: 39.53 mrr: 54.57, ndcg: 59.95, took: 0.98s
Epoch 19, 71.4%	 loss: 2.807 acc@1: 38.75 mrr: 53.02, ndcg: 58.28, took: 0.98s
Epoch 19, 80.4%	 loss: 2.913 acc@1: 35.16 mrr: 50.71, ndcg: 55.94, took: 0.93s
Epoch 19, 89.3%	 loss: 2.734 acc@1: 38.75 mrr: 54.17, ndcg: 59.41, took: 0.88s
Epoch 19, 98.2%	 loss: 2.881 acc@1: 36.72 mrr: 52.11, ndcg: 57.29, took: 0.76s
Validation - loss: 4.4735, acc@1: 35.30%, f1: 23.11%, mrr: 47.67%, ndcg: 51.91%
Training finished.	 Time: 298.11s.	 acc@1: 35.42%

=== Test Results ===
Test Results:
  acc@1: 30.31%
  acc@5: 54.34%
  acc@10: 59.31%
  mrr: 41.44%
  ndcg: 45.51%
  f1: 19.17%

=== Training Complete ===
