2025-12-30 21:47:02,367 - INFO - ============================================================
2025-12-30 21:47:02,367 - INFO - POINTER V45 - Training Started
2025-12-30 21:47:02,367 - INFO - ============================================================
2025-12-30 21:47:02,367 - INFO - Model config: {'d_model': 128, 'dim_feedforward': 128, 'dropout': 0.15, 'nhead': 8, 'num_layers': 2}
2025-12-30 21:47:02,367 - INFO - Training config: {'batch_size': 128, 'grad_clip': 0.8, 'label_smoothing': 0.03, 'learning_rate': 0.0006, 'min_epochs': 3, 'min_lr': 1e-06, 'num_epochs': 50, 'patience': 5, 'use_amp': True, 'warmup_epochs': 5, 'weight_decay': 0.015}
2025-12-30 21:47:02,367 - INFO - ============================================================
2025-12-30 21:47:02,367 - INFO - Training for 50 epochs
2025-12-30 21:47:02,368 - INFO - Model parameters: 613,292
2025-12-30 21:47:08,966 - INFO - Epoch 1/50 | LR: 1.20e-04 | Train: 4.3643 | Val: 3.4081 | Acc@1: 40.93%
2025-12-30 21:47:08,993 - INFO -   ✓ New best (Acc@1: 40.93%)
2025-12-30 21:47:14,400 - INFO - Epoch 2/50 | LR: 2.40e-04 | Train: 3.9062 | Val: 3.2950 | Acc@1: 44.10%
2025-12-30 21:47:14,434 - INFO -   ✓ New best (Acc@1: 44.10%)
2025-12-30 21:47:19,920 - INFO - Epoch 3/50 | LR: 3.60e-04 | Train: 3.6025 | Val: 3.1919 | Acc@1: 46.30%
2025-12-30 21:47:19,953 - INFO -   ✓ New best (Acc@1: 46.30%)
2025-12-30 21:47:25,370 - INFO - Epoch 4/50 | LR: 4.80e-04 | Train: 3.3444 | Val: 3.1756 | Acc@1: 46.05%
2025-12-30 21:47:25,403 - INFO -   ✓ New best (Acc@1: 46.05%)
2025-12-30 21:47:30,853 - INFO - Epoch 5/50 | LR: 6.00e-04 | Train: 3.0452 | Val: 3.2181 | Acc@1: 45.39%
2025-12-30 21:47:36,173 - INFO - Epoch 6/50 | LR: 6.00e-04 | Train: 2.7009 | Val: 3.2639 | Acc@1: 45.36%
2025-12-30 21:47:41,531 - INFO - Epoch 7/50 | LR: 5.99e-04 | Train: 2.4422 | Val: 3.1929 | Acc@1: 47.47%
2025-12-30 21:47:46,966 - INFO - Epoch 8/50 | LR: 5.97e-04 | Train: 2.2037 | Val: 3.2724 | Acc@1: 46.54%
2025-12-30 21:47:52,149 - INFO - Epoch 9/50 | LR: 5.93e-04 | Train: 1.9972 | Val: 3.3287 | Acc@1: 46.66%
2025-12-30 21:47:52,150 - INFO - Early stopping at epoch 9
2025-12-30 21:47:52,580 - INFO - Loaded checkpoint from epoch 4
2025-12-30 21:47:55,524 - INFO - ============================================================
2025-12-30 21:47:55,525 - INFO - FINAL VALIDATION RESULTS
2025-12-30 21:47:55,525 - INFO -   Acc@1:  46.05%
2025-12-30 21:47:55,525 - INFO -   Acc@5:  74.10%
2025-12-30 21:47:55,525 - INFO -   Acc@10: 79.55%
2025-12-30 21:47:55,525 - INFO -   MRR:    58.56%
2025-12-30 21:47:55,525 - INFO -   NDCG:   63.45%
2025-12-30 21:47:55,525 - INFO - ============================================================
2025-12-30 21:47:55,525 - INFO - FINAL TEST RESULTS
2025-12-30 21:47:55,525 - INFO -   Acc@1:  50.72%
2025-12-30 21:47:55,525 - INFO -   Acc@5:  78.14%
2025-12-30 21:47:55,525 - INFO -   Acc@10: 82.22%
2025-12-30 21:47:55,525 - INFO -   MRR:    62.96%
2025-12-30 21:47:55,525 - INFO -   NDCG:   67.51%
2025-12-30 21:47:55,526 - INFO - ============================================================
