Training LSTM model
Dataset: diy
Config: config/models/config_LSTM_diy.yaml
Device: cuda
Seed: 42
==================================================
Data loaders: train=591, val=40, test=49
Total trainable parameters: 2847582

=== Epoch 1 ===
Epoch 1, 1.7%	 loss: 9.136 acc@1: 0.00 mrr: 0.07, ndcg: 0.00, took: 0.86s
Epoch 1, 3.4%	 loss: 9.134 acc@1: 0.04 mrr: 0.09, ndcg: 0.04, took: 0.46s
Epoch 1, 5.1%	 loss: 9.113 acc@1: 0.00 mrr: 0.06, ndcg: 0.00, took: 0.50s
Epoch 1, 6.8%	 loss: 9.097 acc@1: 0.04 mrr: 0.12, ndcg: 0.06, took: 0.48s
Epoch 1, 8.5%	 loss: 9.073 acc@1: 0.00 mrr: 0.10, ndcg: 0.05, took: 0.48s
Epoch 1, 10.2%	 loss: 9.035 acc@1: 0.00 mrr: 0.07, ndcg: 0.00, took: 0.48s
Epoch 1, 11.8%	 loss: 8.997 acc@1: 0.00 mrr: 0.14, ndcg: 0.10, took: 0.47s
Epoch 1, 13.5%	 loss: 8.956 acc@1: 0.08 mrr: 0.21, ndcg: 0.14, took: 0.49s
Epoch 1, 15.2%	 loss: 8.916 acc@1: 0.12 mrr: 0.40, ndcg: 0.41, took: 0.49s
Epoch 1, 16.9%	 loss: 8.831 acc@1: 1.64 mrr: 2.16, ndcg: 2.25, took: 0.52s
Epoch 1, 18.6%	 loss: 8.720 acc@1: 4.57 mrr: 5.20, ndcg: 5.24, took: 0.51s
Epoch 1, 20.3%	 loss: 8.622 acc@1: 7.81 mrr: 8.76, ndcg: 9.01, took: 0.52s
Epoch 1, 22.0%	 loss: 8.440 acc@1: 12.77 mrr: 13.55, ndcg: 13.69, took: 0.48s
Epoch 1, 23.7%	 loss: 8.339 acc@1: 14.41 mrr: 15.04, ndcg: 15.12, took: 0.50s
Epoch 1, 25.4%	 loss: 8.225 acc@1: 15.39 mrr: 16.12, ndcg: 16.31, took: 0.50s
Epoch 1, 27.1%	 loss: 8.112 acc@1: 17.27 mrr: 18.00, ndcg: 18.17, took: 0.49s
Epoch 1, 28.8%	 loss: 8.006 acc@1: 18.98 mrr: 19.78, ndcg: 19.96, took: 0.48s
Epoch 1, 30.5%	 loss: 7.894 acc@1: 19.49 mrr: 20.17, ndcg: 20.19, took: 0.48s
Epoch 1, 32.1%	 loss: 7.696 acc@1: 21.29 mrr: 22.07, ndcg: 22.11, took: 0.48s
Epoch 1, 33.8%	 loss: 7.501 acc@1: 22.38 mrr: 23.40, ndcg: 23.53, took: 0.48s
Epoch 1, 35.5%	 loss: 7.364 acc@1: 24.10 mrr: 25.21, ndcg: 25.46, took: 0.49s
Epoch 1, 37.2%	 loss: 7.224 acc@1: 24.06 mrr: 25.32, ndcg: 25.70, took: 0.48s
Epoch 1, 38.9%	 loss: 7.029 acc@1: 25.23 mrr: 26.56, ndcg: 26.83, took: 0.50s
Epoch 1, 40.6%	 loss: 6.765 acc@1: 27.42 mrr: 29.04, ndcg: 29.48, took: 0.51s
Epoch 1, 42.3%	 loss: 6.721 acc@1: 26.76 mrr: 28.30, ndcg: 28.57, took: 0.50s
Epoch 1, 44.0%	 loss: 6.510 acc@1: 27.73 mrr: 29.48, ndcg: 29.72, took: 0.52s
Epoch 1, 45.7%	 loss: 6.516 acc@1: 27.15 mrr: 28.96, ndcg: 29.16, took: 0.51s
Epoch 1, 47.4%	 loss: 6.355 acc@1: 28.36 mrr: 30.05, ndcg: 30.21, took: 0.51s
Epoch 1, 49.1%	 loss: 6.208 acc@1: 28.52 mrr: 30.44, ndcg: 30.57, took: 0.48s
Epoch 1, 50.8%	 loss: 6.220 acc@1: 27.27 mrr: 29.22, ndcg: 29.42, took: 0.47s
Epoch 1, 52.5%	 loss: 6.167 acc@1: 26.48 mrr: 28.58, ndcg: 28.65, took: 0.48s
Epoch 1, 54.1%	 loss: 5.978 acc@1: 29.38 mrr: 31.41, ndcg: 31.70, took: 0.49s
Epoch 1, 55.8%	 loss: 5.820 acc@1: 30.70 mrr: 33.07, ndcg: 33.45, took: 0.50s
Epoch 1, 57.5%	 loss: 5.764 acc@1: 29.57 mrr: 32.48, ndcg: 33.02, took: 0.99s
Epoch 1, 59.2%	 loss: 5.896 acc@1: 27.42 mrr: 30.08, ndcg: 30.51, took: 0.48s
Epoch 1, 60.9%	 loss: 5.815 acc@1: 29.45 mrr: 31.95, ndcg: 32.37, took: 0.50s
Epoch 1, 62.6%	 loss: 5.582 acc@1: 30.78 mrr: 33.46, ndcg: 33.96, took: 0.51s
Epoch 1, 64.3%	 loss: 5.594 acc@1: 30.62 mrr: 33.65, ndcg: 34.42, took: 0.53s
Epoch 1, 66.0%	 loss: 5.594 acc@1: 29.80 mrr: 32.96, ndcg: 33.88, took: 0.51s
Epoch 1, 67.7%	 loss: 5.567 acc@1: 28.20 mrr: 31.30, ndcg: 32.20, took: 0.52s
Epoch 1, 69.4%	 loss: 5.558 acc@1: 29.10 mrr: 32.22, ndcg: 33.08, took: 0.52s
Epoch 1, 71.1%	 loss: 5.393 acc@1: 29.77 mrr: 33.20, ndcg: 34.03, took: 0.57s
Epoch 1, 72.8%	 loss: 5.311 acc@1: 31.45 mrr: 34.74, ndcg: 35.55, took: 0.62s
Epoch 1, 74.5%	 loss: 5.249 acc@1: 32.15 mrr: 35.46, ndcg: 36.33, took: 0.62s
Epoch 1, 76.1%	 loss: 5.366 acc@1: 29.96 mrr: 33.35, ndcg: 34.14, took: 0.60s
Epoch 1, 77.8%	 loss: 5.220 acc@1: 31.88 mrr: 35.40, ndcg: 36.34, took: 0.56s
Epoch 1, 79.5%	 loss: 5.237 acc@1: 31.60 mrr: 35.45, ndcg: 36.55, took: 0.60s
Epoch 1, 81.2%	 loss: 5.224 acc@1: 30.62 mrr: 34.34, ndcg: 35.27, took: 0.62s
Epoch 1, 82.9%	 loss: 5.327 acc@1: 29.80 mrr: 33.53, ndcg: 34.59, took: 0.60s
Epoch 1, 84.6%	 loss: 5.082 acc@1: 32.07 mrr: 36.05, ndcg: 37.21, took: 0.60s
Epoch 1, 86.3%	 loss: 5.134 acc@1: 31.29 mrr: 35.25, ndcg: 36.27, took: 0.59s
Epoch 1, 88.0%	 loss: 5.120 acc@1: 31.64 mrr: 35.43, ndcg: 36.44, took: 0.60s
Epoch 1, 89.7%	 loss: 5.068 acc@1: 32.42 mrr: 36.05, ndcg: 36.99, took: 0.58s
Epoch 1, 91.4%	 loss: 5.071 acc@1: 32.38 mrr: 36.57, ndcg: 37.63, took: 0.59s
Epoch 1, 93.1%	 loss: 4.956 acc@1: 33.79 mrr: 38.06, ndcg: 39.08, took: 0.59s
Epoch 1, 94.8%	 loss: 4.930 acc@1: 32.89 mrr: 37.31, ndcg: 38.49, took: 0.60s
Epoch 1, 96.4%	 loss: 4.985 acc@1: 32.70 mrr: 36.76, ndcg: 37.81, took: 0.59s
Epoch 1, 98.1%	 loss: 4.966 acc@1: 33.40 mrr: 37.96, ndcg: 39.42, took: 0.60s
Epoch 1, 99.8%	 loss: 4.728 acc@1: 34.80 mrr: 39.51, ndcg: 40.88, took: 0.59s
Validation - loss: 5.1898, acc@1: 32.63%, f1: 18.74%, mrr: 36.89%, ndcg: 38.07%
Current learning rate: 0.000500

=== Epoch 2 ===
Epoch 2, 1.7%	 loss: 4.732 acc@1: 33.83 mrr: 38.98, ndcg: 40.54, took: 0.60s
Epoch 2, 3.4%	 loss: 4.761 acc@1: 33.05 mrr: 38.56, ndcg: 40.19, took: 0.50s
Epoch 2, 5.1%	 loss: 4.760 acc@1: 33.59 mrr: 39.20, ndcg: 40.90, took: 0.51s
Epoch 2, 6.8%	 loss: 4.612 acc@1: 34.88 mrr: 40.62, ndcg: 42.41, took: 0.59s
Epoch 2, 8.5%	 loss: 4.589 acc@1: 34.96 mrr: 40.81, ndcg: 42.79, took: 0.48s
Epoch 2, 10.2%	 loss: 4.537 acc@1: 35.94 mrr: 41.73, ndcg: 43.55, took: 0.50s
Epoch 2, 11.8%	 loss: 4.413 acc@1: 36.84 mrr: 43.30, ndcg: 45.30, took: 0.52s
Epoch 2, 13.5%	 loss: 4.417 acc@1: 36.91 mrr: 43.69, ndcg: 45.97, took: 0.52s
Epoch 2, 15.2%	 loss: 4.273 acc@1: 37.50 mrr: 44.67, ndcg: 47.15, took: 0.58s
Epoch 2, 16.9%	 loss: 4.370 acc@1: 37.15 mrr: 44.53, ndcg: 47.26, took: 0.60s
Epoch 2, 18.6%	 loss: 4.299 acc@1: 38.05 mrr: 45.64, ndcg: 48.38, took: 0.60s
Epoch 2, 20.3%	 loss: 4.184 acc@1: 37.23 mrr: 45.81, ndcg: 49.03, took: 0.60s
Epoch 2, 22.0%	 loss: 4.216 acc@1: 37.50 mrr: 46.17, ndcg: 49.36, took: 0.60s
Epoch 2, 23.7%	 loss: 4.125 acc@1: 36.99 mrr: 46.55, ndcg: 49.91, took: 0.50s
Epoch 2, 25.4%	 loss: 4.051 acc@1: 38.91 mrr: 48.05, ndcg: 51.25, took: 0.50s
Epoch 2, 27.1%	 loss: 3.887 acc@1: 38.55 mrr: 48.47, ndcg: 52.08, took: 0.51s
Epoch 2, 28.8%	 loss: 3.952 acc@1: 39.41 mrr: 49.17, ndcg: 52.67, took: 0.52s
Epoch 2, 30.5%	 loss: 3.822 acc@1: 39.69 mrr: 50.21, ndcg: 53.78, took: 0.50s
Epoch 2, 32.1%	 loss: 3.836 acc@1: 40.27 mrr: 50.78, ndcg: 54.25, took: 0.48s
Epoch 2, 33.8%	 loss: 3.926 acc@1: 38.20 mrr: 49.23, ndcg: 53.06, took: 0.49s
Epoch 2, 35.5%	 loss: 3.800 acc@1: 39.06 mrr: 50.14, ndcg: 54.21, took: 0.50s
Epoch 2, 37.2%	 loss: 3.812 acc@1: 38.55 mrr: 50.19, ndcg: 54.46, took: 0.48s
Epoch 2, 38.9%	 loss: 3.687 acc@1: 40.00 mrr: 51.94, ndcg: 56.19, took: 0.49s
Epoch 2, 40.6%	 loss: 3.715 acc@1: 40.27 mrr: 51.78, ndcg: 55.97, took: 0.47s
Epoch 2, 42.3%	 loss: 3.502 acc@1: 41.21 mrr: 53.64, ndcg: 58.04, took: 0.48s
Epoch 2, 44.0%	 loss: 3.594 acc@1: 40.16 mrr: 52.95, ndcg: 57.41, took: 0.47s
Epoch 2, 45.7%	 loss: 3.432 acc@1: 42.97 mrr: 55.27, ndcg: 59.41, took: 0.48s
Epoch 2, 47.4%	 loss: 3.512 acc@1: 40.98 mrr: 53.73, ndcg: 58.11, took: 0.47s
Epoch 2, 49.1%	 loss: 3.476 acc@1: 39.96 mrr: 53.53, ndcg: 58.34, took: 0.48s
Epoch 2, 50.8%	 loss: 3.329 acc@1: 42.54 mrr: 55.58, ndcg: 60.15, took: 0.49s
Epoch 2, 52.5%	 loss: 3.319 acc@1: 41.88 mrr: 55.57, ndcg: 60.12, took: 0.49s
Epoch 2, 54.1%	 loss: 3.262 acc@1: 41.68 mrr: 55.73, ndcg: 60.49, took: 0.48s
Epoch 2, 55.8%	 loss: 3.214 acc@1: 42.30 mrr: 56.45, ndcg: 61.28, took: 0.51s
Epoch 2, 57.5%	 loss: 3.332 acc@1: 42.07 mrr: 55.78, ndcg: 60.39, took: 0.51s
Epoch 2, 59.2%	 loss: 3.305 acc@1: 41.29 mrr: 55.34, ndcg: 60.31, took: 0.51s
Epoch 2, 60.9%	 loss: 3.128 acc@1: 43.20 mrr: 57.39, ndcg: 62.14, took: 0.53s
Epoch 2, 62.6%	 loss: 3.274 acc@1: 40.51 mrr: 55.09, ndcg: 60.45, took: 0.55s
Epoch 2, 64.3%	 loss: 3.222 acc@1: 41.41 mrr: 56.19, ndcg: 61.39, took: 0.51s
Epoch 2, 66.0%	 loss: 3.256 acc@1: 42.11 mrr: 56.44, ndcg: 61.42, took: 0.50s
Epoch 2, 67.7%	 loss: 3.163 acc@1: 40.94 mrr: 55.96, ndcg: 61.16, took: 0.48s
Epoch 2, 69.4%	 loss: 3.133 acc@1: 41.91 mrr: 56.52, ndcg: 61.77, took: 0.50s
Epoch 2, 71.1%	 loss: 3.069 acc@1: 42.30 mrr: 57.49, ndcg: 62.68, took: 0.49s
Epoch 2, 72.8%	 loss: 3.162 acc@1: 41.60 mrr: 56.39, ndcg: 61.54, took: 0.51s
Epoch 2, 74.5%	 loss: 3.173 acc@1: 41.84 mrr: 56.62, ndcg: 61.81, took: 0.48s
Epoch 2, 76.1%	 loss: 3.056 acc@1: 40.70 mrr: 56.71, ndcg: 62.29, took: 0.49s
Epoch 2, 77.8%	 loss: 3.045 acc@1: 42.85 mrr: 57.95, ndcg: 63.04, took: 0.49s
Epoch 2, 79.5%	 loss: 2.943 acc@1: 42.42 mrr: 58.25, ndcg: 63.62, took: 0.47s
Epoch 2, 81.2%	 loss: 2.913 acc@1: 42.77 mrr: 58.47, ndcg: 63.82, took: 0.49s
Epoch 2, 82.9%	 loss: 2.939 acc@1: 43.79 mrr: 58.59, ndcg: 63.66, took: 0.48s
Epoch 2, 84.6%	 loss: 2.962 acc@1: 42.62 mrr: 57.90, ndcg: 63.25, took: 0.50s
Epoch 2, 86.3%	 loss: 3.048 acc@1: 42.11 mrr: 57.37, ndcg: 62.61, took: 0.52s
Epoch 2, 88.0%	 loss: 2.929 acc@1: 43.59 mrr: 58.51, ndcg: 63.86, took: 0.50s
Epoch 2, 89.7%	 loss: 2.917 acc@1: 41.84 mrr: 57.91, ndcg: 63.54, took: 0.48s
Epoch 2, 91.4%	 loss: 2.941 acc@1: 41.99 mrr: 57.94, ndcg: 63.60, took: 0.47s
Epoch 2, 93.1%	 loss: 2.819 acc@1: 43.28 mrr: 59.37, ndcg: 64.86, took: 0.48s
Epoch 2, 94.8%	 loss: 3.048 acc@1: 40.90 mrr: 56.71, ndcg: 62.21, took: 0.49s
Epoch 2, 96.4%	 loss: 2.951 acc@1: 40.08 mrr: 56.73, ndcg: 62.55, took: 0.51s
Epoch 2, 98.1%	 loss: 2.963 acc@1: 40.90 mrr: 57.19, ndcg: 62.92, took: 0.51s
Epoch 2, 99.8%	 loss: 2.918 acc@1: 41.29 mrr: 57.65, ndcg: 63.60, took: 0.51s
Validation - loss: 3.3949, acc@1: 39.74%, f1: 30.70%, mrr: 54.96%, ndcg: 60.37%
Current learning rate: 0.001000

=== Epoch 3 ===
Epoch 3, 1.7%	 loss: 2.580 acc@1: 44.02 mrr: 60.33, ndcg: 66.11, took: 0.53s
Epoch 3, 3.4%	 loss: 2.621 acc@1: 42.19 mrr: 58.85, ndcg: 64.86, took: 0.50s
Epoch 3, 5.1%	 loss: 2.643 acc@1: 42.89 mrr: 58.93, ndcg: 64.69, took: 0.47s
Epoch 3, 6.8%	 loss: 2.720 acc@1: 42.38 mrr: 58.48, ndcg: 64.40, took: 0.47s
Epoch 3, 8.5%	 loss: 2.687 acc@1: 42.34 mrr: 58.57, ndcg: 64.21, took: 0.47s
Epoch 3, 10.2%	 loss: 2.577 acc@1: 42.42 mrr: 59.14, ndcg: 65.25, took: 0.49s
Epoch 3, 11.8%	 loss: 2.589 acc@1: 43.79 mrr: 59.69, ndcg: 65.45, took: 0.48s
Epoch 3, 13.5%	 loss: 2.751 acc@1: 40.82 mrr: 57.55, ndcg: 63.54, took: 0.48s
Epoch 3, 15.2%	 loss: 2.652 acc@1: 41.64 mrr: 58.70, ndcg: 64.76, took: 0.50s
Epoch 3, 16.9%	 loss: 2.648 acc@1: 41.68 mrr: 58.33, ndcg: 64.40, took: 0.64s
Epoch 3, 18.6%	 loss: 2.670 acc@1: 41.02 mrr: 57.92, ndcg: 64.08, took: 0.63s
Epoch 3, 20.3%	 loss: 2.589 acc@1: 43.44 mrr: 59.67, ndcg: 65.51, took: 0.60s
Epoch 3, 22.0%	 loss: 2.648 acc@1: 41.29 mrr: 58.33, ndcg: 64.47, took: 0.59s
Epoch 3, 23.7%	 loss: 2.666 acc@1: 41.84 mrr: 58.52, ndcg: 64.43, took: 0.59s
Epoch 3, 25.4%	 loss: 2.585 acc@1: 42.89 mrr: 59.48, ndcg: 65.36, took: 0.54s
Epoch 3, 27.1%	 loss: 2.557 acc@1: 43.67 mrr: 60.16, ndcg: 66.00, took: 0.47s
Epoch 3, 28.8%	 loss: 2.755 acc@1: 40.51 mrr: 56.98, ndcg: 62.93, took: 0.49s
Epoch 3, 30.5%	 loss: 2.502 acc@1: 43.71 mrr: 60.18, ndcg: 66.12, took: 0.51s
Epoch 3, 32.1%	 loss: 2.574 acc@1: 41.91 mrr: 59.07, ndcg: 65.15, took: 0.54s
Epoch 3, 33.8%	 loss: 2.640 acc@1: 43.44 mrr: 59.53, ndcg: 65.12, took: 0.61s
Epoch 3, 35.5%	 loss: 2.617 acc@1: 41.84 mrr: 58.67, ndcg: 64.82, took: 0.60s
Epoch 3, 37.2%	 loss: 2.568 acc@1: 42.54 mrr: 59.29, ndcg: 65.23, took: 0.61s
Epoch 3, 38.9%	 loss: 2.639 acc@1: 42.03 mrr: 58.59, ndcg: 64.56, took: 0.60s
Epoch 3, 40.6%	 loss: 2.537 acc@1: 43.59 mrr: 59.93, ndcg: 65.83, took: 0.61s
Epoch 3, 42.3%	 loss: 2.560 acc@1: 42.27 mrr: 59.42, ndcg: 65.66, took: 0.54s
Epoch 3, 44.0%	 loss: 2.525 acc@1: 42.97 mrr: 59.80, ndcg: 65.76, took: 0.52s
Epoch 3, 45.7%	 loss: 2.532 acc@1: 44.30 mrr: 60.44, ndcg: 66.14, took: 0.52s
Epoch 3, 47.4%	 loss: 2.462 acc@1: 45.78 mrr: 61.62, ndcg: 67.34, took: 0.52s
Epoch 3, 49.1%	 loss: 2.560 acc@1: 43.67 mrr: 59.90, ndcg: 65.85, took: 0.52s
Epoch 3, 50.8%	 loss: 2.506 acc@1: 43.95 mrr: 59.93, ndcg: 65.91, took: 0.54s
Epoch 3, 52.5%	 loss: 2.479 acc@1: 44.69 mrr: 60.60, ndcg: 66.60, took: 0.56s
Epoch 3, 54.1%	 loss: 2.565 acc@1: 45.35 mrr: 60.70, ndcg: 66.30, took: 0.53s
Epoch 3, 55.8%	 loss: 2.567 acc@1: 44.38 mrr: 60.39, ndcg: 66.19, took: 0.52s
Epoch 3, 57.5%	 loss: 2.402 acc@1: 47.70 mrr: 62.91, ndcg: 68.46, took: 0.59s
Epoch 3, 59.2%	 loss: 2.455 acc@1: 46.80 mrr: 61.94, ndcg: 67.55, took: 0.55s
Epoch 3, 60.9%	 loss: 2.396 acc@1: 48.59 mrr: 63.20, ndcg: 68.61, took: 0.63s
Epoch 3, 62.6%	 loss: 2.559 acc@1: 47.30 mrr: 61.27, ndcg: 66.65, took: 0.62s
Epoch 3, 64.3%	 loss: 2.528 acc@1: 48.32 mrr: 62.28, ndcg: 67.43, took: 0.64s
Epoch 3, 66.0%	 loss: 2.492 acc@1: 46.91 mrr: 61.72, ndcg: 67.11, took: 0.61s
Epoch 3, 67.7%	 loss: 2.481 acc@1: 47.15 mrr: 61.93, ndcg: 67.51, took: 0.61s
Epoch 3, 69.4%	 loss: 2.479 acc@1: 47.85 mrr: 62.11, ndcg: 67.50, took: 0.60s
Epoch 3, 71.1%	 loss: 2.421 acc@1: 48.12 mrr: 62.92, ndcg: 68.31, took: 0.55s
Epoch 3, 72.8%	 loss: 2.368 acc@1: 48.63 mrr: 63.29, ndcg: 68.75, took: 0.50s
Epoch 3, 74.5%	 loss: 2.492 acc@1: 47.42 mrr: 62.04, ndcg: 67.42, took: 0.51s
Epoch 3, 76.1%	 loss: 2.442 acc@1: 47.62 mrr: 62.35, ndcg: 67.92, took: 0.48s
Epoch 3, 77.8%	 loss: 2.501 acc@1: 48.40 mrr: 62.20, ndcg: 67.52, took: 0.49s
Epoch 3, 79.5%	 loss: 2.448 acc@1: 47.70 mrr: 61.99, ndcg: 67.50, took: 0.51s
Epoch 3, 81.2%	 loss: 2.459 acc@1: 47.19 mrr: 61.71, ndcg: 67.18, took: 0.51s
Epoch 3, 82.9%	 loss: 2.369 acc@1: 49.38 mrr: 63.60, ndcg: 69.02, took: 0.52s
Epoch 3, 84.6%	 loss: 2.385 acc@1: 48.44 mrr: 63.05, ndcg: 68.47, took: 0.50s
Epoch 3, 86.3%	 loss: 2.423 acc@1: 49.57 mrr: 63.25, ndcg: 68.44, took: 0.49s
Epoch 3, 88.0%	 loss: 2.512 acc@1: 47.34 mrr: 61.61, ndcg: 67.01, took: 0.51s
Epoch 3, 89.7%	 loss: 2.367 acc@1: 48.52 mrr: 63.13, ndcg: 68.60, took: 0.49s
Epoch 3, 91.4%	 loss: 2.314 acc@1: 50.39 mrr: 64.43, ndcg: 69.75, took: 0.49s
Epoch 3, 93.1%	 loss: 2.395 acc@1: 47.73 mrr: 62.64, ndcg: 68.18, took: 0.50s
Epoch 3, 94.8%	 loss: 2.416 acc@1: 47.62 mrr: 62.20, ndcg: 67.75, took: 0.47s
Epoch 3, 96.4%	 loss: 2.289 acc@1: 50.94 mrr: 64.71, ndcg: 70.08, took: 0.49s
Epoch 3, 98.1%	 loss: 2.325 acc@1: 49.69 mrr: 63.87, ndcg: 69.19, took: 0.50s
Epoch 3, 99.8%	 loss: 2.374 acc@1: 48.52 mrr: 63.07, ndcg: 68.39, took: 0.47s
Validation - loss: 3.0263, acc@1: 47.12%, f1: 39.04%, mrr: 59.99%, ndcg: 64.88%
Current learning rate: 0.000979

=== Epoch 4 ===
Epoch 4, 1.7%	 loss: 2.221 acc@1: 49.14 mrr: 63.19, ndcg: 68.54, took: 0.49s
Epoch 4, 3.4%	 loss: 2.033 acc@1: 52.15 mrr: 66.12, ndcg: 71.43, took: 0.52s
Epoch 4, 5.1%	 loss: 2.171 acc@1: 50.43 mrr: 64.36, ndcg: 69.61, took: 0.51s
Epoch 4, 6.8%	 loss: 2.110 acc@1: 49.49 mrr: 64.14, ndcg: 69.62, took: 0.51s
Epoch 4, 8.5%	 loss: 2.135 acc@1: 50.23 mrr: 64.54, ndcg: 69.97, took: 0.54s
Epoch 4, 10.2%	 loss: 2.195 acc@1: 48.87 mrr: 63.43, ndcg: 68.82, took: 0.52s
Epoch 4, 11.8%	 loss: 2.208 acc@1: 48.24 mrr: 62.98, ndcg: 68.47, took: 0.54s
Epoch 4, 13.5%	 loss: 2.254 acc@1: 48.32 mrr: 62.80, ndcg: 68.11, took: 0.54s
Epoch 4, 15.2%	 loss: 2.240 acc@1: 49.92 mrr: 63.68, ndcg: 68.92, took: 0.53s
Epoch 4, 16.9%	 loss: 2.115 acc@1: 50.82 mrr: 64.92, ndcg: 70.26, took: 0.53s
Epoch 4, 18.6%	 loss: 2.135 acc@1: 50.08 mrr: 64.17, ndcg: 69.61, took: 0.53s
Epoch 4, 20.3%	 loss: 2.112 acc@1: 50.51 mrr: 64.74, ndcg: 70.26, took: 0.56s
Epoch 4, 22.0%	 loss: 2.144 acc@1: 52.34 mrr: 65.55, ndcg: 70.64, took: 0.52s
Epoch 4, 23.7%	 loss: 2.145 acc@1: 50.59 mrr: 64.68, ndcg: 69.98, took: 0.51s
Epoch 4, 25.4%	 loss: 2.179 acc@1: 48.71 mrr: 63.44, ndcg: 69.07, took: 0.52s
Epoch 4, 27.1%	 loss: 2.028 acc@1: 51.60 mrr: 65.89, ndcg: 71.46, took: 0.53s
Epoch 4, 28.8%	 loss: 2.205 acc@1: 50.31 mrr: 63.88, ndcg: 69.23, took: 0.51s
Epoch 4, 30.5%	 loss: 2.179 acc@1: 49.96 mrr: 64.04, ndcg: 69.43, took: 0.51s
Epoch 4, 32.1%	 loss: 2.162 acc@1: 48.79 mrr: 63.42, ndcg: 68.87, took: 0.56s
Epoch 4, 33.8%	 loss: 2.128 acc@1: 49.92 mrr: 64.28, ndcg: 69.92, took: 0.51s
Epoch 4, 35.5%	 loss: 2.177 acc@1: 50.59 mrr: 64.38, ndcg: 69.86, took: 0.52s
Epoch 4, 37.2%	 loss: 2.127 acc@1: 50.27 mrr: 64.44, ndcg: 69.84, took: 0.52s
Epoch 4, 38.9%	 loss: 2.190 acc@1: 48.87 mrr: 63.46, ndcg: 69.16, took: 0.51s
Epoch 4, 40.6%	 loss: 2.101 acc@1: 52.85 mrr: 66.17, ndcg: 71.19, took: 0.52s
Epoch 4, 42.3%	 loss: 2.194 acc@1: 51.17 mrr: 64.39, ndcg: 69.62, took: 0.53s
Epoch 4, 44.0%	 loss: 2.234 acc@1: 48.36 mrr: 63.01, ndcg: 68.55, took: 0.49s
Epoch 4, 45.7%	 loss: 2.182 acc@1: 48.98 mrr: 63.77, ndcg: 69.33, took: 0.50s
Epoch 4, 47.4%	 loss: 2.139 acc@1: 49.38 mrr: 63.98, ndcg: 69.45, took: 0.56s
Epoch 4, 49.1%	 loss: 2.173 acc@1: 50.00 mrr: 63.99, ndcg: 69.43, took: 0.56s
Epoch 4, 50.8%	 loss: 2.136 acc@1: 51.37 mrr: 64.95, ndcg: 70.26, took: 0.49s
Epoch 4, 52.5%	 loss: 2.179 acc@1: 49.84 mrr: 63.99, ndcg: 69.39, took: 0.48s
Epoch 4, 54.1%	 loss: 2.039 acc@1: 52.19 mrr: 66.04, ndcg: 71.36, took: 0.49s
Epoch 4, 55.8%	 loss: 2.161 acc@1: 50.98 mrr: 64.64, ndcg: 69.82, took: 0.58s
Epoch 4, 57.5%	 loss: 2.195 acc@1: 50.08 mrr: 64.13, ndcg: 69.47, took: 0.61s
Epoch 4, 59.2%	 loss: 2.193 acc@1: 48.91 mrr: 63.49, ndcg: 69.07, took: 0.54s
Epoch 4, 60.9%	 loss: 2.202 acc@1: 49.10 mrr: 63.53, ndcg: 68.97, took: 0.56s
Epoch 4, 62.6%	 loss: 2.194 acc@1: 49.77 mrr: 63.85, ndcg: 69.41, took: 0.54s
Epoch 4, 64.3%	 loss: 2.131 acc@1: 51.48 mrr: 65.09, ndcg: 70.14, took: 0.53s
Epoch 4, 66.0%	 loss: 2.183 acc@1: 49.69 mrr: 64.13, ndcg: 69.47, took: 0.53s
Epoch 4, 67.7%	 loss: 2.171 acc@1: 50.35 mrr: 64.29, ndcg: 69.50, took: 0.52s
Epoch 4, 69.4%	 loss: 2.119 acc@1: 49.41 mrr: 64.23, ndcg: 69.93, took: 0.51s
Epoch 4, 71.1%	 loss: 2.115 acc@1: 51.45 mrr: 65.35, ndcg: 70.65, took: 0.49s
Epoch 4, 72.8%	 loss: 2.148 acc@1: 50.78 mrr: 64.68, ndcg: 69.95, took: 0.49s
Epoch 4, 74.5%	 loss: 2.056 acc@1: 51.72 mrr: 65.40, ndcg: 70.64, took: 0.49s
Epoch 4, 76.1%	 loss: 2.168 acc@1: 50.62 mrr: 64.38, ndcg: 69.82, took: 0.49s
Epoch 4, 77.8%	 loss: 2.204 acc@1: 50.04 mrr: 63.97, ndcg: 69.38, took: 0.51s
Epoch 4, 79.5%	 loss: 2.228 acc@1: 48.83 mrr: 62.81, ndcg: 68.49, took: 0.51s
Epoch 4, 81.2%	 loss: 2.127 acc@1: 49.26 mrr: 64.04, ndcg: 69.64, took: 0.50s
Epoch 4, 82.9%	 loss: 2.149 acc@1: 52.07 mrr: 65.52, ndcg: 70.63, took: 0.51s
Epoch 4, 84.6%	 loss: 2.222 acc@1: 48.59 mrr: 63.09, ndcg: 68.53, took: 0.50s
Epoch 4, 86.3%	 loss: 2.211 acc@1: 48.63 mrr: 63.20, ndcg: 68.91, took: 0.57s
Epoch 4, 88.0%	 loss: 2.209 acc@1: 50.27 mrr: 63.94, ndcg: 69.04, took: 0.59s
Epoch 4, 89.7%	 loss: 2.110 acc@1: 51.60 mrr: 65.26, ndcg: 70.52, took: 0.60s
Epoch 4, 91.4%	 loss: 2.131 acc@1: 50.62 mrr: 64.79, ndcg: 70.07, took: 0.60s
Epoch 4, 93.1%	 loss: 2.118 acc@1: 48.83 mrr: 63.95, ndcg: 69.58, took: 0.61s
Epoch 4, 94.8%	 loss: 2.078 acc@1: 51.29 mrr: 65.46, ndcg: 70.71, took: 0.52s
Epoch 4, 96.4%	 loss: 2.188 acc@1: 50.35 mrr: 64.38, ndcg: 69.70, took: 0.50s
Epoch 4, 98.1%	 loss: 2.127 acc@1: 50.59 mrr: 64.94, ndcg: 70.32, took: 0.48s
Epoch 4, 99.8%	 loss: 2.125 acc@1: 50.12 mrr: 64.49, ndcg: 69.96, took: 0.52s
Validation - loss: 2.9242, acc@1: 48.37%, f1: 40.95%, mrr: 61.04%, ndcg: 65.87%
Current learning rate: 0.000958

=== Epoch 5 ===
Epoch 5, 1.7%	 loss: 1.846 acc@1: 53.95 mrr: 67.60, ndcg: 72.98, took: 0.57s
Epoch 5, 3.4%	 loss: 1.913 acc@1: 52.38 mrr: 66.26, ndcg: 71.83, took: 0.54s
Epoch 5, 5.1%	 loss: 1.964 acc@1: 49.88 mrr: 64.87, ndcg: 70.64, took: 0.63s
Epoch 5, 6.8%	 loss: 1.935 acc@1: 52.50 mrr: 66.22, ndcg: 71.55, took: 0.64s
Epoch 5, 8.5%	 loss: 1.886 acc@1: 53.09 mrr: 67.02, ndcg: 72.55, took: 0.71s
Epoch 5, 10.2%	 loss: 1.949 acc@1: 50.04 mrr: 64.97, ndcg: 70.86, took: 0.67s
Epoch 5, 11.8%	 loss: 1.930 acc@1: 51.91 mrr: 66.11, ndcg: 71.72, took: 0.55s
Epoch 5, 13.5%	 loss: 1.959 acc@1: 51.02 mrr: 65.38, ndcg: 71.01, took: 0.52s
Epoch 5, 15.2%	 loss: 1.921 acc@1: 52.54 mrr: 66.36, ndcg: 71.76, took: 0.49s
Epoch 5, 16.9%	 loss: 1.967 acc@1: 50.59 mrr: 65.07, ndcg: 70.76, took: 0.49s
Epoch 5, 18.6%	 loss: 1.886 acc@1: 53.12 mrr: 66.87, ndcg: 72.16, took: 0.48s
Epoch 5, 20.3%	 loss: 1.928 acc@1: 51.95 mrr: 66.10, ndcg: 71.59, took: 0.48s
Epoch 5, 22.0%	 loss: 1.960 acc@1: 51.56 mrr: 65.55, ndcg: 71.04, took: 0.49s
Epoch 5, 23.7%	 loss: 2.046 acc@1: 50.74 mrr: 64.64, ndcg: 70.07, took: 0.50s
Epoch 5, 25.4%	 loss: 1.955 acc@1: 52.30 mrr: 66.13, ndcg: 71.47, took: 0.50s
Epoch 5, 27.1%	 loss: 1.928 acc@1: 51.68 mrr: 65.94, ndcg: 71.51, took: 0.50s
Epoch 5, 28.8%	 loss: 1.930 acc@1: 53.75 mrr: 66.94, ndcg: 72.01, took: 0.51s
Epoch 5, 30.5%	 loss: 1.980 acc@1: 49.45 mrr: 64.33, ndcg: 70.05, took: 0.55s
Epoch 5, 32.1%	 loss: 1.896 acc@1: 53.40 mrr: 66.97, ndcg: 72.27, took: 0.60s
Epoch 5, 33.8%	 loss: 2.012 acc@1: 51.13 mrr: 65.16, ndcg: 70.55, took: 0.53s
Epoch 5, 35.5%	 loss: 1.984 acc@1: 51.13 mrr: 65.19, ndcg: 70.52, took: 0.50s
Epoch 5, 37.2%	 loss: 1.946 acc@1: 52.70 mrr: 66.25, ndcg: 71.56, took: 0.50s
Epoch 5, 38.9%	 loss: 1.977 acc@1: 50.39 mrr: 65.03, ndcg: 70.64, took: 0.50s
Epoch 5, 40.6%	 loss: 2.001 acc@1: 51.68 mrr: 65.48, ndcg: 70.93, took: 0.56s
Epoch 5, 42.3%	 loss: 1.979 acc@1: 52.46 mrr: 65.89, ndcg: 71.17, took: 0.58s
Epoch 5, 44.0%	 loss: 1.958 acc@1: 51.48 mrr: 65.74, ndcg: 71.12, took: 0.59s
Epoch 5, 45.7%	 loss: 2.017 acc@1: 50.82 mrr: 65.04, ndcg: 70.65, took: 0.61s
Epoch 5, 47.4%	 loss: 1.994 acc@1: 52.42 mrr: 66.02, ndcg: 71.23, took: 0.52s
Epoch 5, 49.1%	 loss: 2.076 acc@1: 50.62 mrr: 64.59, ndcg: 69.92, took: 0.53s
Epoch 5, 50.8%	 loss: 1.995 acc@1: 50.59 mrr: 65.07, ndcg: 70.56, took: 0.52s
Epoch 5, 52.5%	 loss: 2.029 acc@1: 50.98 mrr: 64.86, ndcg: 70.23, took: 0.55s
Epoch 5, 54.1%	 loss: 1.966 acc@1: 51.45 mrr: 65.57, ndcg: 71.14, took: 0.59s
Epoch 5, 55.8%	 loss: 1.924 acc@1: 53.05 mrr: 66.68, ndcg: 71.93, took: 0.63s
Epoch 5, 57.5%	 loss: 1.950 acc@1: 52.42 mrr: 66.39, ndcg: 71.72, took: 0.63s
Epoch 5, 59.2%	 loss: 1.959 acc@1: 53.01 mrr: 66.34, ndcg: 71.57, took: 0.63s
Epoch 5, 60.9%	 loss: 1.962 acc@1: 53.28 mrr: 66.55, ndcg: 71.82, took: 0.54s
Epoch 5, 62.6%	 loss: 1.944 acc@1: 52.89 mrr: 66.51, ndcg: 71.73, took: 0.51s
Epoch 5, 64.3%	 loss: 1.990 acc@1: 52.23 mrr: 65.99, ndcg: 71.18, took: 0.50s
Epoch 5, 66.0%	 loss: 1.953 acc@1: 53.20 mrr: 66.66, ndcg: 71.91, took: 0.52s
Epoch 5, 67.7%	 loss: 1.991 acc@1: 49.88 mrr: 64.55, ndcg: 70.24, took: 0.50s
Epoch 5, 69.4%	 loss: 1.994 acc@1: 51.45 mrr: 65.30, ndcg: 70.75, took: 0.50s
Epoch 5, 71.1%	 loss: 1.961 acc@1: 50.98 mrr: 65.29, ndcg: 70.82, took: 0.54s
Epoch 5, 72.8%	 loss: 1.995 acc@1: 52.58 mrr: 66.12, ndcg: 71.37, took: 0.61s
Epoch 5, 74.5%	 loss: 1.953 acc@1: 53.59 mrr: 66.92, ndcg: 72.09, took: 0.60s
Epoch 5, 76.1%	 loss: 1.969 acc@1: 52.27 mrr: 66.11, ndcg: 71.48, took: 0.60s
Epoch 5, 77.8%	 loss: 1.984 acc@1: 51.64 mrr: 65.43, ndcg: 70.89, took: 0.56s
Epoch 5, 79.5%	 loss: 1.948 acc@1: 53.16 mrr: 66.71, ndcg: 71.78, took: 0.60s
Epoch 5, 81.2%	 loss: 1.916 acc@1: 54.30 mrr: 67.56, ndcg: 72.68, took: 0.46s
Epoch 5, 82.9%	 loss: 1.969 acc@1: 51.95 mrr: 65.83, ndcg: 71.27, took: 0.48s
Epoch 5, 84.6%	 loss: 1.960 acc@1: 54.14 mrr: 67.10, ndcg: 72.22, took: 0.58s
Epoch 5, 86.3%	 loss: 2.025 acc@1: 50.78 mrr: 64.99, ndcg: 70.44, took: 0.61s
Epoch 5, 88.0%	 loss: 1.944 acc@1: 53.40 mrr: 66.87, ndcg: 72.10, took: 0.54s
Epoch 5, 89.7%	 loss: 1.952 acc@1: 52.42 mrr: 66.16, ndcg: 71.50, took: 0.51s
Epoch 5, 91.4%	 loss: 1.918 acc@1: 53.05 mrr: 66.82, ndcg: 72.09, took: 0.51s
Epoch 5, 93.1%	 loss: 1.982 acc@1: 53.20 mrr: 66.20, ndcg: 71.30, took: 0.55s
Epoch 5, 94.8%	 loss: 2.091 acc@1: 49.96 mrr: 63.72, ndcg: 69.33, took: 1.16s
Epoch 5, 96.4%	 loss: 1.945 acc@1: 52.23 mrr: 66.02, ndcg: 71.37, took: 0.60s
Epoch 5, 98.1%	 loss: 2.016 acc@1: 51.80 mrr: 65.61, ndcg: 71.08, took: 0.60s
Epoch 5, 99.8%	 loss: 1.995 acc@1: 52.03 mrr: 65.60, ndcg: 70.90, took: 0.55s
Validation - loss: 2.9231, acc@1: 49.48%, f1: 41.96%, mrr: 61.39%, ndcg: 65.99%
Current learning rate: 0.000937

=== Epoch 6 ===
Epoch 6, 1.7%	 loss: 1.752 acc@1: 54.53 mrr: 68.16, ndcg: 73.52, took: 0.58s
Epoch 6, 3.4%	 loss: 1.765 acc@1: 54.88 mrr: 68.33, ndcg: 73.65, took: 0.53s
Epoch 6, 5.1%	 loss: 1.780 acc@1: 55.08 mrr: 68.32, ndcg: 73.57, took: 0.56s
Epoch 6, 6.8%	 loss: 1.784 acc@1: 53.83 mrr: 67.72, ndcg: 73.18, took: 0.54s
Epoch 6, 8.5%	 loss: 1.772 acc@1: 53.55 mrr: 67.85, ndcg: 73.51, took: 0.53s
Epoch 6, 10.2%	 loss: 1.809 acc@1: 53.59 mrr: 67.54, ndcg: 73.01, took: 0.53s
Epoch 6, 11.8%	 loss: 1.755 acc@1: 54.34 mrr: 68.37, ndcg: 73.92, took: 0.54s
Epoch 6, 13.5%	 loss: 1.735 acc@1: 53.87 mrr: 68.24, ndcg: 73.81, took: 0.54s
Epoch 6, 15.2%	 loss: 1.791 acc@1: 53.44 mrr: 67.58, ndcg: 73.12, took: 0.52s
Epoch 6, 16.9%	 loss: 1.773 acc@1: 55.74 mrr: 68.67, ndcg: 73.79, took: 0.52s
Epoch 6, 18.6%	 loss: 1.769 acc@1: 54.22 mrr: 68.18, ndcg: 73.62, took: 0.52s
Epoch 6, 20.3%	 loss: 1.764 acc@1: 53.55 mrr: 67.67, ndcg: 73.38, took: 0.51s
Epoch 6, 22.0%	 loss: 1.813 acc@1: 53.71 mrr: 67.40, ndcg: 72.93, took: 0.51s
Epoch 6, 23.7%	 loss: 1.867 acc@1: 52.27 mrr: 66.49, ndcg: 72.03, took: 0.51s
Epoch 6, 25.4%	 loss: 1.819 acc@1: 53.01 mrr: 67.14, ndcg: 72.74, took: 0.50s
Epoch 6, 27.1%	 loss: 1.872 acc@1: 52.11 mrr: 66.15, ndcg: 71.77, took: 0.50s
Epoch 6, 28.8%	 loss: 1.786 acc@1: 54.65 mrr: 68.10, ndcg: 73.32, took: 0.49s
Epoch 6, 30.5%	 loss: 1.859 acc@1: 52.03 mrr: 66.38, ndcg: 72.03, took: 0.50s
Epoch 6, 32.1%	 loss: 1.820 acc@1: 53.59 mrr: 67.35, ndcg: 72.88, took: 0.50s
Epoch 6, 33.8%	 loss: 1.831 acc@1: 53.20 mrr: 67.14, ndcg: 72.49, took: 0.49s
Epoch 6, 35.5%	 loss: 1.788 acc@1: 54.65 mrr: 68.11, ndcg: 73.48, took: 0.47s
Epoch 6, 37.2%	 loss: 1.762 acc@1: 55.08 mrr: 68.28, ndcg: 73.46, took: 0.49s
Epoch 6, 38.9%	 loss: 1.860 acc@1: 52.42 mrr: 66.47, ndcg: 72.13, took: 0.47s
Epoch 6, 40.6%	 loss: 1.744 acc@1: 55.66 mrr: 69.07, ndcg: 74.28, took: 0.49s
Epoch 6, 42.3%	 loss: 1.778 acc@1: 54.41 mrr: 68.08, ndcg: 73.40, took: 0.46s
Epoch 6, 44.0%	 loss: 1.844 acc@1: 55.23 mrr: 68.07, ndcg: 73.18, took: 0.46s
Epoch 6, 45.7%	 loss: 1.835 acc@1: 52.93 mrr: 67.09, ndcg: 72.58, took: 0.46s
Epoch 6, 47.4%	 loss: 1.804 acc@1: 53.12 mrr: 67.36, ndcg: 72.90, took: 0.48s
Epoch 6, 49.1%	 loss: 1.813 acc@1: 54.45 mrr: 67.85, ndcg: 73.22, took: 0.48s
Epoch 6, 50.8%	 loss: 1.856 acc@1: 52.81 mrr: 66.75, ndcg: 72.33, took: 0.48s
Epoch 6, 52.5%	 loss: 1.848 acc@1: 53.16 mrr: 67.01, ndcg: 72.42, took: 0.48s
Epoch 6, 54.1%	 loss: 1.852 acc@1: 53.01 mrr: 66.74, ndcg: 72.25, took: 0.48s
Epoch 6, 55.8%	 loss: 1.820 acc@1: 55.00 mrr: 68.19, ndcg: 73.51, took: 0.47s
Epoch 6, 57.5%	 loss: 1.823 acc@1: 53.71 mrr: 67.31, ndcg: 72.76, took: 0.48s
Epoch 6, 59.2%	 loss: 1.814 acc@1: 54.57 mrr: 67.77, ndcg: 73.17, took: 0.47s
Epoch 6, 60.9%	 loss: 1.797 acc@1: 55.94 mrr: 68.63, ndcg: 73.61, took: 0.46s
Epoch 6, 62.6%	 loss: 1.886 acc@1: 52.85 mrr: 66.65, ndcg: 72.01, took: 0.47s
Epoch 6, 64.3%	 loss: 1.822 acc@1: 53.59 mrr: 67.39, ndcg: 72.65, took: 0.50s
Epoch 6, 66.0%	 loss: 1.791 acc@1: 56.09 mrr: 68.83, ndcg: 73.99, took: 0.48s
Epoch 6, 67.7%	 loss: 1.785 acc@1: 55.66 mrr: 68.57, ndcg: 73.78, took: 0.48s
Epoch 6, 69.4%	 loss: 1.902 acc@1: 53.48 mrr: 66.84, ndcg: 72.11, took: 0.58s
Epoch 6, 71.1%	 loss: 1.820 acc@1: 54.22 mrr: 67.72, ndcg: 72.93, took: 0.60s
Epoch 6, 72.8%	 loss: 1.832 acc@1: 54.96 mrr: 68.06, ndcg: 73.31, took: 0.64s
Epoch 6, 74.5%	 loss: 1.936 acc@1: 52.27 mrr: 65.90, ndcg: 71.34, took: 0.60s
Epoch 6, 76.1%	 loss: 1.817 acc@1: 53.83 mrr: 67.39, ndcg: 72.75, took: 0.52s
Epoch 6, 77.8%	 loss: 1.893 acc@1: 53.63 mrr: 66.98, ndcg: 72.36, took: 0.49s
Epoch 6, 79.5%	 loss: 1.921 acc@1: 53.48 mrr: 66.68, ndcg: 71.90, took: 0.48s
Epoch 6, 81.2%	 loss: 1.845 acc@1: 53.05 mrr: 66.85, ndcg: 72.14, took: 0.48s
Epoch 6, 82.9%	 loss: 1.903 acc@1: 54.18 mrr: 67.08, ndcg: 72.16, took: 0.49s
Epoch 6, 84.6%	 loss: 1.845 acc@1: 53.91 mrr: 67.44, ndcg: 72.76, took: 0.49s
Epoch 6, 86.3%	 loss: 1.873 acc@1: 53.12 mrr: 66.91, ndcg: 72.54, took: 0.48s
Epoch 6, 88.0%	 loss: 1.807 acc@1: 54.92 mrr: 68.19, ndcg: 73.34, took: 0.49s
Epoch 6, 89.7%	 loss: 1.867 acc@1: 51.95 mrr: 66.18, ndcg: 71.80, took: 0.51s
Epoch 6, 91.4%	 loss: 1.893 acc@1: 52.54 mrr: 66.28, ndcg: 71.63, took: 0.51s
Epoch 6, 93.1%	 loss: 1.899 acc@1: 53.48 mrr: 66.94, ndcg: 72.17, took: 0.49s
Epoch 6, 94.8%	 loss: 1.932 acc@1: 51.56 mrr: 65.69, ndcg: 71.35, took: 0.50s
Epoch 6, 96.4%	 loss: 1.875 acc@1: 53.40 mrr: 66.88, ndcg: 72.14, took: 0.54s
Epoch 6, 98.1%	 loss: 1.867 acc@1: 52.54 mrr: 66.46, ndcg: 71.98, took: 0.60s
Epoch 6, 99.8%	 loss: 1.841 acc@1: 53.55 mrr: 66.97, ndcg: 72.34, took: 0.61s
Validation - loss: 2.9406, acc@1: 50.07%, f1: 43.41%, mrr: 61.70%, ndcg: 66.22%
Current learning rate: 0.000917

=== Epoch 7 ===
Epoch 7, 1.7%	 loss: 1.562 acc@1: 57.07 mrr: 70.75, ndcg: 76.34, took: 0.61s
Epoch 7, 3.4%	 loss: 1.614 acc@1: 55.86 mrr: 69.78, ndcg: 75.57, took: 0.59s
Epoch 7, 5.1%	 loss: 1.701 acc@1: 54.96 mrr: 68.62, ndcg: 74.33, took: 0.57s
Epoch 7, 6.8%	 loss: 1.578 acc@1: 56.21 mrr: 70.23, ndcg: 75.92, took: 0.51s
Epoch 7, 8.5%	 loss: 1.687 acc@1: 54.73 mrr: 68.61, ndcg: 74.29, took: 0.49s
Epoch 7, 10.2%	 loss: 1.669 acc@1: 55.51 mrr: 69.29, ndcg: 74.86, took: 0.51s
Epoch 7, 11.8%	 loss: 1.632 acc@1: 56.80 mrr: 69.86, ndcg: 75.18, took: 0.51s
Epoch 7, 13.5%	 loss: 1.623 acc@1: 55.86 mrr: 69.68, ndcg: 75.22, took: 0.50s
Epoch 7, 15.2%	 loss: 1.630 acc@1: 56.17 mrr: 69.62, ndcg: 75.11, took: 0.51s
Epoch 7, 16.9%	 loss: 1.674 acc@1: 55.39 mrr: 69.07, ndcg: 74.67, took: 0.54s
Epoch 7, 18.6%	 loss: 1.620 acc@1: 57.38 mrr: 70.36, ndcg: 75.69, took: 0.48s
Epoch 7, 20.3%	 loss: 1.705 acc@1: 54.92 mrr: 68.47, ndcg: 73.73, took: 0.48s
Epoch 7, 22.0%	 loss: 1.666 acc@1: 55.00 mrr: 69.23, ndcg: 74.92, took: 0.50s
Epoch 7, 23.7%	 loss: 1.729 acc@1: 54.06 mrr: 67.99, ndcg: 73.66, took: 0.48s
Epoch 7, 25.4%	 loss: 1.632 acc@1: 56.37 mrr: 69.90, ndcg: 75.41, took: 0.49s
Epoch 7, 27.1%	 loss: 1.705 acc@1: 54.57 mrr: 68.31, ndcg: 73.97, took: 0.52s
Epoch 7, 28.8%	 loss: 1.672 acc@1: 54.65 mrr: 68.69, ndcg: 74.39, took: 0.49s
Epoch 7, 30.5%	 loss: 1.696 acc@1: 54.80 mrr: 68.57, ndcg: 74.35, took: 0.48s
Epoch 7, 32.1%	 loss: 1.757 acc@1: 53.91 mrr: 67.66, ndcg: 73.34, took: 0.50s
Epoch 7, 33.8%	 loss: 1.654 acc@1: 56.99 mrr: 69.99, ndcg: 75.51, took: 0.48s
Epoch 7, 35.5%	 loss: 1.695 acc@1: 54.69 mrr: 68.58, ndcg: 74.22, took: 0.50s
Epoch 7, 37.2%	 loss: 1.733 acc@1: 55.39 mrr: 68.75, ndcg: 74.20, took: 0.49s
Epoch 7, 38.9%	 loss: 1.760 acc@1: 54.61 mrr: 68.32, ndcg: 73.76, took: 0.53s
Epoch 7, 40.6%	 loss: 1.681 acc@1: 55.98 mrr: 69.48, ndcg: 75.11, took: 0.48s
Epoch 7, 42.3%	 loss: 1.738 acc@1: 53.67 mrr: 67.61, ndcg: 73.34, took: 0.48s
Epoch 7, 44.0%	 loss: 1.698 acc@1: 53.98 mrr: 68.36, ndcg: 74.03, took: 0.48s
Epoch 7, 45.7%	 loss: 1.760 acc@1: 54.22 mrr: 67.77, ndcg: 73.32, took: 0.49s
Epoch 7, 47.4%	 loss: 1.706 acc@1: 55.43 mrr: 68.94, ndcg: 74.44, took: 0.55s
Epoch 7, 49.1%	 loss: 1.772 acc@1: 54.30 mrr: 67.81, ndcg: 73.31, took: 0.53s
Epoch 7, 50.8%	 loss: 1.672 acc@1: 57.38 mrr: 70.11, ndcg: 75.13, took: 0.52s
Epoch 7, 52.5%	 loss: 1.715 acc@1: 54.41 mrr: 68.45, ndcg: 74.21, took: 0.51s
Epoch 7, 54.1%	 loss: 1.746 acc@1: 55.08 mrr: 68.44, ndcg: 73.95, took: 0.50s
Epoch 7, 55.8%	 loss: 1.725 acc@1: 54.65 mrr: 68.31, ndcg: 73.80, took: 0.49s
Epoch 7, 57.5%	 loss: 1.755 acc@1: 54.57 mrr: 68.25, ndcg: 73.73, took: 0.49s
Epoch 7, 59.2%	 loss: 1.746 acc@1: 54.57 mrr: 68.12, ndcg: 73.61, took: 0.48s
Epoch 7, 60.9%	 loss: 1.740 acc@1: 55.00 mrr: 68.49, ndcg: 74.06, took: 0.47s
Epoch 7, 62.6%	 loss: 1.749 acc@1: 54.02 mrr: 67.99, ndcg: 73.57, took: 0.48s
Epoch 7, 64.3%	 loss: 1.763 acc@1: 53.75 mrr: 67.86, ndcg: 73.45, took: 0.48s
Epoch 7, 66.0%	 loss: 1.726 acc@1: 55.62 mrr: 68.93, ndcg: 74.48, took: 0.51s
Epoch 7, 67.7%	 loss: 1.781 acc@1: 53.40 mrr: 67.47, ndcg: 73.13, took: 0.47s
Epoch 7, 69.4%	 loss: 1.706 acc@1: 55.39 mrr: 68.69, ndcg: 74.15, took: 0.48s
Epoch 7, 71.1%	 loss: 1.723 acc@1: 54.80 mrr: 68.51, ndcg: 73.99, took: 0.47s
Epoch 7, 72.8%	 loss: 1.732 acc@1: 55.51 mrr: 68.83, ndcg: 74.22, took: 0.48s
Epoch 7, 74.5%	 loss: 1.768 acc@1: 55.43 mrr: 68.36, ndcg: 73.51, took: 0.51s
Epoch 7, 76.1%	 loss: 1.800 acc@1: 54.38 mrr: 67.61, ndcg: 72.92, took: 0.49s
Epoch 7, 77.8%	 loss: 1.808 acc@1: 52.66 mrr: 66.70, ndcg: 72.38, took: 0.49s
Epoch 7, 79.5%	 loss: 1.741 acc@1: 55.59 mrr: 68.87, ndcg: 74.17, took: 0.49s
Epoch 7, 81.2%	 loss: 1.762 acc@1: 54.06 mrr: 68.06, ndcg: 73.57, took: 0.49s
Epoch 7, 82.9%	 loss: 1.706 acc@1: 54.53 mrr: 68.36, ndcg: 73.88, took: 0.49s
Epoch 7, 84.6%	 loss: 1.763 acc@1: 55.90 mrr: 68.82, ndcg: 73.97, took: 0.55s
Epoch 7, 86.3%	 loss: 1.780 acc@1: 54.80 mrr: 68.13, ndcg: 73.40, took: 0.53s
Epoch 7, 88.0%	 loss: 1.767 acc@1: 52.93 mrr: 67.12, ndcg: 72.92, took: 0.50s
Epoch 7, 89.7%	 loss: 1.776 acc@1: 53.98 mrr: 67.68, ndcg: 73.13, took: 0.51s
Epoch 7, 91.4%	 loss: 1.746 acc@1: 55.31 mrr: 68.66, ndcg: 73.95, took: 0.50s
Epoch 7, 93.1%	 loss: 1.761 acc@1: 55.16 mrr: 68.48, ndcg: 73.67, took: 0.51s
Epoch 7, 94.8%	 loss: 1.780 acc@1: 54.34 mrr: 67.75, ndcg: 73.34, took: 0.55s
Epoch 7, 96.4%	 loss: 1.745 acc@1: 55.31 mrr: 68.65, ndcg: 73.98, took: 0.51s
Epoch 7, 98.1%	 loss: 1.770 acc@1: 55.55 mrr: 68.44, ndcg: 73.64, took: 0.55s
Epoch 7, 99.8%	 loss: 1.731 acc@1: 54.57 mrr: 68.20, ndcg: 73.64, took: 0.52s
Validation - loss: 2.9869, acc@1: 50.19%, f1: 43.37%, mrr: 61.71%, ndcg: 66.19%
Current learning rate: 0.000896

=== Epoch 8 ===
Epoch 8, 1.7%	 loss: 1.451 acc@1: 59.92 mrr: 72.86, ndcg: 78.21, took: 0.53s
Epoch 8, 3.4%	 loss: 1.509 acc@1: 57.58 mrr: 71.42, ndcg: 77.09, took: 0.50s
Epoch 8, 5.1%	 loss: 1.527 acc@1: 58.05 mrr: 71.37, ndcg: 76.94, took: 0.51s
Epoch 8, 6.8%	 loss: 1.531 acc@1: 56.76 mrr: 70.90, ndcg: 76.78, took: 0.50s
Epoch 8, 8.5%	 loss: 1.534 acc@1: 57.93 mrr: 71.20, ndcg: 76.74, took: 0.51s
Epoch 8, 10.2%	 loss: 1.529 acc@1: 57.73 mrr: 71.16, ndcg: 76.82, took: 0.57s
Epoch 8, 11.8%	 loss: 1.555 acc@1: 56.41 mrr: 70.37, ndcg: 76.28, took: 0.61s
Epoch 8, 13.5%	 loss: 1.590 acc@1: 57.03 mrr: 70.44, ndcg: 76.12, took: 0.56s
Epoch 8, 15.2%	 loss: 1.596 acc@1: 55.90 mrr: 69.84, ndcg: 75.75, took: 0.58s
Epoch 8, 16.9%	 loss: 1.616 acc@1: 55.16 mrr: 69.13, ndcg: 74.98, took: 0.61s
Epoch 8, 18.6%	 loss: 1.557 acc@1: 56.45 mrr: 70.42, ndcg: 76.09, took: 0.61s
Epoch 8, 20.3%	 loss: 1.596 acc@1: 55.55 mrr: 69.57, ndcg: 75.38, took: 0.60s
Epoch 8, 22.0%	 loss: 1.580 acc@1: 55.86 mrr: 70.10, ndcg: 75.80, took: 0.63s
Epoch 8, 23.7%	 loss: 1.620 acc@1: 57.38 mrr: 70.21, ndcg: 75.56, took: 0.62s
Epoch 8, 25.4%	 loss: 1.587 acc@1: 56.02 mrr: 69.92, ndcg: 75.79, took: 0.60s
Epoch 8, 27.1%	 loss: 1.585 acc@1: 57.19 mrr: 70.53, ndcg: 76.10, took: 0.62s
Epoch 8, 28.8%	 loss: 1.534 acc@1: 57.50 mrr: 71.17, ndcg: 76.77, took: 0.60s
Epoch 8, 30.5%	 loss: 1.612 acc@1: 57.34 mrr: 70.54, ndcg: 76.14, took: 0.51s
Epoch 8, 32.1%	 loss: 1.612 acc@1: 55.98 mrr: 69.73, ndcg: 75.20, took: 0.52s
Epoch 8, 33.8%	 loss: 1.632 acc@1: 54.77 mrr: 69.11, ndcg: 74.97, took: 0.49s
Epoch 8, 35.5%	 loss: 1.602 acc@1: 57.97 mrr: 70.94, ndcg: 76.31, took: 0.49s
Epoch 8, 37.2%	 loss: 1.629 acc@1: 56.45 mrr: 69.71, ndcg: 75.36, took: 0.49s
Epoch 8, 38.9%	 loss: 1.620 acc@1: 56.56 mrr: 69.89, ndcg: 75.47, took: 0.49s
Epoch 8, 40.6%	 loss: 1.672 acc@1: 54.69 mrr: 68.59, ndcg: 74.35, took: 0.49s
Epoch 8, 42.3%	 loss: 1.614 acc@1: 56.41 mrr: 69.94, ndcg: 75.67, took: 0.49s
Epoch 8, 44.0%	 loss: 1.635 acc@1: 56.09 mrr: 69.50, ndcg: 75.23, took: 0.49s
Epoch 8, 45.7%	 loss: 1.596 acc@1: 56.64 mrr: 70.29, ndcg: 75.81, took: 0.52s
Epoch 8, 47.4%	 loss: 1.646 acc@1: 55.16 mrr: 69.23, ndcg: 74.97, took: 0.55s
Epoch 8, 49.1%	 loss: 1.626 acc@1: 55.74 mrr: 69.34, ndcg: 75.05, took: 0.62s
Epoch 8, 50.8%	 loss: 1.591 acc@1: 55.98 mrr: 69.76, ndcg: 75.57, took: 0.57s
Epoch 8, 52.5%	 loss: 1.621 acc@1: 55.59 mrr: 69.38, ndcg: 75.05, took: 0.52s
Epoch 8, 54.1%	 loss: 1.557 acc@1: 57.46 mrr: 70.88, ndcg: 76.36, took: 0.49s
Epoch 8, 55.8%	 loss: 1.611 acc@1: 57.54 mrr: 70.61, ndcg: 76.02, took: 0.58s
Epoch 8, 57.5%	 loss: 1.700 acc@1: 55.51 mrr: 68.79, ndcg: 74.38, took: 0.50s
Epoch 8, 59.2%	 loss: 1.620 acc@1: 56.68 mrr: 70.25, ndcg: 75.59, took: 0.51s
Epoch 8, 60.9%	 loss: 1.666 acc@1: 56.52 mrr: 69.61, ndcg: 74.99, took: 0.52s
Epoch 8, 62.6%	 loss: 1.702 acc@1: 55.00 mrr: 68.80, ndcg: 74.45, took: 0.50s
Epoch 8, 64.3%	 loss: 1.654 acc@1: 55.51 mrr: 68.94, ndcg: 74.71, took: 0.50s
Epoch 8, 66.0%	 loss: 1.670 acc@1: 55.08 mrr: 68.80, ndcg: 74.44, took: 0.49s
Epoch 8, 67.7%	 loss: 1.691 acc@1: 55.51 mrr: 68.74, ndcg: 74.22, took: 0.49s
Epoch 8, 69.4%	 loss: 1.693 acc@1: 55.16 mrr: 68.66, ndcg: 74.26, took: 0.49s
Epoch 8, 71.1%	 loss: 1.743 acc@1: 52.50 mrr: 67.06, ndcg: 73.02, took: 0.48s
Epoch 8, 72.8%	 loss: 1.732 acc@1: 54.30 mrr: 67.98, ndcg: 73.57, took: 0.49s
Epoch 8, 74.5%	 loss: 1.662 acc@1: 56.45 mrr: 69.64, ndcg: 75.09, took: 0.50s
Epoch 8, 76.1%	 loss: 1.619 acc@1: 56.88 mrr: 70.03, ndcg: 75.53, took: 0.50s
Epoch 8, 77.8%	 loss: 1.596 acc@1: 58.48 mrr: 70.92, ndcg: 76.09, took: 0.50s
Epoch 8, 79.5%	 loss: 1.659 acc@1: 55.31 mrr: 69.02, ndcg: 74.62, took: 0.51s
Epoch 8, 81.2%	 loss: 1.654 acc@1: 55.04 mrr: 69.12, ndcg: 74.73, took: 0.49s
Epoch 8, 82.9%	 loss: 1.665 acc@1: 55.98 mrr: 69.49, ndcg: 74.94, took: 0.50s
Epoch 8, 84.6%	 loss: 1.689 acc@1: 55.16 mrr: 68.86, ndcg: 74.37, took: 0.53s
Epoch 8, 86.3%	 loss: 1.719 acc@1: 54.49 mrr: 68.34, ndcg: 74.03, took: 0.48s
Epoch 8, 88.0%	 loss: 1.663 acc@1: 54.73 mrr: 68.75, ndcg: 74.56, took: 0.52s
Epoch 8, 89.7%	 loss: 1.673 acc@1: 55.27 mrr: 68.84, ndcg: 74.46, took: 0.62s
Epoch 8, 91.4%	 loss: 1.590 acc@1: 57.62 mrr: 70.82, ndcg: 76.09, took: 0.63s
Epoch 8, 93.1%	 loss: 1.656 acc@1: 55.47 mrr: 69.12, ndcg: 74.78, took: 0.63s
Epoch 8, 94.8%	 loss: 1.680 acc@1: 55.70 mrr: 69.19, ndcg: 74.66, took: 0.59s
Epoch 8, 96.4%	 loss: 1.732 acc@1: 53.98 mrr: 67.71, ndcg: 73.53, took: 0.50s
Epoch 8, 98.1%	 loss: 1.685 acc@1: 54.57 mrr: 68.61, ndcg: 74.26, took: 0.50s
Epoch 8, 99.8%	 loss: 1.668 acc@1: 55.86 mrr: 69.16, ndcg: 74.80, took: 0.49s
Validation - loss: 3.0397, acc@1: 49.64%, f1: 43.00%, mrr: 61.30%, ndcg: 65.84%
Current learning rate: 0.000088

=== Epoch 9 ===
Epoch 9, 1.7%	 loss: 1.756 acc@1: 54.34 mrr: 68.26, ndcg: 73.71, took: 0.49s
Epoch 9, 3.4%	 loss: 1.693 acc@1: 55.08 mrr: 69.04, ndcg: 74.48, took: 0.48s
Epoch 9, 5.1%	 loss: 1.722 acc@1: 54.73 mrr: 68.55, ndcg: 74.02, took: 0.48s
Epoch 9, 6.8%	 loss: 1.755 acc@1: 53.32 mrr: 67.46, ndcg: 73.07, took: 0.48s
Epoch 9, 8.5%	 loss: 1.738 acc@1: 54.30 mrr: 68.34, ndcg: 73.91, took: 0.50s
Epoch 9, 10.2%	 loss: 1.714 acc@1: 55.47 mrr: 69.16, ndcg: 74.62, took: 0.60s
Epoch 9, 11.8%	 loss: 1.678 acc@1: 56.13 mrr: 69.53, ndcg: 74.82, took: 0.61s
Epoch 9, 13.5%	 loss: 1.695 acc@1: 56.37 mrr: 69.38, ndcg: 74.63, took: 0.49s
Epoch 9, 15.2%	 loss: 1.719 acc@1: 55.39 mrr: 69.06, ndcg: 74.51, took: 0.49s
Epoch 9, 16.9%	 loss: 1.764 acc@1: 55.04 mrr: 68.35, ndcg: 73.63, took: 0.56s
Epoch 9, 18.6%	 loss: 1.709 acc@1: 56.41 mrr: 69.45, ndcg: 74.77, took: 0.59s
Epoch 9, 20.3%	 loss: 1.729 acc@1: 55.62 mrr: 68.75, ndcg: 74.18, took: 0.61s
Epoch 9, 22.0%	 loss: 1.667 acc@1: 57.07 mrr: 69.83, ndcg: 75.10, took: 0.60s
Epoch 9, 23.7%	 loss: 1.684 acc@1: 56.02 mrr: 69.27, ndcg: 74.84, took: 0.59s
Epoch 9, 25.4%	 loss: 1.681 acc@1: 55.55 mrr: 69.23, ndcg: 74.67, took: 0.60s
Epoch 9, 27.1%	 loss: 1.631 acc@1: 57.07 mrr: 70.32, ndcg: 75.60, took: 0.59s
Epoch 9, 28.8%	 loss: 1.637 acc@1: 55.66 mrr: 69.74, ndcg: 75.21, took: 0.56s
Epoch 9, 30.5%	 loss: 1.723 acc@1: 55.31 mrr: 69.17, ndcg: 74.53, took: 0.50s
Epoch 9, 32.1%	 loss: 1.688 acc@1: 55.00 mrr: 68.89, ndcg: 74.37, took: 0.50s
Epoch 9, 33.8%	 loss: 1.670 acc@1: 57.62 mrr: 70.16, ndcg: 75.24, took: 0.51s
Epoch 9, 35.5%	 loss: 1.661 acc@1: 56.17 mrr: 69.63, ndcg: 74.87, took: 0.48s
Epoch 9, 37.2%	 loss: 1.667 acc@1: 56.52 mrr: 69.83, ndcg: 75.14, took: 0.49s
Epoch 9, 38.9%	 loss: 1.698 acc@1: 55.86 mrr: 69.28, ndcg: 74.66, took: 0.48s
Epoch 9, 40.6%	 loss: 1.701 acc@1: 54.92 mrr: 68.80, ndcg: 74.23, took: 0.48s
Epoch 9, 42.3%	 loss: 1.649 acc@1: 56.21 mrr: 69.76, ndcg: 75.15, took: 0.50s
Epoch 9, 44.0%	 loss: 1.664 acc@1: 56.17 mrr: 69.39, ndcg: 74.77, took: 0.49s
Epoch 9, 45.7%	 loss: 1.676 acc@1: 55.94 mrr: 69.53, ndcg: 74.71, took: 0.49s
Epoch 9, 47.4%	 loss: 1.622 acc@1: 57.23 mrr: 70.41, ndcg: 75.67, took: 0.60s
Epoch 9, 49.1%	 loss: 1.676 acc@1: 57.15 mrr: 69.90, ndcg: 74.91, took: 0.62s
Epoch 9, 50.8%	 loss: 1.597 acc@1: 58.09 mrr: 71.11, ndcg: 76.36, took: 0.66s
Epoch 9, 52.5%	 loss: 1.672 acc@1: 57.19 mrr: 70.01, ndcg: 75.25, took: 0.60s
Epoch 9, 54.1%	 loss: 1.661 acc@1: 55.82 mrr: 69.58, ndcg: 75.04, took: 0.52s
Epoch 9, 55.8%	 loss: 1.660 acc@1: 56.41 mrr: 69.67, ndcg: 75.07, took: 0.52s
Epoch 9, 57.5%	 loss: 1.685 acc@1: 55.39 mrr: 69.18, ndcg: 74.61, took: 0.50s
Epoch 9, 59.2%	 loss: 1.667 acc@1: 56.72 mrr: 69.84, ndcg: 75.17, took: 0.48s
Epoch 9, 60.9%	 loss: 1.615 acc@1: 56.84 mrr: 70.24, ndcg: 75.51, took: 0.48s
Epoch 9, 62.6%	 loss: 1.609 acc@1: 56.52 mrr: 70.18, ndcg: 75.63, took: 0.49s
Epoch 9, 64.3%	 loss: 1.657 acc@1: 56.21 mrr: 69.73, ndcg: 75.18, took: 0.50s
Epoch 9, 66.0%	 loss: 1.666 acc@1: 55.70 mrr: 69.54, ndcg: 74.99, took: 0.49s
Epoch 9, 67.7%	 loss: 1.635 acc@1: 56.64 mrr: 70.06, ndcg: 75.39, took: 0.49s
Epoch 9, 69.4%	 loss: 1.661 acc@1: 55.82 mrr: 69.59, ndcg: 75.02, took: 0.54s
Epoch 9, 71.1%	 loss: 1.648 acc@1: 55.51 mrr: 69.54, ndcg: 74.96, took: 0.59s
Epoch 9, 72.8%	 loss: 1.640 acc@1: 56.33 mrr: 69.86, ndcg: 75.37, took: 0.59s
Epoch 9, 74.5%	 loss: 1.673 acc@1: 54.61 mrr: 68.85, ndcg: 74.61, took: 0.59s
Epoch 9, 76.1%	 loss: 1.616 acc@1: 56.95 mrr: 70.29, ndcg: 75.58, took: 0.61s
Epoch 9, 77.8%	 loss: 1.678 acc@1: 56.52 mrr: 69.80, ndcg: 75.10, took: 0.56s
Epoch 9, 79.5%	 loss: 1.662 acc@1: 55.27 mrr: 69.23, ndcg: 74.85, took: 0.61s
Epoch 9, 81.2%	 loss: 1.651 acc@1: 57.46 mrr: 70.46, ndcg: 75.79, took: 0.60s
Epoch 9, 82.9%	 loss: 1.633 acc@1: 56.88 mrr: 70.14, ndcg: 75.37, took: 0.62s
Epoch 9, 84.6%	 loss: 1.671 acc@1: 55.04 mrr: 69.03, ndcg: 74.64, took: 0.61s
Epoch 9, 86.3%	 loss: 1.725 acc@1: 53.95 mrr: 68.07, ndcg: 73.78, took: 0.61s
Epoch 9, 88.0%	 loss: 1.586 acc@1: 58.32 mrr: 71.25, ndcg: 76.33, took: 0.55s
Epoch 9, 89.7%	 loss: 1.649 acc@1: 56.13 mrr: 69.67, ndcg: 74.99, took: 0.55s
Epoch 9, 91.4%	 loss: 1.620 acc@1: 56.56 mrr: 70.07, ndcg: 75.48, took: 0.49s
Epoch 9, 93.1%	 loss: 1.681 acc@1: 55.90 mrr: 69.37, ndcg: 74.76, took: 0.48s
Epoch 9, 94.8%	 loss: 1.661 acc@1: 55.78 mrr: 69.21, ndcg: 74.83, took: 0.49s
Epoch 9, 96.4%	 loss: 1.611 acc@1: 57.62 mrr: 71.03, ndcg: 76.22, took: 0.49s
Epoch 9, 98.1%	 loss: 1.672 acc@1: 55.66 mrr: 69.38, ndcg: 74.94, took: 0.49s
Epoch 9, 99.8%	 loss: 1.651 acc@1: 55.98 mrr: 69.81, ndcg: 75.33, took: 0.49s
Validation - loss: 2.8693, acc@1: 50.46%, f1: 43.09%, mrr: 62.27%, ndcg: 66.82%
Current learning rate: 0.000088

=== Epoch 10 ===
Epoch 10, 1.7%	 loss: 1.572 acc@1: 57.89 mrr: 71.07, ndcg: 76.59, took: 0.51s
Epoch 10, 3.4%	 loss: 1.598 acc@1: 57.62 mrr: 70.76, ndcg: 76.02, took: 0.93s
Epoch 10, 5.1%	 loss: 1.550 acc@1: 58.16 mrr: 71.46, ndcg: 76.84, took: 0.48s
Epoch 10, 6.8%	 loss: 1.600 acc@1: 56.91 mrr: 70.44, ndcg: 75.86, took: 0.48s
Epoch 10, 8.5%	 loss: 1.604 acc@1: 57.58 mrr: 70.67, ndcg: 75.97, took: 0.47s
Epoch 10, 10.2%	 loss: 1.561 acc@1: 58.98 mrr: 71.81, ndcg: 76.93, took: 0.49s
Epoch 10, 11.8%	 loss: 1.591 acc@1: 57.58 mrr: 70.72, ndcg: 76.08, took: 0.48s
Epoch 10, 13.5%	 loss: 1.594 acc@1: 56.95 mrr: 70.44, ndcg: 75.95, took: 0.49s
Epoch 10, 15.2%	 loss: 1.623 acc@1: 57.85 mrr: 70.82, ndcg: 76.17, took: 0.47s
Epoch 10, 16.9%	 loss: 1.569 acc@1: 56.64 mrr: 70.70, ndcg: 76.22, took: 0.47s
Epoch 10, 18.6%	 loss: 1.599 acc@1: 56.25 mrr: 70.21, ndcg: 75.92, took: 0.48s
Epoch 10, 20.3%	 loss: 1.589 acc@1: 56.68 mrr: 70.41, ndcg: 75.88, took: 0.49s
Epoch 10, 22.0%	 loss: 1.580 acc@1: 57.46 mrr: 71.05, ndcg: 76.44, took: 0.49s
Epoch 10, 23.7%	 loss: 1.614 acc@1: 58.05 mrr: 71.14, ndcg: 76.27, took: 0.49s
Epoch 10, 25.4%	 loss: 1.649 acc@1: 56.25 mrr: 69.78, ndcg: 75.17, took: 0.49s
Epoch 10, 27.1%	 loss: 1.599 acc@1: 56.80 mrr: 70.57, ndcg: 76.19, took: 0.49s
Epoch 10, 28.8%	 loss: 1.571 acc@1: 56.88 mrr: 70.69, ndcg: 76.29, took: 0.48s
Epoch 10, 30.5%	 loss: 1.655 acc@1: 57.07 mrr: 70.09, ndcg: 75.34, took: 0.48s
Epoch 10, 32.1%	 loss: 1.587 acc@1: 56.25 mrr: 70.37, ndcg: 76.04, took: 0.48s
Epoch 10, 33.8%	 loss: 1.628 acc@1: 56.21 mrr: 69.95, ndcg: 75.47, took: 0.49s
Epoch 10, 35.5%	 loss: 1.617 acc@1: 57.23 mrr: 70.28, ndcg: 75.50, took: 0.47s
Epoch 10, 37.2%	 loss: 1.673 acc@1: 56.25 mrr: 69.53, ndcg: 74.98, took: 0.47s
Epoch 10, 38.9%	 loss: 1.609 acc@1: 56.56 mrr: 70.21, ndcg: 75.56, took: 0.47s
Epoch 10, 40.6%	 loss: 1.608 acc@1: 57.70 mrr: 70.85, ndcg: 76.05, took: 0.50s
Epoch 10, 42.3%	 loss: 1.615 acc@1: 57.23 mrr: 70.61, ndcg: 75.91, took: 0.49s
Epoch 10, 44.0%	 loss: 1.631 acc@1: 57.46 mrr: 70.44, ndcg: 75.77, took: 0.50s
Epoch 10, 45.7%	 loss: 1.608 acc@1: 57.11 mrr: 70.39, ndcg: 75.76, took: 0.49s
Epoch 10, 47.4%	 loss: 1.594 acc@1: 57.42 mrr: 70.78, ndcg: 76.18, took: 0.51s
Epoch 10, 49.1%	 loss: 1.604 acc@1: 57.66 mrr: 71.03, ndcg: 76.34, took: 0.49s
Epoch 10, 50.8%	 loss: 1.544 acc@1: 58.24 mrr: 71.87, ndcg: 77.12, took: 0.48s
Epoch 10, 52.5%	 loss: 1.583 acc@1: 57.58 mrr: 70.86, ndcg: 76.28, took: 0.47s
Epoch 10, 54.1%	 loss: 1.608 acc@1: 56.45 mrr: 70.11, ndcg: 75.75, took: 0.47s
Epoch 10, 55.8%	 loss: 1.648 acc@1: 56.02 mrr: 69.66, ndcg: 75.16, took: 0.48s
Epoch 10, 57.5%	 loss: 1.602 acc@1: 57.03 mrr: 70.32, ndcg: 75.77, took: 0.47s
Epoch 10, 59.2%	 loss: 1.615 acc@1: 55.74 mrr: 69.67, ndcg: 75.21, took: 0.49s
Epoch 10, 60.9%	 loss: 1.670 acc@1: 55.35 mrr: 69.26, ndcg: 74.80, took: 0.48s
Epoch 10, 62.6%	 loss: 1.658 acc@1: 56.64 mrr: 69.76, ndcg: 75.18, took: 0.50s
Epoch 10, 64.3%	 loss: 1.600 acc@1: 56.41 mrr: 70.18, ndcg: 75.73, took: 0.52s
Epoch 10, 66.0%	 loss: 1.585 acc@1: 57.42 mrr: 70.84, ndcg: 76.21, took: 0.50s
Epoch 10, 67.7%	 loss: 1.650 acc@1: 55.51 mrr: 69.35, ndcg: 75.08, took: 0.48s
Epoch 10, 69.4%	 loss: 1.631 acc@1: 56.02 mrr: 69.42, ndcg: 74.95, took: 0.49s
Epoch 10, 71.1%	 loss: 1.675 acc@1: 55.35 mrr: 69.14, ndcg: 74.65, took: 0.50s
Epoch 10, 72.8%	 loss: 1.662 acc@1: 55.90 mrr: 69.39, ndcg: 74.84, took: 0.48s
Epoch 10, 74.5%	 loss: 1.615 acc@1: 56.33 mrr: 70.10, ndcg: 75.48, took: 0.48s
Epoch 10, 76.1%	 loss: 1.635 acc@1: 55.78 mrr: 69.84, ndcg: 75.46, took: 0.56s
Epoch 10, 77.8%	 loss: 1.620 acc@1: 55.43 mrr: 69.52, ndcg: 75.26, took: 0.61s
Epoch 10, 79.5%	 loss: 1.683 acc@1: 53.75 mrr: 68.11, ndcg: 74.09, took: 0.59s
Epoch 10, 81.2%	 loss: 1.620 acc@1: 56.41 mrr: 69.91, ndcg: 75.47, took: 0.49s
Epoch 10, 82.9%	 loss: 1.584 acc@1: 56.52 mrr: 70.31, ndcg: 75.92, took: 0.50s
Epoch 10, 84.6%	 loss: 1.567 acc@1: 57.70 mrr: 71.10, ndcg: 76.32, took: 0.49s
Epoch 10, 86.3%	 loss: 1.624 acc@1: 56.17 mrr: 69.99, ndcg: 75.51, took: 0.52s
Epoch 10, 88.0%	 loss: 1.654 acc@1: 56.52 mrr: 69.88, ndcg: 75.14, took: 0.49s
Epoch 10, 89.7%	 loss: 1.586 acc@1: 58.24 mrr: 71.06, ndcg: 76.22, took: 0.49s
Epoch 10, 91.4%	 loss: 1.602 acc@1: 57.70 mrr: 70.60, ndcg: 76.02, took: 0.50s
Epoch 10, 93.1%	 loss: 1.575 acc@1: 58.28 mrr: 71.63, ndcg: 76.82, took: 0.49s
Epoch 10, 94.8%	 loss: 1.627 acc@1: 57.07 mrr: 70.61, ndcg: 76.13, took: 0.49s
Epoch 10, 96.4%	 loss: 1.606 acc@1: 57.81 mrr: 70.88, ndcg: 76.14, took: 0.50s
Epoch 10, 98.1%	 loss: 1.625 acc@1: 55.90 mrr: 69.75, ndcg: 75.38, took: 0.52s
Epoch 10, 99.8%	 loss: 1.652 acc@1: 55.27 mrr: 69.15, ndcg: 74.78, took: 0.51s
Validation - loss: 2.8719, acc@1: 50.80%, f1: 43.41%, mrr: 62.45%, ndcg: 66.98%
Current learning rate: 0.000088

=== Epoch 11 ===
Epoch 11, 1.7%	 loss: 1.552 acc@1: 57.73 mrr: 71.42, ndcg: 76.89, took: 0.54s
Epoch 11, 3.4%	 loss: 1.596 acc@1: 56.80 mrr: 70.39, ndcg: 75.80, took: 0.52s
Epoch 11, 5.1%	 loss: 1.579 acc@1: 56.68 mrr: 70.33, ndcg: 75.89, took: 0.56s
Epoch 11, 6.8%	 loss: 1.542 acc@1: 57.11 mrr: 71.03, ndcg: 76.73, took: 0.50s
Epoch 11, 8.5%	 loss: 1.560 acc@1: 57.03 mrr: 70.69, ndcg: 76.14, took: 0.50s
Epoch 11, 10.2%	 loss: 1.555 acc@1: 57.23 mrr: 70.94, ndcg: 76.42, took: 0.47s
Epoch 11, 11.8%	 loss: 1.673 acc@1: 54.96 mrr: 68.67, ndcg: 74.45, took: 0.47s
Epoch 11, 13.5%	 loss: 1.569 acc@1: 57.97 mrr: 71.00, ndcg: 76.41, took: 0.46s
Epoch 11, 15.2%	 loss: 1.627 acc@1: 57.30 mrr: 70.50, ndcg: 75.84, took: 0.48s
Epoch 11, 16.9%	 loss: 1.539 acc@1: 58.16 mrr: 71.26, ndcg: 76.65, took: 0.48s
Epoch 11, 18.6%	 loss: 1.552 acc@1: 56.91 mrr: 70.87, ndcg: 76.53, took: 0.48s
Epoch 11, 20.3%	 loss: 1.590 acc@1: 57.58 mrr: 70.76, ndcg: 76.17, took: 0.48s
Epoch 11, 22.0%	 loss: 1.587 acc@1: 56.64 mrr: 70.20, ndcg: 75.73, took: 0.48s
Epoch 11, 23.7%	 loss: 1.558 acc@1: 57.50 mrr: 71.06, ndcg: 76.65, took: 0.48s
Epoch 11, 25.4%	 loss: 1.546 acc@1: 57.97 mrr: 71.22, ndcg: 76.63, took: 0.49s
Epoch 11, 27.1%	 loss: 1.565 acc@1: 58.16 mrr: 71.18, ndcg: 76.52, took: 0.49s
Epoch 11, 28.8%	 loss: 1.601 acc@1: 55.90 mrr: 70.18, ndcg: 75.92, took: 0.49s
Epoch 11, 30.5%	 loss: 1.573 acc@1: 57.70 mrr: 71.14, ndcg: 76.50, took: 0.50s
Epoch 11, 32.1%	 loss: 1.617 acc@1: 56.45 mrr: 69.85, ndcg: 75.27, took: 0.48s
Epoch 11, 33.8%	 loss: 1.644 acc@1: 55.90 mrr: 69.72, ndcg: 75.26, took: 0.48s
Epoch 11, 35.5%	 loss: 1.561 acc@1: 57.58 mrr: 71.16, ndcg: 76.73, took: 0.48s
Epoch 11, 37.2%	 loss: 1.596 acc@1: 56.09 mrr: 69.96, ndcg: 75.61, took: 0.49s
Epoch 11, 38.9%	 loss: 1.620 acc@1: 55.82 mrr: 69.76, ndcg: 75.61, took: 0.48s
Epoch 11, 40.6%	 loss: 1.645 acc@1: 54.57 mrr: 69.13, ndcg: 74.98, took: 0.48s
Epoch 11, 42.3%	 loss: 1.579 acc@1: 56.72 mrr: 70.40, ndcg: 76.06, took: 0.49s
Epoch 11, 44.0%	 loss: 1.598 acc@1: 57.70 mrr: 70.96, ndcg: 76.27, took: 0.50s
Epoch 11, 45.7%	 loss: 1.646 acc@1: 55.20 mrr: 69.36, ndcg: 74.97, took: 0.49s
Epoch 11, 47.4%	 loss: 1.536 acc@1: 58.87 mrr: 71.84, ndcg: 77.06, took: 0.49s
Epoch 11, 49.1%	 loss: 1.589 acc@1: 56.25 mrr: 70.06, ndcg: 75.79, took: 0.47s
Epoch 11, 50.8%	 loss: 1.578 acc@1: 57.46 mrr: 70.96, ndcg: 76.54, took: 0.49s
Epoch 11, 52.5%	 loss: 1.559 acc@1: 56.48 mrr: 70.42, ndcg: 76.06, took: 0.50s
Epoch 11, 54.1%	 loss: 1.586 acc@1: 57.34 mrr: 70.76, ndcg: 76.08, took: 0.50s
Epoch 11, 55.8%	 loss: 1.590 acc@1: 56.29 mrr: 70.07, ndcg: 75.68, took: 0.49s
Epoch 11, 57.5%	 loss: 1.593 acc@1: 57.34 mrr: 70.68, ndcg: 76.14, took: 0.48s
Epoch 11, 59.2%	 loss: 1.574 acc@1: 56.95 mrr: 70.64, ndcg: 76.10, took: 0.49s
Epoch 11, 60.9%	 loss: 1.556 acc@1: 57.66 mrr: 71.23, ndcg: 76.70, took: 0.49s
Epoch 11, 62.6%	 loss: 1.564 acc@1: 58.40 mrr: 71.21, ndcg: 76.48, took: 0.48s
Epoch 11, 64.3%	 loss: 1.502 acc@1: 58.44 mrr: 72.13, ndcg: 77.52, took: 0.49s
Epoch 11, 66.0%	 loss: 1.602 acc@1: 56.99 mrr: 70.52, ndcg: 76.09, took: 0.48s
Epoch 11, 67.7%	 loss: 1.568 acc@1: 57.34 mrr: 70.80, ndcg: 76.33, took: 0.48s
Epoch 11, 69.4%	 loss: 1.640 acc@1: 56.60 mrr: 70.10, ndcg: 75.56, took: 0.47s
Epoch 11, 71.1%	 loss: 1.519 acc@1: 58.83 mrr: 72.12, ndcg: 77.43, took: 0.48s
Epoch 11, 72.8%	 loss: 1.599 acc@1: 57.30 mrr: 70.69, ndcg: 76.13, took: 0.47s
Epoch 11, 74.5%	 loss: 1.593 acc@1: 56.33 mrr: 70.22, ndcg: 75.71, took: 0.50s
Epoch 11, 76.1%	 loss: 1.538 acc@1: 58.83 mrr: 71.75, ndcg: 77.03, took: 0.47s
Epoch 11, 77.8%	 loss: 1.587 acc@1: 57.62 mrr: 71.17, ndcg: 76.53, took: 0.48s
Epoch 11, 79.5%	 loss: 1.580 acc@1: 56.60 mrr: 70.24, ndcg: 75.81, took: 0.47s
Epoch 11, 81.2%	 loss: 1.540 acc@1: 58.71 mrr: 71.74, ndcg: 77.05, took: 0.50s
Epoch 11, 82.9%	 loss: 1.605 acc@1: 56.72 mrr: 70.37, ndcg: 75.84, took: 0.48s
Epoch 11, 84.6%	 loss: 1.579 acc@1: 56.33 mrr: 70.42, ndcg: 76.01, took: 0.48s
Epoch 11, 86.3%	 loss: 1.643 acc@1: 56.21 mrr: 69.66, ndcg: 75.14, took: 0.52s
Epoch 11, 88.0%	 loss: 1.622 acc@1: 56.88 mrr: 70.46, ndcg: 75.89, took: 0.50s
Epoch 11, 89.7%	 loss: 1.569 acc@1: 58.67 mrr: 71.42, ndcg: 76.49, took: 0.53s
Epoch 11, 91.4%	 loss: 1.549 acc@1: 56.88 mrr: 70.82, ndcg: 76.26, took: 0.54s
Epoch 11, 93.1%	 loss: 1.610 acc@1: 56.76 mrr: 70.26, ndcg: 75.78, took: 0.53s
Epoch 11, 94.8%	 loss: 1.607 acc@1: 56.68 mrr: 70.24, ndcg: 75.77, took: 0.51s
Epoch 11, 96.4%	 loss: 1.618 acc@1: 57.58 mrr: 70.64, ndcg: 75.79, took: 0.50s
Epoch 11, 98.1%	 loss: 1.635 acc@1: 54.41 mrr: 68.96, ndcg: 74.64, took: 0.49s
Epoch 11, 99.8%	 loss: 1.596 acc@1: 57.30 mrr: 70.64, ndcg: 75.98, took: 0.49s
Validation - loss: 2.8778, acc@1: 50.80%, f1: 43.53%, mrr: 62.41%, ndcg: 66.92%
Current learning rate: 0.000088

=== Epoch 12 ===
Epoch 12, 1.7%	 loss: 1.587 acc@1: 55.08 mrr: 69.71, ndcg: 75.60, took: 0.49s
Epoch 12, 3.4%	 loss: 1.569 acc@1: 57.30 mrr: 70.90, ndcg: 76.42, took: 0.49s
Epoch 12, 5.1%	 loss: 1.572 acc@1: 57.15 mrr: 70.69, ndcg: 76.22, took: 0.50s
Epoch 12, 6.8%	 loss: 1.556 acc@1: 56.99 mrr: 70.91, ndcg: 76.30, took: 0.49s
Epoch 12, 8.5%	 loss: 1.510 acc@1: 59.49 mrr: 72.45, ndcg: 77.75, took: 0.49s
Epoch 12, 10.2%	 loss: 1.544 acc@1: 58.01 mrr: 71.69, ndcg: 77.03, took: 0.48s
Epoch 12, 11.8%	 loss: 1.520 acc@1: 57.85 mrr: 71.21, ndcg: 76.77, took: 0.49s
Epoch 12, 13.5%	 loss: 1.581 acc@1: 57.93 mrr: 71.05, ndcg: 76.41, took: 0.48s
Epoch 12, 15.2%	 loss: 1.557 acc@1: 57.07 mrr: 70.88, ndcg: 76.53, took: 0.50s
Epoch 12, 16.9%	 loss: 1.462 acc@1: 60.98 mrr: 73.20, ndcg: 78.37, took: 0.47s
Epoch 12, 18.6%	 loss: 1.526 acc@1: 58.01 mrr: 71.59, ndcg: 76.99, took: 0.48s
Epoch 12, 20.3%	 loss: 1.540 acc@1: 57.23 mrr: 71.12, ndcg: 76.79, took: 0.48s
Epoch 12, 22.0%	 loss: 1.509 acc@1: 57.66 mrr: 71.67, ndcg: 77.35, took: 0.47s
Epoch 12, 23.7%	 loss: 1.570 acc@1: 57.07 mrr: 70.60, ndcg: 76.12, took: 0.46s
Epoch 12, 25.4%	 loss: 1.591 acc@1: 57.11 mrr: 70.40, ndcg: 75.86, took: 0.46s
Epoch 12, 27.1%	 loss: 1.595 acc@1: 55.94 mrr: 70.05, ndcg: 75.82, took: 0.46s
Epoch 12, 28.8%	 loss: 1.601 acc@1: 56.09 mrr: 69.94, ndcg: 75.59, took: 0.47s
Epoch 12, 30.5%	 loss: 1.569 acc@1: 58.09 mrr: 71.21, ndcg: 76.56, took: 0.46s
Epoch 12, 32.1%	 loss: 1.612 acc@1: 56.80 mrr: 70.24, ndcg: 75.84, took: 0.46s
Epoch 12, 33.8%	 loss: 1.559 acc@1: 57.66 mrr: 70.92, ndcg: 76.38, took: 0.46s
Epoch 12, 35.5%	 loss: 1.547 acc@1: 57.93 mrr: 71.34, ndcg: 76.75, took: 0.46s
Epoch 12, 37.2%	 loss: 1.532 acc@1: 58.12 mrr: 71.59, ndcg: 76.98, took: 0.47s
Epoch 12, 38.9%	 loss: 1.569 acc@1: 56.56 mrr: 70.43, ndcg: 76.11, took: 0.47s
Epoch 12, 40.6%	 loss: 1.544 acc@1: 57.03 mrr: 71.07, ndcg: 76.70, took: 0.49s
Epoch 12, 42.3%	 loss: 1.563 acc@1: 57.58 mrr: 70.87, ndcg: 76.45, took: 0.49s
Epoch 12, 44.0%	 loss: 1.560 acc@1: 57.58 mrr: 70.95, ndcg: 76.51, took: 0.51s
Epoch 12, 45.7%	 loss: 1.513 acc@1: 56.72 mrr: 71.05, ndcg: 76.76, took: 0.48s
Epoch 12, 47.4%	 loss: 1.525 acc@1: 58.79 mrr: 71.84, ndcg: 77.18, took: 0.50s
Epoch 12, 49.1%	 loss: 1.549 acc@1: 57.19 mrr: 71.10, ndcg: 76.72, took: 0.49s
Epoch 12, 50.8%	 loss: 1.593 acc@1: 56.76 mrr: 70.65, ndcg: 76.06, took: 0.50s
Epoch 12, 52.5%	 loss: 1.595 acc@1: 57.54 mrr: 70.72, ndcg: 76.24, took: 0.49s
Epoch 12, 54.1%	 loss: 1.589 acc@1: 57.23 mrr: 70.50, ndcg: 76.10, took: 0.49s
Epoch 12, 55.8%	 loss: 1.548 acc@1: 57.38 mrr: 70.88, ndcg: 76.38, took: 0.48s
Epoch 12, 57.5%	 loss: 1.526 acc@1: 57.30 mrr: 71.37, ndcg: 76.83, took: 0.49s
Epoch 12, 59.2%	 loss: 1.598 acc@1: 56.45 mrr: 70.18, ndcg: 75.78, took: 0.50s
Epoch 12, 60.9%	 loss: 1.603 acc@1: 57.03 mrr: 70.51, ndcg: 75.91, took: 0.48s
Epoch 12, 62.6%	 loss: 1.566 acc@1: 56.48 mrr: 70.61, ndcg: 76.23, took: 0.47s
Epoch 12, 64.3%	 loss: 1.536 acc@1: 57.11 mrr: 70.93, ndcg: 76.54, took: 0.50s
Epoch 12, 66.0%	 loss: 1.586 acc@1: 56.99 mrr: 70.67, ndcg: 76.14, took: 0.51s
Epoch 12, 67.7%	 loss: 1.528 acc@1: 57.77 mrr: 71.29, ndcg: 76.68, took: 0.50s
Epoch 12, 69.4%	 loss: 1.509 acc@1: 58.59 mrr: 71.86, ndcg: 77.22, took: 0.49s
Epoch 12, 71.1%	 loss: 1.555 acc@1: 56.41 mrr: 70.22, ndcg: 75.78, took: 0.50s
Epoch 12, 72.8%	 loss: 1.573 acc@1: 56.99 mrr: 70.63, ndcg: 76.29, took: 0.51s
Epoch 12, 74.5%	 loss: 1.605 acc@1: 56.56 mrr: 70.13, ndcg: 75.56, took: 0.51s
Epoch 12, 76.1%	 loss: 1.573 acc@1: 57.70 mrr: 71.03, ndcg: 76.34, took: 0.51s
Epoch 12, 77.8%	 loss: 1.504 acc@1: 58.32 mrr: 71.63, ndcg: 77.01, took: 0.51s
Epoch 12, 79.5%	 loss: 1.570 acc@1: 57.97 mrr: 71.00, ndcg: 76.29, took: 0.51s
Epoch 12, 81.2%	 loss: 1.605 acc@1: 57.58 mrr: 70.76, ndcg: 76.20, took: 0.51s
Epoch 12, 82.9%	 loss: 1.557 acc@1: 58.12 mrr: 71.12, ndcg: 76.51, took: 0.51s
Epoch 12, 84.6%	 loss: 1.575 acc@1: 56.48 mrr: 70.45, ndcg: 75.90, took: 0.51s
Epoch 12, 86.3%	 loss: 1.578 acc@1: 57.11 mrr: 70.44, ndcg: 75.97, took: 0.50s
Epoch 12, 88.0%	 loss: 1.559 acc@1: 56.48 mrr: 70.49, ndcg: 76.19, took: 0.51s
Epoch 12, 89.7%	 loss: 1.583 acc@1: 57.30 mrr: 70.83, ndcg: 76.24, took: 0.50s
Epoch 12, 91.4%	 loss: 1.572 acc@1: 56.99 mrr: 70.64, ndcg: 76.18, took: 0.50s
Epoch 12, 93.1%	 loss: 1.536 acc@1: 56.56 mrr: 70.87, ndcg: 76.58, took: 0.51s
Epoch 12, 94.8%	 loss: 1.598 acc@1: 56.37 mrr: 70.01, ndcg: 75.54, took: 0.48s
Epoch 12, 96.4%	 loss: 1.526 acc@1: 58.52 mrr: 71.74, ndcg: 76.96, took: 0.47s
Epoch 12, 98.1%	 loss: 1.610 acc@1: 56.95 mrr: 70.46, ndcg: 75.82, took: 0.47s
Epoch 12, 99.8%	 loss: 1.618 acc@1: 56.68 mrr: 70.29, ndcg: 75.98, took: 0.48s
Validation - loss: 2.8873, acc@1: 50.62%, f1: 43.47%, mrr: 62.31%, ndcg: 66.86%
Current learning rate: 0.000009

=== Epoch 13 ===
Epoch 13, 1.7%	 loss: 1.570 acc@1: 57.81 mrr: 71.26, ndcg: 76.67, took: 0.48s
Epoch 13, 3.4%	 loss: 1.637 acc@1: 56.91 mrr: 70.33, ndcg: 75.95, took: 0.47s
Epoch 13, 5.1%	 loss: 1.648 acc@1: 56.52 mrr: 69.93, ndcg: 75.31, took: 0.48s
Epoch 13, 6.8%	 loss: 1.591 acc@1: 56.72 mrr: 70.29, ndcg: 75.88, took: 0.48s
Epoch 13, 8.5%	 loss: 1.646 acc@1: 55.90 mrr: 69.62, ndcg: 75.11, took: 0.48s
Epoch 13, 10.2%	 loss: 1.553 acc@1: 57.62 mrr: 71.32, ndcg: 76.65, took: 0.46s
Epoch 13, 11.8%	 loss: 1.537 acc@1: 57.73 mrr: 71.17, ndcg: 76.82, took: 0.48s
Epoch 13, 13.5%	 loss: 1.608 acc@1: 56.29 mrr: 70.02, ndcg: 75.55, took: 0.46s
Epoch 13, 15.2%	 loss: 1.572 acc@1: 57.19 mrr: 70.76, ndcg: 76.28, took: 0.46s
Epoch 13, 16.9%	 loss: 1.571 acc@1: 57.85 mrr: 71.23, ndcg: 76.51, took: 0.48s
Epoch 13, 18.6%	 loss: 1.613 acc@1: 57.54 mrr: 70.59, ndcg: 75.82, took: 0.46s
Epoch 13, 20.3%	 loss: 1.601 acc@1: 56.84 mrr: 70.37, ndcg: 75.81, took: 0.46s
Epoch 13, 22.0%	 loss: 1.637 acc@1: 57.07 mrr: 70.28, ndcg: 75.62, took: 0.47s
Epoch 13, 23.7%	 loss: 1.677 acc@1: 55.27 mrr: 69.25, ndcg: 74.77, took: 0.47s
Epoch 13, 25.4%	 loss: 1.592 acc@1: 57.70 mrr: 70.95, ndcg: 76.09, took: 0.46s
Epoch 13, 27.1%	 loss: 1.644 acc@1: 56.64 mrr: 70.05, ndcg: 75.64, took: 0.47s
Epoch 13, 28.8%	 loss: 1.599 acc@1: 57.93 mrr: 71.13, ndcg: 76.41, took: 0.46s
Epoch 13, 30.5%	 loss: 1.605 acc@1: 57.27 mrr: 70.73, ndcg: 76.20, took: 0.46s
Epoch 13, 32.1%	 loss: 1.606 acc@1: 56.99 mrr: 70.37, ndcg: 75.88, took: 0.47s
Epoch 13, 33.8%	 loss: 1.597 acc@1: 56.80 mrr: 70.64, ndcg: 76.01, took: 0.47s
Epoch 13, 35.5%	 loss: 1.562 acc@1: 58.05 mrr: 71.35, ndcg: 76.65, took: 0.47s
Epoch 13, 37.2%	 loss: 1.583 acc@1: 57.54 mrr: 70.98, ndcg: 76.43, took: 0.46s
Epoch 13, 38.9%	 loss: 1.628 acc@1: 56.84 mrr: 70.02, ndcg: 75.52, took: 0.46s
Epoch 13, 40.6%	 loss: 1.598 acc@1: 55.78 mrr: 70.03, ndcg: 75.60, took: 0.47s
Epoch 13, 42.3%	 loss: 1.599 acc@1: 57.38 mrr: 70.78, ndcg: 76.07, took: 0.48s
Epoch 13, 44.0%	 loss: 1.604 acc@1: 56.25 mrr: 69.99, ndcg: 75.41, took: 0.48s
Epoch 13, 45.7%	 loss: 1.600 acc@1: 55.94 mrr: 69.90, ndcg: 75.41, took: 0.52s
Epoch 13, 47.4%	 loss: 1.574 acc@1: 58.67 mrr: 71.38, ndcg: 76.63, took: 0.56s
Epoch 13, 49.1%	 loss: 1.631 acc@1: 56.09 mrr: 69.78, ndcg: 75.38, took: 0.47s
Epoch 13, 50.8%	 loss: 1.593 acc@1: 57.15 mrr: 70.51, ndcg: 75.97, took: 0.47s
Epoch 13, 52.5%	 loss: 1.638 acc@1: 56.64 mrr: 70.20, ndcg: 75.53, took: 0.48s
Epoch 13, 54.1%	 loss: 1.642 acc@1: 56.64 mrr: 69.94, ndcg: 75.40, took: 0.47s
Epoch 13, 55.8%	 loss: 1.615 acc@1: 55.74 mrr: 70.00, ndcg: 75.46, took: 0.48s
Epoch 13, 57.5%	 loss: 1.623 acc@1: 57.70 mrr: 70.60, ndcg: 75.91, took: 0.48s
Epoch 13, 59.2%	 loss: 1.622 acc@1: 56.13 mrr: 69.88, ndcg: 75.56, took: 0.49s
Epoch 13, 60.9%	 loss: 1.608 acc@1: 57.19 mrr: 70.72, ndcg: 76.07, took: 0.48s
Epoch 13, 62.6%	 loss: 1.568 acc@1: 58.67 mrr: 71.45, ndcg: 76.54, took: 0.47s
Epoch 13, 64.3%	 loss: 1.651 acc@1: 55.62 mrr: 69.36, ndcg: 74.91, took: 0.48s
Epoch 13, 66.0%	 loss: 1.662 acc@1: 55.39 mrr: 69.28, ndcg: 74.84, took: 0.49s
Epoch 13, 67.7%	 loss: 1.601 acc@1: 57.03 mrr: 70.41, ndcg: 75.84, took: 0.47s
Epoch 13, 69.4%	 loss: 1.615 acc@1: 56.21 mrr: 69.97, ndcg: 75.63, took: 0.49s
Epoch 13, 71.1%	 loss: 1.621 acc@1: 57.23 mrr: 70.35, ndcg: 75.63, took: 0.47s
Epoch 13, 72.8%	 loss: 1.555 acc@1: 57.50 mrr: 71.03, ndcg: 76.37, took: 0.47s
Epoch 13, 74.5%	 loss: 1.614 acc@1: 56.37 mrr: 70.01, ndcg: 75.52, took: 0.47s
Epoch 13, 76.1%	 loss: 1.579 acc@1: 58.12 mrr: 71.28, ndcg: 76.64, took: 0.49s
Epoch 13, 77.8%	 loss: 1.588 acc@1: 55.94 mrr: 70.07, ndcg: 75.75, took: 0.47s
Epoch 13, 79.5%	 loss: 1.579 acc@1: 58.79 mrr: 71.56, ndcg: 76.77, took: 0.48s
Epoch 13, 81.2%	 loss: 1.564 acc@1: 58.48 mrr: 71.53, ndcg: 76.78, took: 0.47s
Epoch 13, 82.9%	 loss: 1.580 acc@1: 59.10 mrr: 71.66, ndcg: 76.67, took: 0.47s
Epoch 13, 84.6%	 loss: 1.596 acc@1: 57.89 mrr: 71.08, ndcg: 76.34, took: 0.47s
Epoch 13, 86.3%	 loss: 1.563 acc@1: 57.07 mrr: 70.67, ndcg: 76.20, took: 0.47s
Epoch 13, 88.0%	 loss: 1.612 acc@1: 58.01 mrr: 70.81, ndcg: 76.24, took: 0.47s
Epoch 13, 89.7%	 loss: 1.575 acc@1: 56.56 mrr: 70.78, ndcg: 76.36, took: 0.47s
Epoch 13, 91.4%	 loss: 1.592 acc@1: 57.34 mrr: 70.66, ndcg: 76.13, took: 0.47s
Epoch 13, 93.1%	 loss: 1.673 acc@1: 56.21 mrr: 69.57, ndcg: 74.99, took: 0.48s
Epoch 13, 94.8%	 loss: 1.591 acc@1: 57.62 mrr: 70.79, ndcg: 76.19, took: 0.49s
Epoch 13, 96.4%	 loss: 1.571 acc@1: 58.05 mrr: 71.09, ndcg: 76.38, took: 0.48s
Epoch 13, 98.1%	 loss: 1.624 acc@1: 56.37 mrr: 70.00, ndcg: 75.56, took: 0.49s
Epoch 13, 99.8%	 loss: 1.527 acc@1: 59.06 mrr: 72.17, ndcg: 77.31, took: 0.48s
Validation - loss: 2.8694, acc@1: 50.67%, f1: 43.13%, mrr: 62.41%, ndcg: 66.91%
Current learning rate: 0.000009

=== Epoch 14 ===
Epoch 14, 1.7%	 loss: 1.618 acc@1: 55.82 mrr: 69.67, ndcg: 75.12, took: 0.48s
Epoch 14, 3.4%	 loss: 1.578 acc@1: 57.23 mrr: 70.82, ndcg: 76.23, took: 0.47s
Epoch 14, 5.1%	 loss: 1.606 acc@1: 56.56 mrr: 70.50, ndcg: 75.89, took: 0.47s
Epoch 14, 6.8%	 loss: 1.656 acc@1: 55.23 mrr: 69.37, ndcg: 74.99, took: 0.46s
Epoch 14, 8.5%	 loss: 1.647 acc@1: 56.02 mrr: 69.79, ndcg: 75.30, took: 0.48s
Epoch 14, 10.2%	 loss: 1.573 acc@1: 58.12 mrr: 71.40, ndcg: 76.73, took: 0.46s
Epoch 14, 11.8%	 loss: 1.591 acc@1: 57.70 mrr: 70.93, ndcg: 76.17, took: 0.49s
Epoch 14, 13.5%	 loss: 1.583 acc@1: 58.01 mrr: 71.20, ndcg: 76.41, took: 0.46s
Epoch 14, 15.2%	 loss: 1.547 acc@1: 58.87 mrr: 71.63, ndcg: 76.81, took: 0.90s
Epoch 14, 16.9%	 loss: 1.651 acc@1: 56.60 mrr: 69.99, ndcg: 75.30, took: 0.46s
Epoch 14, 18.6%	 loss: 1.593 acc@1: 56.91 mrr: 70.58, ndcg: 76.06, took: 0.48s
Epoch 14, 20.3%	 loss: 1.626 acc@1: 56.76 mrr: 70.13, ndcg: 75.47, took: 0.48s
Epoch 14, 22.0%	 loss: 1.583 acc@1: 58.28 mrr: 71.34, ndcg: 76.43, took: 0.47s
Epoch 14, 23.7%	 loss: 1.643 acc@1: 55.90 mrr: 69.59, ndcg: 75.14, took: 0.47s
Epoch 14, 25.4%	 loss: 1.645 acc@1: 57.97 mrr: 70.63, ndcg: 75.80, took: 0.48s
Epoch 14, 27.1%	 loss: 1.589 acc@1: 56.76 mrr: 70.61, ndcg: 76.04, took: 0.48s
Epoch 14, 28.8%	 loss: 1.610 acc@1: 56.99 mrr: 70.46, ndcg: 76.03, took: 0.46s
Epoch 14, 30.5%	 loss: 1.615 acc@1: 57.34 mrr: 70.58, ndcg: 75.90, took: 0.46s
Epoch 14, 32.1%	 loss: 1.570 acc@1: 57.07 mrr: 70.94, ndcg: 76.42, took: 0.46s
Epoch 14, 33.8%	 loss: 1.655 acc@1: 56.48 mrr: 69.91, ndcg: 75.33, took: 0.47s
Epoch 14, 35.5%	 loss: 1.624 acc@1: 56.17 mrr: 69.91, ndcg: 75.31, took: 0.47s
Epoch 14, 37.2%	 loss: 1.585 acc@1: 57.23 mrr: 70.59, ndcg: 76.08, took: 0.46s
Epoch 14, 38.9%	 loss: 1.502 acc@1: 58.83 mrr: 72.24, ndcg: 77.70, took: 0.46s
Epoch 14, 40.6%	 loss: 1.601 acc@1: 57.66 mrr: 70.84, ndcg: 76.03, took: 0.47s
Epoch 14, 42.3%	 loss: 1.586 acc@1: 57.27 mrr: 70.74, ndcg: 76.20, took: 0.47s
Epoch 14, 44.0%	 loss: 1.637 acc@1: 56.17 mrr: 69.92, ndcg: 75.45, took: 0.48s
Epoch 14, 45.7%	 loss: 1.613 acc@1: 56.29 mrr: 70.26, ndcg: 75.78, took: 0.48s
Epoch 14, 47.4%	 loss: 1.652 acc@1: 55.86 mrr: 69.85, ndcg: 75.38, took: 0.47s
Epoch 14, 49.1%	 loss: 1.554 acc@1: 58.71 mrr: 71.67, ndcg: 76.86, took: 0.48s
Epoch 14, 50.8%	 loss: 1.575 acc@1: 57.54 mrr: 70.79, ndcg: 76.22, took: 0.46s
Epoch 14, 52.5%	 loss: 1.544 acc@1: 58.59 mrr: 71.72, ndcg: 76.78, took: 0.47s
Epoch 14, 54.1%	 loss: 1.559 acc@1: 56.99 mrr: 70.91, ndcg: 76.60, took: 0.47s
Epoch 14, 55.8%	 loss: 1.551 acc@1: 58.48 mrr: 71.71, ndcg: 77.05, took: 0.46s
Epoch 14, 57.5%	 loss: 1.568 acc@1: 58.98 mrr: 71.77, ndcg: 76.97, took: 0.46s
Epoch 14, 59.2%	 loss: 1.560 acc@1: 59.61 mrr: 72.16, ndcg: 77.30, took: 0.46s
Epoch 14, 60.9%	 loss: 1.579 acc@1: 57.70 mrr: 70.94, ndcg: 76.39, took: 0.46s
Epoch 14, 62.6%	 loss: 1.558 acc@1: 57.34 mrr: 71.06, ndcg: 76.50, took: 0.47s
Epoch 14, 64.3%	 loss: 1.633 acc@1: 56.88 mrr: 70.25, ndcg: 75.72, took: 0.47s
Epoch 14, 66.0%	 loss: 1.584 acc@1: 56.88 mrr: 70.54, ndcg: 76.03, took: 0.47s
Epoch 14, 67.7%	 loss: 1.568 acc@1: 58.36 mrr: 71.51, ndcg: 76.82, took: 0.48s
Epoch 14, 69.4%	 loss: 1.521 acc@1: 58.91 mrr: 71.88, ndcg: 77.25, took: 0.46s
Epoch 14, 71.1%	 loss: 1.622 acc@1: 57.11 mrr: 70.21, ndcg: 75.67, took: 0.48s
Epoch 14, 72.8%	 loss: 1.626 acc@1: 55.27 mrr: 69.45, ndcg: 75.06, took: 0.47s
Epoch 14, 74.5%	 loss: 1.525 acc@1: 58.44 mrr: 71.85, ndcg: 77.21, took: 0.47s
Epoch 14, 76.1%	 loss: 1.557 acc@1: 57.89 mrr: 71.27, ndcg: 76.82, took: 0.46s
Epoch 14, 77.8%	 loss: 1.583 acc@1: 57.66 mrr: 71.03, ndcg: 76.37, took: 0.47s
Epoch 14, 79.5%	 loss: 1.573 acc@1: 57.81 mrr: 70.93, ndcg: 76.40, took: 0.47s
Epoch 14, 81.2%	 loss: 1.647 acc@1: 55.55 mrr: 69.40, ndcg: 74.94, took: 0.47s
Epoch 14, 82.9%	 loss: 1.635 acc@1: 57.50 mrr: 70.38, ndcg: 75.58, took: 0.46s
Epoch 14, 84.6%	 loss: 1.675 acc@1: 54.92 mrr: 68.89, ndcg: 74.52, took: 0.46s
Epoch 14, 86.3%	 loss: 1.627 acc@1: 56.52 mrr: 69.95, ndcg: 75.43, took: 0.48s
Epoch 14, 88.0%	 loss: 1.573 acc@1: 56.72 mrr: 70.59, ndcg: 75.99, took: 0.46s
Epoch 14, 89.7%	 loss: 1.587 acc@1: 57.70 mrr: 70.89, ndcg: 76.18, took: 0.46s
Epoch 14, 91.4%	 loss: 1.635 acc@1: 56.95 mrr: 70.11, ndcg: 75.64, took: 0.46s
Epoch 14, 93.1%	 loss: 1.617 acc@1: 56.05 mrr: 69.75, ndcg: 75.41, took: 0.46s
Epoch 14, 94.8%	 loss: 1.549 acc@1: 58.55 mrr: 71.72, ndcg: 76.87, took: 0.46s
Epoch 14, 96.4%	 loss: 1.650 acc@1: 55.59 mrr: 69.55, ndcg: 75.24, took: 0.46s
Epoch 14, 98.1%	 loss: 1.574 acc@1: 57.89 mrr: 71.29, ndcg: 76.78, took: 0.46s
Epoch 14, 99.8%	 loss: 1.617 acc@1: 57.70 mrr: 70.73, ndcg: 75.90, took: 0.47s
Validation - loss: 2.8684, acc@1: 50.63%, f1: 43.21%, mrr: 62.38%, ndcg: 66.86%
Current learning rate: 0.000009

=== Epoch 15 ===
Epoch 15, 1.7%	 loss: 1.548 acc@1: 58.44 mrr: 71.65, ndcg: 77.00, took: 0.49s
Epoch 15, 3.4%	 loss: 1.619 acc@1: 56.60 mrr: 70.44, ndcg: 75.92, took: 0.48s
Epoch 15, 5.1%	 loss: 1.563 acc@1: 58.36 mrr: 71.42, ndcg: 76.74, took: 0.50s
Epoch 15, 6.8%	 loss: 1.584 acc@1: 58.05 mrr: 71.19, ndcg: 76.34, took: 0.49s
Epoch 15, 8.5%	 loss: 1.600 acc@1: 56.68 mrr: 70.53, ndcg: 75.93, took: 0.49s
Epoch 15, 10.2%	 loss: 1.595 acc@1: 57.73 mrr: 70.79, ndcg: 76.11, took: 0.49s
Epoch 15, 11.8%	 loss: 1.621 acc@1: 55.62 mrr: 69.75, ndcg: 75.28, took: 0.49s
Epoch 15, 13.5%	 loss: 1.585 acc@1: 57.23 mrr: 70.51, ndcg: 76.05, took: 0.49s
Epoch 15, 15.2%	 loss: 1.611 acc@1: 56.99 mrr: 70.58, ndcg: 76.02, took: 0.52s
Epoch 15, 16.9%	 loss: 1.582 acc@1: 58.36 mrr: 71.33, ndcg: 76.48, took: 0.48s
Epoch 15, 18.6%	 loss: 1.549 acc@1: 59.10 mrr: 71.85, ndcg: 77.03, took: 0.47s
Epoch 15, 20.3%	 loss: 1.605 acc@1: 57.07 mrr: 70.49, ndcg: 75.83, took: 0.47s
Epoch 15, 22.0%	 loss: 1.643 acc@1: 56.17 mrr: 69.82, ndcg: 75.29, took: 0.46s
Epoch 15, 23.7%	 loss: 1.605 acc@1: 56.33 mrr: 70.23, ndcg: 75.81, took: 0.49s
Epoch 15, 25.4%	 loss: 1.547 acc@1: 58.44 mrr: 71.59, ndcg: 76.85, took: 0.50s
Epoch 15, 27.1%	 loss: 1.564 acc@1: 58.05 mrr: 71.46, ndcg: 76.76, took: 0.50s
Epoch 15, 28.8%	 loss: 1.687 acc@1: 55.86 mrr: 69.32, ndcg: 75.02, took: 0.50s
Epoch 15, 30.5%	 loss: 1.632 acc@1: 56.68 mrr: 70.07, ndcg: 75.52, took: 0.50s
Epoch 15, 32.1%	 loss: 1.613 acc@1: 57.42 mrr: 70.60, ndcg: 75.93, took: 0.49s
Epoch 15, 33.8%	 loss: 1.656 acc@1: 56.05 mrr: 69.50, ndcg: 74.87, took: 0.50s
Epoch 15, 35.5%	 loss: 1.619 acc@1: 57.46 mrr: 70.41, ndcg: 75.89, took: 0.51s
Epoch 15, 37.2%	 loss: 1.601 acc@1: 56.33 mrr: 70.01, ndcg: 75.60, took: 0.50s
Epoch 15, 38.9%	 loss: 1.649 acc@1: 55.39 mrr: 69.41, ndcg: 75.07, took: 0.49s
Epoch 15, 40.6%	 loss: 1.546 acc@1: 58.87 mrr: 71.79, ndcg: 77.04, took: 0.47s
Epoch 15, 42.3%	 loss: 1.613 acc@1: 56.84 mrr: 70.28, ndcg: 75.77, took: 0.46s
Epoch 15, 44.0%	 loss: 1.610 acc@1: 57.15 mrr: 70.42, ndcg: 75.86, took: 0.46s
Epoch 15, 45.7%	 loss: 1.603 acc@1: 56.91 mrr: 70.50, ndcg: 76.05, took: 0.47s
Epoch 15, 47.4%	 loss: 1.582 acc@1: 56.84 mrr: 70.56, ndcg: 76.11, took: 0.47s
Epoch 15, 49.1%	 loss: 1.582 acc@1: 58.01 mrr: 71.12, ndcg: 76.27, took: 0.48s
Epoch 15, 50.8%	 loss: 1.615 acc@1: 56.95 mrr: 70.49, ndcg: 75.83, took: 0.46s
Epoch 15, 52.5%	 loss: 1.610 acc@1: 56.56 mrr: 70.02, ndcg: 75.41, took: 0.47s
Epoch 15, 54.1%	 loss: 1.570 acc@1: 57.03 mrr: 70.73, ndcg: 76.27, took: 0.45s
Epoch 15, 55.8%	 loss: 1.600 acc@1: 58.01 mrr: 70.98, ndcg: 76.45, took: 0.46s
Epoch 15, 57.5%	 loss: 1.576 acc@1: 56.84 mrr: 70.67, ndcg: 76.17, took: 0.46s
Epoch 15, 59.2%	 loss: 1.602 acc@1: 58.05 mrr: 70.90, ndcg: 76.28, took: 0.45s
Epoch 15, 60.9%	 loss: 1.577 acc@1: 58.52 mrr: 71.59, ndcg: 76.70, took: 0.46s
Epoch 15, 62.6%	 loss: 1.569 acc@1: 57.62 mrr: 71.16, ndcg: 76.52, took: 0.47s
Epoch 15, 64.3%	 loss: 1.577 acc@1: 58.12 mrr: 71.18, ndcg: 76.30, took: 0.47s
Epoch 15, 66.0%	 loss: 1.535 acc@1: 58.05 mrr: 71.59, ndcg: 76.86, took: 0.45s
Epoch 15, 67.7%	 loss: 1.562 acc@1: 57.30 mrr: 70.92, ndcg: 76.48, took: 0.45s
Epoch 15, 69.4%	 loss: 1.616 acc@1: 56.41 mrr: 70.21, ndcg: 75.74, took: 0.45s
Epoch 15, 71.1%	 loss: 1.618 acc@1: 56.45 mrr: 70.09, ndcg: 75.69, took: 0.46s
Epoch 15, 72.8%	 loss: 1.563 acc@1: 56.45 mrr: 70.81, ndcg: 76.40, took: 0.46s
Epoch 15, 74.5%	 loss: 1.600 acc@1: 56.13 mrr: 70.20, ndcg: 75.82, took: 0.46s
Epoch 15, 76.1%	 loss: 1.650 acc@1: 56.56 mrr: 69.72, ndcg: 75.12, took: 0.47s
Epoch 15, 77.8%	 loss: 1.591 acc@1: 57.81 mrr: 71.08, ndcg: 76.52, took: 0.45s
Epoch 15, 79.5%	 loss: 1.544 acc@1: 56.80 mrr: 70.80, ndcg: 76.37, took: 0.47s
Epoch 15, 81.2%	 loss: 1.586 acc@1: 56.80 mrr: 70.63, ndcg: 76.25, took: 0.48s
Epoch 15, 82.9%	 loss: 1.568 acc@1: 57.34 mrr: 70.92, ndcg: 76.48, took: 0.46s
Epoch 15, 84.6%	 loss: 1.557 acc@1: 59.26 mrr: 71.91, ndcg: 77.05, took: 0.46s
Epoch 15, 86.3%	 loss: 1.557 acc@1: 58.16 mrr: 71.58, ndcg: 77.07, took: 0.45s
Epoch 15, 88.0%	 loss: 1.585 acc@1: 57.62 mrr: 70.99, ndcg: 76.37, took: 0.46s
Epoch 15, 89.7%	 loss: 1.533 acc@1: 59.77 mrr: 72.30, ndcg: 77.42, took: 0.45s
Epoch 15, 91.4%	 loss: 1.593 acc@1: 56.60 mrr: 70.39, ndcg: 75.85, took: 0.45s
Epoch 15, 93.1%	 loss: 1.577 acc@1: 57.77 mrr: 70.83, ndcg: 76.23, took: 0.45s
Epoch 15, 94.8%	 loss: 1.602 acc@1: 57.50 mrr: 70.83, ndcg: 76.23, took: 0.45s
Epoch 15, 96.4%	 loss: 1.543 acc@1: 57.81 mrr: 71.33, ndcg: 76.76, took: 0.45s
Epoch 15, 98.1%	 loss: 1.580 acc@1: 57.58 mrr: 70.91, ndcg: 76.12, took: 0.46s
Epoch 15, 99.8%	 loss: 1.577 acc@1: 56.68 mrr: 70.40, ndcg: 75.95, took: 0.45s
Validation - loss: 2.8682, acc@1: 50.73%, f1: 43.35%, mrr: 62.41%, ndcg: 66.89%
Current learning rate: 0.000009

=== Epoch 16 ===
Epoch 16, 1.7%	 loss: 1.561 acc@1: 57.73 mrr: 71.14, ndcg: 76.55, took: 0.46s
Epoch 16, 3.4%	 loss: 1.538 acc@1: 59.02 mrr: 71.94, ndcg: 77.08, took: 0.47s
Epoch 16, 5.1%	 loss: 1.538 acc@1: 58.24 mrr: 71.52, ndcg: 76.75, took: 0.47s
Epoch 16, 6.8%	 loss: 1.636 acc@1: 57.03 mrr: 70.31, ndcg: 75.71, took: 0.46s
Epoch 16, 8.5%	 loss: 1.570 acc@1: 56.95 mrr: 70.80, ndcg: 76.23, took: 0.45s
Epoch 16, 10.2%	 loss: 1.636 acc@1: 55.78 mrr: 69.44, ndcg: 74.88, took: 0.45s
Epoch 16, 11.8%	 loss: 1.555 acc@1: 58.98 mrr: 71.80, ndcg: 76.94, took: 0.45s
Epoch 16, 13.5%	 loss: 1.552 acc@1: 58.12 mrr: 71.54, ndcg: 76.93, took: 0.45s
Epoch 16, 15.2%	 loss: 1.506 acc@1: 58.67 mrr: 71.97, ndcg: 77.34, took: 0.47s
Epoch 16, 16.9%	 loss: 1.574 acc@1: 56.84 mrr: 70.57, ndcg: 76.16, took: 0.45s
Epoch 16, 18.6%	 loss: 1.633 acc@1: 57.27 mrr: 70.57, ndcg: 76.01, took: 0.47s
Epoch 16, 20.3%	 loss: 1.571 acc@1: 57.30 mrr: 70.77, ndcg: 76.28, took: 0.45s
Epoch 16, 22.0%	 loss: 1.495 acc@1: 58.95 mrr: 72.10, ndcg: 77.51, took: 0.47s
Epoch 16, 23.7%	 loss: 1.638 acc@1: 56.37 mrr: 69.96, ndcg: 75.60, took: 0.46s
Epoch 16, 25.4%	 loss: 1.662 acc@1: 55.39 mrr: 69.29, ndcg: 74.95, took: 0.45s
Epoch 16, 27.1%	 loss: 1.563 acc@1: 57.58 mrr: 71.09, ndcg: 76.45, took: 0.46s
Epoch 16, 28.8%	 loss: 1.597 acc@1: 56.21 mrr: 69.97, ndcg: 75.62, took: 0.45s
Epoch 16, 30.5%	 loss: 1.595 acc@1: 58.95 mrr: 71.38, ndcg: 76.41, took: 0.45s
Epoch 16, 32.1%	 loss: 1.587 acc@1: 56.37 mrr: 70.38, ndcg: 76.07, took: 0.44s
Epoch 16, 33.8%	 loss: 1.611 acc@1: 56.64 mrr: 70.34, ndcg: 75.58, took: 0.45s
Epoch 16, 35.5%	 loss: 1.609 acc@1: 57.23 mrr: 70.53, ndcg: 75.82, took: 0.45s
Epoch 16, 37.2%	 loss: 1.578 acc@1: 57.34 mrr: 70.92, ndcg: 76.46, took: 0.45s
Epoch 16, 38.9%	 loss: 1.609 acc@1: 57.38 mrr: 70.67, ndcg: 76.09, took: 0.45s
Epoch 16, 40.6%	 loss: 1.604 acc@1: 57.15 mrr: 70.46, ndcg: 75.98, took: 0.45s
Epoch 16, 42.3%	 loss: 1.605 acc@1: 57.07 mrr: 70.60, ndcg: 76.19, took: 0.45s
Epoch 16, 44.0%	 loss: 1.590 acc@1: 56.64 mrr: 70.53, ndcg: 75.95, took: 0.45s
Epoch 16, 45.7%	 loss: 1.534 acc@1: 57.58 mrr: 71.19, ndcg: 76.66, took: 0.46s
Epoch 16, 47.4%	 loss: 1.589 acc@1: 57.42 mrr: 70.67, ndcg: 76.05, took: 0.45s
Epoch 16, 49.1%	 loss: 1.615 acc@1: 56.60 mrr: 70.14, ndcg: 75.71, took: 0.45s
Epoch 16, 50.8%	 loss: 1.572 acc@1: 57.54 mrr: 71.13, ndcg: 76.47, took: 0.45s
Epoch 16, 52.5%	 loss: 1.593 acc@1: 56.60 mrr: 70.28, ndcg: 76.03, took: 0.47s
Epoch 16, 54.1%	 loss: 1.546 acc@1: 57.50 mrr: 71.30, ndcg: 76.72, took: 0.47s
Epoch 16, 55.8%	 loss: 1.578 acc@1: 58.01 mrr: 71.15, ndcg: 76.56, took: 0.48s
Epoch 16, 57.5%	 loss: 1.546 acc@1: 58.36 mrr: 71.61, ndcg: 76.91, took: 0.45s
Epoch 16, 59.2%	 loss: 1.607 acc@1: 56.05 mrr: 70.15, ndcg: 75.77, took: 0.47s
Epoch 16, 60.9%	 loss: 1.592 acc@1: 56.91 mrr: 70.54, ndcg: 75.92, took: 0.47s
Epoch 16, 62.6%	 loss: 1.620 acc@1: 55.74 mrr: 69.72, ndcg: 75.32, took: 0.46s
Epoch 16, 64.3%	 loss: 1.613 acc@1: 56.72 mrr: 70.01, ndcg: 75.48, took: 0.46s
Epoch 16, 66.0%	 loss: 1.652 acc@1: 56.52 mrr: 69.71, ndcg: 74.95, took: 0.45s
Epoch 16, 67.7%	 loss: 1.615 acc@1: 56.95 mrr: 70.20, ndcg: 75.65, took: 0.46s
Epoch 16, 69.4%	 loss: 1.617 acc@1: 57.77 mrr: 70.86, ndcg: 76.10, took: 0.46s
Epoch 16, 71.1%	 loss: 1.564 acc@1: 58.52 mrr: 71.57, ndcg: 76.81, took: 0.46s
Epoch 16, 72.8%	 loss: 1.625 acc@1: 56.13 mrr: 69.78, ndcg: 75.30, took: 0.46s
Epoch 16, 74.5%	 loss: 1.619 acc@1: 56.76 mrr: 70.36, ndcg: 75.85, took: 0.46s
Epoch 16, 76.1%	 loss: 1.538 acc@1: 56.84 mrr: 71.01, ndcg: 76.53, took: 0.47s
Epoch 16, 77.8%	 loss: 1.607 acc@1: 57.42 mrr: 70.80, ndcg: 76.08, took: 0.46s
Epoch 16, 79.5%	 loss: 1.559 acc@1: 57.07 mrr: 70.83, ndcg: 76.37, took: 0.45s
Epoch 16, 81.2%	 loss: 1.596 acc@1: 56.29 mrr: 70.31, ndcg: 75.79, took: 0.46s
Epoch 16, 82.9%	 loss: 1.596 acc@1: 56.48 mrr: 70.40, ndcg: 75.91, took: 0.46s
Epoch 16, 84.6%	 loss: 1.589 acc@1: 57.46 mrr: 70.90, ndcg: 76.26, took: 0.47s
Epoch 16, 86.3%	 loss: 1.546 acc@1: 57.03 mrr: 71.08, ndcg: 76.60, took: 0.46s
Epoch 16, 88.0%	 loss: 1.611 acc@1: 56.84 mrr: 70.38, ndcg: 75.70, took: 0.48s
Epoch 16, 89.7%	 loss: 1.583 acc@1: 56.52 mrr: 70.37, ndcg: 76.09, took: 0.47s
Epoch 16, 91.4%	 loss: 1.558 acc@1: 58.20 mrr: 71.41, ndcg: 76.70, took: 0.48s
Epoch 16, 93.1%	 loss: 1.616 acc@1: 56.45 mrr: 70.12, ndcg: 75.64, took: 0.47s
Epoch 16, 94.8%	 loss: 1.594 acc@1: 57.66 mrr: 70.80, ndcg: 76.16, took: 0.48s
Epoch 16, 96.4%	 loss: 1.593 acc@1: 58.16 mrr: 71.07, ndcg: 76.30, took: 0.47s
Epoch 16, 98.1%	 loss: 1.583 acc@1: 57.73 mrr: 71.00, ndcg: 76.17, took: 0.46s
Epoch 16, 99.8%	 loss: 1.604 acc@1: 57.89 mrr: 71.01, ndcg: 76.33, took: 0.46s
Validation - loss: 2.8685, acc@1: 50.84%, f1: 43.37%, mrr: 62.48%, ndcg: 66.95%
Current learning rate: 0.000009

=== Epoch 17 ===
Epoch 17, 1.7%	 loss: 1.632 acc@1: 56.13 mrr: 69.89, ndcg: 75.33, took: 0.47s
Epoch 17, 3.4%	 loss: 1.612 acc@1: 55.98 mrr: 69.85, ndcg: 75.50, took: 0.46s
Epoch 17, 5.1%	 loss: 1.596 acc@1: 57.93 mrr: 70.82, ndcg: 76.09, took: 0.45s
Epoch 17, 6.8%	 loss: 1.588 acc@1: 57.19 mrr: 70.89, ndcg: 76.38, took: 0.46s
Epoch 17, 8.5%	 loss: 1.607 acc@1: 57.73 mrr: 70.81, ndcg: 76.18, took: 0.46s
Epoch 17, 10.2%	 loss: 1.528 acc@1: 57.19 mrr: 71.29, ndcg: 76.87, took: 0.46s
Epoch 17, 11.8%	 loss: 1.616 acc@1: 55.94 mrr: 69.88, ndcg: 75.41, took: 0.46s
Epoch 17, 13.5%	 loss: 1.605 acc@1: 57.07 mrr: 70.62, ndcg: 76.18, took: 0.47s
Epoch 17, 15.2%	 loss: 1.610 acc@1: 56.21 mrr: 70.04, ndcg: 75.58, took: 0.48s
Epoch 17, 16.9%	 loss: 1.602 acc@1: 56.80 mrr: 70.26, ndcg: 75.70, took: 0.47s
Epoch 17, 18.6%	 loss: 1.608 acc@1: 56.88 mrr: 70.36, ndcg: 75.78, took: 0.46s
Epoch 17, 20.3%	 loss: 1.489 acc@1: 59.26 mrr: 72.57, ndcg: 77.88, took: 0.46s
Epoch 17, 22.0%	 loss: 1.583 acc@1: 57.30 mrr: 70.89, ndcg: 76.19, took: 0.46s
Epoch 17, 23.7%	 loss: 1.571 acc@1: 58.16 mrr: 71.12, ndcg: 76.43, took: 0.46s
Epoch 17, 25.4%	 loss: 1.637 acc@1: 57.89 mrr: 70.65, ndcg: 75.88, took: 0.46s
Epoch 17, 27.1%	 loss: 1.538 acc@1: 58.52 mrr: 71.71, ndcg: 77.17, took: 0.47s
Epoch 17, 28.8%	 loss: 1.592 acc@1: 57.34 mrr: 70.55, ndcg: 76.10, took: 0.46s
Epoch 17, 30.5%	 loss: 1.587 acc@1: 57.42 mrr: 70.69, ndcg: 75.98, took: 0.47s
Epoch 17, 32.1%	 loss: 1.592 acc@1: 57.03 mrr: 70.36, ndcg: 75.92, took: 0.47s
Epoch 17, 33.8%	 loss: 1.571 acc@1: 57.97 mrr: 71.25, ndcg: 76.62, took: 0.46s
Epoch 17, 35.5%	 loss: 1.616 acc@1: 56.17 mrr: 69.90, ndcg: 75.45, took: 0.46s
Epoch 17, 37.2%	 loss: 1.577 acc@1: 58.09 mrr: 71.19, ndcg: 76.47, took: 0.49s
Epoch 17, 38.9%	 loss: 1.550 acc@1: 57.54 mrr: 71.20, ndcg: 76.73, took: 0.49s
Epoch 17, 40.6%	 loss: 1.544 acc@1: 58.63 mrr: 71.60, ndcg: 76.88, took: 0.50s
Epoch 17, 42.3%	 loss: 1.566 acc@1: 56.37 mrr: 70.33, ndcg: 76.03, took: 0.46s
Epoch 17, 44.0%	 loss: 1.565 acc@1: 58.83 mrr: 71.91, ndcg: 77.15, took: 0.44s
Epoch 17, 45.7%	 loss: 1.565 acc@1: 58.55 mrr: 71.53, ndcg: 76.88, took: 0.44s
Epoch 17, 47.4%	 loss: 1.579 acc@1: 57.42 mrr: 70.70, ndcg: 76.08, took: 0.45s
Epoch 17, 49.1%	 loss: 1.511 acc@1: 59.57 mrr: 72.54, ndcg: 77.70, took: 0.45s
Epoch 17, 50.8%	 loss: 1.615 acc@1: 56.56 mrr: 70.30, ndcg: 75.70, took: 0.45s
Epoch 17, 52.5%	 loss: 1.575 acc@1: 57.27 mrr: 70.96, ndcg: 76.39, took: 0.45s
Epoch 17, 54.1%	 loss: 1.602 acc@1: 57.27 mrr: 70.69, ndcg: 76.19, took: 0.45s
Epoch 17, 55.8%	 loss: 1.592 acc@1: 57.15 mrr: 70.39, ndcg: 75.86, took: 0.45s
Epoch 17, 57.5%	 loss: 1.534 acc@1: 58.87 mrr: 71.89, ndcg: 77.03, took: 0.47s
Epoch 17, 59.2%	 loss: 1.562 acc@1: 57.23 mrr: 71.02, ndcg: 76.42, took: 0.45s
Epoch 17, 60.9%	 loss: 1.607 acc@1: 55.70 mrr: 69.66, ndcg: 75.40, took: 0.47s
Epoch 17, 62.6%	 loss: 1.523 acc@1: 57.77 mrr: 71.41, ndcg: 76.80, took: 0.45s
Epoch 17, 64.3%	 loss: 1.576 acc@1: 56.76 mrr: 70.72, ndcg: 76.34, took: 0.57s
Epoch 17, 66.0%	 loss: 1.640 acc@1: 56.09 mrr: 69.85, ndcg: 75.26, took: 0.45s
Epoch 17, 67.7%	 loss: 1.618 acc@1: 55.62 mrr: 69.53, ndcg: 75.14, took: 0.45s
Epoch 17, 69.4%	 loss: 1.607 acc@1: 55.74 mrr: 69.83, ndcg: 75.40, took: 0.46s
Epoch 17, 71.1%	 loss: 1.532 acc@1: 59.34 mrr: 72.00, ndcg: 77.06, took: 0.45s
Epoch 17, 72.8%	 loss: 1.580 acc@1: 56.76 mrr: 70.64, ndcg: 76.22, took: 0.45s
Epoch 17, 74.5%	 loss: 1.653 acc@1: 54.61 mrr: 68.95, ndcg: 74.69, took: 0.45s
Epoch 17, 76.1%	 loss: 1.553 acc@1: 58.75 mrr: 71.78, ndcg: 76.86, took: 0.45s
Epoch 17, 77.8%	 loss: 1.544 acc@1: 58.55 mrr: 71.80, ndcg: 77.16, took: 0.45s
Epoch 17, 79.5%	 loss: 1.599 acc@1: 57.27 mrr: 70.78, ndcg: 76.19, took: 0.46s
Epoch 17, 81.2%	 loss: 1.631 acc@1: 55.35 mrr: 69.54, ndcg: 75.32, took: 0.45s
Epoch 17, 82.9%	 loss: 1.565 acc@1: 57.77 mrr: 71.21, ndcg: 76.68, took: 0.45s
Epoch 17, 84.6%	 loss: 1.601 acc@1: 58.20 mrr: 71.09, ndcg: 76.29, took: 0.45s
Epoch 17, 86.3%	 loss: 1.574 acc@1: 57.19 mrr: 70.65, ndcg: 76.05, took: 0.45s
Epoch 17, 88.0%	 loss: 1.584 acc@1: 57.89 mrr: 71.22, ndcg: 76.56, took: 0.46s
Epoch 17, 89.7%	 loss: 1.553 acc@1: 57.42 mrr: 71.02, ndcg: 76.42, took: 0.45s
Epoch 17, 91.4%	 loss: 1.553 acc@1: 57.19 mrr: 70.93, ndcg: 76.45, took: 0.45s
Epoch 17, 93.1%	 loss: 1.565 acc@1: 57.73 mrr: 71.07, ndcg: 76.47, took: 0.46s
Epoch 17, 94.8%	 loss: 1.599 acc@1: 58.16 mrr: 71.16, ndcg: 76.29, took: 0.47s
Epoch 17, 96.4%	 loss: 1.611 acc@1: 55.86 mrr: 70.01, ndcg: 75.69, took: 0.46s
Epoch 17, 98.1%	 loss: 1.664 acc@1: 54.84 mrr: 69.06, ndcg: 74.88, took: 0.46s
Epoch 17, 99.8%	 loss: 1.586 acc@1: 57.03 mrr: 70.70, ndcg: 76.28, took: 0.46s
Validation - loss: 2.8706, acc@1: 50.70%, f1: 43.11%, mrr: 62.43%, ndcg: 66.94%
Current learning rate: 0.000009

=== Epoch 18 ===
Epoch 18, 1.7%	 loss: 1.601 acc@1: 57.38 mrr: 70.70, ndcg: 76.11, took: 0.48s
Epoch 18, 3.4%	 loss: 1.512 acc@1: 58.95 mrr: 72.17, ndcg: 77.50, took: 0.45s
Epoch 18, 5.1%	 loss: 1.563 acc@1: 58.28 mrr: 71.41, ndcg: 76.64, took: 0.45s
Epoch 18, 6.8%	 loss: 1.531 acc@1: 58.59 mrr: 71.60, ndcg: 76.88, took: 0.46s
Epoch 18, 8.5%	 loss: 1.605 acc@1: 56.68 mrr: 70.14, ndcg: 75.82, took: 0.45s
Epoch 18, 10.2%	 loss: 1.531 acc@1: 58.36 mrr: 71.71, ndcg: 77.01, took: 0.45s
Epoch 18, 11.8%	 loss: 1.545 acc@1: 58.24 mrr: 71.45, ndcg: 76.65, took: 0.45s
Epoch 18, 13.5%	 loss: 1.601 acc@1: 57.15 mrr: 70.49, ndcg: 75.94, took: 0.46s
Epoch 18, 15.2%	 loss: 1.609 acc@1: 56.21 mrr: 70.05, ndcg: 75.61, took: 0.46s
Epoch 18, 16.9%	 loss: 1.569 acc@1: 57.11 mrr: 70.73, ndcg: 76.27, took: 0.46s
Epoch 18, 18.6%	 loss: 1.569 acc@1: 57.03 mrr: 70.63, ndcg: 76.11, took: 0.45s
Epoch 18, 20.3%	 loss: 1.619 acc@1: 56.76 mrr: 70.35, ndcg: 75.83, took: 0.45s
Epoch 18, 22.0%	 loss: 1.562 acc@1: 56.68 mrr: 70.79, ndcg: 76.40, took: 0.45s
Epoch 18, 23.7%	 loss: 1.646 acc@1: 56.21 mrr: 69.84, ndcg: 75.24, took: 0.47s
Epoch 18, 25.4%	 loss: 1.592 acc@1: 57.23 mrr: 70.70, ndcg: 76.10, took: 0.46s
Epoch 18, 27.1%	 loss: 1.583 acc@1: 57.73 mrr: 71.01, ndcg: 76.51, took: 0.49s
Epoch 18, 28.8%	 loss: 1.556 acc@1: 58.01 mrr: 71.37, ndcg: 76.80, took: 1.01s
Epoch 18, 30.5%	 loss: 1.552 acc@1: 57.42 mrr: 71.25, ndcg: 76.75, took: 0.47s
Epoch 18, 32.1%	 loss: 1.575 acc@1: 57.42 mrr: 70.78, ndcg: 76.14, took: 0.47s
Epoch 18, 33.8%	 loss: 1.539 acc@1: 58.48 mrr: 71.55, ndcg: 76.78, took: 0.47s
Epoch 18, 35.5%	 loss: 1.578 acc@1: 57.66 mrr: 70.99, ndcg: 76.44, took: 0.47s
Epoch 18, 37.2%	 loss: 1.562 acc@1: 57.42 mrr: 71.32, ndcg: 76.76, took: 0.47s
Epoch 18, 38.9%	 loss: 1.636 acc@1: 55.51 mrr: 69.45, ndcg: 75.03, took: 0.47s
Epoch 18, 40.6%	 loss: 1.616 acc@1: 56.37 mrr: 70.01, ndcg: 75.53, took: 0.46s
Epoch 18, 42.3%	 loss: 1.603 acc@1: 58.12 mrr: 71.06, ndcg: 76.31, took: 0.46s
Epoch 18, 44.0%	 loss: 1.553 acc@1: 59.45 mrr: 71.91, ndcg: 77.02, took: 0.46s
Epoch 18, 45.7%	 loss: 1.591 acc@1: 56.25 mrr: 70.46, ndcg: 76.01, took: 0.46s
Epoch 18, 47.4%	 loss: 1.592 acc@1: 56.60 mrr: 70.33, ndcg: 75.92, took: 0.46s
Epoch 18, 49.1%	 loss: 1.570 acc@1: 57.03 mrr: 70.81, ndcg: 76.37, took: 0.46s
Epoch 18, 50.8%	 loss: 1.604 acc@1: 58.09 mrr: 71.00, ndcg: 76.32, took: 0.46s
Epoch 18, 52.5%	 loss: 1.638 acc@1: 56.64 mrr: 69.90, ndcg: 75.24, took: 0.47s
Epoch 18, 54.1%	 loss: 1.557 acc@1: 58.24 mrr: 71.26, ndcg: 76.58, took: 0.46s
Epoch 18, 55.8%	 loss: 1.586 acc@1: 57.42 mrr: 70.78, ndcg: 76.21, took: 0.46s
Epoch 18, 57.5%	 loss: 1.569 acc@1: 56.33 mrr: 70.55, ndcg: 76.26, took: 0.46s
Epoch 18, 59.2%	 loss: 1.574 acc@1: 56.52 mrr: 70.37, ndcg: 75.89, took: 0.47s
Epoch 18, 60.9%	 loss: 1.554 acc@1: 57.89 mrr: 71.24, ndcg: 76.64, took: 0.47s
Epoch 18, 62.6%	 loss: 1.551 acc@1: 57.19 mrr: 70.96, ndcg: 76.56, took: 0.46s
Epoch 18, 64.3%	 loss: 1.576 acc@1: 56.84 mrr: 70.60, ndcg: 76.15, took: 0.46s
Epoch 18, 66.0%	 loss: 1.614 acc@1: 57.07 mrr: 70.44, ndcg: 75.85, took: 0.48s
Epoch 18, 67.7%	 loss: 1.527 acc@1: 57.85 mrr: 71.48, ndcg: 76.95, took: 0.47s
Epoch 18, 69.4%	 loss: 1.630 acc@1: 55.98 mrr: 69.81, ndcg: 75.36, took: 0.48s
Epoch 18, 71.1%	 loss: 1.619 acc@1: 57.03 mrr: 70.38, ndcg: 75.89, took: 0.48s
Epoch 18, 72.8%	 loss: 1.624 acc@1: 56.41 mrr: 70.04, ndcg: 75.59, took: 0.47s
Epoch 18, 74.5%	 loss: 1.656 acc@1: 56.48 mrr: 69.99, ndcg: 75.44, took: 0.47s
Epoch 18, 76.1%	 loss: 1.630 acc@1: 55.47 mrr: 69.44, ndcg: 75.17, took: 0.47s
Epoch 18, 77.8%	 loss: 1.599 acc@1: 57.30 mrr: 70.60, ndcg: 76.09, took: 0.47s
Epoch 18, 79.5%	 loss: 1.575 acc@1: 57.58 mrr: 71.06, ndcg: 76.48, took: 0.46s
Epoch 18, 81.2%	 loss: 1.545 acc@1: 58.75 mrr: 71.91, ndcg: 77.16, took: 0.47s
Epoch 18, 82.9%	 loss: 1.566 acc@1: 58.09 mrr: 71.44, ndcg: 76.68, took: 0.47s
Epoch 18, 84.6%	 loss: 1.590 acc@1: 57.27 mrr: 70.40, ndcg: 75.94, took: 0.46s
Epoch 18, 86.3%	 loss: 1.577 acc@1: 57.89 mrr: 71.21, ndcg: 76.61, took: 0.46s
Epoch 18, 88.0%	 loss: 1.544 acc@1: 58.20 mrr: 71.39, ndcg: 76.77, took: 0.47s
Epoch 18, 89.7%	 loss: 1.513 acc@1: 59.41 mrr: 72.51, ndcg: 77.67, took: 0.47s
Epoch 18, 91.4%	 loss: 1.596 acc@1: 57.66 mrr: 71.01, ndcg: 76.43, took: 0.46s
Epoch 18, 93.1%	 loss: 1.556 acc@1: 57.70 mrr: 71.13, ndcg: 76.52, took: 0.46s
Epoch 18, 94.8%	 loss: 1.611 acc@1: 56.91 mrr: 70.40, ndcg: 75.77, took: 0.46s
Epoch 18, 96.4%	 loss: 1.553 acc@1: 57.66 mrr: 71.03, ndcg: 76.60, took: 0.46s
Epoch 18, 98.1%	 loss: 1.605 acc@1: 56.17 mrr: 70.21, ndcg: 75.75, took: 0.48s
Epoch 18, 99.8%	 loss: 1.607 acc@1: 56.13 mrr: 70.20, ndcg: 75.82, took: 0.46s
Validation - loss: 2.8691, acc@1: 50.69%, f1: 43.17%, mrr: 62.42%, ndcg: 66.94%
Training finished.	 Time: 556.07s.	 acc@1: 50.73%

=== Test Results ===
Test Results:
  acc@1: 51.74%
  acc@5: 76.66%
  acc@10: 80.76%
  mrr: 62.82%
  ndcg: 66.97%
  f1: 44.82%

=== Training Complete ===
