2025-12-28 18:55:59,455 - INFO - ============================================================
2025-12-28 18:55:59,455 - INFO - POINTER V45 - Training Started
2025-12-28 18:55:59,455 - INFO - ============================================================
2025-12-28 18:55:59,455 - INFO - Model config: {'d_model': 144, 'dim_feedforward': 288, 'dropout': 0.15, 'nhead': 4, 'num_layers': 3}
2025-12-28 18:55:59,455 - INFO - Training config: {'batch_size': 128, 'grad_clip': 0.8, 'label_smoothing': 0.03, 'learning_rate': 0.0007, 'min_epochs': 8, 'min_lr': 1e-06, 'num_epochs': 2, 'patience': 5, 'use_amp': True, 'warmup_epochs': 5, 'weight_decay': 0.015}
2025-12-28 18:55:59,455 - INFO - ============================================================
2025-12-28 18:55:59,455 - INFO - Training for 2 epochs
2025-12-28 18:55:59,456 - INFO - Model parameters: 1,837,137
2025-12-28 18:56:37,820 - INFO - Epoch 1/2 | LR: 1.40e-04 | Train: 2.9714 | Val: 2.7949 | Acc@1: 51.18%
2025-12-28 18:56:37,870 - INFO -   ✓ New best (Acc@1: 51.18%)
2025-12-28 18:57:17,948 - INFO - Epoch 2/2 | LR: 2.80e-04 | Train: 2.6975 | Val: 2.7457 | Acc@1: 52.37%
2025-12-28 18:57:18,004 - INFO -   ✓ New best (Acc@1: 52.37%)
2025-12-28 18:57:18,123 - INFO - Loaded checkpoint from epoch 2
2025-12-28 18:57:19,083 - INFO - ============================================================
2025-12-28 18:57:19,083 - INFO - FINAL VALIDATION RESULTS
2025-12-28 18:57:19,083 - INFO -   Acc@1:  52.37%
2025-12-28 18:57:19,083 - INFO -   Acc@5:  81.38%
2025-12-28 18:57:19,083 - INFO -   Acc@10: 85.33%
2025-12-28 18:57:19,083 - INFO -   MRR:    64.94%
2025-12-28 18:57:19,083 - INFO -   NDCG:   69.79%
2025-12-28 18:57:19,083 - INFO - ============================================================
2025-12-28 18:57:19,083 - INFO - FINAL TEST RESULTS
2025-12-28 18:57:19,084 - INFO -   Acc@1:  54.36%
2025-12-28 18:57:19,084 - INFO -   Acc@5:  83.42%
2025-12-28 18:57:19,084 - INFO -   Acc@10: 87.94%
2025-12-28 18:57:19,084 - INFO -   MRR:    66.91%
2025-12-28 18:57:19,084 - INFO -   NDCG:   71.94%
2025-12-28 18:57:19,084 - INFO - ============================================================
