Training MHSA model
Dataset: geolife
Config: /data/next_loc_clean_v2/config/ht_optuna/optuna_MHSA_geolife_prev10_t0_20251231_154749_a3c2cc92.yaml
Device: cuda
Seed: 42
==================================================
Data loaders: train=227, val=99, test=104
Total trainable parameters: 780028

=== Epoch 1 ===
Epoch 1, 8.8%	 loss: 7.156 acc@1: 0.00 mrr: 0.44, ndcg: 0.11, took: 2.56s
Epoch 1, 17.6%	 loss: 7.151 acc@1: 0.00 mrr: 0.62, ndcg: 0.43, took: 1.46s
Epoch 1, 26.4%	 loss: 7.133 acc@1: 0.16 mrr: 0.72, ndcg: 0.35, took: 1.54s
Epoch 1, 35.2%	 loss: 7.067 acc@1: 0.31 mrr: 1.08, ndcg: 0.85, took: 1.48s
Epoch 1, 44.1%	 loss: 6.997 acc@1: 1.56 mrr: 2.96, ndcg: 2.75, took: 1.45s
Epoch 1, 52.9%	 loss: 6.887 acc@1: 3.28 mrr: 5.54, ndcg: 6.04, took: 1.53s
Epoch 1, 61.7%	 loss: 6.666 acc@1: 9.69 mrr: 13.36, ndcg: 14.19, took: 1.34s
Epoch 1, 70.5%	 loss: 6.360 acc@1: 16.41 mrr: 21.16, ndcg: 22.31, took: 1.46s
Epoch 1, 79.3%	 loss: 6.051 acc@1: 19.38 mrr: 26.16, ndcg: 28.43, took: 1.47s
Epoch 1, 88.1%	 loss: 5.573 acc@1: 26.88 mrr: 33.87, ndcg: 36.44, took: 1.54s
Epoch 1, 96.9%	 loss: 5.616 acc@1: 20.47 mrr: 28.98, ndcg: 32.15, took: 1.48s
Validation - loss: 5.3195, acc@1: 19.11%, f1: 11.95%, mrr: 29.50%, ndcg: 34.43%
Current learning rate: 0.000500

=== Epoch 2 ===
Epoch 2, 8.8%	 loss: 5.177 acc@1: 21.41 mrr: 31.63, ndcg: 35.88, took: 1.13s
Epoch 2, 17.6%	 loss: 5.027 acc@1: 25.00 mrr: 34.82, ndcg: 39.38, took: 1.27s
Epoch 2, 26.4%	 loss: 4.673 acc@1: 26.88 mrr: 38.27, ndcg: 43.28, took: 1.27s
Epoch 2, 35.2%	 loss: 4.733 acc@1: 25.00 mrr: 35.58, ndcg: 39.98, took: 1.36s
Epoch 2, 44.1%	 loss: 4.432 acc@1: 27.81 mrr: 39.73, ndcg: 44.69, took: 1.56s
Epoch 2, 52.9%	 loss: 4.056 acc@1: 31.72 mrr: 44.48, ndcg: 49.33, took: 1.51s
Epoch 2, 61.7%	 loss: 4.233 acc@1: 28.91 mrr: 41.28, ndcg: 46.01, took: 1.54s
Epoch 2, 70.5%	 loss: 4.145 acc@1: 31.41 mrr: 43.78, ndcg: 48.51, took: 1.54s
Epoch 2, 79.3%	 loss: 3.940 acc@1: 34.53 mrr: 46.17, ndcg: 50.40, took: 1.51s
Epoch 2, 88.1%	 loss: 3.937 acc@1: 34.06 mrr: 46.14, ndcg: 50.54, took: 1.56s
Epoch 2, 96.9%	 loss: 3.841 acc@1: 35.47 mrr: 47.04, ndcg: 51.50, took: 1.56s
Validation - loss: 4.1921, acc@1: 35.45%, f1: 23.99%, mrr: 45.71%, ndcg: 49.39%
Current learning rate: 0.001000

=== Epoch 3 ===
Epoch 3, 8.8%	 loss: 3.540 acc@1: 37.66 mrr: 49.21, ndcg: 53.20, took: 1.22s
Epoch 3, 17.6%	 loss: 3.592 acc@1: 35.62 mrr: 47.90, ndcg: 52.36, took: 1.48s
Epoch 3, 26.4%	 loss: 3.726 acc@1: 37.81 mrr: 48.23, ndcg: 52.00, took: 1.43s
Epoch 3, 35.2%	 loss: 3.579 acc@1: 36.09 mrr: 48.92, ndcg: 53.61, took: 1.31s
Epoch 3, 44.1%	 loss: 3.360 acc@1: 39.38 mrr: 51.39, ndcg: 55.49, took: 1.34s
Epoch 3, 52.9%	 loss: 3.309 acc@1: 40.62 mrr: 52.67, ndcg: 56.74, took: 1.35s
Epoch 3, 61.7%	 loss: 3.354 acc@1: 39.53 mrr: 51.70, ndcg: 56.10, took: 1.38s
Epoch 3, 70.5%	 loss: 3.577 acc@1: 37.19 mrr: 49.05, ndcg: 53.47, took: 1.43s
Epoch 3, 79.3%	 loss: 3.389 acc@1: 39.38 mrr: 51.82, ndcg: 56.37, took: 1.54s
Epoch 3, 88.1%	 loss: 3.249 acc@1: 40.47 mrr: 53.29, ndcg: 57.71, took: 1.50s
Epoch 3, 96.9%	 loss: 3.254 acc@1: 40.16 mrr: 52.47, ndcg: 56.82, took: 1.41s
Validation - loss: 4.1460, acc@1: 39.08%, f1: 28.63%, mrr: 48.68%, ndcg: 52.17%
Current learning rate: 0.000979

=== Epoch 4 ===
Epoch 4, 8.8%	 loss: 2.881 acc@1: 45.16 mrr: 56.71, ndcg: 60.40, took: 1.12s
Epoch 4, 17.6%	 loss: 3.014 acc@1: 42.34 mrr: 55.00, ndcg: 59.11, took: 1.39s
Epoch 4, 26.4%	 loss: 3.148 acc@1: 41.09 mrr: 52.68, ndcg: 57.08, took: 1.55s
Epoch 4, 35.2%	 loss: 2.975 acc@1: 44.53 mrr: 55.47, ndcg: 59.31, took: 1.48s
Epoch 4, 44.1%	 loss: 2.961 acc@1: 42.03 mrr: 54.86, ndcg: 59.56, took: 1.41s
Epoch 4, 52.9%	 loss: 2.810 acc@1: 46.09 mrr: 57.93, ndcg: 62.07, took: 1.44s
Epoch 4, 61.7%	 loss: 2.962 acc@1: 45.16 mrr: 56.31, ndcg: 60.02, took: 1.39s
Epoch 4, 70.5%	 loss: 3.196 acc@1: 39.84 mrr: 52.24, ndcg: 56.73, took: 1.36s
Epoch 4, 79.3%	 loss: 2.787 acc@1: 44.22 mrr: 56.97, ndcg: 61.49, took: 1.30s
Epoch 4, 88.1%	 loss: 3.130 acc@1: 42.81 mrr: 54.33, ndcg: 58.35, took: 1.29s
Epoch 4, 96.9%	 loss: 3.018 acc@1: 42.66 mrr: 55.00, ndcg: 59.32, took: 1.43s
Validation - loss: 4.1287, acc@1: 41.91%, f1: 31.55%, mrr: 51.09%, ndcg: 54.41%
Current learning rate: 0.000958

=== Epoch 5 ===
Epoch 5, 8.8%	 loss: 2.472 acc@1: 49.06 mrr: 61.46, ndcg: 65.81, took: 1.13s
Epoch 5, 17.6%	 loss: 2.458 acc@1: 52.66 mrr: 63.43, ndcg: 67.33, took: 1.34s
Epoch 5, 26.4%	 loss: 2.741 acc@1: 45.62 mrr: 57.51, ndcg: 61.80, took: 1.43s
Epoch 5, 35.2%	 loss: 2.584 acc@1: 49.53 mrr: 60.44, ndcg: 64.45, took: 1.56s
Epoch 5, 44.1%	 loss: 2.747 acc@1: 46.41 mrr: 57.60, ndcg: 61.60, took: 1.52s
Epoch 5, 52.9%	 loss: 2.743 acc@1: 46.41 mrr: 58.54, ndcg: 62.88, took: 1.56s
Epoch 5, 61.7%	 loss: 2.712 acc@1: 42.81 mrr: 56.75, ndcg: 61.75, took: 1.45s
Epoch 5, 70.5%	 loss: 2.700 acc@1: 47.50 mrr: 58.61, ndcg: 62.47, took: 1.44s
Epoch 5, 79.3%	 loss: 2.635 acc@1: 47.81 mrr: 59.53, ndcg: 63.84, took: 1.48s
Epoch 5, 88.1%	 loss: 2.750 acc@1: 47.66 mrr: 58.57, ndcg: 62.96, took: 1.40s
Epoch 5, 96.9%	 loss: 2.756 acc@1: 45.78 mrr: 58.01, ndcg: 62.29, took: 1.24s
Validation - loss: 4.2155, acc@1: 42.42%, f1: 33.57%, mrr: 51.29%, ndcg: 54.40%
Current learning rate: 0.000937

=== Epoch 6 ===
Epoch 6, 8.8%	 loss: 2.330 acc@1: 50.78 mrr: 62.72, ndcg: 66.94, took: 1.13s
Epoch 6, 17.6%	 loss: 2.347 acc@1: 52.34 mrr: 63.43, ndcg: 67.81, took: 1.19s
Epoch 6, 26.4%	 loss: 2.509 acc@1: 46.09 mrr: 58.71, ndcg: 63.62, took: 1.54s
Epoch 6, 35.2%	 loss: 2.386 acc@1: 49.38 mrr: 61.60, ndcg: 65.99, took: 1.42s
Epoch 6, 44.1%	 loss: 2.198 acc@1: 55.78 mrr: 66.15, ndcg: 69.94, took: 1.55s
Epoch 6, 52.9%	 loss: 2.335 acc@1: 50.94 mrr: 63.01, ndcg: 67.26, took: 1.54s
Epoch 6, 61.7%	 loss: 2.302 acc@1: 53.75 mrr: 64.15, ndcg: 68.02, took: 1.51s
Epoch 6, 70.5%	 loss: 2.335 acc@1: 52.03 mrr: 63.42, ndcg: 68.12, took: 1.55s
Epoch 6, 79.3%	 loss: 2.325 acc@1: 49.69 mrr: 62.43, ndcg: 66.92, took: 1.54s
Epoch 6, 88.1%	 loss: 2.423 acc@1: 48.91 mrr: 61.40, ndcg: 66.25, took: 1.51s
Epoch 6, 96.9%	 loss: 2.290 acc@1: 51.56 mrr: 63.51, ndcg: 67.94, took: 1.46s
Validation - loss: 4.3007, acc@1: 42.20%, f1: 33.43%, mrr: 51.18%, ndcg: 54.34%
Current learning rate: 0.000917

=== Epoch 7 ===
Epoch 7, 8.8%	 loss: 1.903 acc@1: 57.03 mrr: 69.28, ndcg: 73.94, took: 1.09s
Epoch 7, 17.6%	 loss: 1.983 acc@1: 58.28 mrr: 68.53, ndcg: 73.14, took: 1.05s
Epoch 7, 26.4%	 loss: 1.987 acc@1: 56.09 mrr: 67.74, ndcg: 72.01, took: 1.31s
Epoch 7, 35.2%	 loss: 2.058 acc@1: 55.16 mrr: 66.56, ndcg: 70.85, took: 1.44s
Epoch 7, 44.1%	 loss: 2.173 acc@1: 55.16 mrr: 65.56, ndcg: 69.63, took: 1.45s
Epoch 7, 52.9%	 loss: 2.150 acc@1: 54.38 mrr: 65.73, ndcg: 70.29, took: 1.52s
Epoch 7, 61.7%	 loss: 2.045 acc@1: 53.12 mrr: 65.53, ndcg: 70.43, took: 1.51s
Epoch 7, 70.5%	 loss: 1.951 acc@1: 54.69 mrr: 67.69, ndcg: 72.16, took: 1.45s
Epoch 7, 79.3%	 loss: 2.103 acc@1: 55.94 mrr: 66.63, ndcg: 70.76, took: 1.48s
Epoch 7, 88.1%	 loss: 2.205 acc@1: 52.66 mrr: 64.40, ndcg: 69.10, took: 1.51s
Epoch 7, 96.9%	 loss: 2.138 acc@1: 53.59 mrr: 64.95, ndcg: 69.68, took: 1.45s
Validation - loss: 4.3248, acc@1: 42.29%, f1: 34.03%, mrr: 51.24%, ndcg: 54.41%
Current learning rate: 0.000896

=== Epoch 8 ===
Epoch 8, 8.8%	 loss: 1.644 acc@1: 63.12 mrr: 73.30, ndcg: 77.66, took: 1.13s
Epoch 8, 17.6%	 loss: 1.698 acc@1: 60.47 mrr: 71.91, ndcg: 76.42, took: 1.09s
Epoch 8, 26.4%	 loss: 1.774 acc@1: 59.06 mrr: 70.86, ndcg: 75.69, took: 1.14s
Epoch 8, 35.2%	 loss: 1.809 acc@1: 57.97 mrr: 69.75, ndcg: 74.56, took: 1.21s
Epoch 8, 44.1%	 loss: 1.683 acc@1: 60.31 mrr: 71.96, ndcg: 76.43, took: 1.27s
Epoch 8, 52.9%	 loss: 1.850 acc@1: 56.56 mrr: 68.48, ndcg: 72.93, took: 1.39s
Epoch 8, 61.7%	 loss: 1.806 acc@1: 56.41 mrr: 69.32, ndcg: 74.44, took: 1.51s
Epoch 8, 70.5%	 loss: 1.870 acc@1: 57.03 mrr: 69.27, ndcg: 74.44, took: 1.58s
Epoch 8, 79.3%	 loss: 1.836 acc@1: 57.03 mrr: 68.78, ndcg: 73.51, took: 1.45s
Epoch 8, 88.1%	 loss: 1.935 acc@1: 56.88 mrr: 68.33, ndcg: 73.05, took: 1.43s
Epoch 8, 96.9%	 loss: 1.771 acc@1: 59.22 mrr: 70.58, ndcg: 75.30, took: 1.46s
Validation - loss: 4.4747, acc@1: 42.10%, f1: 35.07%, mrr: 50.65%, ndcg: 53.73%
Current learning rate: 0.000875

=== Epoch 9 ===
Epoch 9, 8.8%	 loss: 1.488 acc@1: 63.75 mrr: 75.67, ndcg: 80.32, took: 1.23s
Epoch 9, 17.6%	 loss: 1.507 acc@1: 63.12 mrr: 74.35, ndcg: 79.18, took: 1.30s
Epoch 9, 26.4%	 loss: 1.460 acc@1: 65.16 mrr: 76.20, ndcg: 80.84, took: 1.26s
Epoch 9, 35.2%	 loss: 1.540 acc@1: 62.50 mrr: 74.01, ndcg: 78.84, took: 1.32s
Epoch 9, 44.1%	 loss: 1.557 acc@1: 63.91 mrr: 74.20, ndcg: 78.67, took: 1.24s
Epoch 9, 52.9%	 loss: 1.495 acc@1: 62.66 mrr: 74.47, ndcg: 79.26, took: 1.23s
Epoch 9, 61.7%	 loss: 1.600 acc@1: 62.34 mrr: 73.53, ndcg: 78.18, took: 1.25s
Epoch 9, 70.5%	 loss: 1.423 acc@1: 67.34 mrr: 76.94, ndcg: 80.71, took: 1.31s
Epoch 9, 79.3%	 loss: 1.626 acc@1: 59.84 mrr: 72.03, ndcg: 77.09, took: 1.47s
Epoch 9, 88.1%	 loss: 1.636 acc@1: 60.00 mrr: 71.94, ndcg: 77.12, took: 1.43s
Epoch 9, 96.9%	 loss: 1.534 acc@1: 63.59 mrr: 74.50, ndcg: 79.06, took: 1.37s
Validation - loss: 4.6791, acc@1: 40.32%, f1: 33.41%, mrr: 49.43%, ndcg: 52.73%
Current learning rate: 0.000085

=== Epoch 10 ===
Epoch 10, 8.8%	 loss: 2.618 acc@1: 48.59 mrr: 59.88, ndcg: 63.69, took: 1.31s
Epoch 10, 17.6%	 loss: 2.465 acc@1: 51.56 mrr: 62.19, ndcg: 66.19, took: 1.29s
Epoch 10, 26.4%	 loss: 2.490 acc@1: 49.38 mrr: 60.72, ndcg: 65.43, took: 1.21s
Epoch 10, 35.2%	 loss: 2.516 acc@1: 50.78 mrr: 61.39, ndcg: 65.40, took: 1.37s
Epoch 10, 44.1%	 loss: 2.503 acc@1: 49.84 mrr: 61.63, ndcg: 66.20, took: 1.43s
Epoch 10, 52.9%	 loss: 2.584 acc@1: 48.59 mrr: 59.85, ndcg: 63.54, took: 1.44s
Epoch 10, 61.7%	 loss: 2.456 acc@1: 53.28 mrr: 63.41, ndcg: 67.27, took: 1.32s
Epoch 10, 70.5%	 loss: 2.542 acc@1: 48.12 mrr: 60.35, ndcg: 64.53, took: 1.35s
Epoch 10, 79.3%	 loss: 2.612 acc@1: 49.22 mrr: 60.39, ndcg: 64.57, took: 1.26s
Epoch 10, 88.1%	 loss: 2.528 acc@1: 50.16 mrr: 61.43, ndcg: 65.66, took: 1.23s
Epoch 10, 96.9%	 loss: 2.620 acc@1: 47.03 mrr: 58.91, ndcg: 63.42, took: 1.22s
Validation - loss: 4.0760, acc@1: 43.06%, f1: 33.49%, mrr: 51.81%, ndcg: 54.94%
Current learning rate: 0.000085

=== Epoch 11 ===
Epoch 11, 8.8%	 loss: 2.342 acc@1: 54.84 mrr: 64.67, ndcg: 68.47, took: 1.39s
Epoch 11, 17.6%	 loss: 2.379 acc@1: 51.56 mrr: 63.13, ndcg: 67.24, took: 1.26s
Epoch 11, 26.4%	 loss: 2.472 acc@1: 50.78 mrr: 61.48, ndcg: 65.49, took: 1.27s
Epoch 11, 35.2%	 loss: 2.311 acc@1: 56.09 mrr: 65.53, ndcg: 68.82, took: 1.38s
Epoch 11, 44.1%	 loss: 2.464 acc@1: 51.41 mrr: 62.23, ndcg: 66.42, took: 1.42s
Epoch 11, 52.9%	 loss: 2.446 acc@1: 49.38 mrr: 61.31, ndcg: 65.92, took: 1.44s
Epoch 11, 61.7%	 loss: 2.417 acc@1: 52.19 mrr: 63.27, ndcg: 67.18, took: 1.38s
Epoch 11, 70.5%	 loss: 2.309 acc@1: 52.66 mrr: 64.30, ndcg: 68.36, took: 1.40s
Epoch 11, 79.3%	 loss: 2.643 acc@1: 48.28 mrr: 59.40, ndcg: 63.49, took: 1.49s
Epoch 11, 88.1%	 loss: 2.541 acc@1: 50.31 mrr: 60.70, ndcg: 65.01, took: 1.39s
Epoch 11, 96.9%	 loss: 2.529 acc@1: 49.69 mrr: 61.20, ndcg: 65.16, took: 1.30s
Validation - loss: 4.0870, acc@1: 43.09%, f1: 33.41%, mrr: 51.84%, ndcg: 54.93%
Current learning rate: 0.000085

=== Epoch 12 ===
Epoch 12, 8.8%	 loss: 2.362 acc@1: 52.34 mrr: 63.55, ndcg: 67.78, took: 1.32s
Epoch 12, 17.6%	 loss: 2.463 acc@1: 49.53 mrr: 61.81, ndcg: 65.90, took: 1.25s
Epoch 12, 26.4%	 loss: 2.434 acc@1: 52.97 mrr: 63.48, ndcg: 66.88, took: 1.27s
Epoch 12, 35.2%	 loss: 2.301 acc@1: 52.34 mrr: 63.64, ndcg: 67.75, took: 1.40s
Epoch 12, 44.1%	 loss: 2.452 acc@1: 50.00 mrr: 61.69, ndcg: 66.33, took: 1.48s
Epoch 12, 52.9%	 loss: 2.445 acc@1: 51.56 mrr: 62.18, ndcg: 66.25, took: 1.40s
Epoch 12, 61.7%	 loss: 2.211 acc@1: 53.59 mrr: 65.39, ndcg: 69.59, took: 1.47s
Epoch 12, 70.5%	 loss: 2.484 acc@1: 50.31 mrr: 61.13, ndcg: 65.41, took: 1.47s
Epoch 12, 79.3%	 loss: 2.389 acc@1: 50.94 mrr: 62.68, ndcg: 66.67, took: 1.47s
Epoch 12, 88.1%	 loss: 2.231 acc@1: 56.09 mrr: 66.30, ndcg: 70.14, took: 1.46s
Epoch 12, 96.9%	 loss: 2.218 acc@1: 53.75 mrr: 65.19, ndcg: 69.44, took: 1.43s
Validation - loss: 4.0958, acc@1: 42.99%, f1: 33.21%, mrr: 51.87%, ndcg: 54.97%
Current learning rate: 0.000085

=== Epoch 13 ===
Epoch 13, 8.8%	 loss: 2.339 acc@1: 54.06 mrr: 64.54, ndcg: 68.29, took: 1.19s
Epoch 13, 17.6%	 loss: 2.357 acc@1: 52.66 mrr: 63.79, ndcg: 67.81, took: 1.17s
Epoch 13, 26.4%	 loss: 2.390 acc@1: 51.56 mrr: 62.82, ndcg: 67.03, took: 1.16s
Epoch 13, 35.2%	 loss: 2.228 acc@1: 55.16 mrr: 65.48, ndcg: 69.58, took: 1.33s
Epoch 13, 44.1%	 loss: 2.276 acc@1: 53.12 mrr: 64.31, ndcg: 68.30, took: 1.40s
Epoch 13, 52.9%	 loss: 2.196 acc@1: 55.00 mrr: 66.02, ndcg: 70.02, took: 1.38s
Epoch 13, 61.7%	 loss: 2.321 acc@1: 50.94 mrr: 62.75, ndcg: 67.24, took: 1.41s
Epoch 13, 70.5%	 loss: 2.349 acc@1: 54.06 mrr: 64.10, ndcg: 67.37, took: 1.46s
Epoch 13, 79.3%	 loss: 2.217 acc@1: 54.06 mrr: 65.48, ndcg: 69.72, took: 1.30s
Epoch 13, 88.1%	 loss: 2.421 acc@1: 51.56 mrr: 61.99, ndcg: 66.09, took: 1.40s
Epoch 13, 96.9%	 loss: 2.227 acc@1: 55.16 mrr: 65.82, ndcg: 69.68, took: 1.42s
Validation - loss: 4.1125, acc@1: 42.80%, f1: 33.33%, mrr: 51.75%, ndcg: 54.96%
Current learning rate: 0.000085

=== Epoch 14 ===
Epoch 14, 8.8%	 loss: 2.219 acc@1: 53.59 mrr: 64.71, ndcg: 69.13, took: 1.32s
Epoch 14, 17.6%	 loss: 2.288 acc@1: 52.81 mrr: 63.51, ndcg: 67.46, took: 1.30s
Epoch 14, 26.4%	 loss: 2.261 acc@1: 53.75 mrr: 64.86, ndcg: 69.00, took: 1.15s
Epoch 14, 35.2%	 loss: 2.276 acc@1: 54.38 mrr: 64.84, ndcg: 69.04, took: 1.11s
Epoch 14, 44.1%	 loss: 2.214 acc@1: 55.31 mrr: 65.40, ndcg: 69.04, took: 1.19s
Epoch 14, 52.9%	 loss: 2.075 acc@1: 57.34 mrr: 67.96, ndcg: 71.80, took: 1.34s
Epoch 14, 61.7%	 loss: 2.257 acc@1: 54.06 mrr: 65.11, ndcg: 68.95, took: 1.25s
Epoch 14, 70.5%	 loss: 2.203 acc@1: 56.88 mrr: 66.51, ndcg: 70.32, took: 1.45s
Epoch 14, 79.3%	 loss: 2.327 acc@1: 54.06 mrr: 64.25, ndcg: 68.08, took: 1.43s
Epoch 14, 88.1%	 loss: 2.343 acc@1: 51.88 mrr: 63.46, ndcg: 67.44, took: 1.34s
Epoch 14, 96.9%	 loss: 2.325 acc@1: 52.66 mrr: 63.89, ndcg: 68.29, took: 1.42s
Validation - loss: 4.1350, acc@1: 43.09%, f1: 33.56%, mrr: 51.98%, ndcg: 55.20%
Current learning rate: 0.000085

=== Epoch 15 ===
Epoch 15, 8.8%	 loss: 2.326 acc@1: 50.94 mrr: 62.50, ndcg: 67.25, took: 1.46s
Epoch 15, 17.6%	 loss: 2.209 acc@1: 56.25 mrr: 66.33, ndcg: 70.02, took: 1.33s
Epoch 15, 26.4%	 loss: 2.157 acc@1: 56.72 mrr: 67.39, ndcg: 71.52, took: 1.36s
Epoch 15, 35.2%	 loss: 2.262 acc@1: 55.94 mrr: 65.63, ndcg: 69.10, took: 1.32s
Epoch 15, 44.1%	 loss: 2.142 acc@1: 54.22 mrr: 65.41, ndcg: 69.77, took: 1.31s
Epoch 15, 52.9%	 loss: 2.241 acc@1: 54.06 mrr: 64.82, ndcg: 68.99, took: 1.25s
Epoch 15, 61.7%	 loss: 2.387 acc@1: 51.72 mrr: 63.36, ndcg: 67.73, took: 1.28s
Epoch 15, 70.5%	 loss: 1.941 acc@1: 59.22 mrr: 70.03, ndcg: 74.03, took: 1.16s
Epoch 15, 79.3%	 loss: 2.092 acc@1: 57.19 mrr: 67.05, ndcg: 71.05, took: 1.32s
Epoch 15, 88.1%	 loss: 2.303 acc@1: 52.81 mrr: 63.73, ndcg: 68.05, took: 1.22s
Epoch 15, 96.9%	 loss: 2.118 acc@1: 57.34 mrr: 67.49, ndcg: 71.06, took: 1.29s
Validation - loss: 4.1565, acc@1: 43.12%, f1: 33.70%, mrr: 51.92%, ndcg: 55.13%
Current learning rate: 0.000009

=== Epoch 16 ===
Epoch 16, 8.8%	 loss: 2.418 acc@1: 52.97 mrr: 63.81, ndcg: 67.95, took: 1.48s
Epoch 16, 17.6%	 loss: 2.574 acc@1: 48.59 mrr: 59.61, ndcg: 63.88, took: 1.33s
Epoch 16, 26.4%	 loss: 2.559 acc@1: 48.59 mrr: 60.22, ndcg: 64.69, took: 1.36s
Epoch 16, 35.2%	 loss: 2.358 acc@1: 52.97 mrr: 63.52, ndcg: 67.45, took: 1.39s
Epoch 16, 44.1%	 loss: 2.475 acc@1: 50.16 mrr: 61.72, ndcg: 66.12, took: 1.40s
Epoch 16, 52.9%	 loss: 2.212 acc@1: 55.62 mrr: 66.31, ndcg: 69.99, took: 1.41s
Epoch 16, 61.7%	 loss: 2.601 acc@1: 48.75 mrr: 59.89, ndcg: 63.96, took: 1.37s
Epoch 16, 70.5%	 loss: 2.540 acc@1: 49.38 mrr: 61.09, ndcg: 65.15, took: 1.26s
Epoch 16, 79.3%	 loss: 2.403 acc@1: 51.25 mrr: 62.51, ndcg: 66.35, took: 1.22s
Epoch 16, 88.1%	 loss: 2.317 acc@1: 55.00 mrr: 65.36, ndcg: 69.48, took: 1.17s
Epoch 16, 96.9%	 loss: 2.394 acc@1: 50.78 mrr: 62.52, ndcg: 66.56, took: 1.08s
Validation - loss: 4.0739, acc@1: 43.03%, f1: 33.55%, mrr: 51.79%, ndcg: 54.95%
Current learning rate: 0.000009

=== Epoch 17 ===
Epoch 17, 8.8%	 loss: 2.333 acc@1: 55.31 mrr: 64.77, ndcg: 68.20, took: 1.45s
Epoch 17, 17.6%	 loss: 2.457 acc@1: 48.91 mrr: 60.94, ndcg: 65.30, took: 1.32s
Epoch 17, 26.4%	 loss: 2.273 acc@1: 55.31 mrr: 66.01, ndcg: 69.67, took: 1.39s
Epoch 17, 35.2%	 loss: 2.485 acc@1: 51.09 mrr: 62.09, ndcg: 66.48, took: 1.34s
Epoch 17, 44.1%	 loss: 2.410 acc@1: 52.50 mrr: 63.53, ndcg: 67.18, took: 1.40s
Epoch 17, 52.9%	 loss: 2.488 acc@1: 50.31 mrr: 61.11, ndcg: 65.21, took: 1.53s
Epoch 17, 61.7%	 loss: 2.422 acc@1: 50.31 mrr: 62.22, ndcg: 66.67, took: 1.51s
Epoch 17, 70.5%	 loss: 2.558 acc@1: 49.53 mrr: 60.37, ndcg: 64.81, took: 1.45s
Epoch 17, 79.3%	 loss: 2.395 acc@1: 54.06 mrr: 64.60, ndcg: 68.47, took: 1.36s
Epoch 17, 88.1%	 loss: 2.461 acc@1: 49.22 mrr: 60.75, ndcg: 65.06, took: 1.26s
Epoch 17, 96.9%	 loss: 2.507 acc@1: 50.31 mrr: 61.65, ndcg: 65.21, took: 1.18s
Validation - loss: 4.0695, acc@1: 42.93%, f1: 33.39%, mrr: 51.76%, ndcg: 54.92%
Current learning rate: 0.000009

=== Epoch 18 ===
Epoch 18, 8.8%	 loss: 2.459 acc@1: 50.31 mrr: 61.92, ndcg: 66.10, took: 1.43s
Epoch 18, 17.6%	 loss: 2.562 acc@1: 51.41 mrr: 61.63, ndcg: 65.20, took: 1.31s
Epoch 18, 26.4%	 loss: 2.498 acc@1: 49.84 mrr: 60.87, ndcg: 64.78, took: 1.32s
Epoch 18, 35.2%	 loss: 2.437 acc@1: 50.47 mrr: 62.20, ndcg: 66.63, took: 1.32s
Epoch 18, 44.1%	 loss: 2.525 acc@1: 47.66 mrr: 60.07, ndcg: 64.29, took: 1.30s
Epoch 18, 52.9%	 loss: 2.235 acc@1: 52.50 mrr: 64.53, ndcg: 69.10, took: 1.45s
Epoch 18, 61.7%	 loss: 2.487 acc@1: 50.78 mrr: 62.36, ndcg: 66.19, took: 1.46s
Epoch 18, 70.5%	 loss: 2.329 acc@1: 52.81 mrr: 63.96, ndcg: 68.12, took: 1.46s
Epoch 18, 79.3%	 loss: 2.464 acc@1: 51.41 mrr: 61.78, ndcg: 65.64, took: 1.41s
Epoch 18, 88.1%	 loss: 2.376 acc@1: 51.09 mrr: 62.74, ndcg: 66.92, took: 1.34s
Epoch 18, 96.9%	 loss: 2.255 acc@1: 53.59 mrr: 64.83, ndcg: 68.88, took: 1.37s
Validation - loss: 4.0733, acc@1: 43.15%, f1: 33.32%, mrr: 51.93%, ndcg: 55.05%
Current learning rate: 0.000009

=== Epoch 19 ===
Epoch 19, 8.8%	 loss: 2.288 acc@1: 50.94 mrr: 63.59, ndcg: 67.94, took: 1.35s
Epoch 19, 17.6%	 loss: 2.500 acc@1: 48.44 mrr: 60.15, ndcg: 64.36, took: 1.29s
Epoch 19, 26.4%	 loss: 2.437 acc@1: 53.91 mrr: 63.19, ndcg: 66.90, took: 1.21s
Epoch 19, 35.2%	 loss: 2.379 acc@1: 52.03 mrr: 62.95, ndcg: 66.90, took: 1.24s
Epoch 19, 44.1%	 loss: 2.449 acc@1: 51.88 mrr: 62.73, ndcg: 66.87, took: 1.25s
Epoch 19, 52.9%	 loss: 2.413 acc@1: 52.34 mrr: 63.24, ndcg: 67.40, took: 1.38s
Epoch 19, 61.7%	 loss: 2.358 acc@1: 52.03 mrr: 63.05, ndcg: 66.80, took: 1.46s
Epoch 19, 70.5%	 loss: 2.403 acc@1: 50.94 mrr: 62.07, ndcg: 66.38, took: 1.43s
Epoch 19, 79.3%	 loss: 2.335 acc@1: 53.91 mrr: 64.24, ndcg: 68.21, took: 1.38s
Epoch 19, 88.1%	 loss: 2.441 acc@1: 50.62 mrr: 61.76, ndcg: 65.95, took: 1.30s
Epoch 19, 96.9%	 loss: 2.436 acc@1: 52.19 mrr: 62.91, ndcg: 66.72, took: 1.43s
Validation - loss: 4.0698, acc@1: 43.15%, f1: 33.41%, mrr: 51.84%, ndcg: 54.96%
Current learning rate: 0.000009

=== Epoch 20 ===
Epoch 20, 8.8%	 loss: 2.319 acc@1: 55.62 mrr: 65.35, ndcg: 68.66, took: 1.52s
Epoch 20, 17.6%	 loss: 2.434 acc@1: 49.84 mrr: 61.74, ndcg: 66.05, took: 1.30s
Epoch 20, 26.4%	 loss: 2.383 acc@1: 49.69 mrr: 62.29, ndcg: 66.59, took: 1.06s
Epoch 20, 35.2%	 loss: 2.261 acc@1: 55.16 mrr: 65.63, ndcg: 69.29, took: 1.05s
Epoch 20, 44.1%	 loss: 2.402 acc@1: 52.34 mrr: 63.45, ndcg: 67.49, took: 1.09s
Epoch 20, 52.9%	 loss: 2.526 acc@1: 49.06 mrr: 60.63, ndcg: 65.15, took: 1.11s
Epoch 20, 61.7%	 loss: 2.417 acc@1: 53.12 mrr: 63.26, ndcg: 66.89, took: 1.39s
Epoch 20, 70.5%	 loss: 2.358 acc@1: 52.03 mrr: 63.27, ndcg: 67.03, took: 1.34s
Epoch 20, 79.3%	 loss: 2.578 acc@1: 47.03 mrr: 59.48, ndcg: 64.16, took: 1.29s
Epoch 20, 88.1%	 loss: 2.343 acc@1: 52.97 mrr: 63.37, ndcg: 67.05, took: 1.35s
Epoch 20, 96.9%	 loss: 2.374 acc@1: 51.72 mrr: 63.13, ndcg: 67.38, took: 1.33s
Validation - loss: 4.0877, acc@1: 42.96%, f1: 33.26%, mrr: 51.78%, ndcg: 54.92%
Current learning rate: 0.000009

=== Epoch 21 ===
Epoch 21, 8.8%	 loss: 2.289 acc@1: 55.16 mrr: 65.87, ndcg: 69.43, took: 1.45s
Epoch 21, 17.6%	 loss: 2.380 acc@1: 54.69 mrr: 64.66, ndcg: 68.42, took: 1.38s
Epoch 21, 26.4%	 loss: 2.359 acc@1: 53.91 mrr: 63.93, ndcg: 67.58, took: 1.22s
Epoch 21, 35.2%	 loss: 2.270 acc@1: 53.12 mrr: 64.42, ndcg: 68.45, took: 1.27s
Epoch 21, 44.1%	 loss: 2.426 acc@1: 52.50 mrr: 62.74, ndcg: 66.51, took: 1.10s
Epoch 21, 52.9%	 loss: 2.504 acc@1: 49.38 mrr: 60.92, ndcg: 65.13, took: 1.11s
Epoch 21, 61.7%	 loss: 2.419 acc@1: 50.62 mrr: 62.23, ndcg: 66.34, took: 1.13s
Epoch 21, 70.5%	 loss: 2.358 acc@1: 52.81 mrr: 63.50, ndcg: 67.58, took: 1.22s
Epoch 21, 79.3%	 loss: 2.355 acc@1: 52.03 mrr: 63.41, ndcg: 67.69, took: 1.19s
Epoch 21, 88.1%	 loss: 2.506 acc@1: 49.53 mrr: 60.99, ndcg: 64.92, took: 1.13s
Epoch 21, 96.9%	 loss: 2.435 acc@1: 53.12 mrr: 63.13, ndcg: 66.99, took: 1.21s
Validation - loss: 4.1005, acc@1: 43.09%, f1: 33.54%, mrr: 51.84%, ndcg: 54.98%
Current learning rate: 0.000009

=== Epoch 22 ===
Epoch 22, 8.8%	 loss: 2.359 acc@1: 52.66 mrr: 63.44, ndcg: 67.77, took: 1.49s
Epoch 22, 17.6%	 loss: 2.373 acc@1: 52.50 mrr: 63.66, ndcg: 67.87, took: 1.51s
Epoch 22, 26.4%	 loss: 2.291 acc@1: 54.06 mrr: 64.52, ndcg: 68.31, took: 1.44s
Epoch 22, 35.2%	 loss: 2.253 acc@1: 51.09 mrr: 63.84, ndcg: 68.42, took: 1.41s
Epoch 22, 44.1%	 loss: 2.411 acc@1: 51.41 mrr: 62.60, ndcg: 66.95, took: 1.31s
Epoch 22, 52.9%	 loss: 2.374 acc@1: 51.88 mrr: 63.05, ndcg: 67.04, took: 1.42s
Epoch 22, 61.7%	 loss: 2.433 acc@1: 49.69 mrr: 61.76, ndcg: 66.44, took: 1.32s
Epoch 22, 70.5%	 loss: 2.384 acc@1: 52.19 mrr: 62.86, ndcg: 66.60, took: 1.42s
Epoch 22, 79.3%	 loss: 2.511 acc@1: 50.47 mrr: 61.11, ndcg: 65.14, took: 1.39s
Epoch 22, 88.1%	 loss: 2.359 acc@1: 53.59 mrr: 63.69, ndcg: 67.43, took: 1.22s
Epoch 22, 96.9%	 loss: 2.457 acc@1: 49.38 mrr: 61.47, ndcg: 65.95, took: 1.33s
Validation - loss: 4.0860, acc@1: 43.06%, f1: 33.35%, mrr: 51.89%, ndcg: 55.01%
Training finished.	 Time: 443.63s.	 acc@1: 42.93%

=== Test Results ===
Test Results:
  acc@1: 31.31%
  acc@5: 55.32%
  acc@10: 58.13%
  mrr: 41.97%
  ndcg: 45.67%
  f1: 22.51%

=== Training Complete ===
