2025-12-30 02:19:13,878 - INFO - ============================================================
2025-12-30 02:19:13,879 - INFO - POINTER V45 - Training Started
2025-12-30 02:19:13,879 - INFO - ============================================================
2025-12-30 02:19:13,879 - INFO - Model config: {'d_model': 64, 'dim_feedforward': 512, 'dropout': 0.15, 'nhead': 4, 'num_layers': 8}
2025-12-30 02:19:13,879 - INFO - Training config: {'batch_size': 128, 'grad_clip': 0.8, 'label_smoothing': 0.03, 'learning_rate': 0.0006, 'min_epochs': 8, 'min_lr': 1e-06, 'num_epochs': 50, 'patience': 5, 'use_amp': True, 'warmup_epochs': 5, 'weight_decay': 0.015}
2025-12-30 02:19:13,879 - INFO - ============================================================
2025-12-30 02:19:13,879 - INFO - Training for 50 epochs
2025-12-30 02:19:13,880 - INFO - Model parameters: 1,645,650
2025-12-30 02:21:56,488 - INFO - Epoch 1/50 | LR: 1.20e-04 | Train: 3.1008 | Val: 3.0508 | Acc@1: 51.26%
2025-12-30 02:21:56,560 - INFO -   ✓ New best (Acc@1: 51.26%)
2025-12-30 02:24:35,642 - INFO - Epoch 2/50 | LR: 2.40e-04 | Train: 2.8879 | Val: 3.0025 | Acc@1: 52.23%
2025-12-30 02:24:35,721 - INFO -   ✓ New best (Acc@1: 52.23%)
2025-12-30 02:27:08,298 - INFO - Epoch 3/50 | LR: 3.60e-04 | Train: 2.8195 | Val: 2.9732 | Acc@1: 53.39%
2025-12-30 02:27:08,379 - INFO -   ✓ New best (Acc@1: 53.39%)
2025-12-30 02:29:48,334 - INFO - Epoch 4/50 | LR: 4.80e-04 | Train: 2.7777 | Val: 2.9566 | Acc@1: 53.99%
2025-12-30 02:29:48,410 - INFO -   ✓ New best (Acc@1: 53.99%)
2025-12-30 02:32:28,267 - INFO - Epoch 5/50 | LR: 6.00e-04 | Train: 2.7357 | Val: 2.9244 | Acc@1: 53.95%
2025-12-30 02:32:28,348 - INFO -   ✓ New best (Acc@1: 53.95%)
2025-12-30 02:35:04,434 - INFO - Epoch 6/50 | LR: 6.00e-04 | Train: 2.6748 | Val: 2.9027 | Acc@1: 54.12%
2025-12-30 02:35:04,508 - INFO -   ✓ New best (Acc@1: 54.12%)
2025-12-30 02:37:40,257 - INFO - Epoch 7/50 | LR: 5.99e-04 | Train: 2.6196 | Val: 2.8820 | Acc@1: 54.02%
2025-12-30 02:37:40,334 - INFO -   ✓ New best (Acc@1: 54.02%)
2025-12-30 02:40:15,983 - INFO - Epoch 8/50 | LR: 5.97e-04 | Train: 2.5723 | Val: 2.8761 | Acc@1: 54.11%
2025-12-30 02:40:16,062 - INFO -   ✓ New best (Acc@1: 54.11%)
2025-12-30 02:42:56,930 - INFO - Epoch 9/50 | LR: 5.93e-04 | Train: 2.5308 | Val: 2.8757 | Acc@1: 54.69%
2025-12-30 02:42:57,006 - INFO -   ✓ New best (Acc@1: 54.69%)
2025-12-30 02:45:36,978 - INFO - Epoch 10/50 | LR: 5.88e-04 | Train: 2.4928 | Val: 2.8662 | Acc@1: 54.72%
2025-12-30 02:45:37,052 - INFO -   ✓ New best (Acc@1: 54.72%)
2025-12-30 02:48:18,696 - INFO - Epoch 11/50 | LR: 5.82e-04 | Train: 2.4623 | Val: 2.8901 | Acc@1: 54.42%
2025-12-30 02:51:00,987 - INFO - Epoch 12/50 | LR: 5.74e-04 | Train: 2.4318 | Val: 2.9041 | Acc@1: 54.22%
2025-12-30 02:53:40,350 - INFO - Epoch 13/50 | LR: 5.65e-04 | Train: 2.4048 | Val: 2.9133 | Acc@1: 53.74%
2025-12-30 02:55:48,166 - INFO - Epoch 14/50 | LR: 5.54e-04 | Train: 2.3830 | Val: 2.9249 | Acc@1: 53.44%
2025-12-30 02:57:31,578 - INFO - Epoch 15/50 | LR: 5.43e-04 | Train: 2.3636 | Val: 2.9658 | Acc@1: 53.08%
2025-12-30 02:57:31,578 - INFO - Early stopping at epoch 15
2025-12-30 02:57:31,680 - INFO - Loaded checkpoint from epoch 10
2025-12-30 02:57:35,498 - INFO - ============================================================
2025-12-30 02:57:35,498 - INFO - FINAL VALIDATION RESULTS
2025-12-30 02:57:35,498 - INFO -   Acc@1:  54.72%
2025-12-30 02:57:35,498 - INFO -   Acc@5:  79.79%
2025-12-30 02:57:35,498 - INFO -   Acc@10: 83.65%
2025-12-30 02:57:35,498 - INFO -   MRR:    65.71%
2025-12-30 02:57:35,498 - INFO -   NDCG:   69.96%
2025-12-30 02:57:35,498 - INFO - ============================================================
2025-12-30 02:57:35,498 - INFO - FINAL TEST RESULTS
2025-12-30 02:57:35,498 - INFO -   Acc@1:  56.71%
2025-12-30 02:57:35,498 - INFO -   Acc@5:  82.28%
2025-12-30 02:57:35,498 - INFO -   Acc@10: 85.61%
2025-12-30 02:57:35,498 - INFO -   MRR:    67.82%
2025-12-30 02:57:35,498 - INFO -   NDCG:   72.06%
2025-12-30 02:57:35,498 - INFO - ============================================================
