2025-12-30 04:31:31,025 - INFO - ============================================================
2025-12-30 04:31:31,025 - INFO - POINTER V45 - Training Started
2025-12-30 04:31:31,025 - INFO - ============================================================
2025-12-30 04:31:31,025 - INFO - Model config: {'d_model': 128, 'dim_feedforward': 512, 'dropout': 0.15, 'nhead': 8, 'num_layers': 4}
2025-12-30 04:31:31,025 - INFO - Training config: {'batch_size': 128, 'grad_clip': 0.8, 'label_smoothing': 0.03, 'learning_rate': 0.0007, 'min_epochs': 8, 'min_lr': 1e-06, 'num_epochs': 50, 'patience': 5, 'use_amp': True, 'warmup_epochs': 5, 'weight_decay': 0.015}
2025-12-30 04:31:31,025 - INFO - ============================================================
2025-12-30 04:31:31,025 - INFO - Training for 50 epochs
2025-12-30 04:31:31,026 - INFO - Model parameters: 2,796,210
2025-12-30 04:33:46,670 - INFO - Epoch 1/50 | LR: 1.40e-04 | Train: 3.0658 | Val: 3.0392 | Acc@1: 51.71%
2025-12-30 04:33:46,840 - INFO -   ✓ New best (Acc@1: 51.71%)
2025-12-30 04:35:59,815 - INFO - Epoch 2/50 | LR: 2.80e-04 | Train: 2.8550 | Val: 2.9728 | Acc@1: 52.95%
2025-12-30 04:35:59,897 - INFO -   ✓ New best (Acc@1: 52.95%)
2025-12-30 04:38:10,122 - INFO - Epoch 3/50 | LR: 4.20e-04 | Train: 2.7643 | Val: 2.9314 | Acc@1: 53.77%
2025-12-30 04:38:10,204 - INFO -   ✓ New best (Acc@1: 53.77%)
2025-12-30 04:40:22,978 - INFO - Epoch 4/50 | LR: 5.60e-04 | Train: 2.6785 | Val: 2.8817 | Acc@1: 53.64%
2025-12-30 04:40:23,059 - INFO -   ✓ New best (Acc@1: 53.64%)
2025-12-30 04:42:36,624 - INFO - Epoch 5/50 | LR: 7.00e-04 | Train: 2.6031 | Val: 2.8563 | Acc@1: 54.75%
2025-12-30 04:42:36,705 - INFO -   ✓ New best (Acc@1: 54.75%)
2025-12-30 04:44:50,645 - INFO - Epoch 6/50 | LR: 7.00e-04 | Train: 2.5182 | Val: 2.8515 | Acc@1: 54.11%
2025-12-30 04:44:50,726 - INFO -   ✓ New best (Acc@1: 54.11%)
2025-12-30 04:47:06,996 - INFO - Epoch 7/50 | LR: 6.99e-04 | Train: 2.4470 | Val: 2.8576 | Acc@1: 54.24%
2025-12-30 04:49:19,983 - INFO - Epoch 8/50 | LR: 6.97e-04 | Train: 2.3867 | Val: 2.8825 | Acc@1: 54.25%
2025-12-30 04:51:32,392 - INFO - Epoch 9/50 | LR: 6.92e-04 | Train: 2.3277 | Val: 2.9182 | Acc@1: 53.56%
2025-12-30 04:53:47,031 - INFO - Epoch 10/50 | LR: 6.86e-04 | Train: 2.2783 | Val: 2.9356 | Acc@1: 53.68%
2025-12-30 04:55:58,099 - INFO - Epoch 11/50 | LR: 6.79e-04 | Train: 2.2296 | Val: 2.9887 | Acc@1: 53.00%
2025-12-30 04:55:58,099 - INFO - Early stopping at epoch 11
2025-12-30 04:55:58,571 - INFO - Loaded checkpoint from epoch 6
2025-12-30 04:56:08,296 - INFO - ============================================================
2025-12-30 04:56:08,296 - INFO - FINAL VALIDATION RESULTS
2025-12-30 04:56:08,296 - INFO -   Acc@1:  54.11%
2025-12-30 04:56:08,296 - INFO -   Acc@5:  79.87%
2025-12-30 04:56:08,296 - INFO -   Acc@10: 83.97%
2025-12-30 04:56:08,297 - INFO -   MRR:    65.36%
2025-12-30 04:56:08,297 - INFO -   NDCG:   69.76%
2025-12-30 04:56:08,297 - INFO - ============================================================
2025-12-30 04:56:08,297 - INFO - FINAL TEST RESULTS
2025-12-30 04:56:08,297 - INFO -   Acc@1:  56.59%
2025-12-30 04:56:08,297 - INFO -   Acc@5:  82.24%
2025-12-30 04:56:08,297 - INFO -   Acc@10: 86.04%
2025-12-30 04:56:08,297 - INFO -   MRR:    67.85%
2025-12-30 04:56:08,297 - INFO -   NDCG:   72.19%
2025-12-30 04:56:08,297 - INFO - ============================================================
