2025-12-30 18:48:51,114 - INFO - ============================================================
2025-12-30 18:48:51,115 - INFO - POINTER V45 - Training Started
2025-12-30 18:48:51,115 - INFO - ============================================================
2025-12-30 18:48:51,115 - INFO - Model config: {'d_model': 128, 'dim_feedforward': 128, 'dropout': 0.15, 'nhead': 8, 'num_layers': 8}
2025-12-30 18:48:51,115 - INFO - Training config: {'batch_size': 128, 'grad_clip': 0.8, 'label_smoothing': 0.03, 'learning_rate': 0.0007, 'min_epochs': 3, 'min_lr': 1e-06, 'num_epochs': 50, 'patience': 5, 'use_amp': True, 'warmup_epochs': 5, 'weight_decay': 0.015}
2025-12-30 18:48:51,115 - INFO - ============================================================
2025-12-30 18:48:51,115 - INFO - Training for 50 epochs
2025-12-30 18:48:51,116 - INFO - Model parameters: 2,799,794
2025-12-30 18:53:49,896 - INFO - Epoch 1/50 | LR: 1.40e-04 | Train: 3.2669 | Val: 3.0577 | Acc@1: 50.89%
2025-12-30 18:53:49,989 - INFO -   ✓ New best (Acc@1: 50.89%)
2025-12-30 18:58:45,379 - INFO - Epoch 2/50 | LR: 2.80e-04 | Train: 2.9052 | Val: 2.9925 | Acc@1: 52.78%
2025-12-30 18:58:45,477 - INFO -   ✓ New best (Acc@1: 52.78%)
2025-12-30 19:03:23,941 - INFO - Epoch 3/50 | LR: 4.20e-04 | Train: 2.8134 | Val: 2.9640 | Acc@1: 53.42%
2025-12-30 19:03:24,039 - INFO -   ✓ New best (Acc@1: 53.42%)
2025-12-30 19:07:53,522 - INFO - Epoch 4/50 | LR: 5.60e-04 | Train: 2.7339 | Val: 2.9169 | Acc@1: 53.76%
2025-12-30 19:07:53,621 - INFO -   ✓ New best (Acc@1: 53.76%)
2025-12-30 19:12:28,414 - INFO - Epoch 5/50 | LR: 7.00e-04 | Train: 2.6531 | Val: 2.8725 | Acc@1: 54.10%
2025-12-30 19:12:28,513 - INFO -   ✓ New best (Acc@1: 54.10%)
2025-12-30 19:17:04,777 - INFO - Epoch 6/50 | LR: 7.00e-04 | Train: 2.5654 | Val: 2.8492 | Acc@1: 54.62%
2025-12-30 19:17:04,881 - INFO -   ✓ New best (Acc@1: 54.62%)
2025-12-30 19:21:14,447 - INFO - Epoch 7/50 | LR: 6.99e-04 | Train: 2.4973 | Val: 2.8533 | Acc@1: 54.18%
2025-12-30 19:24:34,006 - INFO - Epoch 8/50 | LR: 6.97e-04 | Train: 2.4361 | Val: 2.8686 | Acc@1: 54.15%
2025-12-30 19:27:39,004 - INFO - Epoch 9/50 | LR: 6.92e-04 | Train: 2.3806 | Val: 2.8649 | Acc@1: 54.01%
2025-12-30 19:30:16,751 - INFO - Epoch 10/50 | LR: 6.86e-04 | Train: 2.3322 | Val: 2.9055 | Acc@1: 54.20%
2025-12-30 19:32:45,046 - INFO - Epoch 11/50 | LR: 6.79e-04 | Train: 2.2901 | Val: 2.9293 | Acc@1: 52.98%
2025-12-30 19:32:45,047 - INFO - Early stopping at epoch 11
2025-12-30 19:32:45,567 - INFO - Loaded checkpoint from epoch 6
2025-12-30 19:32:54,558 - INFO - ============================================================
2025-12-30 19:32:54,558 - INFO - FINAL VALIDATION RESULTS
2025-12-30 19:32:54,558 - INFO -   Acc@1:  54.62%
2025-12-30 19:32:54,558 - INFO -   Acc@5:  80.08%
2025-12-30 19:32:54,558 - INFO -   Acc@10: 83.78%
2025-12-30 19:32:54,558 - INFO -   MRR:    65.70%
2025-12-30 19:32:54,558 - INFO -   NDCG:   69.99%
2025-12-30 19:32:54,558 - INFO - ============================================================
2025-12-30 19:32:54,558 - INFO - FINAL TEST RESULTS
2025-12-30 19:32:54,558 - INFO -   Acc@1:  56.96%
2025-12-30 19:32:54,559 - INFO -   Acc@5:  82.28%
2025-12-30 19:32:54,559 - INFO -   Acc@10: 85.96%
2025-12-30 19:32:54,559 - INFO -   MRR:    67.99%
2025-12-30 19:32:54,559 - INFO -   NDCG:   72.28%
2025-12-30 19:32:54,559 - INFO - ============================================================
