Training MHSA model
Dataset: diy
Config: /data/next_loc_clean_v2/config/ht_optuna/optuna_MHSA_diy_prev10_t13_20251231_124325_d2f5a2c9.yaml
Device: cuda
Seed: 42
==================================================
Data loaders: train=470, val=25, test=32
Total trainable parameters: 988398

=== Epoch 1 ===
Epoch 1, 2.1%	 loss: 8.720 acc@1: 0.00 mrr: 0.15, ndcg: 0.08, took: 7.00s
Epoch 1, 4.3%	 loss: 8.717 acc@1: 0.00 mrr: 0.16, ndcg: 0.06, took: 3.17s
Epoch 1, 6.4%	 loss: 8.718 acc@1: 0.04 mrr: 0.20, ndcg: 0.13, took: 3.04s
Epoch 1, 8.5%	 loss: 8.716 acc@1: 0.04 mrr: 0.19, ndcg: 0.08, took: 2.95s
Epoch 1, 10.6%	 loss: 8.712 acc@1: 0.00 mrr: 0.21, ndcg: 0.12, took: 2.85s
Epoch 1, 12.8%	 loss: 8.714 acc@1: 0.00 mrr: 0.22, ndcg: 0.12, took: 3.00s
Epoch 1, 14.9%	 loss: 8.710 acc@1: 0.08 mrr: 0.33, ndcg: 0.22, took: 3.07s
Epoch 1, 17.0%	 loss: 8.705 acc@1: 0.12 mrr: 0.40, ndcg: 0.29, took: 3.05s
Epoch 1, 19.1%	 loss: 8.699 acc@1: 0.12 mrr: 0.66, ndcg: 0.58, took: 3.12s
Epoch 1, 21.3%	 loss: 8.691 acc@1: 0.39 mrr: 1.16, ndcg: 1.29, took: 2.89s
Epoch 1, 23.4%	 loss: 8.678 acc@1: 1.41 mrr: 2.39, ndcg: 2.44, took: 3.01s
Epoch 1, 25.5%	 loss: 8.660 acc@1: 3.79 mrr: 5.12, ndcg: 5.30, took: 3.04s
Epoch 1, 27.7%	 loss: 8.621 acc@1: 9.88 mrr: 11.22, ndcg: 11.52, took: 3.05s
Epoch 1, 29.8%	 loss: 8.562 acc@1: 15.04 mrr: 15.78, ndcg: 15.82, took: 2.87s
Epoch 1, 31.9%	 loss: 8.453 acc@1: 19.06 mrr: 19.66, ndcg: 19.69, took: 3.11s
Epoch 1, 34.0%	 loss: 8.377 acc@1: 17.15 mrr: 17.86, ndcg: 17.90, took: 2.96s
Epoch 1, 36.2%	 loss: 8.253 acc@1: 20.70 mrr: 21.52, ndcg: 21.47, took: 3.08s
Epoch 1, 38.3%	 loss: 8.165 acc@1: 20.43 mrr: 21.47, ndcg: 21.68, took: 3.08s
Epoch 1, 40.4%	 loss: 8.034 acc@1: 23.75 mrr: 24.89, ndcg: 25.13, took: 2.99s
Epoch 1, 42.6%	 loss: 7.909 acc@1: 21.48 mrr: 22.87, ndcg: 23.05, took: 3.06s
Epoch 1, 44.7%	 loss: 7.776 acc@1: 23.20 mrr: 24.78, ndcg: 25.19, took: 2.95s
Epoch 1, 46.8%	 loss: 7.549 acc@1: 25.16 mrr: 26.74, ndcg: 27.04, took: 2.94s
Epoch 1, 48.9%	 loss: 7.451 acc@1: 25.43 mrr: 27.07, ndcg: 27.31, took: 2.94s
Epoch 1, 51.1%	 loss: 7.270 acc@1: 26.09 mrr: 27.90, ndcg: 28.21, took: 3.06s
Epoch 1, 53.2%	 loss: 7.162 acc@1: 26.02 mrr: 27.88, ndcg: 28.03, took: 3.05s
Epoch 1, 55.3%	 loss: 6.985 acc@1: 26.64 mrr: 28.61, ndcg: 28.82, took: 3.07s
Epoch 1, 57.4%	 loss: 6.703 acc@1: 27.54 mrr: 29.54, ndcg: 29.74, took: 2.92s
Epoch 1, 59.6%	 loss: 6.641 acc@1: 28.36 mrr: 30.31, ndcg: 30.61, took: 2.97s
Epoch 1, 61.7%	 loss: 6.448 acc@1: 28.67 mrr: 30.68, ndcg: 30.84, took: 2.90s
Epoch 1, 63.8%	 loss: 6.359 acc@1: 28.59 mrr: 30.72, ndcg: 31.02, took: 2.90s
Epoch 1, 66.0%	 loss: 6.259 acc@1: 29.14 mrr: 31.24, ndcg: 31.41, took: 2.97s
Epoch 1, 68.1%	 loss: 6.161 acc@1: 29.73 mrr: 31.75, ndcg: 32.07, took: 2.89s
Epoch 1, 70.2%	 loss: 6.192 acc@1: 27.97 mrr: 30.02, ndcg: 30.33, took: 2.87s
Epoch 1, 72.3%	 loss: 6.158 acc@1: 27.97 mrr: 30.14, ndcg: 30.55, took: 2.90s
Epoch 1, 74.5%	 loss: 6.044 acc@1: 28.91 mrr: 31.10, ndcg: 31.47, took: 2.84s
Epoch 1, 76.6%	 loss: 6.000 acc@1: 29.22 mrr: 31.33, ndcg: 31.70, took: 2.89s
Epoch 1, 78.7%	 loss: 5.973 acc@1: 28.09 mrr: 30.40, ndcg: 30.79, took: 2.75s
Epoch 1, 80.9%	 loss: 5.902 acc@1: 28.32 mrr: 30.84, ndcg: 31.28, took: 2.92s
Epoch 1, 83.0%	 loss: 5.780 acc@1: 28.91 mrr: 31.31, ndcg: 31.55, took: 3.04s
Epoch 1, 85.1%	 loss: 5.644 acc@1: 30.51 mrr: 32.99, ndcg: 33.32, took: 2.97s
Epoch 1, 87.2%	 loss: 5.780 acc@1: 28.12 mrr: 30.95, ndcg: 31.42, took: 3.37s
Epoch 1, 89.4%	 loss: 5.674 acc@1: 29.69 mrr: 32.52, ndcg: 33.12, took: 2.95s
Epoch 1, 91.5%	 loss: 5.635 acc@1: 28.79 mrr: 31.74, ndcg: 32.55, took: 3.13s
Epoch 1, 93.6%	 loss: 5.618 acc@1: 28.48 mrr: 31.18, ndcg: 31.82, took: 2.72s
Epoch 1, 95.7%	 loss: 5.566 acc@1: 30.04 mrr: 32.98, ndcg: 33.63, took: 2.79s
Epoch 1, 97.9%	 loss: 5.529 acc@1: 29.14 mrr: 32.42, ndcg: 33.08, took: 3.10s
Epoch 1, 100.0%	 loss: 5.559 acc@1: 29.38 mrr: 32.36, ndcg: 32.90, took: 2.99s
Validation - loss: 5.6386, acc@1: 30.88%, f1: 16.81%, mrr: 33.42%, ndcg: 33.92%
Current learning rate: 0.001000

=== Epoch 2 ===
Epoch 2, 2.1%	 loss: 5.415 acc@1: 29.22 mrr: 32.46, ndcg: 33.06, took: 3.05s
Epoch 2, 4.3%	 loss: 5.288 acc@1: 30.16 mrr: 33.36, ndcg: 34.12, took: 3.05s
Epoch 2, 6.4%	 loss: 5.318 acc@1: 29.22 mrr: 32.73, ndcg: 33.56, took: 2.99s
Epoch 2, 8.5%	 loss: 5.306 acc@1: 28.95 mrr: 32.52, ndcg: 33.13, took: 2.95s
Epoch 2, 10.6%	 loss: 5.108 acc@1: 31.13 mrr: 34.88, ndcg: 35.99, took: 3.06s
Epoch 2, 12.8%	 loss: 5.262 acc@1: 28.36 mrr: 31.93, ndcg: 33.01, took: 3.09s
Epoch 2, 14.9%	 loss: 5.256 acc@1: 29.49 mrr: 32.92, ndcg: 33.77, took: 3.17s
Epoch 2, 17.0%	 loss: 5.081 acc@1: 31.56 mrr: 35.13, ndcg: 35.96, took: 2.92s
Epoch 2, 19.1%	 loss: 5.193 acc@1: 28.32 mrr: 32.38, ndcg: 33.36, took: 3.05s
Epoch 2, 21.3%	 loss: 5.117 acc@1: 30.12 mrr: 34.26, ndcg: 35.46, took: 3.06s
Epoch 2, 23.4%	 loss: 5.129 acc@1: 29.77 mrr: 33.47, ndcg: 34.35, took: 3.06s
Epoch 2, 25.5%	 loss: 4.974 acc@1: 31.09 mrr: 35.14, ndcg: 36.30, took: 3.01s
Epoch 2, 27.7%	 loss: 4.925 acc@1: 31.76 mrr: 35.60, ndcg: 36.59, took: 2.99s
Epoch 2, 29.8%	 loss: 4.917 acc@1: 30.74 mrr: 34.95, ndcg: 36.02, took: 3.07s
Epoch 2, 31.9%	 loss: 5.003 acc@1: 30.94 mrr: 34.84, ndcg: 35.95, took: 2.91s
Epoch 2, 34.0%	 loss: 4.825 acc@1: 33.05 mrr: 37.40, ndcg: 38.70, took: 2.98s
Epoch 2, 36.2%	 loss: 4.992 acc@1: 30.94 mrr: 35.33, ndcg: 36.43, took: 3.03s
Epoch 2, 38.3%	 loss: 5.003 acc@1: 29.77 mrr: 34.29, ndcg: 35.67, took: 2.99s
Epoch 2, 40.4%	 loss: 4.780 acc@1: 32.85 mrr: 37.46, ndcg: 38.95, took: 3.01s
Epoch 2, 42.6%	 loss: 4.761 acc@1: 32.38 mrr: 37.59, ndcg: 39.28, took: 2.92s
Epoch 2, 44.7%	 loss: 4.704 acc@1: 33.20 mrr: 38.52, ndcg: 40.11, took: 2.99s
Epoch 2, 46.8%	 loss: 4.635 acc@1: 34.30 mrr: 39.96, ndcg: 42.16, took: 2.93s
Epoch 2, 48.9%	 loss: 4.576 acc@1: 34.61 mrr: 40.74, ndcg: 42.92, took: 3.04s
Epoch 2, 51.1%	 loss: 4.422 acc@1: 35.12 mrr: 42.55, ndcg: 45.03, took: 3.04s
Epoch 2, 53.2%	 loss: 4.466 acc@1: 35.74 mrr: 43.06, ndcg: 45.52, took: 2.88s
Epoch 2, 55.3%	 loss: 4.265 acc@1: 37.85 mrr: 46.15, ndcg: 49.05, took: 2.98s
Epoch 2, 57.4%	 loss: 4.150 acc@1: 37.81 mrr: 47.77, ndcg: 51.51, took: 2.80s
Epoch 2, 59.6%	 loss: 3.952 acc@1: 41.56 mrr: 51.05, ndcg: 54.39, took: 3.04s
Epoch 2, 61.7%	 loss: 3.792 acc@1: 42.93 mrr: 53.17, ndcg: 56.84, took: 2.94s
Epoch 2, 63.8%	 loss: 3.686 acc@1: 44.30 mrr: 54.45, ndcg: 58.06, took: 2.93s
Epoch 2, 66.0%	 loss: 3.583 acc@1: 43.87 mrr: 55.22, ndcg: 59.18, took: 3.15s
Epoch 2, 68.1%	 loss: 3.563 acc@1: 45.55 mrr: 56.70, ndcg: 60.68, took: 2.94s
Epoch 2, 70.2%	 loss: 3.343 acc@1: 46.80 mrr: 58.50, ndcg: 62.30, took: 2.88s
Epoch 2, 72.3%	 loss: 3.284 acc@1: 47.62 mrr: 59.41, ndcg: 63.50, took: 2.99s
Epoch 2, 74.5%	 loss: 3.171 acc@1: 47.93 mrr: 59.66, ndcg: 63.80, took: 2.84s
Epoch 2, 76.6%	 loss: 3.088 acc@1: 49.06 mrr: 60.67, ndcg: 64.80, took: 2.80s
Epoch 2, 78.7%	 loss: 3.340 acc@1: 44.26 mrr: 57.15, ndcg: 61.63, took: 2.84s
Epoch 2, 80.9%	 loss: 3.138 acc@1: 47.50 mrr: 59.45, ndcg: 63.76, took: 2.74s
Epoch 2, 83.0%	 loss: 3.053 acc@1: 48.63 mrr: 60.78, ndcg: 65.14, took: 2.86s
Epoch 2, 85.1%	 loss: 2.935 acc@1: 48.79 mrr: 61.11, ndcg: 65.79, took: 2.99s
Epoch 2, 87.2%	 loss: 3.002 acc@1: 47.85 mrr: 60.40, ndcg: 64.82, took: 3.08s
Epoch 2, 89.4%	 loss: 2.943 acc@1: 44.73 mrr: 58.86, ndcg: 64.19, took: 2.93s
Epoch 2, 91.5%	 loss: 2.887 acc@1: 46.29 mrr: 60.28, ndcg: 65.45, took: 3.06s
Epoch 2, 93.6%	 loss: 2.811 acc@1: 48.44 mrr: 61.42, ndcg: 66.35, took: 3.07s
Epoch 2, 95.7%	 loss: 2.661 acc@1: 48.91 mrr: 62.47, ndcg: 67.60, took: 2.92s
Epoch 2, 97.9%	 loss: 2.845 acc@1: 48.09 mrr: 61.30, ndcg: 66.40, took: 3.11s
Epoch 2, 100.0%	 loss: 2.838 acc@1: 48.75 mrr: 61.61, ndcg: 66.53, took: 2.98s
Validation - loss: 3.2449, acc@1: 46.67%, f1: 38.63%, mrr: 59.22%, ndcg: 63.99%
Current learning rate: 0.002000

=== Epoch 3 ===
Epoch 3, 2.1%	 loss: 2.631 acc@1: 47.70 mrr: 61.50, ndcg: 66.68, took: 3.07s
Epoch 3, 4.3%	 loss: 2.682 acc@1: 49.38 mrr: 62.19, ndcg: 67.01, took: 2.98s
Epoch 3, 6.4%	 loss: 2.623 acc@1: 48.71 mrr: 61.93, ndcg: 66.92, took: 3.09s
Epoch 3, 8.5%	 loss: 2.592 acc@1: 49.30 mrr: 62.49, ndcg: 67.61, took: 2.91s
Epoch 3, 10.6%	 loss: 2.548 acc@1: 48.75 mrr: 62.43, ndcg: 67.69, took: 2.83s
Epoch 3, 12.8%	 loss: 2.544 acc@1: 47.03 mrr: 61.67, ndcg: 67.33, took: 2.91s
Epoch 3, 14.9%	 loss: 2.461 acc@1: 50.98 mrr: 63.92, ndcg: 68.86, took: 3.08s
Epoch 3, 17.0%	 loss: 2.599 acc@1: 47.46 mrr: 61.22, ndcg: 66.53, took: 2.92s
Epoch 3, 19.1%	 loss: 2.523 acc@1: 49.77 mrr: 62.87, ndcg: 68.15, took: 3.06s
Epoch 3, 21.3%	 loss: 2.545 acc@1: 49.02 mrr: 62.57, ndcg: 67.64, took: 3.13s
Epoch 3, 23.4%	 loss: 2.562 acc@1: 49.73 mrr: 62.56, ndcg: 67.54, took: 2.96s
Epoch 3, 25.5%	 loss: 2.596 acc@1: 47.77 mrr: 61.50, ndcg: 66.77, took: 3.14s
Epoch 3, 27.7%	 loss: 2.521 acc@1: 49.53 mrr: 62.81, ndcg: 67.89, took: 3.03s
Epoch 3, 29.8%	 loss: 2.590 acc@1: 46.29 mrr: 60.71, ndcg: 66.11, took: 2.90s
Epoch 3, 31.9%	 loss: 2.444 acc@1: 51.05 mrr: 63.86, ndcg: 68.88, took: 3.09s
Epoch 3, 34.0%	 loss: 2.475 acc@1: 49.06 mrr: 62.58, ndcg: 67.89, took: 2.92s
Epoch 3, 36.2%	 loss: 2.487 acc@1: 50.39 mrr: 63.36, ndcg: 68.38, took: 3.09s
Epoch 3, 38.3%	 loss: 2.599 acc@1: 48.24 mrr: 61.45, ndcg: 66.84, took: 2.98s
Epoch 3, 40.4%	 loss: 2.485 acc@1: 51.88 mrr: 64.01, ndcg: 68.82, took: 3.06s
Epoch 3, 42.6%	 loss: 2.423 acc@1: 49.88 mrr: 63.24, ndcg: 68.65, took: 2.90s
Epoch 3, 44.7%	 loss: 2.534 acc@1: 49.96 mrr: 63.07, ndcg: 68.25, took: 2.82s
Epoch 3, 46.8%	 loss: 2.391 acc@1: 50.86 mrr: 64.07, ndcg: 69.25, took: 2.87s
Epoch 3, 48.9%	 loss: 2.446 acc@1: 50.55 mrr: 63.49, ndcg: 68.60, took: 3.01s
Epoch 3, 51.1%	 loss: 2.495 acc@1: 49.06 mrr: 62.56, ndcg: 67.82, took: 2.99s
Epoch 3, 53.2%	 loss: 2.530 acc@1: 48.75 mrr: 62.19, ndcg: 67.47, took: 3.03s
Epoch 3, 55.3%	 loss: 2.521 acc@1: 49.06 mrr: 62.33, ndcg: 67.66, took: 3.12s
Epoch 3, 57.4%	 loss: 2.451 acc@1: 50.20 mrr: 63.67, ndcg: 68.79, took: 2.94s
Epoch 3, 59.6%	 loss: 2.414 acc@1: 49.73 mrr: 63.33, ndcg: 68.56, took: 2.96s
Epoch 3, 61.7%	 loss: 2.452 acc@1: 50.04 mrr: 63.30, ndcg: 68.50, took: 2.98s
Epoch 3, 63.8%	 loss: 2.391 acc@1: 49.92 mrr: 63.51, ndcg: 68.88, took: 3.13s
Epoch 3, 66.0%	 loss: 2.432 acc@1: 49.57 mrr: 63.07, ndcg: 68.38, took: 3.16s
Epoch 3, 68.1%	 loss: 2.464 acc@1: 50.04 mrr: 63.29, ndcg: 68.37, took: 2.88s
Epoch 3, 70.2%	 loss: 2.416 acc@1: 48.95 mrr: 62.55, ndcg: 67.92, took: 3.02s
Epoch 3, 72.3%	 loss: 2.417 acc@1: 48.87 mrr: 62.90, ndcg: 68.17, took: 2.99s
Epoch 3, 74.5%	 loss: 2.453 acc@1: 49.41 mrr: 62.93, ndcg: 68.17, took: 3.03s
Epoch 3, 76.6%	 loss: 2.300 acc@1: 51.02 mrr: 64.70, ndcg: 70.11, took: 2.89s
Epoch 3, 78.7%	 loss: 2.402 acc@1: 50.23 mrr: 63.50, ndcg: 68.70, took: 2.79s
Epoch 3, 80.9%	 loss: 2.372 acc@1: 49.92 mrr: 63.71, ndcg: 69.01, took: 3.00s
Epoch 3, 83.0%	 loss: 2.350 acc@1: 52.07 mrr: 64.68, ndcg: 69.74, took: 2.88s
Epoch 3, 85.1%	 loss: 2.453 acc@1: 49.38 mrr: 62.53, ndcg: 67.81, took: 3.02s
Epoch 3, 87.2%	 loss: 2.257 acc@1: 50.94 mrr: 64.55, ndcg: 70.05, took: 3.20s
Epoch 3, 89.4%	 loss: 2.457 acc@1: 49.38 mrr: 62.75, ndcg: 68.01, took: 3.06s
Epoch 3, 91.5%	 loss: 2.367 acc@1: 50.35 mrr: 63.76, ndcg: 69.07, took: 2.97s
Epoch 3, 93.6%	 loss: 2.383 acc@1: 48.63 mrr: 62.52, ndcg: 68.10, took: 3.04s
Epoch 3, 95.7%	 loss: 2.313 acc@1: 51.21 mrr: 64.59, ndcg: 69.69, took: 2.99s
Epoch 3, 97.9%	 loss: 2.263 acc@1: 52.58 mrr: 65.38, ndcg: 70.32, took: 3.04s
Epoch 3, 100.0%	 loss: 2.429 acc@1: 49.06 mrr: 62.79, ndcg: 68.06, took: 2.92s
Validation - loss: 3.0201, acc@1: 47.68%, f1: 39.85%, mrr: 60.36%, ndcg: 65.31%
Current learning rate: 0.001958

=== Epoch 4 ===
Epoch 4, 2.1%	 loss: 2.173 acc@1: 50.43 mrr: 64.11, ndcg: 69.55, took: 3.00s
Epoch 4, 4.3%	 loss: 2.187 acc@1: 48.83 mrr: 63.05, ndcg: 68.71, took: 2.97s
Epoch 4, 6.4%	 loss: 2.185 acc@1: 51.25 mrr: 64.35, ndcg: 69.52, took: 3.08s
Epoch 4, 8.5%	 loss: 2.201 acc@1: 50.82 mrr: 63.96, ndcg: 69.14, took: 2.98s
Epoch 4, 10.6%	 loss: 2.131 acc@1: 51.45 mrr: 64.79, ndcg: 70.13, took: 3.08s
Epoch 4, 12.8%	 loss: 2.166 acc@1: 51.05 mrr: 64.52, ndcg: 69.71, took: 2.98s
Epoch 4, 14.9%	 loss: 2.221 acc@1: 50.47 mrr: 63.63, ndcg: 68.78, took: 3.02s
Epoch 4, 17.0%	 loss: 2.208 acc@1: 49.53 mrr: 63.21, ndcg: 68.49, took: 2.99s
Epoch 4, 19.1%	 loss: 2.216 acc@1: 50.39 mrr: 63.49, ndcg: 68.68, took: 3.06s
Epoch 4, 21.3%	 loss: 2.110 acc@1: 51.88 mrr: 65.04, ndcg: 70.20, took: 3.04s
Epoch 4, 23.4%	 loss: 2.230 acc@1: 50.39 mrr: 63.68, ndcg: 68.89, took: 3.11s
Epoch 4, 25.5%	 loss: 2.209 acc@1: 50.66 mrr: 63.77, ndcg: 68.93, took: 3.04s
Epoch 4, 27.7%	 loss: 2.200 acc@1: 51.56 mrr: 64.49, ndcg: 69.72, took: 2.98s
Epoch 4, 29.8%	 loss: 2.174 acc@1: 50.43 mrr: 63.86, ndcg: 69.24, took: 2.74s
Epoch 4, 31.9%	 loss: 2.262 acc@1: 50.82 mrr: 63.73, ndcg: 68.78, took: 2.92s
Epoch 4, 34.0%	 loss: 2.147 acc@1: 51.99 mrr: 64.97, ndcg: 69.96, took: 2.94s
Epoch 4, 36.2%	 loss: 2.215 acc@1: 50.31 mrr: 63.67, ndcg: 68.95, took: 3.07s
Epoch 4, 38.3%	 loss: 2.145 acc@1: 51.02 mrr: 64.61, ndcg: 69.96, took: 3.17s
Epoch 4, 40.4%	 loss: 2.167 acc@1: 51.72 mrr: 64.92, ndcg: 70.18, took: 2.79s
Epoch 4, 42.6%	 loss: 2.213 acc@1: 50.31 mrr: 63.99, ndcg: 69.28, took: 3.12s
Epoch 4, 44.7%	 loss: 2.175 acc@1: 51.09 mrr: 64.33, ndcg: 69.43, took: 2.96s
Epoch 4, 46.8%	 loss: 2.119 acc@1: 52.15 mrr: 65.40, ndcg: 70.43, took: 3.01s
Epoch 4, 48.9%	 loss: 2.193 acc@1: 50.74 mrr: 64.01, ndcg: 69.09, took: 3.04s
Epoch 4, 51.1%	 loss: 2.201 acc@1: 50.94 mrr: 63.90, ndcg: 68.97, took: 3.01s
Epoch 4, 53.2%	 loss: 2.218 acc@1: 51.29 mrr: 64.05, ndcg: 69.20, took: 2.87s
Epoch 4, 55.3%	 loss: 2.214 acc@1: 50.27 mrr: 63.72, ndcg: 68.90, took: 3.12s
Epoch 4, 57.4%	 loss: 2.110 acc@1: 52.93 mrr: 65.79, ndcg: 70.68, took: 3.02s
Epoch 4, 59.6%	 loss: 2.147 acc@1: 53.75 mrr: 65.89, ndcg: 70.72, took: 2.91s
Epoch 4, 61.7%	 loss: 2.135 acc@1: 51.60 mrr: 64.91, ndcg: 70.06, took: 3.02s
Epoch 4, 63.8%	 loss: 2.316 acc@1: 50.27 mrr: 63.04, ndcg: 67.97, took: 2.99s
Epoch 4, 66.0%	 loss: 2.221 acc@1: 51.45 mrr: 64.29, ndcg: 69.24, took: 2.99s
Epoch 4, 68.1%	 loss: 2.203 acc@1: 51.17 mrr: 64.27, ndcg: 69.43, took: 2.98s
Epoch 4, 70.2%	 loss: 2.206 acc@1: 51.91 mrr: 64.75, ndcg: 69.66, took: 3.08s
Epoch 4, 72.3%	 loss: 2.117 acc@1: 53.87 mrr: 66.19, ndcg: 71.07, took: 3.09s
Epoch 4, 74.5%	 loss: 2.240 acc@1: 51.56 mrr: 64.29, ndcg: 69.25, took: 3.10s
Epoch 4, 76.6%	 loss: 2.228 acc@1: 52.11 mrr: 64.48, ndcg: 69.31, took: 3.05s
Epoch 4, 78.7%	 loss: 2.140 acc@1: 51.21 mrr: 64.51, ndcg: 69.76, took: 2.91s
Epoch 4, 80.9%	 loss: 2.153 acc@1: 51.64 mrr: 64.73, ndcg: 69.86, took: 2.90s
Epoch 4, 83.0%	 loss: 2.122 acc@1: 53.52 mrr: 66.12, ndcg: 71.02, took: 2.88s
Epoch 4, 85.1%	 loss: 2.255 acc@1: 50.66 mrr: 63.81, ndcg: 68.89, took: 2.80s
Epoch 4, 87.2%	 loss: 2.149 acc@1: 53.05 mrr: 65.91, ndcg: 70.73, took: 2.86s
Epoch 4, 89.4%	 loss: 2.274 acc@1: 49.41 mrr: 63.05, ndcg: 68.29, took: 2.99s
Epoch 4, 91.5%	 loss: 2.163 acc@1: 52.46 mrr: 65.04, ndcg: 70.12, took: 3.03s
Epoch 4, 93.6%	 loss: 2.279 acc@1: 49.06 mrr: 62.70, ndcg: 68.06, took: 2.93s
Epoch 4, 95.7%	 loss: 2.087 acc@1: 53.63 mrr: 66.32, ndcg: 71.30, took: 2.95s
Epoch 4, 97.9%	 loss: 2.103 acc@1: 53.32 mrr: 66.13, ndcg: 71.03, took: 3.12s
Epoch 4, 100.0%	 loss: 2.144 acc@1: 52.27 mrr: 65.38, ndcg: 70.58, took: 3.12s
Validation - loss: 2.9484, acc@1: 48.97%, f1: 41.92%, mrr: 61.05%, ndcg: 65.74%
Current learning rate: 0.001917

=== Epoch 5 ===
Epoch 5, 2.1%	 loss: 2.104 acc@1: 51.52 mrr: 64.57, ndcg: 69.55, took: 3.13s
Epoch 5, 4.3%	 loss: 2.030 acc@1: 52.81 mrr: 65.54, ndcg: 70.56, took: 3.00s
Epoch 5, 6.4%	 loss: 1.974 acc@1: 53.20 mrr: 66.00, ndcg: 71.13, took: 3.02s
Epoch 5, 8.5%	 loss: 2.054 acc@1: 50.62 mrr: 64.27, ndcg: 69.53, took: 3.00s
Epoch 5, 10.6%	 loss: 1.979 acc@1: 52.85 mrr: 65.94, ndcg: 71.25, took: 2.92s
Epoch 5, 12.8%	 loss: 1.983 acc@1: 53.52 mrr: 66.21, ndcg: 71.09, took: 3.03s
Epoch 5, 14.9%	 loss: 2.084 acc@1: 51.99 mrr: 64.66, ndcg: 69.54, took: 3.07s
Epoch 5, 17.0%	 loss: 2.037 acc@1: 53.55 mrr: 65.90, ndcg: 70.65, took: 3.03s
Epoch 5, 19.1%	 loss: 2.073 acc@1: 52.58 mrr: 65.28, ndcg: 70.25, took: 3.02s
Epoch 5, 21.3%	 loss: 1.966 acc@1: 55.55 mrr: 67.44, ndcg: 72.18, took: 2.95s
Epoch 5, 23.4%	 loss: 2.079 acc@1: 52.62 mrr: 65.23, ndcg: 70.05, took: 3.01s
Epoch 5, 25.5%	 loss: 2.098 acc@1: 52.15 mrr: 64.69, ndcg: 69.53, took: 2.99s
Epoch 5, 27.7%	 loss: 1.982 acc@1: 54.61 mrr: 66.71, ndcg: 71.41, took: 3.04s
Epoch 5, 29.8%	 loss: 2.052 acc@1: 53.40 mrr: 65.85, ndcg: 70.65, took: 3.03s
Epoch 5, 31.9%	 loss: 2.041 acc@1: 53.55 mrr: 66.12, ndcg: 71.01, took: 2.83s
Epoch 5, 34.0%	 loss: 1.994 acc@1: 52.93 mrr: 66.03, ndcg: 71.08, took: 2.90s
Epoch 5, 36.2%	 loss: 2.137 acc@1: 50.90 mrr: 64.28, ndcg: 69.47, took: 2.98s
Epoch 5, 38.3%	 loss: 2.055 acc@1: 51.76 mrr: 64.57, ndcg: 69.67, took: 2.98s
Epoch 5, 40.4%	 loss: 2.107 acc@1: 52.85 mrr: 65.33, ndcg: 70.20, took: 3.03s
Epoch 5, 42.6%	 loss: 2.099 acc@1: 51.17 mrr: 64.31, ndcg: 69.49, took: 3.10s
Epoch 5, 44.7%	 loss: 2.154 acc@1: 51.99 mrr: 64.22, ndcg: 69.04, took: 2.98s
Epoch 5, 46.8%	 loss: 2.088 acc@1: 52.62 mrr: 65.15, ndcg: 69.97, took: 2.87s
Epoch 5, 48.9%	 loss: 2.166 acc@1: 53.09 mrr: 64.72, ndcg: 69.26, took: 2.89s
Epoch 5, 51.1%	 loss: 2.019 acc@1: 52.89 mrr: 65.94, ndcg: 70.98, took: 2.98s
Epoch 5, 53.2%	 loss: 2.116 acc@1: 52.38 mrr: 65.00, ndcg: 69.79, took: 3.10s
Epoch 5, 55.3%	 loss: 2.106 acc@1: 53.40 mrr: 65.35, ndcg: 70.10, took: 3.01s
Epoch 5, 57.4%	 loss: 1.956 acc@1: 54.77 mrr: 67.10, ndcg: 71.84, took: 3.00s
Epoch 5, 59.6%	 loss: 2.007 acc@1: 51.72 mrr: 65.46, ndcg: 70.86, took: 2.91s
Epoch 5, 61.7%	 loss: 2.021 acc@1: 55.12 mrr: 67.15, ndcg: 71.71, took: 2.99s
Epoch 5, 63.8%	 loss: 2.041 acc@1: 52.19 mrr: 65.40, ndcg: 70.47, took: 2.97s
Epoch 5, 66.0%	 loss: 2.078 acc@1: 52.30 mrr: 65.25, ndcg: 70.15, took: 2.97s
Epoch 5, 68.1%	 loss: 2.059 acc@1: 52.46 mrr: 65.34, ndcg: 70.26, took: 3.08s
Epoch 5, 70.2%	 loss: 2.061 acc@1: 53.12 mrr: 65.74, ndcg: 70.80, took: 3.01s
Epoch 5, 72.3%	 loss: 2.095 acc@1: 51.80 mrr: 65.06, ndcg: 69.96, took: 3.18s
Epoch 5, 74.5%	 loss: 2.028 acc@1: 54.80 mrr: 66.60, ndcg: 71.12, took: 3.01s
Epoch 5, 76.6%	 loss: 2.002 acc@1: 55.23 mrr: 67.34, ndcg: 72.00, took: 3.04s
Epoch 5, 78.7%	 loss: 2.092 acc@1: 52.11 mrr: 65.07, ndcg: 69.89, took: 2.83s
Epoch 5, 80.9%	 loss: 2.086 acc@1: 53.12 mrr: 65.40, ndcg: 70.16, took: 2.84s
Epoch 5, 83.0%	 loss: 2.001 acc@1: 55.20 mrr: 67.06, ndcg: 71.67, took: 3.02s
Epoch 5, 85.1%	 loss: 2.031 acc@1: 52.77 mrr: 65.71, ndcg: 70.67, took: 3.11s
Epoch 5, 87.2%	 loss: 2.023 acc@1: 55.31 mrr: 67.11, ndcg: 71.71, took: 3.00s
Epoch 5, 89.4%	 loss: 2.086 acc@1: 55.12 mrr: 66.64, ndcg: 71.19, took: 3.17s
Epoch 5, 91.5%	 loss: 2.074 acc@1: 53.75 mrr: 66.09, ndcg: 70.85, took: 3.24s
Epoch 5, 93.6%	 loss: 2.014 acc@1: 54.10 mrr: 66.78, ndcg: 71.56, took: 2.89s
Epoch 5, 95.7%	 loss: 2.061 acc@1: 53.98 mrr: 66.11, ndcg: 70.91, took: 2.92s
Epoch 5, 97.9%	 loss: 2.089 acc@1: 53.48 mrr: 65.65, ndcg: 70.38, took: 3.04s
Epoch 5, 100.0%	 loss: 2.069 acc@1: 53.16 mrr: 65.72, ndcg: 70.64, took: 2.97s
Validation - loss: 2.9447, acc@1: 49.19%, f1: 42.44%, mrr: 61.28%, ndcg: 65.96%
Current learning rate: 0.001875

=== Epoch 6 ===
Epoch 6, 2.1%	 loss: 1.895 acc@1: 53.67 mrr: 66.82, ndcg: 72.03, took: 2.89s
Epoch 6, 4.3%	 loss: 1.926 acc@1: 54.02 mrr: 66.71, ndcg: 71.63, took: 3.12s
Epoch 6, 6.4%	 loss: 1.974 acc@1: 52.11 mrr: 65.36, ndcg: 70.56, took: 2.97s
Epoch 6, 8.5%	 loss: 1.902 acc@1: 54.10 mrr: 66.73, ndcg: 71.78, took: 2.87s
Epoch 6, 10.6%	 loss: 1.915 acc@1: 54.10 mrr: 66.97, ndcg: 72.10, took: 3.03s
Epoch 6, 12.8%	 loss: 1.916 acc@1: 54.69 mrr: 67.08, ndcg: 72.00, took: 2.97s
Epoch 6, 14.9%	 loss: 1.914 acc@1: 55.23 mrr: 67.29, ndcg: 72.00, took: 3.45s
Epoch 6, 17.0%	 loss: 1.886 acc@1: 55.23 mrr: 67.53, ndcg: 72.25, took: 2.97s
Epoch 6, 19.1%	 loss: 1.917 acc@1: 56.25 mrr: 67.56, ndcg: 71.93, took: 2.78s
Epoch 6, 21.3%	 loss: 2.013 acc@1: 54.22 mrr: 66.08, ndcg: 70.70, took: 3.15s
Epoch 6, 23.4%	 loss: 1.922 acc@1: 54.92 mrr: 67.13, ndcg: 71.84, took: 3.09s
Epoch 6, 25.5%	 loss: 2.034 acc@1: 53.09 mrr: 65.50, ndcg: 70.33, took: 2.95s
Epoch 6, 27.7%	 loss: 1.923 acc@1: 54.92 mrr: 66.99, ndcg: 71.95, took: 2.92s
Epoch 6, 29.8%	 loss: 1.939 acc@1: 54.73 mrr: 66.91, ndcg: 71.84, took: 3.26s
Epoch 6, 31.9%	 loss: 1.970 acc@1: 55.12 mrr: 66.99, ndcg: 71.61, took: 3.14s
Epoch 6, 34.0%	 loss: 2.029 acc@1: 54.10 mrr: 66.04, ndcg: 70.62, took: 3.10s
Epoch 6, 36.2%	 loss: 2.005 acc@1: 53.40 mrr: 66.02, ndcg: 70.77, took: 2.98s
Epoch 6, 38.3%	 loss: 2.049 acc@1: 53.16 mrr: 65.42, ndcg: 70.17, took: 3.02s
Epoch 6, 40.4%	 loss: 1.982 acc@1: 54.34 mrr: 66.57, ndcg: 71.38, took: 2.92s
Epoch 6, 42.6%	 loss: 2.012 acc@1: 53.28 mrr: 65.65, ndcg: 70.42, took: 2.93s
Epoch 6, 44.7%	 loss: 1.967 acc@1: 55.16 mrr: 67.11, ndcg: 71.68, took: 2.95s
Epoch 6, 46.8%	 loss: 2.002 acc@1: 54.61 mrr: 66.42, ndcg: 71.15, took: 2.98s
Epoch 6, 48.9%	 loss: 2.051 acc@1: 53.91 mrr: 65.79, ndcg: 70.39, took: 3.03s
Epoch 6, 51.1%	 loss: 1.993 acc@1: 55.08 mrr: 66.96, ndcg: 71.44, took: 3.03s
Epoch 6, 53.2%	 loss: 2.011 acc@1: 53.71 mrr: 66.01, ndcg: 70.83, took: 3.02s
Epoch 6, 55.3%	 loss: 1.963 acc@1: 53.75 mrr: 66.27, ndcg: 70.99, took: 2.96s
Epoch 6, 57.4%	 loss: 1.954 acc@1: 54.57 mrr: 66.64, ndcg: 71.30, took: 3.03s
Epoch 6, 59.6%	 loss: 2.034 acc@1: 52.70 mrr: 65.50, ndcg: 70.42, took: 2.98s
Epoch 6, 61.7%	 loss: 1.981 acc@1: 55.27 mrr: 67.31, ndcg: 71.88, took: 3.00s
Epoch 6, 63.8%	 loss: 1.884 acc@1: 56.21 mrr: 68.12, ndcg: 72.70, took: 2.96s
Epoch 6, 66.0%	 loss: 2.011 acc@1: 53.16 mrr: 65.86, ndcg: 70.71, took: 2.82s
Epoch 6, 68.1%	 loss: 1.955 acc@1: 55.78 mrr: 67.61, ndcg: 72.28, took: 2.95s
Epoch 6, 70.2%	 loss: 1.938 acc@1: 55.20 mrr: 67.16, ndcg: 72.02, took: 3.03s
Epoch 6, 72.3%	 loss: 2.065 acc@1: 52.81 mrr: 65.17, ndcg: 69.99, took: 3.09s
Epoch 6, 74.5%	 loss: 2.030 acc@1: 53.87 mrr: 65.94, ndcg: 70.63, took: 3.01s
Epoch 6, 76.6%	 loss: 2.041 acc@1: 52.97 mrr: 65.41, ndcg: 70.25, took: 2.99s
Epoch 6, 78.7%	 loss: 1.942 acc@1: 55.08 mrr: 67.16, ndcg: 71.85, took: 2.85s
Epoch 6, 80.9%	 loss: 1.994 acc@1: 53.75 mrr: 66.32, ndcg: 70.96, took: 2.88s
Epoch 6, 83.0%	 loss: 1.987 acc@1: 54.41 mrr: 66.68, ndcg: 71.26, took: 2.92s
Epoch 6, 85.1%	 loss: 1.929 acc@1: 55.98 mrr: 67.77, ndcg: 72.32, took: 2.97s
Epoch 6, 87.2%	 loss: 2.035 acc@1: 53.12 mrr: 65.49, ndcg: 70.17, took: 2.87s
Epoch 6, 89.4%	 loss: 2.057 acc@1: 54.10 mrr: 65.91, ndcg: 70.52, took: 2.68s
Epoch 6, 91.5%	 loss: 2.010 acc@1: 55.04 mrr: 66.73, ndcg: 71.11, took: 2.89s
Epoch 6, 93.6%	 loss: 1.930 acc@1: 55.12 mrr: 67.69, ndcg: 72.60, took: 3.02s
Epoch 6, 95.7%	 loss: 1.977 acc@1: 55.20 mrr: 67.16, ndcg: 71.74, took: 2.97s
Epoch 6, 97.9%	 loss: 1.953 acc@1: 55.43 mrr: 67.15, ndcg: 71.70, took: 3.06s
Epoch 6, 100.0%	 loss: 1.991 acc@1: 55.51 mrr: 67.30, ndcg: 71.73, took: 2.83s
Validation - loss: 2.9354, acc@1: 50.76%, f1: 44.26%, mrr: 62.27%, ndcg: 66.78%
Current learning rate: 0.001833

=== Epoch 7 ===
Epoch 7, 2.1%	 loss: 1.799 acc@1: 56.99 mrr: 69.00, ndcg: 73.77, took: 2.95s
Epoch 7, 4.3%	 loss: 1.866 acc@1: 55.20 mrr: 67.48, ndcg: 72.39, took: 2.91s
Epoch 7, 6.4%	 loss: 1.874 acc@1: 55.31 mrr: 67.36, ndcg: 72.11, took: 3.03s
Epoch 7, 8.5%	 loss: 1.871 acc@1: 54.34 mrr: 66.92, ndcg: 71.83, took: 2.96s
Epoch 7, 10.6%	 loss: 1.865 acc@1: 55.04 mrr: 67.41, ndcg: 72.23, took: 3.08s
Epoch 7, 12.8%	 loss: 1.834 acc@1: 55.16 mrr: 67.69, ndcg: 72.52, took: 3.15s
Epoch 7, 14.9%	 loss: 1.927 acc@1: 54.69 mrr: 66.90, ndcg: 71.69, took: 3.11s
Epoch 7, 17.0%	 loss: 1.896 acc@1: 55.74 mrr: 67.27, ndcg: 71.87, took: 3.03s
Epoch 7, 19.1%	 loss: 1.947 acc@1: 54.06 mrr: 66.44, ndcg: 71.09, took: 3.05s
Epoch 7, 21.3%	 loss: 1.858 acc@1: 56.37 mrr: 68.13, ndcg: 72.70, took: 2.82s
Epoch 7, 23.4%	 loss: 1.933 acc@1: 55.55 mrr: 67.06, ndcg: 71.60, took: 3.08s
Epoch 7, 25.5%	 loss: 1.814 acc@1: 56.68 mrr: 68.51, ndcg: 73.01, took: 2.99s
Epoch 7, 27.7%	 loss: 1.912 acc@1: 55.51 mrr: 67.42, ndcg: 72.00, took: 3.22s
Epoch 7, 29.8%	 loss: 1.891 acc@1: 54.92 mrr: 67.31, ndcg: 71.95, took: 3.07s
Epoch 7, 31.9%	 loss: 1.865 acc@1: 56.48 mrr: 68.35, ndcg: 72.73, took: 3.05s
Epoch 7, 34.0%	 loss: 1.944 acc@1: 54.84 mrr: 66.88, ndcg: 71.37, took: 2.89s
Epoch 7, 36.2%	 loss: 1.758 acc@1: 58.52 mrr: 69.93, ndcg: 74.27, took: 3.06s
Epoch 7, 38.3%	 loss: 1.878 acc@1: 55.16 mrr: 67.55, ndcg: 72.43, took: 2.97s
Epoch 7, 40.4%	 loss: 1.909 acc@1: 55.55 mrr: 67.17, ndcg: 71.79, took: 3.00s
Epoch 7, 42.6%	 loss: 1.876 acc@1: 57.19 mrr: 68.41, ndcg: 72.79, took: 2.96s
Epoch 7, 44.7%	 loss: 1.869 acc@1: 57.54 mrr: 68.71, ndcg: 73.03, took: 3.19s
Epoch 7, 46.8%	 loss: 1.912 acc@1: 55.35 mrr: 67.40, ndcg: 72.01, took: 3.06s
Epoch 7, 48.9%	 loss: 1.916 acc@1: 55.08 mrr: 67.02, ndcg: 71.62, took: 3.07s
Epoch 7, 51.1%	 loss: 1.983 acc@1: 54.06 mrr: 66.23, ndcg: 70.76, took: 3.08s
Epoch 7, 53.2%	 loss: 1.940 acc@1: 55.35 mrr: 67.12, ndcg: 71.65, took: 3.01s
Epoch 7, 55.3%	 loss: 1.853 acc@1: 55.31 mrr: 67.79, ndcg: 72.58, took: 2.89s
Epoch 7, 57.4%	 loss: 1.877 acc@1: 56.37 mrr: 68.09, ndcg: 72.66, took: 2.86s
Epoch 7, 59.6%	 loss: 1.895 acc@1: 55.47 mrr: 67.54, ndcg: 72.25, took: 2.98s
Epoch 7, 61.7%	 loss: 1.904 acc@1: 55.27 mrr: 67.45, ndcg: 71.99, took: 2.99s
Epoch 7, 63.8%	 loss: 1.822 acc@1: 57.15 mrr: 68.89, ndcg: 73.51, took: 2.84s
Epoch 7, 66.0%	 loss: 1.994 acc@1: 53.40 mrr: 65.86, ndcg: 70.66, took: 3.09s
Epoch 7, 68.1%	 loss: 1.949 acc@1: 55.20 mrr: 66.92, ndcg: 71.51, took: 2.98s
Epoch 7, 70.2%	 loss: 1.976 acc@1: 56.05 mrr: 67.18, ndcg: 71.56, took: 3.10s
Epoch 7, 72.3%	 loss: 1.922 acc@1: 54.53 mrr: 66.97, ndcg: 71.80, took: 2.90s
Epoch 7, 74.5%	 loss: 1.984 acc@1: 53.87 mrr: 66.15, ndcg: 70.78, took: 3.11s
Epoch 7, 76.6%	 loss: 1.921 acc@1: 55.20 mrr: 67.19, ndcg: 71.93, took: 2.97s
Epoch 7, 78.7%	 loss: 1.916 acc@1: 55.20 mrr: 67.19, ndcg: 71.85, took: 3.02s
Epoch 7, 80.9%	 loss: 1.929 acc@1: 55.16 mrr: 67.26, ndcg: 71.91, took: 2.91s
Epoch 7, 83.0%	 loss: 1.942 acc@1: 55.82 mrr: 67.18, ndcg: 71.73, took: 2.84s
Epoch 7, 85.1%	 loss: 2.006 acc@1: 54.96 mrr: 66.44, ndcg: 71.11, took: 2.79s
Epoch 7, 87.2%	 loss: 1.952 acc@1: 56.37 mrr: 67.99, ndcg: 72.35, took: 3.07s
Epoch 7, 89.4%	 loss: 1.935 acc@1: 55.08 mrr: 67.25, ndcg: 71.81, took: 2.97s
Epoch 7, 91.5%	 loss: 1.915 acc@1: 56.17 mrr: 67.85, ndcg: 72.55, took: 2.69s
Epoch 7, 93.6%	 loss: 1.941 acc@1: 54.57 mrr: 66.81, ndcg: 71.60, took: 2.89s
Epoch 7, 95.7%	 loss: 1.927 acc@1: 56.05 mrr: 67.64, ndcg: 72.08, took: 2.95s
Epoch 7, 97.9%	 loss: 1.898 acc@1: 56.05 mrr: 67.78, ndcg: 72.41, took: 2.95s
Epoch 7, 100.0%	 loss: 1.968 acc@1: 53.63 mrr: 66.29, ndcg: 71.06, took: 3.19s
Validation - loss: 2.9691, acc@1: 50.41%, f1: 43.57%, mrr: 61.97%, ndcg: 66.54%
Current learning rate: 0.001792

=== Epoch 8 ===
Epoch 8, 2.1%	 loss: 1.711 acc@1: 56.68 mrr: 69.06, ndcg: 74.36, took: 3.00s
Epoch 8, 4.3%	 loss: 1.711 acc@1: 58.09 mrr: 69.89, ndcg: 74.64, took: 2.89s
Epoch 8, 6.4%	 loss: 1.727 acc@1: 57.50 mrr: 69.36, ndcg: 74.17, took: 3.10s
Epoch 8, 8.5%	 loss: 1.796 acc@1: 55.82 mrr: 68.17, ndcg: 73.10, took: 3.04s
Epoch 8, 10.6%	 loss: 1.727 acc@1: 58.28 mrr: 69.67, ndcg: 74.21, took: 3.01s
Epoch 8, 12.8%	 loss: 1.811 acc@1: 56.91 mrr: 68.53, ndcg: 73.25, took: 3.09s
Epoch 8, 14.9%	 loss: 1.818 acc@1: 55.70 mrr: 67.71, ndcg: 72.55, took: 3.04s
Epoch 8, 17.0%	 loss: 1.803 acc@1: 56.64 mrr: 68.62, ndcg: 73.55, took: 3.17s
Epoch 8, 19.1%	 loss: 1.807 acc@1: 55.66 mrr: 67.82, ndcg: 72.73, took: 3.00s
Epoch 8, 21.3%	 loss: 1.847 acc@1: 54.06 mrr: 66.84, ndcg: 71.86, took: 2.99s
Epoch 8, 23.4%	 loss: 1.864 acc@1: 56.17 mrr: 67.91, ndcg: 72.42, took: 3.02s
Epoch 8, 25.5%	 loss: 1.808 acc@1: 56.80 mrr: 68.65, ndcg: 73.09, took: 2.94s
Epoch 8, 27.7%	 loss: 1.834 acc@1: 58.24 mrr: 69.12, ndcg: 73.34, took: 2.89s
Epoch 8, 29.8%	 loss: 1.847 acc@1: 56.45 mrr: 68.10, ndcg: 72.63, took: 3.13s
Epoch 8, 31.9%	 loss: 1.884 acc@1: 56.48 mrr: 67.75, ndcg: 72.17, took: 2.98s
Epoch 8, 34.0%	 loss: 1.847 acc@1: 55.62 mrr: 67.70, ndcg: 72.37, took: 3.05s
Epoch 8, 36.2%	 loss: 1.866 acc@1: 55.35 mrr: 67.54, ndcg: 72.05, took: 3.02s
Epoch 8, 38.3%	 loss: 1.862 acc@1: 56.02 mrr: 67.92, ndcg: 72.61, took: 2.94s
Epoch 8, 40.4%	 loss: 1.851 acc@1: 57.11 mrr: 68.23, ndcg: 72.51, took: 2.98s
Epoch 8, 42.6%	 loss: 1.809 acc@1: 57.89 mrr: 69.23, ndcg: 73.71, took: 2.98s
Epoch 8, 44.7%	 loss: 1.848 acc@1: 56.29 mrr: 68.15, ndcg: 72.71, took: 3.00s
Epoch 8, 46.8%	 loss: 1.893 acc@1: 56.02 mrr: 67.59, ndcg: 72.08, took: 2.96s
Epoch 8, 48.9%	 loss: 1.860 acc@1: 56.02 mrr: 67.73, ndcg: 72.40, took: 3.05s
Epoch 8, 51.1%	 loss: 1.862 acc@1: 57.34 mrr: 68.81, ndcg: 73.06, took: 2.95s
Epoch 8, 53.2%	 loss: 1.864 acc@1: 57.11 mrr: 68.29, ndcg: 72.88, took: 2.94s
Epoch 8, 55.3%	 loss: 1.880 acc@1: 56.91 mrr: 68.30, ndcg: 72.64, took: 2.92s
Epoch 8, 57.4%	 loss: 1.837 acc@1: 57.58 mrr: 68.77, ndcg: 73.05, took: 2.86s
Epoch 8, 59.6%	 loss: 1.853 acc@1: 56.37 mrr: 68.32, ndcg: 73.01, took: 3.08s
Epoch 8, 61.7%	 loss: 1.889 acc@1: 57.23 mrr: 68.55, ndcg: 72.68, took: 3.09s
Epoch 8, 63.8%	 loss: 1.789 acc@1: 57.70 mrr: 69.33, ndcg: 73.83, took: 3.11s
Epoch 8, 66.0%	 loss: 1.815 acc@1: 58.28 mrr: 69.45, ndcg: 73.69, took: 3.19s
Epoch 8, 68.1%	 loss: 1.966 acc@1: 53.83 mrr: 66.19, ndcg: 70.87, took: 3.07s
Epoch 8, 70.2%	 loss: 1.819 acc@1: 57.50 mrr: 69.14, ndcg: 73.73, took: 2.97s
Epoch 8, 72.3%	 loss: 1.850 acc@1: 56.91 mrr: 68.60, ndcg: 73.10, took: 2.98s
Epoch 8, 74.5%	 loss: 1.794 acc@1: 57.73 mrr: 69.54, ndcg: 73.88, took: 3.01s
Epoch 8, 76.6%	 loss: 1.821 acc@1: 57.58 mrr: 68.98, ndcg: 73.39, took: 2.87s
Epoch 8, 78.7%	 loss: 1.858 acc@1: 58.16 mrr: 69.28, ndcg: 73.47, took: 2.84s
Epoch 8, 80.9%	 loss: 1.839 acc@1: 56.64 mrr: 68.47, ndcg: 73.06, took: 2.92s
Epoch 8, 83.0%	 loss: 1.846 acc@1: 55.98 mrr: 67.83, ndcg: 72.43, took: 3.10s
Epoch 8, 85.1%	 loss: 1.874 acc@1: 57.19 mrr: 68.48, ndcg: 72.89, took: 3.03s
Epoch 8, 87.2%	 loss: 1.906 acc@1: 55.43 mrr: 67.28, ndcg: 72.08, took: 2.89s
Epoch 8, 89.4%	 loss: 1.891 acc@1: 56.09 mrr: 67.99, ndcg: 72.61, took: 3.05s
Epoch 8, 91.5%	 loss: 1.879 acc@1: 57.11 mrr: 68.32, ndcg: 72.63, took: 2.80s
Epoch 8, 93.6%	 loss: 1.906 acc@1: 55.31 mrr: 67.55, ndcg: 72.09, took: 2.72s
Epoch 8, 95.7%	 loss: 1.949 acc@1: 55.62 mrr: 67.35, ndcg: 71.70, took: 2.91s
Epoch 8, 97.9%	 loss: 1.809 acc@1: 58.09 mrr: 69.21, ndcg: 73.47, took: 3.02s
Epoch 8, 100.0%	 loss: 1.894 acc@1: 56.60 mrr: 68.11, ndcg: 72.70, took: 2.93s
Validation - loss: 2.9749, acc@1: 50.57%, f1: 44.06%, mrr: 62.13%, ndcg: 66.63%
Current learning rate: 0.001750

=== Epoch 9 ===
Epoch 9, 2.1%	 loss: 1.663 acc@1: 57.97 mrr: 70.19, ndcg: 75.01, took: 3.00s
Epoch 9, 4.3%	 loss: 1.688 acc@1: 59.06 mrr: 70.23, ndcg: 74.79, took: 3.12s
Epoch 9, 6.4%	 loss: 1.693 acc@1: 58.09 mrr: 70.23, ndcg: 75.17, took: 3.04s
Epoch 9, 8.5%	 loss: 1.692 acc@1: 58.48 mrr: 70.15, ndcg: 74.83, took: 3.03s
Epoch 9, 10.6%	 loss: 1.713 acc@1: 58.09 mrr: 69.79, ndcg: 74.53, took: 2.98s
Epoch 9, 12.8%	 loss: 1.648 acc@1: 60.08 mrr: 71.23, ndcg: 75.85, took: 3.14s
Epoch 9, 14.9%	 loss: 1.686 acc@1: 58.12 mrr: 69.92, ndcg: 74.53, took: 3.01s
Epoch 9, 17.0%	 loss: 1.754 acc@1: 57.15 mrr: 68.75, ndcg: 73.55, took: 3.06s
Epoch 9, 19.1%	 loss: 1.759 acc@1: 55.78 mrr: 68.41, ndcg: 73.51, took: 2.97s
Epoch 9, 21.3%	 loss: 1.800 acc@1: 56.37 mrr: 68.15, ndcg: 72.89, took: 2.76s
Epoch 9, 23.4%	 loss: 1.728 acc@1: 57.27 mrr: 69.62, ndcg: 74.28, took: 3.01s
Epoch 9, 25.5%	 loss: 1.746 acc@1: 56.80 mrr: 69.08, ndcg: 73.82, took: 3.10s
Epoch 9, 27.7%	 loss: 1.738 acc@1: 57.42 mrr: 69.37, ndcg: 73.80, took: 3.03s
Epoch 9, 29.8%	 loss: 1.738 acc@1: 58.67 mrr: 69.91, ndcg: 74.55, took: 3.06s
Epoch 9, 31.9%	 loss: 1.758 acc@1: 58.01 mrr: 69.55, ndcg: 73.93, took: 2.99s
Epoch 9, 34.0%	 loss: 1.828 acc@1: 56.45 mrr: 68.16, ndcg: 72.82, took: 2.95s
Epoch 9, 36.2%	 loss: 1.686 acc@1: 59.14 mrr: 70.62, ndcg: 75.26, took: 3.07s
Epoch 9, 38.3%	 loss: 1.771 acc@1: 57.77 mrr: 69.46, ndcg: 73.89, took: 3.02s
Epoch 9, 40.4%	 loss: 1.751 acc@1: 58.44 mrr: 69.88, ndcg: 74.32, took: 3.03s
Epoch 9, 42.6%	 loss: 1.779 acc@1: 57.07 mrr: 68.85, ndcg: 73.38, took: 3.03s
Epoch 9, 44.7%	 loss: 1.783 acc@1: 59.06 mrr: 69.93, ndcg: 74.27, took: 2.89s
Epoch 9, 46.8%	 loss: 1.788 acc@1: 57.38 mrr: 68.83, ndcg: 73.30, took: 2.92s
Epoch 9, 48.9%	 loss: 1.754 acc@1: 58.44 mrr: 70.04, ndcg: 74.59, took: 3.15s
Epoch 9, 51.1%	 loss: 1.778 acc@1: 57.62 mrr: 69.14, ndcg: 73.63, took: 3.07s
Epoch 9, 53.2%	 loss: 1.734 acc@1: 58.28 mrr: 69.84, ndcg: 74.24, took: 2.90s
Epoch 9, 55.3%	 loss: 1.773 acc@1: 57.54 mrr: 69.13, ndcg: 73.68, took: 2.95s
Epoch 9, 57.4%	 loss: 1.893 acc@1: 55.04 mrr: 67.11, ndcg: 71.86, took: 3.02s
Epoch 9, 59.6%	 loss: 1.798 acc@1: 57.11 mrr: 68.92, ndcg: 73.44, took: 2.87s
Epoch 9, 61.7%	 loss: 1.749 acc@1: 58.09 mrr: 69.70, ndcg: 74.27, took: 3.01s
Epoch 9, 63.8%	 loss: 1.897 acc@1: 55.98 mrr: 67.71, ndcg: 72.10, took: 3.02s
Epoch 9, 66.0%	 loss: 1.758 acc@1: 58.28 mrr: 69.69, ndcg: 74.06, took: 2.74s
Epoch 9, 68.1%	 loss: 1.814 acc@1: 56.84 mrr: 68.59, ndcg: 73.15, took: 2.89s
Epoch 9, 70.2%	 loss: 1.859 acc@1: 57.66 mrr: 68.50, ndcg: 72.95, took: 3.06s
Epoch 9, 72.3%	 loss: 1.805 acc@1: 56.68 mrr: 68.69, ndcg: 73.49, took: 3.01s
Epoch 9, 74.5%	 loss: 1.841 acc@1: 57.73 mrr: 68.88, ndcg: 73.17, took: 3.05s
Epoch 9, 76.6%	 loss: 1.779 acc@1: 56.99 mrr: 68.93, ndcg: 73.53, took: 2.84s
Epoch 9, 78.7%	 loss: 1.778 acc@1: 58.05 mrr: 69.62, ndcg: 74.15, took: 2.89s
Epoch 9, 80.9%	 loss: 1.802 acc@1: 56.80 mrr: 68.88, ndcg: 73.50, took: 2.96s
Epoch 9, 83.0%	 loss: 1.737 acc@1: 58.40 mrr: 70.03, ndcg: 74.44, took: 2.96s
Epoch 9, 85.1%	 loss: 1.833 acc@1: 58.48 mrr: 69.54, ndcg: 73.71, took: 3.04s
Epoch 9, 87.2%	 loss: 1.840 acc@1: 57.23 mrr: 68.53, ndcg: 72.97, took: 3.00s
Epoch 9, 89.4%	 loss: 1.846 acc@1: 56.33 mrr: 68.05, ndcg: 72.49, took: 3.04s
Epoch 9, 91.5%	 loss: 1.939 acc@1: 54.69 mrr: 66.63, ndcg: 71.29, took: 2.94s
Epoch 9, 93.6%	 loss: 1.826 acc@1: 57.23 mrr: 68.72, ndcg: 73.23, took: 2.99s
Epoch 9, 95.7%	 loss: 1.797 acc@1: 57.54 mrr: 69.21, ndcg: 73.61, took: 2.85s
Epoch 9, 97.9%	 loss: 1.804 acc@1: 58.59 mrr: 69.58, ndcg: 73.84, took: 2.81s
Epoch 9, 100.0%	 loss: 1.885 acc@1: 55.62 mrr: 67.49, ndcg: 72.09, took: 2.92s
Validation - loss: 2.9871, acc@1: 51.40%, f1: 45.57%, mrr: 62.65%, ndcg: 66.97%
Current learning rate: 0.001708

=== Epoch 10 ===
Epoch 10, 2.1%	 loss: 1.620 acc@1: 60.16 mrr: 71.68, ndcg: 76.28, took: 3.08s
Epoch 10, 4.3%	 loss: 1.696 acc@1: 58.20 mrr: 69.91, ndcg: 74.88, took: 3.00s
Epoch 10, 6.4%	 loss: 1.688 acc@1: 58.36 mrr: 70.04, ndcg: 74.93, took: 2.96s
Epoch 10, 8.5%	 loss: 1.686 acc@1: 57.62 mrr: 69.47, ndcg: 74.40, took: 3.08s
Epoch 10, 10.6%	 loss: 1.696 acc@1: 57.66 mrr: 69.81, ndcg: 74.73, took: 2.97s
Epoch 10, 12.8%	 loss: 1.634 acc@1: 59.14 mrr: 70.71, ndcg: 75.50, took: 3.07s
Epoch 10, 14.9%	 loss: 1.704 acc@1: 58.55 mrr: 70.22, ndcg: 74.83, took: 3.03s
Epoch 10, 17.0%	 loss: 1.631 acc@1: 59.49 mrr: 71.12, ndcg: 75.82, took: 2.68s
Epoch 10, 19.1%	 loss: 1.640 acc@1: 59.65 mrr: 70.91, ndcg: 75.38, took: 2.73s
Epoch 10, 21.3%	 loss: 1.693 acc@1: 57.54 mrr: 69.69, ndcg: 74.44, took: 2.96s
Epoch 10, 23.4%	 loss: 1.690 acc@1: 59.34 mrr: 70.52, ndcg: 75.03, took: 3.08s
Epoch 10, 25.5%	 loss: 1.644 acc@1: 59.38 mrr: 70.83, ndcg: 75.47, took: 3.04s
Epoch 10, 27.7%	 loss: 1.672 acc@1: 59.26 mrr: 70.79, ndcg: 75.12, took: 2.99s
Epoch 10, 29.8%	 loss: 1.659 acc@1: 59.53 mrr: 70.85, ndcg: 75.45, took: 2.96s
Epoch 10, 31.9%	 loss: 1.734 acc@1: 59.02 mrr: 70.13, ndcg: 74.51, took: 2.97s
Epoch 10, 34.0%	 loss: 1.776 acc@1: 55.51 mrr: 67.82, ndcg: 72.90, took: 2.99s
Epoch 10, 36.2%	 loss: 1.702 acc@1: 57.62 mrr: 69.88, ndcg: 74.63, took: 2.90s
Epoch 10, 38.3%	 loss: 1.731 acc@1: 57.54 mrr: 69.45, ndcg: 74.08, took: 3.01s
Epoch 10, 40.4%	 loss: 1.661 acc@1: 60.51 mrr: 71.36, ndcg: 75.45, took: 3.07s
Epoch 10, 42.6%	 loss: 1.687 acc@1: 58.98 mrr: 70.64, ndcg: 75.06, took: 2.87s
Epoch 10, 44.7%	 loss: 1.772 acc@1: 57.11 mrr: 68.74, ndcg: 73.35, took: 3.07s
Epoch 10, 46.8%	 loss: 1.735 acc@1: 57.77 mrr: 69.66, ndcg: 74.26, took: 3.00s
Epoch 10, 48.9%	 loss: 1.719 acc@1: 58.75 mrr: 70.16, ndcg: 74.57, took: 3.02s
Epoch 10, 51.1%	 loss: 1.783 acc@1: 57.15 mrr: 68.69, ndcg: 73.15, took: 2.93s
Epoch 10, 53.2%	 loss: 1.719 acc@1: 58.05 mrr: 69.82, ndcg: 74.42, took: 2.79s
Epoch 10, 55.3%	 loss: 1.693 acc@1: 58.98 mrr: 70.46, ndcg: 74.85, took: 2.83s
Epoch 10, 57.4%	 loss: 1.722 acc@1: 58.55 mrr: 69.92, ndcg: 74.38, took: 2.96s
Epoch 10, 59.6%	 loss: 1.773 acc@1: 57.50 mrr: 68.97, ndcg: 73.50, took: 3.07s
Epoch 10, 61.7%	 loss: 1.691 acc@1: 59.18 mrr: 70.64, ndcg: 75.08, took: 3.10s
Epoch 10, 63.8%	 loss: 1.692 acc@1: 58.01 mrr: 70.09, ndcg: 74.80, took: 3.02s
Epoch 10, 66.0%	 loss: 1.797 acc@1: 57.38 mrr: 68.98, ndcg: 73.50, took: 3.00s
Epoch 10, 68.1%	 loss: 1.707 acc@1: 58.32 mrr: 70.15, ndcg: 74.68, took: 2.85s
Epoch 10, 70.2%	 loss: 1.764 acc@1: 56.91 mrr: 68.92, ndcg: 73.45, took: 3.00s
Epoch 10, 72.3%	 loss: 1.667 acc@1: 59.69 mrr: 71.03, ndcg: 75.53, took: 2.90s
Epoch 10, 74.5%	 loss: 1.761 acc@1: 58.40 mrr: 69.76, ndcg: 74.35, took: 3.12s
Epoch 10, 76.6%	 loss: 1.679 acc@1: 58.67 mrr: 70.41, ndcg: 74.90, took: 3.48s
Epoch 10, 78.7%	 loss: 1.743 acc@1: 57.19 mrr: 69.30, ndcg: 74.02, took: 3.01s
Epoch 10, 80.9%	 loss: 1.725 acc@1: 59.61 mrr: 70.38, ndcg: 74.62, took: 3.05s
Epoch 10, 83.0%	 loss: 1.739 acc@1: 58.75 mrr: 69.88, ndcg: 74.45, took: 2.85s
Epoch 10, 85.1%	 loss: 1.746 acc@1: 57.66 mrr: 69.34, ndcg: 73.92, took: 3.00s
Epoch 10, 87.2%	 loss: 1.723 acc@1: 58.75 mrr: 70.31, ndcg: 74.78, took: 2.92s
Epoch 10, 89.4%	 loss: 1.737 acc@1: 58.05 mrr: 69.73, ndcg: 74.21, took: 2.90s
Epoch 10, 91.5%	 loss: 1.742 acc@1: 58.98 mrr: 70.14, ndcg: 74.55, took: 3.10s
Epoch 10, 93.6%	 loss: 1.812 acc@1: 57.46 mrr: 69.18, ndcg: 73.38, took: 3.05s
Epoch 10, 95.7%	 loss: 1.767 acc@1: 58.24 mrr: 69.53, ndcg: 73.96, took: 2.99s
Epoch 10, 97.9%	 loss: 1.725 acc@1: 57.85 mrr: 69.87, ndcg: 74.54, took: 2.71s
Epoch 10, 100.0%	 loss: 1.770 acc@1: 57.85 mrr: 69.32, ndcg: 73.82, took: 2.73s
Validation - loss: 3.0491, acc@1: 50.32%, f1: 44.64%, mrr: 61.75%, ndcg: 66.25%
Current learning rate: 0.001667

=== Epoch 11 ===
Epoch 11, 2.1%	 loss: 1.552 acc@1: 59.22 mrr: 71.75, ndcg: 76.92, took: 3.04s
Epoch 11, 4.3%	 loss: 1.545 acc@1: 60.66 mrr: 72.43, ndcg: 77.16, took: 3.11s
Epoch 11, 6.4%	 loss: 1.550 acc@1: 60.39 mrr: 71.97, ndcg: 76.75, took: 3.04s
Epoch 11, 8.5%	 loss: 1.586 acc@1: 59.77 mrr: 71.32, ndcg: 76.20, took: 2.96s
Epoch 11, 10.6%	 loss: 1.611 acc@1: 59.92 mrr: 71.45, ndcg: 76.30, took: 2.89s
Epoch 11, 12.8%	 loss: 1.634 acc@1: 58.55 mrr: 70.61, ndcg: 75.54, took: 2.82s
Epoch 11, 14.9%	 loss: 1.553 acc@1: 60.55 mrr: 72.29, ndcg: 77.06, took: 2.97s
Epoch 11, 17.0%	 loss: 1.575 acc@1: 60.16 mrr: 71.76, ndcg: 76.25, took: 3.12s
Epoch 11, 19.1%	 loss: 1.624 acc@1: 58.79 mrr: 70.95, ndcg: 75.76, took: 3.12s
Epoch 11, 21.3%	 loss: 1.547 acc@1: 60.55 mrr: 72.24, ndcg: 77.11, took: 3.08s
Epoch 11, 23.4%	 loss: 1.591 acc@1: 60.16 mrr: 71.82, ndcg: 76.62, took: 2.97s
Epoch 11, 25.5%	 loss: 1.597 acc@1: 59.96 mrr: 71.79, ndcg: 76.50, took: 3.00s
Epoch 11, 27.7%	 loss: 1.618 acc@1: 59.30 mrr: 70.89, ndcg: 75.61, took: 3.08s
Epoch 11, 29.8%	 loss: 1.687 acc@1: 58.79 mrr: 70.47, ndcg: 75.12, took: 3.06s
Epoch 11, 31.9%	 loss: 1.600 acc@1: 59.73 mrr: 71.64, ndcg: 76.40, took: 2.88s
Epoch 11, 34.0%	 loss: 1.651 acc@1: 59.92 mrr: 71.16, ndcg: 75.76, took: 3.02s
Epoch 11, 36.2%	 loss: 1.580 acc@1: 59.84 mrr: 71.49, ndcg: 76.16, took: 2.97s
Epoch 11, 38.3%	 loss: 1.626 acc@1: 59.06 mrr: 70.95, ndcg: 75.55, took: 2.91s
Epoch 11, 40.4%	 loss: 1.616 acc@1: 60.90 mrr: 71.95, ndcg: 76.31, took: 2.91s
Epoch 11, 42.6%	 loss: 1.663 acc@1: 58.52 mrr: 70.55, ndcg: 75.42, took: 3.05s
Epoch 11, 44.7%	 loss: 1.629 acc@1: 59.57 mrr: 71.04, ndcg: 75.66, took: 3.02s
Epoch 11, 46.8%	 loss: 1.723 acc@1: 58.71 mrr: 69.96, ndcg: 74.45, took: 2.98s
Epoch 11, 48.9%	 loss: 1.636 acc@1: 59.84 mrr: 70.88, ndcg: 75.34, took: 2.86s
Epoch 11, 51.1%	 loss: 1.603 acc@1: 60.39 mrr: 71.77, ndcg: 76.26, took: 3.12s
Epoch 11, 53.2%	 loss: 1.656 acc@1: 59.53 mrr: 71.04, ndcg: 75.51, took: 3.11s
Epoch 11, 55.3%	 loss: 1.610 acc@1: 60.35 mrr: 71.88, ndcg: 76.35, took: 2.90s
Epoch 11, 57.4%	 loss: 1.653 acc@1: 59.73 mrr: 71.12, ndcg: 75.68, took: 3.10s
Epoch 11, 59.6%	 loss: 1.639 acc@1: 60.35 mrr: 71.51, ndcg: 75.91, took: 2.96s
Epoch 11, 61.7%	 loss: 1.695 acc@1: 58.05 mrr: 69.85, ndcg: 74.60, took: 3.09s
Epoch 11, 63.8%	 loss: 1.669 acc@1: 58.55 mrr: 70.26, ndcg: 75.05, took: 3.07s
Epoch 11, 66.0%	 loss: 1.636 acc@1: 60.62 mrr: 71.57, ndcg: 75.91, took: 3.10s
Epoch 11, 68.1%	 loss: 1.717 acc@1: 57.42 mrr: 69.32, ndcg: 74.15, took: 2.96s
Epoch 11, 70.2%	 loss: 1.613 acc@1: 60.27 mrr: 71.70, ndcg: 76.20, took: 3.05s
Epoch 11, 72.3%	 loss: 1.679 acc@1: 58.71 mrr: 70.43, ndcg: 75.06, took: 3.12s
Epoch 11, 74.5%	 loss: 1.654 acc@1: 58.98 mrr: 70.61, ndcg: 75.39, took: 2.92s
Epoch 11, 76.6%	 loss: 1.659 acc@1: 59.10 mrr: 70.58, ndcg: 75.24, took: 3.09s
Epoch 11, 78.7%	 loss: 1.685 acc@1: 59.38 mrr: 70.71, ndcg: 75.27, took: 3.10s
Epoch 11, 80.9%	 loss: 1.666 acc@1: 58.75 mrr: 70.54, ndcg: 75.23, took: 3.02s
Epoch 11, 83.0%	 loss: 1.695 acc@1: 58.01 mrr: 69.89, ndcg: 74.51, took: 2.90s
Epoch 11, 85.1%	 loss: 1.781 acc@1: 58.05 mrr: 69.13, ndcg: 73.61, took: 2.95s
Epoch 11, 87.2%	 loss: 1.694 acc@1: 58.44 mrr: 70.20, ndcg: 74.93, took: 3.04s
Epoch 11, 89.4%	 loss: 1.653 acc@1: 58.52 mrr: 70.65, ndcg: 75.18, took: 3.00s
Epoch 11, 91.5%	 loss: 1.758 acc@1: 58.63 mrr: 69.99, ndcg: 74.55, took: 3.08s
Epoch 11, 93.6%	 loss: 1.728 acc@1: 58.59 mrr: 70.01, ndcg: 74.48, took: 3.00s
Epoch 11, 95.7%	 loss: 1.691 acc@1: 59.10 mrr: 70.60, ndcg: 75.16, took: 3.21s
Epoch 11, 97.9%	 loss: 1.777 acc@1: 58.44 mrr: 69.64, ndcg: 74.11, took: 3.03s
Epoch 11, 100.0%	 loss: 1.693 acc@1: 57.70 mrr: 69.73, ndcg: 74.43, took: 3.14s
Validation - loss: 3.0741, acc@1: 50.63%, f1: 44.88%, mrr: 61.82%, ndcg: 66.17%
Current learning rate: 0.000163

=== Epoch 12 ===
Epoch 12, 2.1%	 loss: 1.854 acc@1: 55.74 mrr: 67.87, ndcg: 72.59, took: 3.05s
Epoch 12, 4.3%	 loss: 1.811 acc@1: 56.45 mrr: 68.48, ndcg: 73.23, took: 2.92s
Epoch 12, 6.4%	 loss: 1.732 acc@1: 57.30 mrr: 69.48, ndcg: 74.40, took: 2.96s
Epoch 12, 8.5%	 loss: 1.715 acc@1: 57.66 mrr: 69.73, ndcg: 74.55, took: 3.06s
Epoch 12, 10.6%	 loss: 1.851 acc@1: 55.04 mrr: 67.33, ndcg: 72.30, took: 3.07s
Epoch 12, 12.8%	 loss: 1.824 acc@1: 56.91 mrr: 68.21, ndcg: 72.85, took: 2.94s
Epoch 12, 14.9%	 loss: 1.773 acc@1: 57.85 mrr: 69.33, ndcg: 73.93, took: 3.03s
Epoch 12, 17.0%	 loss: 1.761 acc@1: 57.07 mrr: 69.12, ndcg: 73.76, took: 2.97s
Epoch 12, 19.1%	 loss: 1.782 acc@1: 56.21 mrr: 68.31, ndcg: 73.22, took: 3.02s
Epoch 12, 21.3%	 loss: 1.825 acc@1: 56.56 mrr: 68.35, ndcg: 73.02, took: 3.08s
Epoch 12, 23.4%	 loss: 1.786 acc@1: 57.93 mrr: 69.42, ndcg: 74.08, took: 3.05s
Epoch 12, 25.5%	 loss: 1.833 acc@1: 56.09 mrr: 67.96, ndcg: 72.85, took: 3.06s
Epoch 12, 27.7%	 loss: 1.797 acc@1: 57.19 mrr: 68.88, ndcg: 73.50, took: 2.94s
Epoch 12, 29.8%	 loss: 1.716 acc@1: 58.36 mrr: 70.21, ndcg: 74.92, took: 3.07s
Epoch 12, 31.9%	 loss: 1.804 acc@1: 55.82 mrr: 68.15, ndcg: 73.17, took: 2.93s
Epoch 12, 34.0%	 loss: 1.764 acc@1: 56.68 mrr: 68.80, ndcg: 73.64, took: 3.12s
Epoch 12, 36.2%	 loss: 1.744 acc@1: 58.16 mrr: 69.78, ndcg: 74.38, took: 3.13s
Epoch 12, 38.3%	 loss: 1.737 acc@1: 57.50 mrr: 69.45, ndcg: 74.27, took: 3.01s
Epoch 12, 40.4%	 loss: 1.771 acc@1: 58.12 mrr: 69.60, ndcg: 74.06, took: 3.02s
Epoch 12, 42.6%	 loss: 1.827 acc@1: 56.52 mrr: 68.31, ndcg: 72.90, took: 2.99s
Epoch 12, 44.7%	 loss: 1.786 acc@1: 57.11 mrr: 69.09, ndcg: 73.76, took: 2.90s
Epoch 12, 46.8%	 loss: 1.787 acc@1: 56.80 mrr: 68.62, ndcg: 73.34, took: 2.99s
Epoch 12, 48.9%	 loss: 1.748 acc@1: 58.55 mrr: 70.14, ndcg: 74.75, took: 3.06s
Epoch 12, 51.1%	 loss: 1.805 acc@1: 56.91 mrr: 68.71, ndcg: 73.29, took: 2.91s
Epoch 12, 53.2%	 loss: 1.781 acc@1: 57.38 mrr: 68.96, ndcg: 73.44, took: 2.93s
Epoch 12, 55.3%	 loss: 1.814 acc@1: 57.85 mrr: 69.04, ndcg: 73.58, took: 2.99s
Epoch 12, 57.4%	 loss: 1.755 acc@1: 57.50 mrr: 69.43, ndcg: 74.00, took: 3.02s
Epoch 12, 59.6%	 loss: 1.732 acc@1: 58.12 mrr: 69.74, ndcg: 74.30, took: 3.02s
Epoch 12, 61.7%	 loss: 1.726 acc@1: 58.40 mrr: 70.05, ndcg: 74.59, took: 2.98s
Epoch 12, 63.8%	 loss: 1.781 acc@1: 56.76 mrr: 68.84, ndcg: 73.54, took: 3.04s
Epoch 12, 66.0%	 loss: 1.733 acc@1: 58.44 mrr: 70.15, ndcg: 74.59, took: 2.92s
Epoch 12, 68.1%	 loss: 1.807 acc@1: 57.70 mrr: 69.05, ndcg: 73.53, took: 3.03s
Epoch 12, 70.2%	 loss: 1.777 acc@1: 57.66 mrr: 69.31, ndcg: 73.87, took: 3.11s
Epoch 12, 72.3%	 loss: 1.881 acc@1: 55.62 mrr: 67.59, ndcg: 72.17, took: 3.09s
Epoch 12, 74.5%	 loss: 1.768 acc@1: 56.91 mrr: 69.03, ndcg: 73.75, took: 3.06s
Epoch 12, 76.6%	 loss: 1.795 acc@1: 56.41 mrr: 68.53, ndcg: 73.42, took: 3.03s
Epoch 12, 78.7%	 loss: 1.795 acc@1: 57.30 mrr: 69.16, ndcg: 73.82, took: 2.98s
Epoch 12, 80.9%	 loss: 1.739 acc@1: 57.66 mrr: 69.65, ndcg: 74.19, took: 3.00s
Epoch 12, 83.0%	 loss: 1.728 acc@1: 58.67 mrr: 70.02, ndcg: 74.57, took: 2.92s
Epoch 12, 85.1%	 loss: 1.716 acc@1: 58.36 mrr: 70.00, ndcg: 74.67, took: 2.83s
Epoch 12, 87.2%	 loss: 1.763 acc@1: 56.95 mrr: 69.05, ndcg: 73.86, took: 3.07s
Epoch 12, 89.4%	 loss: 1.785 acc@1: 57.73 mrr: 69.27, ndcg: 73.83, took: 3.01s
Epoch 12, 91.5%	 loss: 1.745 acc@1: 58.87 mrr: 70.10, ndcg: 74.71, took: 2.90s
Epoch 12, 93.6%	 loss: 1.730 acc@1: 59.49 mrr: 70.50, ndcg: 74.83, took: 3.09s
Epoch 12, 95.7%	 loss: 1.854 acc@1: 55.23 mrr: 67.47, ndcg: 72.46, took: 3.05s
Epoch 12, 97.9%	 loss: 1.832 acc@1: 57.34 mrr: 68.76, ndcg: 73.21, took: 3.01s
Epoch 12, 100.0%	 loss: 1.736 acc@1: 57.58 mrr: 69.71, ndcg: 74.46, took: 2.79s
Validation - loss: 2.8921, acc@1: 51.68%, f1: 45.03%, mrr: 62.99%, ndcg: 67.37%
Current learning rate: 0.000163

=== Epoch 13 ===
Epoch 13, 2.1%	 loss: 1.698 acc@1: 59.96 mrr: 70.89, ndcg: 75.20, took: 3.06s
Epoch 13, 4.3%	 loss: 1.723 acc@1: 58.16 mrr: 69.86, ndcg: 74.37, took: 3.09s
Epoch 13, 6.4%	 loss: 1.804 acc@1: 56.88 mrr: 68.67, ndcg: 73.22, took: 3.14s
Epoch 13, 8.5%	 loss: 1.701 acc@1: 58.36 mrr: 70.26, ndcg: 74.98, took: 3.07s
Epoch 13, 10.6%	 loss: 1.716 acc@1: 57.77 mrr: 69.84, ndcg: 74.53, took: 2.89s
Epoch 13, 12.8%	 loss: 1.703 acc@1: 59.41 mrr: 70.70, ndcg: 75.20, took: 3.08s
Epoch 13, 14.9%	 loss: 1.709 acc@1: 58.67 mrr: 70.31, ndcg: 74.77, took: 3.01s
Epoch 13, 17.0%	 loss: 1.727 acc@1: 58.09 mrr: 69.70, ndcg: 74.46, took: 3.12s
Epoch 13, 19.1%	 loss: 1.772 acc@1: 57.81 mrr: 69.24, ndcg: 73.88, took: 2.96s
Epoch 13, 21.3%	 loss: 1.773 acc@1: 58.52 mrr: 69.71, ndcg: 74.14, took: 3.00s
Epoch 13, 23.4%	 loss: 1.724 acc@1: 57.19 mrr: 69.48, ndcg: 74.32, took: 3.13s
Epoch 13, 25.5%	 loss: 1.716 acc@1: 58.12 mrr: 69.81, ndcg: 74.55, took: 3.03s
Epoch 13, 27.7%	 loss: 1.754 acc@1: 57.07 mrr: 69.08, ndcg: 73.91, took: 2.98s
Epoch 13, 29.8%	 loss: 1.676 acc@1: 60.66 mrr: 71.44, ndcg: 75.91, took: 3.05s
Epoch 13, 31.9%	 loss: 1.765 acc@1: 58.48 mrr: 69.69, ndcg: 74.46, took: 3.12s
Epoch 13, 34.0%	 loss: 1.770 acc@1: 56.21 mrr: 68.62, ndcg: 73.42, took: 2.97s
Epoch 13, 36.2%	 loss: 1.707 acc@1: 58.63 mrr: 70.31, ndcg: 74.85, took: 2.93s
Epoch 13, 38.3%	 loss: 1.707 acc@1: 57.81 mrr: 69.92, ndcg: 74.59, took: 2.93s
Epoch 13, 40.4%	 loss: 1.716 acc@1: 58.36 mrr: 69.95, ndcg: 74.53, took: 3.01s
Epoch 13, 42.6%	 loss: 1.697 acc@1: 57.93 mrr: 69.98, ndcg: 74.62, took: 2.87s
Epoch 13, 44.7%	 loss: 1.790 acc@1: 57.27 mrr: 69.01, ndcg: 73.64, took: 3.06s
Epoch 13, 46.8%	 loss: 1.716 acc@1: 57.62 mrr: 69.94, ndcg: 74.78, took: 3.05s
Epoch 13, 48.9%	 loss: 1.805 acc@1: 56.95 mrr: 68.72, ndcg: 73.53, took: 3.04s
Epoch 13, 51.1%	 loss: 1.801 acc@1: 56.84 mrr: 68.86, ndcg: 73.57, took: 3.08s
Epoch 13, 53.2%	 loss: 1.701 acc@1: 58.59 mrr: 70.12, ndcg: 74.65, took: 3.06s
Epoch 13, 55.3%	 loss: 1.726 acc@1: 59.61 mrr: 70.43, ndcg: 74.76, took: 3.10s
Epoch 13, 57.4%	 loss: 1.716 acc@1: 58.83 mrr: 70.32, ndcg: 74.93, took: 2.99s
Epoch 13, 59.6%	 loss: 1.723 acc@1: 58.09 mrr: 69.93, ndcg: 74.47, took: 3.02s
Epoch 13, 61.7%	 loss: 1.763 acc@1: 57.38 mrr: 69.40, ndcg: 74.13, took: 3.03s
Epoch 13, 63.8%	 loss: 1.792 acc@1: 56.68 mrr: 68.59, ndcg: 73.20, took: 3.02s
Epoch 13, 66.0%	 loss: 1.707 acc@1: 58.67 mrr: 70.22, ndcg: 74.91, took: 3.13s
Epoch 13, 68.1%	 loss: 1.779 acc@1: 56.80 mrr: 68.68, ndcg: 73.49, took: 3.09s
Epoch 13, 70.2%	 loss: 1.782 acc@1: 57.50 mrr: 69.17, ndcg: 73.79, took: 2.87s
Epoch 13, 72.3%	 loss: 1.751 acc@1: 57.07 mrr: 69.22, ndcg: 74.07, took: 2.90s
Epoch 13, 74.5%	 loss: 1.792 acc@1: 56.99 mrr: 68.86, ndcg: 73.67, took: 2.87s
Epoch 13, 76.6%	 loss: 1.777 acc@1: 57.62 mrr: 69.14, ndcg: 73.66, took: 3.14s
Epoch 13, 78.7%	 loss: 1.735 acc@1: 57.93 mrr: 69.58, ndcg: 74.17, took: 2.94s
Epoch 13, 80.9%	 loss: 1.721 acc@1: 56.95 mrr: 69.21, ndcg: 74.25, took: 3.11s
Epoch 13, 83.0%	 loss: 1.727 acc@1: 58.63 mrr: 69.83, ndcg: 74.37, took: 2.95s
Epoch 13, 85.1%	 loss: 1.735 acc@1: 58.52 mrr: 70.04, ndcg: 74.54, took: 2.90s
Epoch 13, 87.2%	 loss: 1.700 acc@1: 59.34 mrr: 70.58, ndcg: 74.96, took: 3.12s
Epoch 13, 89.4%	 loss: 1.662 acc@1: 59.14 mrr: 70.90, ndcg: 75.58, took: 3.05s
Epoch 13, 91.5%	 loss: 1.801 acc@1: 57.54 mrr: 69.04, ndcg: 73.40, took: 2.90s
Epoch 13, 93.6%	 loss: 1.718 acc@1: 57.62 mrr: 69.79, ndcg: 74.70, took: 2.92s
Epoch 13, 95.7%	 loss: 1.741 acc@1: 57.93 mrr: 69.64, ndcg: 74.24, took: 2.91s
Epoch 13, 97.9%	 loss: 1.689 acc@1: 59.61 mrr: 70.71, ndcg: 75.11, took: 3.08s
Epoch 13, 100.0%	 loss: 1.745 acc@1: 58.12 mrr: 69.65, ndcg: 74.21, took: 2.92s
Validation - loss: 2.8984, acc@1: 51.60%, f1: 45.31%, mrr: 62.94%, ndcg: 67.36%
Current learning rate: 0.000163

=== Epoch 14 ===
Epoch 14, 2.1%	 loss: 1.646 acc@1: 59.77 mrr: 71.22, ndcg: 75.64, took: 2.83s
Epoch 14, 4.3%	 loss: 1.730 acc@1: 58.55 mrr: 70.03, ndcg: 74.58, took: 2.83s
Epoch 14, 6.4%	 loss: 1.713 acc@1: 57.46 mrr: 69.64, ndcg: 74.33, took: 3.03s
Epoch 14, 8.5%	 loss: 1.682 acc@1: 58.01 mrr: 70.19, ndcg: 75.03, took: 2.89s
Epoch 14, 10.6%	 loss: 1.716 acc@1: 58.98 mrr: 70.33, ndcg: 74.79, took: 2.99s
Epoch 14, 12.8%	 loss: 1.727 acc@1: 57.89 mrr: 69.72, ndcg: 74.32, took: 3.02s
Epoch 14, 14.9%	 loss: 1.705 acc@1: 58.09 mrr: 69.82, ndcg: 74.49, took: 2.99s
Epoch 14, 17.0%	 loss: 1.695 acc@1: 59.61 mrr: 70.69, ndcg: 75.21, took: 3.00s
Epoch 14, 19.1%	 loss: 1.742 acc@1: 56.91 mrr: 69.00, ndcg: 73.77, took: 3.10s
Epoch 14, 21.3%	 loss: 1.685 acc@1: 59.92 mrr: 70.85, ndcg: 75.34, took: 3.04s
Epoch 14, 23.4%	 loss: 1.732 acc@1: 57.85 mrr: 69.65, ndcg: 74.28, took: 2.79s
Epoch 14, 25.5%	 loss: 1.696 acc@1: 57.89 mrr: 69.84, ndcg: 74.59, took: 3.02s
Epoch 14, 27.7%	 loss: 1.688 acc@1: 60.27 mrr: 71.20, ndcg: 75.62, took: 3.06s
Epoch 14, 29.8%	 loss: 1.707 acc@1: 58.59 mrr: 70.04, ndcg: 74.69, took: 3.00s
Epoch 14, 31.9%	 loss: 1.710 acc@1: 58.79 mrr: 70.30, ndcg: 75.01, took: 2.95s
Epoch 14, 34.0%	 loss: 1.764 acc@1: 56.52 mrr: 68.89, ndcg: 73.84, took: 2.93s
Epoch 14, 36.2%	 loss: 1.642 acc@1: 59.02 mrr: 70.72, ndcg: 75.55, took: 3.03s
Epoch 14, 38.3%	 loss: 1.694 acc@1: 59.49 mrr: 70.53, ndcg: 75.01, took: 3.10s
Epoch 14, 40.4%	 loss: 1.729 acc@1: 58.01 mrr: 69.66, ndcg: 74.22, took: 2.83s
Epoch 14, 42.6%	 loss: 1.703 acc@1: 58.16 mrr: 69.94, ndcg: 74.67, took: 2.97s
Epoch 14, 44.7%	 loss: 1.757 acc@1: 57.42 mrr: 69.11, ndcg: 73.82, took: 3.03s
Epoch 14, 46.8%	 loss: 1.719 acc@1: 58.12 mrr: 69.88, ndcg: 74.75, took: 3.07s
Epoch 14, 48.9%	 loss: 1.690 acc@1: 58.36 mrr: 70.25, ndcg: 74.94, took: 3.09s
Epoch 14, 51.1%	 loss: 1.755 acc@1: 56.88 mrr: 68.96, ndcg: 73.80, took: 2.95s
Epoch 14, 53.2%	 loss: 1.657 acc@1: 58.91 mrr: 70.81, ndcg: 75.53, took: 3.06s
Epoch 14, 55.3%	 loss: 1.794 acc@1: 57.27 mrr: 68.76, ndcg: 73.47, took: 3.16s
Epoch 14, 57.4%	 loss: 1.683 acc@1: 59.02 mrr: 70.60, ndcg: 75.36, took: 3.02s
Epoch 14, 59.6%	 loss: 1.763 acc@1: 58.01 mrr: 69.52, ndcg: 73.97, took: 2.91s
Epoch 14, 61.7%	 loss: 1.683 acc@1: 58.75 mrr: 70.52, ndcg: 75.15, took: 2.96s
Epoch 14, 63.8%	 loss: 1.660 acc@1: 59.34 mrr: 70.97, ndcg: 75.62, took: 3.03s
Epoch 14, 66.0%	 loss: 1.801 acc@1: 56.52 mrr: 68.31, ndcg: 73.02, took: 3.01s
Epoch 14, 68.1%	 loss: 1.775 acc@1: 56.60 mrr: 68.79, ndcg: 73.51, took: 3.12s
Epoch 14, 70.2%	 loss: 1.757 acc@1: 57.81 mrr: 69.42, ndcg: 74.06, took: 3.08s
Epoch 14, 72.3%	 loss: 1.694 acc@1: 58.59 mrr: 70.43, ndcg: 75.07, took: 3.05s
Epoch 14, 74.5%	 loss: 1.690 acc@1: 57.89 mrr: 70.08, ndcg: 74.88, took: 3.00s
Epoch 14, 76.6%	 loss: 1.731 acc@1: 57.42 mrr: 69.50, ndcg: 74.41, took: 2.99s
Epoch 14, 78.7%	 loss: 1.760 acc@1: 57.27 mrr: 69.24, ndcg: 74.04, took: 2.87s
Epoch 14, 80.9%	 loss: 1.666 acc@1: 59.41 mrr: 71.09, ndcg: 75.70, took: 3.06s
Epoch 14, 83.0%	 loss: 1.756 acc@1: 57.03 mrr: 68.96, ndcg: 73.70, took: 3.10s
Epoch 14, 85.1%	 loss: 1.767 acc@1: 57.73 mrr: 69.34, ndcg: 73.93, took: 2.88s
Epoch 14, 87.2%	 loss: 1.722 acc@1: 58.79 mrr: 70.29, ndcg: 74.86, took: 2.91s
Epoch 14, 89.4%	 loss: 1.715 acc@1: 58.83 mrr: 70.21, ndcg: 74.70, took: 2.78s
Epoch 14, 91.5%	 loss: 1.660 acc@1: 60.20 mrr: 71.49, ndcg: 75.79, took: 2.84s
Epoch 14, 93.6%	 loss: 1.683 acc@1: 58.95 mrr: 70.55, ndcg: 75.18, took: 3.07s
Epoch 14, 95.7%	 loss: 1.690 acc@1: 58.59 mrr: 70.37, ndcg: 75.01, took: 3.17s
Epoch 14, 97.9%	 loss: 1.778 acc@1: 57.46 mrr: 68.93, ndcg: 73.47, took: 3.03s
Epoch 14, 100.0%	 loss: 1.707 acc@1: 59.61 mrr: 70.52, ndcg: 74.86, took: 3.10s
Validation - loss: 2.9050, acc@1: 51.59%, f1: 45.16%, mrr: 62.88%, ndcg: 67.29%
Current learning rate: 0.000163

=== Epoch 15 ===
Epoch 15, 2.1%	 loss: 1.673 acc@1: 59.02 mrr: 70.70, ndcg: 75.32, took: 2.88s
Epoch 15, 4.3%	 loss: 1.686 acc@1: 58.91 mrr: 70.32, ndcg: 74.83, took: 3.01s
Epoch 15, 6.4%	 loss: 1.634 acc@1: 60.00 mrr: 71.35, ndcg: 75.81, took: 2.74s
Epoch 15, 8.5%	 loss: 1.674 acc@1: 58.98 mrr: 70.49, ndcg: 75.24, took: 3.12s
Epoch 15, 10.6%	 loss: 1.659 acc@1: 60.12 mrr: 71.29, ndcg: 75.76, took: 2.96s
Epoch 15, 12.8%	 loss: 1.724 acc@1: 57.38 mrr: 69.58, ndcg: 74.55, took: 2.97s
Epoch 15, 14.9%	 loss: 1.638 acc@1: 59.53 mrr: 71.16, ndcg: 75.76, took: 3.08s
Epoch 15, 17.0%	 loss: 1.654 acc@1: 60.00 mrr: 71.12, ndcg: 75.62, took: 3.01s
Epoch 15, 19.1%	 loss: 1.658 acc@1: 60.20 mrr: 71.28, ndcg: 76.00, took: 3.03s
Epoch 15, 21.3%	 loss: 1.641 acc@1: 59.38 mrr: 70.98, ndcg: 75.66, took: 2.98s
Epoch 15, 23.4%	 loss: 1.681 acc@1: 59.77 mrr: 70.96, ndcg: 75.39, took: 3.02s
Epoch 15, 25.5%	 loss: 1.699 acc@1: 58.12 mrr: 69.89, ndcg: 74.82, took: 2.97s
Epoch 15, 27.7%	 loss: 1.673 acc@1: 58.40 mrr: 70.37, ndcg: 75.14, took: 2.98s
Epoch 15, 29.8%	 loss: 1.706 acc@1: 58.05 mrr: 70.05, ndcg: 74.81, took: 3.06s
Epoch 15, 31.9%	 loss: 1.722 acc@1: 57.46 mrr: 69.53, ndcg: 74.33, took: 2.99s
Epoch 15, 34.0%	 loss: 1.746 acc@1: 58.12 mrr: 69.30, ndcg: 73.99, took: 2.91s
Epoch 15, 36.2%	 loss: 1.720 acc@1: 57.70 mrr: 69.60, ndcg: 74.35, took: 3.02s
Epoch 15, 38.3%	 loss: 1.746 acc@1: 57.70 mrr: 69.37, ndcg: 73.97, took: 3.31s
Epoch 15, 40.4%	 loss: 1.659 acc@1: 59.49 mrr: 71.18, ndcg: 75.68, took: 3.06s
Epoch 15, 42.6%	 loss: 1.725 acc@1: 59.18 mrr: 70.27, ndcg: 74.78, took: 3.12s
Epoch 15, 44.7%	 loss: 1.678 acc@1: 58.95 mrr: 70.28, ndcg: 74.88, took: 3.05s
Epoch 15, 46.8%	 loss: 1.668 acc@1: 59.38 mrr: 71.02, ndcg: 75.66, took: 2.96s
Epoch 15, 48.9%	 loss: 1.773 acc@1: 56.91 mrr: 68.69, ndcg: 73.47, took: 3.01s
Epoch 15, 51.1%	 loss: 1.705 acc@1: 57.77 mrr: 69.78, ndcg: 74.64, took: 3.05s
Epoch 15, 53.2%	 loss: 1.664 acc@1: 59.06 mrr: 70.69, ndcg: 75.35, took: 2.97s
Epoch 15, 55.3%	 loss: 1.745 acc@1: 57.81 mrr: 69.63, ndcg: 74.25, took: 2.97s
Epoch 15, 57.4%	 loss: 1.740 acc@1: 57.62 mrr: 69.57, ndcg: 74.36, took: 2.94s
Epoch 15, 59.6%	 loss: 1.683 acc@1: 57.27 mrr: 69.97, ndcg: 74.97, took: 2.99s
Epoch 15, 61.7%	 loss: 1.722 acc@1: 57.97 mrr: 69.79, ndcg: 74.52, took: 3.05s
Epoch 15, 63.8%	 loss: 1.738 acc@1: 57.66 mrr: 69.60, ndcg: 74.39, took: 3.04s
Epoch 15, 66.0%	 loss: 1.631 acc@1: 59.77 mrr: 71.27, ndcg: 75.82, took: 2.93s
Epoch 15, 68.1%	 loss: 1.775 acc@1: 57.54 mrr: 69.11, ndcg: 73.75, took: 3.14s
Epoch 15, 70.2%	 loss: 1.701 acc@1: 59.80 mrr: 70.67, ndcg: 75.02, took: 3.05s
Epoch 15, 72.3%	 loss: 1.721 acc@1: 57.58 mrr: 69.73, ndcg: 74.39, took: 3.09s
Epoch 15, 74.5%	 loss: 1.721 acc@1: 59.10 mrr: 70.40, ndcg: 74.87, took: 3.00s
Epoch 15, 76.6%	 loss: 1.632 acc@1: 59.65 mrr: 71.45, ndcg: 76.17, took: 3.05s
Epoch 15, 78.7%	 loss: 1.794 acc@1: 56.33 mrr: 68.29, ndcg: 73.09, took: 3.03s
Epoch 15, 80.9%	 loss: 1.654 acc@1: 58.20 mrr: 70.23, ndcg: 75.01, took: 2.89s
Epoch 15, 83.0%	 loss: 1.659 acc@1: 58.16 mrr: 70.36, ndcg: 75.23, took: 2.92s
Epoch 15, 85.1%	 loss: 1.693 acc@1: 59.30 mrr: 70.51, ndcg: 74.97, took: 2.90s
Epoch 15, 87.2%	 loss: 1.734 acc@1: 58.01 mrr: 69.81, ndcg: 74.55, took: 2.88s
Epoch 15, 89.4%	 loss: 1.729 acc@1: 58.20 mrr: 69.58, ndcg: 74.04, took: 3.02s
Epoch 15, 91.5%	 loss: 1.782 acc@1: 56.95 mrr: 68.77, ndcg: 73.62, took: 3.05s
Epoch 15, 93.6%	 loss: 1.686 acc@1: 58.98 mrr: 70.24, ndcg: 74.75, took: 3.04s
Epoch 15, 95.7%	 loss: 1.623 acc@1: 60.86 mrr: 71.84, ndcg: 76.15, took: 3.18s
Epoch 15, 97.9%	 loss: 1.674 acc@1: 59.22 mrr: 70.86, ndcg: 75.30, took: 3.03s
Epoch 15, 100.0%	 loss: 1.651 acc@1: 59.92 mrr: 71.20, ndcg: 75.59, took: 3.08s
Validation - loss: 2.9105, acc@1: 51.76%, f1: 45.32%, mrr: 62.95%, ndcg: 67.33%
Current learning rate: 0.000163

=== Epoch 16 ===
Epoch 16, 2.1%	 loss: 1.646 acc@1: 59.53 mrr: 71.10, ndcg: 75.67, took: 2.92s
Epoch 16, 4.3%	 loss: 1.675 acc@1: 59.02 mrr: 70.40, ndcg: 75.02, took: 2.78s
Epoch 16, 6.4%	 loss: 1.657 acc@1: 58.83 mrr: 70.73, ndcg: 75.56, took: 2.76s
Epoch 16, 8.5%	 loss: 1.684 acc@1: 57.34 mrr: 69.66, ndcg: 74.68, took: 2.92s
Epoch 16, 10.6%	 loss: 1.701 acc@1: 59.49 mrr: 70.50, ndcg: 75.01, took: 3.10s
Epoch 16, 12.8%	 loss: 1.649 acc@1: 59.84 mrr: 71.09, ndcg: 75.67, took: 3.02s
Epoch 16, 14.9%	 loss: 1.671 acc@1: 58.67 mrr: 70.42, ndcg: 75.12, took: 3.00s
Epoch 16, 17.0%	 loss: 1.595 acc@1: 60.90 mrr: 72.10, ndcg: 76.66, took: 3.07s
Epoch 16, 19.1%	 loss: 1.659 acc@1: 58.12 mrr: 70.21, ndcg: 75.08, took: 3.03s
Epoch 16, 21.3%	 loss: 1.657 acc@1: 58.83 mrr: 70.70, ndcg: 75.49, took: 3.16s
Epoch 16, 23.4%	 loss: 1.577 acc@1: 60.66 mrr: 72.35, ndcg: 76.91, took: 3.12s
Epoch 16, 25.5%	 loss: 1.665 acc@1: 59.41 mrr: 70.70, ndcg: 75.43, took: 2.93s
Epoch 16, 27.7%	 loss: 1.745 acc@1: 56.84 mrr: 68.89, ndcg: 73.79, took: 3.13s
Epoch 16, 29.8%	 loss: 1.706 acc@1: 58.83 mrr: 70.04, ndcg: 74.51, took: 2.83s
Epoch 16, 31.9%	 loss: 1.705 acc@1: 59.02 mrr: 70.52, ndcg: 75.02, took: 3.05s
Epoch 16, 34.0%	 loss: 1.670 acc@1: 58.91 mrr: 70.80, ndcg: 75.48, took: 3.01s
Epoch 16, 36.2%	 loss: 1.671 acc@1: 58.63 mrr: 70.24, ndcg: 74.90, took: 2.96s
Epoch 16, 38.3%	 loss: 1.699 acc@1: 58.20 mrr: 70.02, ndcg: 74.62, took: 3.13s
Epoch 16, 40.4%	 loss: 1.689 acc@1: 59.80 mrr: 70.93, ndcg: 75.47, took: 2.91s
Epoch 16, 42.6%	 loss: 1.672 acc@1: 58.36 mrr: 70.20, ndcg: 74.92, took: 3.16s
Epoch 16, 44.7%	 loss: 1.680 acc@1: 59.06 mrr: 70.68, ndcg: 75.20, took: 2.97s
Epoch 16, 46.8%	 loss: 1.646 acc@1: 60.04 mrr: 71.26, ndcg: 75.75, took: 3.09s
Epoch 16, 48.9%	 loss: 1.689 acc@1: 59.06 mrr: 70.54, ndcg: 75.17, took: 3.00s
Epoch 16, 51.1%	 loss: 1.693 acc@1: 57.34 mrr: 69.80, ndcg: 74.67, took: 2.95s
Epoch 16, 53.2%	 loss: 1.708 acc@1: 58.40 mrr: 69.92, ndcg: 74.49, took: 3.01s
Epoch 16, 55.3%	 loss: 1.659 acc@1: 58.87 mrr: 70.49, ndcg: 75.20, took: 2.90s
Epoch 16, 57.4%	 loss: 1.718 acc@1: 58.91 mrr: 70.15, ndcg: 74.64, took: 3.03s
Epoch 16, 59.6%	 loss: 1.735 acc@1: 58.59 mrr: 70.24, ndcg: 74.78, took: 2.97s
Epoch 16, 61.7%	 loss: 1.677 acc@1: 57.38 mrr: 69.72, ndcg: 74.73, took: 2.91s
Epoch 16, 63.8%	 loss: 1.691 acc@1: 58.40 mrr: 69.97, ndcg: 74.71, took: 3.00s
Epoch 16, 66.0%	 loss: 1.672 acc@1: 58.87 mrr: 70.40, ndcg: 74.93, took: 3.10s
Epoch 16, 68.1%	 loss: 1.688 acc@1: 58.16 mrr: 70.08, ndcg: 74.88, took: 3.06s
Epoch 16, 70.2%	 loss: 1.740 acc@1: 58.48 mrr: 69.63, ndcg: 74.18, took: 3.05s
Epoch 16, 72.3%	 loss: 1.617 acc@1: 60.35 mrr: 71.63, ndcg: 76.06, took: 3.16s
Epoch 16, 74.5%	 loss: 1.735 acc@1: 57.66 mrr: 69.36, ndcg: 74.22, took: 3.03s
Epoch 16, 76.6%	 loss: 1.680 acc@1: 59.92 mrr: 70.74, ndcg: 74.99, took: 2.78s
Epoch 16, 78.7%	 loss: 1.751 acc@1: 57.50 mrr: 69.25, ndcg: 74.08, took: 2.91s
Epoch 16, 80.9%	 loss: 1.705 acc@1: 57.89 mrr: 69.95, ndcg: 74.80, took: 2.97s
Epoch 16, 83.0%	 loss: 1.730 acc@1: 57.97 mrr: 69.88, ndcg: 74.54, took: 3.06s
Epoch 16, 85.1%	 loss: 1.665 acc@1: 59.69 mrr: 70.81, ndcg: 75.34, took: 2.82s
Epoch 16, 87.2%	 loss: 1.677 acc@1: 58.79 mrr: 70.53, ndcg: 75.28, took: 3.05s
Epoch 16, 89.4%	 loss: 1.710 acc@1: 59.18 mrr: 70.39, ndcg: 74.98, took: 2.97s
Epoch 16, 91.5%	 loss: 1.652 acc@1: 58.48 mrr: 70.68, ndcg: 75.43, took: 3.09s
Epoch 16, 93.6%	 loss: 1.646 acc@1: 59.10 mrr: 70.83, ndcg: 75.53, took: 3.08s
Epoch 16, 95.7%	 loss: 1.689 acc@1: 58.59 mrr: 70.24, ndcg: 74.82, took: 2.90s
Epoch 16, 97.9%	 loss: 1.676 acc@1: 58.63 mrr: 70.35, ndcg: 75.08, took: 3.11s
Epoch 16, 100.0%	 loss: 1.661 acc@1: 59.84 mrr: 71.16, ndcg: 75.43, took: 3.11s
Validation - loss: 2.9242, acc@1: 51.89%, f1: 45.60%, mrr: 62.99%, ndcg: 67.32%
Current learning rate: 0.000163

=== Epoch 17 ===
Epoch 17, 2.1%	 loss: 1.643 acc@1: 58.09 mrr: 70.38, ndcg: 75.24, took: 2.93s
Epoch 17, 4.3%	 loss: 1.648 acc@1: 59.10 mrr: 70.78, ndcg: 75.62, took: 2.76s
Epoch 17, 6.4%	 loss: 1.688 acc@1: 58.09 mrr: 70.07, ndcg: 74.74, took: 2.88s
Epoch 17, 8.5%	 loss: 1.660 acc@1: 59.84 mrr: 71.20, ndcg: 75.77, took: 2.95s
Epoch 17, 10.6%	 loss: 1.616 acc@1: 60.55 mrr: 71.77, ndcg: 76.34, took: 2.80s
Epoch 17, 12.8%	 loss: 1.687 acc@1: 58.32 mrr: 70.14, ndcg: 74.97, took: 3.01s
Epoch 17, 14.9%	 loss: 1.599 acc@1: 60.98 mrr: 72.20, ndcg: 76.81, took: 3.03s
Epoch 17, 17.0%	 loss: 1.577 acc@1: 60.08 mrr: 71.90, ndcg: 76.62, took: 3.08s
Epoch 17, 19.1%	 loss: 1.635 acc@1: 60.00 mrr: 71.41, ndcg: 75.92, took: 2.96s
Epoch 17, 21.3%	 loss: 1.644 acc@1: 60.51 mrr: 71.30, ndcg: 75.82, took: 2.83s
Epoch 17, 23.4%	 loss: 1.648 acc@1: 59.77 mrr: 71.22, ndcg: 75.80, took: 2.86s
Epoch 17, 25.5%	 loss: 1.666 acc@1: 58.83 mrr: 70.58, ndcg: 75.21, took: 3.29s
Epoch 17, 27.7%	 loss: 1.622 acc@1: 59.49 mrr: 71.15, ndcg: 76.08, took: 2.96s
Epoch 17, 29.8%	 loss: 1.642 acc@1: 59.96 mrr: 71.13, ndcg: 75.69, took: 3.01s
Epoch 17, 31.9%	 loss: 1.654 acc@1: 59.14 mrr: 71.08, ndcg: 75.67, took: 2.77s
Epoch 17, 34.0%	 loss: 1.700 acc@1: 57.42 mrr: 69.59, ndcg: 74.42, took: 2.93s
Epoch 17, 36.2%	 loss: 1.669 acc@1: 59.26 mrr: 70.52, ndcg: 74.95, took: 3.01s
Epoch 17, 38.3%	 loss: 1.696 acc@1: 58.44 mrr: 69.87, ndcg: 74.65, took: 2.96s
Epoch 17, 40.4%	 loss: 1.653 acc@1: 59.80 mrr: 71.03, ndcg: 75.49, took: 2.95s
Epoch 17, 42.6%	 loss: 1.708 acc@1: 57.23 mrr: 69.60, ndcg: 74.60, took: 3.02s
Epoch 17, 44.7%	 loss: 1.665 acc@1: 59.88 mrr: 71.16, ndcg: 75.64, took: 3.00s
Epoch 17, 46.8%	 loss: 1.719 acc@1: 58.16 mrr: 69.93, ndcg: 74.62, took: 2.84s
Epoch 17, 48.9%	 loss: 1.705 acc@1: 57.42 mrr: 69.53, ndcg: 74.31, took: 3.10s
Epoch 17, 51.1%	 loss: 1.643 acc@1: 58.87 mrr: 70.78, ndcg: 75.53, took: 3.06s
Epoch 17, 53.2%	 loss: 1.655 acc@1: 59.38 mrr: 70.78, ndcg: 75.31, took: 3.16s
Epoch 17, 55.3%	 loss: 1.693 acc@1: 58.71 mrr: 70.33, ndcg: 74.92, took: 3.07s
Epoch 17, 57.4%	 loss: 1.720 acc@1: 57.89 mrr: 69.74, ndcg: 74.42, took: 2.91s
Epoch 17, 59.6%	 loss: 1.688 acc@1: 58.87 mrr: 70.24, ndcg: 74.70, took: 3.09s
Epoch 17, 61.7%	 loss: 1.753 acc@1: 58.01 mrr: 69.39, ndcg: 74.02, took: 2.97s
Epoch 17, 63.8%	 loss: 1.685 acc@1: 58.55 mrr: 70.20, ndcg: 74.82, took: 2.95s
Epoch 17, 66.0%	 loss: 1.658 acc@1: 58.98 mrr: 70.38, ndcg: 74.88, took: 3.07s
Epoch 17, 68.1%	 loss: 1.614 acc@1: 59.10 mrr: 71.17, ndcg: 75.81, took: 3.05s
Epoch 17, 70.2%	 loss: 1.669 acc@1: 58.55 mrr: 70.35, ndcg: 75.13, took: 2.96s
Epoch 17, 72.3%	 loss: 1.626 acc@1: 60.00 mrr: 71.23, ndcg: 75.63, took: 3.00s
Epoch 17, 74.5%	 loss: 1.592 acc@1: 61.05 mrr: 72.28, ndcg: 76.86, took: 3.10s
Epoch 17, 76.6%	 loss: 1.609 acc@1: 59.80 mrr: 71.39, ndcg: 75.86, took: 3.17s
Epoch 17, 78.7%	 loss: 1.679 acc@1: 58.63 mrr: 70.40, ndcg: 74.91, took: 2.92s
Epoch 17, 80.9%	 loss: 1.705 acc@1: 58.95 mrr: 70.39, ndcg: 74.94, took: 2.90s
Epoch 17, 83.0%	 loss: 1.693 acc@1: 58.55 mrr: 70.24, ndcg: 74.82, took: 3.02s
Epoch 17, 85.1%	 loss: 1.684 acc@1: 58.12 mrr: 69.96, ndcg: 74.78, took: 2.88s
Epoch 17, 87.2%	 loss: 1.737 acc@1: 57.30 mrr: 69.37, ndcg: 74.08, took: 2.96s
Epoch 17, 89.4%	 loss: 1.660 acc@1: 59.10 mrr: 71.01, ndcg: 75.78, took: 3.09s
Epoch 17, 91.5%	 loss: 1.616 acc@1: 59.38 mrr: 71.12, ndcg: 75.79, took: 3.05s
Epoch 17, 93.6%	 loss: 1.677 acc@1: 59.53 mrr: 70.63, ndcg: 75.14, took: 3.03s
Epoch 17, 95.7%	 loss: 1.648 acc@1: 58.59 mrr: 70.40, ndcg: 75.07, took: 3.00s
Epoch 17, 97.9%	 loss: 1.643 acc@1: 59.69 mrr: 71.20, ndcg: 75.60, took: 3.12s
Epoch 17, 100.0%	 loss: 1.687 acc@1: 58.87 mrr: 70.23, ndcg: 74.90, took: 3.08s
Validation - loss: 2.9277, acc@1: 51.52%, f1: 45.38%, mrr: 62.74%, ndcg: 67.12%
Current learning rate: 0.000016

=== Epoch 18 ===
Epoch 18, 2.1%	 loss: 1.767 acc@1: 57.85 mrr: 69.34, ndcg: 73.80, took: 3.03s
Epoch 18, 4.3%	 loss: 1.684 acc@1: 59.61 mrr: 70.77, ndcg: 75.22, took: 3.04s
Epoch 18, 6.4%	 loss: 1.815 acc@1: 56.37 mrr: 68.18, ndcg: 73.03, took: 3.03s
Epoch 18, 8.5%	 loss: 1.730 acc@1: 57.93 mrr: 69.76, ndcg: 74.41, took: 3.04s
Epoch 18, 10.6%	 loss: 1.692 acc@1: 58.67 mrr: 70.44, ndcg: 75.08, took: 2.98s
Epoch 18, 12.8%	 loss: 1.758 acc@1: 56.76 mrr: 68.88, ndcg: 73.74, took: 3.01s
Epoch 18, 14.9%	 loss: 1.695 acc@1: 59.22 mrr: 70.39, ndcg: 74.90, took: 2.91s
Epoch 18, 17.0%	 loss: 1.740 acc@1: 57.70 mrr: 69.64, ndcg: 74.40, took: 2.94s
Epoch 18, 19.1%	 loss: 1.769 acc@1: 56.52 mrr: 68.88, ndcg: 73.81, took: 2.91s
Epoch 18, 21.3%	 loss: 1.697 acc@1: 59.22 mrr: 70.68, ndcg: 75.17, took: 3.12s
Epoch 18, 23.4%	 loss: 1.820 acc@1: 56.17 mrr: 68.18, ndcg: 72.93, took: 2.92s
Epoch 18, 25.5%	 loss: 1.737 acc@1: 58.12 mrr: 69.98, ndcg: 74.44, took: 2.97s
Epoch 18, 27.7%	 loss: 1.713 acc@1: 57.93 mrr: 69.94, ndcg: 74.59, took: 2.98s
Epoch 18, 29.8%	 loss: 1.808 acc@1: 56.80 mrr: 68.62, ndcg: 73.23, took: 2.97s
Epoch 18, 31.9%	 loss: 1.739 acc@1: 56.45 mrr: 69.14, ndcg: 74.09, took: 2.89s
Epoch 18, 34.0%	 loss: 1.783 acc@1: 56.60 mrr: 68.72, ndcg: 73.47, took: 3.01s
Epoch 18, 36.2%	 loss: 1.813 acc@1: 56.60 mrr: 68.20, ndcg: 73.01, took: 3.16s
Epoch 18, 38.3%	 loss: 1.706 acc@1: 57.15 mrr: 69.36, ndcg: 74.13, took: 3.02s
Epoch 18, 40.4%	 loss: 1.728 acc@1: 58.79 mrr: 70.02, ndcg: 74.54, took: 2.83s
Epoch 18, 42.6%	 loss: 1.731 acc@1: 58.09 mrr: 69.78, ndcg: 74.48, took: 2.88s
Epoch 18, 44.7%	 loss: 1.819 acc@1: 55.86 mrr: 67.97, ndcg: 72.89, took: 2.96s
Epoch 18, 46.8%	 loss: 1.703 acc@1: 58.20 mrr: 70.03, ndcg: 74.66, took: 3.12s
Epoch 18, 48.9%	 loss: 1.732 acc@1: 57.81 mrr: 69.50, ndcg: 74.21, took: 3.07s
Epoch 18, 51.1%	 loss: 1.757 acc@1: 57.34 mrr: 69.10, ndcg: 73.96, took: 2.99s
Epoch 18, 53.2%	 loss: 1.720 acc@1: 58.40 mrr: 70.00, ndcg: 74.55, took: 2.91s
Epoch 18, 55.3%	 loss: 1.688 acc@1: 58.98 mrr: 70.59, ndcg: 75.25, took: 3.10s
Epoch 18, 57.4%	 loss: 1.699 acc@1: 59.38 mrr: 70.66, ndcg: 75.15, took: 3.09s
Epoch 18, 59.6%	 loss: 1.750 acc@1: 57.23 mrr: 69.50, ndcg: 74.33, took: 2.95s
Epoch 18, 61.7%	 loss: 1.746 acc@1: 56.56 mrr: 68.93, ndcg: 73.70, took: 3.08s
Epoch 18, 63.8%	 loss: 1.702 acc@1: 58.98 mrr: 70.33, ndcg: 75.08, took: 3.01s
Epoch 18, 66.0%	 loss: 1.763 acc@1: 57.30 mrr: 69.26, ndcg: 74.00, took: 2.94s
Epoch 18, 68.1%	 loss: 1.692 acc@1: 60.47 mrr: 71.01, ndcg: 75.30, took: 3.02s
Epoch 18, 70.2%	 loss: 1.696 acc@1: 59.34 mrr: 70.64, ndcg: 75.23, took: 2.94s
Epoch 18, 72.3%	 loss: 1.727 acc@1: 58.87 mrr: 70.25, ndcg: 74.65, took: 3.02s
Epoch 18, 74.5%	 loss: 1.728 acc@1: 57.50 mrr: 69.58, ndcg: 74.23, took: 2.82s
Epoch 18, 76.6%	 loss: 1.670 acc@1: 58.83 mrr: 70.48, ndcg: 75.16, took: 3.11s
Epoch 18, 78.7%	 loss: 1.741 acc@1: 57.73 mrr: 69.39, ndcg: 74.04, took: 2.95s
Epoch 18, 80.9%	 loss: 1.721 acc@1: 58.98 mrr: 70.43, ndcg: 75.16, took: 3.04s
Epoch 18, 83.0%	 loss: 1.690 acc@1: 59.45 mrr: 71.04, ndcg: 75.59, took: 2.92s
Epoch 18, 85.1%	 loss: 1.673 acc@1: 60.31 mrr: 71.31, ndcg: 75.72, took: 2.89s
Epoch 18, 87.2%	 loss: 1.691 acc@1: 58.83 mrr: 70.37, ndcg: 75.03, took: 2.86s
Epoch 18, 89.4%	 loss: 1.736 acc@1: 57.97 mrr: 69.59, ndcg: 74.21, took: 3.08s
Epoch 18, 91.5%	 loss: 1.696 acc@1: 58.01 mrr: 70.19, ndcg: 75.06, took: 3.14s
Epoch 18, 93.6%	 loss: 1.651 acc@1: 59.73 mrr: 71.21, ndcg: 75.85, took: 2.94s
Epoch 18, 95.7%	 loss: 1.835 acc@1: 56.88 mrr: 68.38, ndcg: 72.98, took: 3.14s
Epoch 18, 97.9%	 loss: 1.673 acc@1: 60.20 mrr: 71.19, ndcg: 75.50, took: 2.92s
Epoch 18, 100.0%	 loss: 1.708 acc@1: 60.04 mrr: 70.79, ndcg: 75.28, took: 2.97s
Validation - loss: 2.8921, acc@1: 51.74%, f1: 45.07%, mrr: 63.03%, ndcg: 67.39%
Current learning rate: 0.000016

=== Epoch 19 ===
Epoch 19, 2.1%	 loss: 1.717 acc@1: 58.28 mrr: 69.89, ndcg: 74.57, took: 3.01s
Epoch 19, 4.3%	 loss: 1.671 acc@1: 59.14 mrr: 70.78, ndcg: 75.19, took: 3.02s
Epoch 19, 6.4%	 loss: 1.752 acc@1: 59.34 mrr: 70.23, ndcg: 74.80, took: 2.92s
Epoch 19, 8.5%	 loss: 1.672 acc@1: 58.32 mrr: 70.23, ndcg: 75.12, took: 3.25s
Epoch 19, 10.6%	 loss: 1.708 acc@1: 58.36 mrr: 69.86, ndcg: 74.35, took: 3.04s
Epoch 19, 12.8%	 loss: 1.722 acc@1: 57.15 mrr: 69.46, ndcg: 74.20, took: 3.01s
Epoch 19, 14.9%	 loss: 1.727 acc@1: 56.76 mrr: 69.10, ndcg: 74.00, took: 2.76s
Epoch 19, 17.0%	 loss: 1.721 acc@1: 57.89 mrr: 69.75, ndcg: 74.47, took: 2.80s
Epoch 19, 19.1%	 loss: 1.789 acc@1: 57.77 mrr: 69.16, ndcg: 73.78, took: 3.08s
Epoch 19, 21.3%	 loss: 1.738 acc@1: 57.77 mrr: 69.37, ndcg: 74.18, took: 3.05s
Epoch 19, 23.4%	 loss: 1.767 acc@1: 57.34 mrr: 69.19, ndcg: 73.94, took: 3.23s
Epoch 19, 25.5%	 loss: 1.697 acc@1: 56.84 mrr: 69.41, ndcg: 74.29, took: 2.89s
Epoch 19, 27.7%	 loss: 1.697 acc@1: 58.63 mrr: 70.47, ndcg: 75.18, took: 2.93s
Epoch 19, 29.8%	 loss: 1.753 acc@1: 57.34 mrr: 69.20, ndcg: 74.03, took: 2.95s
Epoch 19, 31.9%	 loss: 1.762 acc@1: 59.14 mrr: 70.10, ndcg: 74.36, took: 3.03s
Epoch 19, 34.0%	 loss: 1.725 acc@1: 58.01 mrr: 69.79, ndcg: 74.51, took: 3.17s
Epoch 19, 36.2%	 loss: 1.729 acc@1: 56.68 mrr: 69.11, ndcg: 73.90, took: 3.06s
Epoch 19, 38.3%	 loss: 1.695 acc@1: 58.32 mrr: 70.41, ndcg: 75.02, took: 2.95s
Epoch 19, 40.4%	 loss: 1.790 acc@1: 56.60 mrr: 68.53, ndcg: 73.19, took: 3.07s
Epoch 19, 42.6%	 loss: 1.694 acc@1: 58.79 mrr: 70.46, ndcg: 75.09, took: 2.75s
Epoch 19, 44.7%	 loss: 1.715 acc@1: 58.05 mrr: 70.01, ndcg: 74.85, took: 3.11s
Epoch 19, 46.8%	 loss: 1.785 acc@1: 56.52 mrr: 68.51, ndcg: 73.25, took: 2.93s
Epoch 19, 48.9%	 loss: 1.711 acc@1: 58.67 mrr: 70.33, ndcg: 74.81, took: 3.12s
Epoch 19, 51.1%	 loss: 1.635 acc@1: 60.35 mrr: 71.75, ndcg: 76.17, took: 3.15s
Epoch 19, 53.2%	 loss: 1.728 acc@1: 58.71 mrr: 69.96, ndcg: 74.70, took: 3.13s
Epoch 19, 55.3%	 loss: 1.689 acc@1: 59.69 mrr: 70.74, ndcg: 75.24, took: 3.04s
Epoch 19, 57.4%	 loss: 1.769 acc@1: 58.24 mrr: 69.49, ndcg: 74.02, took: 2.77s
Epoch 19, 59.6%	 loss: 1.734 acc@1: 58.20 mrr: 69.88, ndcg: 74.56, took: 2.90s
Epoch 19, 61.7%	 loss: 1.695 acc@1: 58.40 mrr: 70.10, ndcg: 74.79, took: 2.95s
Epoch 19, 63.8%	 loss: 1.719 acc@1: 58.32 mrr: 69.96, ndcg: 74.62, took: 2.95s
Epoch 19, 66.0%	 loss: 1.764 acc@1: 57.62 mrr: 69.32, ndcg: 73.95, took: 3.05s
Epoch 19, 68.1%	 loss: 1.700 acc@1: 59.61 mrr: 70.93, ndcg: 75.43, took: 2.98s
Epoch 19, 70.2%	 loss: 1.733 acc@1: 57.85 mrr: 69.69, ndcg: 74.27, took: 3.09s
Epoch 19, 72.3%	 loss: 1.712 acc@1: 58.44 mrr: 70.23, ndcg: 74.93, took: 3.12s
Epoch 19, 74.5%	 loss: 1.727 acc@1: 57.11 mrr: 69.36, ndcg: 74.33, took: 2.86s
Epoch 19, 76.6%	 loss: 1.711 acc@1: 59.77 mrr: 70.87, ndcg: 75.23, took: 3.10s
Epoch 19, 78.7%	 loss: 1.772 acc@1: 57.19 mrr: 69.21, ndcg: 73.92, took: 3.16s
Epoch 19, 80.9%	 loss: 1.727 acc@1: 58.87 mrr: 70.45, ndcg: 75.05, took: 2.97s
Epoch 19, 83.0%	 loss: 1.741 acc@1: 57.62 mrr: 69.51, ndcg: 74.37, took: 3.01s
Epoch 19, 85.1%	 loss: 1.780 acc@1: 56.99 mrr: 68.75, ndcg: 73.49, took: 3.05s
Epoch 19, 87.2%	 loss: 1.709 acc@1: 58.12 mrr: 69.88, ndcg: 74.62, took: 2.89s
Epoch 19, 89.4%	 loss: 1.735 acc@1: 59.53 mrr: 70.54, ndcg: 74.91, took: 2.88s
Epoch 19, 91.5%	 loss: 1.710 acc@1: 59.10 mrr: 70.44, ndcg: 74.94, took: 3.01s
Epoch 19, 93.6%	 loss: 1.729 acc@1: 58.48 mrr: 69.84, ndcg: 74.42, took: 2.94s
Epoch 19, 95.7%	 loss: 1.720 acc@1: 58.28 mrr: 69.98, ndcg: 74.65, took: 3.08s
Epoch 19, 97.9%	 loss: 1.706 acc@1: 58.01 mrr: 69.88, ndcg: 74.55, took: 3.04s
Epoch 19, 100.0%	 loss: 1.742 acc@1: 58.95 mrr: 70.11, ndcg: 74.68, took: 3.11s
Validation - loss: 2.8919, acc@1: 51.70%, f1: 44.98%, mrr: 62.99%, ndcg: 67.38%
Current learning rate: 0.000016

=== Epoch 20 ===
Epoch 20, 2.1%	 loss: 1.688 acc@1: 58.91 mrr: 70.58, ndcg: 75.21, took: 3.01s
Epoch 20, 4.3%	 loss: 1.749 acc@1: 58.24 mrr: 69.70, ndcg: 74.23, took: 3.04s
Epoch 20, 6.4%	 loss: 1.712 acc@1: 58.32 mrr: 70.00, ndcg: 74.54, took: 2.96s
Epoch 20, 8.5%	 loss: 1.747 acc@1: 56.37 mrr: 68.89, ndcg: 73.77, took: 3.23s
Epoch 20, 10.6%	 loss: 1.659 acc@1: 58.28 mrr: 70.59, ndcg: 75.37, took: 3.08s
Epoch 20, 12.8%	 loss: 1.742 acc@1: 58.52 mrr: 69.76, ndcg: 74.21, took: 3.09s
Epoch 20, 14.9%	 loss: 1.629 acc@1: 59.10 mrr: 71.14, ndcg: 75.84, took: 3.11s
Epoch 20, 17.0%	 loss: 1.690 acc@1: 58.32 mrr: 70.25, ndcg: 74.91, took: 2.91s
Epoch 20, 19.1%	 loss: 1.751 acc@1: 58.55 mrr: 69.71, ndcg: 74.26, took: 2.95s
Epoch 20, 21.3%	 loss: 1.780 acc@1: 56.60 mrr: 68.38, ndcg: 73.12, took: 3.05s
Epoch 20, 23.4%	 loss: 1.627 acc@1: 60.62 mrr: 71.75, ndcg: 75.97, took: 3.04s
Epoch 20, 25.5%	 loss: 1.682 acc@1: 59.77 mrr: 70.88, ndcg: 75.42, took: 2.94s
Epoch 20, 27.7%	 loss: 1.648 acc@1: 60.47 mrr: 71.34, ndcg: 75.83, took: 3.15s
Epoch 20, 29.8%	 loss: 1.798 acc@1: 57.58 mrr: 68.93, ndcg: 73.49, took: 2.90s
Epoch 20, 31.9%	 loss: 1.727 acc@1: 57.46 mrr: 69.43, ndcg: 74.16, took: 2.93s
Epoch 20, 34.0%	 loss: 1.776 acc@1: 57.30 mrr: 68.80, ndcg: 73.52, took: 3.14s
Epoch 20, 36.2%	 loss: 1.673 acc@1: 60.31 mrr: 71.71, ndcg: 76.14, took: 3.01s
Epoch 20, 38.3%	 loss: 1.732 acc@1: 59.06 mrr: 70.39, ndcg: 74.76, took: 2.90s
Epoch 20, 40.4%	 loss: 1.842 acc@1: 55.62 mrr: 67.63, ndcg: 72.33, took: 2.98s
Epoch 20, 42.6%	 loss: 1.750 acc@1: 57.30 mrr: 69.33, ndcg: 74.03, took: 3.10s
Epoch 20, 44.7%	 loss: 1.627 acc@1: 60.82 mrr: 72.02, ndcg: 76.55, took: 2.87s
Epoch 20, 46.8%	 loss: 1.715 acc@1: 58.67 mrr: 70.20, ndcg: 74.76, took: 3.17s
Epoch 20, 48.9%	 loss: 1.725 acc@1: 57.46 mrr: 69.54, ndcg: 74.23, took: 3.07s
Epoch 20, 51.1%	 loss: 1.741 acc@1: 58.40 mrr: 69.85, ndcg: 74.30, took: 2.72s
Epoch 20, 53.2%	 loss: 1.730 acc@1: 58.98 mrr: 70.52, ndcg: 74.99, took: 3.00s
Epoch 20, 55.3%	 loss: 1.751 acc@1: 57.73 mrr: 69.55, ndcg: 74.08, took: 3.01s
Epoch 20, 57.4%	 loss: 1.835 acc@1: 55.23 mrr: 67.67, ndcg: 72.62, took: 3.05s
Epoch 20, 59.6%	 loss: 1.704 acc@1: 58.87 mrr: 70.50, ndcg: 75.14, took: 3.14s
Epoch 20, 61.7%	 loss: 1.727 acc@1: 57.70 mrr: 69.30, ndcg: 74.06, took: 2.98s
Epoch 20, 63.8%	 loss: 1.740 acc@1: 57.81 mrr: 69.59, ndcg: 74.29, took: 2.93s
Epoch 20, 66.0%	 loss: 1.737 acc@1: 57.15 mrr: 68.97, ndcg: 73.75, took: 2.87s
Epoch 20, 68.1%	 loss: 1.729 acc@1: 57.77 mrr: 69.86, ndcg: 74.59, took: 3.12s
Epoch 20, 70.2%	 loss: 1.763 acc@1: 57.38 mrr: 69.21, ndcg: 73.84, took: 3.07s
Epoch 20, 72.3%	 loss: 1.741 acc@1: 57.77 mrr: 69.64, ndcg: 74.32, took: 2.98s
Epoch 20, 74.5%	 loss: 1.655 acc@1: 58.48 mrr: 70.38, ndcg: 75.32, took: 2.93s
Epoch 20, 76.6%	 loss: 1.750 acc@1: 57.38 mrr: 69.11, ndcg: 73.84, took: 2.94s
Epoch 20, 78.7%	 loss: 1.749 acc@1: 57.62 mrr: 69.29, ndcg: 73.83, took: 2.94s
Epoch 20, 80.9%	 loss: 1.685 acc@1: 59.65 mrr: 71.13, ndcg: 75.77, took: 2.98s
Epoch 20, 83.0%	 loss: 1.780 acc@1: 56.52 mrr: 68.48, ndcg: 73.32, took: 2.93s
Epoch 20, 85.1%	 loss: 1.676 acc@1: 59.26 mrr: 70.96, ndcg: 75.47, took: 3.02s
Epoch 20, 87.2%	 loss: 1.694 acc@1: 59.34 mrr: 70.55, ndcg: 74.98, took: 3.03s
Epoch 20, 89.4%	 loss: 1.791 acc@1: 56.99 mrr: 68.74, ndcg: 73.50, took: 2.92s
Epoch 20, 91.5%	 loss: 1.699 acc@1: 56.99 mrr: 69.39, ndcg: 74.24, took: 2.95s
Epoch 20, 93.6%	 loss: 1.782 acc@1: 57.19 mrr: 69.21, ndcg: 73.93, took: 3.05s
Epoch 20, 95.7%	 loss: 1.733 acc@1: 58.52 mrr: 69.99, ndcg: 74.61, took: 2.94s
Epoch 20, 97.9%	 loss: 1.717 acc@1: 58.83 mrr: 70.21, ndcg: 74.70, took: 3.02s
Epoch 20, 100.0%	 loss: 1.682 acc@1: 60.00 mrr: 71.22, ndcg: 75.67, took: 2.95s
Validation - loss: 2.8916, acc@1: 51.71%, f1: 45.18%, mrr: 63.00%, ndcg: 67.34%
Current learning rate: 0.000016

=== Epoch 21 ===
Epoch 21, 2.1%	 loss: 1.761 acc@1: 57.23 mrr: 69.23, ndcg: 73.92, took: 3.08s
Epoch 21, 4.3%	 loss: 1.664 acc@1: 59.61 mrr: 70.98, ndcg: 75.51, took: 2.97s
Epoch 21, 6.4%	 loss: 1.686 acc@1: 58.71 mrr: 70.66, ndcg: 75.25, took: 2.94s
Epoch 21, 8.5%	 loss: 1.688 acc@1: 58.71 mrr: 70.41, ndcg: 75.06, took: 3.00s
Epoch 21, 10.6%	 loss: 1.691 acc@1: 58.55 mrr: 70.37, ndcg: 75.08, took: 2.76s
Epoch 21, 12.8%	 loss: 1.727 acc@1: 58.44 mrr: 70.03, ndcg: 74.70, took: 3.12s
Epoch 21, 14.9%	 loss: 1.738 acc@1: 57.30 mrr: 69.43, ndcg: 74.14, took: 2.93s
Epoch 21, 17.0%	 loss: 1.693 acc@1: 58.01 mrr: 70.30, ndcg: 75.07, took: 3.02s
Epoch 21, 19.1%	 loss: 1.711 acc@1: 58.87 mrr: 70.21, ndcg: 74.68, took: 2.83s
Epoch 21, 21.3%	 loss: 1.689 acc@1: 59.96 mrr: 71.03, ndcg: 75.45, took: 2.77s
Epoch 21, 23.4%	 loss: 1.754 acc@1: 57.58 mrr: 69.40, ndcg: 74.16, took: 2.97s
Epoch 21, 25.5%	 loss: 1.738 acc@1: 58.28 mrr: 69.67, ndcg: 74.39, took: 3.15s
Epoch 21, 27.7%	 loss: 1.703 acc@1: 58.55 mrr: 70.42, ndcg: 75.15, took: 3.04s
Epoch 21, 29.8%	 loss: 1.727 acc@1: 56.88 mrr: 69.30, ndcg: 74.34, took: 2.95s
Epoch 21, 31.9%	 loss: 1.823 acc@1: 56.45 mrr: 68.17, ndcg: 72.77, took: 3.00s
Epoch 21, 34.0%	 loss: 1.773 acc@1: 56.41 mrr: 68.46, ndcg: 73.33, took: 3.15s
Epoch 21, 36.2%	 loss: 1.631 acc@1: 59.30 mrr: 71.11, ndcg: 75.68, took: 3.08s
Epoch 21, 38.3%	 loss: 1.731 acc@1: 58.40 mrr: 69.89, ndcg: 74.55, took: 2.87s
Epoch 21, 40.4%	 loss: 1.688 acc@1: 58.32 mrr: 70.40, ndcg: 75.10, took: 3.02s
Epoch 21, 42.6%	 loss: 1.714 acc@1: 57.11 mrr: 69.35, ndcg: 74.40, took: 2.84s
Epoch 21, 44.7%	 loss: 1.727 acc@1: 58.32 mrr: 69.77, ndcg: 74.28, took: 2.90s
Epoch 21, 46.8%	 loss: 1.643 acc@1: 59.57 mrr: 71.33, ndcg: 76.12, took: 3.07s
Epoch 21, 48.9%	 loss: 1.736 acc@1: 57.97 mrr: 69.65, ndcg: 74.31, took: 2.96s
Epoch 21, 51.1%	 loss: 1.650 acc@1: 60.00 mrr: 71.15, ndcg: 75.71, took: 3.07s
Epoch 21, 53.2%	 loss: 1.766 acc@1: 57.54 mrr: 69.32, ndcg: 73.99, took: 3.07s
Epoch 21, 55.3%	 loss: 1.686 acc@1: 58.98 mrr: 70.55, ndcg: 75.14, took: 3.08s
Epoch 21, 57.4%	 loss: 1.772 acc@1: 57.77 mrr: 69.39, ndcg: 74.08, took: 3.06s
Epoch 21, 59.6%	 loss: 1.721 acc@1: 57.97 mrr: 69.66, ndcg: 74.22, took: 3.06s
Epoch 21, 61.7%	 loss: 1.732 acc@1: 58.01 mrr: 69.71, ndcg: 74.29, took: 3.02s
Epoch 21, 63.8%	 loss: 1.703 acc@1: 59.18 mrr: 70.49, ndcg: 74.82, took: 2.84s
Epoch 21, 66.0%	 loss: 1.683 acc@1: 59.18 mrr: 70.77, ndcg: 75.23, took: 2.99s
Epoch 21, 68.1%	 loss: 1.774 acc@1: 57.07 mrr: 68.89, ndcg: 73.67, took: 2.88s
Epoch 21, 70.2%	 loss: 1.694 acc@1: 59.26 mrr: 70.62, ndcg: 75.19, took: 3.04s
Epoch 21, 72.3%	 loss: 1.701 acc@1: 58.71 mrr: 70.49, ndcg: 75.15, took: 3.18s
Epoch 21, 74.5%	 loss: 1.717 acc@1: 59.65 mrr: 70.63, ndcg: 75.10, took: 2.99s
Epoch 21, 76.6%	 loss: 1.727 acc@1: 58.98 mrr: 70.24, ndcg: 74.65, took: 2.99s
Epoch 21, 78.7%	 loss: 1.794 acc@1: 57.30 mrr: 68.92, ndcg: 73.52, took: 2.96s
Epoch 21, 80.9%	 loss: 1.784 acc@1: 56.64 mrr: 68.53, ndcg: 73.21, took: 3.04s
Epoch 21, 83.0%	 loss: 1.697 acc@1: 58.24 mrr: 70.21, ndcg: 74.92, took: 2.98s
Epoch 21, 85.1%	 loss: 1.726 acc@1: 57.77 mrr: 69.47, ndcg: 74.30, took: 2.96s
Epoch 21, 87.2%	 loss: 1.735 acc@1: 57.77 mrr: 69.52, ndcg: 74.42, took: 2.96s
Epoch 21, 89.4%	 loss: 1.758 acc@1: 57.58 mrr: 69.23, ndcg: 73.81, took: 2.99s
Epoch 21, 91.5%	 loss: 1.696 acc@1: 56.84 mrr: 69.46, ndcg: 74.42, took: 2.99s
Epoch 21, 93.6%	 loss: 1.678 acc@1: 58.55 mrr: 70.56, ndcg: 75.23, took: 2.94s
Epoch 21, 95.7%	 loss: 1.781 acc@1: 56.99 mrr: 68.69, ndcg: 73.44, took: 2.85s
Epoch 21, 97.9%	 loss: 1.687 acc@1: 58.95 mrr: 70.69, ndcg: 75.22, took: 2.98s
Epoch 21, 100.0%	 loss: 1.691 acc@1: 58.52 mrr: 70.39, ndcg: 75.15, took: 3.04s
Validation - loss: 2.8915, acc@1: 51.78%, f1: 45.28%, mrr: 63.05%, ndcg: 67.40%
Current learning rate: 0.000016

=== Epoch 22 ===
Epoch 22, 2.1%	 loss: 1.700 acc@1: 59.22 mrr: 70.33, ndcg: 74.96, took: 2.99s
Epoch 22, 4.3%	 loss: 1.712 acc@1: 57.93 mrr: 69.84, ndcg: 74.68, took: 2.97s
Epoch 22, 6.4%	 loss: 1.725 acc@1: 59.34 mrr: 70.58, ndcg: 75.09, took: 3.02s
Epoch 22, 8.5%	 loss: 1.748 acc@1: 57.66 mrr: 69.53, ndcg: 74.17, took: 3.06s
Epoch 22, 10.6%	 loss: 1.747 acc@1: 57.23 mrr: 69.38, ndcg: 74.18, took: 3.06s
Epoch 22, 12.8%	 loss: 1.751 acc@1: 57.50 mrr: 69.34, ndcg: 74.16, took: 2.99s
Epoch 22, 14.9%	 loss: 1.726 acc@1: 58.63 mrr: 69.85, ndcg: 74.51, took: 3.00s
Epoch 22, 17.0%	 loss: 1.758 acc@1: 58.24 mrr: 69.77, ndcg: 74.38, took: 3.05s
Epoch 22, 19.1%	 loss: 1.696 acc@1: 59.06 mrr: 70.50, ndcg: 75.09, took: 2.78s
Epoch 22, 21.3%	 loss: 1.693 acc@1: 58.01 mrr: 69.93, ndcg: 74.78, took: 2.83s
Epoch 22, 23.4%	 loss: 1.655 acc@1: 58.48 mrr: 70.55, ndcg: 75.30, took: 2.74s
Epoch 22, 25.5%	 loss: 1.714 acc@1: 58.75 mrr: 70.03, ndcg: 74.51, took: 3.06s
Epoch 22, 27.7%	 loss: 1.723 acc@1: 58.48 mrr: 69.93, ndcg: 74.33, took: 3.14s
Epoch 22, 29.8%	 loss: 1.705 acc@1: 59.77 mrr: 70.75, ndcg: 75.19, took: 3.00s
Epoch 22, 31.9%	 loss: 1.672 acc@1: 58.95 mrr: 70.58, ndcg: 75.33, took: 2.98s
Epoch 22, 34.0%	 loss: 1.731 acc@1: 57.58 mrr: 69.33, ndcg: 74.12, took: 3.04s
Epoch 22, 36.2%	 loss: 1.698 acc@1: 57.97 mrr: 69.74, ndcg: 74.53, took: 2.97s
Epoch 22, 38.3%	 loss: 1.733 acc@1: 58.75 mrr: 70.16, ndcg: 74.68, took: 3.00s
Epoch 22, 40.4%	 loss: 1.636 acc@1: 60.94 mrr: 72.02, ndcg: 76.44, took: 2.70s
Epoch 22, 42.6%	 loss: 1.784 acc@1: 57.19 mrr: 69.05, ndcg: 73.58, took: 2.78s
Epoch 22, 44.7%	 loss: 1.668 acc@1: 59.77 mrr: 71.25, ndcg: 75.82, took: 2.95s
Epoch 22, 46.8%	 loss: 1.655 acc@1: 59.22 mrr: 70.98, ndcg: 75.69, took: 2.82s
Epoch 22, 48.9%	 loss: 1.742 acc@1: 57.62 mrr: 69.51, ndcg: 74.17, took: 2.94s
Epoch 22, 51.1%	 loss: 1.705 acc@1: 58.16 mrr: 70.09, ndcg: 74.69, took: 2.70s
Epoch 22, 53.2%	 loss: 1.734 acc@1: 58.24 mrr: 69.80, ndcg: 74.33, took: 2.94s
Epoch 22, 55.3%	 loss: 1.756 acc@1: 57.58 mrr: 69.14, ndcg: 73.87, took: 2.68s
Epoch 22, 57.4%	 loss: 1.760 acc@1: 57.30 mrr: 69.09, ndcg: 73.91, took: 2.74s
Epoch 22, 59.6%	 loss: 1.680 acc@1: 58.71 mrr: 70.54, ndcg: 75.22, took: 2.93s
Epoch 22, 61.7%	 loss: 1.734 acc@1: 58.12 mrr: 69.82, ndcg: 74.49, took: 2.94s
Epoch 22, 63.8%	 loss: 1.724 acc@1: 58.55 mrr: 70.14, ndcg: 74.65, took: 2.79s
Epoch 22, 66.0%	 loss: 1.680 acc@1: 58.48 mrr: 70.05, ndcg: 74.73, took: 2.90s
Epoch 22, 68.1%	 loss: 1.716 acc@1: 58.63 mrr: 70.09, ndcg: 74.81, took: 2.74s
Epoch 22, 70.2%	 loss: 1.706 acc@1: 59.14 mrr: 70.45, ndcg: 75.10, took: 2.77s
Epoch 22, 72.3%	 loss: 1.740 acc@1: 56.99 mrr: 69.33, ndcg: 74.00, took: 2.87s
Epoch 22, 74.5%	 loss: 1.753 acc@1: 57.15 mrr: 69.21, ndcg: 74.19, took: 2.78s
Epoch 22, 76.6%	 loss: 1.666 acc@1: 60.43 mrr: 71.30, ndcg: 75.57, took: 2.81s
Epoch 22, 78.7%	 loss: 1.736 acc@1: 57.42 mrr: 69.33, ndcg: 73.93, took: 2.87s
Epoch 22, 80.9%	 loss: 1.671 acc@1: 59.69 mrr: 71.03, ndcg: 75.73, took: 2.76s
Epoch 22, 83.0%	 loss: 1.801 acc@1: 58.20 mrr: 69.47, ndcg: 74.03, took: 2.63s
Epoch 22, 85.1%	 loss: 1.753 acc@1: 57.73 mrr: 69.47, ndcg: 74.26, took: 2.81s
Epoch 22, 87.2%	 loss: 1.751 acc@1: 57.73 mrr: 69.50, ndcg: 74.20, took: 2.87s
Epoch 22, 89.4%	 loss: 1.637 acc@1: 60.35 mrr: 71.57, ndcg: 75.89, took: 2.68s
Epoch 22, 91.5%	 loss: 1.718 acc@1: 58.52 mrr: 70.15, ndcg: 74.65, took: 2.71s
Epoch 22, 93.6%	 loss: 1.729 acc@1: 58.20 mrr: 69.98, ndcg: 74.71, took: 2.73s
Epoch 22, 95.7%	 loss: 1.674 acc@1: 58.87 mrr: 70.50, ndcg: 75.08, took: 2.77s
Epoch 22, 97.9%	 loss: 1.750 acc@1: 58.01 mrr: 69.36, ndcg: 73.96, took: 3.21s
Epoch 22, 100.0%	 loss: 1.677 acc@1: 59.10 mrr: 70.72, ndcg: 75.42, took: 3.19s
Validation - loss: 2.8927, acc@1: 51.70%, f1: 45.11%, mrr: 62.97%, ndcg: 67.36%
Training finished.	 Time: 3187.39s.	 acc@1: 51.68%

=== Test Results ===
Test Results:
  acc@1: 51.36%
  acc@5: 76.16%
  acc@10: 80.27%
  mrr: 62.24%
  ndcg: 66.40%
  f1: 45.36%

=== Training Complete ===
