2025-12-28 19:35:55,291 - INFO - ============================================================
2025-12-28 19:35:55,291 - INFO - POINTER V45 - Training Started
2025-12-28 19:35:55,291 - INFO - ============================================================
2025-12-28 19:35:55,291 - INFO - Model config: {'d_model': 64, 'dim_feedforward': 128, 'dropout': 0.15, 'nhead': 4, 'num_layers': 3}
2025-12-28 19:35:55,291 - INFO - Training config: {'batch_size': 128, 'grad_clip': 0.8, 'label_smoothing': 0.03, 'learning_rate': 0.0005, 'min_epochs': 8, 'min_lr': 1e-06, 'num_epochs': 50, 'patience': 5, 'use_amp': True, 'warmup_epochs': 5, 'weight_decay': 0.015}
2025-12-28 19:35:55,291 - INFO - ============================================================
2025-12-28 19:35:55,291 - INFO - Training for 50 epochs
2025-12-28 19:35:55,292 - INFO - Model parameters: 284,948
2025-12-28 19:36:02,674 - INFO - Epoch 1/50 | LR: 1.00e-04 | Train: 4.3252 | Val: 3.2931 | Acc@1: 38.00%
2025-12-28 19:36:02,700 - INFO -   ✓ New best (Acc@1: 38.00%)
2025-12-28 19:36:08,311 - INFO - Epoch 2/50 | LR: 2.00e-04 | Train: 4.0080 | Val: 3.1672 | Acc@1: 41.39%
2025-12-28 19:36:08,337 - INFO -   ✓ New best (Acc@1: 41.39%)
2025-12-28 19:36:13,727 - INFO - Epoch 3/50 | LR: 3.00e-04 | Train: 3.7813 | Val: 3.0740 | Acc@1: 43.52%
2025-12-28 19:36:13,754 - INFO -   ✓ New best (Acc@1: 43.52%)
2025-12-28 19:36:19,500 - INFO - Epoch 4/50 | LR: 4.00e-04 | Train: 3.5738 | Val: 3.0404 | Acc@1: 46.37%
2025-12-28 19:36:19,527 - INFO -   ✓ New best (Acc@1: 46.37%)
2025-12-28 19:36:24,549 - INFO - Epoch 5/50 | LR: 5.00e-04 | Train: 3.3969 | Val: 3.0483 | Acc@1: 46.64%
2025-12-28 19:36:29,710 - INFO - Epoch 6/50 | LR: 5.00e-04 | Train: 3.2365 | Val: 3.0151 | Acc@1: 46.61%
2025-12-28 19:36:29,738 - INFO -   ✓ New best (Acc@1: 46.61%)
2025-12-28 19:36:35,631 - INFO - Epoch 7/50 | LR: 4.99e-04 | Train: 3.0904 | Val: 3.0286 | Acc@1: 47.21%
2025-12-28 19:36:41,521 - INFO - Epoch 8/50 | LR: 4.98e-04 | Train: 2.9474 | Val: 3.0556 | Acc@1: 48.17%
2025-12-28 19:36:47,352 - INFO - Epoch 9/50 | LR: 4.95e-04 | Train: 2.7980 | Val: 3.0237 | Acc@1: 48.44%
2025-12-28 19:36:53,142 - INFO - Epoch 10/50 | LR: 4.90e-04 | Train: 2.6805 | Val: 3.0264 | Acc@1: 47.90%
2025-12-28 19:36:59,525 - INFO - Epoch 11/50 | LR: 4.85e-04 | Train: 2.5455 | Val: 3.0722 | Acc@1: 48.53%
2025-12-28 19:36:59,526 - INFO - Early stopping at epoch 11
2025-12-28 19:37:00,061 - INFO - Loaded checkpoint from epoch 6
2025-12-28 19:37:03,852 - INFO - ============================================================
2025-12-28 19:37:03,853 - INFO - FINAL VALIDATION RESULTS
2025-12-28 19:37:03,853 - INFO -   Acc@1:  46.61%
2025-12-28 19:37:03,853 - INFO -   Acc@5:  76.99%
2025-12-28 19:37:03,853 - INFO -   Acc@10: 82.03%
2025-12-28 19:37:03,853 - INFO -   MRR:    59.96%
2025-12-28 19:37:03,853 - INFO -   NDCG:   65.15%
2025-12-28 19:37:03,853 - INFO - ============================================================
2025-12-28 19:37:03,853 - INFO - FINAL TEST RESULTS
2025-12-28 19:37:03,853 - INFO -   Acc@1:  51.26%
2025-12-28 19:37:03,853 - INFO -   Acc@5:  81.41%
2025-12-28 19:37:03,853 - INFO -   Acc@10: 84.64%
2025-12-28 19:37:03,853 - INFO -   MRR:    64.67%
2025-12-28 19:37:03,853 - INFO -   NDCG:   69.47%
2025-12-28 19:37:03,853 - INFO - ============================================================
