2025-12-30 21:48:03,273 - INFO - ============================================================
2025-12-30 21:48:03,273 - INFO - POINTER V45 - Training Started
2025-12-30 21:48:03,273 - INFO - ============================================================
2025-12-30 21:48:03,273 - INFO - Model config: {'d_model': 64, 'dim_feedforward': 256, 'dropout': 0.15, 'nhead': 4, 'num_layers': 8}
2025-12-30 21:48:03,273 - INFO - Training config: {'batch_size': 128, 'grad_clip': 0.8, 'label_smoothing': 0.03, 'learning_rate': 0.00065, 'min_epochs': 3, 'min_lr': 1e-06, 'num_epochs': 50, 'patience': 5, 'use_amp': True, 'warmup_epochs': 5, 'weight_decay': 0.015}
2025-12-30 21:48:03,273 - INFO - ============================================================
2025-12-30 21:48:03,273 - INFO - Training for 50 epochs
2025-12-30 21:48:03,274 - INFO - Model parameters: 583,996
2025-12-30 21:48:10,663 - INFO - Epoch 1/50 | LR: 1.30e-04 | Train: 5.0490 | Val: 3.5126 | Acc@1: 38.01%
2025-12-30 21:48:10,721 - INFO -   ✓ New best (Acc@1: 38.01%)
2025-12-30 21:48:17,440 - INFO - Epoch 2/50 | LR: 2.60e-04 | Train: 4.3661 | Val: 3.3453 | Acc@1: 42.56%
2025-12-30 21:48:17,499 - INFO -   ✓ New best (Acc@1: 42.56%)
2025-12-30 21:48:24,597 - INFO - Epoch 3/50 | LR: 3.90e-04 | Train: 3.9935 | Val: 3.3089 | Acc@1: 43.52%
2025-12-30 21:48:24,650 - INFO -   ✓ New best (Acc@1: 43.52%)
2025-12-30 21:48:31,478 - INFO - Epoch 4/50 | LR: 5.20e-04 | Train: 3.7315 | Val: 3.2338 | Acc@1: 43.80%
2025-12-30 21:48:31,533 - INFO -   ✓ New best (Acc@1: 43.80%)
2025-12-30 21:48:38,827 - INFO - Epoch 5/50 | LR: 6.50e-04 | Train: 3.4795 | Val: 3.1948 | Acc@1: 45.06%
2025-12-30 21:48:38,885 - INFO -   ✓ New best (Acc@1: 45.06%)
2025-12-30 21:48:46,793 - INFO - Epoch 6/50 | LR: 6.50e-04 | Train: 3.2776 | Val: 3.2186 | Acc@1: 44.49%
2025-12-30 21:48:54,500 - INFO - Epoch 7/50 | LR: 6.49e-04 | Train: 3.0052 | Val: 3.2736 | Acc@1: 45.63%
2025-12-30 21:49:01,516 - INFO - Epoch 8/50 | LR: 6.47e-04 | Train: 2.8121 | Val: 3.3344 | Acc@1: 44.25%
2025-12-30 21:49:07,900 - INFO - Epoch 9/50 | LR: 6.43e-04 | Train: 2.6508 | Val: 3.3945 | Acc@1: 43.86%
2025-12-30 21:49:13,790 - INFO - Epoch 10/50 | LR: 6.37e-04 | Train: 2.4731 | Val: 3.4304 | Acc@1: 45.30%
2025-12-30 21:49:13,791 - INFO - Early stopping at epoch 10
2025-12-30 21:49:14,364 - INFO - Loaded checkpoint from epoch 5
2025-12-30 21:49:16,414 - INFO - ============================================================
2025-12-30 21:49:16,414 - INFO - FINAL VALIDATION RESULTS
2025-12-30 21:49:16,414 - INFO -   Acc@1:  45.06%
2025-12-30 21:49:16,414 - INFO -   Acc@5:  73.55%
2025-12-30 21:49:16,414 - INFO -   Acc@10: 79.31%
2025-12-30 21:49:16,414 - INFO -   MRR:    57.89%
2025-12-30 21:49:16,415 - INFO -   NDCG:   62.88%
2025-12-30 21:49:16,415 - INFO - ============================================================
2025-12-30 21:49:16,415 - INFO - FINAL TEST RESULTS
2025-12-30 21:49:16,415 - INFO -   Acc@1:  48.99%
2025-12-30 21:49:16,415 - INFO -   Acc@5:  77.41%
2025-12-30 21:49:16,415 - INFO -   Acc@10: 81.84%
2025-12-30 21:49:16,415 - INFO -   MRR:    61.82%
2025-12-30 21:49:16,415 - INFO -   NDCG:   66.54%
2025-12-30 21:49:16,415 - INFO - ============================================================
