2025-12-30 06:44:38,974 - INFO - ============================================================
2025-12-30 06:44:38,974 - INFO - POINTER V45 - Training Started
2025-12-30 06:44:38,974 - INFO - ============================================================
2025-12-30 06:44:38,974 - INFO - Model config: {'d_model': 128, 'dim_feedforward': 512, 'dropout': 0.15, 'nhead': 4, 'num_layers': 4}
2025-12-30 06:44:38,974 - INFO - Training config: {'batch_size': 128, 'grad_clip': 0.8, 'label_smoothing': 0.03, 'learning_rate': 0.00065, 'min_epochs': 8, 'min_lr': 1e-06, 'num_epochs': 50, 'patience': 5, 'use_amp': True, 'warmup_epochs': 5, 'weight_decay': 0.015}
2025-12-30 06:44:38,974 - INFO - ============================================================
2025-12-30 06:44:38,974 - INFO - Training for 50 epochs
2025-12-30 06:44:38,975 - INFO - Model parameters: 2,552,095
2025-12-30 06:46:41,772 - INFO - Epoch 1/50 | LR: 1.30e-04 | Train: 3.0385 | Val: 2.9280 | Acc@1: 50.86%
2025-12-30 06:46:41,841 - INFO -   ✓ New best (Acc@1: 50.86%)
2025-12-30 06:48:41,224 - INFO - Epoch 2/50 | LR: 2.60e-04 | Train: 2.8085 | Val: 2.8731 | Acc@1: 52.70%
2025-12-30 06:48:41,299 - INFO -   ✓ New best (Acc@1: 52.70%)
2025-12-30 06:50:39,350 - INFO - Epoch 3/50 | LR: 3.90e-04 | Train: 2.7157 | Val: 2.8392 | Acc@1: 53.66%
2025-12-30 06:50:39,431 - INFO -   ✓ New best (Acc@1: 53.66%)
2025-12-30 06:52:39,321 - INFO - Epoch 4/50 | LR: 5.20e-04 | Train: 2.6318 | Val: 2.8134 | Acc@1: 52.95%
2025-12-30 06:52:39,398 - INFO -   ✓ New best (Acc@1: 52.95%)
2025-12-30 06:54:38,330 - INFO - Epoch 5/50 | LR: 6.50e-04 | Train: 2.5549 | Val: 2.7929 | Acc@1: 53.85%
2025-12-30 06:54:38,413 - INFO -   ✓ New best (Acc@1: 53.85%)
2025-12-30 06:56:38,743 - INFO - Epoch 6/50 | LR: 6.50e-04 | Train: 2.4595 | Val: 2.7858 | Acc@1: 52.85%
2025-12-30 06:56:38,819 - INFO -   ✓ New best (Acc@1: 52.85%)
2025-12-30 06:58:37,799 - INFO - Epoch 7/50 | LR: 6.49e-04 | Train: 2.3802 | Val: 2.7800 | Acc@1: 53.81%
2025-12-30 06:58:37,879 - INFO -   ✓ New best (Acc@1: 53.81%)
2025-12-30 07:00:38,632 - INFO - Epoch 8/50 | LR: 6.47e-04 | Train: 2.3065 | Val: 2.8202 | Acc@1: 53.68%
2025-12-30 07:02:37,941 - INFO - Epoch 9/50 | LR: 6.43e-04 | Train: 2.2376 | Val: 2.8419 | Acc@1: 52.79%
2025-12-30 07:04:36,299 - INFO - Epoch 10/50 | LR: 6.37e-04 | Train: 2.1735 | Val: 2.8873 | Acc@1: 52.00%
2025-12-30 07:06:33,472 - INFO - Epoch 11/50 | LR: 6.30e-04 | Train: 2.1081 | Val: 2.9629 | Acc@1: 51.27%
2025-12-30 07:08:04,825 - INFO - Epoch 12/50 | LR: 6.22e-04 | Train: 2.0502 | Val: 2.9994 | Acc@1: 51.32%
2025-12-30 07:08:04,825 - INFO - Early stopping at epoch 12
2025-12-30 07:08:05,219 - INFO - Loaded checkpoint from epoch 7
2025-12-30 07:08:09,783 - INFO - ============================================================
2025-12-30 07:08:09,784 - INFO - FINAL VALIDATION RESULTS
2025-12-30 07:08:09,784 - INFO -   Acc@1:  53.81%
2025-12-30 07:08:09,784 - INFO -   Acc@5:  80.49%
2025-12-30 07:08:09,784 - INFO -   Acc@10: 84.97%
2025-12-30 07:08:09,784 - INFO -   MRR:    65.40%
2025-12-30 07:08:09,784 - INFO -   NDCG:   70.01%
2025-12-30 07:08:09,784 - INFO - ============================================================
2025-12-30 07:08:09,784 - INFO - FINAL TEST RESULTS
2025-12-30 07:08:09,784 - INFO -   Acc@1:  55.08%
2025-12-30 07:08:09,784 - INFO -   Acc@5:  81.74%
2025-12-30 07:08:09,784 - INFO -   Acc@10: 86.05%
2025-12-30 07:08:09,784 - INFO -   MRR:    66.70%
2025-12-30 07:08:09,784 - INFO -   NDCG:   71.29%
2025-12-30 07:08:09,784 - INFO - ============================================================
