2025-12-30 01:06:26,821 - INFO - ============================================================
2025-12-30 01:06:26,821 - INFO - POINTER V45 - Training Started
2025-12-30 01:06:26,821 - INFO - ============================================================
2025-12-30 01:06:26,821 - INFO - Model config: {'d_model': 128, 'dim_feedforward': 256, 'dropout': 0.15, 'nhead': 2, 'num_layers': 8}
2025-12-30 01:06:26,821 - INFO - Training config: {'batch_size': 128, 'grad_clip': 0.8, 'label_smoothing': 0.03, 'learning_rate': 0.00065, 'min_epochs': 8, 'min_lr': 1e-06, 'num_epochs': 50, 'patience': 5, 'use_amp': True, 'warmup_epochs': 5, 'weight_decay': 0.015}
2025-12-30 01:06:26,821 - INFO - ============================================================
2025-12-30 01:06:26,821 - INFO - Training for 50 epochs
2025-12-30 01:06:26,822 - INFO - Model parameters: 3,143,520
2025-12-30 01:08:13,866 - INFO - Epoch 1/50 | LR: 1.30e-04 | Train: 3.4465 | Val: 3.1877 | Acc@1: 50.53%
2025-12-30 01:08:13,961 - INFO -   ✓ New best (Acc@1: 50.53%)
2025-12-30 01:10:02,528 - INFO - Epoch 2/50 | LR: 2.60e-04 | Train: 3.1067 | Val: 3.1035 | Acc@1: 52.84%
2025-12-30 01:10:02,632 - INFO -   ✓ New best (Acc@1: 52.84%)
2025-12-30 01:11:49,007 - INFO - Epoch 3/50 | LR: 3.90e-04 | Train: 2.9816 | Val: 3.0215 | Acc@1: 52.87%
2025-12-30 01:11:49,118 - INFO -   ✓ New best (Acc@1: 52.87%)
2025-12-30 01:13:33,701 - INFO - Epoch 4/50 | LR: 5.20e-04 | Train: 2.8469 | Val: 2.9322 | Acc@1: 53.98%
2025-12-30 01:13:33,808 - INFO -   ✓ New best (Acc@1: 53.98%)
2025-12-30 01:15:20,753 - INFO - Epoch 5/50 | LR: 6.50e-04 | Train: 2.7453 | Val: 2.8943 | Acc@1: 54.52%
2025-12-30 01:15:20,857 - INFO -   ✓ New best (Acc@1: 54.52%)
2025-12-30 01:17:09,091 - INFO - Epoch 6/50 | LR: 6.50e-04 | Train: 2.6444 | Val: 2.8623 | Acc@1: 54.95%
2025-12-30 01:17:09,197 - INFO -   ✓ New best (Acc@1: 54.95%)
2025-12-30 01:18:55,781 - INFO - Epoch 7/50 | LR: 6.49e-04 | Train: 2.5682 | Val: 2.8454 | Acc@1: 54.92%
2025-12-30 01:18:55,886 - INFO -   ✓ New best (Acc@1: 54.92%)
2025-12-30 01:20:42,121 - INFO - Epoch 8/50 | LR: 6.47e-04 | Train: 2.5088 | Val: 2.8589 | Acc@1: 54.40%
2025-12-30 01:22:24,874 - INFO - Epoch 9/50 | LR: 6.43e-04 | Train: 2.4521 | Val: 2.8836 | Acc@1: 54.56%
2025-12-30 01:23:53,655 - INFO - Epoch 10/50 | LR: 6.37e-04 | Train: 2.4152 | Val: 2.9095 | Acc@1: 54.63%
2025-12-30 01:25:05,817 - INFO - Epoch 11/50 | LR: 6.30e-04 | Train: 2.3797 | Val: 2.9190 | Acc@1: 54.01%
2025-12-30 01:26:18,639 - INFO - Epoch 12/50 | LR: 6.22e-04 | Train: 2.3444 | Val: 2.9350 | Acc@1: 54.11%
2025-12-30 01:26:18,639 - INFO - Early stopping at epoch 12
2025-12-30 01:26:18,772 - INFO - Loaded checkpoint from epoch 7
2025-12-30 01:26:24,773 - INFO - ============================================================
2025-12-30 01:26:24,774 - INFO - FINAL VALIDATION RESULTS
2025-12-30 01:26:24,774 - INFO -   Acc@1:  54.92%
2025-12-30 01:26:24,774 - INFO -   Acc@5:  80.01%
2025-12-30 01:26:24,774 - INFO -   Acc@10: 83.96%
2025-12-30 01:26:24,774 - INFO -   MRR:    65.84%
2025-12-30 01:26:24,774 - INFO -   NDCG:   70.13%
2025-12-30 01:26:24,774 - INFO - ============================================================
2025-12-30 01:26:24,774 - INFO - FINAL TEST RESULTS
2025-12-30 01:26:24,774 - INFO -   Acc@1:  55.27%
2025-12-30 01:26:24,774 - INFO -   Acc@5:  81.22%
2025-12-30 01:26:24,774 - INFO -   Acc@10: 84.99%
2025-12-30 01:26:24,774 - INFO -   MRR:    66.64%
2025-12-30 01:26:24,774 - INFO -   NDCG:   71.01%
2025-12-30 01:26:24,774 - INFO - ============================================================
