2025-12-28 18:24:32,871 - INFO - ============================================================
2025-12-28 18:24:32,871 - INFO - POINTER V45 - Training Started
2025-12-28 18:24:32,871 - INFO - ============================================================
2025-12-28 18:24:32,871 - INFO - Model config: {'d_model': 128, 'nhead': 4, 'num_layers': 3, 'dim_feedforward': 256, 'dropout': 0.15}
2025-12-28 18:24:32,872 - INFO - Training config: {'batch_size': 128, 'num_epochs': 2, 'learning_rate': 0.0007, 'weight_decay': 0.015, 'label_smoothing': 0.03, 'grad_clip': 0.8, 'patience': 5, 'min_epochs': 8, 'warmup_epochs': 5, 'use_amp': True, 'min_lr': 1e-06}
2025-12-28 18:24:32,872 - INFO - ============================================================
2025-12-28 18:24:32,872 - INFO - Training for 2 epochs
2025-12-28 18:24:32,872 - INFO - Model parameters: 2,481,120
2025-12-28 18:25:30,326 - INFO - Epoch 1/2 | LR: 1.40e-04 | Train: 3.2795 | Val: 3.1601 | Acc@1: 51.62%
2025-12-28 18:25:30,387 - INFO -   ✓ New best (Acc@1: 51.62%)
2025-12-28 18:26:26,653 - INFO - Epoch 2/2 | LR: 2.80e-04 | Train: 3.0334 | Val: 3.0801 | Acc@1: 53.50%
2025-12-28 18:26:26,720 - INFO -   ✓ New best (Acc@1: 53.50%)
2025-12-28 18:26:26,841 - INFO - Loaded checkpoint from epoch 2
2025-12-28 18:26:32,279 - INFO - ============================================================
2025-12-28 18:26:32,279 - INFO - FINAL VALIDATION RESULTS
2025-12-28 18:26:32,279 - INFO -   Acc@1:  53.50%
2025-12-28 18:26:32,279 - INFO -   Acc@5:  78.12%
2025-12-28 18:26:32,279 - INFO -   Acc@10: 80.59%
2025-12-28 18:26:32,280 - INFO -   MRR:    64.32%
2025-12-28 18:26:32,280 - INFO -   NDCG:   68.22%
2025-12-28 18:26:32,280 - INFO - ============================================================
2025-12-28 18:26:32,280 - INFO - FINAL TEST RESULTS
2025-12-28 18:26:32,280 - INFO -   Acc@1:  54.24%
2025-12-28 18:26:32,280 - INFO -   Acc@5:  79.68%
2025-12-28 18:26:32,280 - INFO -   Acc@10: 82.12%
2025-12-28 18:26:32,280 - INFO -   MRR:    65.31%
2025-12-28 18:26:32,280 - INFO -   NDCG:   69.36%
2025-12-28 18:26:32,280 - INFO - ============================================================
