2025-12-30 01:28:15,156 - INFO - ============================================================
2025-12-30 01:28:15,156 - INFO - POINTER V45 - Training Started
2025-12-30 01:28:15,156 - INFO - ============================================================
2025-12-30 01:28:15,156 - INFO - Model config: {'d_model': 128, 'dim_feedforward': 256, 'dropout': 0.15, 'nhead': 4, 'num_layers': 8}
2025-12-30 01:28:15,156 - INFO - Training config: {'batch_size': 128, 'grad_clip': 0.8, 'label_smoothing': 0.03, 'learning_rate': 0.0007, 'min_epochs': 8, 'min_lr': 1e-06, 'num_epochs': 50, 'patience': 5, 'use_amp': True, 'warmup_epochs': 5, 'weight_decay': 0.015}
2025-12-30 01:28:15,156 - INFO - ============================================================
2025-12-30 01:28:15,156 - INFO - Training for 50 epochs
2025-12-30 01:28:15,157 - INFO - Model parameters: 3,143,520
2025-12-30 01:30:15,109 - INFO - Epoch 1/50 | LR: 1.40e-04 | Train: 3.4333 | Val: 3.1780 | Acc@1: 50.98%
2025-12-30 01:30:15,206 - INFO -   ✓ New best (Acc@1: 50.98%)
2025-12-30 01:32:14,523 - INFO - Epoch 2/50 | LR: 2.80e-04 | Train: 3.1014 | Val: 3.0943 | Acc@1: 52.93%
2025-12-30 01:32:14,635 - INFO -   ✓ New best (Acc@1: 52.93%)
2025-12-30 01:34:14,462 - INFO - Epoch 3/50 | LR: 4.20e-04 | Train: 2.9804 | Val: 3.0035 | Acc@1: 53.41%
2025-12-30 01:34:14,567 - INFO -   ✓ New best (Acc@1: 53.41%)
2025-12-30 01:36:12,947 - INFO - Epoch 4/50 | LR: 5.60e-04 | Train: 2.8394 | Val: 2.9448 | Acc@1: 53.81%
2025-12-30 01:36:13,054 - INFO -   ✓ New best (Acc@1: 53.81%)
2025-12-30 01:38:11,146 - INFO - Epoch 5/50 | LR: 7.00e-04 | Train: 2.7410 | Val: 2.8901 | Acc@1: 54.37%
2025-12-30 01:38:11,259 - INFO -   ✓ New best (Acc@1: 54.37%)
2025-12-30 01:40:14,119 - INFO - Epoch 6/50 | LR: 7.00e-04 | Train: 2.6406 | Val: 2.8714 | Acc@1: 54.59%
2025-12-30 01:40:14,224 - INFO -   ✓ New best (Acc@1: 54.59%)
2025-12-30 01:42:14,706 - INFO - Epoch 7/50 | LR: 6.99e-04 | Train: 2.5686 | Val: 2.8544 | Acc@1: 54.48%
2025-12-30 01:42:14,814 - INFO -   ✓ New best (Acc@1: 54.48%)
2025-12-30 01:44:12,255 - INFO - Epoch 8/50 | LR: 6.97e-04 | Train: 2.5059 | Val: 2.8602 | Acc@1: 54.57%
2025-12-30 01:46:07,177 - INFO - Epoch 9/50 | LR: 6.92e-04 | Train: 2.4516 | Val: 2.8827 | Acc@1: 54.63%
2025-12-30 01:47:39,000 - INFO - Epoch 10/50 | LR: 6.86e-04 | Train: 2.4129 | Val: 2.9127 | Acc@1: 54.48%
2025-12-30 01:49:09,329 - INFO - Epoch 11/50 | LR: 6.79e-04 | Train: 2.3810 | Val: 2.9130 | Acc@1: 54.25%
2025-12-30 01:50:35,847 - INFO - Epoch 12/50 | LR: 6.70e-04 | Train: 2.3398 | Val: 2.9449 | Acc@1: 54.33%
2025-12-30 01:50:35,848 - INFO - Early stopping at epoch 12
2025-12-30 01:50:35,966 - INFO - Loaded checkpoint from epoch 7
2025-12-30 01:50:41,271 - INFO - ============================================================
2025-12-30 01:50:41,271 - INFO - FINAL VALIDATION RESULTS
2025-12-30 01:50:41,272 - INFO -   Acc@1:  54.48%
2025-12-30 01:50:41,272 - INFO -   Acc@5:  79.94%
2025-12-30 01:50:41,272 - INFO -   Acc@10: 83.90%
2025-12-30 01:50:41,272 - INFO -   MRR:    65.61%
2025-12-30 01:50:41,272 - INFO -   NDCG:   69.94%
2025-12-30 01:50:41,272 - INFO - ============================================================
2025-12-30 01:50:41,272 - INFO - FINAL TEST RESULTS
2025-12-30 01:50:41,272 - INFO -   Acc@1:  55.08%
2025-12-30 01:50:41,272 - INFO -   Acc@5:  81.01%
2025-12-30 01:50:41,272 - INFO -   Acc@10: 84.87%
2025-12-30 01:50:41,272 - INFO -   MRR:    66.41%
2025-12-30 01:50:41,272 - INFO -   NDCG:   70.79%
2025-12-30 01:50:41,272 - INFO - ============================================================
