2025-12-29 19:51:52,888 - INFO - ============================================================
2025-12-29 19:51:52,888 - INFO - POINTER V45 - Training Started
2025-12-29 19:51:52,888 - INFO - ============================================================
2025-12-29 19:51:52,888 - INFO - Model config: {'d_model': 128, 'dim_feedforward': 512, 'dropout': 0.15, 'nhead': 2, 'num_layers': 8}
2025-12-29 19:51:52,888 - INFO - Training config: {'batch_size': 128, 'grad_clip': 0.8, 'label_smoothing': 0.03, 'learning_rate': 0.0006, 'min_epochs': 8, 'min_lr': 1e-06, 'num_epochs': 50, 'patience': 5, 'use_amp': True, 'warmup_epochs': 5, 'weight_decay': 0.015}
2025-12-29 19:51:52,888 - INFO - ============================================================
2025-12-29 19:51:52,889 - INFO - Training for 50 epochs
2025-12-29 19:51:52,889 - INFO - Model parameters: 3,589,298
2025-12-29 19:54:17,271 - INFO - Epoch 1/50 | LR: 1.20e-04 | Train: 3.1789 | Val: 3.0575 | Acc@1: 50.76%
2025-12-29 19:54:17,368 - INFO -   ✓ New best (Acc@1: 50.76%)
2025-12-29 19:56:38,391 - INFO - Epoch 2/50 | LR: 2.40e-04 | Train: 2.9032 | Val: 2.9914 | Acc@1: 52.62%
2025-12-29 19:56:38,496 - INFO -   ✓ New best (Acc@1: 52.62%)
2025-12-29 19:59:00,969 - INFO - Epoch 3/50 | LR: 3.60e-04 | Train: 2.8189 | Val: 2.9755 | Acc@1: 53.03%
2025-12-29 19:59:01,080 - INFO -   ✓ New best (Acc@1: 53.03%)
2025-12-29 20:01:23,375 - INFO - Epoch 4/50 | LR: 4.80e-04 | Train: 2.7508 | Val: 2.9277 | Acc@1: 53.53%
2025-12-29 20:01:23,482 - INFO -   ✓ New best (Acc@1: 53.53%)
2025-12-29 20:03:43,453 - INFO - Epoch 5/50 | LR: 6.00e-04 | Train: 2.6813 | Val: 2.8911 | Acc@1: 53.79%
2025-12-29 20:03:43,561 - INFO -   ✓ New best (Acc@1: 53.79%)
2025-12-29 20:06:06,219 - INFO - Epoch 6/50 | LR: 6.00e-04 | Train: 2.5972 | Val: 2.8610 | Acc@1: 54.06%
2025-12-29 20:06:06,330 - INFO -   ✓ New best (Acc@1: 54.06%)
2025-12-29 20:08:28,640 - INFO - Epoch 7/50 | LR: 5.99e-04 | Train: 2.5298 | Val: 2.8641 | Acc@1: 54.38%
2025-12-29 20:10:50,109 - INFO - Epoch 8/50 | LR: 5.97e-04 | Train: 2.4722 | Val: 2.8389 | Acc@1: 54.48%
2025-12-29 20:10:50,221 - INFO -   ✓ New best (Acc@1: 54.48%)
2025-12-29 20:13:12,332 - INFO - Epoch 9/50 | LR: 5.93e-04 | Train: 2.4160 | Val: 2.8611 | Acc@1: 54.31%
2025-12-29 20:15:34,418 - INFO - Epoch 10/50 | LR: 5.88e-04 | Train: 2.3672 | Val: 2.8541 | Acc@1: 54.27%
2025-12-29 20:17:56,258 - INFO - Epoch 11/50 | LR: 5.82e-04 | Train: 2.3192 | Val: 2.8945 | Acc@1: 54.56%
2025-12-29 20:19:30,709 - INFO - Epoch 12/50 | LR: 5.74e-04 | Train: 2.2768 | Val: 2.9246 | Acc@1: 53.58%
2025-12-29 20:20:42,590 - INFO - Epoch 13/50 | LR: 5.65e-04 | Train: 2.2355 | Val: 2.9743 | Acc@1: 53.65%
2025-12-29 20:20:42,590 - INFO - Early stopping at epoch 13
2025-12-29 20:20:42,714 - INFO - Loaded checkpoint from epoch 8
2025-12-29 20:20:46,523 - INFO - ============================================================
2025-12-29 20:20:46,523 - INFO - FINAL VALIDATION RESULTS
2025-12-29 20:20:46,523 - INFO -   Acc@1:  54.48%
2025-12-29 20:20:46,523 - INFO -   Acc@5:  79.82%
2025-12-29 20:20:46,523 - INFO -   Acc@10: 83.86%
2025-12-29 20:20:46,523 - INFO -   MRR:    65.60%
2025-12-29 20:20:46,524 - INFO -   NDCG:   69.91%
2025-12-29 20:20:46,524 - INFO - ============================================================
2025-12-29 20:20:46,524 - INFO - FINAL TEST RESULTS
2025-12-29 20:20:46,524 - INFO -   Acc@1:  56.56%
2025-12-29 20:20:46,524 - INFO -   Acc@5:  82.43%
2025-12-29 20:20:46,524 - INFO -   Acc@10: 86.09%
2025-12-29 20:20:46,524 - INFO -   MRR:    67.79%
2025-12-29 20:20:46,524 - INFO -   NDCG:   72.16%
2025-12-29 20:20:46,524 - INFO - ============================================================
