2025-12-28 20:31:08,937 - INFO - ============================================================
2025-12-28 20:31:08,937 - INFO - POINTER V45 - Training Started
2025-12-28 20:31:08,937 - INFO - ============================================================
2025-12-28 20:31:08,937 - INFO - Model config: {'d_model': 80, 'dim_feedforward': 160, 'dropout': 0.15, 'nhead': 4, 'num_layers': 3}
2025-12-28 20:31:08,938 - INFO - Training config: {'batch_size': 128, 'grad_clip': 0.8, 'label_smoothing': 0.03, 'learning_rate': 0.0006, 'min_epochs': 8, 'min_lr': 1e-06, 'num_epochs': 50, 'patience': 5, 'use_amp': True, 'warmup_epochs': 5, 'weight_decay': 0.015}
2025-12-28 20:31:08,938 - INFO - ============================================================
2025-12-28 20:31:08,938 - INFO - Training for 50 epochs
2025-12-28 20:31:08,938 - INFO - Model parameters: 381,910
2025-12-28 20:31:17,742 - INFO - Epoch 1/50 | LR: 1.20e-04 | Train: 4.1974 | Val: 3.0208 | Acc@1: 41.22%
2025-12-28 20:31:17,771 - INFO -   ✓ New best (Acc@1: 41.22%)
2025-12-28 20:31:24,726 - INFO - Epoch 2/50 | LR: 2.40e-04 | Train: 3.8019 | Val: 2.8644 | Acc@1: 45.00%
2025-12-28 20:31:24,754 - INFO -   ✓ New best (Acc@1: 45.00%)
2025-12-28 20:31:31,683 - INFO - Epoch 3/50 | LR: 3.60e-04 | Train: 3.5745 | Val: 2.7987 | Acc@1: 47.59%
2025-12-28 20:31:31,713 - INFO -   ✓ New best (Acc@1: 47.59%)
2025-12-28 20:31:38,239 - INFO - Epoch 4/50 | LR: 4.80e-04 | Train: 3.3873 | Val: 2.7479 | Acc@1: 47.41%
2025-12-28 20:31:38,268 - INFO -   ✓ New best (Acc@1: 47.41%)
2025-12-28 20:31:45,011 - INFO - Epoch 5/50 | LR: 6.00e-04 | Train: 3.2176 | Val: 2.8322 | Acc@1: 46.82%
2025-12-28 20:31:51,619 - INFO - Epoch 6/50 | LR: 6.00e-04 | Train: 3.0252 | Val: 2.8803 | Acc@1: 45.70%
2025-12-28 20:31:58,594 - INFO - Epoch 7/50 | LR: 5.99e-04 | Train: 2.8351 | Val: 2.8906 | Acc@1: 44.93%
2025-12-28 20:32:05,555 - INFO - Epoch 8/50 | LR: 5.97e-04 | Train: 2.6678 | Val: 2.8443 | Acc@1: 47.31%
2025-12-28 20:32:12,452 - INFO - Epoch 9/50 | LR: 5.93e-04 | Train: 2.5038 | Val: 2.8989 | Acc@1: 46.19%
2025-12-28 20:32:12,453 - INFO - Early stopping at epoch 9
2025-12-28 20:32:13,005 - INFO - Loaded checkpoint from epoch 4
2025-12-28 20:32:16,376 - INFO - ============================================================
2025-12-28 20:32:16,376 - INFO - FINAL VALIDATION RESULTS
2025-12-28 20:32:16,376 - INFO -   Acc@1:  47.41%
2025-12-28 20:32:16,376 - INFO -   Acc@5:  80.38%
2025-12-28 20:32:16,376 - INFO -   Acc@10: 84.97%
2025-12-28 20:32:16,376 - INFO -   MRR:    61.85%
2025-12-28 20:32:16,376 - INFO -   NDCG:   67.36%
2025-12-28 20:32:16,376 - INFO - ============================================================
2025-12-28 20:32:16,376 - INFO - FINAL TEST RESULTS
2025-12-28 20:32:16,376 - INFO -   Acc@1:  51.10%
2025-12-28 20:32:16,376 - INFO -   Acc@5:  83.92%
2025-12-28 20:32:16,377 - INFO -   Acc@10: 87.09%
2025-12-28 20:32:16,377 - INFO -   MRR:    65.76%
2025-12-28 20:32:16,377 - INFO -   NDCG:   70.95%
2025-12-28 20:32:16,377 - INFO - ============================================================
