2025-12-30 21:56:49,208 - INFO - ============================================================
2025-12-30 21:56:49,208 - INFO - POINTER V45 - Training Started
2025-12-30 21:56:49,208 - INFO - ============================================================
2025-12-30 21:56:49,208 - INFO - Model config: {'d_model': 32, 'dim_feedforward': 256, 'dropout': 0.15, 'nhead': 8, 'num_layers': 8}
2025-12-30 21:56:49,208 - INFO - Training config: {'batch_size': 128, 'grad_clip': 0.8, 'label_smoothing': 0.03, 'learning_rate': 0.0007, 'min_epochs': 3, 'min_lr': 1e-06, 'num_epochs': 50, 'patience': 5, 'use_amp': True, 'warmup_epochs': 5, 'weight_decay': 0.015}
2025-12-30 21:56:49,208 - INFO - ============================================================
2025-12-30 21:56:49,208 - INFO - Training for 50 epochs
2025-12-30 21:56:49,209 - INFO - Model parameters: 250,354
2025-12-30 21:57:00,667 - INFO - Epoch 1/50 | LR: 1.40e-04 | Train: 4.2171 | Val: 2.9116 | Acc@1: 39.30%
2025-12-30 21:57:00,798 - INFO -   ✓ New best (Acc@1: 39.30%)
2025-12-30 21:57:11,858 - INFO - Epoch 2/50 | LR: 2.80e-04 | Train: 3.8387 | Val: 2.8429 | Acc@1: 39.79%
2025-12-30 21:57:11,903 - INFO -   ✓ New best (Acc@1: 39.79%)
2025-12-30 21:57:21,731 - INFO - Epoch 3/50 | LR: 4.20e-04 | Train: 3.6904 | Val: 2.8527 | Acc@1: 41.36%
2025-12-30 21:57:32,005 - INFO - Epoch 4/50 | LR: 5.60e-04 | Train: 3.5726 | Val: 2.8194 | Acc@1: 43.81%
2025-12-30 21:57:32,053 - INFO -   ✓ New best (Acc@1: 43.81%)
2025-12-30 21:57:42,369 - INFO - Epoch 5/50 | LR: 7.00e-04 | Train: 3.4443 | Val: 2.8447 | Acc@1: 46.54%
2025-12-30 21:57:51,902 - INFO - Epoch 6/50 | LR: 7.00e-04 | Train: 3.3110 | Val: 2.8145 | Acc@1: 46.22%
2025-12-30 21:57:51,953 - INFO -   ✓ New best (Acc@1: 46.22%)
2025-12-30 21:57:59,721 - INFO - Epoch 7/50 | LR: 6.99e-04 | Train: 3.2092 | Val: 2.9170 | Acc@1: 45.21%
2025-12-30 21:58:05,760 - INFO - Epoch 8/50 | LR: 6.97e-04 | Train: 3.1046 | Val: 2.9299 | Acc@1: 44.93%
2025-12-30 21:58:13,502 - INFO - Epoch 9/50 | LR: 6.92e-04 | Train: 3.0011 | Val: 3.0599 | Acc@1: 44.69%
2025-12-30 21:58:23,647 - INFO - Epoch 10/50 | LR: 6.86e-04 | Train: 2.9042 | Val: 2.9840 | Acc@1: 45.24%
2025-12-30 21:58:34,833 - INFO - Epoch 11/50 | LR: 6.79e-04 | Train: 2.8205 | Val: 3.0197 | Acc@1: 45.52%
2025-12-30 21:58:34,834 - INFO - Early stopping at epoch 11
2025-12-30 21:58:37,044 - INFO - Loaded checkpoint from epoch 6
2025-12-30 21:58:41,981 - INFO - ============================================================
2025-12-30 21:58:41,981 - INFO - FINAL VALIDATION RESULTS
2025-12-30 21:58:41,981 - INFO -   Acc@1:  46.22%
2025-12-30 21:58:41,981 - INFO -   Acc@5:  79.55%
2025-12-30 21:58:41,981 - INFO -   Acc@10: 84.41%
2025-12-30 21:58:41,981 - INFO -   MRR:    60.64%
2025-12-30 21:58:41,981 - INFO -   NDCG:   66.29%
2025-12-30 21:58:41,981 - INFO - ============================================================
2025-12-30 21:58:41,981 - INFO - FINAL TEST RESULTS
2025-12-30 21:58:41,982 - INFO -   Acc@1:  49.13%
2025-12-30 21:58:41,982 - INFO -   Acc@5:  84.67%
2025-12-30 21:58:41,982 - INFO -   Acc@10: 87.16%
2025-12-30 21:58:41,982 - INFO -   MRR:    64.77%
2025-12-30 21:58:41,982 - INFO -   NDCG:   70.24%
2025-12-30 21:58:41,982 - INFO - ============================================================
