Training LSTM model
Dataset: diy
Config: /data/next_loc_clean_v2/config/ht_optuna/optuna_LSTM_diy_prev10_t2_20260101_040359_c2ef5538.yaml
Device: cuda
Seed: 42
==================================================
Data loaders: train=470, val=25, test=32
Total trainable parameters: 910286

=== Epoch 1 ===
Epoch 1, 2.1%	 loss: 8.943 acc@1: 0.00 mrr: 0.07, ndcg: 0.01, took: 5.34s
Epoch 1, 4.3%	 loss: 8.947 acc@1: 0.00 mrr: 0.08, ndcg: 0.04, took: 4.14s
Epoch 1, 6.4%	 loss: 8.931 acc@1: 0.00 mrr: 0.07, ndcg: 0.02, took: 4.09s
Epoch 1, 8.5%	 loss: 8.920 acc@1: 0.00 mrr: 0.10, ndcg: 0.02, took: 4.23s
Epoch 1, 10.6%	 loss: 8.891 acc@1: 0.00 mrr: 0.09, ndcg: 0.01, took: 4.14s
Epoch 1, 12.8%	 loss: 8.873 acc@1: 0.08 mrr: 0.17, ndcg: 0.12, took: 4.07s
Epoch 1, 14.9%	 loss: 8.841 acc@1: 0.12 mrr: 0.29, ndcg: 0.23, took: 4.17s
Epoch 1, 17.0%	 loss: 8.810 acc@1: 0.00 mrr: 0.17, ndcg: 0.10, took: 4.11s
Epoch 1, 19.1%	 loss: 8.780 acc@1: 0.00 mrr: 0.23, ndcg: 0.19, took: 3.99s
Epoch 1, 21.3%	 loss: 8.728 acc@1: 0.23 mrr: 0.71, ndcg: 0.67, took: 4.18s
Epoch 1, 23.4%	 loss: 8.658 acc@1: 3.32 mrr: 4.28, ndcg: 4.42, took: 4.18s
Epoch 1, 25.5%	 loss: 8.598 acc@1: 4.45 mrr: 5.31, ndcg: 5.43, took: 4.04s
Epoch 1, 27.7%	 loss: 8.509 acc@1: 6.05 mrr: 7.38, ndcg: 7.72, took: 4.07s
Epoch 1, 29.8%	 loss: 8.439 acc@1: 7.70 mrr: 9.19, ndcg: 9.51, took: 4.08s
Epoch 1, 31.9%	 loss: 8.366 acc@1: 9.73 mrr: 11.16, ndcg: 11.58, took: 4.10s
Epoch 1, 34.0%	 loss: 8.285 acc@1: 11.76 mrr: 13.14, ndcg: 13.48, took: 3.95s
Epoch 1, 36.2%	 loss: 8.187 acc@1: 13.44 mrr: 14.86, ndcg: 15.20, took: 4.04s
Epoch 1, 38.3%	 loss: 8.032 acc@1: 14.30 mrr: 15.75, ndcg: 16.13, took: 4.01s
Epoch 1, 40.4%	 loss: 7.938 acc@1: 17.70 mrr: 19.13, ndcg: 19.46, took: 4.25s
Epoch 1, 42.6%	 loss: 7.820 acc@1: 19.14 mrr: 20.57, ndcg: 20.94, took: 4.07s
Epoch 1, 44.7%	 loss: 7.662 acc@1: 21.48 mrr: 22.87, ndcg: 23.23, took: 4.18s
Epoch 1, 46.8%	 loss: 7.591 acc@1: 21.09 mrr: 22.72, ndcg: 23.10, took: 4.09s
Epoch 1, 48.9%	 loss: 7.529 acc@1: 21.91 mrr: 23.42, ndcg: 23.74, took: 4.07s
Epoch 1, 51.1%	 loss: 7.418 acc@1: 22.27 mrr: 24.08, ndcg: 24.45, took: 4.18s
Epoch 1, 53.2%	 loss: 7.253 acc@1: 24.14 mrr: 25.93, ndcg: 26.29, took: 4.04s
Epoch 1, 55.3%	 loss: 7.178 acc@1: 24.61 mrr: 26.27, ndcg: 26.50, took: 4.04s
Epoch 1, 57.4%	 loss: 6.953 acc@1: 25.66 mrr: 27.52, ndcg: 27.71, took: 4.14s
Epoch 1, 59.6%	 loss: 6.918 acc@1: 25.35 mrr: 27.17, ndcg: 27.46, took: 4.08s
Epoch 1, 61.7%	 loss: 6.754 acc@1: 26.72 mrr: 28.67, ndcg: 29.00, took: 3.98s
Epoch 1, 63.8%	 loss: 6.686 acc@1: 26.29 mrr: 28.18, ndcg: 28.38, took: 3.86s
Epoch 1, 66.0%	 loss: 6.602 acc@1: 27.66 mrr: 29.58, ndcg: 29.71, took: 3.94s
Epoch 1, 68.1%	 loss: 6.436 acc@1: 28.59 mrr: 30.42, ndcg: 30.59, took: 4.13s
Epoch 1, 70.2%	 loss: 6.279 acc@1: 28.52 mrr: 30.54, ndcg: 30.65, took: 4.07s
Epoch 1, 72.3%	 loss: 6.180 acc@1: 29.06 mrr: 31.14, ndcg: 31.24, took: 3.80s
Epoch 1, 74.5%	 loss: 6.157 acc@1: 27.38 mrr: 29.71, ndcg: 29.93, took: 3.65s
Epoch 1, 76.6%	 loss: 5.999 acc@1: 27.97 mrr: 30.37, ndcg: 30.69, took: 4.05s
Epoch 1, 78.7%	 loss: 5.895 acc@1: 28.87 mrr: 31.35, ndcg: 31.62, took: 3.84s
Epoch 1, 80.9%	 loss: 5.743 acc@1: 30.43 mrr: 32.97, ndcg: 33.34, took: 4.02s
Epoch 1, 83.0%	 loss: 5.679 acc@1: 29.77 mrr: 32.55, ndcg: 33.17, took: 4.07s
Epoch 1, 85.1%	 loss: 5.790 acc@1: 28.48 mrr: 31.11, ndcg: 31.55, took: 4.08s
Epoch 1, 87.2%	 loss: 5.658 acc@1: 28.71 mrr: 31.88, ndcg: 32.49, took: 4.70s
Epoch 1, 89.4%	 loss: 5.603 acc@1: 29.34 mrr: 32.11, ndcg: 32.51, took: 3.96s
Epoch 1, 91.5%	 loss: 5.493 acc@1: 29.34 mrr: 32.56, ndcg: 33.31, took: 4.18s
Epoch 1, 93.6%	 loss: 5.436 acc@1: 29.34 mrr: 32.61, ndcg: 33.27, took: 3.89s
Epoch 1, 95.7%	 loss: 5.259 acc@1: 31.13 mrr: 34.54, ndcg: 35.50, took: 4.15s
Epoch 1, 97.9%	 loss: 5.462 acc@1: 29.65 mrr: 33.11, ndcg: 33.85, took: 4.04s
Epoch 1, 100.0%	 loss: 5.426 acc@1: 28.79 mrr: 32.03, ndcg: 32.84, took: 4.00s
Validation - loss: 5.5439, acc@1: 29.26%, f1: 15.94%, mrr: 32.67%, ndcg: 33.47%
Current learning rate: 0.000750

=== Epoch 2 ===
Epoch 2, 2.1%	 loss: 5.238 acc@1: 29.14 mrr: 32.77, ndcg: 33.61, took: 4.13s
Epoch 2, 4.3%	 loss: 5.369 acc@1: 28.52 mrr: 32.05, ndcg: 32.96, took: 4.10s
Epoch 2, 6.4%	 loss: 5.222 acc@1: 28.87 mrr: 32.95, ndcg: 33.90, took: 3.93s
Epoch 2, 8.5%	 loss: 5.145 acc@1: 30.51 mrr: 34.13, ndcg: 34.91, took: 3.54s
Epoch 2, 10.6%	 loss: 5.122 acc@1: 30.78 mrr: 34.40, ndcg: 35.20, took: 4.12s
Epoch 2, 12.8%	 loss: 5.158 acc@1: 30.35 mrr: 34.48, ndcg: 35.53, took: 4.09s
Epoch 2, 14.9%	 loss: 4.987 acc@1: 30.82 mrr: 35.04, ndcg: 36.06, took: 3.97s
Epoch 2, 17.0%	 loss: 5.088 acc@1: 30.23 mrr: 34.16, ndcg: 35.25, took: 4.06s
Epoch 2, 19.1%	 loss: 5.085 acc@1: 29.26 mrr: 33.63, ndcg: 34.71, took: 4.00s
Epoch 2, 21.3%	 loss: 4.945 acc@1: 32.93 mrr: 37.26, ndcg: 38.46, took: 3.95s
Epoch 2, 23.4%	 loss: 4.910 acc@1: 31.02 mrr: 35.64, ndcg: 37.03, took: 4.15s
Epoch 2, 25.5%	 loss: 4.932 acc@1: 31.48 mrr: 35.90, ndcg: 37.19, took: 3.88s
Epoch 2, 27.7%	 loss: 4.880 acc@1: 32.77 mrr: 37.23, ndcg: 38.46, took: 4.13s
Epoch 2, 29.8%	 loss: 4.857 acc@1: 31.84 mrr: 36.58, ndcg: 38.09, took: 4.14s
Epoch 2, 31.9%	 loss: 4.802 acc@1: 32.77 mrr: 38.02, ndcg: 39.59, took: 4.07s
Epoch 2, 34.0%	 loss: 4.780 acc@1: 31.52 mrr: 37.73, ndcg: 39.54, took: 4.27s
Epoch 2, 36.2%	 loss: 4.594 acc@1: 34.22 mrr: 40.46, ndcg: 42.40, took: 4.10s
Epoch 2, 38.3%	 loss: 4.578 acc@1: 34.57 mrr: 41.49, ndcg: 43.86, took: 4.13s
Epoch 2, 40.4%	 loss: 4.516 acc@1: 33.32 mrr: 41.58, ndcg: 44.48, took: 3.94s
Epoch 2, 42.6%	 loss: 4.372 acc@1: 35.16 mrr: 44.05, ndcg: 46.99, took: 3.95s
Epoch 2, 44.7%	 loss: 4.190 acc@1: 36.52 mrr: 46.12, ndcg: 49.64, took: 4.11s
Epoch 2, 46.8%	 loss: 4.107 acc@1: 37.15 mrr: 47.58, ndcg: 51.56, took: 3.62s
Epoch 2, 48.9%	 loss: 3.993 acc@1: 39.06 mrr: 49.87, ndcg: 53.73, took: 3.80s
Epoch 2, 51.1%	 loss: 3.856 acc@1: 40.08 mrr: 51.23, ndcg: 55.12, took: 4.16s
Epoch 2, 53.2%	 loss: 3.920 acc@1: 38.91 mrr: 50.68, ndcg: 54.49, took: 4.10s
Epoch 2, 55.3%	 loss: 3.719 acc@1: 39.45 mrr: 52.66, ndcg: 56.99, took: 4.21s
Epoch 2, 57.4%	 loss: 3.678 acc@1: 39.45 mrr: 53.06, ndcg: 57.46, took: 3.93s
Epoch 2, 59.6%	 loss: 3.648 acc@1: 40.23 mrr: 53.84, ndcg: 58.26, took: 3.88s
Epoch 2, 61.7%	 loss: 3.322 acc@1: 41.76 mrr: 56.32, ndcg: 61.04, took: 4.06s
Epoch 2, 63.8%	 loss: 3.273 acc@1: 41.80 mrr: 56.46, ndcg: 61.26, took: 4.05s
Epoch 2, 66.0%	 loss: 3.280 acc@1: 40.82 mrr: 56.08, ndcg: 61.12, took: 4.20s
Epoch 2, 68.1%	 loss: 3.279 acc@1: 41.09 mrr: 56.20, ndcg: 61.19, took: 4.13s
Epoch 2, 70.2%	 loss: 3.317 acc@1: 40.98 mrr: 55.97, ndcg: 60.92, took: 4.03s
Epoch 2, 72.3%	 loss: 3.234 acc@1: 41.21 mrr: 56.60, ndcg: 61.57, took: 4.09s
Epoch 2, 74.5%	 loss: 3.150 acc@1: 42.54 mrr: 57.70, ndcg: 62.84, took: 4.13s
Epoch 2, 76.6%	 loss: 3.062 acc@1: 41.29 mrr: 57.06, ndcg: 62.40, took: 4.09s
Epoch 2, 78.7%	 loss: 3.040 acc@1: 41.21 mrr: 57.45, ndcg: 62.94, took: 4.05s
Epoch 2, 80.9%	 loss: 3.056 acc@1: 41.37 mrr: 57.29, ndcg: 62.78, took: 4.06s
Epoch 2, 83.0%	 loss: 2.919 acc@1: 41.91 mrr: 58.15, ndcg: 63.68, took: 4.15s
Epoch 2, 85.1%	 loss: 3.017 acc@1: 43.40 mrr: 58.63, ndcg: 63.88, took: 4.09s
Epoch 2, 87.2%	 loss: 2.964 acc@1: 43.20 mrr: 58.63, ndcg: 63.91, took: 4.05s
Epoch 2, 89.4%	 loss: 2.985 acc@1: 40.31 mrr: 56.89, ndcg: 62.89, took: 3.94s
Epoch 2, 91.5%	 loss: 3.064 acc@1: 40.31 mrr: 56.25, ndcg: 61.89, took: 4.09s
Epoch 2, 93.6%	 loss: 2.874 acc@1: 43.20 mrr: 59.15, ndcg: 64.88, took: 4.09s
Epoch 2, 95.7%	 loss: 2.838 acc@1: 43.63 mrr: 59.25, ndcg: 64.83, took: 4.08s
Epoch 2, 97.9%	 loss: 2.859 acc@1: 39.61 mrr: 57.20, ndcg: 63.40, took: 4.06s
Epoch 2, 100.0%	 loss: 2.831 acc@1: 41.76 mrr: 58.48, ndcg: 64.45, took: 4.13s
Validation - loss: 3.3131, acc@1: 40.37%, f1: 31.47%, mrr: 55.78%, ndcg: 61.33%
Current learning rate: 0.001500

=== Epoch 3 ===
Epoch 3, 2.1%	 loss: 2.675 acc@1: 42.23 mrr: 58.93, ndcg: 64.80, took: 4.17s
Epoch 3, 4.3%	 loss: 2.683 acc@1: 41.64 mrr: 58.64, ndcg: 64.69, took: 4.08s
Epoch 3, 6.4%	 loss: 2.681 acc@1: 42.58 mrr: 58.95, ndcg: 64.91, took: 4.10s
Epoch 3, 8.5%	 loss: 2.802 acc@1: 41.88 mrr: 58.14, ndcg: 63.88, took: 4.10s
Epoch 3, 10.6%	 loss: 2.644 acc@1: 41.88 mrr: 58.72, ndcg: 64.89, took: 3.90s
Epoch 3, 12.8%	 loss: 2.644 acc@1: 41.41 mrr: 58.64, ndcg: 64.79, took: 4.02s
Epoch 3, 14.9%	 loss: 2.688 acc@1: 43.20 mrr: 59.08, ndcg: 64.88, took: 3.84s
Epoch 3, 17.0%	 loss: 2.701 acc@1: 42.81 mrr: 58.90, ndcg: 64.82, took: 3.82s
Epoch 3, 19.1%	 loss: 2.733 acc@1: 41.84 mrr: 57.98, ndcg: 63.79, took: 3.39s
Epoch 3, 21.3%	 loss: 2.553 acc@1: 42.15 mrr: 59.49, ndcg: 65.73, took: 3.84s
Epoch 3, 23.4%	 loss: 2.625 acc@1: 42.19 mrr: 58.92, ndcg: 65.09, took: 4.03s
Epoch 3, 25.5%	 loss: 2.649 acc@1: 40.20 mrr: 57.50, ndcg: 63.87, took: 4.16s
Epoch 3, 27.7%	 loss: 2.653 acc@1: 41.76 mrr: 58.89, ndcg: 65.13, took: 4.08s
Epoch 3, 29.8%	 loss: 2.659 acc@1: 41.48 mrr: 58.63, ndcg: 64.82, took: 4.27s
Epoch 3, 31.9%	 loss: 2.488 acc@1: 42.42 mrr: 59.87, ndcg: 66.21, took: 4.08s
Epoch 3, 34.0%	 loss: 2.606 acc@1: 41.37 mrr: 58.66, ndcg: 64.82, took: 4.02s
Epoch 3, 36.2%	 loss: 2.608 acc@1: 40.00 mrr: 57.67, ndcg: 64.18, took: 4.30s
Epoch 3, 38.3%	 loss: 2.638 acc@1: 40.70 mrr: 57.83, ndcg: 64.19, took: 3.78s
Epoch 3, 40.4%	 loss: 2.512 acc@1: 43.44 mrr: 60.25, ndcg: 66.23, took: 4.17s
Epoch 3, 42.6%	 loss: 2.564 acc@1: 41.41 mrr: 58.76, ndcg: 65.15, took: 3.98s
Epoch 3, 44.7%	 loss: 2.629 acc@1: 39.06 mrr: 57.12, ndcg: 63.80, took: 4.12s
Epoch 3, 46.8%	 loss: 2.398 acc@1: 42.85 mrr: 60.54, ndcg: 67.03, took: 4.09s
Epoch 3, 48.9%	 loss: 2.578 acc@1: 41.72 mrr: 58.73, ndcg: 64.91, took: 4.14s
Epoch 3, 51.1%	 loss: 2.551 acc@1: 41.33 mrr: 58.75, ndcg: 65.22, took: 3.92s
Epoch 3, 53.2%	 loss: 2.536 acc@1: 42.62 mrr: 59.80, ndcg: 66.05, took: 4.06s
Epoch 3, 55.3%	 loss: 2.590 acc@1: 42.70 mrr: 58.95, ndcg: 65.07, took: 4.17s
Epoch 3, 57.4%	 loss: 2.648 acc@1: 41.60 mrr: 58.29, ndcg: 64.66, took: 4.13s
Epoch 3, 59.6%	 loss: 2.544 acc@1: 41.45 mrr: 58.68, ndcg: 65.21, took: 4.17s
Epoch 3, 61.7%	 loss: 2.567 acc@1: 43.48 mrr: 59.67, ndcg: 65.55, took: 4.11s
Epoch 3, 63.8%	 loss: 2.506 acc@1: 43.95 mrr: 60.15, ndcg: 66.19, took: 4.13s
Epoch 3, 66.0%	 loss: 2.580 acc@1: 42.23 mrr: 58.92, ndcg: 65.15, took: 4.02s
Epoch 3, 68.1%	 loss: 2.571 acc@1: 43.32 mrr: 59.65, ndcg: 65.77, took: 4.09s
Epoch 3, 70.2%	 loss: 2.544 acc@1: 41.88 mrr: 58.91, ndcg: 65.13, took: 4.10s
Epoch 3, 72.3%	 loss: 2.419 acc@1: 43.91 mrr: 60.88, ndcg: 67.16, took: 4.27s
Epoch 3, 74.5%	 loss: 2.534 acc@1: 41.84 mrr: 59.18, ndcg: 65.43, took: 4.00s
Epoch 3, 76.6%	 loss: 2.508 acc@1: 43.75 mrr: 60.09, ndcg: 66.12, took: 4.13s
Epoch 3, 78.7%	 loss: 2.501 acc@1: 42.66 mrr: 59.49, ndcg: 65.66, took: 4.07s
Epoch 3, 80.9%	 loss: 2.465 acc@1: 45.78 mrr: 61.15, ndcg: 66.95, took: 3.97s
Epoch 3, 83.0%	 loss: 2.544 acc@1: 41.29 mrr: 58.52, ndcg: 64.74, took: 3.79s
Epoch 3, 85.1%	 loss: 2.444 acc@1: 42.42 mrr: 59.94, ndcg: 66.16, took: 4.01s
Epoch 3, 87.2%	 loss: 2.527 acc@1: 41.33 mrr: 58.73, ndcg: 65.23, took: 4.19s
Epoch 3, 89.4%	 loss: 2.516 acc@1: 42.07 mrr: 59.22, ndcg: 65.52, took: 4.03s
Epoch 3, 91.5%	 loss: 2.448 acc@1: 43.05 mrr: 59.97, ndcg: 66.20, took: 4.08s
Epoch 3, 93.6%	 loss: 2.506 acc@1: 41.99 mrr: 58.99, ndcg: 65.07, took: 3.91s
Epoch 3, 95.7%	 loss: 2.520 acc@1: 41.84 mrr: 59.05, ndcg: 65.32, took: 3.83s
Epoch 3, 97.9%	 loss: 2.459 acc@1: 40.70 mrr: 58.87, ndcg: 65.45, took: 4.36s
Epoch 3, 100.0%	 loss: 2.628 acc@1: 41.13 mrr: 58.02, ndcg: 64.27, took: 4.14s
Validation - loss: 3.0819, acc@1: 39.96%, f1: 30.34%, mrr: 56.54%, ndcg: 62.55%
Current learning rate: 0.001469

=== Epoch 4 ===
Epoch 4, 2.1%	 loss: 2.358 acc@1: 43.16 mrr: 59.70, ndcg: 65.89, took: 4.10s
Epoch 4, 4.3%	 loss: 2.377 acc@1: 41.68 mrr: 59.10, ndcg: 65.50, took: 4.06s
Epoch 4, 6.4%	 loss: 2.369 acc@1: 41.99 mrr: 59.01, ndcg: 65.50, took: 4.06s
Epoch 4, 8.5%	 loss: 2.307 acc@1: 41.56 mrr: 59.40, ndcg: 65.87, took: 4.12s
Epoch 4, 10.6%	 loss: 2.300 acc@1: 42.03 mrr: 59.60, ndcg: 66.13, took: 4.03s
Epoch 4, 12.8%	 loss: 2.312 acc@1: 41.91 mrr: 59.34, ndcg: 65.76, took: 4.00s
Epoch 4, 14.9%	 loss: 2.350 acc@1: 42.11 mrr: 59.18, ndcg: 65.48, took: 4.02s
Epoch 4, 17.0%	 loss: 2.286 acc@1: 42.11 mrr: 59.90, ndcg: 66.50, took: 3.85s
Epoch 4, 19.1%	 loss: 2.342 acc@1: 41.64 mrr: 59.16, ndcg: 65.72, took: 3.89s
Epoch 4, 21.3%	 loss: 2.337 acc@1: 42.54 mrr: 59.64, ndcg: 66.08, took: 4.00s
Epoch 4, 23.4%	 loss: 2.295 acc@1: 43.24 mrr: 60.49, ndcg: 66.73, took: 3.80s
Epoch 4, 25.5%	 loss: 2.400 acc@1: 41.09 mrr: 58.64, ndcg: 65.03, took: 4.02s
Epoch 4, 27.7%	 loss: 2.261 acc@1: 44.18 mrr: 60.81, ndcg: 67.17, took: 3.78s
Epoch 4, 29.8%	 loss: 2.310 acc@1: 41.99 mrr: 59.46, ndcg: 65.81, took: 3.91s
Epoch 4, 31.9%	 loss: 2.279 acc@1: 42.66 mrr: 60.15, ndcg: 66.46, took: 4.13s
Epoch 4, 34.0%	 loss: 2.289 acc@1: 42.77 mrr: 59.89, ndcg: 66.43, took: 4.33s
Epoch 4, 36.2%	 loss: 2.306 acc@1: 42.73 mrr: 59.99, ndcg: 66.24, took: 4.01s
Epoch 4, 38.3%	 loss: 2.424 acc@1: 41.37 mrr: 58.65, ndcg: 65.03, took: 4.11s
Epoch 4, 40.4%	 loss: 2.284 acc@1: 41.41 mrr: 59.56, ndcg: 66.14, took: 4.20s
Epoch 4, 42.6%	 loss: 2.311 acc@1: 43.75 mrr: 60.54, ndcg: 66.74, took: 4.11s
Epoch 4, 44.7%	 loss: 2.341 acc@1: 41.60 mrr: 59.30, ndcg: 65.59, took: 4.02s
Epoch 4, 46.8%	 loss: 2.343 acc@1: 42.34 mrr: 59.45, ndcg: 65.70, took: 4.15s
Epoch 4, 48.9%	 loss: 2.446 acc@1: 40.16 mrr: 57.92, ndcg: 64.27, took: 4.09s
Epoch 4, 51.1%	 loss: 2.340 acc@1: 42.46 mrr: 59.59, ndcg: 65.80, took: 4.11s
Epoch 4, 53.2%	 loss: 2.327 acc@1: 42.50 mrr: 59.65, ndcg: 65.83, took: 3.87s
Epoch 4, 55.3%	 loss: 2.303 acc@1: 42.54 mrr: 60.17, ndcg: 66.50, took: 3.99s
Epoch 4, 57.4%	 loss: 2.314 acc@1: 43.09 mrr: 60.42, ndcg: 66.67, took: 4.08s
Epoch 4, 59.6%	 loss: 2.182 acc@1: 44.96 mrr: 61.91, ndcg: 68.17, took: 4.17s
Epoch 4, 61.7%	 loss: 2.354 acc@1: 42.42 mrr: 59.62, ndcg: 65.99, took: 4.01s
Epoch 4, 63.8%	 loss: 2.370 acc@1: 41.02 mrr: 59.07, ndcg: 65.55, took: 4.28s
Epoch 4, 66.0%	 loss: 2.275 acc@1: 43.20 mrr: 60.35, ndcg: 66.59, took: 3.79s
Epoch 4, 68.1%	 loss: 2.321 acc@1: 42.03 mrr: 59.60, ndcg: 66.02, took: 3.83s
Epoch 4, 70.2%	 loss: 2.367 acc@1: 42.19 mrr: 59.63, ndcg: 65.88, took: 4.05s
Epoch 4, 72.3%	 loss: 2.285 acc@1: 42.27 mrr: 59.73, ndcg: 66.14, took: 4.09s
Epoch 4, 74.5%	 loss: 2.313 acc@1: 43.09 mrr: 60.26, ndcg: 66.32, took: 4.06s
Epoch 4, 76.6%	 loss: 2.395 acc@1: 42.38 mrr: 59.20, ndcg: 65.40, took: 4.08s
Epoch 4, 78.7%	 loss: 2.282 acc@1: 43.12 mrr: 60.38, ndcg: 66.80, took: 3.86s
Epoch 4, 80.9%	 loss: 2.305 acc@1: 43.32 mrr: 60.25, ndcg: 66.44, took: 4.15s
Epoch 4, 83.0%	 loss: 2.362 acc@1: 42.58 mrr: 59.57, ndcg: 65.75, took: 4.04s
Epoch 4, 85.1%	 loss: 2.262 acc@1: 43.63 mrr: 60.42, ndcg: 66.66, took: 4.00s
Epoch 4, 87.2%	 loss: 2.315 acc@1: 42.54 mrr: 59.75, ndcg: 66.03, took: 4.09s
Epoch 4, 89.4%	 loss: 2.345 acc@1: 40.90 mrr: 58.64, ndcg: 65.12, took: 4.11s
Epoch 4, 91.5%	 loss: 2.297 acc@1: 42.54 mrr: 60.10, ndcg: 66.41, took: 4.11s
Epoch 4, 93.6%	 loss: 2.304 acc@1: 42.38 mrr: 59.74, ndcg: 66.08, took: 4.04s
Epoch 4, 95.7%	 loss: 2.268 acc@1: 43.20 mrr: 60.61, ndcg: 66.90, took: 4.04s
Epoch 4, 97.9%	 loss: 2.335 acc@1: 41.41 mrr: 59.24, ndcg: 65.79, took: 4.03s
Epoch 4, 100.0%	 loss: 2.376 acc@1: 42.46 mrr: 59.45, ndcg: 65.63, took: 3.82s
Validation - loss: 3.0365, acc@1: 39.52%, f1: 31.66%, mrr: 56.14%, ndcg: 62.27%
Current learning rate: 0.001438

=== Epoch 5 ===
Epoch 5, 2.1%	 loss: 2.246 acc@1: 41.25 mrr: 59.18, ndcg: 65.77, took: 4.09s
Epoch 5, 4.3%	 loss: 2.111 acc@1: 42.62 mrr: 60.85, ndcg: 67.57, took: 4.08s
Epoch 5, 6.4%	 loss: 2.246 acc@1: 39.53 mrr: 58.02, ndcg: 64.77, took: 4.09s
Epoch 5, 8.5%	 loss: 2.211 acc@1: 42.62 mrr: 59.98, ndcg: 66.37, took: 4.01s
Epoch 5, 10.6%	 loss: 2.272 acc@1: 41.60 mrr: 59.09, ndcg: 65.41, took: 4.17s
Epoch 5, 12.8%	 loss: 2.235 acc@1: 41.52 mrr: 59.14, ndcg: 65.83, took: 4.11s
Epoch 5, 14.9%	 loss: 2.194 acc@1: 41.76 mrr: 59.78, ndcg: 66.25, took: 4.05s
Epoch 5, 17.0%	 loss: 2.162 acc@1: 42.23 mrr: 60.04, ndcg: 66.53, took: 4.04s
Epoch 5, 19.1%	 loss: 2.233 acc@1: 41.41 mrr: 59.54, ndcg: 65.84, took: 4.05s
Epoch 5, 21.3%	 loss: 2.172 acc@1: 43.67 mrr: 60.87, ndcg: 67.02, took: 4.07s
Epoch 5, 23.4%	 loss: 2.166 acc@1: 43.12 mrr: 60.89, ndcg: 67.09, took: 3.99s
Epoch 5, 25.5%	 loss: 2.167 acc@1: 42.27 mrr: 60.12, ndcg: 66.55, took: 4.15s
Epoch 5, 27.7%	 loss: 2.209 acc@1: 41.76 mrr: 59.60, ndcg: 66.26, took: 4.01s
Epoch 5, 29.8%	 loss: 2.239 acc@1: 42.93 mrr: 59.96, ndcg: 66.12, took: 3.99s
Epoch 5, 31.9%	 loss: 2.153 acc@1: 43.63 mrr: 60.98, ndcg: 67.08, took: 3.89s
Epoch 5, 34.0%	 loss: 2.201 acc@1: 42.54 mrr: 60.05, ndcg: 66.36, took: 4.05s
Epoch 5, 36.2%	 loss: 2.196 acc@1: 42.07 mrr: 59.75, ndcg: 66.11, took: 4.08s
Epoch 5, 38.3%	 loss: 2.211 acc@1: 41.41 mrr: 59.57, ndcg: 65.96, took: 3.57s
Epoch 5, 40.4%	 loss: 2.170 acc@1: 42.73 mrr: 60.37, ndcg: 66.75, took: 3.45s
Epoch 5, 42.6%	 loss: 2.304 acc@1: 41.80 mrr: 58.88, ndcg: 65.17, took: 4.16s
Epoch 5, 44.7%	 loss: 2.167 acc@1: 42.89 mrr: 60.70, ndcg: 67.08, took: 4.17s
Epoch 5, 46.8%	 loss: 2.106 acc@1: 43.95 mrr: 61.18, ndcg: 67.62, took: 4.10s
Epoch 5, 48.9%	 loss: 2.234 acc@1: 40.90 mrr: 59.06, ndcg: 65.80, took: 4.00s
Epoch 5, 51.1%	 loss: 2.174 acc@1: 42.93 mrr: 60.54, ndcg: 66.86, took: 4.08s
Epoch 5, 53.2%	 loss: 2.222 acc@1: 42.54 mrr: 59.87, ndcg: 66.20, took: 4.13s
Epoch 5, 55.3%	 loss: 2.281 acc@1: 41.80 mrr: 59.40, ndcg: 65.72, took: 4.11s
Epoch 5, 57.4%	 loss: 2.219 acc@1: 42.62 mrr: 59.95, ndcg: 66.15, took: 4.09s
Epoch 5, 59.6%	 loss: 2.209 acc@1: 41.45 mrr: 59.61, ndcg: 66.17, took: 4.11s
Epoch 5, 61.7%	 loss: 2.194 acc@1: 42.77 mrr: 60.34, ndcg: 66.76, took: 4.09s
Epoch 5, 63.8%	 loss: 2.235 acc@1: 42.34 mrr: 59.79, ndcg: 66.20, took: 4.10s
Epoch 5, 66.0%	 loss: 2.122 acc@1: 45.55 mrr: 61.95, ndcg: 68.06, took: 4.16s
Epoch 5, 68.1%	 loss: 2.221 acc@1: 41.88 mrr: 59.60, ndcg: 66.04, took: 4.21s
Epoch 5, 70.2%	 loss: 2.200 acc@1: 42.70 mrr: 60.32, ndcg: 66.72, took: 4.05s
Epoch 5, 72.3%	 loss: 2.201 acc@1: 42.23 mrr: 59.70, ndcg: 66.21, took: 4.15s
Epoch 5, 74.5%	 loss: 2.103 acc@1: 43.40 mrr: 61.37, ndcg: 67.86, took: 4.14s
Epoch 5, 76.6%	 loss: 2.216 acc@1: 43.28 mrr: 60.44, ndcg: 66.69, took: 4.13s
Epoch 5, 78.7%	 loss: 2.290 acc@1: 42.07 mrr: 59.41, ndcg: 65.86, took: 3.96s
Epoch 5, 80.9%	 loss: 2.230 acc@1: 45.47 mrr: 61.57, ndcg: 67.43, took: 3.77s
Epoch 5, 83.0%	 loss: 2.256 acc@1: 42.42 mrr: 59.86, ndcg: 66.25, took: 4.08s
Epoch 5, 85.1%	 loss: 2.219 acc@1: 43.32 mrr: 60.38, ndcg: 66.63, took: 4.07s
Epoch 5, 87.2%	 loss: 2.310 acc@1: 41.68 mrr: 59.33, ndcg: 65.60, took: 4.16s
Epoch 5, 89.4%	 loss: 2.196 acc@1: 43.55 mrr: 60.95, ndcg: 67.03, took: 4.10s
Epoch 5, 91.5%	 loss: 2.319 acc@1: 42.50 mrr: 59.31, ndcg: 65.28, took: 4.16s
Epoch 5, 93.6%	 loss: 2.254 acc@1: 40.78 mrr: 58.91, ndcg: 65.53, took: 3.95s
Epoch 5, 95.7%	 loss: 2.201 acc@1: 42.70 mrr: 60.35, ndcg: 66.70, took: 3.87s
Epoch 5, 97.9%	 loss: 2.279 acc@1: 41.68 mrr: 59.24, ndcg: 65.60, took: 4.14s
Epoch 5, 100.0%	 loss: 2.211 acc@1: 41.91 mrr: 59.99, ndcg: 66.51, took: 4.19s
Validation - loss: 3.0063, acc@1: 40.79%, f1: 31.78%, mrr: 57.21%, ndcg: 63.07%
Current learning rate: 0.001406

=== Epoch 6 ===
Epoch 6, 2.1%	 loss: 2.178 acc@1: 41.84 mrr: 59.57, ndcg: 65.98, took: 3.92s
Epoch 6, 4.3%	 loss: 2.103 acc@1: 43.40 mrr: 60.68, ndcg: 67.01, took: 4.15s
Epoch 6, 6.4%	 loss: 2.125 acc@1: 42.27 mrr: 60.20, ndcg: 66.49, took: 4.19s
Epoch 6, 8.5%	 loss: 2.160 acc@1: 41.60 mrr: 59.72, ndcg: 66.34, took: 4.08s
Epoch 6, 10.6%	 loss: 2.078 acc@1: 43.16 mrr: 60.88, ndcg: 67.29, took: 3.92s
Epoch 6, 12.8%	 loss: 2.118 acc@1: 42.70 mrr: 60.56, ndcg: 66.96, took: 4.11s
Epoch 6, 14.9%	 loss: 2.075 acc@1: 41.99 mrr: 60.38, ndcg: 67.09, took: 4.07s
Epoch 6, 17.0%	 loss: 2.181 acc@1: 40.90 mrr: 59.16, ndcg: 65.58, took: 4.17s
Epoch 6, 19.1%	 loss: 2.093 acc@1: 43.12 mrr: 60.94, ndcg: 67.39, took: 4.14s
Epoch 6, 21.3%	 loss: 2.103 acc@1: 43.63 mrr: 60.91, ndcg: 67.03, took: 4.25s
Epoch 6, 23.4%	 loss: 2.112 acc@1: 42.89 mrr: 60.65, ndcg: 67.01, took: 4.07s
Epoch 6, 25.5%	 loss: 2.112 acc@1: 43.09 mrr: 60.83, ndcg: 67.20, took: 4.15s
Epoch 6, 27.7%	 loss: 2.102 acc@1: 43.36 mrr: 60.87, ndcg: 67.30, took: 4.14s
Epoch 6, 29.8%	 loss: 2.178 acc@1: 41.52 mrr: 59.47, ndcg: 65.78, took: 4.06s
Epoch 6, 31.9%	 loss: 2.114 acc@1: 43.83 mrr: 60.98, ndcg: 67.22, took: 4.05s
Epoch 6, 34.0%	 loss: 2.157 acc@1: 42.38 mrr: 60.24, ndcg: 66.63, took: 4.13s
Epoch 6, 36.2%	 loss: 2.178 acc@1: 41.88 mrr: 59.57, ndcg: 65.98, took: 3.97s
Epoch 6, 38.3%	 loss: 2.234 acc@1: 41.45 mrr: 59.31, ndcg: 65.59, took: 3.79s
Epoch 6, 40.4%	 loss: 2.094 acc@1: 43.44 mrr: 61.13, ndcg: 67.43, took: 4.03s
Epoch 6, 42.6%	 loss: 2.120 acc@1: 42.03 mrr: 60.21, ndcg: 66.75, took: 4.13s
Epoch 6, 44.7%	 loss: 2.097 acc@1: 44.22 mrr: 61.26, ndcg: 67.50, took: 4.11s
Epoch 6, 46.8%	 loss: 2.225 acc@1: 40.90 mrr: 58.90, ndcg: 65.14, took: 4.05s
Epoch 6, 48.9%	 loss: 2.183 acc@1: 41.84 mrr: 59.40, ndcg: 65.85, took: 3.81s
Epoch 6, 51.1%	 loss: 2.188 acc@1: 42.15 mrr: 59.98, ndcg: 66.23, took: 4.15s
Epoch 6, 53.2%	 loss: 2.177 acc@1: 41.80 mrr: 59.77, ndcg: 66.30, took: 4.38s
Epoch 6, 55.3%	 loss: 2.258 acc@1: 41.60 mrr: 58.97, ndcg: 65.23, took: 4.19s
Epoch 6, 57.4%	 loss: 2.166 acc@1: 41.68 mrr: 59.47, ndcg: 65.91, took: 4.14s
Epoch 6, 59.6%	 loss: 2.118 acc@1: 43.52 mrr: 61.07, ndcg: 67.44, took: 3.74s
Epoch 6, 61.7%	 loss: 2.107 acc@1: 44.30 mrr: 61.43, ndcg: 67.67, took: 4.11s
Epoch 6, 63.8%	 loss: 2.150 acc@1: 42.93 mrr: 60.53, ndcg: 66.88, took: 3.71s
Epoch 6, 66.0%	 loss: 2.323 acc@1: 39.84 mrr: 57.43, ndcg: 63.97, took: 3.94s
Epoch 6, 68.1%	 loss: 2.141 acc@1: 40.74 mrr: 59.81, ndcg: 66.60, took: 4.13s
Epoch 6, 70.2%	 loss: 2.093 acc@1: 44.84 mrr: 61.80, ndcg: 67.81, took: 4.11s
Epoch 6, 72.3%	 loss: 2.184 acc@1: 43.24 mrr: 60.39, ndcg: 66.52, took: 4.13s
Epoch 6, 74.5%	 loss: 2.117 acc@1: 43.48 mrr: 60.85, ndcg: 67.11, took: 4.05s
Epoch 6, 76.6%	 loss: 2.202 acc@1: 42.15 mrr: 59.64, ndcg: 66.01, took: 4.06s
Epoch 6, 78.7%	 loss: 2.166 acc@1: 42.89 mrr: 60.28, ndcg: 66.67, took: 4.13s
Epoch 6, 80.9%	 loss: 2.130 acc@1: 42.54 mrr: 60.49, ndcg: 67.06, took: 4.11s
Epoch 6, 83.0%	 loss: 2.158 acc@1: 43.40 mrr: 60.79, ndcg: 66.94, took: 4.20s
Epoch 6, 85.1%	 loss: 2.165 acc@1: 43.87 mrr: 60.83, ndcg: 66.83, took: 3.83s
Epoch 6, 87.2%	 loss: 2.245 acc@1: 41.91 mrr: 59.42, ndcg: 65.62, took: 3.77s
Epoch 6, 89.4%	 loss: 2.180 acc@1: 43.48 mrr: 60.57, ndcg: 66.83, took: 4.11s
Epoch 6, 91.5%	 loss: 2.140 acc@1: 42.93 mrr: 60.74, ndcg: 67.09, took: 4.03s
Epoch 6, 93.6%	 loss: 2.267 acc@1: 42.89 mrr: 59.81, ndcg: 65.90, took: 4.10s
Epoch 6, 95.7%	 loss: 2.183 acc@1: 43.71 mrr: 60.70, ndcg: 66.94, took: 4.06s
Epoch 6, 97.9%	 loss: 2.123 acc@1: 43.55 mrr: 60.85, ndcg: 67.21, took: 4.01s
Epoch 6, 100.0%	 loss: 2.125 acc@1: 43.55 mrr: 61.01, ndcg: 67.40, took: 4.05s
Validation - loss: 3.0015, acc@1: 39.66%, f1: 30.52%, mrr: 56.67%, ndcg: 62.80%
Current learning rate: 0.001375

=== Epoch 7 ===
Epoch 7, 2.1%	 loss: 2.026 acc@1: 42.38 mrr: 61.01, ndcg: 67.75, took: 4.14s
Epoch 7, 4.3%	 loss: 1.988 acc@1: 43.44 mrr: 61.61, ndcg: 68.17, took: 4.08s
Epoch 7, 6.4%	 loss: 2.000 acc@1: 44.49 mrr: 62.09, ndcg: 68.37, took: 3.96s
Epoch 7, 8.5%	 loss: 2.044 acc@1: 42.42 mrr: 60.82, ndcg: 67.39, took: 4.04s
Epoch 7, 10.6%	 loss: 2.060 acc@1: 42.58 mrr: 60.50, ndcg: 67.00, took: 4.17s
Epoch 7, 12.8%	 loss: 2.062 acc@1: 43.05 mrr: 60.68, ndcg: 67.09, took: 4.06s
Epoch 7, 14.9%	 loss: 2.046 acc@1: 44.06 mrr: 61.49, ndcg: 67.79, took: 4.00s
Epoch 7, 17.0%	 loss: 2.057 acc@1: 43.09 mrr: 60.81, ndcg: 67.23, took: 4.20s
Epoch 7, 19.1%	 loss: 2.063 acc@1: 42.19 mrr: 60.49, ndcg: 67.12, took: 4.03s
Epoch 7, 21.3%	 loss: 2.139 acc@1: 42.15 mrr: 60.04, ndcg: 66.45, took: 4.19s
Epoch 7, 23.4%	 loss: 2.058 acc@1: 41.80 mrr: 60.13, ndcg: 66.77, took: 4.06s
Epoch 7, 25.5%	 loss: 2.130 acc@1: 43.09 mrr: 60.38, ndcg: 66.73, took: 4.08s
Epoch 7, 27.7%	 loss: 2.161 acc@1: 41.99 mrr: 59.40, ndcg: 65.56, took: 4.09s
Epoch 7, 29.8%	 loss: 2.063 acc@1: 42.66 mrr: 60.59, ndcg: 67.13, took: 4.15s
Epoch 7, 31.9%	 loss: 2.084 acc@1: 43.44 mrr: 61.11, ndcg: 67.36, took: 3.95s
Epoch 7, 34.0%	 loss: 2.096 acc@1: 42.38 mrr: 60.35, ndcg: 66.85, took: 3.78s
Epoch 7, 36.2%	 loss: 2.169 acc@1: 42.23 mrr: 59.89, ndcg: 66.14, took: 4.27s
Epoch 7, 38.3%	 loss: 2.087 acc@1: 43.44 mrr: 60.90, ndcg: 67.17, took: 3.87s
Epoch 7, 40.4%	 loss: 2.160 acc@1: 42.42 mrr: 59.88, ndcg: 65.94, took: 3.83s
Epoch 7, 42.6%	 loss: 2.096 acc@1: 41.76 mrr: 60.09, ndcg: 66.66, took: 4.05s
Epoch 7, 44.7%	 loss: 2.108 acc@1: 43.36 mrr: 61.02, ndcg: 67.36, took: 4.01s
Epoch 7, 46.8%	 loss: 2.113 acc@1: 43.79 mrr: 60.92, ndcg: 67.14, took: 3.76s
Epoch 7, 48.9%	 loss: 2.139 acc@1: 41.60 mrr: 59.65, ndcg: 66.12, took: 4.05s
Epoch 7, 51.1%	 loss: 2.091 acc@1: 43.83 mrr: 60.87, ndcg: 66.91, took: 4.08s
Epoch 7, 53.2%	 loss: 2.070 acc@1: 44.49 mrr: 61.52, ndcg: 67.67, took: 4.14s
Epoch 7, 55.3%	 loss: 2.056 acc@1: 44.92 mrr: 61.92, ndcg: 67.86, took: 4.17s
Epoch 7, 57.4%	 loss: 2.181 acc@1: 40.82 mrr: 58.98, ndcg: 65.51, took: 3.84s
Epoch 7, 59.6%	 loss: 2.139 acc@1: 42.89 mrr: 60.50, ndcg: 66.92, took: 3.45s
Epoch 7, 61.7%	 loss: 2.170 acc@1: 41.64 mrr: 59.62, ndcg: 66.18, took: 4.10s
Epoch 7, 63.8%	 loss: 2.129 acc@1: 42.97 mrr: 60.29, ndcg: 66.35, took: 3.99s
Epoch 7, 66.0%	 loss: 2.077 acc@1: 42.23 mrr: 60.38, ndcg: 66.98, took: 4.12s
Epoch 7, 68.1%	 loss: 2.162 acc@1: 41.17 mrr: 59.46, ndcg: 65.94, took: 4.23s
Epoch 7, 70.2%	 loss: 2.166 acc@1: 41.41 mrr: 59.42, ndcg: 65.82, took: 4.20s
Epoch 7, 72.3%	 loss: 2.141 acc@1: 42.77 mrr: 60.22, ndcg: 66.67, took: 4.20s
Epoch 7, 74.5%	 loss: 2.114 acc@1: 41.91 mrr: 60.34, ndcg: 66.75, took: 4.10s
Epoch 7, 76.6%	 loss: 2.130 acc@1: 42.58 mrr: 60.45, ndcg: 66.74, took: 4.18s
Epoch 7, 78.7%	 loss: 2.125 acc@1: 43.67 mrr: 60.81, ndcg: 66.95, took: 4.18s
Epoch 7, 80.9%	 loss: 2.176 acc@1: 42.50 mrr: 59.84, ndcg: 66.14, took: 4.12s
Epoch 7, 83.0%	 loss: 2.129 acc@1: 43.55 mrr: 60.95, ndcg: 67.09, took: 4.13s
Epoch 7, 85.1%	 loss: 2.110 acc@1: 42.11 mrr: 60.17, ndcg: 66.52, took: 4.13s
Epoch 7, 87.2%	 loss: 2.143 acc@1: 42.62 mrr: 60.12, ndcg: 66.41, took: 3.99s
Epoch 7, 89.4%	 loss: 2.128 acc@1: 43.36 mrr: 60.69, ndcg: 67.06, took: 3.87s
Epoch 7, 91.5%	 loss: 2.190 acc@1: 41.41 mrr: 59.31, ndcg: 65.69, took: 4.14s
Epoch 7, 93.6%	 loss: 2.068 acc@1: 45.16 mrr: 61.84, ndcg: 67.81, took: 4.09s
Epoch 7, 95.7%	 loss: 2.187 acc@1: 41.76 mrr: 59.49, ndcg: 65.95, took: 3.99s
Epoch 7, 97.9%	 loss: 2.207 acc@1: 41.13 mrr: 59.01, ndcg: 65.43, took: 4.05s
Epoch 7, 100.0%	 loss: 2.138 acc@1: 42.97 mrr: 60.75, ndcg: 67.13, took: 4.05s
Validation - loss: 3.0019, acc@1: 40.85%, f1: 31.56%, mrr: 57.27%, ndcg: 63.26%
Current learning rate: 0.001344

=== Epoch 8 ===
Epoch 8, 2.1%	 loss: 2.011 acc@1: 43.48 mrr: 61.36, ndcg: 68.11, took: 3.98s
Epoch 8, 4.3%	 loss: 2.003 acc@1: 44.53 mrr: 61.83, ndcg: 67.99, took: 3.94s
Epoch 8, 6.4%	 loss: 1.992 acc@1: 45.47 mrr: 62.56, ndcg: 68.65, took: 4.12s
Epoch 8, 8.5%	 loss: 1.949 acc@1: 46.37 mrr: 63.14, ndcg: 69.38, took: 4.14s
Epoch 8, 10.6%	 loss: 2.069 acc@1: 42.03 mrr: 60.26, ndcg: 66.73, took: 4.24s
Epoch 8, 12.8%	 loss: 2.057 acc@1: 43.67 mrr: 61.02, ndcg: 67.46, took: 4.07s
Epoch 8, 14.9%	 loss: 2.034 acc@1: 41.95 mrr: 60.38, ndcg: 67.08, took: 4.15s
Epoch 8, 17.0%	 loss: 2.066 acc@1: 43.05 mrr: 60.49, ndcg: 66.83, took: 4.02s
Epoch 8, 19.1%	 loss: 2.127 acc@1: 40.70 mrr: 58.84, ndcg: 65.48, took: 3.80s
Epoch 8, 21.3%	 loss: 1.998 acc@1: 44.38 mrr: 61.85, ndcg: 68.27, took: 4.29s
Epoch 8, 23.4%	 loss: 2.071 acc@1: 40.94 mrr: 59.50, ndcg: 66.33, took: 4.12s
Epoch 8, 25.5%	 loss: 2.061 acc@1: 42.85 mrr: 60.55, ndcg: 66.99, took: 4.04s
Epoch 8, 27.7%	 loss: 2.139 acc@1: 40.43 mrr: 59.21, ndcg: 65.80, took: 4.06s
Epoch 8, 29.8%	 loss: 2.013 acc@1: 42.81 mrr: 60.90, ndcg: 67.25, took: 3.74s
Epoch 8, 31.9%	 loss: 2.058 acc@1: 43.05 mrr: 60.75, ndcg: 67.24, took: 3.90s
Epoch 8, 34.0%	 loss: 2.048 acc@1: 43.91 mrr: 61.37, ndcg: 67.62, took: 4.13s
Epoch 8, 36.2%	 loss: 2.057 acc@1: 43.48 mrr: 61.15, ndcg: 67.37, took: 4.08s
Epoch 8, 38.3%	 loss: 2.049 acc@1: 43.44 mrr: 61.20, ndcg: 67.60, took: 4.12s
Epoch 8, 40.4%	 loss: 2.111 acc@1: 41.48 mrr: 59.65, ndcg: 66.28, took: 4.20s
Epoch 8, 42.6%	 loss: 2.095 acc@1: 42.42 mrr: 60.36, ndcg: 66.78, took: 4.25s
Epoch 8, 44.7%	 loss: 2.144 acc@1: 41.13 mrr: 59.25, ndcg: 65.74, took: 4.09s
Epoch 8, 46.8%	 loss: 2.060 acc@1: 42.97 mrr: 60.73, ndcg: 67.01, took: 4.09s
Epoch 8, 48.9%	 loss: 2.133 acc@1: 42.30 mrr: 59.91, ndcg: 66.45, took: 4.08s
Epoch 8, 51.1%	 loss: 2.045 acc@1: 43.09 mrr: 60.88, ndcg: 67.39, took: 3.88s
Epoch 8, 53.2%	 loss: 2.143 acc@1: 39.69 mrr: 58.65, ndcg: 65.37, took: 3.74s
Epoch 8, 55.3%	 loss: 2.097 acc@1: 42.58 mrr: 60.46, ndcg: 66.84, took: 4.03s
Epoch 8, 57.4%	 loss: 2.087 acc@1: 41.33 mrr: 59.73, ndcg: 66.34, took: 4.04s
Epoch 8, 59.6%	 loss: 2.075 acc@1: 43.52 mrr: 61.01, ndcg: 67.37, took: 4.06s
Epoch 8, 61.7%	 loss: 2.181 acc@1: 42.34 mrr: 59.51, ndcg: 65.69, took: 4.30s
Epoch 8, 63.8%	 loss: 2.107 acc@1: 42.70 mrr: 60.09, ndcg: 66.16, took: 4.09s
Epoch 8, 66.0%	 loss: 2.093 acc@1: 43.59 mrr: 60.77, ndcg: 67.01, took: 4.08s
Epoch 8, 68.1%	 loss: 2.074 acc@1: 42.85 mrr: 60.55, ndcg: 66.87, took: 3.95s
Epoch 8, 70.2%	 loss: 2.078 acc@1: 42.50 mrr: 60.51, ndcg: 67.02, took: 3.93s
Epoch 8, 72.3%	 loss: 2.069 acc@1: 42.66 mrr: 60.51, ndcg: 67.01, took: 4.14s
Epoch 8, 74.5%	 loss: 2.078 acc@1: 43.12 mrr: 60.86, ndcg: 67.16, took: 3.98s
Epoch 8, 76.6%	 loss: 2.132 acc@1: 41.25 mrr: 59.47, ndcg: 65.91, took: 4.09s
Epoch 8, 78.7%	 loss: 2.101 acc@1: 41.29 mrr: 59.67, ndcg: 66.30, took: 3.99s
Epoch 8, 80.9%	 loss: 2.142 acc@1: 42.27 mrr: 59.71, ndcg: 66.14, took: 4.06s
Epoch 8, 83.0%	 loss: 2.046 acc@1: 43.24 mrr: 61.09, ndcg: 67.51, took: 4.07s
Epoch 8, 85.1%	 loss: 2.018 acc@1: 43.55 mrr: 61.54, ndcg: 67.92, took: 4.12s
Epoch 8, 87.2%	 loss: 2.087 acc@1: 43.67 mrr: 61.08, ndcg: 67.26, took: 4.23s
Epoch 8, 89.4%	 loss: 2.114 acc@1: 43.36 mrr: 60.91, ndcg: 67.04, took: 4.32s
Epoch 8, 91.5%	 loss: 2.139 acc@1: 42.89 mrr: 60.21, ndcg: 66.27, took: 4.10s
Epoch 8, 93.6%	 loss: 2.120 acc@1: 41.13 mrr: 59.60, ndcg: 66.06, took: 4.11s
Epoch 8, 95.7%	 loss: 2.080 acc@1: 44.30 mrr: 61.49, ndcg: 67.66, took: 4.13s
Epoch 8, 97.9%	 loss: 2.103 acc@1: 43.24 mrr: 60.90, ndcg: 67.05, took: 4.17s
Epoch 8, 100.0%	 loss: 2.037 acc@1: 43.55 mrr: 61.32, ndcg: 67.68, took: 3.97s
Validation - loss: 3.0188, acc@1: 41.31%, f1: 32.67%, mrr: 57.32%, ndcg: 63.15%
Current learning rate: 0.001313

=== Epoch 9 ===
Epoch 9, 2.1%	 loss: 1.934 acc@1: 44.69 mrr: 62.34, ndcg: 68.82, took: 3.62s
Epoch 9, 4.3%	 loss: 2.020 acc@1: 42.85 mrr: 60.90, ndcg: 67.62, took: 4.04s
Epoch 9, 6.4%	 loss: 2.085 acc@1: 41.88 mrr: 59.94, ndcg: 66.54, took: 4.04s
Epoch 9, 8.5%	 loss: 1.977 acc@1: 43.12 mrr: 61.36, ndcg: 67.99, took: 4.16s
Epoch 9, 10.6%	 loss: 1.998 acc@1: 42.97 mrr: 60.93, ndcg: 67.38, took: 3.86s
Epoch 9, 12.8%	 loss: 1.993 acc@1: 43.55 mrr: 61.40, ndcg: 67.99, took: 4.09s
Epoch 9, 14.9%	 loss: 2.023 acc@1: 42.50 mrr: 60.65, ndcg: 67.07, took: 4.00s
Epoch 9, 17.0%	 loss: 2.074 acc@1: 42.38 mrr: 60.20, ndcg: 66.83, took: 4.08s
Epoch 9, 19.1%	 loss: 2.067 acc@1: 42.11 mrr: 60.22, ndcg: 66.68, took: 4.21s
Epoch 9, 21.3%	 loss: 2.035 acc@1: 44.02 mrr: 61.32, ndcg: 67.54, took: 4.15s
Epoch 9, 23.4%	 loss: 1.985 acc@1: 43.12 mrr: 61.27, ndcg: 67.71, took: 4.06s
Epoch 9, 25.5%	 loss: 2.030 acc@1: 43.28 mrr: 60.85, ndcg: 67.22, took: 4.15s
Epoch 9, 27.7%	 loss: 2.041 acc@1: 43.32 mrr: 60.78, ndcg: 67.20, took: 4.06s
Epoch 9, 29.8%	 loss: 2.091 acc@1: 41.05 mrr: 59.64, ndcg: 66.08, took: 4.07s
Epoch 9, 31.9%	 loss: 2.034 acc@1: 42.89 mrr: 60.90, ndcg: 67.39, took: 4.21s
Epoch 9, 34.0%	 loss: 2.039 acc@1: 42.54 mrr: 60.56, ndcg: 67.17, took: 4.08s
Epoch 9, 36.2%	 loss: 2.059 acc@1: 43.59 mrr: 60.96, ndcg: 67.33, took: 4.10s
Epoch 9, 38.3%	 loss: 2.061 acc@1: 43.67 mrr: 60.95, ndcg: 67.14, took: 4.07s
Epoch 9, 40.4%	 loss: 2.037 acc@1: 42.15 mrr: 60.54, ndcg: 66.90, took: 4.11s
Epoch 9, 42.6%	 loss: 2.009 acc@1: 43.91 mrr: 61.44, ndcg: 67.79, took: 4.01s
Epoch 9, 44.7%	 loss: 2.038 acc@1: 42.58 mrr: 61.07, ndcg: 67.47, took: 3.95s
Epoch 9, 46.8%	 loss: 2.019 acc@1: 42.81 mrr: 61.07, ndcg: 67.58, took: 4.18s
Epoch 9, 48.9%	 loss: 1.968 acc@1: 43.16 mrr: 61.52, ndcg: 68.15, took: 4.06s
Epoch 9, 51.1%	 loss: 2.097 acc@1: 42.77 mrr: 60.52, ndcg: 66.76, took: 4.18s
Epoch 9, 53.2%	 loss: 2.065 acc@1: 42.03 mrr: 60.08, ndcg: 66.59, took: 4.13s
Epoch 9, 55.3%	 loss: 2.052 acc@1: 43.24 mrr: 60.72, ndcg: 66.96, took: 4.16s
Epoch 9, 57.4%	 loss: 2.011 acc@1: 44.73 mrr: 62.03, ndcg: 68.23, took: 3.98s
Epoch 9, 59.6%	 loss: 2.021 acc@1: 44.38 mrr: 61.84, ndcg: 68.03, took: 3.93s
Epoch 9, 61.7%	 loss: 2.147 acc@1: 40.31 mrr: 58.63, ndcg: 65.17, took: 3.93s
Epoch 9, 63.8%	 loss: 2.111 acc@1: 42.27 mrr: 59.81, ndcg: 66.10, took: 4.00s
Epoch 9, 66.0%	 loss: 2.113 acc@1: 41.60 mrr: 59.72, ndcg: 66.20, took: 4.11s
Epoch 9, 68.1%	 loss: 2.097 acc@1: 43.16 mrr: 60.51, ndcg: 66.72, took: 4.12s
Epoch 9, 70.2%	 loss: 2.072 acc@1: 42.81 mrr: 60.53, ndcg: 66.84, took: 4.06s
Epoch 9, 72.3%	 loss: 2.060 acc@1: 42.85 mrr: 60.82, ndcg: 67.27, took: 4.08s
Epoch 9, 74.5%	 loss: 2.089 acc@1: 42.66 mrr: 60.37, ndcg: 66.62, took: 4.01s
Epoch 9, 76.6%	 loss: 2.014 acc@1: 43.05 mrr: 61.34, ndcg: 67.70, took: 3.59s
Epoch 9, 78.7%	 loss: 2.086 acc@1: 43.32 mrr: 60.62, ndcg: 66.75, took: 3.64s
Epoch 9, 80.9%	 loss: 2.067 acc@1: 43.32 mrr: 60.58, ndcg: 66.99, took: 3.73s
Epoch 9, 83.0%	 loss: 2.024 acc@1: 43.95 mrr: 61.51, ndcg: 67.88, took: 3.97s
Epoch 9, 85.1%	 loss: 2.111 acc@1: 43.67 mrr: 60.97, ndcg: 67.03, took: 4.06s
Epoch 9, 87.2%	 loss: 2.086 acc@1: 43.05 mrr: 60.62, ndcg: 66.91, took: 4.08s
Epoch 9, 89.4%	 loss: 2.133 acc@1: 42.81 mrr: 60.26, ndcg: 66.52, took: 3.96s
Epoch 9, 91.5%	 loss: 2.126 acc@1: 41.56 mrr: 59.54, ndcg: 66.02, took: 4.01s
Epoch 9, 93.6%	 loss: 2.089 acc@1: 43.09 mrr: 60.64, ndcg: 66.93, took: 4.15s
Epoch 9, 95.7%	 loss: 2.098 acc@1: 41.99 mrr: 59.95, ndcg: 66.45, took: 4.16s
Epoch 9, 97.9%	 loss: 2.011 acc@1: 43.95 mrr: 61.74, ndcg: 68.22, took: 4.10s
Epoch 9, 100.0%	 loss: 2.056 acc@1: 43.12 mrr: 61.08, ndcg: 67.47, took: 4.17s
Validation - loss: 3.0225, acc@1: 40.20%, f1: 30.86%, mrr: 56.95%, ndcg: 63.01%
Current learning rate: 0.001281

=== Epoch 10 ===
Epoch 10, 2.1%	 loss: 2.065 acc@1: 41.21 mrr: 59.43, ndcg: 66.11, took: 4.12s
Epoch 10, 4.3%	 loss: 1.995 acc@1: 42.23 mrr: 60.61, ndcg: 67.41, took: 4.09s
Epoch 10, 6.4%	 loss: 1.929 acc@1: 43.83 mrr: 61.92, ndcg: 68.56, took: 4.01s
Epoch 10, 8.5%	 loss: 1.975 acc@1: 42.73 mrr: 61.10, ndcg: 67.78, took: 4.07s
Epoch 10, 10.6%	 loss: 1.885 acc@1: 44.18 mrr: 62.64, ndcg: 69.29, took: 4.04s
Epoch 10, 12.8%	 loss: 1.985 acc@1: 42.23 mrr: 60.85, ndcg: 67.57, took: 4.08s
Epoch 10, 14.9%	 loss: 2.029 acc@1: 42.42 mrr: 60.60, ndcg: 67.15, took: 3.95s
Epoch 10, 17.0%	 loss: 1.988 acc@1: 44.38 mrr: 62.03, ndcg: 68.28, took: 4.09s
Epoch 10, 19.1%	 loss: 2.002 acc@1: 42.89 mrr: 60.93, ndcg: 67.29, took: 4.06s
Epoch 10, 21.3%	 loss: 1.977 acc@1: 44.69 mrr: 62.19, ndcg: 68.58, took: 4.12s
Epoch 10, 23.4%	 loss: 2.016 acc@1: 41.29 mrr: 60.39, ndcg: 67.09, took: 4.10s
Epoch 10, 25.5%	 loss: 2.046 acc@1: 42.07 mrr: 60.40, ndcg: 67.03, took: 4.14s
Epoch 10, 27.7%	 loss: 2.012 acc@1: 43.55 mrr: 61.31, ndcg: 67.61, took: 4.41s
Epoch 10, 29.8%	 loss: 2.038 acc@1: 43.05 mrr: 61.00, ndcg: 67.29, took: 4.13s
Epoch 10, 31.9%	 loss: 1.985 acc@1: 43.32 mrr: 61.35, ndcg: 67.88, took: 4.13s
Epoch 10, 34.0%	 loss: 2.030 acc@1: 42.66 mrr: 60.83, ndcg: 67.32, took: 4.15s
Epoch 10, 36.2%	 loss: 2.028 acc@1: 41.99 mrr: 60.71, ndcg: 67.40, took: 3.83s
Epoch 10, 38.3%	 loss: 2.032 acc@1: 43.87 mrr: 61.21, ndcg: 67.46, took: 4.18s
Epoch 10, 40.4%	 loss: 1.947 acc@1: 42.81 mrr: 61.58, ndcg: 68.18, took: 4.14s
Epoch 10, 42.6%	 loss: 2.072 acc@1: 42.23 mrr: 60.03, ndcg: 66.51, took: 4.15s
Epoch 10, 44.7%	 loss: 2.021 acc@1: 43.01 mrr: 60.93, ndcg: 67.37, took: 4.07s
Epoch 10, 46.8%	 loss: 2.008 acc@1: 42.81 mrr: 60.68, ndcg: 67.31, took: 4.18s
Epoch 10, 48.9%	 loss: 2.024 acc@1: 43.67 mrr: 61.16, ndcg: 67.51, took: 3.66s
Epoch 10, 51.1%	 loss: 1.999 acc@1: 42.77 mrr: 60.84, ndcg: 67.30, took: 3.97s
Epoch 10, 53.2%	 loss: 2.061 acc@1: 41.13 mrr: 59.74, ndcg: 66.29, took: 4.02s
Epoch 10, 55.3%	 loss: 2.070 acc@1: 42.58 mrr: 60.41, ndcg: 66.80, took: 4.15s
Epoch 10, 57.4%	 loss: 2.094 acc@1: 43.75 mrr: 60.51, ndcg: 66.61, took: 4.08s
Epoch 10, 59.6%	 loss: 2.046 acc@1: 42.11 mrr: 60.29, ndcg: 66.74, took: 3.91s
Epoch 10, 61.7%	 loss: 2.051 acc@1: 42.07 mrr: 60.48, ndcg: 66.92, took: 3.79s
Epoch 10, 63.8%	 loss: 2.018 acc@1: 43.59 mrr: 61.31, ndcg: 67.54, took: 3.88s
Epoch 10, 66.0%	 loss: 2.075 acc@1: 42.70 mrr: 60.67, ndcg: 67.15, took: 4.20s
Epoch 10, 68.1%	 loss: 2.058 acc@1: 42.27 mrr: 60.15, ndcg: 66.59, took: 3.74s
Epoch 10, 70.2%	 loss: 2.029 acc@1: 42.89 mrr: 60.87, ndcg: 67.42, took: 4.17s
Epoch 10, 72.3%	 loss: 2.019 acc@1: 42.81 mrr: 60.76, ndcg: 67.26, took: 4.09s
Epoch 10, 74.5%	 loss: 2.089 acc@1: 41.88 mrr: 59.90, ndcg: 66.46, took: 4.55s
Epoch 10, 76.6%	 loss: 2.027 acc@1: 42.85 mrr: 60.75, ndcg: 67.16, took: 4.09s
Epoch 10, 78.7%	 loss: 2.146 acc@1: 42.50 mrr: 59.47, ndcg: 65.66, took: 4.07s
Epoch 10, 80.9%	 loss: 2.058 acc@1: 42.93 mrr: 60.73, ndcg: 67.23, took: 4.16s
Epoch 10, 83.0%	 loss: 2.066 acc@1: 43.32 mrr: 60.92, ndcg: 67.04, took: 4.07s
Epoch 10, 85.1%	 loss: 2.141 acc@1: 42.03 mrr: 59.67, ndcg: 65.99, took: 3.80s
Epoch 10, 87.2%	 loss: 2.039 acc@1: 42.42 mrr: 60.52, ndcg: 67.00, took: 3.73s
Epoch 10, 89.4%	 loss: 2.045 acc@1: 43.24 mrr: 61.03, ndcg: 67.32, took: 3.96s
Epoch 10, 91.5%	 loss: 2.061 acc@1: 42.07 mrr: 60.23, ndcg: 66.73, took: 4.08s
Epoch 10, 93.6%	 loss: 2.017 acc@1: 42.62 mrr: 60.98, ndcg: 67.19, took: 3.99s
Epoch 10, 95.7%	 loss: 2.041 acc@1: 42.42 mrr: 60.48, ndcg: 67.01, took: 4.15s
Epoch 10, 97.9%	 loss: 2.021 acc@1: 45.39 mrr: 62.30, ndcg: 68.43, took: 4.02s
Epoch 10, 100.0%	 loss: 2.073 acc@1: 42.38 mrr: 60.49, ndcg: 66.78, took: 3.94s
Validation - loss: 3.0313, acc@1: 40.80%, f1: 32.22%, mrr: 57.18%, ndcg: 63.13%
Current learning rate: 0.001250

=== Epoch 11 ===
Epoch 11, 2.1%	 loss: 1.968 acc@1: 41.52 mrr: 59.98, ndcg: 66.80, took: 4.13s
Epoch 11, 4.3%	 loss: 1.921 acc@1: 43.40 mrr: 61.81, ndcg: 68.60, took: 4.15s
Epoch 11, 6.4%	 loss: 1.944 acc@1: 43.95 mrr: 62.08, ndcg: 68.87, took: 4.14s
Epoch 11, 8.5%	 loss: 1.922 acc@1: 43.24 mrr: 61.55, ndcg: 68.24, took: 4.05s
Epoch 11, 10.6%	 loss: 1.972 acc@1: 42.42 mrr: 60.85, ndcg: 67.48, took: 4.18s
Epoch 11, 12.8%	 loss: 1.983 acc@1: 42.93 mrr: 60.90, ndcg: 67.53, took: 4.10s
Epoch 11, 14.9%	 loss: 1.972 acc@1: 43.67 mrr: 61.49, ndcg: 68.17, took: 4.11s
Epoch 11, 17.0%	 loss: 2.023 acc@1: 41.05 mrr: 59.72, ndcg: 66.50, took: 4.10s
Epoch 11, 19.1%	 loss: 1.923 acc@1: 44.96 mrr: 62.59, ndcg: 68.98, took: 4.15s
Epoch 11, 21.3%	 loss: 2.018 acc@1: 42.03 mrr: 60.38, ndcg: 67.08, took: 3.59s
Epoch 11, 23.4%	 loss: 1.984 acc@1: 43.12 mrr: 61.31, ndcg: 67.75, took: 3.99s
Epoch 11, 25.5%	 loss: 2.031 acc@1: 43.40 mrr: 60.83, ndcg: 67.15, took: 4.00s
Epoch 11, 27.7%	 loss: 2.042 acc@1: 42.89 mrr: 60.63, ndcg: 67.06, took: 4.01s
Epoch 11, 29.8%	 loss: 2.010 acc@1: 42.73 mrr: 60.85, ndcg: 67.28, took: 3.98s
Epoch 11, 31.9%	 loss: 1.968 acc@1: 44.26 mrr: 62.07, ndcg: 68.33, took: 4.10s
Epoch 11, 34.0%	 loss: 2.053 acc@1: 43.09 mrr: 60.47, ndcg: 66.86, took: 4.02s
Epoch 11, 36.2%	 loss: 1.973 acc@1: 43.71 mrr: 61.76, ndcg: 68.16, took: 4.10s
Epoch 11, 38.3%	 loss: 2.003 acc@1: 43.52 mrr: 61.18, ndcg: 67.59, took: 4.05s
Epoch 11, 40.4%	 loss: 2.043 acc@1: 43.16 mrr: 60.65, ndcg: 67.11, took: 3.73s
Epoch 11, 42.6%	 loss: 2.038 acc@1: 41.99 mrr: 60.42, ndcg: 66.97, took: 4.03s
Epoch 11, 44.7%	 loss: 2.031 acc@1: 42.66 mrr: 60.55, ndcg: 67.08, took: 4.08s
Epoch 11, 46.8%	 loss: 1.947 acc@1: 44.65 mrr: 62.13, ndcg: 68.37, took: 3.99s
Epoch 11, 48.9%	 loss: 1.932 acc@1: 45.00 mrr: 62.55, ndcg: 68.91, took: 4.20s
Epoch 11, 51.1%	 loss: 1.994 acc@1: 43.71 mrr: 61.45, ndcg: 67.68, took: 4.02s
Epoch 11, 53.2%	 loss: 2.028 acc@1: 42.42 mrr: 60.63, ndcg: 67.25, took: 4.02s
Epoch 11, 55.3%	 loss: 1.970 acc@1: 44.10 mrr: 61.67, ndcg: 67.96, took: 3.91s
Epoch 11, 57.4%	 loss: 2.014 acc@1: 43.48 mrr: 61.22, ndcg: 67.65, took: 3.96s
Epoch 11, 59.6%	 loss: 2.033 acc@1: 42.30 mrr: 60.62, ndcg: 66.97, took: 4.11s
Epoch 11, 61.7%	 loss: 2.018 acc@1: 43.59 mrr: 61.27, ndcg: 67.57, took: 3.96s
Epoch 11, 63.8%	 loss: 2.091 acc@1: 42.93 mrr: 60.32, ndcg: 66.69, took: 4.00s
Epoch 11, 66.0%	 loss: 2.026 acc@1: 43.87 mrr: 61.25, ndcg: 67.48, took: 4.01s
Epoch 11, 68.1%	 loss: 1.993 acc@1: 43.79 mrr: 61.40, ndcg: 67.70, took: 3.86s
Epoch 11, 70.2%	 loss: 1.985 acc@1: 43.48 mrr: 61.41, ndcg: 67.97, took: 4.11s
Epoch 11, 72.3%	 loss: 2.011 acc@1: 42.62 mrr: 60.69, ndcg: 67.25, took: 3.91s
Epoch 11, 74.5%	 loss: 2.003 acc@1: 43.28 mrr: 61.48, ndcg: 67.89, took: 3.98s
Epoch 11, 76.6%	 loss: 2.042 acc@1: 42.30 mrr: 60.30, ndcg: 66.88, took: 3.76s
Epoch 11, 78.7%	 loss: 2.052 acc@1: 42.11 mrr: 60.40, ndcg: 66.80, took: 3.94s
Epoch 11, 80.9%	 loss: 2.091 acc@1: 41.99 mrr: 59.95, ndcg: 66.39, took: 4.05s
Epoch 11, 83.0%	 loss: 2.007 acc@1: 43.52 mrr: 61.31, ndcg: 67.71, took: 4.06s
Epoch 11, 85.1%	 loss: 2.063 acc@1: 41.72 mrr: 60.06, ndcg: 66.78, took: 4.10s
Epoch 11, 87.2%	 loss: 2.065 acc@1: 43.12 mrr: 60.63, ndcg: 66.88, took: 4.19s
Epoch 11, 89.4%	 loss: 2.011 acc@1: 42.38 mrr: 60.75, ndcg: 67.19, took: 3.97s
Epoch 11, 91.5%	 loss: 1.972 acc@1: 43.67 mrr: 61.69, ndcg: 68.18, took: 4.14s
Epoch 11, 93.6%	 loss: 2.065 acc@1: 41.64 mrr: 60.00, ndcg: 66.56, took: 4.10s
Epoch 11, 95.7%	 loss: 2.090 acc@1: 42.66 mrr: 60.31, ndcg: 66.67, took: 4.01s
Epoch 11, 97.9%	 loss: 2.059 acc@1: 43.44 mrr: 60.84, ndcg: 66.98, took: 3.29s
Epoch 11, 100.0%	 loss: 2.050 acc@1: 41.95 mrr: 60.51, ndcg: 67.16, took: 3.79s
Validation - loss: 3.0133, acc@1: 40.47%, f1: 32.16%, mrr: 57.19%, ndcg: 63.24%
Current learning rate: 0.000122

=== Epoch 12 ===
Epoch 12, 2.1%	 loss: 2.027 acc@1: 43.83 mrr: 61.44, ndcg: 67.87, took: 4.06s
Epoch 12, 4.3%	 loss: 2.043 acc@1: 44.57 mrr: 62.11, ndcg: 68.34, took: 4.12s
Epoch 12, 6.4%	 loss: 2.026 acc@1: 43.32 mrr: 61.29, ndcg: 67.79, took: 4.03s
Epoch 12, 8.5%	 loss: 2.008 acc@1: 44.14 mrr: 61.79, ndcg: 68.34, took: 3.98s
Epoch 12, 10.6%	 loss: 2.021 acc@1: 43.24 mrr: 61.19, ndcg: 67.67, took: 4.04s
Epoch 12, 12.8%	 loss: 1.982 acc@1: 43.52 mrr: 61.64, ndcg: 68.19, took: 4.12s
Epoch 12, 14.9%	 loss: 2.055 acc@1: 44.14 mrr: 61.47, ndcg: 67.84, took: 4.10s
Epoch 12, 17.0%	 loss: 2.019 acc@1: 42.58 mrr: 60.69, ndcg: 67.53, took: 4.14s
Epoch 12, 19.1%	 loss: 2.053 acc@1: 42.93 mrr: 60.62, ndcg: 67.16, took: 3.99s
Epoch 12, 21.3%	 loss: 2.017 acc@1: 43.20 mrr: 61.06, ndcg: 67.53, took: 3.79s
Epoch 12, 23.4%	 loss: 1.981 acc@1: 44.14 mrr: 62.08, ndcg: 68.64, took: 4.01s
Epoch 12, 25.5%	 loss: 2.032 acc@1: 42.50 mrr: 60.70, ndcg: 67.18, took: 3.75s
Epoch 12, 27.7%	 loss: 2.041 acc@1: 42.93 mrr: 60.87, ndcg: 67.37, took: 3.91s
Epoch 12, 29.8%	 loss: 2.015 acc@1: 44.49 mrr: 61.84, ndcg: 68.02, took: 4.03s
Epoch 12, 31.9%	 loss: 2.033 acc@1: 43.12 mrr: 61.11, ndcg: 67.49, took: 4.07s
Epoch 12, 34.0%	 loss: 2.038 acc@1: 44.26 mrr: 61.37, ndcg: 67.56, took: 4.10s
Epoch 12, 36.2%	 loss: 2.068 acc@1: 43.16 mrr: 61.01, ndcg: 67.35, took: 4.19s
Epoch 12, 38.3%	 loss: 1.973 acc@1: 44.38 mrr: 61.85, ndcg: 68.22, took: 4.07s
Epoch 12, 40.4%	 loss: 1.988 acc@1: 43.79 mrr: 61.64, ndcg: 68.10, took: 4.00s
Epoch 12, 42.6%	 loss: 2.009 acc@1: 43.75 mrr: 61.49, ndcg: 67.94, took: 4.08s
Epoch 12, 44.7%	 loss: 1.997 acc@1: 42.54 mrr: 61.15, ndcg: 67.77, took: 4.16s
Epoch 12, 46.8%	 loss: 1.973 acc@1: 43.98 mrr: 62.15, ndcg: 68.88, took: 4.03s
Epoch 12, 48.9%	 loss: 2.040 acc@1: 43.20 mrr: 61.01, ndcg: 67.38, took: 4.10s
Epoch 12, 51.1%	 loss: 1.996 acc@1: 43.59 mrr: 61.48, ndcg: 67.81, took: 4.19s
Epoch 12, 53.2%	 loss: 1.984 acc@1: 45.43 mrr: 62.59, ndcg: 68.91, took: 4.02s
Epoch 12, 55.3%	 loss: 2.023 acc@1: 43.75 mrr: 61.37, ndcg: 67.66, took: 4.19s
Epoch 12, 57.4%	 loss: 1.985 acc@1: 44.49 mrr: 61.94, ndcg: 68.38, took: 4.06s
Epoch 12, 59.6%	 loss: 2.003 acc@1: 44.34 mrr: 61.90, ndcg: 68.14, took: 4.03s
Epoch 12, 61.7%	 loss: 2.027 acc@1: 42.77 mrr: 60.85, ndcg: 67.41, took: 4.01s
Epoch 12, 63.8%	 loss: 2.031 acc@1: 44.10 mrr: 61.44, ndcg: 67.74, took: 4.05s
Epoch 12, 66.0%	 loss: 1.955 acc@1: 45.16 mrr: 62.54, ndcg: 68.77, took: 4.09s
Epoch 12, 68.1%	 loss: 1.977 acc@1: 44.14 mrr: 61.88, ndcg: 68.31, took: 4.01s
Epoch 12, 70.2%	 loss: 2.052 acc@1: 42.77 mrr: 60.75, ndcg: 67.36, took: 3.43s
Epoch 12, 72.3%	 loss: 1.937 acc@1: 45.66 mrr: 63.05, ndcg: 69.34, took: 4.02s
Epoch 12, 74.5%	 loss: 1.996 acc@1: 44.18 mrr: 61.97, ndcg: 68.44, took: 4.06s
Epoch 12, 76.6%	 loss: 1.865 acc@1: 46.33 mrr: 63.94, ndcg: 70.27, took: 4.11s
Epoch 12, 78.7%	 loss: 1.920 acc@1: 45.35 mrr: 62.94, ndcg: 69.21, took: 4.08s
Epoch 12, 80.9%	 loss: 2.082 acc@1: 42.23 mrr: 60.20, ndcg: 66.82, took: 4.08s
Epoch 12, 83.0%	 loss: 2.088 acc@1: 44.18 mrr: 61.00, ndcg: 67.10, took: 4.12s
Epoch 12, 85.1%	 loss: 2.052 acc@1: 44.38 mrr: 61.43, ndcg: 67.53, took: 3.91s
Epoch 12, 87.2%	 loss: 2.016 acc@1: 42.93 mrr: 60.91, ndcg: 67.38, took: 3.86s
Epoch 12, 89.4%	 loss: 2.015 acc@1: 43.12 mrr: 61.15, ndcg: 67.79, took: 3.95s
Epoch 12, 91.5%	 loss: 1.981 acc@1: 43.59 mrr: 61.63, ndcg: 68.24, took: 4.08s
Epoch 12, 93.6%	 loss: 2.012 acc@1: 43.87 mrr: 61.45, ndcg: 67.74, took: 4.15s
Epoch 12, 95.7%	 loss: 2.031 acc@1: 43.63 mrr: 61.15, ndcg: 67.68, took: 4.15s
Epoch 12, 97.9%	 loss: 2.110 acc@1: 41.56 mrr: 59.57, ndcg: 66.25, took: 4.03s
Epoch 12, 100.0%	 loss: 2.018 acc@1: 43.79 mrr: 61.32, ndcg: 67.70, took: 3.86s
Validation - loss: 2.9596, acc@1: 41.44%, f1: 33.42%, mrr: 57.73%, ndcg: 63.51%
Current learning rate: 0.000122

=== Epoch 13 ===
Epoch 13, 2.1%	 loss: 1.962 acc@1: 45.78 mrr: 62.73, ndcg: 68.98, took: 4.00s
Epoch 13, 4.3%	 loss: 1.947 acc@1: 46.48 mrr: 63.36, ndcg: 69.44, took: 4.03s
Epoch 13, 6.4%	 loss: 1.968 acc@1: 44.26 mrr: 61.99, ndcg: 68.51, took: 3.78s
Epoch 13, 8.5%	 loss: 1.914 acc@1: 45.04 mrr: 62.64, ndcg: 69.23, took: 3.96s
Epoch 13, 10.6%	 loss: 1.931 acc@1: 43.83 mrr: 62.11, ndcg: 68.77, took: 4.13s
Epoch 13, 12.8%	 loss: 1.942 acc@1: 44.06 mrr: 61.97, ndcg: 68.47, took: 4.21s
Epoch 13, 14.9%	 loss: 1.979 acc@1: 42.93 mrr: 61.32, ndcg: 68.07, took: 4.11s
Epoch 13, 17.0%	 loss: 1.986 acc@1: 44.22 mrr: 61.80, ndcg: 68.12, took: 4.02s
Epoch 13, 19.1%	 loss: 2.011 acc@1: 42.27 mrr: 60.84, ndcg: 67.62, took: 4.11s
Epoch 13, 21.3%	 loss: 2.024 acc@1: 42.85 mrr: 60.93, ndcg: 67.46, took: 4.09s
Epoch 13, 23.4%	 loss: 2.054 acc@1: 42.27 mrr: 60.21, ndcg: 66.89, took: 4.05s
Epoch 13, 25.5%	 loss: 1.965 acc@1: 44.96 mrr: 62.46, ndcg: 68.74, took: 4.05s
Epoch 13, 27.7%	 loss: 1.938 acc@1: 46.29 mrr: 63.30, ndcg: 69.69, took: 4.09s
Epoch 13, 29.8%	 loss: 2.012 acc@1: 44.57 mrr: 61.81, ndcg: 68.15, took: 4.06s
Epoch 13, 31.9%	 loss: 1.991 acc@1: 44.49 mrr: 61.92, ndcg: 68.41, took: 4.09s
Epoch 13, 34.0%	 loss: 1.995 acc@1: 44.14 mrr: 61.58, ndcg: 67.97, took: 4.09s
Epoch 13, 36.2%	 loss: 2.045 acc@1: 43.91 mrr: 61.47, ndcg: 67.84, took: 4.20s
Epoch 13, 38.3%	 loss: 2.015 acc@1: 44.14 mrr: 61.71, ndcg: 68.08, took: 4.08s
Epoch 13, 40.4%	 loss: 2.012 acc@1: 42.07 mrr: 60.61, ndcg: 67.26, took: 3.86s
Epoch 13, 42.6%	 loss: 1.992 acc@1: 44.26 mrr: 61.99, ndcg: 68.34, took: 3.73s
Epoch 13, 44.7%	 loss: 1.969 acc@1: 43.98 mrr: 61.87, ndcg: 68.31, took: 4.08s
Epoch 13, 46.8%	 loss: 1.962 acc@1: 44.53 mrr: 62.26, ndcg: 68.55, took: 4.07s
Epoch 13, 48.9%	 loss: 1.991 acc@1: 42.34 mrr: 60.83, ndcg: 67.49, took: 4.01s
Epoch 13, 51.1%	 loss: 2.003 acc@1: 43.91 mrr: 61.55, ndcg: 68.11, took: 3.95s
Epoch 13, 53.2%	 loss: 2.030 acc@1: 43.36 mrr: 61.23, ndcg: 67.50, took: 4.11s
Epoch 13, 55.3%	 loss: 2.028 acc@1: 42.46 mrr: 60.54, ndcg: 66.92, took: 4.20s
Epoch 13, 57.4%	 loss: 1.971 acc@1: 44.06 mrr: 61.92, ndcg: 68.43, took: 4.07s
Epoch 13, 59.6%	 loss: 2.100 acc@1: 42.23 mrr: 59.93, ndcg: 66.41, took: 4.41s
Epoch 13, 61.7%	 loss: 2.037 acc@1: 42.66 mrr: 60.75, ndcg: 67.11, took: 4.16s
Epoch 13, 63.8%	 loss: 1.944 acc@1: 44.26 mrr: 62.28, ndcg: 68.82, took: 4.16s
Epoch 13, 66.0%	 loss: 1.889 acc@1: 45.78 mrr: 63.40, ndcg: 69.78, took: 3.98s
Epoch 13, 68.1%	 loss: 1.962 acc@1: 45.39 mrr: 62.57, ndcg: 68.77, took: 4.13s
Epoch 13, 70.2%	 loss: 1.981 acc@1: 42.89 mrr: 61.24, ndcg: 67.87, took: 3.79s
Epoch 13, 72.3%	 loss: 1.974 acc@1: 43.71 mrr: 61.86, ndcg: 68.28, took: 4.07s
Epoch 13, 74.5%	 loss: 2.037 acc@1: 43.75 mrr: 61.43, ndcg: 67.90, took: 4.22s
Epoch 13, 76.6%	 loss: 1.918 acc@1: 46.09 mrr: 63.39, ndcg: 69.71, took: 4.09s
Epoch 13, 78.7%	 loss: 1.978 acc@1: 45.23 mrr: 62.45, ndcg: 68.62, took: 4.18s
Epoch 13, 80.9%	 loss: 1.959 acc@1: 44.34 mrr: 62.17, ndcg: 68.71, took: 3.96s
Epoch 13, 83.0%	 loss: 2.067 acc@1: 42.66 mrr: 60.48, ndcg: 66.93, took: 3.90s
Epoch 13, 85.1%	 loss: 2.015 acc@1: 44.45 mrr: 61.79, ndcg: 67.92, took: 3.87s
Epoch 13, 87.2%	 loss: 2.042 acc@1: 43.20 mrr: 60.89, ndcg: 67.24, took: 4.13s
Epoch 13, 89.4%	 loss: 2.013 acc@1: 44.49 mrr: 61.62, ndcg: 67.92, took: 4.09s
Epoch 13, 91.5%	 loss: 1.990 acc@1: 43.36 mrr: 61.28, ndcg: 67.78, took: 4.02s
Epoch 13, 93.6%	 loss: 1.943 acc@1: 44.30 mrr: 62.35, ndcg: 68.84, took: 3.75s
Epoch 13, 95.7%	 loss: 2.018 acc@1: 42.89 mrr: 60.89, ndcg: 67.33, took: 3.83s
Epoch 13, 97.9%	 loss: 1.953 acc@1: 45.04 mrr: 62.42, ndcg: 68.65, took: 4.12s
Epoch 13, 100.0%	 loss: 1.968 acc@1: 44.41 mrr: 62.35, ndcg: 68.69, took: 4.12s
Validation - loss: 2.9614, acc@1: 41.28%, f1: 33.43%, mrr: 57.69%, ndcg: 63.52%
Current learning rate: 0.000122

=== Epoch 14 ===
Epoch 14, 2.1%	 loss: 1.982 acc@1: 44.73 mrr: 62.14, ndcg: 68.42, took: 4.14s
Epoch 14, 4.3%	 loss: 1.939 acc@1: 44.96 mrr: 62.32, ndcg: 68.83, took: 4.00s
Epoch 14, 6.4%	 loss: 1.911 acc@1: 45.78 mrr: 63.35, ndcg: 69.63, took: 4.13s
Epoch 14, 8.5%	 loss: 1.891 acc@1: 45.16 mrr: 62.96, ndcg: 69.23, took: 4.11s
Epoch 14, 10.6%	 loss: 1.946 acc@1: 45.43 mrr: 62.79, ndcg: 69.08, took: 3.97s
Epoch 14, 12.8%	 loss: 1.982 acc@1: 42.85 mrr: 61.34, ndcg: 68.03, took: 3.76s
Epoch 14, 14.9%	 loss: 2.028 acc@1: 42.58 mrr: 60.61, ndcg: 67.04, took: 3.56s
Epoch 14, 17.0%	 loss: 2.000 acc@1: 43.40 mrr: 61.33, ndcg: 67.85, took: 3.71s
Epoch 14, 19.1%	 loss: 2.008 acc@1: 43.20 mrr: 61.19, ndcg: 67.55, took: 4.02s
Epoch 14, 21.3%	 loss: 1.970 acc@1: 42.93 mrr: 61.30, ndcg: 68.14, took: 4.08s
Epoch 14, 23.4%	 loss: 2.010 acc@1: 44.65 mrr: 61.88, ndcg: 68.02, took: 4.05s
Epoch 14, 25.5%	 loss: 1.904 acc@1: 43.91 mrr: 62.25, ndcg: 69.00, took: 4.08s
Epoch 14, 27.7%	 loss: 1.987 acc@1: 43.48 mrr: 61.69, ndcg: 68.21, took: 4.20s
Epoch 14, 29.8%	 loss: 1.956 acc@1: 43.09 mrr: 61.38, ndcg: 67.97, took: 4.03s
Epoch 14, 31.9%	 loss: 2.023 acc@1: 43.28 mrr: 61.26, ndcg: 67.59, took: 4.20s
Epoch 14, 34.0%	 loss: 2.034 acc@1: 42.54 mrr: 60.65, ndcg: 67.12, took: 4.01s
Epoch 14, 36.2%	 loss: 2.000 acc@1: 44.38 mrr: 61.74, ndcg: 68.04, took: 4.06s
Epoch 14, 38.3%	 loss: 2.039 acc@1: 43.63 mrr: 61.16, ndcg: 67.42, took: 4.00s
Epoch 14, 40.4%	 loss: 1.996 acc@1: 43.09 mrr: 61.23, ndcg: 67.96, took: 3.89s
Epoch 14, 42.6%	 loss: 1.975 acc@1: 45.00 mrr: 62.37, ndcg: 68.58, took: 4.18s
Epoch 14, 44.7%	 loss: 1.920 acc@1: 45.12 mrr: 62.89, ndcg: 69.33, took: 3.93s
Epoch 14, 46.8%	 loss: 1.970 acc@1: 44.96 mrr: 62.36, ndcg: 68.59, took: 4.24s
Epoch 14, 48.9%	 loss: 1.876 acc@1: 45.55 mrr: 63.48, ndcg: 69.97, took: 4.27s
Epoch 14, 51.1%	 loss: 1.964 acc@1: 45.04 mrr: 62.49, ndcg: 68.79, took: 4.04s
Epoch 14, 53.2%	 loss: 1.936 acc@1: 45.74 mrr: 63.14, ndcg: 69.19, took: 4.10s
Epoch 14, 55.3%	 loss: 1.928 acc@1: 43.16 mrr: 61.90, ndcg: 68.62, took: 4.06s
Epoch 14, 57.4%	 loss: 2.011 acc@1: 43.95 mrr: 61.54, ndcg: 67.84, took: 4.13s
Epoch 14, 59.6%	 loss: 1.954 acc@1: 45.04 mrr: 62.39, ndcg: 68.75, took: 4.06s
Epoch 14, 61.7%	 loss: 1.952 acc@1: 43.55 mrr: 61.75, ndcg: 68.41, took: 4.21s
Epoch 14, 63.8%	 loss: 2.054 acc@1: 43.87 mrr: 61.05, ndcg: 67.51, took: 3.68s
Epoch 14, 66.0%	 loss: 1.993 acc@1: 43.40 mrr: 61.32, ndcg: 67.99, took: 4.12s
Epoch 14, 68.1%	 loss: 1.985 acc@1: 43.67 mrr: 61.59, ndcg: 68.05, took: 4.16s
Epoch 14, 70.2%	 loss: 2.076 acc@1: 41.88 mrr: 59.93, ndcg: 66.31, took: 4.12s
Epoch 14, 72.3%	 loss: 2.012 acc@1: 45.08 mrr: 62.12, ndcg: 68.43, took: 4.02s
Epoch 14, 74.5%	 loss: 2.046 acc@1: 41.91 mrr: 60.02, ndcg: 66.94, took: 3.95s
Epoch 14, 76.6%	 loss: 2.013 acc@1: 43.09 mrr: 61.06, ndcg: 67.53, took: 3.90s
Epoch 14, 78.7%	 loss: 1.977 acc@1: 43.75 mrr: 61.66, ndcg: 68.18, took: 4.22s
Epoch 14, 80.9%	 loss: 1.907 acc@1: 45.90 mrr: 63.38, ndcg: 69.67, took: 3.98s
Epoch 14, 83.0%	 loss: 2.043 acc@1: 43.05 mrr: 60.80, ndcg: 67.29, took: 4.18s
Epoch 14, 85.1%	 loss: 2.036 acc@1: 42.11 mrr: 60.43, ndcg: 67.02, took: 4.08s
Epoch 14, 87.2%	 loss: 1.929 acc@1: 43.20 mrr: 61.81, ndcg: 68.65, took: 3.83s
Epoch 14, 89.4%	 loss: 1.966 acc@1: 43.28 mrr: 61.53, ndcg: 68.26, took: 3.75s
Epoch 14, 91.5%	 loss: 1.994 acc@1: 42.15 mrr: 60.66, ndcg: 67.41, took: 4.04s
Epoch 14, 93.6%	 loss: 2.001 acc@1: 43.95 mrr: 61.56, ndcg: 67.90, took: 4.11s
Epoch 14, 95.7%	 loss: 1.955 acc@1: 43.83 mrr: 61.76, ndcg: 68.33, took: 4.05s
Epoch 14, 97.9%	 loss: 2.001 acc@1: 42.66 mrr: 61.04, ndcg: 67.61, took: 4.16s
Epoch 14, 100.0%	 loss: 1.928 acc@1: 44.69 mrr: 62.57, ndcg: 69.16, took: 4.15s
Validation - loss: 2.9572, acc@1: 41.50%, f1: 33.05%, mrr: 57.86%, ndcg: 63.70%
Current learning rate: 0.000122

=== Epoch 15 ===
Epoch 15, 2.1%	 loss: 1.966 acc@1: 44.14 mrr: 61.78, ndcg: 68.31, took: 4.18s
Epoch 15, 4.3%	 loss: 1.982 acc@1: 44.26 mrr: 61.76, ndcg: 68.38, took: 4.02s
Epoch 15, 6.4%	 loss: 1.988 acc@1: 43.48 mrr: 61.39, ndcg: 67.85, took: 4.25s
Epoch 15, 8.5%	 loss: 1.984 acc@1: 43.20 mrr: 61.33, ndcg: 68.01, took: 3.99s
Epoch 15, 10.6%	 loss: 1.972 acc@1: 43.79 mrr: 61.75, ndcg: 68.05, took: 4.10s
Epoch 15, 12.8%	 loss: 1.970 acc@1: 44.10 mrr: 61.95, ndcg: 68.34, took: 4.15s
Epoch 15, 14.9%	 loss: 1.938 acc@1: 44.38 mrr: 62.33, ndcg: 68.72, took: 4.10s
Epoch 15, 17.0%	 loss: 1.967 acc@1: 44.80 mrr: 62.41, ndcg: 68.69, took: 3.97s
Epoch 15, 19.1%	 loss: 1.941 acc@1: 44.80 mrr: 62.41, ndcg: 68.94, took: 4.16s
Epoch 15, 21.3%	 loss: 1.938 acc@1: 45.98 mrr: 63.22, ndcg: 69.33, took: 4.21s
Epoch 15, 23.4%	 loss: 1.961 acc@1: 46.05 mrr: 63.29, ndcg: 69.41, took: 4.15s
Epoch 15, 25.5%	 loss: 1.997 acc@1: 43.40 mrr: 61.29, ndcg: 67.77, took: 4.13s
Epoch 15, 27.7%	 loss: 1.905 acc@1: 44.34 mrr: 62.55, ndcg: 69.25, took: 3.79s
Epoch 15, 29.8%	 loss: 1.932 acc@1: 44.02 mrr: 62.14, ndcg: 68.64, took: 4.12s
Epoch 15, 31.9%	 loss: 2.050 acc@1: 42.62 mrr: 60.64, ndcg: 67.27, took: 4.11s
Epoch 15, 34.0%	 loss: 1.967 acc@1: 44.06 mrr: 61.71, ndcg: 68.28, took: 4.03s
Epoch 15, 36.2%	 loss: 1.947 acc@1: 44.73 mrr: 62.36, ndcg: 68.74, took: 4.49s
Epoch 15, 38.3%	 loss: 1.956 acc@1: 44.65 mrr: 62.19, ndcg: 68.62, took: 3.98s
Epoch 15, 40.4%	 loss: 1.959 acc@1: 45.20 mrr: 62.50, ndcg: 68.80, took: 4.04s
Epoch 15, 42.6%	 loss: 2.055 acc@1: 42.85 mrr: 60.54, ndcg: 66.84, took: 4.00s
Epoch 15, 44.7%	 loss: 1.971 acc@1: 44.77 mrr: 61.89, ndcg: 68.21, took: 3.97s
Epoch 15, 46.8%	 loss: 2.005 acc@1: 42.58 mrr: 60.98, ndcg: 67.67, took: 4.15s
Epoch 15, 48.9%	 loss: 1.963 acc@1: 45.43 mrr: 62.38, ndcg: 68.88, took: 4.04s
Epoch 15, 51.1%	 loss: 1.893 acc@1: 45.66 mrr: 63.43, ndcg: 69.74, took: 4.02s
Epoch 15, 53.2%	 loss: 1.982 acc@1: 42.50 mrr: 61.01, ndcg: 67.76, took: 4.08s
Epoch 15, 55.3%	 loss: 2.037 acc@1: 43.87 mrr: 61.01, ndcg: 67.33, took: 4.14s
Epoch 15, 57.4%	 loss: 1.989 acc@1: 43.44 mrr: 61.26, ndcg: 67.91, took: 4.18s
Epoch 15, 59.6%	 loss: 1.937 acc@1: 44.14 mrr: 62.21, ndcg: 68.73, took: 3.88s
Epoch 15, 61.7%	 loss: 1.985 acc@1: 43.20 mrr: 61.25, ndcg: 67.95, took: 4.24s
Epoch 15, 63.8%	 loss: 1.960 acc@1: 45.82 mrr: 62.78, ndcg: 69.11, took: 4.41s
Epoch 15, 66.0%	 loss: 1.982 acc@1: 44.30 mrr: 61.93, ndcg: 68.37, took: 4.08s
Epoch 15, 68.1%	 loss: 1.923 acc@1: 43.36 mrr: 62.01, ndcg: 68.49, took: 4.17s
Epoch 15, 70.2%	 loss: 1.948 acc@1: 44.77 mrr: 62.39, ndcg: 68.76, took: 4.09s
Epoch 15, 72.3%	 loss: 2.022 acc@1: 43.09 mrr: 61.21, ndcg: 67.56, took: 4.09s
Epoch 15, 74.5%	 loss: 2.002 acc@1: 42.85 mrr: 61.10, ndcg: 67.57, took: 4.15s
Epoch 15, 76.6%	 loss: 1.936 acc@1: 44.84 mrr: 62.31, ndcg: 68.68, took: 4.10s
Epoch 15, 78.7%	 loss: 2.023 acc@1: 44.26 mrr: 61.91, ndcg: 68.26, took: 3.98s
Epoch 15, 80.9%	 loss: 1.933 acc@1: 43.55 mrr: 61.78, ndcg: 68.42, took: 3.88s
Epoch 15, 83.0%	 loss: 1.972 acc@1: 43.36 mrr: 61.44, ndcg: 68.00, took: 4.08s
Epoch 15, 85.1%	 loss: 1.944 acc@1: 44.30 mrr: 62.16, ndcg: 68.59, took: 3.97s
Epoch 15, 87.2%	 loss: 1.973 acc@1: 43.83 mrr: 61.74, ndcg: 68.27, took: 4.02s
Epoch 15, 89.4%	 loss: 1.919 acc@1: 45.90 mrr: 63.05, ndcg: 69.23, took: 4.30s
Epoch 15, 91.5%	 loss: 2.054 acc@1: 43.24 mrr: 60.80, ndcg: 67.14, took: 4.09s
Epoch 15, 93.6%	 loss: 1.985 acc@1: 43.16 mrr: 61.39, ndcg: 67.97, took: 4.16s
Epoch 15, 95.7%	 loss: 1.937 acc@1: 43.52 mrr: 61.91, ndcg: 68.35, took: 4.13s
Epoch 15, 97.9%	 loss: 1.986 acc@1: 43.98 mrr: 61.53, ndcg: 67.99, took: 4.10s
Epoch 15, 100.0%	 loss: 1.967 acc@1: 44.38 mrr: 62.02, ndcg: 68.39, took: 3.78s
Validation - loss: 2.9625, acc@1: 41.41%, f1: 33.52%, mrr: 57.75%, ndcg: 63.65%
Current learning rate: 0.000122

=== Epoch 16 ===
Epoch 16, 2.1%	 loss: 1.914 acc@1: 43.79 mrr: 62.10, ndcg: 68.76, took: 3.78s
Epoch 16, 4.3%	 loss: 1.934 acc@1: 45.16 mrr: 62.63, ndcg: 69.29, took: 3.82s
Epoch 16, 6.4%	 loss: 1.990 acc@1: 44.49 mrr: 61.91, ndcg: 68.33, took: 3.50s
Epoch 16, 8.5%	 loss: 1.989 acc@1: 44.77 mrr: 61.85, ndcg: 68.11, took: 3.72s
Epoch 16, 10.6%	 loss: 2.014 acc@1: 42.62 mrr: 60.76, ndcg: 67.42, took: 3.80s
Epoch 16, 12.8%	 loss: 1.957 acc@1: 43.87 mrr: 61.65, ndcg: 68.11, took: 3.91s
Epoch 16, 14.9%	 loss: 1.948 acc@1: 44.38 mrr: 62.26, ndcg: 68.84, took: 3.77s
Epoch 16, 17.0%	 loss: 1.945 acc@1: 43.83 mrr: 61.96, ndcg: 68.54, took: 4.00s
Epoch 16, 19.1%	 loss: 1.961 acc@1: 44.84 mrr: 62.20, ndcg: 68.68, took: 3.81s
Epoch 16, 21.3%	 loss: 1.975 acc@1: 43.87 mrr: 61.80, ndcg: 68.28, took: 3.68s
Epoch 16, 23.4%	 loss: 1.948 acc@1: 44.30 mrr: 62.00, ndcg: 68.44, took: 3.61s
Epoch 16, 25.5%	 loss: 1.890 acc@1: 43.98 mrr: 62.44, ndcg: 69.08, took: 3.69s
Epoch 16, 27.7%	 loss: 1.946 acc@1: 44.26 mrr: 62.36, ndcg: 68.90, took: 3.77s
Epoch 16, 29.8%	 loss: 1.959 acc@1: 43.01 mrr: 61.56, ndcg: 68.47, took: 3.80s
Epoch 16, 31.9%	 loss: 2.001 acc@1: 42.93 mrr: 61.03, ndcg: 67.94, took: 3.57s
Epoch 16, 34.0%	 loss: 2.012 acc@1: 43.24 mrr: 61.02, ndcg: 67.36, took: 3.62s
Epoch 16, 36.2%	 loss: 1.987 acc@1: 43.79 mrr: 61.39, ndcg: 67.89, took: 3.47s
Epoch 16, 38.3%	 loss: 1.966 acc@1: 44.57 mrr: 62.13, ndcg: 68.53, took: 4.04s
Epoch 16, 40.4%	 loss: 1.952 acc@1: 43.24 mrr: 61.47, ndcg: 68.11, took: 4.36s
Epoch 16, 42.6%	 loss: 2.002 acc@1: 43.63 mrr: 61.39, ndcg: 67.77, took: 4.42s
Epoch 16, 44.7%	 loss: 1.946 acc@1: 45.00 mrr: 62.29, ndcg: 68.51, took: 4.48s
Epoch 16, 46.8%	 loss: 1.910 acc@1: 45.51 mrr: 62.88, ndcg: 69.18, took: 4.47s
Epoch 16, 48.9%	 loss: 1.957 acc@1: 43.12 mrr: 61.48, ndcg: 67.88, took: 4.28s
Epoch 16, 51.1%	 loss: 1.977 acc@1: 45.04 mrr: 62.43, ndcg: 68.86, took: 4.29s
Epoch 16, 53.2%	 loss: 1.927 acc@1: 45.20 mrr: 62.73, ndcg: 69.03, took: 4.41s
Epoch 16, 55.3%	 loss: 1.913 acc@1: 44.34 mrr: 62.41, ndcg: 69.03, took: 4.43s
Epoch 16, 57.4%	 loss: 1.964 acc@1: 43.87 mrr: 61.96, ndcg: 68.41, took: 4.34s
Epoch 16, 59.6%	 loss: 1.942 acc@1: 43.63 mrr: 62.02, ndcg: 68.55, took: 4.23s
Epoch 16, 61.7%	 loss: 1.983 acc@1: 43.05 mrr: 61.18, ndcg: 67.68, took: 4.56s
Epoch 16, 63.8%	 loss: 1.846 acc@1: 45.23 mrr: 63.48, ndcg: 70.07, took: 4.47s
Epoch 16, 66.0%	 loss: 1.991 acc@1: 42.81 mrr: 61.07, ndcg: 67.70, took: 4.39s
Epoch 16, 68.1%	 loss: 2.022 acc@1: 43.71 mrr: 61.40, ndcg: 67.76, took: 4.39s
Epoch 16, 70.2%	 loss: 1.978 acc@1: 43.36 mrr: 61.32, ndcg: 67.87, took: 4.39s
Epoch 16, 72.3%	 loss: 1.936 acc@1: 44.57 mrr: 62.41, ndcg: 68.92, took: 4.40s
Epoch 16, 74.5%	 loss: 1.981 acc@1: 43.67 mrr: 61.75, ndcg: 68.22, took: 4.34s
Epoch 16, 76.6%	 loss: 1.934 acc@1: 43.71 mrr: 62.04, ndcg: 68.53, took: 4.31s
Epoch 16, 78.7%	 loss: 1.958 acc@1: 44.73 mrr: 62.35, ndcg: 68.82, took: 4.29s
Epoch 16, 80.9%	 loss: 1.954 acc@1: 45.31 mrr: 62.61, ndcg: 69.01, took: 4.31s
Epoch 16, 83.0%	 loss: 1.968 acc@1: 44.61 mrr: 62.22, ndcg: 68.55, took: 4.43s
Epoch 16, 85.1%	 loss: 2.020 acc@1: 43.55 mrr: 61.25, ndcg: 67.55, took: 4.45s
Epoch 16, 87.2%	 loss: 1.976 acc@1: 43.83 mrr: 61.53, ndcg: 67.95, took: 4.45s
Epoch 16, 89.4%	 loss: 1.982 acc@1: 44.10 mrr: 61.67, ndcg: 68.06, took: 4.35s
Epoch 16, 91.5%	 loss: 1.972 acc@1: 43.48 mrr: 61.55, ndcg: 67.98, took: 4.26s
Epoch 16, 93.6%	 loss: 2.023 acc@1: 43.55 mrr: 61.15, ndcg: 67.25, took: 4.41s
Epoch 16, 95.7%	 loss: 2.020 acc@1: 44.22 mrr: 61.55, ndcg: 68.15, took: 4.46s
Epoch 16, 97.9%	 loss: 1.958 acc@1: 43.95 mrr: 61.79, ndcg: 68.21, took: 4.59s
Epoch 16, 100.0%	 loss: 1.961 acc@1: 44.38 mrr: 62.14, ndcg: 68.63, took: 4.30s
Validation - loss: 2.9653, acc@1: 41.56%, f1: 33.63%, mrr: 57.91%, ndcg: 63.73%
Current learning rate: 0.000122

=== Epoch 17 ===
Epoch 17, 2.1%	 loss: 1.996 acc@1: 42.73 mrr: 60.98, ndcg: 67.76, took: 4.02s
Epoch 17, 4.3%	 loss: 2.001 acc@1: 43.24 mrr: 61.19, ndcg: 67.83, took: 3.98s
Epoch 17, 6.4%	 loss: 1.949 acc@1: 45.27 mrr: 62.59, ndcg: 68.92, took: 4.36s
Epoch 17, 8.5%	 loss: 1.916 acc@1: 44.14 mrr: 62.29, ndcg: 68.93, took: 4.40s
Epoch 17, 10.6%	 loss: 1.994 acc@1: 43.59 mrr: 61.38, ndcg: 67.85, took: 4.44s
Epoch 17, 12.8%	 loss: 1.995 acc@1: 43.52 mrr: 61.40, ndcg: 67.69, took: 4.09s
Epoch 17, 14.9%	 loss: 1.951 acc@1: 44.02 mrr: 61.79, ndcg: 68.39, took: 4.10s
Epoch 17, 17.0%	 loss: 1.969 acc@1: 43.44 mrr: 61.45, ndcg: 68.04, took: 4.48s
Epoch 17, 19.1%	 loss: 1.930 acc@1: 44.22 mrr: 62.44, ndcg: 69.08, took: 4.23s
Epoch 17, 21.3%	 loss: 1.938 acc@1: 45.94 mrr: 62.96, ndcg: 69.14, took: 3.95s
Epoch 17, 23.4%	 loss: 1.971 acc@1: 43.32 mrr: 61.36, ndcg: 68.04, took: 3.97s
Epoch 17, 25.5%	 loss: 1.992 acc@1: 44.30 mrr: 61.82, ndcg: 68.15, took: 4.03s
Epoch 17, 27.7%	 loss: 1.944 acc@1: 43.75 mrr: 61.72, ndcg: 68.44, took: 3.96s
Epoch 17, 29.8%	 loss: 1.986 acc@1: 43.44 mrr: 61.40, ndcg: 68.01, took: 3.95s
Epoch 17, 31.9%	 loss: 1.944 acc@1: 43.98 mrr: 62.00, ndcg: 68.58, took: 4.08s
Epoch 17, 34.0%	 loss: 1.911 acc@1: 44.80 mrr: 62.54, ndcg: 69.11, took: 4.09s
Epoch 17, 36.2%	 loss: 1.981 acc@1: 43.16 mrr: 61.13, ndcg: 67.74, took: 3.99s
Epoch 17, 38.3%	 loss: 1.938 acc@1: 43.01 mrr: 61.90, ndcg: 68.68, took: 3.67s
Epoch 17, 40.4%	 loss: 1.961 acc@1: 43.87 mrr: 61.71, ndcg: 68.28, took: 4.02s
Epoch 17, 42.6%	 loss: 2.011 acc@1: 43.52 mrr: 61.29, ndcg: 67.82, took: 3.98s
Epoch 17, 44.7%	 loss: 1.973 acc@1: 43.63 mrr: 61.70, ndcg: 68.33, took: 3.81s
Epoch 17, 46.8%	 loss: 1.957 acc@1: 44.02 mrr: 61.69, ndcg: 68.18, took: 3.66s
Epoch 17, 48.9%	 loss: 1.921 acc@1: 44.49 mrr: 62.38, ndcg: 68.82, took: 4.10s
Epoch 17, 51.1%	 loss: 1.954 acc@1: 42.81 mrr: 61.22, ndcg: 67.97, took: 3.90s
Epoch 17, 53.2%	 loss: 2.058 acc@1: 40.70 mrr: 59.58, ndcg: 66.28, took: 4.04s
Epoch 17, 55.3%	 loss: 1.910 acc@1: 44.73 mrr: 62.62, ndcg: 69.04, took: 4.00s
Epoch 17, 57.4%	 loss: 1.905 acc@1: 44.22 mrr: 62.38, ndcg: 68.92, took: 4.06s
Epoch 17, 59.6%	 loss: 1.950 acc@1: 42.89 mrr: 61.55, ndcg: 68.06, took: 4.08s
Epoch 17, 61.7%	 loss: 1.889 acc@1: 45.94 mrr: 63.37, ndcg: 69.73, took: 4.13s
Epoch 17, 63.8%	 loss: 1.990 acc@1: 43.87 mrr: 61.54, ndcg: 68.04, took: 4.30s
Epoch 17, 66.0%	 loss: 1.956 acc@1: 44.06 mrr: 61.99, ndcg: 68.54, took: 4.43s
Epoch 17, 68.1%	 loss: 1.941 acc@1: 43.75 mrr: 61.87, ndcg: 68.37, took: 4.34s
Epoch 17, 70.2%	 loss: 1.948 acc@1: 43.71 mrr: 62.00, ndcg: 68.61, took: 4.53s
Epoch 17, 72.3%	 loss: 1.943 acc@1: 44.38 mrr: 62.15, ndcg: 68.44, took: 4.32s
Epoch 17, 74.5%	 loss: 1.934 acc@1: 44.77 mrr: 62.60, ndcg: 69.08, took: 4.41s
Epoch 17, 76.6%	 loss: 1.920 acc@1: 45.00 mrr: 62.58, ndcg: 69.08, took: 4.33s
Epoch 17, 78.7%	 loss: 1.990 acc@1: 44.10 mrr: 61.85, ndcg: 68.36, took: 4.15s
Epoch 17, 80.9%	 loss: 1.990 acc@1: 43.67 mrr: 61.63, ndcg: 68.10, took: 4.25s
Epoch 17, 83.0%	 loss: 2.009 acc@1: 44.41 mrr: 61.70, ndcg: 68.01, took: 4.41s
Epoch 17, 85.1%	 loss: 1.950 acc@1: 43.71 mrr: 61.97, ndcg: 68.57, took: 4.18s
Epoch 17, 87.2%	 loss: 1.951 acc@1: 44.57 mrr: 62.25, ndcg: 68.75, took: 4.32s
Epoch 17, 89.4%	 loss: 1.974 acc@1: 44.92 mrr: 62.21, ndcg: 68.53, took: 4.31s
Epoch 17, 91.5%	 loss: 1.916 acc@1: 44.88 mrr: 62.73, ndcg: 69.11, took: 4.33s
Epoch 17, 93.6%	 loss: 1.968 acc@1: 43.79 mrr: 61.74, ndcg: 68.22, took: 4.35s
Epoch 17, 95.7%	 loss: 1.967 acc@1: 44.77 mrr: 61.94, ndcg: 68.31, took: 4.27s
Epoch 17, 97.9%	 loss: 1.940 acc@1: 43.98 mrr: 61.98, ndcg: 68.53, took: 4.39s
Epoch 17, 100.0%	 loss: 2.007 acc@1: 42.93 mrr: 60.90, ndcg: 67.51, took: 4.38s
Validation - loss: 2.9645, acc@1: 41.28%, f1: 33.00%, mrr: 57.75%, ndcg: 63.63%
Current learning rate: 0.000122

=== Epoch 18 ===
Epoch 18, 2.1%	 loss: 1.899 acc@1: 44.41 mrr: 62.44, ndcg: 68.96, took: 4.46s
Epoch 18, 4.3%	 loss: 1.947 acc@1: 43.87 mrr: 61.84, ndcg: 68.52, took: 4.69s
Epoch 18, 6.4%	 loss: 1.985 acc@1: 44.30 mrr: 61.66, ndcg: 68.10, took: 4.50s
Epoch 18, 8.5%	 loss: 1.889 acc@1: 45.12 mrr: 62.99, ndcg: 69.47, took: 4.36s
Epoch 18, 10.6%	 loss: 1.941 acc@1: 44.53 mrr: 62.35, ndcg: 68.75, took: 4.41s
Epoch 18, 12.8%	 loss: 1.979 acc@1: 43.32 mrr: 61.39, ndcg: 68.03, took: 4.38s
Epoch 18, 14.9%	 loss: 2.056 acc@1: 42.11 mrr: 59.96, ndcg: 66.64, took: 4.31s
Epoch 18, 17.0%	 loss: 1.942 acc@1: 43.16 mrr: 61.75, ndcg: 68.48, took: 4.28s
Epoch 18, 19.1%	 loss: 1.873 acc@1: 44.34 mrr: 62.70, ndcg: 69.38, took: 4.23s
Epoch 18, 21.3%	 loss: 1.985 acc@1: 43.83 mrr: 61.60, ndcg: 68.01, took: 4.23s
Epoch 18, 23.4%	 loss: 1.996 acc@1: 43.79 mrr: 61.37, ndcg: 67.89, took: 4.28s
Epoch 18, 25.5%	 loss: 1.988 acc@1: 42.97 mrr: 61.10, ndcg: 67.77, took: 4.42s
Epoch 18, 27.7%	 loss: 1.942 acc@1: 43.83 mrr: 62.10, ndcg: 68.64, took: 4.37s
Epoch 18, 29.8%	 loss: 1.998 acc@1: 43.55 mrr: 61.53, ndcg: 67.99, took: 4.26s
Epoch 18, 31.9%	 loss: 1.952 acc@1: 44.41 mrr: 62.07, ndcg: 68.53, took: 4.11s
Epoch 18, 34.0%	 loss: 1.939 acc@1: 43.01 mrr: 61.43, ndcg: 68.05, took: 4.37s
Epoch 18, 36.2%	 loss: 1.970 acc@1: 44.18 mrr: 61.85, ndcg: 68.30, took: 4.38s
Epoch 18, 38.3%	 loss: 1.922 acc@1: 44.34 mrr: 62.61, ndcg: 69.22, took: 4.12s
Epoch 18, 40.4%	 loss: 1.980 acc@1: 43.40 mrr: 61.25, ndcg: 67.85, took: 4.13s
Epoch 18, 42.6%	 loss: 1.943 acc@1: 44.26 mrr: 62.37, ndcg: 68.77, took: 4.30s
Epoch 18, 44.7%	 loss: 1.895 acc@1: 44.38 mrr: 62.58, ndcg: 69.06, took: 4.51s
Epoch 18, 46.8%	 loss: 1.932 acc@1: 44.61 mrr: 62.45, ndcg: 68.95, took: 4.38s
Epoch 18, 48.9%	 loss: 1.927 acc@1: 45.27 mrr: 62.78, ndcg: 69.19, took: 4.27s
Epoch 18, 51.1%	 loss: 1.974 acc@1: 45.74 mrr: 62.85, ndcg: 68.82, took: 4.12s
Epoch 18, 53.2%	 loss: 1.905 acc@1: 43.55 mrr: 62.05, ndcg: 68.68, took: 4.29s
Epoch 18, 55.3%	 loss: 1.948 acc@1: 43.83 mrr: 61.85, ndcg: 68.39, took: 4.09s
Epoch 18, 57.4%	 loss: 1.940 acc@1: 44.41 mrr: 62.30, ndcg: 68.82, took: 4.23s
Epoch 18, 59.6%	 loss: 1.875 acc@1: 46.13 mrr: 63.59, ndcg: 70.08, took: 4.38s
Epoch 18, 61.7%	 loss: 1.962 acc@1: 43.98 mrr: 61.65, ndcg: 68.09, took: 4.38s
Epoch 18, 63.8%	 loss: 1.994 acc@1: 42.38 mrr: 60.91, ndcg: 67.48, took: 4.43s
Epoch 18, 66.0%	 loss: 2.002 acc@1: 44.10 mrr: 61.67, ndcg: 67.85, took: 4.03s
Epoch 18, 68.1%	 loss: 1.954 acc@1: 43.95 mrr: 61.83, ndcg: 68.36, took: 3.95s
Epoch 18, 70.2%	 loss: 1.960 acc@1: 44.38 mrr: 62.18, ndcg: 68.73, took: 3.84s
Epoch 18, 72.3%	 loss: 1.930 acc@1: 44.92 mrr: 62.56, ndcg: 69.00, took: 3.86s
Epoch 18, 74.5%	 loss: 1.982 acc@1: 44.30 mrr: 61.60, ndcg: 67.95, took: 3.93s
Epoch 18, 76.6%	 loss: 1.935 acc@1: 44.14 mrr: 62.19, ndcg: 68.79, took: 3.99s
Epoch 18, 78.7%	 loss: 1.934 acc@1: 45.04 mrr: 62.49, ndcg: 68.80, took: 3.99s
Epoch 18, 80.9%	 loss: 1.911 acc@1: 44.30 mrr: 62.43, ndcg: 69.08, took: 3.99s
Epoch 18, 83.0%	 loss: 1.918 acc@1: 46.29 mrr: 63.17, ndcg: 69.27, took: 3.91s
Epoch 18, 85.1%	 loss: 2.016 acc@1: 41.60 mrr: 60.31, ndcg: 67.11, took: 3.81s
Epoch 18, 87.2%	 loss: 1.985 acc@1: 43.75 mrr: 61.49, ndcg: 67.95, took: 4.11s
Epoch 18, 89.4%	 loss: 1.976 acc@1: 43.01 mrr: 61.40, ndcg: 68.09, took: 4.14s
Epoch 18, 91.5%	 loss: 2.042 acc@1: 43.95 mrr: 61.12, ndcg: 67.53, took: 3.99s
Epoch 18, 93.6%	 loss: 1.939 acc@1: 43.32 mrr: 61.76, ndcg: 68.42, took: 4.01s
Epoch 18, 95.7%	 loss: 1.962 acc@1: 44.57 mrr: 62.12, ndcg: 68.50, took: 3.91s
Epoch 18, 97.9%	 loss: 1.986 acc@1: 44.14 mrr: 61.89, ndcg: 68.29, took: 4.02s
Epoch 18, 100.0%	 loss: 2.005 acc@1: 42.11 mrr: 60.51, ndcg: 67.20, took: 3.90s
Validation - loss: 2.9675, acc@1: 41.53%, f1: 33.55%, mrr: 57.85%, ndcg: 63.67%
Current learning rate: 0.000122

=== Epoch 19 ===
Epoch 19, 2.1%	 loss: 1.949 acc@1: 44.92 mrr: 62.32, ndcg: 68.69, took: 3.87s
Epoch 19, 4.3%	 loss: 1.953 acc@1: 43.09 mrr: 61.47, ndcg: 68.29, took: 4.39s
Epoch 19, 6.4%	 loss: 1.955 acc@1: 45.62 mrr: 62.83, ndcg: 69.09, took: 4.50s
Epoch 19, 8.5%	 loss: 1.976 acc@1: 43.48 mrr: 61.30, ndcg: 67.93, took: 4.60s
Epoch 19, 10.6%	 loss: 1.878 acc@1: 45.23 mrr: 63.01, ndcg: 69.46, took: 4.45s
Epoch 19, 12.8%	 loss: 1.925 acc@1: 45.47 mrr: 62.60, ndcg: 68.94, took: 4.45s
Epoch 19, 14.9%	 loss: 1.962 acc@1: 43.71 mrr: 61.59, ndcg: 68.15, took: 4.52s
Epoch 19, 17.0%	 loss: 1.986 acc@1: 42.62 mrr: 60.87, ndcg: 67.69, took: 4.41s
Epoch 19, 19.1%	 loss: 1.958 acc@1: 44.69 mrr: 62.36, ndcg: 68.77, took: 4.49s
Epoch 19, 21.3%	 loss: 2.002 acc@1: 42.03 mrr: 60.47, ndcg: 67.14, took: 4.19s
Epoch 19, 23.4%	 loss: 1.994 acc@1: 42.85 mrr: 60.84, ndcg: 67.53, took: 4.23s
Epoch 19, 25.5%	 loss: 1.935 acc@1: 44.88 mrr: 62.42, ndcg: 68.81, took: 4.44s
Epoch 19, 27.7%	 loss: 1.993 acc@1: 43.63 mrr: 61.21, ndcg: 67.84, took: 4.51s
Epoch 19, 29.8%	 loss: 1.947 acc@1: 44.96 mrr: 62.34, ndcg: 68.79, took: 4.30s
Epoch 19, 31.9%	 loss: 1.951 acc@1: 43.63 mrr: 61.72, ndcg: 68.32, took: 4.41s
Epoch 19, 34.0%	 loss: 1.898 acc@1: 44.41 mrr: 62.52, ndcg: 69.08, took: 4.43s
Epoch 19, 36.2%	 loss: 1.906 acc@1: 44.14 mrr: 62.58, ndcg: 69.02, took: 4.56s
Epoch 19, 38.3%	 loss: 1.965 acc@1: 43.09 mrr: 61.56, ndcg: 68.15, took: 4.56s
Epoch 19, 40.4%	 loss: 2.013 acc@1: 43.28 mrr: 60.89, ndcg: 67.20, took: 4.22s
Epoch 19, 42.6%	 loss: 1.951 acc@1: 42.66 mrr: 61.08, ndcg: 67.89, took: 4.52s
Epoch 19, 44.7%	 loss: 1.950 acc@1: 45.08 mrr: 62.43, ndcg: 68.89, took: 4.73s
Epoch 19, 46.8%	 loss: 1.989 acc@1: 43.40 mrr: 61.34, ndcg: 67.94, took: 4.50s
Epoch 19, 48.9%	 loss: 1.991 acc@1: 43.52 mrr: 61.38, ndcg: 67.81, took: 4.41s
Epoch 19, 51.1%	 loss: 1.971 acc@1: 42.77 mrr: 61.17, ndcg: 67.80, took: 4.84s
Epoch 19, 53.2%	 loss: 1.888 acc@1: 45.55 mrr: 63.32, ndcg: 69.68, took: 4.52s
Epoch 19, 55.3%	 loss: 1.897 acc@1: 44.80 mrr: 62.66, ndcg: 69.25, took: 4.49s
Epoch 19, 57.4%	 loss: 1.933 acc@1: 44.18 mrr: 62.22, ndcg: 68.79, took: 4.46s
Epoch 19, 59.6%	 loss: 1.958 acc@1: 43.95 mrr: 62.02, ndcg: 68.50, took: 4.35s
Epoch 19, 61.7%	 loss: 1.935 acc@1: 44.69 mrr: 62.48, ndcg: 68.83, took: 4.44s
Epoch 19, 63.8%	 loss: 1.953 acc@1: 43.40 mrr: 61.59, ndcg: 68.15, took: 3.94s
Epoch 19, 66.0%	 loss: 1.885 acc@1: 44.57 mrr: 62.79, ndcg: 69.38, took: 4.41s
Epoch 19, 68.1%	 loss: 1.967 acc@1: 42.70 mrr: 61.20, ndcg: 67.81, took: 4.36s
Epoch 19, 70.2%	 loss: 1.948 acc@1: 42.54 mrr: 61.20, ndcg: 67.90, took: 4.48s
Epoch 19, 72.3%	 loss: 1.971 acc@1: 44.84 mrr: 62.13, ndcg: 68.37, took: 4.40s
Epoch 19, 74.5%	 loss: 1.975 acc@1: 44.06 mrr: 61.87, ndcg: 68.19, took: 4.40s
Epoch 19, 76.6%	 loss: 1.908 acc@1: 45.23 mrr: 62.67, ndcg: 69.21, took: 4.50s
Epoch 19, 78.7%	 loss: 1.913 acc@1: 43.01 mrr: 61.69, ndcg: 68.49, took: 4.51s
Epoch 19, 80.9%	 loss: 1.960 acc@1: 44.84 mrr: 62.26, ndcg: 68.59, took: 4.46s
Epoch 19, 83.0%	 loss: 1.955 acc@1: 46.21 mrr: 63.14, ndcg: 69.18, took: 4.48s
Epoch 19, 85.1%	 loss: 1.896 acc@1: 46.05 mrr: 63.29, ndcg: 69.64, took: 4.44s
Epoch 19, 87.2%	 loss: 1.943 acc@1: 44.02 mrr: 61.93, ndcg: 68.34, took: 4.36s
Epoch 19, 89.4%	 loss: 1.985 acc@1: 43.83 mrr: 61.18, ndcg: 67.70, took: 4.53s
Epoch 19, 91.5%	 loss: 1.925 acc@1: 44.84 mrr: 62.47, ndcg: 68.95, took: 4.59s
Epoch 19, 93.6%	 loss: 1.927 acc@1: 45.55 mrr: 62.77, ndcg: 68.99, took: 4.37s
Epoch 19, 95.7%	 loss: 1.940 acc@1: 44.96 mrr: 62.44, ndcg: 68.64, took: 4.27s
Epoch 19, 97.9%	 loss: 1.900 acc@1: 43.95 mrr: 62.17, ndcg: 68.77, took: 4.26s
Epoch 19, 100.0%	 loss: 2.042 acc@1: 43.79 mrr: 61.11, ndcg: 67.48, took: 4.43s
Validation - loss: 2.9757, acc@1: 41.23%, f1: 33.23%, mrr: 57.66%, ndcg: 63.56%
Current learning rate: 0.000012

=== Epoch 20 ===
Epoch 20, 2.1%	 loss: 1.942 acc@1: 44.41 mrr: 62.06, ndcg: 68.66, took: 4.34s
Epoch 20, 4.3%	 loss: 1.995 acc@1: 43.16 mrr: 61.10, ndcg: 67.66, took: 4.45s
Epoch 20, 6.4%	 loss: 1.959 acc@1: 46.09 mrr: 62.85, ndcg: 68.91, took: 4.49s
Epoch 20, 8.5%	 loss: 1.933 acc@1: 44.45 mrr: 62.33, ndcg: 68.77, took: 4.36s
Epoch 20, 10.6%	 loss: 1.978 acc@1: 44.73 mrr: 61.96, ndcg: 68.59, took: 4.34s
Epoch 20, 12.8%	 loss: 1.947 acc@1: 44.41 mrr: 62.25, ndcg: 68.84, took: 4.37s
Epoch 20, 14.9%	 loss: 1.930 acc@1: 44.57 mrr: 62.28, ndcg: 68.89, took: 4.48s
Epoch 20, 17.0%	 loss: 1.905 acc@1: 44.77 mrr: 62.97, ndcg: 69.41, took: 4.68s
Epoch 20, 19.1%	 loss: 1.951 acc@1: 45.43 mrr: 62.69, ndcg: 68.94, took: 4.32s
Epoch 20, 21.3%	 loss: 1.917 acc@1: 44.41 mrr: 62.37, ndcg: 68.85, took: 4.50s
Epoch 20, 23.4%	 loss: 1.953 acc@1: 44.41 mrr: 62.36, ndcg: 68.65, took: 4.63s
Epoch 20, 25.5%	 loss: 1.940 acc@1: 43.32 mrr: 61.68, ndcg: 68.32, took: 4.53s
Epoch 20, 27.7%	 loss: 1.952 acc@1: 44.61 mrr: 62.29, ndcg: 68.72, took: 4.55s
Epoch 20, 29.8%	 loss: 1.852 acc@1: 45.94 mrr: 63.85, ndcg: 70.19, took: 4.76s
Epoch 20, 31.9%	 loss: 1.977 acc@1: 42.38 mrr: 60.88, ndcg: 67.58, took: 4.40s
Epoch 20, 34.0%	 loss: 1.957 acc@1: 44.18 mrr: 61.94, ndcg: 68.37, took: 4.45s
Epoch 20, 36.2%	 loss: 1.935 acc@1: 44.92 mrr: 62.59, ndcg: 68.96, took: 4.46s
Epoch 20, 38.3%	 loss: 1.940 acc@1: 44.77 mrr: 62.37, ndcg: 68.90, took: 4.20s
Epoch 20, 40.4%	 loss: 1.905 acc@1: 45.39 mrr: 63.05, ndcg: 69.56, took: 4.40s
Epoch 20, 42.6%	 loss: 1.959 acc@1: 44.30 mrr: 62.11, ndcg: 68.48, took: 3.98s
Epoch 20, 44.7%	 loss: 1.991 acc@1: 43.79 mrr: 61.30, ndcg: 67.98, took: 4.29s
Epoch 20, 46.8%	 loss: 1.983 acc@1: 43.79 mrr: 61.68, ndcg: 68.30, took: 4.50s
Epoch 20, 48.9%	 loss: 1.903 acc@1: 45.51 mrr: 63.25, ndcg: 69.47, took: 4.53s
Epoch 20, 51.1%	 loss: 1.908 acc@1: 45.90 mrr: 63.31, ndcg: 69.53, took: 4.66s
Epoch 20, 53.2%	 loss: 1.983 acc@1: 44.96 mrr: 62.05, ndcg: 68.42, took: 4.49s
Epoch 20, 55.3%	 loss: 1.906 acc@1: 44.96 mrr: 62.69, ndcg: 69.30, took: 4.54s
Epoch 20, 57.4%	 loss: 2.009 acc@1: 43.16 mrr: 60.98, ndcg: 67.56, took: 4.40s
Epoch 20, 59.6%	 loss: 1.915 acc@1: 45.35 mrr: 62.97, ndcg: 69.47, took: 4.54s
Epoch 20, 61.7%	 loss: 1.956 acc@1: 44.06 mrr: 61.90, ndcg: 68.32, took: 4.62s
Epoch 20, 63.8%	 loss: 1.929 acc@1: 43.71 mrr: 61.96, ndcg: 68.62, took: 4.52s
Epoch 20, 66.0%	 loss: 2.029 acc@1: 41.60 mrr: 60.14, ndcg: 66.90, took: 4.55s
Epoch 20, 68.1%	 loss: 1.970 acc@1: 43.32 mrr: 61.49, ndcg: 68.20, took: 4.11s
Epoch 20, 70.2%	 loss: 2.009 acc@1: 43.55 mrr: 61.20, ndcg: 67.77, took: 3.71s
Epoch 20, 72.3%	 loss: 1.923 acc@1: 45.62 mrr: 63.00, ndcg: 69.28, took: 3.57s
Epoch 20, 74.5%	 loss: 1.929 acc@1: 45.74 mrr: 63.14, ndcg: 69.67, took: 3.56s
Epoch 20, 76.6%	 loss: 2.012 acc@1: 43.79 mrr: 61.26, ndcg: 67.91, took: 3.72s
Epoch 20, 78.7%	 loss: 1.933 acc@1: 44.96 mrr: 62.69, ndcg: 68.98, took: 3.75s
Epoch 20, 80.9%	 loss: 1.961 acc@1: 42.11 mrr: 60.75, ndcg: 67.59, took: 3.76s
Epoch 20, 83.0%	 loss: 2.036 acc@1: 42.77 mrr: 60.59, ndcg: 67.02, took: 3.96s
Epoch 20, 85.1%	 loss: 2.005 acc@1: 42.27 mrr: 60.50, ndcg: 67.20, took: 3.71s
Epoch 20, 87.2%	 loss: 1.969 acc@1: 43.71 mrr: 61.63, ndcg: 68.12, took: 3.65s
Epoch 20, 89.4%	 loss: 1.994 acc@1: 44.18 mrr: 61.87, ndcg: 68.20, took: 3.75s
Epoch 20, 91.5%	 loss: 1.934 acc@1: 45.35 mrr: 62.89, ndcg: 69.22, took: 3.80s
Epoch 20, 93.6%	 loss: 2.116 acc@1: 41.37 mrr: 59.40, ndcg: 65.84, took: 3.64s
Epoch 20, 95.7%	 loss: 1.900 acc@1: 45.27 mrr: 63.05, ndcg: 69.53, took: 3.65s
Epoch 20, 97.9%	 loss: 1.926 acc@1: 44.69 mrr: 62.44, ndcg: 68.85, took: 3.49s
Epoch 20, 100.0%	 loss: 2.008 acc@1: 44.45 mrr: 61.64, ndcg: 68.05, took: 3.62s
Validation - loss: 2.9593, acc@1: 41.71%, f1: 33.33%, mrr: 57.97%, ndcg: 63.77%
Current learning rate: 0.000012

=== Epoch 21 ===
Epoch 21, 2.1%	 loss: 1.953 acc@1: 43.20 mrr: 61.34, ndcg: 67.94, took: 3.63s
Epoch 21, 4.3%	 loss: 1.873 acc@1: 44.77 mrr: 62.82, ndcg: 69.61, took: 3.80s
Epoch 21, 6.4%	 loss: 1.932 acc@1: 43.91 mrr: 61.89, ndcg: 68.52, took: 3.99s
Epoch 21, 8.5%	 loss: 1.934 acc@1: 44.18 mrr: 62.32, ndcg: 68.97, took: 4.29s
Epoch 21, 10.6%	 loss: 1.900 acc@1: 45.39 mrr: 62.98, ndcg: 69.48, took: 4.70s
Epoch 21, 12.8%	 loss: 1.971 acc@1: 44.38 mrr: 61.85, ndcg: 68.33, took: 4.71s
Epoch 21, 14.9%	 loss: 1.949 acc@1: 44.02 mrr: 61.92, ndcg: 68.32, took: 4.76s
Epoch 21, 17.0%	 loss: 1.924 acc@1: 43.98 mrr: 62.08, ndcg: 68.83, took: 4.73s
Epoch 21, 19.1%	 loss: 1.933 acc@1: 44.22 mrr: 62.10, ndcg: 68.75, took: 4.93s
Epoch 21, 21.3%	 loss: 1.962 acc@1: 45.08 mrr: 62.48, ndcg: 68.60, took: 4.62s
Epoch 21, 23.4%	 loss: 1.999 acc@1: 43.63 mrr: 61.12, ndcg: 67.79, took: 4.67s
Epoch 21, 25.5%	 loss: 1.889 acc@1: 44.96 mrr: 63.08, ndcg: 69.54, took: 4.64s
Epoch 21, 27.7%	 loss: 1.966 acc@1: 44.22 mrr: 61.98, ndcg: 68.24, took: 4.69s
Epoch 21, 29.8%	 loss: 1.934 acc@1: 46.29 mrr: 63.28, ndcg: 69.32, took: 4.65s
Epoch 21, 31.9%	 loss: 1.992 acc@1: 44.69 mrr: 62.09, ndcg: 68.52, took: 4.67s
Epoch 21, 34.0%	 loss: 1.965 acc@1: 43.67 mrr: 61.97, ndcg: 68.54, took: 4.59s
Epoch 21, 36.2%	 loss: 2.002 acc@1: 44.77 mrr: 61.94, ndcg: 68.25, took: 4.74s
Epoch 21, 38.3%	 loss: 2.016 acc@1: 42.58 mrr: 60.76, ndcg: 67.49, took: 4.74s
Epoch 21, 40.4%	 loss: 1.967 acc@1: 44.65 mrr: 62.14, ndcg: 68.60, took: 4.73s
Epoch 21, 42.6%	 loss: 1.960 acc@1: 44.96 mrr: 62.35, ndcg: 68.85, took: 4.30s
Epoch 21, 44.7%	 loss: 1.966 acc@1: 45.20 mrr: 62.49, ndcg: 68.72, took: 4.49s
Epoch 21, 46.8%	 loss: 1.917 acc@1: 44.73 mrr: 62.66, ndcg: 69.14, took: 4.21s
Epoch 21, 48.9%	 loss: 2.012 acc@1: 43.67 mrr: 61.36, ndcg: 67.71, took: 4.66s
Epoch 21, 51.1%	 loss: 1.964 acc@1: 44.26 mrr: 62.01, ndcg: 68.69, took: 4.71s
Epoch 21, 53.2%	 loss: 2.000 acc@1: 42.85 mrr: 60.93, ndcg: 67.40, took: 4.75s
Epoch 21, 55.3%	 loss: 1.971 acc@1: 44.69 mrr: 62.15, ndcg: 68.35, took: 4.75s
Epoch 21, 57.4%	 loss: 2.016 acc@1: 43.48 mrr: 61.16, ndcg: 67.63, took: 4.65s
Epoch 21, 59.6%	 loss: 1.976 acc@1: 43.59 mrr: 61.74, ndcg: 68.28, took: 4.66s
Epoch 21, 61.7%	 loss: 2.006 acc@1: 43.87 mrr: 61.37, ndcg: 67.80, took: 4.59s
Epoch 21, 63.8%	 loss: 1.914 acc@1: 43.52 mrr: 61.96, ndcg: 68.66, took: 4.62s
Epoch 21, 66.0%	 loss: 1.929 acc@1: 44.38 mrr: 62.47, ndcg: 69.07, took: 4.70s
Epoch 21, 68.1%	 loss: 1.960 acc@1: 43.91 mrr: 61.84, ndcg: 68.47, took: 4.62s
Epoch 21, 70.2%	 loss: 1.934 acc@1: 44.84 mrr: 62.66, ndcg: 69.06, took: 4.76s
Epoch 21, 72.3%	 loss: 1.951 acc@1: 44.61 mrr: 62.15, ndcg: 68.65, took: 4.51s
Epoch 21, 74.5%	 loss: 1.943 acc@1: 43.48 mrr: 61.75, ndcg: 68.39, took: 4.54s
Epoch 21, 76.6%	 loss: 1.903 acc@1: 46.17 mrr: 63.17, ndcg: 69.48, took: 4.72s
Epoch 21, 78.7%	 loss: 2.000 acc@1: 43.95 mrr: 61.65, ndcg: 68.11, took: 4.71s
Epoch 21, 80.9%	 loss: 1.936 acc@1: 44.73 mrr: 62.69, ndcg: 69.05, took: 4.51s
Epoch 21, 83.0%	 loss: 1.944 acc@1: 44.49 mrr: 62.21, ndcg: 68.69, took: 4.07s
Epoch 21, 85.1%	 loss: 1.956 acc@1: 44.22 mrr: 62.05, ndcg: 68.71, took: 4.22s
Epoch 21, 87.2%	 loss: 1.969 acc@1: 45.20 mrr: 62.43, ndcg: 68.64, took: 4.70s
Epoch 21, 89.4%	 loss: 2.012 acc@1: 42.66 mrr: 60.91, ndcg: 67.53, took: 4.67s
Epoch 21, 91.5%	 loss: 1.977 acc@1: 44.88 mrr: 62.08, ndcg: 68.46, took: 4.65s
Epoch 21, 93.6%	 loss: 1.916 acc@1: 45.16 mrr: 62.69, ndcg: 69.04, took: 4.62s
Epoch 21, 95.7%	 loss: 1.955 acc@1: 43.67 mrr: 61.75, ndcg: 68.40, took: 4.65s
Epoch 21, 97.9%	 loss: 1.979 acc@1: 45.08 mrr: 62.20, ndcg: 68.54, took: 4.71s
Epoch 21, 100.0%	 loss: 1.960 acc@1: 44.10 mrr: 62.16, ndcg: 68.62, took: 4.68s
Validation - loss: 2.9601, acc@1: 41.50%, f1: 33.25%, mrr: 57.84%, ndcg: 63.66%
Current learning rate: 0.000012

=== Epoch 22 ===
Epoch 22, 2.1%	 loss: 1.943 acc@1: 45.04 mrr: 62.66, ndcg: 69.02, took: 4.45s
Epoch 22, 4.3%	 loss: 1.994 acc@1: 43.71 mrr: 61.61, ndcg: 68.24, took: 4.56s
Epoch 22, 6.4%	 loss: 1.950 acc@1: 43.79 mrr: 62.10, ndcg: 68.69, took: 4.64s
Epoch 22, 8.5%	 loss: 1.951 acc@1: 44.69 mrr: 62.19, ndcg: 68.70, took: 4.81s
Epoch 22, 10.6%	 loss: 1.924 acc@1: 45.35 mrr: 62.72, ndcg: 69.13, took: 4.69s
Epoch 22, 12.8%	 loss: 1.970 acc@1: 44.77 mrr: 62.24, ndcg: 68.83, took: 4.78s
Epoch 22, 14.9%	 loss: 1.966 acc@1: 42.85 mrr: 61.11, ndcg: 67.77, took: 4.79s
Epoch 22, 17.0%	 loss: 1.868 acc@1: 46.68 mrr: 63.72, ndcg: 70.07, took: 4.63s
Epoch 22, 19.1%	 loss: 1.988 acc@1: 44.26 mrr: 61.65, ndcg: 68.12, took: 4.75s
Epoch 22, 21.3%	 loss: 1.983 acc@1: 42.27 mrr: 60.88, ndcg: 67.64, took: 4.58s
Epoch 22, 23.4%	 loss: 1.925 acc@1: 43.71 mrr: 61.99, ndcg: 68.86, took: 4.56s
Epoch 22, 25.5%	 loss: 2.013 acc@1: 42.62 mrr: 61.03, ndcg: 67.74, took: 4.59s
Epoch 22, 27.7%	 loss: 1.908 acc@1: 45.94 mrr: 63.22, ndcg: 69.46, took: 4.74s
Epoch 22, 29.8%	 loss: 1.933 acc@1: 44.61 mrr: 62.31, ndcg: 68.78, took: 4.62s
Epoch 22, 31.9%	 loss: 2.001 acc@1: 42.81 mrr: 60.91, ndcg: 67.56, took: 4.65s
Epoch 22, 34.0%	 loss: 1.986 acc@1: 44.22 mrr: 61.92, ndcg: 68.36, took: 4.59s
Epoch 22, 36.2%	 loss: 1.968 acc@1: 43.75 mrr: 61.65, ndcg: 68.17, took: 4.75s
Epoch 22, 38.3%	 loss: 1.946 acc@1: 44.80 mrr: 62.35, ndcg: 68.88, took: 4.82s
Epoch 22, 40.4%	 loss: 1.955 acc@1: 44.34 mrr: 62.14, ndcg: 68.60, took: 4.66s
Epoch 22, 42.6%	 loss: 1.957 acc@1: 44.80 mrr: 62.48, ndcg: 69.03, took: 4.71s
Epoch 22, 44.7%	 loss: 2.009 acc@1: 43.36 mrr: 61.26, ndcg: 67.85, took: 4.23s
Epoch 22, 46.8%	 loss: 1.972 acc@1: 44.10 mrr: 61.87, ndcg: 68.32, took: 4.73s
Epoch 22, 48.9%	 loss: 1.959 acc@1: 45.55 mrr: 62.68, ndcg: 68.87, took: 4.75s
Epoch 22, 51.1%	 loss: 2.018 acc@1: 43.05 mrr: 61.18, ndcg: 67.46, took: 4.59s
Epoch 22, 53.2%	 loss: 1.938 acc@1: 44.92 mrr: 62.40, ndcg: 68.83, took: 4.33s
Epoch 22, 55.3%	 loss: 2.013 acc@1: 43.36 mrr: 61.39, ndcg: 67.93, took: 4.34s
Epoch 22, 57.4%	 loss: 1.935 acc@1: 45.27 mrr: 62.66, ndcg: 69.02, took: 4.41s
Epoch 22, 59.6%	 loss: 1.965 acc@1: 44.22 mrr: 62.01, ndcg: 68.47, took: 4.51s
Epoch 22, 61.7%	 loss: 1.923 acc@1: 44.77 mrr: 62.62, ndcg: 69.00, took: 4.67s
Epoch 22, 63.8%	 loss: 1.949 acc@1: 45.51 mrr: 62.89, ndcg: 69.16, took: 4.84s
Epoch 22, 66.0%	 loss: 1.915 acc@1: 46.25 mrr: 63.34, ndcg: 69.47, took: 4.82s
Epoch 22, 68.1%	 loss: 1.934 acc@1: 43.91 mrr: 61.80, ndcg: 68.43, took: 4.83s
Epoch 22, 70.2%	 loss: 1.918 acc@1: 44.84 mrr: 62.63, ndcg: 69.17, took: 4.66s
Epoch 22, 72.3%	 loss: 1.996 acc@1: 43.24 mrr: 61.21, ndcg: 67.80, took: 4.60s
Epoch 22, 74.5%	 loss: 1.906 acc@1: 45.86 mrr: 63.39, ndcg: 69.72, took: 4.55s
Epoch 22, 76.6%	 loss: 1.952 acc@1: 45.04 mrr: 62.54, ndcg: 68.82, took: 4.69s
Epoch 22, 78.7%	 loss: 1.962 acc@1: 45.12 mrr: 62.50, ndcg: 68.72, took: 4.77s
Epoch 22, 80.9%	 loss: 1.957 acc@1: 45.31 mrr: 62.44, ndcg: 68.80, took: 4.68s
Epoch 22, 83.0%	 loss: 1.954 acc@1: 45.74 mrr: 62.78, ndcg: 69.14, took: 4.60s
Epoch 22, 85.1%	 loss: 1.998 acc@1: 43.71 mrr: 61.17, ndcg: 67.74, took: 4.57s
Epoch 22, 87.2%	 loss: 1.963 acc@1: 43.20 mrr: 61.56, ndcg: 68.23, took: 4.64s
Epoch 22, 89.4%	 loss: 1.951 acc@1: 44.41 mrr: 62.03, ndcg: 68.35, took: 4.70s
Epoch 22, 91.5%	 loss: 1.937 acc@1: 43.98 mrr: 61.87, ndcg: 68.34, took: 4.41s
Epoch 22, 93.6%	 loss: 1.975 acc@1: 45.62 mrr: 62.66, ndcg: 68.85, took: 4.46s
Epoch 22, 95.7%	 loss: 2.003 acc@1: 44.53 mrr: 62.12, ndcg: 68.43, took: 4.70s
Epoch 22, 97.9%	 loss: 1.946 acc@1: 44.73 mrr: 62.32, ndcg: 68.66, took: 4.45s
Epoch 22, 100.0%	 loss: 1.951 acc@1: 43.63 mrr: 61.70, ndcg: 68.23, took: 4.54s
Validation - loss: 2.9600, acc@1: 41.63%, f1: 33.46%, mrr: 57.91%, ndcg: 63.73%
Current learning rate: 0.000012

=== Epoch 23 ===
Epoch 23, 2.1%	 loss: 1.972 acc@1: 43.71 mrr: 61.76, ndcg: 68.37, took: 4.73s
Epoch 23, 4.3%	 loss: 1.981 acc@1: 43.52 mrr: 61.52, ndcg: 67.82, took: 4.81s
Epoch 23, 6.4%	 loss: 1.935 acc@1: 44.45 mrr: 62.37, ndcg: 69.03, took: 4.67s
Epoch 23, 8.5%	 loss: 1.978 acc@1: 42.54 mrr: 61.00, ndcg: 67.77, took: 4.62s
Epoch 23, 10.6%	 loss: 1.933 acc@1: 44.10 mrr: 61.97, ndcg: 68.69, took: 4.60s
Epoch 23, 12.8%	 loss: 1.944 acc@1: 45.74 mrr: 62.96, ndcg: 69.31, took: 4.59s
Epoch 23, 14.9%	 loss: 1.875 acc@1: 46.02 mrr: 63.66, ndcg: 70.17, took: 4.72s
Epoch 23, 17.0%	 loss: 1.951 acc@1: 43.87 mrr: 61.99, ndcg: 68.42, took: 4.71s
Epoch 23, 19.1%	 loss: 1.960 acc@1: 44.88 mrr: 62.18, ndcg: 68.48, took: 4.73s
Epoch 23, 21.3%	 loss: 1.959 acc@1: 43.55 mrr: 61.58, ndcg: 68.04, took: 4.61s
Epoch 23, 23.4%	 loss: 1.949 acc@1: 43.63 mrr: 61.97, ndcg: 68.40, took: 4.49s
Epoch 23, 25.5%	 loss: 2.009 acc@1: 43.09 mrr: 60.99, ndcg: 67.55, took: 4.61s
Epoch 23, 27.7%	 loss: 1.947 acc@1: 43.75 mrr: 61.74, ndcg: 68.22, took: 4.76s
Epoch 23, 29.8%	 loss: 1.953 acc@1: 43.98 mrr: 61.84, ndcg: 68.39, took: 4.49s
Epoch 23, 31.9%	 loss: 2.009 acc@1: 43.28 mrr: 61.13, ndcg: 67.72, took: 4.81s
Epoch 23, 34.0%	 loss: 2.022 acc@1: 43.75 mrr: 61.15, ndcg: 67.52, took: 4.68s
Epoch 23, 36.2%	 loss: 1.953 acc@1: 44.26 mrr: 62.27, ndcg: 68.65, took: 4.66s
Epoch 23, 38.3%	 loss: 1.916 acc@1: 44.49 mrr: 62.45, ndcg: 69.03, took: 4.73s
Epoch 23, 40.4%	 loss: 1.935 acc@1: 44.92 mrr: 62.73, ndcg: 69.06, took: 4.71s
Epoch 23, 42.6%	 loss: 1.929 acc@1: 44.06 mrr: 62.01, ndcg: 68.58, took: 4.58s
Epoch 23, 44.7%	 loss: 1.933 acc@1: 44.80 mrr: 62.63, ndcg: 69.14, took: 4.34s
Epoch 23, 46.8%	 loss: 1.952 acc@1: 45.00 mrr: 62.31, ndcg: 68.80, took: 4.54s
Epoch 23, 48.9%	 loss: 1.973 acc@1: 43.95 mrr: 61.87, ndcg: 68.53, took: 4.70s
Epoch 23, 51.1%	 loss: 2.003 acc@1: 45.00 mrr: 62.03, ndcg: 68.34, took: 4.64s
Epoch 23, 53.2%	 loss: 1.924 acc@1: 44.69 mrr: 62.53, ndcg: 68.98, took: 4.79s
Epoch 23, 55.3%	 loss: 1.931 acc@1: 44.69 mrr: 62.48, ndcg: 68.90, took: 4.60s
Epoch 23, 57.4%	 loss: 2.012 acc@1: 43.20 mrr: 61.02, ndcg: 67.68, took: 4.78s
Epoch 23, 59.6%	 loss: 2.060 acc@1: 43.05 mrr: 60.57, ndcg: 67.04, took: 4.56s
Epoch 23, 61.7%	 loss: 1.956 acc@1: 44.06 mrr: 62.04, ndcg: 68.46, took: 4.21s
Epoch 23, 63.8%	 loss: 1.939 acc@1: 44.14 mrr: 62.13, ndcg: 68.68, took: 4.64s
Epoch 23, 66.0%	 loss: 2.034 acc@1: 43.01 mrr: 60.90, ndcg: 67.49, took: 4.62s
Epoch 23, 68.1%	 loss: 1.934 acc@1: 46.05 mrr: 63.14, ndcg: 69.33, took: 4.58s
Epoch 23, 70.2%	 loss: 1.948 acc@1: 45.16 mrr: 62.73, ndcg: 69.11, took: 4.75s
Epoch 23, 72.3%	 loss: 1.969 acc@1: 44.53 mrr: 62.18, ndcg: 68.57, took: 4.71s
Epoch 23, 74.5%	 loss: 2.017 acc@1: 43.75 mrr: 61.49, ndcg: 67.81, took: 4.64s
Epoch 23, 76.6%	 loss: 1.921 acc@1: 43.52 mrr: 61.97, ndcg: 68.75, took: 4.66s
Epoch 23, 78.7%	 loss: 1.962 acc@1: 42.89 mrr: 61.25, ndcg: 67.91, took: 4.70s
Epoch 23, 80.9%	 loss: 1.956 acc@1: 44.53 mrr: 62.18, ndcg: 68.44, took: 4.71s
Epoch 23, 83.0%	 loss: 1.929 acc@1: 43.83 mrr: 62.05, ndcg: 68.59, took: 4.58s
Epoch 23, 85.1%	 loss: 1.913 acc@1: 44.80 mrr: 62.73, ndcg: 69.25, took: 4.59s
Epoch 23, 87.2%	 loss: 1.924 acc@1: 45.59 mrr: 63.02, ndcg: 69.32, took: 4.68s
Epoch 23, 89.4%	 loss: 1.969 acc@1: 44.02 mrr: 61.81, ndcg: 68.41, took: 4.45s
Epoch 23, 91.5%	 loss: 1.989 acc@1: 43.55 mrr: 61.22, ndcg: 67.74, took: 4.56s
Epoch 23, 93.6%	 loss: 1.980 acc@1: 44.53 mrr: 62.06, ndcg: 68.44, took: 4.50s
Epoch 23, 95.7%	 loss: 1.879 acc@1: 45.27 mrr: 63.14, ndcg: 69.68, took: 4.52s
Epoch 23, 97.9%	 loss: 1.939 acc@1: 44.57 mrr: 62.47, ndcg: 69.06, took: 4.65s
Epoch 23, 100.0%	 loss: 1.985 acc@1: 43.98 mrr: 61.64, ndcg: 68.13, took: 4.68s
Validation - loss: 2.9583, acc@1: 41.80%, f1: 33.18%, mrr: 57.99%, ndcg: 63.78%
Current learning rate: 0.000012

=== Epoch 24 ===
Epoch 24, 2.1%	 loss: 1.973 acc@1: 43.09 mrr: 61.34, ndcg: 68.18, took: 4.73s
Epoch 24, 4.3%	 loss: 1.917 acc@1: 44.14 mrr: 62.43, ndcg: 68.96, took: 4.63s
Epoch 24, 6.4%	 loss: 1.928 acc@1: 44.73 mrr: 62.38, ndcg: 68.94, took: 4.44s
Epoch 24, 8.5%	 loss: 1.966 acc@1: 44.34 mrr: 61.80, ndcg: 68.21, took: 4.65s
Epoch 24, 10.6%	 loss: 2.018 acc@1: 43.87 mrr: 61.40, ndcg: 67.68, took: 4.55s
Epoch 24, 12.8%	 loss: 1.947 acc@1: 43.48 mrr: 61.84, ndcg: 68.61, took: 4.51s
Epoch 24, 14.9%	 loss: 1.986 acc@1: 45.00 mrr: 62.30, ndcg: 68.53, took: 4.76s
Epoch 24, 17.0%	 loss: 1.905 acc@1: 46.68 mrr: 63.71, ndcg: 69.77, took: 4.70s
Epoch 24, 19.1%	 loss: 1.934 acc@1: 45.16 mrr: 62.84, ndcg: 69.23, took: 4.77s
Epoch 24, 21.3%	 loss: 1.979 acc@1: 43.55 mrr: 61.59, ndcg: 68.12, took: 4.72s
Epoch 24, 23.4%	 loss: 1.994 acc@1: 44.96 mrr: 62.23, ndcg: 68.45, took: 4.68s
Epoch 24, 25.5%	 loss: 1.991 acc@1: 43.52 mrr: 61.33, ndcg: 67.70, took: 4.78s
Epoch 24, 27.7%	 loss: 1.941 acc@1: 43.67 mrr: 61.99, ndcg: 68.65, took: 4.74s
Epoch 24, 29.8%	 loss: 1.905 acc@1: 44.53 mrr: 62.65, ndcg: 69.17, took: 4.52s
Epoch 24, 31.9%	 loss: 1.916 acc@1: 46.52 mrr: 63.48, ndcg: 69.72, took: 4.67s
Epoch 24, 34.0%	 loss: 1.999 acc@1: 41.60 mrr: 60.26, ndcg: 67.03, took: 4.46s
Epoch 24, 36.2%	 loss: 1.906 acc@1: 45.08 mrr: 62.57, ndcg: 69.03, took: 4.67s
Epoch 24, 38.3%	 loss: 1.932 acc@1: 44.69 mrr: 62.44, ndcg: 69.03, took: 4.59s
Epoch 24, 40.4%	 loss: 1.921 acc@1: 44.92 mrr: 62.86, ndcg: 69.26, took: 4.54s
Epoch 24, 42.6%	 loss: 2.019 acc@1: 42.66 mrr: 60.76, ndcg: 67.43, took: 4.73s
Epoch 24, 44.7%	 loss: 1.943 acc@1: 43.98 mrr: 62.14, ndcg: 68.67, took: 4.61s
Epoch 24, 46.8%	 loss: 1.891 acc@1: 45.23 mrr: 63.01, ndcg: 69.62, took: 4.32s
Epoch 24, 48.9%	 loss: 1.932 acc@1: 44.45 mrr: 62.10, ndcg: 68.60, took: 4.65s
Epoch 24, 51.1%	 loss: 1.989 acc@1: 44.57 mrr: 61.97, ndcg: 68.22, took: 4.81s
Epoch 24, 53.2%	 loss: 1.966 acc@1: 45.55 mrr: 62.52, ndcg: 68.79, took: 4.78s
Epoch 24, 55.3%	 loss: 2.016 acc@1: 45.04 mrr: 61.76, ndcg: 68.15, took: 4.78s
Epoch 24, 57.4%	 loss: 1.996 acc@1: 44.49 mrr: 61.74, ndcg: 68.24, took: 4.63s
Epoch 24, 59.6%	 loss: 1.941 acc@1: 44.65 mrr: 62.36, ndcg: 68.79, took: 4.62s
Epoch 24, 61.7%	 loss: 1.980 acc@1: 43.79 mrr: 61.44, ndcg: 67.88, took: 4.67s
Epoch 24, 63.8%	 loss: 1.978 acc@1: 43.98 mrr: 61.71, ndcg: 68.19, took: 4.74s
Epoch 24, 66.0%	 loss: 1.945 acc@1: 44.14 mrr: 62.13, ndcg: 68.68, took: 4.55s
Epoch 24, 68.1%	 loss: 1.972 acc@1: 43.28 mrr: 61.28, ndcg: 68.13, took: 4.44s
Epoch 24, 70.2%	 loss: 1.990 acc@1: 42.77 mrr: 61.09, ndcg: 67.73, took: 4.22s
Epoch 24, 72.3%	 loss: 1.936 acc@1: 44.69 mrr: 62.54, ndcg: 69.09, took: 4.62s
Epoch 24, 74.5%	 loss: 1.943 acc@1: 45.12 mrr: 62.47, ndcg: 68.71, took: 4.70s
Epoch 24, 76.6%	 loss: 1.988 acc@1: 43.52 mrr: 61.52, ndcg: 68.15, took: 4.65s
Epoch 24, 78.7%	 loss: 1.919 acc@1: 44.77 mrr: 62.69, ndcg: 69.13, took: 4.59s
Epoch 24, 80.9%	 loss: 1.983 acc@1: 45.23 mrr: 62.44, ndcg: 68.78, took: 4.51s
Epoch 24, 83.0%	 loss: 1.923 acc@1: 43.75 mrr: 62.23, ndcg: 68.82, took: 4.15s
Epoch 24, 85.1%	 loss: 1.926 acc@1: 45.04 mrr: 62.50, ndcg: 68.97, took: 4.58s
Epoch 24, 87.2%	 loss: 1.950 acc@1: 43.95 mrr: 61.91, ndcg: 68.45, took: 4.82s
Epoch 24, 89.4%	 loss: 1.933 acc@1: 44.53 mrr: 62.00, ndcg: 68.51, took: 4.87s
Epoch 24, 91.5%	 loss: 1.979 acc@1: 43.24 mrr: 61.40, ndcg: 67.92, took: 4.58s
Epoch 24, 93.6%	 loss: 1.996 acc@1: 44.06 mrr: 61.36, ndcg: 67.73, took: 4.73s
Epoch 24, 95.7%	 loss: 1.939 acc@1: 44.30 mrr: 62.04, ndcg: 68.43, took: 4.83s
Epoch 24, 97.9%	 loss: 1.920 acc@1: 43.98 mrr: 62.32, ndcg: 68.85, took: 4.72s
Epoch 24, 100.0%	 loss: 1.938 acc@1: 44.77 mrr: 62.53, ndcg: 68.77, took: 4.80s
Validation - loss: 2.9604, acc@1: 41.44%, f1: 33.39%, mrr: 57.82%, ndcg: 63.66%
Training finished.	 Time: 4825.49s.	 acc@1: 41.50%

=== Test Results ===
Test Results:
  acc@1: 41.50%
  acc@5: 75.90%
  acc@10: 80.55%
  mrr: 57.09%
  ndcg: 62.64%
  f1: 33.30%

=== Training Complete ===
