2026-01-01 08:11:39,491 - INFO - ============================================================
2026-01-01 08:11:39,491 - INFO - POINTER V45 - Training Started
2026-01-01 08:11:39,491 - INFO - ============================================================
2026-01-01 08:11:39,492 - INFO - Model config: {'d_model': 96, 'nhead': 4, 'num_layers': 4, 'dim_feedforward': 128, 'dropout': 0.15}
2026-01-01 08:11:39,492 - INFO - Training config: {'batch_size': 256, 'num_epochs': 50, 'learning_rate': 0.0007, 'weight_decay': 1e-05, 'label_smoothing': 0.01, 'grad_clip': 0.8, 'patience': 5, 'min_epochs': 8, 'warmup_epochs': 3, 'use_amp': True, 'min_lr': 1e-06}
2026-01-01 08:11:39,492 - INFO - ============================================================
2026-01-01 08:11:39,492 - INFO - Training for 50 epochs
2026-01-01 08:11:39,492 - INFO - Model parameters: 543,564
2026-01-01 08:11:43,301 - INFO - Epoch 1/50 | LR: 2.33e-04 | Train: 4.5423 | Val: 3.2323 | Acc@1: 39.05%
2026-01-01 08:11:43,338 - INFO -   ✓ New best (Acc@1: 39.05%)
2026-01-01 08:11:45,959 - INFO - Epoch 2/50 | LR: 4.67e-04 | Train: 3.8428 | Val: 3.0849 | Acc@1: 42.86%
2026-01-01 08:11:45,997 - INFO -   ✓ New best (Acc@1: 42.86%)
2026-01-01 08:11:48,525 - INFO - Epoch 3/50 | LR: 7.00e-04 | Train: 3.4792 | Val: 3.0037 | Acc@1: 44.96%
2026-01-01 08:11:48,568 - INFO -   ✓ New best (Acc@1: 44.96%)
2026-01-01 08:11:50,908 - INFO - Epoch 4/50 | LR: 7.00e-04 | Train: 3.2127 | Val: 3.0331 | Acc@1: 45.23%
2026-01-01 08:11:53,318 - INFO - Epoch 5/50 | LR: 6.99e-04 | Train: 2.9716 | Val: 3.1182 | Acc@1: 44.72%
2026-01-01 08:11:55,835 - INFO - Epoch 6/50 | LR: 6.97e-04 | Train: 2.7536 | Val: 3.0559 | Acc@1: 46.25%
2026-01-01 08:11:58,625 - INFO - Epoch 7/50 | LR: 6.93e-04 | Train: 2.5427 | Val: 3.1063 | Acc@1: 45.59%
2026-01-01 08:12:01,364 - INFO - Epoch 8/50 | LR: 6.88e-04 | Train: 2.3587 | Val: 3.1548 | Acc@1: 45.23%
2026-01-01 08:12:01,364 - INFO - Early stopping at epoch 8
2026-01-01 08:12:01,586 - INFO - Loaded checkpoint from epoch 3
2026-01-01 08:12:02,801 - INFO - ============================================================
2026-01-01 08:12:02,802 - INFO - FINAL VALIDATION RESULTS
2026-01-01 08:12:02,802 - INFO -   Acc@1:  44.96%
2026-01-01 08:12:02,802 - INFO -   Acc@5:  77.35%
2026-01-01 08:12:02,802 - INFO -   Acc@10: 81.64%
2026-01-01 08:12:02,802 - INFO -   MRR:    59.12%
2026-01-01 08:12:02,802 - INFO -   NDCG:   64.45%
2026-01-01 08:12:02,802 - INFO - ============================================================
2026-01-01 08:12:02,802 - INFO - FINAL TEST RESULTS
2026-01-01 08:12:02,802 - INFO -   Acc@1:  49.71%
2026-01-01 08:12:02,802 - INFO -   Acc@5:  81.58%
2026-01-01 08:12:02,802 - INFO -   Acc@10: 84.92%
2026-01-01 08:12:02,802 - INFO -   MRR:    63.88%
2026-01-01 08:12:02,802 - INFO -   NDCG:   68.98%
2026-01-01 08:12:02,803 - INFO - ============================================================
