2025-12-28 18:22:12,316 - INFO - ============================================================
2025-12-28 18:22:12,317 - INFO - POINTER V45 - Training Started
2025-12-28 18:22:12,317 - INFO - ============================================================
2025-12-28 18:22:12,317 - INFO - Model config: {'d_model': 64, 'nhead': 4, 'num_layers': 3, 'dim_feedforward': 128, 'dropout': 0.15}
2025-12-28 18:22:12,317 - INFO - Training config: {'batch_size': 128, 'num_epochs': 2, 'learning_rate': 0.0005, 'weight_decay': 0.015, 'label_smoothing': 0.03, 'grad_clip': 0.8, 'patience': 5, 'min_epochs': 8, 'warmup_epochs': 5, 'use_amp': True, 'min_lr': 1e-06}
2025-12-28 18:22:12,317 - INFO - ============================================================
2025-12-28 18:22:12,317 - INFO - Training for 2 epochs
2025-12-28 18:22:12,317 - INFO - Model parameters: 284,540
2025-12-28 18:22:15,586 - INFO - Epoch 1/2 | LR: 1.00e-04 | Train: 4.6277 | Val: 3.5110 | Acc@1: 38.13%
2025-12-28 18:22:15,612 - INFO -   ✓ New best (Acc@1: 38.13%)
2025-12-28 18:22:18,231 - INFO - Epoch 2/2 | LR: 2.00e-04 | Train: 4.1876 | Val: 3.3463 | Acc@1: 42.65%
2025-12-28 18:22:18,257 - INFO -   ✓ New best (Acc@1: 42.65%)
2025-12-28 18:22:18,319 - INFO - Loaded checkpoint from epoch 2
2025-12-28 18:22:19,279 - INFO - ============================================================
2025-12-28 18:22:19,280 - INFO - FINAL VALIDATION RESULTS
2025-12-28 18:22:19,280 - INFO -   Acc@1:  42.65%
2025-12-28 18:22:19,280 - INFO -   Acc@5:  73.34%
2025-12-28 18:22:19,280 - INFO -   Acc@10: 76.63%
2025-12-28 18:22:19,280 - INFO -   MRR:    56.14%
2025-12-28 18:22:19,280 - INFO -   NDCG:   61.10%
2025-12-28 18:22:19,280 - INFO - ============================================================
2025-12-28 18:22:19,280 - INFO - FINAL TEST RESULTS
2025-12-28 18:22:19,280 - INFO -   Acc@1:  46.44%
2025-12-28 18:22:19,280 - INFO -   Acc@5:  77.65%
2025-12-28 18:22:19,280 - INFO -   Acc@10: 79.18%
2025-12-28 18:22:19,280 - INFO -   MRR:    60.19%
2025-12-28 18:22:19,280 - INFO -   NDCG:   64.85%
2025-12-28 18:22:19,280 - INFO - ============================================================
