2026-01-01 08:12:37,175 - INFO - ============================================================
2026-01-01 08:12:37,176 - INFO - POINTER V45 - Training Started
2026-01-01 08:12:37,176 - INFO - ============================================================
2026-01-01 08:12:37,176 - INFO - Model config: {'d_model': 128, 'nhead': 2, 'num_layers': 4, 'dim_feedforward': 128, 'dropout': 0.2}
2026-01-01 08:12:37,176 - INFO - Training config: {'batch_size': 64, 'num_epochs': 50, 'learning_rate': 0.0007, 'weight_decay': 5e-05, 'label_smoothing': 0.05, 'grad_clip': 0.8, 'patience': 5, 'min_epochs': 8, 'warmup_epochs': 3, 'use_amp': True, 'min_lr': 1e-06}
2026-01-01 08:12:37,176 - INFO - ============================================================
2026-01-01 08:12:37,176 - INFO - Training for 50 epochs
2026-01-01 08:12:37,176 - INFO - Model parameters: 813,252
2026-01-01 08:12:45,443 - INFO - Epoch 1/50 | LR: 2.33e-04 | Train: 4.5728 | Val: 3.3074 | Acc@1: 42.56%
2026-01-01 08:12:45,483 - INFO -   ✓ New best (Acc@1: 42.56%)
2026-01-01 08:12:51,859 - INFO - Epoch 2/50 | LR: 4.67e-04 | Train: 3.8497 | Val: 3.2428 | Acc@1: 46.34%
2026-01-01 08:12:51,907 - INFO -   ✓ New best (Acc@1: 46.34%)
2026-01-01 08:12:58,631 - INFO - Epoch 3/50 | LR: 7.00e-04 | Train: 3.4676 | Val: 3.2210 | Acc@1: 44.27%
2026-01-01 08:12:58,678 - INFO -   ✓ New best (Acc@1: 44.27%)
2026-01-01 08:13:05,090 - INFO - Epoch 4/50 | LR: 7.00e-04 | Train: 3.1175 | Val: 3.2296 | Acc@1: 46.07%
2026-01-01 08:13:11,216 - INFO - Epoch 5/50 | LR: 6.99e-04 | Train: 2.8202 | Val: 3.2738 | Acc@1: 48.80%
2026-01-01 08:13:17,934 - INFO - Epoch 6/50 | LR: 6.97e-04 | Train: 2.5536 | Val: 3.5351 | Acc@1: 45.38%
2026-01-01 08:13:24,477 - INFO - Epoch 7/50 | LR: 6.93e-04 | Train: 2.3095 | Val: 3.4675 | Acc@1: 46.01%
2026-01-01 08:13:31,238 - INFO - Epoch 8/50 | LR: 6.88e-04 | Train: 2.1061 | Val: 3.6026 | Acc@1: 44.99%
2026-01-01 08:13:31,238 - INFO - Early stopping at epoch 8
2026-01-01 08:13:31,457 - INFO - Loaded checkpoint from epoch 3
2026-01-01 08:13:34,890 - INFO - ============================================================
2026-01-01 08:13:34,890 - INFO - FINAL VALIDATION RESULTS
2026-01-01 08:13:34,890 - INFO -   Acc@1:  44.27%
2026-01-01 08:13:34,890 - INFO -   Acc@5:  74.33%
2026-01-01 08:13:34,890 - INFO -   Acc@10: 80.62%
2026-01-01 08:13:34,890 - INFO -   MRR:    57.79%
2026-01-01 08:13:34,890 - INFO -   NDCG:   63.10%
2026-01-01 08:13:34,890 - INFO - ============================================================
2026-01-01 08:13:34,890 - INFO - FINAL TEST RESULTS
2026-01-01 08:13:34,891 - INFO -   Acc@1:  49.86%
2026-01-01 08:13:34,891 - INFO -   Acc@5:  80.15%
2026-01-01 08:13:34,891 - INFO -   Acc@10: 84.09%
2026-01-01 08:13:34,891 - INFO -   MRR:    63.06%
2026-01-01 08:13:34,891 - INFO -   NDCG:   68.06%
2026-01-01 08:13:34,891 - INFO - ============================================================
