2025-12-29 08:24:31,391 - INFO - ============================================================
2025-12-29 08:24:31,391 - INFO - POINTER V45 - Training Started
2025-12-29 08:24:31,391 - INFO - ============================================================
2025-12-29 08:24:31,391 - INFO - Model config: {'d_model': 72, 'dim_feedforward': 144, 'dropout': 0.15, 'nhead': 4, 'num_layers': 2}
2025-12-29 08:24:31,391 - INFO - Training config: {'batch_size': 128, 'grad_clip': 0.8, 'label_smoothing': 0.03, 'learning_rate': 0.00065, 'min_epochs': 8, 'min_lr': 1e-06, 'num_epochs': 50, 'patience': 5, 'use_amp': True, 'warmup_epochs': 5, 'weight_decay': 0.015}
2025-12-29 08:24:31,392 - INFO - ============================================================
2025-12-29 08:24:31,392 - INFO - Training for 50 epochs
2025-12-29 08:24:31,392 - INFO - Model parameters: 295,282
2025-12-29 08:24:34,955 - INFO - Epoch 1/50 | LR: 1.30e-04 | Train: 4.1980 | Val: 3.2096 | Acc@1: 39.68%
2025-12-29 08:24:34,977 - INFO -   ✓ New best (Acc@1: 39.68%)
2025-12-29 08:24:37,885 - INFO - Epoch 2/50 | LR: 2.60e-04 | Train: 3.8415 | Val: 3.0915 | Acc@1: 43.55%
2025-12-29 08:24:37,907 - INFO -   ✓ New best (Acc@1: 43.55%)
2025-12-29 08:24:40,936 - INFO - Epoch 3/50 | LR: 3.90e-04 | Train: 3.6097 | Val: 3.0534 | Acc@1: 45.02%
2025-12-29 08:24:40,959 - INFO -   ✓ New best (Acc@1: 45.02%)
2025-12-29 08:24:44,098 - INFO - Epoch 4/50 | LR: 5.20e-04 | Train: 3.4232 | Val: 3.0528 | Acc@1: 45.20%
2025-12-29 08:24:44,123 - INFO -   ✓ New best (Acc@1: 45.20%)
2025-12-29 08:24:47,028 - INFO - Epoch 5/50 | LR: 6.50e-04 | Train: 3.2370 | Val: 3.0833 | Acc@1: 46.67%
2025-12-29 08:24:49,982 - INFO - Epoch 6/50 | LR: 6.50e-04 | Train: 3.0321 | Val: 3.0858 | Acc@1: 46.82%
2025-12-29 08:24:52,930 - INFO - Epoch 7/50 | LR: 6.49e-04 | Train: 2.8370 | Val: 3.0922 | Acc@1: 47.45%
2025-12-29 08:24:56,041 - INFO - Epoch 8/50 | LR: 6.47e-04 | Train: 2.6556 | Val: 3.1207 | Acc@1: 47.57%
2025-12-29 08:24:59,170 - INFO - Epoch 9/50 | LR: 6.43e-04 | Train: 2.4911 | Val: 3.1938 | Acc@1: 47.33%
2025-12-29 08:24:59,170 - INFO - Early stopping at epoch 9
2025-12-29 08:24:59,258 - INFO - Loaded checkpoint from epoch 4
2025-12-29 08:25:00,465 - INFO - ============================================================
2025-12-29 08:25:00,465 - INFO - FINAL VALIDATION RESULTS
2025-12-29 08:25:00,465 - INFO -   Acc@1:  45.20%
2025-12-29 08:25:00,465 - INFO -   Acc@5:  77.50%
2025-12-29 08:25:00,466 - INFO -   Acc@10: 81.70%
2025-12-29 08:25:00,466 - INFO -   MRR:    59.39%
2025-12-29 08:25:00,466 - INFO -   NDCG:   64.66%
2025-12-29 08:25:00,466 - INFO - ============================================================
2025-12-29 08:25:00,466 - INFO - FINAL TEST RESULTS
2025-12-29 08:25:00,466 - INFO -   Acc@1:  49.09%
2025-12-29 08:25:00,466 - INFO -   Acc@5:  80.61%
2025-12-29 08:25:00,466 - INFO -   Acc@10: 84.67%
2025-12-29 08:25:00,466 - INFO -   MRR:    63.33%
2025-12-29 08:25:00,466 - INFO -   NDCG:   68.50%
2025-12-29 08:25:00,466 - INFO - ============================================================
