2025-12-30 21:48:27,598 - INFO - ============================================================
2025-12-30 21:48:27,599 - INFO - POINTER V45 - Training Started
2025-12-30 21:48:27,599 - INFO - ============================================================
2025-12-30 21:48:27,599 - INFO - Model config: {'d_model': 64, 'dim_feedforward': 128, 'dropout': 0.15, 'nhead': 8, 'num_layers': 4}
2025-12-30 21:48:27,599 - INFO - Training config: {'batch_size': 128, 'grad_clip': 0.8, 'label_smoothing': 0.03, 'learning_rate': 0.00065, 'min_epochs': 3, 'min_lr': 1e-06, 'num_epochs': 50, 'patience': 5, 'use_amp': True, 'warmup_epochs': 5, 'weight_decay': 0.015}
2025-12-30 21:48:27,599 - INFO - ============================================================
2025-12-30 21:48:27,599 - INFO - Training for 50 epochs
2025-12-30 21:48:27,600 - INFO - Model parameters: 318,012
2025-12-30 21:48:35,861 - INFO - Epoch 1/50 | LR: 1.30e-04 | Train: 4.6205 | Val: 3.4426 | Acc@1: 39.19%
2025-12-30 21:48:35,894 - INFO -   ✓ New best (Acc@1: 39.19%)
2025-12-30 21:48:42,264 - INFO - Epoch 2/50 | LR: 2.60e-04 | Train: 4.2019 | Val: 3.2717 | Acc@1: 43.40%
2025-12-30 21:48:42,296 - INFO -   ✓ New best (Acc@1: 43.40%)
2025-12-30 21:48:48,905 - INFO - Epoch 3/50 | LR: 3.90e-04 | Train: 3.8430 | Val: 3.2418 | Acc@1: 44.76%
2025-12-30 21:48:48,939 - INFO -   ✓ New best (Acc@1: 44.76%)
2025-12-30 21:48:55,256 - INFO - Epoch 4/50 | LR: 5.20e-04 | Train: 3.6294 | Val: 3.2742 | Acc@1: 45.78%
2025-12-30 21:49:01,200 - INFO - Epoch 5/50 | LR: 6.50e-04 | Train: 3.4598 | Val: 3.2183 | Acc@1: 47.02%
2025-12-30 21:49:01,233 - INFO -   ✓ New best (Acc@1: 47.02%)
2025-12-30 21:49:06,565 - INFO - Epoch 6/50 | LR: 6.50e-04 | Train: 3.2111 | Val: 3.2365 | Acc@1: 45.99%
2025-12-30 21:49:11,461 - INFO - Epoch 7/50 | LR: 6.49e-04 | Train: 2.9758 | Val: 3.2746 | Acc@1: 46.14%
2025-12-30 21:49:15,462 - INFO - Epoch 8/50 | LR: 6.47e-04 | Train: 2.7761 | Val: 3.2835 | Acc@1: 47.59%
2025-12-30 21:49:18,493 - INFO - Epoch 9/50 | LR: 6.43e-04 | Train: 2.6249 | Val: 3.3354 | Acc@1: 46.69%
2025-12-30 21:49:21,354 - INFO - Epoch 10/50 | LR: 6.37e-04 | Train: 2.4738 | Val: 3.3307 | Acc@1: 46.20%
2025-12-30 21:49:21,354 - INFO - Early stopping at epoch 10
2025-12-30 21:49:21,436 - INFO - Loaded checkpoint from epoch 5
2025-12-30 21:49:22,510 - INFO - ============================================================
2025-12-30 21:49:22,510 - INFO - FINAL VALIDATION RESULTS
2025-12-30 21:49:22,510 - INFO -   Acc@1:  47.02%
2025-12-30 21:49:22,510 - INFO -   Acc@5:  73.19%
2025-12-30 21:49:22,511 - INFO -   Acc@10: 77.77%
2025-12-30 21:49:22,511 - INFO -   MRR:    58.70%
2025-12-30 21:49:22,511 - INFO -   NDCG:   63.09%
2025-12-30 21:49:22,511 - INFO - ============================================================
2025-12-30 21:49:22,511 - INFO - FINAL TEST RESULTS
2025-12-30 21:49:22,511 - INFO -   Acc@1:  46.27%
2025-12-30 21:49:22,511 - INFO -   Acc@5:  75.39%
2025-12-30 21:49:22,511 - INFO -   Acc@10: 80.68%
2025-12-30 21:49:22,511 - INFO -   MRR:    59.55%
2025-12-30 21:49:22,511 - INFO -   NDCG:   64.52%
2025-12-30 21:49:22,511 - INFO - ============================================================
