2025-12-29 23:42:20,935 - INFO - ============================================================
2025-12-29 23:42:20,935 - INFO - POINTER V45 - Training Started
2025-12-29 23:42:20,935 - INFO - ============================================================
2025-12-29 23:42:20,935 - INFO - Model config: {'d_model': 128, 'dim_feedforward': 512, 'dropout': 0.15, 'nhead': 8, 'num_layers': 8}
2025-12-29 23:42:20,935 - INFO - Training config: {'batch_size': 128, 'grad_clip': 0.8, 'label_smoothing': 0.03, 'learning_rate': 0.0007, 'min_epochs': 8, 'min_lr': 1e-06, 'num_epochs': 50, 'patience': 5, 'use_amp': True, 'warmup_epochs': 5, 'weight_decay': 0.015}
2025-12-29 23:42:20,935 - INFO - ============================================================
2025-12-29 23:42:20,935 - INFO - Training for 50 epochs
2025-12-29 23:42:20,936 - INFO - Model parameters: 2,000,300
2025-12-29 23:42:27,465 - INFO - Epoch 1/50 | LR: 1.40e-04 | Train: 4.9896 | Val: 3.6390 | Acc@1: 38.22%
2025-12-29 23:42:27,538 - INFO -   ✓ New best (Acc@1: 38.22%)
2025-12-29 23:42:33,091 - INFO - Epoch 2/50 | LR: 2.80e-04 | Train: 4.2187 | Val: 3.5470 | Acc@1: 39.88%
2025-12-29 23:42:33,172 - INFO -   ✓ New best (Acc@1: 39.88%)
2025-12-29 23:42:38,734 - INFO - Epoch 3/50 | LR: 4.20e-04 | Train: 3.7668 | Val: 3.6504 | Acc@1: 38.52%
2025-12-29 23:42:44,120 - INFO - Epoch 4/50 | LR: 5.60e-04 | Train: 3.3617 | Val: 3.7017 | Acc@1: 39.67%
2025-12-29 23:42:48,897 - INFO - Epoch 5/50 | LR: 7.00e-04 | Train: 3.0648 | Val: 3.8896 | Acc@1: 36.45%
2025-12-29 23:42:53,235 - INFO - Epoch 6/50 | LR: 7.00e-04 | Train: 2.6932 | Val: 3.8322 | Acc@1: 40.18%
2025-12-29 23:42:57,221 - INFO - Epoch 7/50 | LR: 6.99e-04 | Train: 2.4012 | Val: 3.8285 | Acc@1: 41.05%
2025-12-29 23:43:00,933 - INFO - Epoch 8/50 | LR: 6.97e-04 | Train: 2.1588 | Val: 4.0043 | Acc@1: 40.96%
2025-12-29 23:43:00,933 - INFO - Early stopping at epoch 8
2025-12-29 23:43:01,049 - INFO - Loaded checkpoint from epoch 2
2025-12-29 23:43:02,145 - INFO - ============================================================
2025-12-29 23:43:02,145 - INFO - FINAL VALIDATION RESULTS
2025-12-29 23:43:02,145 - INFO -   Acc@1:  39.88%
2025-12-29 23:43:02,145 - INFO -   Acc@5:  68.98%
2025-12-29 23:43:02,146 - INFO -   Acc@10: 74.94%
2025-12-29 23:43:02,146 - INFO -   MRR:    52.84%
2025-12-29 23:43:02,146 - INFO -   NDCG:   57.92%
2025-12-29 23:43:02,146 - INFO - ============================================================
2025-12-29 23:43:02,146 - INFO - FINAL TEST RESULTS
2025-12-29 23:43:02,146 - INFO -   Acc@1:  40.46%
2025-12-29 23:43:02,146 - INFO -   Acc@5:  72.44%
2025-12-29 23:43:02,146 - INFO -   Acc@10: 77.76%
2025-12-29 23:43:02,146 - INFO -   MRR:    54.89%
2025-12-29 23:43:02,146 - INFO -   NDCG:   60.26%
2025-12-29 23:43:02,146 - INFO - ============================================================
