2026-01-02 06:49:34,727 - INFO - ============================================================
2026-01-02 06:49:34,727 - INFO - RNN_BASELINE BASELINE - Training Started
2026-01-02 06:49:34,727 - INFO - ============================================================
2026-01-02 06:49:34,727 - INFO - Model config: {'d_model': 64, 'hidden_size': 128, 'num_layers': 2, 'dropout': 0.2}
2026-01-02 06:49:34,727 - INFO - Training config: {'batch_size': 128, 'num_epochs': 50, 'learning_rate': 0.001, 'weight_decay': 0.01, 'label_smoothing': 0.03, 'grad_clip': 1.0, 'patience': 5, 'min_epochs': 8, 'warmup_epochs': 3, 'use_amp': True, 'min_lr': 1e-06}
2026-01-02 06:49:34,727 - INFO - ============================================================
2026-01-02 06:49:34,727 - INFO - Training for 50 epochs
2026-01-02 06:49:34,727 - INFO - Model parameters: 326,851
2026-01-02 06:49:37,309 - INFO - Epoch 1/50 | LR: 3.33e-04 | Train: 6.4520 | Val: 5.5754 | Acc@1: 20.22%
2026-01-02 06:49:37,322 - INFO -   ✓ New best (Acc@1: 20.22%)
2026-01-02 06:49:39,541 - INFO - Epoch 2/50 | LR: 6.67e-04 | Train: 4.4862 | Val: 4.4772 | Acc@1: 36.26%
2026-01-02 06:49:39,554 - INFO -   ✓ New best (Acc@1: 36.26%)
2026-01-02 06:49:41,777 - INFO - Epoch 3/50 | LR: 1.00e-03 | Train: 3.6200 | Val: 4.2751 | Acc@1: 40.13%
2026-01-02 06:49:41,790 - INFO -   ✓ New best (Acc@1: 40.13%)
2026-01-02 06:49:43,998 - INFO - Epoch 4/50 | LR: 1.00e-03 | Train: 3.1999 | Val: 4.1493 | Acc@1: 41.30%
2026-01-02 06:49:44,011 - INFO -   ✓ New best (Acc@1: 41.30%)
2026-01-02 06:49:46,261 - INFO - Epoch 5/50 | LR: 9.99e-04 | Train: 2.9277 | Val: 4.1780 | Acc@1: 40.10%
2026-01-02 06:49:48,565 - INFO - Epoch 6/50 | LR: 9.96e-04 | Train: 2.7141 | Val: 4.1528 | Acc@1: 41.03%
2026-01-02 06:49:50,825 - INFO - Epoch 7/50 | LR: 9.90e-04 | Train: 2.5448 | Val: 4.1430 | Acc@1: 41.63%
2026-01-02 06:49:50,838 - INFO -   ✓ New best (Acc@1: 41.63%)
2026-01-02 06:49:53,060 - INFO - Epoch 8/50 | LR: 9.82e-04 | Train: 2.3765 | Val: 4.1030 | Acc@1: 41.24%
2026-01-02 06:49:53,074 - INFO -   ✓ New best (Acc@1: 41.24%)
2026-01-02 06:49:55,399 - INFO - Epoch 9/50 | LR: 9.72e-04 | Train: 2.2468 | Val: 4.1367 | Acc@1: 40.79%
2026-01-02 06:49:57,567 - INFO - Epoch 10/50 | LR: 9.60e-04 | Train: 2.1248 | Val: 4.1579 | Acc@1: 40.85%
2026-01-02 06:49:59,884 - INFO - Epoch 11/50 | LR: 9.46e-04 | Train: 2.0216 | Val: 4.1440 | Acc@1: 40.40%
2026-01-02 06:50:02,152 - INFO - Epoch 12/50 | LR: 9.30e-04 | Train: 1.9385 | Val: 4.1884 | Acc@1: 40.88%
2026-01-02 06:50:04,299 - INFO - Epoch 13/50 | LR: 9.12e-04 | Train: 1.8623 | Val: 4.2291 | Acc@1: 40.73%
2026-01-02 06:50:04,300 - INFO - Early stopping at epoch 13
2026-01-02 06:50:04,318 - INFO - Loaded checkpoint from epoch 8
2026-01-02 06:50:05,337 - INFO - ============================================================
2026-01-02 06:50:05,337 - INFO - FINAL VALIDATION RESULTS
2026-01-02 06:50:05,337 - INFO -   Acc@1:  41.24%
2026-01-02 06:50:05,337 - INFO -   Acc@5:  64.13%
2026-01-02 06:50:05,337 - INFO -   Acc@10: 67.13%
2026-01-02 06:50:05,337 - INFO -   MRR:    51.53%
2026-01-02 06:50:05,337 - INFO -   NDCG:   55.12%
2026-01-02 06:50:05,337 - INFO - ============================================================
2026-01-02 06:50:05,337 - INFO - FINAL TEST RESULTS
2026-01-02 06:50:05,337 - INFO -   Acc@1:  32.95%
2026-01-02 06:50:05,337 - INFO -   Acc@5:  56.42%
2026-01-02 06:50:05,337 - INFO -   Acc@10: 58.97%
2026-01-02 06:50:05,337 - INFO -   MRR:    43.61%
2026-01-02 06:50:05,337 - INFO -   NDCG:   47.17%
2026-01-02 06:50:05,337 - INFO - ============================================================
