2025-12-28 19:54:38,477 - INFO - ============================================================
2025-12-28 19:54:38,479 - INFO - POINTER V45 - Training Started
2025-12-28 19:54:38,479 - INFO - ============================================================
2025-12-28 19:54:38,480 - INFO - Model config: {'d_model': 80, 'dim_feedforward': 160, 'dropout': 0.15, 'nhead': 4, 'num_layers': 3}
2025-12-28 19:54:38,480 - INFO - Training config: {'batch_size': 128, 'grad_clip': 0.8, 'label_smoothing': 0.03, 'learning_rate': 0.0006, 'min_epochs': 8, 'min_lr': 1e-06, 'num_epochs': 50, 'patience': 5, 'use_amp': True, 'warmup_epochs': 5, 'weight_decay': 0.015}
2025-12-28 19:54:38,480 - INFO - ============================================================
2025-12-28 19:54:38,480 - INFO - Training for 50 epochs
2025-12-28 19:54:38,480 - INFO - Model parameters: 387,427
2025-12-28 19:54:46,281 - INFO - Epoch 1/50 | LR: 1.20e-04 | Train: 4.2567 | Val: 3.0790 | Acc@1: 37.20%
2025-12-28 19:54:46,311 - INFO -   ✓ New best (Acc@1: 37.20%)
2025-12-28 19:54:52,419 - INFO - Epoch 2/50 | LR: 2.40e-04 | Train: 3.8537 | Val: 2.9590 | Acc@1: 42.32%
2025-12-28 19:54:52,449 - INFO -   ✓ New best (Acc@1: 42.32%)
2025-12-28 19:54:57,897 - INFO - Epoch 3/50 | LR: 3.60e-04 | Train: 3.6142 | Val: 2.9314 | Acc@1: 44.94%
2025-12-28 19:54:57,925 - INFO -   ✓ New best (Acc@1: 44.94%)
2025-12-28 19:55:04,114 - INFO - Epoch 4/50 | LR: 4.80e-04 | Train: 3.3877 | Val: 2.9154 | Acc@1: 45.29%
2025-12-28 19:55:04,141 - INFO -   ✓ New best (Acc@1: 45.29%)
2025-12-28 19:55:09,984 - INFO - Epoch 5/50 | LR: 6.00e-04 | Train: 3.1986 | Val: 3.0045 | Acc@1: 44.59%
2025-12-28 19:55:15,540 - INFO - Epoch 6/50 | LR: 6.00e-04 | Train: 3.0042 | Val: 2.9575 | Acc@1: 45.54%
2025-12-28 19:55:21,770 - INFO - Epoch 7/50 | LR: 5.99e-04 | Train: 2.8165 | Val: 2.9967 | Acc@1: 45.38%
2025-12-28 19:55:27,920 - INFO - Epoch 8/50 | LR: 5.97e-04 | Train: 2.6309 | Val: 3.1041 | Acc@1: 45.06%
2025-12-28 19:55:34,029 - INFO - Epoch 9/50 | LR: 5.93e-04 | Train: 2.4775 | Val: 3.1281 | Acc@1: 44.62%
2025-12-28 19:55:34,030 - INFO - Early stopping at epoch 9
2025-12-28 19:55:34,449 - INFO - Loaded checkpoint from epoch 4
2025-12-28 19:55:37,712 - INFO - ============================================================
2025-12-28 19:55:37,712 - INFO - FINAL VALIDATION RESULTS
2025-12-28 19:55:37,712 - INFO -   Acc@1:  45.29%
2025-12-28 19:55:37,712 - INFO -   Acc@5:  78.85%
2025-12-28 19:55:37,712 - INFO -   Acc@10: 83.25%
2025-12-28 19:55:37,712 - INFO -   MRR:    59.83%
2025-12-28 19:55:37,712 - INFO -   NDCG:   65.42%
2025-12-28 19:55:37,712 - INFO - ============================================================
2025-12-28 19:55:37,713 - INFO - FINAL TEST RESULTS
2025-12-28 19:55:37,713 - INFO -   Acc@1:  48.66%
2025-12-28 19:55:37,713 - INFO -   Acc@5:  82.17%
2025-12-28 19:55:37,713 - INFO -   Acc@10: 85.88%
2025-12-28 19:55:37,713 - INFO -   MRR:    63.39%
2025-12-28 19:55:37,713 - INFO -   NDCG:   68.83%
2025-12-28 19:55:37,713 - INFO - ============================================================
