Training LSTM model
Dataset: geolife
Config: /data/next_loc_clean_v2/config/ht_optuna/optuna_LSTM_geolife_prev7_t4_20260101_091514_3e11d8a6.yaml
Device: cuda
Seed: 42
==================================================
Data loaders: train=232, val=105, test=110
Total trainable parameters: 1333795

=== Epoch 1 ===
Epoch 1, 8.6%	 loss: 7.391 acc@1: 0.00 mrr: 0.52, ndcg: 0.28, took: 3.98s
Epoch 1, 17.2%	 loss: 7.197 acc@1: 0.47 mrr: 1.37, ndcg: 1.20, took: 2.59s
Epoch 1, 25.9%	 loss: 6.934 acc@1: 5.94 mrr: 7.87, ndcg: 7.96, took: 2.58s
Epoch 1, 34.5%	 loss: 6.610 acc@1: 9.69 mrr: 12.68, ndcg: 13.37, took: 2.57s
Epoch 1, 43.1%	 loss: 6.211 acc@1: 13.28 mrr: 19.29, ndcg: 21.39, took: 2.51s
Epoch 1, 51.7%	 loss: 5.897 acc@1: 15.31 mrr: 22.00, ndcg: 24.25, took: 2.53s
Epoch 1, 60.3%	 loss: 5.610 acc@1: 17.34 mrr: 25.17, ndcg: 28.38, took: 2.59s
Epoch 1, 69.0%	 loss: 5.246 acc@1: 18.44 mrr: 27.25, ndcg: 30.40, took: 2.51s
Epoch 1, 77.6%	 loss: 5.134 acc@1: 17.03 mrr: 26.89, ndcg: 30.56, took: 2.42s
Epoch 1, 86.2%	 loss: 4.724 acc@1: 20.47 mrr: 32.37, ndcg: 36.66, took: 2.18s
Epoch 1, 94.8%	 loss: 4.714 acc@1: 19.53 mrr: 30.94, ndcg: 35.98, took: 1.98s
Validation - loss: 5.0080, acc@1: 20.13%, f1: 12.43%, mrr: 30.20%, ndcg: 34.60%
Current learning rate: 0.000750

=== Epoch 2 ===
Epoch 2, 8.6%	 loss: 4.392 acc@1: 22.19 mrr: 33.91, ndcg: 38.74, took: 2.50s
Epoch 2, 17.2%	 loss: 4.387 acc@1: 24.06 mrr: 34.79, ndcg: 39.07, took: 2.56s
Epoch 2, 25.9%	 loss: 4.405 acc@1: 20.16 mrr: 33.30, ndcg: 38.19, took: 2.56s
Epoch 2, 34.5%	 loss: 4.475 acc@1: 22.66 mrr: 34.02, ndcg: 38.69, took: 2.56s
Epoch 2, 43.1%	 loss: 4.098 acc@1: 28.75 mrr: 40.53, ndcg: 44.95, took: 2.53s
Epoch 2, 51.7%	 loss: 4.063 acc@1: 28.91 mrr: 41.50, ndcg: 46.10, took: 2.56s
Epoch 2, 60.3%	 loss: 4.145 acc@1: 29.22 mrr: 40.85, ndcg: 45.27, took: 2.43s
Epoch 2, 69.0%	 loss: 4.018 acc@1: 30.47 mrr: 43.22, ndcg: 47.44, took: 2.34s
Epoch 2, 77.6%	 loss: 3.770 acc@1: 33.91 mrr: 46.80, ndcg: 51.59, took: 2.26s
Epoch 2, 86.2%	 loss: 3.845 acc@1: 31.88 mrr: 45.43, ndcg: 50.48, took: 2.11s
Epoch 2, 94.8%	 loss: 3.798 acc@1: 33.91 mrr: 47.08, ndcg: 51.73, took: 2.08s
Validation - loss: 4.6126, acc@1: 33.23%, f1: 20.05%, mrr: 45.04%, ndcg: 49.37%
Current learning rate: 0.001500

=== Epoch 3 ===
Epoch 3, 8.6%	 loss: 3.535 acc@1: 31.25 mrr: 45.61, ndcg: 50.81, took: 2.34s
Epoch 3, 17.2%	 loss: 3.311 acc@1: 31.88 mrr: 48.22, ndcg: 54.00, took: 2.54s
Epoch 3, 25.9%	 loss: 3.535 acc@1: 29.84 mrr: 45.92, ndcg: 51.32, took: 2.58s
Epoch 3, 34.5%	 loss: 3.486 acc@1: 31.41 mrr: 47.09, ndcg: 52.47, took: 2.52s
Epoch 3, 43.1%	 loss: 3.552 acc@1: 33.75 mrr: 47.56, ndcg: 52.32, took: 2.48s
Epoch 3, 51.7%	 loss: 3.316 acc@1: 33.91 mrr: 49.46, ndcg: 55.04, took: 2.37s
Epoch 3, 60.3%	 loss: 3.472 acc@1: 32.50 mrr: 47.01, ndcg: 52.31, took: 2.30s
Epoch 3, 69.0%	 loss: 3.513 acc@1: 29.84 mrr: 46.02, ndcg: 51.74, took: 2.32s
Epoch 3, 77.6%	 loss: 3.413 acc@1: 35.00 mrr: 49.41, ndcg: 54.15, took: 2.29s
Epoch 3, 86.2%	 loss: 3.226 acc@1: 35.31 mrr: 50.82, ndcg: 56.20, took: 2.34s
Epoch 3, 94.8%	 loss: 3.365 acc@1: 31.88 mrr: 47.76, ndcg: 53.54, took: 2.17s
Validation - loss: 4.5641, acc@1: 33.41%, f1: 22.26%, mrr: 46.47%, ndcg: 51.13%
Current learning rate: 0.001469

=== Epoch 4 ===
Epoch 4, 8.6%	 loss: 3.083 acc@1: 32.19 mrr: 49.16, ndcg: 54.84, took: 2.26s
Epoch 4, 17.2%	 loss: 3.182 acc@1: 32.19 mrr: 48.12, ndcg: 53.59, took: 2.52s
Epoch 4, 25.9%	 loss: 3.145 acc@1: 31.88 mrr: 48.25, ndcg: 53.46, took: 2.59s
Epoch 4, 34.5%	 loss: 3.155 acc@1: 34.06 mrr: 49.18, ndcg: 54.40, took: 2.39s
Epoch 4, 43.1%	 loss: 3.095 acc@1: 32.34 mrr: 49.34, ndcg: 55.26, took: 2.37s
Epoch 4, 51.7%	 loss: 3.109 acc@1: 32.66 mrr: 49.41, ndcg: 54.61, took: 2.33s
Epoch 4, 60.3%	 loss: 3.007 acc@1: 31.41 mrr: 49.27, ndcg: 55.84, took: 2.35s
Epoch 4, 69.0%	 loss: 3.058 acc@1: 37.81 mrr: 51.85, ndcg: 56.50, took: 2.46s
Epoch 4, 77.6%	 loss: 2.942 acc@1: 36.88 mrr: 52.43, ndcg: 58.31, took: 2.36s
Epoch 4, 86.2%	 loss: 3.333 acc@1: 30.94 mrr: 46.70, ndcg: 52.27, took: 2.29s
Epoch 4, 94.8%	 loss: 3.170 acc@1: 33.28 mrr: 48.72, ndcg: 54.59, took: 2.17s
Validation - loss: 4.6169, acc@1: 33.26%, f1: 22.23%, mrr: 46.84%, ndcg: 51.43%
Current learning rate: 0.001438

=== Epoch 5 ===
Epoch 5, 8.6%	 loss: 2.680 acc@1: 37.97 mrr: 54.09, ndcg: 59.81, took: 2.31s
Epoch 5, 17.2%	 loss: 2.758 acc@1: 36.09 mrr: 52.70, ndcg: 58.47, took: 2.42s
Epoch 5, 25.9%	 loss: 3.061 acc@1: 33.44 mrr: 48.63, ndcg: 53.69, took: 2.31s
Epoch 5, 34.5%	 loss: 2.964 acc@1: 31.09 mrr: 48.01, ndcg: 54.06, took: 2.31s
Epoch 5, 43.1%	 loss: 3.008 acc@1: 32.50 mrr: 48.68, ndcg: 54.00, took: 2.29s
Epoch 5, 51.7%	 loss: 2.904 acc@1: 35.62 mrr: 51.32, ndcg: 56.61, took: 2.37s
Epoch 5, 60.3%	 loss: 2.985 acc@1: 36.09 mrr: 50.77, ndcg: 55.62, took: 2.48s
Epoch 5, 69.0%	 loss: 2.985 acc@1: 34.84 mrr: 50.76, ndcg: 55.77, took: 2.42s
Epoch 5, 77.6%	 loss: 2.918 acc@1: 37.81 mrr: 52.38, ndcg: 57.52, took: 2.39s
Epoch 5, 86.2%	 loss: 2.853 acc@1: 36.41 mrr: 52.49, ndcg: 57.99, took: 2.36s
Epoch 5, 94.8%	 loss: 2.909 acc@1: 37.03 mrr: 52.20, ndcg: 57.50, took: 2.20s
Validation - loss: 4.7064, acc@1: 30.53%, f1: 21.75%, mrr: 45.04%, ndcg: 49.93%
Current learning rate: 0.001406

=== Epoch 6 ===
Epoch 6, 8.6%	 loss: 2.688 acc@1: 36.25 mrr: 52.68, ndcg: 58.48, took: 2.08s
Epoch 6, 17.2%	 loss: 2.759 acc@1: 34.06 mrr: 51.13, ndcg: 56.63, took: 2.19s
Epoch 6, 25.9%	 loss: 2.735 acc@1: 36.41 mrr: 52.55, ndcg: 58.21, took: 2.34s
Epoch 6, 34.5%	 loss: 2.685 acc@1: 35.47 mrr: 52.71, ndcg: 58.94, took: 2.38s
Epoch 6, 43.1%	 loss: 2.939 acc@1: 35.62 mrr: 50.35, ndcg: 55.26, took: 2.50s
Epoch 6, 51.7%	 loss: 2.773 acc@1: 37.97 mrr: 52.57, ndcg: 57.81, took: 2.53s
Epoch 6, 60.3%	 loss: 2.949 acc@1: 32.03 mrr: 48.25, ndcg: 53.87, took: 2.42s
Epoch 6, 69.0%	 loss: 2.797 acc@1: 36.25 mrr: 51.76, ndcg: 57.09, took: 2.39s
Epoch 6, 77.6%	 loss: 2.855 acc@1: 35.62 mrr: 51.50, ndcg: 56.89, took: 2.37s
Epoch 6, 86.2%	 loss: 2.798 acc@1: 36.72 mrr: 52.52, ndcg: 57.79, took: 2.39s
Epoch 6, 94.8%	 loss: 2.715 acc@1: 36.25 mrr: 52.62, ndcg: 58.54, took: 2.32s
Validation - loss: 4.7304, acc@1: 32.51%, f1: 24.03%, mrr: 46.75%, ndcg: 51.15%
Current learning rate: 0.001375

=== Epoch 7 ===
Epoch 7, 8.6%	 loss: 2.678 acc@1: 31.41 mrr: 49.78, ndcg: 56.50, took: 2.02s
Epoch 7, 17.2%	 loss: 2.572 acc@1: 36.09 mrr: 53.43, ndcg: 59.75, took: 2.09s
Epoch 7, 25.9%	 loss: 2.690 acc@1: 36.25 mrr: 51.81, ndcg: 57.25, took: 2.42s
Epoch 7, 34.5%	 loss: 2.712 acc@1: 34.22 mrr: 50.93, ndcg: 56.85, took: 2.57s
Epoch 7, 43.1%	 loss: 2.553 acc@1: 34.53 mrr: 52.68, ndcg: 58.94, took: 2.56s
Epoch 7, 51.7%	 loss: 2.721 acc@1: 37.81 mrr: 52.62, ndcg: 57.84, took: 2.48s
Epoch 7, 60.3%	 loss: 2.562 acc@1: 35.62 mrr: 53.39, ndcg: 59.45, took: 2.42s
Epoch 7, 69.0%	 loss: 2.819 acc@1: 39.06 mrr: 52.83, ndcg: 57.57, took: 2.35s
Epoch 7, 77.6%	 loss: 2.639 acc@1: 36.88 mrr: 53.43, ndcg: 59.35, took: 2.35s
Epoch 7, 86.2%	 loss: 2.756 acc@1: 34.69 mrr: 51.10, ndcg: 56.47, took: 2.42s
Epoch 7, 94.8%	 loss: 2.865 acc@1: 32.66 mrr: 49.76, ndcg: 55.16, took: 2.39s
Validation - loss: 4.8263, acc@1: 30.86%, f1: 23.83%, mrr: 45.40%, ndcg: 50.09%
Current learning rate: 0.001344

=== Epoch 8 ===
Epoch 8, 8.6%	 loss: 2.501 acc@1: 37.03 mrr: 53.67, ndcg: 59.67, took: 2.11s
Epoch 8, 17.2%	 loss: 2.585 acc@1: 32.66 mrr: 51.68, ndcg: 58.18, took: 2.18s
Epoch 8, 25.9%	 loss: 2.411 acc@1: 39.22 mrr: 55.98, ndcg: 61.96, took: 2.42s
Epoch 8, 34.5%	 loss: 2.629 acc@1: 36.09 mrr: 52.40, ndcg: 58.31, took: 2.54s
Epoch 8, 43.1%	 loss: 2.698 acc@1: 34.84 mrr: 51.24, ndcg: 56.71, took: 2.53s
Epoch 8, 51.7%	 loss: 2.566 acc@1: 35.94 mrr: 53.10, ndcg: 59.15, took: 2.41s
Epoch 8, 60.3%	 loss: 2.528 acc@1: 37.81 mrr: 54.01, ndcg: 59.36, took: 2.42s
Epoch 8, 69.0%	 loss: 2.666 acc@1: 37.50 mrr: 53.26, ndcg: 58.80, took: 2.37s
Epoch 8, 77.6%	 loss: 2.624 acc@1: 36.72 mrr: 52.98, ndcg: 58.88, took: 2.45s
Epoch 8, 86.2%	 loss: 2.801 acc@1: 36.56 mrr: 51.38, ndcg: 56.51, took: 2.55s
Epoch 8, 94.8%	 loss: 2.685 acc@1: 33.44 mrr: 51.06, ndcg: 56.97, took: 2.27s
Validation - loss: 4.8595, acc@1: 30.89%, f1: 22.00%, mrr: 45.12%, ndcg: 49.84%
Current learning rate: 0.000131

=== Epoch 9 ===
Epoch 9, 8.6%	 loss: 3.154 acc@1: 33.59 mrr: 49.15, ndcg: 54.35, took: 2.25s
Epoch 9, 17.2%	 loss: 3.096 acc@1: 35.62 mrr: 50.51, ndcg: 55.32, took: 2.32s
Epoch 9, 25.9%	 loss: 3.056 acc@1: 34.53 mrr: 49.93, ndcg: 55.58, took: 2.26s
Epoch 9, 34.5%	 loss: 2.903 acc@1: 35.00 mrr: 51.48, ndcg: 57.37, took: 2.57s
Epoch 9, 43.1%	 loss: 2.967 acc@1: 34.84 mrr: 50.35, ndcg: 55.76, took: 2.41s
Epoch 9, 51.7%	 loss: 2.969 acc@1: 37.03 mrr: 52.04, ndcg: 57.10, took: 2.39s
Epoch 9, 60.3%	 loss: 2.998 acc@1: 35.16 mrr: 50.24, ndcg: 55.79, took: 2.36s
Epoch 9, 69.0%	 loss: 2.887 acc@1: 37.50 mrr: 52.68, ndcg: 57.99, took: 2.45s
Epoch 9, 77.6%	 loss: 2.846 acc@1: 35.31 mrr: 52.25, ndcg: 57.35, took: 2.51s
Epoch 9, 86.2%	 loss: 2.945 acc@1: 34.84 mrr: 50.86, ndcg: 56.09, took: 2.41s
Epoch 9, 94.8%	 loss: 3.031 acc@1: 35.62 mrr: 50.71, ndcg: 55.59, took: 2.16s
Validation - loss: 4.5075, acc@1: 34.73%, f1: 22.98%, mrr: 47.64%, ndcg: 52.05%
Current learning rate: 0.000131

=== Epoch 10 ===
Epoch 10, 8.6%	 loss: 2.888 acc@1: 35.16 mrr: 51.25, ndcg: 56.64, took: 2.25s
Epoch 10, 17.2%	 loss: 2.902 acc@1: 37.34 mrr: 51.94, ndcg: 57.50, took: 2.23s
Epoch 10, 25.9%	 loss: 3.006 acc@1: 32.66 mrr: 48.90, ndcg: 54.52, took: 2.23s
Epoch 10, 34.5%	 loss: 2.909 acc@1: 34.22 mrr: 50.98, ndcg: 56.50, took: 2.29s
Epoch 10, 43.1%	 loss: 2.856 acc@1: 38.44 mrr: 53.65, ndcg: 58.90, took: 2.38s
Epoch 10, 51.7%	 loss: 2.874 acc@1: 34.06 mrr: 50.97, ndcg: 56.75, took: 2.39s
Epoch 10, 60.3%	 loss: 2.880 acc@1: 37.81 mrr: 52.82, ndcg: 57.77, took: 2.35s
Epoch 10, 69.0%	 loss: 2.927 acc@1: 33.91 mrr: 50.52, ndcg: 56.27, took: 2.41s
Epoch 10, 77.6%	 loss: 2.911 acc@1: 36.09 mrr: 51.73, ndcg: 57.13, took: 2.39s
Epoch 10, 86.2%	 loss: 2.954 acc@1: 36.88 mrr: 51.18, ndcg: 56.49, took: 2.31s
Epoch 10, 94.8%	 loss: 2.898 acc@1: 34.38 mrr: 51.12, ndcg: 56.31, took: 2.34s
Validation - loss: 4.5258, acc@1: 34.85%, f1: 22.77%, mrr: 47.85%, ndcg: 52.27%
Current learning rate: 0.000131

=== Epoch 11 ===
Epoch 11, 8.6%	 loss: 2.782 acc@1: 35.62 mrr: 52.39, ndcg: 58.10, took: 2.24s
Epoch 11, 17.2%	 loss: 2.964 acc@1: 35.78 mrr: 50.90, ndcg: 56.16, took: 2.24s
Epoch 11, 25.9%	 loss: 2.705 acc@1: 39.69 mrr: 54.81, ndcg: 59.98, took: 2.09s
Epoch 11, 34.5%	 loss: 2.922 acc@1: 34.06 mrr: 50.62, ndcg: 56.21, took: 2.17s
Epoch 11, 43.1%	 loss: 2.854 acc@1: 35.31 mrr: 51.75, ndcg: 57.38, took: 2.33s
Epoch 11, 51.7%	 loss: 2.839 acc@1: 34.06 mrr: 50.81, ndcg: 56.53, took: 2.28s
Epoch 11, 60.3%	 loss: 2.659 acc@1: 39.38 mrr: 55.52, ndcg: 61.10, took: 2.40s
Epoch 11, 69.0%	 loss: 3.019 acc@1: 34.53 mrr: 49.43, ndcg: 54.42, took: 2.34s
Epoch 11, 77.6%	 loss: 2.846 acc@1: 35.16 mrr: 51.67, ndcg: 57.22, took: 2.36s
Epoch 11, 86.2%	 loss: 2.903 acc@1: 35.94 mrr: 51.48, ndcg: 57.09, took: 2.44s
Epoch 11, 94.8%	 loss: 2.962 acc@1: 34.69 mrr: 50.64, ndcg: 55.87, took: 2.42s
Validation - loss: 4.5358, acc@1: 34.73%, f1: 22.85%, mrr: 47.79%, ndcg: 52.19%
Current learning rate: 0.000131

=== Epoch 12 ===
Epoch 12, 8.6%	 loss: 3.008 acc@1: 33.91 mrr: 49.49, ndcg: 54.68, took: 2.15s
Epoch 12, 17.2%	 loss: 2.856 acc@1: 39.53 mrr: 54.10, ndcg: 58.97, took: 2.14s
Epoch 12, 25.9%	 loss: 2.873 acc@1: 35.00 mrr: 50.89, ndcg: 56.44, took: 2.10s
Epoch 12, 34.5%	 loss: 2.704 acc@1: 37.97 mrr: 53.74, ndcg: 59.47, took: 2.01s
Epoch 12, 43.1%	 loss: 2.840 acc@1: 35.47 mrr: 51.52, ndcg: 57.55, took: 2.24s
Epoch 12, 51.7%	 loss: 2.752 acc@1: 33.91 mrr: 51.37, ndcg: 57.38, took: 2.38s
Epoch 12, 60.3%	 loss: 2.821 acc@1: 35.00 mrr: 51.60, ndcg: 57.33, took: 2.32s
Epoch 12, 69.0%	 loss: 2.805 acc@1: 39.06 mrr: 53.90, ndcg: 58.60, took: 2.44s
Epoch 12, 77.6%	 loss: 2.796 acc@1: 38.44 mrr: 53.16, ndcg: 58.20, took: 2.51s
Epoch 12, 86.2%	 loss: 2.808 acc@1: 37.81 mrr: 53.40, ndcg: 58.47, took: 2.60s
Epoch 12, 94.8%	 loss: 2.818 acc@1: 35.78 mrr: 52.06, ndcg: 57.69, took: 2.51s
Validation - loss: 4.5740, acc@1: 34.85%, f1: 22.86%, mrr: 48.04%, ndcg: 52.44%
Current learning rate: 0.000131

=== Epoch 13 ===
Epoch 13, 8.6%	 loss: 2.807 acc@1: 33.91 mrr: 50.85, ndcg: 56.63, took: 2.18s
Epoch 13, 17.2%	 loss: 2.781 acc@1: 38.75 mrr: 53.66, ndcg: 58.53, took: 2.03s
Epoch 13, 25.9%	 loss: 2.917 acc@1: 35.78 mrr: 50.44, ndcg: 55.74, took: 1.94s
Epoch 13, 34.5%	 loss: 2.705 acc@1: 34.84 mrr: 52.65, ndcg: 58.96, took: 1.88s
Epoch 13, 43.1%	 loss: 2.813 acc@1: 32.81 mrr: 50.30, ndcg: 56.27, took: 2.21s
Epoch 13, 51.7%	 loss: 2.714 acc@1: 37.50 mrr: 53.88, ndcg: 59.11, took: 2.39s
Epoch 13, 60.3%	 loss: 2.860 acc@1: 35.78 mrr: 51.50, ndcg: 56.92, took: 2.48s
Epoch 13, 69.0%	 loss: 2.832 acc@1: 37.19 mrr: 52.33, ndcg: 57.25, took: 2.54s
Epoch 13, 77.6%	 loss: 2.744 acc@1: 37.81 mrr: 53.49, ndcg: 59.09, took: 2.54s
Epoch 13, 86.2%	 loss: 2.796 acc@1: 36.56 mrr: 52.48, ndcg: 58.07, took: 2.58s
Epoch 13, 94.8%	 loss: 2.775 acc@1: 40.78 mrr: 54.71, ndcg: 59.65, took: 2.56s
Validation - loss: 4.5827, acc@1: 34.58%, f1: 22.91%, mrr: 47.91%, ndcg: 52.33%
Current learning rate: 0.000131

=== Epoch 14 ===
Epoch 14, 8.6%	 loss: 2.668 acc@1: 35.00 mrr: 52.68, ndcg: 58.56, took: 2.05s
Epoch 14, 17.2%	 loss: 2.762 acc@1: 36.09 mrr: 52.33, ndcg: 57.93, took: 1.91s
Epoch 14, 25.9%	 loss: 2.739 acc@1: 36.56 mrr: 53.08, ndcg: 58.89, took: 1.89s
Epoch 14, 34.5%	 loss: 2.852 acc@1: 35.78 mrr: 51.41, ndcg: 57.06, took: 2.03s
Epoch 14, 43.1%	 loss: 2.601 acc@1: 37.81 mrr: 54.17, ndcg: 60.29, took: 2.19s
Epoch 14, 51.7%	 loss: 2.824 acc@1: 38.59 mrr: 53.45, ndcg: 58.17, took: 2.56s
Epoch 14, 60.3%	 loss: 2.794 acc@1: 35.78 mrr: 51.88, ndcg: 57.32, took: 2.59s
Epoch 14, 69.0%	 loss: 2.713 acc@1: 37.03 mrr: 53.33, ndcg: 59.09, took: 2.54s
Epoch 14, 77.6%	 loss: 2.784 acc@1: 32.97 mrr: 50.66, ndcg: 57.08, took: 2.56s
Epoch 14, 86.2%	 loss: 2.825 acc@1: 36.25 mrr: 51.89, ndcg: 57.05, took: 2.55s
Epoch 14, 94.8%	 loss: 2.858 acc@1: 38.59 mrr: 52.68, ndcg: 57.19, took: 2.53s
Validation - loss: 4.5939, acc@1: 34.76%, f1: 23.02%, mrr: 47.99%, ndcg: 52.40%
Current learning rate: 0.000013

=== Epoch 15 ===
Epoch 15, 8.6%	 loss: 3.032 acc@1: 32.34 mrr: 49.10, ndcg: 54.60, took: 1.95s
Epoch 15, 17.2%	 loss: 2.838 acc@1: 38.44 mrr: 53.17, ndcg: 57.76, took: 2.08s
Epoch 15, 25.9%	 loss: 2.900 acc@1: 34.38 mrr: 50.22, ndcg: 56.09, took: 2.14s
Epoch 15, 34.5%	 loss: 2.893 acc@1: 36.56 mrr: 51.85, ndcg: 57.50, took: 2.21s
Epoch 15, 43.1%	 loss: 2.733 acc@1: 37.81 mrr: 54.06, ndcg: 59.48, took: 2.20s
Epoch 15, 51.7%	 loss: 2.982 acc@1: 37.81 mrr: 51.55, ndcg: 56.70, took: 2.40s
Epoch 15, 60.3%	 loss: 2.867 acc@1: 37.66 mrr: 52.74, ndcg: 58.18, took: 2.56s
Epoch 15, 69.0%	 loss: 2.969 acc@1: 35.00 mrr: 51.08, ndcg: 56.49, took: 2.57s
Epoch 15, 77.6%	 loss: 2.963 acc@1: 37.81 mrr: 51.97, ndcg: 56.75, took: 2.54s
Epoch 15, 86.2%	 loss: 2.788 acc@1: 37.34 mrr: 53.38, ndcg: 59.10, took: 2.54s
Epoch 15, 94.8%	 loss: 2.859 acc@1: 37.19 mrr: 52.44, ndcg: 57.59, took: 2.58s
Validation - loss: 4.5130, acc@1: 34.73%, f1: 23.22%, mrr: 47.70%, ndcg: 52.11%
Current learning rate: 0.000013

=== Epoch 16 ===
Epoch 16, 8.6%	 loss: 2.905 acc@1: 34.69 mrr: 50.61, ndcg: 56.20, took: 2.07s
Epoch 16, 17.2%	 loss: 2.869 acc@1: 33.28 mrr: 51.05, ndcg: 56.95, took: 2.34s
Epoch 16, 25.9%	 loss: 2.861 acc@1: 37.81 mrr: 52.96, ndcg: 58.04, took: 2.37s
Epoch 16, 34.5%	 loss: 3.086 acc@1: 34.06 mrr: 49.23, ndcg: 54.43, took: 2.28s
Epoch 16, 43.1%	 loss: 2.882 acc@1: 35.00 mrr: 51.53, ndcg: 57.09, took: 2.25s
Epoch 16, 51.7%	 loss: 2.893 acc@1: 35.94 mrr: 51.70, ndcg: 56.98, took: 2.30s
Epoch 16, 60.3%	 loss: 3.006 acc@1: 34.84 mrr: 50.59, ndcg: 55.89, took: 2.57s
Epoch 16, 69.0%	 loss: 2.967 acc@1: 33.75 mrr: 49.94, ndcg: 55.42, took: 2.57s
Epoch 16, 77.6%	 loss: 2.815 acc@1: 37.19 mrr: 52.58, ndcg: 58.17, took: 2.56s
Epoch 16, 86.2%	 loss: 2.818 acc@1: 37.03 mrr: 52.81, ndcg: 58.16, took: 2.51s
Epoch 16, 94.8%	 loss: 2.755 acc@1: 37.03 mrr: 53.65, ndcg: 59.18, took: 2.41s
Validation - loss: 4.5106, acc@1: 34.40%, f1: 23.07%, mrr: 47.65%, ndcg: 52.11%
Current learning rate: 0.000013

=== Epoch 17 ===
Epoch 17, 8.6%	 loss: 2.930 acc@1: 35.47 mrr: 51.47, ndcg: 56.78, took: 2.20s
Epoch 17, 17.2%	 loss: 2.868 acc@1: 36.72 mrr: 52.17, ndcg: 57.54, took: 2.53s
Epoch 17, 25.9%	 loss: 2.623 acc@1: 39.22 mrr: 55.49, ndcg: 61.18, took: 2.37s
Epoch 17, 34.5%	 loss: 2.860 acc@1: 38.12 mrr: 53.07, ndcg: 58.34, took: 2.29s
Epoch 17, 43.1%	 loss: 2.886 acc@1: 34.38 mrr: 50.93, ndcg: 56.45, took: 2.25s
Epoch 17, 51.7%	 loss: 2.913 acc@1: 34.06 mrr: 50.85, ndcg: 56.77, took: 2.25s
Epoch 17, 60.3%	 loss: 2.905 acc@1: 34.38 mrr: 50.73, ndcg: 56.01, took: 2.41s
Epoch 17, 69.0%	 loss: 3.003 acc@1: 33.91 mrr: 49.75, ndcg: 55.31, took: 2.53s
Epoch 17, 77.6%	 loss: 2.924 acc@1: 36.56 mrr: 51.36, ndcg: 56.51, took: 2.44s
Epoch 17, 86.2%	 loss: 2.909 acc@1: 37.97 mrr: 53.07, ndcg: 58.20, took: 2.34s
Epoch 17, 94.8%	 loss: 2.901 acc@1: 37.97 mrr: 52.69, ndcg: 57.34, took: 2.32s
Validation - loss: 4.5127, acc@1: 34.49%, f1: 22.71%, mrr: 47.63%, ndcg: 52.07%
Current learning rate: 0.000013

=== Epoch 18 ===
Epoch 18, 8.6%	 loss: 2.916 acc@1: 34.84 mrr: 50.66, ndcg: 56.28, took: 2.17s
Epoch 18, 17.2%	 loss: 2.836 acc@1: 37.19 mrr: 53.45, ndcg: 58.78, took: 2.36s
Epoch 18, 25.9%	 loss: 2.991 acc@1: 32.34 mrr: 49.18, ndcg: 54.98, took: 2.39s
Epoch 18, 34.5%	 loss: 2.855 acc@1: 36.09 mrr: 52.30, ndcg: 57.65, took: 2.10s
Epoch 18, 43.1%	 loss: 2.876 acc@1: 36.72 mrr: 51.92, ndcg: 57.46, took: 2.09s
Epoch 18, 51.7%	 loss: 2.811 acc@1: 38.44 mrr: 53.21, ndcg: 58.07, took: 2.18s
Epoch 18, 60.3%	 loss: 2.916 acc@1: 37.66 mrr: 52.31, ndcg: 57.53, took: 2.18s
Epoch 18, 69.0%	 loss: 3.006 acc@1: 35.16 mrr: 50.73, ndcg: 55.80, took: 2.42s
Epoch 18, 77.6%	 loss: 2.822 acc@1: 37.50 mrr: 52.84, ndcg: 58.41, took: 2.32s
Epoch 18, 86.2%	 loss: 2.834 acc@1: 35.78 mrr: 51.53, ndcg: 56.85, took: 2.37s
Epoch 18, 94.8%	 loss: 2.913 acc@1: 31.88 mrr: 49.41, ndcg: 55.23, took: 2.41s
Validation - loss: 4.5210, acc@1: 34.73%, f1: 22.81%, mrr: 47.77%, ndcg: 52.17%
Current learning rate: 0.000013

=== Epoch 19 ===
Epoch 19, 8.6%	 loss: 2.811 acc@1: 36.72 mrr: 52.68, ndcg: 58.17, took: 2.15s
Epoch 19, 17.2%	 loss: 2.949 acc@1: 39.53 mrr: 53.16, ndcg: 57.63, took: 2.40s
Epoch 19, 25.9%	 loss: 2.705 acc@1: 38.28 mrr: 54.48, ndcg: 60.64, took: 2.41s
Epoch 19, 34.5%	 loss: 2.969 acc@1: 31.25 mrr: 48.61, ndcg: 54.44, took: 2.31s
Epoch 19, 43.1%	 loss: 2.989 acc@1: 34.69 mrr: 50.06, ndcg: 55.45, took: 2.11s
Epoch 19, 51.7%	 loss: 2.726 acc@1: 37.97 mrr: 54.32, ndcg: 59.94, took: 2.01s
Epoch 19, 60.3%	 loss: 3.179 acc@1: 30.31 mrr: 46.81, ndcg: 52.46, took: 2.08s
Epoch 19, 69.0%	 loss: 2.902 acc@1: 35.78 mrr: 51.48, ndcg: 56.83, took: 2.17s
Epoch 19, 77.6%	 loss: 2.805 acc@1: 37.03 mrr: 52.61, ndcg: 57.80, took: 2.51s
Epoch 19, 86.2%	 loss: 2.903 acc@1: 37.66 mrr: 52.78, ndcg: 58.07, took: 2.60s
Epoch 19, 94.8%	 loss: 2.752 acc@1: 37.66 mrr: 53.04, ndcg: 58.45, took: 2.51s
Validation - loss: 4.5299, acc@1: 34.67%, f1: 23.15%, mrr: 47.79%, ndcg: 52.21%
Training finished.	 Time: 622.75s.	 acc@1: 34.73%

=== Test Results ===
Test Results:
  acc@1: 29.84%
  acc@5: 55.45%
  acc@10: 58.82%
  mrr: 41.14%
  ndcg: 45.24%
  f1: 19.94%

=== Training Complete ===
