2025-12-30 21:48:00,503 - INFO - ============================================================
2025-12-30 21:48:00,503 - INFO - POINTER V45 - Training Started
2025-12-30 21:48:00,503 - INFO - ============================================================
2025-12-30 21:48:00,504 - INFO - Model config: {'d_model': 128, 'dim_feedforward': 256, 'dropout': 0.15, 'nhead': 8, 'num_layers': 2}
2025-12-30 21:48:00,504 - INFO - Training config: {'batch_size': 128, 'grad_clip': 0.8, 'label_smoothing': 0.03, 'learning_rate': 0.00065, 'min_epochs': 3, 'min_lr': 1e-06, 'num_epochs': 50, 'patience': 5, 'use_amp': True, 'warmup_epochs': 5, 'weight_decay': 0.015}
2025-12-30 21:48:00,504 - INFO - ============================================================
2025-12-30 21:48:00,504 - INFO - Training for 50 epochs
2025-12-30 21:48:00,504 - INFO - Model parameters: 679,084
2025-12-30 21:48:05,945 - INFO - Epoch 1/50 | LR: 1.30e-04 | Train: 4.3203 | Val: 3.3626 | Acc@1: 41.60%
2025-12-30 21:48:05,975 - INFO -   ✓ New best (Acc@1: 41.60%)
2025-12-30 21:48:10,488 - INFO - Epoch 2/50 | LR: 2.60e-04 | Train: 3.8489 | Val: 3.2419 | Acc@1: 44.64%
2025-12-30 21:48:10,519 - INFO -   ✓ New best (Acc@1: 44.64%)
2025-12-30 21:48:15,837 - INFO - Epoch 3/50 | LR: 3.90e-04 | Train: 3.5236 | Val: 3.1818 | Acc@1: 46.60%
2025-12-30 21:48:15,869 - INFO -   ✓ New best (Acc@1: 46.60%)
2025-12-30 21:48:21,065 - INFO - Epoch 4/50 | LR: 5.20e-04 | Train: 3.2319 | Val: 3.1502 | Acc@1: 47.53%
2025-12-30 21:48:21,098 - INFO -   ✓ New best (Acc@1: 47.53%)
2025-12-30 21:48:26,482 - INFO - Epoch 5/50 | LR: 6.50e-04 | Train: 2.9521 | Val: 3.1759 | Acc@1: 46.69%
2025-12-30 21:48:31,949 - INFO - Epoch 6/50 | LR: 6.50e-04 | Train: 2.5852 | Val: 3.1703 | Acc@1: 46.99%
2025-12-30 21:48:37,498 - INFO - Epoch 7/50 | LR: 6.49e-04 | Train: 2.2825 | Val: 3.2676 | Acc@1: 46.27%
2025-12-30 21:48:43,356 - INFO - Epoch 8/50 | LR: 6.47e-04 | Train: 2.0614 | Val: 3.3235 | Acc@1: 47.23%
2025-12-30 21:48:49,462 - INFO - Epoch 9/50 | LR: 6.43e-04 | Train: 1.8317 | Val: 3.4055 | Acc@1: 46.27%
2025-12-30 21:48:49,462 - INFO - Early stopping at epoch 9
2025-12-30 21:48:49,985 - INFO - Loaded checkpoint from epoch 4
2025-12-30 21:48:54,521 - INFO - ============================================================
2025-12-30 21:48:54,521 - INFO - FINAL VALIDATION RESULTS
2025-12-30 21:48:54,521 - INFO -   Acc@1:  47.53%
2025-12-30 21:48:54,521 - INFO -   Acc@5:  74.37%
2025-12-30 21:48:54,521 - INFO -   Acc@10: 79.64%
2025-12-30 21:48:54,521 - INFO -   MRR:    59.36%
2025-12-30 21:48:54,521 - INFO -   NDCG:   64.05%
2025-12-30 21:48:54,521 - INFO - ============================================================
2025-12-30 21:48:54,521 - INFO - FINAL TEST RESULTS
2025-12-30 21:48:54,522 - INFO -   Acc@1:  51.50%
2025-12-30 21:48:54,522 - INFO -   Acc@5:  77.36%
2025-12-30 21:48:54,522 - INFO -   Acc@10: 81.93%
2025-12-30 21:48:54,522 - INFO -   MRR:    63.01%
2025-12-30 21:48:54,522 - INFO -   NDCG:   67.42%
2025-12-30 21:48:54,522 - INFO - ============================================================
