2026-01-01 08:14:07,159 - INFO - ============================================================
2026-01-01 08:14:07,159 - INFO - POINTER V45 - Training Started
2026-01-01 08:14:07,159 - INFO - ============================================================
2026-01-01 08:14:07,159 - INFO - Model config: {'d_model': 128, 'nhead': 2, 'num_layers': 3, 'dim_feedforward': 128, 'dropout': 0.25}
2026-01-01 08:14:07,159 - INFO - Training config: {'batch_size': 64, 'num_epochs': 50, 'learning_rate': 0.001, 'weight_decay': 0.015, 'label_smoothing': 0.05, 'grad_clip': 0.8, 'patience': 5, 'min_epochs': 8, 'warmup_epochs': 5, 'use_amp': True, 'min_lr': 1e-06}
2026-01-01 08:14:07,160 - INFO - ============================================================
2026-01-01 08:14:07,160 - INFO - Training for 50 epochs
2026-01-01 08:14:07,160 - INFO - Model parameters: 713,668
2026-01-01 08:14:14,493 - INFO - Epoch 1/50 | LR: 2.00e-04 | Train: 4.5004 | Val: 3.2517 | Acc@1: 42.89%
2026-01-01 08:14:14,528 - INFO -   ✓ New best (Acc@1: 42.89%)
2026-01-01 08:14:20,566 - INFO - Epoch 2/50 | LR: 4.00e-04 | Train: 3.8139 | Val: 3.1860 | Acc@1: 45.59%
2026-01-01 08:14:20,615 - INFO -   ✓ New best (Acc@1: 45.59%)
2026-01-01 08:14:26,627 - INFO - Epoch 3/50 | LR: 6.00e-04 | Train: 3.4959 | Val: 3.0634 | Acc@1: 47.90%
2026-01-01 08:14:26,671 - INFO -   ✓ New best (Acc@1: 47.90%)
2026-01-01 08:14:32,986 - INFO - Epoch 4/50 | LR: 8.00e-04 | Train: 3.1902 | Val: 3.1592 | Acc@1: 47.63%
2026-01-01 08:14:39,233 - INFO - Epoch 5/50 | LR: 1.00e-03 | Train: 2.8971 | Val: 3.1410 | Acc@1: 47.90%
2026-01-01 08:14:45,799 - INFO - Epoch 6/50 | LR: 1.00e-03 | Train: 2.5856 | Val: 3.2494 | Acc@1: 48.05%
2026-01-01 08:14:52,587 - INFO - Epoch 7/50 | LR: 9.99e-04 | Train: 2.3205 | Val: 3.2837 | Acc@1: 47.36%
2026-01-01 08:15:00,462 - INFO - Epoch 8/50 | LR: 9.95e-04 | Train: 2.0958 | Val: 3.4040 | Acc@1: 47.99%
2026-01-01 08:15:00,462 - INFO - Early stopping at epoch 8
2026-01-01 08:15:00,686 - INFO - Loaded checkpoint from epoch 3
2026-01-01 08:15:04,611 - INFO - ============================================================
2026-01-01 08:15:04,611 - INFO - FINAL VALIDATION RESULTS
2026-01-01 08:15:04,611 - INFO -   Acc@1:  47.90%
2026-01-01 08:15:04,611 - INFO -   Acc@5:  77.95%
2026-01-01 08:15:04,611 - INFO -   Acc@10: 82.42%
2026-01-01 08:15:04,611 - INFO -   MRR:    60.98%
2026-01-01 08:15:04,611 - INFO -   NDCG:   66.03%
2026-01-01 08:15:04,611 - INFO - ============================================================
2026-01-01 08:15:04,611 - INFO - FINAL TEST RESULTS
2026-01-01 08:15:04,611 - INFO -   Acc@1:  50.57%
2026-01-01 08:15:04,612 - INFO -   Acc@5:  82.18%
2026-01-01 08:15:04,612 - INFO -   Acc@10: 85.24%
2026-01-01 08:15:04,612 - INFO -   MRR:    64.48%
2026-01-01 08:15:04,612 - INFO -   NDCG:   69.50%
2026-01-01 08:15:04,612 - INFO - ============================================================
