2025-12-30 16:51:12,428 - INFO - ============================================================
2025-12-30 16:51:12,428 - INFO - POINTER V45 - Training Started
2025-12-30 16:51:12,428 - INFO - ============================================================
2025-12-30 16:51:12,428 - INFO - Model config: {'d_model': 32, 'dim_feedforward': 256, 'dropout': 0.15, 'nhead': 8, 'num_layers': 4}
2025-12-30 16:51:12,429 - INFO - Training config: {'batch_size': 128, 'grad_clip': 0.8, 'label_smoothing': 0.03, 'learning_rate': 0.0006, 'min_epochs': 3, 'min_lr': 1e-06, 'num_epochs': 50, 'patience': 5, 'use_amp': True, 'warmup_epochs': 5, 'weight_decay': 0.015}
2025-12-30 16:51:12,429 - INFO - ============================================================
2025-12-30 16:51:12,429 - INFO - Training for 50 epochs
2025-12-30 16:51:12,429 - INFO - Model parameters: 592,896
2025-12-30 16:53:25,680 - INFO - Epoch 1/50 | LR: 1.20e-04 | Train: 3.3663 | Val: 3.2358 | Acc@1: 48.91%
2025-12-30 16:53:25,716 - INFO -   ✓ New best (Acc@1: 48.91%)
2025-12-30 16:55:36,652 - INFO - Epoch 2/50 | LR: 2.40e-04 | Train: 3.1140 | Val: 3.1504 | Acc@1: 52.29%
2025-12-30 16:55:36,692 - INFO -   ✓ New best (Acc@1: 52.29%)
2025-12-30 16:57:48,133 - INFO - Epoch 3/50 | LR: 3.60e-04 | Train: 3.0250 | Val: 3.1035 | Acc@1: 53.06%
2025-12-30 16:57:48,169 - INFO -   ✓ New best (Acc@1: 53.06%)
2025-12-30 16:59:58,677 - INFO - Epoch 4/50 | LR: 4.80e-04 | Train: 2.9663 | Val: 3.0725 | Acc@1: 53.86%
2025-12-30 16:59:58,714 - INFO -   ✓ New best (Acc@1: 53.86%)
2025-12-30 17:02:11,617 - INFO - Epoch 5/50 | LR: 6.00e-04 | Train: 2.9114 | Val: 3.0296 | Acc@1: 54.15%
2025-12-30 17:02:11,653 - INFO -   ✓ New best (Acc@1: 54.15%)
2025-12-30 17:04:22,773 - INFO - Epoch 6/50 | LR: 6.00e-04 | Train: 2.8519 | Val: 2.9910 | Acc@1: 54.54%
2025-12-30 17:04:22,810 - INFO -   ✓ New best (Acc@1: 54.54%)
2025-12-30 17:06:34,290 - INFO - Epoch 7/50 | LR: 5.99e-04 | Train: 2.7877 | Val: 2.9664 | Acc@1: 54.72%
2025-12-30 17:06:34,328 - INFO -   ✓ New best (Acc@1: 54.72%)
2025-12-30 17:08:46,122 - INFO - Epoch 8/50 | LR: 5.97e-04 | Train: 2.7395 | Val: 2.9421 | Acc@1: 54.76%
2025-12-30 17:08:46,166 - INFO -   ✓ New best (Acc@1: 54.76%)
2025-12-30 17:10:57,580 - INFO - Epoch 9/50 | LR: 5.93e-04 | Train: 2.7013 | Val: 2.9368 | Acc@1: 54.80%
2025-12-30 17:10:57,616 - INFO -   ✓ New best (Acc@1: 54.80%)
2025-12-30 17:13:08,670 - INFO - Epoch 10/50 | LR: 5.88e-04 | Train: 2.6679 | Val: 2.9329 | Acc@1: 54.78%
2025-12-30 17:13:08,709 - INFO -   ✓ New best (Acc@1: 54.78%)
2025-12-30 17:15:16,809 - INFO - Epoch 11/50 | LR: 5.82e-04 | Train: 2.6437 | Val: 2.9335 | Acc@1: 54.98%
2025-12-30 17:17:19,741 - INFO - Epoch 12/50 | LR: 5.74e-04 | Train: 2.6294 | Val: 2.9200 | Acc@1: 54.74%
2025-12-30 17:17:19,779 - INFO -   ✓ New best (Acc@1: 54.74%)
2025-12-30 17:19:34,186 - INFO - Epoch 13/50 | LR: 5.65e-04 | Train: 2.6028 | Val: 2.9405 | Acc@1: 54.76%
2025-12-30 17:21:49,454 - INFO - Epoch 14/50 | LR: 5.54e-04 | Train: 2.5889 | Val: 2.9296 | Acc@1: 54.93%
2025-12-30 17:23:56,404 - INFO - Epoch 15/50 | LR: 5.43e-04 | Train: 2.5778 | Val: 2.9394 | Acc@1: 54.83%
2025-12-30 17:26:09,047 - INFO - Epoch 16/50 | LR: 5.30e-04 | Train: 2.5723 | Val: 2.9541 | Acc@1: 54.52%
2025-12-30 17:28:20,579 - INFO - Epoch 17/50 | LR: 5.16e-04 | Train: 2.5816 | Val: 2.9610 | Acc@1: 54.77%
2025-12-30 17:28:20,579 - INFO - Early stopping at epoch 17
2025-12-30 17:28:21,989 - INFO - Loaded checkpoint from epoch 12
2025-12-30 17:28:46,537 - INFO - ============================================================
2025-12-30 17:28:46,537 - INFO - FINAL VALIDATION RESULTS
2025-12-30 17:28:46,537 - INFO -   Acc@1:  54.74%
2025-12-30 17:28:46,537 - INFO -   Acc@5:  79.51%
2025-12-30 17:28:46,537 - INFO -   Acc@10: 82.84%
2025-12-30 17:28:46,537 - INFO -   MRR:    65.59%
2025-12-30 17:28:46,537 - INFO -   NDCG:   69.69%
2025-12-30 17:28:46,537 - INFO - ============================================================
2025-12-30 17:28:46,537 - INFO - FINAL TEST RESULTS
2025-12-30 17:28:46,537 - INFO -   Acc@1:  54.63%
2025-12-30 17:28:46,538 - INFO -   Acc@5:  80.93%
2025-12-30 17:28:46,538 - INFO -   Acc@10: 84.07%
2025-12-30 17:28:46,538 - INFO -   MRR:    66.08%
2025-12-30 17:28:46,538 - INFO -   NDCG:   70.38%
2025-12-30 17:28:46,538 - INFO - ============================================================
