2025-12-30 05:03:58,655 - INFO - ============================================================
2025-12-30 05:03:58,655 - INFO - POINTER V45 - Training Started
2025-12-30 05:03:58,656 - INFO - ============================================================
2025-12-30 05:03:58,656 - INFO - Model config: {'d_model': 64, 'dim_feedforward': 512, 'dropout': 0.15, 'nhead': 4, 'num_layers': 8}
2025-12-30 05:03:58,656 - INFO - Training config: {'batch_size': 128, 'grad_clip': 0.8, 'label_smoothing': 0.03, 'learning_rate': 0.0006, 'min_epochs': 8, 'min_lr': 1e-06, 'num_epochs': 50, 'patience': 5, 'use_amp': True, 'warmup_epochs': 5, 'weight_decay': 0.015}
2025-12-30 05:03:58,656 - INFO - ============================================================
2025-12-30 05:03:58,656 - INFO - Training for 50 epochs
2025-12-30 05:03:58,656 - INFO - Model parameters: 1,523,183
2025-12-30 05:06:25,747 - INFO - Epoch 1/50 | LR: 1.20e-04 | Train: 3.0649 | Val: 2.9376 | Acc@1: 50.32%
2025-12-30 05:06:25,818 - INFO -   ✓ New best (Acc@1: 50.32%)
2025-12-30 05:08:59,711 - INFO - Epoch 2/50 | LR: 2.40e-04 | Train: 2.8412 | Val: 2.9016 | Acc@1: 51.86%
2025-12-30 05:08:59,789 - INFO -   ✓ New best (Acc@1: 51.86%)
2025-12-30 05:11:37,077 - INFO - Epoch 3/50 | LR: 3.60e-04 | Train: 2.7682 | Val: 2.8744 | Acc@1: 52.49%
2025-12-30 05:11:37,149 - INFO -   ✓ New best (Acc@1: 52.49%)
2025-12-30 05:14:11,068 - INFO - Epoch 4/50 | LR: 4.80e-04 | Train: 2.7210 | Val: 2.8351 | Acc@1: 53.46%
2025-12-30 05:14:11,145 - INFO -   ✓ New best (Acc@1: 53.46%)
2025-12-30 05:16:46,477 - INFO - Epoch 5/50 | LR: 6.00e-04 | Train: 2.6814 | Val: 2.8188 | Acc@1: 53.98%
2025-12-30 05:16:46,550 - INFO -   ✓ New best (Acc@1: 53.98%)
2025-12-30 05:19:22,964 - INFO - Epoch 6/50 | LR: 6.00e-04 | Train: 2.6217 | Val: 2.7915 | Acc@1: 53.96%
2025-12-30 05:19:23,037 - INFO -   ✓ New best (Acc@1: 53.96%)
2025-12-30 05:21:57,533 - INFO - Epoch 7/50 | LR: 5.99e-04 | Train: 2.5651 | Val: 2.7960 | Acc@1: 54.55%
2025-12-30 05:24:26,525 - INFO - Epoch 8/50 | LR: 5.97e-04 | Train: 2.5176 | Val: 2.7772 | Acc@1: 54.15%
2025-12-30 05:24:26,596 - INFO -   ✓ New best (Acc@1: 54.15%)
2025-12-30 05:27:01,580 - INFO - Epoch 9/50 | LR: 5.93e-04 | Train: 2.4713 | Val: 2.7772 | Acc@1: 54.35%
2025-12-30 05:27:01,651 - INFO -   ✓ New best (Acc@1: 54.35%)
2025-12-30 05:29:38,601 - INFO - Epoch 10/50 | LR: 5.88e-04 | Train: 2.4363 | Val: 2.7873 | Acc@1: 54.20%
2025-12-30 05:32:13,804 - INFO - Epoch 11/50 | LR: 5.82e-04 | Train: 2.3999 | Val: 2.8117 | Acc@1: 53.85%
2025-12-30 05:34:48,498 - INFO - Epoch 12/50 | LR: 5.74e-04 | Train: 2.3665 | Val: 2.8194 | Acc@1: 53.49%
2025-12-30 05:36:38,925 - INFO - Epoch 13/50 | LR: 5.65e-04 | Train: 2.3349 | Val: 2.8379 | Acc@1: 53.49%
2025-12-30 05:38:01,211 - INFO - Epoch 14/50 | LR: 5.54e-04 | Train: 2.3018 | Val: 2.8388 | Acc@1: 53.01%
2025-12-30 05:38:01,211 - INFO - Early stopping at epoch 14
2025-12-30 05:38:01,392 - INFO - Loaded checkpoint from epoch 9
2025-12-30 05:38:04,820 - INFO - ============================================================
2025-12-30 05:38:04,820 - INFO - FINAL VALIDATION RESULTS
2025-12-30 05:38:04,820 - INFO -   Acc@1:  54.35%
2025-12-30 05:38:04,820 - INFO -   Acc@5:  80.69%
2025-12-30 05:38:04,820 - INFO -   Acc@10: 84.98%
2025-12-30 05:38:04,820 - INFO -   MRR:    65.80%
2025-12-30 05:38:04,820 - INFO -   NDCG:   70.35%
2025-12-30 05:38:04,820 - INFO - ============================================================
2025-12-30 05:38:04,820 - INFO - FINAL TEST RESULTS
2025-12-30 05:38:04,820 - INFO -   Acc@1:  56.06%
2025-12-30 05:38:04,820 - INFO -   Acc@5:  82.03%
2025-12-30 05:38:04,820 - INFO -   Acc@10: 86.03%
2025-12-30 05:38:04,820 - INFO -   MRR:    67.28%
2025-12-30 05:38:04,820 - INFO -   NDCG:   71.76%
2025-12-30 05:38:04,821 - INFO - ============================================================
