2026-01-02 09:01:48,540 - INFO - ============================================================
2026-01-02 09:01:48,541 - INFO - ABLATION STUDY - NO_GENERATION
2026-01-02 09:01:48,541 - INFO - ============================================================
2026-01-02 09:01:48,541 - INFO - Training for 50 epochs, patience=5
2026-01-02 09:01:48,541 - INFO - Model parameters: 323,560
2026-01-02 09:01:54,279 - INFO - Epoch 1/50 | LR: 2.00e-04 | Train: 8.1676 | Val: 5.4368 | Acc@1: 43.73%
2026-01-02 09:01:54,304 - INFO -   ✓ New best (Acc@1: 43.73%)
2026-01-02 09:01:59,232 - INFO - Epoch 2/50 | LR: 4.00e-04 | Train: 7.9337 | Val: 5.3848 | Acc@1: 46.16%
2026-01-02 09:01:59,261 - INFO -   ✓ New best (Acc@1: 46.16%)
2026-01-02 09:02:04,857 - INFO - Epoch 3/50 | LR: 6.00e-04 | Train: 7.8040 | Val: 5.3719 | Acc@1: 46.94%
2026-01-02 09:02:04,883 - INFO -   ✓ New best (Acc@1: 46.94%)
2026-01-02 09:02:11,087 - INFO - Epoch 4/50 | LR: 8.00e-04 | Train: 7.7283 | Val: 5.3508 | Acc@1: 47.60%
2026-01-02 09:02:11,113 - INFO -   ✓ New best (Acc@1: 47.60%)
2026-01-02 09:02:17,863 - INFO - Epoch 5/50 | LR: 1.00e-03 | Train: 7.6463 | Val: 5.3709 | Acc@1: 48.50%
2026-01-02 09:02:24,497 - INFO - Epoch 6/50 | LR: 1.00e-03 | Train: 7.5641 | Val: 5.3813 | Acc@1: 49.91%
2026-01-02 09:02:30,756 - INFO - Epoch 7/50 | LR: 9.99e-04 | Train: 7.4982 | Val: 5.4138 | Acc@1: 48.89%
2026-01-02 09:02:37,000 - INFO - Epoch 8/50 | LR: 9.95e-04 | Train: 7.4357 | Val: 5.4989 | Acc@1: 48.02%
2026-01-02 09:02:43,172 - INFO - Epoch 9/50 | LR: 9.89e-04 | Train: 7.3788 | Val: 5.5278 | Acc@1: 49.01%
2026-01-02 09:02:43,173 - INFO - Early stopping at epoch 9
2026-01-02 09:02:46,858 - INFO - ============================================================
2026-01-02 09:02:46,858 - INFO - FINAL RESULTS - NO_GENERATION
2026-01-02 09:02:46,858 - INFO - ============================================================
2026-01-02 09:02:46,858 - INFO - Validation Acc@1: 47.60%
2026-01-02 09:02:46,858 - INFO - Test Acc@1: 51.86%
2026-01-02 09:02:46,858 - INFO - Test Acc@5: 82.41%
2026-01-02 09:02:46,858 - INFO - Test Acc@10: 85.38%
2026-01-02 09:02:46,858 - INFO - Test MRR: 64.95%
2026-01-02 09:02:46,858 - INFO - Test NDCG: 69.58%
2026-01-02 09:02:46,858 - INFO - Test F1: 0.48%
2026-01-02 09:02:46,859 - INFO - ============================================================
