2025-12-29 08:09:09,849 - INFO - ============================================================
2025-12-29 08:09:09,849 - INFO - POINTER V45 - Training Started
2025-12-29 08:09:09,849 - INFO - ============================================================
2025-12-29 08:09:09,849 - INFO - Model config: {'d_model': 128, 'dim_feedforward': 256, 'dropout': 0.15, 'nhead': 4, 'num_layers': 4}
2025-12-29 08:09:09,849 - INFO - Training config: {'batch_size': 128, 'grad_clip': 0.8, 'label_smoothing': 0.03, 'learning_rate': 0.0006, 'min_epochs': 8, 'min_lr': 1e-06, 'num_epochs': 50, 'patience': 5, 'use_amp': True, 'warmup_epochs': 5, 'weight_decay': 0.015}
2025-12-29 08:09:09,849 - INFO - ============================================================
2025-12-29 08:09:09,850 - INFO - Training for 50 epochs
2025-12-29 08:09:09,850 - INFO - Model parameters: 2,613,600
2025-12-29 08:10:09,169 - INFO - Epoch 1/50 | LR: 1.20e-04 | Train: 3.3258 | Val: 3.1863 | Acc@1: 50.89%
2025-12-29 08:10:09,236 - INFO -   ✓ New best (Acc@1: 50.89%)
2025-12-29 08:11:08,223 - INFO - Epoch 2/50 | LR: 2.40e-04 | Train: 3.0636 | Val: 3.0918 | Acc@1: 53.02%
2025-12-29 08:11:08,297 - INFO -   ✓ New best (Acc@1: 53.02%)
2025-12-29 08:12:06,934 - INFO - Epoch 3/50 | LR: 3.60e-04 | Train: 2.9341 | Val: 3.0025 | Acc@1: 53.72%
2025-12-29 08:12:07,008 - INFO -   ✓ New best (Acc@1: 53.72%)
2025-12-29 08:13:05,796 - INFO - Epoch 4/50 | LR: 4.80e-04 | Train: 2.7925 | Val: 2.9224 | Acc@1: 54.23%
2025-12-29 08:13:05,868 - INFO -   ✓ New best (Acc@1: 54.23%)
2025-12-29 08:14:04,292 - INFO - Epoch 5/50 | LR: 6.00e-04 | Train: 2.6863 | Val: 2.8933 | Acc@1: 54.40%
2025-12-29 08:14:04,365 - INFO -   ✓ New best (Acc@1: 54.40%)
2025-12-29 08:15:02,475 - INFO - Epoch 6/50 | LR: 6.00e-04 | Train: 2.5863 | Val: 2.8759 | Acc@1: 54.33%
2025-12-29 08:15:02,549 - INFO -   ✓ New best (Acc@1: 54.33%)
2025-12-29 08:16:01,047 - INFO - Epoch 7/50 | LR: 5.99e-04 | Train: 2.5112 | Val: 2.8700 | Acc@1: 54.50%
2025-12-29 08:16:01,130 - INFO -   ✓ New best (Acc@1: 54.50%)
2025-12-29 08:16:58,722 - INFO - Epoch 8/50 | LR: 5.97e-04 | Train: 2.4516 | Val: 2.8886 | Acc@1: 54.25%
2025-12-29 08:17:57,389 - INFO - Epoch 9/50 | LR: 5.93e-04 | Train: 2.4015 | Val: 2.9050 | Acc@1: 53.62%
2025-12-29 08:18:55,754 - INFO - Epoch 10/50 | LR: 5.88e-04 | Train: 2.3510 | Val: 2.9358 | Acc@1: 53.80%
2025-12-29 08:19:51,917 - INFO - Epoch 11/50 | LR: 5.82e-04 | Train: 2.3150 | Val: 2.9602 | Acc@1: 52.98%
2025-12-29 08:20:50,154 - INFO - Epoch 12/50 | LR: 5.74e-04 | Train: 2.2872 | Val: 2.9873 | Acc@1: 53.24%
2025-12-29 08:20:50,154 - INFO - Early stopping at epoch 12
2025-12-29 08:20:50,268 - INFO - Loaded checkpoint from epoch 7
2025-12-29 08:20:56,919 - INFO - ============================================================
2025-12-29 08:20:56,919 - INFO - FINAL VALIDATION RESULTS
2025-12-29 08:20:56,920 - INFO -   Acc@1:  54.50%
2025-12-29 08:20:56,920 - INFO -   Acc@5:  79.96%
2025-12-29 08:20:56,920 - INFO -   Acc@10: 84.00%
2025-12-29 08:20:56,920 - INFO -   MRR:    65.63%
2025-12-29 08:20:56,920 - INFO -   NDCG:   69.97%
2025-12-29 08:20:56,920 - INFO - ============================================================
2025-12-29 08:20:56,920 - INFO - FINAL TEST RESULTS
2025-12-29 08:20:56,920 - INFO -   Acc@1:  54.71%
2025-12-29 08:20:56,920 - INFO -   Acc@5:  81.16%
2025-12-29 08:20:56,920 - INFO -   Acc@10: 85.08%
2025-12-29 08:20:56,920 - INFO -   MRR:    66.28%
2025-12-29 08:20:56,920 - INFO -   NDCG:   70.75%
2025-12-29 08:20:56,920 - INFO - ============================================================
