2025-12-29 06:37:07,450 - INFO - ============================================================
2025-12-29 06:37:07,451 - INFO - ABLATION STUDY: no_time_emb
2025-12-29 06:37:07,451 - INFO - ============================================================
2025-12-29 06:37:07,451 - INFO - Ablation: Without Time-of-Day Embedding
2025-12-29 06:37:07,451 - INFO - Model parameters: 248,900
2025-12-29 06:37:07,451 - INFO - ============================================================
2025-12-29 06:37:07,451 - INFO - Training for 50 epochs
2025-12-29 06:37:10,663 - INFO - Epoch 1/50 | LR: 1.30e-04 | Train: 4.2789 | Val: 3.1792 | Acc@1: 39.44%
2025-12-29 06:37:10,684 - INFO -   ✓ New best (Acc@1: 39.44%)
2025-12-29 06:37:13,295 - INFO - Epoch 2/50 | LR: 2.60e-04 | Train: 3.8729 | Val: 3.0621 | Acc@1: 42.68%
2025-12-29 06:37:13,316 - INFO -   ✓ New best (Acc@1: 42.68%)
2025-12-29 06:37:15,839 - INFO - Epoch 3/50 | LR: 3.90e-04 | Train: 3.6401 | Val: 2.9828 | Acc@1: 44.66%
2025-12-29 06:37:15,863 - INFO -   ✓ New best (Acc@1: 44.66%)
2025-12-29 06:37:18,486 - INFO - Epoch 4/50 | LR: 5.20e-04 | Train: 3.4501 | Val: 2.9942 | Acc@1: 45.05%
2025-12-29 06:37:21,075 - INFO - Epoch 5/50 | LR: 6.50e-04 | Train: 3.2892 | Val: 2.9392 | Acc@1: 46.55%
2025-12-29 06:37:21,097 - INFO -   ✓ New best (Acc@1: 46.55%)
2025-12-29 06:37:23,683 - INFO - Epoch 6/50 | LR: 6.50e-04 | Train: 3.1042 | Val: 2.9209 | Acc@1: 47.39%
2025-12-29 06:37:23,704 - INFO -   ✓ New best (Acc@1: 47.39%)
2025-12-29 06:37:26,215 - INFO - Epoch 7/50 | LR: 6.49e-04 | Train: 2.9211 | Val: 2.9180 | Acc@1: 47.87%
2025-12-29 06:37:26,235 - INFO -   ✓ New best (Acc@1: 47.87%)
2025-12-29 06:37:28,631 - INFO - Epoch 8/50 | LR: 6.47e-04 | Train: 2.7584 | Val: 2.9368 | Acc@1: 47.57%
2025-12-29 06:37:31,021 - INFO - Epoch 9/50 | LR: 6.43e-04 | Train: 2.5968 | Val: 2.9796 | Acc@1: 47.87%
2025-12-29 06:37:33,348 - INFO - Epoch 10/50 | LR: 6.37e-04 | Train: 2.4643 | Val: 2.9859 | Acc@1: 47.36%
2025-12-29 06:37:35,813 - INFO - Epoch 11/50 | LR: 6.30e-04 | Train: 2.3348 | Val: 2.9691 | Acc@1: 47.99%
2025-12-29 06:37:38,082 - INFO - Epoch 12/50 | LR: 6.22e-04 | Train: 2.2173 | Val: 3.0308 | Acc@1: 47.06%
2025-12-29 06:37:38,082 - INFO - Early stopping at epoch 12
2025-12-29 06:37:39,038 - INFO - ============================================================
2025-12-29 06:37:39,039 - INFO - FINAL TEST RESULTS
2025-12-29 06:37:39,039 - INFO -   Acc@1:  51.94%
2025-12-29 06:37:39,039 - INFO -   Acc@5:  81.38%
2025-12-29 06:37:39,039 - INFO -   Acc@10: 84.95%
2025-12-29 06:37:39,039 - INFO -   MRR:    64.95%
2025-12-29 06:37:39,039 - INFO -   NDCG:   69.73%
2025-12-29 06:37:39,039 - INFO -   F1:     47.20%
2025-12-29 06:37:39,039 - INFO - ============================================================
