2025-12-28 19:03:09,186 - INFO - ============================================================
2025-12-28 19:03:09,188 - INFO - POINTER V45 - Training Started
2025-12-28 19:03:09,188 - INFO - ============================================================
2025-12-28 19:03:09,188 - INFO - Model config: {'d_model': 128, 'dim_feedforward': 256, 'dropout': 0.15, 'nhead': 4, 'num_layers': 3}
2025-12-28 19:03:09,188 - INFO - Training config: {'batch_size': 128, 'grad_clip': 0.8, 'label_smoothing': 0.03, 'learning_rate': 0.0009, 'min_epochs': 8, 'min_lr': 1e-06, 'num_epochs': 50, 'patience': 5, 'use_amp': True, 'warmup_epochs': 5, 'weight_decay': 0.015}
2025-12-28 19:03:09,188 - INFO - ============================================================
2025-12-28 19:03:09,189 - INFO - Training for 50 epochs
2025-12-28 19:03:09,189 - INFO - Model parameters: 2,481,120
2025-12-28 19:04:31,832 - INFO - Epoch 1/50 | LR: 1.80e-04 | Train: 3.2571 | Val: 3.1424 | Acc@1: 52.20%
2025-12-28 19:04:31,904 - INFO -   ✓ New best (Acc@1: 52.20%)
2025-12-28 19:05:51,746 - INFO - Epoch 2/50 | LR: 3.60e-04 | Train: 3.0155 | Val: 3.0618 | Acc@1: 53.47%
2025-12-28 19:05:51,813 - INFO -   ✓ New best (Acc@1: 53.47%)
2025-12-28 19:07:11,609 - INFO - Epoch 3/50 | LR: 5.40e-04 | Train: 2.8655 | Val: 2.9556 | Acc@1: 53.86%
2025-12-28 19:07:11,676 - INFO -   ✓ New best (Acc@1: 53.86%)
2025-12-28 19:08:33,036 - INFO - Epoch 4/50 | LR: 7.20e-04 | Train: 2.7213 | Val: 2.9026 | Acc@1: 53.69%
2025-12-28 19:08:33,104 - INFO -   ✓ New best (Acc@1: 53.69%)
2025-12-28 19:09:54,277 - INFO - Epoch 5/50 | LR: 9.00e-04 | Train: 2.6352 | Val: 2.8717 | Acc@1: 54.25%
2025-12-28 19:09:54,346 - INFO -   ✓ New best (Acc@1: 54.25%)
2025-12-28 19:11:14,654 - INFO - Epoch 6/50 | LR: 9.00e-04 | Train: 2.5503 | Val: 2.8623 | Acc@1: 54.52%
2025-12-28 19:11:14,720 - INFO -   ✓ New best (Acc@1: 54.52%)
