2025-12-29 22:52:29,911 - INFO - ============================================================
2025-12-29 22:52:29,911 - INFO - POINTER V45 - Training Started
2025-12-29 22:52:29,912 - INFO - ============================================================
2025-12-29 22:52:29,912 - INFO - Model config: {'d_model': 128, 'dim_feedforward': 512, 'dropout': 0.15, 'nhead': 8, 'num_layers': 8}
2025-12-29 22:52:29,912 - INFO - Training config: {'batch_size': 128, 'grad_clip': 0.8, 'label_smoothing': 0.03, 'learning_rate': 0.0006, 'min_epochs': 8, 'min_lr': 1e-06, 'num_epochs': 50, 'patience': 5, 'use_amp': True, 'warmup_epochs': 5, 'weight_decay': 0.015}
2025-12-29 22:52:29,912 - INFO - ============================================================
2025-12-29 22:52:29,912 - INFO - Training for 50 epochs
2025-12-29 22:52:29,912 - INFO - Model parameters: 2,981,246
2025-12-29 22:55:43,598 - INFO - Epoch 1/50 | LR: 1.20e-04 | Train: 3.1335 | Val: 2.8049 | Acc@1: 51.00%
2025-12-29 22:55:43,690 - INFO -   ✓ New best (Acc@1: 51.00%)
2025-12-29 22:58:56,706 - INFO - Epoch 2/50 | LR: 2.40e-04 | Train: 2.8047 | Val: 2.7508 | Acc@1: 52.76%
2025-12-29 22:58:56,804 - INFO -   ✓ New best (Acc@1: 52.76%)
2025-12-29 23:02:10,742 - INFO - Epoch 3/50 | LR: 3.60e-04 | Train: 2.7040 | Val: 2.7330 | Acc@1: 53.71%
2025-12-29 23:02:10,842 - INFO -   ✓ New best (Acc@1: 53.71%)
2025-12-29 23:05:24,754 - INFO - Epoch 4/50 | LR: 4.80e-04 | Train: 2.6297 | Val: 2.7325 | Acc@1: 52.91%
2025-12-29 23:05:24,852 - INFO -   ✓ New best (Acc@1: 52.91%)
2025-12-29 23:08:38,283 - INFO - Epoch 5/50 | LR: 6.00e-04 | Train: 2.5681 | Val: 2.6881 | Acc@1: 53.49%
2025-12-29 23:08:38,381 - INFO -   ✓ New best (Acc@1: 53.49%)
2025-12-29 23:11:52,005 - INFO - Epoch 6/50 | LR: 6.00e-04 | Train: 2.4804 | Val: 2.6682 | Acc@1: 54.03%
2025-12-29 23:11:52,113 - INFO -   ✓ New best (Acc@1: 54.03%)
2025-12-29 23:15:06,232 - INFO - Epoch 7/50 | LR: 5.99e-04 | Train: 2.3981 | Val: 2.6347 | Acc@1: 54.06%
2025-12-29 23:15:06,333 - INFO -   ✓ New best (Acc@1: 54.06%)
2025-12-29 23:18:27,256 - INFO - Epoch 8/50 | LR: 5.97e-04 | Train: 2.3265 | Val: 2.6365 | Acc@1: 54.35%
2025-12-29 23:21:46,793 - INFO - Epoch 9/50 | LR: 5.93e-04 | Train: 2.2512 | Val: 2.6934 | Acc@1: 54.13%
2025-12-29 23:25:00,777 - INFO - Epoch 10/50 | LR: 5.88e-04 | Train: 2.1794 | Val: 2.7104 | Acc@1: 53.84%
2025-12-29 23:27:07,457 - INFO - Epoch 11/50 | LR: 5.82e-04 | Train: 2.1052 | Val: 2.7496 | Acc@1: 53.65%
2025-12-29 23:28:37,561 - INFO - Epoch 12/50 | LR: 5.74e-04 | Train: 2.0331 | Val: 2.7797 | Acc@1: 53.58%
2025-12-29 23:28:37,562 - INFO - Early stopping at epoch 12
2025-12-29 23:28:37,822 - INFO - Loaded checkpoint from epoch 7
2025-12-29 23:28:40,024 - INFO - ============================================================
2025-12-29 23:28:40,024 - INFO - FINAL VALIDATION RESULTS
2025-12-29 23:28:40,024 - INFO -   Acc@1:  54.06%
2025-12-29 23:28:40,024 - INFO -   Acc@5:  82.10%
2025-12-29 23:28:40,024 - INFO -   Acc@10: 86.27%
2025-12-29 23:28:40,024 - INFO -   MRR:    66.14%
2025-12-29 23:28:40,024 - INFO -   NDCG:   70.91%
2025-12-29 23:28:40,024 - INFO - ============================================================
2025-12-29 23:28:40,024 - INFO - FINAL TEST RESULTS
2025-12-29 23:28:40,025 - INFO -   Acc@1:  55.37%
2025-12-29 23:28:40,025 - INFO -   Acc@5:  82.91%
2025-12-29 23:28:40,025 - INFO -   Acc@10: 87.37%
2025-12-29 23:28:40,025 - INFO -   MRR:    67.28%
2025-12-29 23:28:40,025 - INFO -   NDCG:   72.04%
2025-12-29 23:28:40,025 - INFO - ============================================================
