2025-12-30 01:28:03,964 - INFO - ============================================================
2025-12-30 01:28:03,964 - INFO - POINTER V45 - Training Started
2025-12-30 01:28:03,964 - INFO - ============================================================
2025-12-30 01:28:03,965 - INFO - Model config: {'d_model': 128, 'dim_feedforward': 256, 'dropout': 0.15, 'nhead': 4, 'num_layers': 8}
2025-12-30 01:28:03,965 - INFO - Training config: {'batch_size': 128, 'grad_clip': 0.8, 'label_smoothing': 0.03, 'learning_rate': 0.0006, 'min_epochs': 8, 'min_lr': 1e-06, 'num_epochs': 50, 'patience': 5, 'use_amp': True, 'warmup_epochs': 5, 'weight_decay': 0.015}
2025-12-30 01:28:03,965 - INFO - ============================================================
2025-12-30 01:28:03,965 - INFO - Training for 50 epochs
2025-12-30 01:28:03,965 - INFO - Model parameters: 3,143,520
2025-12-30 01:30:02,672 - INFO - Epoch 1/50 | LR: 1.20e-04 | Train: 3.4588 | Val: 3.1899 | Acc@1: 50.54%
2025-12-30 01:30:02,760 - INFO -   ✓ New best (Acc@1: 50.54%)
2025-12-30 01:32:01,367 - INFO - Epoch 2/50 | LR: 2.40e-04 | Train: 3.1107 | Val: 3.1038 | Acc@1: 52.64%
2025-12-30 01:32:01,466 - INFO -   ✓ New best (Acc@1: 52.64%)
2025-12-30 01:33:58,359 - INFO - Epoch 3/50 | LR: 3.60e-04 | Train: 2.9940 | Val: 3.0262 | Acc@1: 53.50%
2025-12-30 01:33:58,462 - INFO -   ✓ New best (Acc@1: 53.50%)
2025-12-30 01:35:56,651 - INFO - Epoch 4/50 | LR: 4.80e-04 | Train: 2.8565 | Val: 2.9505 | Acc@1: 54.07%
2025-12-30 01:35:56,753 - INFO -   ✓ New best (Acc@1: 54.07%)
2025-12-30 01:37:54,803 - INFO - Epoch 5/50 | LR: 6.00e-04 | Train: 2.7516 | Val: 2.8960 | Acc@1: 54.21%
2025-12-30 01:37:54,903 - INFO -   ✓ New best (Acc@1: 54.21%)
2025-12-30 01:39:49,367 - INFO - Epoch 6/50 | LR: 6.00e-04 | Train: 2.6497 | Val: 2.8810 | Acc@1: 54.11%
2025-12-30 01:39:49,466 - INFO -   ✓ New best (Acc@1: 54.11%)
2025-12-30 01:41:45,918 - INFO - Epoch 7/50 | LR: 5.99e-04 | Train: 2.5747 | Val: 2.8511 | Acc@1: 54.60%
2025-12-30 01:41:46,021 - INFO -   ✓ New best (Acc@1: 54.60%)
2025-12-30 01:43:44,109 - INFO - Epoch 8/50 | LR: 5.97e-04 | Train: 2.5132 | Val: 2.8621 | Acc@1: 54.66%
2025-12-30 01:45:40,465 - INFO - Epoch 9/50 | LR: 5.93e-04 | Train: 2.4567 | Val: 2.8706 | Acc@1: 54.67%
2025-12-30 01:47:16,635 - INFO - Epoch 10/50 | LR: 5.88e-04 | Train: 2.4130 | Val: 2.8994 | Acc@1: 54.42%
2025-12-30 01:48:47,939 - INFO - Epoch 11/50 | LR: 5.82e-04 | Train: 2.3764 | Val: 2.9250 | Acc@1: 54.17%
2025-12-30 01:50:20,536 - INFO - Epoch 12/50 | LR: 5.74e-04 | Train: 2.3406 | Val: 2.9551 | Acc@1: 54.50%
2025-12-30 01:50:20,537 - INFO - Early stopping at epoch 12
2025-12-30 01:50:20,773 - INFO - Loaded checkpoint from epoch 7
2025-12-30 01:50:28,567 - INFO - ============================================================
2025-12-30 01:50:28,568 - INFO - FINAL VALIDATION RESULTS
2025-12-30 01:50:28,568 - INFO -   Acc@1:  54.60%
2025-12-30 01:50:28,568 - INFO -   Acc@5:  80.06%
2025-12-30 01:50:28,568 - INFO -   Acc@10: 83.99%
2025-12-30 01:50:28,568 - INFO -   MRR:    65.74%
2025-12-30 01:50:28,568 - INFO -   NDCG:   70.07%
2025-12-30 01:50:28,568 - INFO - ============================================================
2025-12-30 01:50:28,568 - INFO - FINAL TEST RESULTS
2025-12-30 01:50:28,568 - INFO -   Acc@1:  55.11%
2025-12-30 01:50:28,568 - INFO -   Acc@5:  81.35%
2025-12-30 01:50:28,568 - INFO -   Acc@10: 85.03%
2025-12-30 01:50:28,568 - INFO -   MRR:    66.59%
2025-12-30 01:50:28,568 - INFO -   NDCG:   70.99%
2025-12-30 01:50:28,569 - INFO - ============================================================
