2025-12-28 18:23:24,672 - INFO - ============================================================
2025-12-28 18:23:24,672 - INFO - POINTER V45 - Training Started
2025-12-28 18:23:24,673 - INFO - ============================================================
2025-12-28 18:23:24,673 - INFO - Model config: {'d_model': 72, 'nhead': 4, 'num_layers': 2, 'dim_feedforward': 144, 'dropout': 0.15}
2025-12-28 18:23:24,673 - INFO - Training config: {'batch_size': 128, 'num_epochs': 2, 'learning_rate': 0.00065, 'weight_decay': 0.015, 'label_smoothing': 0.03, 'grad_clip': 0.8, 'patience': 5, 'min_epochs': 8, 'warmup_epochs': 5, 'use_amp': True, 'min_lr': 1e-06}
2025-12-28 18:23:24,673 - INFO - ============================================================
2025-12-28 18:23:24,673 - INFO - Training for 2 epochs
2025-12-28 18:23:24,673 - INFO - Model parameters: 284,440
2025-12-28 18:23:27,950 - INFO - Epoch 1/2 | LR: 1.30e-04 | Train: 4.0609 | Val: 2.9293 | Acc@1: 39.55%
2025-12-28 18:23:27,971 - INFO -   ✓ New best (Acc@1: 39.55%)
2025-12-28 18:23:30,633 - INFO - Epoch 2/2 | LR: 2.60e-04 | Train: 3.7413 | Val: 2.8306 | Acc@1: 43.92%
2025-12-28 18:23:30,654 - INFO -   ✓ New best (Acc@1: 43.92%)
2025-12-28 18:23:30,706 - INFO - Loaded checkpoint from epoch 2
2025-12-28 18:23:31,563 - INFO - ============================================================
2025-12-28 18:23:31,564 - INFO - FINAL VALIDATION RESULTS
2025-12-28 18:23:31,564 - INFO -   Acc@1:  43.92%
2025-12-28 18:23:31,564 - INFO -   Acc@5:  80.21%
2025-12-28 18:23:31,564 - INFO -   Acc@10: 84.23%
2025-12-28 18:23:31,564 - INFO -   MRR:    59.70%
2025-12-28 18:23:31,564 - INFO -   NDCG:   65.64%
2025-12-28 18:23:31,564 - INFO - ============================================================
2025-12-28 18:23:31,564 - INFO - FINAL TEST RESULTS
2025-12-28 18:23:31,564 - INFO -   Acc@1:  48.74%
2025-12-28 18:23:31,564 - INFO -   Acc@5:  84.15%
2025-12-28 18:23:31,564 - INFO -   Acc@10: 86.83%
2025-12-28 18:23:31,564 - INFO -   MRR:    64.47%
2025-12-28 18:23:31,564 - INFO -   NDCG:   69.99%
2025-12-28 18:23:31,564 - INFO - ============================================================
