2025-12-28 18:23:48,923 - INFO - ============================================================
2025-12-28 18:23:48,924 - INFO - POINTER V45 - Training Started
2025-12-28 18:23:48,924 - INFO - ============================================================
2025-12-28 18:23:48,924 - INFO - Model config: {'d_model': 64, 'nhead': 4, 'num_layers': 3, 'dim_feedforward': 128, 'dropout': 0.15}
2025-12-28 18:23:48,924 - INFO - Training config: {'batch_size': 128, 'num_epochs': 2, 'learning_rate': 0.0005, 'weight_decay': 0.015, 'label_smoothing': 0.03, 'grad_clip': 0.8, 'patience': 5, 'min_epochs': 8, 'warmup_epochs': 5, 'use_amp': True, 'min_lr': 1e-06}
2025-12-28 18:23:48,924 - INFO - ============================================================
2025-12-28 18:23:48,924 - INFO - Training for 2 epochs
2025-12-28 18:23:48,924 - INFO - Model parameters: 275,962
2025-12-28 18:23:52,343 - INFO - Epoch 1/2 | LR: 1.00e-04 | Train: 4.3534 | Val: 3.0945 | Acc@1: 37.63%
2025-12-28 18:23:52,368 - INFO -   ✓ New best (Acc@1: 37.63%)
2025-12-28 18:23:55,252 - INFO - Epoch 2/2 | LR: 2.00e-04 | Train: 3.8928 | Val: 2.9991 | Acc@1: 42.50%
2025-12-28 18:23:55,278 - INFO -   ✓ New best (Acc@1: 42.50%)
2025-12-28 18:23:55,345 - INFO - Loaded checkpoint from epoch 2
2025-12-28 18:23:56,209 - INFO - ============================================================
2025-12-28 18:23:56,209 - INFO - FINAL VALIDATION RESULTS
2025-12-28 18:23:56,209 - INFO -   Acc@1:  42.50%
2025-12-28 18:23:56,209 - INFO -   Acc@5:  80.65%
2025-12-28 18:23:56,209 - INFO -   Acc@10: 84.58%
2025-12-28 18:23:56,209 - INFO -   MRR:    59.03%
2025-12-28 18:23:56,209 - INFO -   NDCG:   65.21%
2025-12-28 18:23:56,209 - INFO - ============================================================
2025-12-28 18:23:56,209 - INFO - FINAL TEST RESULTS
2025-12-28 18:23:56,209 - INFO -   Acc@1:  45.94%
2025-12-28 18:23:56,209 - INFO -   Acc@5:  84.29%
2025-12-28 18:23:56,209 - INFO -   Acc@10: 87.31%
2025-12-28 18:23:56,209 - INFO -   MRR:    63.07%
2025-12-28 18:23:56,209 - INFO -   NDCG:   69.07%
2025-12-28 18:23:56,210 - INFO - ============================================================
