Training MHSA model
Dataset: geolife
Config: /data/next_loc_clean_v2/config/ht_optuna/optuna_MHSA_geolife_prev14_t4_20251231_160552_fff9a927.yaml
Device: cuda
Seed: 42
==================================================
Data loaders: train=215, val=90, test=96
Total trainable parameters: 183641

=== Epoch 1 ===
Epoch 1, 9.3%	 loss: 7.081 acc@1: 0.31 mrr: 0.91, ndcg: 0.80, took: 3.23s
Epoch 1, 18.6%	 loss: 7.078 acc@1: 0.31 mrr: 0.99, ndcg: 0.82, took: 1.92s
Epoch 1, 27.9%	 loss: 7.065 acc@1: 0.16 mrr: 0.78, ndcg: 0.60, took: 1.83s
Epoch 1, 37.2%	 loss: 7.051 acc@1: 0.16 mrr: 1.02, ndcg: 0.88, took: 1.80s
Epoch 1, 46.5%	 loss: 7.017 acc@1: 0.31 mrr: 1.48, ndcg: 1.51, took: 1.91s
Epoch 1, 55.8%	 loss: 6.998 acc@1: 0.62 mrr: 1.61, ndcg: 1.43, took: 1.92s
Epoch 1, 65.1%	 loss: 6.933 acc@1: 1.72 mrr: 3.90, ndcg: 4.06, took: 1.94s
Epoch 1, 74.4%	 loss: 6.850 acc@1: 5.94 mrr: 9.36, ndcg: 10.41, took: 1.91s
Epoch 1, 83.7%	 loss: 6.708 acc@1: 16.25 mrr: 20.35, ndcg: 21.51, took: 1.88s
Epoch 1, 93.0%	 loss: 6.513 acc@1: 18.75 mrr: 24.97, ndcg: 26.90, took: 1.80s
Validation - loss: 6.1208, acc@1: 15.49%, f1: 8.18%, mrr: 25.66%, ndcg: 29.85%
Current learning rate: 0.001000

=== Epoch 2 ===
Epoch 2, 9.3%	 loss: 6.109 acc@1: 17.19 mrr: 26.13, ndcg: 29.68, took: 1.78s
Epoch 2, 18.6%	 loss: 5.799 acc@1: 20.16 mrr: 29.98, ndcg: 33.64, took: 1.86s
Epoch 2, 27.9%	 loss: 5.522 acc@1: 20.62 mrr: 31.65, ndcg: 35.95, took: 1.82s
Epoch 2, 37.2%	 loss: 5.434 acc@1: 19.84 mrr: 30.48, ndcg: 34.77, took: 1.88s
Epoch 2, 46.5%	 loss: 5.036 acc@1: 22.34 mrr: 34.53, ndcg: 39.26, took: 1.88s
Epoch 2, 55.8%	 loss: 5.125 acc@1: 19.69 mrr: 30.67, ndcg: 35.10, took: 1.82s
Epoch 2, 65.1%	 loss: 5.060 acc@1: 20.47 mrr: 31.61, ndcg: 36.08, took: 1.84s
Epoch 2, 74.4%	 loss: 4.667 acc@1: 22.50 mrr: 34.95, ndcg: 39.93, took: 1.85s
Epoch 2, 83.7%	 loss: 4.409 acc@1: 29.69 mrr: 40.95, ndcg: 45.53, took: 1.81s
Epoch 2, 93.0%	 loss: 4.451 acc@1: 23.59 mrr: 35.72, ndcg: 40.71, took: 1.74s
Validation - loss: 4.9695, acc@1: 20.91%, f1: 14.66%, mrr: 33.85%, ndcg: 39.67%
Current learning rate: 0.002000

=== Epoch 3 ===
Epoch 3, 9.3%	 loss: 4.298 acc@1: 26.41 mrr: 38.20, ndcg: 42.66, took: 1.72s
Epoch 3, 18.6%	 loss: 4.189 acc@1: 26.25 mrr: 39.58, ndcg: 44.20, took: 1.91s
Epoch 3, 27.9%	 loss: 3.929 acc@1: 31.88 mrr: 43.66, ndcg: 48.35, took: 1.86s
Epoch 3, 37.2%	 loss: 3.871 acc@1: 31.56 mrr: 44.31, ndcg: 48.93, took: 1.87s
Epoch 3, 46.5%	 loss: 3.572 acc@1: 37.81 mrr: 49.98, ndcg: 54.20, took: 1.86s
Epoch 3, 55.8%	 loss: 3.544 acc@1: 34.38 mrr: 47.86, ndcg: 52.74, took: 1.96s
Epoch 3, 65.1%	 loss: 3.698 acc@1: 33.59 mrr: 46.88, ndcg: 51.67, took: 1.87s
Epoch 3, 74.4%	 loss: 3.641 acc@1: 34.84 mrr: 47.96, ndcg: 52.52, took: 1.84s
Epoch 3, 83.7%	 loss: 3.661 acc@1: 32.97 mrr: 47.17, ndcg: 51.65, took: 1.74s
Epoch 3, 93.0%	 loss: 3.641 acc@1: 33.12 mrr: 47.09, ndcg: 52.00, took: 1.67s
Validation - loss: 4.6353, acc@1: 32.55%, f1: 21.81%, mrr: 45.29%, ndcg: 49.89%
Current learning rate: 0.001958

=== Epoch 4 ===
Epoch 4, 9.3%	 loss: 3.353 acc@1: 33.91 mrr: 48.57, ndcg: 53.34, took: 1.73s
Epoch 4, 18.6%	 loss: 3.173 acc@1: 37.66 mrr: 52.05, ndcg: 56.61, took: 1.82s
Epoch 4, 27.9%	 loss: 3.289 acc@1: 37.34 mrr: 50.94, ndcg: 55.62, took: 1.94s
Epoch 4, 37.2%	 loss: 3.458 acc@1: 33.44 mrr: 47.80, ndcg: 52.61, took: 1.87s
Epoch 4, 46.5%	 loss: 3.360 acc@1: 31.88 mrr: 47.56, ndcg: 52.66, took: 1.94s
Epoch 4, 55.8%	 loss: 3.315 acc@1: 33.28 mrr: 48.84, ndcg: 53.95, took: 1.92s
Epoch 4, 65.1%	 loss: 3.232 acc@1: 36.88 mrr: 51.13, ndcg: 55.98, took: 1.81s
Epoch 4, 74.4%	 loss: 3.333 acc@1: 33.75 mrr: 49.50, ndcg: 54.56, took: 1.80s
Epoch 4, 83.7%	 loss: 3.321 acc@1: 34.53 mrr: 49.95, ndcg: 55.06, took: 1.72s
Epoch 4, 93.0%	 loss: 3.433 acc@1: 36.56 mrr: 50.09, ndcg: 54.59, took: 1.72s
Validation - loss: 4.5764, acc@1: 36.01%, f1: 22.32%, mrr: 48.74%, ndcg: 52.87%
Current learning rate: 0.001917

=== Epoch 5 ===
Epoch 5, 9.3%	 loss: 3.104 acc@1: 35.16 mrr: 50.57, ndcg: 55.87, took: 1.67s
Epoch 5, 18.6%	 loss: 3.070 acc@1: 37.19 mrr: 51.87, ndcg: 56.75, took: 1.78s
Epoch 5, 27.9%	 loss: 3.094 acc@1: 35.47 mrr: 50.52, ndcg: 55.77, took: 1.85s
Epoch 5, 37.2%	 loss: 3.021 acc@1: 33.12 mrr: 50.53, ndcg: 56.10, took: 1.90s
Epoch 5, 46.5%	 loss: 3.162 acc@1: 34.38 mrr: 49.38, ndcg: 54.53, took: 1.82s
Epoch 5, 55.8%	 loss: 3.172 acc@1: 33.91 mrr: 49.10, ndcg: 54.03, took: 1.80s
Epoch 5, 65.1%	 loss: 3.097 acc@1: 37.34 mrr: 51.56, ndcg: 56.37, took: 1.79s
Epoch 5, 74.4%	 loss: 3.078 acc@1: 37.66 mrr: 51.88, ndcg: 56.75, took: 1.78s
Epoch 5, 83.7%	 loss: 3.191 acc@1: 32.66 mrr: 48.72, ndcg: 54.11, took: 1.89s
Epoch 5, 93.0%	 loss: 3.134 acc@1: 35.94 mrr: 50.86, ndcg: 55.89, took: 1.72s
Validation - loss: 4.6290, acc@1: 35.31%, f1: 23.99%, mrr: 48.42%, ndcg: 52.74%
Current learning rate: 0.001875

=== Epoch 6 ===
Epoch 6, 9.3%	 loss: 2.928 acc@1: 35.62 mrr: 51.42, ndcg: 56.66, took: 1.68s
Epoch 6, 18.6%	 loss: 2.962 acc@1: 36.09 mrr: 51.67, ndcg: 56.73, took: 1.81s
Epoch 6, 27.9%	 loss: 2.806 acc@1: 36.09 mrr: 52.64, ndcg: 57.75, took: 1.87s
Epoch 6, 37.2%	 loss: 2.853 acc@1: 38.12 mrr: 52.69, ndcg: 57.81, took: 1.81s
Epoch 6, 46.5%	 loss: 2.887 acc@1: 36.88 mrr: 52.74, ndcg: 57.72, took: 1.79s
Epoch 6, 55.8%	 loss: 3.034 acc@1: 34.22 mrr: 49.26, ndcg: 54.70, took: 1.83s
Epoch 6, 65.1%	 loss: 3.175 acc@1: 34.38 mrr: 48.88, ndcg: 53.89, took: 1.91s
Epoch 6, 74.4%	 loss: 3.115 acc@1: 35.94 mrr: 50.29, ndcg: 55.08, took: 1.85s
Epoch 6, 83.7%	 loss: 2.929 acc@1: 37.03 mrr: 52.44, ndcg: 57.59, took: 1.75s
Epoch 6, 93.0%	 loss: 2.984 acc@1: 38.28 mrr: 52.04, ndcg: 56.84, took: 1.71s
Validation - loss: 4.7723, acc@1: 36.92%, f1: 25.56%, mrr: 49.05%, ndcg: 53.05%
Current learning rate: 0.001833

=== Epoch 7 ===
Epoch 7, 9.3%	 loss: 2.749 acc@1: 37.81 mrr: 53.52, ndcg: 58.64, took: 1.77s
Epoch 7, 18.6%	 loss: 2.723 acc@1: 34.53 mrr: 51.85, ndcg: 57.98, took: 1.80s
Epoch 7, 27.9%	 loss: 2.842 acc@1: 33.75 mrr: 50.96, ndcg: 56.63, took: 1.80s
Epoch 7, 37.2%	 loss: 2.693 acc@1: 39.22 mrr: 54.70, ndcg: 59.84, took: 1.78s
Epoch 7, 46.5%	 loss: 2.959 acc@1: 34.38 mrr: 50.09, ndcg: 54.98, took: 1.87s
Epoch 7, 55.8%	 loss: 2.832 acc@1: 39.06 mrr: 53.68, ndcg: 58.32, took: 2.04s
Epoch 7, 65.1%	 loss: 2.873 acc@1: 36.09 mrr: 51.55, ndcg: 56.47, took: 1.92s
Epoch 7, 74.4%	 loss: 2.920 acc@1: 37.34 mrr: 51.54, ndcg: 56.43, took: 1.75s
Epoch 7, 83.7%	 loss: 2.917 acc@1: 37.97 mrr: 51.96, ndcg: 56.65, took: 1.82s
Epoch 7, 93.0%	 loss: 2.925 acc@1: 36.41 mrr: 51.81, ndcg: 56.95, took: 1.83s
Validation - loss: 4.8485, acc@1: 35.63%, f1: 25.46%, mrr: 48.24%, ndcg: 52.35%
Current learning rate: 0.001792

=== Epoch 8 ===
Epoch 8, 9.3%	 loss: 2.643 acc@1: 36.25 mrr: 53.11, ndcg: 58.94, took: 1.53s
Epoch 8, 18.6%	 loss: 2.730 acc@1: 36.25 mrr: 52.65, ndcg: 57.75, took: 1.80s
Epoch 8, 27.9%	 loss: 2.748 acc@1: 36.72 mrr: 52.00, ndcg: 57.59, took: 1.87s
Epoch 8, 37.2%	 loss: 2.740 acc@1: 39.53 mrr: 54.28, ndcg: 58.80, took: 1.88s
Epoch 8, 46.5%	 loss: 2.752 acc@1: 37.81 mrr: 53.22, ndcg: 58.24, took: 1.99s
Epoch 8, 55.8%	 loss: 2.831 acc@1: 36.09 mrr: 51.49, ndcg: 56.91, took: 1.77s
Epoch 8, 65.1%	 loss: 2.832 acc@1: 37.50 mrr: 51.76, ndcg: 57.17, took: 1.71s
Epoch 8, 74.4%	 loss: 2.872 acc@1: 39.22 mrr: 52.92, ndcg: 57.34, took: 1.81s
Epoch 8, 83.7%	 loss: 2.786 acc@1: 40.16 mrr: 53.75, ndcg: 58.31, took: 1.79s
Epoch 8, 93.0%	 loss: 2.786 acc@1: 39.22 mrr: 53.44, ndcg: 57.91, took: 2.00s
Validation - loss: 4.8772, acc@1: 37.27%, f1: 26.20%, mrr: 49.14%, ndcg: 53.21%
Current learning rate: 0.001750

=== Epoch 9 ===
Epoch 9, 9.3%	 loss: 2.679 acc@1: 37.66 mrr: 52.71, ndcg: 57.95, took: 1.65s
Epoch 9, 18.6%	 loss: 2.687 acc@1: 36.41 mrr: 52.64, ndcg: 58.19, took: 1.85s
Epoch 9, 27.9%	 loss: 2.667 acc@1: 37.81 mrr: 53.51, ndcg: 58.97, took: 2.00s
Epoch 9, 37.2%	 loss: 2.595 acc@1: 41.56 mrr: 55.57, ndcg: 60.45, took: 1.85s
Epoch 9, 46.5%	 loss: 2.706 acc@1: 41.41 mrr: 54.53, ndcg: 58.81, took: 1.77s
Epoch 9, 55.8%	 loss: 2.676 acc@1: 35.47 mrr: 52.29, ndcg: 57.43, took: 1.75s
Epoch 9, 65.1%	 loss: 2.572 acc@1: 37.97 mrr: 54.35, ndcg: 59.75, took: 1.72s
Epoch 9, 74.4%	 loss: 2.619 acc@1: 37.97 mrr: 53.99, ndcg: 59.53, took: 1.82s
Epoch 9, 83.7%	 loss: 2.845 acc@1: 37.03 mrr: 51.73, ndcg: 56.75, took: 1.97s
Epoch 9, 93.0%	 loss: 2.706 acc@1: 38.28 mrr: 53.53, ndcg: 58.45, took: 1.93s
Validation - loss: 5.0533, acc@1: 36.68%, f1: 27.09%, mrr: 48.71%, ndcg: 52.75%
Current learning rate: 0.000171

=== Epoch 10 ===
Epoch 10, 9.3%	 loss: 3.004 acc@1: 36.56 mrr: 51.97, ndcg: 56.99, took: 1.62s
Epoch 10, 18.6%	 loss: 3.061 acc@1: 35.31 mrr: 50.63, ndcg: 55.70, took: 1.81s
Epoch 10, 27.9%	 loss: 3.225 acc@1: 31.41 mrr: 47.74, ndcg: 53.02, took: 1.96s
Epoch 10, 37.2%	 loss: 3.098 acc@1: 35.00 mrr: 50.58, ndcg: 55.57, took: 1.73s
Epoch 10, 46.5%	 loss: 3.131 acc@1: 35.16 mrr: 49.99, ndcg: 54.88, took: 1.73s
Epoch 10, 55.8%	 loss: 2.964 acc@1: 38.75 mrr: 53.12, ndcg: 57.98, took: 1.80s
Epoch 10, 65.1%	 loss: 3.164 acc@1: 34.84 mrr: 49.22, ndcg: 54.10, took: 1.81s
Epoch 10, 74.4%	 loss: 2.970 acc@1: 35.78 mrr: 51.53, ndcg: 56.54, took: 1.99s
Epoch 10, 83.7%	 loss: 2.962 acc@1: 37.34 mrr: 52.40, ndcg: 57.52, took: 1.86s
Epoch 10, 93.0%	 loss: 3.093 acc@1: 38.44 mrr: 51.78, ndcg: 56.12, took: 1.83s
Validation - loss: 4.5423, acc@1: 36.12%, f1: 23.12%, mrr: 48.80%, ndcg: 52.97%
Current learning rate: 0.000171

=== Epoch 11 ===
Epoch 11, 9.3%	 loss: 3.052 acc@1: 33.12 mrr: 49.67, ndcg: 55.13, took: 1.77s
Epoch 11, 18.6%	 loss: 2.889 acc@1: 39.22 mrr: 54.48, ndcg: 59.34, took: 1.76s
Epoch 11, 27.9%	 loss: 2.899 acc@1: 38.28 mrr: 53.29, ndcg: 58.32, took: 1.92s
Epoch 11, 37.2%	 loss: 3.054 acc@1: 36.09 mrr: 51.20, ndcg: 55.95, took: 1.73s
Epoch 11, 46.5%	 loss: 3.263 acc@1: 33.91 mrr: 48.08, ndcg: 52.68, took: 1.82s
Epoch 11, 55.8%	 loss: 2.882 acc@1: 37.03 mrr: 53.19, ndcg: 58.32, took: 1.79s
Epoch 11, 65.1%	 loss: 2.891 acc@1: 42.03 mrr: 55.39, ndcg: 59.62, took: 1.84s
Epoch 11, 74.4%	 loss: 3.080 acc@1: 35.47 mrr: 50.37, ndcg: 55.50, took: 1.94s
Epoch 11, 83.7%	 loss: 3.088 acc@1: 35.62 mrr: 50.64, ndcg: 55.20, took: 1.85s
Epoch 11, 93.0%	 loss: 3.152 acc@1: 30.31 mrr: 47.20, ndcg: 52.60, took: 1.86s
Validation - loss: 4.5439, acc@1: 36.22%, f1: 23.59%, mrr: 48.92%, ndcg: 53.09%
Current learning rate: 0.000171

=== Epoch 12 ===
Epoch 12, 9.3%	 loss: 3.053 acc@1: 37.81 mrr: 52.16, ndcg: 57.09, took: 1.65s
Epoch 12, 18.6%	 loss: 2.876 acc@1: 38.12 mrr: 53.29, ndcg: 58.43, took: 1.83s
Epoch 12, 27.9%	 loss: 3.018 acc@1: 36.09 mrr: 50.99, ndcg: 56.07, took: 1.79s
Epoch 12, 37.2%	 loss: 3.127 acc@1: 36.41 mrr: 50.17, ndcg: 54.87, took: 1.82s
Epoch 12, 46.5%	 loss: 3.159 acc@1: 32.97 mrr: 48.58, ndcg: 53.83, took: 1.81s
Epoch 12, 55.8%	 loss: 2.997 acc@1: 35.62 mrr: 51.34, ndcg: 56.26, took: 2.01s
Epoch 12, 65.1%	 loss: 3.056 acc@1: 35.16 mrr: 50.36, ndcg: 55.36, took: 1.84s
Epoch 12, 74.4%	 loss: 2.877 acc@1: 35.78 mrr: 52.78, ndcg: 58.29, took: 1.81s
Epoch 12, 83.7%	 loss: 2.847 acc@1: 37.66 mrr: 53.39, ndcg: 58.67, took: 1.82s
Epoch 12, 93.0%	 loss: 2.973 acc@1: 39.06 mrr: 53.04, ndcg: 57.60, took: 1.82s
Validation - loss: 4.5356, acc@1: 36.50%, f1: 23.57%, mrr: 49.17%, ndcg: 53.23%
Current learning rate: 0.000171

=== Epoch 13 ===
Epoch 13, 9.3%	 loss: 2.962 acc@1: 38.12 mrr: 52.91, ndcg: 57.71, took: 1.67s
Epoch 13, 18.6%	 loss: 3.005 acc@1: 35.78 mrr: 50.72, ndcg: 55.63, took: 1.66s
Epoch 13, 27.9%	 loss: 2.960 acc@1: 35.00 mrr: 50.96, ndcg: 56.49, took: 1.89s
Epoch 13, 37.2%	 loss: 2.995 acc@1: 37.50 mrr: 52.23, ndcg: 57.20, took: 1.88s
Epoch 13, 46.5%	 loss: 2.922 acc@1: 37.03 mrr: 51.99, ndcg: 57.11, took: 1.85s
Epoch 13, 55.8%	 loss: 3.035 acc@1: 34.84 mrr: 50.45, ndcg: 55.57, took: 1.83s
Epoch 13, 65.1%	 loss: 2.868 acc@1: 37.66 mrr: 53.16, ndcg: 57.97, took: 1.84s
Epoch 13, 74.4%	 loss: 3.038 acc@1: 35.16 mrr: 49.84, ndcg: 54.88, took: 1.78s
Epoch 13, 83.7%	 loss: 2.940 acc@1: 36.41 mrr: 51.90, ndcg: 57.24, took: 1.82s
Epoch 13, 93.0%	 loss: 2.830 acc@1: 37.66 mrr: 53.85, ndcg: 59.15, took: 1.83s
Validation - loss: 4.5456, acc@1: 35.80%, f1: 23.88%, mrr: 48.78%, ndcg: 53.05%
Current learning rate: 0.000171

=== Epoch 14 ===
Epoch 14, 9.3%	 loss: 2.927 acc@1: 33.75 mrr: 50.62, ndcg: 56.71, took: 1.74s
Epoch 14, 18.6%	 loss: 3.010 acc@1: 36.56 mrr: 51.52, ndcg: 56.02, took: 1.67s
Epoch 14, 27.9%	 loss: 2.965 acc@1: 36.41 mrr: 51.93, ndcg: 56.91, took: 1.79s
Epoch 14, 37.2%	 loss: 2.854 acc@1: 38.28 mrr: 53.49, ndcg: 58.49, took: 1.81s
Epoch 14, 46.5%	 loss: 3.021 acc@1: 35.16 mrr: 50.74, ndcg: 55.49, took: 1.82s
Epoch 14, 55.8%	 loss: 2.737 acc@1: 37.34 mrr: 54.23, ndcg: 59.98, took: 1.82s
Epoch 14, 65.1%	 loss: 2.987 acc@1: 35.00 mrr: 50.76, ndcg: 55.74, took: 1.80s
Epoch 14, 74.4%	 loss: 2.858 acc@1: 39.22 mrr: 54.03, ndcg: 58.99, took: 1.85s
Epoch 14, 83.7%	 loss: 3.175 acc@1: 34.38 mrr: 48.92, ndcg: 53.77, took: 1.86s
Epoch 14, 93.0%	 loss: 3.076 acc@1: 34.06 mrr: 49.36, ndcg: 54.59, took: 1.85s
Validation - loss: 4.5152, acc@1: 35.84%, f1: 24.26%, mrr: 48.80%, ndcg: 52.97%
Current learning rate: 0.000171

=== Epoch 15 ===
Epoch 15, 9.3%	 loss: 2.926 acc@1: 36.56 mrr: 51.45, ndcg: 56.44, took: 1.68s
Epoch 15, 18.6%	 loss: 2.949 acc@1: 35.47 mrr: 51.41, ndcg: 56.45, took: 1.89s
Epoch 15, 27.9%	 loss: 2.949 acc@1: 34.38 mrr: 50.55, ndcg: 56.02, took: 1.88s
Epoch 15, 37.2%	 loss: 3.049 acc@1: 34.38 mrr: 50.08, ndcg: 55.41, took: 1.78s
Epoch 15, 46.5%	 loss: 3.127 acc@1: 34.38 mrr: 48.67, ndcg: 53.33, took: 1.81s
Epoch 15, 55.8%	 loss: 2.847 acc@1: 38.91 mrr: 53.63, ndcg: 58.66, took: 1.84s
Epoch 15, 65.1%	 loss: 2.933 acc@1: 32.97 mrr: 50.43, ndcg: 56.03, took: 1.82s
Epoch 15, 74.4%	 loss: 2.885 acc@1: 37.03 mrr: 52.55, ndcg: 57.60, took: 1.92s
Epoch 15, 83.7%	 loss: 2.892 acc@1: 37.50 mrr: 52.75, ndcg: 57.55, took: 1.85s
Epoch 15, 93.0%	 loss: 2.815 acc@1: 38.75 mrr: 53.84, ndcg: 59.37, took: 1.83s
Validation - loss: 4.5637, acc@1: 35.28%, f1: 23.76%, mrr: 48.57%, ndcg: 52.83%
Current learning rate: 0.000171

=== Epoch 16 ===
Epoch 16, 9.3%	 loss: 2.820 acc@1: 36.09 mrr: 52.38, ndcg: 57.62, took: 1.83s
Epoch 16, 18.6%	 loss: 2.850 acc@1: 37.50 mrr: 53.06, ndcg: 57.91, took: 1.64s
Epoch 16, 27.9%	 loss: 2.929 acc@1: 39.06 mrr: 52.98, ndcg: 57.77, took: 1.82s
Epoch 16, 37.2%	 loss: 2.902 acc@1: 37.97 mrr: 52.41, ndcg: 57.04, took: 1.81s
Epoch 16, 46.5%	 loss: 2.925 acc@1: 36.56 mrr: 51.38, ndcg: 56.20, took: 1.84s
Epoch 16, 55.8%	 loss: 3.089 acc@1: 31.88 mrr: 48.20, ndcg: 53.61, took: 1.86s
Epoch 16, 65.1%	 loss: 2.857 acc@1: 40.16 mrr: 54.06, ndcg: 58.57, took: 1.91s
Epoch 16, 74.4%	 loss: 2.834 acc@1: 38.12 mrr: 53.47, ndcg: 58.85, took: 1.96s
Epoch 16, 83.7%	 loss: 2.944 acc@1: 35.78 mrr: 51.35, ndcg: 56.96, took: 1.80s
Epoch 16, 93.0%	 loss: 2.940 acc@1: 36.88 mrr: 51.87, ndcg: 56.96, took: 1.84s
Validation - loss: 4.5353, acc@1: 35.73%, f1: 24.61%, mrr: 48.77%, ndcg: 53.01%
Current learning rate: 0.000171

=== Epoch 17 ===
Epoch 17, 9.3%	 loss: 2.947 acc@1: 37.50 mrr: 52.29, ndcg: 56.96, took: 1.65s
Epoch 17, 18.6%	 loss: 2.814 acc@1: 38.91 mrr: 54.21, ndcg: 59.31, took: 1.73s
Epoch 17, 27.9%	 loss: 2.836 acc@1: 36.56 mrr: 52.43, ndcg: 57.44, took: 1.77s
Epoch 17, 37.2%	 loss: 2.942 acc@1: 38.28 mrr: 52.47, ndcg: 57.51, took: 1.79s
Epoch 17, 46.5%	 loss: 2.856 acc@1: 40.31 mrr: 54.26, ndcg: 59.02, took: 1.91s
Epoch 17, 55.8%	 loss: 2.799 acc@1: 37.81 mrr: 53.46, ndcg: 58.55, took: 1.88s
Epoch 17, 65.1%	 loss: 3.016 acc@1: 32.34 mrr: 48.82, ndcg: 54.00, took: 1.83s
Epoch 17, 74.4%	 loss: 2.926 acc@1: 37.66 mrr: 51.88, ndcg: 56.88, took: 1.73s
Epoch 17, 83.7%	 loss: 2.755 acc@1: 38.59 mrr: 54.03, ndcg: 59.16, took: 1.76s
Epoch 17, 93.0%	 loss: 2.897 acc@1: 39.38 mrr: 53.47, ndcg: 57.80, took: 1.74s
Validation - loss: 4.5889, acc@1: 35.31%, f1: 24.22%, mrr: 48.63%, ndcg: 52.87%
Current learning rate: 0.000171

=== Epoch 18 ===
Epoch 18, 9.3%	 loss: 2.839 acc@1: 39.22 mrr: 53.53, ndcg: 58.36, took: 1.70s
Epoch 18, 18.6%	 loss: 2.996 acc@1: 36.72 mrr: 51.61, ndcg: 56.45, took: 1.72s
Epoch 18, 27.9%	 loss: 2.879 acc@1: 37.97 mrr: 52.90, ndcg: 57.76, took: 1.79s
Epoch 18, 37.2%	 loss: 2.803 acc@1: 36.88 mrr: 52.95, ndcg: 58.57, took: 1.85s
Epoch 18, 46.5%	 loss: 2.901 acc@1: 38.75 mrr: 52.84, ndcg: 57.60, took: 1.77s
Epoch 18, 55.8%	 loss: 2.954 acc@1: 35.94 mrr: 51.13, ndcg: 56.16, took: 1.73s
Epoch 18, 65.1%	 loss: 2.947 acc@1: 38.91 mrr: 52.79, ndcg: 57.67, took: 1.87s
Epoch 18, 74.4%	 loss: 2.787 acc@1: 42.03 mrr: 55.92, ndcg: 60.23, took: 1.87s
Epoch 18, 83.7%	 loss: 2.842 acc@1: 36.25 mrr: 52.27, ndcg: 57.53, took: 1.82s
Epoch 18, 93.0%	 loss: 2.891 acc@1: 37.34 mrr: 52.48, ndcg: 57.77, took: 1.78s
Validation - loss: 4.5934, acc@1: 35.66%, f1: 24.69%, mrr: 48.79%, ndcg: 53.07%
Current learning rate: 0.000171

=== Epoch 19 ===
Epoch 19, 9.3%	 loss: 2.814 acc@1: 38.12 mrr: 53.34, ndcg: 58.28, took: 1.70s
Epoch 19, 18.6%	 loss: 3.034 acc@1: 32.81 mrr: 48.90, ndcg: 54.39, took: 1.73s
Epoch 19, 27.9%	 loss: 2.892 acc@1: 39.06 mrr: 52.86, ndcg: 57.35, took: 1.89s
Epoch 19, 37.2%	 loss: 2.757 acc@1: 41.41 mrr: 55.57, ndcg: 60.21, took: 1.85s
Epoch 19, 46.5%	 loss: 2.785 acc@1: 38.75 mrr: 53.77, ndcg: 58.54, took: 1.77s
Epoch 19, 55.8%	 loss: 2.802 acc@1: 38.28 mrr: 53.18, ndcg: 58.25, took: 1.77s
Epoch 19, 65.1%	 loss: 3.003 acc@1: 35.16 mrr: 50.02, ndcg: 54.64, took: 1.78s
Epoch 19, 74.4%	 loss: 2.769 acc@1: 38.91 mrr: 54.13, ndcg: 58.91, took: 1.82s
Epoch 19, 83.7%	 loss: 2.822 acc@1: 35.78 mrr: 52.25, ndcg: 57.98, took: 1.72s
Epoch 19, 93.0%	 loss: 2.783 acc@1: 37.19 mrr: 53.08, ndcg: 58.00, took: 1.72s
Validation - loss: 4.5800, acc@1: 36.64%, f1: 26.16%, mrr: 49.23%, ndcg: 53.29%
Current learning rate: 0.000017

=== Epoch 20 ===
Epoch 20, 9.3%	 loss: 2.815 acc@1: 37.34 mrr: 53.39, ndcg: 58.60, took: 1.76s
Epoch 20, 18.6%	 loss: 3.167 acc@1: 31.25 mrr: 47.49, ndcg: 52.83, took: 1.86s
Epoch 20, 27.9%	 loss: 2.867 acc@1: 33.44 mrr: 50.74, ndcg: 56.50, took: 1.78s
Epoch 20, 37.2%	 loss: 3.159 acc@1: 35.00 mrr: 49.43, ndcg: 54.18, took: 1.73s
Epoch 20, 46.5%	 loss: 2.930 acc@1: 33.12 mrr: 50.02, ndcg: 55.62, took: 1.68s
Epoch 20, 55.8%	 loss: 2.881 acc@1: 35.62 mrr: 52.08, ndcg: 57.39, took: 1.80s
Epoch 20, 65.1%	 loss: 2.900 acc@1: 39.38 mrr: 53.37, ndcg: 58.01, took: 1.71s
Epoch 20, 74.4%	 loss: 2.914 acc@1: 38.91 mrr: 53.83, ndcg: 58.75, took: 1.74s
Epoch 20, 83.7%	 loss: 2.942 acc@1: 37.50 mrr: 52.27, ndcg: 57.21, took: 1.66s
Epoch 20, 93.0%	 loss: 2.776 acc@1: 40.78 mrr: 54.88, ndcg: 59.56, took: 1.58s
Validation - loss: 4.5348, acc@1: 35.35%, f1: 23.94%, mrr: 48.56%, ndcg: 52.86%
Current learning rate: 0.000017

=== Epoch 21 ===
Epoch 21, 9.3%	 loss: 3.022 acc@1: 36.56 mrr: 50.78, ndcg: 55.84, took: 1.82s
Epoch 21, 18.6%	 loss: 2.895 acc@1: 38.28 mrr: 53.10, ndcg: 57.82, took: 1.86s
Epoch 21, 27.9%	 loss: 2.963 acc@1: 34.38 mrr: 50.51, ndcg: 55.73, took: 1.94s
Epoch 21, 37.2%	 loss: 2.879 acc@1: 35.62 mrr: 51.71, ndcg: 56.65, took: 1.95s
Epoch 21, 46.5%	 loss: 2.918 acc@1: 36.25 mrr: 51.78, ndcg: 56.75, took: 2.00s
Epoch 21, 55.8%	 loss: 2.871 acc@1: 37.50 mrr: 52.93, ndcg: 58.28, took: 1.89s
Epoch 21, 65.1%	 loss: 2.855 acc@1: 36.09 mrr: 52.34, ndcg: 57.66, took: 1.72s
Epoch 21, 74.4%	 loss: 3.000 acc@1: 37.50 mrr: 51.71, ndcg: 56.25, took: 1.74s
Epoch 21, 83.7%	 loss: 2.822 acc@1: 39.38 mrr: 53.93, ndcg: 58.70, took: 1.67s
Epoch 21, 93.0%	 loss: 3.017 acc@1: 36.09 mrr: 50.89, ndcg: 55.77, took: 1.63s
Validation - loss: 4.5475, acc@1: 35.35%, f1: 23.82%, mrr: 48.59%, ndcg: 52.87%
Current learning rate: 0.000017

=== Epoch 22 ===
Epoch 22, 9.3%	 loss: 2.776 acc@1: 37.50 mrr: 53.63, ndcg: 59.08, took: 1.71s
Epoch 22, 18.6%	 loss: 2.855 acc@1: 36.88 mrr: 52.39, ndcg: 57.86, took: 1.78s
Epoch 22, 27.9%	 loss: 2.833 acc@1: 37.03 mrr: 52.75, ndcg: 58.26, took: 1.66s
Epoch 22, 37.2%	 loss: 2.837 acc@1: 36.41 mrr: 52.31, ndcg: 57.66, took: 1.78s
Epoch 22, 46.5%	 loss: 3.043 acc@1: 36.25 mrr: 50.95, ndcg: 55.90, took: 1.72s
Epoch 22, 55.8%	 loss: 2.877 acc@1: 36.41 mrr: 52.89, ndcg: 58.20, took: 1.73s
Epoch 22, 65.1%	 loss: 3.003 acc@1: 34.06 mrr: 49.80, ndcg: 55.08, took: 1.62s
Epoch 22, 74.4%	 loss: 3.074 acc@1: 35.94 mrr: 50.73, ndcg: 55.49, took: 1.69s
Epoch 22, 83.7%	 loss: 2.988 acc@1: 38.12 mrr: 52.61, ndcg: 57.32, took: 1.51s
Epoch 22, 93.0%	 loss: 2.947 acc@1: 37.66 mrr: 52.25, ndcg: 57.15, took: 1.60s
Validation - loss: 4.5381, acc@1: 35.24%, f1: 23.61%, mrr: 48.52%, ndcg: 52.83%
Current learning rate: 0.000017

=== Epoch 23 ===
Epoch 23, 9.3%	 loss: 2.858 acc@1: 37.97 mrr: 53.46, ndcg: 58.30, took: 1.69s
Epoch 23, 18.6%	 loss: 2.955 acc@1: 35.47 mrr: 51.05, ndcg: 56.18, took: 1.63s
Epoch 23, 27.9%	 loss: 2.923 acc@1: 37.97 mrr: 52.48, ndcg: 57.28, took: 1.64s
Epoch 23, 37.2%	 loss: 3.021 acc@1: 33.59 mrr: 49.24, ndcg: 54.13, took: 1.56s
Epoch 23, 46.5%	 loss: 2.857 acc@1: 39.38 mrr: 54.02, ndcg: 58.88, took: 1.83s
Epoch 23, 55.8%	 loss: 3.044 acc@1: 34.69 mrr: 49.98, ndcg: 55.21, took: 1.67s
Epoch 23, 65.1%	 loss: 2.797 acc@1: 38.28 mrr: 53.38, ndcg: 58.85, took: 1.62s
Epoch 23, 74.4%	 loss: 2.821 acc@1: 38.59 mrr: 53.92, ndcg: 58.59, took: 1.62s
Epoch 23, 83.7%	 loss: 3.018 acc@1: 34.38 mrr: 50.45, ndcg: 55.66, took: 1.70s
Epoch 23, 93.0%	 loss: 2.855 acc@1: 40.00 mrr: 54.27, ndcg: 59.01, took: 1.58s
Validation - loss: 4.5235, acc@1: 35.45%, f1: 23.82%, mrr: 48.62%, ndcg: 52.92%
Current learning rate: 0.000017

=== Epoch 24 ===
Epoch 24, 9.3%	 loss: 2.834 acc@1: 37.81 mrr: 52.97, ndcg: 58.05, took: 1.62s
Epoch 24, 18.6%	 loss: 3.000 acc@1: 35.78 mrr: 50.85, ndcg: 55.77, took: 1.61s
Epoch 24, 27.9%	 loss: 3.019 acc@1: 35.16 mrr: 50.10, ndcg: 55.01, took: 1.64s
Epoch 24, 37.2%	 loss: 2.718 acc@1: 37.81 mrr: 54.20, ndcg: 59.77, took: 1.53s
Epoch 24, 46.5%	 loss: 3.032 acc@1: 33.12 mrr: 49.55, ndcg: 54.77, took: 1.57s
Epoch 24, 55.8%	 loss: 2.953 acc@1: 37.97 mrr: 51.94, ndcg: 56.61, took: 1.56s
Epoch 24, 65.1%	 loss: 2.791 acc@1: 37.97 mrr: 53.89, ndcg: 59.10, took: 1.64s
Epoch 24, 74.4%	 loss: 2.892 acc@1: 37.34 mrr: 52.54, ndcg: 57.30, took: 1.53s
Epoch 24, 83.7%	 loss: 2.891 acc@1: 37.03 mrr: 52.27, ndcg: 57.41, took: 1.54s
Epoch 24, 93.0%	 loss: 2.846 acc@1: 36.88 mrr: 52.89, ndcg: 58.26, took: 1.57s
Validation - loss: 4.5506, acc@1: 35.80%, f1: 24.55%, mrr: 48.82%, ndcg: 53.03%
Training finished.	 Time: 581.58s.	 acc@1: 35.84%

=== Test Results ===
Test Results:
  acc@1: 29.15%
  acc@5: 55.85%
  acc@10: 58.40%
  mrr: 41.01%
  ndcg: 45.10%
  f1: 20.39%

=== Training Complete ===
