2025-12-29 06:41:04,960 - INFO - ============================================================
2025-12-29 06:41:04,961 - INFO - ABLATION STUDY: single_layer
2025-12-29 06:41:04,961 - INFO - ============================================================
2025-12-29 06:41:04,961 - INFO - Ablation: Single Transformer Layer
2025-12-29 06:41:04,961 - INFO - Model parameters: 218,004
2025-12-29 06:41:04,961 - INFO - ============================================================
2025-12-29 06:41:04,961 - INFO - Training for 50 epochs
2025-12-29 06:41:07,670 - INFO - Epoch 1/50 | LR: 1.30e-04 | Train: 4.0814 | Val: 3.2205 | Acc@1: 38.72%
2025-12-29 06:41:07,687 - INFO -   ✓ New best (Acc@1: 38.72%)
2025-12-29 06:41:09,856 - INFO - Epoch 2/50 | LR: 2.60e-04 | Train: 3.8033 | Val: 3.1152 | Acc@1: 44.36%
2025-12-29 06:41:09,873 - INFO -   ✓ New best (Acc@1: 44.36%)
2025-12-29 06:41:11,953 - INFO - Epoch 3/50 | LR: 3.90e-04 | Train: 3.6104 | Val: 3.0418 | Acc@1: 45.53%
2025-12-29 06:41:11,969 - INFO -   ✓ New best (Acc@1: 45.53%)
2025-12-29 06:41:13,920 - INFO - Epoch 4/50 | LR: 5.20e-04 | Train: 3.4291 | Val: 3.0045 | Acc@1: 46.52%
2025-12-29 06:41:13,936 - INFO -   ✓ New best (Acc@1: 46.52%)
2025-12-29 06:41:15,771 - INFO - Epoch 5/50 | LR: 6.50e-04 | Train: 3.2565 | Val: 3.0145 | Acc@1: 47.00%
2025-12-29 06:41:17,611 - INFO - Epoch 6/50 | LR: 6.50e-04 | Train: 3.0818 | Val: 3.0124 | Acc@1: 46.34%
2025-12-29 06:41:19,468 - INFO - Epoch 7/50 | LR: 6.49e-04 | Train: 2.9070 | Val: 3.0696 | Acc@1: 46.46%
2025-12-29 06:41:21,344 - INFO - Epoch 8/50 | LR: 6.47e-04 | Train: 2.7333 | Val: 3.0401 | Acc@1: 46.76%
2025-12-29 06:41:23,202 - INFO - Epoch 9/50 | LR: 6.43e-04 | Train: 2.5694 | Val: 3.1155 | Acc@1: 46.85%
2025-12-29 06:41:23,202 - INFO - Early stopping at epoch 9
2025-12-29 06:41:23,991 - INFO - ============================================================
2025-12-29 06:41:23,991 - INFO - FINAL TEST RESULTS
2025-12-29 06:41:23,992 - INFO -   Acc@1:  51.06%
2025-12-29 06:41:23,992 - INFO -   Acc@5:  81.84%
2025-12-29 06:41:23,992 - INFO -   Acc@10: 84.69%
2025-12-29 06:41:23,992 - INFO -   MRR:    64.93%
2025-12-29 06:41:23,992 - INFO -   NDCG:   69.74%
2025-12-29 06:41:23,992 - INFO -   F1:     46.07%
2025-12-29 06:41:23,992 - INFO - ============================================================
