2025-12-28 18:58:16,797 - INFO - ============================================================
2025-12-28 18:58:16,797 - INFO - POINTER V45 - Training Started
2025-12-28 18:58:16,797 - INFO - ============================================================
2025-12-28 18:58:16,798 - INFO - Model config: {'d_model': 144, 'dim_feedforward': 288, 'dropout': 0.15, 'nhead': 4, 'num_layers': 3}
2025-12-28 18:58:16,798 - INFO - Training config: {'batch_size': 128, 'grad_clip': 0.8, 'label_smoothing': 0.03, 'learning_rate': 0.0007, 'min_epochs': 8, 'min_lr': 1e-06, 'num_epochs': 2, 'patience': 5, 'use_amp': True, 'warmup_epochs': 5, 'weight_decay': 0.015}
2025-12-28 18:58:16,798 - INFO - ============================================================
2025-12-28 18:58:16,798 - INFO - Training for 2 epochs
2025-12-28 18:58:16,798 - INFO - Model parameters: 1,147,517
2025-12-28 18:58:30,093 - INFO - Epoch 1/2 | LR: 1.40e-04 | Train: 2.8586 | Val: 2.7876 | Acc@1: 43.44%
2025-12-28 18:58:30,132 - INFO -   ✓ New best (Acc@1: 43.44%)
2025-12-28 18:58:45,073 - INFO - Epoch 2/2 | LR: 2.80e-04 | Train: 2.5485 | Val: 2.6907 | Acc@1: 48.77%
2025-12-28 18:58:45,114 - INFO -   ✓ New best (Acc@1: 48.77%)
2025-12-28 18:58:45,239 - INFO - Loaded checkpoint from epoch 2
2025-12-28 18:58:45,384 - INFO - ============================================================
2025-12-28 18:58:45,384 - INFO - FINAL VALIDATION RESULTS
2025-12-28 18:58:45,384 - INFO -   Acc@1:  48.77%
2025-12-28 18:58:45,384 - INFO -   Acc@5:  81.15%
2025-12-28 18:58:45,384 - INFO -   Acc@10: 87.30%
2025-12-28 18:58:45,384 - INFO -   MRR:    63.09%
2025-12-28 18:58:45,384 - INFO -   NDCG:   68.97%
2025-12-28 18:58:45,384 - INFO - ============================================================
2025-12-28 18:58:45,384 - INFO - FINAL TEST RESULTS
2025-12-28 18:58:45,384 - INFO -   Acc@1:  52.45%
2025-12-28 18:58:45,384 - INFO -   Acc@5:  84.27%
2025-12-28 18:58:45,385 - INFO -   Acc@10: 93.01%
2025-12-28 18:58:45,385 - INFO -   MRR:    66.74%
2025-12-28 18:58:45,385 - INFO -   NDCG:   73.04%
2025-12-28 18:58:45,385 - INFO - ============================================================
