2025-12-30 21:51:25,450 - INFO - ============================================================
2025-12-30 21:51:25,451 - INFO - POINTER V45 - Training Started
2025-12-30 21:51:25,451 - INFO - ============================================================
2025-12-30 21:51:25,451 - INFO - Model config: {'d_model': 128, 'dim_feedforward': 256, 'dropout': 0.15, 'nhead': 4, 'num_layers': 4}
2025-12-30 21:51:25,451 - INFO - Training config: {'batch_size': 128, 'grad_clip': 0.8, 'label_smoothing': 0.03, 'learning_rate': 0.0007, 'min_epochs': 3, 'min_lr': 1e-06, 'num_epochs': 50, 'patience': 5, 'use_amp': True, 'warmup_epochs': 5, 'weight_decay': 0.015}
2025-12-30 21:51:25,451 - INFO - ============================================================
2025-12-30 21:51:25,451 - INFO - Training for 50 epochs
2025-12-30 21:51:25,451 - INFO - Model parameters: 944,836
2025-12-30 21:51:34,537 - INFO - Epoch 1/50 | LR: 1.40e-04 | Train: 4.4922 | Val: 3.3118 | Acc@1: 40.31%
2025-12-30 21:51:34,585 - INFO -   ✓ New best (Acc@1: 40.31%)
2025-12-30 21:51:40,916 - INFO - Epoch 2/50 | LR: 2.80e-04 | Train: 3.8934 | Val: 3.1572 | Acc@1: 44.69%
2025-12-30 21:51:40,961 - INFO -   ✓ New best (Acc@1: 44.69%)
2025-12-30 21:51:46,296 - INFO - Epoch 3/50 | LR: 4.20e-04 | Train: 3.5492 | Val: 3.1028 | Acc@1: 44.30%
2025-12-30 21:51:46,343 - INFO -   ✓ New best (Acc@1: 44.30%)
2025-12-30 21:51:52,486 - INFO - Epoch 4/50 | LR: 5.60e-04 | Train: 3.2846 | Val: 3.1271 | Acc@1: 46.28%
2025-12-30 21:51:59,700 - INFO - Epoch 5/50 | LR: 7.00e-04 | Train: 2.9981 | Val: 3.0603 | Acc@1: 47.12%
2025-12-30 21:51:59,748 - INFO -   ✓ New best (Acc@1: 47.12%)
2025-12-30 21:52:06,992 - INFO - Epoch 6/50 | LR: 7.00e-04 | Train: 2.6949 | Val: 3.1235 | Acc@1: 46.28%
2025-12-30 21:52:14,708 - INFO - Epoch 7/50 | LR: 6.99e-04 | Train: 2.4167 | Val: 3.2055 | Acc@1: 46.01%
2025-12-30 21:52:22,048 - INFO - Epoch 8/50 | LR: 6.97e-04 | Train: 2.1594 | Val: 3.3631 | Acc@1: 45.11%
2025-12-30 21:52:29,301 - INFO - Epoch 9/50 | LR: 6.92e-04 | Train: 1.9345 | Val: 3.4336 | Acc@1: 45.95%
2025-12-30 21:52:36,619 - INFO - Epoch 10/50 | LR: 6.86e-04 | Train: 1.7265 | Val: 3.5738 | Acc@1: 45.71%
2025-12-30 21:52:36,619 - INFO - Early stopping at epoch 10
2025-12-30 21:52:37,230 - INFO - Loaded checkpoint from epoch 5
2025-12-30 21:52:41,104 - INFO - ============================================================
2025-12-30 21:52:41,104 - INFO - FINAL VALIDATION RESULTS
2025-12-30 21:52:41,104 - INFO -   Acc@1:  47.12%
2025-12-30 21:52:41,105 - INFO -   Acc@5:  75.13%
2025-12-30 21:52:41,105 - INFO -   Acc@10: 80.53%
2025-12-30 21:52:41,105 - INFO -   MRR:    59.75%
2025-12-30 21:52:41,105 - INFO -   NDCG:   64.58%
2025-12-30 21:52:41,105 - INFO - ============================================================
2025-12-30 21:52:41,105 - INFO - FINAL TEST RESULTS
2025-12-30 21:52:41,105 - INFO -   Acc@1:  50.49%
2025-12-30 21:52:41,105 - INFO -   Acc@5:  79.98%
2025-12-30 21:52:41,105 - INFO -   Acc@10: 83.81%
2025-12-30 21:52:41,105 - INFO -   MRR:    63.55%
2025-12-30 21:52:41,105 - INFO -   NDCG:   68.37%
2025-12-30 21:52:41,105 - INFO - ============================================================
