2025-12-29 09:48:11,213 - INFO - ============================================================
2025-12-29 09:48:11,213 - INFO - POINTER V45 - Training Started
2025-12-29 09:48:11,213 - INFO - ============================================================
2025-12-29 09:48:11,213 - INFO - Model config: {'d_model': 128, 'dim_feedforward': 256, 'dropout': 0.15, 'nhead': 4, 'num_layers': 3}
2025-12-29 09:48:11,213 - INFO - Training config: {'batch_size': 128, 'grad_clip': 0.8, 'label_smoothing': 0.03, 'learning_rate': 0.0009, 'min_epochs': 8, 'min_lr': 1e-06, 'num_epochs': 50, 'patience': 5, 'use_amp': True, 'warmup_epochs': 5, 'weight_decay': 0.015}
2025-12-29 09:48:11,213 - INFO - ============================================================
2025-12-29 09:48:11,213 - INFO - Training for 50 epochs
2025-12-29 09:48:11,214 - INFO - Model parameters: 959,309
2025-12-29 09:48:28,722 - INFO - Epoch 1/50 | LR: 1.80e-04 | Train: 2.8015 | Val: 2.7990 | Acc@1: 41.39%
2025-12-29 09:48:28,758 - INFO -   ✓ New best (Acc@1: 41.39%)
2025-12-29 09:48:48,453 - INFO - Epoch 2/50 | LR: 3.60e-04 | Train: 2.5166 | Val: 2.6834 | Acc@1: 46.31%
2025-12-29 09:48:48,492 - INFO -   ✓ New best (Acc@1: 46.31%)
2025-12-29 09:49:08,638 - INFO - Epoch 3/50 | LR: 5.40e-04 | Train: 2.3687 | Val: 2.6899 | Acc@1: 51.23%
2025-12-29 09:49:28,603 - INFO - Epoch 4/50 | LR: 7.20e-04 | Train: 2.2151 | Val: 2.6026 | Acc@1: 47.95%
2025-12-29 09:49:28,642 - INFO -   ✓ New best (Acc@1: 47.95%)
2025-12-29 09:49:45,362 - INFO - Epoch 5/50 | LR: 9.00e-04 | Train: 2.0724 | Val: 2.6151 | Acc@1: 49.59%
2025-12-29 09:50:05,088 - INFO - Epoch 6/50 | LR: 9.00e-04 | Train: 1.9159 | Val: 2.5993 | Acc@1: 47.95%
2025-12-29 09:50:05,127 - INFO -   ✓ New best (Acc@1: 47.95%)
2025-12-29 09:50:24,730 - INFO - Epoch 7/50 | LR: 8.99e-04 | Train: 1.7620 | Val: 2.6794 | Acc@1: 50.41%
2025-12-29 09:50:44,199 - INFO - Epoch 8/50 | LR: 8.96e-04 | Train: 1.6145 | Val: 2.7397 | Acc@1: 49.18%
2025-12-29 09:51:03,824 - INFO - Epoch 9/50 | LR: 8.90e-04 | Train: 1.4832 | Val: 2.8485 | Acc@1: 47.95%
2025-12-29 09:51:23,484 - INFO - Epoch 10/50 | LR: 8.83e-04 | Train: 1.3501 | Val: 2.8709 | Acc@1: 46.72%
2025-12-29 09:51:42,967 - INFO - Epoch 11/50 | LR: 8.73e-04 | Train: 1.2415 | Val: 2.8871 | Acc@1: 45.90%
2025-12-29 09:51:42,967 - INFO - Early stopping at epoch 11
2025-12-29 09:51:43,183 - INFO - Loaded checkpoint from epoch 6
2025-12-29 09:51:43,373 - INFO - ============================================================
2025-12-29 09:51:43,373 - INFO - FINAL VALIDATION RESULTS
2025-12-29 09:51:43,373 - INFO -   Acc@1:  47.95%
2025-12-29 09:51:43,373 - INFO -   Acc@5:  79.10%
2025-12-29 09:51:43,373 - INFO -   Acc@10: 86.48%
2025-12-29 09:51:43,373 - INFO -   MRR:    61.89%
2025-12-29 09:51:43,373 - INFO -   NDCG:   67.62%
2025-12-29 09:51:43,373 - INFO - ============================================================
2025-12-29 09:51:43,373 - INFO - FINAL TEST RESULTS
2025-12-29 09:51:43,373 - INFO -   Acc@1:  54.55%
2025-12-29 09:51:43,373 - INFO -   Acc@5:  83.57%
2025-12-29 09:51:43,373 - INFO -   Acc@10: 90.56%
2025-12-29 09:51:43,373 - INFO -   MRR:    68.11%
2025-12-29 09:51:43,373 - INFO -   NDCG:   73.43%
2025-12-29 09:51:43,373 - INFO - ============================================================
