2026-01-02 09:26:58,817 - INFO - ============================================================
2026-01-02 09:26:58,817 - INFO - ABLATION STUDY - NO_TEMPORAL
2026-01-02 09:26:58,817 - INFO - ============================================================
2026-01-02 09:26:58,817 - INFO - Training for 50 epochs, patience=5
2026-01-02 09:26:58,817 - INFO - Model parameters: 1,074,034
2026-01-02 09:28:09,344 - INFO - Epoch 1/50 | LR: 7.14e-05 | Train: 3.2095 | Val: 3.1965 | Acc@1: 51.04%
2026-01-02 09:28:09,378 - INFO -   ✓ New best (Acc@1: 51.04%)
2026-01-02 09:29:17,765 - INFO - Epoch 2/50 | LR: 1.43e-04 | Train: 3.0308 | Val: 3.1433 | Acc@1: 53.19%
2026-01-02 09:29:17,808 - INFO -   ✓ New best (Acc@1: 53.19%)
2026-01-02 09:30:26,345 - INFO - Epoch 3/50 | LR: 2.14e-04 | Train: 2.9588 | Val: 3.1160 | Acc@1: 53.75%
2026-01-02 09:30:26,386 - INFO -   ✓ New best (Acc@1: 53.75%)
2026-01-02 09:31:34,461 - INFO - Epoch 4/50 | LR: 2.86e-04 | Train: 2.9163 | Val: 3.1031 | Acc@1: 53.70%
2026-01-02 09:31:34,507 - INFO -   ✓ New best (Acc@1: 53.70%)
2026-01-02 09:32:44,365 - INFO - Epoch 5/50 | LR: 3.57e-04 | Train: 2.8845 | Val: 3.0899 | Acc@1: 53.67%
2026-01-02 09:32:44,407 - INFO -   ✓ New best (Acc@1: 53.67%)
2026-01-02 09:33:55,096 - INFO - Epoch 6/50 | LR: 4.29e-04 | Train: 2.8581 | Val: 3.0871 | Acc@1: 53.70%
2026-01-02 09:33:55,143 - INFO -   ✓ New best (Acc@1: 53.70%)
2026-01-02 09:35:06,376 - INFO - Epoch 7/50 | LR: 5.00e-04 | Train: 2.8353 | Val: 3.0935 | Acc@1: 53.62%
2026-01-02 09:36:14,167 - INFO - Epoch 8/50 | LR: 5.00e-04 | Train: 2.8077 | Val: 3.0945 | Acc@1: 53.58%
2026-01-02 09:37:22,798 - INFO - Epoch 9/50 | LR: 4.99e-04 | Train: 2.7905 | Val: 3.1002 | Acc@1: 53.29%
2026-01-02 09:38:30,928 - INFO - Epoch 10/50 | LR: 4.97e-04 | Train: 2.7759 | Val: 3.1059 | Acc@1: 53.07%
2026-01-02 09:39:40,334 - INFO - Epoch 11/50 | LR: 4.94e-04 | Train: 2.7739 | Val: 3.1298 | Acc@1: 53.13%
2026-01-02 09:39:40,334 - INFO - Early stopping at epoch 11
2026-01-02 09:39:46,524 - INFO - ============================================================
2026-01-02 09:39:46,524 - INFO - FINAL RESULTS - NO_TEMPORAL
2026-01-02 09:39:46,524 - INFO - ============================================================
2026-01-02 09:39:46,524 - INFO - Validation Acc@1: 53.70%
2026-01-02 09:39:46,524 - INFO - Test Acc@1: 55.95%
2026-01-02 09:39:46,524 - INFO - Test Acc@5: 82.03%
2026-01-02 09:39:46,524 - INFO - Test Acc@10: 85.24%
2026-01-02 09:39:46,524 - INFO - Test MRR: 67.24%
2026-01-02 09:39:46,524 - INFO - Test NDCG: 71.56%
2026-01-02 09:39:46,525 - INFO - Test F1: 0.50%
2026-01-02 09:39:46,525 - INFO - ============================================================
