2026-01-01 08:11:54,268 - INFO - ============================================================
2026-01-01 08:11:54,268 - INFO - POINTER V45 - Training Started
2026-01-01 08:11:54,268 - INFO - ============================================================
2026-01-01 08:11:54,268 - INFO - Model config: {'d_model': 64, 'nhead': 8, 'num_layers': 4, 'dim_feedforward': 128, 'dropout': 0.2}
2026-01-01 08:11:54,268 - INFO - Training config: {'batch_size': 64, 'num_epochs': 50, 'learning_rate': 0.0001, 'weight_decay': 5e-05, 'label_smoothing': 0.05, 'grad_clip': 0.8, 'patience': 5, 'min_epochs': 8, 'warmup_epochs': 7, 'use_amp': True, 'min_lr': 1e-06}
2026-01-01 08:11:54,268 - INFO - ============================================================
2026-01-01 08:11:54,268 - INFO - Training for 50 epochs
2026-01-01 08:11:54,269 - INFO - Model parameters: 318,420
2026-01-01 08:12:02,026 - INFO - Epoch 1/50 | LR: 1.43e-05 | Train: 5.0781 | Val: 3.7664 | Acc@1: 30.35%
2026-01-01 08:12:02,065 - INFO -   ✓ New best (Acc@1: 30.35%)
2026-01-01 08:12:08,709 - INFO - Epoch 2/50 | LR: 2.86e-05 | Train: 4.7904 | Val: 3.5420 | Acc@1: 33.95%
2026-01-01 08:12:08,745 - INFO -   ✓ New best (Acc@1: 33.95%)
2026-01-01 08:12:15,780 - INFO - Epoch 3/50 | LR: 4.29e-05 | Train: 4.5483 | Val: 3.4074 | Acc@1: 37.31%
2026-01-01 08:12:15,817 - INFO -   ✓ New best (Acc@1: 37.31%)
2026-01-01 08:12:22,762 - INFO - Epoch 4/50 | LR: 5.71e-05 | Train: 4.3889 | Val: 3.3341 | Acc@1: 39.08%
2026-01-01 08:12:22,794 - INFO -   ✓ New best (Acc@1: 39.08%)
2026-01-01 08:12:29,515 - INFO - Epoch 5/50 | LR: 7.14e-05 | Train: 4.1999 | Val: 3.2685 | Acc@1: 41.81%
2026-01-01 08:12:29,548 - INFO -   ✓ New best (Acc@1: 41.81%)
2026-01-01 08:12:36,037 - INFO - Epoch 6/50 | LR: 8.57e-05 | Train: 4.0595 | Val: 3.2113 | Acc@1: 43.31%
2026-01-01 08:12:36,071 - INFO -   ✓ New best (Acc@1: 43.31%)
2026-01-01 08:12:43,195 - INFO - Epoch 7/50 | LR: 1.00e-04 | Train: 3.9284 | Val: 3.1857 | Acc@1: 43.85%
2026-01-01 08:12:43,228 - INFO -   ✓ New best (Acc@1: 43.85%)
2026-01-01 08:12:49,947 - INFO - Epoch 8/50 | LR: 1.00e-04 | Train: 3.8153 | Val: 3.1518 | Acc@1: 44.72%
2026-01-01 08:12:49,983 - INFO -   ✓ New best (Acc@1: 44.72%)
2026-01-01 08:12:56,718 - INFO - Epoch 9/50 | LR: 9.99e-05 | Train: 3.7310 | Val: 3.1398 | Acc@1: 45.62%
2026-01-01 08:12:56,752 - INFO -   ✓ New best (Acc@1: 45.62%)
2026-01-01 08:13:03,744 - INFO - Epoch 10/50 | LR: 9.95e-05 | Train: 3.6555 | Val: 3.1290 | Acc@1: 45.92%
2026-01-01 08:13:03,777 - INFO -   ✓ New best (Acc@1: 45.92%)
2026-01-01 08:13:10,237 - INFO - Epoch 11/50 | LR: 9.88e-05 | Train: 3.6155 | Val: 3.1043 | Acc@1: 46.49%
2026-01-01 08:13:10,269 - INFO -   ✓ New best (Acc@1: 46.49%)
2026-01-01 08:13:17,177 - INFO - Epoch 12/50 | LR: 9.79e-05 | Train: 3.5758 | Val: 3.1164 | Acc@1: 46.61%
2026-01-01 08:13:24,082 - INFO - Epoch 13/50 | LR: 9.67e-05 | Train: 3.5130 | Val: 3.0872 | Acc@1: 47.48%
2026-01-01 08:13:24,114 - INFO -   ✓ New best (Acc@1: 47.48%)
2026-01-01 08:13:31,111 - INFO - Epoch 14/50 | LR: 9.53e-05 | Train: 3.4629 | Val: 3.1246 | Acc@1: 47.54%
2026-01-01 08:13:37,724 - INFO - Epoch 15/50 | LR: 9.37e-05 | Train: 3.4276 | Val: 3.1116 | Acc@1: 47.84%
2026-01-01 08:13:44,085 - INFO - Epoch 16/50 | LR: 9.18e-05 | Train: 3.3925 | Val: 3.0996 | Acc@1: 48.11%
2026-01-01 08:13:50,348 - INFO - Epoch 17/50 | LR: 8.97e-05 | Train: 3.3535 | Val: 3.1163 | Acc@1: 48.44%
2026-01-01 08:13:57,129 - INFO - Epoch 18/50 | LR: 8.74e-05 | Train: 3.3232 | Val: 3.1216 | Acc@1: 48.35%
2026-01-01 08:13:57,129 - INFO - Early stopping at epoch 18
2026-01-01 08:13:57,226 - INFO - Loaded checkpoint from epoch 13
2026-01-01 08:13:59,461 - INFO - ============================================================
2026-01-01 08:13:59,461 - INFO - FINAL VALIDATION RESULTS
2026-01-01 08:13:59,462 - INFO -   Acc@1:  47.48%
2026-01-01 08:13:59,462 - INFO -   Acc@5:  77.83%
2026-01-01 08:13:59,462 - INFO -   Acc@10: 81.73%
2026-01-01 08:13:59,462 - INFO -   MRR:    60.73%
2026-01-01 08:13:59,462 - INFO -   NDCG:   65.69%
2026-01-01 08:13:59,462 - INFO - ============================================================
2026-01-01 08:13:59,462 - INFO - FINAL TEST RESULTS
2026-01-01 08:13:59,462 - INFO -   Acc@1:  51.03%
2026-01-01 08:13:59,462 - INFO -   Acc@5:  81.38%
2026-01-01 08:13:59,462 - INFO -   Acc@10: 84.87%
2026-01-01 08:13:59,462 - INFO -   MRR:    64.63%
2026-01-01 08:13:59,462 - INFO -   NDCG:   69.51%
2026-01-01 08:13:59,462 - INFO - ============================================================
