2025-12-26 08:39:23,491 - INFO - ============================================================
2025-12-26 08:39:23,491 - INFO - POINTER V45 - Training Started
2025-12-26 08:39:23,491 - INFO - ============================================================
2025-12-26 08:39:23,491 - INFO - Model config: {'d_model': 128, 'nhead': 4, 'num_layers': 3, 'dim_feedforward': 256, 'dropout': 0.15}
2025-12-26 08:39:23,491 - INFO - Training config: {'batch_size': 128, 'num_epochs': 50, 'learning_rate': 0.0007, 'weight_decay': 0.015, 'label_smoothing': 0.03, 'grad_clip': 0.8, 'patience': 5, 'min_epochs': 8, 'warmup_epochs': 5, 'use_amp': True, 'min_lr': 1e-06}
2025-12-26 08:39:23,491 - INFO - ============================================================
2025-12-26 08:39:23,491 - INFO - Training for 50 epochs
2025-12-26 08:39:23,492 - INFO - Model parameters: 2,400,562
2025-12-26 08:40:09,088 - INFO - Epoch 1/50 | LR: 1.40e-04 | Train: 3.0661 | Val: 3.0386 | Acc@1: 51.68%
2025-12-26 08:40:09,149 - INFO -   ✓ New best (Acc@1: 51.68%)
2025-12-26 08:40:55,363 - INFO - Epoch 2/50 | LR: 2.80e-04 | Train: 2.8457 | Val: 2.9775 | Acc@1: 53.13%
2025-12-26 08:40:55,431 - INFO -   ✓ New best (Acc@1: 53.13%)
2025-12-26 08:41:41,317 - INFO - Epoch 3/50 | LR: 4.20e-04 | Train: 2.7517 | Val: 2.9403 | Acc@1: 53.71%
2025-12-26 08:41:41,386 - INFO -   ✓ New best (Acc@1: 53.71%)
2025-12-26 08:42:30,742 - INFO - Epoch 4/50 | LR: 5.60e-04 | Train: 2.6599 | Val: 2.8827 | Acc@1: 54.22%
2025-12-26 08:42:30,806 - INFO -   ✓ New best (Acc@1: 54.22%)
2025-12-26 08:43:21,370 - INFO - Epoch 5/50 | LR: 7.00e-04 | Train: 2.5827 | Val: 2.8684 | Acc@1: 53.60%
2025-12-26 08:43:21,437 - INFO -   ✓ New best (Acc@1: 53.60%)
2025-12-26 08:44:06,448 - INFO - Epoch 6/50 | LR: 7.00e-04 | Train: 2.4946 | Val: 2.8420 | Acc@1: 54.26%
2025-12-26 08:44:06,511 - INFO -   ✓ New best (Acc@1: 54.26%)
2025-12-26 08:44:51,886 - INFO - Epoch 7/50 | LR: 6.99e-04 | Train: 2.4237 | Val: 2.8702 | Acc@1: 53.65%
2025-12-26 08:45:34,266 - INFO - Epoch 8/50 | LR: 6.97e-04 | Train: 2.3623 | Val: 2.8904 | Acc@1: 54.05%
2025-12-26 08:46:17,433 - INFO - Epoch 9/50 | LR: 6.92e-04 | Train: 2.3080 | Val: 2.9162 | Acc@1: 53.83%
2025-12-26 08:47:00,673 - INFO - Epoch 10/50 | LR: 6.86e-04 | Train: 2.2591 | Val: 2.9540 | Acc@1: 52.64%
2025-12-26 08:47:42,697 - INFO - Epoch 11/50 | LR: 6.79e-04 | Train: 2.2171 | Val: 3.0027 | Acc@1: 52.66%
2025-12-26 08:47:42,697 - INFO - Early stopping at epoch 11
2025-12-26 08:47:42,761 - INFO - Loaded checkpoint from epoch 6
2025-12-26 08:47:45,539 - INFO - ============================================================
2025-12-26 08:47:45,539 - INFO - FINAL VALIDATION RESULTS
2025-12-26 08:47:45,539 - INFO -   Acc@1:  54.26%
2025-12-26 08:47:45,539 - INFO -   Acc@5:  79.93%
2025-12-26 08:47:45,539 - INFO -   Acc@10: 83.97%
2025-12-26 08:47:45,539 - INFO -   MRR:    65.52%
2025-12-26 08:47:45,539 - INFO -   NDCG:   69.88%
2025-12-26 08:47:45,539 - INFO - ============================================================
2025-12-26 08:47:45,539 - INFO - FINAL TEST RESULTS
2025-12-26 08:47:45,539 - INFO -   Acc@1:  56.89%
2025-12-26 08:47:45,539 - INFO -   Acc@5:  82.23%
2025-12-26 08:47:45,539 - INFO -   Acc@10: 86.13%
2025-12-26 08:47:45,540 - INFO -   MRR:    67.99%
2025-12-26 08:47:45,540 - INFO -   NDCG:   72.31%
2025-12-26 08:47:45,540 - INFO - ============================================================
