Training LSTM model
Dataset: geolife
Config: /data/next_loc_clean_v2/config/ht_optuna/optuna_LSTM_geolife_prev7_t17_20260101_093435_28a96ac4.yaml
Device: cuda
Seed: 42
==================================================
Data loaders: train=232, val=105, test=110
Total trainable parameters: 104035

=== Epoch 1 ===
Epoch 1, 8.6%	 loss: 7.302 acc@1: 0.00 mrr: 0.37, ndcg: 0.05, took: 3.82s
Epoch 1, 17.2%	 loss: 7.286 acc@1: 0.00 mrr: 0.46, ndcg: 0.21, took: 1.64s
Epoch 1, 25.9%	 loss: 7.253 acc@1: 0.16 mrr: 0.53, ndcg: 0.16, took: 1.64s
Epoch 1, 34.5%	 loss: 7.204 acc@1: 0.31 mrr: 0.83, ndcg: 0.58, took: 1.41s
Epoch 1, 43.1%	 loss: 7.160 acc@1: 0.62 mrr: 1.69, ndcg: 1.70, took: 1.53s
Epoch 1, 51.7%	 loss: 7.073 acc@1: 0.78 mrr: 1.83, ndcg: 1.66, took: 1.56s
Epoch 1, 60.3%	 loss: 7.026 acc@1: 0.94 mrr: 2.19, ndcg: 2.25, took: 1.72s
Epoch 1, 69.0%	 loss: 6.835 acc@1: 6.72 mrr: 9.05, ndcg: 9.57, took: 1.70s
Epoch 1, 77.6%	 loss: 6.738 acc@1: 9.22 mrr: 11.22, ndcg: 11.70, took: 1.88s
Epoch 1, 86.2%	 loss: 6.575 acc@1: 10.31 mrr: 13.70, ndcg: 14.38, took: 1.77s
Epoch 1, 94.8%	 loss: 6.401 acc@1: 13.44 mrr: 17.71, ndcg: 18.76, took: 1.78s
Validation - loss: 6.1605, acc@1: 15.18%, f1: 6.23%, mrr: 22.62%, ndcg: 24.78%
Current learning rate: 0.000750

=== Epoch 2 ===
Epoch 2, 8.6%	 loss: 6.013 acc@1: 11.72 mrr: 20.09, ndcg: 22.18, took: 1.47s
Epoch 2, 17.2%	 loss: 5.860 acc@1: 12.03 mrr: 21.29, ndcg: 23.91, took: 1.54s
Epoch 2, 25.9%	 loss: 5.560 acc@1: 13.28 mrr: 24.71, ndcg: 28.37, took: 1.67s
Epoch 2, 34.5%	 loss: 5.323 acc@1: 15.16 mrr: 27.22, ndcg: 31.99, took: 1.79s
Epoch 2, 43.1%	 loss: 5.126 acc@1: 21.72 mrr: 32.08, ndcg: 36.32, took: 1.54s
Epoch 2, 51.7%	 loss: 5.078 acc@1: 20.94 mrr: 31.98, ndcg: 36.56, took: 1.48s
Epoch 2, 60.3%	 loss: 4.731 acc@1: 26.09 mrr: 36.34, ndcg: 40.49, took: 1.34s
Epoch 2, 69.0%	 loss: 4.701 acc@1: 25.00 mrr: 35.52, ndcg: 39.80, took: 1.37s
Epoch 2, 77.6%	 loss: 4.327 acc@1: 27.34 mrr: 39.37, ndcg: 44.25, took: 1.45s
Epoch 2, 86.2%	 loss: 4.257 acc@1: 28.59 mrr: 40.20, ndcg: 45.04, took: 1.62s
Epoch 2, 94.8%	 loss: 4.124 acc@1: 31.09 mrr: 42.20, ndcg: 46.45, took: 1.69s
Validation - loss: 4.5329, acc@1: 30.17%, f1: 17.47%, mrr: 41.95%, ndcg: 45.99%
Current learning rate: 0.001500

=== Epoch 3 ===
Epoch 3, 8.6%	 loss: 3.867 acc@1: 29.22 mrr: 42.30, ndcg: 47.21, took: 1.47s
Epoch 3, 17.2%	 loss: 3.931 acc@1: 29.22 mrr: 41.97, ndcg: 46.46, took: 1.41s
Epoch 3, 25.9%	 loss: 3.915 acc@1: 30.47 mrr: 42.85, ndcg: 47.05, took: 1.44s
Epoch 3, 34.5%	 loss: 3.721 acc@1: 31.25 mrr: 44.74, ndcg: 49.75, took: 1.53s
Epoch 3, 43.1%	 loss: 3.937 acc@1: 32.03 mrr: 43.53, ndcg: 47.57, took: 1.61s
Epoch 3, 51.7%	 loss: 3.742 acc@1: 32.66 mrr: 45.37, ndcg: 49.83, took: 1.66s
Epoch 3, 60.3%	 loss: 3.649 acc@1: 33.91 mrr: 46.56, ndcg: 50.93, took: 1.50s
Epoch 3, 69.0%	 loss: 3.496 acc@1: 38.28 mrr: 50.25, ndcg: 54.65, took: 1.43s
Epoch 3, 77.6%	 loss: 3.603 acc@1: 32.50 mrr: 46.64, ndcg: 51.30, took: 1.38s
Epoch 3, 86.2%	 loss: 3.617 acc@1: 32.81 mrr: 46.43, ndcg: 51.63, took: 1.21s
Epoch 3, 94.8%	 loss: 3.504 acc@1: 38.28 mrr: 50.69, ndcg: 55.05, took: 1.18s
Validation - loss: 4.3704, acc@1: 34.79%, f1: 21.16%, mrr: 46.43%, ndcg: 50.31%
Current learning rate: 0.001469

=== Epoch 4 ===
Epoch 4, 8.6%	 loss: 3.243 acc@1: 35.62 mrr: 50.06, ndcg: 55.20, took: 1.20s
Epoch 4, 17.2%	 loss: 3.433 acc@1: 34.22 mrr: 47.93, ndcg: 52.48, took: 0.99s
Epoch 4, 25.9%	 loss: 3.380 acc@1: 36.25 mrr: 49.32, ndcg: 53.86, took: 1.02s
Epoch 4, 34.5%	 loss: 3.333 acc@1: 34.84 mrr: 48.57, ndcg: 53.49, took: 0.90s
Epoch 4, 43.1%	 loss: 3.287 acc@1: 37.50 mrr: 50.68, ndcg: 55.30, took: 0.91s
Epoch 4, 51.7%	 loss: 3.396 acc@1: 33.28 mrr: 47.63, ndcg: 52.42, took: 0.96s
Epoch 4, 60.3%	 loss: 3.316 acc@1: 34.53 mrr: 48.75, ndcg: 53.75, took: 1.06s
Epoch 4, 69.0%	 loss: 3.375 acc@1: 35.00 mrr: 48.51, ndcg: 53.25, took: 1.04s
Epoch 4, 77.6%	 loss: 3.145 acc@1: 36.41 mrr: 51.49, ndcg: 56.48, took: 1.03s
Epoch 4, 86.2%	 loss: 3.225 acc@1: 33.91 mrr: 49.18, ndcg: 54.18, took: 1.00s
Epoch 4, 94.8%	 loss: 3.360 acc@1: 33.12 mrr: 47.99, ndcg: 53.13, took: 0.94s
Validation - loss: 4.3460, acc@1: 34.91%, f1: 22.02%, mrr: 47.09%, ndcg: 51.24%
Current learning rate: 0.001438

=== Epoch 5 ===
Epoch 5, 8.6%	 loss: 3.179 acc@1: 35.31 mrr: 49.47, ndcg: 54.22, took: 0.66s
Epoch 5, 17.2%	 loss: 3.139 acc@1: 34.06 mrr: 49.38, ndcg: 54.84, took: 0.72s
Epoch 5, 25.9%	 loss: 3.106 acc@1: 33.59 mrr: 49.79, ndcg: 54.95, took: 0.76s
Epoch 5, 34.5%	 loss: 3.036 acc@1: 37.34 mrr: 51.58, ndcg: 56.69, took: 0.73s
Epoch 5, 43.1%	 loss: 3.060 acc@1: 35.00 mrr: 51.18, ndcg: 56.33, took: 0.78s
Epoch 5, 51.7%	 loss: 3.141 acc@1: 34.06 mrr: 49.28, ndcg: 54.46, took: 0.85s
Epoch 5, 60.3%	 loss: 3.167 acc@1: 36.72 mrr: 50.11, ndcg: 55.06, took: 0.95s
Epoch 5, 69.0%	 loss: 3.134 acc@1: 37.97 mrr: 51.53, ndcg: 55.89, took: 0.97s
Epoch 5, 77.6%	 loss: 2.917 acc@1: 40.00 mrr: 53.79, ndcg: 58.76, took: 1.01s
Epoch 5, 86.2%	 loss: 3.065 acc@1: 37.03 mrr: 51.47, ndcg: 56.42, took: 0.95s
Epoch 5, 94.8%	 loss: 3.041 acc@1: 34.22 mrr: 50.22, ndcg: 55.73, took: 0.95s
Validation - loss: 4.3766, acc@1: 35.30%, f1: 22.48%, mrr: 47.46%, ndcg: 51.65%
Current learning rate: 0.001406

=== Epoch 6 ===
Epoch 6, 8.6%	 loss: 2.878 acc@1: 37.34 mrr: 53.12, ndcg: 58.42, took: 0.87s
Epoch 6, 17.2%	 loss: 2.800 acc@1: 37.50 mrr: 53.12, ndcg: 58.13, took: 0.76s
Epoch 6, 25.9%	 loss: 2.757 acc@1: 40.78 mrr: 55.68, ndcg: 60.81, took: 0.60s
Epoch 6, 34.5%	 loss: 2.999 acc@1: 35.78 mrr: 50.98, ndcg: 55.52, took: 0.58s
Epoch 6, 43.1%	 loss: 2.958 acc@1: 36.41 mrr: 51.99, ndcg: 57.01, took: 0.64s
Epoch 6, 51.7%	 loss: 3.024 acc@1: 32.66 mrr: 48.88, ndcg: 54.33, took: 0.77s
Epoch 6, 60.3%	 loss: 2.942 acc@1: 36.88 mrr: 51.67, ndcg: 56.72, took: 0.95s
Epoch 6, 69.0%	 loss: 2.949 acc@1: 35.78 mrr: 51.76, ndcg: 57.34, took: 0.93s
Epoch 6, 77.6%	 loss: 2.908 acc@1: 36.25 mrr: 52.19, ndcg: 57.84, took: 0.92s
Epoch 6, 86.2%	 loss: 2.933 acc@1: 38.28 mrr: 52.38, ndcg: 57.30, took: 0.94s
Epoch 6, 94.8%	 loss: 2.856 acc@1: 35.62 mrr: 51.56, ndcg: 56.84, took: 0.99s
Validation - loss: 4.4283, acc@1: 34.13%, f1: 22.13%, mrr: 47.22%, ndcg: 51.55%
Current learning rate: 0.001375

=== Epoch 7 ===
Epoch 7, 8.6%	 loss: 2.657 acc@1: 37.19 mrr: 53.88, ndcg: 59.78, took: 1.00s
Epoch 7, 17.2%	 loss: 2.778 acc@1: 36.56 mrr: 52.41, ndcg: 58.21, took: 0.92s
Epoch 7, 25.9%	 loss: 2.904 acc@1: 34.69 mrr: 50.95, ndcg: 56.13, took: 0.88s
Epoch 7, 34.5%	 loss: 2.768 acc@1: 40.00 mrr: 54.48, ndcg: 59.49, took: 0.78s
Epoch 7, 43.1%	 loss: 2.783 acc@1: 37.50 mrr: 52.33, ndcg: 57.79, took: 0.62s
Epoch 7, 51.7%	 loss: 2.780 acc@1: 37.81 mrr: 52.89, ndcg: 57.99, took: 0.58s
Epoch 7, 60.3%	 loss: 2.751 acc@1: 37.66 mrr: 53.50, ndcg: 58.91, took: 0.64s
Epoch 7, 69.0%	 loss: 2.853 acc@1: 37.19 mrr: 52.24, ndcg: 57.07, took: 0.76s
Epoch 7, 77.6%	 loss: 2.810 acc@1: 36.25 mrr: 52.69, ndcg: 58.24, took: 0.78s
Epoch 7, 86.2%	 loss: 2.741 acc@1: 35.94 mrr: 52.61, ndcg: 58.08, took: 0.82s
Epoch 7, 94.8%	 loss: 2.787 acc@1: 40.47 mrr: 54.66, ndcg: 59.54, took: 0.76s
Validation - loss: 4.4594, acc@1: 33.08%, f1: 23.83%, mrr: 46.87%, ndcg: 51.59%
Current learning rate: 0.001344

=== Epoch 8 ===
Epoch 8, 8.6%	 loss: 2.524 acc@1: 40.94 mrr: 56.37, ndcg: 62.22, took: 0.71s
Epoch 8, 17.2%	 loss: 2.545 acc@1: 36.41 mrr: 54.12, ndcg: 60.50, took: 0.70s
Epoch 8, 25.9%	 loss: 2.615 acc@1: 36.25 mrr: 53.09, ndcg: 59.18, took: 0.69s
Epoch 8, 34.5%	 loss: 2.569 acc@1: 40.62 mrr: 56.04, ndcg: 60.92, took: 0.60s
Epoch 8, 43.1%	 loss: 2.671 acc@1: 36.09 mrr: 53.03, ndcg: 59.03, took: 0.57s
Epoch 8, 51.7%	 loss: 2.632 acc@1: 39.38 mrr: 55.17, ndcg: 60.29, took: 0.53s
Epoch 8, 60.3%	 loss: 2.721 acc@1: 35.62 mrr: 52.54, ndcg: 58.28, took: 0.53s
Epoch 8, 69.0%	 loss: 2.748 acc@1: 35.62 mrr: 52.23, ndcg: 58.29, took: 0.55s
Epoch 8, 77.6%	 loss: 2.672 acc@1: 36.72 mrr: 53.28, ndcg: 58.83, took: 0.58s
Epoch 8, 86.2%	 loss: 2.784 acc@1: 35.78 mrr: 51.71, ndcg: 57.49, took: 0.68s
Epoch 8, 94.8%	 loss: 2.650 acc@1: 39.84 mrr: 55.09, ndcg: 60.43, took: 0.67s
Validation - loss: 4.5123, acc@1: 34.67%, f1: 24.19%, mrr: 47.66%, ndcg: 52.00%
Current learning rate: 0.001313

=== Epoch 9 ===
Epoch 9, 8.6%	 loss: 2.439 acc@1: 39.06 mrr: 55.94, ndcg: 62.56, took: 0.65s
Epoch 9, 17.2%	 loss: 2.446 acc@1: 38.75 mrr: 56.08, ndcg: 62.72, took: 0.66s
Epoch 9, 25.9%	 loss: 2.615 acc@1: 36.25 mrr: 53.70, ndcg: 60.07, took: 0.67s
Epoch 9, 34.5%	 loss: 2.531 acc@1: 39.84 mrr: 55.34, ndcg: 60.79, took: 0.60s
Epoch 9, 43.1%	 loss: 2.543 acc@1: 37.97 mrr: 54.40, ndcg: 60.41, took: 0.58s
Epoch 9, 51.7%	 loss: 2.614 acc@1: 35.62 mrr: 52.96, ndcg: 58.97, took: 0.56s
Epoch 9, 60.3%	 loss: 2.567 acc@1: 36.41 mrr: 53.55, ndcg: 59.43, took: 0.58s
Epoch 9, 69.0%	 loss: 2.491 acc@1: 38.44 mrr: 55.36, ndcg: 61.30, took: 0.56s
Epoch 9, 77.6%	 loss: 2.542 acc@1: 37.34 mrr: 54.81, ndcg: 60.88, took: 0.59s
Epoch 9, 86.2%	 loss: 2.592 acc@1: 34.69 mrr: 52.50, ndcg: 58.64, took: 0.60s
Epoch 9, 94.8%	 loss: 2.540 acc@1: 38.91 mrr: 55.40, ndcg: 61.12, took: 0.53s
Validation - loss: 4.5203, acc@1: 35.03%, f1: 25.20%, mrr: 47.86%, ndcg: 52.11%
Current learning rate: 0.000128

=== Epoch 10 ===
Epoch 10, 8.6%	 loss: 3.033 acc@1: 37.34 mrr: 52.17, ndcg: 56.78, took: 0.70s
Epoch 10, 17.2%	 loss: 3.006 acc@1: 37.19 mrr: 51.95, ndcg: 57.16, took: 0.66s
Epoch 10, 25.9%	 loss: 3.143 acc@1: 35.16 mrr: 49.72, ndcg: 54.37, took: 0.69s
Epoch 10, 34.5%	 loss: 3.130 acc@1: 35.78 mrr: 50.13, ndcg: 54.97, took: 0.67s
Epoch 10, 43.1%	 loss: 3.025 acc@1: 32.66 mrr: 49.38, ndcg: 54.98, took: 0.68s
Epoch 10, 51.7%	 loss: 3.113 acc@1: 34.69 mrr: 50.07, ndcg: 55.20, took: 0.63s
Epoch 10, 60.3%	 loss: 2.959 acc@1: 39.06 mrr: 53.25, ndcg: 58.17, took: 0.62s
Epoch 10, 69.0%	 loss: 3.357 acc@1: 32.50 mrr: 46.42, ndcg: 51.06, took: 0.61s
Epoch 10, 77.6%	 loss: 3.134 acc@1: 35.47 mrr: 50.30, ndcg: 55.07, took: 0.70s
Epoch 10, 86.2%	 loss: 2.902 acc@1: 39.53 mrr: 53.53, ndcg: 58.15, took: 0.63s
Epoch 10, 94.8%	 loss: 3.071 acc@1: 37.66 mrr: 51.50, ndcg: 55.87, took: 0.59s
Validation - loss: 4.3344, acc@1: 35.39%, f1: 22.68%, mrr: 47.38%, ndcg: 51.44%
Current learning rate: 0.000128

=== Epoch 11 ===
Epoch 11, 8.6%	 loss: 3.135 acc@1: 36.41 mrr: 50.34, ndcg: 55.16, took: 0.67s
Epoch 11, 17.2%	 loss: 3.158 acc@1: 36.56 mrr: 50.35, ndcg: 54.76, took: 0.65s
Epoch 11, 25.9%	 loss: 2.973 acc@1: 36.56 mrr: 51.76, ndcg: 56.78, took: 0.63s
Epoch 11, 34.5%	 loss: 2.988 acc@1: 40.00 mrr: 53.11, ndcg: 57.42, took: 0.67s
Epoch 11, 43.1%	 loss: 3.038 acc@1: 34.69 mrr: 49.82, ndcg: 54.95, took: 0.65s
Epoch 11, 51.7%	 loss: 3.020 acc@1: 37.66 mrr: 51.90, ndcg: 56.80, took: 0.59s
Epoch 11, 60.3%	 loss: 3.071 acc@1: 35.62 mrr: 50.75, ndcg: 55.97, took: 0.60s
Epoch 11, 69.0%	 loss: 2.992 acc@1: 37.50 mrr: 52.03, ndcg: 56.78, took: 0.66s
Epoch 11, 77.6%	 loss: 3.038 acc@1: 36.72 mrr: 51.21, ndcg: 55.97, took: 0.70s
Epoch 11, 86.2%	 loss: 2.867 acc@1: 40.00 mrr: 54.73, ndcg: 59.57, took: 0.68s
Epoch 11, 94.8%	 loss: 3.092 acc@1: 35.00 mrr: 49.95, ndcg: 54.83, took: 0.65s
Validation - loss: 4.3377, acc@1: 35.72%, f1: 22.99%, mrr: 47.60%, ndcg: 51.70%
Current learning rate: 0.000128

=== Epoch 12 ===
Epoch 12, 8.6%	 loss: 3.140 acc@1: 35.78 mrr: 50.39, ndcg: 55.22, took: 0.58s
Epoch 12, 17.2%	 loss: 2.875 acc@1: 39.22 mrr: 53.67, ndcg: 58.82, took: 0.63s
Epoch 12, 25.9%	 loss: 3.011 acc@1: 37.66 mrr: 52.04, ndcg: 56.76, took: 0.61s
Epoch 12, 34.5%	 loss: 2.967 acc@1: 37.34 mrr: 52.16, ndcg: 57.26, took: 0.64s
Epoch 12, 43.1%	 loss: 3.048 acc@1: 35.31 mrr: 50.77, ndcg: 55.95, took: 0.66s
Epoch 12, 51.7%	 loss: 3.092 acc@1: 34.53 mrr: 49.98, ndcg: 55.17, took: 0.63s
Epoch 12, 60.3%	 loss: 3.010 acc@1: 36.56 mrr: 51.33, ndcg: 56.30, took: 0.61s
Epoch 12, 69.0%	 loss: 2.895 acc@1: 37.66 mrr: 52.85, ndcg: 57.99, took: 0.57s
Epoch 12, 77.6%	 loss: 3.068 acc@1: 36.25 mrr: 50.87, ndcg: 55.58, took: 0.58s
Epoch 12, 86.2%	 loss: 2.983 acc@1: 35.78 mrr: 50.75, ndcg: 55.78, took: 0.59s
Epoch 12, 94.8%	 loss: 2.986 acc@1: 35.16 mrr: 50.71, ndcg: 56.09, took: 0.67s
Validation - loss: 4.3526, acc@1: 35.48%, f1: 22.78%, mrr: 47.50%, ndcg: 51.62%
Current learning rate: 0.000128

=== Epoch 13 ===
Epoch 13, 8.6%	 loss: 3.012 acc@1: 39.06 mrr: 52.75, ndcg: 57.27, took: 0.58s
Epoch 13, 17.2%	 loss: 2.992 acc@1: 36.25 mrr: 51.11, ndcg: 56.12, took: 0.61s
Epoch 13, 25.9%	 loss: 2.859 acc@1: 37.03 mrr: 52.32, ndcg: 57.69, took: 0.58s
Epoch 13, 34.5%	 loss: 3.028 acc@1: 36.72 mrr: 50.91, ndcg: 56.06, took: 0.66s
Epoch 13, 43.1%	 loss: 3.012 acc@1: 34.53 mrr: 49.92, ndcg: 55.35, took: 0.69s
Epoch 13, 51.7%	 loss: 2.936 acc@1: 38.12 mrr: 53.05, ndcg: 57.78, took: 0.72s
Epoch 13, 60.3%	 loss: 3.112 acc@1: 33.91 mrr: 49.23, ndcg: 54.52, took: 0.65s
Epoch 13, 69.0%	 loss: 3.061 acc@1: 38.59 mrr: 51.72, ndcg: 56.13, took: 0.61s
Epoch 13, 77.6%	 loss: 2.918 acc@1: 37.50 mrr: 52.72, ndcg: 57.65, took: 0.62s
Epoch 13, 86.2%	 loss: 3.036 acc@1: 35.62 mrr: 50.97, ndcg: 55.84, took: 0.57s
Epoch 13, 94.8%	 loss: 2.975 acc@1: 37.66 mrr: 52.03, ndcg: 56.80, took: 0.70s
Validation - loss: 4.3693, acc@1: 35.30%, f1: 22.61%, mrr: 47.49%, ndcg: 51.65%
Current learning rate: 0.000128

=== Epoch 14 ===
Epoch 14, 8.6%	 loss: 3.022 acc@1: 35.00 mrr: 50.60, ndcg: 55.42, took: 0.65s
Epoch 14, 17.2%	 loss: 3.034 acc@1: 37.66 mrr: 51.62, ndcg: 56.26, took: 0.58s
Epoch 14, 25.9%	 loss: 2.958 acc@1: 35.78 mrr: 51.21, ndcg: 56.57, took: 0.57s
Epoch 14, 34.5%	 loss: 2.761 acc@1: 38.91 mrr: 54.29, ndcg: 59.65, took: 0.61s
Epoch 14, 43.1%	 loss: 2.964 acc@1: 37.34 mrr: 51.90, ndcg: 57.00, took: 0.63s
Epoch 14, 51.7%	 loss: 3.130 acc@1: 32.50 mrr: 48.36, ndcg: 53.72, took: 0.67s
Epoch 14, 60.3%	 loss: 3.089 acc@1: 36.09 mrr: 50.03, ndcg: 54.84, took: 0.64s
Epoch 14, 69.0%	 loss: 2.834 acc@1: 39.84 mrr: 54.34, ndcg: 59.22, took: 0.58s
Epoch 14, 77.6%	 loss: 2.844 acc@1: 38.91 mrr: 54.01, ndcg: 59.03, took: 0.57s
Epoch 14, 86.2%	 loss: 3.081 acc@1: 36.41 mrr: 50.56, ndcg: 54.89, took: 0.59s
Epoch 14, 94.8%	 loss: 3.000 acc@1: 34.84 mrr: 50.43, ndcg: 55.57, took: 0.65s
Validation - loss: 4.3717, acc@1: 35.78%, f1: 22.99%, mrr: 47.78%, ndcg: 51.83%
Current learning rate: 0.000128

=== Epoch 15 ===
Epoch 15, 8.6%	 loss: 2.928 acc@1: 35.78 mrr: 51.61, ndcg: 57.10, took: 0.73s
Epoch 15, 17.2%	 loss: 2.878 acc@1: 38.91 mrr: 53.39, ndcg: 58.30, took: 0.70s
Epoch 15, 25.9%	 loss: 2.942 acc@1: 34.53 mrr: 50.44, ndcg: 55.71, took: 0.64s
Epoch 15, 34.5%	 loss: 3.042 acc@1: 34.22 mrr: 49.85, ndcg: 54.94, took: 0.60s
Epoch 15, 43.1%	 loss: 2.955 acc@1: 36.56 mrr: 51.98, ndcg: 56.85, took: 0.53s
Epoch 15, 51.7%	 loss: 2.987 acc@1: 36.72 mrr: 51.72, ndcg: 56.69, took: 0.57s
Epoch 15, 60.3%	 loss: 2.828 acc@1: 38.59 mrr: 53.83, ndcg: 59.16, took: 0.57s
Epoch 15, 69.0%	 loss: 2.988 acc@1: 39.38 mrr: 52.99, ndcg: 57.24, took: 0.59s
Epoch 15, 77.6%	 loss: 2.950 acc@1: 36.72 mrr: 52.00, ndcg: 56.70, took: 0.61s
Epoch 15, 86.2%	 loss: 2.895 acc@1: 40.78 mrr: 54.06, ndcg: 58.63, took: 0.60s
Epoch 15, 94.8%	 loss: 2.956 acc@1: 36.25 mrr: 51.41, ndcg: 56.20, took: 0.66s
Validation - loss: 4.3863, acc@1: 35.60%, f1: 22.99%, mrr: 47.62%, ndcg: 51.75%
Current learning rate: 0.000013

=== Epoch 16 ===
Epoch 16, 8.6%	 loss: 3.083 acc@1: 34.53 mrr: 49.62, ndcg: 54.70, took: 0.74s
Epoch 16, 17.2%	 loss: 3.298 acc@1: 35.47 mrr: 48.60, ndcg: 52.89, took: 0.69s
Epoch 16, 25.9%	 loss: 3.058 acc@1: 35.78 mrr: 50.61, ndcg: 55.44, took: 0.72s
Epoch 16, 34.5%	 loss: 2.929 acc@1: 35.78 mrr: 52.01, ndcg: 57.37, took: 0.69s
Epoch 16, 43.1%	 loss: 2.926 acc@1: 39.22 mrr: 53.79, ndcg: 58.30, took: 0.64s
Epoch 16, 51.7%	 loss: 2.904 acc@1: 37.50 mrr: 53.03, ndcg: 58.00, took: 0.60s
Epoch 16, 60.3%	 loss: 3.042 acc@1: 37.03 mrr: 50.72, ndcg: 55.59, took: 0.55s
Epoch 16, 69.0%	 loss: 3.091 acc@1: 36.25 mrr: 51.02, ndcg: 55.79, took: 0.53s
Epoch 16, 77.6%	 loss: 2.962 acc@1: 38.28 mrr: 52.37, ndcg: 57.19, took: 0.63s
Epoch 16, 86.2%	 loss: 3.089 acc@1: 35.62 mrr: 50.23, ndcg: 54.91, took: 0.60s
Epoch 16, 94.8%	 loss: 3.097 acc@1: 34.22 mrr: 49.80, ndcg: 54.84, took: 0.67s
Validation - loss: 4.3375, acc@1: 35.18%, f1: 22.57%, mrr: 47.26%, ndcg: 51.40%
Current learning rate: 0.000013

=== Epoch 17 ===
Epoch 17, 8.6%	 loss: 3.222 acc@1: 34.38 mrr: 48.80, ndcg: 53.56, took: 0.67s
Epoch 17, 17.2%	 loss: 2.890 acc@1: 38.28 mrr: 53.09, ndcg: 58.20, took: 0.68s
Epoch 17, 25.9%	 loss: 3.081 acc@1: 37.03 mrr: 51.04, ndcg: 55.98, took: 0.70s
Epoch 17, 34.5%	 loss: 2.865 acc@1: 36.25 mrr: 52.64, ndcg: 58.08, took: 0.65s
Epoch 17, 43.1%	 loss: 3.074 acc@1: 37.50 mrr: 51.44, ndcg: 55.82, took: 0.70s
Epoch 17, 51.7%	 loss: 3.078 acc@1: 33.59 mrr: 49.07, ndcg: 54.44, took: 0.68s
Epoch 17, 60.3%	 loss: 2.904 acc@1: 40.62 mrr: 54.80, ndcg: 59.14, took: 0.56s
Epoch 17, 69.0%	 loss: 2.969 acc@1: 38.28 mrr: 52.41, ndcg: 57.39, took: 0.59s
Epoch 17, 77.6%	 loss: 3.103 acc@1: 35.94 mrr: 50.01, ndcg: 54.80, took: 0.54s
Epoch 17, 86.2%	 loss: 3.025 acc@1: 37.34 mrr: 51.74, ndcg: 56.58, took: 0.58s
Epoch 17, 94.8%	 loss: 3.102 acc@1: 36.25 mrr: 50.43, ndcg: 55.46, took: 0.72s
Validation - loss: 4.3336, acc@1: 35.33%, f1: 22.56%, mrr: 47.35%, ndcg: 51.46%
Current learning rate: 0.000013

=== Epoch 18 ===
Epoch 18, 8.6%	 loss: 3.024 acc@1: 34.53 mrr: 50.54, ndcg: 55.96, took: 0.73s
Epoch 18, 17.2%	 loss: 3.023 acc@1: 38.12 mrr: 52.64, ndcg: 57.57, took: 0.72s
Epoch 18, 25.9%	 loss: 3.005 acc@1: 38.28 mrr: 52.19, ndcg: 56.77, took: 0.69s
Epoch 18, 34.5%	 loss: 3.055 acc@1: 36.25 mrr: 50.80, ndcg: 55.72, took: 0.64s
Epoch 18, 43.1%	 loss: 2.852 acc@1: 39.22 mrr: 53.85, ndcg: 59.18, took: 0.68s
Epoch 18, 51.7%	 loss: 2.920 acc@1: 37.97 mrr: 53.13, ndcg: 57.70, took: 0.69s
Epoch 18, 60.3%	 loss: 3.102 acc@1: 37.50 mrr: 50.86, ndcg: 55.24, took: 0.60s
Epoch 18, 69.0%	 loss: 3.020 acc@1: 36.41 mrr: 50.99, ndcg: 55.89, took: 0.54s
Epoch 18, 77.6%	 loss: 2.902 acc@1: 40.31 mrr: 54.61, ndcg: 59.07, took: 0.52s
Epoch 18, 86.2%	 loss: 3.183 acc@1: 35.47 mrr: 49.79, ndcg: 54.53, took: 0.53s
Epoch 18, 94.8%	 loss: 3.209 acc@1: 33.59 mrr: 47.97, ndcg: 53.39, took: 0.59s
Validation - loss: 4.3557, acc@1: 35.78%, f1: 23.03%, mrr: 47.60%, ndcg: 51.66%
Current learning rate: 0.000013

=== Epoch 19 ===
Epoch 19, 8.6%	 loss: 3.203 acc@1: 32.19 mrr: 47.69, ndcg: 52.89, took: 0.69s
Epoch 19, 17.2%	 loss: 2.891 acc@1: 36.41 mrr: 52.08, ndcg: 57.27, took: 0.69s
Epoch 19, 25.9%	 loss: 2.926 acc@1: 39.69 mrr: 53.68, ndcg: 58.71, took: 0.68s
Epoch 19, 34.5%	 loss: 2.963 acc@1: 38.91 mrr: 53.29, ndcg: 57.79, took: 0.66s
Epoch 19, 43.1%	 loss: 3.134 acc@1: 35.47 mrr: 49.87, ndcg: 54.47, took: 0.65s
Epoch 19, 51.7%	 loss: 3.215 acc@1: 31.56 mrr: 47.13, ndcg: 52.22, took: 0.64s
Epoch 19, 60.3%	 loss: 3.107 acc@1: 37.03 mrr: 50.77, ndcg: 55.70, took: 0.64s
Epoch 19, 69.0%	 loss: 2.876 acc@1: 38.59 mrr: 53.49, ndcg: 58.35, took: 0.60s
Epoch 19, 77.6%	 loss: 2.959 acc@1: 36.56 mrr: 52.02, ndcg: 56.87, took: 0.62s
Epoch 19, 86.2%	 loss: 3.114 acc@1: 34.38 mrr: 49.82, ndcg: 54.97, took: 0.54s
Epoch 19, 94.8%	 loss: 2.970 acc@1: 36.88 mrr: 51.29, ndcg: 56.32, took: 0.52s
Validation - loss: 4.3446, acc@1: 35.27%, f1: 22.52%, mrr: 47.34%, ndcg: 51.44%
Current learning rate: 0.000013

=== Epoch 20 ===
Epoch 20, 8.6%	 loss: 2.875 acc@1: 40.47 mrr: 54.14, ndcg: 59.19, took: 0.65s
Epoch 20, 17.2%	 loss: 3.040 acc@1: 37.81 mrr: 52.04, ndcg: 56.71, took: 0.64s
Epoch 20, 25.9%	 loss: 3.005 acc@1: 36.41 mrr: 51.79, ndcg: 56.74, took: 0.65s
Epoch 20, 34.5%	 loss: 3.120 acc@1: 34.38 mrr: 49.02, ndcg: 54.00, took: 0.70s
Epoch 20, 43.1%	 loss: 3.027 acc@1: 37.66 mrr: 51.67, ndcg: 56.36, took: 0.68s
Epoch 20, 51.7%	 loss: 2.983 acc@1: 38.44 mrr: 52.64, ndcg: 56.97, took: 0.66s
Epoch 20, 60.3%	 loss: 2.815 acc@1: 40.00 mrr: 54.63, ndcg: 59.38, took: 0.67s
Epoch 20, 69.0%	 loss: 3.165 acc@1: 33.91 mrr: 48.70, ndcg: 53.95, took: 0.62s
Epoch 20, 77.6%	 loss: 3.071 acc@1: 37.03 mrr: 50.57, ndcg: 55.14, took: 0.59s
Epoch 20, 86.2%	 loss: 3.100 acc@1: 35.16 mrr: 49.78, ndcg: 54.60, took: 0.59s
Epoch 20, 94.8%	 loss: 3.120 acc@1: 34.06 mrr: 49.21, ndcg: 54.55, took: 0.59s
Validation - loss: 4.3382, acc@1: 35.18%, f1: 22.55%, mrr: 47.35%, ndcg: 51.46%
Training finished.	 Time: 244.85s.	 acc@1: 35.39%

=== Test Results ===
Test Results:
  acc@1: 31.72%
  acc@5: 53.85%
  acc@10: 57.05%
  mrr: 41.73%
  ndcg: 45.17%
  f1: 18.84%

=== Training Complete ===
