2025-12-28 18:37:28,666 - INFO - ============================================================
2025-12-28 18:37:28,666 - INFO - POINTER V45 - Training Started
2025-12-28 18:37:28,666 - INFO - ============================================================
2025-12-28 18:37:28,666 - INFO - Model config: {'d_model': 64, 'dim_feedforward': 128, 'dropout': 0.15, 'nhead': 4, 'num_layers': 2}
2025-12-28 18:37:28,666 - INFO - Training config: {'batch_size': 128, 'grad_clip': 0.8, 'label_smoothing': 0.03, 'learning_rate': 0.00065, 'min_epochs': 8, 'min_lr': 1e-06, 'num_epochs': 2, 'patience': 5, 'use_amp': True, 'warmup_epochs': 5, 'weight_decay': 0.015}
2025-12-28 18:37:28,666 - INFO - ============================================================
2025-12-28 18:37:28,666 - INFO - Training for 2 epochs
2025-12-28 18:37:28,667 - INFO - Model parameters: 251,068
2025-12-28 18:37:31,193 - INFO - Epoch 1/2 | LR: 1.30e-04 | Train: 4.4117 | Val: 3.4085 | Acc@1: 39.67%
2025-12-28 18:37:31,214 - INFO -   ✓ New best (Acc@1: 39.67%)
2025-12-28 18:37:33,282 - INFO - Epoch 2/2 | LR: 2.60e-04 | Train: 4.0781 | Val: 3.3061 | Acc@1: 43.01%
2025-12-28 18:37:33,302 - INFO -   ✓ New best (Acc@1: 43.01%)
2025-12-28 18:37:33,347 - INFO - Loaded checkpoint from epoch 2
2025-12-28 18:37:34,198 - INFO - ============================================================
2025-12-28 18:37:34,198 - INFO - FINAL VALIDATION RESULTS
2025-12-28 18:37:34,198 - INFO -   Acc@1:  43.01%
2025-12-28 18:37:34,199 - INFO -   Acc@5:  74.04%
2025-12-28 18:37:34,199 - INFO -   Acc@10: 76.81%
2025-12-28 18:37:34,199 - INFO -   MRR:    56.35%
2025-12-28 18:37:34,199 - INFO -   NDCG:   61.27%
2025-12-28 18:37:34,199 - INFO - ============================================================
2025-12-28 18:37:34,199 - INFO - FINAL TEST RESULTS
2025-12-28 18:37:34,199 - INFO -   Acc@1:  47.66%
2025-12-28 18:37:34,199 - INFO -   Acc@5:  77.44%
2025-12-28 18:37:34,199 - INFO -   Acc@10: 79.50%
2025-12-28 18:37:34,199 - INFO -   MRR:    61.08%
2025-12-28 18:37:34,199 - INFO -   NDCG:   65.59%
2025-12-28 18:37:34,199 - INFO - ============================================================
