2026-01-01 08:11:28,939 - INFO - ============================================================
2026-01-01 08:11:28,939 - INFO - POINTER V45 - Training Started
2026-01-01 08:11:28,939 - INFO - ============================================================
2026-01-01 08:11:28,939 - INFO - Model config: {'d_model': 128, 'nhead': 8, 'num_layers': 2, 'dim_feedforward': 256, 'dropout': 0.2}
2026-01-01 08:11:28,939 - INFO - Training config: {'batch_size': 128, 'num_epochs': 50, 'learning_rate': 0.0001, 'weight_decay': 1e-05, 'label_smoothing': 0.05, 'grad_clip': 0.8, 'patience': 5, 'min_epochs': 8, 'warmup_epochs': 3, 'use_amp': True, 'min_lr': 1e-06}
2026-01-01 08:11:28,939 - INFO - ============================================================
2026-01-01 08:11:28,940 - INFO - Training for 50 epochs
2026-01-01 08:11:28,940 - INFO - Model parameters: 679,876
2026-01-01 08:11:33,108 - INFO - Epoch 1/50 | LR: 3.33e-05 | Train: 4.5248 | Val: 3.4469 | Acc@1: 37.01%
2026-01-01 08:11:33,139 - INFO -   ✓ New best (Acc@1: 37.01%)
2026-01-01 08:11:36,551 - INFO - Epoch 2/50 | LR: 6.67e-05 | Train: 4.2244 | Val: 3.3384 | Acc@1: 40.97%
2026-01-01 08:11:36,589 - INFO -   ✓ New best (Acc@1: 40.97%)
2026-01-01 08:11:40,300 - INFO - Epoch 3/50 | LR: 1.00e-04 | Train: 3.9961 | Val: 3.2491 | Acc@1: 43.58%
2026-01-01 08:11:40,339 - INFO -   ✓ New best (Acc@1: 43.58%)
2026-01-01 08:11:44,761 - INFO - Epoch 4/50 | LR: 1.00e-04 | Train: 3.8321 | Val: 3.2135 | Acc@1: 44.90%
2026-01-01 08:11:44,796 - INFO -   ✓ New best (Acc@1: 44.90%)
2026-01-01 08:11:47,920 - INFO - Epoch 5/50 | LR: 9.99e-05 | Train: 3.7149 | Val: 3.1892 | Acc@1: 45.53%
2026-01-01 08:11:47,953 - INFO -   ✓ New best (Acc@1: 45.53%)
2026-01-01 08:11:50,679 - INFO - Epoch 6/50 | LR: 9.96e-05 | Train: 3.6107 | Val: 3.1601 | Acc@1: 46.07%
2026-01-01 08:11:50,714 - INFO -   ✓ New best (Acc@1: 46.07%)
2026-01-01 08:11:53,792 - INFO - Epoch 7/50 | LR: 9.90e-05 | Train: 3.5269 | Val: 3.1483 | Acc@1: 46.52%
2026-01-01 08:11:53,827 - INFO -   ✓ New best (Acc@1: 46.52%)
2026-01-01 08:11:57,221 - INFO - Epoch 8/50 | LR: 9.82e-05 | Train: 3.4521 | Val: 3.1115 | Acc@1: 46.55%
2026-01-01 08:11:57,254 - INFO -   ✓ New best (Acc@1: 46.55%)
2026-01-01 08:12:00,923 - INFO - Epoch 9/50 | LR: 9.73e-05 | Train: 3.3860 | Val: 3.1000 | Acc@1: 46.73%
2026-01-01 08:12:00,954 - INFO -   ✓ New best (Acc@1: 46.73%)
2026-01-01 08:12:04,089 - INFO - Epoch 10/50 | LR: 9.61e-05 | Train: 3.3307 | Val: 3.1192 | Acc@1: 47.33%
2026-01-01 08:12:07,423 - INFO - Epoch 11/50 | LR: 9.47e-05 | Train: 3.2779 | Val: 3.1135 | Acc@1: 47.33%
2026-01-01 08:12:10,559 - INFO - Epoch 12/50 | LR: 9.31e-05 | Train: 3.2150 | Val: 3.0976 | Acc@1: 47.81%
2026-01-01 08:12:10,590 - INFO -   ✓ New best (Acc@1: 47.81%)
2026-01-01 08:12:14,181 - INFO - Epoch 13/50 | LR: 9.13e-05 | Train: 3.1616 | Val: 3.1181 | Acc@1: 47.57%
2026-01-01 08:12:17,532 - INFO - Epoch 14/50 | LR: 8.93e-05 | Train: 3.1061 | Val: 3.1100 | Acc@1: 48.08%
2026-01-01 08:12:21,111 - INFO - Epoch 15/50 | LR: 8.72e-05 | Train: 3.0584 | Val: 3.0997 | Acc@1: 48.14%
2026-01-01 08:12:24,536 - INFO - Epoch 16/50 | LR: 8.49e-05 | Train: 3.0020 | Val: 3.0989 | Acc@1: 48.74%
2026-01-01 08:12:28,012 - INFO - Epoch 17/50 | LR: 8.25e-05 | Train: 2.9611 | Val: 3.1107 | Acc@1: 48.32%
2026-01-01 08:12:28,012 - INFO - Early stopping at epoch 17
2026-01-01 08:12:28,164 - INFO - Loaded checkpoint from epoch 12
2026-01-01 08:12:29,677 - INFO - ============================================================
2026-01-01 08:12:29,677 - INFO - FINAL VALIDATION RESULTS
2026-01-01 08:12:29,677 - INFO -   Acc@1:  47.81%
2026-01-01 08:12:29,677 - INFO -   Acc@5:  77.05%
2026-01-01 08:12:29,677 - INFO -   Acc@10: 81.97%
2026-01-01 08:12:29,677 - INFO -   MRR:    60.72%
2026-01-01 08:12:29,677 - INFO -   NDCG:   65.73%
2026-01-01 08:12:29,677 - INFO - ============================================================
2026-01-01 08:12:29,677 - INFO - FINAL TEST RESULTS
2026-01-01 08:12:29,677 - INFO -   Acc@1:  49.86%
2026-01-01 08:12:29,677 - INFO -   Acc@5:  81.21%
2026-01-01 08:12:29,678 - INFO -   Acc@10: 84.87%
2026-01-01 08:12:29,678 - INFO -   MRR:    63.55%
2026-01-01 08:12:29,678 - INFO -   NDCG:   68.69%
2026-01-01 08:12:29,678 - INFO - ============================================================
