2025-12-28 19:13:47,682 - INFO - ============================================================
2025-12-28 19:13:47,682 - INFO - POINTER V45 - Training Started
2025-12-28 19:13:47,682 - INFO - ============================================================
2025-12-28 19:13:47,682 - INFO - Model config: {'d_model': 72, 'dim_feedforward': 144, 'dropout': 0.15, 'nhead': 4, 'num_layers': 2}
2025-12-28 19:13:47,682 - INFO - Training config: {'batch_size': 128, 'grad_clip': 0.8, 'label_smoothing': 0.03, 'learning_rate': 0.00065, 'min_epochs': 8, 'min_lr': 1e-06, 'num_epochs': 50, 'patience': 5, 'use_amp': True, 'warmup_epochs': 5, 'weight_decay': 0.015}
2025-12-28 19:13:47,682 - INFO - ============================================================
2025-12-28 19:13:47,682 - INFO - Training for 50 epochs
2025-12-28 19:13:47,682 - INFO - Model parameters: 294,826
2025-12-28 19:13:52,980 - INFO - Epoch 1/50 | LR: 1.30e-04 | Train: 4.4061 | Val: 3.4036 | Acc@1: 38.37%
2025-12-28 19:13:53,002 - INFO -   ✓ New best (Acc@1: 38.37%)
2025-12-28 19:13:56,986 - INFO - Epoch 2/50 | LR: 2.60e-04 | Train: 4.0640 | Val: 3.3015 | Acc@1: 42.50%
2025-12-28 19:13:57,012 - INFO -   ✓ New best (Acc@1: 42.50%)
2025-12-28 19:14:00,973 - INFO - Epoch 3/50 | LR: 3.90e-04 | Train: 3.7514 | Val: 3.2296 | Acc@1: 44.34%
2025-12-28 19:14:00,995 - INFO -   ✓ New best (Acc@1: 44.34%)
2025-12-28 19:14:05,015 - INFO - Epoch 4/50 | LR: 5.20e-04 | Train: 3.5186 | Val: 3.2176 | Acc@1: 46.27%
2025-12-28 19:14:05,038 - INFO -   ✓ New best (Acc@1: 46.27%)
2025-12-28 19:14:09,014 - INFO - Epoch 5/50 | LR: 6.50e-04 | Train: 3.3051 | Val: 3.1750 | Acc@1: 47.23%
2025-12-28 19:14:09,036 - INFO -   ✓ New best (Acc@1: 47.23%)
2025-12-28 19:14:13,012 - INFO - Epoch 6/50 | LR: 6.50e-04 | Train: 3.0757 | Val: 3.1833 | Acc@1: 47.56%
2025-12-28 19:14:16,975 - INFO - Epoch 7/50 | LR: 6.49e-04 | Train: 2.8760 | Val: 3.1620 | Acc@1: 47.17%
2025-12-28 19:14:16,997 - INFO -   ✓ New best (Acc@1: 47.17%)
2025-12-28 19:14:20,993 - INFO - Epoch 8/50 | LR: 6.47e-04 | Train: 2.6681 | Val: 3.1781 | Acc@1: 46.36%
2025-12-28 19:14:24,625 - INFO - Epoch 9/50 | LR: 6.43e-04 | Train: 2.5135 | Val: 3.1477 | Acc@1: 47.23%
2025-12-28 19:14:24,648 - INFO -   ✓ New best (Acc@1: 47.23%)
2025-12-28 19:14:27,589 - INFO - Epoch 10/50 | LR: 6.37e-04 | Train: 2.3585 | Val: 3.2243 | Acc@1: 46.66%
2025-12-28 19:14:30,922 - INFO - Epoch 11/50 | LR: 6.30e-04 | Train: 2.1994 | Val: 3.2786 | Acc@1: 46.57%
2025-12-28 19:14:34,673 - INFO - Epoch 12/50 | LR: 6.22e-04 | Train: 2.0955 | Val: 3.2782 | Acc@1: 46.17%
2025-12-28 19:14:37,888 - INFO - Epoch 13/50 | LR: 6.12e-04 | Train: 1.9666 | Val: 3.3283 | Acc@1: 45.63%
2025-12-28 19:14:40,833 - INFO - Epoch 14/50 | LR: 6.01e-04 | Train: 1.8443 | Val: 3.3409 | Acc@1: 46.20%
2025-12-28 19:14:40,833 - INFO - Early stopping at epoch 14
2025-12-28 19:14:40,938 - INFO - Loaded checkpoint from epoch 9
2025-12-28 19:14:42,232 - INFO - ============================================================
2025-12-28 19:14:42,232 - INFO - FINAL VALIDATION RESULTS
2025-12-28 19:14:42,233 - INFO -   Acc@1:  47.23%
2025-12-28 19:14:42,233 - INFO -   Acc@5:  73.16%
2025-12-28 19:14:42,233 - INFO -   Acc@10: 78.70%
2025-12-28 19:14:42,233 - INFO -   MRR:    58.81%
2025-12-28 19:14:42,233 - INFO -   NDCG:   63.38%
2025-12-28 19:14:42,233 - INFO - ============================================================
2025-12-28 19:14:42,233 - INFO - FINAL TEST RESULTS
2025-12-28 19:14:42,233 - INFO -   Acc@1:  49.19%
2025-12-28 19:14:42,233 - INFO -   Acc@5:  76.03%
2025-12-28 19:14:42,234 - INFO -   Acc@10: 80.86%
2025-12-28 19:14:42,234 - INFO -   MRR:    61.08%
2025-12-28 19:14:42,234 - INFO -   NDCG:   65.66%
2025-12-28 19:14:42,234 - INFO - ============================================================
