2025-12-30 21:51:49,104 - INFO - ============================================================
2025-12-30 21:51:49,104 - INFO - POINTER V45 - Training Started
2025-12-30 21:51:49,104 - INFO - ============================================================
2025-12-30 21:51:49,104 - INFO - Model config: {'d_model': 64, 'dim_feedforward': 512, 'dropout': 0.15, 'nhead': 4, 'num_layers': 2}
2025-12-30 21:51:49,104 - INFO - Training config: {'batch_size': 128, 'grad_clip': 0.8, 'label_smoothing': 0.03, 'learning_rate': 0.0007, 'min_epochs': 3, 'min_lr': 1e-06, 'num_epochs': 50, 'patience': 5, 'use_amp': True, 'warmup_epochs': 5, 'weight_decay': 0.015}
2025-12-30 21:51:49,104 - INFO - ============================================================
2025-12-30 21:51:49,105 - INFO - Training for 50 epochs
2025-12-30 21:51:49,105 - INFO - Model parameters: 350,548
2025-12-30 21:51:57,318 - INFO - Epoch 1/50 | LR: 1.40e-04 | Train: 3.9736 | Val: 3.1564 | Acc@1: 42.29%
2025-12-30 21:51:57,343 - INFO -   ✓ New best (Acc@1: 42.29%)
2025-12-30 21:52:03,630 - INFO - Epoch 2/50 | LR: 2.80e-04 | Train: 3.7253 | Val: 3.0928 | Acc@1: 44.78%
2025-12-30 21:52:03,657 - INFO -   ✓ New best (Acc@1: 44.78%)
2025-12-30 21:52:10,349 - INFO - Epoch 3/50 | LR: 4.20e-04 | Train: 3.5306 | Val: 3.0689 | Acc@1: 46.85%
2025-12-30 21:52:10,376 - INFO -   ✓ New best (Acc@1: 46.85%)
2025-12-30 21:52:17,577 - INFO - Epoch 4/50 | LR: 5.60e-04 | Train: 3.3615 | Val: 3.0570 | Acc@1: 46.55%
2025-12-30 21:52:17,602 - INFO -   ✓ New best (Acc@1: 46.55%)
2025-12-30 21:52:24,272 - INFO - Epoch 5/50 | LR: 7.00e-04 | Train: 3.1659 | Val: 3.0402 | Acc@1: 46.94%
2025-12-30 21:52:24,297 - INFO -   ✓ New best (Acc@1: 46.94%)
2025-12-30 21:52:30,582 - INFO - Epoch 6/50 | LR: 7.00e-04 | Train: 2.9629 | Val: 3.0260 | Acc@1: 48.05%
2025-12-30 21:52:30,607 - INFO -   ✓ New best (Acc@1: 48.05%)
2025-12-30 21:52:36,992 - INFO - Epoch 7/50 | LR: 6.99e-04 | Train: 2.7579 | Val: 3.0341 | Acc@1: 48.14%
2025-12-30 21:52:42,483 - INFO - Epoch 8/50 | LR: 6.97e-04 | Train: 2.5670 | Val: 3.0651 | Acc@1: 48.17%
2025-12-30 21:52:47,262 - INFO - Epoch 9/50 | LR: 6.92e-04 | Train: 2.3974 | Val: 3.1801 | Acc@1: 46.91%
2025-12-30 21:52:51,058 - INFO - Epoch 10/50 | LR: 6.86e-04 | Train: 2.2577 | Val: 3.2398 | Acc@1: 47.66%
2025-12-30 21:52:54,766 - INFO - Epoch 11/50 | LR: 6.79e-04 | Train: 2.1019 | Val: 3.3202 | Acc@1: 46.37%
2025-12-30 21:52:54,766 - INFO - Early stopping at epoch 11
2025-12-30 21:52:54,870 - INFO - Loaded checkpoint from epoch 6
2025-12-30 21:52:56,483 - INFO - ============================================================
2025-12-30 21:52:56,483 - INFO - FINAL VALIDATION RESULTS
2025-12-30 21:52:56,483 - INFO -   Acc@1:  48.05%
2025-12-30 21:52:56,483 - INFO -   Acc@5:  76.54%
2025-12-30 21:52:56,483 - INFO -   Acc@10: 81.25%
2025-12-30 21:52:56,483 - INFO -   MRR:    60.56%
2025-12-30 21:52:56,483 - INFO -   NDCG:   65.38%
2025-12-30 21:52:56,483 - INFO - ============================================================
2025-12-30 21:52:56,483 - INFO - FINAL TEST RESULTS
2025-12-30 21:52:56,483 - INFO -   Acc@1:  48.77%
2025-12-30 21:52:56,483 - INFO -   Acc@5:  80.67%
2025-12-30 21:52:56,484 - INFO -   Acc@10: 84.29%
2025-12-30 21:52:56,484 - INFO -   MRR:    62.79%
2025-12-30 21:52:56,484 - INFO -   NDCG:   67.95%
2025-12-30 21:52:56,484 - INFO - ============================================================
