2025-12-28 18:59:58,346 - INFO - ============================================================
2025-12-28 18:59:58,346 - INFO - POINTER V45 - Training Started
2025-12-28 18:59:58,346 - INFO - ============================================================
2025-12-28 18:59:58,346 - INFO - Model config: {'d_model': 64, 'dim_feedforward': 128, 'dropout': 0.15, 'nhead': 4, 'num_layers': 2}
2025-12-28 18:59:58,346 - INFO - Training config: {'batch_size': 128, 'grad_clip': 0.8, 'label_smoothing': 0.03, 'learning_rate': 0.0006, 'min_epochs': 8, 'min_lr': 1e-06, 'num_epochs': 50, 'patience': 5, 'use_amp': True, 'warmup_epochs': 5, 'weight_decay': 0.015}
2025-12-28 18:59:58,346 - INFO - ============================================================
2025-12-28 18:59:58,347 - INFO - Training for 50 epochs
2025-12-28 18:59:58,347 - INFO - Model parameters: 251,068
2025-12-28 19:00:01,296 - INFO - Epoch 1/50 | LR: 1.20e-04 | Train: 4.4230 | Val: 3.4171 | Acc@1: 39.25%
2025-12-28 19:00:01,317 - INFO -   ✓ New best (Acc@1: 39.25%)
2025-12-28 19:00:03,687 - INFO - Epoch 2/50 | LR: 2.40e-04 | Train: 4.0985 | Val: 3.3141 | Acc@1: 42.98%
2025-12-28 19:00:03,708 - INFO -   ✓ New best (Acc@1: 42.98%)
2025-12-28 19:00:06,090 - INFO - Epoch 3/50 | LR: 3.60e-04 | Train: 3.8190 | Val: 3.2254 | Acc@1: 44.94%
2025-12-28 19:00:06,109 - INFO -   ✓ New best (Acc@1: 44.94%)
2025-12-28 19:00:08,545 - INFO - Epoch 4/50 | LR: 4.80e-04 | Train: 3.6172 | Val: 3.1933 | Acc@1: 45.96%
2025-12-28 19:00:08,566 - INFO -   ✓ New best (Acc@1: 45.96%)
2025-12-28 19:00:10,966 - INFO - Epoch 5/50 | LR: 6.00e-04 | Train: 3.4153 | Val: 3.1768 | Acc@1: 46.90%
2025-12-28 19:00:10,986 - INFO -   ✓ New best (Acc@1: 46.90%)
2025-12-28 19:00:13,358 - INFO - Epoch 6/50 | LR: 6.00e-04 | Train: 3.2291 | Val: 3.1300 | Acc@1: 47.11%
2025-12-28 19:00:13,378 - INFO -   ✓ New best (Acc@1: 47.11%)
2025-12-28 19:00:15,787 - INFO - Epoch 7/50 | LR: 5.99e-04 | Train: 3.0165 | Val: 3.1577 | Acc@1: 48.25%
2025-12-28 19:00:18,156 - INFO - Epoch 8/50 | LR: 5.97e-04 | Train: 2.8273 | Val: 3.1121 | Acc@1: 48.22%
2025-12-28 19:00:18,176 - INFO -   ✓ New best (Acc@1: 48.22%)
2025-12-28 19:00:20,557 - INFO - Epoch 9/50 | LR: 5.93e-04 | Train: 2.6840 | Val: 3.1377 | Acc@1: 48.28%
2025-12-28 19:00:22,920 - INFO - Epoch 10/50 | LR: 5.88e-04 | Train: 2.5063 | Val: 3.1902 | Acc@1: 48.19%
2025-12-28 19:00:25,257 - INFO - Epoch 11/50 | LR: 5.82e-04 | Train: 2.4031 | Val: 3.1568 | Acc@1: 48.95%
2025-12-28 19:00:27,726 - INFO - Epoch 12/50 | LR: 5.74e-04 | Train: 2.2509 | Val: 3.1640 | Acc@1: 49.58%
2025-12-28 19:00:30,051 - INFO - Epoch 13/50 | LR: 5.65e-04 | Train: 2.1580 | Val: 3.1814 | Acc@1: 49.34%
2025-12-28 19:00:30,051 - INFO - Early stopping at epoch 13
2025-12-28 19:00:30,106 - INFO - Loaded checkpoint from epoch 8
2025-12-28 19:00:31,187 - INFO - ============================================================
2025-12-28 19:00:31,187 - INFO - FINAL VALIDATION RESULTS
2025-12-28 19:00:31,187 - INFO -   Acc@1:  48.22%
2025-12-28 19:00:31,187 - INFO -   Acc@5:  73.52%
2025-12-28 19:00:31,187 - INFO -   Acc@10: 79.07%
2025-12-28 19:00:31,187 - INFO -   MRR:    59.77%
2025-12-28 19:00:31,187 - INFO -   NDCG:   64.21%
2025-12-28 19:00:31,187 - INFO - ============================================================
2025-12-28 19:00:31,187 - INFO - FINAL TEST RESULTS
2025-12-28 19:00:31,187 - INFO -   Acc@1:  50.61%
2025-12-28 19:00:31,187 - INFO -   Acc@5:  76.72%
2025-12-28 19:00:31,187 - INFO -   Acc@10: 80.83%
2025-12-28 19:00:31,187 - INFO -   MRR:    62.44%
2025-12-28 19:00:31,188 - INFO -   NDCG:   66.74%
2025-12-28 19:00:31,188 - INFO - ============================================================
