Training MHSA model
Dataset: geolife
Config: /data/next_loc_clean_v2/config/ht_optuna/optuna_MHSA_geolife_prev10_t15_20251231_155641_9a7e824c.yaml
Device: cuda
Seed: 42
==================================================
Data loaders: train=227, val=99, test=104
Total trainable parameters: 275900

=== Epoch 1 ===
Epoch 1, 8.8%	 loss: 7.060 acc@1: 0.31 mrr: 1.00, ndcg: 0.71, took: 2.88s
Epoch 1, 17.6%	 loss: 7.081 acc@1: 0.16 mrr: 0.94, ndcg: 0.64, took: 1.45s
Epoch 1, 26.4%	 loss: 7.035 acc@1: 0.00 mrr: 0.81, ndcg: 0.41, took: 1.16s
Epoch 1, 35.2%	 loss: 7.044 acc@1: 0.62 mrr: 1.67, ndcg: 1.39, took: 1.04s
Epoch 1, 44.1%	 loss: 6.980 acc@1: 0.94 mrr: 2.78, ndcg: 2.87, took: 1.20s
Epoch 1, 52.9%	 loss: 6.894 acc@1: 4.22 mrr: 7.34, ndcg: 8.23, took: 1.19s
Epoch 1, 61.7%	 loss: 6.790 acc@1: 8.91 mrr: 12.54, ndcg: 13.51, took: 1.30s
Epoch 1, 70.5%	 loss: 6.601 acc@1: 14.22 mrr: 19.43, ndcg: 20.53, took: 1.35s
Epoch 1, 79.3%	 loss: 6.315 acc@1: 18.44 mrr: 25.34, ndcg: 27.39, took: 1.38s
Epoch 1, 88.1%	 loss: 5.924 acc@1: 20.78 mrr: 28.86, ndcg: 31.48, took: 1.40s
Epoch 1, 96.9%	 loss: 5.458 acc@1: 22.97 mrr: 33.11, ndcg: 37.29, took: 1.42s
Validation - loss: 5.1579, acc@1: 20.48%, f1: 12.41%, mrr: 33.25%, ndcg: 38.24%
Current learning rate: 0.001000

=== Epoch 2 ===
Epoch 2, 8.8%	 loss: 5.204 acc@1: 21.72 mrr: 33.11, ndcg: 37.78, took: 1.35s
Epoch 2, 17.6%	 loss: 5.019 acc@1: 22.03 mrr: 33.07, ndcg: 37.61, took: 1.34s
Epoch 2, 26.4%	 loss: 4.846 acc@1: 21.72 mrr: 33.93, ndcg: 38.88, took: 1.34s
Epoch 2, 35.2%	 loss: 4.567 acc@1: 23.59 mrr: 35.76, ndcg: 40.85, took: 1.37s
Epoch 2, 44.1%	 loss: 4.351 acc@1: 26.41 mrr: 38.91, ndcg: 44.13, took: 1.37s
Epoch 2, 52.9%	 loss: 4.224 acc@1: 27.66 mrr: 39.74, ndcg: 44.61, took: 1.32s
Epoch 2, 61.7%	 loss: 4.211 acc@1: 29.38 mrr: 40.95, ndcg: 45.87, took: 1.29s
Epoch 2, 70.5%	 loss: 4.023 acc@1: 30.78 mrr: 43.95, ndcg: 48.87, took: 1.18s
Epoch 2, 79.3%	 loss: 4.009 acc@1: 31.25 mrr: 43.60, ndcg: 47.98, took: 1.25s
Epoch 2, 88.1%	 loss: 3.772 acc@1: 29.22 mrr: 43.96, ndcg: 49.06, took: 1.38s
Epoch 2, 96.9%	 loss: 3.877 acc@1: 33.75 mrr: 45.86, ndcg: 50.54, took: 1.41s
Validation - loss: 4.4646, acc@1: 33.44%, f1: 21.69%, mrr: 44.13%, ndcg: 48.28%
Current learning rate: 0.002000

=== Epoch 3 ===
Epoch 3, 8.8%	 loss: 3.549 acc@1: 32.34 mrr: 46.25, ndcg: 51.07, took: 1.58s
Epoch 3, 17.6%	 loss: 3.398 acc@1: 37.03 mrr: 50.26, ndcg: 54.73, took: 1.44s
Epoch 3, 26.4%	 loss: 3.410 acc@1: 35.31 mrr: 48.73, ndcg: 53.69, took: 1.35s
Epoch 3, 35.2%	 loss: 3.618 acc@1: 34.84 mrr: 47.02, ndcg: 51.55, took: 1.26s
Epoch 3, 44.1%	 loss: 3.431 acc@1: 35.47 mrr: 49.06, ndcg: 53.79, took: 1.12s
Epoch 3, 52.9%	 loss: 3.422 acc@1: 33.44 mrr: 48.81, ndcg: 53.99, took: 1.23s
Epoch 3, 61.7%	 loss: 3.404 acc@1: 34.53 mrr: 48.65, ndcg: 53.56, took: 1.37s
Epoch 3, 70.5%	 loss: 3.388 acc@1: 36.56 mrr: 50.17, ndcg: 54.74, took: 1.24s
Epoch 3, 79.3%	 loss: 3.680 acc@1: 37.03 mrr: 48.44, ndcg: 52.20, took: 1.30s
Epoch 3, 88.1%	 loss: 3.534 acc@1: 37.50 mrr: 50.10, ndcg: 54.52, took: 1.26s
Epoch 3, 96.9%	 loss: 3.456 acc@1: 38.75 mrr: 50.37, ndcg: 54.45, took: 1.29s
Validation - loss: 4.3603, acc@1: 36.88%, f1: 24.93%, mrr: 48.27%, ndcg: 52.17%
Current learning rate: 0.001958

=== Epoch 4 ===
Epoch 4, 8.8%	 loss: 2.990 acc@1: 40.47 mrr: 53.78, ndcg: 58.54, took: 1.34s
Epoch 4, 17.6%	 loss: 2.980 acc@1: 40.31 mrr: 53.42, ndcg: 57.80, took: 1.40s
Epoch 4, 26.4%	 loss: 3.118 acc@1: 40.78 mrr: 52.83, ndcg: 56.96, took: 1.48s
Epoch 4, 35.2%	 loss: 3.068 acc@1: 42.97 mrr: 54.46, ndcg: 58.60, took: 1.47s
Epoch 4, 44.1%	 loss: 3.059 acc@1: 39.38 mrr: 52.75, ndcg: 57.31, took: 1.44s
Epoch 4, 52.9%	 loss: 3.016 acc@1: 40.16 mrr: 53.59, ndcg: 58.33, took: 1.40s
Epoch 4, 61.7%	 loss: 3.132 acc@1: 38.91 mrr: 52.12, ndcg: 56.97, took: 1.44s
Epoch 4, 70.5%	 loss: 3.090 acc@1: 37.19 mrr: 51.48, ndcg: 56.52, took: 1.31s
Epoch 4, 79.3%	 loss: 2.990 acc@1: 41.09 mrr: 54.63, ndcg: 58.99, took: 1.49s
Epoch 4, 88.1%	 loss: 3.020 acc@1: 42.03 mrr: 54.43, ndcg: 58.52, took: 1.72s
Epoch 4, 96.9%	 loss: 3.063 acc@1: 42.66 mrr: 54.57, ndcg: 58.93, took: 1.57s
Validation - loss: 4.4611, acc@1: 39.97%, f1: 31.12%, mrr: 50.40%, ndcg: 54.05%
Current learning rate: 0.001917

=== Epoch 5 ===
Epoch 5, 8.8%	 loss: 2.762 acc@1: 42.50 mrr: 55.73, ndcg: 60.48, took: 1.40s
Epoch 5, 17.6%	 loss: 2.866 acc@1: 40.62 mrr: 54.34, ndcg: 59.05, took: 1.46s
Epoch 5, 26.4%	 loss: 2.806 acc@1: 43.44 mrr: 55.45, ndcg: 59.94, took: 1.42s
Epoch 5, 35.2%	 loss: 2.611 acc@1: 47.19 mrr: 59.02, ndcg: 63.32, took: 1.39s
Epoch 5, 44.1%	 loss: 2.697 acc@1: 45.94 mrr: 58.03, ndcg: 61.97, took: 1.41s
Epoch 5, 52.9%	 loss: 2.757 acc@1: 43.44 mrr: 56.19, ndcg: 60.80, took: 1.54s
Epoch 5, 61.7%	 loss: 2.723 acc@1: 44.53 mrr: 57.25, ndcg: 61.45, took: 1.33s
Epoch 5, 70.5%	 loss: 2.583 acc@1: 48.12 mrr: 59.97, ndcg: 63.86, took: 1.33s
Epoch 5, 79.3%	 loss: 2.750 acc@1: 44.69 mrr: 57.23, ndcg: 61.76, took: 1.43s
Epoch 5, 88.1%	 loss: 2.729 acc@1: 43.44 mrr: 56.75, ndcg: 61.52, took: 1.49s
Epoch 5, 96.9%	 loss: 2.696 acc@1: 43.75 mrr: 57.01, ndcg: 61.25, took: 1.58s
Validation - loss: 4.5524, acc@1: 42.80%, f1: 34.30%, mrr: 52.09%, ndcg: 55.30%
Current learning rate: 0.001875

=== Epoch 6 ===
Epoch 6, 8.8%	 loss: 2.379 acc@1: 46.56 mrr: 61.00, ndcg: 65.98, took: 1.35s
Epoch 6, 17.6%	 loss: 2.288 acc@1: 50.31 mrr: 62.60, ndcg: 67.18, took: 1.31s
Epoch 6, 26.4%	 loss: 2.360 acc@1: 48.75 mrr: 61.29, ndcg: 65.81, took: 1.32s
Epoch 6, 35.2%	 loss: 2.388 acc@1: 47.34 mrr: 60.13, ndcg: 64.80, took: 1.34s
Epoch 6, 44.1%	 loss: 2.286 acc@1: 49.22 mrr: 62.14, ndcg: 66.95, took: 1.26s
Epoch 6, 52.9%	 loss: 2.467 acc@1: 47.19 mrr: 59.36, ndcg: 64.17, took: 1.29s
Epoch 6, 61.7%	 loss: 2.500 acc@1: 44.84 mrr: 58.77, ndcg: 63.86, took: 1.30s
Epoch 6, 70.5%	 loss: 2.526 acc@1: 47.97 mrr: 59.78, ndcg: 64.33, took: 1.18s
Epoch 6, 79.3%	 loss: 2.306 acc@1: 52.66 mrr: 63.95, ndcg: 68.03, took: 1.04s
Epoch 6, 88.1%	 loss: 2.456 acc@1: 45.94 mrr: 59.00, ndcg: 63.76, took: 1.17s
Epoch 6, 96.9%	 loss: 2.470 acc@1: 49.22 mrr: 61.42, ndcg: 65.81, took: 1.17s
Validation - loss: 4.5517, acc@1: 42.99%, f1: 33.97%, mrr: 52.46%, ndcg: 55.88%
Current learning rate: 0.001833

=== Epoch 7 ===
Epoch 7, 8.8%	 loss: 2.034 acc@1: 53.59 mrr: 66.47, ndcg: 71.46, took: 1.36s
Epoch 7, 17.6%	 loss: 2.142 acc@1: 54.84 mrr: 65.73, ndcg: 70.55, took: 1.41s
Epoch 7, 26.4%	 loss: 2.105 acc@1: 50.62 mrr: 63.83, ndcg: 69.11, took: 1.25s
Epoch 7, 35.2%	 loss: 2.151 acc@1: 50.78 mrr: 63.65, ndcg: 68.53, took: 1.34s
Epoch 7, 44.1%	 loss: 2.012 acc@1: 55.16 mrr: 66.61, ndcg: 71.42, took: 1.38s
Epoch 7, 52.9%	 loss: 2.212 acc@1: 52.50 mrr: 63.90, ndcg: 68.67, took: 1.32s
Epoch 7, 61.7%	 loss: 2.217 acc@1: 51.72 mrr: 63.37, ndcg: 67.53, took: 1.36s
Epoch 7, 70.5%	 loss: 2.305 acc@1: 49.69 mrr: 62.67, ndcg: 67.27, took: 1.40s
Epoch 7, 79.3%	 loss: 2.129 acc@1: 51.72 mrr: 64.55, ndcg: 69.43, took: 1.34s
Epoch 7, 88.1%	 loss: 2.078 acc@1: 53.44 mrr: 65.95, ndcg: 70.67, took: 1.44s
Epoch 7, 96.9%	 loss: 2.112 acc@1: 52.50 mrr: 64.76, ndcg: 69.35, took: 1.44s
Validation - loss: 4.6788, acc@1: 42.01%, f1: 34.90%, mrr: 51.35%, ndcg: 54.77%
Current learning rate: 0.001792

=== Epoch 8 ===
Epoch 8, 8.8%	 loss: 1.804 acc@1: 56.72 mrr: 69.47, ndcg: 74.64, took: 1.53s
Epoch 8, 17.6%	 loss: 1.826 acc@1: 56.56 mrr: 69.32, ndcg: 74.63, took: 1.55s
Epoch 8, 26.4%	 loss: 1.872 acc@1: 55.62 mrr: 67.88, ndcg: 73.19, took: 1.56s
Epoch 8, 35.2%	 loss: 1.827 acc@1: 58.44 mrr: 69.96, ndcg: 74.37, took: 1.51s
Epoch 8, 44.1%	 loss: 1.859 acc@1: 54.38 mrr: 67.93, ndcg: 73.35, took: 1.43s
Epoch 8, 52.9%	 loss: 1.894 acc@1: 55.78 mrr: 68.22, ndcg: 73.00, took: 1.32s
Epoch 8, 61.7%	 loss: 1.994 acc@1: 53.44 mrr: 65.93, ndcg: 71.12, took: 1.24s
Epoch 8, 70.5%	 loss: 1.940 acc@1: 54.53 mrr: 67.13, ndcg: 72.07, took: 1.31s
Epoch 8, 79.3%	 loss: 1.968 acc@1: 55.31 mrr: 66.94, ndcg: 71.55, took: 1.36s
Epoch 8, 88.1%	 loss: 1.929 acc@1: 53.44 mrr: 66.94, ndcg: 72.38, took: 1.39s
Epoch 8, 96.9%	 loss: 2.045 acc@1: 54.69 mrr: 66.15, ndcg: 70.32, took: 1.39s
Validation - loss: 4.7149, acc@1: 39.36%, f1: 34.24%, mrr: 49.11%, ndcg: 52.59%
Current learning rate: 0.000175

=== Epoch 9 ===
Epoch 9, 8.8%	 loss: 3.055 acc@1: 42.66 mrr: 54.69, ndcg: 58.69, took: 1.46s
Epoch 9, 17.6%	 loss: 3.064 acc@1: 41.09 mrr: 53.50, ndcg: 57.41, took: 1.60s
Epoch 9, 26.4%	 loss: 2.955 acc@1: 40.62 mrr: 53.72, ndcg: 58.44, took: 1.56s
Epoch 9, 35.2%	 loss: 2.818 acc@1: 42.34 mrr: 55.50, ndcg: 60.10, took: 1.50s
Epoch 9, 44.1%	 loss: 3.085 acc@1: 38.12 mrr: 51.52, ndcg: 56.26, took: 1.54s
Epoch 9, 52.9%	 loss: 2.973 acc@1: 41.41 mrr: 54.19, ndcg: 58.21, took: 1.56s
Epoch 9, 61.7%	 loss: 3.004 acc@1: 42.97 mrr: 54.82, ndcg: 58.66, took: 1.48s
Epoch 9, 70.5%	 loss: 3.048 acc@1: 36.88 mrr: 51.37, ndcg: 56.23, took: 1.30s
Epoch 9, 79.3%	 loss: 3.047 acc@1: 39.84 mrr: 52.88, ndcg: 57.21, took: 1.25s
Epoch 9, 88.1%	 loss: 3.039 acc@1: 40.94 mrr: 53.14, ndcg: 57.01, took: 1.29s
Epoch 9, 96.9%	 loss: 2.887 acc@1: 43.75 mrr: 56.33, ndcg: 60.36, took: 1.35s
Validation - loss: 4.3532, acc@1: 40.10%, f1: 28.78%, mrr: 50.20%, ndcg: 53.72%
Current learning rate: 0.000175

=== Epoch 10 ===
Epoch 10, 8.8%	 loss: 2.812 acc@1: 45.94 mrr: 57.02, ndcg: 60.55, took: 1.38s
Epoch 10, 17.6%	 loss: 2.894 acc@1: 43.91 mrr: 56.44, ndcg: 60.54, took: 1.46s
Epoch 10, 26.4%	 loss: 2.884 acc@1: 38.75 mrr: 53.61, ndcg: 58.56, took: 1.50s
Epoch 10, 35.2%	 loss: 3.115 acc@1: 40.94 mrr: 53.00, ndcg: 56.69, took: 1.50s
Epoch 10, 44.1%	 loss: 2.926 acc@1: 41.72 mrr: 54.49, ndcg: 58.99, took: 1.64s
Epoch 10, 52.9%	 loss: 2.803 acc@1: 44.69 mrr: 56.73, ndcg: 60.70, took: 1.53s
Epoch 10, 61.7%	 loss: 2.871 acc@1: 43.91 mrr: 56.02, ndcg: 60.09, took: 1.59s
Epoch 10, 70.5%	 loss: 2.907 acc@1: 42.03 mrr: 54.75, ndcg: 59.25, took: 1.51s
Epoch 10, 79.3%	 loss: 2.820 acc@1: 43.75 mrr: 56.32, ndcg: 60.24, took: 1.44s
Epoch 10, 88.1%	 loss: 2.787 acc@1: 43.75 mrr: 56.69, ndcg: 61.22, took: 1.43s
Epoch 10, 96.9%	 loss: 2.867 acc@1: 42.19 mrr: 55.13, ndcg: 59.43, took: 1.33s
Validation - loss: 4.3715, acc@1: 41.53%, f1: 30.77%, mrr: 51.00%, ndcg: 54.35%
Current learning rate: 0.000175

=== Epoch 11 ===
Epoch 11, 8.8%	 loss: 2.912 acc@1: 42.19 mrr: 54.78, ndcg: 58.99, took: 1.18s
Epoch 11, 17.6%	 loss: 2.743 acc@1: 42.19 mrr: 55.75, ndcg: 60.40, took: 1.29s
Epoch 11, 26.4%	 loss: 2.880 acc@1: 43.12 mrr: 55.25, ndcg: 59.55, took: 1.38s
Epoch 11, 35.2%	 loss: 2.715 acc@1: 43.59 mrr: 56.99, ndcg: 61.52, took: 1.49s
Epoch 11, 44.1%	 loss: 2.889 acc@1: 44.38 mrr: 55.77, ndcg: 59.23, took: 1.57s
Epoch 11, 52.9%	 loss: 2.747 acc@1: 42.81 mrr: 56.60, ndcg: 61.31, took: 1.56s
Epoch 11, 61.7%	 loss: 2.938 acc@1: 43.75 mrr: 54.88, ndcg: 58.44, took: 1.58s
Epoch 11, 70.5%	 loss: 2.903 acc@1: 42.50 mrr: 54.93, ndcg: 59.18, took: 1.54s
Epoch 11, 79.3%	 loss: 2.844 acc@1: 45.00 mrr: 56.46, ndcg: 60.53, took: 1.64s
Epoch 11, 88.1%	 loss: 2.867 acc@1: 42.19 mrr: 55.19, ndcg: 59.83, took: 1.51s
Epoch 11, 96.9%	 loss: 2.694 acc@1: 46.41 mrr: 58.80, ndcg: 62.88, took: 1.42s
Validation - loss: 4.3678, acc@1: 40.96%, f1: 30.37%, mrr: 50.79%, ndcg: 54.22%
Current learning rate: 0.000175

=== Epoch 12 ===
Epoch 12, 8.8%	 loss: 2.871 acc@1: 44.38 mrr: 55.94, ndcg: 59.75, took: 1.10s
Epoch 12, 17.6%	 loss: 2.784 acc@1: 41.56 mrr: 55.29, ndcg: 60.15, took: 1.14s
Epoch 12, 26.4%	 loss: 2.857 acc@1: 42.50 mrr: 55.11, ndcg: 59.42, took: 1.19s
Epoch 12, 35.2%	 loss: 2.689 acc@1: 45.62 mrr: 57.96, ndcg: 62.24, took: 1.39s
Epoch 12, 44.1%	 loss: 2.805 acc@1: 42.03 mrr: 55.35, ndcg: 59.56, took: 1.56s
Epoch 12, 52.9%	 loss: 2.743 acc@1: 45.31 mrr: 57.10, ndcg: 61.36, took: 1.54s
Epoch 12, 61.7%	 loss: 2.697 acc@1: 45.16 mrr: 57.70, ndcg: 61.92, took: 1.56s
Epoch 12, 70.5%	 loss: 2.647 acc@1: 47.34 mrr: 59.15, ndcg: 63.01, took: 1.54s
Epoch 12, 79.3%	 loss: 2.727 acc@1: 44.22 mrr: 56.61, ndcg: 60.69, took: 1.55s
Epoch 12, 88.1%	 loss: 2.630 acc@1: 46.88 mrr: 59.26, ndcg: 63.55, took: 1.60s
Epoch 12, 96.9%	 loss: 2.915 acc@1: 43.28 mrr: 55.18, ndcg: 59.30, took: 1.50s
Validation - loss: 4.3617, acc@1: 41.82%, f1: 31.24%, mrr: 51.24%, ndcg: 54.64%
Current learning rate: 0.000175

=== Epoch 13 ===
Epoch 13, 8.8%	 loss: 2.867 acc@1: 42.66 mrr: 55.00, ndcg: 59.20, took: 1.28s
Epoch 13, 17.6%	 loss: 2.658 acc@1: 45.47 mrr: 58.05, ndcg: 62.58, took: 1.11s
Epoch 13, 26.4%	 loss: 2.546 acc@1: 47.97 mrr: 60.46, ndcg: 64.66, took: 1.10s
Epoch 13, 35.2%	 loss: 2.610 acc@1: 47.66 mrr: 59.15, ndcg: 63.29, took: 1.22s
Epoch 13, 44.1%	 loss: 2.610 acc@1: 47.34 mrr: 59.06, ndcg: 63.19, took: 1.39s
Epoch 13, 52.9%	 loss: 2.813 acc@1: 44.06 mrr: 56.09, ndcg: 59.65, took: 1.51s
Epoch 13, 61.7%	 loss: 2.721 acc@1: 44.06 mrr: 56.65, ndcg: 60.82, took: 1.54s
Epoch 13, 70.5%	 loss: 2.651 acc@1: 48.12 mrr: 59.50, ndcg: 63.77, took: 1.56s
Epoch 13, 79.3%	 loss: 2.670 acc@1: 48.28 mrr: 59.76, ndcg: 63.60, took: 1.58s
Epoch 13, 88.1%	 loss: 2.836 acc@1: 45.00 mrr: 56.84, ndcg: 60.73, took: 1.56s
Epoch 13, 96.9%	 loss: 2.804 acc@1: 43.91 mrr: 55.72, ndcg: 60.01, took: 1.53s
Validation - loss: 4.3640, acc@1: 42.29%, f1: 31.98%, mrr: 51.49%, ndcg: 54.71%
Current learning rate: 0.000175

=== Epoch 14 ===
Epoch 14, 8.8%	 loss: 2.681 acc@1: 46.88 mrr: 58.23, ndcg: 61.95, took: 1.28s
Epoch 14, 17.6%	 loss: 2.654 acc@1: 45.62 mrr: 57.70, ndcg: 62.03, took: 1.17s
Epoch 14, 26.4%	 loss: 2.740 acc@1: 43.91 mrr: 56.60, ndcg: 61.31, took: 1.17s
Epoch 14, 35.2%	 loss: 2.615 acc@1: 47.97 mrr: 60.11, ndcg: 64.00, took: 1.11s
Epoch 14, 44.1%	 loss: 2.568 acc@1: 44.84 mrr: 58.62, ndcg: 63.18, took: 1.16s
Epoch 14, 52.9%	 loss: 2.709 acc@1: 44.38 mrr: 56.86, ndcg: 61.17, took: 1.44s
Epoch 14, 61.7%	 loss: 2.727 acc@1: 43.59 mrr: 56.50, ndcg: 60.80, took: 1.34s
Epoch 14, 70.5%	 loss: 2.594 acc@1: 45.47 mrr: 58.06, ndcg: 62.61, took: 1.43s
Epoch 14, 79.3%	 loss: 2.683 acc@1: 46.72 mrr: 58.56, ndcg: 62.38, took: 1.52s
Epoch 14, 88.1%	 loss: 2.556 acc@1: 44.84 mrr: 58.89, ndcg: 63.72, took: 1.56s
Epoch 14, 96.9%	 loss: 2.716 acc@1: 45.62 mrr: 57.23, ndcg: 61.60, took: 1.56s
Validation - loss: 4.3968, acc@1: 41.59%, f1: 31.63%, mrr: 51.19%, ndcg: 54.58%
Current learning rate: 0.000018

=== Epoch 15 ===
Epoch 15, 8.8%	 loss: 2.868 acc@1: 44.06 mrr: 56.24, ndcg: 60.26, took: 1.40s
Epoch 15, 17.6%	 loss: 2.842 acc@1: 40.78 mrr: 54.89, ndcg: 59.70, took: 1.30s
Epoch 15, 26.4%	 loss: 2.886 acc@1: 42.50 mrr: 55.45, ndcg: 59.89, took: 1.18s
Epoch 15, 35.2%	 loss: 3.076 acc@1: 39.53 mrr: 52.55, ndcg: 56.90, took: 1.17s
Epoch 15, 44.1%	 loss: 2.726 acc@1: 44.84 mrr: 57.53, ndcg: 61.77, took: 1.24s
Epoch 15, 52.9%	 loss: 2.930 acc@1: 41.72 mrr: 54.72, ndcg: 59.01, took: 1.28s
Epoch 15, 61.7%	 loss: 2.867 acc@1: 43.12 mrr: 55.24, ndcg: 59.50, took: 1.41s
Epoch 15, 70.5%	 loss: 3.011 acc@1: 40.94 mrr: 53.78, ndcg: 57.73, took: 1.44s
Epoch 15, 79.3%	 loss: 2.960 acc@1: 42.50 mrr: 54.92, ndcg: 58.94, took: 1.45s
Epoch 15, 88.1%	 loss: 2.800 acc@1: 45.62 mrr: 57.27, ndcg: 61.18, took: 1.50s
Epoch 15, 96.9%	 loss: 2.974 acc@1: 41.56 mrr: 54.46, ndcg: 58.67, took: 1.40s
Validation - loss: 4.3665, acc@1: 40.13%, f1: 28.88%, mrr: 50.25%, ndcg: 53.73%
Current learning rate: 0.000018

=== Epoch 16 ===
Epoch 16, 8.8%	 loss: 2.945 acc@1: 40.16 mrr: 53.46, ndcg: 57.88, took: 1.44s
Epoch 16, 17.6%	 loss: 2.723 acc@1: 44.53 mrr: 57.69, ndcg: 62.27, took: 1.40s
Epoch 16, 26.4%	 loss: 3.063 acc@1: 39.53 mrr: 52.70, ndcg: 57.08, took: 1.28s
Epoch 16, 35.2%	 loss: 2.857 acc@1: 45.47 mrr: 56.52, ndcg: 60.31, took: 1.20s
Epoch 16, 44.1%	 loss: 2.864 acc@1: 41.88 mrr: 55.42, ndcg: 59.63, took: 1.22s
Epoch 16, 52.9%	 loss: 2.813 acc@1: 43.75 mrr: 56.42, ndcg: 60.77, took: 1.27s
Epoch 16, 61.7%	 loss: 2.804 acc@1: 42.50 mrr: 56.10, ndcg: 60.46, took: 1.19s
Epoch 16, 70.5%	 loss: 2.877 acc@1: 40.94 mrr: 54.44, ndcg: 58.99, took: 1.30s
Epoch 16, 79.3%	 loss: 2.945 acc@1: 43.91 mrr: 54.95, ndcg: 58.72, took: 1.53s
Epoch 16, 88.1%	 loss: 3.061 acc@1: 39.53 mrr: 52.41, ndcg: 56.60, took: 1.45s
Epoch 16, 96.9%	 loss: 2.919 acc@1: 42.50 mrr: 55.12, ndcg: 59.07, took: 1.54s
Validation - loss: 4.3614, acc@1: 40.25%, f1: 29.09%, mrr: 50.31%, ndcg: 53.82%
Current learning rate: 0.000018

=== Epoch 17 ===
Epoch 17, 8.8%	 loss: 2.949 acc@1: 40.78 mrr: 54.03, ndcg: 58.24, took: 1.61s
Epoch 17, 17.6%	 loss: 2.858 acc@1: 43.91 mrr: 56.58, ndcg: 60.80, took: 1.45s
Epoch 17, 26.4%	 loss: 2.914 acc@1: 42.97 mrr: 54.70, ndcg: 58.45, took: 1.42s
Epoch 17, 35.2%	 loss: 2.972 acc@1: 40.78 mrr: 53.46, ndcg: 57.55, took: 1.34s
Epoch 17, 44.1%	 loss: 2.999 acc@1: 41.41 mrr: 53.68, ndcg: 57.48, took: 1.26s
Epoch 17, 52.9%	 loss: 2.922 acc@1: 41.41 mrr: 54.71, ndcg: 58.85, took: 1.37s
Epoch 17, 61.7%	 loss: 2.705 acc@1: 43.28 mrr: 57.04, ndcg: 61.45, took: 1.24s
Epoch 17, 70.5%	 loss: 2.903 acc@1: 41.25 mrr: 54.25, ndcg: 58.62, took: 1.23s
Epoch 17, 79.3%	 loss: 2.832 acc@1: 43.12 mrr: 55.89, ndcg: 60.09, took: 1.27s
Epoch 17, 88.1%	 loss: 2.878 acc@1: 42.19 mrr: 54.60, ndcg: 58.76, took: 1.42s
Epoch 17, 96.9%	 loss: 2.658 acc@1: 46.09 mrr: 58.69, ndcg: 63.19, took: 1.59s
Validation - loss: 4.3623, acc@1: 40.29%, f1: 29.14%, mrr: 50.35%, ndcg: 53.85%
Current learning rate: 0.000018

=== Epoch 18 ===
Epoch 18, 8.8%	 loss: 2.855 acc@1: 43.91 mrr: 56.23, ndcg: 60.06, took: 1.29s
Epoch 18, 17.6%	 loss: 2.867 acc@1: 40.00 mrr: 53.84, ndcg: 58.64, took: 1.34s
Epoch 18, 26.4%	 loss: 3.057 acc@1: 41.72 mrr: 53.25, ndcg: 57.41, took: 1.35s
Epoch 18, 35.2%	 loss: 2.685 acc@1: 45.62 mrr: 58.83, ndcg: 63.09, took: 1.22s
Epoch 18, 44.1%	 loss: 2.721 acc@1: 46.72 mrr: 59.09, ndcg: 63.31, took: 1.37s
Epoch 18, 52.9%	 loss: 2.884 acc@1: 43.91 mrr: 55.67, ndcg: 59.43, took: 1.39s
Epoch 18, 61.7%	 loss: 2.946 acc@1: 43.91 mrr: 55.21, ndcg: 58.67, took: 1.39s
Epoch 18, 70.5%	 loss: 3.048 acc@1: 37.50 mrr: 51.16, ndcg: 55.68, took: 1.21s
Epoch 18, 79.3%	 loss: 2.920 acc@1: 40.94 mrr: 53.57, ndcg: 57.88, took: 1.27s
Epoch 18, 88.1%	 loss: 2.758 acc@1: 44.22 mrr: 56.84, ndcg: 61.31, took: 1.26s
Epoch 18, 96.9%	 loss: 2.828 acc@1: 43.44 mrr: 56.49, ndcg: 60.72, took: 1.26s
Validation - loss: 4.3769, acc@1: 40.16%, f1: 29.04%, mrr: 50.29%, ndcg: 53.82%
Current learning rate: 0.000018

=== Epoch 19 ===
Epoch 19, 8.8%	 loss: 2.865 acc@1: 45.78 mrr: 57.15, ndcg: 61.11, took: 1.62s
Epoch 19, 17.6%	 loss: 2.805 acc@1: 44.53 mrr: 56.84, ndcg: 60.41, took: 1.50s
Epoch 19, 26.4%	 loss: 2.703 acc@1: 44.22 mrr: 57.29, ndcg: 61.60, took: 1.39s
Epoch 19, 35.2%	 loss: 2.854 acc@1: 42.19 mrr: 55.39, ndcg: 59.91, took: 1.39s
Epoch 19, 44.1%	 loss: 3.001 acc@1: 40.94 mrr: 53.31, ndcg: 57.58, took: 1.37s
Epoch 19, 52.9%	 loss: 3.030 acc@1: 39.22 mrr: 52.47, ndcg: 56.86, took: 1.34s
Epoch 19, 61.7%	 loss: 2.895 acc@1: 42.50 mrr: 54.96, ndcg: 59.14, took: 1.26s
Epoch 19, 70.5%	 loss: 2.913 acc@1: 41.72 mrr: 54.36, ndcg: 58.74, took: 1.27s
Epoch 19, 79.3%	 loss: 2.824 acc@1: 42.50 mrr: 55.58, ndcg: 59.73, took: 1.24s
Epoch 19, 88.1%	 loss: 2.852 acc@1: 42.81 mrr: 55.68, ndcg: 59.77, took: 1.23s
Epoch 19, 96.9%	 loss: 2.724 acc@1: 47.81 mrr: 59.25, ndcg: 63.01, took: 1.22s
Validation - loss: 4.3648, acc@1: 40.13%, f1: 28.98%, mrr: 50.31%, ndcg: 53.86%
Training finished.	 Time: 394.35s.	 acc@1: 40.10%

=== Test Results ===
Test Results:
  acc@1: 32.91%
  acc@5: 54.54%
  acc@10: 57.92%
  mrr: 42.54%
  ndcg: 46.05%
  f1: 21.04%

=== Training Complete ===
