2025-12-29 23:29:47,572 - INFO - ============================================================
2025-12-29 23:29:47,572 - INFO - POINTER V45 - Training Started
2025-12-29 23:29:47,572 - INFO - ============================================================
2025-12-29 23:29:47,572 - INFO - Model config: {'d_model': 128, 'dim_feedforward': 512, 'dropout': 0.15, 'nhead': 8, 'num_layers': 8}
2025-12-29 23:29:47,572 - INFO - Training config: {'batch_size': 128, 'grad_clip': 0.8, 'label_smoothing': 0.03, 'learning_rate': 0.0007, 'min_epochs': 8, 'min_lr': 1e-06, 'num_epochs': 50, 'patience': 5, 'use_amp': True, 'warmup_epochs': 5, 'weight_decay': 0.015}
2025-12-29 23:29:47,572 - INFO - ============================================================
2025-12-29 23:29:47,572 - INFO - Training for 50 epochs
2025-12-29 23:29:47,573 - INFO - Model parameters: 2,981,246
2025-12-29 23:31:10,797 - INFO - Epoch 1/50 | LR: 1.40e-04 | Train: 3.1125 | Val: 2.7994 | Acc@1: 51.61%
2025-12-29 23:31:10,884 - INFO -   ✓ New best (Acc@1: 51.61%)
2025-12-29 23:32:04,229 - INFO - Epoch 2/50 | LR: 2.80e-04 | Train: 2.7948 | Val: 2.7558 | Acc@1: 52.56%
2025-12-29 23:32:04,328 - INFO -   ✓ New best (Acc@1: 52.56%)
2025-12-29 23:32:57,487 - INFO - Epoch 3/50 | LR: 4.20e-04 | Train: 2.6993 | Val: 2.7310 | Acc@1: 53.27%
2025-12-29 23:32:57,581 - INFO -   ✓ New best (Acc@1: 53.27%)
2025-12-29 23:33:50,922 - INFO - Epoch 4/50 | LR: 5.60e-04 | Train: 2.6284 | Val: 2.7073 | Acc@1: 53.49%
2025-12-29 23:33:51,014 - INFO -   ✓ New best (Acc@1: 53.49%)
2025-12-29 23:34:44,839 - INFO - Epoch 5/50 | LR: 7.00e-04 | Train: 2.5674 | Val: 2.6822 | Acc@1: 52.69%
2025-12-29 23:34:44,931 - INFO -   ✓ New best (Acc@1: 52.69%)
2025-12-29 23:35:38,485 - INFO - Epoch 6/50 | LR: 7.00e-04 | Train: 2.4818 | Val: 2.6793 | Acc@1: 53.55%
2025-12-29 23:35:38,576 - INFO -   ✓ New best (Acc@1: 53.55%)
2025-12-29 23:36:31,943 - INFO - Epoch 7/50 | LR: 6.99e-04 | Train: 2.3999 | Val: 2.6519 | Acc@1: 53.97%
2025-12-29 23:36:32,034 - INFO -   ✓ New best (Acc@1: 53.97%)
2025-12-29 23:37:25,554 - INFO - Epoch 8/50 | LR: 6.97e-04 | Train: 2.3265 | Val: 2.6511 | Acc@1: 53.97%
2025-12-29 23:37:25,645 - INFO -   ✓ New best (Acc@1: 53.97%)
2025-12-29 23:38:18,913 - INFO - Epoch 9/50 | LR: 6.92e-04 | Train: 2.2478 | Val: 2.7011 | Acc@1: 54.22%
2025-12-29 23:39:13,034 - INFO - Epoch 10/50 | LR: 6.86e-04 | Train: 2.1735 | Val: 2.7194 | Acc@1: 53.07%
2025-12-29 23:40:06,881 - INFO - Epoch 11/50 | LR: 6.79e-04 | Train: 2.0966 | Val: 2.7851 | Acc@1: 53.14%
2025-12-29 23:41:00,633 - INFO - Epoch 12/50 | LR: 6.70e-04 | Train: 2.0202 | Val: 2.7781 | Acc@1: 53.01%
2025-12-29 23:41:54,268 - INFO - Epoch 13/50 | LR: 6.59e-04 | Train: 1.9474 | Val: 2.9230 | Acc@1: 51.67%
2025-12-29 23:41:54,268 - INFO - Early stopping at epoch 13
2025-12-29 23:41:54,380 - INFO - Loaded checkpoint from epoch 8
2025-12-29 23:41:55,649 - INFO - ============================================================
2025-12-29 23:41:55,649 - INFO - FINAL VALIDATION RESULTS
2025-12-29 23:41:55,649 - INFO -   Acc@1:  53.97%
2025-12-29 23:41:55,649 - INFO -   Acc@5:  81.75%
2025-12-29 23:41:55,649 - INFO -   Acc@10: 86.43%
2025-12-29 23:41:55,649 - INFO -   MRR:    65.92%
2025-12-29 23:41:55,649 - INFO -   NDCG:   70.77%
2025-12-29 23:41:55,649 - INFO - ============================================================
2025-12-29 23:41:55,649 - INFO - FINAL TEST RESULTS
2025-12-29 23:41:55,649 - INFO -   Acc@1:  55.77%
2025-12-29 23:41:55,650 - INFO -   Acc@5:  82.68%
2025-12-29 23:41:55,650 - INFO -   Acc@10: 87.26%
2025-12-29 23:41:55,650 - INFO -   MRR:    67.43%
2025-12-29 23:41:55,650 - INFO -   NDCG:   72.11%
2025-12-29 23:41:55,650 - INFO - ============================================================
