2025-12-28 18:52:39,555 - INFO - ============================================================
2025-12-28 18:52:39,556 - INFO - POINTER V45 - Training Started
2025-12-28 18:52:39,556 - INFO - ============================================================
2025-12-28 18:52:39,556 - INFO - Model config: {'d_model': 144, 'dim_feedforward': 288, 'dropout': 0.15, 'nhead': 4, 'num_layers': 3}
2025-12-28 18:52:39,556 - INFO - Training config: {'batch_size': 128, 'grad_clip': 0.8, 'label_smoothing': 0.03, 'learning_rate': 0.0007, 'min_epochs': 8, 'min_lr': 1e-06, 'num_epochs': 2, 'patience': 5, 'use_amp': True, 'warmup_epochs': 5, 'weight_decay': 0.015}
2025-12-28 18:52:39,556 - INFO - ============================================================
2025-12-28 18:52:39,556 - INFO - Training for 2 epochs
2025-12-28 18:52:39,556 - INFO - Model parameters: 2,084,486
2025-12-28 18:53:23,150 - INFO - Epoch 1/2 | LR: 1.40e-04 | Train: 2.9830 | Val: 2.7715 | Acc@1: 52.56%
2025-12-28 18:53:23,205 - INFO -   ✓ New best (Acc@1: 52.56%)
2025-12-28 18:54:08,644 - INFO - Epoch 2/2 | LR: 2.80e-04 | Train: 2.7373 | Val: 2.7234 | Acc@1: 53.65%
2025-12-28 18:54:08,704 - INFO -   ✓ New best (Acc@1: 53.65%)
2025-12-28 18:54:08,824 - INFO - Loaded checkpoint from epoch 2
2025-12-28 18:54:10,494 - INFO - ============================================================
2025-12-28 18:54:10,494 - INFO - FINAL VALIDATION RESULTS
2025-12-28 18:54:10,494 - INFO -   Acc@1:  53.65%
2025-12-28 18:54:10,494 - INFO -   Acc@5:  81.43%
2025-12-28 18:54:10,494 - INFO -   Acc@10: 85.60%
2025-12-28 18:54:10,494 - INFO -   MRR:    65.81%
2025-12-28 18:54:10,494 - INFO -   NDCG:   70.55%
2025-12-28 18:54:10,494 - INFO - ============================================================
2025-12-28 18:54:10,494 - INFO - FINAL TEST RESULTS
2025-12-28 18:54:10,494 - INFO -   Acc@1:  54.76%
2025-12-28 18:54:10,494 - INFO -   Acc@5:  83.08%
2025-12-28 18:54:10,494 - INFO -   Acc@10: 86.97%
2025-12-28 18:54:10,494 - INFO -   MRR:    66.92%
2025-12-28 18:54:10,494 - INFO -   NDCG:   71.74%
2025-12-28 18:54:10,495 - INFO - ============================================================
