Training MHSA model
Dataset: geolife
Config: /data/next_loc_clean_v2/config/ht_optuna/optuna_MHSA_geolife_prev3_t0_20251231_151054_27516056.yaml
Device: cuda
Seed: 42
==================================================
Data loaders: train=224, val=104, test=109
Total trainable parameters: 581155

=== Epoch 1 ===
Epoch 1, 8.9%	 loss: 7.106 acc@1: 0.00 mrr: 0.60, ndcg: 0.31, took: 2.61s
Epoch 1, 17.9%	 loss: 7.089 acc@1: 0.00 mrr: 0.67, ndcg: 0.36, took: 1.68s
Epoch 1, 26.8%	 loss: 7.068 acc@1: 0.16 mrr: 1.12, ndcg: 1.02, took: 1.74s
Epoch 1, 35.7%	 loss: 7.030 acc@1: 0.31 mrr: 1.49, ndcg: 1.33, took: 1.82s
Epoch 1, 44.6%	 loss: 6.974 acc@1: 3.44 mrr: 5.88, ndcg: 6.45, took: 1.74s
Epoch 1, 53.6%	 loss: 6.919 acc@1: 7.81 mrr: 10.22, ndcg: 10.90, took: 1.61s
Epoch 1, 62.5%	 loss: 6.640 acc@1: 17.03 mrr: 21.89, ndcg: 22.97, took: 1.66s
Epoch 1, 71.4%	 loss: 6.480 acc@1: 14.84 mrr: 21.83, ndcg: 23.86, took: 1.61s
Epoch 1, 80.4%	 loss: 6.056 acc@1: 19.06 mrr: 27.12, ndcg: 29.75, took: 1.64s
Epoch 1, 89.3%	 loss: 5.761 acc@1: 21.72 mrr: 31.02, ndcg: 34.86, took: 1.64s
Epoch 1, 98.2%	 loss: 5.653 acc@1: 19.53 mrr: 28.89, ndcg: 32.75, took: 1.53s
Validation - loss: 5.6353, acc@1: 17.02%, f1: 8.60%, mrr: 26.79%, ndcg: 31.12%
Current learning rate: 0.001000

=== Epoch 2 ===
Epoch 2, 8.9%	 loss: 5.258 acc@1: 22.81 mrr: 32.71, ndcg: 37.05, took: 1.75s
Epoch 2, 17.9%	 loss: 5.218 acc@1: 20.94 mrr: 30.64, ndcg: 34.43, took: 1.62s
Epoch 2, 26.8%	 loss: 4.950 acc@1: 24.69 mrr: 34.28, ndcg: 38.11, took: 1.46s
Epoch 2, 35.7%	 loss: 4.693 acc@1: 23.44 mrr: 35.13, ndcg: 39.95, took: 1.75s
Epoch 2, 44.6%	 loss: 4.691 acc@1: 24.69 mrr: 35.87, ndcg: 40.64, took: 1.63s
Epoch 2, 53.6%	 loss: 4.632 acc@1: 23.91 mrr: 35.36, ndcg: 39.93, took: 1.60s
Epoch 2, 62.5%	 loss: 4.734 acc@1: 23.59 mrr: 33.86, ndcg: 37.93, took: 1.57s
Epoch 2, 71.4%	 loss: 4.506 acc@1: 23.44 mrr: 35.58, ndcg: 40.54, took: 1.60s
Epoch 2, 80.4%	 loss: 4.097 acc@1: 29.06 mrr: 41.99, ndcg: 46.87, took: 1.55s
Epoch 2, 89.3%	 loss: 4.279 acc@1: 26.72 mrr: 38.48, ndcg: 42.99, took: 1.62s
Epoch 2, 98.2%	 loss: 4.159 acc@1: 27.50 mrr: 40.39, ndcg: 45.14, took: 1.79s
Validation - loss: 4.6761, acc@1: 26.84%, f1: 17.00%, mrr: 38.87%, ndcg: 43.83%
Current learning rate: 0.002000

=== Epoch 3 ===
Epoch 3, 8.9%	 loss: 3.819 acc@1: 30.62 mrr: 44.06, ndcg: 49.03, took: 1.68s
Epoch 3, 17.9%	 loss: 3.660 acc@1: 32.19 mrr: 45.73, ndcg: 50.70, took: 1.65s
Epoch 3, 26.8%	 loss: 3.751 acc@1: 30.31 mrr: 44.81, ndcg: 49.86, took: 1.55s
Epoch 3, 35.7%	 loss: 3.671 acc@1: 32.66 mrr: 46.03, ndcg: 50.94, took: 1.59s
Epoch 3, 44.6%	 loss: 3.701 acc@1: 31.41 mrr: 45.01, ndcg: 50.19, took: 1.61s
Epoch 3, 53.6%	 loss: 3.599 acc@1: 33.75 mrr: 47.61, ndcg: 52.47, took: 1.65s
Epoch 3, 62.5%	 loss: 3.526 acc@1: 34.22 mrr: 48.54, ndcg: 53.42, took: 1.62s
Epoch 3, 71.4%	 loss: 3.557 acc@1: 31.25 mrr: 46.43, ndcg: 51.88, took: 1.62s
Epoch 3, 80.4%	 loss: 3.513 acc@1: 30.00 mrr: 46.38, ndcg: 52.38, took: 1.72s
Epoch 3, 89.3%	 loss: 3.499 acc@1: 30.94 mrr: 47.02, ndcg: 52.89, took: 1.56s
Epoch 3, 98.2%	 loss: 3.437 acc@1: 30.31 mrr: 46.85, ndcg: 53.05, took: 1.61s
Validation - loss: 4.6512, acc@1: 28.67%, f1: 18.20%, mrr: 43.30%, ndcg: 48.71%
Current learning rate: 0.001958

=== Epoch 4 ===
Epoch 4, 8.9%	 loss: 3.089 acc@1: 34.06 mrr: 50.66, ndcg: 56.48, took: 1.60s
Epoch 4, 17.9%	 loss: 3.148 acc@1: 35.31 mrr: 50.51, ndcg: 55.60, took: 1.67s
Epoch 4, 26.8%	 loss: 3.000 acc@1: 35.62 mrr: 51.70, ndcg: 57.64, took: 1.67s
Epoch 4, 35.7%	 loss: 2.980 acc@1: 36.56 mrr: 52.84, ndcg: 58.05, took: 1.66s
Epoch 4, 44.6%	 loss: 3.189 acc@1: 39.06 mrr: 52.43, ndcg: 57.26, took: 1.61s
Epoch 4, 53.6%	 loss: 3.212 acc@1: 32.19 mrr: 47.93, ndcg: 53.57, took: 1.55s
Epoch 4, 62.5%	 loss: 3.206 acc@1: 34.22 mrr: 48.92, ndcg: 54.22, took: 1.56s
Epoch 4, 71.4%	 loss: 3.220 acc@1: 35.94 mrr: 50.46, ndcg: 55.69, took: 1.68s
Epoch 4, 80.4%	 loss: 3.225 acc@1: 33.91 mrr: 48.66, ndcg: 54.14, took: 1.44s
Epoch 4, 89.3%	 loss: 3.125 acc@1: 34.84 mrr: 50.51, ndcg: 56.03, took: 1.66s
Epoch 4, 98.2%	 loss: 3.224 acc@1: 31.72 mrr: 48.03, ndcg: 53.65, took: 1.52s
Validation - loss: 4.6143, acc@1: 31.42%, f1: 21.29%, mrr: 45.23%, ndcg: 50.41%
Current learning rate: 0.001917

=== Epoch 5 ===
Epoch 5, 8.9%	 loss: 2.923 acc@1: 36.72 mrr: 51.66, ndcg: 56.90, took: 1.65s
Epoch 5, 17.9%	 loss: 2.946 acc@1: 33.75 mrr: 50.54, ndcg: 56.43, took: 1.66s
Epoch 5, 26.8%	 loss: 2.967 acc@1: 33.59 mrr: 50.12, ndcg: 55.72, took: 1.64s
Epoch 5, 35.7%	 loss: 3.006 acc@1: 31.88 mrr: 49.03, ndcg: 54.72, took: 1.60s
Epoch 5, 44.6%	 loss: 2.960 acc@1: 33.91 mrr: 50.05, ndcg: 55.91, took: 1.59s
Epoch 5, 53.6%	 loss: 3.155 acc@1: 30.00 mrr: 46.37, ndcg: 52.49, took: 1.61s
Epoch 5, 62.5%	 loss: 2.841 acc@1: 36.56 mrr: 52.64, ndcg: 58.19, took: 1.55s
Epoch 5, 71.4%	 loss: 2.947 acc@1: 32.81 mrr: 49.77, ndcg: 55.89, took: 1.88s
Epoch 5, 80.4%	 loss: 2.871 acc@1: 38.75 mrr: 53.36, ndcg: 58.58, took: 1.68s
Epoch 5, 89.3%	 loss: 3.025 acc@1: 36.56 mrr: 51.24, ndcg: 56.88, took: 1.65s
Epoch 5, 98.2%	 loss: 3.004 acc@1: 35.78 mrr: 51.06, ndcg: 56.40, took: 1.63s
Validation - loss: 4.6715, acc@1: 33.28%, f1: 20.55%, mrr: 47.10%, ndcg: 51.84%
Current learning rate: 0.001875

=== Epoch 6 ===
Epoch 6, 8.9%	 loss: 2.813 acc@1: 35.62 mrr: 50.84, ndcg: 56.53, took: 1.59s
Epoch 6, 17.9%	 loss: 2.895 acc@1: 35.47 mrr: 50.68, ndcg: 55.99, took: 1.67s
Epoch 6, 26.8%	 loss: 2.818 acc@1: 35.94 mrr: 51.83, ndcg: 57.12, took: 1.59s
Epoch 6, 35.7%	 loss: 2.857 acc@1: 35.16 mrr: 51.21, ndcg: 56.53, took: 1.68s
Epoch 6, 44.6%	 loss: 2.784 acc@1: 39.06 mrr: 54.04, ndcg: 59.17, took: 1.66s
Epoch 6, 53.6%	 loss: 2.889 acc@1: 32.97 mrr: 49.84, ndcg: 55.47, took: 1.60s
Epoch 6, 62.5%	 loss: 3.041 acc@1: 34.38 mrr: 49.58, ndcg: 54.95, took: 1.61s
Epoch 6, 71.4%	 loss: 2.792 acc@1: 32.66 mrr: 50.43, ndcg: 56.71, took: 1.71s
Epoch 6, 80.4%	 loss: 2.867 acc@1: 35.00 mrr: 51.01, ndcg: 56.48, took: 1.56s
Epoch 6, 89.3%	 loss: 2.769 acc@1: 37.81 mrr: 53.35, ndcg: 59.00, took: 1.68s
Epoch 6, 98.2%	 loss: 3.130 acc@1: 34.53 mrr: 48.86, ndcg: 53.90, took: 1.66s
Validation - loss: 4.6984, acc@1: 31.81%, f1: 22.06%, mrr: 45.75%, ndcg: 50.55%
Current learning rate: 0.001833

=== Epoch 7 ===
Epoch 7, 8.9%	 loss: 2.732 acc@1: 34.06 mrr: 51.12, ndcg: 57.24, took: 1.79s
Epoch 7, 17.9%	 loss: 2.681 acc@1: 35.00 mrr: 51.89, ndcg: 57.97, took: 1.77s
Epoch 7, 26.8%	 loss: 2.736 acc@1: 37.03 mrr: 52.68, ndcg: 58.28, took: 1.64s
Epoch 7, 35.7%	 loss: 2.812 acc@1: 36.56 mrr: 51.94, ndcg: 57.21, took: 1.57s
Epoch 7, 44.6%	 loss: 2.844 acc@1: 33.75 mrr: 49.78, ndcg: 56.08, took: 1.56s
Epoch 7, 53.6%	 loss: 2.732 acc@1: 36.88 mrr: 52.66, ndcg: 57.98, took: 1.59s
Epoch 7, 62.5%	 loss: 2.688 acc@1: 37.81 mrr: 53.72, ndcg: 59.09, took: 1.61s
Epoch 7, 71.4%	 loss: 2.870 acc@1: 36.09 mrr: 51.53, ndcg: 56.68, took: 1.57s
Epoch 7, 80.4%	 loss: 2.789 acc@1: 36.09 mrr: 52.24, ndcg: 57.75, took: 1.63s
Epoch 7, 89.3%	 loss: 2.789 acc@1: 35.47 mrr: 51.78, ndcg: 57.21, took: 1.58s
Epoch 7, 98.2%	 loss: 2.976 acc@1: 32.97 mrr: 49.18, ndcg: 54.85, took: 1.59s
Validation - loss: 4.7533, acc@1: 34.64%, f1: 23.23%, mrr: 47.39%, ndcg: 51.80%
Current learning rate: 0.001792

=== Epoch 8 ===
Epoch 8, 8.9%	 loss: 2.571 acc@1: 39.22 mrr: 54.87, ndcg: 60.52, took: 1.44s
Epoch 8, 17.9%	 loss: 2.650 acc@1: 35.47 mrr: 52.53, ndcg: 58.57, took: 1.77s
Epoch 8, 26.8%	 loss: 2.683 acc@1: 34.06 mrr: 51.39, ndcg: 57.38, took: 1.62s
Epoch 8, 35.7%	 loss: 2.786 acc@1: 35.00 mrr: 50.50, ndcg: 55.96, took: 1.57s
Epoch 8, 44.6%	 loss: 2.579 acc@1: 37.50 mrr: 54.02, ndcg: 60.13, took: 1.64s
Epoch 8, 53.6%	 loss: 2.872 acc@1: 35.00 mrr: 50.38, ndcg: 55.96, took: 1.63s
Epoch 8, 62.5%	 loss: 2.916 acc@1: 32.03 mrr: 48.66, ndcg: 54.64, took: 1.62s
Epoch 8, 71.4%	 loss: 2.748 acc@1: 37.19 mrr: 52.63, ndcg: 57.77, took: 1.57s
Epoch 8, 80.4%	 loss: 2.842 acc@1: 34.53 mrr: 50.34, ndcg: 56.12, took: 1.55s
Epoch 8, 89.3%	 loss: 2.849 acc@1: 32.19 mrr: 49.10, ndcg: 54.94, took: 1.64s
Epoch 8, 98.2%	 loss: 2.842 acc@1: 36.41 mrr: 51.15, ndcg: 56.22, took: 1.66s
Validation - loss: 4.7836, acc@1: 33.10%, f1: 23.07%, mrr: 46.14%, ndcg: 50.81%
Current learning rate: 0.001750

=== Epoch 9 ===
Epoch 9, 8.9%	 loss: 2.594 acc@1: 40.16 mrr: 54.88, ndcg: 60.38, took: 1.69s
Epoch 9, 17.9%	 loss: 2.748 acc@1: 36.56 mrr: 51.50, ndcg: 56.66, took: 1.67s
Epoch 9, 26.8%	 loss: 2.554 acc@1: 37.34 mrr: 53.86, ndcg: 59.93, took: 1.73s
Epoch 9, 35.7%	 loss: 2.790 acc@1: 32.66 mrr: 49.78, ndcg: 55.71, took: 1.70s
Epoch 9, 44.6%	 loss: 2.803 acc@1: 33.91 mrr: 50.44, ndcg: 55.90, took: 1.63s
Epoch 9, 53.6%	 loss: 2.701 acc@1: 35.16 mrr: 51.95, ndcg: 57.67, took: 1.65s
Epoch 9, 62.5%	 loss: 2.656 acc@1: 37.19 mrr: 53.32, ndcg: 58.88, took: 1.54s
Epoch 9, 71.4%	 loss: 2.837 acc@1: 32.34 mrr: 49.27, ndcg: 54.99, took: 1.64s
Epoch 9, 80.4%	 loss: 2.706 acc@1: 33.59 mrr: 51.09, ndcg: 57.13, took: 1.73s
Epoch 9, 89.3%	 loss: 2.675 acc@1: 37.50 mrr: 53.01, ndcg: 58.41, took: 1.53s
Epoch 9, 98.2%	 loss: 2.848 acc@1: 35.94 mrr: 51.08, ndcg: 56.16, took: 1.64s
Validation - loss: 4.9296, acc@1: 33.92%, f1: 23.21%, mrr: 46.44%, ndcg: 50.99%
Current learning rate: 0.000171

=== Epoch 10 ===
Epoch 10, 8.9%	 loss: 3.025 acc@1: 35.00 mrr: 50.43, ndcg: 55.43, took: 1.66s
Epoch 10, 17.9%	 loss: 2.831 acc@1: 36.09 mrr: 51.86, ndcg: 57.65, took: 1.62s
Epoch 10, 26.8%	 loss: 2.878 acc@1: 33.44 mrr: 50.33, ndcg: 55.90, took: 1.58s
Epoch 10, 35.7%	 loss: 2.790 acc@1: 37.03 mrr: 52.38, ndcg: 57.66, took: 1.73s
Epoch 10, 44.6%	 loss: 2.745 acc@1: 37.19 mrr: 53.29, ndcg: 58.77, took: 1.66s
Epoch 10, 53.6%	 loss: 2.925 acc@1: 32.81 mrr: 49.28, ndcg: 55.31, took: 1.51s
Epoch 10, 62.5%	 loss: 2.809 acc@1: 37.81 mrr: 52.63, ndcg: 57.90, took: 1.60s
Epoch 10, 71.4%	 loss: 2.672 acc@1: 41.09 mrr: 55.88, ndcg: 60.99, took: 1.56s
Epoch 10, 80.4%	 loss: 2.890 acc@1: 36.88 mrr: 51.62, ndcg: 56.77, took: 1.65s
Epoch 10, 89.3%	 loss: 2.934 acc@1: 34.69 mrr: 50.19, ndcg: 55.68, took: 1.54s
Epoch 10, 98.2%	 loss: 2.739 acc@1: 39.06 mrr: 54.51, ndcg: 59.86, took: 1.61s
Validation - loss: 4.5019, acc@1: 33.83%, f1: 22.79%, mrr: 47.54%, ndcg: 52.20%
Current learning rate: 0.000171

=== Epoch 11 ===
Epoch 11, 8.9%	 loss: 2.725 acc@1: 36.72 mrr: 53.39, ndcg: 59.11, took: 1.51s
Epoch 11, 17.9%	 loss: 2.740 acc@1: 38.59 mrr: 53.52, ndcg: 58.92, took: 1.78s
Epoch 11, 26.8%	 loss: 2.724 acc@1: 35.47 mrr: 52.39, ndcg: 58.02, took: 1.59s
Epoch 11, 35.7%	 loss: 2.765 acc@1: 37.66 mrr: 53.28, ndcg: 58.44, took: 1.61s
Epoch 11, 44.6%	 loss: 2.833 acc@1: 32.50 mrr: 50.47, ndcg: 56.49, took: 1.56s
Epoch 11, 53.6%	 loss: 2.995 acc@1: 32.81 mrr: 48.68, ndcg: 54.53, took: 1.66s
Epoch 11, 62.5%	 loss: 2.842 acc@1: 35.94 mrr: 51.86, ndcg: 57.15, took: 1.67s
Epoch 11, 71.4%	 loss: 2.655 acc@1: 39.38 mrr: 55.61, ndcg: 60.85, took: 1.80s
Epoch 11, 80.4%	 loss: 2.770 acc@1: 36.56 mrr: 52.42, ndcg: 58.39, took: 1.70s
Epoch 11, 89.3%	 loss: 2.794 acc@1: 37.03 mrr: 52.90, ndcg: 58.43, took: 1.71s
Epoch 11, 98.2%	 loss: 2.829 acc@1: 36.56 mrr: 51.94, ndcg: 57.14, took: 1.64s
Validation - loss: 4.4784, acc@1: 33.55%, f1: 22.39%, mrr: 47.58%, ndcg: 52.32%
Current learning rate: 0.000171

=== Epoch 12 ===
Epoch 12, 8.9%	 loss: 2.709 acc@1: 37.34 mrr: 53.73, ndcg: 59.63, took: 1.75s
Epoch 12, 17.9%	 loss: 2.606 acc@1: 39.53 mrr: 55.21, ndcg: 60.70, took: 1.57s
Epoch 12, 26.8%	 loss: 2.669 acc@1: 37.50 mrr: 53.84, ndcg: 59.53, took: 1.69s
Epoch 12, 35.7%	 loss: 2.849 acc@1: 36.25 mrr: 51.83, ndcg: 57.20, took: 1.68s
Epoch 12, 44.6%	 loss: 2.720 acc@1: 37.03 mrr: 52.94, ndcg: 58.86, took: 1.62s
Epoch 12, 53.6%	 loss: 2.848 acc@1: 37.81 mrr: 52.51, ndcg: 57.45, took: 1.66s
Epoch 12, 62.5%	 loss: 2.607 acc@1: 40.00 mrr: 55.12, ndcg: 60.70, took: 1.65s
Epoch 12, 71.4%	 loss: 2.801 acc@1: 37.97 mrr: 53.15, ndcg: 58.33, took: 1.60s
Epoch 12, 80.4%	 loss: 2.735 acc@1: 35.16 mrr: 52.34, ndcg: 58.18, took: 1.58s
Epoch 12, 89.3%	 loss: 2.818 acc@1: 37.19 mrr: 52.57, ndcg: 57.75, took: 1.53s
Epoch 12, 98.2%	 loss: 2.870 acc@1: 32.19 mrr: 49.29, ndcg: 55.39, took: 1.58s
Validation - loss: 4.4732, acc@1: 33.64%, f1: 22.45%, mrr: 47.54%, ndcg: 52.17%
Current learning rate: 0.000171

=== Epoch 13 ===
Epoch 13, 8.9%	 loss: 2.740 acc@1: 38.28 mrr: 53.72, ndcg: 59.03, took: 1.67s
Epoch 13, 17.9%	 loss: 2.649 acc@1: 37.81 mrr: 54.33, ndcg: 60.21, took: 1.60s
Epoch 13, 26.8%	 loss: 2.833 acc@1: 34.84 mrr: 50.73, ndcg: 56.12, took: 1.68s
Epoch 13, 35.7%	 loss: 2.692 acc@1: 38.12 mrr: 54.00, ndcg: 59.28, took: 1.76s
Epoch 13, 44.6%	 loss: 2.650 acc@1: 38.75 mrr: 54.63, ndcg: 60.04, took: 1.59s
Epoch 13, 53.6%	 loss: 2.808 acc@1: 36.88 mrr: 52.46, ndcg: 57.73, took: 1.67s
Epoch 13, 62.5%	 loss: 2.718 acc@1: 36.25 mrr: 52.71, ndcg: 58.35, took: 1.64s
Epoch 13, 71.4%	 loss: 2.739 acc@1: 36.41 mrr: 52.52, ndcg: 58.20, took: 1.47s
Epoch 13, 80.4%	 loss: 2.888 acc@1: 35.78 mrr: 51.28, ndcg: 56.45, took: 1.60s
Epoch 13, 89.3%	 loss: 2.667 acc@1: 38.28 mrr: 54.09, ndcg: 59.57, took: 1.66s
Epoch 13, 98.2%	 loss: 2.686 acc@1: 39.06 mrr: 54.30, ndcg: 59.74, took: 1.67s
Validation - loss: 4.4721, acc@1: 33.95%, f1: 22.89%, mrr: 47.65%, ndcg: 52.30%
Current learning rate: 0.000171

=== Epoch 14 ===
Epoch 14, 8.9%	 loss: 2.733 acc@1: 36.72 mrr: 52.12, ndcg: 57.18, took: 1.75s
Epoch 14, 17.9%	 loss: 2.695 acc@1: 37.66 mrr: 53.56, ndcg: 58.93, took: 1.59s
Epoch 14, 26.8%	 loss: 2.731 acc@1: 38.28 mrr: 53.40, ndcg: 58.65, took: 1.68s
Epoch 14, 35.7%	 loss: 2.817 acc@1: 36.56 mrr: 52.02, ndcg: 57.29, took: 1.61s
Epoch 14, 44.6%	 loss: 2.709 acc@1: 38.75 mrr: 53.95, ndcg: 59.22, took: 1.69s
Epoch 14, 53.6%	 loss: 2.612 acc@1: 37.34 mrr: 54.10, ndcg: 59.70, took: 1.73s
Epoch 14, 62.5%	 loss: 2.894 acc@1: 34.38 mrr: 50.03, ndcg: 55.47, took: 1.56s
Epoch 14, 71.4%	 loss: 2.742 acc@1: 33.59 mrr: 51.10, ndcg: 57.37, took: 1.61s
Epoch 14, 80.4%	 loss: 2.631 acc@1: 38.59 mrr: 54.45, ndcg: 59.98, took: 1.51s
Epoch 14, 89.3%	 loss: 2.613 acc@1: 37.03 mrr: 53.98, ndcg: 59.86, took: 1.43s
Epoch 14, 98.2%	 loss: 2.553 acc@1: 39.69 mrr: 55.40, ndcg: 61.16, took: 1.68s
Validation - loss: 4.5160, acc@1: 34.40%, f1: 23.20%, mrr: 48.10%, ndcg: 52.78%
Current learning rate: 0.000171

=== Epoch 15 ===
Epoch 15, 8.9%	 loss: 2.665 acc@1: 38.28 mrr: 54.22, ndcg: 59.63, took: 1.54s
Epoch 15, 17.9%	 loss: 2.742 acc@1: 37.97 mrr: 53.02, ndcg: 58.30, took: 1.56s
Epoch 15, 26.8%	 loss: 2.675 acc@1: 35.31 mrr: 52.55, ndcg: 58.75, took: 1.55s
Epoch 15, 35.7%	 loss: 2.869 acc@1: 35.16 mrr: 50.63, ndcg: 56.17, took: 1.44s
Epoch 15, 44.6%	 loss: 2.651 acc@1: 37.66 mrr: 53.77, ndcg: 59.20, took: 1.64s
Epoch 15, 53.6%	 loss: 2.782 acc@1: 34.22 mrr: 50.86, ndcg: 56.80, took: 1.65s
Epoch 15, 62.5%	 loss: 2.629 acc@1: 40.00 mrr: 55.20, ndcg: 60.32, took: 1.65s
Epoch 15, 71.4%	 loss: 2.741 acc@1: 36.09 mrr: 52.61, ndcg: 58.23, took: 1.57s
Epoch 15, 80.4%	 loss: 2.597 acc@1: 38.12 mrr: 54.51, ndcg: 60.29, took: 1.75s
Epoch 15, 89.3%	 loss: 2.601 acc@1: 41.56 mrr: 56.05, ndcg: 61.03, took: 1.70s
Epoch 15, 98.2%	 loss: 2.620 acc@1: 36.72 mrr: 53.69, ndcg: 59.72, took: 1.65s
Validation - loss: 4.5204, acc@1: 34.85%, f1: 23.26%, mrr: 48.26%, ndcg: 52.83%
Current learning rate: 0.000171

=== Epoch 16 ===
Epoch 16, 8.9%	 loss: 2.487 acc@1: 42.34 mrr: 57.43, ndcg: 62.44, took: 1.77s
Epoch 16, 17.9%	 loss: 2.654 acc@1: 36.41 mrr: 53.23, ndcg: 59.13, took: 1.69s
Epoch 16, 26.8%	 loss: 2.780 acc@1: 35.31 mrr: 51.40, ndcg: 57.00, took: 1.65s
Epoch 16, 35.7%	 loss: 2.605 acc@1: 37.34 mrr: 54.04, ndcg: 59.79, took: 1.50s
Epoch 16, 44.6%	 loss: 2.777 acc@1: 34.06 mrr: 50.67, ndcg: 56.34, took: 1.48s
Epoch 16, 53.6%	 loss: 2.749 acc@1: 36.41 mrr: 52.12, ndcg: 57.69, took: 1.57s
Epoch 16, 62.5%	 loss: 2.625 acc@1: 36.25 mrr: 53.37, ndcg: 59.34, took: 1.68s
Epoch 16, 71.4%	 loss: 2.613 acc@1: 40.00 mrr: 55.44, ndcg: 60.78, took: 1.65s
Epoch 16, 80.4%	 loss: 2.791 acc@1: 36.56 mrr: 52.14, ndcg: 57.27, took: 1.65s
Epoch 16, 89.3%	 loss: 2.574 acc@1: 39.53 mrr: 55.17, ndcg: 60.92, took: 1.62s
Epoch 16, 98.2%	 loss: 2.626 acc@1: 38.75 mrr: 54.24, ndcg: 59.56, took: 1.53s
Validation - loss: 4.5409, acc@1: 33.98%, f1: 22.79%, mrr: 47.84%, ndcg: 52.47%
Current learning rate: 0.000171

=== Epoch 17 ===
Epoch 17, 8.9%	 loss: 2.523 acc@1: 37.19 mrr: 55.08, ndcg: 61.02, took: 1.43s
Epoch 17, 17.9%	 loss: 2.597 acc@1: 38.44 mrr: 54.10, ndcg: 59.85, took: 1.55s
Epoch 17, 26.8%	 loss: 2.585 acc@1: 35.31 mrr: 52.98, ndcg: 59.23, took: 1.55s
Epoch 17, 35.7%	 loss: 2.578 acc@1: 38.28 mrr: 54.41, ndcg: 59.87, took: 1.59s
Epoch 17, 44.6%	 loss: 2.720 acc@1: 38.75 mrr: 53.28, ndcg: 58.29, took: 1.59s
Epoch 17, 53.6%	 loss: 2.621 acc@1: 36.56 mrr: 53.38, ndcg: 59.37, took: 1.63s
Epoch 17, 62.5%	 loss: 2.818 acc@1: 34.38 mrr: 51.03, ndcg: 56.92, took: 1.71s
Epoch 17, 71.4%	 loss: 2.683 acc@1: 37.34 mrr: 53.73, ndcg: 59.75, took: 1.66s
Epoch 17, 80.4%	 loss: 2.756 acc@1: 35.94 mrr: 51.56, ndcg: 57.44, took: 1.69s
Epoch 17, 89.3%	 loss: 2.708 acc@1: 33.75 mrr: 51.35, ndcg: 56.97, took: 1.68s
Epoch 17, 98.2%	 loss: 2.554 acc@1: 39.69 mrr: 55.45, ndcg: 61.02, took: 1.46s
Validation - loss: 4.5891, acc@1: 33.25%, f1: 21.86%, mrr: 47.25%, ndcg: 51.96%
Current learning rate: 0.000171

=== Epoch 18 ===
Epoch 18, 8.9%	 loss: 2.670 acc@1: 36.88 mrr: 52.94, ndcg: 58.51, took: 1.48s
Epoch 18, 17.9%	 loss: 2.544 acc@1: 38.75 mrr: 55.04, ndcg: 60.89, took: 1.57s
Epoch 18, 26.8%	 loss: 2.608 acc@1: 36.09 mrr: 53.10, ndcg: 58.73, took: 1.68s
Epoch 18, 35.7%	 loss: 2.497 acc@1: 38.59 mrr: 55.49, ndcg: 61.39, took: 1.45s
Epoch 18, 44.6%	 loss: 2.766 acc@1: 36.25 mrr: 51.88, ndcg: 57.50, took: 1.63s
Epoch 18, 53.6%	 loss: 2.579 acc@1: 41.09 mrr: 55.68, ndcg: 61.10, took: 1.51s
Epoch 18, 62.5%	 loss: 2.592 acc@1: 37.03 mrr: 53.53, ndcg: 59.05, took: 1.61s
Epoch 18, 71.4%	 loss: 2.696 acc@1: 37.34 mrr: 52.89, ndcg: 58.30, took: 1.61s
Epoch 18, 80.4%	 loss: 2.657 acc@1: 37.66 mrr: 53.40, ndcg: 58.78, took: 1.56s
Epoch 18, 89.3%	 loss: 2.786 acc@1: 35.78 mrr: 51.17, ndcg: 56.50, took: 1.63s
Epoch 18, 98.2%	 loss: 2.576 acc@1: 39.69 mrr: 55.39, ndcg: 61.31, took: 1.57s
Validation - loss: 4.5757, acc@1: 34.31%, f1: 23.22%, mrr: 47.88%, ndcg: 52.45%
Current learning rate: 0.000017

=== Epoch 19 ===
Epoch 19, 8.9%	 loss: 2.747 acc@1: 37.03 mrr: 52.95, ndcg: 58.65, took: 1.55s
Epoch 19, 17.9%	 loss: 2.804 acc@1: 36.41 mrr: 51.73, ndcg: 57.44, took: 1.43s
Epoch 19, 26.8%	 loss: 2.719 acc@1: 35.78 mrr: 52.26, ndcg: 57.89, took: 1.49s
Epoch 19, 35.7%	 loss: 2.627 acc@1: 38.44 mrr: 54.44, ndcg: 60.25, took: 1.60s
Epoch 19, 44.6%	 loss: 2.573 acc@1: 39.06 mrr: 54.74, ndcg: 60.39, took: 1.42s
Epoch 19, 53.6%	 loss: 2.619 acc@1: 37.81 mrr: 54.54, ndcg: 60.57, took: 1.55s
Epoch 19, 62.5%	 loss: 2.771 acc@1: 35.31 mrr: 52.05, ndcg: 57.83, took: 1.70s
Epoch 19, 71.4%	 loss: 2.696 acc@1: 38.44 mrr: 53.55, ndcg: 58.80, took: 1.50s
Epoch 19, 80.4%	 loss: 2.615 acc@1: 39.84 mrr: 55.57, ndcg: 60.76, took: 1.64s
Epoch 19, 89.3%	 loss: 2.740 acc@1: 36.25 mrr: 52.23, ndcg: 57.58, took: 1.46s
Epoch 19, 98.2%	 loss: 2.746 acc@1: 37.34 mrr: 53.14, ndcg: 58.39, took: 1.59s
Validation - loss: 4.4735, acc@1: 33.89%, f1: 22.75%, mrr: 47.70%, ndcg: 52.38%
Current learning rate: 0.000017

=== Epoch 20 ===
Epoch 20, 8.9%	 loss: 2.663 acc@1: 37.81 mrr: 53.78, ndcg: 59.22, took: 1.70s
Epoch 20, 17.9%	 loss: 2.829 acc@1: 33.44 mrr: 50.69, ndcg: 56.64, took: 1.63s
Epoch 20, 26.8%	 loss: 2.816 acc@1: 35.47 mrr: 51.40, ndcg: 57.21, took: 1.59s
Epoch 20, 35.7%	 loss: 2.773 acc@1: 35.94 mrr: 51.96, ndcg: 57.70, took: 1.58s
Epoch 20, 44.6%	 loss: 2.725 acc@1: 33.75 mrr: 51.42, ndcg: 57.82, took: 1.55s
Epoch 20, 53.6%	 loss: 2.640 acc@1: 39.22 mrr: 54.67, ndcg: 59.85, took: 1.68s
Epoch 20, 62.5%	 loss: 2.579 acc@1: 39.53 mrr: 55.50, ndcg: 60.72, took: 1.45s
Epoch 20, 71.4%	 loss: 2.755 acc@1: 36.25 mrr: 52.11, ndcg: 57.78, took: 1.58s
Epoch 20, 80.4%	 loss: 2.526 acc@1: 40.31 mrr: 56.14, ndcg: 61.69, took: 1.57s
Epoch 20, 89.3%	 loss: 2.563 acc@1: 39.84 mrr: 55.20, ndcg: 61.10, took: 1.69s
Epoch 20, 98.2%	 loss: 2.798 acc@1: 36.88 mrr: 52.22, ndcg: 57.55, took: 1.85s
Validation - loss: 4.4640, acc@1: 33.95%, f1: 23.00%, mrr: 47.70%, ndcg: 52.40%
Current learning rate: 0.000017

=== Epoch 21 ===
Epoch 21, 8.9%	 loss: 2.558 acc@1: 38.75 mrr: 54.97, ndcg: 60.45, took: 1.55s
Epoch 21, 17.9%	 loss: 2.591 acc@1: 40.31 mrr: 55.50, ndcg: 60.78, took: 1.63s
Epoch 21, 26.8%	 loss: 2.562 acc@1: 39.53 mrr: 55.55, ndcg: 61.16, took: 1.64s
Epoch 21, 35.7%	 loss: 2.657 acc@1: 39.84 mrr: 54.83, ndcg: 60.31, took: 1.73s
Epoch 21, 44.6%	 loss: 2.790 acc@1: 36.25 mrr: 51.97, ndcg: 57.26, took: 1.60s
Epoch 21, 53.6%	 loss: 2.816 acc@1: 34.53 mrr: 50.88, ndcg: 56.62, took: 1.64s
Epoch 21, 62.5%	 loss: 2.720 acc@1: 37.81 mrr: 53.64, ndcg: 59.04, took: 1.53s
Epoch 21, 71.4%	 loss: 2.788 acc@1: 37.19 mrr: 52.40, ndcg: 57.47, took: 1.57s
Epoch 21, 80.4%	 loss: 2.614 acc@1: 37.19 mrr: 53.93, ndcg: 59.96, took: 1.60s
Epoch 21, 89.3%	 loss: 2.735 acc@1: 36.25 mrr: 52.48, ndcg: 58.14, took: 1.58s
Epoch 21, 98.2%	 loss: 2.627 acc@1: 36.09 mrr: 53.56, ndcg: 59.77, took: 1.67s
Validation - loss: 4.4894, acc@1: 34.22%, f1: 23.21%, mrr: 47.97%, ndcg: 52.66%
Current learning rate: 0.000017

=== Epoch 22 ===
Epoch 22, 8.9%	 loss: 2.774 acc@1: 35.62 mrr: 51.72, ndcg: 57.43, took: 1.78s
Epoch 22, 17.9%	 loss: 2.646 acc@1: 36.41 mrr: 53.33, ndcg: 59.21, took: 1.63s
Epoch 22, 26.8%	 loss: 2.834 acc@1: 35.00 mrr: 50.64, ndcg: 56.23, took: 1.61s
Epoch 22, 35.7%	 loss: 2.860 acc@1: 36.25 mrr: 51.47, ndcg: 56.75, took: 1.59s
Epoch 22, 44.6%	 loss: 2.639 acc@1: 39.22 mrr: 54.89, ndcg: 60.27, took: 1.62s
Epoch 22, 53.6%	 loss: 2.726 acc@1: 36.88 mrr: 52.51, ndcg: 58.07, took: 1.75s
Epoch 22, 62.5%	 loss: 2.600 acc@1: 36.56 mrr: 53.79, ndcg: 59.82, took: 1.84s
Epoch 22, 71.4%	 loss: 2.599 acc@1: 37.03 mrr: 54.15, ndcg: 59.92, took: 1.65s
Epoch 22, 80.4%	 loss: 2.519 acc@1: 40.31 mrr: 55.96, ndcg: 61.69, took: 1.63s
Epoch 22, 89.3%	 loss: 2.628 acc@1: 41.88 mrr: 56.02, ndcg: 61.08, took: 1.59s
Epoch 22, 98.2%	 loss: 2.676 acc@1: 35.62 mrr: 52.36, ndcg: 58.24, took: 1.80s
Validation - loss: 4.4906, acc@1: 33.98%, f1: 22.96%, mrr: 47.63%, ndcg: 52.24%
Current learning rate: 0.000017

=== Epoch 23 ===
Epoch 23, 8.9%	 loss: 2.757 acc@1: 36.56 mrr: 51.90, ndcg: 57.21, took: 1.67s
Epoch 23, 17.9%	 loss: 2.842 acc@1: 36.41 mrr: 51.59, ndcg: 56.86, took: 1.78s
Epoch 23, 26.8%	 loss: 2.695 acc@1: 37.97 mrr: 54.03, ndcg: 59.74, took: 1.64s
Epoch 23, 35.7%	 loss: 2.723 acc@1: 37.34 mrr: 53.16, ndcg: 58.60, took: 1.50s
Epoch 23, 44.6%	 loss: 2.784 acc@1: 34.38 mrr: 50.92, ndcg: 56.64, took: 1.68s
Epoch 23, 53.6%	 loss: 2.512 acc@1: 39.38 mrr: 55.50, ndcg: 61.25, took: 1.66s
Epoch 23, 62.5%	 loss: 2.716 acc@1: 34.84 mrr: 52.17, ndcg: 58.36, took: 1.84s
Epoch 23, 71.4%	 loss: 2.623 acc@1: 38.59 mrr: 54.58, ndcg: 60.13, took: 1.69s
Epoch 23, 80.4%	 loss: 2.649 acc@1: 37.50 mrr: 53.68, ndcg: 59.23, took: 1.80s
Epoch 23, 89.3%	 loss: 2.724 acc@1: 37.19 mrr: 52.67, ndcg: 58.19, took: 1.60s
Epoch 23, 98.2%	 loss: 2.572 acc@1: 36.41 mrr: 53.56, ndcg: 59.66, took: 1.67s
Validation - loss: 4.5011, acc@1: 34.22%, f1: 23.30%, mrr: 47.83%, ndcg: 52.42%
Current learning rate: 0.000017

=== Epoch 24 ===
Epoch 24, 8.9%	 loss: 2.734 acc@1: 35.62 mrr: 52.04, ndcg: 57.51, took: 1.68s
Epoch 24, 17.9%	 loss: 2.494 acc@1: 41.88 mrr: 57.16, ndcg: 62.33, took: 1.66s
Epoch 24, 26.8%	 loss: 2.797 acc@1: 35.31 mrr: 51.61, ndcg: 57.28, took: 1.49s
Epoch 24, 35.7%	 loss: 2.676 acc@1: 38.12 mrr: 53.95, ndcg: 59.44, took: 1.52s
Epoch 24, 44.6%	 loss: 2.621 acc@1: 37.03 mrr: 53.58, ndcg: 59.49, took: 1.70s
Epoch 24, 53.6%	 loss: 2.649 acc@1: 37.19 mrr: 53.50, ndcg: 59.17, took: 1.69s
Epoch 24, 62.5%	 loss: 2.583 acc@1: 40.94 mrr: 56.03, ndcg: 61.37, took: 1.68s
Epoch 24, 71.4%	 loss: 2.710 acc@1: 39.53 mrr: 53.93, ndcg: 59.36, took: 1.73s
Epoch 24, 80.4%	 loss: 2.754 acc@1: 36.72 mrr: 52.32, ndcg: 57.66, took: 1.69s
Epoch 24, 89.3%	 loss: 2.762 acc@1: 33.91 mrr: 50.70, ndcg: 56.62, took: 1.65s
Epoch 24, 98.2%	 loss: 2.588 acc@1: 39.06 mrr: 54.81, ndcg: 60.20, took: 1.68s
Validation - loss: 4.4899, acc@1: 33.98%, f1: 22.89%, mrr: 47.80%, ndcg: 52.44%
Current learning rate: 0.000017

=== Epoch 25 ===
Epoch 25, 8.9%	 loss: 2.666 acc@1: 37.81 mrr: 54.18, ndcg: 59.71, took: 1.65s
Epoch 25, 17.9%	 loss: 2.656 acc@1: 37.03 mrr: 53.17, ndcg: 58.78, took: 1.59s
Epoch 25, 26.8%	 loss: 2.659 acc@1: 38.59 mrr: 54.09, ndcg: 59.45, took: 1.69s
Epoch 25, 35.7%	 loss: 2.656 acc@1: 37.50 mrr: 53.79, ndcg: 59.20, took: 1.53s
Epoch 25, 44.6%	 loss: 2.761 acc@1: 34.22 mrr: 51.48, ndcg: 57.28, took: 1.59s
Epoch 25, 53.6%	 loss: 2.691 acc@1: 35.62 mrr: 52.41, ndcg: 57.86, took: 1.60s
Epoch 25, 62.5%	 loss: 2.835 acc@1: 35.16 mrr: 51.03, ndcg: 56.68, took: 1.68s
Epoch 25, 71.4%	 loss: 2.631 acc@1: 36.25 mrr: 53.39, ndcg: 59.27, took: 1.56s
Epoch 25, 80.4%	 loss: 2.545 acc@1: 37.81 mrr: 55.02, ndcg: 61.00, took: 1.55s
Epoch 25, 89.3%	 loss: 2.719 acc@1: 35.62 mrr: 51.90, ndcg: 57.54, took: 1.60s
Epoch 25, 98.2%	 loss: 2.744 acc@1: 33.28 mrr: 50.87, ndcg: 57.05, took: 1.68s
Validation - loss: 4.4983, acc@1: 33.98%, f1: 22.89%, mrr: 47.76%, ndcg: 52.48%
Training finished.	 Time: 586.47s.	 acc@1: 33.95%

=== Test Results ===
Test Results:
  acc@1: 28.05%
  acc@5: 56.36%
  acc@10: 59.49%
  mrr: 40.60%
  ndcg: 44.99%
  f1: 19.49%

=== Training Complete ===
