2025-12-30 09:16:21,221 - INFO - ============================================================
2025-12-30 09:16:21,221 - INFO - POINTER V45 - Training Started
2025-12-30 09:16:21,221 - INFO - ============================================================
2025-12-30 09:16:21,222 - INFO - Model config: {'d_model': 128, 'dim_feedforward': 256, 'dropout': 0.15, 'nhead': 2, 'num_layers': 8}
2025-12-30 09:16:21,222 - INFO - Training config: {'batch_size': 128, 'grad_clip': 0.8, 'label_smoothing': 0.03, 'learning_rate': 0.00065, 'min_epochs': 8, 'min_lr': 1e-06, 'num_epochs': 50, 'patience': 5, 'use_amp': True, 'warmup_epochs': 5, 'weight_decay': 0.015}
2025-12-30 09:16:21,222 - INFO - ============================================================
2025-12-30 09:16:21,222 - INFO - Training for 50 epochs
2025-12-30 09:16:21,222 - INFO - Model parameters: 2,454,910
2025-12-30 09:18:28,430 - INFO - Epoch 1/50 | LR: 1.30e-04 | Train: 3.2789 | Val: 2.7966 | Acc@1: 51.39%
2025-12-30 09:18:28,513 - INFO -   ✓ New best (Acc@1: 51.39%)
2025-12-30 09:20:35,325 - INFO - Epoch 2/50 | LR: 2.60e-04 | Train: 2.8183 | Val: 2.7405 | Acc@1: 53.74%
2025-12-30 09:20:35,413 - INFO -   ✓ New best (Acc@1: 53.74%)
2025-12-30 09:22:41,718 - INFO - Epoch 3/50 | LR: 3.90e-04 | Train: 2.7120 | Val: 2.7067 | Acc@1: 53.68%
2025-12-30 09:22:41,806 - INFO -   ✓ New best (Acc@1: 53.68%)
2025-12-30 09:24:46,887 - INFO - Epoch 4/50 | LR: 5.20e-04 | Train: 2.6352 | Val: 2.6749 | Acc@1: 53.49%
2025-12-30 09:24:46,973 - INFO -   ✓ New best (Acc@1: 53.49%)
2025-12-30 09:26:53,681 - INFO - Epoch 5/50 | LR: 6.50e-04 | Train: 2.5611 | Val: 2.6659 | Acc@1: 54.16%
2025-12-30 09:26:53,765 - INFO -   ✓ New best (Acc@1: 54.16%)
2025-12-30 09:28:59,421 - INFO - Epoch 6/50 | LR: 6.50e-04 | Train: 2.4659 | Val: 2.6636 | Acc@1: 54.06%
2025-12-30 09:28:59,508 - INFO -   ✓ New best (Acc@1: 54.06%)
2025-12-30 09:31:05,633 - INFO - Epoch 7/50 | LR: 6.49e-04 | Train: 2.3828 | Val: 2.6410 | Acc@1: 53.68%
2025-12-30 09:31:05,720 - INFO -   ✓ New best (Acc@1: 53.68%)
2025-12-30 09:33:12,580 - INFO - Epoch 8/50 | LR: 6.47e-04 | Train: 2.3049 | Val: 2.6668 | Acc@1: 53.46%
2025-12-30 09:35:10,301 - INFO - Epoch 9/50 | LR: 6.43e-04 | Train: 2.2306 | Val: 2.6660 | Acc@1: 54.38%
2025-12-30 09:36:35,943 - INFO - Epoch 10/50 | LR: 6.37e-04 | Train: 2.1579 | Val: 2.7158 | Acc@1: 54.00%
2025-12-30 09:38:00,696 - INFO - Epoch 11/50 | LR: 6.30e-04 | Train: 2.0871 | Val: 2.7430 | Acc@1: 52.72%
2025-12-30 09:39:06,427 - INFO - Epoch 12/50 | LR: 6.22e-04 | Train: 2.0173 | Val: 2.7731 | Acc@1: 51.48%
2025-12-30 09:39:06,427 - INFO - Early stopping at epoch 12
2025-12-30 09:39:06,682 - INFO - Loaded checkpoint from epoch 7
2025-12-30 09:39:08,610 - INFO - ============================================================
2025-12-30 09:39:08,610 - INFO - FINAL VALIDATION RESULTS
2025-12-30 09:39:08,610 - INFO -   Acc@1:  53.68%
2025-12-30 09:39:08,610 - INFO -   Acc@5:  82.38%
2025-12-30 09:39:08,610 - INFO -   Acc@10: 86.43%
2025-12-30 09:39:08,610 - INFO -   MRR:    65.98%
2025-12-30 09:39:08,611 - INFO -   NDCG:   70.85%
2025-12-30 09:39:08,611 - INFO - ============================================================
2025-12-30 09:39:08,611 - INFO - FINAL TEST RESULTS
2025-12-30 09:39:08,611 - INFO -   Acc@1:  54.90%
2025-12-30 09:39:08,611 - INFO -   Acc@5:  83.48%
2025-12-30 09:39:08,611 - INFO -   Acc@10: 87.56%
2025-12-30 09:39:08,611 - INFO -   MRR:    67.12%
2025-12-30 09:39:08,611 - INFO -   NDCG:   71.98%
2025-12-30 09:39:08,611 - INFO - ============================================================
