2025-12-28 19:51:31,490 - INFO - ============================================================
2025-12-28 19:51:31,490 - INFO - POINTER V45 - Training Started
2025-12-28 19:51:31,490 - INFO - ============================================================
2025-12-28 19:51:31,490 - INFO - Model config: {'d_model': 128, 'dim_feedforward': 256, 'dropout': 0.15, 'nhead': 4, 'num_layers': 3}
2025-12-28 19:51:31,490 - INFO - Training config: {'batch_size': 128, 'grad_clip': 0.8, 'label_smoothing': 0.03, 'learning_rate': 0.0006, 'min_epochs': 8, 'min_lr': 1e-06, 'num_epochs': 50, 'patience': 5, 'use_amp': True, 'warmup_epochs': 5, 'weight_decay': 0.015}
2025-12-28 19:51:31,491 - INFO - ============================================================
2025-12-28 19:51:31,491 - INFO - Training for 50 epochs
2025-12-28 19:51:31,491 - INFO - Model parameters: 2,400,562
2025-12-28 19:53:25,211 - INFO - Epoch 1/50 | LR: 1.20e-04 | Train: 3.0787 | Val: 3.0446 | Acc@1: 51.44%
2025-12-28 19:53:25,274 - INFO -   ✓ New best (Acc@1: 51.44%)
2025-12-28 19:55:13,046 - INFO - Epoch 2/50 | LR: 2.40e-04 | Train: 2.8544 | Val: 2.9832 | Acc@1: 52.83%
2025-12-28 19:55:13,112 - INFO -   ✓ New best (Acc@1: 52.83%)
2025-12-28 19:56:59,425 - INFO - Epoch 3/50 | LR: 3.60e-04 | Train: 2.7613 | Val: 2.9516 | Acc@1: 53.61%
2025-12-28 19:56:59,492 - INFO -   ✓ New best (Acc@1: 53.61%)
2025-12-28 19:58:45,685 - INFO - Epoch 4/50 | LR: 4.80e-04 | Train: 2.6737 | Val: 2.8964 | Acc@1: 53.91%
2025-12-28 19:58:45,753 - INFO -   ✓ New best (Acc@1: 53.91%)
2025-12-28 20:00:24,223 - INFO - Epoch 5/50 | LR: 6.00e-04 | Train: 2.5926 | Val: 2.8819 | Acc@1: 53.33%
2025-12-28 20:00:24,288 - INFO -   ✓ New best (Acc@1: 53.33%)
2025-12-28 20:02:22,895 - INFO - Epoch 6/50 | LR: 6.00e-04 | Train: 2.5026 | Val: 2.8445 | Acc@1: 53.79%
2025-12-28 20:02:22,961 - INFO -   ✓ New best (Acc@1: 53.79%)
2025-12-28 20:04:23,700 - INFO - Epoch 7/50 | LR: 5.99e-04 | Train: 2.4310 | Val: 2.8713 | Acc@1: 53.51%
2025-12-28 20:06:25,092 - INFO - Epoch 8/50 | LR: 5.97e-04 | Train: 2.3686 | Val: 2.8918 | Acc@1: 53.79%
2025-12-28 20:08:25,934 - INFO - Epoch 9/50 | LR: 5.93e-04 | Train: 2.3110 | Val: 2.9266 | Acc@1: 53.17%
2025-12-28 20:10:27,245 - INFO - Epoch 10/50 | LR: 5.88e-04 | Train: 2.2576 | Val: 2.9773 | Acc@1: 52.19%
2025-12-28 20:12:24,336 - INFO - Epoch 11/50 | LR: 5.82e-04 | Train: 2.2118 | Val: 3.0015 | Acc@1: 52.45%
2025-12-28 20:12:24,336 - INFO - Early stopping at epoch 11
2025-12-28 20:12:24,900 - INFO - Loaded checkpoint from epoch 6
2025-12-28 20:12:35,375 - INFO - ============================================================
2025-12-28 20:12:35,375 - INFO - FINAL VALIDATION RESULTS
2025-12-28 20:12:35,375 - INFO -   Acc@1:  53.79%
2025-12-28 20:12:35,375 - INFO -   Acc@5:  80.01%
2025-12-28 20:12:35,376 - INFO -   Acc@10: 83.81%
2025-12-28 20:12:35,376 - INFO -   MRR:    65.30%
2025-12-28 20:12:35,376 - INFO -   NDCG:   69.69%
2025-12-28 20:12:35,376 - INFO - ============================================================
2025-12-28 20:12:35,376 - INFO - FINAL TEST RESULTS
2025-12-28 20:12:35,376 - INFO -   Acc@1:  56.79%
2025-12-28 20:12:35,376 - INFO -   Acc@5:  82.49%
2025-12-28 20:12:35,376 - INFO -   Acc@10: 86.04%
2025-12-28 20:12:35,376 - INFO -   MRR:    67.94%
2025-12-28 20:12:35,376 - INFO -   NDCG:   72.26%
2025-12-28 20:12:35,376 - INFO - ============================================================
