2025-12-29 08:20:36,312 - INFO - ============================================================
2025-12-29 08:20:36,313 - INFO - POINTER V45 - Training Started
2025-12-29 08:20:36,313 - INFO - ============================================================
2025-12-29 08:20:36,313 - INFO - Model config: {'d_model': 128, 'dim_feedforward': 256, 'dropout': 0.15, 'nhead': 4, 'num_layers': 3}
2025-12-29 08:20:36,313 - INFO - Training config: {'batch_size': 128, 'grad_clip': 0.8, 'label_smoothing': 0.03, 'learning_rate': 0.0006, 'min_epochs': 8, 'min_lr': 1e-06, 'num_epochs': 50, 'patience': 5, 'use_amp': True, 'warmup_epochs': 5, 'weight_decay': 0.015}
2025-12-29 08:20:36,313 - INFO - ============================================================
2025-12-29 08:20:36,313 - INFO - Training for 50 epochs
2025-12-29 08:20:36,313 - INFO - Model parameters: 2,481,120
2025-12-29 08:21:31,624 - INFO - Epoch 1/50 | LR: 1.20e-04 | Train: 3.2956 | Val: 3.1713 | Acc@1: 51.19%
2025-12-29 08:21:31,684 - INFO -   ✓ New best (Acc@1: 51.19%)
2025-12-29 08:22:24,498 - INFO - Epoch 2/50 | LR: 2.40e-04 | Train: 3.0452 | Val: 3.0939 | Acc@1: 53.35%
2025-12-29 08:22:24,564 - INFO -   ✓ New best (Acc@1: 53.35%)
2025-12-29 08:23:16,542 - INFO - Epoch 3/50 | LR: 3.60e-04 | Train: 2.9224 | Val: 3.0040 | Acc@1: 53.88%
2025-12-29 08:23:16,610 - INFO -   ✓ New best (Acc@1: 53.88%)
2025-12-29 08:24:09,763 - INFO - Epoch 4/50 | LR: 4.80e-04 | Train: 2.7731 | Val: 2.9281 | Acc@1: 54.03%
2025-12-29 08:24:09,828 - INFO -   ✓ New best (Acc@1: 54.03%)
2025-12-29 08:25:03,141 - INFO - Epoch 5/50 | LR: 6.00e-04 | Train: 2.6629 | Val: 2.8978 | Acc@1: 53.96%
2025-12-29 08:25:03,209 - INFO -   ✓ New best (Acc@1: 53.96%)
2025-12-29 08:26:03,079 - INFO - Epoch 6/50 | LR: 6.00e-04 | Train: 2.5679 | Val: 2.8723 | Acc@1: 54.49%
2025-12-29 08:26:03,146 - INFO -   ✓ New best (Acc@1: 54.49%)
2025-12-29 08:27:05,105 - INFO - Epoch 7/50 | LR: 5.99e-04 | Train: 2.4897 | Val: 2.8661 | Acc@1: 54.21%
2025-12-29 08:27:05,171 - INFO -   ✓ New best (Acc@1: 54.21%)
2025-12-29 08:28:06,969 - INFO - Epoch 8/50 | LR: 5.97e-04 | Train: 2.4352 | Val: 2.8808 | Acc@1: 54.51%
2025-12-29 08:29:09,652 - INFO - Epoch 9/50 | LR: 5.93e-04 | Train: 2.3756 | Val: 2.9184 | Acc@1: 53.51%
2025-12-29 08:30:11,691 - INFO - Epoch 10/50 | LR: 5.88e-04 | Train: 2.3341 | Val: 2.9375 | Acc@1: 53.76%
2025-12-29 08:31:13,386 - INFO - Epoch 11/50 | LR: 5.82e-04 | Train: 2.3030 | Val: 2.9666 | Acc@1: 53.83%
2025-12-29 08:32:12,931 - INFO - Epoch 12/50 | LR: 5.74e-04 | Train: 2.2691 | Val: 2.9880 | Acc@1: 53.26%
2025-12-29 08:32:12,931 - INFO - Early stopping at epoch 12
2025-12-29 08:32:13,057 - INFO - Loaded checkpoint from epoch 7
2025-12-29 08:32:20,530 - INFO - ============================================================
2025-12-29 08:32:20,530 - INFO - FINAL VALIDATION RESULTS
2025-12-29 08:32:20,530 - INFO -   Acc@1:  54.21%
2025-12-29 08:32:20,530 - INFO -   Acc@5:  80.10%
2025-12-29 08:32:20,530 - INFO -   Acc@10: 84.30%
2025-12-29 08:32:20,530 - INFO -   MRR:    65.47%
2025-12-29 08:32:20,530 - INFO -   NDCG:   69.93%
2025-12-29 08:32:20,530 - INFO - ============================================================
2025-12-29 08:32:20,531 - INFO - FINAL TEST RESULTS
2025-12-29 08:32:20,531 - INFO -   Acc@1:  54.48%
2025-12-29 08:32:20,531 - INFO -   Acc@5:  81.44%
2025-12-29 08:32:20,531 - INFO -   Acc@10: 85.21%
2025-12-29 08:32:20,531 - INFO -   MRR:    66.09%
2025-12-29 08:32:20,531 - INFO -   NDCG:   70.64%
2025-12-29 08:32:20,531 - INFO - ============================================================
