2025-12-28 19:18:49,582 - INFO - ============================================================
2025-12-28 19:18:49,583 - INFO - POINTER V45 - Training Started
2025-12-28 19:18:49,583 - INFO - ============================================================
2025-12-28 19:18:49,583 - INFO - Model config: {'d_model': 80, 'dim_feedforward': 160, 'dropout': 0.15, 'nhead': 4, 'num_layers': 3}
2025-12-28 19:18:49,583 - INFO - Training config: {'batch_size': 128, 'grad_clip': 0.8, 'label_smoothing': 0.03, 'learning_rate': 0.0006, 'min_epochs': 8, 'min_lr': 1e-06, 'num_epochs': 50, 'patience': 5, 'use_amp': True, 'warmup_epochs': 5, 'weight_decay': 0.015}
2025-12-28 19:18:49,583 - INFO - ============================================================
2025-12-28 19:18:49,583 - INFO - Training for 50 epochs
2025-12-28 19:18:49,583 - INFO - Model parameters: 393,952
2025-12-28 19:18:55,756 - INFO - Epoch 1/50 | LR: 1.20e-04 | Train: 4.2935 | Val: 3.2566 | Acc@1: 38.21%
2025-12-28 19:18:55,783 - INFO -   ✓ New best (Acc@1: 38.21%)
2025-12-28 19:19:01,029 - INFO - Epoch 2/50 | LR: 2.40e-04 | Train: 3.8924 | Val: 3.1762 | Acc@1: 42.26%
2025-12-28 19:19:01,064 - INFO -   ✓ New best (Acc@1: 42.26%)
2025-12-28 19:19:05,940 - INFO - Epoch 3/50 | LR: 3.60e-04 | Train: 3.6362 | Val: 3.0609 | Acc@1: 45.47%
2025-12-28 19:19:05,969 - INFO -   ✓ New best (Acc@1: 45.47%)
2025-12-28 19:19:11,018 - INFO - Epoch 4/50 | LR: 4.80e-04 | Train: 3.4431 | Val: 3.0128 | Acc@1: 46.16%
2025-12-28 19:19:11,050 - INFO -   ✓ New best (Acc@1: 46.16%)
2025-12-28 19:19:16,156 - INFO - Epoch 5/50 | LR: 6.00e-04 | Train: 3.2723 | Val: 2.9692 | Acc@1: 46.73%
2025-12-28 19:19:16,184 - INFO -   ✓ New best (Acc@1: 46.73%)
2025-12-28 19:19:21,381 - INFO - Epoch 6/50 | LR: 6.00e-04 | Train: 3.0583 | Val: 2.9953 | Acc@1: 47.18%
2025-12-28 19:19:26,556 - INFO - Epoch 7/50 | LR: 5.99e-04 | Train: 2.8608 | Val: 3.0338 | Acc@1: 46.79%
2025-12-28 19:19:31,637 - INFO - Epoch 8/50 | LR: 5.97e-04 | Train: 2.6608 | Val: 3.0172 | Acc@1: 47.75%
2025-12-28 19:19:36,885 - INFO - Epoch 9/50 | LR: 5.93e-04 | Train: 2.4834 | Val: 3.0300 | Acc@1: 47.45%
2025-12-28 19:19:42,143 - INFO - Epoch 10/50 | LR: 5.88e-04 | Train: 2.3292 | Val: 3.1267 | Acc@1: 46.85%
2025-12-28 19:19:42,143 - INFO - Early stopping at epoch 10
2025-12-28 19:19:42,521 - INFO - Loaded checkpoint from epoch 5
2025-12-28 19:19:45,356 - INFO - ============================================================
2025-12-28 19:19:45,356 - INFO - FINAL VALIDATION RESULTS
2025-12-28 19:19:45,356 - INFO -   Acc@1:  46.73%
2025-12-28 19:19:45,356 - INFO -   Acc@5:  78.46%
2025-12-28 19:19:45,356 - INFO -   Acc@10: 82.90%
2025-12-28 19:19:45,356 - INFO -   MRR:    60.46%
2025-12-28 19:19:45,356 - INFO -   NDCG:   65.79%
2025-12-28 19:19:45,356 - INFO - ============================================================
2025-12-28 19:19:45,356 - INFO - FINAL TEST RESULTS
2025-12-28 19:19:45,356 - INFO -   Acc@1:  51.40%
2025-12-28 19:19:45,357 - INFO -   Acc@5:  81.52%
2025-12-28 19:19:45,357 - INFO -   Acc@10: 84.84%
2025-12-28 19:19:45,357 - INFO -   MRR:    64.88%
2025-12-28 19:19:45,357 - INFO -   NDCG:   69.68%
2025-12-28 19:19:45,357 - INFO - ============================================================
