Training MHSA model
Dataset: geolife
Config: /data/next_loc_clean_v2/scripts/sci_hyperparam_tuning/configs/mhsa_geolife_trial16.yaml
Device: cuda
Seed: 42
==================================================
Data loaders: train=116, val=53, test=55
Total trainable parameters: 470915

=== Epoch 1 ===
Epoch 1, 17.2%	 loss: 7.135 acc@1: 0.08 mrr: 0.71, ndcg: 0.49, took: 1.72s
Epoch 1, 34.5%	 loss: 7.123 acc@1: 0.16 mrr: 0.79, ndcg: 0.52, took: 0.77s
Epoch 1, 51.7%	 loss: 7.105 acc@1: 0.16 mrr: 0.90, ndcg: 0.55, took: 0.83s
Epoch 1, 69.0%	 loss: 7.048 acc@1: 0.31 mrr: 1.26, ndcg: 1.02, took: 0.81s
Epoch 1, 86.2%	 loss: 6.976 acc@1: 1.17 mrr: 3.07, ndcg: 3.13, took: 0.75s
Validation - loss: 6.7671, acc@1: 13.62%, f1: 11.21%, mrr: 16.80%, ndcg: 17.49%
Current learning rate: 0.000250

=== Epoch 2 ===
Epoch 2, 17.2%	 loss: 6.727 acc@1: 12.58 mrr: 15.63, ndcg: 16.20, took: 0.78s
Epoch 2, 34.5%	 loss: 6.454 acc@1: 18.98 mrr: 22.99, ndcg: 23.79, took: 0.83s
Epoch 2, 51.7%	 loss: 6.168 acc@1: 19.53 mrr: 25.03, ndcg: 26.47, took: 0.86s
Epoch 2, 69.0%	 loss: 5.766 acc@1: 22.11 mrr: 29.50, ndcg: 32.10, took: 0.73s
Epoch 2, 86.2%	 loss: 5.601 acc@1: 21.72 mrr: 30.20, ndcg: 33.55, took: 0.78s
Validation - loss: 5.2679, acc@1: 20.79%, f1: 11.20%, mrr: 32.23%, ndcg: 37.07%
Current learning rate: 0.000500

=== Epoch 3 ===
Epoch 3, 17.2%	 loss: 5.154 acc@1: 22.89 mrr: 33.42, ndcg: 37.70, took: 0.72s
Epoch 3, 34.5%	 loss: 4.927 acc@1: 24.77 mrr: 36.15, ndcg: 40.66, took: 0.74s
Epoch 3, 51.7%	 loss: 4.794 acc@1: 24.61 mrr: 36.48, ndcg: 41.24, took: 0.79s
Epoch 3, 69.0%	 loss: 4.496 acc@1: 27.81 mrr: 39.56, ndcg: 44.28, took: 0.85s
Epoch 3, 86.2%	 loss: 4.493 acc@1: 27.11 mrr: 38.93, ndcg: 43.70, took: 0.84s
Validation - loss: 4.4360, acc@1: 29.51%, f1: 17.39%, mrr: 40.93%, ndcg: 45.13%
Current learning rate: 0.000490

=== Epoch 4 ===
Epoch 4, 17.2%	 loss: 4.073 acc@1: 32.03 mrr: 43.81, ndcg: 48.33, took: 0.81s
Epoch 4, 34.5%	 loss: 4.018 acc@1: 33.59 mrr: 45.02, ndcg: 49.14, took: 0.81s
Epoch 4, 51.7%	 loss: 4.039 acc@1: 31.41 mrr: 43.67, ndcg: 48.01, took: 0.83s
Epoch 4, 69.0%	 loss: 3.874 acc@1: 33.05 mrr: 45.52, ndcg: 49.86, took: 0.77s
Epoch 4, 86.2%	 loss: 3.793 acc@1: 34.45 mrr: 46.67, ndcg: 50.90, took: 0.76s
Validation - loss: 4.1487, acc@1: 35.03%, f1: 23.08%, mrr: 45.67%, ndcg: 49.14%
Current learning rate: 0.000479

=== Epoch 5 ===
Epoch 5, 17.2%	 loss: 3.656 acc@1: 35.47 mrr: 47.52, ndcg: 51.55, took: 0.83s
Epoch 5, 34.5%	 loss: 3.663 acc@1: 35.94 mrr: 47.77, ndcg: 51.54, took: 0.83s
Epoch 5, 51.7%	 loss: 3.507 acc@1: 37.73 mrr: 50.07, ndcg: 53.76, took: 0.85s
Epoch 5, 69.0%	 loss: 3.472 acc@1: 35.70 mrr: 49.11, ndcg: 53.64, took: 0.79s
Epoch 5, 86.2%	 loss: 3.574 acc@1: 34.30 mrr: 47.57, ndcg: 51.91, took: 0.80s
Validation - loss: 4.1475, acc@1: 36.77%, f1: 24.63%, mrr: 46.79%, ndcg: 50.14%
Current learning rate: 0.000469

=== Epoch 6 ===
Epoch 6, 17.2%	 loss: 3.379 acc@1: 36.95 mrr: 50.18, ndcg: 54.25, took: 0.79s
Epoch 6, 34.5%	 loss: 3.435 acc@1: 37.27 mrr: 49.71, ndcg: 54.04, took: 0.79s
Epoch 6, 51.7%	 loss: 3.296 acc@1: 38.75 mrr: 51.40, ndcg: 55.47, took: 0.78s
Epoch 6, 69.0%	 loss: 3.194 acc@1: 39.38 mrr: 52.42, ndcg: 56.71, took: 0.75s
Epoch 6, 86.2%	 loss: 3.263 acc@1: 41.41 mrr: 52.65, ndcg: 56.42, took: 0.85s
Validation - loss: 4.1088, acc@1: 37.37%, f1: 26.30%, mrr: 47.60%, ndcg: 51.18%
Current learning rate: 0.000458

=== Epoch 7 ===
Epoch 7, 17.2%	 loss: 3.049 acc@1: 41.17 mrr: 53.86, ndcg: 57.72, took: 0.83s
Epoch 7, 34.5%	 loss: 3.160 acc@1: 41.95 mrr: 53.68, ndcg: 57.43, took: 0.81s
Epoch 7, 51.7%	 loss: 3.132 acc@1: 41.72 mrr: 53.75, ndcg: 57.76, took: 0.80s
Epoch 7, 69.0%	 loss: 3.231 acc@1: 40.86 mrr: 52.59, ndcg: 56.73, took: 0.81s
Epoch 7, 86.2%	 loss: 3.126 acc@1: 42.27 mrr: 54.18, ndcg: 58.16, took: 0.81s
Validation - loss: 4.1075, acc@1: 37.73%, f1: 26.67%, mrr: 47.96%, ndcg: 51.55%
Current learning rate: 0.000448

=== Epoch 8 ===
Epoch 8, 17.2%	 loss: 3.009 acc@1: 42.58 mrr: 54.91, ndcg: 58.89, took: 0.78s
Epoch 8, 34.5%	 loss: 3.038 acc@1: 42.58 mrr: 54.51, ndcg: 58.47, took: 0.78s
Epoch 8, 51.7%	 loss: 2.996 acc@1: 45.31 mrr: 56.04, ndcg: 59.39, took: 0.81s
Epoch 8, 69.0%	 loss: 3.002 acc@1: 42.27 mrr: 54.42, ndcg: 58.40, took: 0.81s
Epoch 8, 86.2%	 loss: 2.925 acc@1: 45.00 mrr: 56.80, ndcg: 60.67, took: 0.83s
Validation - loss: 4.1303, acc@1: 40.16%, f1: 29.85%, mrr: 49.21%, ndcg: 52.57%
Current learning rate: 0.000438

=== Epoch 9 ===
Epoch 9, 17.2%	 loss: 2.972 acc@1: 43.98 mrr: 55.48, ndcg: 59.28, took: 0.85s
Epoch 9, 34.5%	 loss: 2.886 acc@1: 45.86 mrr: 57.09, ndcg: 60.75, took: 0.75s
Epoch 9, 51.7%	 loss: 2.828 acc@1: 44.69 mrr: 56.70, ndcg: 60.79, took: 0.82s
Epoch 9, 69.0%	 loss: 2.746 acc@1: 46.72 mrr: 58.80, ndcg: 63.09, took: 0.80s
Epoch 9, 86.2%	 loss: 2.806 acc@1: 46.25 mrr: 57.36, ndcg: 60.98, took: 0.83s
Validation - loss: 4.1121, acc@1: 40.46%, f1: 31.00%, mrr: 49.42%, ndcg: 52.72%
Current learning rate: 0.000427

=== Epoch 10 ===
Epoch 10, 17.2%	 loss: 2.574 acc@1: 48.36 mrr: 60.36, ndcg: 64.66, took: 0.80s
Epoch 10, 34.5%	 loss: 2.722 acc@1: 46.80 mrr: 58.57, ndcg: 62.36, took: 0.83s
Epoch 10, 51.7%	 loss: 2.719 acc@1: 46.72 mrr: 58.07, ndcg: 62.00, took: 0.79s
Epoch 10, 69.0%	 loss: 2.746 acc@1: 47.11 mrr: 58.36, ndcg: 62.14, took: 0.85s
Epoch 10, 86.2%	 loss: 2.743 acc@1: 48.12 mrr: 58.92, ndcg: 62.78, took: 0.84s
Validation - loss: 4.1627, acc@1: 40.91%, f1: 31.12%, mrr: 49.73%, ndcg: 52.94%
Current learning rate: 0.000417

=== Epoch 11 ===
Epoch 11, 17.2%	 loss: 2.481 acc@1: 50.23 mrr: 62.01, ndcg: 65.76, took: 0.80s
Epoch 11, 34.5%	 loss: 2.656 acc@1: 47.34 mrr: 59.06, ndcg: 62.98, took: 0.72s
Epoch 11, 51.7%	 loss: 2.588 acc@1: 49.45 mrr: 60.58, ndcg: 64.66, took: 0.71s
Epoch 11, 69.0%	 loss: 2.640 acc@1: 46.48 mrr: 58.96, ndcg: 63.59, took: 0.82s
Epoch 11, 86.2%	 loss: 2.634 acc@1: 48.12 mrr: 59.28, ndcg: 63.46, took: 0.73s
Validation - loss: 4.1924, acc@1: 40.34%, f1: 31.13%, mrr: 49.50%, ndcg: 52.89%
Current learning rate: 0.000406

=== Epoch 12 ===
Epoch 12, 17.2%	 loss: 2.455 acc@1: 51.25 mrr: 62.05, ndcg: 65.92, took: 0.66s
Epoch 12, 34.5%	 loss: 2.467 acc@1: 50.16 mrr: 61.51, ndcg: 65.46, took: 0.66s
Epoch 12, 51.7%	 loss: 2.571 acc@1: 50.47 mrr: 61.17, ndcg: 65.25, took: 0.70s
Epoch 12, 69.0%	 loss: 2.384 acc@1: 51.02 mrr: 63.08, ndcg: 67.14, took: 0.71s
Epoch 12, 86.2%	 loss: 2.451 acc@1: 51.64 mrr: 62.52, ndcg: 66.18, took: 0.71s
Validation - loss: 4.2062, acc@1: 40.10%, f1: 31.03%, mrr: 49.46%, ndcg: 52.77%
Current learning rate: 0.000040

=== Epoch 13 ===
Epoch 13, 17.2%	 loss: 2.979 acc@1: 42.50 mrr: 54.85, ndcg: 58.97, took: 0.80s
Epoch 13, 34.5%	 loss: 2.900 acc@1: 44.14 mrr: 55.89, ndcg: 59.90, took: 0.76s
Epoch 13, 51.7%	 loss: 2.955 acc@1: 43.52 mrr: 55.62, ndcg: 59.86, took: 0.74s
Epoch 13, 69.0%	 loss: 2.978 acc@1: 42.34 mrr: 54.86, ndcg: 58.75, took: 0.74s
Epoch 13, 86.2%	 loss: 3.097 acc@1: 41.25 mrr: 53.47, ndcg: 57.43, took: 0.79s
Validation - loss: 4.0879, acc@1: 38.33%, f1: 27.62%, mrr: 48.31%, ndcg: 51.80%
Current learning rate: 0.000040

=== Epoch 14 ===
Epoch 14, 17.2%	 loss: 2.960 acc@1: 42.58 mrr: 55.16, ndcg: 59.21, took: 0.76s
Epoch 14, 34.5%	 loss: 2.998 acc@1: 43.44 mrr: 55.20, ndcg: 59.23, took: 0.76s
Epoch 14, 51.7%	 loss: 2.893 acc@1: 45.16 mrr: 57.07, ndcg: 61.06, took: 0.81s
Epoch 14, 69.0%	 loss: 3.032 acc@1: 43.59 mrr: 55.41, ndcg: 59.09, took: 0.81s
Epoch 14, 86.2%	 loss: 2.903 acc@1: 45.08 mrr: 56.63, ndcg: 60.30, took: 0.80s
Validation - loss: 4.0954, acc@1: 38.51%, f1: 27.83%, mrr: 48.35%, ndcg: 51.85%
Current learning rate: 0.000040

=== Epoch 15 ===
Epoch 15, 17.2%	 loss: 2.896 acc@1: 45.70 mrr: 56.91, ndcg: 60.59, took: 0.84s
Epoch 15, 34.5%	 loss: 2.839 acc@1: 43.91 mrr: 56.77, ndcg: 60.93, took: 0.84s
Epoch 15, 51.7%	 loss: 3.055 acc@1: 43.05 mrr: 54.52, ndcg: 58.06, took: 0.78s
Epoch 15, 69.0%	 loss: 2.968 acc@1: 43.67 mrr: 55.42, ndcg: 59.34, took: 0.79s
Epoch 15, 86.2%	 loss: 2.876 acc@1: 45.16 mrr: 56.84, ndcg: 60.83, took: 0.82s
Validation - loss: 4.0992, acc@1: 38.75%, f1: 28.23%, mrr: 48.56%, ndcg: 52.05%
Current learning rate: 0.000040

=== Epoch 16 ===
Epoch 16, 17.2%	 loss: 2.960 acc@1: 43.05 mrr: 54.80, ndcg: 58.66, took: 0.79s
Epoch 16, 34.5%	 loss: 2.983 acc@1: 43.52 mrr: 55.36, ndcg: 59.25, took: 0.71s
Epoch 16, 51.7%	 loss: 2.866 acc@1: 44.22 mrr: 56.30, ndcg: 60.66, took: 0.80s
Epoch 16, 69.0%	 loss: 2.906 acc@1: 44.84 mrr: 56.76, ndcg: 60.43, took: 0.75s
Epoch 16, 86.2%	 loss: 2.892 acc@1: 46.80 mrr: 57.62, ndcg: 61.17, took: 0.75s
Validation - loss: 4.1020, acc@1: 38.93%, f1: 28.48%, mrr: 48.63%, ndcg: 52.13%
Current learning rate: 0.000040

=== Epoch 17 ===
Epoch 17, 17.2%	 loss: 2.890 acc@1: 44.69 mrr: 56.55, ndcg: 60.56, took: 0.79s
Epoch 17, 34.5%	 loss: 2.978 acc@1: 42.58 mrr: 54.51, ndcg: 58.65, took: 0.74s
Epoch 17, 51.7%	 loss: 2.955 acc@1: 43.67 mrr: 55.21, ndcg: 58.90, took: 0.83s
Epoch 17, 69.0%	 loss: 2.757 acc@1: 47.11 mrr: 58.61, ndcg: 62.35, took: 0.79s
Epoch 17, 86.2%	 loss: 2.981 acc@1: 44.38 mrr: 55.55, ndcg: 59.07, took: 0.78s
Validation - loss: 4.1007, acc@1: 39.47%, f1: 29.26%, mrr: 48.90%, ndcg: 52.31%
Current learning rate: 0.000040

=== Epoch 18 ===
Epoch 18, 17.2%	 loss: 2.841 acc@1: 45.47 mrr: 57.25, ndcg: 61.03, took: 0.71s
Epoch 18, 34.5%	 loss: 2.886 acc@1: 44.77 mrr: 56.50, ndcg: 60.57, took: 0.72s
Epoch 18, 51.7%	 loss: 2.903 acc@1: 45.55 mrr: 56.41, ndcg: 59.91, took: 0.77s
Epoch 18, 69.0%	 loss: 2.908 acc@1: 43.75 mrr: 55.79, ndcg: 59.66, took: 0.78s
Epoch 18, 86.2%	 loss: 2.828 acc@1: 46.56 mrr: 58.07, ndcg: 61.74, took: 0.76s
Validation - loss: 4.1056, acc@1: 39.32%, f1: 28.96%, mrr: 48.87%, ndcg: 52.33%
Current learning rate: 0.000004

=== Epoch 19 ===
Epoch 19, 17.2%	 loss: 2.884 acc@1: 45.00 mrr: 57.07, ndcg: 61.08, took: 0.75s
Epoch 19, 34.5%	 loss: 3.030 acc@1: 42.89 mrr: 54.60, ndcg: 58.39, took: 0.82s
Epoch 19, 51.7%	 loss: 2.905 acc@1: 45.31 mrr: 56.75, ndcg: 60.46, took: 0.77s
Epoch 19, 69.0%	 loss: 2.944 acc@1: 42.58 mrr: 55.02, ndcg: 59.12, took: 0.76s
Epoch 19, 86.2%	 loss: 3.072 acc@1: 43.44 mrr: 54.64, ndcg: 58.18, took: 0.72s
Validation - loss: 4.0921, acc@1: 38.39%, f1: 27.64%, mrr: 48.39%, ndcg: 51.88%
Current learning rate: 0.000004

=== Epoch 20 ===
Epoch 20, 17.2%	 loss: 2.903 acc@1: 44.06 mrr: 56.12, ndcg: 59.91, took: 0.75s
Epoch 20, 34.5%	 loss: 2.930 acc@1: 43.44 mrr: 55.41, ndcg: 59.32, took: 0.79s
Epoch 20, 51.7%	 loss: 2.957 acc@1: 43.59 mrr: 55.60, ndcg: 59.28, took: 0.77s
Epoch 20, 69.0%	 loss: 2.943 acc@1: 43.44 mrr: 55.61, ndcg: 59.58, took: 0.74s
Epoch 20, 86.2%	 loss: 2.999 acc@1: 43.52 mrr: 55.33, ndcg: 59.31, took: 0.78s
Validation - loss: 4.0920, acc@1: 38.36%, f1: 27.66%, mrr: 48.33%, ndcg: 51.88%
Current learning rate: 0.000004

=== Epoch 21 ===
Epoch 21, 17.2%	 loss: 2.823 acc@1: 43.67 mrr: 56.80, ndcg: 61.27, took: 0.77s
Epoch 21, 34.5%	 loss: 3.067 acc@1: 41.80 mrr: 53.78, ndcg: 57.63, took: 0.86s
Epoch 21, 51.7%	 loss: 2.891 acc@1: 44.69 mrr: 56.67, ndcg: 60.52, took: 0.76s
Epoch 21, 69.0%	 loss: 2.995 acc@1: 43.52 mrr: 55.22, ndcg: 58.89, took: 0.75s
Epoch 21, 86.2%	 loss: 2.990 acc@1: 42.19 mrr: 54.33, ndcg: 58.31, took: 0.79s
Validation - loss: 4.0881, acc@1: 38.45%, f1: 27.73%, mrr: 48.41%, ndcg: 51.89%
Current learning rate: 0.000004

=== Epoch 22 ===
Epoch 22, 17.2%	 loss: 2.999 acc@1: 42.81 mrr: 54.82, ndcg: 58.83, took: 0.77s
Epoch 22, 34.5%	 loss: 2.983 acc@1: 44.14 mrr: 55.58, ndcg: 59.28, took: 0.79s
Epoch 22, 51.7%	 loss: 2.840 acc@1: 45.08 mrr: 57.20, ndcg: 61.24, took: 0.68s
Epoch 22, 69.0%	 loss: 2.957 acc@1: 44.69 mrr: 56.12, ndcg: 59.74, took: 0.73s
Epoch 22, 86.2%	 loss: 3.000 acc@1: 41.25 mrr: 53.94, ndcg: 58.13, took: 0.71s
Validation - loss: 4.0866, acc@1: 38.36%, f1: 27.74%, mrr: 48.36%, ndcg: 51.89%
Current learning rate: 0.000004

=== Epoch 23 ===
Epoch 23, 17.2%	 loss: 3.016 acc@1: 42.11 mrr: 54.21, ndcg: 58.36, took: 0.87s
Epoch 23, 34.5%	 loss: 2.951 acc@1: 44.14 mrr: 55.77, ndcg: 59.56, took: 0.80s
Epoch 23, 51.7%	 loss: 2.909 acc@1: 43.83 mrr: 55.76, ndcg: 59.83, took: 0.72s
Epoch 23, 69.0%	 loss: 2.860 acc@1: 44.06 mrr: 56.94, ndcg: 60.89, took: 0.76s
Epoch 23, 86.2%	 loss: 3.005 acc@1: 42.27 mrr: 54.27, ndcg: 58.38, took: 0.75s
Validation - loss: 4.0999, acc@1: 38.45%, f1: 27.90%, mrr: 48.36%, ndcg: 51.88%
Current learning rate: 0.000004

=== Epoch 24 ===
Epoch 24, 17.2%	 loss: 3.050 acc@1: 42.42 mrr: 54.16, ndcg: 58.09, took: 0.77s
Epoch 24, 34.5%	 loss: 2.954 acc@1: 43.20 mrr: 55.17, ndcg: 59.16, took: 0.76s
Epoch 24, 51.7%	 loss: 2.902 acc@1: 44.69 mrr: 56.21, ndcg: 60.03, took: 0.78s
Epoch 24, 69.0%	 loss: 2.852 acc@1: 45.47 mrr: 57.42, ndcg: 61.31, took: 0.82s
Epoch 24, 86.2%	 loss: 2.910 acc@1: 45.70 mrr: 57.03, ndcg: 60.87, took: 0.75s
Validation - loss: 4.0928, acc@1: 38.69%, f1: 27.99%, mrr: 48.52%, ndcg: 51.99%
Current learning rate: 0.000004

=== Epoch 25 ===
Epoch 25, 17.2%	 loss: 2.956 acc@1: 42.73 mrr: 55.14, ndcg: 59.24, took: 0.82s
Epoch 25, 34.5%	 loss: 2.838 acc@1: 44.22 mrr: 56.91, ndcg: 61.06, took: 0.86s
Epoch 25, 51.7%	 loss: 2.855 acc@1: 46.17 mrr: 57.53, ndcg: 61.11, took: 0.78s
Epoch 25, 69.0%	 loss: 3.058 acc@1: 43.75 mrr: 54.45, ndcg: 58.19, took: 0.76s
Epoch 25, 86.2%	 loss: 2.976 acc@1: 42.89 mrr: 55.14, ndcg: 59.24, took: 0.82s
Validation - loss: 4.0947, acc@1: 38.72%, f1: 28.02%, mrr: 48.52%, ndcg: 52.01%
Current learning rate: 0.000004

=== Epoch 26 ===
Epoch 26, 17.2%	 loss: 3.007 acc@1: 42.66 mrr: 54.32, ndcg: 58.05, took: 0.80s
Epoch 26, 34.5%	 loss: 2.865 acc@1: 44.92 mrr: 56.88, ndcg: 60.73, took: 0.78s
Epoch 26, 51.7%	 loss: 3.041 acc@1: 42.34 mrr: 54.08, ndcg: 57.93, took: 0.74s
Epoch 26, 69.0%	 loss: 2.883 acc@1: 44.14 mrr: 56.37, ndcg: 60.55, took: 0.72s
Epoch 26, 86.2%	 loss: 2.905 acc@1: 44.84 mrr: 56.74, ndcg: 60.57, took: 0.83s
Validation - loss: 4.1001, acc@1: 38.54%, f1: 27.99%, mrr: 48.44%, ndcg: 51.95%
Current learning rate: 0.000004

=== Epoch 27 ===
Epoch 27, 17.2%	 loss: 2.868 acc@1: 46.41 mrr: 57.31, ndcg: 60.99, took: 0.80s
Epoch 27, 34.5%	 loss: 2.941 acc@1: 44.61 mrr: 56.28, ndcg: 60.23, took: 0.75s
Epoch 27, 51.7%	 loss: 2.990 acc@1: 43.83 mrr: 55.49, ndcg: 58.93, took: 0.72s
Epoch 27, 69.0%	 loss: 2.938 acc@1: 44.22 mrr: 55.90, ndcg: 59.83, took: 0.83s
Epoch 27, 86.2%	 loss: 2.966 acc@1: 43.67 mrr: 55.69, ndcg: 59.65, took: 0.77s
Validation - loss: 4.0935, acc@1: 38.60%, f1: 28.08%, mrr: 48.49%, ndcg: 51.99%
Training finished.	 Time: 156.14s.	 acc@1: 38.36%

=== Test Results ===
Test Results:
  acc@1: 29.75%
  acc@5: 51.54%
  acc@10: 56.60%
  mrr: 39.64%
  ndcg: 43.40%
  f1: 19.79%

=== Training Complete ===
