2025-12-29 09:13:30,569 - INFO - ============================================================
2025-12-29 09:13:30,569 - INFO - POINTER V45 - Training Started
2025-12-29 09:13:30,569 - INFO - ============================================================
2025-12-29 09:13:30,570 - INFO - Model config: {'d_model': 128, 'dim_feedforward': 256, 'dropout': 0.15, 'nhead': 4, 'num_layers': 3}
2025-12-29 09:13:30,570 - INFO - Training config: {'batch_size': 128, 'grad_clip': 0.8, 'label_smoothing': 0.03, 'learning_rate': 0.0009, 'min_epochs': 8, 'min_lr': 1e-06, 'num_epochs': 50, 'patience': 5, 'use_amp': True, 'warmup_epochs': 5, 'weight_decay': 0.015}
2025-12-29 09:13:30,570 - INFO - ============================================================
2025-12-29 09:13:30,570 - INFO - Training for 50 epochs
2025-12-29 09:13:30,570 - INFO - Model parameters: 1,792,510
2025-12-29 09:14:24,050 - INFO - Epoch 1/50 | LR: 1.80e-04 | Train: 2.9681 | Val: 2.7800 | Acc@1: 51.90%
2025-12-29 09:14:24,100 - INFO -   ✓ New best (Acc@1: 51.90%)
2025-12-29 09:15:14,871 - INFO - Epoch 2/50 | LR: 3.60e-04 | Train: 2.7234 | Val: 2.7275 | Acc@1: 53.42%
2025-12-29 09:15:14,928 - INFO -   ✓ New best (Acc@1: 53.42%)
2025-12-29 09:16:06,553 - INFO - Epoch 3/50 | LR: 5.40e-04 | Train: 2.6070 | Val: 2.7075 | Acc@1: 53.65%
2025-12-29 09:16:06,611 - INFO -   ✓ New best (Acc@1: 53.65%)
2025-12-29 09:16:57,687 - INFO - Epoch 4/50 | LR: 7.20e-04 | Train: 2.5132 | Val: 2.6714 | Acc@1: 53.11%
2025-12-29 09:16:57,742 - INFO -   ✓ New best (Acc@1: 53.11%)
2025-12-29 09:17:47,866 - INFO - Epoch 5/50 | LR: 9.00e-04 | Train: 2.4336 | Val: 2.6642 | Acc@1: 53.49%
2025-12-29 09:17:47,921 - INFO -   ✓ New best (Acc@1: 53.49%)
2025-12-29 09:18:38,617 - INFO - Epoch 6/50 | LR: 9.00e-04 | Train: 2.3303 | Val: 2.6617 | Acc@1: 54.28%
2025-12-29 09:18:38,671 - INFO -   ✓ New best (Acc@1: 54.28%)
2025-12-29 09:19:29,368 - INFO - Epoch 7/50 | LR: 8.99e-04 | Train: 2.2357 | Val: 2.6599 | Acc@1: 53.20%
2025-12-29 09:19:29,423 - INFO -   ✓ New best (Acc@1: 53.20%)
2025-12-29 09:20:20,234 - INFO - Epoch 8/50 | LR: 8.96e-04 | Train: 2.1516 | Val: 2.7240 | Acc@1: 53.58%
2025-12-29 09:21:15,897 - INFO - Epoch 9/50 | LR: 8.90e-04 | Train: 2.0689 | Val: 2.7694 | Acc@1: 52.53%
2025-12-29 09:22:05,929 - INFO - Epoch 10/50 | LR: 8.83e-04 | Train: 1.9966 | Val: 2.8191 | Acc@1: 51.10%
2025-12-29 09:22:55,856 - INFO - Epoch 11/50 | LR: 8.73e-04 | Train: 1.9228 | Val: 2.8733 | Acc@1: 52.12%
2025-12-29 09:23:36,163 - INFO - Epoch 12/50 | LR: 8.61e-04 | Train: 1.8633 | Val: 3.0016 | Acc@1: 51.80%
2025-12-29 09:23:36,163 - INFO - Early stopping at epoch 12
2025-12-29 09:23:36,321 - INFO - Loaded checkpoint from epoch 7
2025-12-29 09:23:38,490 - INFO - ============================================================
2025-12-29 09:23:38,490 - INFO - FINAL VALIDATION RESULTS
2025-12-29 09:23:38,490 - INFO -   Acc@1:  53.20%
2025-12-29 09:23:38,490 - INFO -   Acc@5:  81.46%
2025-12-29 09:23:38,491 - INFO -   Acc@10: 86.21%
2025-12-29 09:23:38,491 - INFO -   MRR:    65.39%
2025-12-29 09:23:38,491 - INFO -   NDCG:   70.30%
2025-12-29 09:23:38,491 - INFO - ============================================================
2025-12-29 09:23:38,491 - INFO - FINAL TEST RESULTS
2025-12-29 09:23:38,491 - INFO -   Acc@1:  54.57%
2025-12-29 09:23:38,491 - INFO -   Acc@5:  82.82%
2025-12-29 09:23:38,491 - INFO -   Acc@10: 87.33%
2025-12-29 09:23:38,491 - INFO -   MRR:    66.83%
2025-12-29 09:23:38,491 - INFO -   NDCG:   71.69%
2025-12-29 09:23:38,491 - INFO - ============================================================
