Training LSTM model
Dataset: geolife
Config: /data/next_loc_clean_v2/config/ht_optuna/optuna_LSTM_geolife_prev7_t11_20260101_092555_3a8d69ae.yaml
Device: cuda
Seed: 42
==================================================
Data loaders: train=232, val=105, test=110
Total trainable parameters: 922531

=== Epoch 1 ===
Epoch 1, 8.6%	 loss: 7.380 acc@1: 0.16 mrr: 0.75, ndcg: 0.54, took: 2.03s
Epoch 1, 17.2%	 loss: 7.183 acc@1: 0.16 mrr: 0.85, ndcg: 0.57, took: 1.14s
Epoch 1, 25.9%	 loss: 6.988 acc@1: 4.06 mrr: 5.33, ndcg: 5.17, took: 1.52s
Epoch 1, 34.5%	 loss: 6.600 acc@1: 10.31 mrr: 12.85, ndcg: 13.24, took: 1.52s
Epoch 1, 43.1%	 loss: 6.086 acc@1: 14.53 mrr: 19.82, ndcg: 21.28, took: 1.59s
Epoch 1, 51.7%	 loss: 5.521 acc@1: 20.78 mrr: 28.32, ndcg: 31.30, took: 1.69s
Epoch 1, 60.3%	 loss: 5.053 acc@1: 23.59 mrr: 34.72, ndcg: 39.17, took: 1.64s
Epoch 1, 69.0%	 loss: 4.938 acc@1: 24.38 mrr: 34.80, ndcg: 38.88, took: 1.91s
Epoch 1, 77.6%	 loss: 4.546 acc@1: 25.47 mrr: 37.30, ndcg: 41.74, took: 1.93s
Epoch 1, 86.2%	 loss: 4.402 acc@1: 27.34 mrr: 39.32, ndcg: 44.02, took: 1.90s
Epoch 1, 94.8%	 loss: 4.074 acc@1: 30.62 mrr: 43.21, ndcg: 48.07, took: 1.83s
Validation - loss: 4.5294, acc@1: 30.68%, f1: 19.28%, mrr: 42.49%, ndcg: 46.34%
Current learning rate: 0.001000

=== Epoch 2 ===
Epoch 2, 8.6%	 loss: 3.865 acc@1: 30.16 mrr: 43.25, ndcg: 47.84, took: 1.67s
Epoch 2, 17.2%	 loss: 3.793 acc@1: 30.78 mrr: 44.43, ndcg: 49.11, took: 1.51s
Epoch 2, 25.9%	 loss: 3.949 acc@1: 30.16 mrr: 42.52, ndcg: 47.46, took: 1.78s
Epoch 2, 34.5%	 loss: 3.807 acc@1: 32.03 mrr: 45.37, ndcg: 50.34, took: 2.12s
Epoch 2, 43.1%	 loss: 3.775 acc@1: 33.91 mrr: 45.96, ndcg: 50.75, took: 1.93s
Epoch 2, 51.7%	 loss: 3.681 acc@1: 32.81 mrr: 45.47, ndcg: 50.43, took: 1.98s
Epoch 2, 60.3%	 loss: 3.683 acc@1: 31.72 mrr: 45.15, ndcg: 50.16, took: 1.97s
Epoch 2, 69.0%	 loss: 3.730 acc@1: 30.00 mrr: 44.64, ndcg: 50.01, took: 1.95s
Epoch 2, 77.6%	 loss: 3.691 acc@1: 32.66 mrr: 45.90, ndcg: 51.39, took: 2.17s
Epoch 2, 86.2%	 loss: 3.611 acc@1: 31.09 mrr: 45.16, ndcg: 50.81, took: 2.12s
Epoch 2, 94.8%	 loss: 3.611 acc@1: 35.00 mrr: 48.54, ndcg: 53.16, took: 2.13s
Validation - loss: 4.5995, acc@1: 31.55%, f1: 17.57%, mrr: 44.36%, ndcg: 48.69%
Current learning rate: 0.002000

=== Epoch 3 ===
Epoch 3, 8.6%	 loss: 3.146 acc@1: 35.47 mrr: 50.04, ndcg: 55.35, took: 1.82s
Epoch 3, 17.2%	 loss: 3.439 acc@1: 33.12 mrr: 46.71, ndcg: 51.73, took: 1.78s
Epoch 3, 25.9%	 loss: 3.377 acc@1: 34.06 mrr: 48.55, ndcg: 53.68, took: 1.67s
Epoch 3, 34.5%	 loss: 3.601 acc@1: 31.56 mrr: 44.94, ndcg: 50.01, took: 1.62s
Epoch 3, 43.1%	 loss: 3.378 acc@1: 35.47 mrr: 49.07, ndcg: 53.85, took: 2.11s
Epoch 3, 51.7%	 loss: 3.409 acc@1: 32.97 mrr: 47.94, ndcg: 53.19, took: 2.01s
Epoch 3, 60.3%	 loss: 3.546 acc@1: 31.56 mrr: 46.56, ndcg: 51.94, took: 1.96s
Epoch 3, 69.0%	 loss: 3.528 acc@1: 27.97 mrr: 43.62, ndcg: 49.53, took: 2.03s
Epoch 3, 77.6%	 loss: 3.219 acc@1: 31.09 mrr: 48.34, ndcg: 54.25, took: 1.99s
Epoch 3, 86.2%	 loss: 3.490 acc@1: 30.94 mrr: 46.36, ndcg: 51.57, took: 1.98s
Epoch 3, 94.8%	 loss: 3.533 acc@1: 30.62 mrr: 45.07, ndcg: 50.28, took: 2.15s
Validation - loss: 4.6994, acc@1: 33.47%, f1: 20.87%, mrr: 45.64%, ndcg: 49.80%
Current learning rate: 0.001958

=== Epoch 4 ===
Epoch 4, 8.6%	 loss: 3.140 acc@1: 34.06 mrr: 48.31, ndcg: 53.28, took: 2.02s
Epoch 4, 17.2%	 loss: 3.124 acc@1: 32.34 mrr: 48.27, ndcg: 53.76, took: 1.68s
Epoch 4, 25.9%	 loss: 3.213 acc@1: 31.41 mrr: 46.90, ndcg: 52.22, took: 1.70s
Epoch 4, 34.5%	 loss: 3.285 acc@1: 33.44 mrr: 47.77, ndcg: 53.12, took: 1.53s
Epoch 4, 43.1%	 loss: 3.281 acc@1: 29.53 mrr: 46.46, ndcg: 51.49, took: 1.57s
Epoch 4, 51.7%	 loss: 3.196 acc@1: 34.84 mrr: 50.16, ndcg: 55.12, took: 2.13s
Epoch 4, 60.3%	 loss: 3.163 acc@1: 29.84 mrr: 47.13, ndcg: 52.93, took: 2.21s
Epoch 4, 69.0%	 loss: 3.186 acc@1: 34.53 mrr: 49.42, ndcg: 54.61, took: 2.02s
Epoch 4, 77.6%	 loss: 3.149 acc@1: 37.19 mrr: 50.94, ndcg: 55.58, took: 2.01s
Epoch 4, 86.2%	 loss: 3.159 acc@1: 34.38 mrr: 49.75, ndcg: 55.29, took: 1.85s
Epoch 4, 94.8%	 loss: 2.961 acc@1: 36.41 mrr: 51.93, ndcg: 57.41, took: 1.76s
Validation - loss: 4.6890, acc@1: 32.84%, f1: 20.44%, mrr: 45.74%, ndcg: 50.12%
Current learning rate: 0.001917

=== Epoch 5 ===
Epoch 5, 8.6%	 loss: 2.954 acc@1: 34.06 mrr: 49.68, ndcg: 55.23, took: 1.94s
Epoch 5, 17.2%	 loss: 2.940 acc@1: 32.50 mrr: 49.44, ndcg: 55.43, took: 2.05s
Epoch 5, 25.9%	 loss: 2.907 acc@1: 33.44 mrr: 50.18, ndcg: 55.86, took: 1.70s
Epoch 5, 34.5%	 loss: 2.950 acc@1: 35.78 mrr: 51.13, ndcg: 56.55, took: 1.64s
Epoch 5, 43.1%	 loss: 3.019 acc@1: 34.22 mrr: 50.11, ndcg: 55.33, took: 1.67s
Epoch 5, 51.7%	 loss: 2.995 acc@1: 36.72 mrr: 51.17, ndcg: 56.31, took: 1.75s
Epoch 5, 60.3%	 loss: 3.002 acc@1: 34.69 mrr: 50.63, ndcg: 55.93, took: 2.03s
Epoch 5, 69.0%	 loss: 3.062 acc@1: 32.66 mrr: 48.74, ndcg: 54.70, took: 2.31s
Epoch 5, 77.6%	 loss: 3.137 acc@1: 31.88 mrr: 48.23, ndcg: 53.58, took: 2.02s
Epoch 5, 86.2%	 loss: 3.022 acc@1: 32.66 mrr: 49.02, ndcg: 54.48, took: 1.94s
Epoch 5, 94.8%	 loss: 2.970 acc@1: 33.12 mrr: 49.72, ndcg: 55.30, took: 1.91s
Validation - loss: 4.7355, acc@1: 32.63%, f1: 19.78%, mrr: 45.00%, ndcg: 49.57%
Current learning rate: 0.001875

=== Epoch 6 ===
Epoch 6, 8.6%	 loss: 2.671 acc@1: 34.38 mrr: 51.37, ndcg: 57.31, took: 1.91s
Epoch 6, 17.2%	 loss: 2.719 acc@1: 33.91 mrr: 51.64, ndcg: 57.79, took: 1.86s
Epoch 6, 25.9%	 loss: 2.831 acc@1: 36.09 mrr: 51.65, ndcg: 57.07, took: 2.03s
Epoch 6, 34.5%	 loss: 2.908 acc@1: 37.81 mrr: 52.17, ndcg: 56.76, took: 1.67s
Epoch 6, 43.1%	 loss: 2.970 acc@1: 32.34 mrr: 48.74, ndcg: 54.45, took: 1.71s
Epoch 6, 51.7%	 loss: 2.813 acc@1: 35.16 mrr: 51.45, ndcg: 56.93, took: 1.69s
Epoch 6, 60.3%	 loss: 2.989 acc@1: 31.09 mrr: 47.97, ndcg: 53.67, took: 1.80s
Epoch 6, 69.0%	 loss: 2.864 acc@1: 34.22 mrr: 50.36, ndcg: 55.92, took: 2.11s
Epoch 6, 77.6%	 loss: 2.834 acc@1: 35.94 mrr: 52.15, ndcg: 57.64, took: 2.13s
Epoch 6, 86.2%	 loss: 2.944 acc@1: 33.44 mrr: 49.73, ndcg: 55.05, took: 1.93s
Epoch 6, 94.8%	 loss: 2.887 acc@1: 37.66 mrr: 52.63, ndcg: 57.17, took: 1.75s
Validation - loss: 4.7194, acc@1: 31.28%, f1: 20.03%, mrr: 45.63%, ndcg: 50.31%
Current learning rate: 0.000183

=== Epoch 7 ===
Epoch 7, 8.6%	 loss: 3.762 acc@1: 33.91 mrr: 45.86, ndcg: 49.80, took: 1.97s
Epoch 7, 17.2%	 loss: 3.910 acc@1: 30.47 mrr: 43.25, ndcg: 47.66, took: 1.86s
Epoch 7, 25.9%	 loss: 3.691 acc@1: 32.50 mrr: 45.65, ndcg: 50.33, took: 1.97s
Epoch 7, 34.5%	 loss: 3.493 acc@1: 35.00 mrr: 47.93, ndcg: 52.77, took: 2.17s
Epoch 7, 43.1%	 loss: 3.644 acc@1: 35.00 mrr: 47.23, ndcg: 51.55, took: 1.89s
Epoch 7, 51.7%	 loss: 3.623 acc@1: 35.94 mrr: 48.26, ndcg: 52.33, took: 1.90s
Epoch 7, 60.3%	 loss: 3.720 acc@1: 32.66 mrr: 45.50, ndcg: 50.15, took: 1.78s
Epoch 7, 69.0%	 loss: 3.699 acc@1: 34.06 mrr: 46.35, ndcg: 50.61, took: 1.71s
Epoch 7, 77.6%	 loss: 3.734 acc@1: 33.59 mrr: 46.20, ndcg: 50.53, took: 2.09s
Epoch 7, 86.2%	 loss: 3.771 acc@1: 32.50 mrr: 45.08, ndcg: 49.40, took: 2.02s
Epoch 7, 94.8%	 loss: 3.667 acc@1: 36.25 mrr: 48.17, ndcg: 52.73, took: 2.06s
Validation - loss: 4.4880, acc@1: 34.13%, f1: 21.76%, mrr: 45.32%, ndcg: 48.89%
Current learning rate: 0.000183

=== Epoch 8 ===
Epoch 8, 8.6%	 loss: 3.602 acc@1: 36.09 mrr: 47.95, ndcg: 52.08, took: 1.86s
Epoch 8, 17.2%	 loss: 3.647 acc@1: 32.03 mrr: 45.21, ndcg: 49.84, took: 1.80s
Epoch 8, 25.9%	 loss: 3.509 acc@1: 36.41 mrr: 48.39, ndcg: 52.52, took: 1.76s
Epoch 8, 34.5%	 loss: 3.534 acc@1: 30.47 mrr: 45.63, ndcg: 51.10, took: 2.04s
Epoch 8, 43.1%	 loss: 3.448 acc@1: 36.25 mrr: 49.16, ndcg: 53.69, took: 2.13s
Epoch 8, 51.7%	 loss: 3.417 acc@1: 37.97 mrr: 50.80, ndcg: 55.04, took: 1.73s
Epoch 8, 60.3%	 loss: 3.585 acc@1: 34.38 mrr: 47.13, ndcg: 51.70, took: 1.66s
Epoch 8, 69.0%	 loss: 3.446 acc@1: 36.88 mrr: 49.88, ndcg: 54.38, took: 1.59s
Epoch 8, 77.6%	 loss: 3.469 acc@1: 33.44 mrr: 47.43, ndcg: 52.14, took: 1.61s
Epoch 8, 86.2%	 loss: 3.514 acc@1: 32.97 mrr: 47.09, ndcg: 51.78, took: 2.24s
Epoch 8, 94.8%	 loss: 3.589 acc@1: 35.31 mrr: 47.87, ndcg: 52.16, took: 2.31s
Validation - loss: 4.5190, acc@1: 33.68%, f1: 21.01%, mrr: 45.33%, ndcg: 49.16%
Current learning rate: 0.000183

=== Epoch 9 ===
Epoch 9, 8.6%	 loss: 3.386 acc@1: 34.53 mrr: 48.84, ndcg: 54.10, took: 1.81s
Epoch 9, 17.2%	 loss: 3.515 acc@1: 32.97 mrr: 46.80, ndcg: 51.18, took: 1.86s
Epoch 9, 25.9%	 loss: 3.442 acc@1: 34.84 mrr: 48.73, ndcg: 53.41, took: 1.88s
Epoch 9, 34.5%	 loss: 3.298 acc@1: 41.72 mrr: 52.94, ndcg: 56.72, took: 2.01s
Epoch 9, 43.1%	 loss: 3.742 acc@1: 30.94 mrr: 44.00, ndcg: 48.64, took: 1.93s
Epoch 9, 51.7%	 loss: 3.404 acc@1: 33.75 mrr: 48.21, ndcg: 53.04, took: 1.92s
Epoch 9, 60.3%	 loss: 3.303 acc@1: 36.72 mrr: 50.78, ndcg: 55.50, took: 1.73s
Epoch 9, 69.0%	 loss: 3.381 acc@1: 35.16 mrr: 48.72, ndcg: 53.24, took: 1.58s
Epoch 9, 77.6%	 loss: 3.290 acc@1: 36.25 mrr: 50.35, ndcg: 54.97, took: 1.59s
Epoch 9, 86.2%	 loss: 3.256 acc@1: 37.34 mrr: 50.65, ndcg: 55.30, took: 1.67s
Epoch 9, 94.8%	 loss: 3.293 acc@1: 37.03 mrr: 50.72, ndcg: 55.61, took: 2.00s
Validation - loss: 4.5334, acc@1: 34.61%, f1: 22.17%, mrr: 46.12%, ndcg: 49.93%
Current learning rate: 0.000183

=== Epoch 10 ===
Epoch 10, 8.6%	 loss: 3.475 acc@1: 36.72 mrr: 48.67, ndcg: 53.05, took: 1.95s
Epoch 10, 17.2%	 loss: 3.231 acc@1: 39.06 mrr: 51.97, ndcg: 56.14, took: 1.83s
Epoch 10, 25.9%	 loss: 3.356 acc@1: 34.84 mrr: 49.37, ndcg: 53.92, took: 1.92s
Epoch 10, 34.5%	 loss: 3.394 acc@1: 33.28 mrr: 47.59, ndcg: 52.24, took: 1.94s
Epoch 10, 43.1%	 loss: 3.253 acc@1: 37.66 mrr: 51.29, ndcg: 55.98, took: 1.98s
Epoch 10, 51.7%	 loss: 3.383 acc@1: 34.53 mrr: 48.55, ndcg: 53.50, took: 2.05s
Epoch 10, 60.3%	 loss: 3.387 acc@1: 35.47 mrr: 48.93, ndcg: 53.16, took: 2.12s
Epoch 10, 69.0%	 loss: 3.008 acc@1: 40.94 mrr: 54.50, ndcg: 59.05, took: 1.75s
Epoch 10, 77.6%	 loss: 3.132 acc@1: 37.66 mrr: 52.42, ndcg: 56.98, took: 1.64s
Epoch 10, 86.2%	 loss: 3.358 acc@1: 33.75 mrr: 47.96, ndcg: 53.22, took: 1.60s
Epoch 10, 94.8%	 loss: 3.316 acc@1: 33.12 mrr: 48.37, ndcg: 53.44, took: 1.65s
Validation - loss: 4.5415, acc@1: 34.01%, f1: 21.90%, mrr: 45.94%, ndcg: 49.95%
Current learning rate: 0.000183

=== Epoch 11 ===
Epoch 11, 8.6%	 loss: 3.070 acc@1: 38.12 mrr: 52.10, ndcg: 56.94, took: 1.85s
Epoch 11, 17.2%	 loss: 3.338 acc@1: 34.53 mrr: 48.48, ndcg: 53.33, took: 1.74s
Epoch 11, 25.9%	 loss: 3.330 acc@1: 36.56 mrr: 49.63, ndcg: 54.19, took: 1.76s
Epoch 11, 34.5%	 loss: 3.162 acc@1: 35.94 mrr: 50.51, ndcg: 55.26, took: 1.88s
Epoch 11, 43.1%	 loss: 3.292 acc@1: 37.34 mrr: 50.37, ndcg: 54.92, took: 1.88s
Epoch 11, 51.7%	 loss: 3.155 acc@1: 36.56 mrr: 51.26, ndcg: 56.01, took: 1.92s
Epoch 11, 60.3%	 loss: 3.176 acc@1: 37.03 mrr: 51.31, ndcg: 56.27, took: 1.96s
Epoch 11, 69.0%	 loss: 3.223 acc@1: 34.69 mrr: 49.38, ndcg: 54.23, took: 2.15s
Epoch 11, 77.6%	 loss: 3.264 acc@1: 34.53 mrr: 49.05, ndcg: 53.79, took: 1.99s
Epoch 11, 86.2%	 loss: 3.182 acc@1: 36.88 mrr: 51.33, ndcg: 56.08, took: 1.68s
Epoch 11, 94.8%	 loss: 3.150 acc@1: 35.62 mrr: 50.93, ndcg: 56.12, took: 1.66s
Validation - loss: 4.5948, acc@1: 34.28%, f1: 22.10%, mrr: 46.17%, ndcg: 50.12%
Current learning rate: 0.000183

=== Epoch 12 ===
Epoch 12, 8.6%	 loss: 3.037 acc@1: 37.03 mrr: 52.23, ndcg: 57.33, took: 2.00s
Epoch 12, 17.2%	 loss: 3.076 acc@1: 37.19 mrr: 51.50, ndcg: 56.66, took: 1.85s
Epoch 12, 25.9%	 loss: 3.080 acc@1: 35.62 mrr: 50.57, ndcg: 55.58, took: 1.91s
Epoch 12, 34.5%	 loss: 3.075 acc@1: 37.03 mrr: 51.63, ndcg: 56.97, took: 1.86s
Epoch 12, 43.1%	 loss: 3.224 acc@1: 37.81 mrr: 50.75, ndcg: 55.39, took: 1.96s
Epoch 12, 51.7%	 loss: 3.107 acc@1: 37.50 mrr: 51.81, ndcg: 56.16, took: 2.03s
Epoch 12, 60.3%	 loss: 3.188 acc@1: 34.53 mrr: 49.12, ndcg: 54.00, took: 1.99s
Epoch 12, 69.0%	 loss: 3.165 acc@1: 37.81 mrr: 51.31, ndcg: 55.77, took: 2.01s
Epoch 12, 77.6%	 loss: 3.067 acc@1: 37.19 mrr: 51.56, ndcg: 56.74, took: 2.01s
Epoch 12, 86.2%	 loss: 3.051 acc@1: 39.84 mrr: 53.46, ndcg: 58.19, took: 1.83s
Epoch 12, 94.8%	 loss: 3.181 acc@1: 37.19 mrr: 50.77, ndcg: 55.34, took: 1.71s
Validation - loss: 4.6233, acc@1: 34.01%, f1: 22.33%, mrr: 46.15%, ndcg: 50.33%
Current learning rate: 0.000018

=== Epoch 13 ===
Epoch 13, 8.6%	 loss: 3.500 acc@1: 35.31 mrr: 48.96, ndcg: 53.83, took: 2.00s
Epoch 13, 17.2%	 loss: 3.407 acc@1: 36.72 mrr: 49.83, ndcg: 54.41, took: 2.06s
Epoch 13, 25.9%	 loss: 3.561 acc@1: 35.00 mrr: 47.62, ndcg: 52.31, took: 1.92s
Epoch 13, 34.5%	 loss: 3.560 acc@1: 35.62 mrr: 48.01, ndcg: 52.26, took: 2.05s
Epoch 13, 43.1%	 loss: 3.652 acc@1: 33.12 mrr: 46.00, ndcg: 50.44, took: 1.83s
Epoch 13, 51.7%	 loss: 3.562 acc@1: 35.00 mrr: 47.65, ndcg: 51.80, took: 2.08s
Epoch 13, 60.3%	 loss: 3.455 acc@1: 35.78 mrr: 48.85, ndcg: 53.50, took: 1.97s
Epoch 13, 69.0%	 loss: 3.546 acc@1: 34.53 mrr: 47.32, ndcg: 52.02, took: 1.99s
Epoch 13, 77.6%	 loss: 3.433 acc@1: 37.34 mrr: 49.92, ndcg: 54.24, took: 2.11s
Epoch 13, 86.2%	 loss: 3.506 acc@1: 37.03 mrr: 49.01, ndcg: 53.17, took: 1.86s
Epoch 13, 94.8%	 loss: 3.677 acc@1: 35.31 mrr: 46.61, ndcg: 50.80, took: 1.95s
Validation - loss: 4.4790, acc@1: 33.89%, f1: 21.25%, mrr: 45.38%, ndcg: 49.05%
Current learning rate: 0.000018

=== Epoch 14 ===
Epoch 14, 8.6%	 loss: 3.446 acc@1: 35.62 mrr: 49.03, ndcg: 53.48, took: 2.17s
Epoch 14, 17.2%	 loss: 3.552 acc@1: 36.25 mrr: 48.10, ndcg: 52.12, took: 2.21s
Epoch 14, 25.9%	 loss: 3.374 acc@1: 37.34 mrr: 50.02, ndcg: 54.50, took: 2.08s
Epoch 14, 34.5%	 loss: 3.490 acc@1: 35.00 mrr: 48.44, ndcg: 53.07, took: 2.12s
Epoch 14, 43.1%	 loss: 3.432 acc@1: 39.53 mrr: 51.23, ndcg: 55.53, took: 1.93s
Epoch 14, 51.7%	 loss: 3.621 acc@1: 31.72 mrr: 45.64, ndcg: 50.52, took: 1.78s
Epoch 14, 60.3%	 loss: 3.477 acc@1: 35.16 mrr: 48.40, ndcg: 52.86, took: 1.99s
Epoch 14, 69.0%	 loss: 3.483 acc@1: 32.19 mrr: 46.75, ndcg: 51.68, took: 1.92s
Epoch 14, 77.6%	 loss: 3.650 acc@1: 34.06 mrr: 46.64, ndcg: 51.28, took: 2.00s
Epoch 14, 86.2%	 loss: 3.542 acc@1: 36.41 mrr: 48.49, ndcg: 52.59, took: 2.08s
Epoch 14, 94.8%	 loss: 3.439 acc@1: 37.81 mrr: 50.39, ndcg: 54.61, took: 2.04s
Validation - loss: 4.4932, acc@1: 34.10%, f1: 21.36%, mrr: 45.45%, ndcg: 49.12%
Current learning rate: 0.000018

=== Epoch 15 ===
Epoch 15, 8.6%	 loss: 3.425 acc@1: 33.59 mrr: 47.94, ndcg: 52.80, took: 2.20s
Epoch 15, 17.2%	 loss: 3.461 acc@1: 33.59 mrr: 48.13, ndcg: 52.85, took: 2.18s
Epoch 15, 25.9%	 loss: 3.508 acc@1: 35.16 mrr: 47.88, ndcg: 52.29, took: 2.07s
Epoch 15, 34.5%	 loss: 3.329 acc@1: 37.50 mrr: 50.75, ndcg: 55.10, took: 1.98s
Epoch 15, 43.1%	 loss: 3.679 acc@1: 33.75 mrr: 45.99, ndcg: 49.97, took: 2.03s
Epoch 15, 51.7%	 loss: 3.434 acc@1: 38.12 mrr: 50.46, ndcg: 54.64, took: 1.72s
Epoch 15, 60.3%	 loss: 3.448 acc@1: 36.88 mrr: 49.40, ndcg: 54.14, took: 1.65s
Epoch 15, 69.0%	 loss: 3.610 acc@1: 32.34 mrr: 45.48, ndcg: 50.04, took: 1.85s
Epoch 15, 77.6%	 loss: 3.500 acc@1: 36.25 mrr: 48.80, ndcg: 53.24, took: 1.81s
Epoch 15, 86.2%	 loss: 3.457 acc@1: 34.06 mrr: 47.89, ndcg: 52.50, took: 1.98s
Epoch 15, 94.8%	 loss: 3.480 acc@1: 35.78 mrr: 48.72, ndcg: 52.86, took: 2.12s
Validation - loss: 4.5002, acc@1: 34.10%, f1: 21.48%, mrr: 45.48%, ndcg: 49.20%
Current learning rate: 0.000018

=== Epoch 16 ===
Epoch 16, 8.6%	 loss: 3.611 acc@1: 33.91 mrr: 46.68, ndcg: 50.74, took: 2.13s
Epoch 16, 17.2%	 loss: 3.424 acc@1: 36.09 mrr: 49.59, ndcg: 53.70, took: 2.20s
Epoch 16, 25.9%	 loss: 3.581 acc@1: 33.75 mrr: 46.46, ndcg: 50.89, took: 2.27s
Epoch 16, 34.5%	 loss: 3.512 acc@1: 37.34 mrr: 49.34, ndcg: 53.18, took: 2.25s
Epoch 16, 43.1%	 loss: 3.317 acc@1: 36.88 mrr: 50.43, ndcg: 55.04, took: 1.98s
Epoch 16, 51.7%	 loss: 3.446 acc@1: 35.00 mrr: 48.64, ndcg: 53.14, took: 1.91s
Epoch 16, 60.3%	 loss: 3.464 acc@1: 35.78 mrr: 48.80, ndcg: 53.34, took: 1.84s
Epoch 16, 69.0%	 loss: 3.337 acc@1: 36.72 mrr: 49.61, ndcg: 54.02, took: 1.72s
Epoch 16, 77.6%	 loss: 3.548 acc@1: 33.75 mrr: 46.97, ndcg: 51.40, took: 1.76s
Epoch 16, 86.2%	 loss: 3.454 acc@1: 34.53 mrr: 48.55, ndcg: 53.21, took: 1.97s
Epoch 16, 94.8%	 loss: 3.489 acc@1: 35.94 mrr: 48.45, ndcg: 53.04, took: 1.93s
Validation - loss: 4.5083, acc@1: 34.01%, f1: 21.31%, mrr: 45.53%, ndcg: 49.31%
Current learning rate: 0.000018

=== Epoch 17 ===
Epoch 17, 8.6%	 loss: 3.568 acc@1: 34.53 mrr: 47.64, ndcg: 52.02, took: 1.99s
Epoch 17, 17.2%	 loss: 3.455 acc@1: 36.09 mrr: 48.96, ndcg: 53.43, took: 2.01s
Epoch 17, 25.9%	 loss: 3.412 acc@1: 36.72 mrr: 49.26, ndcg: 53.48, took: 2.20s
Epoch 17, 34.5%	 loss: 3.275 acc@1: 38.28 mrr: 51.51, ndcg: 55.99, took: 2.22s
Epoch 17, 43.1%	 loss: 3.389 acc@1: 36.88 mrr: 50.09, ndcg: 54.69, took: 2.24s
Epoch 17, 51.7%	 loss: 3.538 acc@1: 30.00 mrr: 45.01, ndcg: 50.08, took: 1.93s
Epoch 17, 60.3%	 loss: 3.669 acc@1: 31.41 mrr: 45.30, ndcg: 49.63, took: 1.88s
Epoch 17, 69.0%	 loss: 3.375 acc@1: 37.50 mrr: 50.60, ndcg: 54.97, took: 1.80s
Epoch 17, 77.6%	 loss: 3.429 acc@1: 36.88 mrr: 49.62, ndcg: 53.89, took: 1.66s
Epoch 17, 86.2%	 loss: 3.499 acc@1: 34.22 mrr: 47.77, ndcg: 52.59, took: 1.66s
Epoch 17, 94.8%	 loss: 3.426 acc@1: 36.09 mrr: 49.02, ndcg: 53.43, took: 1.80s
Validation - loss: 4.5216, acc@1: 34.31%, f1: 21.66%, mrr: 45.67%, ndcg: 49.44%
Current learning rate: 0.000018

=== Epoch 18 ===
Epoch 18, 8.6%	 loss: 3.344 acc@1: 35.78 mrr: 50.08, ndcg: 55.00, took: 1.63s
Epoch 18, 17.2%	 loss: 3.557 acc@1: 35.00 mrr: 47.09, ndcg: 51.73, took: 1.69s
Epoch 18, 25.9%	 loss: 3.378 acc@1: 36.41 mrr: 49.80, ndcg: 54.26, took: 1.77s
Epoch 18, 34.5%	 loss: 3.524 acc@1: 36.88 mrr: 48.74, ndcg: 52.65, took: 2.12s
Epoch 18, 43.1%	 loss: 3.350 acc@1: 38.59 mrr: 51.09, ndcg: 55.36, took: 2.06s
Epoch 18, 51.7%	 loss: 3.436 acc@1: 35.78 mrr: 48.91, ndcg: 53.35, took: 1.88s
Epoch 18, 60.3%	 loss: 3.455 acc@1: 35.62 mrr: 48.55, ndcg: 52.73, took: 1.71s
Epoch 18, 69.0%	 loss: 3.392 acc@1: 35.78 mrr: 49.28, ndcg: 53.55, took: 1.60s
Epoch 18, 77.6%	 loss: 3.350 acc@1: 35.16 mrr: 49.29, ndcg: 54.10, took: 1.60s
Epoch 18, 86.2%	 loss: 3.635 acc@1: 33.75 mrr: 46.23, ndcg: 50.01, took: 1.62s
Epoch 18, 94.8%	 loss: 3.402 acc@1: 36.25 mrr: 49.67, ndcg: 54.18, took: 1.75s
Validation - loss: 4.5268, acc@1: 34.61%, f1: 21.80%, mrr: 45.86%, ndcg: 49.61%
Training finished.	 Time: 530.47s.	 acc@1: 33.89%

=== Test Results ===
Test Results:
  acc@1: 30.35%
  acc@5: 50.14%
  acc@10: 55.83%
  mrr: 39.74%
  ndcg: 43.24%
  f1: 17.54%

=== Training Complete ===
