2026-01-02 01:41:40,362 - INFO - ============================================================
2026-01-02 01:41:40,362 - INFO - POINTER V45 - Training Started
2026-01-02 01:41:40,362 - INFO - ============================================================
2026-01-02 01:41:40,362 - INFO - Model config: {'d_model': 96, 'dim_feedforward': 192, 'dropout': 0.25, 'nhead': 2, 'num_layers': 2}
2026-01-02 01:41:40,362 - INFO - Training config: {'batch_size': 64, 'grad_clip': 0.8, 'label_smoothing': 0.0, 'learning_rate': 0.001, 'min_epochs': 8, 'min_lr': 1e-06, 'num_epochs': 50, 'patience': 5, 'use_amp': True, 'warmup_epochs': 5, 'weight_decay': 1e-05}
2026-01-02 01:41:40,362 - INFO - ============================================================
2026-01-02 01:41:40,363 - INFO - Training for 50 epochs
2026-01-02 01:41:40,363 - INFO - Model parameters: 443,404
2026-01-02 01:41:45,028 - INFO - Epoch 1/50 | LR: 2.00e-04 | Train: 4.0020 | Val: 2.8988 | Acc@1: 42.62%
2026-01-02 01:41:45,051 - INFO -   ✓ New best (Acc@1: 42.62%)
2026-01-02 01:41:48,926 - INFO - Epoch 2/50 | LR: 4.00e-04 | Train: 3.5201 | Val: 2.8523 | Acc@1: 45.38%
2026-01-02 01:41:48,954 - INFO -   ✓ New best (Acc@1: 45.38%)
2026-01-02 01:41:52,812 - INFO - Epoch 3/50 | LR: 6.00e-04 | Train: 3.2121 | Val: 2.8524 | Acc@1: 46.91%
2026-01-02 01:41:57,210 - INFO - Epoch 4/50 | LR: 8.00e-04 | Train: 2.9175 | Val: 2.8109 | Acc@1: 49.25%
2026-01-02 01:41:57,248 - INFO -   ✓ New best (Acc@1: 49.25%)
2026-01-02 01:42:01,514 - INFO - Epoch 5/50 | LR: 1.00e-03 | Train: 2.6282 | Val: 2.8677 | Acc@1: 48.83%
2026-01-02 01:42:05,462 - INFO - Epoch 6/50 | LR: 1.00e-03 | Train: 2.3164 | Val: 2.9945 | Acc@1: 48.14%
2026-01-02 01:42:09,271 - INFO - Epoch 7/50 | LR: 9.99e-04 | Train: 2.0204 | Val: 3.1613 | Acc@1: 46.55%
2026-01-02 01:42:12,978 - INFO - Epoch 8/50 | LR: 9.95e-04 | Train: 1.7770 | Val: 3.4120 | Acc@1: 47.30%
2026-01-02 01:42:16,793 - INFO - Epoch 9/50 | LR: 9.89e-04 | Train: 1.5676 | Val: 3.5033 | Acc@1: 46.22%
2026-01-02 01:42:16,793 - INFO - Early stopping at epoch 9
2026-01-02 01:42:16,842 - INFO - Loaded checkpoint from epoch 4
2026-01-02 01:42:18,095 - INFO - ============================================================
2026-01-02 01:42:18,095 - INFO - FINAL VALIDATION RESULTS
2026-01-02 01:42:18,095 - INFO -   Acc@1:  49.25%
2026-01-02 01:42:18,095 - INFO -   Acc@5:  76.42%
2026-01-02 01:42:18,095 - INFO -   Acc@10: 81.94%
2026-01-02 01:42:18,095 - INFO -   MRR:    61.29%
2026-01-02 01:42:18,095 - INFO -   NDCG:   66.09%
2026-01-02 01:42:18,095 - INFO - ============================================================
2026-01-02 01:42:18,095 - INFO - FINAL TEST RESULTS
2026-01-02 01:42:18,096 - INFO -   Acc@1:  51.43%
2026-01-02 01:42:18,096 - INFO -   Acc@5:  81.18%
2026-01-02 01:42:18,096 - INFO -   Acc@10: 85.04%
2026-01-02 01:42:18,096 - INFO -   MRR:    64.56%
2026-01-02 01:42:18,096 - INFO -   NDCG:   69.47%
2026-01-02 01:42:18,096 - INFO - ============================================================
