2025-12-30 01:06:32,184 - INFO - ============================================================
2025-12-30 01:06:32,184 - INFO - POINTER V45 - Training Started
2025-12-30 01:06:32,185 - INFO - ============================================================
2025-12-30 01:06:32,185 - INFO - Model config: {'d_model': 128, 'dim_feedforward': 256, 'dropout': 0.15, 'nhead': 2, 'num_layers': 8}
2025-12-30 01:06:32,185 - INFO - Training config: {'batch_size': 128, 'grad_clip': 0.8, 'label_smoothing': 0.03, 'learning_rate': 0.0007, 'min_epochs': 8, 'min_lr': 1e-06, 'num_epochs': 50, 'patience': 5, 'use_amp': True, 'warmup_epochs': 5, 'weight_decay': 0.015}
2025-12-30 01:06:32,185 - INFO - ============================================================
2025-12-30 01:06:32,185 - INFO - Training for 50 epochs
2025-12-30 01:06:32,186 - INFO - Model parameters: 3,143,520
2025-12-30 01:08:24,555 - INFO - Epoch 1/50 | LR: 1.40e-04 | Train: 3.4360 | Val: 3.1839 | Acc@1: 50.70%
2025-12-30 01:08:24,649 - INFO -   ✓ New best (Acc@1: 50.70%)
2025-12-30 01:10:16,358 - INFO - Epoch 2/50 | LR: 2.80e-04 | Train: 3.1027 | Val: 3.0969 | Acc@1: 53.01%
2025-12-30 01:10:16,459 - INFO -   ✓ New best (Acc@1: 53.01%)
2025-12-30 01:12:08,490 - INFO - Epoch 3/50 | LR: 4.20e-04 | Train: 2.9772 | Val: 3.0079 | Acc@1: 53.09%
2025-12-30 01:12:08,590 - INFO -   ✓ New best (Acc@1: 53.09%)
2025-12-30 01:14:02,913 - INFO - Epoch 4/50 | LR: 5.60e-04 | Train: 2.8410 | Val: 2.9248 | Acc@1: 53.97%
2025-12-30 01:14:03,016 - INFO -   ✓ New best (Acc@1: 53.97%)
2025-12-30 01:15:57,296 - INFO - Epoch 5/50 | LR: 7.00e-04 | Train: 2.7409 | Val: 2.8929 | Acc@1: 54.21%
2025-12-30 01:15:57,399 - INFO -   ✓ New best (Acc@1: 54.21%)
2025-12-30 01:17:58,517 - INFO - Epoch 6/50 | LR: 7.00e-04 | Train: 2.6409 | Val: 2.8719 | Acc@1: 54.72%
2025-12-30 01:17:58,619 - INFO -   ✓ New best (Acc@1: 54.72%)
2025-12-30 01:19:53,434 - INFO - Epoch 7/50 | LR: 6.99e-04 | Train: 2.5656 | Val: 2.8580 | Acc@1: 54.79%
2025-12-30 01:19:53,549 - INFO -   ✓ New best (Acc@1: 54.79%)
2025-12-30 01:21:49,514 - INFO - Epoch 8/50 | LR: 6.97e-04 | Train: 2.5039 | Val: 2.8747 | Acc@1: 54.44%
2025-12-30 01:23:36,023 - INFO - Epoch 9/50 | LR: 6.92e-04 | Train: 2.4490 | Val: 2.8676 | Acc@1: 54.88%
2025-12-30 01:24:59,404 - INFO - Epoch 10/50 | LR: 6.86e-04 | Train: 2.4135 | Val: 2.9096 | Acc@1: 54.38%
2025-12-30 01:26:20,421 - INFO - Epoch 11/50 | LR: 6.79e-04 | Train: 2.3799 | Val: 2.9232 | Acc@1: 54.62%
2025-12-30 01:27:35,691 - INFO - Epoch 12/50 | LR: 6.70e-04 | Train: 2.3415 | Val: 2.9489 | Acc@1: 54.31%
2025-12-30 01:27:35,691 - INFO - Early stopping at epoch 12
2025-12-30 01:27:35,812 - INFO - Loaded checkpoint from epoch 7
2025-12-30 01:27:41,625 - INFO - ============================================================
2025-12-30 01:27:41,626 - INFO - FINAL VALIDATION RESULTS
2025-12-30 01:27:41,626 - INFO -   Acc@1:  54.79%
2025-12-30 01:27:41,626 - INFO -   Acc@5:  79.97%
2025-12-30 01:27:41,626 - INFO -   Acc@10: 83.95%
2025-12-30 01:27:41,626 - INFO -   MRR:    65.81%
2025-12-30 01:27:41,626 - INFO -   NDCG:   70.10%
2025-12-30 01:27:41,626 - INFO - ============================================================
2025-12-30 01:27:41,626 - INFO - FINAL TEST RESULTS
2025-12-30 01:27:41,626 - INFO -   Acc@1:  55.19%
2025-12-30 01:27:41,626 - INFO -   Acc@5:  80.94%
2025-12-30 01:27:41,626 - INFO -   Acc@10: 84.83%
2025-12-30 01:27:41,626 - INFO -   MRR:    66.60%
2025-12-30 01:27:41,626 - INFO -   NDCG:   70.94%
2025-12-30 01:27:41,626 - INFO - ============================================================
