2025-12-29 08:49:25,026 - INFO - ============================================================
2025-12-29 08:49:25,026 - INFO - POINTER V45 - Training Started
2025-12-29 08:49:25,026 - INFO - ============================================================
2025-12-29 08:49:25,026 - INFO - Model config: {'d_model': 72, 'dim_feedforward': 144, 'dropout': 0.15, 'nhead': 4, 'num_layers': 2}
2025-12-29 08:49:25,026 - INFO - Training config: {'batch_size': 128, 'grad_clip': 0.8, 'label_smoothing': 0.03, 'learning_rate': 0.00065, 'min_epochs': 8, 'min_lr': 1e-06, 'num_epochs': 50, 'patience': 5, 'use_amp': True, 'warmup_epochs': 5, 'weight_decay': 0.015}
2025-12-29 08:49:25,026 - INFO - ============================================================
2025-12-29 08:49:25,026 - INFO - Training for 50 epochs
2025-12-29 08:49:25,027 - INFO - Model parameters: 289,407
2025-12-29 08:49:28,935 - INFO - Epoch 1/50 | LR: 1.30e-04 | Train: 4.0952 | Val: 3.0336 | Acc@1: 38.85%
2025-12-29 08:49:28,959 - INFO -   ✓ New best (Acc@1: 38.85%)
2025-12-29 08:49:32,035 - INFO - Epoch 2/50 | LR: 2.60e-04 | Train: 3.7657 | Val: 2.9636 | Acc@1: 43.66%
2025-12-29 08:49:32,060 - INFO -   ✓ New best (Acc@1: 43.66%)
2025-12-29 08:49:34,870 - INFO - Epoch 3/50 | LR: 3.90e-04 | Train: 3.5353 | Val: 2.9095 | Acc@1: 44.75%
2025-12-29 08:49:34,893 - INFO -   ✓ New best (Acc@1: 44.75%)
2025-12-29 08:49:37,752 - INFO - Epoch 4/50 | LR: 5.20e-04 | Train: 3.3550 | Val: 2.8928 | Acc@1: 46.08%
2025-12-29 08:49:37,775 - INFO -   ✓ New best (Acc@1: 46.08%)
2025-12-29 08:49:40,824 - INFO - Epoch 5/50 | LR: 6.50e-04 | Train: 3.1818 | Val: 2.9041 | Acc@1: 46.31%
2025-12-29 08:49:43,808 - INFO - Epoch 6/50 | LR: 6.50e-04 | Train: 2.9746 | Val: 2.8989 | Acc@1: 46.50%
2025-12-29 08:49:46,770 - INFO - Epoch 7/50 | LR: 6.49e-04 | Train: 2.7845 | Val: 2.9080 | Acc@1: 47.32%
2025-12-29 08:49:50,045 - INFO - Epoch 8/50 | LR: 6.47e-04 | Train: 2.6006 | Val: 2.9179 | Acc@1: 47.55%
2025-12-29 08:49:53,107 - INFO - Epoch 9/50 | LR: 6.43e-04 | Train: 2.4375 | Val: 3.0039 | Acc@1: 46.27%
2025-12-29 08:49:53,107 - INFO - Early stopping at epoch 9
2025-12-29 08:49:53,200 - INFO - Loaded checkpoint from epoch 4
2025-12-29 08:49:54,495 - INFO - ============================================================
2025-12-29 08:49:54,495 - INFO - FINAL VALIDATION RESULTS
2025-12-29 08:49:54,495 - INFO -   Acc@1:  46.08%
2025-12-29 08:49:54,496 - INFO -   Acc@5:  78.79%
2025-12-29 08:49:54,496 - INFO -   Acc@10: 83.15%
2025-12-29 08:49:54,496 - INFO -   MRR:    60.34%
2025-12-29 08:49:54,496 - INFO -   NDCG:   65.75%
2025-12-29 08:49:54,496 - INFO - ============================================================
2025-12-29 08:49:54,496 - INFO - FINAL TEST RESULTS
2025-12-29 08:49:54,496 - INFO -   Acc@1:  49.11%
2025-12-29 08:49:54,496 - INFO -   Acc@5:  82.38%
2025-12-29 08:49:54,496 - INFO -   Acc@10: 85.40%
2025-12-29 08:49:54,496 - INFO -   MRR:    63.91%
2025-12-29 08:49:54,496 - INFO -   NDCG:   69.10%
2025-12-29 08:49:54,496 - INFO - ============================================================
