2025-12-28 18:40:09,355 - INFO - ============================================================
2025-12-28 18:40:09,356 - INFO - POINTER V45 - Training Started
2025-12-28 18:40:09,356 - INFO - ============================================================
2025-12-28 18:40:09,356 - INFO - Model config: {'d_model': 64, 'dim_feedforward': 128, 'dropout': 0.15, 'nhead': 4, 'num_layers': 2}
2025-12-28 18:40:09,356 - INFO - Training config: {'batch_size': 128, 'grad_clip': 0.8, 'label_smoothing': 0.03, 'learning_rate': 0.00065, 'min_epochs': 8, 'min_lr': 1e-06, 'num_epochs': 2, 'patience': 5, 'use_amp': True, 'warmup_epochs': 5, 'weight_decay': 0.015}
2025-12-28 18:40:09,356 - INFO - ============================================================
2025-12-28 18:40:09,356 - INFO - Training for 2 epochs
2025-12-28 18:40:09,356 - INFO - Model parameters: 251,476
2025-12-28 18:40:12,615 - INFO - Epoch 1/2 | LR: 1.30e-04 | Train: 4.2286 | Val: 3.2382 | Acc@1: 38.60%
2025-12-28 18:40:12,637 - INFO -   ✓ New best (Acc@1: 38.60%)
2025-12-28 18:40:15,082 - INFO - Epoch 2/2 | LR: 2.60e-04 | Train: 3.8793 | Val: 3.1206 | Acc@1: 43.67%
2025-12-28 18:40:15,103 - INFO -   ✓ New best (Acc@1: 43.67%)
2025-12-28 18:40:15,172 - INFO - Loaded checkpoint from epoch 2
2025-12-28 18:40:16,217 - INFO - ============================================================
2025-12-28 18:40:16,217 - INFO - FINAL VALIDATION RESULTS
2025-12-28 18:40:16,217 - INFO -   Acc@1:  43.67%
2025-12-28 18:40:16,217 - INFO -   Acc@5:  77.47%
2025-12-28 18:40:16,217 - INFO -   Acc@10: 80.86%
2025-12-28 18:40:16,217 - INFO -   MRR:    58.21%
2025-12-28 18:40:16,217 - INFO -   NDCG:   63.70%
2025-12-28 18:40:16,217 - INFO - ============================================================
2025-12-28 18:40:16,218 - INFO - FINAL TEST RESULTS
2025-12-28 18:40:16,218 - INFO -   Acc@1:  47.29%
2025-12-28 18:40:16,218 - INFO -   Acc@5:  80.78%
2025-12-28 18:40:16,218 - INFO -   Acc@10: 83.64%
2025-12-28 18:40:16,218 - INFO -   MRR:    62.31%
2025-12-28 18:40:16,218 - INFO -   NDCG:   67.58%
2025-12-28 18:40:16,218 - INFO - ============================================================
