2025-12-29 06:26:57,225 - INFO - ============================================================
2025-12-29 06:26:57,225 - INFO - ABLATION STUDY: full_model
2025-12-29 06:26:57,225 - INFO - ============================================================
2025-12-29 06:26:57,225 - INFO - Ablation: Full Pointer V45 Model
2025-12-29 06:26:57,226 - INFO - Model parameters: 251,476
2025-12-29 06:26:57,226 - INFO - ============================================================
2025-12-29 06:26:57,226 - INFO - Training for 50 epochs
2025-12-29 06:26:59,948 - INFO - Epoch 1/50 | LR: 1.30e-04 | Train: 4.2286 | Val: 3.2382 | Acc@1: 38.60%
2025-12-29 06:26:59,970 - INFO -   ✓ New best (Acc@1: 38.60%)
2025-12-29 06:27:02,165 - INFO - Epoch 2/50 | LR: 2.60e-04 | Train: 3.8793 | Val: 3.1206 | Acc@1: 43.67%
2025-12-29 06:27:02,189 - INFO -   ✓ New best (Acc@1: 43.67%)
2025-12-29 06:27:04,307 - INFO - Epoch 3/50 | LR: 3.90e-04 | Train: 3.6695 | Val: 3.0564 | Acc@1: 45.14%
2025-12-29 06:27:04,327 - INFO -   ✓ New best (Acc@1: 45.14%)
2025-12-29 06:27:06,460 - INFO - Epoch 4/50 | LR: 5.20e-04 | Train: 3.4716 | Val: 2.9964 | Acc@1: 47.30%
2025-12-29 06:27:06,481 - INFO -   ✓ New best (Acc@1: 47.30%)
2025-12-29 06:27:08,599 - INFO - Epoch 5/50 | LR: 6.50e-04 | Train: 3.2797 | Val: 2.9892 | Acc@1: 48.11%
2025-12-29 06:27:08,620 - INFO -   ✓ New best (Acc@1: 48.11%)
2025-12-29 06:27:10,745 - INFO - Epoch 6/50 | LR: 6.50e-04 | Train: 3.1053 | Val: 2.9693 | Acc@1: 46.58%
2025-12-29 06:27:10,765 - INFO -   ✓ New best (Acc@1: 46.58%)
2025-12-29 06:27:12,877 - INFO - Epoch 7/50 | LR: 6.49e-04 | Train: 2.9152 | Val: 2.9726 | Acc@1: 47.75%
2025-12-29 06:27:15,010 - INFO - Epoch 8/50 | LR: 6.47e-04 | Train: 2.7443 | Val: 2.9674 | Acc@1: 48.71%
2025-12-29 06:27:15,033 - INFO -   ✓ New best (Acc@1: 48.71%)
2025-12-29 06:27:17,186 - INFO - Epoch 9/50 | LR: 6.43e-04 | Train: 2.5860 | Val: 2.9849 | Acc@1: 48.98%
2025-12-29 06:27:19,290 - INFO - Epoch 10/50 | LR: 6.37e-04 | Train: 2.4399 | Val: 3.0344 | Acc@1: 47.69%
2025-12-29 06:27:21,522 - INFO - Epoch 11/50 | LR: 6.30e-04 | Train: 2.3024 | Val: 3.1184 | Acc@1: 47.75%
2025-12-29 06:27:23,628 - INFO - Epoch 12/50 | LR: 6.22e-04 | Train: 2.1929 | Val: 3.1081 | Acc@1: 47.33%
2025-12-29 06:27:25,738 - INFO - Epoch 13/50 | LR: 6.12e-04 | Train: 2.0804 | Val: 3.1455 | Acc@1: 48.38%
2025-12-29 06:27:25,738 - INFO - Early stopping at epoch 13
2025-12-29 06:27:26,589 - INFO - ============================================================
2025-12-29 06:27:26,589 - INFO - FINAL TEST RESULTS
2025-12-29 06:27:26,590 - INFO -   Acc@1:  54.00%
2025-12-29 06:27:26,590 - INFO -   Acc@5:  81.10%
2025-12-29 06:27:26,590 - INFO -   Acc@10: 84.38%
2025-12-29 06:27:26,590 - INFO -   MRR:    65.84%
2025-12-29 06:27:26,590 - INFO -   NDCG:   70.24%
2025-12-29 06:27:26,590 - INFO -   F1:     49.81%
2025-12-29 06:27:26,590 - INFO - ============================================================
