2025-12-30 06:44:26,274 - INFO - ============================================================
2025-12-30 06:44:26,274 - INFO - POINTER V45 - Training Started
2025-12-30 06:44:26,274 - INFO - ============================================================
2025-12-30 06:44:26,274 - INFO - Model config: {'d_model': 128, 'dim_feedforward': 256, 'dropout': 0.15, 'nhead': 2, 'num_layers': 8}
2025-12-30 06:44:26,274 - INFO - Training config: {'batch_size': 128, 'grad_clip': 0.8, 'label_smoothing': 0.03, 'learning_rate': 0.0007, 'min_epochs': 8, 'min_lr': 1e-06, 'num_epochs': 50, 'patience': 5, 'use_amp': True, 'warmup_epochs': 5, 'weight_decay': 0.015}
2025-12-30 06:44:26,275 - INFO - ============================================================
2025-12-30 06:44:26,275 - INFO - Training for 50 epochs
2025-12-30 06:44:26,275 - INFO - Model parameters: 2,818,847
2025-12-30 06:46:48,682 - INFO - Epoch 1/50 | LR: 1.40e-04 | Train: 3.2215 | Val: 2.9505 | Acc@1: 50.49%
2025-12-30 06:46:48,773 - INFO -   ✓ New best (Acc@1: 50.49%)
2025-12-30 06:49:14,687 - INFO - Epoch 2/50 | LR: 2.80e-04 | Train: 2.8583 | Val: 2.9283 | Acc@1: 51.57%
2025-12-30 06:49:14,781 - INFO -   ✓ New best (Acc@1: 51.57%)
2025-12-30 06:51:40,168 - INFO - Epoch 3/50 | LR: 4.20e-04 | Train: 2.7634 | Val: 2.8484 | Acc@1: 52.63%
2025-12-30 06:51:40,260 - INFO -   ✓ New best (Acc@1: 52.63%)
2025-12-30 06:54:03,977 - INFO - Epoch 4/50 | LR: 5.60e-04 | Train: 2.6898 | Val: 2.8284 | Acc@1: 53.77%
2025-12-30 06:54:04,079 - INFO -   ✓ New best (Acc@1: 53.77%)
2025-12-30 06:56:28,381 - INFO - Epoch 5/50 | LR: 7.00e-04 | Train: 2.6182 | Val: 2.7953 | Acc@1: 54.06%
2025-12-30 06:56:28,474 - INFO -   ✓ New best (Acc@1: 54.06%)
2025-12-30 06:58:50,787 - INFO - Epoch 6/50 | LR: 7.00e-04 | Train: 2.5317 | Val: 2.7558 | Acc@1: 54.50%
2025-12-30 06:58:50,886 - INFO -   ✓ New best (Acc@1: 54.50%)
2025-12-30 07:01:14,055 - INFO - Epoch 7/50 | LR: 6.99e-04 | Train: 2.4537 | Val: 2.7565 | Acc@1: 54.01%
2025-12-30 07:03:37,136 - INFO - Epoch 8/50 | LR: 6.97e-04 | Train: 2.3878 | Val: 2.7885 | Acc@1: 53.89%
2025-12-30 07:06:01,039 - INFO - Epoch 9/50 | LR: 6.92e-04 | Train: 2.3249 | Val: 2.8154 | Acc@1: 53.50%
2025-12-30 07:08:04,679 - INFO - Epoch 10/50 | LR: 6.86e-04 | Train: 2.2688 | Val: 2.8157 | Acc@1: 53.00%
2025-12-30 07:09:29,439 - INFO - Epoch 11/50 | LR: 6.79e-04 | Train: 2.2108 | Val: 2.8386 | Acc@1: 53.01%
2025-12-30 07:09:29,439 - INFO - Early stopping at epoch 11
2025-12-30 07:09:29,642 - INFO - Loaded checkpoint from epoch 6
2025-12-30 07:09:33,459 - INFO - ============================================================
2025-12-30 07:09:33,459 - INFO - FINAL VALIDATION RESULTS
2025-12-30 07:09:33,459 - INFO -   Acc@1:  54.50%
2025-12-30 07:09:33,459 - INFO -   Acc@5:  80.80%
2025-12-30 07:09:33,459 - INFO -   Acc@10: 85.01%
2025-12-30 07:09:33,459 - INFO -   MRR:    66.00%
2025-12-30 07:09:33,459 - INFO -   NDCG:   70.49%
2025-12-30 07:09:33,459 - INFO - ============================================================
2025-12-30 07:09:33,459 - INFO - FINAL TEST RESULTS
2025-12-30 07:09:33,459 - INFO -   Acc@1:  55.97%
2025-12-30 07:09:33,459 - INFO -   Acc@5:  82.28%
2025-12-30 07:09:33,459 - INFO -   Acc@10: 86.17%
2025-12-30 07:09:33,459 - INFO -   MRR:    67.37%
2025-12-30 07:09:33,459 - INFO -   NDCG:   71.85%
2025-12-30 07:09:33,460 - INFO - ============================================================
