2025-12-26 13:34:17,001 - INFO - ============================================================
2025-12-26 13:34:17,001 - INFO - POINTER V45 - Training Started
2025-12-26 13:34:17,001 - INFO - ============================================================
2025-12-26 13:34:17,001 - INFO - Model config: {'d_model': 72, 'nhead': 4, 'num_layers': 2, 'dim_feedforward': 144, 'dropout': 0.15}
2025-12-26 13:34:17,001 - INFO - Training config: {'batch_size': 128, 'num_epochs': 50, 'learning_rate': 0.00065, 'weight_decay': 0.015, 'label_smoothing': 0.03, 'grad_clip': 0.8, 'patience': 5, 'min_epochs': 8, 'warmup_epochs': 5, 'use_amp': True, 'min_lr': 1e-06}
2025-12-26 13:34:17,001 - INFO - ============================================================
2025-12-26 13:34:17,002 - INFO - Training for 50 epochs
2025-12-26 13:34:17,002 - INFO - Model parameters: 295,282
2025-12-26 13:34:22,436 - INFO - Epoch 1/50 | LR: 1.30e-04 | Train: 4.1980 | Val: 3.2096 | Acc@1: 39.68%
2025-12-26 13:34:22,459 - INFO -   ✓ New best (Acc@1: 39.68%)
2025-12-26 13:34:26,840 - INFO - Epoch 2/50 | LR: 2.60e-04 | Train: 3.8415 | Val: 3.0915 | Acc@1: 43.55%
2025-12-26 13:34:26,865 - INFO -   ✓ New best (Acc@1: 43.55%)
2025-12-26 13:34:31,428 - INFO - Epoch 3/50 | LR: 3.90e-04 | Train: 3.6097 | Val: 3.0534 | Acc@1: 45.02%
2025-12-26 13:34:31,456 - INFO -   ✓ New best (Acc@1: 45.02%)
2025-12-26 13:34:36,020 - INFO - Epoch 4/50 | LR: 5.20e-04 | Train: 3.4232 | Val: 3.0528 | Acc@1: 45.20%
2025-12-26 13:34:36,045 - INFO -   ✓ New best (Acc@1: 45.20%)
2025-12-26 13:34:40,476 - INFO - Epoch 5/50 | LR: 6.50e-04 | Train: 3.2370 | Val: 3.0833 | Acc@1: 46.67%
2025-12-26 13:34:44,713 - INFO - Epoch 6/50 | LR: 6.50e-04 | Train: 3.0321 | Val: 3.0859 | Acc@1: 46.82%
2025-12-26 13:34:49,067 - INFO - Epoch 7/50 | LR: 6.49e-04 | Train: 2.8370 | Val: 3.0921 | Acc@1: 47.42%
2025-12-26 13:34:53,193 - INFO - Epoch 8/50 | LR: 6.47e-04 | Train: 2.6556 | Val: 3.1206 | Acc@1: 47.57%
2025-12-26 13:34:57,459 - INFO - Epoch 9/50 | LR: 6.43e-04 | Train: 2.4911 | Val: 3.1938 | Acc@1: 47.33%
2025-12-26 13:34:57,459 - INFO - Early stopping at epoch 9
2025-12-26 13:34:57,592 - INFO - Loaded checkpoint from epoch 4
2025-12-26 13:34:59,765 - INFO - ============================================================
2025-12-26 13:34:59,765 - INFO - FINAL VALIDATION RESULTS
2025-12-26 13:34:59,765 - INFO -   Acc@1:  45.20%
2025-12-26 13:34:59,765 - INFO -   Acc@5:  77.50%
2025-12-26 13:34:59,765 - INFO -   Acc@10: 81.70%
2025-12-26 13:34:59,765 - INFO -   MRR:    59.39%
2025-12-26 13:34:59,765 - INFO -   NDCG:   64.66%
2025-12-26 13:34:59,765 - INFO - ============================================================
2025-12-26 13:34:59,765 - INFO - FINAL TEST RESULTS
2025-12-26 13:34:59,765 - INFO -   Acc@1:  49.09%
2025-12-26 13:34:59,765 - INFO -   Acc@5:  80.61%
2025-12-26 13:34:59,765 - INFO -   Acc@10: 84.67%
2025-12-26 13:34:59,765 - INFO -   MRR:    63.34%
2025-12-26 13:34:59,765 - INFO -   NDCG:   68.50%
2025-12-26 13:34:59,765 - INFO - ============================================================
