2026-01-07 06:00:14,505 - INFO - ============================================================
2026-01-07 06:00:14,505 - INFO - ABLATION STUDY - NO_TEMPORAL
2026-01-07 06:00:14,505 - INFO - ============================================================
2026-01-07 06:00:14,505 - INFO - Training for 50 epochs, patience=5
2026-01-07 06:00:14,505 - INFO - Model parameters: 207,511
2026-01-07 06:00:17,408 - INFO - Epoch 1/50 | LR: 2.00e-04 | Train: 4.3783 | Val: 3.7178 | Acc@1: 31.49%
2026-01-07 06:00:17,421 - INFO -   ✓ New best (Acc@1: 31.49%)
2026-01-07 06:00:19,374 - INFO - Epoch 2/50 | LR: 4.00e-04 | Train: 3.9623 | Val: 3.5485 | Acc@1: 34.57%
2026-01-07 06:00:19,388 - INFO -   ✓ New best (Acc@1: 34.57%)
2026-01-07 06:00:21,261 - INFO - Epoch 3/50 | LR: 6.00e-04 | Train: 3.6863 | Val: 3.4602 | Acc@1: 35.24%
2026-01-07 06:00:21,274 - INFO -   ✓ New best (Acc@1: 35.24%)
2026-01-07 06:00:23,173 - INFO - Epoch 4/50 | LR: 8.00e-04 | Train: 3.4991 | Val: 3.3890 | Acc@1: 36.21%
2026-01-07 06:00:23,187 - INFO -   ✓ New best (Acc@1: 36.21%)
2026-01-07 06:00:25,047 - INFO - Epoch 5/50 | LR: 1.00e-03 | Train: 3.3080 | Val: 3.3486 | Acc@1: 37.35%
2026-01-07 06:00:25,060 - INFO -   ✓ New best (Acc@1: 37.35%)
2026-01-07 06:00:27,002 - INFO - Epoch 6/50 | LR: 1.00e-03 | Train: 3.1232 | Val: 3.3326 | Acc@1: 37.49%
2026-01-07 06:00:27,015 - INFO -   ✓ New best (Acc@1: 37.49%)
2026-01-07 06:00:28,847 - INFO - Epoch 7/50 | LR: 9.99e-04 | Train: 2.9578 | Val: 3.3253 | Acc@1: 37.82%
2026-01-07 06:00:28,860 - INFO -   ✓ New best (Acc@1: 37.82%)
2026-01-07 06:00:30,827 - INFO - Epoch 8/50 | LR: 9.95e-04 | Train: 2.8243 | Val: 3.3283 | Acc@1: 38.25%
2026-01-07 06:00:32,855 - INFO - Epoch 9/50 | LR: 9.89e-04 | Train: 2.6950 | Val: 3.3597 | Acc@1: 36.87%
2026-01-07 06:00:34,802 - INFO - Epoch 10/50 | LR: 9.81e-04 | Train: 2.5693 | Val: 3.4075 | Acc@1: 37.42%
2026-01-07 06:00:36,686 - INFO - Epoch 11/50 | LR: 9.70e-04 | Train: 2.4760 | Val: 3.4188 | Acc@1: 37.35%
