2025-12-29 22:52:23,327 - INFO - ============================================================
2025-12-29 22:52:23,327 - INFO - POINTER V45 - Training Started
2025-12-29 22:52:23,327 - INFO - ============================================================
2025-12-29 22:52:23,327 - INFO - Model config: {'d_model': 128, 'dim_feedforward': 512, 'dropout': 0.15, 'nhead': 4, 'num_layers': 8}
2025-12-29 22:52:23,328 - INFO - Training config: {'batch_size': 128, 'grad_clip': 0.8, 'label_smoothing': 0.03, 'learning_rate': 0.0007, 'min_epochs': 8, 'min_lr': 1e-06, 'num_epochs': 50, 'patience': 5, 'use_amp': True, 'warmup_epochs': 5, 'weight_decay': 0.015}
2025-12-29 22:52:23,328 - INFO - ============================================================
2025-12-29 22:52:23,328 - INFO - Training for 50 epochs
2025-12-29 22:52:23,328 - INFO - Model parameters: 2,981,246
2025-12-29 22:55:07,419 - INFO - Epoch 1/50 | LR: 1.40e-04 | Train: 3.1124 | Val: 2.7956 | Acc@1: 50.91%
2025-12-29 22:55:07,511 - INFO -   ✓ New best (Acc@1: 50.91%)
2025-12-29 22:57:54,644 - INFO - Epoch 2/50 | LR: 2.80e-04 | Train: 2.7973 | Val: 2.7410 | Acc@1: 53.14%
2025-12-29 22:57:54,743 - INFO -   ✓ New best (Acc@1: 53.14%)
2025-12-29 23:00:42,090 - INFO - Epoch 3/50 | LR: 4.20e-04 | Train: 2.6972 | Val: 2.7531 | Acc@1: 53.97%
2025-12-29 23:03:29,521 - INFO - Epoch 4/50 | LR: 5.60e-04 | Train: 2.6258 | Val: 2.7028 | Acc@1: 53.01%
2025-12-29 23:03:29,621 - INFO -   ✓ New best (Acc@1: 53.01%)
2025-12-29 23:06:17,161 - INFO - Epoch 5/50 | LR: 7.00e-04 | Train: 2.5644 | Val: 2.6755 | Acc@1: 53.20%
2025-12-29 23:06:17,261 - INFO -   ✓ New best (Acc@1: 53.20%)
2025-12-29 23:09:04,633 - INFO - Epoch 6/50 | LR: 7.00e-04 | Train: 2.4809 | Val: 2.6641 | Acc@1: 54.89%
2025-12-29 23:09:04,734 - INFO -   ✓ New best (Acc@1: 54.89%)
2025-12-29 23:11:52,770 - INFO - Epoch 7/50 | LR: 6.99e-04 | Train: 2.3974 | Val: 2.6413 | Acc@1: 54.25%
2025-12-29 23:11:52,874 - INFO -   ✓ New best (Acc@1: 54.25%)
2025-12-29 23:14:40,042 - INFO - Epoch 8/50 | LR: 6.97e-04 | Train: 2.3243 | Val: 2.6336 | Acc@1: 54.16%
2025-12-29 23:14:40,146 - INFO -   ✓ New best (Acc@1: 54.16%)
2025-12-29 23:17:25,515 - INFO - Epoch 9/50 | LR: 6.92e-04 | Train: 2.2487 | Val: 2.6607 | Acc@1: 55.02%
2025-12-29 23:20:10,816 - INFO - Epoch 10/50 | LR: 6.86e-04 | Train: 2.1762 | Val: 2.6938 | Acc@1: 53.49%
2025-12-29 23:22:58,148 - INFO - Epoch 11/50 | LR: 6.79e-04 | Train: 2.1037 | Val: 2.7780 | Acc@1: 53.36%
2025-12-29 23:25:34,256 - INFO - Epoch 12/50 | LR: 6.70e-04 | Train: 2.0299 | Val: 2.7662 | Acc@1: 53.33%
2025-12-29 23:27:20,626 - INFO - Epoch 13/50 | LR: 6.59e-04 | Train: 1.9562 | Val: 2.8683 | Acc@1: 53.20%
2025-12-29 23:27:20,626 - INFO - Early stopping at epoch 13
2025-12-29 23:27:21,075 - INFO - Loaded checkpoint from epoch 8
2025-12-29 23:27:24,555 - INFO - ============================================================
2025-12-29 23:27:24,555 - INFO - FINAL VALIDATION RESULTS
2025-12-29 23:27:24,556 - INFO -   Acc@1:  54.16%
2025-12-29 23:27:24,556 - INFO -   Acc@5:  81.84%
2025-12-29 23:27:24,556 - INFO -   Acc@10: 86.40%
2025-12-29 23:27:24,556 - INFO -   MRR:    66.11%
2025-12-29 23:27:24,556 - INFO -   NDCG:   70.92%
2025-12-29 23:27:24,556 - INFO - ============================================================
2025-12-29 23:27:24,556 - INFO - FINAL TEST RESULTS
2025-12-29 23:27:24,556 - INFO -   Acc@1:  55.18%
2025-12-29 23:27:24,556 - INFO -   Acc@5:  82.72%
2025-12-29 23:27:24,556 - INFO -   Acc@10: 87.09%
2025-12-29 23:27:24,556 - INFO -   MRR:    67.26%
2025-12-29 23:27:24,556 - INFO -   NDCG:   71.97%
2025-12-29 23:27:24,556 - INFO - ============================================================
