2025-12-30 08:46:44,314 - INFO - ============================================================
2025-12-30 08:46:44,315 - INFO - POINTER V45 - Training Started
2025-12-30 08:46:44,315 - INFO - ============================================================
2025-12-30 08:46:44,315 - INFO - Model config: {'d_model': 64, 'dim_feedforward': 512, 'dropout': 0.15, 'nhead': 8, 'num_layers': 8}
2025-12-30 08:46:44,315 - INFO - Training config: {'batch_size': 128, 'grad_clip': 0.8, 'label_smoothing': 0.03, 'learning_rate': 0.00065, 'min_epochs': 8, 'min_lr': 1e-06, 'num_epochs': 50, 'patience': 5, 'use_amp': True, 'warmup_epochs': 5, 'weight_decay': 0.015}
2025-12-30 08:46:44,315 - INFO - ============================================================
2025-12-30 08:46:44,315 - INFO - Training for 50 epochs
2025-12-30 08:46:44,315 - INFO - Model parameters: 1,340,574
2025-12-30 08:49:16,913 - INFO - Epoch 1/50 | LR: 1.30e-04 | Train: 3.0123 | Val: 2.8166 | Acc@1: 50.49%
2025-12-30 08:49:16,978 - INFO -   ✓ New best (Acc@1: 50.49%)
2025-12-30 08:51:52,570 - INFO - Epoch 2/50 | LR: 2.60e-04 | Train: 2.7884 | Val: 2.7518 | Acc@1: 53.33%
2025-12-30 08:51:52,639 - INFO -   ✓ New best (Acc@1: 53.33%)
2025-12-30 08:54:27,991 - INFO - Epoch 3/50 | LR: 3.90e-04 | Train: 2.7007 | Val: 2.7468 | Acc@1: 52.88%
2025-12-30 08:54:28,060 - INFO -   ✓ New best (Acc@1: 52.88%)
2025-12-30 08:57:03,216 - INFO - Epoch 4/50 | LR: 5.20e-04 | Train: 2.6501 | Val: 2.7267 | Acc@1: 52.98%
2025-12-30 08:57:03,284 - INFO -   ✓ New best (Acc@1: 52.98%)
2025-12-30 08:59:39,229 - INFO - Epoch 5/50 | LR: 6.50e-04 | Train: 2.6117 | Val: 2.7153 | Acc@1: 53.87%
2025-12-30 08:59:39,304 - INFO -   ✓ New best (Acc@1: 53.87%)
2025-12-30 09:02:36,428 - INFO - Epoch 6/50 | LR: 6.50e-04 | Train: 2.5539 | Val: 2.6916 | Acc@1: 53.30%
2025-12-30 09:02:36,498 - INFO -   ✓ New best (Acc@1: 53.30%)
2025-12-30 09:05:23,466 - INFO - Epoch 7/50 | LR: 6.49e-04 | Train: 2.4976 | Val: 2.6753 | Acc@1: 53.62%
2025-12-30 09:05:23,538 - INFO -   ✓ New best (Acc@1: 53.62%)
2025-12-30 09:07:03,506 - INFO - Epoch 8/50 | LR: 6.47e-04 | Train: 2.4446 | Val: 2.6734 | Acc@1: 53.46%
2025-12-30 09:07:03,578 - INFO -   ✓ New best (Acc@1: 53.46%)
2025-12-30 09:08:35,570 - INFO - Epoch 9/50 | LR: 6.43e-04 | Train: 2.3963 | Val: 2.6491 | Acc@1: 53.78%
2025-12-30 09:08:35,639 - INFO -   ✓ New best (Acc@1: 53.78%)
2025-12-30 09:10:13,622 - INFO - Epoch 10/50 | LR: 6.37e-04 | Train: 2.3527 | Val: 2.6730 | Acc@1: 53.90%
2025-12-30 09:11:37,911 - INFO - Epoch 11/50 | LR: 6.30e-04 | Train: 2.3138 | Val: 2.6869 | Acc@1: 54.60%
2025-12-30 09:12:57,426 - INFO - Epoch 12/50 | LR: 6.22e-04 | Train: 2.2711 | Val: 2.7076 | Acc@1: 53.23%
2025-12-30 09:14:16,892 - INFO - Epoch 13/50 | LR: 6.12e-04 | Train: 2.2330 | Val: 2.7347 | Acc@1: 53.30%
2025-12-30 09:15:36,876 - INFO - Epoch 14/50 | LR: 6.01e-04 | Train: 2.1908 | Val: 2.7659 | Acc@1: 53.78%
2025-12-30 09:15:36,876 - INFO - Early stopping at epoch 14
2025-12-30 09:15:37,121 - INFO - Loaded checkpoint from epoch 9
2025-12-30 09:15:39,562 - INFO - ============================================================
2025-12-30 09:15:39,562 - INFO - FINAL VALIDATION RESULTS
2025-12-30 09:15:39,562 - INFO -   Acc@1:  53.78%
2025-12-30 09:15:39,562 - INFO -   Acc@5:  81.87%
2025-12-30 09:15:39,562 - INFO -   Acc@10: 86.49%
2025-12-30 09:15:39,562 - INFO -   MRR:    65.87%
2025-12-30 09:15:39,562 - INFO -   NDCG:   70.78%
2025-12-30 09:15:39,562 - INFO - ============================================================
2025-12-30 09:15:39,563 - INFO - FINAL TEST RESULTS
2025-12-30 09:15:39,563 - INFO -   Acc@1:  55.23%
2025-12-30 09:15:39,563 - INFO -   Acc@5:  82.75%
2025-12-30 09:15:39,563 - INFO -   Acc@10: 87.35%
2025-12-30 09:15:39,563 - INFO -   MRR:    67.25%
2025-12-30 09:15:39,563 - INFO -   NDCG:   72.03%
2025-12-30 09:15:39,563 - INFO - ============================================================
