2025-12-28 20:58:48,382 - INFO - ============================================================
2025-12-28 20:58:48,383 - INFO - POINTER V45 - Training Started
2025-12-28 20:58:48,383 - INFO - ============================================================
2025-12-28 20:58:48,383 - INFO - Model config: {'d_model': 64, 'dim_feedforward': 192, 'dropout': 0.15, 'nhead': 4, 'num_layers': 2}
2025-12-28 20:58:48,383 - INFO - Training config: {'batch_size': 128, 'grad_clip': 0.8, 'label_smoothing': 0.03, 'learning_rate': 0.0008, 'min_epochs': 8, 'min_lr': 1e-06, 'num_epochs': 50, 'patience': 5, 'use_amp': True, 'warmup_epochs': 5, 'weight_decay': 0.015}
2025-12-28 20:58:48,383 - INFO - ============================================================
2025-12-28 20:58:48,383 - INFO - Training for 50 epochs
2025-12-28 20:58:48,383 - INFO - Model parameters: 259,002
2025-12-28 20:58:55,764 - INFO - Epoch 1/50 | LR: 1.60e-04 | Train: 3.9747 | Val: 2.8909 | Acc@1: 40.38%
2025-12-28 20:58:55,788 - INFO -   ✓ New best (Acc@1: 40.38%)
2025-12-28 20:59:00,840 - INFO - Epoch 2/50 | LR: 3.20e-04 | Train: 3.6667 | Val: 2.8076 | Acc@1: 45.02%
2025-12-28 20:59:00,863 - INFO -   ✓ New best (Acc@1: 45.02%)
2025-12-28 20:59:06,371 - INFO - Epoch 3/50 | LR: 4.80e-04 | Train: 3.4730 | Val: 2.7740 | Acc@1: 46.62%
2025-12-28 20:59:06,394 - INFO -   ✓ New best (Acc@1: 46.62%)
2025-12-28 20:59:11,885 - INFO - Epoch 4/50 | LR: 6.40e-04 | Train: 3.3000 | Val: 2.7463 | Acc@1: 46.62%
2025-12-28 20:59:11,908 - INFO -   ✓ New best (Acc@1: 46.62%)
2025-12-28 20:59:17,049 - INFO - Epoch 5/50 | LR: 8.00e-04 | Train: 3.1389 | Val: 2.8450 | Acc@1: 46.51%
2025-12-28 20:59:22,383 - INFO - Epoch 6/50 | LR: 8.00e-04 | Train: 2.9534 | Val: 2.8550 | Acc@1: 45.73%
2025-12-28 20:59:28,027 - INFO - Epoch 7/50 | LR: 7.99e-04 | Train: 2.7599 | Val: 2.8376 | Acc@1: 46.66%
2025-12-28 20:59:33,833 - INFO - Epoch 8/50 | LR: 7.96e-04 | Train: 2.5607 | Val: 2.8953 | Acc@1: 46.58%
2025-12-28 20:59:39,107 - INFO - Epoch 9/50 | LR: 7.91e-04 | Train: 2.4162 | Val: 2.9300 | Acc@1: 47.18%
2025-12-28 20:59:39,107 - INFO - Early stopping at epoch 9
2025-12-28 20:59:39,395 - INFO - Loaded checkpoint from epoch 4
2025-12-28 20:59:41,801 - INFO - ============================================================
2025-12-28 20:59:41,801 - INFO - FINAL VALIDATION RESULTS
2025-12-28 20:59:41,801 - INFO -   Acc@1:  46.62%
2025-12-28 20:59:41,801 - INFO -   Acc@5:  81.95%
2025-12-28 20:59:41,801 - INFO -   Acc@10: 85.40%
2025-12-28 20:59:41,802 - INFO -   MRR:    61.85%
2025-12-28 20:59:41,802 - INFO -   NDCG:   67.48%
2025-12-28 20:59:41,802 - INFO - ============================================================
2025-12-28 20:59:41,802 - INFO - FINAL TEST RESULTS
2025-12-28 20:59:41,802 - INFO -   Acc@1:  48.58%
2025-12-28 20:59:41,802 - INFO -   Acc@5:  85.23%
2025-12-28 20:59:41,802 - INFO -   Acc@10: 87.86%
2025-12-28 20:59:41,802 - INFO -   MRR:    64.86%
2025-12-28 20:59:41,802 - INFO -   NDCG:   70.52%
2025-12-28 20:59:41,802 - INFO - ============================================================
