2025-12-29 09:24:34,880 - INFO - ============================================================
2025-12-29 09:24:34,880 - INFO - POINTER V45 - Training Started
2025-12-29 09:24:34,880 - INFO - ============================================================
2025-12-29 09:24:34,880 - INFO - Model config: {'d_model': 80, 'dim_feedforward': 160, 'dropout': 0.15, 'nhead': 4, 'num_layers': 3}
2025-12-29 09:24:34,880 - INFO - Training config: {'batch_size': 128, 'grad_clip': 0.8, 'label_smoothing': 0.03, 'learning_rate': 0.0006, 'min_epochs': 8, 'min_lr': 1e-06, 'num_epochs': 50, 'patience': 5, 'use_amp': True, 'warmup_epochs': 5, 'weight_decay': 0.015}
2025-12-29 09:24:34,880 - INFO - ============================================================
2025-12-29 09:24:34,880 - INFO - Training for 50 epochs
2025-12-29 09:24:34,881 - INFO - Model parameters: 382,726
2025-12-29 09:24:39,983 - INFO - Epoch 1/50 | LR: 1.20e-04 | Train: 4.0863 | Val: 2.9829 | Acc@1: 41.08%
2025-12-29 09:24:40,011 - INFO -   ✓ New best (Acc@1: 41.08%)
2025-12-29 09:24:44,191 - INFO - Epoch 2/50 | LR: 2.40e-04 | Train: 3.7666 | Val: 2.8654 | Acc@1: 45.54%
2025-12-29 09:24:44,219 - INFO -   ✓ New best (Acc@1: 45.54%)
2025-12-29 09:24:48,269 - INFO - Epoch 3/50 | LR: 3.60e-04 | Train: 3.5337 | Val: 2.8478 | Acc@1: 47.47%
2025-12-29 09:24:48,296 - INFO -   ✓ New best (Acc@1: 47.47%)
2025-12-29 09:24:52,371 - INFO - Epoch 4/50 | LR: 4.80e-04 | Train: 3.3624 | Val: 2.8224 | Acc@1: 46.95%
2025-12-29 09:24:52,399 - INFO -   ✓ New best (Acc@1: 46.95%)
2025-12-29 09:24:56,421 - INFO - Epoch 5/50 | LR: 6.00e-04 | Train: 3.1906 | Val: 2.8431 | Acc@1: 46.29%
2025-12-29 09:25:00,495 - INFO - Epoch 6/50 | LR: 6.00e-04 | Train: 3.0128 | Val: 2.8603 | Acc@1: 46.84%
2025-12-29 09:25:04,574 - INFO - Epoch 7/50 | LR: 5.99e-04 | Train: 2.8176 | Val: 2.9285 | Acc@1: 46.99%
2025-12-29 09:25:08,410 - INFO - Epoch 8/50 | LR: 5.97e-04 | Train: 2.6464 | Val: 2.9117 | Acc@1: 47.36%
2025-12-29 09:25:12,451 - INFO - Epoch 9/50 | LR: 5.93e-04 | Train: 2.4739 | Val: 2.9511 | Acc@1: 45.80%
2025-12-29 09:25:12,451 - INFO - Early stopping at epoch 9
2025-12-29 09:25:12,618 - INFO - Loaded checkpoint from epoch 4
2025-12-29 09:25:14,201 - INFO - ============================================================
2025-12-29 09:25:14,201 - INFO - FINAL VALIDATION RESULTS
2025-12-29 09:25:14,201 - INFO -   Acc@1:  46.95%
2025-12-29 09:25:14,201 - INFO -   Acc@5:  81.02%
2025-12-29 09:25:14,201 - INFO -   Acc@10: 85.51%
2025-12-29 09:25:14,201 - INFO -   MRR:    61.75%
2025-12-29 09:25:14,201 - INFO -   NDCG:   67.43%
2025-12-29 09:25:14,201 - INFO - ============================================================
2025-12-29 09:25:14,201 - INFO - FINAL TEST RESULTS
2025-12-29 09:25:14,201 - INFO -   Acc@1:  50.76%
2025-12-29 09:25:14,201 - INFO -   Acc@5:  84.15%
2025-12-29 09:25:14,201 - INFO -   Acc@10: 87.38%
2025-12-29 09:25:14,201 - INFO -   MRR:    65.46%
2025-12-29 09:25:14,202 - INFO -   NDCG:   70.79%
2025-12-29 09:25:14,202 - INFO - ============================================================
