2025-12-28 20:00:34,399 - INFO - ============================================================
2025-12-28 20:00:34,399 - INFO - POINTER V45 - Training Started
2025-12-28 20:00:34,399 - INFO - ============================================================
2025-12-28 20:00:34,399 - INFO - Model config: {'d_model': 128, 'dim_feedforward': 256, 'dropout': 0.15, 'nhead': 4, 'num_layers': 4}
2025-12-28 20:00:34,400 - INFO - Training config: {'batch_size': 128, 'grad_clip': 0.8, 'label_smoothing': 0.03, 'learning_rate': 0.0006, 'min_epochs': 8, 'min_lr': 1e-06, 'num_epochs': 50, 'patience': 5, 'use_amp': True, 'warmup_epochs': 5, 'weight_decay': 0.015}
2025-12-28 20:00:34,400 - INFO - ============================================================
2025-12-28 20:00:34,400 - INFO - Training for 50 epochs
2025-12-28 20:00:34,400 - INFO - Model parameters: 2,288,927
2025-12-28 20:02:26,718 - INFO - Epoch 1/50 | LR: 1.20e-04 | Train: 3.0872 | Val: 2.9343 | Acc@1: 51.14%
2025-12-28 20:02:26,792 - INFO -   ✓ New best (Acc@1: 51.14%)
2025-12-28 20:04:16,752 - INFO - Epoch 2/50 | LR: 2.40e-04 | Train: 2.8244 | Val: 2.8921 | Acc@1: 52.70%
2025-12-28 20:04:16,821 - INFO -   ✓ New best (Acc@1: 52.70%)
2025-12-28 20:06:07,545 - INFO - Epoch 3/50 | LR: 3.60e-04 | Train: 2.7246 | Val: 2.8542 | Acc@1: 52.84%
2025-12-28 20:06:07,613 - INFO -   ✓ New best (Acc@1: 52.84%)
2025-12-28 20:07:57,943 - INFO - Epoch 4/50 | LR: 4.80e-04 | Train: 2.6404 | Val: 2.8102 | Acc@1: 53.76%
2025-12-28 20:07:58,013 - INFO -   ✓ New best (Acc@1: 53.76%)
2025-12-28 20:09:47,622 - INFO - Epoch 5/50 | LR: 6.00e-04 | Train: 2.5596 | Val: 2.7846 | Acc@1: 53.93%
2025-12-28 20:09:47,690 - INFO -   ✓ New best (Acc@1: 53.93%)
2025-12-28 20:11:36,901 - INFO - Epoch 6/50 | LR: 6.00e-04 | Train: 2.4657 | Val: 2.7617 | Acc@1: 53.63%
2025-12-28 20:11:36,969 - INFO -   ✓ New best (Acc@1: 53.63%)
2025-12-28 20:13:19,117 - INFO - Epoch 7/50 | LR: 5.99e-04 | Train: 2.3839 | Val: 2.7914 | Acc@1: 53.58%
2025-12-28 20:15:13,067 - INFO - Epoch 8/50 | LR: 5.97e-04 | Train: 2.3137 | Val: 2.8205 | Acc@1: 53.41%
2025-12-28 20:16:58,367 - INFO - Epoch 9/50 | LR: 5.93e-04 | Train: 2.2457 | Val: 2.8467 | Acc@1: 52.98%
2025-12-28 20:18:37,973 - INFO - Epoch 10/50 | LR: 5.88e-04 | Train: 2.1818 | Val: 2.8916 | Acc@1: 52.84%
2025-12-28 20:20:16,985 - INFO - Epoch 11/50 | LR: 5.82e-04 | Train: 2.1211 | Val: 2.9497 | Acc@1: 51.84%
2025-12-28 20:20:16,985 - INFO - Early stopping at epoch 11
2025-12-28 20:20:17,509 - INFO - Loaded checkpoint from epoch 6
2025-12-28 20:20:24,183 - INFO - ============================================================
2025-12-28 20:20:24,184 - INFO - FINAL VALIDATION RESULTS
2025-12-28 20:20:24,184 - INFO -   Acc@1:  53.63%
2025-12-28 20:20:24,184 - INFO -   Acc@5:  80.81%
2025-12-28 20:20:24,184 - INFO -   Acc@10: 85.16%
2025-12-28 20:20:24,184 - INFO -   MRR:    65.41%
2025-12-28 20:20:24,184 - INFO -   NDCG:   70.08%
2025-12-28 20:20:24,184 - INFO - ============================================================
2025-12-28 20:20:24,184 - INFO - FINAL TEST RESULTS
2025-12-28 20:20:24,184 - INFO -   Acc@1:  55.39%
2025-12-28 20:20:24,184 - INFO -   Acc@5:  82.35%
2025-12-28 20:20:24,184 - INFO -   Acc@10: 86.20%
2025-12-28 20:20:24,184 - INFO -   MRR:    67.10%
2025-12-28 20:20:24,184 - INFO -   NDCG:   71.65%
2025-12-28 20:20:24,184 - INFO - ============================================================
