2025-12-28 21:08:48,289 - INFO - ============================================================
2025-12-28 21:08:48,289 - INFO - POINTER V45 - Training Started
2025-12-28 21:08:48,289 - INFO - ============================================================
2025-12-28 21:08:48,289 - INFO - Model config: {'d_model': 128, 'dim_feedforward': 256, 'dropout': 0.15, 'nhead': 4, 'num_layers': 4}
2025-12-28 21:08:48,289 - INFO - Training config: {'batch_size': 128, 'grad_clip': 0.8, 'label_smoothing': 0.03, 'learning_rate': 0.0006, 'min_epochs': 8, 'min_lr': 1e-06, 'num_epochs': 50, 'patience': 5, 'use_amp': True, 'warmup_epochs': 5, 'weight_decay': 0.015}
2025-12-28 21:08:48,289 - INFO - ============================================================
2025-12-28 21:08:48,290 - INFO - Training for 50 epochs
2025-12-28 21:08:48,290 - INFO - Model parameters: 1,705,037
2025-12-28 21:10:20,199 - INFO - Epoch 1/50 | LR: 1.20e-04 | Train: 3.0557 | Val: 2.8059 | Acc@1: 50.00%
2025-12-28 21:10:20,254 - INFO -   ✓ New best (Acc@1: 50.00%)
2025-12-28 21:11:53,097 - INFO - Epoch 2/50 | LR: 2.40e-04 | Train: 2.7440 | Val: 2.7389 | Acc@1: 51.91%
2025-12-28 21:11:53,156 - INFO -   ✓ New best (Acc@1: 51.91%)
2025-12-28 21:13:26,744 - INFO - Epoch 3/50 | LR: 3.60e-04 | Train: 2.6102 | Val: 2.7098 | Acc@1: 52.43%
2025-12-28 21:13:26,803 - INFO -   ✓ New best (Acc@1: 52.43%)
2025-12-28 21:14:59,175 - INFO - Epoch 4/50 | LR: 4.80e-04 | Train: 2.5043 | Val: 2.7004 | Acc@1: 52.11%
2025-12-28 21:14:59,235 - INFO -   ✓ New best (Acc@1: 52.11%)
2025-12-28 21:16:32,701 - INFO - Epoch 5/50 | LR: 6.00e-04 | Train: 2.4062 | Val: 2.6785 | Acc@1: 53.62%
2025-12-28 21:16:32,762 - INFO -   ✓ New best (Acc@1: 53.62%)
2025-12-28 21:17:59,799 - INFO - Epoch 6/50 | LR: 6.00e-04 | Train: 2.2972 | Val: 2.6929 | Acc@1: 50.99%
2025-12-28 21:19:28,362 - INFO - Epoch 7/50 | LR: 5.99e-04 | Train: 2.2033 | Val: 2.6880 | Acc@1: 51.97%
2025-12-28 21:21:01,123 - INFO - Epoch 8/50 | LR: 5.97e-04 | Train: 2.1172 | Val: 2.7488 | Acc@1: 50.66%
2025-12-28 21:22:33,019 - INFO - Epoch 9/50 | LR: 5.93e-04 | Train: 2.0308 | Val: 2.7769 | Acc@1: 52.04%
2025-12-28 21:23:54,408 - INFO - Epoch 10/50 | LR: 5.88e-04 | Train: 1.9537 | Val: 2.8221 | Acc@1: 51.97%
2025-12-28 21:23:54,408 - INFO - Early stopping at epoch 10
2025-12-28 21:23:55,499 - INFO - Loaded checkpoint from epoch 5
2025-12-28 21:23:58,177 - INFO - ============================================================
2025-12-28 21:23:58,178 - INFO - FINAL VALIDATION RESULTS
2025-12-28 21:23:58,178 - INFO -   Acc@1:  53.62%
2025-12-28 21:23:58,178 - INFO -   Acc@5:  80.86%
2025-12-28 21:23:58,178 - INFO -   Acc@10: 85.39%
2025-12-28 21:23:58,178 - INFO -   MRR:    65.38%
2025-12-28 21:23:58,178 - INFO -   NDCG:   70.05%
2025-12-28 21:23:58,178 - INFO - ============================================================
2025-12-28 21:23:58,178 - INFO - FINAL TEST RESULTS
2025-12-28 21:23:58,178 - INFO -   Acc@1:  54.09%
2025-12-28 21:23:58,178 - INFO -   Acc@5:  83.09%
2025-12-28 21:23:58,178 - INFO -   Acc@10: 88.31%
2025-12-28 21:23:58,178 - INFO -   MRR:    66.68%
2025-12-28 21:23:58,178 - INFO -   NDCG:   71.79%
2025-12-28 21:23:58,178 - INFO - ============================================================
