Training MHSA model
Dataset: geolife
Config: /data/next_loc_clean_v2/config/ht_optuna/optuna_MHSA_geolife_prev10_t19_20251231_155852_674bf83e.yaml
Device: cuda
Seed: 42
==================================================
Data loaders: train=227, val=99, test=104
Total trainable parameters: 341948

=== Epoch 1 ===
Epoch 1, 8.8%	 loss: 7.118 acc@1: 0.31 mrr: 0.89, ndcg: 0.69, took: 2.85s
Epoch 1, 17.6%	 loss: 7.102 acc@1: 0.16 mrr: 0.76, ndcg: 0.59, took: 1.31s
Epoch 1, 26.4%	 loss: 7.093 acc@1: 0.00 mrr: 0.53, ndcg: 0.26, took: 1.45s
Epoch 1, 35.2%	 loss: 7.088 acc@1: 0.00 mrr: 0.59, ndcg: 0.30, took: 1.38s
Epoch 1, 44.1%	 loss: 7.075 acc@1: 0.16 mrr: 0.80, ndcg: 0.53, took: 1.22s
Epoch 1, 52.9%	 loss: 7.060 acc@1: 0.16 mrr: 1.09, ndcg: 0.98, took: 1.28s
Epoch 1, 61.7%	 loss: 7.021 acc@1: 0.78 mrr: 1.74, ndcg: 1.46, took: 1.22s
Epoch 1, 70.5%	 loss: 7.031 acc@1: 1.09 mrr: 2.29, ndcg: 2.20, took: 1.18s
Epoch 1, 79.3%	 loss: 6.977 acc@1: 2.03 mrr: 3.42, ndcg: 3.58, took: 1.33s
Epoch 1, 88.1%	 loss: 6.942 acc@1: 2.50 mrr: 4.18, ndcg: 4.28, took: 1.56s
Epoch 1, 96.9%	 loss: 6.924 acc@1: 3.91 mrr: 5.78, ndcg: 6.00, took: 1.56s
Validation - loss: 6.9069, acc@1: 4.81%, f1: 6.19%, mrr: 7.86%, ndcg: 8.55%
Current learning rate: 0.000250

=== Epoch 2 ===
Epoch 2, 8.8%	 loss: 6.860 acc@1: 4.38 mrr: 7.07, ndcg: 7.35, took: 1.26s
Epoch 2, 17.6%	 loss: 6.778 acc@1: 9.06 mrr: 12.46, ndcg: 13.14, took: 1.33s
Epoch 2, 26.4%	 loss: 6.691 acc@1: 12.50 mrr: 16.53, ndcg: 17.80, took: 1.37s
Epoch 2, 35.2%	 loss: 6.566 acc@1: 15.94 mrr: 20.37, ndcg: 21.70, took: 1.37s
Epoch 2, 44.1%	 loss: 6.425 acc@1: 16.25 mrr: 22.16, ndcg: 23.94, took: 1.42s
Epoch 2, 52.9%	 loss: 6.203 acc@1: 20.00 mrr: 27.40, ndcg: 29.97, took: 1.34s
Epoch 2, 61.7%	 loss: 6.068 acc@1: 19.38 mrr: 27.95, ndcg: 31.01, took: 1.09s
Epoch 2, 70.5%	 loss: 5.869 acc@1: 23.28 mrr: 31.66, ndcg: 34.56, took: 1.18s
Epoch 2, 79.3%	 loss: 5.689 acc@1: 20.94 mrr: 30.00, ndcg: 33.51, took: 1.22s
Epoch 2, 88.1%	 loss: 5.616 acc@1: 23.91 mrr: 32.49, ndcg: 36.24, took: 1.41s
Epoch 2, 96.9%	 loss: 5.399 acc@1: 22.66 mrr: 32.70, ndcg: 36.95, took: 1.59s
Validation - loss: 5.2323, acc@1: 22.74%, f1: 14.02%, mrr: 33.81%, ndcg: 38.54%
Current learning rate: 0.000500

=== Epoch 3 ===
Epoch 3, 8.8%	 loss: 5.051 acc@1: 26.56 mrr: 37.14, ndcg: 41.13, took: 1.57s
Epoch 3, 17.6%	 loss: 5.080 acc@1: 24.22 mrr: 36.25, ndcg: 41.42, took: 1.31s
Epoch 3, 26.4%	 loss: 4.937 acc@1: 26.09 mrr: 37.22, ndcg: 42.27, took: 1.26s
Epoch 3, 35.2%	 loss: 4.844 acc@1: 26.88 mrr: 37.76, ndcg: 42.04, took: 1.27s
Epoch 3, 44.1%	 loss: 4.850 acc@1: 25.62 mrr: 37.49, ndcg: 42.82, took: 1.33s
Epoch 3, 52.9%	 loss: 4.733 acc@1: 26.56 mrr: 38.49, ndcg: 43.63, took: 1.27s
Epoch 3, 61.7%	 loss: 4.504 acc@1: 28.75 mrr: 40.12, ndcg: 45.14, took: 1.19s
Epoch 3, 70.5%	 loss: 4.536 acc@1: 26.72 mrr: 38.60, ndcg: 43.85, took: 1.14s
Epoch 3, 79.3%	 loss: 4.497 acc@1: 32.03 mrr: 41.96, ndcg: 46.10, took: 1.08s
Epoch 3, 88.1%	 loss: 4.328 acc@1: 31.88 mrr: 43.04, ndcg: 47.72, took: 1.23s
Epoch 3, 96.9%	 loss: 4.206 acc@1: 28.44 mrr: 41.68, ndcg: 47.22, took: 1.37s
Validation - loss: 4.3451, acc@1: 33.38%, f1: 21.45%, mrr: 43.22%, ndcg: 47.11%
Current learning rate: 0.000490

=== Epoch 4 ===
Epoch 4, 8.8%	 loss: 4.060 acc@1: 34.06 mrr: 44.99, ndcg: 49.49, took: 1.55s
Epoch 4, 17.6%	 loss: 4.050 acc@1: 32.34 mrr: 43.57, ndcg: 47.75, took: 1.53s
Epoch 4, 26.4%	 loss: 3.803 acc@1: 35.47 mrr: 47.86, ndcg: 52.15, took: 1.51s
Epoch 4, 35.2%	 loss: 3.894 acc@1: 32.66 mrr: 45.05, ndcg: 49.98, took: 1.39s
Epoch 4, 44.1%	 loss: 3.788 acc@1: 37.66 mrr: 48.73, ndcg: 52.74, took: 1.43s
Epoch 4, 52.9%	 loss: 3.923 acc@1: 36.41 mrr: 46.72, ndcg: 50.39, took: 1.30s
Epoch 4, 61.7%	 loss: 3.961 acc@1: 33.59 mrr: 44.50, ndcg: 48.01, took: 1.31s
Epoch 4, 70.5%	 loss: 3.727 acc@1: 36.72 mrr: 48.67, ndcg: 52.93, took: 1.20s
Epoch 4, 79.3%	 loss: 3.785 acc@1: 36.72 mrr: 48.16, ndcg: 52.26, took: 1.01s
Epoch 4, 88.1%	 loss: 3.754 acc@1: 37.81 mrr: 48.76, ndcg: 52.51, took: 1.18s
Epoch 4, 96.9%	 loss: 3.697 acc@1: 33.91 mrr: 46.79, ndcg: 51.50, took: 1.16s
Validation - loss: 4.1064, acc@1: 38.31%, f1: 26.80%, mrr: 47.81%, ndcg: 51.10%
Current learning rate: 0.000479

=== Epoch 5 ===
Epoch 5, 8.8%	 loss: 3.723 acc@1: 34.38 mrr: 46.51, ndcg: 50.36, took: 1.53s
Epoch 5, 17.6%	 loss: 3.399 acc@1: 40.31 mrr: 51.96, ndcg: 55.99, took: 1.56s
Epoch 5, 26.4%	 loss: 3.391 acc@1: 42.19 mrr: 52.67, ndcg: 56.64, took: 1.54s
Epoch 5, 35.2%	 loss: 3.477 acc@1: 38.59 mrr: 50.42, ndcg: 54.47, took: 1.57s
Epoch 5, 44.1%	 loss: 3.601 acc@1: 35.31 mrr: 48.44, ndcg: 53.03, took: 1.48s
Epoch 5, 52.9%	 loss: 3.588 acc@1: 37.97 mrr: 48.89, ndcg: 52.94, took: 1.41s
Epoch 5, 61.7%	 loss: 3.199 acc@1: 45.47 mrr: 55.48, ndcg: 59.02, took: 1.24s
Epoch 5, 70.5%	 loss: 3.428 acc@1: 38.28 mrr: 50.13, ndcg: 54.18, took: 1.18s
Epoch 5, 79.3%	 loss: 3.472 acc@1: 37.34 mrr: 50.07, ndcg: 54.63, took: 1.11s
Epoch 5, 88.1%	 loss: 3.561 acc@1: 37.19 mrr: 49.23, ndcg: 53.40, took: 1.12s
Epoch 5, 96.9%	 loss: 3.373 acc@1: 41.88 mrr: 52.53, ndcg: 55.95, took: 1.11s
Validation - loss: 4.0943, acc@1: 39.68%, f1: 28.21%, mrr: 49.08%, ndcg: 52.54%
Current learning rate: 0.000469

=== Epoch 6 ===
Epoch 6, 8.8%	 loss: 3.219 acc@1: 41.88 mrr: 53.35, ndcg: 56.87, took: 1.51s
Epoch 6, 17.6%	 loss: 3.211 acc@1: 40.94 mrr: 53.26, ndcg: 57.25, took: 1.57s
Epoch 6, 26.4%	 loss: 3.295 acc@1: 40.62 mrr: 52.54, ndcg: 56.72, took: 1.54s
Epoch 6, 35.2%	 loss: 3.419 acc@1: 38.44 mrr: 49.95, ndcg: 53.76, took: 1.55s
Epoch 6, 44.1%	 loss: 3.234 acc@1: 40.62 mrr: 52.28, ndcg: 56.69, took: 1.59s
Epoch 6, 52.9%	 loss: 3.275 acc@1: 44.06 mrr: 53.89, ndcg: 57.23, took: 1.51s
Epoch 6, 61.7%	 loss: 3.146 acc@1: 41.41 mrr: 54.31, ndcg: 58.72, took: 1.42s
Epoch 6, 70.5%	 loss: 3.197 acc@1: 42.19 mrr: 54.10, ndcg: 57.88, took: 1.21s
Epoch 6, 79.3%	 loss: 3.450 acc@1: 38.28 mrr: 49.78, ndcg: 53.29, took: 1.31s
Epoch 6, 88.1%	 loss: 3.306 acc@1: 41.41 mrr: 52.32, ndcg: 55.88, took: 1.23s
Epoch 6, 96.9%	 loss: 3.016 acc@1: 42.19 mrr: 55.14, ndcg: 59.74, took: 1.29s
Validation - loss: 4.1017, acc@1: 41.08%, f1: 31.08%, mrr: 49.97%, ndcg: 53.18%
Current learning rate: 0.000458

=== Epoch 7 ===
Epoch 7, 8.8%	 loss: 3.050 acc@1: 42.19 mrr: 54.71, ndcg: 58.70, took: 1.53s
Epoch 7, 17.6%	 loss: 3.020 acc@1: 43.44 mrr: 55.08, ndcg: 59.19, took: 1.54s
Epoch 7, 26.4%	 loss: 3.026 acc@1: 42.34 mrr: 54.59, ndcg: 58.60, took: 1.58s
Epoch 7, 35.2%	 loss: 3.106 acc@1: 40.16 mrr: 53.10, ndcg: 57.32, took: 1.56s
Epoch 7, 44.1%	 loss: 3.083 acc@1: 43.91 mrr: 54.69, ndcg: 57.73, took: 1.45s
Epoch 7, 52.9%	 loss: 3.093 acc@1: 41.25 mrr: 53.77, ndcg: 57.63, took: 1.57s
Epoch 7, 61.7%	 loss: 3.036 acc@1: 41.72 mrr: 54.11, ndcg: 58.59, took: 1.53s
Epoch 7, 70.5%	 loss: 3.294 acc@1: 40.62 mrr: 51.85, ndcg: 55.75, took: 1.41s
Epoch 7, 79.3%	 loss: 3.313 acc@1: 40.78 mrr: 51.52, ndcg: 55.46, took: 1.21s
Epoch 7, 88.1%	 loss: 3.000 acc@1: 45.31 mrr: 56.27, ndcg: 60.29, took: 1.39s
Epoch 7, 96.9%	 loss: 2.901 acc@1: 43.28 mrr: 55.98, ndcg: 60.65, took: 1.20s
Validation - loss: 4.1190, acc@1: 39.24%, f1: 27.80%, mrr: 49.36%, ndcg: 52.95%
Current learning rate: 0.000448

=== Epoch 8 ===
Epoch 8, 8.8%	 loss: 2.813 acc@1: 45.94 mrr: 57.78, ndcg: 61.33, took: 1.40s
Epoch 8, 17.6%	 loss: 2.888 acc@1: 45.31 mrr: 56.70, ndcg: 60.65, took: 1.34s
Epoch 8, 26.4%	 loss: 2.759 acc@1: 47.97 mrr: 58.73, ndcg: 62.51, took: 1.42s
Epoch 8, 35.2%	 loss: 2.933 acc@1: 44.84 mrr: 56.44, ndcg: 59.98, took: 1.53s
Epoch 8, 44.1%	 loss: 3.070 acc@1: 43.91 mrr: 54.68, ndcg: 58.19, took: 1.52s
Epoch 8, 52.9%	 loss: 2.811 acc@1: 46.09 mrr: 57.50, ndcg: 61.64, took: 1.58s
Epoch 8, 61.7%	 loss: 2.946 acc@1: 43.91 mrr: 55.88, ndcg: 60.07, took: 1.50s
Epoch 8, 70.5%	 loss: 2.881 acc@1: 46.09 mrr: 56.93, ndcg: 60.56, took: 1.47s
Epoch 8, 79.3%	 loss: 2.926 acc@1: 42.81 mrr: 55.48, ndcg: 59.88, took: 1.48s
Epoch 8, 88.1%	 loss: 3.089 acc@1: 42.97 mrr: 54.05, ndcg: 57.67, took: 1.25s
Epoch 8, 96.9%	 loss: 2.822 acc@1: 45.16 mrr: 57.33, ndcg: 61.58, took: 1.32s
Validation - loss: 4.0887, acc@1: 41.91%, f1: 31.02%, mrr: 50.89%, ndcg: 54.08%
Current learning rate: 0.000438

=== Epoch 9 ===
Epoch 9, 8.8%	 loss: 2.791 acc@1: 46.72 mrr: 57.53, ndcg: 61.54, took: 1.24s
Epoch 9, 17.6%	 loss: 2.764 acc@1: 45.00 mrr: 56.93, ndcg: 60.93, took: 1.41s
Epoch 9, 26.4%	 loss: 2.780 acc@1: 46.72 mrr: 57.87, ndcg: 61.41, took: 1.44s
Epoch 9, 35.2%	 loss: 2.817 acc@1: 44.22 mrr: 56.66, ndcg: 60.92, took: 1.44s
Epoch 9, 44.1%	 loss: 2.880 acc@1: 44.22 mrr: 56.20, ndcg: 60.22, took: 1.50s
Epoch 9, 52.9%	 loss: 2.766 acc@1: 47.97 mrr: 58.65, ndcg: 62.30, took: 1.41s
Epoch 9, 61.7%	 loss: 2.912 acc@1: 45.00 mrr: 56.39, ndcg: 60.18, took: 1.39s
Epoch 9, 70.5%	 loss: 2.895 acc@1: 45.16 mrr: 56.54, ndcg: 60.45, took: 1.50s
Epoch 9, 79.3%	 loss: 2.428 acc@1: 51.25 mrr: 63.16, ndcg: 67.13, took: 1.39s
Epoch 9, 88.1%	 loss: 2.727 acc@1: 46.56 mrr: 58.58, ndcg: 62.86, took: 1.50s
Epoch 9, 96.9%	 loss: 2.833 acc@1: 43.91 mrr: 56.00, ndcg: 60.07, took: 1.40s
Validation - loss: 4.1385, acc@1: 42.74%, f1: 32.70%, mrr: 51.48%, ndcg: 54.59%
Current learning rate: 0.000427

=== Epoch 10 ===
Epoch 10, 8.8%	 loss: 2.747 acc@1: 46.88 mrr: 58.16, ndcg: 62.32, took: 1.28s
Epoch 10, 17.6%	 loss: 2.759 acc@1: 47.81 mrr: 58.17, ndcg: 62.19, took: 1.23s
Epoch 10, 26.4%	 loss: 2.784 acc@1: 44.53 mrr: 56.75, ndcg: 60.94, took: 1.31s
Epoch 10, 35.2%	 loss: 2.598 acc@1: 47.03 mrr: 59.53, ndcg: 63.76, took: 1.54s
Epoch 10, 44.1%	 loss: 2.663 acc@1: 45.31 mrr: 58.08, ndcg: 62.36, took: 1.48s
Epoch 10, 52.9%	 loss: 2.631 acc@1: 47.03 mrr: 59.04, ndcg: 63.38, took: 1.49s
Epoch 10, 61.7%	 loss: 2.637 acc@1: 49.53 mrr: 60.46, ndcg: 64.38, took: 1.29s
Epoch 10, 70.5%	 loss: 2.557 acc@1: 49.53 mrr: 60.61, ndcg: 64.45, took: 1.29s
Epoch 10, 79.3%	 loss: 2.550 acc@1: 48.91 mrr: 60.19, ndcg: 64.11, took: 1.37s
Epoch 10, 88.1%	 loss: 2.669 acc@1: 48.28 mrr: 59.82, ndcg: 63.76, took: 1.37s
Epoch 10, 96.9%	 loss: 2.767 acc@1: 45.31 mrr: 57.23, ndcg: 61.44, took: 1.50s
Validation - loss: 4.1499, acc@1: 42.26%, f1: 32.30%, mrr: 51.31%, ndcg: 54.47%
Current learning rate: 0.000417

=== Epoch 11 ===
Epoch 11, 8.8%	 loss: 2.453 acc@1: 49.69 mrr: 61.76, ndcg: 65.91, took: 1.36s
Epoch 11, 17.6%	 loss: 2.608 acc@1: 47.97 mrr: 59.74, ndcg: 64.14, took: 1.25s
Epoch 11, 26.4%	 loss: 2.507 acc@1: 48.91 mrr: 60.86, ndcg: 64.98, took: 1.21s
Epoch 11, 35.2%	 loss: 2.560 acc@1: 47.97 mrr: 59.94, ndcg: 64.34, took: 1.27s
Epoch 11, 44.1%	 loss: 2.594 acc@1: 47.19 mrr: 58.96, ndcg: 63.33, took: 1.40s
Epoch 11, 52.9%	 loss: 2.469 acc@1: 50.47 mrr: 61.94, ndcg: 66.29, took: 1.58s
Epoch 11, 61.7%	 loss: 2.498 acc@1: 50.31 mrr: 61.80, ndcg: 65.50, took: 1.50s
Epoch 11, 70.5%	 loss: 2.668 acc@1: 49.22 mrr: 60.03, ndcg: 63.73, took: 1.45s
Epoch 11, 79.3%	 loss: 2.649 acc@1: 44.22 mrr: 56.94, ndcg: 61.61, took: 1.36s
Epoch 11, 88.1%	 loss: 2.671 acc@1: 47.19 mrr: 59.03, ndcg: 63.12, took: 1.44s
Epoch 11, 96.9%	 loss: 2.423 acc@1: 49.69 mrr: 61.93, ndcg: 66.19, took: 1.28s
Validation - loss: 4.1660, acc@1: 42.52%, f1: 32.84%, mrr: 51.52%, ndcg: 54.70%
Current learning rate: 0.000406

=== Epoch 12 ===
Epoch 12, 8.8%	 loss: 2.326 acc@1: 50.31 mrr: 63.09, ndcg: 67.33, took: 1.36s
Epoch 12, 17.6%	 loss: 2.411 acc@1: 49.84 mrr: 61.97, ndcg: 66.28, took: 1.42s
Epoch 12, 26.4%	 loss: 2.406 acc@1: 52.03 mrr: 63.09, ndcg: 67.16, took: 1.22s
Epoch 12, 35.2%	 loss: 2.404 acc@1: 51.72 mrr: 62.69, ndcg: 66.86, took: 1.25s
Epoch 12, 44.1%	 loss: 2.360 acc@1: 49.22 mrr: 61.56, ndcg: 66.27, took: 1.29s
Epoch 12, 52.9%	 loss: 2.605 acc@1: 47.03 mrr: 59.04, ndcg: 63.56, took: 1.23s
Epoch 12, 61.7%	 loss: 2.567 acc@1: 48.12 mrr: 59.85, ndcg: 63.81, took: 1.46s
Epoch 12, 70.5%	 loss: 2.372 acc@1: 52.97 mrr: 63.31, ndcg: 66.98, took: 1.48s
Epoch 12, 79.3%	 loss: 2.505 acc@1: 49.38 mrr: 61.19, ndcg: 65.17, took: 1.44s
Epoch 12, 88.1%	 loss: 2.487 acc@1: 49.53 mrr: 61.70, ndcg: 66.09, took: 1.48s
Epoch 12, 96.9%	 loss: 2.343 acc@1: 51.56 mrr: 63.04, ndcg: 67.22, took: 1.57s
Validation - loss: 4.2462, acc@1: 41.24%, f1: 31.25%, mrr: 50.86%, ndcg: 54.26%
Current learning rate: 0.000396

=== Epoch 13 ===
Epoch 13, 8.8%	 loss: 2.322 acc@1: 51.41 mrr: 62.70, ndcg: 67.01, took: 1.38s
Epoch 13, 17.6%	 loss: 2.193 acc@1: 55.94 mrr: 66.54, ndcg: 70.18, took: 1.27s
Epoch 13, 26.4%	 loss: 2.315 acc@1: 53.75 mrr: 63.73, ndcg: 67.39, took: 1.30s
Epoch 13, 35.2%	 loss: 2.374 acc@1: 51.09 mrr: 62.55, ndcg: 66.96, took: 1.14s
Epoch 13, 44.1%	 loss: 2.352 acc@1: 52.19 mrr: 63.06, ndcg: 67.21, took: 1.24s
Epoch 13, 52.9%	 loss: 2.359 acc@1: 51.72 mrr: 63.08, ndcg: 67.48, took: 1.26s
Epoch 13, 61.7%	 loss: 2.395 acc@1: 49.06 mrr: 61.38, ndcg: 66.01, took: 1.21s
Epoch 13, 70.5%	 loss: 2.356 acc@1: 52.50 mrr: 63.68, ndcg: 67.73, took: 1.30s
Epoch 13, 79.3%	 loss: 2.189 acc@1: 53.59 mrr: 65.50, ndcg: 70.08, took: 1.47s
Epoch 13, 88.1%	 loss: 2.385 acc@1: 49.84 mrr: 62.14, ndcg: 66.59, took: 1.55s
Epoch 13, 96.9%	 loss: 2.292 acc@1: 53.59 mrr: 64.17, ndcg: 67.87, took: 1.55s
Validation - loss: 4.2113, acc@1: 42.42%, f1: 33.28%, mrr: 51.54%, ndcg: 54.69%
Current learning rate: 0.000039

=== Epoch 14 ===
Epoch 14, 8.8%	 loss: 2.638 acc@1: 47.34 mrr: 59.56, ndcg: 63.70, took: 1.35s
Epoch 14, 17.6%	 loss: 2.819 acc@1: 43.12 mrr: 55.76, ndcg: 60.12, took: 1.15s
Epoch 14, 26.4%	 loss: 2.716 acc@1: 47.66 mrr: 59.00, ndcg: 63.00, took: 0.99s
Epoch 14, 35.2%	 loss: 2.706 acc@1: 48.28 mrr: 59.30, ndcg: 63.22, took: 1.01s
Epoch 14, 44.1%	 loss: 2.644 acc@1: 49.53 mrr: 60.38, ndcg: 64.00, took: 1.07s
Epoch 14, 52.9%	 loss: 2.884 acc@1: 44.53 mrr: 56.26, ndcg: 60.06, took: 1.00s
Epoch 14, 61.7%	 loss: 2.748 acc@1: 48.28 mrr: 59.04, ndcg: 62.31, took: 0.96s
Epoch 14, 70.5%	 loss: 2.929 acc@1: 44.53 mrr: 56.25, ndcg: 60.41, took: 0.91s
Epoch 14, 79.3%	 loss: 2.757 acc@1: 45.31 mrr: 57.64, ndcg: 61.95, took: 0.91s
Epoch 14, 88.1%	 loss: 2.833 acc@1: 42.34 mrr: 55.56, ndcg: 60.24, took: 1.02s
Epoch 14, 96.9%	 loss: 2.877 acc@1: 46.56 mrr: 57.25, ndcg: 60.65, took: 1.06s
Validation - loss: 4.0917, acc@1: 42.68%, f1: 32.19%, mrr: 51.43%, ndcg: 54.48%
Current learning rate: 0.000039

=== Epoch 15 ===
Epoch 15, 8.8%	 loss: 2.801 acc@1: 45.94 mrr: 57.36, ndcg: 61.36, took: 1.28s
Epoch 15, 17.6%	 loss: 2.713 acc@1: 48.12 mrr: 59.28, ndcg: 62.99, took: 1.21s
Epoch 15, 26.4%	 loss: 2.690 acc@1: 49.84 mrr: 60.07, ndcg: 63.58, took: 1.23s
Epoch 15, 35.2%	 loss: 2.881 acc@1: 43.91 mrr: 55.82, ndcg: 60.15, took: 1.20s
Epoch 15, 44.1%	 loss: 2.727 acc@1: 48.28 mrr: 58.76, ndcg: 62.64, took: 1.09s
Epoch 15, 52.9%	 loss: 2.719 acc@1: 47.34 mrr: 58.56, ndcg: 62.78, took: 0.99s
Epoch 15, 61.7%	 loss: 2.623 acc@1: 47.34 mrr: 59.57, ndcg: 63.79, took: 0.93s
Epoch 15, 70.5%	 loss: 2.713 acc@1: 47.66 mrr: 58.62, ndcg: 62.29, took: 0.91s
Epoch 15, 79.3%	 loss: 2.801 acc@1: 44.38 mrr: 56.32, ndcg: 60.71, took: 0.88s
Epoch 15, 88.1%	 loss: 2.715 acc@1: 45.62 mrr: 57.70, ndcg: 61.85, took: 0.91s
Epoch 15, 96.9%	 loss: 2.696 acc@1: 47.97 mrr: 59.22, ndcg: 62.86, took: 1.01s
Validation - loss: 4.0918, acc@1: 42.13%, f1: 31.81%, mrr: 51.15%, ndcg: 54.31%
Current learning rate: 0.000039

=== Epoch 16 ===
Epoch 16, 8.8%	 loss: 2.767 acc@1: 46.09 mrr: 57.86, ndcg: 62.23, took: 1.14s
Epoch 16, 17.6%	 loss: 2.668 acc@1: 49.84 mrr: 60.24, ndcg: 63.96, took: 1.13s
Epoch 16, 26.4%	 loss: 2.598 acc@1: 48.44 mrr: 59.90, ndcg: 64.03, took: 1.14s
Epoch 16, 35.2%	 loss: 2.679 acc@1: 46.09 mrr: 57.65, ndcg: 61.60, took: 1.06s
Epoch 16, 44.1%	 loss: 2.623 acc@1: 49.22 mrr: 59.85, ndcg: 63.39, took: 0.87s
Epoch 16, 52.9%	 loss: 2.708 acc@1: 45.78 mrr: 57.43, ndcg: 61.25, took: 0.84s
Epoch 16, 61.7%	 loss: 2.751 acc@1: 47.66 mrr: 58.32, ndcg: 62.17, took: 0.84s
Epoch 16, 70.5%	 loss: 2.730 acc@1: 47.50 mrr: 58.56, ndcg: 62.69, took: 0.96s
Epoch 16, 79.3%	 loss: 2.689 acc@1: 47.19 mrr: 58.99, ndcg: 63.20, took: 0.95s
Epoch 16, 88.1%	 loss: 2.802 acc@1: 46.25 mrr: 57.43, ndcg: 61.23, took: 0.97s
Epoch 16, 96.9%	 loss: 2.831 acc@1: 46.25 mrr: 57.22, ndcg: 60.96, took: 0.86s
Validation - loss: 4.0908, acc@1: 42.07%, f1: 31.81%, mrr: 51.09%, ndcg: 54.25%
Current learning rate: 0.000039

=== Epoch 17 ===
Epoch 17, 8.8%	 loss: 2.840 acc@1: 43.28 mrr: 55.60, ndcg: 60.30, took: 0.81s
Epoch 17, 17.6%	 loss: 2.646 acc@1: 50.31 mrr: 60.71, ndcg: 64.35, took: 0.90s
Epoch 17, 26.4%	 loss: 2.609 acc@1: 48.12 mrr: 59.95, ndcg: 63.93, took: 0.72s
Epoch 17, 35.2%	 loss: 2.667 acc@1: 48.91 mrr: 59.95, ndcg: 63.82, took: 0.71s
Epoch 17, 44.1%	 loss: 2.498 acc@1: 49.22 mrr: 61.36, ndcg: 65.68, took: 0.71s
Epoch 17, 52.9%	 loss: 2.656 acc@1: 47.66 mrr: 59.10, ndcg: 62.58, took: 0.69s
Epoch 17, 61.7%	 loss: 2.809 acc@1: 46.72 mrr: 57.68, ndcg: 61.49, took: 0.71s
Epoch 17, 70.5%	 loss: 2.890 acc@1: 45.47 mrr: 56.40, ndcg: 60.08, took: 0.72s
Epoch 17, 79.3%	 loss: 2.790 acc@1: 46.25 mrr: 56.86, ndcg: 60.71, took: 0.78s
Epoch 17, 88.1%	 loss: 2.703 acc@1: 47.34 mrr: 58.82, ndcg: 63.17, took: 0.82s
Epoch 17, 96.9%	 loss: 2.590 acc@1: 49.84 mrr: 61.11, ndcg: 65.42, took: 0.80s
Validation - loss: 4.1202, acc@1: 42.36%, f1: 32.08%, mrr: 51.25%, ndcg: 54.40%
Current learning rate: 0.000039

=== Epoch 18 ===
Epoch 18, 8.8%	 loss: 2.528 acc@1: 49.22 mrr: 61.12, ndcg: 65.27, took: 0.72s
Epoch 18, 17.6%	 loss: 2.827 acc@1: 47.19 mrr: 57.28, ndcg: 60.78, took: 0.73s
Epoch 18, 26.4%	 loss: 2.672 acc@1: 49.53 mrr: 60.21, ndcg: 63.83, took: 0.72s
Epoch 18, 35.2%	 loss: 2.841 acc@1: 44.84 mrr: 56.74, ndcg: 60.85, took: 0.65s
Epoch 18, 44.1%	 loss: 2.681 acc@1: 47.50 mrr: 59.02, ndcg: 62.95, took: 0.69s
Epoch 18, 52.9%	 loss: 2.702 acc@1: 46.41 mrr: 58.64, ndcg: 62.76, took: 0.64s
Epoch 18, 61.7%	 loss: 2.658 acc@1: 48.28 mrr: 59.33, ndcg: 63.28, took: 0.63s
Epoch 18, 70.5%	 loss: 2.660 acc@1: 49.06 mrr: 59.80, ndcg: 63.38, took: 0.68s
Epoch 18, 79.3%	 loss: 2.890 acc@1: 43.75 mrr: 55.19, ndcg: 59.18, took: 0.63s
Epoch 18, 88.1%	 loss: 2.630 acc@1: 47.66 mrr: 59.43, ndcg: 63.85, took: 0.63s
Epoch 18, 96.9%	 loss: 2.511 acc@1: 50.94 mrr: 62.18, ndcg: 66.20, took: 0.68s
Validation - loss: 4.1109, acc@1: 42.26%, f1: 31.98%, mrr: 51.26%, ndcg: 54.43%
Current learning rate: 0.000004

=== Epoch 19 ===
Epoch 19, 8.8%	 loss: 2.739 acc@1: 47.66 mrr: 58.72, ndcg: 62.57, took: 0.69s
Epoch 19, 17.6%	 loss: 2.775 acc@1: 41.72 mrr: 55.63, ndcg: 60.40, took: 0.70s
Epoch 19, 26.4%	 loss: 2.754 acc@1: 47.19 mrr: 58.73, ndcg: 62.63, took: 0.77s
Epoch 19, 35.2%	 loss: 2.918 acc@1: 42.03 mrr: 54.18, ndcg: 58.83, took: 0.70s
Epoch 19, 44.1%	 loss: 2.779 acc@1: 47.50 mrr: 58.26, ndcg: 61.89, took: 0.74s
Epoch 19, 52.9%	 loss: 2.639 acc@1: 48.91 mrr: 60.33, ndcg: 64.45, took: 0.68s
Epoch 19, 61.7%	 loss: 2.825 acc@1: 44.22 mrr: 56.13, ndcg: 60.18, took: 0.61s
Epoch 19, 70.5%	 loss: 2.764 acc@1: 46.25 mrr: 57.43, ndcg: 61.17, took: 0.68s
Epoch 19, 79.3%	 loss: 2.851 acc@1: 44.38 mrr: 56.24, ndcg: 60.43, took: 0.73s
Epoch 19, 88.1%	 loss: 2.646 acc@1: 46.25 mrr: 58.78, ndcg: 62.98, took: 0.73s
Epoch 19, 96.9%	 loss: 2.812 acc@1: 44.69 mrr: 56.30, ndcg: 60.41, took: 0.66s
Validation - loss: 4.1157, acc@1: 42.04%, f1: 30.96%, mrr: 51.06%, ndcg: 54.27%
Current learning rate: 0.000004

=== Epoch 20 ===
Epoch 20, 8.8%	 loss: 2.778 acc@1: 44.06 mrr: 56.59, ndcg: 60.86, took: 0.65s
Epoch 20, 17.6%	 loss: 2.826 acc@1: 46.25 mrr: 57.48, ndcg: 61.41, took: 0.62s
Epoch 20, 26.4%	 loss: 2.632 acc@1: 49.06 mrr: 60.12, ndcg: 63.98, took: 0.64s
Epoch 20, 35.2%	 loss: 2.718 acc@1: 49.38 mrr: 59.40, ndcg: 62.72, took: 0.67s
Epoch 20, 44.1%	 loss: 2.825 acc@1: 45.16 mrr: 56.44, ndcg: 60.61, took: 0.63s
Epoch 20, 52.9%	 loss: 2.994 acc@1: 41.09 mrr: 53.49, ndcg: 57.82, took: 0.62s
Epoch 20, 61.7%	 loss: 2.729 acc@1: 46.56 mrr: 58.25, ndcg: 62.16, took: 0.59s
Epoch 20, 70.5%	 loss: 2.830 acc@1: 45.47 mrr: 56.67, ndcg: 60.31, took: 0.63s
Epoch 20, 79.3%	 loss: 2.544 acc@1: 50.62 mrr: 61.72, ndcg: 65.61, took: 0.59s
Epoch 20, 88.1%	 loss: 2.731 acc@1: 46.56 mrr: 58.36, ndcg: 62.51, took: 0.65s
Epoch 20, 96.9%	 loss: 2.764 acc@1: 45.62 mrr: 57.55, ndcg: 61.79, took: 0.59s
Validation - loss: 4.0902, acc@1: 42.10%, f1: 31.37%, mrr: 51.07%, ndcg: 54.23%
Current learning rate: 0.000004

=== Epoch 21 ===
Epoch 21, 8.8%	 loss: 2.801 acc@1: 46.56 mrr: 57.85, ndcg: 61.90, took: 0.59s
Epoch 21, 17.6%	 loss: 2.728 acc@1: 46.09 mrr: 58.38, ndcg: 62.77, took: 0.60s
Epoch 21, 26.4%	 loss: 2.715 acc@1: 46.09 mrr: 58.71, ndcg: 62.67, took: 0.57s
Epoch 21, 35.2%	 loss: 2.686 acc@1: 48.75 mrr: 59.93, ndcg: 63.65, took: 0.55s
Epoch 21, 44.1%	 loss: 2.836 acc@1: 43.91 mrr: 55.81, ndcg: 60.29, took: 0.54s
Epoch 21, 52.9%	 loss: 2.925 acc@1: 44.38 mrr: 55.80, ndcg: 59.52, took: 0.53s
Epoch 21, 61.7%	 loss: 2.686 acc@1: 48.28 mrr: 59.47, ndcg: 63.23, took: 0.53s
Epoch 21, 70.5%	 loss: 2.894 acc@1: 42.81 mrr: 54.72, ndcg: 59.04, took: 0.58s
Epoch 21, 79.3%	 loss: 2.910 acc@1: 41.88 mrr: 54.68, ndcg: 59.04, took: 0.65s
Epoch 21, 88.1%	 loss: 2.710 acc@1: 46.41 mrr: 58.21, ndcg: 62.33, took: 0.57s
Epoch 21, 96.9%	 loss: 2.751 acc@1: 47.19 mrr: 58.24, ndcg: 61.86, took: 0.55s
Validation - loss: 4.0948, acc@1: 41.97%, f1: 31.17%, mrr: 51.04%, ndcg: 54.26%
Current learning rate: 0.000004

=== Epoch 22 ===
Epoch 22, 8.8%	 loss: 2.785 acc@1: 46.09 mrr: 57.49, ndcg: 61.30, took: 0.47s
Epoch 22, 17.6%	 loss: 2.628 acc@1: 50.16 mrr: 60.54, ndcg: 64.15, took: 0.47s
Epoch 22, 26.4%	 loss: 2.751 acc@1: 45.62 mrr: 57.14, ndcg: 61.41, took: 0.47s
Epoch 22, 35.2%	 loss: 2.762 acc@1: 45.47 mrr: 57.20, ndcg: 61.63, took: 0.47s
Epoch 22, 44.1%	 loss: 2.831 acc@1: 44.69 mrr: 56.76, ndcg: 60.73, took: 0.46s
Epoch 22, 52.9%	 loss: 2.701 acc@1: 46.56 mrr: 58.21, ndcg: 62.02, took: 0.48s
Epoch 22, 61.7%	 loss: 2.763 acc@1: 45.00 mrr: 57.30, ndcg: 61.24, took: 0.45s
Epoch 22, 70.5%	 loss: 2.703 acc@1: 47.50 mrr: 58.78, ndcg: 62.85, took: 0.46s
Epoch 22, 79.3%	 loss: 2.711 acc@1: 47.50 mrr: 59.07, ndcg: 62.98, took: 0.48s
Epoch 22, 88.1%	 loss: 2.920 acc@1: 42.34 mrr: 54.72, ndcg: 59.32, took: 0.45s
Epoch 22, 96.9%	 loss: 2.782 acc@1: 44.84 mrr: 57.05, ndcg: 61.42, took: 0.46s
Validation - loss: 4.0945, acc@1: 42.10%, f1: 31.49%, mrr: 51.08%, ndcg: 54.25%
Current learning rate: 0.000004

=== Epoch 23 ===
Epoch 23, 8.8%	 loss: 2.684 acc@1: 49.53 mrr: 60.26, ndcg: 63.84, took: 0.48s
Epoch 23, 17.6%	 loss: 2.706 acc@1: 45.62 mrr: 58.03, ndcg: 62.39, took: 0.49s
Epoch 23, 26.4%	 loss: 3.016 acc@1: 40.78 mrr: 53.53, ndcg: 57.77, took: 0.47s
Epoch 23, 35.2%	 loss: 2.682 acc@1: 49.53 mrr: 59.83, ndcg: 63.22, took: 0.48s
Epoch 23, 44.1%	 loss: 2.829 acc@1: 44.06 mrr: 56.03, ndcg: 60.07, took: 0.47s
Epoch 23, 52.9%	 loss: 2.620 acc@1: 49.53 mrr: 60.50, ndcg: 64.10, took: 0.50s
Epoch 23, 61.7%	 loss: 2.729 acc@1: 47.66 mrr: 58.57, ndcg: 62.58, took: 0.49s
Epoch 23, 70.5%	 loss: 2.661 acc@1: 47.19 mrr: 58.96, ndcg: 62.91, took: 0.47s
Epoch 23, 79.3%	 loss: 2.840 acc@1: 43.12 mrr: 56.18, ndcg: 60.73, took: 0.47s
Epoch 23, 88.1%	 loss: 2.801 acc@1: 46.09 mrr: 57.14, ndcg: 60.75, took: 0.44s
Epoch 23, 96.9%	 loss: 2.673 acc@1: 47.97 mrr: 59.30, ndcg: 63.33, took: 0.43s
Validation - loss: 4.0923, acc@1: 42.32%, f1: 31.72%, mrr: 51.22%, ndcg: 54.35%
Training finished.	 Time: 377.08s.	 acc@1: 41.91%

=== Test Results ===
Test Results:
  acc@1: 32.79%
  acc@5: 54.24%
  acc@10: 58.04%
  mrr: 42.39%
  ndcg: 45.92%
  f1: 22.04%

=== Training Complete ===
