2025-12-30 21:50:08,581 - INFO - ============================================================
2025-12-30 21:50:08,581 - INFO - POINTER V45 - Training Started
2025-12-30 21:50:08,581 - INFO - ============================================================
2025-12-30 21:50:08,581 - INFO - Model config: {'d_model': 64, 'dim_feedforward': 256, 'dropout': 0.15, 'nhead': 8, 'num_layers': 2}
2025-12-30 21:50:08,581 - INFO - Training config: {'batch_size': 128, 'grad_clip': 0.8, 'label_smoothing': 0.03, 'learning_rate': 0.00065, 'min_epochs': 3, 'min_lr': 1e-06, 'num_epochs': 50, 'patience': 5, 'use_amp': True, 'warmup_epochs': 5, 'weight_decay': 0.015}
2025-12-30 21:50:08,581 - INFO - ============================================================
2025-12-30 21:50:08,581 - INFO - Training for 50 epochs
2025-12-30 21:50:08,581 - INFO - Model parameters: 284,500
2025-12-30 21:50:16,727 - INFO - Epoch 1/50 | LR: 1.30e-04 | Train: 4.0652 | Val: 3.1930 | Acc@1: 40.34%
2025-12-30 21:50:16,751 - INFO -   ✓ New best (Acc@1: 40.34%)
2025-12-30 21:50:23,289 - INFO - Epoch 2/50 | LR: 2.60e-04 | Train: 3.7968 | Val: 3.1081 | Acc@1: 43.52%
2025-12-30 21:50:23,313 - INFO -   ✓ New best (Acc@1: 43.52%)
2025-12-30 21:50:30,095 - INFO - Epoch 3/50 | LR: 3.90e-04 | Train: 3.5927 | Val: 3.0497 | Acc@1: 44.63%
2025-12-30 21:50:30,123 - INFO -   ✓ New best (Acc@1: 44.63%)
2025-12-30 21:50:36,934 - INFO - Epoch 4/50 | LR: 5.20e-04 | Train: 3.4163 | Val: 3.0751 | Acc@1: 45.77%
2025-12-30 21:50:43,426 - INFO - Epoch 5/50 | LR: 6.50e-04 | Train: 3.2540 | Val: 3.0173 | Acc@1: 47.24%
2025-12-30 21:50:43,449 - INFO -   ✓ New best (Acc@1: 47.24%)
2025-12-30 21:50:50,132 - INFO - Epoch 6/50 | LR: 6.50e-04 | Train: 3.0669 | Val: 3.0354 | Acc@1: 46.82%
2025-12-30 21:50:56,530 - INFO - Epoch 7/50 | LR: 6.49e-04 | Train: 2.8774 | Val: 3.1031 | Acc@1: 46.31%
2025-12-30 21:51:02,953 - INFO - Epoch 8/50 | LR: 6.47e-04 | Train: 2.6996 | Val: 3.0687 | Acc@1: 47.00%
2025-12-30 21:51:09,216 - INFO - Epoch 9/50 | LR: 6.43e-04 | Train: 2.5420 | Val: 3.0831 | Acc@1: 46.94%
2025-12-30 21:51:15,325 - INFO - Epoch 10/50 | LR: 6.37e-04 | Train: 2.3852 | Val: 3.1280 | Acc@1: 47.66%
2025-12-30 21:51:15,325 - INFO - Early stopping at epoch 10
2025-12-30 21:51:15,744 - INFO - Loaded checkpoint from epoch 5
2025-12-30 21:51:19,060 - INFO - ============================================================
2025-12-30 21:51:19,060 - INFO - FINAL VALIDATION RESULTS
2025-12-30 21:51:19,060 - INFO -   Acc@1:  47.24%
2025-12-30 21:51:19,060 - INFO -   Acc@5:  77.62%
2025-12-30 21:51:19,060 - INFO -   Acc@10: 82.21%
2025-12-30 21:51:19,061 - INFO -   MRR:    60.59%
2025-12-30 21:51:19,061 - INFO -   NDCG:   65.70%
2025-12-30 21:51:19,061 - INFO - ============================================================
2025-12-30 21:51:19,061 - INFO - FINAL TEST RESULTS
2025-12-30 21:51:19,061 - INFO -   Acc@1:  51.09%
2025-12-30 21:51:19,061 - INFO -   Acc@5:  81.58%
2025-12-30 21:51:19,061 - INFO -   Acc@10: 84.75%
2025-12-30 21:51:19,061 - INFO -   MRR:    64.44%
2025-12-30 21:51:19,061 - INFO -   NDCG:   69.33%
2025-12-30 21:51:19,061 - INFO - ============================================================
