Training LSTM model
Dataset: geolife
Config: /data/next_loc_clean_v2/scripts/sci_hyperparam_tuning/configs/lstm_geolife_trial18.yaml
Device: cuda
Seed: 42
==================================================
Data loaders: train=116, val=53, test=55
Total trainable parameters: 1521187

=== Epoch 1 ===
Epoch 1, 17.2%	 loss: 7.275 acc@1: 1.02 mrr: 2.07, ndcg: 2.00, took: 1.59s
Epoch 1, 34.5%	 loss: 6.076 acc@1: 14.14 mrr: 19.24, ndcg: 20.65, took: 0.96s
Epoch 1, 51.7%	 loss: 4.998 acc@1: 22.58 mrr: 32.20, ndcg: 35.90, took: 0.95s
Epoch 1, 69.0%	 loss: 4.346 acc@1: 24.53 mrr: 37.76, ndcg: 43.03, took: 1.01s
Epoch 1, 86.2%	 loss: 4.039 acc@1: 31.25 mrr: 43.50, ndcg: 48.11, took: 0.87s
Validation - loss: 4.5026, acc@1: 30.47%, f1: 20.45%, mrr: 42.56%, ndcg: 46.50%
Current learning rate: 0.002000

=== Epoch 2 ===
Epoch 2, 17.2%	 loss: 3.632 acc@1: 32.11 mrr: 45.35, ndcg: 50.32, took: 0.92s
Epoch 2, 34.5%	 loss: 3.557 acc@1: 33.91 mrr: 47.09, ndcg: 52.03, took: 1.02s
Epoch 2, 51.7%	 loss: 3.460 acc@1: 33.44 mrr: 47.66, ndcg: 53.01, took: 0.99s
Epoch 2, 69.0%	 loss: 3.595 acc@1: 31.88 mrr: 46.60, ndcg: 52.16, took: 0.98s
Epoch 2, 86.2%	 loss: 3.696 acc@1: 31.80 mrr: 45.91, ndcg: 51.17, took: 1.05s
Validation - loss: 4.4469, acc@1: 33.11%, f1: 21.56%, mrr: 44.48%, ndcg: 48.54%
Current learning rate: 0.001959

=== Epoch 3 ===
Epoch 3, 17.2%	 loss: 3.100 acc@1: 34.38 mrr: 49.21, ndcg: 54.72, took: 0.95s
Epoch 3, 34.5%	 loss: 3.100 acc@1: 36.95 mrr: 50.80, ndcg: 56.00, took: 1.04s
Epoch 3, 51.7%	 loss: 3.265 acc@1: 34.84 mrr: 48.91, ndcg: 53.94, took: 0.91s
Epoch 3, 69.0%	 loss: 3.358 acc@1: 34.22 mrr: 48.18, ndcg: 53.23, took: 1.06s
Epoch 3, 86.2%	 loss: 3.228 acc@1: 32.58 mrr: 48.29, ndcg: 53.78, took: 0.95s
Validation - loss: 4.3425, acc@1: 33.47%, f1: 21.83%, mrr: 44.78%, ndcg: 48.97%
Current learning rate: 0.001918

=== Epoch 4 ===
Epoch 4, 17.2%	 loss: 2.891 acc@1: 34.30 mrr: 50.23, ndcg: 56.38, took: 0.90s
Epoch 4, 34.5%	 loss: 2.879 acc@1: 36.02 mrr: 52.05, ndcg: 57.58, took: 0.90s
Epoch 4, 51.7%	 loss: 3.036 acc@1: 34.06 mrr: 49.96, ndcg: 55.47, took: 1.00s
Epoch 4, 69.0%	 loss: 3.032 acc@1: 34.69 mrr: 50.36, ndcg: 55.74, took: 0.91s
Epoch 4, 86.2%	 loss: 3.019 acc@1: 33.36 mrr: 49.71, ndcg: 55.31, took: 0.85s
Validation - loss: 4.3987, acc@1: 32.36%, f1: 21.89%, mrr: 44.73%, ndcg: 48.66%
Current learning rate: 0.001878

=== Epoch 5 ===
Epoch 5, 17.2%	 loss: 2.660 acc@1: 34.61 mrr: 52.07, ndcg: 58.29, took: 0.88s
Epoch 5, 34.5%	 loss: 2.766 acc@1: 34.45 mrr: 51.27, ndcg: 57.15, took: 0.96s
Epoch 5, 51.7%	 loss: 2.947 acc@1: 33.44 mrr: 49.60, ndcg: 54.97, took: 1.09s
Epoch 5, 69.0%	 loss: 2.853 acc@1: 35.62 mrr: 51.29, ndcg: 56.91, took: 0.88s
Epoch 5, 86.2%	 loss: 2.907 acc@1: 36.95 mrr: 52.25, ndcg: 57.38, took: 0.98s
Validation - loss: 4.3335, acc@1: 32.78%, f1: 21.85%, mrr: 45.12%, ndcg: 49.26%
Current learning rate: 0.001837

=== Epoch 6 ===
Epoch 6, 17.2%	 loss: 2.603 acc@1: 35.23 mrr: 52.47, ndcg: 58.94, took: 0.96s
Epoch 6, 34.5%	 loss: 2.697 acc@1: 35.08 mrr: 51.55, ndcg: 57.75, took: 0.93s
Epoch 6, 51.7%	 loss: 2.584 acc@1: 35.94 mrr: 53.26, ndcg: 59.48, took: 0.91s
Epoch 6, 69.0%	 loss: 2.804 acc@1: 34.14 mrr: 50.88, ndcg: 57.16, took: 0.99s
Epoch 6, 86.2%	 loss: 2.685 acc@1: 37.58 mrr: 53.52, ndcg: 58.87, took: 0.93s
Validation - loss: 4.2687, acc@1: 32.48%, f1: 21.88%, mrr: 45.41%, ndcg: 49.79%
Current learning rate: 0.001796

=== Epoch 7 ===
Epoch 7, 17.2%	 loss: 2.353 acc@1: 38.36 mrr: 56.26, ndcg: 62.87, took: 0.91s
Epoch 7, 34.5%	 loss: 2.547 acc@1: 35.55 mrr: 53.06, ndcg: 59.69, took: 1.02s
Epoch 7, 51.7%	 loss: 2.647 acc@1: 36.02 mrr: 52.64, ndcg: 58.84, took: 0.95s
Epoch 7, 69.0%	 loss: 2.684 acc@1: 34.77 mrr: 52.09, ndcg: 58.25, took: 0.98s
Epoch 7, 86.2%	 loss: 2.645 acc@1: 34.77 mrr: 52.43, ndcg: 58.78, took: 1.02s
Validation - loss: 4.3746, acc@1: 32.96%, f1: 23.29%, mrr: 45.34%, ndcg: 49.51%
Current learning rate: 0.001755

=== Epoch 8 ===
Epoch 8, 17.2%	 loss: 2.342 acc@1: 37.97 mrr: 55.82, ndcg: 62.76, took: 0.91s
Epoch 8, 34.5%	 loss: 2.479 acc@1: 35.62 mrr: 54.03, ndcg: 60.99, took: 0.92s
Epoch 8, 51.7%	 loss: 2.483 acc@1: 36.09 mrr: 53.90, ndcg: 60.72, took: 1.01s
Epoch 8, 69.0%	 loss: 2.512 acc@1: 36.02 mrr: 53.67, ndcg: 60.03, took: 0.92s
Epoch 8, 86.2%	 loss: 2.452 acc@1: 37.50 mrr: 55.03, ndcg: 61.52, took: 0.94s
Validation - loss: 4.2829, acc@1: 32.78%, f1: 22.57%, mrr: 45.72%, ndcg: 49.98%
Current learning rate: 0.001714

=== Epoch 9 ===
Epoch 9, 17.2%	 loss: 2.272 acc@1: 39.84 mrr: 57.22, ndcg: 64.03, took: 0.88s
Epoch 9, 34.5%	 loss: 2.347 acc@1: 36.02 mrr: 55.06, ndcg: 62.24, took: 0.97s
Epoch 9, 51.7%	 loss: 2.453 acc@1: 36.56 mrr: 54.17, ndcg: 61.06, took: 0.96s
Epoch 9, 69.0%	 loss: 2.362 acc@1: 36.72 mrr: 55.45, ndcg: 62.34, took: 0.85s
Epoch 9, 86.2%	 loss: 2.504 acc@1: 37.66 mrr: 54.38, ndcg: 60.91, took: 0.85s
Validation - loss: 4.2906, acc@1: 32.39%, f1: 23.84%, mrr: 45.07%, ndcg: 49.48%
Current learning rate: 0.001673

=== Epoch 10 ===
Epoch 10, 17.2%	 loss: 2.131 acc@1: 40.47 mrr: 58.96, ndcg: 66.21, took: 0.80s
Epoch 10, 34.5%	 loss: 2.228 acc@1: 39.30 mrr: 57.50, ndcg: 64.55, took: 0.88s
Epoch 10, 51.7%	 loss: 2.293 acc@1: 39.38 mrr: 57.17, ndcg: 64.06, took: 0.84s
Epoch 10, 69.0%	 loss: 2.343 acc@1: 38.05 mrr: 56.02, ndcg: 62.90, took: 0.80s
Epoch 10, 86.2%	 loss: 2.451 acc@1: 36.09 mrr: 54.10, ndcg: 60.99, took: 0.83s
Validation - loss: 4.2854, acc@1: 32.81%, f1: 22.88%, mrr: 45.46%, ndcg: 49.79%
Current learning rate: 0.001633

=== Epoch 11 ===
Epoch 11, 17.2%	 loss: 2.035 acc@1: 40.39 mrr: 59.30, ndcg: 67.10, took: 0.81s
Epoch 11, 34.5%	 loss: 2.156 acc@1: 38.44 mrr: 57.63, ndcg: 65.51, took: 0.84s
Epoch 11, 51.7%	 loss: 2.203 acc@1: 37.97 mrr: 56.93, ndcg: 64.71, took: 0.80s
Epoch 11, 69.0%	 loss: 2.255 acc@1: 39.38 mrr: 57.13, ndcg: 64.52, took: 0.88s
Epoch 11, 86.2%	 loss: 2.312 acc@1: 36.64 mrr: 55.42, ndcg: 62.79, took: 0.90s
Validation - loss: 4.4134, acc@1: 31.25%, f1: 21.85%, mrr: 44.19%, ndcg: 48.59%
Current learning rate: 0.000159

=== Epoch 12 ===
Epoch 12, 17.2%	 loss: 2.383 acc@1: 35.47 mrr: 54.45, ndcg: 61.74, took: 0.90s
Epoch 12, 34.5%	 loss: 2.339 acc@1: 38.91 mrr: 56.31, ndcg: 62.85, took: 0.88s
Epoch 12, 51.7%	 loss: 2.293 acc@1: 38.83 mrr: 56.78, ndcg: 63.28, took: 0.88s
Epoch 12, 69.0%	 loss: 2.210 acc@1: 41.56 mrr: 59.25, ndcg: 65.69, took: 0.98s
Epoch 12, 86.2%	 loss: 2.270 acc@1: 40.86 mrr: 57.97, ndcg: 64.33, took: 0.95s
Validation - loss: 4.2025, acc@1: 33.86%, f1: 24.26%, mrr: 46.79%, ndcg: 51.01%
Current learning rate: 0.000159

=== Epoch 13 ===
Epoch 13, 17.2%	 loss: 2.216 acc@1: 38.75 mrr: 57.58, ndcg: 64.65, took: 0.88s
Epoch 13, 34.5%	 loss: 2.156 acc@1: 40.94 mrr: 58.52, ndcg: 65.30, took: 0.84s
Epoch 13, 51.7%	 loss: 2.140 acc@1: 41.25 mrr: 59.47, ndcg: 66.54, took: 0.97s
Epoch 13, 69.0%	 loss: 2.153 acc@1: 40.62 mrr: 58.65, ndcg: 65.53, took: 0.97s
Epoch 13, 86.2%	 loss: 2.202 acc@1: 38.83 mrr: 57.49, ndcg: 64.51, took: 1.01s
Validation - loss: 4.2180, acc@1: 34.46%, f1: 24.16%, mrr: 46.88%, ndcg: 51.05%
Current learning rate: 0.000159

=== Epoch 14 ===
Epoch 14, 17.2%	 loss: 2.135 acc@1: 41.17 mrr: 59.36, ndcg: 66.46, took: 0.92s
Epoch 14, 34.5%	 loss: 2.060 acc@1: 42.19 mrr: 60.67, ndcg: 67.60, took: 0.95s
Epoch 14, 51.7%	 loss: 2.138 acc@1: 43.52 mrr: 60.38, ndcg: 66.86, took: 0.99s
Epoch 14, 69.0%	 loss: 2.016 acc@1: 43.28 mrr: 61.44, ndcg: 68.65, took: 0.99s
Epoch 14, 86.2%	 loss: 2.174 acc@1: 37.58 mrr: 57.25, ndcg: 64.86, took: 0.90s
Validation - loss: 4.2340, acc@1: 34.22%, f1: 24.64%, mrr: 46.80%, ndcg: 51.03%
Current learning rate: 0.000159

=== Epoch 15 ===
Epoch 15, 17.2%	 loss: 2.031 acc@1: 43.91 mrr: 61.49, ndcg: 68.37, took: 0.97s
Epoch 15, 34.5%	 loss: 2.112 acc@1: 40.94 mrr: 59.25, ndcg: 66.56, took: 1.06s
Epoch 15, 51.7%	 loss: 2.059 acc@1: 41.88 mrr: 60.17, ndcg: 67.35, took: 1.09s
Epoch 15, 69.0%	 loss: 2.109 acc@1: 39.14 mrr: 58.62, ndcg: 65.97, took: 0.97s
Epoch 15, 86.2%	 loss: 2.059 acc@1: 42.11 mrr: 60.41, ndcg: 67.43, took: 0.94s
Validation - loss: 4.2523, acc@1: 33.92%, f1: 24.06%, mrr: 46.56%, ndcg: 50.77%
Current learning rate: 0.000159

=== Epoch 16 ===
Epoch 16, 17.2%	 loss: 2.007 acc@1: 44.22 mrr: 61.96, ndcg: 68.96, took: 1.07s
Epoch 16, 34.5%	 loss: 2.029 acc@1: 42.73 mrr: 60.68, ndcg: 67.75, took: 0.94s
Epoch 16, 51.7%	 loss: 2.041 acc@1: 41.72 mrr: 60.66, ndcg: 67.96, took: 0.97s
Epoch 16, 69.0%	 loss: 2.023 acc@1: 41.88 mrr: 60.47, ndcg: 67.71, took: 1.01s
Epoch 16, 86.2%	 loss: 2.076 acc@1: 41.02 mrr: 59.37, ndcg: 66.78, took: 0.94s
Validation - loss: 4.2362, acc@1: 34.01%, f1: 24.47%, mrr: 46.49%, ndcg: 50.72%
Current learning rate: 0.000159

=== Epoch 17 ===
Epoch 17, 17.2%	 loss: 1.922 acc@1: 43.59 mrr: 62.38, ndcg: 69.42, took: 1.02s
Epoch 17, 34.5%	 loss: 1.967 acc@1: 43.52 mrr: 61.97, ndcg: 69.43, took: 0.94s
Epoch 17, 51.7%	 loss: 1.986 acc@1: 42.50 mrr: 60.65, ndcg: 68.17, took: 0.93s
Epoch 17, 69.0%	 loss: 2.051 acc@1: 41.88 mrr: 60.12, ndcg: 67.41, took: 0.92s
Epoch 17, 86.2%	 loss: 2.092 acc@1: 38.20 mrr: 57.90, ndcg: 65.52, took: 0.93s
Validation - loss: 4.2784, acc@1: 33.65%, f1: 24.21%, mrr: 46.27%, ndcg: 50.49%
Current learning rate: 0.000016

=== Epoch 18 ===
Epoch 18, 17.2%	 loss: 2.115 acc@1: 42.19 mrr: 59.79, ndcg: 66.73, took: 1.00s
Epoch 18, 34.5%	 loss: 2.150 acc@1: 40.08 mrr: 58.61, ndcg: 65.75, took: 0.94s
Epoch 18, 51.7%	 loss: 2.138 acc@1: 42.58 mrr: 60.08, ndcg: 66.40, took: 1.00s
Epoch 18, 69.0%	 loss: 2.170 acc@1: 40.00 mrr: 58.24, ndcg: 65.43, took: 1.00s
Epoch 18, 86.2%	 loss: 2.201 acc@1: 39.92 mrr: 58.03, ndcg: 65.06, took: 1.00s
Validation - loss: 4.2025, acc@1: 34.04%, f1: 24.67%, mrr: 46.77%, ndcg: 51.02%
Current learning rate: 0.000016

=== Epoch 19 ===
Epoch 19, 17.2%	 loss: 2.231 acc@1: 37.19 mrr: 56.27, ndcg: 63.40, took: 0.99s
Epoch 19, 34.5%	 loss: 2.186 acc@1: 40.62 mrr: 58.56, ndcg: 65.36, took: 0.91s
Epoch 19, 51.7%	 loss: 2.110 acc@1: 41.33 mrr: 59.48, ndcg: 66.39, took: 0.98s
Epoch 19, 69.0%	 loss: 2.158 acc@1: 41.33 mrr: 59.19, ndcg: 65.95, took: 1.02s
Epoch 19, 86.2%	 loss: 2.110 acc@1: 42.03 mrr: 60.09, ndcg: 66.84, took: 0.94s
Validation - loss: 4.2073, acc@1: 33.86%, f1: 24.26%, mrr: 46.65%, ndcg: 50.93%
Current learning rate: 0.000016

=== Epoch 20 ===
Epoch 20, 17.2%	 loss: 2.076 acc@1: 43.83 mrr: 61.24, ndcg: 67.82, took: 0.94s
Epoch 20, 34.5%	 loss: 2.157 acc@1: 39.53 mrr: 58.23, ndcg: 65.56, took: 1.05s
Epoch 20, 51.7%	 loss: 2.119 acc@1: 41.95 mrr: 59.70, ndcg: 66.27, took: 0.97s
Epoch 20, 69.0%	 loss: 2.179 acc@1: 40.70 mrr: 58.68, ndcg: 65.49, took: 0.89s
Epoch 20, 86.2%	 loss: 2.180 acc@1: 40.78 mrr: 58.74, ndcg: 65.67, took: 1.08s
Validation - loss: 4.2049, acc@1: 34.22%, f1: 24.31%, mrr: 46.83%, ndcg: 50.99%
Current learning rate: 0.000016

=== Epoch 21 ===
Epoch 21, 17.2%	 loss: 2.010 acc@1: 43.83 mrr: 61.70, ndcg: 68.61, took: 0.91s
Epoch 21, 34.5%	 loss: 2.112 acc@1: 42.42 mrr: 60.08, ndcg: 66.86, took: 0.97s
Epoch 21, 51.7%	 loss: 2.147 acc@1: 42.11 mrr: 59.65, ndcg: 66.56, took: 0.97s
Epoch 21, 69.0%	 loss: 2.223 acc@1: 38.91 mrr: 57.15, ndcg: 64.09, took: 1.01s
Epoch 21, 86.2%	 loss: 2.173 acc@1: 41.09 mrr: 59.18, ndcg: 65.93, took: 0.97s
Validation - loss: 4.2159, acc@1: 33.89%, f1: 24.21%, mrr: 46.67%, ndcg: 50.89%
Current learning rate: 0.000016

=== Epoch 22 ===
Epoch 22, 17.2%	 loss: 2.180 acc@1: 39.69 mrr: 58.10, ndcg: 65.13, took: 1.04s
Epoch 22, 34.5%	 loss: 2.133 acc@1: 41.02 mrr: 59.09, ndcg: 66.01, took: 0.99s
Epoch 22, 51.7%	 loss: 2.059 acc@1: 43.67 mrr: 61.24, ndcg: 68.04, took: 1.04s
Epoch 22, 69.0%	 loss: 2.150 acc@1: 42.27 mrr: 59.43, ndcg: 66.09, took: 0.93s
Epoch 22, 86.2%	 loss: 2.108 acc@1: 40.55 mrr: 59.40, ndcg: 66.40, took: 0.86s
Validation - loss: 4.2143, acc@1: 34.01%, f1: 24.32%, mrr: 46.69%, ndcg: 50.88%
Training finished.	 Time: 153.41s.	 acc@1: 33.86%

=== Test Results ===
Test Results:
  acc@1: 28.36%
  acc@5: 56.62%
  acc@10: 59.91%
  mrr: 41.06%
  ndcg: 45.41%
  f1: 19.04%

=== Training Complete ===
