2025-12-28 18:56:06,904 - INFO - ============================================================
2025-12-28 18:56:06,905 - INFO - POINTER V45 - Training Started
2025-12-28 18:56:06,905 - INFO - ============================================================
2025-12-28 18:56:06,905 - INFO - Model config: {'d_model': 128, 'dim_feedforward': 256, 'dropout': 0.15, 'nhead': 4, 'num_layers': 3}
2025-12-28 18:56:06,905 - INFO - Training config: {'batch_size': 128, 'grad_clip': 0.8, 'label_smoothing': 0.03, 'learning_rate': 0.0006, 'min_epochs': 8, 'min_lr': 1e-06, 'num_epochs': 2, 'patience': 5, 'use_amp': True, 'warmup_epochs': 5, 'weight_decay': 0.015}
2025-12-28 18:56:06,905 - INFO - ============================================================
2025-12-28 18:56:06,905 - INFO - Training for 2 epochs
2025-12-28 18:56:06,905 - INFO - Model parameters: 1,572,557
2025-12-28 18:56:47,899 - INFO - Epoch 1/2 | LR: 1.20e-04 | Train: 3.0061 | Val: 2.7981 | Acc@1: 50.39%
2025-12-28 18:56:47,946 - INFO -   ✓ New best (Acc@1: 50.39%)
2025-12-28 18:57:24,937 - INFO - Epoch 2/2 | LR: 2.40e-04 | Train: 2.7226 | Val: 2.7215 | Acc@1: 52.17%
2025-12-28 18:57:24,988 - INFO -   ✓ New best (Acc@1: 52.17%)
2025-12-28 18:57:25,066 - INFO - Loaded checkpoint from epoch 2
2025-12-28 18:57:25,678 - INFO - ============================================================
2025-12-28 18:57:25,678 - INFO - FINAL VALIDATION RESULTS
2025-12-28 18:57:25,678 - INFO -   Acc@1:  52.17%
2025-12-28 18:57:25,678 - INFO -   Acc@5:  81.97%
2025-12-28 18:57:25,678 - INFO -   Acc@10: 85.53%
2025-12-28 18:57:25,678 - INFO -   MRR:    64.93%
2025-12-28 18:57:25,679 - INFO -   NDCG:   69.85%
2025-12-28 18:57:25,679 - INFO - ============================================================
2025-12-28 18:57:25,679 - INFO - FINAL TEST RESULTS
2025-12-28 18:57:25,679 - INFO -   Acc@1:  53.81%
2025-12-28 18:57:25,679 - INFO -   Acc@5:  83.70%
2025-12-28 18:57:25,679 - INFO -   Acc@10: 87.99%
2025-12-28 18:57:25,679 - INFO -   MRR:    66.62%
2025-12-28 18:57:25,679 - INFO -   NDCG:   71.74%
2025-12-28 18:57:25,679 - INFO - ============================================================
