2025-12-30 04:01:45,838 - INFO - ============================================================
2025-12-30 04:01:45,838 - INFO - POINTER V45 - Training Started
2025-12-30 04:01:45,838 - INFO - ============================================================
2025-12-30 04:01:45,838 - INFO - Model config: {'d_model': 128, 'dim_feedforward': 512, 'dropout': 0.15, 'nhead': 4, 'num_layers': 4}
2025-12-30 04:01:45,838 - INFO - Training config: {'batch_size': 128, 'grad_clip': 0.8, 'label_smoothing': 0.03, 'learning_rate': 0.00065, 'min_epochs': 8, 'min_lr': 1e-06, 'num_epochs': 50, 'patience': 5, 'use_amp': True, 'warmup_epochs': 5, 'weight_decay': 0.015}
2025-12-30 04:01:45,838 - INFO - ============================================================
2025-12-30 04:01:45,838 - INFO - Training for 50 epochs
2025-12-30 04:01:45,839 - INFO - Model parameters: 2,796,210
2025-12-30 04:03:49,480 - INFO - Epoch 1/50 | LR: 1.30e-04 | Train: 3.0717 | Val: 3.0406 | Acc@1: 51.51%
2025-12-30 04:03:49,552 - INFO -   ✓ New best (Acc@1: 51.51%)
2025-12-30 04:05:51,648 - INFO - Epoch 2/50 | LR: 2.60e-04 | Train: 2.8602 | Val: 2.9797 | Acc@1: 52.78%
2025-12-30 04:05:51,731 - INFO -   ✓ New best (Acc@1: 52.78%)
2025-12-30 04:07:55,225 - INFO - Epoch 3/50 | LR: 3.90e-04 | Train: 2.7695 | Val: 2.9460 | Acc@1: 53.59%
2025-12-30 04:07:55,306 - INFO -   ✓ New best (Acc@1: 53.59%)
2025-12-30 04:09:58,471 - INFO - Epoch 4/50 | LR: 5.20e-04 | Train: 2.6826 | Val: 2.8880 | Acc@1: 53.51%
2025-12-30 04:09:58,556 - INFO -   ✓ New best (Acc@1: 53.51%)
2025-12-30 04:12:03,943 - INFO - Epoch 5/50 | LR: 6.50e-04 | Train: 2.6031 | Val: 2.8630 | Acc@1: 54.44%
2025-12-30 04:12:04,020 - INFO -   ✓ New best (Acc@1: 54.44%)
2025-12-30 04:14:07,341 - INFO - Epoch 6/50 | LR: 6.50e-04 | Train: 2.5167 | Val: 2.8501 | Acc@1: 54.06%
2025-12-30 04:14:07,421 - INFO -   ✓ New best (Acc@1: 54.06%)
2025-12-30 04:16:12,540 - INFO - Epoch 7/50 | LR: 6.49e-04 | Train: 2.4477 | Val: 2.8573 | Acc@1: 54.14%
2025-12-30 04:18:15,636 - INFO - Epoch 8/50 | LR: 6.47e-04 | Train: 2.3861 | Val: 2.8751 | Acc@1: 53.90%
2025-12-30 04:20:19,167 - INFO - Epoch 9/50 | LR: 6.43e-04 | Train: 2.3285 | Val: 2.9172 | Acc@1: 53.26%
2025-12-30 04:22:25,024 - INFO - Epoch 10/50 | LR: 6.37e-04 | Train: 2.2746 | Val: 2.9343 | Acc@1: 53.19%
2025-12-30 04:24:26,562 - INFO - Epoch 11/50 | LR: 6.30e-04 | Train: 2.2273 | Val: 2.9904 | Acc@1: 53.12%
2025-12-30 04:24:26,562 - INFO - Early stopping at epoch 11
2025-12-30 04:24:27,081 - INFO - Loaded checkpoint from epoch 6
2025-12-30 04:24:36,275 - INFO - ============================================================
2025-12-30 04:24:36,275 - INFO - FINAL VALIDATION RESULTS
2025-12-30 04:24:36,275 - INFO -   Acc@1:  54.06%
2025-12-30 04:24:36,275 - INFO -   Acc@5:  79.76%
2025-12-30 04:24:36,275 - INFO -   Acc@10: 84.03%
2025-12-30 04:24:36,275 - INFO -   MRR:    65.36%
2025-12-30 04:24:36,275 - INFO -   NDCG:   69.78%
2025-12-30 04:24:36,276 - INFO - ============================================================
2025-12-30 04:24:36,276 - INFO - FINAL TEST RESULTS
2025-12-30 04:24:36,276 - INFO -   Acc@1:  56.19%
2025-12-30 04:24:36,276 - INFO -   Acc@5:  82.40%
2025-12-30 04:24:36,276 - INFO -   Acc@10: 86.13%
2025-12-30 04:24:36,276 - INFO -   MRR:    67.64%
2025-12-30 04:24:36,276 - INFO -   NDCG:   72.06%
2025-12-30 04:24:36,276 - INFO - ============================================================
