2025-12-30 03:31:54,873 - INFO - ============================================================
2025-12-30 03:31:54,873 - INFO - POINTER V45 - Training Started
2025-12-30 03:31:54,873 - INFO - ============================================================
2025-12-30 03:31:54,874 - INFO - Model config: {'d_model': 128, 'dim_feedforward': 512, 'dropout': 0.15, 'nhead': 2, 'num_layers': 4}
2025-12-30 03:31:54,874 - INFO - Training config: {'batch_size': 128, 'grad_clip': 0.8, 'label_smoothing': 0.03, 'learning_rate': 0.0007, 'min_epochs': 8, 'min_lr': 1e-06, 'num_epochs': 50, 'patience': 5, 'use_amp': True, 'warmup_epochs': 5, 'weight_decay': 0.015}
2025-12-30 03:31:54,874 - INFO - ============================================================
2025-12-30 03:31:54,874 - INFO - Training for 50 epochs
2025-12-30 03:31:54,874 - INFO - Model parameters: 2,796,210
2025-12-30 03:33:49,472 - INFO - Epoch 1/50 | LR: 1.40e-04 | Train: 3.0660 | Val: 3.0340 | Acc@1: 51.64%
2025-12-30 03:33:49,578 - INFO -   ✓ New best (Acc@1: 51.64%)
2025-12-30 03:35:42,812 - INFO - Epoch 2/50 | LR: 2.80e-04 | Train: 2.8577 | Val: 2.9766 | Acc@1: 53.20%
2025-12-30 03:35:42,896 - INFO -   ✓ New best (Acc@1: 53.20%)
2025-12-30 03:37:38,252 - INFO - Epoch 3/50 | LR: 4.20e-04 | Train: 2.7665 | Val: 2.9403 | Acc@1: 53.98%
2025-12-30 03:37:38,337 - INFO -   ✓ New best (Acc@1: 53.98%)
2025-12-30 03:39:36,015 - INFO - Epoch 4/50 | LR: 5.60e-04 | Train: 2.6786 | Val: 2.8882 | Acc@1: 53.47%
2025-12-30 03:39:36,100 - INFO -   ✓ New best (Acc@1: 53.47%)
2025-12-30 03:41:33,417 - INFO - Epoch 5/50 | LR: 7.00e-04 | Train: 2.6017 | Val: 2.8587 | Acc@1: 54.36%
2025-12-30 03:41:33,499 - INFO -   ✓ New best (Acc@1: 54.36%)
2025-12-30 03:43:27,026 - INFO - Epoch 6/50 | LR: 7.00e-04 | Train: 2.5192 | Val: 2.8499 | Acc@1: 54.25%
2025-12-30 03:43:27,110 - INFO -   ✓ New best (Acc@1: 54.25%)
2025-12-30 03:45:21,149 - INFO - Epoch 7/50 | LR: 6.99e-04 | Train: 2.4490 | Val: 2.8627 | Acc@1: 54.34%
2025-12-30 03:47:16,167 - INFO - Epoch 8/50 | LR: 6.97e-04 | Train: 2.3896 | Val: 2.8773 | Acc@1: 54.11%
2025-12-30 03:49:11,270 - INFO - Epoch 9/50 | LR: 6.92e-04 | Train: 2.3335 | Val: 2.9136 | Acc@1: 53.98%
2025-12-30 03:51:05,616 - INFO - Epoch 10/50 | LR: 6.86e-04 | Train: 2.2874 | Val: 2.9254 | Acc@1: 53.65%
2025-12-30 03:52:58,082 - INFO - Epoch 11/50 | LR: 6.79e-04 | Train: 2.2432 | Val: 2.9817 | Acc@1: 52.71%
2025-12-30 03:52:58,083 - INFO - Early stopping at epoch 11
2025-12-30 03:52:58,581 - INFO - Loaded checkpoint from epoch 6
2025-12-30 03:53:09,006 - INFO - ============================================================
2025-12-30 03:53:09,006 - INFO - FINAL VALIDATION RESULTS
2025-12-30 03:53:09,006 - INFO -   Acc@1:  54.25%
2025-12-30 03:53:09,006 - INFO -   Acc@5:  80.03%
2025-12-30 03:53:09,006 - INFO -   Acc@10: 84.06%
2025-12-30 03:53:09,007 - INFO -   MRR:    65.53%
2025-12-30 03:53:09,007 - INFO -   NDCG:   69.93%
2025-12-30 03:53:09,007 - INFO - ============================================================
2025-12-30 03:53:09,007 - INFO - FINAL TEST RESULTS
2025-12-30 03:53:09,007 - INFO -   Acc@1:  56.36%
2025-12-30 03:53:09,007 - INFO -   Acc@5:  82.45%
2025-12-30 03:53:09,007 - INFO -   Acc@10: 86.16%
2025-12-30 03:53:09,007 - INFO -   MRR:    67.73%
2025-12-30 03:53:09,007 - INFO -   NDCG:   72.13%
2025-12-30 03:53:09,007 - INFO - ============================================================
