2025-12-28 20:40:54,327 - INFO - ============================================================
2025-12-28 20:40:54,327 - INFO - POINTER V45 - Training Started
2025-12-28 20:40:54,327 - INFO - ============================================================
2025-12-28 20:40:54,327 - INFO - Model config: {'d_model': 144, 'dim_feedforward': 288, 'dropout': 0.15, 'nhead': 4, 'num_layers': 3}
2025-12-28 20:40:54,327 - INFO - Training config: {'batch_size': 128, 'grad_clip': 0.8, 'label_smoothing': 0.03, 'learning_rate': 0.0007, 'min_epochs': 8, 'min_lr': 1e-06, 'num_epochs': 50, 'patience': 5, 'use_amp': True, 'warmup_epochs': 5, 'weight_decay': 0.015}
2025-12-28 20:40:54,327 - INFO - ============================================================
2025-12-28 20:40:54,327 - INFO - Training for 50 epochs
2025-12-28 20:40:54,328 - INFO - Model parameters: 2,493,755
2025-12-28 20:43:03,762 - INFO - Epoch 1/50 | LR: 1.40e-04 | Train: 3.0339 | Val: 2.9297 | Acc@1: 51.47%
2025-12-28 20:43:03,825 - INFO -   ✓ New best (Acc@1: 51.47%)
2025-12-28 20:45:04,628 - INFO - Epoch 2/50 | LR: 2.80e-04 | Train: 2.7988 | Val: 2.8896 | Acc@1: 52.41%
2025-12-28 20:45:04,698 - INFO -   ✓ New best (Acc@1: 52.41%)
2025-12-28 20:47:09,543 - INFO - Epoch 3/50 | LR: 4.20e-04 | Train: 2.6950 | Val: 2.8359 | Acc@1: 52.90%
2025-12-28 20:47:09,612 - INFO -   ✓ New best (Acc@1: 52.90%)
2025-12-28 20:49:14,530 - INFO - Epoch 4/50 | LR: 5.60e-04 | Train: 2.6025 | Val: 2.7833 | Acc@1: 53.77%
2025-12-28 20:49:14,601 - INFO -   ✓ New best (Acc@1: 53.77%)
2025-12-28 20:51:19,438 - INFO - Epoch 5/50 | LR: 7.00e-04 | Train: 2.5211 | Val: 2.7904 | Acc@1: 53.50%
2025-12-28 20:53:16,478 - INFO - Epoch 6/50 | LR: 7.00e-04 | Train: 2.4248 | Val: 2.7839 | Acc@1: 53.58%
2025-12-28 20:55:13,505 - INFO - Epoch 7/50 | LR: 6.99e-04 | Train: 2.3398 | Val: 2.8182 | Acc@1: 52.60%
2025-12-28 20:57:03,000 - INFO - Epoch 8/50 | LR: 6.97e-04 | Train: 2.2650 | Val: 2.8294 | Acc@1: 52.71%
2025-12-28 20:58:47,168 - INFO - Epoch 9/50 | LR: 6.92e-04 | Train: 2.1905 | Val: 2.8694 | Acc@1: 52.44%
2025-12-28 20:58:47,169 - INFO - Early stopping at epoch 9
2025-12-28 20:58:47,520 - INFO - Loaded checkpoint from epoch 4
2025-12-28 20:58:55,047 - INFO - ============================================================
2025-12-28 20:58:55,047 - INFO - FINAL VALIDATION RESULTS
2025-12-28 20:58:55,047 - INFO -   Acc@1:  53.77%
2025-12-28 20:58:55,047 - INFO -   Acc@5:  80.48%
2025-12-28 20:58:55,047 - INFO -   Acc@10: 84.79%
2025-12-28 20:58:55,047 - INFO -   MRR:    65.44%
2025-12-28 20:58:55,047 - INFO -   NDCG:   70.02%
2025-12-28 20:58:55,047 - INFO - ============================================================
2025-12-28 20:58:55,047 - INFO - FINAL TEST RESULTS
2025-12-28 20:58:55,047 - INFO -   Acc@1:  55.53%
2025-12-28 20:58:55,047 - INFO -   Acc@5:  81.69%
2025-12-28 20:58:55,047 - INFO -   Acc@10: 86.12%
2025-12-28 20:58:55,048 - INFO -   MRR:    66.94%
2025-12-28 20:58:55,048 - INFO -   NDCG:   71.51%
2025-12-28 20:58:55,048 - INFO - ============================================================
