2025-12-30 07:10:24,770 - INFO - ============================================================
2025-12-30 07:10:24,771 - INFO - POINTER V45 - Training Started
2025-12-30 07:10:24,771 - INFO - ============================================================
2025-12-30 07:10:24,771 - INFO - Model config: {'d_model': 128, 'dim_feedforward': 256, 'dropout': 0.15, 'nhead': 4, 'num_layers': 8}
2025-12-30 07:10:24,771 - INFO - Training config: {'batch_size': 128, 'grad_clip': 0.8, 'label_smoothing': 0.03, 'learning_rate': 0.00065, 'min_epochs': 8, 'min_lr': 1e-06, 'num_epochs': 50, 'patience': 5, 'use_amp': True, 'warmup_epochs': 5, 'weight_decay': 0.015}
2025-12-30 07:10:24,771 - INFO - ============================================================
2025-12-30 07:10:24,771 - INFO - Training for 50 epochs
2025-12-30 07:10:24,772 - INFO - Model parameters: 2,818,847
2025-12-30 07:13:05,284 - INFO - Epoch 1/50 | LR: 1.30e-04 | Train: 3.2295 | Val: 2.9538 | Acc@1: 50.94%
2025-12-30 07:13:05,379 - INFO -   ✓ New best (Acc@1: 50.94%)
2025-12-30 07:15:49,091 - INFO - Epoch 2/50 | LR: 2.60e-04 | Train: 2.8594 | Val: 2.9223 | Acc@1: 51.89%
2025-12-30 07:15:49,196 - INFO -   ✓ New best (Acc@1: 51.89%)
2025-12-30 07:18:29,428 - INFO - Epoch 3/50 | LR: 3.90e-04 | Train: 2.7611 | Val: 2.8488 | Acc@1: 52.66%
2025-12-30 07:18:29,532 - INFO -   ✓ New best (Acc@1: 52.66%)
2025-12-30 07:21:10,585 - INFO - Epoch 4/50 | LR: 5.20e-04 | Train: 2.6889 | Val: 2.8315 | Acc@1: 53.79%
2025-12-30 07:21:10,685 - INFO -   ✓ New best (Acc@1: 53.79%)
2025-12-30 07:23:50,317 - INFO - Epoch 5/50 | LR: 6.50e-04 | Train: 2.6166 | Val: 2.7930 | Acc@1: 54.04%
2025-12-30 07:23:50,423 - INFO -   ✓ New best (Acc@1: 54.04%)
2025-12-30 07:26:33,948 - INFO - Epoch 6/50 | LR: 6.50e-04 | Train: 2.5318 | Val: 2.7550 | Acc@1: 54.54%
2025-12-30 07:26:34,053 - INFO -   ✓ New best (Acc@1: 54.54%)
2025-12-30 07:29:17,030 - INFO - Epoch 7/50 | LR: 6.49e-04 | Train: 2.4562 | Val: 2.7581 | Acc@1: 54.38%
2025-12-30 07:31:59,315 - INFO - Epoch 8/50 | LR: 6.47e-04 | Train: 2.3918 | Val: 2.7848 | Acc@1: 53.87%
2025-12-30 07:34:41,227 - INFO - Epoch 9/50 | LR: 6.43e-04 | Train: 2.3294 | Val: 2.7960 | Acc@1: 54.00%
2025-12-30 07:36:10,967 - INFO - Epoch 10/50 | LR: 6.37e-04 | Train: 2.2687 | Val: 2.8059 | Acc@1: 52.92%
2025-12-30 07:37:39,885 - INFO - Epoch 11/50 | LR: 6.30e-04 | Train: 2.2119 | Val: 2.8482 | Acc@1: 53.30%
2025-12-30 07:37:39,885 - INFO - Early stopping at epoch 11
2025-12-30 07:37:40,115 - INFO - Loaded checkpoint from epoch 6
2025-12-30 07:37:43,615 - INFO - ============================================================
2025-12-30 07:37:43,616 - INFO - FINAL VALIDATION RESULTS
2025-12-30 07:37:43,616 - INFO -   Acc@1:  54.54%
2025-12-30 07:37:43,616 - INFO -   Acc@5:  80.56%
2025-12-30 07:37:43,616 - INFO -   Acc@10: 84.81%
2025-12-30 07:37:43,616 - INFO -   MRR:    65.89%
2025-12-30 07:37:43,616 - INFO -   NDCG:   70.35%
2025-12-30 07:37:43,616 - INFO - ============================================================
2025-12-30 07:37:43,616 - INFO - FINAL TEST RESULTS
2025-12-30 07:37:43,616 - INFO -   Acc@1:  56.13%
2025-12-30 07:37:43,616 - INFO -   Acc@5:  82.09%
2025-12-30 07:37:43,616 - INFO -   Acc@10: 86.10%
2025-12-30 07:37:43,616 - INFO -   MRR:    67.44%
2025-12-30 07:37:43,616 - INFO -   NDCG:   71.88%
2025-12-30 07:37:43,616 - INFO - ============================================================
