2025-12-29 09:23:28,394 - INFO - ============================================================
2025-12-29 09:23:28,394 - INFO - POINTER V45 - Training Started
2025-12-29 09:23:28,394 - INFO - ============================================================
2025-12-29 09:23:28,394 - INFO - Model config: {'d_model': 144, 'dim_feedforward': 288, 'dropout': 0.15, 'nhead': 4, 'num_layers': 3}
2025-12-29 09:23:28,394 - INFO - Training config: {'batch_size': 128, 'grad_clip': 0.8, 'label_smoothing': 0.03, 'learning_rate': 0.0007, 'min_epochs': 8, 'min_lr': 1e-06, 'num_epochs': 50, 'patience': 5, 'use_amp': True, 'warmup_epochs': 5, 'weight_decay': 0.015}
2025-12-29 09:23:28,394 - INFO - ============================================================
2025-12-29 09:23:28,395 - INFO - Training for 50 epochs
2025-12-29 09:23:28,395 - INFO - Model parameters: 2,084,486
2025-12-29 09:24:18,249 - INFO - Epoch 1/50 | LR: 1.40e-04 | Train: 2.9830 | Val: 2.7715 | Acc@1: 52.56%
2025-12-29 09:24:18,305 - INFO -   ✓ New best (Acc@1: 52.56%)
2025-12-29 09:25:07,107 - INFO - Epoch 2/50 | LR: 2.80e-04 | Train: 2.7373 | Val: 2.7234 | Acc@1: 53.65%
2025-12-29 09:25:07,168 - INFO -   ✓ New best (Acc@1: 53.65%)
2025-12-29 09:25:54,657 - INFO - Epoch 3/50 | LR: 4.20e-04 | Train: 2.6180 | Val: 2.7389 | Acc@1: 52.79%
2025-12-29 09:26:42,462 - INFO - Epoch 4/50 | LR: 5.60e-04 | Train: 2.5182 | Val: 2.7072 | Acc@1: 52.85%
2025-12-29 09:26:42,521 - INFO -   ✓ New best (Acc@1: 52.85%)
2025-12-29 09:27:30,383 - INFO - Epoch 5/50 | LR: 7.00e-04 | Train: 2.4349 | Val: 2.6682 | Acc@1: 53.46%
2025-12-29 09:27:30,442 - INFO -   ✓ New best (Acc@1: 53.46%)
2025-12-29 09:28:19,470 - INFO - Epoch 6/50 | LR: 7.00e-04 | Train: 2.3256 | Val: 2.6631 | Acc@1: 53.93%
2025-12-29 09:28:19,529 - INFO -   ✓ New best (Acc@1: 53.93%)
2025-12-29 09:29:13,426 - INFO - Epoch 7/50 | LR: 6.99e-04 | Train: 2.2286 | Val: 2.6716 | Acc@1: 53.97%
2025-12-29 09:30:12,941 - INFO - Epoch 8/50 | LR: 6.97e-04 | Train: 2.1381 | Val: 2.7029 | Acc@1: 53.27%
2025-12-29 09:31:12,244 - INFO - Epoch 9/50 | LR: 6.92e-04 | Train: 2.0507 | Val: 2.7860 | Acc@1: 52.53%
2025-12-29 09:32:11,278 - INFO - Epoch 10/50 | LR: 6.86e-04 | Train: 1.9695 | Val: 2.8094 | Acc@1: 51.93%
2025-12-29 09:33:06,168 - INFO - Epoch 11/50 | LR: 6.79e-04 | Train: 1.8908 | Val: 2.9138 | Acc@1: 51.55%
2025-12-29 09:33:06,168 - INFO - Early stopping at epoch 11
2025-12-29 09:33:06,346 - INFO - Loaded checkpoint from epoch 6
2025-12-29 09:33:08,766 - INFO - ============================================================
2025-12-29 09:33:08,766 - INFO - FINAL VALIDATION RESULTS
2025-12-29 09:33:08,766 - INFO -   Acc@1:  53.93%
2025-12-29 09:33:08,767 - INFO -   Acc@5:  82.10%
2025-12-29 09:33:08,767 - INFO -   Acc@10: 86.56%
2025-12-29 09:33:08,767 - INFO -   MRR:    66.02%
2025-12-29 09:33:08,767 - INFO -   NDCG:   70.89%
2025-12-29 09:33:08,767 - INFO - ============================================================
2025-12-29 09:33:08,767 - INFO - FINAL TEST RESULTS
2025-12-29 09:33:08,767 - INFO -   Acc@1:  55.77%
2025-12-29 09:33:08,767 - INFO -   Acc@5:  82.72%
2025-12-29 09:33:08,767 - INFO -   Acc@10: 87.40%
2025-12-29 09:33:08,767 - INFO -   MRR:    67.41%
2025-12-29 09:33:08,767 - INFO -   NDCG:   72.14%
2025-12-29 09:33:08,767 - INFO - ============================================================
