2025-12-29 06:39:04,602 - INFO - ============================================================
2025-12-29 06:39:04,602 - INFO - ABLATION STUDY: no_weekday_emb
2025-12-29 06:39:04,602 - INFO - ============================================================
2025-12-29 06:39:04,602 - INFO - Ablation: Without Weekday Embedding
2025-12-29 06:39:04,602 - INFO - Model parameters: 250,324
2025-12-29 06:39:04,602 - INFO - ============================================================
2025-12-29 06:39:04,602 - INFO - Training for 50 epochs
2025-12-29 06:39:08,881 - INFO - Epoch 1/50 | LR: 1.30e-04 | Train: 4.2154 | Val: 3.1982 | Acc@1: 38.96%
2025-12-29 06:39:08,902 - INFO -   ✓ New best (Acc@1: 38.96%)
2025-12-29 06:39:12,077 - INFO - Epoch 2/50 | LR: 2.60e-04 | Train: 3.8666 | Val: 3.1108 | Acc@1: 42.35%
2025-12-29 06:39:12,102 - INFO -   ✓ New best (Acc@1: 42.35%)
2025-12-29 06:39:15,956 - INFO - Epoch 3/50 | LR: 3.90e-04 | Train: 3.6358 | Val: 3.0255 | Acc@1: 45.83%
2025-12-29 06:39:15,980 - INFO -   ✓ New best (Acc@1: 45.83%)
2025-12-29 06:39:19,067 - INFO - Epoch 4/50 | LR: 5.20e-04 | Train: 3.4351 | Val: 3.0062 | Acc@1: 46.46%
2025-12-29 06:39:19,089 - INFO -   ✓ New best (Acc@1: 46.46%)
2025-12-29 06:39:21,691 - INFO - Epoch 5/50 | LR: 6.50e-04 | Train: 3.2544 | Val: 3.0218 | Acc@1: 46.64%
2025-12-29 06:39:24,573 - INFO - Epoch 6/50 | LR: 6.50e-04 | Train: 3.0484 | Val: 3.0485 | Acc@1: 46.61%
2025-12-29 06:39:27,728 - INFO - Epoch 7/50 | LR: 6.49e-04 | Train: 2.8593 | Val: 3.0720 | Acc@1: 47.42%
2025-12-29 06:39:30,828 - INFO - Epoch 8/50 | LR: 6.47e-04 | Train: 2.6929 | Val: 3.1646 | Acc@1: 46.73%
2025-12-29 06:39:34,155 - INFO - Epoch 9/50 | LR: 6.43e-04 | Train: 2.5408 | Val: 3.1365 | Acc@1: 47.15%
2025-12-29 06:39:34,155 - INFO - Early stopping at epoch 9
2025-12-29 06:39:36,090 - INFO - ============================================================
2025-12-29 06:39:36,090 - INFO - FINAL TEST RESULTS
2025-12-29 06:39:36,090 - INFO -   Acc@1:  49.63%
2025-12-29 06:39:36,090 - INFO -   Acc@5:  81.44%
2025-12-29 06:39:36,090 - INFO -   Acc@10: 84.89%
2025-12-29 06:39:36,090 - INFO -   MRR:    63.93%
2025-12-29 06:39:36,090 - INFO -   NDCG:   69.01%
2025-12-29 06:39:36,090 - INFO -   F1:     45.03%
2025-12-29 06:39:36,090 - INFO - ============================================================
