2025-12-29 23:50:11,612 - INFO - ============================================================
2025-12-29 23:50:11,612 - INFO - POINTER V45 - Training Started
2025-12-29 23:50:11,612 - INFO - ============================================================
2025-12-29 23:50:11,612 - INFO - Model config: {'d_model': 128, 'dim_feedforward': 512, 'dropout': 0.15, 'nhead': 8, 'num_layers': 8}
2025-12-29 23:50:11,612 - INFO - Training config: {'batch_size': 128, 'grad_clip': 0.8, 'label_smoothing': 0.03, 'learning_rate': 0.0007, 'min_epochs': 8, 'min_lr': 1e-06, 'num_epochs': 50, 'patience': 5, 'use_amp': True, 'warmup_epochs': 5, 'weight_decay': 0.015}
2025-12-29 23:50:11,612 - INFO - ============================================================
2025-12-29 23:50:11,612 - INFO - Training for 50 epochs
2025-12-29 23:50:11,613 - INFO - Model parameters: 1,981,850
2025-12-29 23:50:17,628 - INFO - Epoch 1/50 | LR: 1.40e-04 | Train: 4.5487 | Val: 3.0617 | Acc@1: 40.00%
2025-12-29 23:50:17,701 - INFO -   ✓ New best (Acc@1: 40.00%)
2025-12-29 23:50:23,185 - INFO - Epoch 2/50 | LR: 2.80e-04 | Train: 3.9630 | Val: 3.0094 | Acc@1: 41.75%
2025-12-29 23:50:23,268 - INFO -   ✓ New best (Acc@1: 41.75%)
2025-12-29 23:50:29,410 - INFO - Epoch 3/50 | LR: 4.20e-04 | Train: 3.6503 | Val: 2.9940 | Acc@1: 44.13%
2025-12-29 23:50:29,488 - INFO -   ✓ New best (Acc@1: 44.13%)
2025-12-29 23:50:36,460 - INFO - Epoch 4/50 | LR: 5.60e-04 | Train: 3.4107 | Val: 2.9479 | Acc@1: 43.18%
2025-12-29 23:50:36,545 - INFO -   ✓ New best (Acc@1: 43.18%)
2025-12-29 23:50:44,892 - INFO - Epoch 5/50 | LR: 7.00e-04 | Train: 3.1823 | Val: 3.1761 | Acc@1: 43.99%
2025-12-29 23:50:53,148 - INFO - Epoch 6/50 | LR: 7.00e-04 | Train: 2.9179 | Val: 3.1824 | Acc@1: 43.50%
2025-12-29 23:51:01,412 - INFO - Epoch 7/50 | LR: 6.99e-04 | Train: 2.6425 | Val: 3.4759 | Acc@1: 42.52%
2025-12-29 23:51:08,610 - INFO - Epoch 8/50 | LR: 6.97e-04 | Train: 2.3736 | Val: 3.6267 | Acc@1: 43.85%
2025-12-29 23:51:14,686 - INFO - Epoch 9/50 | LR: 6.92e-04 | Train: 2.1301 | Val: 3.7651 | Acc@1: 44.02%
2025-12-29 23:51:14,687 - INFO - Early stopping at epoch 9
2025-12-29 23:51:15,014 - INFO - Loaded checkpoint from epoch 4
2025-12-29 23:51:16,808 - INFO - ============================================================
2025-12-29 23:51:16,808 - INFO - FINAL VALIDATION RESULTS
2025-12-29 23:51:16,808 - INFO -   Acc@1:  43.18%
2025-12-29 23:51:16,808 - INFO -   Acc@5:  76.99%
2025-12-29 23:51:16,808 - INFO -   Acc@10: 82.66%
2025-12-29 23:51:16,808 - INFO -   MRR:    57.99%
2025-12-29 23:51:16,808 - INFO -   NDCG:   63.79%
2025-12-29 23:51:16,809 - INFO - ============================================================
2025-12-29 23:51:16,809 - INFO - FINAL TEST RESULTS
2025-12-29 23:51:16,809 - INFO -   Acc@1:  47.49%
2025-12-29 23:51:16,809 - INFO -   Acc@5:  81.85%
2025-12-29 23:51:16,809 - INFO -   Acc@10: 85.98%
2025-12-29 23:51:16,809 - INFO -   MRR:    62.37%
2025-12-29 23:51:16,809 - INFO -   NDCG:   68.03%
2025-12-29 23:51:16,809 - INFO - ============================================================
