2025-12-28 18:22:48,249 - INFO - ============================================================
2025-12-28 18:22:48,249 - INFO - POINTER V45 - Training Started
2025-12-28 18:22:48,249 - INFO - ============================================================
2025-12-28 18:22:48,250 - INFO - Model config: {'d_model': 64, 'nhead': 4, 'num_layers': 2, 'dim_feedforward': 128, 'dropout': 0.15}
2025-12-28 18:22:48,250 - INFO - Training config: {'batch_size': 128, 'num_epochs': 2, 'learning_rate': 0.00065, 'weight_decay': 0.015, 'label_smoothing': 0.03, 'grad_clip': 0.8, 'patience': 5, 'min_epochs': 8, 'warmup_epochs': 5, 'use_amp': True, 'min_lr': 1e-06}
2025-12-28 18:22:48,250 - INFO - ============================================================
2025-12-28 18:22:48,250 - INFO - Training for 2 epochs
2025-12-28 18:22:48,250 - INFO - Model parameters: 246,251
2025-12-28 18:22:51,511 - INFO - Epoch 1/2 | LR: 1.30e-04 | Train: 4.1213 | Val: 3.0519 | Acc@1: 37.36%
2025-12-28 18:22:51,530 - INFO -   ✓ New best (Acc@1: 37.36%)
2025-12-28 18:22:54,268 - INFO - Epoch 2/2 | LR: 2.60e-04 | Train: 3.7921 | Val: 2.9429 | Acc@1: 42.64%
2025-12-28 18:22:54,290 - INFO -   ✓ New best (Acc@1: 42.64%)
2025-12-28 18:22:54,352 - INFO - Loaded checkpoint from epoch 2
2025-12-28 18:22:55,252 - INFO - ============================================================
2025-12-28 18:22:55,252 - INFO - FINAL VALIDATION RESULTS
2025-12-28 18:22:55,252 - INFO -   Acc@1:  42.64%
2025-12-28 18:22:55,252 - INFO -   Acc@5:  78.82%
2025-12-28 18:22:55,252 - INFO -   Acc@10: 82.29%
2025-12-28 18:22:55,252 - INFO -   MRR:    58.58%
2025-12-28 18:22:55,252 - INFO -   NDCG:   64.34%
2025-12-28 18:22:55,252 - INFO - ============================================================
2025-12-28 18:22:55,252 - INFO - FINAL TEST RESULTS
2025-12-28 18:22:55,252 - INFO -   Acc@1:  46.03%
2025-12-28 18:22:55,252 - INFO -   Acc@5:  82.29%
2025-12-28 18:22:55,252 - INFO -   Acc@10: 84.86%
2025-12-28 18:22:55,253 - INFO -   MRR:    62.28%
2025-12-28 18:22:55,253 - INFO -   NDCG:   67.87%
2025-12-28 18:22:55,253 - INFO - ============================================================
