2025-12-28 20:19:25,845 - INFO - ============================================================
2025-12-28 20:19:25,845 - INFO - POINTER V45 - Training Started
2025-12-28 20:19:25,846 - INFO - ============================================================
2025-12-28 20:19:25,846 - INFO - Model config: {'d_model': 64, 'dim_feedforward': 128, 'dropout': 0.15, 'nhead': 4, 'num_layers': 3}
2025-12-28 20:19:25,846 - INFO - Training config: {'batch_size': 128, 'grad_clip': 0.8, 'label_smoothing': 0.03, 'learning_rate': 0.0005, 'min_epochs': 8, 'min_lr': 1e-06, 'num_epochs': 50, 'patience': 5, 'use_amp': True, 'warmup_epochs': 5, 'weight_decay': 0.015}
2025-12-28 20:19:25,846 - INFO - ============================================================
2025-12-28 20:19:25,846 - INFO - Training for 50 epochs
2025-12-28 20:19:25,846 - INFO - Model parameters: 279,723
2025-12-28 20:19:34,207 - INFO - Epoch 1/50 | LR: 1.00e-04 | Train: 4.3484 | Val: 3.1945 | Acc@1: 37.74%
2025-12-28 20:19:34,235 - INFO -   ✓ New best (Acc@1: 37.74%)
2025-12-28 20:19:40,689 - INFO - Epoch 2/50 | LR: 2.00e-04 | Train: 3.9784 | Val: 3.0399 | Acc@1: 41.66%
2025-12-28 20:19:40,718 - INFO -   ✓ New best (Acc@1: 41.66%)
2025-12-28 20:19:46,670 - INFO - Epoch 3/50 | LR: 3.00e-04 | Train: 3.7298 | Val: 2.9425 | Acc@1: 45.00%
2025-12-28 20:19:46,698 - INFO -   ✓ New best (Acc@1: 45.00%)
2025-12-28 20:19:52,665 - INFO - Epoch 4/50 | LR: 4.00e-04 | Train: 3.5319 | Val: 2.9442 | Acc@1: 45.35%
2025-12-28 20:19:59,082 - INFO - Epoch 5/50 | LR: 5.00e-04 | Train: 3.3705 | Val: 2.8721 | Acc@1: 46.08%
2025-12-28 20:19:59,109 - INFO -   ✓ New best (Acc@1: 46.08%)
2025-12-28 20:20:05,568 - INFO - Epoch 6/50 | LR: 5.00e-04 | Train: 3.2383 | Val: 2.9703 | Acc@1: 44.90%
2025-12-28 20:20:11,976 - INFO - Epoch 7/50 | LR: 4.99e-04 | Train: 3.0953 | Val: 2.9184 | Acc@1: 46.15%
2025-12-28 20:20:17,078 - INFO - Epoch 8/50 | LR: 4.98e-04 | Train: 2.9630 | Val: 2.8859 | Acc@1: 47.13%
2025-12-28 20:20:22,732 - INFO - Epoch 9/50 | LR: 4.95e-04 | Train: 2.8251 | Val: 2.9481 | Acc@1: 46.50%
2025-12-28 20:20:27,987 - INFO - Epoch 10/50 | LR: 4.90e-04 | Train: 2.7022 | Val: 2.9933 | Acc@1: 46.85%
2025-12-28 20:20:27,988 - INFO - Early stopping at epoch 10
2025-12-28 20:20:28,373 - INFO - Loaded checkpoint from epoch 5
2025-12-28 20:20:30,936 - INFO - ============================================================
2025-12-28 20:20:30,937 - INFO - FINAL VALIDATION RESULTS
2025-12-28 20:20:30,937 - INFO -   Acc@1:  46.08%
2025-12-28 20:20:30,937 - INFO -   Acc@5:  79.14%
2025-12-28 20:20:30,937 - INFO -   Acc@10: 83.22%
2025-12-28 20:20:30,937 - INFO -   MRR:    60.64%
2025-12-28 20:20:30,937 - INFO -   NDCG:   66.00%
2025-12-28 20:20:30,937 - INFO - ============================================================
2025-12-28 20:20:30,937 - INFO - FINAL TEST RESULTS
2025-12-28 20:20:30,937 - INFO -   Acc@1:  50.38%
2025-12-28 20:20:30,937 - INFO -   Acc@5:  82.38%
2025-12-28 20:20:30,937 - INFO -   Acc@10: 85.49%
2025-12-28 20:20:30,937 - INFO -   MRR:    64.75%
2025-12-28 20:20:30,937 - INFO -   NDCG:   69.77%
2025-12-28 20:20:30,937 - INFO - ============================================================
