2025-12-28 18:22:01,370 - INFO - ============================================================
2025-12-28 18:22:01,371 - INFO - POINTER V45 - Training Started
2025-12-28 18:22:01,371 - INFO - ============================================================
2025-12-28 18:22:01,371 - INFO - Model config: {'d_model': 64, 'nhead': 4, 'num_layers': 2, 'dim_feedforward': 128, 'dropout': 0.15}
2025-12-28 18:22:01,371 - INFO - Training config: {'batch_size': 128, 'num_epochs': 2, 'learning_rate': 0.00065, 'weight_decay': 0.015, 'label_smoothing': 0.03, 'grad_clip': 0.8, 'patience': 5, 'min_epochs': 8, 'warmup_epochs': 5, 'use_amp': True, 'min_lr': 1e-06}
2025-12-28 18:22:01,371 - INFO - ============================================================
2025-12-28 18:22:01,371 - INFO - Training for 2 epochs
2025-12-28 18:22:01,371 - INFO - Model parameters: 251,068
2025-12-28 18:22:04,330 - INFO - Epoch 1/2 | LR: 1.30e-04 | Train: 4.4117 | Val: 3.4085 | Acc@1: 39.73%
2025-12-28 18:22:04,350 - INFO -   ✓ New best (Acc@1: 39.73%)
2025-12-28 18:22:06,703 - INFO - Epoch 2/2 | LR: 2.60e-04 | Train: 4.0781 | Val: 3.3060 | Acc@1: 42.95%
2025-12-28 18:22:06,723 - INFO -   ✓ New best (Acc@1: 42.95%)
2025-12-28 18:22:06,779 - INFO - Loaded checkpoint from epoch 2
2025-12-28 18:22:07,683 - INFO - ============================================================
2025-12-28 18:22:07,683 - INFO - FINAL VALIDATION RESULTS
2025-12-28 18:22:07,683 - INFO -   Acc@1:  42.95%
2025-12-28 18:22:07,683 - INFO -   Acc@5:  74.04%
2025-12-28 18:22:07,683 - INFO -   Acc@10: 76.81%
2025-12-28 18:22:07,683 - INFO -   MRR:    56.32%
2025-12-28 18:22:07,683 - INFO -   NDCG:   61.25%
2025-12-28 18:22:07,683 - INFO - ============================================================
2025-12-28 18:22:07,683 - INFO - FINAL TEST RESULTS
2025-12-28 18:22:07,683 - INFO -   Acc@1:  47.66%
2025-12-28 18:22:07,683 - INFO -   Acc@5:  77.47%
2025-12-28 18:22:07,683 - INFO -   Acc@10: 79.47%
2025-12-28 18:22:07,683 - INFO -   MRR:    61.08%
2025-12-28 18:22:07,684 - INFO -   NDCG:   65.60%
2025-12-28 18:22:07,684 - INFO - ============================================================
