2025-12-29 23:46:00,605 - INFO - ============================================================
2025-12-29 23:46:00,605 - INFO - POINTER V45 - Training Started
2025-12-29 23:46:00,605 - INFO - ============================================================
2025-12-29 23:46:00,605 - INFO - Model config: {'d_model': 128, 'dim_feedforward': 512, 'dropout': 0.15, 'nhead': 4, 'num_layers': 8}
2025-12-29 23:46:00,605 - INFO - Training config: {'batch_size': 128, 'grad_clip': 0.8, 'label_smoothing': 0.03, 'learning_rate': 0.00065, 'min_epochs': 8, 'min_lr': 1e-06, 'num_epochs': 50, 'patience': 5, 'use_amp': True, 'warmup_epochs': 5, 'weight_decay': 0.015}
2025-12-29 23:46:00,605 - INFO - ============================================================
2025-12-29 23:46:00,605 - INFO - Training for 50 epochs
2025-12-29 23:46:00,606 - INFO - Model parameters: 1,990,667
2025-12-29 23:46:08,628 - INFO - Epoch 1/50 | LR: 1.30e-04 | Train: 5.3113 | Val: 3.2374 | Acc@1: 38.57%
2025-12-29 23:46:08,705 - INFO -   ✓ New best (Acc@1: 38.57%)
2025-12-29 23:46:16,728 - INFO - Epoch 2/50 | LR: 2.60e-04 | Train: 4.0964 | Val: 3.0948 | Acc@1: 42.71%
2025-12-29 23:46:16,810 - INFO -   ✓ New best (Acc@1: 42.71%)
2025-12-29 23:46:24,982 - INFO - Epoch 3/50 | LR: 3.90e-04 | Train: 3.7106 | Val: 3.1396 | Acc@1: 44.49%
2025-12-29 23:46:32,928 - INFO - Epoch 4/50 | LR: 5.20e-04 | Train: 3.4439 | Val: 3.1677 | Acc@1: 46.02%
2025-12-29 23:46:40,243 - INFO - Epoch 5/50 | LR: 6.50e-04 | Train: 3.1940 | Val: 3.4976 | Acc@1: 43.54%
2025-12-29 23:46:46,992 - INFO - Epoch 6/50 | LR: 6.50e-04 | Train: 2.8762 | Val: 3.4922 | Acc@1: 44.20%
2025-12-29 23:46:52,908 - INFO - Epoch 7/50 | LR: 6.49e-04 | Train: 2.5860 | Val: 3.5438 | Acc@1: 43.57%
2025-12-29 23:46:57,663 - INFO - Epoch 8/50 | LR: 6.47e-04 | Train: 2.3392 | Val: 3.8198 | Acc@1: 41.85%
2025-12-29 23:46:57,664 - INFO - Early stopping at epoch 8
2025-12-29 23:46:57,834 - INFO - Loaded checkpoint from epoch 2
2025-12-29 23:46:59,169 - INFO - ============================================================
2025-12-29 23:46:59,170 - INFO - FINAL VALIDATION RESULTS
2025-12-29 23:46:59,170 - INFO -   Acc@1:  42.71%
2025-12-29 23:46:59,170 - INFO -   Acc@5:  75.86%
2025-12-29 23:46:59,170 - INFO -   Acc@10: 81.27%
2025-12-29 23:46:59,170 - INFO -   MRR:    57.40%
2025-12-29 23:46:59,170 - INFO -   NDCG:   63.06%
2025-12-29 23:46:59,170 - INFO - ============================================================
2025-12-29 23:46:59,170 - INFO - FINAL TEST RESULTS
2025-12-29 23:46:59,170 - INFO -   Acc@1:  44.04%
2025-12-29 23:46:59,170 - INFO -   Acc@5:  79.91%
2025-12-29 23:46:59,170 - INFO -   Acc@10: 83.83%
2025-12-29 23:46:59,170 - INFO -   MRR:    59.93%
2025-12-29 23:46:59,170 - INFO -   NDCG:   65.74%
2025-12-29 23:46:59,170 - INFO - ============================================================
