Training LSTM model
Dataset: diy
Config: /data/next_loc_clean_v2/config/ht_optuna/optuna_LSTM_diy_prev14_t16_20260101_081958_05571f15.yaml
Device: cuda
Seed: 42
==================================================
Data loaders: train=319, val=13, test=17
Total trainable parameters: 569634

=== Epoch 1 ===
Epoch 1, 3.1%	 loss: 8.725 acc@1: 0.00 mrr: 0.08, ndcg: 0.01, took: 6.11s
Epoch 1, 6.3%	 loss: 8.717 acc@1: 0.00 mrr: 0.09, ndcg: 0.01, took: 3.26s
Epoch 1, 9.4%	 loss: 8.708 acc@1: 0.04 mrr: 0.12, ndcg: 0.04, took: 3.22s
Epoch 1, 12.5%	 loss: 8.707 acc@1: 0.00 mrr: 0.13, ndcg: 0.09, took: 3.10s
Epoch 1, 15.7%	 loss: 8.680 acc@1: 0.00 mrr: 0.09, ndcg: 0.01, took: 2.99s
Epoch 1, 18.8%	 loss: 8.671 acc@1: 0.04 mrr: 0.17, ndcg: 0.12, took: 3.05s
Epoch 1, 21.9%	 loss: 8.637 acc@1: 0.04 mrr: 0.17, ndcg: 0.08, took: 3.11s
Epoch 1, 25.1%	 loss: 8.611 acc@1: 0.08 mrr: 0.25, ndcg: 0.18, took: 3.05s
Epoch 1, 28.2%	 loss: 8.569 acc@1: 0.04 mrr: 0.24, ndcg: 0.17, took: 2.45s
Epoch 1, 31.3%	 loss: 8.541 acc@1: 0.04 mrr: 0.29, ndcg: 0.27, took: 2.57s
Epoch 1, 34.5%	 loss: 8.500 acc@1: 0.31 mrr: 0.62, ndcg: 0.57, took: 2.90s
Epoch 1, 37.6%	 loss: 8.448 acc@1: 0.27 mrr: 0.78, ndcg: 0.70, took: 2.52s
Epoch 1, 40.8%	 loss: 8.393 acc@1: 1.91 mrr: 3.46, ndcg: 3.98, took: 2.54s
Epoch 1, 43.9%	 loss: 8.335 acc@1: 4.80 mrr: 6.00, ndcg: 6.21, took: 2.78s
Epoch 1, 47.0%	 loss: 8.278 acc@1: 5.47 mrr: 6.92, ndcg: 7.29, took: 2.73s
Epoch 1, 50.2%	 loss: 8.188 acc@1: 8.09 mrr: 9.71, ndcg: 10.31, took: 2.82s
Epoch 1, 53.3%	 loss: 8.093 acc@1: 8.87 mrr: 10.57, ndcg: 11.08, took: 2.68s
Epoch 1, 56.4%	 loss: 7.997 acc@1: 10.82 mrr: 13.03, ndcg: 13.64, took: 2.92s
Epoch 1, 59.6%	 loss: 7.913 acc@1: 11.17 mrr: 12.80, ndcg: 13.30, took: 2.93s
Epoch 1, 62.7%	 loss: 7.808 acc@1: 14.57 mrr: 16.67, ndcg: 17.32, took: 2.89s
Epoch 1, 65.8%	 loss: 7.682 acc@1: 15.94 mrr: 17.97, ndcg: 18.52, took: 2.93s
Epoch 1, 69.0%	 loss: 7.582 acc@1: 17.23 mrr: 18.97, ndcg: 19.44, took: 2.91s
Epoch 1, 72.1%	 loss: 7.374 acc@1: 20.78 mrr: 22.76, ndcg: 23.32, took: 2.67s
Epoch 1, 75.2%	 loss: 7.325 acc@1: 21.02 mrr: 22.84, ndcg: 23.37, took: 2.97s
Epoch 1, 78.4%	 loss: 7.174 acc@1: 21.52 mrr: 23.45, ndcg: 23.81, took: 3.17s
Epoch 1, 81.5%	 loss: 7.029 acc@1: 24.41 mrr: 26.47, ndcg: 26.93, took: 3.23s
Epoch 1, 84.6%	 loss: 6.901 acc@1: 24.77 mrr: 26.83, ndcg: 27.25, took: 2.95s
Epoch 1, 87.8%	 loss: 6.711 acc@1: 26.37 mrr: 28.72, ndcg: 29.23, took: 3.42s
Epoch 1, 90.9%	 loss: 6.565 acc@1: 27.19 mrr: 29.45, ndcg: 29.88, took: 3.46s
Epoch 1, 94.0%	 loss: 6.554 acc@1: 25.27 mrr: 27.85, ndcg: 28.31, took: 3.32s
Epoch 1, 97.2%	 loss: 6.343 acc@1: 27.66 mrr: 30.40, ndcg: 30.96, took: 3.23s
Validation - loss: 6.1173, acc@1: 27.65%, f1: 17.47%, mrr: 31.07%, ndcg: 32.04%
Current learning rate: 0.000500

=== Epoch 2 ===
Epoch 2, 3.1%	 loss: 5.941 acc@1: 29.49 mrr: 32.42, ndcg: 32.95, took: 3.02s
Epoch 2, 6.3%	 loss: 5.851 acc@1: 28.79 mrr: 31.75, ndcg: 32.23, took: 3.47s
Epoch 2, 9.4%	 loss: 5.763 acc@1: 28.40 mrr: 31.68, ndcg: 32.41, took: 3.10s
Epoch 2, 12.5%	 loss: 5.674 acc@1: 29.10 mrr: 32.21, ndcg: 32.90, took: 3.28s
Epoch 2, 15.7%	 loss: 5.482 acc@1: 30.78 mrr: 33.95, ndcg: 34.68, took: 3.12s
Epoch 2, 18.8%	 loss: 5.446 acc@1: 31.17 mrr: 34.40, ndcg: 35.00, took: 3.22s
Epoch 2, 21.9%	 loss: 5.360 acc@1: 29.96 mrr: 33.46, ndcg: 34.17, took: 3.14s
Epoch 2, 25.1%	 loss: 5.358 acc@1: 30.27 mrr: 33.55, ndcg: 34.11, took: 3.02s
Epoch 2, 28.2%	 loss: 5.176 acc@1: 31.33 mrr: 34.99, ndcg: 35.96, took: 3.17s
Epoch 2, 31.3%	 loss: 5.243 acc@1: 29.26 mrr: 33.02, ndcg: 33.78, took: 3.14s
Epoch 2, 34.5%	 loss: 5.226 acc@1: 29.18 mrr: 33.25, ndcg: 34.29, took: 3.06s
Epoch 2, 37.6%	 loss: 5.152 acc@1: 30.31 mrr: 34.16, ndcg: 35.07, took: 2.91s
Epoch 2, 40.8%	 loss: 4.930 acc@1: 32.54 mrr: 36.54, ndcg: 37.55, took: 2.99s
Epoch 2, 43.9%	 loss: 4.993 acc@1: 30.08 mrr: 34.21, ndcg: 35.28, took: 3.21s
Epoch 2, 47.0%	 loss: 4.917 acc@1: 32.11 mrr: 36.44, ndcg: 37.67, took: 3.34s
Epoch 2, 50.2%	 loss: 4.887 acc@1: 31.33 mrr: 36.16, ndcg: 37.84, took: 2.99s
Epoch 2, 53.3%	 loss: 4.828 acc@1: 32.46 mrr: 36.96, ndcg: 38.41, took: 3.06s
Epoch 2, 56.4%	 loss: 4.792 acc@1: 32.70 mrr: 37.39, ndcg: 38.75, took: 2.74s
Epoch 2, 59.6%	 loss: 4.798 acc@1: 31.72 mrr: 36.60, ndcg: 38.18, took: 3.25s
Epoch 2, 62.7%	 loss: 4.755 acc@1: 31.88 mrr: 37.06, ndcg: 38.68, took: 3.15s
Epoch 2, 65.8%	 loss: 4.702 acc@1: 32.85 mrr: 38.04, ndcg: 39.64, took: 3.25s
Epoch 2, 69.0%	 loss: 4.666 acc@1: 33.52 mrr: 38.80, ndcg: 40.65, took: 2.93s
Epoch 2, 72.1%	 loss: 4.655 acc@1: 33.83 mrr: 38.96, ndcg: 40.38, took: 3.18s
Epoch 2, 75.2%	 loss: 4.550 acc@1: 33.28 mrr: 38.91, ndcg: 40.65, took: 3.34s
Epoch 2, 78.4%	 loss: 4.467 acc@1: 34.57 mrr: 40.49, ndcg: 42.62, took: 3.27s
Epoch 2, 81.5%	 loss: 4.554 acc@1: 34.34 mrr: 40.09, ndcg: 42.07, took: 3.00s
Epoch 2, 84.6%	 loss: 4.468 acc@1: 34.30 mrr: 40.34, ndcg: 42.48, took: 2.87s
Epoch 2, 87.8%	 loss: 4.461 acc@1: 34.61 mrr: 40.95, ndcg: 43.23, took: 3.11s
Epoch 2, 90.9%	 loss: 4.421 acc@1: 34.49 mrr: 41.36, ndcg: 43.86, took: 3.16s
Epoch 2, 94.0%	 loss: 4.411 acc@1: 33.95 mrr: 41.22, ndcg: 43.84, took: 3.07s
Epoch 2, 97.2%	 loss: 4.317 acc@1: 36.25 mrr: 43.63, ndcg: 46.48, took: 3.36s
Validation - loss: 4.4960, acc@1: 35.20%, f1: 21.02%, mrr: 42.78%, ndcg: 46.01%
Current learning rate: 0.001000

=== Epoch 3 ===
Epoch 3, 3.1%	 loss: 4.293 acc@1: 34.77 mrr: 42.99, ndcg: 46.20, took: 3.13s
Epoch 3, 6.3%	 loss: 4.106 acc@1: 37.46 mrr: 45.69, ndcg: 48.80, took: 3.05s
Epoch 3, 9.4%	 loss: 4.136 acc@1: 37.23 mrr: 45.60, ndcg: 48.70, took: 3.19s
Epoch 3, 12.5%	 loss: 4.039 acc@1: 36.37 mrr: 45.76, ndcg: 49.38, took: 2.79s
Epoch 3, 15.7%	 loss: 3.945 acc@1: 37.19 mrr: 47.05, ndcg: 50.74, took: 3.01s
Epoch 3, 18.8%	 loss: 3.972 acc@1: 38.40 mrr: 47.74, ndcg: 51.14, took: 3.23s
Epoch 3, 21.9%	 loss: 3.699 acc@1: 39.96 mrr: 50.40, ndcg: 54.26, took: 3.31s
Epoch 3, 25.1%	 loss: 3.929 acc@1: 37.23 mrr: 48.04, ndcg: 51.99, took: 3.10s
Epoch 3, 28.2%	 loss: 3.748 acc@1: 39.84 mrr: 50.72, ndcg: 54.69, took: 3.19s
Epoch 3, 31.3%	 loss: 3.766 acc@1: 38.87 mrr: 50.62, ndcg: 54.92, took: 3.08s
Epoch 3, 34.5%	 loss: 3.694 acc@1: 39.61 mrr: 51.82, ndcg: 56.12, took: 3.02s
Epoch 3, 37.6%	 loss: 3.604 acc@1: 39.84 mrr: 52.55, ndcg: 56.92, took: 2.97s
Epoch 3, 40.8%	 loss: 3.530 acc@1: 39.92 mrr: 52.98, ndcg: 57.47, took: 2.85s
Epoch 3, 43.9%	 loss: 3.520 acc@1: 39.80 mrr: 53.66, ndcg: 58.33, took: 2.77s
Epoch 3, 47.0%	 loss: 3.498 acc@1: 41.48 mrr: 54.36, ndcg: 58.76, took: 2.95s
Epoch 3, 50.2%	 loss: 3.300 acc@1: 41.91 mrr: 55.96, ndcg: 60.61, took: 2.81s
Epoch 3, 53.3%	 loss: 3.267 acc@1: 41.25 mrr: 55.91, ndcg: 60.82, took: 2.77s
Epoch 3, 56.4%	 loss: 3.184 acc@1: 42.42 mrr: 56.69, ndcg: 61.26, took: 2.74s
Epoch 3, 59.6%	 loss: 3.225 acc@1: 40.98 mrr: 55.71, ndcg: 60.49, took: 3.04s
Epoch 3, 62.7%	 loss: 3.202 acc@1: 42.07 mrr: 56.15, ndcg: 60.83, took: 2.71s
Epoch 3, 65.8%	 loss: 3.151 acc@1: 40.98 mrr: 56.61, ndcg: 61.69, took: 2.71s
Epoch 3, 69.0%	 loss: 3.150 acc@1: 42.11 mrr: 57.03, ndcg: 62.06, took: 2.63s
Epoch 3, 72.1%	 loss: 2.966 acc@1: 41.45 mrr: 57.93, ndcg: 63.47, took: 2.67s
Epoch 3, 75.2%	 loss: 3.115 acc@1: 41.29 mrr: 56.75, ndcg: 62.01, took: 2.59s
Epoch 3, 78.4%	 loss: 3.051 acc@1: 42.30 mrr: 57.71, ndcg: 62.66, took: 2.59s
Epoch 3, 81.5%	 loss: 2.911 acc@1: 42.07 mrr: 58.26, ndcg: 63.58, took: 2.71s
Epoch 3, 84.6%	 loss: 2.901 acc@1: 41.76 mrr: 58.22, ndcg: 63.68, took: 2.57s
Epoch 3, 87.8%	 loss: 3.088 acc@1: 41.45 mrr: 56.79, ndcg: 61.96, took: 2.56s
Epoch 3, 90.9%	 loss: 2.884 acc@1: 43.09 mrr: 58.54, ndcg: 63.89, took: 2.76s
Epoch 3, 94.0%	 loss: 2.809 acc@1: 41.52 mrr: 58.33, ndcg: 63.90, took: 2.99s
Epoch 3, 97.2%	 loss: 2.788 acc@1: 41.52 mrr: 58.48, ndcg: 64.27, took: 3.02s
Validation - loss: 3.2479, acc@1: 41.38%, f1: 31.64%, mrr: 56.61%, ndcg: 61.90%
Current learning rate: 0.000979

=== Epoch 4 ===
Epoch 4, 3.1%	 loss: 2.696 acc@1: 41.64 mrr: 58.66, ndcg: 64.33, took: 3.05s
Epoch 4, 6.3%	 loss: 2.651 acc@1: 41.02 mrr: 58.40, ndcg: 64.40, took: 3.04s
Epoch 4, 9.4%	 loss: 2.703 acc@1: 41.41 mrr: 58.14, ndcg: 63.98, took: 3.26s
Epoch 4, 12.5%	 loss: 2.637 acc@1: 42.97 mrr: 59.46, ndcg: 65.16, took: 3.10s
Epoch 4, 15.7%	 loss: 2.594 acc@1: 42.93 mrr: 59.64, ndcg: 65.44, took: 3.44s
Epoch 4, 18.8%	 loss: 2.657 acc@1: 42.11 mrr: 58.86, ndcg: 64.59, took: 3.21s
Epoch 4, 21.9%	 loss: 2.667 acc@1: 40.55 mrr: 58.05, ndcg: 64.23, took: 3.35s
Epoch 4, 25.1%	 loss: 2.664 acc@1: 42.54 mrr: 58.90, ndcg: 64.82, took: 3.33s
Epoch 4, 28.2%	 loss: 2.650 acc@1: 42.27 mrr: 58.83, ndcg: 64.64, took: 3.40s
Epoch 4, 31.3%	 loss: 2.724 acc@1: 42.03 mrr: 58.28, ndcg: 64.10, took: 3.34s
Epoch 4, 34.5%	 loss: 2.619 acc@1: 42.62 mrr: 59.13, ndcg: 65.02, took: 3.26s
Epoch 4, 37.6%	 loss: 2.479 acc@1: 42.30 mrr: 59.71, ndcg: 65.95, took: 3.32s
Epoch 4, 40.8%	 loss: 2.503 acc@1: 43.55 mrr: 60.21, ndcg: 66.24, took: 3.33s
Epoch 4, 43.9%	 loss: 2.558 acc@1: 43.79 mrr: 59.99, ndcg: 65.89, took: 3.11s
Epoch 4, 47.0%	 loss: 2.570 acc@1: 42.81 mrr: 59.38, ndcg: 65.49, took: 3.05s
Epoch 4, 50.2%	 loss: 2.523 acc@1: 43.12 mrr: 60.05, ndcg: 66.10, took: 3.28s
Epoch 4, 53.3%	 loss: 2.532 acc@1: 43.05 mrr: 59.87, ndcg: 65.82, took: 3.26s
Epoch 4, 56.4%	 loss: 2.540 acc@1: 42.77 mrr: 59.85, ndcg: 65.93, took: 3.38s
Epoch 4, 59.6%	 loss: 2.600 acc@1: 42.62 mrr: 59.13, ndcg: 64.93, took: 3.16s
Epoch 4, 62.7%	 loss: 2.499 acc@1: 44.18 mrr: 60.58, ndcg: 66.35, took: 3.34s
Epoch 4, 65.8%	 loss: 2.565 acc@1: 45.43 mrr: 60.87, ndcg: 66.42, took: 3.29s
Epoch 4, 69.0%	 loss: 2.593 acc@1: 42.73 mrr: 59.27, ndcg: 65.22, took: 3.34s
Epoch 4, 72.1%	 loss: 2.465 acc@1: 43.63 mrr: 60.59, ndcg: 66.58, took: 3.29s
Epoch 4, 75.2%	 loss: 2.569 acc@1: 40.78 mrr: 58.41, ndcg: 64.82, took: 3.26s
Epoch 4, 78.4%	 loss: 2.619 acc@1: 42.03 mrr: 58.58, ndcg: 64.45, took: 3.44s
Epoch 4, 81.5%	 loss: 2.495 acc@1: 44.65 mrr: 60.60, ndcg: 66.60, took: 3.31s
Epoch 4, 84.6%	 loss: 2.464 acc@1: 43.95 mrr: 60.51, ndcg: 66.61, took: 3.23s
Epoch 4, 87.8%	 loss: 2.521 acc@1: 43.05 mrr: 59.84, ndcg: 66.00, took: 3.19s
Epoch 4, 90.9%	 loss: 2.517 acc@1: 44.73 mrr: 60.52, ndcg: 66.37, took: 3.41s
Epoch 4, 94.0%	 loss: 2.495 acc@1: 42.27 mrr: 59.71, ndcg: 65.85, took: 3.24s
Epoch 4, 97.2%	 loss: 2.564 acc@1: 43.91 mrr: 59.93, ndcg: 65.78, took: 3.24s
Validation - loss: 3.0275, acc@1: 44.50%, f1: 34.12%, mrr: 59.17%, ndcg: 64.59%
Current learning rate: 0.000958

=== Epoch 5 ===
Epoch 5, 3.1%	 loss: 2.372 acc@1: 43.32 mrr: 60.01, ndcg: 66.13, took: 3.39s
Epoch 5, 6.3%	 loss: 2.315 acc@1: 45.31 mrr: 61.31, ndcg: 67.33, took: 3.43s
Epoch 5, 9.4%	 loss: 2.343 acc@1: 43.87 mrr: 60.62, ndcg: 66.72, took: 3.21s
Epoch 5, 12.5%	 loss: 2.366 acc@1: 45.66 mrr: 61.31, ndcg: 67.23, took: 3.29s
Epoch 5, 15.7%	 loss: 2.292 acc@1: 47.19 mrr: 62.48, ndcg: 68.10, took: 3.25s
Epoch 5, 18.8%	 loss: 2.379 acc@1: 44.57 mrr: 60.63, ndcg: 66.51, took: 3.26s
Epoch 5, 21.9%	 loss: 2.332 acc@1: 45.43 mrr: 61.44, ndcg: 67.36, took: 3.10s
Epoch 5, 25.1%	 loss: 2.354 acc@1: 46.84 mrr: 61.71, ndcg: 67.25, took: 3.44s
Epoch 5, 28.2%	 loss: 2.285 acc@1: 48.63 mrr: 63.17, ndcg: 68.64, took: 3.29s
Epoch 5, 31.3%	 loss: 2.284 acc@1: 47.38 mrr: 62.43, ndcg: 68.14, took: 3.26s
Epoch 5, 34.5%	 loss: 2.277 acc@1: 49.22 mrr: 63.58, ndcg: 68.98, took: 3.27s
Epoch 5, 37.6%	 loss: 2.332 acc@1: 47.70 mrr: 62.43, ndcg: 67.95, took: 3.60s
Epoch 5, 40.8%	 loss: 2.319 acc@1: 48.12 mrr: 62.78, ndcg: 68.27, took: 3.29s
Epoch 5, 43.9%	 loss: 2.337 acc@1: 47.81 mrr: 62.49, ndcg: 67.92, took: 3.33s
Epoch 5, 47.0%	 loss: 2.261 acc@1: 49.53 mrr: 63.97, ndcg: 69.40, took: 3.37s
Epoch 5, 50.2%	 loss: 2.294 acc@1: 49.26 mrr: 63.43, ndcg: 68.76, took: 3.27s
Epoch 5, 53.3%	 loss: 2.378 acc@1: 47.38 mrr: 61.89, ndcg: 67.43, took: 3.29s
Epoch 5, 56.4%	 loss: 2.370 acc@1: 47.15 mrr: 61.47, ndcg: 66.92, took: 3.24s
Epoch 5, 59.6%	 loss: 2.363 acc@1: 48.95 mrr: 63.00, ndcg: 68.19, took: 3.16s
Epoch 5, 62.7%	 loss: 2.255 acc@1: 49.26 mrr: 63.71, ndcg: 69.15, took: 3.41s
Epoch 5, 65.8%	 loss: 2.356 acc@1: 48.40 mrr: 62.54, ndcg: 67.84, took: 3.23s
Epoch 5, 69.0%	 loss: 2.385 acc@1: 47.85 mrr: 62.15, ndcg: 67.51, took: 3.01s
Epoch 5, 72.1%	 loss: 2.207 acc@1: 50.35 mrr: 64.35, ndcg: 69.75, took: 3.22s
Epoch 5, 75.2%	 loss: 2.226 acc@1: 49.61 mrr: 64.01, ndcg: 69.41, took: 3.36s
Epoch 5, 78.4%	 loss: 2.288 acc@1: 48.12 mrr: 62.79, ndcg: 68.26, took: 3.28s
Epoch 5, 81.5%	 loss: 2.320 acc@1: 48.63 mrr: 62.94, ndcg: 68.24, took: 3.37s
Epoch 5, 84.6%	 loss: 2.238 acc@1: 48.83 mrr: 63.72, ndcg: 69.24, took: 3.39s
Epoch 5, 87.8%	 loss: 2.296 acc@1: 48.91 mrr: 63.12, ndcg: 68.43, took: 3.27s
Epoch 5, 90.9%	 loss: 2.219 acc@1: 50.51 mrr: 64.68, ndcg: 70.02, took: 3.19s
Epoch 5, 94.0%	 loss: 2.252 acc@1: 49.96 mrr: 63.89, ndcg: 69.19, took: 3.35s
Epoch 5, 97.2%	 loss: 2.169 acc@1: 50.51 mrr: 65.00, ndcg: 70.20, took: 3.23s
Validation - loss: 2.9017, acc@1: 48.84%, f1: 41.02%, mrr: 61.74%, ndcg: 66.68%
Current learning rate: 0.000937

=== Epoch 6 ===
Epoch 6, 3.1%	 loss: 2.104 acc@1: 50.31 mrr: 64.59, ndcg: 69.97, took: 3.09s
Epoch 6, 6.3%	 loss: 2.116 acc@1: 50.74 mrr: 64.63, ndcg: 70.00, took: 3.32s
Epoch 6, 9.4%	 loss: 2.093 acc@1: 50.47 mrr: 64.69, ndcg: 70.11, took: 3.28s
Epoch 6, 12.5%	 loss: 2.131 acc@1: 49.38 mrr: 64.06, ndcg: 69.65, took: 3.60s
Epoch 6, 15.7%	 loss: 2.183 acc@1: 49.34 mrr: 63.27, ndcg: 68.80, took: 3.31s
Epoch 6, 18.8%	 loss: 2.211 acc@1: 50.39 mrr: 63.97, ndcg: 69.06, took: 3.71s
Epoch 6, 21.9%	 loss: 2.144 acc@1: 51.68 mrr: 64.96, ndcg: 69.98, took: 3.30s
Epoch 6, 25.1%	 loss: 2.091 acc@1: 50.59 mrr: 64.83, ndcg: 70.11, took: 3.15s
Epoch 6, 28.2%	 loss: 2.173 acc@1: 49.34 mrr: 63.75, ndcg: 69.04, took: 3.16s
Epoch 6, 31.3%	 loss: 2.089 acc@1: 50.51 mrr: 64.75, ndcg: 70.01, took: 3.11s
Epoch 6, 34.5%	 loss: 2.150 acc@1: 49.49 mrr: 63.66, ndcg: 69.12, took: 3.26s
Epoch 6, 37.6%	 loss: 2.169 acc@1: 48.32 mrr: 63.09, ndcg: 68.76, took: 3.36s
Epoch 6, 40.8%	 loss: 2.221 acc@1: 49.26 mrr: 63.20, ndcg: 68.48, took: 3.12s
Epoch 6, 43.9%	 loss: 2.133 acc@1: 48.12 mrr: 63.25, ndcg: 69.10, took: 3.09s
Epoch 6, 47.0%	 loss: 2.080 acc@1: 50.94 mrr: 64.98, ndcg: 70.25, took: 3.20s
Epoch 6, 50.2%	 loss: 2.148 acc@1: 49.77 mrr: 64.12, ndcg: 69.61, took: 3.42s
Epoch 6, 53.3%	 loss: 2.164 acc@1: 50.47 mrr: 64.33, ndcg: 69.66, took: 3.09s
Epoch 6, 56.4%	 loss: 2.150 acc@1: 49.80 mrr: 64.13, ndcg: 69.48, took: 3.36s
Epoch 6, 59.6%	 loss: 2.128 acc@1: 51.17 mrr: 64.93, ndcg: 69.98, took: 3.08s
Epoch 6, 62.7%	 loss: 2.118 acc@1: 51.17 mrr: 64.95, ndcg: 70.17, took: 3.28s
Epoch 6, 65.8%	 loss: 2.189 acc@1: 49.26 mrr: 63.50, ndcg: 68.91, took: 3.07s
Epoch 6, 69.0%	 loss: 2.212 acc@1: 48.52 mrr: 62.99, ndcg: 68.38, took: 3.33s
Epoch 6, 72.1%	 loss: 2.210 acc@1: 49.49 mrr: 63.59, ndcg: 68.71, took: 3.20s
Epoch 6, 75.2%	 loss: 2.012 acc@1: 52.38 mrr: 66.17, ndcg: 71.31, took: 3.21s
Epoch 6, 78.4%	 loss: 2.140 acc@1: 50.86 mrr: 64.62, ndcg: 69.94, took: 3.12s
Epoch 6, 81.5%	 loss: 2.154 acc@1: 50.82 mrr: 64.31, ndcg: 69.54, took: 3.27s
Epoch 6, 84.6%	 loss: 2.144 acc@1: 50.66 mrr: 64.63, ndcg: 69.78, took: 3.34s
Epoch 6, 87.8%	 loss: 2.307 acc@1: 46.60 mrr: 61.47, ndcg: 67.07, took: 3.19s
Epoch 6, 90.9%	 loss: 2.222 acc@1: 48.32 mrr: 63.03, ndcg: 68.28, took: 3.41s
Epoch 6, 94.0%	 loss: 2.191 acc@1: 48.63 mrr: 63.06, ndcg: 68.51, took: 3.34s
Epoch 6, 97.2%	 loss: 2.200 acc@1: 49.65 mrr: 63.62, ndcg: 68.98, took: 3.39s
Validation - loss: 2.8793, acc@1: 49.89%, f1: 41.33%, mrr: 62.14%, ndcg: 66.94%
Current learning rate: 0.000917

=== Epoch 7 ===
Epoch 7, 3.1%	 loss: 2.074 acc@1: 50.98 mrr: 64.67, ndcg: 69.93, took: 3.37s
Epoch 7, 6.3%	 loss: 2.076 acc@1: 51.37 mrr: 64.92, ndcg: 70.15, took: 3.46s
Epoch 7, 9.4%	 loss: 2.035 acc@1: 52.66 mrr: 65.72, ndcg: 70.74, took: 3.25s
Epoch 7, 12.5%	 loss: 2.048 acc@1: 52.11 mrr: 65.53, ndcg: 70.57, took: 3.45s
Epoch 7, 15.7%	 loss: 2.055 acc@1: 50.12 mrr: 64.54, ndcg: 70.11, took: 3.29s
Epoch 7, 18.8%	 loss: 2.105 acc@1: 49.88 mrr: 63.90, ndcg: 69.39, took: 3.31s
Epoch 7, 21.9%	 loss: 1.993 acc@1: 51.91 mrr: 65.81, ndcg: 70.92, took: 3.12s
Epoch 7, 25.1%	 loss: 2.011 acc@1: 51.68 mrr: 65.49, ndcg: 70.92, took: 3.34s
Epoch 7, 28.2%	 loss: 2.001 acc@1: 52.85 mrr: 66.15, ndcg: 71.17, took: 3.18s
Epoch 7, 31.3%	 loss: 1.966 acc@1: 52.81 mrr: 66.38, ndcg: 71.62, took: 3.11s
Epoch 7, 34.5%	 loss: 2.019 acc@1: 51.21 mrr: 65.24, ndcg: 70.42, took: 3.31s
Epoch 7, 37.6%	 loss: 2.024 acc@1: 51.45 mrr: 65.29, ndcg: 70.54, took: 3.33s
Epoch 7, 40.8%	 loss: 2.035 acc@1: 50.78 mrr: 65.05, ndcg: 70.46, took: 3.69s
Epoch 7, 43.9%	 loss: 2.052 acc@1: 50.51 mrr: 64.74, ndcg: 70.21, took: 3.37s
Epoch 7, 47.0%	 loss: 2.001 acc@1: 50.94 mrr: 65.25, ndcg: 70.60, took: 3.07s
Epoch 7, 50.2%	 loss: 2.091 acc@1: 50.90 mrr: 64.81, ndcg: 69.88, took: 3.32s
Epoch 7, 53.3%	 loss: 2.067 acc@1: 50.62 mrr: 64.54, ndcg: 69.89, took: 3.21s
Epoch 7, 56.4%	 loss: 1.989 acc@1: 51.95 mrr: 65.93, ndcg: 71.30, took: 3.44s
Epoch 7, 59.6%	 loss: 2.063 acc@1: 51.88 mrr: 65.25, ndcg: 70.27, took: 2.76s
Epoch 7, 62.7%	 loss: 2.035 acc@1: 51.95 mrr: 65.67, ndcg: 70.74, took: 3.32s
Epoch 7, 65.8%	 loss: 2.134 acc@1: 50.47 mrr: 64.07, ndcg: 69.20, took: 3.15s
Epoch 7, 69.0%	 loss: 2.043 acc@1: 51.56 mrr: 65.33, ndcg: 70.44, took: 3.39s
Epoch 7, 72.1%	 loss: 2.044 acc@1: 51.60 mrr: 65.24, ndcg: 70.53, took: 3.09s
Epoch 7, 75.2%	 loss: 2.146 acc@1: 49.61 mrr: 63.52, ndcg: 68.87, took: 3.29s
Epoch 7, 78.4%	 loss: 2.117 acc@1: 49.57 mrr: 63.74, ndcg: 69.07, took: 3.30s
Epoch 7, 81.5%	 loss: 2.083 acc@1: 50.35 mrr: 64.44, ndcg: 69.66, took: 3.39s
Epoch 7, 84.6%	 loss: 2.116 acc@1: 49.65 mrr: 63.93, ndcg: 69.36, took: 3.11s
Epoch 7, 87.8%	 loss: 2.137 acc@1: 51.25 mrr: 64.65, ndcg: 69.74, took: 3.26s
Epoch 7, 90.9%	 loss: 2.053 acc@1: 51.72 mrr: 65.47, ndcg: 70.41, took: 3.49s
Epoch 7, 94.0%	 loss: 2.119 acc@1: 50.23 mrr: 64.19, ndcg: 69.49, took: 3.22s
Epoch 7, 97.2%	 loss: 2.056 acc@1: 50.04 mrr: 64.56, ndcg: 70.00, took: 3.32s
Validation - loss: 2.8465, acc@1: 50.53%, f1: 42.51%, mrr: 62.61%, ndcg: 67.30%
Current learning rate: 0.000896

=== Epoch 8 ===
Epoch 8, 3.1%	 loss: 1.950 acc@1: 52.66 mrr: 66.10, ndcg: 71.47, took: 3.32s
Epoch 8, 6.3%	 loss: 1.974 acc@1: 51.88 mrr: 65.72, ndcg: 71.10, took: 3.19s
Epoch 8, 9.4%	 loss: 2.043 acc@1: 50.94 mrr: 64.65, ndcg: 70.03, took: 3.45s
Epoch 8, 12.5%	 loss: 1.956 acc@1: 52.54 mrr: 65.95, ndcg: 70.97, took: 3.38s
Epoch 8, 15.7%	 loss: 1.963 acc@1: 52.03 mrr: 65.70, ndcg: 71.10, took: 3.35s
Epoch 8, 18.8%	 loss: 1.954 acc@1: 51.21 mrr: 65.61, ndcg: 71.25, took: 3.14s
Epoch 8, 21.9%	 loss: 2.018 acc@1: 51.41 mrr: 65.25, ndcg: 70.49, took: 3.42s
Epoch 8, 25.1%	 loss: 1.908 acc@1: 52.66 mrr: 66.56, ndcg: 71.77, took: 3.20s
Epoch 8, 28.2%	 loss: 1.939 acc@1: 52.46 mrr: 66.26, ndcg: 71.41, took: 3.28s
Epoch 8, 31.3%	 loss: 2.002 acc@1: 51.29 mrr: 65.00, ndcg: 70.28, took: 3.25s
Epoch 8, 34.5%	 loss: 2.004 acc@1: 50.98 mrr: 64.94, ndcg: 70.29, took: 3.17s
Epoch 8, 37.6%	 loss: 1.896 acc@1: 53.75 mrr: 67.13, ndcg: 72.24, took: 3.36s
Epoch 8, 40.8%	 loss: 1.992 acc@1: 51.29 mrr: 65.28, ndcg: 70.52, took: 3.19s
Epoch 8, 43.9%	 loss: 1.913 acc@1: 53.32 mrr: 66.78, ndcg: 71.85, took: 3.14s
Epoch 8, 47.0%	 loss: 1.985 acc@1: 50.62 mrr: 64.88, ndcg: 70.46, took: 3.15s
Epoch 8, 50.2%	 loss: 1.962 acc@1: 51.52 mrr: 65.56, ndcg: 70.93, took: 3.23s
Epoch 8, 53.3%	 loss: 2.053 acc@1: 51.64 mrr: 65.02, ndcg: 69.95, took: 3.13s
Epoch 8, 56.4%	 loss: 2.002 acc@1: 51.76 mrr: 65.36, ndcg: 70.48, took: 3.15s
Epoch 8, 59.6%	 loss: 1.974 acc@1: 52.03 mrr: 65.73, ndcg: 70.81, took: 3.26s
Epoch 8, 62.7%	 loss: 2.050 acc@1: 50.04 mrr: 64.15, ndcg: 69.45, took: 2.63s
Epoch 8, 65.8%	 loss: 2.013 acc@1: 50.70 mrr: 64.72, ndcg: 70.27, took: 3.13s
Epoch 8, 69.0%	 loss: 1.937 acc@1: 54.14 mrr: 66.94, ndcg: 72.03, took: 3.44s
Epoch 8, 72.1%	 loss: 2.000 acc@1: 51.95 mrr: 65.44, ndcg: 70.52, took: 3.48s
Epoch 8, 75.2%	 loss: 2.005 acc@1: 52.23 mrr: 65.61, ndcg: 70.67, took: 3.47s
Epoch 8, 78.4%	 loss: 1.984 acc@1: 50.82 mrr: 64.99, ndcg: 70.32, took: 3.20s
Epoch 8, 81.5%	 loss: 2.071 acc@1: 50.98 mrr: 64.50, ndcg: 69.73, took: 3.20s
Epoch 8, 84.6%	 loss: 2.084 acc@1: 51.45 mrr: 64.67, ndcg: 69.82, took: 3.37s
Epoch 8, 87.8%	 loss: 1.987 acc@1: 52.23 mrr: 65.76, ndcg: 70.97, took: 3.44s
Epoch 8, 90.9%	 loss: 1.920 acc@1: 54.73 mrr: 67.56, ndcg: 72.48, took: 3.38s
Epoch 8, 94.0%	 loss: 2.012 acc@1: 51.29 mrr: 65.28, ndcg: 70.61, took: 3.17s
Epoch 8, 97.2%	 loss: 1.962 acc@1: 51.60 mrr: 65.70, ndcg: 71.05, took: 3.30s
Validation - loss: 2.8689, acc@1: 50.46%, f1: 42.52%, mrr: 62.73%, ndcg: 67.48%
Current learning rate: 0.000875

=== Epoch 9 ===
Epoch 9, 3.1%	 loss: 1.909 acc@1: 52.77 mrr: 66.59, ndcg: 71.74, took: 3.30s
Epoch 9, 6.3%	 loss: 1.895 acc@1: 53.36 mrr: 66.82, ndcg: 72.08, took: 3.15s
Epoch 9, 9.4%	 loss: 1.887 acc@1: 53.28 mrr: 66.88, ndcg: 71.94, took: 3.41s
Epoch 9, 12.5%	 loss: 1.802 acc@1: 55.55 mrr: 68.49, ndcg: 73.65, took: 3.42s
Epoch 9, 15.7%	 loss: 1.964 acc@1: 51.60 mrr: 65.33, ndcg: 70.56, took: 3.00s
Epoch 9, 18.8%	 loss: 1.889 acc@1: 52.93 mrr: 66.74, ndcg: 72.08, took: 3.20s
Epoch 9, 21.9%	 loss: 1.982 acc@1: 50.59 mrr: 64.71, ndcg: 69.99, took: 3.17s
Epoch 9, 25.1%	 loss: 1.917 acc@1: 53.12 mrr: 66.42, ndcg: 71.73, took: 3.17s
Epoch 9, 28.2%	 loss: 2.000 acc@1: 51.05 mrr: 65.00, ndcg: 70.43, took: 3.16s
Epoch 9, 31.3%	 loss: 1.935 acc@1: 52.81 mrr: 66.11, ndcg: 71.26, took: 3.22s
Epoch 9, 34.5%	 loss: 1.898 acc@1: 53.48 mrr: 66.86, ndcg: 71.97, took: 3.20s
Epoch 9, 37.6%	 loss: 1.915 acc@1: 52.97 mrr: 66.48, ndcg: 71.75, took: 3.27s
Epoch 9, 40.8%	 loss: 1.897 acc@1: 54.22 mrr: 67.00, ndcg: 71.93, took: 3.28s
Epoch 9, 43.9%	 loss: 1.850 acc@1: 54.38 mrr: 67.61, ndcg: 72.53, took: 3.20s
Epoch 9, 47.0%	 loss: 1.891 acc@1: 54.49 mrr: 67.32, ndcg: 72.24, took: 3.37s
Epoch 9, 50.2%	 loss: 1.918 acc@1: 52.46 mrr: 66.27, ndcg: 71.61, took: 3.46s
Epoch 9, 53.3%	 loss: 1.955 acc@1: 53.44 mrr: 66.12, ndcg: 70.99, took: 3.22s
Epoch 9, 56.4%	 loss: 1.919 acc@1: 52.23 mrr: 66.03, ndcg: 71.41, took: 3.18s
Epoch 9, 59.6%	 loss: 1.900 acc@1: 52.81 mrr: 66.30, ndcg: 71.45, took: 3.53s
Epoch 9, 62.7%	 loss: 2.000 acc@1: 51.02 mrr: 64.95, ndcg: 70.24, took: 3.26s
Epoch 9, 65.8%	 loss: 1.967 acc@1: 52.07 mrr: 65.78, ndcg: 70.98, took: 3.10s
Epoch 9, 69.0%	 loss: 1.970 acc@1: 52.77 mrr: 66.02, ndcg: 70.98, took: 3.12s
Epoch 9, 72.1%	 loss: 1.964 acc@1: 52.93 mrr: 66.00, ndcg: 71.04, took: 3.49s
Epoch 9, 75.2%	 loss: 1.955 acc@1: 53.09 mrr: 66.22, ndcg: 71.54, took: 3.26s
Epoch 9, 78.4%	 loss: 2.001 acc@1: 53.05 mrr: 65.73, ndcg: 70.70, took: 3.38s
Epoch 9, 81.5%	 loss: 1.888 acc@1: 53.63 mrr: 67.00, ndcg: 72.19, took: 3.12s
Epoch 9, 84.6%	 loss: 1.921 acc@1: 52.15 mrr: 65.93, ndcg: 71.22, took: 3.30s
Epoch 9, 87.8%	 loss: 1.915 acc@1: 51.56 mrr: 65.82, ndcg: 71.27, took: 3.31s
Epoch 9, 90.9%	 loss: 1.896 acc@1: 53.83 mrr: 67.23, ndcg: 72.41, took: 3.29s
Epoch 9, 94.0%	 loss: 1.896 acc@1: 52.77 mrr: 66.63, ndcg: 71.96, took: 3.42s
Epoch 9, 97.2%	 loss: 1.971 acc@1: 53.52 mrr: 66.48, ndcg: 71.31, took: 3.22s
Validation - loss: 2.8803, acc@1: 50.68%, f1: 42.76%, mrr: 62.84%, ndcg: 67.52%
Current learning rate: 0.000854

=== Epoch 10 ===
Epoch 10, 3.1%	 loss: 1.841 acc@1: 54.14 mrr: 67.43, ndcg: 72.72, took: 3.01s
Epoch 10, 6.3%	 loss: 1.827 acc@1: 54.10 mrr: 67.55, ndcg: 72.81, took: 3.20s
Epoch 10, 9.4%	 loss: 1.753 acc@1: 56.13 mrr: 69.00, ndcg: 74.06, took: 3.25s
Epoch 10, 12.5%	 loss: 1.818 acc@1: 54.69 mrr: 67.98, ndcg: 73.05, took: 3.20s
Epoch 10, 15.7%	 loss: 1.913 acc@1: 52.66 mrr: 66.16, ndcg: 71.43, took: 3.41s
Epoch 10, 18.8%	 loss: 1.840 acc@1: 54.06 mrr: 67.50, ndcg: 72.70, took: 3.20s
Epoch 10, 21.9%	 loss: 1.831 acc@1: 53.55 mrr: 67.19, ndcg: 72.55, took: 3.34s
Epoch 10, 25.1%	 loss: 1.807 acc@1: 55.47 mrr: 68.09, ndcg: 73.15, took: 3.16s
Epoch 10, 28.2%	 loss: 1.944 acc@1: 51.68 mrr: 65.45, ndcg: 70.72, took: 3.44s
Epoch 10, 31.3%	 loss: 1.803 acc@1: 54.77 mrr: 68.01, ndcg: 73.21, took: 3.01s
Epoch 10, 34.5%	 loss: 1.831 acc@1: 53.20 mrr: 66.97, ndcg: 72.24, took: 3.28s
Epoch 10, 37.6%	 loss: 1.824 acc@1: 54.38 mrr: 67.44, ndcg: 72.45, took: 3.25s
Epoch 10, 40.8%	 loss: 1.864 acc@1: 55.12 mrr: 67.52, ndcg: 72.46, took: 3.29s
Epoch 10, 43.9%	 loss: 1.869 acc@1: 54.10 mrr: 67.18, ndcg: 72.21, took: 3.31s
Epoch 10, 47.0%	 loss: 1.846 acc@1: 53.67 mrr: 67.19, ndcg: 72.20, took: 3.44s
Epoch 10, 50.2%	 loss: 1.908 acc@1: 53.05 mrr: 66.40, ndcg: 71.51, took: 3.39s
Epoch 10, 53.3%	 loss: 1.953 acc@1: 51.29 mrr: 65.21, ndcg: 70.53, took: 3.31s
Epoch 10, 56.4%	 loss: 1.870 acc@1: 52.62 mrr: 66.38, ndcg: 71.86, took: 3.25s
Epoch 10, 59.6%	 loss: 1.851 acc@1: 54.30 mrr: 67.31, ndcg: 72.39, took: 3.38s
Epoch 10, 62.7%	 loss: 1.829 acc@1: 55.08 mrr: 68.09, ndcg: 73.08, took: 3.27s
Epoch 10, 65.8%	 loss: 1.855 acc@1: 53.36 mrr: 66.91, ndcg: 72.11, took: 3.17s
Epoch 10, 69.0%	 loss: 1.907 acc@1: 53.32 mrr: 66.51, ndcg: 71.49, took: 3.42s
Epoch 10, 72.1%	 loss: 1.952 acc@1: 52.19 mrr: 65.53, ndcg: 70.76, took: 3.33s
Epoch 10, 75.2%	 loss: 1.874 acc@1: 54.38 mrr: 67.15, ndcg: 72.09, took: 3.34s
Epoch 10, 78.4%	 loss: 1.851 acc@1: 55.47 mrr: 67.84, ndcg: 72.73, took: 2.92s
Epoch 10, 81.5%	 loss: 1.903 acc@1: 54.22 mrr: 66.92, ndcg: 71.85, took: 2.81s
Epoch 10, 84.6%	 loss: 1.883 acc@1: 53.28 mrr: 66.65, ndcg: 71.99, took: 2.91s
Epoch 10, 87.8%	 loss: 1.886 acc@1: 54.06 mrr: 67.07, ndcg: 72.12, took: 2.96s
Epoch 10, 90.9%	 loss: 2.037 acc@1: 51.68 mrr: 64.87, ndcg: 69.92, took: 2.83s
Epoch 10, 94.0%	 loss: 1.922 acc@1: 53.71 mrr: 66.69, ndcg: 71.66, took: 2.87s
Epoch 10, 97.2%	 loss: 1.960 acc@1: 52.93 mrr: 66.00, ndcg: 71.18, took: 2.67s
Validation - loss: 2.8882, acc@1: 50.46%, f1: 43.10%, mrr: 62.59%, ndcg: 67.34%
Current learning rate: 0.000833

=== Epoch 11 ===
Epoch 11, 3.1%	 loss: 1.767 acc@1: 54.34 mrr: 67.90, ndcg: 73.54, took: 2.85s
Epoch 11, 6.3%	 loss: 1.813 acc@1: 53.28 mrr: 67.02, ndcg: 72.42, took: 2.70s
Epoch 11, 9.4%	 loss: 1.750 acc@1: 54.65 mrr: 68.16, ndcg: 73.58, took: 2.88s
Epoch 11, 12.5%	 loss: 1.868 acc@1: 53.16 mrr: 66.71, ndcg: 71.92, took: 2.49s
Epoch 11, 15.7%	 loss: 1.784 acc@1: 55.31 mrr: 67.92, ndcg: 73.16, took: 2.82s
Epoch 11, 18.8%	 loss: 1.784 acc@1: 54.80 mrr: 67.98, ndcg: 73.08, took: 2.83s
Epoch 11, 21.9%	 loss: 1.847 acc@1: 54.65 mrr: 67.53, ndcg: 72.66, took: 2.74s
Epoch 11, 25.1%	 loss: 1.728 acc@1: 56.52 mrr: 69.32, ndcg: 74.31, took: 2.66s
Epoch 11, 28.2%	 loss: 1.779 acc@1: 54.65 mrr: 68.06, ndcg: 73.25, took: 3.19s
Epoch 11, 31.3%	 loss: 1.780 acc@1: 55.59 mrr: 68.33, ndcg: 73.47, took: 2.63s
Epoch 11, 34.5%	 loss: 1.852 acc@1: 54.49 mrr: 67.28, ndcg: 72.33, took: 2.92s
Epoch 11, 37.6%	 loss: 1.857 acc@1: 53.12 mrr: 66.44, ndcg: 71.73, took: 2.84s
Epoch 11, 40.8%	 loss: 1.832 acc@1: 54.73 mrr: 67.54, ndcg: 72.54, took: 2.96s
Epoch 11, 43.9%	 loss: 1.782 acc@1: 54.53 mrr: 67.94, ndcg: 73.33, took: 2.88s
Epoch 11, 47.0%	 loss: 1.837 acc@1: 54.10 mrr: 67.07, ndcg: 72.23, took: 2.70s
Epoch 11, 50.2%	 loss: 1.763 acc@1: 56.33 mrr: 68.93, ndcg: 73.93, took: 2.63s
Epoch 11, 53.3%	 loss: 1.889 acc@1: 53.44 mrr: 66.45, ndcg: 71.64, took: 2.99s
Epoch 11, 56.4%	 loss: 1.813 acc@1: 54.77 mrr: 67.97, ndcg: 73.10, took: 2.70s
Epoch 11, 59.6%	 loss: 1.847 acc@1: 53.91 mrr: 66.96, ndcg: 72.06, took: 2.62s
Epoch 11, 62.7%	 loss: 1.789 acc@1: 55.08 mrr: 68.31, ndcg: 73.43, took: 2.66s
Epoch 11, 65.8%	 loss: 1.779 acc@1: 56.17 mrr: 68.66, ndcg: 73.61, took: 2.65s
Epoch 11, 69.0%	 loss: 1.909 acc@1: 53.44 mrr: 66.39, ndcg: 71.43, took: 2.73s
Epoch 11, 72.1%	 loss: 1.890 acc@1: 54.61 mrr: 67.15, ndcg: 72.10, took: 2.84s
Epoch 11, 75.2%	 loss: 1.851 acc@1: 54.53 mrr: 67.69, ndcg: 72.62, took: 2.84s
Epoch 11, 78.4%	 loss: 1.844 acc@1: 53.87 mrr: 67.03, ndcg: 72.07, took: 2.57s
Epoch 11, 81.5%	 loss: 1.894 acc@1: 53.44 mrr: 66.59, ndcg: 71.67, took: 2.79s
Epoch 11, 84.6%	 loss: 1.868 acc@1: 52.50 mrr: 66.29, ndcg: 71.69, took: 2.61s
Epoch 11, 87.8%	 loss: 1.861 acc@1: 53.87 mrr: 67.12, ndcg: 72.27, took: 2.68s
Epoch 11, 90.9%	 loss: 1.809 acc@1: 54.96 mrr: 68.24, ndcg: 73.29, took: 2.57s
Epoch 11, 94.0%	 loss: 1.901 acc@1: 52.85 mrr: 66.36, ndcg: 71.68, took: 2.98s
Epoch 11, 97.2%	 loss: 1.820 acc@1: 55.12 mrr: 67.94, ndcg: 73.01, took: 2.66s
Validation - loss: 2.9060, acc@1: 50.65%, f1: 43.45%, mrr: 62.72%, ndcg: 67.35%
Current learning rate: 0.000813

=== Epoch 12 ===
Epoch 12, 3.1%	 loss: 1.762 acc@1: 55.82 mrr: 68.55, ndcg: 73.80, took: 2.65s
Epoch 12, 6.3%	 loss: 1.765 acc@1: 55.08 mrr: 68.15, ndcg: 73.45, took: 2.83s
Epoch 12, 9.4%	 loss: 1.744 acc@1: 54.92 mrr: 68.23, ndcg: 73.47, took: 2.90s
Epoch 12, 12.5%	 loss: 1.733 acc@1: 54.06 mrr: 67.94, ndcg: 73.41, took: 2.87s
Epoch 12, 15.7%	 loss: 1.675 acc@1: 56.76 mrr: 69.49, ndcg: 74.86, took: 2.55s
Epoch 12, 18.8%	 loss: 1.719 acc@1: 56.02 mrr: 69.14, ndcg: 74.26, took: 2.63s
Epoch 12, 21.9%	 loss: 1.808 acc@1: 53.24 mrr: 66.95, ndcg: 72.36, took: 2.74s
Epoch 12, 25.1%	 loss: 1.754 acc@1: 54.96 mrr: 68.05, ndcg: 73.24, took: 2.36s
Epoch 12, 28.2%	 loss: 1.780 acc@1: 55.35 mrr: 68.24, ndcg: 73.37, took: 2.35s
Epoch 12, 31.3%	 loss: 1.749 acc@1: 55.51 mrr: 68.37, ndcg: 73.58, took: 2.57s
Epoch 12, 34.5%	 loss: 1.739 acc@1: 55.98 mrr: 68.99, ndcg: 74.17, took: 2.36s
Epoch 12, 37.6%	 loss: 1.818 acc@1: 54.53 mrr: 67.49, ndcg: 72.41, took: 2.54s
Epoch 12, 40.8%	 loss: 1.795 acc@1: 53.95 mrr: 67.23, ndcg: 72.47, took: 2.50s
Epoch 12, 43.9%	 loss: 1.758 acc@1: 54.18 mrr: 67.88, ndcg: 73.27, took: 2.42s
Epoch 12, 47.0%	 loss: 1.807 acc@1: 54.34 mrr: 67.48, ndcg: 72.60, took: 2.41s
Epoch 12, 50.2%	 loss: 1.823 acc@1: 54.34 mrr: 67.53, ndcg: 72.69, took: 2.47s
Epoch 12, 53.3%	 loss: 1.740 acc@1: 56.25 mrr: 68.89, ndcg: 73.95, took: 2.28s
Epoch 12, 56.4%	 loss: 1.726 acc@1: 56.29 mrr: 69.11, ndcg: 74.19, took: 2.38s
Epoch 12, 59.6%	 loss: 1.892 acc@1: 53.12 mrr: 66.29, ndcg: 71.56, took: 2.41s
Epoch 12, 62.7%	 loss: 1.748 acc@1: 56.84 mrr: 69.22, ndcg: 73.96, took: 2.78s
Epoch 12, 65.8%	 loss: 1.802 acc@1: 54.65 mrr: 67.78, ndcg: 73.04, took: 2.37s
Epoch 12, 69.0%	 loss: 1.779 acc@1: 55.08 mrr: 68.10, ndcg: 73.34, took: 2.56s
Epoch 12, 72.1%	 loss: 1.792 acc@1: 55.00 mrr: 67.88, ndcg: 73.06, took: 2.30s
Epoch 12, 75.2%	 loss: 1.788 acc@1: 54.45 mrr: 67.82, ndcg: 73.12, took: 2.39s
Epoch 12, 78.4%	 loss: 1.848 acc@1: 53.52 mrr: 66.98, ndcg: 72.13, took: 2.58s
Epoch 12, 81.5%	 loss: 1.794 acc@1: 56.17 mrr: 68.39, ndcg: 73.23, took: 2.34s
Epoch 12, 84.6%	 loss: 1.816 acc@1: 55.74 mrr: 68.16, ndcg: 73.16, took: 2.35s
Epoch 12, 87.8%	 loss: 1.820 acc@1: 54.84 mrr: 67.81, ndcg: 72.90, took: 2.37s
Epoch 12, 90.9%	 loss: 1.774 acc@1: 54.41 mrr: 67.90, ndcg: 73.10, took: 2.30s
Epoch 12, 94.0%	 loss: 1.847 acc@1: 53.36 mrr: 66.78, ndcg: 71.94, took: 2.40s
Epoch 12, 97.2%	 loss: 1.807 acc@1: 54.57 mrr: 67.93, ndcg: 73.01, took: 2.36s
Validation - loss: 2.9306, acc@1: 50.49%, f1: 43.51%, mrr: 62.44%, ndcg: 67.10%
Current learning rate: 0.000079

=== Epoch 13 ===
Epoch 13, 3.1%	 loss: 1.965 acc@1: 51.05 mrr: 65.32, ndcg: 70.79, took: 2.41s
Epoch 13, 6.3%	 loss: 1.956 acc@1: 51.80 mrr: 65.51, ndcg: 70.75, took: 2.41s
Epoch 13, 9.4%	 loss: 1.919 acc@1: 52.85 mrr: 66.40, ndcg: 71.53, took: 2.33s
Epoch 13, 12.5%	 loss: 1.937 acc@1: 52.07 mrr: 65.98, ndcg: 71.33, took: 2.38s
Epoch 13, 15.7%	 loss: 2.004 acc@1: 50.94 mrr: 64.96, ndcg: 70.25, took: 2.45s
Epoch 13, 18.8%	 loss: 2.000 acc@1: 51.37 mrr: 65.18, ndcg: 70.61, took: 2.32s
Epoch 13, 21.9%	 loss: 1.932 acc@1: 51.84 mrr: 65.77, ndcg: 71.26, took: 2.42s
Epoch 13, 25.1%	 loss: 1.917 acc@1: 53.20 mrr: 66.74, ndcg: 71.94, took: 2.31s
Epoch 13, 28.2%	 loss: 1.949 acc@1: 52.89 mrr: 66.11, ndcg: 71.22, took: 2.52s
Epoch 13, 31.3%	 loss: 1.947 acc@1: 51.33 mrr: 65.44, ndcg: 70.79, took: 2.33s
Epoch 13, 34.5%	 loss: 1.935 acc@1: 52.66 mrr: 66.20, ndcg: 71.40, took: 2.55s
Epoch 13, 37.6%	 loss: 1.955 acc@1: 52.73 mrr: 66.18, ndcg: 71.43, took: 2.33s
Epoch 13, 40.8%	 loss: 1.813 acc@1: 54.57 mrr: 68.02, ndcg: 73.18, took: 2.48s
Epoch 13, 43.9%	 loss: 1.935 acc@1: 52.85 mrr: 66.43, ndcg: 71.76, took: 2.40s
Epoch 13, 47.0%	 loss: 1.951 acc@1: 51.68 mrr: 65.61, ndcg: 70.97, took: 2.30s
Epoch 13, 50.2%	 loss: 1.865 acc@1: 54.02 mrr: 67.50, ndcg: 72.77, took: 2.20s
Epoch 13, 53.3%	 loss: 1.925 acc@1: 53.59 mrr: 66.78, ndcg: 71.97, took: 2.44s
Epoch 13, 56.4%	 loss: 1.877 acc@1: 52.97 mrr: 66.99, ndcg: 72.46, took: 2.13s
Epoch 13, 59.6%	 loss: 1.983 acc@1: 51.02 mrr: 65.31, ndcg: 70.76, took: 2.27s
Epoch 13, 62.7%	 loss: 1.891 acc@1: 52.81 mrr: 66.50, ndcg: 71.81, took: 2.32s
Epoch 13, 65.8%	 loss: 1.951 acc@1: 51.52 mrr: 65.56, ndcg: 71.01, took: 2.44s
Epoch 13, 69.0%	 loss: 1.923 acc@1: 53.16 mrr: 66.75, ndcg: 71.87, took: 2.24s
Epoch 13, 72.1%	 loss: 1.924 acc@1: 52.66 mrr: 66.46, ndcg: 71.79, took: 2.52s
Epoch 13, 75.2%	 loss: 1.870 acc@1: 54.77 mrr: 67.64, ndcg: 72.74, took: 2.40s
Epoch 13, 78.4%	 loss: 1.986 acc@1: 52.30 mrr: 65.47, ndcg: 70.48, took: 2.33s
Epoch 13, 81.5%	 loss: 1.921 acc@1: 52.38 mrr: 66.05, ndcg: 71.23, took: 2.34s
Epoch 13, 84.6%	 loss: 1.968 acc@1: 52.54 mrr: 66.24, ndcg: 71.41, took: 2.51s
Epoch 13, 87.8%	 loss: 1.894 acc@1: 52.73 mrr: 66.47, ndcg: 71.78, took: 2.14s
Epoch 13, 90.9%	 loss: 1.913 acc@1: 53.55 mrr: 66.84, ndcg: 72.01, took: 2.50s
Epoch 13, 94.0%	 loss: 1.882 acc@1: 53.52 mrr: 67.05, ndcg: 72.27, took: 2.59s
Epoch 13, 97.2%	 loss: 1.900 acc@1: 53.98 mrr: 67.19, ndcg: 72.43, took: 2.35s
Validation - loss: 2.8411, acc@1: 51.04%, f1: 42.92%, mrr: 63.14%, ndcg: 67.73%
Current learning rate: 0.000079

=== Epoch 14 ===
Epoch 14, 3.1%	 loss: 1.935 acc@1: 52.34 mrr: 66.03, ndcg: 71.23, took: 2.68s
Epoch 14, 6.3%	 loss: 1.891 acc@1: 52.73 mrr: 66.77, ndcg: 72.12, took: 2.33s
Epoch 14, 9.4%	 loss: 1.851 acc@1: 52.93 mrr: 66.86, ndcg: 72.34, took: 2.51s
Epoch 14, 12.5%	 loss: 1.942 acc@1: 52.27 mrr: 66.00, ndcg: 71.27, took: 2.56s
Epoch 14, 15.7%	 loss: 1.944 acc@1: 50.82 mrr: 65.10, ndcg: 70.59, took: 2.26s
Epoch 14, 18.8%	 loss: 1.915 acc@1: 54.41 mrr: 67.44, ndcg: 72.38, took: 2.26s
Epoch 14, 21.9%	 loss: 1.901 acc@1: 53.28 mrr: 67.00, ndcg: 72.13, took: 2.51s
Epoch 14, 25.1%	 loss: 1.911 acc@1: 52.85 mrr: 66.49, ndcg: 71.76, took: 2.52s
Epoch 14, 28.2%	 loss: 1.929 acc@1: 52.54 mrr: 66.13, ndcg: 71.45, took: 2.35s
Epoch 14, 31.3%	 loss: 1.872 acc@1: 53.16 mrr: 66.77, ndcg: 72.03, took: 2.52s
Epoch 14, 34.5%	 loss: 1.927 acc@1: 53.55 mrr: 66.79, ndcg: 71.84, took: 2.42s
Epoch 14, 37.6%	 loss: 1.895 acc@1: 53.09 mrr: 66.63, ndcg: 71.90, took: 2.34s
Epoch 14, 40.8%	 loss: 1.864 acc@1: 54.02 mrr: 67.31, ndcg: 72.57, took: 2.38s
Epoch 14, 43.9%	 loss: 1.938 acc@1: 51.76 mrr: 65.88, ndcg: 71.36, took: 2.30s
Epoch 14, 47.0%	 loss: 1.928 acc@1: 53.52 mrr: 66.67, ndcg: 71.59, took: 2.40s
Epoch 14, 50.2%	 loss: 1.875 acc@1: 52.54 mrr: 66.58, ndcg: 72.07, took: 2.43s
Epoch 14, 53.3%	 loss: 1.906 acc@1: 52.27 mrr: 66.16, ndcg: 71.59, took: 2.52s
Epoch 14, 56.4%	 loss: 1.972 acc@1: 51.17 mrr: 65.24, ndcg: 70.72, took: 2.33s
Epoch 14, 59.6%	 loss: 1.967 acc@1: 49.88 mrr: 64.39, ndcg: 70.04, took: 2.60s
Epoch 14, 62.7%	 loss: 1.912 acc@1: 52.34 mrr: 66.12, ndcg: 71.56, took: 2.52s
Epoch 14, 65.8%	 loss: 1.893 acc@1: 53.87 mrr: 67.09, ndcg: 72.14, took: 2.39s
Epoch 14, 69.0%	 loss: 1.950 acc@1: 52.11 mrr: 65.80, ndcg: 71.05, took: 2.43s
Epoch 14, 72.1%	 loss: 1.951 acc@1: 51.37 mrr: 65.42, ndcg: 70.88, took: 2.53s
Epoch 14, 75.2%	 loss: 1.985 acc@1: 50.90 mrr: 64.89, ndcg: 70.39, took: 2.46s
Epoch 14, 78.4%	 loss: 1.866 acc@1: 54.65 mrr: 67.72, ndcg: 72.65, took: 2.41s
Epoch 14, 81.5%	 loss: 1.878 acc@1: 53.24 mrr: 66.94, ndcg: 72.02, took: 2.39s
Epoch 14, 84.6%	 loss: 1.874 acc@1: 54.49 mrr: 67.56, ndcg: 72.43, took: 2.42s
Epoch 14, 87.8%	 loss: 1.945 acc@1: 51.80 mrr: 65.76, ndcg: 71.05, took: 2.38s
Epoch 14, 90.9%	 loss: 1.828 acc@1: 53.28 mrr: 67.47, ndcg: 72.90, took: 2.44s
Epoch 14, 94.0%	 loss: 1.884 acc@1: 54.22 mrr: 67.50, ndcg: 72.52, took: 2.55s
Epoch 14, 97.2%	 loss: 1.897 acc@1: 52.07 mrr: 66.15, ndcg: 71.47, took: 2.27s
Validation - loss: 2.8404, acc@1: 50.49%, f1: 42.38%, mrr: 62.89%, ndcg: 67.58%
Current learning rate: 0.000079

=== Epoch 15 ===
Epoch 15, 3.1%	 loss: 1.922 acc@1: 52.93 mrr: 66.60, ndcg: 71.88, took: 2.55s
Epoch 15, 6.3%	 loss: 1.929 acc@1: 52.73 mrr: 66.21, ndcg: 71.68, took: 2.41s
Epoch 15, 9.4%	 loss: 1.922 acc@1: 52.46 mrr: 66.22, ndcg: 71.51, took: 2.55s
Epoch 15, 12.5%	 loss: 1.864 acc@1: 54.96 mrr: 67.75, ndcg: 72.64, took: 2.70s
Epoch 15, 15.7%	 loss: 1.928 acc@1: 51.68 mrr: 65.70, ndcg: 71.18, took: 2.39s
Epoch 15, 18.8%	 loss: 1.958 acc@1: 51.13 mrr: 65.27, ndcg: 70.62, took: 2.37s
Epoch 15, 21.9%	 loss: 1.837 acc@1: 53.55 mrr: 67.56, ndcg: 72.68, took: 2.38s
Epoch 15, 25.1%	 loss: 1.882 acc@1: 53.05 mrr: 66.46, ndcg: 71.93, took: 2.44s
Epoch 15, 28.2%	 loss: 1.860 acc@1: 53.59 mrr: 67.20, ndcg: 72.28, took: 2.45s
Epoch 15, 31.3%	 loss: 1.872 acc@1: 53.28 mrr: 66.92, ndcg: 72.11, took: 2.27s
Epoch 15, 34.5%	 loss: 1.874 acc@1: 55.16 mrr: 68.08, ndcg: 72.91, took: 2.44s
Epoch 15, 37.6%	 loss: 1.894 acc@1: 53.36 mrr: 66.88, ndcg: 72.12, took: 2.55s
Epoch 15, 40.8%	 loss: 1.906 acc@1: 52.77 mrr: 66.51, ndcg: 71.75, took: 2.35s
Epoch 15, 43.9%	 loss: 1.919 acc@1: 53.01 mrr: 66.42, ndcg: 71.56, took: 2.20s
Epoch 15, 47.0%	 loss: 1.920 acc@1: 52.97 mrr: 66.68, ndcg: 71.99, took: 1.93s
Epoch 15, 50.2%	 loss: 1.872 acc@1: 53.95 mrr: 67.49, ndcg: 72.62, took: 2.12s
Epoch 15, 53.3%	 loss: 1.930 acc@1: 52.07 mrr: 65.92, ndcg: 71.18, took: 2.28s
Epoch 15, 56.4%	 loss: 1.882 acc@1: 53.95 mrr: 67.29, ndcg: 72.25, took: 2.09s
Epoch 15, 59.6%	 loss: 1.934 acc@1: 51.95 mrr: 65.79, ndcg: 71.22, took: 2.08s
Epoch 15, 62.7%	 loss: 1.877 acc@1: 52.85 mrr: 66.62, ndcg: 72.08, took: 2.05s
Epoch 15, 65.8%	 loss: 1.933 acc@1: 52.58 mrr: 66.01, ndcg: 71.45, took: 1.99s
Epoch 15, 69.0%	 loss: 1.913 acc@1: 53.48 mrr: 66.76, ndcg: 71.87, took: 1.99s
Epoch 15, 72.1%	 loss: 1.855 acc@1: 53.71 mrr: 67.38, ndcg: 72.64, took: 2.15s
Epoch 15, 75.2%	 loss: 1.885 acc@1: 52.42 mrr: 66.12, ndcg: 71.44, took: 1.86s
Epoch 15, 78.4%	 loss: 1.887 acc@1: 54.34 mrr: 67.33, ndcg: 72.51, took: 1.89s
Epoch 15, 81.5%	 loss: 1.891 acc@1: 53.05 mrr: 66.63, ndcg: 71.99, took: 2.02s
Epoch 15, 84.6%	 loss: 1.951 acc@1: 50.98 mrr: 65.19, ndcg: 70.76, took: 1.87s
Epoch 15, 87.8%	 loss: 1.892 acc@1: 53.44 mrr: 67.03, ndcg: 72.30, took: 2.26s
Epoch 15, 90.9%	 loss: 1.858 acc@1: 53.52 mrr: 67.24, ndcg: 72.53, took: 1.97s
Epoch 15, 94.0%	 loss: 1.958 acc@1: 52.50 mrr: 65.95, ndcg: 71.22, took: 2.06s
Epoch 15, 97.2%	 loss: 1.919 acc@1: 52.93 mrr: 66.33, ndcg: 71.57, took: 2.08s
Validation - loss: 2.8401, acc@1: 50.78%, f1: 42.75%, mrr: 63.11%, ndcg: 67.74%
Current learning rate: 0.000079

=== Epoch 16 ===
Epoch 16, 3.1%	 loss: 1.844 acc@1: 53.87 mrr: 67.38, ndcg: 72.55, took: 1.98s
Epoch 16, 6.3%	 loss: 1.880 acc@1: 54.65 mrr: 67.52, ndcg: 72.55, took: 2.00s
Epoch 16, 9.4%	 loss: 1.965 acc@1: 51.56 mrr: 65.41, ndcg: 70.66, took: 2.09s
Epoch 16, 12.5%	 loss: 1.905 acc@1: 52.23 mrr: 66.02, ndcg: 71.43, took: 2.00s
Epoch 16, 15.7%	 loss: 1.811 acc@1: 53.98 mrr: 67.88, ndcg: 73.14, took: 1.94s
Epoch 16, 18.8%	 loss: 1.898 acc@1: 52.81 mrr: 66.54, ndcg: 71.87, took: 1.95s
Epoch 16, 21.9%	 loss: 1.937 acc@1: 52.77 mrr: 66.15, ndcg: 71.42, took: 1.87s
Epoch 16, 25.1%	 loss: 1.855 acc@1: 53.91 mrr: 67.19, ndcg: 72.61, took: 2.09s
Epoch 16, 28.2%	 loss: 1.915 acc@1: 53.36 mrr: 66.64, ndcg: 71.68, took: 1.95s
Epoch 16, 31.3%	 loss: 1.879 acc@1: 53.12 mrr: 66.67, ndcg: 72.05, took: 1.95s
Epoch 16, 34.5%	 loss: 1.854 acc@1: 53.75 mrr: 67.48, ndcg: 72.77, took: 2.02s
Epoch 16, 37.6%	 loss: 1.910 acc@1: 52.89 mrr: 66.48, ndcg: 71.73, took: 1.94s
Epoch 16, 40.8%	 loss: 1.914 acc@1: 52.77 mrr: 66.42, ndcg: 71.69, took: 1.82s
Epoch 16, 43.9%	 loss: 1.891 acc@1: 53.28 mrr: 66.80, ndcg: 72.07, took: 2.10s
Epoch 16, 47.0%	 loss: 1.918 acc@1: 52.15 mrr: 66.17, ndcg: 71.42, took: 2.07s
Epoch 16, 50.2%	 loss: 1.845 acc@1: 54.06 mrr: 67.67, ndcg: 72.90, took: 2.02s
Epoch 16, 53.3%	 loss: 1.920 acc@1: 51.84 mrr: 65.81, ndcg: 71.23, took: 2.03s
Epoch 16, 56.4%	 loss: 1.935 acc@1: 54.26 mrr: 66.96, ndcg: 71.80, took: 2.21s
Epoch 16, 59.6%	 loss: 1.947 acc@1: 51.91 mrr: 65.46, ndcg: 70.79, took: 1.95s
Epoch 16, 62.7%	 loss: 1.919 acc@1: 52.62 mrr: 66.33, ndcg: 71.71, took: 1.87s
Epoch 16, 65.8%	 loss: 1.926 acc@1: 52.66 mrr: 66.43, ndcg: 71.73, took: 1.93s
Epoch 16, 69.0%	 loss: 1.896 acc@1: 53.75 mrr: 66.96, ndcg: 72.06, took: 2.00s
Epoch 16, 72.1%	 loss: 1.910 acc@1: 53.24 mrr: 66.64, ndcg: 71.76, took: 1.97s
Epoch 16, 75.2%	 loss: 1.839 acc@1: 53.48 mrr: 66.99, ndcg: 72.36, took: 2.00s
Epoch 16, 78.4%	 loss: 1.983 acc@1: 49.84 mrr: 64.49, ndcg: 70.34, took: 2.01s
Epoch 16, 81.5%	 loss: 1.882 acc@1: 53.32 mrr: 67.00, ndcg: 72.35, took: 1.92s
Epoch 16, 84.6%	 loss: 1.908 acc@1: 52.62 mrr: 66.26, ndcg: 71.55, took: 2.14s
Epoch 16, 87.8%	 loss: 1.859 acc@1: 54.53 mrr: 67.78, ndcg: 72.86, took: 2.08s
Epoch 16, 90.9%	 loss: 1.869 acc@1: 54.26 mrr: 67.42, ndcg: 72.60, took: 1.99s
Epoch 16, 94.0%	 loss: 1.857 acc@1: 53.55 mrr: 67.17, ndcg: 72.45, took: 2.04s
Epoch 16, 97.2%	 loss: 1.894 acc@1: 53.20 mrr: 66.74, ndcg: 72.02, took: 1.70s
Validation - loss: 2.8411, acc@1: 50.53%, f1: 42.46%, mrr: 62.97%, ndcg: 67.68%
Current learning rate: 0.000079

=== Epoch 17 ===
Epoch 17, 3.1%	 loss: 1.933 acc@1: 52.62 mrr: 66.31, ndcg: 71.61, took: 1.99s
Epoch 17, 6.3%	 loss: 1.902 acc@1: 52.73 mrr: 66.50, ndcg: 71.71, took: 2.06s
Epoch 17, 9.4%	 loss: 1.897 acc@1: 53.20 mrr: 66.77, ndcg: 71.86, took: 1.90s
Epoch 17, 12.5%	 loss: 1.922 acc@1: 52.30 mrr: 65.83, ndcg: 71.16, took: 1.98s
Epoch 17, 15.7%	 loss: 1.848 acc@1: 53.52 mrr: 67.24, ndcg: 72.48, took: 1.85s
Epoch 17, 18.8%	 loss: 1.853 acc@1: 54.02 mrr: 67.32, ndcg: 72.41, took: 2.15s
Epoch 17, 21.9%	 loss: 1.882 acc@1: 54.65 mrr: 67.59, ndcg: 72.52, took: 2.00s
Epoch 17, 25.1%	 loss: 1.829 acc@1: 53.71 mrr: 67.39, ndcg: 72.73, took: 1.93s
Epoch 17, 28.2%	 loss: 2.027 acc@1: 51.05 mrr: 64.58, ndcg: 69.93, took: 2.22s
Epoch 17, 31.3%	 loss: 1.924 acc@1: 51.99 mrr: 65.97, ndcg: 71.19, took: 1.97s
Epoch 17, 34.5%	 loss: 1.830 acc@1: 54.84 mrr: 67.93, ndcg: 72.95, took: 1.99s
Epoch 17, 37.6%	 loss: 1.914 acc@1: 51.84 mrr: 65.80, ndcg: 71.25, took: 2.33s
Epoch 17, 40.8%	 loss: 1.848 acc@1: 54.18 mrr: 67.50, ndcg: 72.54, took: 2.07s
Epoch 17, 43.9%	 loss: 1.932 acc@1: 52.89 mrr: 66.34, ndcg: 71.59, took: 1.93s
Epoch 17, 47.0%	 loss: 1.852 acc@1: 53.71 mrr: 67.26, ndcg: 72.80, took: 2.04s
Epoch 17, 50.2%	 loss: 1.931 acc@1: 53.63 mrr: 66.75, ndcg: 71.86, took: 1.96s
Epoch 17, 53.3%	 loss: 1.867 acc@1: 53.32 mrr: 67.13, ndcg: 72.63, took: 1.91s
Epoch 17, 56.4%	 loss: 1.920 acc@1: 53.01 mrr: 66.50, ndcg: 71.70, took: 1.99s
Epoch 17, 59.6%	 loss: 1.910 acc@1: 53.91 mrr: 66.80, ndcg: 71.91, took: 2.07s
Epoch 17, 62.7%	 loss: 1.840 acc@1: 54.65 mrr: 67.81, ndcg: 72.92, took: 1.88s
Epoch 17, 65.8%	 loss: 1.871 acc@1: 53.20 mrr: 66.91, ndcg: 72.18, took: 2.06s
Epoch 17, 69.0%	 loss: 1.929 acc@1: 53.05 mrr: 66.45, ndcg: 71.71, took: 2.10s
Epoch 17, 72.1%	 loss: 1.887 acc@1: 52.19 mrr: 66.37, ndcg: 71.69, took: 1.99s
Epoch 17, 75.2%	 loss: 1.818 acc@1: 52.50 mrr: 66.79, ndcg: 72.44, took: 1.96s
Epoch 17, 78.4%	 loss: 1.856 acc@1: 53.05 mrr: 66.96, ndcg: 72.32, took: 1.91s
Epoch 17, 81.5%	 loss: 1.860 acc@1: 53.36 mrr: 67.10, ndcg: 72.33, took: 2.14s
Epoch 17, 84.6%	 loss: 1.827 acc@1: 55.59 mrr: 68.26, ndcg: 73.29, took: 1.94s
Epoch 17, 87.8%	 loss: 1.874 acc@1: 53.83 mrr: 67.10, ndcg: 72.21, took: 1.90s
Epoch 17, 90.9%	 loss: 1.846 acc@1: 53.95 mrr: 67.42, ndcg: 72.69, took: 2.00s
Epoch 17, 94.0%	 loss: 1.801 acc@1: 53.05 mrr: 67.39, ndcg: 72.81, took: 1.94s
Epoch 17, 97.2%	 loss: 1.901 acc@1: 53.12 mrr: 66.66, ndcg: 72.01, took: 2.08s
Validation - loss: 2.8410, acc@1: 50.75%, f1: 42.72%, mrr: 63.12%, ndcg: 67.77%
Current learning rate: 0.000079

=== Epoch 18 ===
Epoch 18, 3.1%	 loss: 1.849 acc@1: 53.48 mrr: 67.27, ndcg: 72.56, took: 2.15s
Epoch 18, 6.3%	 loss: 1.903 acc@1: 53.24 mrr: 66.53, ndcg: 71.64, took: 1.95s
Epoch 18, 9.4%	 loss: 1.912 acc@1: 54.61 mrr: 67.16, ndcg: 72.17, took: 2.03s
Epoch 18, 12.5%	 loss: 1.846 acc@1: 54.45 mrr: 67.64, ndcg: 72.85, took: 2.00s
Epoch 18, 15.7%	 loss: 1.889 acc@1: 52.03 mrr: 66.17, ndcg: 71.75, took: 1.80s
Epoch 18, 18.8%	 loss: 1.891 acc@1: 54.02 mrr: 66.99, ndcg: 72.16, took: 2.07s
Epoch 18, 21.9%	 loss: 1.886 acc@1: 53.09 mrr: 66.67, ndcg: 71.97, took: 2.16s
Epoch 18, 25.1%	 loss: 1.903 acc@1: 51.95 mrr: 66.06, ndcg: 71.50, took: 1.81s
Epoch 18, 28.2%	 loss: 1.888 acc@1: 54.34 mrr: 67.23, ndcg: 72.28, took: 1.99s
Epoch 18, 31.3%	 loss: 1.935 acc@1: 51.37 mrr: 65.50, ndcg: 70.95, took: 2.00s
Epoch 18, 34.5%	 loss: 1.783 acc@1: 54.10 mrr: 68.05, ndcg: 73.47, took: 2.06s
Epoch 18, 37.6%	 loss: 1.855 acc@1: 53.55 mrr: 67.19, ndcg: 72.52, took: 2.11s
Epoch 18, 40.8%	 loss: 1.849 acc@1: 53.71 mrr: 67.21, ndcg: 72.40, took: 2.11s
Epoch 18, 43.9%	 loss: 1.844 acc@1: 54.69 mrr: 67.87, ndcg: 72.96, took: 2.09s
Epoch 18, 47.0%	 loss: 1.857 acc@1: 52.34 mrr: 66.70, ndcg: 72.17, took: 1.96s
Epoch 18, 50.2%	 loss: 1.908 acc@1: 53.32 mrr: 66.57, ndcg: 71.63, took: 2.03s
Epoch 18, 53.3%	 loss: 1.832 acc@1: 53.28 mrr: 67.06, ndcg: 72.36, took: 1.90s
Epoch 18, 56.4%	 loss: 1.884 acc@1: 52.77 mrr: 66.69, ndcg: 72.01, took: 2.04s
Epoch 18, 59.6%	 loss: 1.845 acc@1: 55.00 mrr: 67.92, ndcg: 72.91, took: 2.19s
Epoch 18, 62.7%	 loss: 1.891 acc@1: 53.12 mrr: 66.70, ndcg: 72.05, took: 1.84s
Epoch 18, 65.8%	 loss: 1.939 acc@1: 53.05 mrr: 66.22, ndcg: 71.49, took: 1.72s
Epoch 18, 69.0%	 loss: 1.869 acc@1: 52.77 mrr: 66.62, ndcg: 71.92, took: 2.00s
Epoch 18, 72.1%	 loss: 1.894 acc@1: 53.24 mrr: 66.66, ndcg: 71.71, took: 2.03s
Epoch 18, 75.2%	 loss: 1.877 acc@1: 53.05 mrr: 66.87, ndcg: 72.14, took: 1.97s
Epoch 18, 78.4%	 loss: 1.852 acc@1: 52.73 mrr: 67.05, ndcg: 72.42, took: 2.13s
Epoch 18, 81.5%	 loss: 1.936 acc@1: 52.11 mrr: 65.92, ndcg: 71.24, took: 2.08s
Epoch 18, 84.6%	 loss: 1.821 acc@1: 53.52 mrr: 67.35, ndcg: 72.64, took: 1.98s
Epoch 18, 87.8%	 loss: 1.876 acc@1: 52.42 mrr: 66.28, ndcg: 71.76, took: 1.96s
Epoch 18, 90.9%	 loss: 1.867 acc@1: 54.57 mrr: 67.49, ndcg: 72.41, took: 2.05s
Epoch 18, 94.0%	 loss: 1.895 acc@1: 53.28 mrr: 66.94, ndcg: 72.13, took: 2.17s
Epoch 18, 97.2%	 loss: 1.876 acc@1: 53.05 mrr: 66.96, ndcg: 72.32, took: 2.01s
Validation - loss: 2.8390, acc@1: 50.53%, f1: 42.55%, mrr: 62.95%, ndcg: 67.64%
Current learning rate: 0.000079

=== Epoch 19 ===
Epoch 19, 3.1%	 loss: 1.858 acc@1: 52.03 mrr: 66.55, ndcg: 72.08, took: 1.94s
Epoch 19, 6.3%	 loss: 1.835 acc@1: 53.75 mrr: 67.35, ndcg: 72.54, took: 1.96s
Epoch 19, 9.4%	 loss: 1.827 acc@1: 53.05 mrr: 67.16, ndcg: 72.66, took: 1.78s
Epoch 19, 12.5%	 loss: 1.827 acc@1: 54.65 mrr: 67.65, ndcg: 72.83, took: 2.00s
Epoch 19, 15.7%	 loss: 1.913 acc@1: 52.19 mrr: 65.94, ndcg: 71.35, took: 2.06s
Epoch 19, 18.8%	 loss: 1.899 acc@1: 52.62 mrr: 66.56, ndcg: 71.80, took: 2.27s
Epoch 19, 21.9%	 loss: 1.839 acc@1: 53.52 mrr: 67.42, ndcg: 72.74, took: 2.02s
Epoch 19, 25.1%	 loss: 1.893 acc@1: 53.16 mrr: 66.94, ndcg: 72.17, took: 2.04s
Epoch 19, 28.2%	 loss: 1.955 acc@1: 51.29 mrr: 65.40, ndcg: 70.82, took: 2.01s
Epoch 19, 31.3%	 loss: 1.834 acc@1: 54.61 mrr: 67.84, ndcg: 72.90, took: 1.78s
Epoch 19, 34.5%	 loss: 1.842 acc@1: 53.20 mrr: 67.18, ndcg: 72.56, took: 2.22s
Epoch 19, 37.6%	 loss: 1.927 acc@1: 52.81 mrr: 66.35, ndcg: 71.50, took: 2.06s
Epoch 19, 40.8%	 loss: 1.938 acc@1: 51.21 mrr: 65.15, ndcg: 70.55, took: 2.17s
Epoch 19, 43.9%	 loss: 1.979 acc@1: 50.98 mrr: 65.04, ndcg: 70.52, took: 2.11s
Epoch 19, 47.0%	 loss: 1.867 acc@1: 53.91 mrr: 67.17, ndcg: 72.38, took: 2.15s
Epoch 19, 50.2%	 loss: 1.837 acc@1: 54.26 mrr: 67.53, ndcg: 72.83, took: 2.07s
Epoch 19, 53.3%	 loss: 1.888 acc@1: 53.63 mrr: 66.97, ndcg: 72.24, took: 1.98s
Epoch 19, 56.4%	 loss: 1.835 acc@1: 54.77 mrr: 67.62, ndcg: 72.62, took: 1.84s
Epoch 19, 59.6%	 loss: 1.838 acc@1: 54.34 mrr: 67.73, ndcg: 72.98, took: 2.16s
Epoch 19, 62.7%	 loss: 1.858 acc@1: 53.98 mrr: 67.35, ndcg: 72.52, took: 1.99s
Epoch 19, 65.8%	 loss: 1.843 acc@1: 52.89 mrr: 66.87, ndcg: 72.27, took: 1.97s
Epoch 19, 69.0%	 loss: 1.924 acc@1: 53.67 mrr: 66.80, ndcg: 71.90, took: 2.26s
Epoch 19, 72.1%	 loss: 1.849 acc@1: 53.75 mrr: 67.25, ndcg: 72.56, took: 2.31s
Epoch 19, 75.2%	 loss: 1.878 acc@1: 52.46 mrr: 66.20, ndcg: 71.59, took: 1.79s
Epoch 19, 78.4%	 loss: 1.819 acc@1: 53.95 mrr: 67.50, ndcg: 72.75, took: 1.91s
Epoch 19, 81.5%	 loss: 1.889 acc@1: 53.16 mrr: 66.71, ndcg: 71.97, took: 2.03s
Epoch 19, 84.6%	 loss: 1.819 acc@1: 54.84 mrr: 68.05, ndcg: 73.19, took: 1.96s
Epoch 19, 87.8%	 loss: 1.897 acc@1: 52.97 mrr: 66.66, ndcg: 71.95, took: 2.20s
Epoch 19, 90.9%	 loss: 1.934 acc@1: 53.36 mrr: 66.39, ndcg: 71.44, took: 2.06s
Epoch 19, 94.0%	 loss: 1.832 acc@1: 54.06 mrr: 67.43, ndcg: 72.65, took: 2.01s
Epoch 19, 97.2%	 loss: 1.895 acc@1: 52.97 mrr: 66.53, ndcg: 71.81, took: 2.10s
Validation - loss: 2.8388, acc@1: 50.40%, f1: 42.43%, mrr: 62.92%, ndcg: 67.61%
Current learning rate: 0.000079

=== Epoch 20 ===
Epoch 20, 3.1%	 loss: 1.866 acc@1: 53.20 mrr: 67.01, ndcg: 72.39, took: 2.15s
Epoch 20, 6.3%	 loss: 1.802 acc@1: 54.53 mrr: 67.81, ndcg: 73.08, took: 1.96s
Epoch 20, 9.4%	 loss: 1.844 acc@1: 53.16 mrr: 66.96, ndcg: 72.25, took: 2.03s
Epoch 20, 12.5%	 loss: 1.894 acc@1: 53.16 mrr: 66.84, ndcg: 72.12, took: 2.08s
Epoch 20, 15.7%	 loss: 1.878 acc@1: 53.52 mrr: 66.91, ndcg: 72.02, took: 2.14s
Epoch 20, 18.8%	 loss: 1.787 acc@1: 56.05 mrr: 68.98, ndcg: 73.93, took: 2.06s
Epoch 20, 21.9%	 loss: 1.842 acc@1: 54.34 mrr: 67.41, ndcg: 72.51, took: 2.11s
Epoch 20, 25.1%	 loss: 1.863 acc@1: 54.02 mrr: 67.09, ndcg: 72.37, took: 2.07s
Epoch 20, 28.2%	 loss: 1.843 acc@1: 53.83 mrr: 67.59, ndcg: 72.81, took: 1.90s
Epoch 20, 31.3%	 loss: 1.929 acc@1: 52.11 mrr: 65.67, ndcg: 71.09, took: 2.01s
Epoch 20, 34.5%	 loss: 1.898 acc@1: 52.19 mrr: 66.24, ndcg: 71.73, took: 1.91s
Epoch 20, 37.6%	 loss: 1.879 acc@1: 53.75 mrr: 66.99, ndcg: 72.21, took: 2.06s
Epoch 20, 40.8%	 loss: 1.897 acc@1: 53.09 mrr: 66.56, ndcg: 71.74, took: 2.11s
Epoch 20, 43.9%	 loss: 1.934 acc@1: 52.50 mrr: 66.05, ndcg: 71.37, took: 1.96s
Epoch 20, 47.0%	 loss: 1.814 acc@1: 54.49 mrr: 68.18, ndcg: 73.40, took: 1.79s
Epoch 20, 50.2%	 loss: 1.879 acc@1: 54.26 mrr: 67.19, ndcg: 72.36, took: 1.92s
Epoch 20, 53.3%	 loss: 1.873 acc@1: 52.93 mrr: 66.66, ndcg: 71.87, took: 1.95s
Epoch 20, 56.4%	 loss: 1.926 acc@1: 53.44 mrr: 66.53, ndcg: 71.67, took: 1.97s
Epoch 20, 59.6%	 loss: 1.876 acc@1: 52.42 mrr: 66.24, ndcg: 71.71, took: 2.17s
Epoch 20, 62.7%	 loss: 1.784 acc@1: 54.18 mrr: 67.83, ndcg: 73.31, took: 2.02s
Epoch 20, 65.8%	 loss: 1.836 acc@1: 52.81 mrr: 67.09, ndcg: 72.49, took: 2.02s
Epoch 20, 69.0%	 loss: 1.820 acc@1: 55.20 mrr: 68.36, ndcg: 73.29, took: 2.18s
Epoch 20, 72.1%	 loss: 1.956 acc@1: 51.37 mrr: 65.48, ndcg: 70.98, took: 2.22s
Epoch 20, 75.2%	 loss: 1.880 acc@1: 52.38 mrr: 66.14, ndcg: 71.81, took: 2.00s
Epoch 20, 78.4%	 loss: 1.859 acc@1: 53.87 mrr: 67.41, ndcg: 72.53, took: 2.16s
Epoch 20, 81.5%	 loss: 1.835 acc@1: 54.10 mrr: 67.57, ndcg: 72.73, took: 2.17s
Epoch 20, 84.6%	 loss: 1.877 acc@1: 53.40 mrr: 67.04, ndcg: 72.29, took: 2.07s
Epoch 20, 87.8%	 loss: 1.902 acc@1: 52.93 mrr: 66.46, ndcg: 71.64, took: 2.05s
Epoch 20, 90.9%	 loss: 1.839 acc@1: 53.36 mrr: 66.97, ndcg: 72.28, took: 2.00s
Epoch 20, 94.0%	 loss: 1.809 acc@1: 55.78 mrr: 68.51, ndcg: 73.75, took: 2.22s
Epoch 20, 97.2%	 loss: 1.827 acc@1: 55.12 mrr: 68.16, ndcg: 73.17, took: 2.05s
Validation - loss: 2.8381, acc@1: 50.88%, f1: 42.68%, mrr: 63.17%, ndcg: 67.84%
Current learning rate: 0.000079

=== Epoch 21 ===
Epoch 21, 3.1%	 loss: 1.794 acc@1: 55.12 mrr: 68.22, ndcg: 73.47, took: 2.15s
Epoch 21, 6.3%	 loss: 1.852 acc@1: 53.12 mrr: 67.06, ndcg: 72.50, took: 2.00s
Epoch 21, 9.4%	 loss: 1.849 acc@1: 52.30 mrr: 66.49, ndcg: 71.99, took: 1.93s
Epoch 21, 12.5%	 loss: 1.860 acc@1: 53.59 mrr: 67.11, ndcg: 72.28, took: 2.11s
Epoch 21, 15.7%	 loss: 1.838 acc@1: 53.87 mrr: 67.22, ndcg: 72.39, took: 2.10s
Epoch 21, 18.8%	 loss: 1.914 acc@1: 52.54 mrr: 66.29, ndcg: 71.63, took: 2.10s
Epoch 21, 21.9%	 loss: 1.855 acc@1: 54.10 mrr: 67.40, ndcg: 72.47, took: 2.11s
Epoch 21, 25.1%	 loss: 1.826 acc@1: 54.57 mrr: 67.77, ndcg: 72.91, took: 2.03s
Epoch 21, 28.2%	 loss: 1.832 acc@1: 53.32 mrr: 67.26, ndcg: 72.55, took: 2.01s
Epoch 21, 31.3%	 loss: 1.866 acc@1: 52.70 mrr: 66.51, ndcg: 71.93, took: 2.20s
Epoch 21, 34.5%	 loss: 1.827 acc@1: 54.65 mrr: 67.82, ndcg: 72.80, took: 1.88s
Epoch 21, 37.6%	 loss: 1.870 acc@1: 53.44 mrr: 67.09, ndcg: 72.33, took: 1.95s
Epoch 21, 40.8%	 loss: 1.827 acc@1: 53.79 mrr: 67.48, ndcg: 72.74, took: 1.99s
Epoch 21, 43.9%	 loss: 1.927 acc@1: 51.60 mrr: 65.43, ndcg: 70.74, took: 1.99s
Epoch 21, 47.0%	 loss: 1.765 acc@1: 55.08 mrr: 68.51, ndcg: 73.61, took: 1.96s
Epoch 21, 50.2%	 loss: 1.834 acc@1: 53.71 mrr: 67.34, ndcg: 72.58, took: 2.17s
Epoch 21, 53.3%	 loss: 1.844 acc@1: 53.01 mrr: 66.99, ndcg: 72.41, took: 2.06s
Epoch 21, 56.4%	 loss: 1.833 acc@1: 53.55 mrr: 67.44, ndcg: 72.72, took: 2.02s
Epoch 21, 59.6%	 loss: 1.866 acc@1: 52.89 mrr: 66.66, ndcg: 72.11, took: 2.04s
Epoch 21, 62.7%	 loss: 1.914 acc@1: 53.28 mrr: 66.41, ndcg: 71.48, took: 1.85s
Epoch 21, 65.8%	 loss: 1.882 acc@1: 53.79 mrr: 67.01, ndcg: 72.12, took: 1.92s
Epoch 21, 69.0%	 loss: 1.844 acc@1: 54.14 mrr: 67.78, ndcg: 72.96, took: 1.90s
Epoch 21, 72.1%	 loss: 1.859 acc@1: 54.06 mrr: 67.58, ndcg: 72.87, took: 2.02s
Epoch 21, 75.2%	 loss: 1.876 acc@1: 53.09 mrr: 66.59, ndcg: 71.87, took: 1.95s
Epoch 21, 78.4%	 loss: 1.857 acc@1: 54.26 mrr: 67.25, ndcg: 72.49, took: 2.01s
Epoch 21, 81.5%	 loss: 1.878 acc@1: 53.28 mrr: 66.75, ndcg: 71.93, took: 1.96s
Epoch 21, 84.6%	 loss: 1.898 acc@1: 52.46 mrr: 66.29, ndcg: 71.82, took: 2.03s
Epoch 21, 87.8%	 loss: 1.834 acc@1: 54.18 mrr: 67.59, ndcg: 72.79, took: 2.11s
Epoch 21, 90.9%	 loss: 1.823 acc@1: 54.26 mrr: 67.88, ndcg: 73.07, took: 2.08s
Epoch 21, 94.0%	 loss: 1.929 acc@1: 51.91 mrr: 65.86, ndcg: 71.26, took: 2.11s
Epoch 21, 97.2%	 loss: 1.788 acc@1: 55.47 mrr: 68.40, ndcg: 73.52, took: 1.75s
Validation - loss: 2.8389, acc@1: 50.68%, f1: 42.66%, mrr: 63.02%, ndcg: 67.73%
Current learning rate: 0.000079

=== Epoch 22 ===
Epoch 22, 3.1%	 loss: 1.842 acc@1: 52.73 mrr: 66.79, ndcg: 72.13, took: 2.00s
Epoch 22, 6.3%	 loss: 1.858 acc@1: 53.05 mrr: 66.82, ndcg: 72.09, took: 2.06s
Epoch 22, 9.4%	 loss: 1.784 acc@1: 53.98 mrr: 67.76, ndcg: 73.13, took: 1.95s
Epoch 22, 12.5%	 loss: 1.848 acc@1: 53.67 mrr: 67.04, ndcg: 72.39, took: 2.14s
Epoch 22, 15.7%	 loss: 1.864 acc@1: 53.95 mrr: 67.22, ndcg: 72.62, took: 2.08s
Epoch 22, 18.8%	 loss: 1.866 acc@1: 53.79 mrr: 67.01, ndcg: 72.32, took: 2.06s
Epoch 22, 21.9%	 loss: 1.858 acc@1: 54.34 mrr: 67.28, ndcg: 72.47, took: 2.09s
Epoch 22, 25.1%	 loss: 1.826 acc@1: 53.52 mrr: 67.03, ndcg: 72.38, took: 1.98s
Epoch 22, 28.2%	 loss: 1.841 acc@1: 54.65 mrr: 67.75, ndcg: 72.89, took: 2.02s
Epoch 22, 31.3%	 loss: 1.942 acc@1: 51.99 mrr: 65.60, ndcg: 71.06, took: 2.04s
Epoch 22, 34.5%	 loss: 1.839 acc@1: 54.14 mrr: 67.47, ndcg: 72.60, took: 2.19s
Epoch 22, 37.6%	 loss: 1.922 acc@1: 52.66 mrr: 66.35, ndcg: 71.80, took: 1.86s
Epoch 22, 40.8%	 loss: 1.809 acc@1: 55.59 mrr: 68.55, ndcg: 73.55, took: 2.17s
Epoch 22, 43.9%	 loss: 1.815 acc@1: 53.67 mrr: 67.27, ndcg: 72.64, took: 2.12s
Epoch 22, 47.0%	 loss: 1.877 acc@1: 53.36 mrr: 66.87, ndcg: 72.07, took: 1.98s
Epoch 22, 50.2%	 loss: 1.850 acc@1: 54.26 mrr: 67.40, ndcg: 72.59, took: 2.11s
Epoch 22, 53.3%	 loss: 1.779 acc@1: 54.57 mrr: 68.42, ndcg: 73.78, took: 1.88s
Epoch 22, 56.4%	 loss: 1.850 acc@1: 54.22 mrr: 67.54, ndcg: 72.69, took: 2.03s
Epoch 22, 59.6%	 loss: 1.910 acc@1: 51.64 mrr: 65.81, ndcg: 71.26, took: 1.96s
Epoch 22, 62.7%	 loss: 1.852 acc@1: 54.10 mrr: 67.56, ndcg: 72.78, took: 1.99s
Epoch 22, 65.8%	 loss: 1.803 acc@1: 55.74 mrr: 68.57, ndcg: 73.64, took: 2.04s
Epoch 22, 69.0%	 loss: 1.880 acc@1: 53.75 mrr: 67.11, ndcg: 72.21, took: 2.13s
Epoch 22, 72.1%	 loss: 1.904 acc@1: 52.03 mrr: 66.14, ndcg: 71.51, took: 2.08s
Epoch 22, 75.2%	 loss: 1.786 acc@1: 55.12 mrr: 68.38, ndcg: 73.53, took: 2.08s
Epoch 22, 78.4%	 loss: 1.901 acc@1: 54.30 mrr: 67.02, ndcg: 72.12, took: 2.11s
Epoch 22, 81.5%	 loss: 1.827 acc@1: 53.75 mrr: 67.05, ndcg: 72.44, took: 1.80s
Epoch 22, 84.6%	 loss: 1.818 acc@1: 53.98 mrr: 67.59, ndcg: 72.60, took: 1.88s
Epoch 22, 87.8%	 loss: 1.816 acc@1: 54.92 mrr: 68.06, ndcg: 73.28, took: 1.98s
Epoch 22, 90.9%	 loss: 1.876 acc@1: 53.09 mrr: 66.72, ndcg: 72.21, took: 2.20s
Epoch 22, 94.0%	 loss: 1.859 acc@1: 53.16 mrr: 67.02, ndcg: 72.29, took: 2.03s
Epoch 22, 97.2%	 loss: 1.831 acc@1: 53.95 mrr: 67.56, ndcg: 72.82, took: 2.06s
Validation - loss: 2.8411, acc@1: 50.75%, f1: 42.74%, mrr: 63.04%, ndcg: 67.73%
Current learning rate: 0.000079

=== Epoch 23 ===
Epoch 23, 3.1%	 loss: 1.824 acc@1: 54.18 mrr: 67.62, ndcg: 72.91, took: 2.04s
Epoch 23, 6.3%	 loss: 1.795 acc@1: 54.41 mrr: 67.91, ndcg: 73.12, took: 1.97s
Epoch 23, 9.4%	 loss: 1.814 acc@1: 54.69 mrr: 67.65, ndcg: 72.92, took: 1.91s
Epoch 23, 12.5%	 loss: 1.811 acc@1: 55.16 mrr: 68.14, ndcg: 73.27, took: 2.27s
Epoch 23, 15.7%	 loss: 1.843 acc@1: 54.18 mrr: 67.56, ndcg: 72.78, took: 2.01s
Epoch 23, 18.8%	 loss: 1.756 acc@1: 55.23 mrr: 68.71, ndcg: 73.98, took: 1.95s
Epoch 23, 21.9%	 loss: 1.804 acc@1: 53.67 mrr: 67.41, ndcg: 72.78, took: 2.10s
Epoch 23, 25.1%	 loss: 1.858 acc@1: 53.91 mrr: 67.28, ndcg: 72.38, took: 2.28s
Epoch 23, 28.2%	 loss: 1.817 acc@1: 54.69 mrr: 68.00, ndcg: 73.04, took: 1.98s
Epoch 23, 31.3%	 loss: 1.876 acc@1: 53.32 mrr: 67.05, ndcg: 72.40, took: 1.97s
Epoch 23, 34.5%	 loss: 1.870 acc@1: 54.10 mrr: 67.22, ndcg: 72.40, took: 1.89s
Epoch 23, 37.6%	 loss: 1.803 acc@1: 54.45 mrr: 67.96, ndcg: 73.34, took: 2.05s
Epoch 23, 40.8%	 loss: 1.829 acc@1: 53.05 mrr: 66.95, ndcg: 72.43, took: 1.95s
Epoch 23, 43.9%	 loss: 1.834 acc@1: 53.44 mrr: 67.03, ndcg: 72.42, took: 2.01s
Epoch 23, 47.0%	 loss: 1.836 acc@1: 54.65 mrr: 67.90, ndcg: 73.13, took: 2.00s
Epoch 23, 50.2%	 loss: 1.820 acc@1: 54.14 mrr: 67.67, ndcg: 72.84, took: 1.98s
Epoch 23, 53.3%	 loss: 1.813 acc@1: 53.59 mrr: 67.68, ndcg: 73.27, took: 1.85s
Epoch 23, 56.4%	 loss: 1.861 acc@1: 53.83 mrr: 66.79, ndcg: 72.03, took: 2.14s
Epoch 23, 59.6%	 loss: 1.872 acc@1: 53.16 mrr: 66.90, ndcg: 72.31, took: 1.80s
Epoch 23, 62.7%	 loss: 1.914 acc@1: 53.32 mrr: 66.60, ndcg: 71.74, took: 1.90s
Epoch 23, 65.8%	 loss: 1.836 acc@1: 53.79 mrr: 67.60, ndcg: 72.80, took: 1.82s
Epoch 23, 69.0%	 loss: 1.820 acc@1: 53.98 mrr: 67.66, ndcg: 72.96, took: 2.05s
Epoch 23, 72.1%	 loss: 1.845 acc@1: 54.22 mrr: 67.41, ndcg: 72.55, took: 1.97s
Epoch 23, 75.2%	 loss: 1.823 acc@1: 53.12 mrr: 67.09, ndcg: 72.60, took: 2.05s
Epoch 23, 78.4%	 loss: 1.826 acc@1: 54.77 mrr: 67.92, ndcg: 73.12, took: 2.12s
Epoch 23, 81.5%	 loss: 1.862 acc@1: 55.00 mrr: 67.81, ndcg: 72.87, took: 2.12s
Epoch 23, 84.6%	 loss: 1.959 acc@1: 51.37 mrr: 65.21, ndcg: 70.78, took: 2.11s
Epoch 23, 87.8%	 loss: 1.951 acc@1: 51.48 mrr: 64.98, ndcg: 70.23, took: 2.01s
Epoch 23, 90.9%	 loss: 1.843 acc@1: 53.75 mrr: 67.18, ndcg: 72.34, took: 1.91s
Epoch 23, 94.0%	 loss: 1.847 acc@1: 54.41 mrr: 67.28, ndcg: 72.42, took: 1.87s
Epoch 23, 97.2%	 loss: 1.855 acc@1: 52.73 mrr: 66.76, ndcg: 72.22, took: 1.95s
Validation - loss: 2.8453, acc@1: 50.46%, f1: 42.64%, mrr: 62.90%, ndcg: 67.65%
Current learning rate: 0.000008

=== Epoch 24 ===
Epoch 24, 3.1%	 loss: 1.859 acc@1: 53.16 mrr: 66.93, ndcg: 72.16, took: 1.98s
Epoch 24, 6.3%	 loss: 1.839 acc@1: 55.12 mrr: 68.02, ndcg: 73.16, took: 2.13s
Epoch 24, 9.4%	 loss: 1.839 acc@1: 53.40 mrr: 67.19, ndcg: 72.49, took: 2.12s
Epoch 24, 12.5%	 loss: 1.858 acc@1: 54.88 mrr: 67.78, ndcg: 72.67, took: 1.92s
Epoch 24, 15.7%	 loss: 1.845 acc@1: 53.16 mrr: 66.99, ndcg: 72.51, took: 1.92s
Epoch 24, 18.8%	 loss: 1.855 acc@1: 53.36 mrr: 67.03, ndcg: 72.48, took: 1.91s
Epoch 24, 21.9%	 loss: 1.872 acc@1: 52.85 mrr: 66.68, ndcg: 71.87, took: 2.04s
Epoch 24, 25.1%	 loss: 1.885 acc@1: 53.83 mrr: 67.09, ndcg: 72.34, took: 2.14s
Epoch 24, 28.2%	 loss: 1.884 acc@1: 53.98 mrr: 67.20, ndcg: 72.43, took: 1.96s
Epoch 24, 31.3%	 loss: 1.773 acc@1: 55.86 mrr: 68.90, ndcg: 74.11, took: 2.07s
Epoch 24, 34.5%	 loss: 1.851 acc@1: 53.32 mrr: 66.83, ndcg: 72.27, took: 2.08s
Epoch 24, 37.6%	 loss: 1.929 acc@1: 52.66 mrr: 65.97, ndcg: 71.18, took: 2.16s
Epoch 24, 40.8%	 loss: 1.845 acc@1: 54.53 mrr: 67.77, ndcg: 72.92, took: 2.06s
Epoch 24, 43.9%	 loss: 1.827 acc@1: 54.84 mrr: 68.09, ndcg: 73.16, took: 1.96s
Epoch 24, 47.0%	 loss: 1.871 acc@1: 53.28 mrr: 66.65, ndcg: 72.06, took: 2.29s
Epoch 24, 50.2%	 loss: 1.934 acc@1: 52.15 mrr: 65.83, ndcg: 71.24, took: 2.08s
Epoch 24, 53.3%	 loss: 1.841 acc@1: 53.67 mrr: 67.29, ndcg: 72.40, took: 1.94s
Epoch 24, 56.4%	 loss: 1.912 acc@1: 52.66 mrr: 66.13, ndcg: 71.39, took: 2.21s
Epoch 24, 59.6%	 loss: 1.915 acc@1: 50.70 mrr: 65.01, ndcg: 70.68, took: 2.03s
Epoch 24, 62.7%	 loss: 1.901 acc@1: 54.02 mrr: 67.01, ndcg: 72.04, took: 2.03s
Epoch 24, 65.8%	 loss: 1.888 acc@1: 52.42 mrr: 66.31, ndcg: 71.81, took: 2.14s
Epoch 24, 69.0%	 loss: 1.855 acc@1: 53.83 mrr: 67.42, ndcg: 72.55, took: 2.17s
Epoch 24, 72.1%	 loss: 1.855 acc@1: 53.40 mrr: 66.97, ndcg: 72.41, took: 2.23s
Epoch 24, 75.2%	 loss: 1.887 acc@1: 52.23 mrr: 66.35, ndcg: 71.78, took: 1.95s
Epoch 24, 78.4%	 loss: 1.834 acc@1: 55.08 mrr: 68.04, ndcg: 73.04, took: 1.91s
Epoch 24, 81.5%	 loss: 1.821 acc@1: 54.57 mrr: 67.85, ndcg: 73.16, took: 2.24s
Epoch 24, 84.6%	 loss: 1.812 acc@1: 54.41 mrr: 67.86, ndcg: 73.13, took: 2.18s
Epoch 24, 87.8%	 loss: 1.872 acc@1: 52.03 mrr: 66.38, ndcg: 71.90, took: 2.04s
Epoch 24, 90.9%	 loss: 1.852 acc@1: 52.73 mrr: 66.72, ndcg: 72.15, took: 1.99s
Epoch 24, 94.0%	 loss: 1.889 acc@1: 51.95 mrr: 66.11, ndcg: 71.67, took: 1.99s
Epoch 24, 97.2%	 loss: 1.819 acc@1: 54.88 mrr: 68.08, ndcg: 73.12, took: 2.12s
Validation - loss: 2.8393, acc@1: 50.37%, f1: 42.32%, mrr: 62.89%, ndcg: 67.61%
Current learning rate: 0.000008

=== Epoch 25 ===
Epoch 25, 3.1%	 loss: 1.866 acc@1: 51.80 mrr: 66.23, ndcg: 71.85, took: 2.05s
Epoch 25, 6.3%	 loss: 1.816 acc@1: 54.61 mrr: 67.89, ndcg: 72.94, took: 2.00s
Epoch 25, 9.4%	 loss: 1.855 acc@1: 51.95 mrr: 66.63, ndcg: 72.30, took: 2.08s
Epoch 25, 12.5%	 loss: 1.856 acc@1: 54.26 mrr: 67.57, ndcg: 72.73, took: 1.83s
Epoch 25, 15.7%	 loss: 1.843 acc@1: 53.32 mrr: 67.23, ndcg: 72.56, took: 1.66s
Epoch 25, 18.8%	 loss: 1.824 acc@1: 54.41 mrr: 67.89, ndcg: 73.04, took: 1.84s
Epoch 25, 21.9%	 loss: 1.779 acc@1: 54.96 mrr: 68.34, ndcg: 73.46, took: 1.90s
Epoch 25, 25.1%	 loss: 1.862 acc@1: 53.05 mrr: 66.73, ndcg: 72.11, took: 2.04s
Epoch 25, 28.2%	 loss: 1.906 acc@1: 52.19 mrr: 66.13, ndcg: 71.59, took: 2.17s
Epoch 25, 31.3%	 loss: 1.779 acc@1: 55.98 mrr: 68.77, ndcg: 73.92, took: 1.71s
Epoch 25, 34.5%	 loss: 1.837 acc@1: 53.75 mrr: 67.14, ndcg: 72.48, took: 1.86s
Epoch 25, 37.6%	 loss: 1.851 acc@1: 53.79 mrr: 67.25, ndcg: 72.64, took: 1.96s
Epoch 25, 40.8%	 loss: 1.793 acc@1: 54.65 mrr: 68.05, ndcg: 73.29, took: 2.02s
Epoch 25, 43.9%	 loss: 1.907 acc@1: 53.48 mrr: 66.63, ndcg: 72.04, took: 2.26s
Epoch 25, 47.0%	 loss: 1.837 acc@1: 53.87 mrr: 67.35, ndcg: 72.74, took: 2.16s
Epoch 25, 50.2%	 loss: 1.757 acc@1: 54.92 mrr: 68.40, ndcg: 73.49, took: 2.16s
Epoch 25, 53.3%	 loss: 1.855 acc@1: 54.41 mrr: 67.48, ndcg: 72.62, took: 1.99s
Epoch 25, 56.4%	 loss: 1.902 acc@1: 52.27 mrr: 66.06, ndcg: 71.49, took: 2.09s
Epoch 25, 59.6%	 loss: 1.934 acc@1: 52.30 mrr: 65.92, ndcg: 71.32, took: 1.84s
Epoch 25, 62.7%	 loss: 1.865 acc@1: 53.24 mrr: 66.87, ndcg: 72.33, took: 1.99s
Epoch 25, 65.8%	 loss: 1.932 acc@1: 53.05 mrr: 66.40, ndcg: 71.49, took: 2.09s
Epoch 25, 69.0%	 loss: 1.830 acc@1: 54.10 mrr: 67.63, ndcg: 72.67, took: 2.12s
Epoch 25, 72.1%	 loss: 1.858 acc@1: 53.75 mrr: 67.38, ndcg: 72.35, took: 2.08s
Epoch 25, 75.2%	 loss: 1.903 acc@1: 52.62 mrr: 66.44, ndcg: 71.63, took: 2.16s
Epoch 25, 78.4%	 loss: 1.930 acc@1: 52.73 mrr: 66.28, ndcg: 71.55, took: 2.14s
Epoch 25, 81.5%	 loss: 1.859 acc@1: 53.63 mrr: 67.10, ndcg: 72.43, took: 1.99s
Epoch 25, 84.6%	 loss: 1.900 acc@1: 52.89 mrr: 66.34, ndcg: 71.48, took: 2.20s
Epoch 25, 87.8%	 loss: 1.895 acc@1: 53.20 mrr: 66.77, ndcg: 72.01, took: 2.09s
Epoch 25, 90.9%	 loss: 1.832 acc@1: 53.83 mrr: 67.24, ndcg: 72.62, took: 2.18s
Epoch 25, 94.0%	 loss: 1.862 acc@1: 53.09 mrr: 66.86, ndcg: 72.10, took: 2.02s
Epoch 25, 97.2%	 loss: 1.924 acc@1: 51.76 mrr: 65.99, ndcg: 71.39, took: 1.96s
Validation - loss: 2.8379, acc@1: 50.56%, f1: 42.48%, mrr: 63.02%, ndcg: 67.69%
Current learning rate: 0.000008

=== Epoch 26 ===
Epoch 26, 3.1%	 loss: 1.819 acc@1: 53.95 mrr: 67.54, ndcg: 72.82, took: 1.87s
Epoch 26, 6.3%	 loss: 1.892 acc@1: 53.36 mrr: 66.65, ndcg: 71.79, took: 2.00s
Epoch 26, 9.4%	 loss: 1.848 acc@1: 52.34 mrr: 66.52, ndcg: 71.95, took: 1.99s
Epoch 26, 12.5%	 loss: 1.836 acc@1: 53.59 mrr: 67.51, ndcg: 72.78, took: 1.95s
Epoch 26, 15.7%	 loss: 1.831 acc@1: 54.10 mrr: 67.66, ndcg: 72.84, took: 2.05s
Epoch 26, 18.8%	 loss: 1.911 acc@1: 52.70 mrr: 66.20, ndcg: 71.43, took: 2.06s
Epoch 26, 21.9%	 loss: 1.888 acc@1: 52.62 mrr: 66.24, ndcg: 71.46, took: 2.09s
Epoch 26, 25.1%	 loss: 1.852 acc@1: 52.97 mrr: 66.65, ndcg: 71.99, took: 2.04s
Epoch 26, 28.2%	 loss: 1.847 acc@1: 52.77 mrr: 66.96, ndcg: 72.41, took: 1.77s
Epoch 26, 31.3%	 loss: 1.851 acc@1: 53.87 mrr: 67.28, ndcg: 72.58, took: 2.20s
Epoch 26, 34.5%	 loss: 1.862 acc@1: 53.09 mrr: 66.81, ndcg: 72.40, took: 1.95s
Epoch 26, 37.6%	 loss: 1.892 acc@1: 52.89 mrr: 66.58, ndcg: 71.82, took: 1.75s
Epoch 26, 40.8%	 loss: 1.878 acc@1: 54.02 mrr: 67.23, ndcg: 72.55, took: 2.01s
Epoch 26, 43.9%	 loss: 1.873 acc@1: 53.24 mrr: 66.75, ndcg: 72.06, took: 1.93s
Epoch 26, 47.0%	 loss: 1.890 acc@1: 52.19 mrr: 66.11, ndcg: 71.55, took: 1.88s
Epoch 26, 50.2%	 loss: 1.825 acc@1: 53.55 mrr: 67.58, ndcg: 72.81, took: 1.97s
Epoch 26, 53.3%	 loss: 1.879 acc@1: 54.14 mrr: 67.01, ndcg: 72.08, took: 2.03s
Epoch 26, 56.4%	 loss: 1.872 acc@1: 53.09 mrr: 66.75, ndcg: 71.96, took: 1.92s
Epoch 26, 59.6%	 loss: 1.854 acc@1: 54.10 mrr: 67.40, ndcg: 72.66, took: 2.17s
Epoch 26, 62.7%	 loss: 1.917 acc@1: 53.01 mrr: 66.39, ndcg: 71.57, took: 2.23s
Epoch 26, 65.8%	 loss: 1.870 acc@1: 54.06 mrr: 67.27, ndcg: 72.42, took: 1.88s
Epoch 26, 69.0%	 loss: 1.860 acc@1: 54.18 mrr: 67.41, ndcg: 72.50, took: 1.91s
Epoch 26, 72.1%	 loss: 1.854 acc@1: 53.16 mrr: 67.03, ndcg: 72.32, took: 2.06s
Epoch 26, 75.2%	 loss: 1.858 acc@1: 54.02 mrr: 67.25, ndcg: 72.55, took: 1.92s
Epoch 26, 78.4%	 loss: 1.762 acc@1: 54.92 mrr: 68.46, ndcg: 73.77, took: 1.97s
Epoch 26, 81.5%	 loss: 1.851 acc@1: 53.24 mrr: 67.12, ndcg: 72.51, took: 1.93s
Epoch 26, 84.6%	 loss: 1.877 acc@1: 53.12 mrr: 66.65, ndcg: 71.95, took: 2.26s
Epoch 26, 87.8%	 loss: 1.892 acc@1: 52.66 mrr: 66.60, ndcg: 72.03, took: 1.98s
Epoch 26, 90.9%	 loss: 1.894 acc@1: 53.09 mrr: 66.52, ndcg: 71.88, took: 2.06s
Epoch 26, 94.0%	 loss: 1.832 acc@1: 54.84 mrr: 68.18, ndcg: 73.14, took: 2.08s
Epoch 26, 97.2%	 loss: 1.827 acc@1: 54.61 mrr: 67.84, ndcg: 72.92, took: 2.02s
Validation - loss: 2.8390, acc@1: 50.56%, f1: 42.56%, mrr: 62.96%, ndcg: 67.66%
Current learning rate: 0.000008

=== Epoch 27 ===
Epoch 27, 3.1%	 loss: 1.834 acc@1: 55.39 mrr: 68.10, ndcg: 73.12, took: 1.79s
Epoch 27, 6.3%	 loss: 1.852 acc@1: 53.16 mrr: 67.01, ndcg: 72.32, took: 1.51s
Epoch 27, 9.4%	 loss: 1.923 acc@1: 53.87 mrr: 66.68, ndcg: 71.89, took: 1.64s
Epoch 27, 12.5%	 loss: 1.830 acc@1: 54.06 mrr: 67.29, ndcg: 72.37, took: 1.69s
Epoch 27, 15.7%	 loss: 1.873 acc@1: 54.53 mrr: 67.56, ndcg: 72.53, took: 1.57s
Epoch 27, 18.8%	 loss: 1.877 acc@1: 52.66 mrr: 66.46, ndcg: 71.87, took: 1.47s
Epoch 27, 21.9%	 loss: 1.857 acc@1: 53.55 mrr: 67.17, ndcg: 72.64, took: 1.57s
Epoch 27, 25.1%	 loss: 1.896 acc@1: 51.72 mrr: 65.98, ndcg: 71.46, took: 1.48s
Epoch 27, 28.2%	 loss: 1.816 acc@1: 54.73 mrr: 68.10, ndcg: 73.37, took: 1.64s
Epoch 27, 31.3%	 loss: 1.795 acc@1: 55.47 mrr: 68.63, ndcg: 73.65, took: 1.76s
Epoch 27, 34.5%	 loss: 1.939 acc@1: 51.80 mrr: 65.91, ndcg: 71.38, took: 1.60s
Epoch 27, 37.6%	 loss: 1.943 acc@1: 51.88 mrr: 65.78, ndcg: 71.03, took: 1.54s
Epoch 27, 40.8%	 loss: 1.826 acc@1: 53.12 mrr: 67.00, ndcg: 72.40, took: 1.80s
Epoch 27, 43.9%	 loss: 1.827 acc@1: 53.59 mrr: 67.21, ndcg: 72.50, took: 1.35s
Epoch 27, 47.0%	 loss: 1.865 acc@1: 53.71 mrr: 67.31, ndcg: 72.42, took: 1.68s
Epoch 27, 50.2%	 loss: 1.879 acc@1: 52.38 mrr: 66.47, ndcg: 71.98, took: 1.58s
Epoch 27, 53.3%	 loss: 1.843 acc@1: 55.86 mrr: 68.63, ndcg: 73.58, took: 1.29s
Epoch 27, 56.4%	 loss: 1.815 acc@1: 54.10 mrr: 67.77, ndcg: 72.96, took: 1.39s
Epoch 27, 59.6%	 loss: 1.820 acc@1: 53.87 mrr: 67.53, ndcg: 73.01, took: 1.32s
Epoch 27, 62.7%	 loss: 1.918 acc@1: 51.88 mrr: 65.91, ndcg: 71.41, took: 1.68s
Epoch 27, 65.8%	 loss: 1.854 acc@1: 51.80 mrr: 66.16, ndcg: 71.68, took: 1.46s
Epoch 27, 69.0%	 loss: 1.837 acc@1: 54.80 mrr: 68.00, ndcg: 73.24, took: 1.58s
Epoch 27, 72.1%	 loss: 1.878 acc@1: 54.06 mrr: 67.21, ndcg: 72.26, took: 1.53s
Epoch 27, 75.2%	 loss: 1.830 acc@1: 54.65 mrr: 67.88, ndcg: 72.91, took: 1.69s
Epoch 27, 78.4%	 loss: 1.864 acc@1: 52.34 mrr: 66.59, ndcg: 72.08, took: 1.52s
Epoch 27, 81.5%	 loss: 1.948 acc@1: 51.60 mrr: 65.43, ndcg: 70.72, took: 1.76s
Epoch 27, 84.6%	 loss: 1.890 acc@1: 53.20 mrr: 66.65, ndcg: 71.94, took: 1.45s
Epoch 27, 87.8%	 loss: 1.853 acc@1: 53.40 mrr: 66.89, ndcg: 72.23, took: 1.82s
Epoch 27, 90.9%	 loss: 1.848 acc@1: 53.12 mrr: 66.76, ndcg: 72.09, took: 1.79s
Epoch 27, 94.0%	 loss: 1.843 acc@1: 53.83 mrr: 67.28, ndcg: 72.65, took: 1.54s
Epoch 27, 97.2%	 loss: 1.840 acc@1: 55.39 mrr: 68.12, ndcg: 73.18, took: 1.48s
Validation - loss: 2.8412, acc@1: 50.49%, f1: 42.51%, mrr: 62.93%, ndcg: 67.61%
Current learning rate: 0.000008

=== Epoch 28 ===
Epoch 28, 3.1%	 loss: 1.853 acc@1: 52.81 mrr: 66.77, ndcg: 72.15, took: 1.39s
Epoch 28, 6.3%	 loss: 1.935 acc@1: 53.87 mrr: 66.58, ndcg: 71.60, took: 1.49s
Epoch 28, 9.4%	 loss: 1.894 acc@1: 51.99 mrr: 65.95, ndcg: 71.51, took: 1.57s
Epoch 28, 12.5%	 loss: 1.794 acc@1: 55.20 mrr: 68.37, ndcg: 73.61, took: 1.68s
Epoch 28, 15.7%	 loss: 1.863 acc@1: 53.55 mrr: 67.01, ndcg: 72.25, took: 1.48s
Epoch 28, 18.8%	 loss: 1.820 acc@1: 54.84 mrr: 68.19, ndcg: 73.22, took: 1.65s
Epoch 28, 21.9%	 loss: 1.799 acc@1: 55.23 mrr: 68.31, ndcg: 73.49, took: 1.58s
Epoch 28, 25.1%	 loss: 1.900 acc@1: 52.30 mrr: 66.27, ndcg: 71.59, took: 1.66s
Epoch 28, 28.2%	 loss: 1.852 acc@1: 54.80 mrr: 67.73, ndcg: 72.86, took: 1.65s
Epoch 28, 31.3%	 loss: 1.830 acc@1: 54.84 mrr: 67.89, ndcg: 73.08, took: 1.62s
Epoch 28, 34.5%	 loss: 1.845 acc@1: 54.30 mrr: 67.43, ndcg: 72.65, took: 1.66s
Epoch 28, 37.6%	 loss: 1.883 acc@1: 52.77 mrr: 66.55, ndcg: 72.05, took: 1.83s
Epoch 28, 40.8%	 loss: 1.813 acc@1: 53.91 mrr: 67.70, ndcg: 73.05, took: 1.42s
Epoch 28, 43.9%	 loss: 1.879 acc@1: 53.24 mrr: 66.64, ndcg: 71.88, took: 1.70s
Epoch 28, 47.0%	 loss: 1.864 acc@1: 53.40 mrr: 67.02, ndcg: 72.34, took: 1.66s
Epoch 28, 50.2%	 loss: 1.860 acc@1: 52.54 mrr: 66.61, ndcg: 71.95, took: 1.48s
Epoch 28, 53.3%	 loss: 1.895 acc@1: 53.71 mrr: 66.92, ndcg: 71.97, took: 1.55s
Epoch 28, 56.4%	 loss: 1.849 acc@1: 54.14 mrr: 67.59, ndcg: 72.87, took: 1.64s
Epoch 28, 59.6%	 loss: 1.871 acc@1: 53.52 mrr: 66.97, ndcg: 72.23, took: 1.61s
Epoch 28, 62.7%	 loss: 1.843 acc@1: 53.28 mrr: 66.90, ndcg: 72.38, took: 1.64s
Epoch 28, 65.8%	 loss: 1.915 acc@1: 52.46 mrr: 66.31, ndcg: 71.72, took: 1.57s
Epoch 28, 69.0%	 loss: 1.898 acc@1: 51.88 mrr: 66.06, ndcg: 71.49, took: 1.58s
Epoch 28, 72.1%	 loss: 1.807 acc@1: 55.04 mrr: 68.38, ndcg: 73.36, took: 1.14s
Epoch 28, 75.2%	 loss: 1.895 acc@1: 53.28 mrr: 66.50, ndcg: 71.83, took: 1.29s
Epoch 28, 78.4%	 loss: 1.899 acc@1: 52.62 mrr: 66.46, ndcg: 71.92, took: 1.49s
Epoch 28, 81.5%	 loss: 1.891 acc@1: 53.55 mrr: 66.95, ndcg: 72.04, took: 1.09s
Epoch 28, 84.6%	 loss: 1.813 acc@1: 54.30 mrr: 67.82, ndcg: 73.15, took: 1.20s
Epoch 28, 87.8%	 loss: 1.887 acc@1: 53.12 mrr: 66.98, ndcg: 72.06, took: 1.16s
Epoch 28, 90.9%	 loss: 1.854 acc@1: 53.98 mrr: 67.32, ndcg: 72.59, took: 1.40s
Epoch 28, 94.0%	 loss: 1.870 acc@1: 53.48 mrr: 67.12, ndcg: 72.26, took: 1.36s
Epoch 28, 97.2%	 loss: 1.858 acc@1: 54.65 mrr: 67.80, ndcg: 72.85, took: 1.24s
Validation - loss: 2.8435, acc@1: 50.46%, f1: 42.57%, mrr: 62.91%, ndcg: 67.60%
Current learning rate: 0.000008

=== Epoch 29 ===
Epoch 29, 3.1%	 loss: 1.913 acc@1: 52.07 mrr: 65.84, ndcg: 71.28, took: 1.24s
Epoch 29, 6.3%	 loss: 1.803 acc@1: 53.95 mrr: 67.61, ndcg: 73.02, took: 1.45s
Epoch 29, 9.4%	 loss: 1.915 acc@1: 52.11 mrr: 66.11, ndcg: 71.44, took: 1.28s
Epoch 29, 12.5%	 loss: 1.968 acc@1: 51.56 mrr: 65.21, ndcg: 70.63, took: 1.20s
Epoch 29, 15.7%	 loss: 1.812 acc@1: 54.65 mrr: 68.13, ndcg: 73.20, took: 1.29s
Epoch 29, 18.8%	 loss: 1.864 acc@1: 54.61 mrr: 67.74, ndcg: 72.70, took: 1.25s
Epoch 29, 21.9%	 loss: 1.833 acc@1: 53.55 mrr: 67.23, ndcg: 72.50, took: 1.29s
Epoch 29, 25.1%	 loss: 1.857 acc@1: 53.71 mrr: 67.16, ndcg: 72.36, took: 1.21s
Epoch 29, 28.2%	 loss: 1.859 acc@1: 53.05 mrr: 66.78, ndcg: 72.12, took: 1.13s
Epoch 29, 31.3%	 loss: 1.890 acc@1: 53.67 mrr: 67.07, ndcg: 72.22, took: 1.21s
Epoch 29, 34.5%	 loss: 1.838 acc@1: 53.59 mrr: 67.21, ndcg: 72.53, took: 1.26s
Epoch 29, 37.6%	 loss: 1.836 acc@1: 54.26 mrr: 67.51, ndcg: 72.81, took: 1.36s
Epoch 29, 40.8%	 loss: 1.770 acc@1: 55.39 mrr: 68.62, ndcg: 73.80, took: 1.24s
Epoch 29, 43.9%	 loss: 1.919 acc@1: 52.70 mrr: 66.12, ndcg: 71.30, took: 1.26s
Epoch 29, 47.0%	 loss: 1.797 acc@1: 55.00 mrr: 68.31, ndcg: 73.58, took: 1.10s
Epoch 29, 50.2%	 loss: 1.920 acc@1: 52.23 mrr: 66.02, ndcg: 71.21, took: 1.13s
Epoch 29, 53.3%	 loss: 1.778 acc@1: 55.90 mrr: 68.90, ndcg: 73.93, took: 1.51s
Epoch 29, 56.4%	 loss: 1.885 acc@1: 54.53 mrr: 67.35, ndcg: 72.41, took: 1.20s
Epoch 29, 59.6%	 loss: 1.850 acc@1: 53.98 mrr: 67.49, ndcg: 72.79, took: 1.26s
Epoch 29, 62.7%	 loss: 1.805 acc@1: 54.02 mrr: 67.66, ndcg: 72.90, took: 1.22s
Epoch 29, 65.8%	 loss: 1.886 acc@1: 52.97 mrr: 66.64, ndcg: 71.94, took: 1.35s
Epoch 29, 69.0%	 loss: 1.843 acc@1: 53.52 mrr: 67.30, ndcg: 72.38, took: 1.18s
Epoch 29, 72.1%	 loss: 1.852 acc@1: 53.83 mrr: 67.53, ndcg: 72.71, took: 1.29s
Epoch 29, 75.2%	 loss: 1.848 acc@1: 53.59 mrr: 67.50, ndcg: 72.84, took: 1.37s
Epoch 29, 78.4%	 loss: 1.793 acc@1: 54.06 mrr: 67.68, ndcg: 73.05, took: 1.19s
Epoch 29, 81.5%	 loss: 1.926 acc@1: 52.81 mrr: 66.30, ndcg: 71.66, took: 1.11s
Epoch 29, 84.6%	 loss: 1.816 acc@1: 54.41 mrr: 67.73, ndcg: 73.08, took: 0.83s
Epoch 29, 87.8%	 loss: 1.874 acc@1: 52.15 mrr: 66.58, ndcg: 72.03, took: 0.98s
Epoch 29, 90.9%	 loss: 1.929 acc@1: 52.27 mrr: 65.98, ndcg: 71.36, took: 0.96s
Epoch 29, 94.0%	 loss: 1.914 acc@1: 51.68 mrr: 65.90, ndcg: 71.37, took: 0.98s
Epoch 29, 97.2%	 loss: 1.882 acc@1: 53.55 mrr: 66.87, ndcg: 72.07, took: 0.95s
Validation - loss: 2.8393, acc@1: 50.49%, f1: 42.56%, mrr: 62.93%, ndcg: 67.61%
Current learning rate: 0.000008

=== Epoch 30 ===
Epoch 30, 3.1%	 loss: 1.770 acc@1: 55.51 mrr: 68.63, ndcg: 73.76, took: 0.99s
Epoch 30, 6.3%	 loss: 1.893 acc@1: 52.66 mrr: 66.34, ndcg: 71.69, took: 0.97s
Epoch 30, 9.4%	 loss: 1.927 acc@1: 51.37 mrr: 65.45, ndcg: 71.17, took: 1.03s
Epoch 30, 12.5%	 loss: 1.857 acc@1: 54.34 mrr: 67.58, ndcg: 72.73, took: 0.88s
Epoch 30, 15.7%	 loss: 1.850 acc@1: 53.55 mrr: 67.28, ndcg: 72.66, took: 0.99s
Epoch 30, 18.8%	 loss: 1.867 acc@1: 53.55 mrr: 66.98, ndcg: 72.18, took: 0.91s
Epoch 30, 21.9%	 loss: 1.859 acc@1: 54.14 mrr: 67.39, ndcg: 72.51, took: 0.93s
Epoch 30, 25.1%	 loss: 1.857 acc@1: 54.34 mrr: 67.55, ndcg: 72.66, took: 1.01s
Epoch 30, 28.2%	 loss: 1.897 acc@1: 53.52 mrr: 66.84, ndcg: 72.05, took: 0.88s
Epoch 30, 31.3%	 loss: 1.913 acc@1: 51.76 mrr: 66.00, ndcg: 71.55, took: 0.93s
Epoch 30, 34.5%	 loss: 1.801 acc@1: 55.12 mrr: 68.32, ndcg: 73.56, took: 0.91s
Epoch 30, 37.6%	 loss: 1.841 acc@1: 53.28 mrr: 67.01, ndcg: 72.42, took: 0.97s
Epoch 30, 40.8%	 loss: 1.927 acc@1: 52.62 mrr: 66.09, ndcg: 71.35, took: 1.02s
Epoch 30, 43.9%	 loss: 1.859 acc@1: 52.77 mrr: 66.59, ndcg: 71.95, took: 1.02s
Epoch 30, 47.0%	 loss: 1.859 acc@1: 53.55 mrr: 67.05, ndcg: 72.33, took: 1.00s
Epoch 30, 50.2%	 loss: 1.906 acc@1: 51.99 mrr: 66.06, ndcg: 71.44, took: 0.97s
Epoch 30, 53.3%	 loss: 1.885 acc@1: 53.95 mrr: 67.07, ndcg: 72.15, took: 0.99s
Epoch 30, 56.4%	 loss: 1.871 acc@1: 53.40 mrr: 66.87, ndcg: 72.01, took: 0.99s
Epoch 30, 59.6%	 loss: 1.829 acc@1: 53.28 mrr: 67.49, ndcg: 72.94, took: 0.80s
Epoch 30, 62.7%	 loss: 1.829 acc@1: 53.91 mrr: 67.76, ndcg: 73.10, took: 0.78s
Epoch 30, 65.8%	 loss: 1.876 acc@1: 53.12 mrr: 66.75, ndcg: 72.14, took: 1.09s
Epoch 30, 69.0%	 loss: 1.818 acc@1: 53.32 mrr: 67.28, ndcg: 72.61, took: 0.77s
Epoch 30, 72.1%	 loss: 1.849 acc@1: 54.88 mrr: 67.90, ndcg: 72.89, took: 0.77s
Epoch 30, 75.2%	 loss: 1.837 acc@1: 53.83 mrr: 67.37, ndcg: 72.59, took: 0.79s
Epoch 30, 78.4%	 loss: 1.756 acc@1: 55.74 mrr: 68.99, ndcg: 74.21, took: 0.80s
Epoch 30, 81.5%	 loss: 1.873 acc@1: 54.30 mrr: 67.34, ndcg: 72.34, took: 1.00s
Epoch 30, 84.6%	 loss: 1.860 acc@1: 54.22 mrr: 67.26, ndcg: 72.48, took: 0.98s
Epoch 30, 87.8%	 loss: 1.874 acc@1: 52.89 mrr: 66.75, ndcg: 72.03, took: 1.03s
Epoch 30, 90.9%	 loss: 1.833 acc@1: 54.61 mrr: 67.68, ndcg: 72.84, took: 1.01s
Epoch 30, 94.0%	 loss: 1.910 acc@1: 52.73 mrr: 66.44, ndcg: 71.71, took: 0.79s
Epoch 30, 97.2%	 loss: 1.901 acc@1: 51.68 mrr: 65.89, ndcg: 71.22, took: 0.69s
Validation - loss: 2.8375, acc@1: 50.43%, f1: 42.37%, mrr: 62.92%, ndcg: 67.60%
Training finished.	 Time: 2328.62s.	 acc@1: 50.56%

=== Test Results ===
Test Results:
  acc@1: 50.41%
  acc@5: 75.88%
  acc@10: 80.32%
  mrr: 61.68%
  ndcg: 66.01%
  f1: 42.66%

=== Training Complete ===
