2025-12-28 19:31:52,761 - INFO - ============================================================
2025-12-28 19:31:52,761 - INFO - POINTER V45 - Training Started
2025-12-28 19:31:52,761 - INFO - ============================================================
2025-12-28 19:31:52,761 - INFO - Model config: {'d_model': 128, 'dim_feedforward': 256, 'dropout': 0.15, 'nhead': 4, 'num_layers': 3}
2025-12-28 19:31:52,761 - INFO - Training config: {'batch_size': 128, 'grad_clip': 0.8, 'label_smoothing': 0.03, 'learning_rate': 0.0006, 'min_epochs': 8, 'min_lr': 1e-06, 'num_epochs': 50, 'patience': 5, 'use_amp': True, 'warmup_epochs': 5, 'weight_decay': 0.015}
2025-12-28 19:31:52,761 - INFO - ============================================================
2025-12-28 19:31:52,762 - INFO - Training for 50 epochs
2025-12-28 19:31:52,762 - INFO - Model parameters: 2,481,120
2025-12-28 19:33:27,090 - INFO - Epoch 1/50 | LR: 1.20e-04 | Train: 3.2956 | Val: 3.1713 | Acc@1: 51.18%
2025-12-28 19:33:27,152 - INFO -   ✓ New best (Acc@1: 51.18%)
2025-12-28 19:34:57,415 - INFO - Epoch 2/50 | LR: 2.40e-04 | Train: 3.0452 | Val: 3.0938 | Acc@1: 53.35%
2025-12-28 19:34:57,484 - INFO -   ✓ New best (Acc@1: 53.35%)
2025-12-28 19:36:27,231 - INFO - Epoch 3/50 | LR: 3.60e-04 | Train: 2.9224 | Val: 3.0040 | Acc@1: 53.86%
2025-12-28 19:36:27,299 - INFO -   ✓ New best (Acc@1: 53.86%)
2025-12-28 19:38:00,416 - INFO - Epoch 4/50 | LR: 4.80e-04 | Train: 2.7731 | Val: 2.9281 | Acc@1: 54.02%
2025-12-28 19:38:00,484 - INFO -   ✓ New best (Acc@1: 54.02%)
2025-12-28 19:39:30,727 - INFO - Epoch 5/50 | LR: 6.00e-04 | Train: 2.6629 | Val: 2.8980 | Acc@1: 53.95%
2025-12-28 19:39:30,795 - INFO -   ✓ New best (Acc@1: 53.95%)
2025-12-28 19:41:05,124 - INFO - Epoch 6/50 | LR: 6.00e-04 | Train: 2.5679 | Val: 2.8724 | Acc@1: 54.45%
2025-12-28 19:41:05,193 - INFO -   ✓ New best (Acc@1: 54.45%)
2025-12-28 19:42:36,571 - INFO - Epoch 7/50 | LR: 5.99e-04 | Train: 2.4897 | Val: 2.8661 | Acc@1: 54.20%
2025-12-28 19:42:36,637 - INFO -   ✓ New best (Acc@1: 54.20%)
2025-12-28 19:44:10,778 - INFO - Epoch 8/50 | LR: 5.97e-04 | Train: 2.4352 | Val: 2.8807 | Acc@1: 54.58%
2025-12-28 19:45:46,085 - INFO - Epoch 9/50 | LR: 5.93e-04 | Train: 2.3756 | Val: 2.9181 | Acc@1: 53.49%
2025-12-28 19:47:21,331 - INFO - Epoch 10/50 | LR: 5.88e-04 | Train: 2.3341 | Val: 2.9412 | Acc@1: 53.70%
2025-12-28 19:48:58,098 - INFO - Epoch 11/50 | LR: 5.82e-04 | Train: 2.3034 | Val: 2.9663 | Acc@1: 53.87%
2025-12-28 19:50:34,608 - INFO - Epoch 12/50 | LR: 5.74e-04 | Train: 2.2692 | Val: 2.9882 | Acc@1: 53.28%
2025-12-28 19:50:34,609 - INFO - Early stopping at epoch 12
2025-12-28 19:50:35,108 - INFO - Loaded checkpoint from epoch 7
2025-12-28 19:50:50,202 - INFO - ============================================================
2025-12-28 19:50:50,202 - INFO - FINAL VALIDATION RESULTS
2025-12-28 19:50:50,202 - INFO -   Acc@1:  54.20%
2025-12-28 19:50:50,202 - INFO -   Acc@5:  80.10%
2025-12-28 19:50:50,202 - INFO -   Acc@10: 84.29%
2025-12-28 19:50:50,202 - INFO -   MRR:    65.46%
2025-12-28 19:50:50,202 - INFO -   NDCG:   69.92%
2025-12-28 19:50:50,202 - INFO - ============================================================
2025-12-28 19:50:50,202 - INFO - FINAL TEST RESULTS
2025-12-28 19:50:50,202 - INFO -   Acc@1:  54.46%
2025-12-28 19:50:50,202 - INFO -   Acc@5:  81.43%
2025-12-28 19:50:50,202 - INFO -   Acc@10: 85.22%
2025-12-28 19:50:50,202 - INFO -   MRR:    66.09%
2025-12-28 19:50:50,202 - INFO -   NDCG:   70.64%
2025-12-28 19:50:50,202 - INFO - ============================================================
