2025-12-29 20:21:10,164 - INFO - ============================================================
2025-12-29 20:21:10,164 - INFO - POINTER V45 - Training Started
2025-12-29 20:21:10,164 - INFO - ============================================================
2025-12-29 20:21:10,164 - INFO - Model config: {'d_model': 128, 'dim_feedforward': 512, 'dropout': 0.15, 'nhead': 4, 'num_layers': 8}
2025-12-29 20:21:10,164 - INFO - Training config: {'batch_size': 128, 'grad_clip': 0.8, 'label_smoothing': 0.03, 'learning_rate': 0.0006, 'min_epochs': 8, 'min_lr': 1e-06, 'num_epochs': 50, 'patience': 5, 'use_amp': True, 'warmup_epochs': 5, 'weight_decay': 0.015}
2025-12-29 20:21:10,165 - INFO - ============================================================
2025-12-29 20:21:10,165 - INFO - Training for 50 epochs
2025-12-29 20:21:10,165 - INFO - Model parameters: 3,589,298
2025-12-29 20:24:08,803 - INFO - Epoch 1/50 | LR: 1.20e-04 | Train: 3.1813 | Val: 3.0506 | Acc@1: 50.73%
2025-12-29 20:24:08,905 - INFO -   ✓ New best (Acc@1: 50.73%)
2025-12-29 20:27:09,772 - INFO - Epoch 2/50 | LR: 2.40e-04 | Train: 2.9033 | Val: 3.0004 | Acc@1: 51.87%
2025-12-29 20:27:09,884 - INFO -   ✓ New best (Acc@1: 51.87%)
2025-12-29 20:30:09,585 - INFO - Epoch 3/50 | LR: 3.60e-04 | Train: 2.8195 | Val: 2.9753 | Acc@1: 53.09%
2025-12-29 20:30:09,696 - INFO -   ✓ New best (Acc@1: 53.09%)
2025-12-29 20:33:07,002 - INFO - Epoch 4/50 | LR: 4.80e-04 | Train: 2.7475 | Val: 2.9264 | Acc@1: 53.82%
2025-12-29 20:33:07,111 - INFO -   ✓ New best (Acc@1: 53.82%)
2025-12-29 20:36:04,316 - INFO - Epoch 5/50 | LR: 6.00e-04 | Train: 2.6794 | Val: 2.8804 | Acc@1: 54.08%
2025-12-29 20:36:04,427 - INFO -   ✓ New best (Acc@1: 54.08%)
2025-12-29 20:39:02,499 - INFO - Epoch 6/50 | LR: 6.00e-04 | Train: 2.5960 | Val: 2.8672 | Acc@1: 54.16%
2025-12-29 20:39:02,613 - INFO -   ✓ New best (Acc@1: 54.16%)
2025-12-29 20:41:59,292 - INFO - Epoch 7/50 | LR: 5.99e-04 | Train: 2.5281 | Val: 2.8595 | Acc@1: 54.28%
2025-12-29 20:41:59,403 - INFO -   ✓ New best (Acc@1: 54.28%)
2025-12-29 20:44:59,178 - INFO - Epoch 8/50 | LR: 5.97e-04 | Train: 2.4704 | Val: 2.8424 | Acc@1: 54.30%
2025-12-29 20:44:59,290 - INFO -   ✓ New best (Acc@1: 54.30%)
2025-12-29 20:47:57,716 - INFO - Epoch 9/50 | LR: 5.93e-04 | Train: 2.4146 | Val: 2.8695 | Acc@1: 54.24%
2025-12-29 20:50:58,608 - INFO - Epoch 10/50 | LR: 5.88e-04 | Train: 2.3620 | Val: 2.8674 | Acc@1: 54.30%
2025-12-29 20:53:56,177 - INFO - Epoch 11/50 | LR: 5.82e-04 | Train: 2.3141 | Val: 2.9039 | Acc@1: 54.33%
2025-12-29 20:56:25,006 - INFO - Epoch 12/50 | LR: 5.74e-04 | Train: 2.2698 | Val: 2.9449 | Acc@1: 53.28%
2025-12-29 20:58:31,077 - INFO - Epoch 13/50 | LR: 5.65e-04 | Train: 2.2297 | Val: 3.0066 | Acc@1: 52.93%
2025-12-29 20:58:31,077 - INFO - Early stopping at epoch 13
2025-12-29 20:58:31,333 - INFO - Loaded checkpoint from epoch 8
2025-12-29 20:58:37,252 - INFO - ============================================================
2025-12-29 20:58:37,253 - INFO - FINAL VALIDATION RESULTS
2025-12-29 20:58:37,253 - INFO -   Acc@1:  54.30%
2025-12-29 20:58:37,253 - INFO -   Acc@5:  80.00%
2025-12-29 20:58:37,253 - INFO -   Acc@10: 83.99%
2025-12-29 20:58:37,253 - INFO -   MRR:    65.55%
2025-12-29 20:58:37,253 - INFO -   NDCG:   69.92%
2025-12-29 20:58:37,253 - INFO - ============================================================
2025-12-29 20:58:37,253 - INFO - FINAL TEST RESULTS
2025-12-29 20:58:37,254 - INFO -   Acc@1:  56.14%
2025-12-29 20:58:37,254 - INFO -   Acc@5:  82.50%
2025-12-29 20:58:37,254 - INFO -   Acc@10: 85.92%
2025-12-29 20:58:37,254 - INFO -   MRR:    67.65%
2025-12-29 20:58:37,254 - INFO -   NDCG:   72.01%
2025-12-29 20:58:37,254 - INFO - ============================================================
