Training MHSA model
Dataset: diy
Config: /data/next_loc_clean_v2/scripts/sci_hyperparam_tuning/configs/mhsa_diy_trial15.yaml
Device: cuda
Seed: 42
==================================================
Data loaders: train=1182, val=80, test=97
Total trainable parameters: 555614

=== Epoch 1 ===
Epoch 1, 4.2%	 loss: 8.836 acc@1: 0.02 mrr: 0.13, ndcg: 0.03, took: 4.64s
Epoch 1, 8.5%	 loss: 8.833 acc@1: 0.06 mrr: 0.22, ndcg: 0.12, took: 3.44s
Epoch 1, 12.7%	 loss: 8.829 acc@1: 0.03 mrr: 0.31, ndcg: 0.21, took: 3.40s
Epoch 1, 16.9%	 loss: 8.814 acc@1: 0.08 mrr: 0.57, ndcg: 0.45, took: 3.37s
Epoch 1, 21.2%	 loss: 8.798 acc@1: 0.84 mrr: 1.89, ndcg: 2.06, took: 3.41s
Epoch 1, 25.4%	 loss: 8.752 acc@1: 8.30 mrr: 9.69, ndcg: 10.06, took: 3.38s
Epoch 1, 29.6%	 loss: 8.597 acc@1: 16.91 mrr: 17.46, ndcg: 17.50, took: 3.37s
Epoch 1, 33.8%	 loss: 8.324 acc@1: 22.28 mrr: 23.01, ndcg: 23.09, took: 3.57s
Epoch 1, 38.1%	 loss: 7.989 acc@1: 23.08 mrr: 24.27, ndcg: 24.47, took: 3.46s
Epoch 1, 42.3%	 loss: 7.596 acc@1: 25.88 mrr: 27.46, ndcg: 27.81, took: 3.48s
Epoch 1, 46.5%	 loss: 7.184 acc@1: 26.95 mrr: 28.71, ndcg: 28.94, took: 3.26s
Epoch 1, 50.8%	 loss: 6.846 acc@1: 27.09 mrr: 28.94, ndcg: 29.17, took: 3.39s
Epoch 1, 55.0%	 loss: 6.580 acc@1: 27.23 mrr: 29.20, ndcg: 29.56, took: 3.30s
Epoch 1, 59.2%	 loss: 6.262 acc@1: 28.70 mrr: 30.80, ndcg: 31.15, took: 3.95s
Epoch 1, 63.5%	 loss: 6.073 acc@1: 30.06 mrr: 32.19, ndcg: 32.46, took: 3.43s
Epoch 1, 67.7%	 loss: 5.988 acc@1: 29.61 mrr: 31.81, ndcg: 32.17, took: 3.28s
Epoch 1, 71.9%	 loss: 5.940 acc@1: 28.52 mrr: 30.97, ndcg: 31.41, took: 3.37s
Epoch 1, 76.1%	 loss: 5.752 acc@1: 29.97 mrr: 32.38, ndcg: 32.81, took: 3.38s
Epoch 1, 80.4%	 loss: 5.601 acc@1: 30.56 mrr: 33.21, ndcg: 33.84, took: 3.47s
Epoch 1, 84.6%	 loss: 5.492 acc@1: 30.62 mrr: 33.52, ndcg: 34.11, took: 3.46s
Epoch 1, 88.8%	 loss: 5.440 acc@1: 30.39 mrr: 33.50, ndcg: 34.25, took: 3.46s
Epoch 1, 93.1%	 loss: 5.564 acc@1: 28.42 mrr: 31.56, ndcg: 32.32, took: 3.37s
Epoch 1, 97.3%	 loss: 5.363 acc@1: 29.61 mrr: 33.05, ndcg: 33.85, took: 3.47s
Validation - loss: 5.5322, acc@1: 29.66%, f1: 17.10%, mrr: 32.77%, ndcg: 33.38%
Current learning rate: 0.001000

=== Epoch 2 ===
Epoch 2, 4.2%	 loss: 5.110 acc@1: 31.12 mrr: 34.72, ndcg: 35.68, took: 3.32s
Epoch 2, 8.5%	 loss: 5.147 acc@1: 30.39 mrr: 34.08, ndcg: 35.05, took: 3.32s
Epoch 2, 12.7%	 loss: 4.995 acc@1: 32.34 mrr: 36.02, ndcg: 36.96, took: 3.46s
Epoch 2, 16.9%	 loss: 4.977 acc@1: 32.17 mrr: 36.15, ndcg: 37.29, took: 3.19s
Epoch 2, 21.2%	 loss: 4.929 acc@1: 31.88 mrr: 36.42, ndcg: 37.91, took: 3.50s
Epoch 2, 25.4%	 loss: 4.764 acc@1: 32.75 mrr: 38.25, ndcg: 40.12, took: 3.49s
Epoch 2, 29.6%	 loss: 4.622 acc@1: 34.42 mrr: 40.70, ndcg: 42.76, took: 3.35s
Epoch 2, 33.8%	 loss: 4.437 acc@1: 36.69 mrr: 43.85, ndcg: 46.28, took: 3.42s
Epoch 2, 38.1%	 loss: 4.191 acc@1: 38.97 mrr: 47.49, ndcg: 50.43, took: 3.52s
Epoch 2, 42.3%	 loss: 3.969 acc@1: 41.78 mrr: 50.96, ndcg: 54.15, took: 3.37s
Epoch 2, 46.5%	 loss: 3.840 acc@1: 42.83 mrr: 52.44, ndcg: 55.78, took: 3.46s
Epoch 2, 50.8%	 loss: 3.601 acc@1: 44.47 mrr: 55.25, ndcg: 58.92, took: 3.32s
Epoch 2, 55.0%	 loss: 3.531 acc@1: 44.14 mrr: 55.61, ndcg: 59.63, took: 3.43s
Epoch 2, 59.2%	 loss: 3.306 acc@1: 46.78 mrr: 58.62, ndcg: 62.69, took: 3.45s
Epoch 2, 63.5%	 loss: 3.319 acc@1: 44.78 mrr: 57.34, ndcg: 61.75, took: 3.27s
Epoch 2, 67.7%	 loss: 3.230 acc@1: 46.53 mrr: 58.94, ndcg: 63.27, took: 3.09s
Epoch 2, 71.9%	 loss: 3.136 acc@1: 47.19 mrr: 59.57, ndcg: 63.97, took: 3.01s
Epoch 2, 76.1%	 loss: 3.100 acc@1: 46.47 mrr: 59.42, ndcg: 64.05, took: 3.44s
Epoch 2, 80.4%	 loss: 3.041 acc@1: 47.17 mrr: 60.13, ndcg: 64.76, took: 3.62s
Epoch 2, 84.6%	 loss: 2.994 acc@1: 47.75 mrr: 60.52, ndcg: 65.12, took: 3.50s
Epoch 2, 88.8%	 loss: 2.996 acc@1: 47.33 mrr: 60.08, ndcg: 64.87, took: 3.56s
Epoch 2, 93.1%	 loss: 2.923 acc@1: 49.16 mrr: 61.59, ndcg: 66.20, took: 3.38s
Epoch 2, 97.3%	 loss: 2.843 acc@1: 48.28 mrr: 61.51, ndcg: 66.41, took: 3.39s
Validation - loss: 3.2850, acc@1: 47.99%, f1: 39.74%, mrr: 59.69%, ndcg: 64.07%
Current learning rate: 0.002000

=== Epoch 3 ===
Epoch 3, 4.2%	 loss: 2.754 acc@1: 47.19 mrr: 60.71, ndcg: 65.73, took: 3.31s
Epoch 3, 8.5%	 loss: 2.648 acc@1: 47.27 mrr: 61.30, ndcg: 66.65, took: 3.56s
Epoch 3, 12.7%	 loss: 2.620 acc@1: 48.72 mrr: 62.22, ndcg: 67.29, took: 3.51s
Epoch 3, 16.9%	 loss: 2.585 acc@1: 48.55 mrr: 62.33, ndcg: 67.42, took: 3.42s
Epoch 3, 21.2%	 loss: 2.559 acc@1: 49.09 mrr: 62.69, ndcg: 67.82, took: 3.40s
Epoch 3, 25.4%	 loss: 2.600 acc@1: 49.38 mrr: 62.46, ndcg: 67.33, took: 3.33s
Epoch 3, 29.6%	 loss: 2.586 acc@1: 48.20 mrr: 61.89, ndcg: 67.24, took: 3.34s
Epoch 3, 33.8%	 loss: 2.594 acc@1: 48.41 mrr: 62.05, ndcg: 67.26, took: 3.39s
Epoch 3, 38.1%	 loss: 2.575 acc@1: 48.45 mrr: 62.21, ndcg: 67.49, took: 3.25s
Epoch 3, 42.3%	 loss: 2.529 acc@1: 49.72 mrr: 63.15, ndcg: 68.24, took: 3.07s
Epoch 3, 46.5%	 loss: 2.523 acc@1: 49.56 mrr: 62.98, ndcg: 68.12, took: 3.17s
Epoch 3, 50.8%	 loss: 2.544 acc@1: 49.09 mrr: 62.45, ndcg: 67.69, took: 3.24s
Epoch 3, 55.0%	 loss: 2.480 acc@1: 49.67 mrr: 63.43, ndcg: 68.58, took: 3.31s
Epoch 3, 59.2%	 loss: 2.505 acc@1: 49.36 mrr: 62.76, ndcg: 67.89, took: 3.44s
Epoch 3, 63.5%	 loss: 2.564 acc@1: 47.73 mrr: 61.70, ndcg: 67.06, took: 3.41s
Epoch 3, 67.7%	 loss: 2.504 acc@1: 49.11 mrr: 62.82, ndcg: 67.98, took: 3.40s
Epoch 3, 71.9%	 loss: 2.547 acc@1: 49.19 mrr: 62.53, ndcg: 67.62, took: 3.45s
Epoch 3, 76.1%	 loss: 2.546 acc@1: 49.70 mrr: 62.86, ndcg: 67.99, took: 3.38s
Epoch 3, 80.4%	 loss: 2.495 acc@1: 48.88 mrr: 62.74, ndcg: 68.09, took: 3.43s
Epoch 3, 84.6%	 loss: 2.539 acc@1: 49.03 mrr: 62.46, ndcg: 67.60, took: 3.50s
Epoch 3, 88.8%	 loss: 2.503 acc@1: 50.11 mrr: 62.96, ndcg: 68.04, took: 3.22s
Epoch 3, 93.1%	 loss: 2.495 acc@1: 48.45 mrr: 62.30, ndcg: 67.77, took: 3.42s
Epoch 3, 97.3%	 loss: 2.481 acc@1: 50.17 mrr: 63.35, ndcg: 68.38, took: 3.49s
Validation - loss: 3.0021, acc@1: 48.92%, f1: 40.68%, mrr: 60.91%, ndcg: 65.73%
Current learning rate: 0.001958

=== Epoch 4 ===
Epoch 4, 4.2%	 loss: 2.304 acc@1: 49.61 mrr: 63.39, ndcg: 68.74, took: 3.44s
Epoch 4, 8.5%	 loss: 2.273 acc@1: 50.70 mrr: 63.93, ndcg: 69.09, took: 3.39s
Epoch 4, 12.7%	 loss: 2.322 acc@1: 49.17 mrr: 62.98, ndcg: 68.29, took: 3.26s
Epoch 4, 16.9%	 loss: 2.204 acc@1: 51.67 mrr: 64.86, ndcg: 70.02, took: 3.37s
Epoch 4, 21.2%	 loss: 2.335 acc@1: 50.92 mrr: 63.89, ndcg: 68.84, took: 3.47s
Epoch 4, 25.4%	 loss: 2.373 acc@1: 49.73 mrr: 63.02, ndcg: 68.22, took: 3.32s
Epoch 4, 29.6%	 loss: 2.262 acc@1: 51.34 mrr: 64.40, ndcg: 69.50, took: 3.42s
Epoch 4, 33.8%	 loss: 2.253 acc@1: 50.36 mrr: 64.02, ndcg: 69.29, took: 3.31s
Epoch 4, 38.1%	 loss: 2.288 acc@1: 50.42 mrr: 63.92, ndcg: 69.15, took: 3.42s
Epoch 4, 42.3%	 loss: 2.308 acc@1: 49.97 mrr: 63.40, ndcg: 68.52, took: 3.35s
Epoch 4, 46.5%	 loss: 2.297 acc@1: 50.56 mrr: 63.77, ndcg: 68.89, took: 3.30s
Epoch 4, 50.8%	 loss: 2.364 acc@1: 49.78 mrr: 63.00, ndcg: 68.01, took: 3.46s
Epoch 4, 55.0%	 loss: 2.368 acc@1: 49.41 mrr: 62.88, ndcg: 68.04, took: 3.44s
Epoch 4, 59.2%	 loss: 2.272 acc@1: 51.02 mrr: 64.26, ndcg: 69.28, took: 3.55s
Epoch 4, 63.5%	 loss: 2.334 acc@1: 49.30 mrr: 62.96, ndcg: 68.24, took: 3.42s
Epoch 4, 67.7%	 loss: 2.282 acc@1: 50.64 mrr: 63.96, ndcg: 69.07, took: 3.51s
Epoch 4, 71.9%	 loss: 2.296 acc@1: 50.92 mrr: 64.07, ndcg: 69.13, took: 3.39s
Epoch 4, 76.1%	 loss: 2.321 acc@1: 50.77 mrr: 63.89, ndcg: 68.94, took: 3.39s
Epoch 4, 80.4%	 loss: 2.297 acc@1: 49.86 mrr: 63.37, ndcg: 68.65, took: 3.41s
Epoch 4, 84.6%	 loss: 2.260 acc@1: 51.53 mrr: 64.34, ndcg: 69.47, took: 3.36s
Epoch 4, 88.8%	 loss: 2.280 acc@1: 50.61 mrr: 63.93, ndcg: 69.06, took: 3.26s
Epoch 4, 93.1%	 loss: 2.337 acc@1: 50.23 mrr: 63.58, ndcg: 68.72, took: 3.40s
Epoch 4, 97.3%	 loss: 2.315 acc@1: 50.89 mrr: 63.86, ndcg: 68.79, took: 3.32s
Validation - loss: 2.9639, acc@1: 49.56%, f1: 42.35%, mrr: 61.39%, ndcg: 65.92%
Current learning rate: 0.001917

=== Epoch 5 ===
Epoch 5, 4.2%	 loss: 2.158 acc@1: 50.70 mrr: 64.33, ndcg: 69.62, took: 3.42s
Epoch 5, 8.5%	 loss: 2.179 acc@1: 52.12 mrr: 64.67, ndcg: 69.65, took: 3.55s
Epoch 5, 12.7%	 loss: 2.171 acc@1: 51.09 mrr: 64.39, ndcg: 69.52, took: 3.65s
Epoch 5, 16.9%	 loss: 2.182 acc@1: 52.62 mrr: 64.92, ndcg: 69.72, took: 3.48s
Epoch 5, 21.2%	 loss: 2.154 acc@1: 52.91 mrr: 65.45, ndcg: 70.29, took: 3.38s
Epoch 5, 25.4%	 loss: 2.157 acc@1: 52.69 mrr: 65.22, ndcg: 70.09, took: 3.34s
Epoch 5, 29.6%	 loss: 2.122 acc@1: 53.28 mrr: 65.85, ndcg: 70.77, took: 3.31s
Epoch 5, 33.8%	 loss: 2.186 acc@1: 51.41 mrr: 64.57, ndcg: 69.62, took: 3.53s
Epoch 5, 38.1%	 loss: 2.181 acc@1: 51.44 mrr: 64.61, ndcg: 69.68, took: 3.29s
Epoch 5, 42.3%	 loss: 2.152 acc@1: 52.53 mrr: 65.28, ndcg: 70.24, took: 3.21s
Epoch 5, 46.5%	 loss: 2.150 acc@1: 52.27 mrr: 65.30, ndcg: 70.32, took: 3.47s
Epoch 5, 50.8%	 loss: 2.201 acc@1: 50.97 mrr: 64.13, ndcg: 69.26, took: 3.35s
Epoch 5, 55.0%	 loss: 2.168 acc@1: 51.67 mrr: 64.80, ndcg: 69.84, took: 3.49s
Epoch 5, 59.2%	 loss: 2.187 acc@1: 51.27 mrr: 64.59, ndcg: 69.68, took: 3.43s
Epoch 5, 63.5%	 loss: 2.190 acc@1: 52.30 mrr: 64.87, ndcg: 69.72, took: 3.43s
Epoch 5, 67.7%	 loss: 2.173 acc@1: 52.31 mrr: 64.97, ndcg: 69.81, took: 3.34s
Epoch 5, 71.9%	 loss: 2.223 acc@1: 51.62 mrr: 64.50, ndcg: 69.48, took: 3.21s
Epoch 5, 76.1%	 loss: 2.210 acc@1: 52.12 mrr: 64.62, ndcg: 69.52, took: 3.34s
Epoch 5, 80.4%	 loss: 2.212 acc@1: 51.38 mrr: 64.26, ndcg: 69.26, took: 3.36s
Epoch 5, 84.6%	 loss: 2.181 acc@1: 52.61 mrr: 65.16, ndcg: 70.08, took: 3.52s
Epoch 5, 88.8%	 loss: 2.215 acc@1: 51.89 mrr: 64.63, ndcg: 69.55, took: 3.51s
Epoch 5, 93.1%	 loss: 2.212 acc@1: 51.53 mrr: 64.54, ndcg: 69.64, took: 3.31s
Epoch 5, 97.3%	 loss: 2.207 acc@1: 51.73 mrr: 64.60, ndcg: 69.57, took: 3.51s
Validation - loss: 2.9225, acc@1: 50.33%, f1: 43.04%, mrr: 61.89%, ndcg: 66.46%
Current learning rate: 0.001875

=== Epoch 6 ===
Epoch 6, 4.2%	 loss: 2.029 acc@1: 53.53 mrr: 66.19, ndcg: 71.12, took: 3.42s
Epoch 6, 8.5%	 loss: 2.064 acc@1: 52.83 mrr: 65.52, ndcg: 70.49, took: 3.49s
Epoch 6, 12.7%	 loss: 2.107 acc@1: 53.06 mrr: 65.30, ndcg: 70.11, took: 3.37s
Epoch 6, 16.9%	 loss: 2.066 acc@1: 53.78 mrr: 66.11, ndcg: 70.84, took: 3.33s
Epoch 6, 21.2%	 loss: 2.077 acc@1: 53.31 mrr: 65.73, ndcg: 70.49, took: 3.32s
Epoch 6, 25.4%	 loss: 2.124 acc@1: 51.94 mrr: 64.92, ndcg: 69.97, took: 3.43s
Epoch 6, 29.6%	 loss: 2.141 acc@1: 51.95 mrr: 64.81, ndcg: 69.80, took: 3.09s
Epoch 6, 33.8%	 loss: 2.117 acc@1: 52.97 mrr: 65.34, ndcg: 70.22, took: 3.16s
Epoch 6, 38.1%	 loss: 2.135 acc@1: 52.70 mrr: 65.25, ndcg: 70.09, took: 3.40s
Epoch 6, 42.3%	 loss: 2.074 acc@1: 54.20 mrr: 66.32, ndcg: 71.02, took: 3.46s
Epoch 6, 46.5%	 loss: 2.095 acc@1: 52.80 mrr: 65.50, ndcg: 70.45, took: 3.21s
Epoch 6, 50.8%	 loss: 2.158 acc@1: 52.00 mrr: 64.71, ndcg: 69.64, took: 3.53s
Epoch 6, 55.0%	 loss: 2.098 acc@1: 53.47 mrr: 65.96, ndcg: 70.77, took: 3.30s
Epoch 6, 59.2%	 loss: 2.109 acc@1: 52.81 mrr: 65.35, ndcg: 70.30, took: 3.34s
Epoch 6, 63.5%	 loss: 2.153 acc@1: 52.41 mrr: 64.93, ndcg: 69.81, took: 3.42s
Epoch 6, 67.7%	 loss: 2.130 acc@1: 52.97 mrr: 65.43, ndcg: 70.22, took: 3.60s
Epoch 6, 71.9%	 loss: 2.127 acc@1: 52.48 mrr: 65.39, ndcg: 70.39, took: 3.46s
Epoch 6, 76.1%	 loss: 2.099 acc@1: 53.50 mrr: 65.95, ndcg: 70.72, took: 3.51s
Epoch 6, 80.4%	 loss: 2.112 acc@1: 53.00 mrr: 65.64, ndcg: 70.45, took: 3.48s
Epoch 6, 84.6%	 loss: 2.146 acc@1: 52.66 mrr: 65.16, ndcg: 70.07, took: 3.45s
Epoch 6, 88.8%	 loss: 2.100 acc@1: 53.58 mrr: 66.19, ndcg: 70.91, took: 3.38s
Epoch 6, 93.1%	 loss: 2.145 acc@1: 52.14 mrr: 64.87, ndcg: 69.85, took: 3.35s
Epoch 6, 97.3%	 loss: 2.120 acc@1: 52.59 mrr: 65.36, ndcg: 70.28, took: 3.36s
Validation - loss: 2.9284, acc@1: 50.33%, f1: 43.53%, mrr: 61.81%, ndcg: 66.33%
Current learning rate: 0.001833

=== Epoch 7 ===
Epoch 7, 4.2%	 loss: 1.952 acc@1: 54.73 mrr: 67.15, ndcg: 72.07, took: 3.62s
Epoch 7, 8.5%	 loss: 2.020 acc@1: 52.80 mrr: 65.74, ndcg: 70.81, took: 3.34s
Epoch 7, 12.7%	 loss: 2.039 acc@1: 54.33 mrr: 66.24, ndcg: 71.00, took: 3.51s
Epoch 7, 16.9%	 loss: 2.017 acc@1: 53.81 mrr: 66.19, ndcg: 71.02, took: 3.36s
Epoch 7, 21.2%	 loss: 2.021 acc@1: 54.77 mrr: 66.69, ndcg: 71.24, took: 3.44s
Epoch 7, 25.4%	 loss: 2.053 acc@1: 53.69 mrr: 66.05, ndcg: 70.79, took: 3.44s
Epoch 7, 29.6%	 loss: 2.074 acc@1: 52.66 mrr: 65.40, ndcg: 70.19, took: 3.23s
Epoch 7, 33.8%	 loss: 2.018 acc@1: 53.83 mrr: 66.27, ndcg: 71.13, took: 3.20s
Epoch 7, 38.1%	 loss: 2.027 acc@1: 54.09 mrr: 66.47, ndcg: 71.31, took: 3.24s
Epoch 7, 42.3%	 loss: 2.107 acc@1: 53.31 mrr: 65.61, ndcg: 70.29, took: 3.25s
Epoch 7, 46.5%	 loss: 2.069 acc@1: 54.20 mrr: 66.12, ndcg: 70.83, took: 3.33s
Epoch 7, 50.8%	 loss: 2.081 acc@1: 53.31 mrr: 65.99, ndcg: 70.75, took: 3.48s
Epoch 7, 55.0%	 loss: 2.002 acc@1: 54.58 mrr: 66.85, ndcg: 71.53, took: 3.18s
Epoch 7, 59.2%	 loss: 2.093 acc@1: 53.34 mrr: 65.63, ndcg: 70.33, took: 3.24s
Epoch 7, 63.5%	 loss: 2.062 acc@1: 54.11 mrr: 66.41, ndcg: 71.07, took: 3.87s
Epoch 7, 67.7%	 loss: 2.096 acc@1: 54.05 mrr: 66.21, ndcg: 70.85, took: 3.30s
Epoch 7, 71.9%	 loss: 2.109 acc@1: 53.22 mrr: 65.49, ndcg: 70.20, took: 3.03s
Epoch 7, 76.1%	 loss: 2.101 acc@1: 53.23 mrr: 65.73, ndcg: 70.52, took: 3.11s
Epoch 7, 80.4%	 loss: 2.086 acc@1: 53.75 mrr: 66.05, ndcg: 70.86, took: 3.10s
Epoch 7, 84.6%	 loss: 2.048 acc@1: 54.84 mrr: 66.85, ndcg: 71.45, took: 3.16s
Epoch 7, 88.8%	 loss: 2.141 acc@1: 51.88 mrr: 64.84, ndcg: 69.87, took: 3.06s
Epoch 7, 93.1%	 loss: 2.097 acc@1: 53.45 mrr: 65.66, ndcg: 70.41, took: 2.89s
Epoch 7, 97.3%	 loss: 2.044 acc@1: 54.88 mrr: 67.00, ndcg: 71.68, took: 2.89s
Validation - loss: 2.9463, acc@1: 50.36%, f1: 43.78%, mrr: 61.75%, ndcg: 66.36%
Current learning rate: 0.001792

=== Epoch 8 ===
Epoch 8, 4.2%	 loss: 1.947 acc@1: 53.98 mrr: 66.52, ndcg: 71.61, took: 2.93s
Epoch 8, 8.5%	 loss: 1.902 acc@1: 56.06 mrr: 68.08, ndcg: 72.84, took: 3.34s
Epoch 8, 12.7%	 loss: 1.970 acc@1: 55.14 mrr: 67.11, ndcg: 71.78, took: 3.37s
Epoch 8, 16.9%	 loss: 1.958 acc@1: 54.83 mrr: 67.16, ndcg: 71.95, took: 3.25s
Epoch 8, 21.2%	 loss: 1.976 acc@1: 54.86 mrr: 66.94, ndcg: 71.65, took: 3.23s
Epoch 8, 25.4%	 loss: 1.973 acc@1: 54.97 mrr: 67.08, ndcg: 71.70, took: 3.21s
Epoch 8, 29.6%	 loss: 1.962 acc@1: 55.55 mrr: 67.54, ndcg: 72.18, took: 3.14s
Epoch 8, 33.8%	 loss: 2.052 acc@1: 53.55 mrr: 65.93, ndcg: 70.75, took: 3.10s
Epoch 8, 38.1%	 loss: 2.031 acc@1: 54.55 mrr: 66.57, ndcg: 71.17, took: 3.15s
Epoch 8, 42.3%	 loss: 1.990 acc@1: 54.62 mrr: 66.88, ndcg: 71.50, took: 3.21s
Epoch 8, 46.5%	 loss: 2.024 acc@1: 54.61 mrr: 66.78, ndcg: 71.40, took: 3.25s
Epoch 8, 50.8%	 loss: 2.021 acc@1: 54.69 mrr: 66.60, ndcg: 71.26, took: 3.41s
Epoch 8, 55.0%	 loss: 2.010 acc@1: 54.05 mrr: 66.37, ndcg: 71.09, took: 3.35s
Epoch 8, 59.2%	 loss: 2.013 acc@1: 54.75 mrr: 66.84, ndcg: 71.49, took: 3.32s
Epoch 8, 63.5%	 loss: 2.037 acc@1: 54.62 mrr: 66.71, ndcg: 71.22, took: 3.37s
Epoch 8, 67.7%	 loss: 1.997 acc@1: 55.30 mrr: 67.14, ndcg: 71.72, took: 3.33s
Epoch 8, 71.9%	 loss: 2.090 acc@1: 53.55 mrr: 65.70, ndcg: 70.45, took: 3.24s
Epoch 8, 76.1%	 loss: 2.053 acc@1: 53.59 mrr: 65.86, ndcg: 70.54, took: 3.36s
Epoch 8, 80.4%	 loss: 2.112 acc@1: 51.94 mrr: 64.84, ndcg: 69.81, took: 3.28s
Epoch 8, 84.6%	 loss: 2.042 acc@1: 54.09 mrr: 66.26, ndcg: 71.02, took: 3.33s
Epoch 8, 88.8%	 loss: 2.025 acc@1: 54.92 mrr: 67.04, ndcg: 71.75, took: 3.18s
Epoch 8, 93.1%	 loss: 2.055 acc@1: 53.89 mrr: 66.08, ndcg: 70.83, took: 3.27s
Epoch 8, 97.3%	 loss: 2.043 acc@1: 55.16 mrr: 66.99, ndcg: 71.56, took: 3.16s
Validation - loss: 2.9435, acc@1: 50.85%, f1: 44.18%, mrr: 62.20%, ndcg: 66.67%
Current learning rate: 0.001750

=== Epoch 9 ===
Epoch 9, 4.2%	 loss: 1.897 acc@1: 55.92 mrr: 67.92, ndcg: 72.67, took: 3.22s
Epoch 9, 8.5%	 loss: 1.909 acc@1: 55.73 mrr: 67.71, ndcg: 72.51, took: 3.21s
Epoch 9, 12.7%	 loss: 1.951 acc@1: 54.95 mrr: 67.20, ndcg: 72.01, took: 3.11s
Epoch 9, 16.9%	 loss: 1.943 acc@1: 54.72 mrr: 66.91, ndcg: 71.79, took: 3.20s
Epoch 9, 21.2%	 loss: 1.940 acc@1: 55.67 mrr: 67.64, ndcg: 72.26, took: 3.36s
Epoch 9, 25.4%	 loss: 1.917 acc@1: 55.33 mrr: 67.67, ndcg: 72.35, took: 3.09s
Epoch 9, 29.6%	 loss: 1.944 acc@1: 55.81 mrr: 67.45, ndcg: 72.10, took: 3.48s
Epoch 9, 33.8%	 loss: 1.947 acc@1: 55.55 mrr: 67.59, ndcg: 72.18, took: 3.37s
Epoch 9, 38.1%	 loss: 1.971 acc@1: 55.19 mrr: 67.31, ndcg: 71.96, took: 3.29s
Epoch 9, 42.3%	 loss: 1.992 acc@1: 54.72 mrr: 66.75, ndcg: 71.52, took: 3.26s
Epoch 9, 46.5%	 loss: 1.931 acc@1: 56.02 mrr: 67.80, ndcg: 72.42, took: 3.18s
Epoch 9, 50.8%	 loss: 1.993 acc@1: 54.98 mrr: 66.94, ndcg: 71.53, took: 3.17s
Epoch 9, 55.0%	 loss: 1.957 acc@1: 55.27 mrr: 67.33, ndcg: 71.89, took: 3.35s
Epoch 9, 59.2%	 loss: 2.029 acc@1: 54.59 mrr: 66.40, ndcg: 70.98, took: 3.29s
Epoch 9, 63.5%	 loss: 1.987 acc@1: 54.80 mrr: 66.88, ndcg: 71.54, took: 3.33s
Epoch 9, 67.7%	 loss: 2.024 acc@1: 54.31 mrr: 66.37, ndcg: 71.01, took: 3.26s
Epoch 9, 71.9%	 loss: 2.011 acc@1: 55.53 mrr: 67.26, ndcg: 71.70, took: 3.38s
Epoch 9, 76.1%	 loss: 1.999 acc@1: 55.55 mrr: 67.29, ndcg: 71.81, took: 3.25s
Epoch 9, 80.4%	 loss: 1.998 acc@1: 54.64 mrr: 66.87, ndcg: 71.51, took: 3.41s
Epoch 9, 84.6%	 loss: 2.041 acc@1: 54.47 mrr: 66.36, ndcg: 71.10, took: 3.15s
Epoch 9, 88.8%	 loss: 2.070 acc@1: 53.39 mrr: 65.62, ndcg: 70.34, took: 3.22s
Epoch 9, 93.1%	 loss: 2.003 acc@1: 55.80 mrr: 67.41, ndcg: 71.88, took: 3.15s
Epoch 9, 97.3%	 loss: 2.008 acc@1: 54.36 mrr: 66.55, ndcg: 71.17, took: 3.29s
Validation - loss: 2.9431, acc@1: 50.40%, f1: 44.09%, mrr: 61.92%, ndcg: 66.50%
Current learning rate: 0.001708

=== Epoch 10 ===
Epoch 10, 4.2%	 loss: 1.859 acc@1: 56.56 mrr: 68.49, ndcg: 73.36, took: 3.14s
Epoch 10, 8.5%	 loss: 1.850 acc@1: 56.48 mrr: 68.48, ndcg: 73.20, took: 3.17s
Epoch 10, 12.7%	 loss: 1.886 acc@1: 56.52 mrr: 68.29, ndcg: 72.76, took: 3.24s
Epoch 10, 16.9%	 loss: 1.898 acc@1: 55.73 mrr: 67.66, ndcg: 72.40, took: 3.27s
Epoch 10, 21.2%	 loss: 1.893 acc@1: 56.25 mrr: 67.99, ndcg: 72.58, took: 3.41s
Epoch 10, 25.4%	 loss: 1.927 acc@1: 55.50 mrr: 67.30, ndcg: 72.02, took: 3.47s
Epoch 10, 29.6%	 loss: 1.938 acc@1: 55.55 mrr: 67.56, ndcg: 72.20, took: 3.35s
Epoch 10, 33.8%	 loss: 1.890 acc@1: 56.12 mrr: 68.10, ndcg: 72.77, took: 3.32s
Epoch 10, 38.1%	 loss: 1.937 acc@1: 55.97 mrr: 67.65, ndcg: 72.20, took: 3.27s
Epoch 10, 42.3%	 loss: 1.957 acc@1: 55.56 mrr: 67.44, ndcg: 72.14, took: 3.17s
Epoch 10, 46.5%	 loss: 1.950 acc@1: 56.53 mrr: 67.92, ndcg: 72.40, took: 3.27s
Epoch 10, 50.8%	 loss: 1.962 acc@1: 55.36 mrr: 67.27, ndcg: 71.99, took: 3.38s
Epoch 10, 55.0%	 loss: 1.948 acc@1: 55.94 mrr: 67.81, ndcg: 72.31, took: 3.26s
Epoch 10, 59.2%	 loss: 2.025 acc@1: 54.08 mrr: 66.29, ndcg: 70.96, took: 3.24s
Epoch 10, 63.5%	 loss: 2.003 acc@1: 55.41 mrr: 67.04, ndcg: 71.56, took: 3.53s
Epoch 10, 67.7%	 loss: 1.951 acc@1: 55.98 mrr: 67.67, ndcg: 72.13, took: 3.27s
Epoch 10, 71.9%	 loss: 1.940 acc@1: 56.20 mrr: 67.87, ndcg: 72.32, took: 3.10s
Epoch 10, 76.1%	 loss: 1.993 acc@1: 55.20 mrr: 67.06, ndcg: 71.58, took: 3.28s
Epoch 10, 80.4%	 loss: 2.004 acc@1: 55.02 mrr: 66.97, ndcg: 71.63, took: 3.27s
Epoch 10, 84.6%	 loss: 1.966 acc@1: 54.78 mrr: 67.10, ndcg: 71.83, took: 3.40s
Epoch 10, 88.8%	 loss: 2.006 acc@1: 54.66 mrr: 66.66, ndcg: 71.20, took: 3.29s
Epoch 10, 93.1%	 loss: 1.983 acc@1: 56.33 mrr: 67.73, ndcg: 72.14, took: 3.22s
Epoch 10, 97.3%	 loss: 1.955 acc@1: 55.23 mrr: 67.50, ndcg: 72.12, took: 3.38s
Validation - loss: 2.9457, acc@1: 51.24%, f1: 44.78%, mrr: 62.35%, ndcg: 66.78%
Current learning rate: 0.000167

=== Epoch 11 ===
Epoch 11, 4.2%	 loss: 1.990 acc@1: 54.19 mrr: 66.76, ndcg: 71.73, took: 3.24s
Epoch 11, 8.5%	 loss: 1.970 acc@1: 54.81 mrr: 67.29, ndcg: 72.11, took: 3.27s
Epoch 11, 12.7%	 loss: 1.974 acc@1: 54.23 mrr: 66.84, ndcg: 71.75, took: 3.10s
Epoch 11, 16.9%	 loss: 2.017 acc@1: 53.88 mrr: 66.40, ndcg: 71.29, took: 3.20s
Epoch 11, 21.2%	 loss: 2.022 acc@1: 52.95 mrr: 65.94, ndcg: 71.02, took: 3.23s
Epoch 11, 25.4%	 loss: 1.996 acc@1: 54.33 mrr: 66.69, ndcg: 71.60, took: 3.06s
Epoch 11, 29.6%	 loss: 2.020 acc@1: 54.39 mrr: 66.74, ndcg: 71.58, took: 3.35s
Epoch 11, 33.8%	 loss: 1.994 acc@1: 54.78 mrr: 67.01, ndcg: 71.79, took: 3.28s
Epoch 11, 38.1%	 loss: 1.986 acc@1: 55.11 mrr: 67.18, ndcg: 71.99, took: 3.23s
Epoch 11, 42.3%	 loss: 2.007 acc@1: 54.11 mrr: 66.52, ndcg: 71.34, took: 3.17s
Epoch 11, 46.5%	 loss: 1.977 acc@1: 54.64 mrr: 67.03, ndcg: 71.81, took: 3.23s
Epoch 11, 50.8%	 loss: 1.980 acc@1: 55.23 mrr: 67.18, ndcg: 71.91, took: 3.20s
Epoch 11, 55.0%	 loss: 2.020 acc@1: 54.30 mrr: 66.50, ndcg: 71.21, took: 3.28s
Epoch 11, 59.2%	 loss: 1.940 acc@1: 55.77 mrr: 67.86, ndcg: 72.48, took: 3.26s
Epoch 11, 63.5%	 loss: 1.959 acc@1: 55.59 mrr: 67.64, ndcg: 72.37, took: 3.26s
Epoch 11, 67.7%	 loss: 2.031 acc@1: 54.78 mrr: 66.76, ndcg: 71.44, took: 3.22s
Epoch 11, 71.9%	 loss: 1.989 acc@1: 54.67 mrr: 66.94, ndcg: 71.79, took: 3.20s
Epoch 11, 76.1%	 loss: 2.006 acc@1: 53.22 mrr: 66.11, ndcg: 71.03, took: 3.29s
Epoch 11, 80.4%	 loss: 1.954 acc@1: 55.52 mrr: 67.58, ndcg: 72.40, took: 3.42s
Epoch 11, 84.6%	 loss: 1.977 acc@1: 54.48 mrr: 66.92, ndcg: 71.84, took: 3.45s
Epoch 11, 88.8%	 loss: 1.947 acc@1: 55.42 mrr: 67.65, ndcg: 72.35, took: 3.21s
Epoch 11, 93.1%	 loss: 1.966 acc@1: 54.61 mrr: 67.04, ndcg: 71.94, took: 3.31s
Epoch 11, 97.3%	 loss: 1.955 acc@1: 55.48 mrr: 67.47, ndcg: 72.16, took: 3.33s
Validation - loss: 2.8790, acc@1: 51.64%, f1: 44.44%, mrr: 62.79%, ndcg: 67.24%
Current learning rate: 0.000167

=== Epoch 12 ===
Epoch 12, 4.2%	 loss: 1.939 acc@1: 55.27 mrr: 67.57, ndcg: 72.33, took: 3.49s
Epoch 12, 8.5%	 loss: 1.939 acc@1: 55.61 mrr: 67.80, ndcg: 72.55, took: 3.34s
Epoch 12, 12.7%	 loss: 1.954 acc@1: 54.36 mrr: 66.99, ndcg: 71.82, took: 3.17s
Epoch 12, 16.9%	 loss: 1.918 acc@1: 55.95 mrr: 68.03, ndcg: 72.83, took: 3.27s
Epoch 12, 21.2%	 loss: 1.981 acc@1: 54.39 mrr: 66.84, ndcg: 71.75, took: 3.34s
Epoch 12, 25.4%	 loss: 1.941 acc@1: 55.80 mrr: 67.74, ndcg: 72.52, took: 3.33s
Epoch 12, 29.6%	 loss: 1.955 acc@1: 54.56 mrr: 67.07, ndcg: 72.05, took: 3.19s
Epoch 12, 33.8%	 loss: 1.927 acc@1: 55.25 mrr: 67.58, ndcg: 72.48, took: 3.32s
Epoch 12, 38.1%	 loss: 1.952 acc@1: 54.66 mrr: 67.09, ndcg: 71.99, took: 3.33s
Epoch 12, 42.3%	 loss: 1.965 acc@1: 54.50 mrr: 66.91, ndcg: 71.82, took: 3.29s
Epoch 12, 46.5%	 loss: 1.948 acc@1: 55.16 mrr: 67.38, ndcg: 72.17, took: 3.23s
Epoch 12, 50.8%	 loss: 1.954 acc@1: 55.50 mrr: 67.47, ndcg: 72.18, took: 3.17s
Epoch 12, 55.0%	 loss: 1.960 acc@1: 55.33 mrr: 67.38, ndcg: 72.07, took: 3.30s
Epoch 12, 59.2%	 loss: 1.889 acc@1: 56.17 mrr: 68.49, ndcg: 73.20, took: 3.20s
Epoch 12, 63.5%	 loss: 1.959 acc@1: 55.09 mrr: 67.31, ndcg: 72.09, took: 3.26s
Epoch 12, 67.7%	 loss: 1.953 acc@1: 55.72 mrr: 67.46, ndcg: 72.08, took: 3.37s
Epoch 12, 71.9%	 loss: 1.933 acc@1: 55.27 mrr: 67.55, ndcg: 72.28, took: 3.45s
Epoch 12, 76.1%	 loss: 1.958 acc@1: 54.66 mrr: 67.06, ndcg: 71.96, took: 3.34s
Epoch 12, 80.4%	 loss: 1.918 acc@1: 56.00 mrr: 68.07, ndcg: 72.79, took: 3.29s
Epoch 12, 84.6%	 loss: 1.926 acc@1: 56.23 mrr: 67.99, ndcg: 72.61, took: 3.26s
Epoch 12, 88.8%	 loss: 1.947 acc@1: 55.58 mrr: 67.66, ndcg: 72.35, took: 3.22s
Epoch 12, 93.1%	 loss: 1.947 acc@1: 55.16 mrr: 67.48, ndcg: 72.31, took: 3.45s
Epoch 12, 97.3%	 loss: 1.966 acc@1: 54.16 mrr: 66.90, ndcg: 71.88, took: 3.19s
Validation - loss: 2.8753, acc@1: 51.90%, f1: 44.56%, mrr: 62.99%, ndcg: 67.37%
Current learning rate: 0.000167

=== Epoch 13 ===
Epoch 13, 4.2%	 loss: 1.899 acc@1: 55.83 mrr: 68.01, ndcg: 72.72, took: 3.42s
Epoch 13, 8.5%	 loss: 1.932 acc@1: 56.11 mrr: 67.95, ndcg: 72.67, took: 3.32s
Epoch 13, 12.7%	 loss: 1.909 acc@1: 55.84 mrr: 68.02, ndcg: 72.73, took: 2.96s
Epoch 13, 16.9%	 loss: 1.904 acc@1: 56.83 mrr: 68.60, ndcg: 73.06, took: 3.21s
Epoch 13, 21.2%	 loss: 1.925 acc@1: 54.67 mrr: 67.35, ndcg: 72.25, took: 3.28s
Epoch 13, 25.4%	 loss: 1.940 acc@1: 55.06 mrr: 67.34, ndcg: 72.05, took: 3.19s
Epoch 13, 29.6%	 loss: 1.893 acc@1: 55.86 mrr: 68.29, ndcg: 73.11, took: 3.27s
Epoch 13, 33.8%	 loss: 1.909 acc@1: 56.02 mrr: 68.04, ndcg: 72.83, took: 3.33s
Epoch 13, 38.1%	 loss: 1.959 acc@1: 55.55 mrr: 67.54, ndcg: 72.24, took: 3.21s
Epoch 13, 42.3%	 loss: 1.917 acc@1: 55.14 mrr: 67.45, ndcg: 72.40, took: 3.05s
Epoch 13, 46.5%	 loss: 1.937 acc@1: 55.50 mrr: 67.86, ndcg: 72.62, took: 3.20s
Epoch 13, 50.8%	 loss: 1.930 acc@1: 54.84 mrr: 67.28, ndcg: 72.11, took: 3.45s
Epoch 13, 55.0%	 loss: 1.959 acc@1: 55.45 mrr: 67.43, ndcg: 72.06, took: 3.36s
Epoch 13, 59.2%	 loss: 1.911 acc@1: 56.09 mrr: 68.15, ndcg: 72.78, took: 3.24s
Epoch 13, 63.5%	 loss: 1.978 acc@1: 53.94 mrr: 66.47, ndcg: 71.47, took: 3.39s
Epoch 13, 67.7%	 loss: 1.884 acc@1: 56.02 mrr: 68.20, ndcg: 72.91, took: 3.84s
Epoch 13, 71.9%	 loss: 1.953 acc@1: 54.88 mrr: 67.19, ndcg: 72.03, took: 3.29s
Epoch 13, 76.1%	 loss: 1.967 acc@1: 54.61 mrr: 66.94, ndcg: 71.82, took: 3.28s
Epoch 13, 80.4%	 loss: 1.928 acc@1: 55.45 mrr: 67.47, ndcg: 72.24, took: 3.26s
Epoch 13, 84.6%	 loss: 1.908 acc@1: 55.91 mrr: 67.89, ndcg: 72.60, took: 3.23s
Epoch 13, 88.8%	 loss: 1.937 acc@1: 55.62 mrr: 67.67, ndcg: 72.39, took: 3.24s
Epoch 13, 93.1%	 loss: 1.896 acc@1: 55.66 mrr: 68.10, ndcg: 72.86, took: 3.21s
Epoch 13, 97.3%	 loss: 1.926 acc@1: 55.16 mrr: 67.74, ndcg: 72.60, took: 3.35s
Validation - loss: 2.8743, acc@1: 51.69%, f1: 44.44%, mrr: 62.89%, ndcg: 67.35%
Current learning rate: 0.000167

=== Epoch 14 ===
Epoch 14, 4.2%	 loss: 1.905 acc@1: 55.28 mrr: 67.65, ndcg: 72.48, took: 3.27s
Epoch 14, 8.5%	 loss: 1.894 acc@1: 55.83 mrr: 68.10, ndcg: 72.93, took: 3.29s
Epoch 14, 12.7%	 loss: 1.917 acc@1: 55.66 mrr: 67.93, ndcg: 72.65, took: 3.25s
Epoch 14, 16.9%	 loss: 1.919 acc@1: 54.62 mrr: 67.35, ndcg: 72.32, took: 3.15s
Epoch 14, 21.2%	 loss: 1.908 acc@1: 55.39 mrr: 67.72, ndcg: 72.45, took: 3.20s
Epoch 14, 25.4%	 loss: 1.871 acc@1: 56.77 mrr: 68.65, ndcg: 73.31, took: 3.28s
Epoch 14, 29.6%	 loss: 1.900 acc@1: 55.56 mrr: 67.83, ndcg: 72.62, took: 3.27s
Epoch 14, 33.8%	 loss: 1.937 acc@1: 55.48 mrr: 67.36, ndcg: 72.14, took: 3.25s
Epoch 14, 38.1%	 loss: 1.953 acc@1: 54.88 mrr: 67.26, ndcg: 72.06, took: 3.20s
Epoch 14, 42.3%	 loss: 1.889 acc@1: 55.75 mrr: 68.03, ndcg: 72.87, took: 3.08s
Epoch 14, 46.5%	 loss: 1.907 acc@1: 55.89 mrr: 67.98, ndcg: 72.73, took: 3.04s
Epoch 14, 50.8%	 loss: 1.876 acc@1: 56.23 mrr: 68.42, ndcg: 73.17, took: 2.95s
Epoch 14, 55.0%	 loss: 1.876 acc@1: 57.14 mrr: 68.85, ndcg: 73.51, took: 3.12s
Epoch 14, 59.2%	 loss: 1.890 acc@1: 55.91 mrr: 68.15, ndcg: 72.92, took: 2.84s
Epoch 14, 63.5%	 loss: 1.891 acc@1: 57.19 mrr: 68.68, ndcg: 73.17, took: 2.96s
Epoch 14, 67.7%	 loss: 1.919 acc@1: 55.48 mrr: 67.73, ndcg: 72.57, took: 2.97s
Epoch 14, 71.9%	 loss: 1.924 acc@1: 55.25 mrr: 67.59, ndcg: 72.40, took: 3.07s
Epoch 14, 76.1%	 loss: 1.952 acc@1: 55.36 mrr: 67.47, ndcg: 72.21, took: 3.01s
Epoch 14, 80.4%	 loss: 1.894 acc@1: 55.66 mrr: 68.00, ndcg: 72.80, took: 3.04s
Epoch 14, 84.6%	 loss: 1.887 acc@1: 55.67 mrr: 68.02, ndcg: 72.78, took: 3.39s
Epoch 14, 88.8%	 loss: 1.966 acc@1: 55.52 mrr: 67.40, ndcg: 72.09, took: 3.02s
Epoch 14, 93.1%	 loss: 1.967 acc@1: 54.52 mrr: 66.82, ndcg: 71.65, took: 3.20s
Epoch 14, 97.3%	 loss: 1.937 acc@1: 54.72 mrr: 67.18, ndcg: 72.07, took: 3.45s
Validation - loss: 2.8736, acc@1: 51.62%, f1: 44.46%, mrr: 62.90%, ndcg: 67.36%
Current learning rate: 0.000167

=== Epoch 15 ===
Epoch 15, 4.2%	 loss: 1.863 acc@1: 55.86 mrr: 68.25, ndcg: 73.13, took: 3.41s
Epoch 15, 8.5%	 loss: 1.893 acc@1: 55.92 mrr: 68.07, ndcg: 72.80, took: 3.29s
Epoch 15, 12.7%	 loss: 1.913 acc@1: 55.56 mrr: 67.74, ndcg: 72.55, took: 3.50s
Epoch 15, 16.9%	 loss: 1.874 acc@1: 56.50 mrr: 68.46, ndcg: 73.09, took: 3.22s
Epoch 15, 21.2%	 loss: 1.880 acc@1: 55.67 mrr: 68.04, ndcg: 72.97, took: 3.51s
Epoch 15, 25.4%	 loss: 1.888 acc@1: 56.11 mrr: 68.15, ndcg: 72.82, took: 3.31s
Epoch 15, 29.6%	 loss: 1.876 acc@1: 55.75 mrr: 68.08, ndcg: 72.93, took: 3.49s
Epoch 15, 33.8%	 loss: 1.952 acc@1: 55.08 mrr: 67.29, ndcg: 72.05, took: 3.21s
Epoch 15, 38.1%	 loss: 1.915 acc@1: 55.95 mrr: 67.88, ndcg: 72.46, took: 3.42s
Epoch 15, 42.3%	 loss: 1.868 acc@1: 55.98 mrr: 68.28, ndcg: 73.05, took: 3.67s
Epoch 15, 46.5%	 loss: 1.897 acc@1: 56.12 mrr: 68.13, ndcg: 72.84, took: 3.37s
Epoch 15, 50.8%	 loss: 1.905 acc@1: 55.69 mrr: 67.66, ndcg: 72.33, took: 3.52s
Epoch 15, 55.0%	 loss: 1.896 acc@1: 56.22 mrr: 68.16, ndcg: 72.85, took: 3.47s
Epoch 15, 59.2%	 loss: 1.893 acc@1: 57.00 mrr: 68.58, ndcg: 73.02, took: 3.48s
Epoch 15, 63.5%	 loss: 1.924 acc@1: 55.91 mrr: 67.73, ndcg: 72.50, took: 3.51s
Epoch 15, 67.7%	 loss: 1.886 acc@1: 56.30 mrr: 68.36, ndcg: 73.11, took: 3.42s
Epoch 15, 71.9%	 loss: 1.915 acc@1: 55.72 mrr: 67.84, ndcg: 72.60, took: 3.35s
Epoch 15, 76.1%	 loss: 1.900 acc@1: 56.17 mrr: 68.23, ndcg: 72.90, took: 3.33s
Epoch 15, 80.4%	 loss: 1.901 acc@1: 56.06 mrr: 68.18, ndcg: 72.98, took: 3.30s
Epoch 15, 84.6%	 loss: 1.891 acc@1: 55.78 mrr: 67.92, ndcg: 72.71, took: 3.60s
Epoch 15, 88.8%	 loss: 1.911 acc@1: 55.47 mrr: 67.67, ndcg: 72.44, took: 3.41s
Epoch 15, 93.1%	 loss: 1.936 acc@1: 55.23 mrr: 67.42, ndcg: 72.14, took: 3.37s
Epoch 15, 97.3%	 loss: 1.918 acc@1: 55.84 mrr: 67.94, ndcg: 72.67, took: 3.43s
Validation - loss: 2.8786, acc@1: 51.74%, f1: 44.57%, mrr: 62.98%, ndcg: 67.44%
Current learning rate: 0.000167

=== Epoch 16 ===
Epoch 16, 4.2%	 loss: 1.832 acc@1: 57.08 mrr: 69.08, ndcg: 73.76, took: 3.54s
Epoch 16, 8.5%	 loss: 1.881 acc@1: 56.27 mrr: 68.42, ndcg: 73.09, took: 3.38s
Epoch 16, 12.7%	 loss: 1.900 acc@1: 56.34 mrr: 68.16, ndcg: 72.83, took: 3.44s
Epoch 16, 16.9%	 loss: 1.891 acc@1: 55.61 mrr: 67.80, ndcg: 72.70, took: 3.28s
Epoch 16, 21.2%	 loss: 1.904 acc@1: 55.34 mrr: 67.66, ndcg: 72.64, took: 3.34s
Epoch 16, 25.4%	 loss: 1.884 acc@1: 56.67 mrr: 68.39, ndcg: 73.03, took: 3.47s
Epoch 16, 29.6%	 loss: 1.915 acc@1: 55.12 mrr: 67.47, ndcg: 72.29, took: 3.56s
Epoch 16, 33.8%	 loss: 1.903 acc@1: 55.62 mrr: 67.80, ndcg: 72.55, took: 3.55s
Epoch 16, 38.1%	 loss: 1.920 acc@1: 55.48 mrr: 67.50, ndcg: 72.28, took: 3.32s
Epoch 16, 42.3%	 loss: 1.839 acc@1: 57.33 mrr: 69.16, ndcg: 73.82, took: 3.31s
Epoch 16, 46.5%	 loss: 1.857 acc@1: 56.27 mrr: 68.53, ndcg: 73.34, took: 3.52s
Epoch 16, 50.8%	 loss: 1.858 acc@1: 56.75 mrr: 68.73, ndcg: 73.41, took: 3.52s
Epoch 16, 55.0%	 loss: 1.889 acc@1: 56.06 mrr: 68.12, ndcg: 72.81, took: 3.49s
Epoch 16, 59.2%	 loss: 1.885 acc@1: 56.22 mrr: 68.19, ndcg: 72.93, took: 3.42s
Epoch 16, 63.5%	 loss: 1.899 acc@1: 55.92 mrr: 67.87, ndcg: 72.65, took: 3.61s
Epoch 16, 67.7%	 loss: 1.885 acc@1: 55.58 mrr: 67.88, ndcg: 72.61, took: 3.59s
Epoch 16, 71.9%	 loss: 1.912 acc@1: 56.17 mrr: 67.98, ndcg: 72.67, took: 3.44s
Epoch 16, 76.1%	 loss: 1.886 acc@1: 56.66 mrr: 68.47, ndcg: 73.12, took: 3.61s
Epoch 16, 80.4%	 loss: 1.944 acc@1: 55.53 mrr: 67.47, ndcg: 72.12, took: 3.58s
Epoch 16, 84.6%	 loss: 1.872 acc@1: 55.78 mrr: 68.18, ndcg: 73.00, took: 3.49s
Epoch 16, 88.8%	 loss: 1.866 acc@1: 56.09 mrr: 68.30, ndcg: 73.11, took: 3.37s
Epoch 16, 93.1%	 loss: 1.925 acc@1: 54.83 mrr: 67.29, ndcg: 72.08, took: 3.53s
Epoch 16, 97.3%	 loss: 1.900 acc@1: 56.52 mrr: 68.24, ndcg: 72.85, took: 3.29s
Validation - loss: 2.8764, acc@1: 51.78%, f1: 44.47%, mrr: 63.04%, ndcg: 67.53%
Current learning rate: 0.000167

=== Epoch 17 ===
Epoch 17, 4.2%	 loss: 1.891 acc@1: 55.97 mrr: 68.06, ndcg: 72.78, took: 3.50s
Epoch 17, 8.5%	 loss: 1.898 acc@1: 55.50 mrr: 67.80, ndcg: 72.69, took: 3.41s
Epoch 17, 12.7%	 loss: 1.897 acc@1: 55.36 mrr: 67.74, ndcg: 72.61, took: 3.43s
Epoch 17, 16.9%	 loss: 1.906 acc@1: 55.66 mrr: 67.78, ndcg: 72.53, took: 3.40s
Epoch 17, 21.2%	 loss: 1.898 acc@1: 55.66 mrr: 67.78, ndcg: 72.50, took: 3.34s
Epoch 17, 25.4%	 loss: 1.836 acc@1: 57.72 mrr: 69.23, ndcg: 73.82, took: 3.40s
Epoch 17, 29.6%	 loss: 1.862 acc@1: 56.45 mrr: 68.47, ndcg: 73.29, took: 3.28s
Epoch 17, 33.8%	 loss: 1.815 acc@1: 57.72 mrr: 69.40, ndcg: 74.04, took: 3.27s
Epoch 17, 38.1%	 loss: 1.842 acc@1: 57.27 mrr: 69.08, ndcg: 73.73, took: 3.49s
Epoch 17, 42.3%	 loss: 1.919 acc@1: 55.94 mrr: 67.86, ndcg: 72.55, took: 3.58s
Epoch 17, 46.5%	 loss: 1.879 acc@1: 56.34 mrr: 68.22, ndcg: 72.86, took: 3.49s
Epoch 17, 50.8%	 loss: 1.882 acc@1: 57.20 mrr: 68.73, ndcg: 73.37, took: 3.50s
Epoch 17, 55.0%	 loss: 1.869 acc@1: 55.47 mrr: 68.00, ndcg: 72.89, took: 3.36s
Epoch 17, 59.2%	 loss: 1.910 acc@1: 55.58 mrr: 67.73, ndcg: 72.53, took: 3.32s
Epoch 17, 63.5%	 loss: 1.906 acc@1: 56.06 mrr: 68.09, ndcg: 72.74, took: 3.42s
Epoch 17, 67.7%	 loss: 1.846 acc@1: 56.39 mrr: 68.70, ndcg: 73.52, took: 3.50s
Epoch 17, 71.9%	 loss: 1.827 acc@1: 57.11 mrr: 69.06, ndcg: 73.71, took: 3.44s
Epoch 17, 76.1%	 loss: 1.861 acc@1: 56.55 mrr: 68.52, ndcg: 73.19, took: 3.44s
Epoch 17, 80.4%	 loss: 1.894 acc@1: 56.23 mrr: 68.12, ndcg: 72.72, took: 3.46s
Epoch 17, 84.6%	 loss: 1.848 acc@1: 56.39 mrr: 68.51, ndcg: 73.32, took: 3.43s
Epoch 17, 88.8%	 loss: 1.899 acc@1: 56.17 mrr: 68.04, ndcg: 72.75, took: 3.26s
Epoch 17, 93.1%	 loss: 1.919 acc@1: 56.22 mrr: 67.99, ndcg: 72.55, took: 3.50s
Epoch 17, 97.3%	 loss: 1.892 acc@1: 55.78 mrr: 67.94, ndcg: 72.74, took: 3.40s
Validation - loss: 2.8823, acc@1: 51.59%, f1: 44.52%, mrr: 62.90%, ndcg: 67.41%
Current learning rate: 0.000167

=== Epoch 18 ===
Epoch 18, 4.2%	 loss: 1.846 acc@1: 57.14 mrr: 68.69, ndcg: 73.41, took: 3.46s
Epoch 18, 8.5%	 loss: 1.803 acc@1: 57.69 mrr: 69.48, ndcg: 73.98, took: 3.35s
Epoch 18, 12.7%	 loss: 1.876 acc@1: 56.28 mrr: 68.25, ndcg: 72.95, took: 3.32s
Epoch 18, 16.9%	 loss: 1.865 acc@1: 55.88 mrr: 68.22, ndcg: 73.08, took: 3.31s
Epoch 18, 21.2%	 loss: 1.895 acc@1: 55.12 mrr: 67.50, ndcg: 72.42, took: 3.21s
Epoch 18, 25.4%	 loss: 1.849 acc@1: 57.06 mrr: 68.85, ndcg: 73.56, took: 3.27s
Epoch 18, 29.6%	 loss: 1.852 acc@1: 56.81 mrr: 68.77, ndcg: 73.44, took: 3.43s
Epoch 18, 33.8%	 loss: 1.812 acc@1: 56.86 mrr: 68.96, ndcg: 73.80, took: 3.59s
Epoch 18, 38.1%	 loss: 1.888 acc@1: 56.12 mrr: 68.12, ndcg: 72.91, took: 3.44s
Epoch 18, 42.3%	 loss: 1.833 acc@1: 57.02 mrr: 68.88, ndcg: 73.54, took: 3.52s
Epoch 18, 46.5%	 loss: 1.864 acc@1: 56.17 mrr: 68.24, ndcg: 72.90, took: 3.43s
Epoch 18, 50.8%	 loss: 1.910 acc@1: 55.72 mrr: 67.71, ndcg: 72.42, took: 3.45s
Epoch 18, 55.0%	 loss: 1.866 acc@1: 57.11 mrr: 68.78, ndcg: 73.36, took: 3.39s
Epoch 18, 59.2%	 loss: 1.834 acc@1: 56.42 mrr: 68.68, ndcg: 73.50, took: 3.35s
Epoch 18, 63.5%	 loss: 1.863 acc@1: 57.28 mrr: 68.89, ndcg: 73.49, took: 3.55s
Epoch 18, 67.7%	 loss: 1.892 acc@1: 55.39 mrr: 67.66, ndcg: 72.54, took: 3.49s
Epoch 18, 71.9%	 loss: 1.845 acc@1: 56.77 mrr: 68.76, ndcg: 73.52, took: 3.46s
Epoch 18, 76.1%	 loss: 1.917 acc@1: 55.20 mrr: 67.48, ndcg: 72.27, took: 3.18s
Epoch 18, 80.4%	 loss: 1.921 acc@1: 56.06 mrr: 67.99, ndcg: 72.52, took: 3.56s
Epoch 18, 84.6%	 loss: 1.867 acc@1: 56.53 mrr: 68.45, ndcg: 73.16, took: 3.42s
Epoch 18, 88.8%	 loss: 1.905 acc@1: 56.09 mrr: 68.01, ndcg: 72.62, took: 3.54s
Epoch 18, 93.1%	 loss: 1.901 acc@1: 56.14 mrr: 68.16, ndcg: 73.00, took: 3.42s
Epoch 18, 97.3%	 loss: 1.899 acc@1: 56.12 mrr: 67.89, ndcg: 72.46, took: 3.56s
Validation - loss: 2.8863, acc@1: 51.57%, f1: 44.68%, mrr: 62.86%, ndcg: 67.38%
Current learning rate: 0.000017

=== Epoch 19 ===
Epoch 19, 4.2%	 loss: 1.905 acc@1: 56.25 mrr: 68.11, ndcg: 72.76, took: 3.57s
Epoch 19, 8.5%	 loss: 1.904 acc@1: 55.95 mrr: 67.98, ndcg: 72.77, took: 3.52s
Epoch 19, 12.7%	 loss: 1.864 acc@1: 55.42 mrr: 68.03, ndcg: 73.01, took: 3.33s
Epoch 19, 16.9%	 loss: 1.854 acc@1: 56.69 mrr: 68.66, ndcg: 73.36, took: 3.46s
Epoch 19, 21.2%	 loss: 1.898 acc@1: 55.36 mrr: 67.72, ndcg: 72.70, took: 3.61s
Epoch 19, 25.4%	 loss: 1.883 acc@1: 55.88 mrr: 68.13, ndcg: 72.93, took: 3.47s
Epoch 19, 29.6%	 loss: 1.937 acc@1: 55.39 mrr: 67.57, ndcg: 72.30, took: 3.53s
Epoch 19, 33.8%	 loss: 1.902 acc@1: 55.66 mrr: 67.98, ndcg: 72.85, took: 3.36s
Epoch 19, 38.1%	 loss: 1.897 acc@1: 55.11 mrr: 67.64, ndcg: 72.53, took: 3.49s
Epoch 19, 42.3%	 loss: 1.899 acc@1: 56.27 mrr: 68.34, ndcg: 73.00, took: 3.47s
Epoch 19, 46.5%	 loss: 1.912 acc@1: 55.30 mrr: 67.64, ndcg: 72.43, took: 3.59s
Epoch 19, 50.8%	 loss: 1.918 acc@1: 55.58 mrr: 67.71, ndcg: 72.53, took: 3.46s
Epoch 19, 55.0%	 loss: 1.909 acc@1: 56.23 mrr: 68.03, ndcg: 72.80, took: 3.44s
Epoch 19, 59.2%	 loss: 1.890 acc@1: 56.17 mrr: 68.36, ndcg: 73.13, took: 3.44s
Epoch 19, 63.5%	 loss: 1.930 acc@1: 55.22 mrr: 67.54, ndcg: 72.34, took: 3.38s
Epoch 19, 67.7%	 loss: 1.862 acc@1: 56.61 mrr: 68.71, ndcg: 73.45, took: 4.10s
Epoch 19, 71.9%	 loss: 1.906 acc@1: 55.64 mrr: 67.95, ndcg: 72.71, took: 3.52s
Epoch 19, 76.1%	 loss: 1.844 acc@1: 56.91 mrr: 68.96, ndcg: 73.72, took: 3.50s
Epoch 19, 80.4%	 loss: 1.910 acc@1: 56.23 mrr: 68.23, ndcg: 72.85, took: 3.22s
Epoch 19, 84.6%	 loss: 1.887 acc@1: 56.23 mrr: 68.28, ndcg: 73.06, took: 3.40s
Epoch 19, 88.8%	 loss: 1.942 acc@1: 54.98 mrr: 67.19, ndcg: 72.01, took: 3.19s
Epoch 19, 93.1%	 loss: 1.925 acc@1: 55.23 mrr: 67.48, ndcg: 72.38, took: 3.28s
Epoch 19, 97.3%	 loss: 1.897 acc@1: 55.72 mrr: 68.03, ndcg: 72.75, took: 3.45s
Validation - loss: 2.8743, acc@1: 51.73%, f1: 44.46%, mrr: 62.97%, ndcg: 67.42%
Current learning rate: 0.000017

=== Epoch 20 ===
Epoch 20, 4.2%	 loss: 1.874 acc@1: 56.36 mrr: 68.43, ndcg: 73.10, took: 3.43s
Epoch 20, 8.5%	 loss: 1.904 acc@1: 56.08 mrr: 68.06, ndcg: 72.77, took: 3.31s
Epoch 20, 12.7%	 loss: 1.898 acc@1: 55.98 mrr: 68.02, ndcg: 72.75, took: 3.42s
Epoch 20, 16.9%	 loss: 1.897 acc@1: 56.23 mrr: 68.09, ndcg: 72.86, took: 3.37s
Epoch 20, 21.2%	 loss: 1.899 acc@1: 55.67 mrr: 67.98, ndcg: 72.82, took: 3.39s
Epoch 20, 25.4%	 loss: 1.877 acc@1: 56.27 mrr: 68.30, ndcg: 73.14, took: 3.26s
Epoch 20, 29.6%	 loss: 1.918 acc@1: 55.23 mrr: 67.74, ndcg: 72.45, took: 3.48s
Epoch 20, 33.8%	 loss: 1.920 acc@1: 55.33 mrr: 67.72, ndcg: 72.56, took: 3.53s
Epoch 20, 38.1%	 loss: 1.923 acc@1: 56.00 mrr: 67.91, ndcg: 72.61, took: 3.39s
Epoch 20, 42.3%	 loss: 1.877 acc@1: 55.80 mrr: 68.25, ndcg: 73.17, took: 3.53s
Epoch 20, 46.5%	 loss: 1.916 acc@1: 55.30 mrr: 67.68, ndcg: 72.53, took: 3.19s
Epoch 20, 50.8%	 loss: 1.895 acc@1: 56.09 mrr: 68.13, ndcg: 72.91, took: 3.50s
Epoch 20, 55.0%	 loss: 1.904 acc@1: 55.62 mrr: 67.87, ndcg: 72.60, took: 3.49s
Epoch 20, 59.2%	 loss: 1.889 acc@1: 55.66 mrr: 67.86, ndcg: 72.71, took: 3.31s
Epoch 20, 63.5%	 loss: 1.886 acc@1: 55.92 mrr: 68.14, ndcg: 72.91, took: 3.37s
Epoch 20, 67.7%	 loss: 1.923 acc@1: 55.77 mrr: 67.84, ndcg: 72.55, took: 3.36s
Epoch 20, 71.9%	 loss: 1.854 acc@1: 56.78 mrr: 68.75, ndcg: 73.46, took: 3.16s
Epoch 20, 76.1%	 loss: 1.876 acc@1: 56.91 mrr: 68.58, ndcg: 73.03, took: 3.36s
Epoch 20, 80.4%	 loss: 1.875 acc@1: 56.38 mrr: 68.43, ndcg: 73.25, took: 3.53s
Epoch 20, 84.6%	 loss: 1.911 acc@1: 55.62 mrr: 67.93, ndcg: 72.78, took: 3.52s
Epoch 20, 88.8%	 loss: 1.857 acc@1: 56.94 mrr: 68.84, ndcg: 73.52, took: 3.47s
Epoch 20, 93.1%	 loss: 1.892 acc@1: 55.94 mrr: 68.08, ndcg: 72.88, took: 3.65s
Epoch 20, 97.3%	 loss: 1.938 acc@1: 54.92 mrr: 67.41, ndcg: 72.27, took: 3.49s
Validation - loss: 2.8718, acc@1: 51.67%, f1: 44.52%, mrr: 62.91%, ndcg: 67.35%
Current learning rate: 0.000017

=== Epoch 21 ===
Epoch 21, 4.2%	 loss: 1.900 acc@1: 55.72 mrr: 67.86, ndcg: 72.62, took: 3.46s
Epoch 21, 8.5%	 loss: 1.894 acc@1: 55.94 mrr: 67.98, ndcg: 72.83, took: 3.41s
Epoch 21, 12.7%	 loss: 1.883 acc@1: 55.92 mrr: 68.17, ndcg: 72.83, took: 3.40s
Epoch 21, 16.9%	 loss: 1.914 acc@1: 55.12 mrr: 67.64, ndcg: 72.54, took: 3.21s
Epoch 21, 21.2%	 loss: 1.923 acc@1: 55.97 mrr: 67.92, ndcg: 72.52, took: 3.47s
Epoch 21, 25.4%	 loss: 1.865 acc@1: 56.36 mrr: 68.53, ndcg: 73.32, took: 3.56s
Epoch 21, 29.6%	 loss: 1.880 acc@1: 56.73 mrr: 68.51, ndcg: 73.20, took: 3.20s
Epoch 21, 33.8%	 loss: 1.870 acc@1: 56.61 mrr: 68.70, ndcg: 73.41, took: 3.51s
Epoch 21, 38.1%	 loss: 1.913 acc@1: 55.12 mrr: 67.55, ndcg: 72.41, took: 3.52s
Epoch 21, 42.3%	 loss: 1.915 acc@1: 55.52 mrr: 67.69, ndcg: 72.50, took: 3.46s
Epoch 21, 46.5%	 loss: 1.924 acc@1: 55.12 mrr: 67.45, ndcg: 72.29, took: 3.51s
Epoch 21, 50.8%	 loss: 1.879 acc@1: 56.34 mrr: 68.40, ndcg: 73.21, took: 3.37s
Epoch 21, 55.0%	 loss: 1.886 acc@1: 56.61 mrr: 68.66, ndcg: 73.37, took: 3.38s
Epoch 21, 59.2%	 loss: 1.850 acc@1: 56.98 mrr: 69.10, ndcg: 73.86, took: 3.37s
Epoch 21, 63.5%	 loss: 1.872 acc@1: 56.62 mrr: 68.59, ndcg: 73.26, took: 3.35s
Epoch 21, 67.7%	 loss: 1.888 acc@1: 55.72 mrr: 68.08, ndcg: 72.91, took: 3.47s
Epoch 21, 71.9%	 loss: 1.905 acc@1: 55.38 mrr: 67.76, ndcg: 72.60, took: 3.45s
Epoch 21, 76.1%	 loss: 1.956 acc@1: 55.09 mrr: 67.20, ndcg: 71.93, took: 3.33s
Epoch 21, 80.4%	 loss: 1.915 acc@1: 55.91 mrr: 67.86, ndcg: 72.59, took: 3.65s
Epoch 21, 84.6%	 loss: 1.934 acc@1: 55.16 mrr: 67.48, ndcg: 72.35, took: 3.37s
Epoch 21, 88.8%	 loss: 1.830 acc@1: 56.97 mrr: 69.01, ndcg: 73.76, took: 3.37s
Epoch 21, 93.1%	 loss: 1.901 acc@1: 55.70 mrr: 67.92, ndcg: 72.76, took: 3.53s
Epoch 21, 97.3%	 loss: 1.913 acc@1: 55.30 mrr: 67.67, ndcg: 72.50, took: 3.54s
Validation - loss: 2.8726, acc@1: 51.66%, f1: 44.47%, mrr: 62.90%, ndcg: 67.35%
Current learning rate: 0.000017

=== Epoch 22 ===
Epoch 22, 4.2%	 loss: 1.893 acc@1: 55.69 mrr: 68.04, ndcg: 72.89, took: 3.62s
Epoch 22, 8.5%	 loss: 1.883 acc@1: 56.02 mrr: 68.22, ndcg: 73.10, took: 3.52s
Epoch 22, 12.7%	 loss: 1.860 acc@1: 56.08 mrr: 68.48, ndcg: 73.28, took: 3.50s
Epoch 22, 16.9%	 loss: 1.870 acc@1: 56.44 mrr: 68.54, ndcg: 73.24, took: 3.44s
Epoch 22, 21.2%	 loss: 1.864 acc@1: 55.95 mrr: 68.34, ndcg: 73.15, took: 3.47s
Epoch 22, 25.4%	 loss: 1.932 acc@1: 54.88 mrr: 67.24, ndcg: 72.15, took: 3.34s
Epoch 22, 29.6%	 loss: 1.940 acc@1: 55.12 mrr: 67.31, ndcg: 72.10, took: 3.44s
Epoch 22, 33.8%	 loss: 1.910 acc@1: 55.64 mrr: 67.76, ndcg: 72.45, took: 3.41s
Epoch 22, 38.1%	 loss: 1.883 acc@1: 56.22 mrr: 68.43, ndcg: 73.14, took: 3.46s
Epoch 22, 42.3%	 loss: 1.880 acc@1: 55.22 mrr: 67.87, ndcg: 72.87, took: 3.62s
Epoch 22, 46.5%	 loss: 1.931 acc@1: 55.78 mrr: 67.64, ndcg: 72.37, took: 3.65s
Epoch 22, 50.8%	 loss: 1.903 acc@1: 55.88 mrr: 67.93, ndcg: 72.63, took: 3.56s
Epoch 22, 55.0%	 loss: 1.890 acc@1: 56.80 mrr: 68.55, ndcg: 73.17, took: 3.51s
Epoch 22, 59.2%	 loss: 1.892 acc@1: 55.84 mrr: 68.02, ndcg: 72.80, took: 3.42s
Epoch 22, 63.5%	 loss: 1.853 acc@1: 57.47 mrr: 69.25, ndcg: 73.68, took: 3.38s
Epoch 22, 67.7%	 loss: 1.865 acc@1: 57.03 mrr: 68.78, ndcg: 73.36, took: 3.49s
Epoch 22, 71.9%	 loss: 1.905 acc@1: 55.97 mrr: 68.01, ndcg: 72.74, took: 3.67s
Epoch 22, 76.1%	 loss: 1.916 acc@1: 55.78 mrr: 67.88, ndcg: 72.60, took: 3.64s
Epoch 22, 80.4%	 loss: 1.870 acc@1: 55.73 mrr: 68.11, ndcg: 72.97, took: 3.57s
Epoch 22, 84.6%	 loss: 1.905 acc@1: 56.02 mrr: 67.97, ndcg: 72.75, took: 3.78s
Epoch 22, 88.8%	 loss: 1.876 acc@1: 56.28 mrr: 68.34, ndcg: 73.09, took: 3.43s
Epoch 22, 93.1%	 loss: 1.872 acc@1: 56.55 mrr: 68.48, ndcg: 73.10, took: 3.50s
Epoch 22, 97.3%	 loss: 1.955 acc@1: 55.08 mrr: 67.39, ndcg: 72.19, took: 3.58s
Validation - loss: 2.8755, acc@1: 51.74%, f1: 44.57%, mrr: 62.95%, ndcg: 67.38%
Current learning rate: 0.000017

=== Epoch 23 ===
Epoch 23, 4.2%	 loss: 1.869 acc@1: 56.72 mrr: 68.65, ndcg: 73.36, took: 3.59s
Epoch 23, 8.5%	 loss: 1.895 acc@1: 55.42 mrr: 67.79, ndcg: 72.74, took: 3.31s
Epoch 23, 12.7%	 loss: 1.900 acc@1: 55.97 mrr: 68.04, ndcg: 72.78, took: 3.61s
Epoch 23, 16.9%	 loss: 1.924 acc@1: 55.30 mrr: 67.46, ndcg: 72.22, took: 3.43s
Epoch 23, 21.2%	 loss: 1.888 acc@1: 55.97 mrr: 68.15, ndcg: 72.88, took: 3.43s
Epoch 23, 25.4%	 loss: 1.872 acc@1: 55.67 mrr: 68.15, ndcg: 73.08, took: 3.51s
Epoch 23, 29.6%	 loss: 1.872 acc@1: 56.05 mrr: 68.34, ndcg: 73.09, took: 3.53s
Epoch 23, 33.8%	 loss: 1.891 acc@1: 56.30 mrr: 68.34, ndcg: 73.03, took: 3.17s
Epoch 23, 38.1%	 loss: 1.878 acc@1: 56.28 mrr: 68.28, ndcg: 72.97, took: 3.42s
Epoch 23, 42.3%	 loss: 1.906 acc@1: 55.94 mrr: 67.99, ndcg: 72.74, took: 3.66s
Epoch 23, 46.5%	 loss: 1.933 acc@1: 55.47 mrr: 67.66, ndcg: 72.42, took: 3.52s
Epoch 23, 50.8%	 loss: 1.874 acc@1: 56.83 mrr: 68.56, ndcg: 73.18, took: 3.56s
Epoch 23, 55.0%	 loss: 1.879 acc@1: 56.05 mrr: 68.20, ndcg: 72.88, took: 3.51s
Epoch 23, 59.2%	 loss: 1.944 acc@1: 55.16 mrr: 67.36, ndcg: 72.16, took: 3.58s
Epoch 23, 63.5%	 loss: 1.882 acc@1: 56.12 mrr: 68.24, ndcg: 73.08, took: 3.50s
Epoch 23, 67.7%	 loss: 1.844 acc@1: 57.16 mrr: 69.13, ndcg: 73.87, took: 3.74s
Epoch 23, 71.9%	 loss: 1.872 acc@1: 55.62 mrr: 67.94, ndcg: 72.82, took: 3.67s
Epoch 23, 76.1%	 loss: 1.886 acc@1: 56.58 mrr: 68.45, ndcg: 73.07, took: 3.63s
Epoch 23, 80.4%	 loss: 1.862 acc@1: 56.03 mrr: 68.30, ndcg: 73.09, took: 3.60s
Epoch 23, 84.6%	 loss: 1.930 acc@1: 55.31 mrr: 67.46, ndcg: 72.24, took: 3.77s
Epoch 23, 88.8%	 loss: 1.938 acc@1: 55.55 mrr: 67.52, ndcg: 72.28, took: 3.61s
Epoch 23, 93.1%	 loss: 1.864 acc@1: 56.50 mrr: 68.68, ndcg: 73.47, took: 3.47s
Epoch 23, 97.3%	 loss: 1.873 acc@1: 56.41 mrr: 68.49, ndcg: 73.22, took: 3.58s
Validation - loss: 2.8735, acc@1: 51.86%, f1: 44.54%, mrr: 63.03%, ndcg: 67.47%
Current learning rate: 0.000017

=== Epoch 24 ===
Epoch 24, 4.2%	 loss: 1.896 acc@1: 55.86 mrr: 68.13, ndcg: 72.96, took: 3.72s
Epoch 24, 8.5%	 loss: 1.868 acc@1: 56.53 mrr: 68.58, ndcg: 73.30, took: 3.42s
Epoch 24, 12.7%	 loss: 1.810 acc@1: 57.27 mrr: 69.30, ndcg: 74.16, took: 3.56s
Epoch 24, 16.9%	 loss: 1.907 acc@1: 55.88 mrr: 68.09, ndcg: 72.81, took: 3.63s
Epoch 24, 21.2%	 loss: 1.909 acc@1: 56.38 mrr: 68.06, ndcg: 72.73, took: 3.62s
Epoch 24, 25.4%	 loss: 1.911 acc@1: 55.88 mrr: 68.06, ndcg: 72.80, took: 3.57s
Epoch 24, 29.6%	 loss: 1.868 acc@1: 56.06 mrr: 68.25, ndcg: 72.94, took: 3.62s
Epoch 24, 33.8%	 loss: 1.874 acc@1: 56.17 mrr: 68.36, ndcg: 73.14, took: 3.51s
Epoch 24, 38.1%	 loss: 1.894 acc@1: 55.95 mrr: 68.07, ndcg: 72.83, took: 3.48s
Epoch 24, 42.3%	 loss: 1.889 acc@1: 56.80 mrr: 68.46, ndcg: 73.04, took: 3.69s
Epoch 24, 46.5%	 loss: 1.889 acc@1: 55.80 mrr: 68.06, ndcg: 72.84, took: 3.63s
Epoch 24, 50.8%	 loss: 1.896 acc@1: 55.27 mrr: 67.69, ndcg: 72.58, took: 3.37s
Epoch 24, 55.0%	 loss: 1.889 acc@1: 55.83 mrr: 68.03, ndcg: 72.92, took: 3.59s
Epoch 24, 59.2%	 loss: 1.908 acc@1: 55.77 mrr: 67.84, ndcg: 72.55, took: 3.65s
Epoch 24, 63.5%	 loss: 1.878 acc@1: 56.92 mrr: 68.57, ndcg: 73.16, took: 3.69s
Epoch 24, 67.7%	 loss: 1.944 acc@1: 55.66 mrr: 67.53, ndcg: 72.21, took: 3.65s
Epoch 24, 71.9%	 loss: 1.913 acc@1: 54.98 mrr: 67.43, ndcg: 72.26, took: 3.45s
Epoch 24, 76.1%	 loss: 1.909 acc@1: 56.06 mrr: 68.05, ndcg: 72.76, took: 3.54s
Epoch 24, 80.4%	 loss: 1.853 acc@1: 56.31 mrr: 68.52, ndcg: 73.30, took: 3.45s
Epoch 24, 84.6%	 loss: 1.914 acc@1: 55.73 mrr: 67.85, ndcg: 72.66, took: 3.50s
Epoch 24, 88.8%	 loss: 1.947 acc@1: 55.33 mrr: 67.40, ndcg: 72.09, took: 3.45s
Epoch 24, 93.1%	 loss: 1.829 acc@1: 56.44 mrr: 68.82, ndcg: 73.68, took: 3.48s
Epoch 24, 97.3%	 loss: 1.870 acc@1: 56.44 mrr: 68.47, ndcg: 73.23, took: 3.60s
Validation - loss: 2.8719, acc@1: 51.78%, f1: 44.53%, mrr: 62.98%, ndcg: 67.43%
Current learning rate: 0.000017

=== Epoch 25 ===
Epoch 25, 4.2%	 loss: 1.925 acc@1: 55.34 mrr: 67.50, ndcg: 72.27, took: 3.39s
Epoch 25, 8.5%	 loss: 1.874 acc@1: 56.02 mrr: 68.26, ndcg: 73.04, took: 3.46s
Epoch 25, 12.7%	 loss: 1.890 acc@1: 55.80 mrr: 68.00, ndcg: 72.81, took: 3.49s
Epoch 25, 16.9%	 loss: 1.859 acc@1: 56.27 mrr: 68.56, ndcg: 73.40, took: 3.63s
Epoch 25, 21.2%	 loss: 1.921 acc@1: 55.08 mrr: 67.52, ndcg: 72.37, took: 3.53s
Epoch 25, 25.4%	 loss: 1.913 acc@1: 55.89 mrr: 67.88, ndcg: 72.59, took: 3.36s
Epoch 25, 29.6%	 loss: 1.861 acc@1: 56.27 mrr: 68.46, ndcg: 73.19, took: 3.44s
Epoch 25, 33.8%	 loss: 1.858 acc@1: 56.75 mrr: 68.76, ndcg: 73.43, took: 3.58s
Epoch 25, 38.1%	 loss: 1.880 acc@1: 56.55 mrr: 68.49, ndcg: 73.23, took: 3.45s
Epoch 25, 42.3%	 loss: 1.898 acc@1: 56.34 mrr: 68.23, ndcg: 72.97, took: 3.53s
Epoch 25, 46.5%	 loss: 1.938 acc@1: 54.75 mrr: 67.23, ndcg: 72.06, took: 3.78s
Epoch 25, 50.8%	 loss: 1.881 acc@1: 56.06 mrr: 68.36, ndcg: 73.15, took: 3.60s
Epoch 25, 55.0%	 loss: 1.872 acc@1: 56.52 mrr: 68.46, ndcg: 73.19, took: 3.64s
Epoch 25, 59.2%	 loss: 1.862 acc@1: 56.86 mrr: 68.74, ndcg: 73.40, took: 3.73s
Epoch 25, 63.5%	 loss: 1.924 acc@1: 55.83 mrr: 67.85, ndcg: 72.65, took: 3.59s
Epoch 25, 67.7%	 loss: 1.851 acc@1: 57.09 mrr: 69.02, ndcg: 73.73, took: 3.52s
Epoch 25, 71.9%	 loss: 1.911 acc@1: 54.77 mrr: 67.36, ndcg: 72.26, took: 4.29s
Epoch 25, 76.1%	 loss: 1.900 acc@1: 55.80 mrr: 68.04, ndcg: 72.88, took: 3.78s
Epoch 25, 80.4%	 loss: 1.889 acc@1: 55.53 mrr: 67.96, ndcg: 72.78, took: 3.65s
Epoch 25, 84.6%	 loss: 1.909 acc@1: 55.42 mrr: 67.61, ndcg: 72.46, took: 3.40s
Epoch 25, 88.8%	 loss: 1.856 acc@1: 56.22 mrr: 68.64, ndcg: 73.42, took: 3.41s
Epoch 25, 93.1%	 loss: 1.905 acc@1: 55.94 mrr: 68.13, ndcg: 72.94, took: 3.64s
Epoch 25, 97.3%	 loss: 1.888 acc@1: 56.08 mrr: 68.04, ndcg: 72.81, took: 3.45s
Validation - loss: 2.8732, acc@1: 51.62%, f1: 44.50%, mrr: 62.90%, ndcg: 67.34%
Training finished.	 Time: 2075.06s.	 acc@1: 51.67%

=== Test Results ===
Test Results:
  acc@1: 52.62%
  acc@5: 76.77%
  acc@10: 81.11%
  mrr: 63.22%
  ndcg: 67.35%
  f1: 45.87%

=== Training Complete ===
