2025-12-29 06:37:02,233 - INFO - ============================================================
2025-12-29 06:37:02,233 - INFO - ABLATION STUDY: no_user_emb
2025-12-29 06:37:02,234 - INFO - ============================================================
2025-12-29 06:37:02,234 - INFO - Ablation: Without User Embedding
2025-12-29 06:37:02,234 - INFO - Model parameters: 244,436
2025-12-29 06:37:02,234 - INFO - ============================================================
2025-12-29 06:37:02,234 - INFO - Training for 50 epochs
2025-12-29 06:37:05,227 - INFO - Epoch 1/50 | LR: 1.30e-04 | Train: 4.1990 | Val: 3.1992 | Acc@1: 40.70%
2025-12-29 06:37:05,247 - INFO -   ✓ New best (Acc@1: 40.70%)
2025-12-29 06:37:07,688 - INFO - Epoch 2/50 | LR: 2.60e-04 | Train: 3.8451 | Val: 3.0869 | Acc@1: 43.37%
2025-12-29 06:37:07,708 - INFO -   ✓ New best (Acc@1: 43.37%)
2025-12-29 06:37:10,163 - INFO - Epoch 3/50 | LR: 3.90e-04 | Train: 3.6300 | Val: 3.0239 | Acc@1: 45.32%
2025-12-29 06:37:10,183 - INFO -   ✓ New best (Acc@1: 45.32%)
2025-12-29 06:37:12,697 - INFO - Epoch 4/50 | LR: 5.20e-04 | Train: 3.4716 | Val: 3.0061 | Acc@1: 47.03%
2025-12-29 06:37:12,718 - INFO -   ✓ New best (Acc@1: 47.03%)
2025-12-29 06:37:15,177 - INFO - Epoch 5/50 | LR: 6.50e-04 | Train: 3.3155 | Val: 3.0112 | Acc@1: 46.94%
2025-12-29 06:37:17,596 - INFO - Epoch 6/50 | LR: 6.50e-04 | Train: 3.1441 | Val: 3.0748 | Acc@1: 47.21%
2025-12-29 06:37:20,042 - INFO - Epoch 7/50 | LR: 6.49e-04 | Train: 2.9724 | Val: 3.1184 | Acc@1: 47.66%
2025-12-29 06:37:22,572 - INFO - Epoch 8/50 | LR: 6.47e-04 | Train: 2.7978 | Val: 3.1066 | Acc@1: 48.02%
2025-12-29 06:37:25,038 - INFO - Epoch 9/50 | LR: 6.43e-04 | Train: 2.6491 | Val: 3.1453 | Acc@1: 47.69%
2025-12-29 06:37:25,038 - INFO - Early stopping at epoch 9
2025-12-29 06:37:26,164 - INFO - ============================================================
2025-12-29 06:37:26,164 - INFO - FINAL TEST RESULTS
2025-12-29 06:37:26,164 - INFO -   Acc@1:  50.03%
2025-12-29 06:37:26,164 - INFO -   Acc@5:  81.47%
2025-12-29 06:37:26,164 - INFO -   Acc@10: 84.38%
2025-12-29 06:37:26,164 - INFO -   MRR:    64.13%
2025-12-29 06:37:26,164 - INFO -   NDCG:   69.05%
2025-12-29 06:37:26,164 - INFO -   F1:     45.53%
2025-12-29 06:37:26,164 - INFO - ============================================================
