2025-12-28 18:56:08,677 - INFO - ============================================================
2025-12-28 18:56:08,677 - INFO - POINTER V45 - Training Started
2025-12-28 18:56:08,677 - INFO - ============================================================
2025-12-28 18:56:08,678 - INFO - Model config: {'d_model': 64, 'dim_feedforward': 128, 'dropout': 0.15, 'nhead': 4, 'num_layers': 2}
2025-12-28 18:56:08,678 - INFO - Training config: {'batch_size': 128, 'grad_clip': 0.8, 'label_smoothing': 0.03, 'learning_rate': 0.00065, 'min_epochs': 8, 'min_lr': 1e-06, 'num_epochs': 2, 'patience': 5, 'use_amp': True, 'warmup_epochs': 5, 'weight_decay': 0.015}
2025-12-28 18:56:08,678 - INFO - ============================================================
2025-12-28 18:56:08,678 - INFO - Training for 2 epochs
2025-12-28 18:56:08,678 - INFO - Model parameters: 241,138
2025-12-28 18:56:13,650 - INFO - Epoch 1/2 | LR: 1.30e-04 | Train: 4.0065 | Val: 2.7615 | Acc@1: 41.37%
2025-12-28 18:56:13,670 - INFO -   ✓ New best (Acc@1: 41.37%)
2025-12-28 18:56:17,357 - INFO - Epoch 2/2 | LR: 2.60e-04 | Train: 3.7343 | Val: 2.6737 | Acc@1: 44.95%
2025-12-28 18:56:17,378 - INFO -   ✓ New best (Acc@1: 44.95%)
2025-12-28 18:56:17,656 - INFO - Loaded checkpoint from epoch 2
2025-12-28 18:56:19,176 - INFO - ============================================================
2025-12-28 18:56:19,176 - INFO - FINAL VALIDATION RESULTS
2025-12-28 18:56:19,176 - INFO -   Acc@1:  44.95%
2025-12-28 18:56:19,176 - INFO -   Acc@5:  82.29%
2025-12-28 18:56:19,176 - INFO -   Acc@10: 85.83%
2025-12-28 18:56:19,176 - INFO -   MRR:    61.44%
2025-12-28 18:56:19,176 - INFO -   NDCG:   67.39%
2025-12-28 18:56:19,176 - INFO - ============================================================
2025-12-28 18:56:19,177 - INFO - FINAL TEST RESULTS
2025-12-28 18:56:19,177 - INFO -   Acc@1:  48.31%
2025-12-28 18:56:19,177 - INFO -   Acc@5:  85.53%
2025-12-28 18:56:19,177 - INFO -   Acc@10: 88.43%
2025-12-28 18:56:19,177 - INFO -   MRR:    64.85%
2025-12-28 18:56:19,177 - INFO -   NDCG:   70.65%
2025-12-28 18:56:19,177 - INFO - ============================================================
