Training LSTM model
Dataset: geolife
Config: /data/next_loc_clean_v2/config/ht_optuna/optuna_LSTM_geolife_prev10_t0_20260101_093922_24a624f3.yaml
Device: cuda
Seed: 42
==================================================
Data loaders: train=227, val=99, test=104
Total trainable parameters: 309052

=== Epoch 1 ===
Epoch 1, 8.8%	 loss: 7.327 acc@1: 0.00 mrr: 0.43, ndcg: 0.22, took: 2.22s
Epoch 1, 17.6%	 loss: 7.254 acc@1: 0.00 mrr: 0.54, ndcg: 0.31, took: 2.35s
Epoch 1, 26.4%	 loss: 7.146 acc@1: 0.16 mrr: 0.75, ndcg: 0.43, took: 2.35s
Epoch 1, 35.2%	 loss: 7.007 acc@1: 0.62 mrr: 1.79, ndcg: 1.75, took: 2.39s
Epoch 1, 44.1%	 loss: 6.858 acc@1: 4.69 mrr: 6.67, ndcg: 6.96, took: 2.32s
Epoch 1, 52.9%	 loss: 6.496 acc@1: 12.81 mrr: 14.98, ndcg: 15.15, took: 2.42s
Epoch 1, 61.7%	 loss: 6.255 acc@1: 12.34 mrr: 17.52, ndcg: 18.96, took: 2.35s
Epoch 1, 70.5%	 loss: 5.919 acc@1: 15.31 mrr: 22.88, ndcg: 25.34, took: 2.43s
Epoch 1, 79.3%	 loss: 5.746 acc@1: 17.81 mrr: 26.48, ndcg: 29.29, took: 2.37s
Epoch 1, 88.1%	 loss: 5.316 acc@1: 20.47 mrr: 31.03, ndcg: 34.41, took: 2.41s
Epoch 1, 96.9%	 loss: 5.124 acc@1: 23.91 mrr: 33.81, ndcg: 37.66, took: 2.23s
Validation - loss: 5.3837, acc@1: 18.09%, f1: 10.58%, mrr: 30.36%, ndcg: 35.24%
Current learning rate: 0.000750

=== Epoch 2 ===
Epoch 2, 8.8%	 loss: 4.740 acc@1: 21.72 mrr: 33.93, ndcg: 38.89, took: 1.44s
Epoch 2, 17.6%	 loss: 4.570 acc@1: 22.97 mrr: 34.55, ndcg: 39.14, took: 1.72s
Epoch 2, 26.4%	 loss: 4.348 acc@1: 24.38 mrr: 37.11, ndcg: 41.84, took: 1.75s
Epoch 2, 35.2%	 loss: 3.956 acc@1: 29.38 mrr: 42.84, ndcg: 47.98, took: 2.05s
Epoch 2, 44.1%	 loss: 4.037 acc@1: 31.56 mrr: 43.25, ndcg: 47.90, took: 2.33s
Epoch 2, 52.9%	 loss: 4.283 acc@1: 26.25 mrr: 38.39, ndcg: 43.07, took: 2.36s
Epoch 2, 61.7%	 loss: 3.807 acc@1: 32.66 mrr: 44.74, ndcg: 49.30, took: 2.44s
Epoch 2, 70.5%	 loss: 3.702 acc@1: 32.34 mrr: 45.70, ndcg: 50.99, took: 2.35s
Epoch 2, 79.3%	 loss: 3.714 acc@1: 31.72 mrr: 45.01, ndcg: 50.06, took: 2.40s
Epoch 2, 88.1%	 loss: 3.942 acc@1: 30.00 mrr: 42.61, ndcg: 47.52, took: 2.34s
Epoch 2, 96.9%	 loss: 3.755 acc@1: 32.97 mrr: 45.96, ndcg: 51.07, took: 2.18s
Validation - loss: 4.3989, acc@1: 32.36%, f1: 19.70%, mrr: 44.79%, ndcg: 48.72%
Current learning rate: 0.001500

=== Epoch 3 ===
Epoch 3, 8.8%	 loss: 3.566 acc@1: 32.34 mrr: 45.78, ndcg: 50.74, took: 1.98s
Epoch 3, 17.6%	 loss: 3.432 acc@1: 32.81 mrr: 47.65, ndcg: 53.02, took: 2.20s
Epoch 3, 26.4%	 loss: 3.462 acc@1: 32.81 mrr: 47.21, ndcg: 52.24, took: 1.89s
Epoch 3, 35.2%	 loss: 3.430 acc@1: 35.00 mrr: 48.54, ndcg: 53.45, took: 1.78s
Epoch 3, 44.1%	 loss: 3.612 acc@1: 33.59 mrr: 46.83, ndcg: 51.48, took: 1.81s
Epoch 3, 52.9%	 loss: 3.525 acc@1: 32.34 mrr: 46.38, ndcg: 51.34, took: 1.90s
Epoch 3, 61.7%	 loss: 3.600 acc@1: 30.31 mrr: 45.13, ndcg: 50.63, took: 2.34s
Epoch 3, 70.5%	 loss: 3.526 acc@1: 32.66 mrr: 46.37, ndcg: 51.34, took: 2.35s
Epoch 3, 79.3%	 loss: 3.363 acc@1: 34.22 mrr: 48.49, ndcg: 53.72, took: 2.32s
Epoch 3, 88.1%	 loss: 3.202 acc@1: 34.53 mrr: 50.42, ndcg: 56.33, took: 2.33s
Epoch 3, 96.9%	 loss: 3.404 acc@1: 33.28 mrr: 47.98, ndcg: 53.42, took: 2.14s
Validation - loss: 4.4750, acc@1: 33.85%, f1: 18.81%, mrr: 46.51%, ndcg: 50.62%
Current learning rate: 0.001469

=== Epoch 4 ===
Epoch 4, 8.8%	 loss: 3.075 acc@1: 37.97 mrr: 51.80, ndcg: 56.77, took: 2.01s
Epoch 4, 17.6%	 loss: 3.192 acc@1: 33.59 mrr: 48.76, ndcg: 54.09, took: 2.20s
Epoch 4, 26.4%	 loss: 3.302 acc@1: 33.91 mrr: 48.33, ndcg: 53.36, took: 2.35s
Epoch 4, 35.2%	 loss: 3.110 acc@1: 37.34 mrr: 51.84, ndcg: 56.77, took: 2.33s
Epoch 4, 44.1%	 loss: 3.179 acc@1: 34.38 mrr: 49.05, ndcg: 54.38, took: 1.98s
Epoch 4, 52.9%	 loss: 3.062 acc@1: 34.69 mrr: 50.24, ndcg: 55.73, took: 1.86s
Epoch 4, 61.7%	 loss: 2.995 acc@1: 33.59 mrr: 50.40, ndcg: 56.13, took: 1.76s
Epoch 4, 70.5%	 loss: 2.970 acc@1: 35.62 mrr: 51.63, ndcg: 57.28, took: 1.80s
Epoch 4, 79.3%	 loss: 3.398 acc@1: 32.34 mrr: 46.53, ndcg: 51.81, took: 2.08s
Epoch 4, 88.1%	 loss: 3.192 acc@1: 34.84 mrr: 50.02, ndcg: 55.50, took: 2.24s
Epoch 4, 96.9%	 loss: 3.285 acc@1: 34.06 mrr: 48.52, ndcg: 53.25, took: 2.07s
Validation - loss: 4.5024, acc@1: 32.26%, f1: 21.58%, mrr: 45.82%, ndcg: 50.26%
Current learning rate: 0.001438

=== Epoch 5 ===
Epoch 5, 8.8%	 loss: 2.913 acc@1: 35.62 mrr: 50.78, ndcg: 55.62, took: 1.99s
Epoch 5, 17.6%	 loss: 2.998 acc@1: 32.97 mrr: 49.10, ndcg: 54.70, took: 2.16s
Epoch 5, 26.4%	 loss: 2.823 acc@1: 36.09 mrr: 52.87, ndcg: 58.03, took: 2.37s
Epoch 5, 35.2%	 loss: 2.948 acc@1: 34.69 mrr: 50.79, ndcg: 56.46, took: 2.39s
Epoch 5, 44.1%	 loss: 3.108 acc@1: 34.22 mrr: 49.04, ndcg: 54.19, took: 2.36s
Epoch 5, 52.9%	 loss: 2.855 acc@1: 35.47 mrr: 51.82, ndcg: 57.32, took: 2.44s
Epoch 5, 61.7%	 loss: 3.163 acc@1: 32.03 mrr: 48.06, ndcg: 53.94, took: 2.30s
Epoch 5, 70.5%	 loss: 2.799 acc@1: 35.94 mrr: 52.85, ndcg: 58.43, took: 1.87s
Epoch 5, 79.3%	 loss: 3.103 acc@1: 35.62 mrr: 50.29, ndcg: 54.77, took: 1.66s
Epoch 5, 88.1%	 loss: 2.991 acc@1: 34.22 mrr: 50.62, ndcg: 56.36, took: 1.55s
Epoch 5, 96.9%	 loss: 2.880 acc@1: 38.44 mrr: 53.43, ndcg: 58.75, took: 1.48s
Validation - loss: 4.5588, acc@1: 35.22%, f1: 21.61%, mrr: 47.80%, ndcg: 51.83%
Current learning rate: 0.001406

=== Epoch 6 ===
Epoch 6, 8.8%	 loss: 2.804 acc@1: 36.25 mrr: 51.86, ndcg: 57.27, took: 1.99s
Epoch 6, 17.6%	 loss: 2.570 acc@1: 38.44 mrr: 54.92, ndcg: 60.61, took: 2.17s
Epoch 6, 26.4%	 loss: 2.843 acc@1: 35.62 mrr: 51.61, ndcg: 56.86, took: 2.37s
Epoch 6, 35.2%	 loss: 2.810 acc@1: 35.47 mrr: 51.69, ndcg: 57.19, took: 2.35s
Epoch 6, 44.1%	 loss: 2.650 acc@1: 38.91 mrr: 55.18, ndcg: 60.34, took: 2.35s
Epoch 6, 52.9%	 loss: 2.909 acc@1: 32.97 mrr: 49.52, ndcg: 55.39, took: 2.42s
Epoch 6, 61.7%	 loss: 2.869 acc@1: 35.47 mrr: 51.34, ndcg: 57.08, took: 2.41s
Epoch 6, 70.5%	 loss: 2.895 acc@1: 31.88 mrr: 49.72, ndcg: 55.67, took: 2.31s
Epoch 6, 79.3%	 loss: 2.837 acc@1: 35.00 mrr: 51.35, ndcg: 56.64, took: 2.09s
Epoch 6, 88.1%	 loss: 2.920 acc@1: 33.28 mrr: 49.65, ndcg: 55.41, took: 1.95s
Epoch 6, 96.9%	 loss: 3.057 acc@1: 34.69 mrr: 48.95, ndcg: 53.69, took: 1.58s
Validation - loss: 4.5896, acc@1: 33.89%, f1: 20.02%, mrr: 47.02%, ndcg: 51.23%
Current learning rate: 0.001375

=== Epoch 7 ===
Epoch 7, 8.8%	 loss: 2.683 acc@1: 37.50 mrr: 53.40, ndcg: 58.83, took: 2.01s
Epoch 7, 17.6%	 loss: 2.575 acc@1: 36.88 mrr: 54.21, ndcg: 60.21, took: 2.04s
Epoch 7, 26.4%	 loss: 2.677 acc@1: 33.12 mrr: 51.03, ndcg: 56.99, took: 2.37s
Epoch 7, 35.2%	 loss: 2.720 acc@1: 36.25 mrr: 52.02, ndcg: 57.74, took: 2.32s
Epoch 7, 44.1%	 loss: 2.619 acc@1: 33.91 mrr: 52.11, ndcg: 58.25, took: 2.37s
Epoch 7, 52.9%	 loss: 2.742 acc@1: 32.66 mrr: 50.81, ndcg: 56.97, took: 2.42s
Epoch 7, 61.7%	 loss: 2.669 acc@1: 34.84 mrr: 52.18, ndcg: 58.10, took: 2.33s
Epoch 7, 70.5%	 loss: 2.655 acc@1: 37.66 mrr: 53.65, ndcg: 59.21, took: 2.13s
Epoch 7, 79.3%	 loss: 2.798 acc@1: 35.31 mrr: 51.48, ndcg: 57.15, took: 2.13s
Epoch 7, 88.1%	 loss: 2.849 acc@1: 31.56 mrr: 49.37, ndcg: 55.43, took: 2.08s
Epoch 7, 96.9%	 loss: 2.785 acc@1: 36.56 mrr: 52.36, ndcg: 57.50, took: 2.15s
Validation - loss: 4.7680, acc@1: 33.69%, f1: 22.86%, mrr: 46.00%, ndcg: 50.05%
Current learning rate: 0.000134

=== Epoch 8 ===
Epoch 8, 8.8%	 loss: 3.435 acc@1: 33.12 mrr: 47.02, ndcg: 52.15, took: 1.39s
Epoch 8, 17.6%	 loss: 3.544 acc@1: 32.19 mrr: 45.89, ndcg: 51.11, took: 1.83s
Epoch 8, 26.4%	 loss: 3.535 acc@1: 35.16 mrr: 47.98, ndcg: 52.24, took: 2.22s
Epoch 8, 35.2%	 loss: 3.458 acc@1: 35.78 mrr: 48.73, ndcg: 53.43, took: 2.39s
Epoch 8, 44.1%	 loss: 3.623 acc@1: 29.69 mrr: 44.36, ndcg: 49.57, took: 2.38s
Epoch 8, 52.9%	 loss: 3.352 acc@1: 34.22 mrr: 48.31, ndcg: 53.58, took: 2.40s
Epoch 8, 61.7%	 loss: 3.330 acc@1: 36.56 mrr: 49.90, ndcg: 54.56, took: 2.26s
Epoch 8, 70.5%	 loss: 3.517 acc@1: 30.94 mrr: 45.71, ndcg: 50.91, took: 2.17s
Epoch 8, 79.3%	 loss: 3.457 acc@1: 34.84 mrr: 48.04, ndcg: 52.53, took: 2.10s
Epoch 8, 88.1%	 loss: 3.406 acc@1: 37.97 mrr: 50.52, ndcg: 55.00, took: 2.06s
Epoch 8, 96.9%	 loss: 3.352 acc@1: 33.44 mrr: 47.99, ndcg: 52.85, took: 2.23s
Validation - loss: 4.3709, acc@1: 35.25%, f1: 22.20%, mrr: 46.87%, ndcg: 50.49%
Current learning rate: 0.000134

=== Epoch 9 ===
Epoch 9, 8.8%	 loss: 3.346 acc@1: 37.03 mrr: 49.76, ndcg: 54.37, took: 1.49s
Epoch 9, 17.6%	 loss: 3.316 acc@1: 37.19 mrr: 50.59, ndcg: 55.23, took: 1.36s
Epoch 9, 26.4%	 loss: 3.306 acc@1: 33.44 mrr: 48.56, ndcg: 53.57, took: 1.52s
Epoch 9, 35.2%	 loss: 3.324 acc@1: 35.94 mrr: 49.71, ndcg: 54.36, took: 2.00s
Epoch 9, 44.1%	 loss: 3.341 acc@1: 33.44 mrr: 48.09, ndcg: 53.15, took: 2.37s
Epoch 9, 52.9%	 loss: 3.570 acc@1: 30.62 mrr: 44.92, ndcg: 50.00, took: 2.29s
Epoch 9, 61.7%	 loss: 3.213 acc@1: 36.09 mrr: 50.54, ndcg: 55.81, took: 2.17s
Epoch 9, 70.5%	 loss: 3.416 acc@1: 35.47 mrr: 48.30, ndcg: 52.90, took: 2.15s
Epoch 9, 79.3%	 loss: 3.392 acc@1: 37.19 mrr: 49.71, ndcg: 53.95, took: 2.09s
Epoch 9, 88.1%	 loss: 3.544 acc@1: 32.50 mrr: 46.61, ndcg: 51.30, took: 2.14s
Epoch 9, 96.9%	 loss: 3.315 acc@1: 33.59 mrr: 47.95, ndcg: 53.23, took: 2.32s
Validation - loss: 4.3846, acc@1: 34.78%, f1: 21.88%, mrr: 46.81%, ndcg: 50.54%
Current learning rate: 0.000134

=== Epoch 10 ===
Epoch 10, 8.8%	 loss: 3.342 acc@1: 35.31 mrr: 49.01, ndcg: 53.87, took: 1.94s
Epoch 10, 17.6%	 loss: 3.344 acc@1: 33.28 mrr: 47.99, ndcg: 52.59, took: 1.85s
Epoch 10, 26.4%	 loss: 3.257 acc@1: 34.69 mrr: 49.29, ndcg: 54.32, took: 1.53s
Epoch 10, 35.2%	 loss: 3.317 acc@1: 38.12 mrr: 50.75, ndcg: 55.13, took: 1.76s
Epoch 10, 44.1%	 loss: 3.367 acc@1: 34.22 mrr: 48.28, ndcg: 53.45, took: 1.69s
Epoch 10, 52.9%	 loss: 3.406 acc@1: 33.28 mrr: 47.21, ndcg: 52.19, took: 1.62s
Epoch 10, 61.7%	 loss: 3.348 acc@1: 36.09 mrr: 49.51, ndcg: 54.03, took: 2.00s
Epoch 10, 70.5%	 loss: 3.358 acc@1: 35.47 mrr: 49.41, ndcg: 54.14, took: 2.11s
Epoch 10, 79.3%	 loss: 3.136 acc@1: 36.72 mrr: 51.08, ndcg: 55.66, took: 2.21s
Epoch 10, 88.1%	 loss: 3.371 acc@1: 33.59 mrr: 47.84, ndcg: 53.14, took: 2.22s
Epoch 10, 96.9%	 loss: 3.320 acc@1: 34.84 mrr: 48.88, ndcg: 53.89, took: 2.39s
Validation - loss: 4.4225, acc@1: 35.29%, f1: 22.33%, mrr: 47.07%, ndcg: 50.76%
Current learning rate: 0.000134

=== Epoch 11 ===
Epoch 11, 8.8%	 loss: 3.101 acc@1: 39.06 mrr: 53.10, ndcg: 58.00, took: 1.94s
Epoch 11, 17.6%	 loss: 3.420 acc@1: 34.06 mrr: 47.99, ndcg: 52.71, took: 1.90s
Epoch 11, 26.4%	 loss: 3.367 acc@1: 31.25 mrr: 46.59, ndcg: 51.69, took: 1.98s
Epoch 11, 35.2%	 loss: 3.393 acc@1: 30.78 mrr: 46.26, ndcg: 51.42, took: 2.22s
Epoch 11, 44.1%	 loss: 3.232 acc@1: 36.72 mrr: 50.64, ndcg: 55.39, took: 2.00s
Epoch 11, 52.9%	 loss: 3.235 acc@1: 35.16 mrr: 49.50, ndcg: 54.54, took: 1.69s
Epoch 11, 61.7%	 loss: 3.253 acc@1: 37.34 mrr: 50.62, ndcg: 55.25, took: 1.49s
Epoch 11, 70.5%	 loss: 3.066 acc@1: 37.50 mrr: 52.29, ndcg: 57.45, took: 1.49s
Epoch 11, 79.3%	 loss: 3.261 acc@1: 36.09 mrr: 50.13, ndcg: 54.95, took: 1.74s
Epoch 11, 88.1%	 loss: 3.250 acc@1: 34.84 mrr: 49.33, ndcg: 54.18, took: 2.23s
Epoch 11, 96.9%	 loss: 3.347 acc@1: 35.94 mrr: 49.16, ndcg: 53.68, took: 2.40s
Validation - loss: 4.4243, acc@1: 35.19%, f1: 22.06%, mrr: 47.08%, ndcg: 50.85%
Current learning rate: 0.000134

=== Epoch 12 ===
Epoch 12, 8.8%	 loss: 3.190 acc@1: 35.62 mrr: 50.02, ndcg: 55.05, took: 1.91s
Epoch 12, 17.6%	 loss: 3.155 acc@1: 35.78 mrr: 50.27, ndcg: 55.46, took: 1.92s
Epoch 12, 26.4%	 loss: 3.146 acc@1: 35.00 mrr: 49.79, ndcg: 54.48, took: 1.91s
Epoch 12, 35.2%	 loss: 3.108 acc@1: 36.25 mrr: 50.97, ndcg: 55.93, took: 2.06s
Epoch 12, 44.1%	 loss: 3.322 acc@1: 33.75 mrr: 48.21, ndcg: 52.96, took: 2.22s
Epoch 12, 52.9%	 loss: 3.308 acc@1: 36.88 mrr: 50.04, ndcg: 54.28, took: 2.05s
Epoch 12, 61.7%	 loss: 3.233 acc@1: 36.72 mrr: 50.28, ndcg: 54.91, took: 2.07s
Epoch 12, 70.5%	 loss: 3.290 acc@1: 37.50 mrr: 50.48, ndcg: 54.84, took: 1.83s
Epoch 12, 79.3%	 loss: 3.270 acc@1: 34.38 mrr: 49.19, ndcg: 54.40, took: 1.71s
Epoch 12, 88.1%	 loss: 3.269 acc@1: 33.91 mrr: 49.02, ndcg: 54.42, took: 1.67s
Epoch 12, 96.9%	 loss: 3.252 acc@1: 36.41 mrr: 50.09, ndcg: 54.65, took: 1.74s
Validation - loss: 4.4438, acc@1: 35.51%, f1: 22.59%, mrr: 47.24%, ndcg: 51.09%
Current learning rate: 0.000134

=== Epoch 13 ===
Epoch 13, 8.8%	 loss: 3.118 acc@1: 36.41 mrr: 51.23, ndcg: 56.03, took: 1.98s
Epoch 13, 17.6%	 loss: 2.952 acc@1: 39.22 mrr: 53.76, ndcg: 58.84, took: 2.01s
Epoch 13, 26.4%	 loss: 3.090 acc@1: 37.50 mrr: 52.12, ndcg: 57.18, took: 1.97s
Epoch 13, 35.2%	 loss: 3.339 acc@1: 34.22 mrr: 48.57, ndcg: 53.23, took: 2.00s
Epoch 13, 44.1%	 loss: 3.267 acc@1: 37.34 mrr: 50.60, ndcg: 54.84, took: 2.18s
Epoch 13, 52.9%	 loss: 3.195 acc@1: 37.03 mrr: 50.52, ndcg: 55.14, took: 2.09s
Epoch 13, 61.7%	 loss: 3.155 acc@1: 35.47 mrr: 50.10, ndcg: 55.29, took: 2.16s
Epoch 13, 70.5%	 loss: 3.023 acc@1: 36.09 mrr: 51.88, ndcg: 57.16, took: 2.25s
Epoch 13, 79.3%	 loss: 3.209 acc@1: 35.00 mrr: 49.63, ndcg: 54.57, took: 2.25s
Epoch 13, 88.1%	 loss: 3.202 acc@1: 36.72 mrr: 50.62, ndcg: 55.13, took: 2.15s
Epoch 13, 96.9%	 loss: 3.302 acc@1: 32.81 mrr: 47.46, ndcg: 52.63, took: 1.94s
Validation - loss: 4.4579, acc@1: 35.48%, f1: 22.98%, mrr: 47.32%, ndcg: 51.21%
Current learning rate: 0.000013

=== Epoch 14 ===
Epoch 14, 8.8%	 loss: 3.400 acc@1: 33.12 mrr: 47.77, ndcg: 52.92, took: 1.98s
Epoch 14, 17.6%	 loss: 3.318 acc@1: 36.88 mrr: 49.98, ndcg: 54.28, took: 1.89s
Epoch 14, 26.4%	 loss: 3.353 acc@1: 36.41 mrr: 49.86, ndcg: 54.55, took: 1.83s
Epoch 14, 35.2%	 loss: 3.385 acc@1: 37.81 mrr: 50.17, ndcg: 54.72, took: 1.83s
Epoch 14, 44.1%	 loss: 3.247 acc@1: 37.34 mrr: 50.59, ndcg: 55.21, took: 2.05s
Epoch 14, 52.9%	 loss: 3.358 acc@1: 33.44 mrr: 48.26, ndcg: 53.51, took: 2.11s
Epoch 14, 61.7%	 loss: 3.349 acc@1: 36.56 mrr: 49.82, ndcg: 54.29, took: 2.22s
Epoch 14, 70.5%	 loss: 3.422 acc@1: 34.69 mrr: 48.08, ndcg: 52.83, took: 2.22s
Epoch 14, 79.3%	 loss: 3.290 acc@1: 37.34 mrr: 50.51, ndcg: 55.14, took: 2.34s
Epoch 14, 88.1%	 loss: 3.493 acc@1: 35.62 mrr: 48.34, ndcg: 52.73, took: 2.34s
Epoch 14, 96.9%	 loss: 3.535 acc@1: 32.50 mrr: 46.15, ndcg: 51.19, took: 2.31s
Validation - loss: 4.3802, acc@1: 35.35%, f1: 22.30%, mrr: 46.96%, ndcg: 50.61%
Current learning rate: 0.000013

=== Epoch 15 ===
Epoch 15, 8.8%	 loss: 3.313 acc@1: 35.62 mrr: 49.16, ndcg: 54.13, took: 1.39s
Epoch 15, 17.6%	 loss: 3.434 acc@1: 32.34 mrr: 46.44, ndcg: 51.44, took: 1.71s
Epoch 15, 26.4%	 loss: 3.374 acc@1: 35.31 mrr: 48.67, ndcg: 53.05, took: 1.79s
Epoch 15, 35.2%	 loss: 3.350 acc@1: 37.66 mrr: 50.63, ndcg: 55.02, took: 1.79s
Epoch 15, 44.1%	 loss: 3.373 acc@1: 34.53 mrr: 48.56, ndcg: 53.38, took: 2.03s
Epoch 15, 52.9%	 loss: 3.294 acc@1: 35.47 mrr: 49.23, ndcg: 54.26, took: 2.25s
Epoch 15, 61.7%	 loss: 3.304 acc@1: 34.69 mrr: 49.31, ndcg: 53.98, took: 2.24s
Epoch 15, 70.5%	 loss: 3.287 acc@1: 35.47 mrr: 49.49, ndcg: 54.44, took: 2.35s
Epoch 15, 79.3%	 loss: 3.509 acc@1: 32.66 mrr: 46.96, ndcg: 52.20, took: 2.35s
Epoch 15, 88.1%	 loss: 3.404 acc@1: 36.25 mrr: 49.21, ndcg: 53.48, took: 2.38s
Epoch 15, 96.9%	 loss: 3.478 acc@1: 35.16 mrr: 47.89, ndcg: 52.24, took: 2.37s
Validation - loss: 4.3780, acc@1: 35.06%, f1: 22.07%, mrr: 46.89%, ndcg: 50.56%
Current learning rate: 0.000013

=== Epoch 16 ===
Epoch 16, 8.8%	 loss: 3.349 acc@1: 34.22 mrr: 48.58, ndcg: 53.63, took: 1.40s
Epoch 16, 17.6%	 loss: 3.452 acc@1: 36.72 mrr: 48.88, ndcg: 53.14, took: 1.28s
Epoch 16, 26.4%	 loss: 3.431 acc@1: 34.22 mrr: 47.88, ndcg: 52.85, took: 1.20s
Epoch 16, 35.2%	 loss: 3.413 acc@1: 35.16 mrr: 48.39, ndcg: 53.05, took: 1.33s
Epoch 16, 44.1%	 loss: 3.393 acc@1: 37.50 mrr: 49.98, ndcg: 54.47, took: 2.11s
Epoch 16, 52.9%	 loss: 3.283 acc@1: 35.94 mrr: 49.75, ndcg: 54.64, took: 2.23s
Epoch 16, 61.7%	 loss: 3.239 acc@1: 35.78 mrr: 50.16, ndcg: 54.87, took: 2.33s
Epoch 16, 70.5%	 loss: 3.424 acc@1: 34.22 mrr: 47.78, ndcg: 52.47, took: 2.46s
Epoch 16, 79.3%	 loss: 3.276 acc@1: 36.88 mrr: 50.44, ndcg: 55.09, took: 2.39s
Epoch 16, 88.1%	 loss: 3.463 acc@1: 32.81 mrr: 46.72, ndcg: 51.57, took: 2.42s
Epoch 16, 96.9%	 loss: 3.265 acc@1: 36.41 mrr: 50.17, ndcg: 54.95, took: 2.44s
Validation - loss: 4.3801, acc@1: 35.13%, f1: 22.16%, mrr: 46.86%, ndcg: 50.52%
Current learning rate: 0.000013

=== Epoch 17 ===
Epoch 17, 8.8%	 loss: 3.403 acc@1: 32.97 mrr: 47.63, ndcg: 52.46, took: 1.77s
Epoch 17, 17.6%	 loss: 3.336 acc@1: 33.75 mrr: 47.95, ndcg: 52.74, took: 1.80s
Epoch 17, 26.4%	 loss: 3.474 acc@1: 33.59 mrr: 47.07, ndcg: 51.98, took: 1.31s
Epoch 17, 35.2%	 loss: 3.338 acc@1: 35.47 mrr: 49.51, ndcg: 54.54, took: 1.33s
Epoch 17, 44.1%	 loss: 3.384 acc@1: 35.16 mrr: 48.91, ndcg: 53.55, took: 1.57s
Epoch 17, 52.9%	 loss: 3.261 acc@1: 35.31 mrr: 49.80, ndcg: 54.77, took: 1.66s
Epoch 17, 61.7%	 loss: 3.161 acc@1: 36.56 mrr: 51.12, ndcg: 56.23, took: 2.35s
Epoch 17, 70.5%	 loss: 3.404 acc@1: 35.78 mrr: 49.13, ndcg: 53.66, took: 2.40s
Epoch 17, 79.3%	 loss: 3.243 acc@1: 38.28 mrr: 50.93, ndcg: 55.54, took: 2.40s
Epoch 17, 88.1%	 loss: 3.369 acc@1: 34.38 mrr: 48.41, ndcg: 53.09, took: 2.39s
Epoch 17, 96.9%	 loss: 3.392 acc@1: 36.72 mrr: 49.52, ndcg: 53.86, took: 2.42s
Validation - loss: 4.3868, acc@1: 35.00%, f1: 22.12%, mrr: 46.79%, ndcg: 50.45%
Current learning rate: 0.000013

=== Epoch 18 ===
Epoch 18, 8.8%	 loss: 3.412 acc@1: 35.31 mrr: 48.26, ndcg: 52.97, took: 1.85s
Epoch 18, 17.6%	 loss: 3.484 acc@1: 33.59 mrr: 46.70, ndcg: 51.66, took: 1.78s
Epoch 18, 26.4%	 loss: 3.238 acc@1: 39.06 mrr: 51.86, ndcg: 56.30, took: 1.86s
Epoch 18, 35.2%	 loss: 3.278 acc@1: 37.34 mrr: 50.51, ndcg: 54.99, took: 1.86s
Epoch 18, 44.1%	 loss: 3.582 acc@1: 31.56 mrr: 45.41, ndcg: 50.19, took: 1.79s
Epoch 18, 52.9%	 loss: 3.367 acc@1: 35.78 mrr: 48.56, ndcg: 52.84, took: 1.81s
Epoch 18, 61.7%	 loss: 3.372 acc@1: 35.31 mrr: 48.74, ndcg: 53.21, took: 1.75s
Epoch 18, 70.5%	 loss: 3.356 acc@1: 32.66 mrr: 47.61, ndcg: 52.67, took: 1.77s
Epoch 18, 79.3%	 loss: 3.340 acc@1: 36.88 mrr: 50.10, ndcg: 54.49, took: 1.94s
Epoch 18, 88.1%	 loss: 3.283 acc@1: 37.97 mrr: 50.62, ndcg: 55.07, took: 2.33s
Epoch 18, 96.9%	 loss: 3.179 acc@1: 37.50 mrr: 51.90, ndcg: 56.91, took: 2.37s
Validation - loss: 4.3968, acc@1: 35.00%, f1: 22.06%, mrr: 46.78%, ndcg: 50.47%
Training finished.	 Time: 545.42s.	 acc@1: 35.25%

=== Test Results ===
Test Results:
  acc@1: 31.79%
  acc@5: 50.80%
  acc@10: 55.08%
  mrr: 40.96%
  ndcg: 43.96%
  f1: 18.50%

=== Training Complete ===
