2025-12-29 08:22:28,397 - INFO - ============================================================
2025-12-29 08:22:28,397 - INFO - POINTER V45 - Training Started
2025-12-29 08:22:28,397 - INFO - ============================================================
2025-12-29 08:22:28,397 - INFO - Model config: {'d_model': 64, 'dim_feedforward': 192, 'dropout': 0.15, 'nhead': 4, 'num_layers': 2}
2025-12-29 08:22:28,397 - INFO - Training config: {'batch_size': 128, 'grad_clip': 0.8, 'label_smoothing': 0.03, 'learning_rate': 0.0008, 'min_epochs': 8, 'min_lr': 1e-06, 'num_epochs': 50, 'patience': 5, 'use_amp': True, 'warmup_epochs': 5, 'weight_decay': 0.015}
2025-12-29 08:22:28,398 - INFO - ============================================================
2025-12-29 08:22:28,398 - INFO - Training for 50 epochs
2025-12-29 08:22:28,398 - INFO - Model parameters: 267,988
2025-12-29 08:22:32,206 - INFO - Epoch 1/50 | LR: 1.60e-04 | Train: 4.1162 | Val: 3.2190 | Acc@1: 38.84%
2025-12-29 08:22:32,243 - INFO -   ✓ New best (Acc@1: 38.84%)
2025-12-29 08:22:35,178 - INFO - Epoch 2/50 | LR: 3.20e-04 | Train: 3.7813 | Val: 3.1022 | Acc@1: 43.43%
2025-12-29 08:22:35,203 - INFO -   ✓ New best (Acc@1: 43.43%)
2025-12-29 08:22:38,279 - INFO - Epoch 3/50 | LR: 4.80e-04 | Train: 3.5597 | Val: 3.0788 | Acc@1: 46.37%
2025-12-29 08:22:38,302 - INFO -   ✓ New best (Acc@1: 46.37%)
2025-12-29 08:22:41,457 - INFO - Epoch 4/50 | LR: 6.40e-04 | Train: 3.3719 | Val: 2.9986 | Acc@1: 46.49%
2025-12-29 08:22:41,481 - INFO -   ✓ New best (Acc@1: 46.49%)
2025-12-29 08:22:44,520 - INFO - Epoch 5/50 | LR: 8.00e-04 | Train: 3.2005 | Val: 3.0128 | Acc@1: 47.33%
2025-12-29 08:22:47,471 - INFO - Epoch 6/50 | LR: 8.00e-04 | Train: 2.9706 | Val: 3.0820 | Acc@1: 48.14%
2025-12-29 08:22:50,571 - INFO - Epoch 7/50 | LR: 7.99e-04 | Train: 2.7610 | Val: 3.0957 | Acc@1: 47.57%
2025-12-29 08:22:53,650 - INFO - Epoch 8/50 | LR: 7.96e-04 | Train: 2.5655 | Val: 3.2456 | Acc@1: 46.37%
2025-12-29 08:22:56,739 - INFO - Epoch 9/50 | LR: 7.91e-04 | Train: 2.3881 | Val: 3.2296 | Acc@1: 46.28%
2025-12-29 08:22:56,739 - INFO - Early stopping at epoch 9
2025-12-29 08:22:56,816 - INFO - Loaded checkpoint from epoch 4
2025-12-29 08:22:58,077 - INFO - ============================================================
2025-12-29 08:22:58,078 - INFO - FINAL VALIDATION RESULTS
2025-12-29 08:22:58,078 - INFO -   Acc@1:  46.49%
2025-12-29 08:22:58,078 - INFO -   Acc@5:  77.44%
2025-12-29 08:22:58,078 - INFO -   Acc@10: 82.06%
2025-12-29 08:22:58,078 - INFO -   MRR:    60.08%
2025-12-29 08:22:58,078 - INFO -   NDCG:   65.27%
2025-12-29 08:22:58,078 - INFO - ============================================================
2025-12-29 08:22:58,078 - INFO - FINAL TEST RESULTS
2025-12-29 08:22:58,078 - INFO -   Acc@1:  50.29%
2025-12-29 08:22:58,078 - INFO -   Acc@5:  81.35%
2025-12-29 08:22:58,078 - INFO -   Acc@10: 85.15%
2025-12-29 08:22:58,078 - INFO -   MRR:    64.19%
2025-12-29 08:22:58,078 - INFO -   NDCG:   69.25%
2025-12-29 08:22:58,078 - INFO - ============================================================
