2025-12-30 19:01:46,990 - INFO - ============================================================
2025-12-30 19:01:46,990 - INFO - POINTER V45 - Training Started
2025-12-30 19:01:46,990 - INFO - ============================================================
2025-12-30 19:01:46,990 - INFO - Model config: {'d_model': 64, 'dim_feedforward': 512, 'dropout': 0.15, 'nhead': 4, 'num_layers': 4}
2025-12-30 19:01:46,990 - INFO - Training config: {'batch_size': 128, 'grad_clip': 0.8, 'label_smoothing': 0.03, 'learning_rate': 0.00065, 'min_epochs': 3, 'min_lr': 1e-06, 'num_epochs': 50, 'patience': 5, 'use_amp': True, 'warmup_epochs': 5, 'weight_decay': 0.015}
2025-12-30 19:01:46,990 - INFO - ============================================================
2025-12-30 19:01:46,991 - INFO - Training for 50 epochs
2025-12-30 19:01:46,991 - INFO - Model parameters: 1,313,618
2025-12-30 19:05:04,854 - INFO - Epoch 1/50 | LR: 1.30e-04 | Train: 3.0500 | Val: 3.0441 | Acc@1: 51.44%
2025-12-30 19:05:04,903 - INFO -   ✓ New best (Acc@1: 51.44%)
2025-12-30 19:08:28,299 - INFO - Epoch 2/50 | LR: 2.60e-04 | Train: 2.8635 | Val: 2.9913 | Acc@1: 52.66%
2025-12-30 19:08:28,353 - INFO -   ✓ New best (Acc@1: 52.66%)
2025-12-30 19:11:51,435 - INFO - Epoch 3/50 | LR: 3.90e-04 | Train: 2.7924 | Val: 2.9603 | Acc@1: 53.54%
2025-12-30 19:11:51,491 - INFO -   ✓ New best (Acc@1: 53.54%)
2025-12-30 19:15:13,528 - INFO - Epoch 4/50 | LR: 5.20e-04 | Train: 2.7416 | Val: 2.9284 | Acc@1: 54.07%
2025-12-30 19:15:13,582 - INFO -   ✓ New best (Acc@1: 54.07%)
2025-12-30 19:18:34,863 - INFO - Epoch 5/50 | LR: 6.50e-04 | Train: 2.6874 | Val: 2.8990 | Acc@1: 54.19%
2025-12-30 19:18:34,916 - INFO -   ✓ New best (Acc@1: 54.19%)
2025-12-30 19:21:30,106 - INFO - Epoch 6/50 | LR: 6.50e-04 | Train: 2.6175 | Val: 2.8749 | Acc@1: 53.94%
2025-12-30 19:21:30,163 - INFO -   ✓ New best (Acc@1: 53.94%)
2025-12-30 19:23:57,225 - INFO - Epoch 7/50 | LR: 6.49e-04 | Train: 2.5639 | Val: 2.8688 | Acc@1: 54.54%
2025-12-30 19:23:57,282 - INFO -   ✓ New best (Acc@1: 54.54%)
2025-12-30 19:26:11,156 - INFO - Epoch 8/50 | LR: 6.47e-04 | Train: 2.5178 | Val: 2.8693 | Acc@1: 54.35%
2025-12-30 19:28:16,993 - INFO - Epoch 9/50 | LR: 6.43e-04 | Train: 2.4790 | Val: 2.8738 | Acc@1: 54.08%
2025-12-30 19:30:07,249 - INFO - Epoch 10/50 | LR: 6.37e-04 | Train: 2.4422 | Val: 2.8824 | Acc@1: 54.54%
2025-12-30 19:31:56,488 - INFO - Epoch 11/50 | LR: 6.30e-04 | Train: 2.4113 | Val: 2.8992 | Acc@1: 54.31%
2025-12-30 19:33:22,073 - INFO - Epoch 12/50 | LR: 6.22e-04 | Train: 2.3836 | Val: 2.9103 | Acc@1: 53.53%
2025-12-30 19:33:22,073 - INFO - Early stopping at epoch 12
2025-12-30 19:33:22,259 - INFO - Loaded checkpoint from epoch 7
2025-12-30 19:33:28,341 - INFO - ============================================================
2025-12-30 19:33:28,341 - INFO - FINAL VALIDATION RESULTS
2025-12-30 19:33:28,341 - INFO -   Acc@1:  54.54%
2025-12-30 19:33:28,341 - INFO -   Acc@5:  79.76%
2025-12-30 19:33:28,341 - INFO -   Acc@10: 83.57%
2025-12-30 19:33:28,341 - INFO -   MRR:    65.57%
2025-12-30 19:33:28,341 - INFO -   NDCG:   69.85%
2025-12-30 19:33:28,341 - INFO - ============================================================
2025-12-30 19:33:28,342 - INFO - FINAL TEST RESULTS
2025-12-30 19:33:28,342 - INFO -   Acc@1:  56.68%
2025-12-30 19:33:28,342 - INFO -   Acc@5:  82.16%
2025-12-30 19:33:28,342 - INFO -   Acc@10: 85.55%
2025-12-30 19:33:28,342 - INFO -   MRR:    67.79%
2025-12-30 19:33:28,342 - INFO -   NDCG:   72.03%
2025-12-30 19:33:28,342 - INFO - ============================================================
