2026-01-01 08:10:46,038 - INFO - ============================================================
2026-01-01 08:10:46,039 - INFO - POINTER V45 - Training Started
2026-01-01 08:10:46,039 - INFO - ============================================================
2026-01-01 08:10:46,039 - INFO - Model config: {'d_model': 64, 'nhead': 4, 'num_layers': 2, 'dim_feedforward': 256, 'dropout': 0.25}
2026-01-01 08:10:46,039 - INFO - Training config: {'batch_size': 256, 'num_epochs': 50, 'learning_rate': 0.0003, 'weight_decay': 5e-05, 'label_smoothing': 0.03, 'grad_clip': 0.8, 'patience': 5, 'min_epochs': 8, 'warmup_epochs': 7, 'use_amp': True, 'min_lr': 1e-06}
2026-01-01 08:10:46,039 - INFO - ============================================================
2026-01-01 08:10:46,039 - INFO - Training for 50 epochs
2026-01-01 08:10:46,039 - INFO - Model parameters: 284,500
2026-01-01 08:10:49,306 - INFO - Epoch 1/50 | LR: 4.29e-05 | Train: 4.3872 | Val: 3.4610 | Acc@1: 36.62%
2026-01-01 08:10:49,330 - INFO -   ✓ New best (Acc@1: 36.62%)
2026-01-01 08:10:51,478 - INFO - Epoch 2/50 | LR: 8.57e-05 | Train: 4.1646 | Val: 3.3285 | Acc@1: 38.66%
2026-01-01 08:10:51,499 - INFO -   ✓ New best (Acc@1: 38.66%)
2026-01-01 08:10:53,956 - INFO - Epoch 3/50 | LR: 1.29e-04 | Train: 4.0092 | Val: 3.2590 | Acc@1: 40.61%
2026-01-01 08:10:53,981 - INFO -   ✓ New best (Acc@1: 40.61%)
2026-01-01 08:10:56,457 - INFO - Epoch 4/50 | LR: 1.71e-04 | Train: 3.8971 | Val: 3.2172 | Acc@1: 42.47%
2026-01-01 08:10:56,481 - INFO -   ✓ New best (Acc@1: 42.47%)
2026-01-01 08:10:58,826 - INFO - Epoch 5/50 | LR: 2.14e-04 | Train: 3.7916 | Val: 3.1648 | Acc@1: 43.10%
2026-01-01 08:10:58,849 - INFO -   ✓ New best (Acc@1: 43.10%)
2026-01-01 08:11:01,324 - INFO - Epoch 6/50 | LR: 2.57e-04 | Train: 3.6767 | Val: 3.1480 | Acc@1: 44.27%
2026-01-01 08:11:01,350 - INFO -   ✓ New best (Acc@1: 44.27%)
2026-01-01 08:11:03,707 - INFO - Epoch 7/50 | LR: 3.00e-04 | Train: 3.5868 | Val: 3.1032 | Acc@1: 44.54%
2026-01-01 08:11:03,732 - INFO -   ✓ New best (Acc@1: 44.54%)
2026-01-01 08:11:06,175 - INFO - Epoch 8/50 | LR: 3.00e-04 | Train: 3.4915 | Val: 3.0909 | Acc@1: 44.84%
2026-01-01 08:11:06,199 - INFO -   ✓ New best (Acc@1: 44.84%)
2026-01-01 08:11:08,820 - INFO - Epoch 9/50 | LR: 3.00e-04 | Train: 3.4165 | Val: 3.0633 | Acc@1: 45.86%
2026-01-01 08:11:08,845 - INFO -   ✓ New best (Acc@1: 45.86%)
2026-01-01 08:11:11,104 - INFO - Epoch 10/50 | LR: 2.98e-04 | Train: 3.3443 | Val: 3.0716 | Acc@1: 45.92%
2026-01-01 08:11:13,379 - INFO - Epoch 11/50 | LR: 2.96e-04 | Train: 3.2891 | Val: 3.0896 | Acc@1: 46.19%
2026-01-01 08:11:15,634 - INFO - Epoch 12/50 | LR: 2.94e-04 | Train: 3.2170 | Val: 3.0828 | Acc@1: 46.91%
2026-01-01 08:11:17,839 - INFO - Epoch 13/50 | LR: 2.90e-04 | Train: 3.1657 | Val: 3.0740 | Acc@1: 47.39%
2026-01-01 08:11:20,241 - INFO - Epoch 14/50 | LR: 2.86e-04 | Train: 3.1014 | Val: 3.1004 | Acc@1: 46.94%
2026-01-01 08:11:20,241 - INFO - Early stopping at epoch 14
2026-01-01 08:11:20,432 - INFO - Loaded checkpoint from epoch 9
2026-01-01 08:11:21,544 - INFO - ============================================================
2026-01-01 08:11:21,545 - INFO - FINAL VALIDATION RESULTS
2026-01-01 08:11:21,545 - INFO -   Acc@1:  45.86%
2026-01-01 08:11:21,545 - INFO -   Acc@5:  78.49%
2026-01-01 08:11:21,545 - INFO -   Acc@10: 82.06%
2026-01-01 08:11:21,545 - INFO -   MRR:    60.11%
2026-01-01 08:11:21,545 - INFO -   NDCG:   65.34%
2026-01-01 08:11:21,545 - INFO - ============================================================
2026-01-01 08:11:21,545 - INFO - FINAL TEST RESULTS
2026-01-01 08:11:21,545 - INFO -   Acc@1:  49.40%
2026-01-01 08:11:21,545 - INFO -   Acc@5:  81.35%
2026-01-01 08:11:21,545 - INFO -   Acc@10: 84.67%
2026-01-01 08:11:21,545 - INFO -   MRR:    63.71%
2026-01-01 08:11:21,545 - INFO -   NDCG:   68.79%
2026-01-01 08:11:21,545 - INFO - ============================================================
