2025-12-30 18:37:53,055 - INFO - ============================================================
2025-12-30 18:37:53,055 - INFO - POINTER V45 - Training Started
2025-12-30 18:37:53,055 - INFO - ============================================================
2025-12-30 18:37:53,055 - INFO - Model config: {'d_model': 64, 'dim_feedforward': 512, 'dropout': 0.15, 'nhead': 4, 'num_layers': 2}
2025-12-30 18:37:53,055 - INFO - Training config: {'batch_size': 128, 'grad_clip': 0.8, 'label_smoothing': 0.03, 'learning_rate': 0.00065, 'min_epochs': 3, 'min_lr': 1e-06, 'num_epochs': 50, 'patience': 5, 'use_amp': True, 'warmup_epochs': 5, 'weight_decay': 0.015}
2025-12-30 18:37:53,055 - INFO - ============================================================
2025-12-30 18:37:53,055 - INFO - Training for 50 epochs
2025-12-30 18:37:53,056 - INFO - Model parameters: 1,147,602
2025-12-30 18:40:52,675 - INFO - Epoch 1/50 | LR: 1.30e-04 | Train: 3.0402 | Val: 3.0507 | Acc@1: 50.86%
2025-12-30 18:40:52,714 - INFO -   ✓ New best (Acc@1: 50.86%)
2025-12-30 18:44:02,475 - INFO - Epoch 2/50 | LR: 2.60e-04 | Train: 2.8579 | Val: 2.9891 | Acc@1: 53.00%
2025-12-30 18:44:02,518 - INFO -   ✓ New best (Acc@1: 53.00%)
2025-12-30 18:47:09,055 - INFO - Epoch 3/50 | LR: 3.90e-04 | Train: 2.7767 | Val: 2.9645 | Acc@1: 53.33%
2025-12-30 18:47:09,111 - INFO -   ✓ New best (Acc@1: 53.33%)
2025-12-30 18:50:17,610 - INFO - Epoch 4/50 | LR: 5.20e-04 | Train: 2.7214 | Val: 2.9345 | Acc@1: 54.00%
2025-12-30 18:50:17,656 - INFO -   ✓ New best (Acc@1: 54.00%)
2025-12-30 18:53:33,670 - INFO - Epoch 5/50 | LR: 6.50e-04 | Train: 2.6651 | Val: 2.9049 | Acc@1: 54.22%
2025-12-30 18:53:33,715 - INFO -   ✓ New best (Acc@1: 54.22%)
2025-12-30 18:56:46,468 - INFO - Epoch 6/50 | LR: 6.50e-04 | Train: 2.5920 | Val: 2.8865 | Acc@1: 54.70%
2025-12-30 18:56:46,512 - INFO -   ✓ New best (Acc@1: 54.70%)
2025-12-30 19:00:00,322 - INFO - Epoch 7/50 | LR: 6.49e-04 | Train: 2.5329 | Val: 2.8815 | Acc@1: 54.59%
2025-12-30 19:00:00,366 - INFO -   ✓ New best (Acc@1: 54.59%)
2025-12-30 19:03:00,691 - INFO - Epoch 8/50 | LR: 6.47e-04 | Train: 2.4870 | Val: 2.8729 | Acc@1: 54.50%
2025-12-30 19:03:00,734 - INFO -   ✓ New best (Acc@1: 54.50%)
2025-12-30 19:05:54,667 - INFO - Epoch 9/50 | LR: 6.43e-04 | Train: 2.4450 | Val: 2.8917 | Acc@1: 54.46%
2025-12-30 19:08:54,984 - INFO - Epoch 10/50 | LR: 6.37e-04 | Train: 2.4122 | Val: 2.9127 | Acc@1: 54.15%
2025-12-30 19:11:56,020 - INFO - Epoch 11/50 | LR: 6.30e-04 | Train: 2.3821 | Val: 2.9351 | Acc@1: 53.44%
2025-12-30 19:14:56,533 - INFO - Epoch 12/50 | LR: 6.22e-04 | Train: 2.3566 | Val: 2.9476 | Acc@1: 53.30%
2025-12-30 19:17:57,536 - INFO - Epoch 13/50 | LR: 6.12e-04 | Train: 2.3369 | Val: 2.9738 | Acc@1: 53.59%
2025-12-30 19:17:57,536 - INFO - Early stopping at epoch 13
2025-12-30 19:17:58,755 - INFO - Loaded checkpoint from epoch 8
2025-12-30 19:18:21,320 - INFO - ============================================================
2025-12-30 19:18:21,321 - INFO - FINAL VALIDATION RESULTS
2025-12-30 19:18:21,321 - INFO -   Acc@1:  54.50%
2025-12-30 19:18:21,321 - INFO -   Acc@5:  79.65%
2025-12-30 19:18:21,321 - INFO -   Acc@10: 83.60%
2025-12-30 19:18:21,321 - INFO -   MRR:    65.55%
2025-12-30 19:18:21,321 - INFO -   NDCG:   69.83%
2025-12-30 19:18:21,321 - INFO - ============================================================
2025-12-30 19:18:21,321 - INFO - FINAL TEST RESULTS
2025-12-30 19:18:21,321 - INFO -   Acc@1:  56.08%
2025-12-30 19:18:21,321 - INFO -   Acc@5:  82.24%
2025-12-30 19:18:21,321 - INFO -   Acc@10: 85.65%
2025-12-30 19:18:21,321 - INFO -   MRR:    67.40%
2025-12-30 19:18:21,321 - INFO -   NDCG:   71.76%
2025-12-30 19:18:21,321 - INFO - ============================================================
