2025-12-30 21:55:00,810 - INFO - ============================================================
2025-12-30 21:55:00,810 - INFO - POINTER V45 - Training Started
2025-12-30 21:55:00,810 - INFO - ============================================================
2025-12-30 21:55:00,810 - INFO - Model config: {'d_model': 128, 'dim_feedforward': 128, 'dropout': 0.15, 'nhead': 8, 'num_layers': 8}
2025-12-30 21:55:00,810 - INFO - Training config: {'batch_size': 128, 'grad_clip': 0.8, 'label_smoothing': 0.03, 'learning_rate': 0.00065, 'min_epochs': 3, 'min_lr': 1e-06, 'num_epochs': 50, 'patience': 5, 'use_amp': True, 'warmup_epochs': 5, 'weight_decay': 0.015}
2025-12-30 21:55:00,810 - INFO - ============================================================
2025-12-30 21:55:00,810 - INFO - Training for 50 epochs
2025-12-30 21:55:00,811 - INFO - Model parameters: 1,201,163
2025-12-30 21:55:14,722 - INFO - Epoch 1/50 | LR: 1.30e-04 | Train: 5.2817 | Val: 3.5703 | Acc@1: 34.39%
2025-12-30 21:55:14,787 - INFO -   ✓ New best (Acc@1: 34.39%)
2025-12-30 21:55:24,780 - INFO - Epoch 2/50 | LR: 2.60e-04 | Train: 4.3632 | Val: 3.3709 | Acc@1: 38.60%
2025-12-30 21:55:24,849 - INFO -   ✓ New best (Acc@1: 38.60%)
2025-12-30 21:55:34,695 - INFO - Epoch 3/50 | LR: 3.90e-04 | Train: 3.9060 | Val: 3.2402 | Acc@1: 44.68%
2025-12-30 21:55:34,763 - INFO -   ✓ New best (Acc@1: 44.68%)
2025-12-30 21:55:45,925 - INFO - Epoch 4/50 | LR: 5.20e-04 | Train: 3.5600 | Val: 3.4619 | Acc@1: 42.83%
2025-12-30 21:55:56,887 - INFO - Epoch 5/50 | LR: 6.50e-04 | Train: 3.2411 | Val: 3.4091 | Acc@1: 44.94%
2025-12-30 21:56:07,354 - INFO - Epoch 6/50 | LR: 6.50e-04 | Train: 2.9264 | Val: 3.4791 | Acc@1: 44.94%
2025-12-30 21:56:15,584 - INFO - Epoch 7/50 | LR: 6.49e-04 | Train: 2.6504 | Val: 3.4951 | Acc@1: 44.30%
2025-12-30 21:56:22,613 - INFO - Epoch 8/50 | LR: 6.47e-04 | Train: 2.4028 | Val: 3.6317 | Acc@1: 43.50%
2025-12-30 21:56:22,613 - INFO - Early stopping at epoch 8
2025-12-30 21:56:23,025 - INFO - Loaded checkpoint from epoch 3
2025-12-30 21:56:25,255 - INFO - ============================================================
2025-12-30 21:56:25,255 - INFO - FINAL VALIDATION RESULTS
2025-12-30 21:56:25,255 - INFO -   Acc@1:  44.68%
2025-12-30 21:56:25,255 - INFO -   Acc@5:  73.18%
2025-12-30 21:56:25,255 - INFO -   Acc@10: 77.90%
2025-12-30 21:56:25,256 - INFO -   MRR:    57.47%
2025-12-30 21:56:25,256 - INFO -   NDCG:   62.26%
2025-12-30 21:56:25,256 - INFO - ============================================================
2025-12-30 21:56:25,256 - INFO - FINAL TEST RESULTS
2025-12-30 21:56:25,256 - INFO -   Acc@1:  46.06%
2025-12-30 21:56:25,256 - INFO -   Acc@5:  76.77%
2025-12-30 21:56:25,256 - INFO -   Acc@10: 81.66%
2025-12-30 21:56:25,256 - INFO -   MRR:    60.03%
2025-12-30 21:56:25,256 - INFO -   NDCG:   65.16%
2025-12-30 21:56:25,256 - INFO - ============================================================
