2025-12-29 23:48:58,229 - INFO - ============================================================
2025-12-29 23:48:58,229 - INFO - POINTER V45 - Training Started
2025-12-29 23:48:58,229 - INFO - ============================================================
2025-12-29 23:48:58,229 - INFO - Model config: {'d_model': 128, 'dim_feedforward': 512, 'dropout': 0.15, 'nhead': 8, 'num_layers': 8}
2025-12-29 23:48:58,229 - INFO - Training config: {'batch_size': 128, 'grad_clip': 0.8, 'label_smoothing': 0.03, 'learning_rate': 0.0006, 'min_epochs': 8, 'min_lr': 1e-06, 'num_epochs': 50, 'patience': 5, 'use_amp': True, 'warmup_epochs': 5, 'weight_decay': 0.015}
2025-12-29 23:48:58,229 - INFO - ============================================================
2025-12-29 23:48:58,230 - INFO - Training for 50 epochs
2025-12-29 23:48:58,230 - INFO - Model parameters: 1,981,850
2025-12-29 23:49:08,868 - INFO - Epoch 1/50 | LR: 1.20e-04 | Train: 4.5754 | Val: 3.0774 | Acc@1: 39.90%
2025-12-29 23:49:08,942 - INFO -   ✓ New best (Acc@1: 39.90%)
2025-12-29 23:49:17,828 - INFO - Epoch 2/50 | LR: 2.40e-04 | Train: 3.9957 | Val: 3.0265 | Acc@1: 41.78%
2025-12-29 23:49:17,909 - INFO -   ✓ New best (Acc@1: 41.78%)
2025-12-29 23:49:26,928 - INFO - Epoch 3/50 | LR: 3.60e-04 | Train: 3.6814 | Val: 3.0328 | Acc@1: 44.06%
2025-12-29 23:49:35,315 - INFO - Epoch 4/50 | LR: 4.80e-04 | Train: 3.4487 | Val: 2.8875 | Acc@1: 44.97%
2025-12-29 23:49:35,397 - INFO -   ✓ New best (Acc@1: 44.97%)
2025-12-29 23:49:42,889 - INFO - Epoch 5/50 | LR: 6.00e-04 | Train: 3.2353 | Val: 3.1534 | Acc@1: 42.55%
2025-12-29 23:49:49,236 - INFO - Epoch 6/50 | LR: 6.00e-04 | Train: 2.9707 | Val: 3.1652 | Acc@1: 44.83%
2025-12-29 23:49:53,690 - INFO - Epoch 7/50 | LR: 5.99e-04 | Train: 2.7152 | Val: 3.2245 | Acc@1: 44.16%
2025-12-29 23:49:57,550 - INFO - Epoch 8/50 | LR: 5.97e-04 | Train: 2.4713 | Val: 3.4628 | Acc@1: 45.14%
2025-12-29 23:50:01,246 - INFO - Epoch 9/50 | LR: 5.93e-04 | Train: 2.2377 | Val: 3.6267 | Acc@1: 43.85%
2025-12-29 23:50:01,246 - INFO - Early stopping at epoch 9
2025-12-29 23:50:01,365 - INFO - Loaded checkpoint from epoch 4
2025-12-29 23:50:02,330 - INFO - ============================================================
2025-12-29 23:50:02,331 - INFO - FINAL VALIDATION RESULTS
2025-12-29 23:50:02,331 - INFO -   Acc@1:  44.97%
2025-12-29 23:50:02,331 - INFO -   Acc@5:  77.80%
2025-12-29 23:50:02,331 - INFO -   Acc@10: 83.22%
2025-12-29 23:50:02,331 - INFO -   MRR:    59.44%
2025-12-29 23:50:02,331 - INFO -   NDCG:   65.03%
2025-12-29 23:50:02,331 - INFO - ============================================================
2025-12-29 23:50:02,331 - INFO - FINAL TEST RESULTS
2025-12-29 23:50:02,331 - INFO -   Acc@1:  50.80%
2025-12-29 23:50:02,331 - INFO -   Acc@5:  82.80%
2025-12-29 23:50:02,331 - INFO -   Acc@10: 86.21%
2025-12-29 23:50:02,331 - INFO -   MRR:    64.66%
2025-12-29 23:50:02,331 - INFO -   NDCG:   69.84%
2025-12-29 23:50:02,331 - INFO - ============================================================
