2025-12-29 08:08:23,682 - INFO - ============================================================
2025-12-29 08:08:23,682 - INFO - POINTER V45 - Training Started
2025-12-29 08:08:23,682 - INFO - ============================================================
2025-12-29 08:08:23,682 - INFO - Model config: {'d_model': 72, 'dim_feedforward': 144, 'dropout': 0.15, 'nhead': 4, 'num_layers': 2}
2025-12-29 08:08:23,682 - INFO - Training config: {'batch_size': 128, 'grad_clip': 0.8, 'label_smoothing': 0.03, 'learning_rate': 0.00065, 'min_epochs': 8, 'min_lr': 1e-06, 'num_epochs': 50, 'patience': 5, 'use_amp': True, 'warmup_epochs': 5, 'weight_decay': 0.015}
2025-12-29 08:08:23,683 - INFO - ============================================================
2025-12-29 08:08:23,683 - INFO - Training for 50 epochs
2025-12-29 08:08:23,683 - INFO - Model parameters: 294,826
2025-12-29 08:08:26,721 - INFO - Epoch 1/50 | LR: 1.30e-04 | Train: 4.4061 | Val: 3.4036 | Acc@1: 38.34%
2025-12-29 08:08:26,742 - INFO -   ✓ New best (Acc@1: 38.34%)
2025-12-29 08:08:29,099 - INFO - Epoch 2/50 | LR: 2.60e-04 | Train: 4.0639 | Val: 3.3015 | Acc@1: 42.44%
2025-12-29 08:08:29,121 - INFO -   ✓ New best (Acc@1: 42.44%)
2025-12-29 08:08:31,596 - INFO - Epoch 3/50 | LR: 3.90e-04 | Train: 3.7515 | Val: 3.2297 | Acc@1: 44.34%
2025-12-29 08:08:31,619 - INFO -   ✓ New best (Acc@1: 44.34%)
2025-12-29 08:08:34,092 - INFO - Epoch 4/50 | LR: 5.20e-04 | Train: 3.5186 | Val: 3.2176 | Acc@1: 46.20%
2025-12-29 08:08:34,116 - INFO -   ✓ New best (Acc@1: 46.20%)
2025-12-29 08:08:36,526 - INFO - Epoch 5/50 | LR: 6.50e-04 | Train: 3.3051 | Val: 3.1750 | Acc@1: 47.26%
2025-12-29 08:08:36,547 - INFO -   ✓ New best (Acc@1: 47.26%)
2025-12-29 08:08:38,976 - INFO - Epoch 6/50 | LR: 6.50e-04 | Train: 3.0757 | Val: 3.1833 | Acc@1: 47.50%
2025-12-29 08:08:41,383 - INFO - Epoch 7/50 | LR: 6.49e-04 | Train: 2.8760 | Val: 3.1619 | Acc@1: 47.14%
2025-12-29 08:08:41,406 - INFO -   ✓ New best (Acc@1: 47.14%)
2025-12-29 08:08:43,825 - INFO - Epoch 8/50 | LR: 6.47e-04 | Train: 2.6681 | Val: 3.1779 | Acc@1: 46.36%
2025-12-29 08:08:46,200 - INFO - Epoch 9/50 | LR: 6.43e-04 | Train: 2.5134 | Val: 3.1475 | Acc@1: 47.23%
2025-12-29 08:08:46,223 - INFO -   ✓ New best (Acc@1: 47.23%)
2025-12-29 08:08:48,648 - INFO - Epoch 10/50 | LR: 6.37e-04 | Train: 2.3585 | Val: 3.2243 | Acc@1: 46.66%
2025-12-29 08:08:51,090 - INFO - Epoch 11/50 | LR: 6.30e-04 | Train: 2.1994 | Val: 3.2786 | Acc@1: 46.57%
2025-12-29 08:08:53,656 - INFO - Epoch 12/50 | LR: 6.22e-04 | Train: 2.0955 | Val: 3.2780 | Acc@1: 46.17%
2025-12-29 08:08:56,018 - INFO - Epoch 13/50 | LR: 6.12e-04 | Train: 1.9666 | Val: 3.3284 | Acc@1: 45.63%
2025-12-29 08:08:58,243 - INFO - Epoch 14/50 | LR: 6.01e-04 | Train: 1.8443 | Val: 3.3411 | Acc@1: 46.17%
2025-12-29 08:08:58,244 - INFO - Early stopping at epoch 14
2025-12-29 08:08:58,286 - INFO - Loaded checkpoint from epoch 9
2025-12-29 08:08:59,156 - INFO - ============================================================
2025-12-29 08:08:59,156 - INFO - FINAL VALIDATION RESULTS
2025-12-29 08:08:59,156 - INFO -   Acc@1:  47.23%
2025-12-29 08:08:59,156 - INFO -   Acc@5:  73.16%
2025-12-29 08:08:59,156 - INFO -   Acc@10: 78.70%
2025-12-29 08:08:59,156 - INFO -   MRR:    58.80%
2025-12-29 08:08:59,156 - INFO -   NDCG:   63.38%
2025-12-29 08:08:59,156 - INFO - ============================================================
2025-12-29 08:08:59,156 - INFO - FINAL TEST RESULTS
2025-12-29 08:08:59,157 - INFO -   Acc@1:  49.19%
2025-12-29 08:08:59,157 - INFO -   Acc@5:  76.03%
2025-12-29 08:08:59,157 - INFO -   Acc@10: 80.86%
2025-12-29 08:08:59,157 - INFO -   MRR:    61.09%
2025-12-29 08:08:59,157 - INFO -   NDCG:   65.66%
2025-12-29 08:08:59,157 - INFO - ============================================================
