2025-12-28 19:13:42,481 - INFO - ============================================================
2025-12-28 19:13:42,481 - INFO - POINTER V45 - Training Started
2025-12-28 19:13:42,481 - INFO - ============================================================
2025-12-28 19:13:42,481 - INFO - Model config: {'d_model': 64, 'dim_feedforward': 128, 'dropout': 0.15, 'nhead': 4, 'num_layers': 2}
2025-12-28 19:13:42,481 - INFO - Training config: {'batch_size': 128, 'grad_clip': 0.8, 'label_smoothing': 0.03, 'learning_rate': 0.0006, 'min_epochs': 8, 'min_lr': 1e-06, 'num_epochs': 50, 'patience': 5, 'use_amp': True, 'warmup_epochs': 5, 'weight_decay': 0.015}
2025-12-28 19:13:42,481 - INFO - ============================================================
2025-12-28 19:13:42,481 - INFO - Training for 50 epochs
2025-12-28 19:13:42,482 - INFO - Model parameters: 251,068
2025-12-28 19:13:47,363 - INFO - Epoch 1/50 | LR: 1.20e-04 | Train: 4.4230 | Val: 3.4171 | Acc@1: 39.22%
2025-12-28 19:13:47,384 - INFO -   ✓ New best (Acc@1: 39.22%)
2025-12-28 19:13:51,368 - INFO - Epoch 2/50 | LR: 2.40e-04 | Train: 4.0985 | Val: 3.3141 | Acc@1: 43.10%
2025-12-28 19:13:51,391 - INFO -   ✓ New best (Acc@1: 43.10%)
2025-12-28 19:13:55,383 - INFO - Epoch 3/50 | LR: 3.60e-04 | Train: 3.8190 | Val: 3.2254 | Acc@1: 44.94%
2025-12-28 19:13:55,404 - INFO -   ✓ New best (Acc@1: 44.94%)
2025-12-28 19:13:59,444 - INFO - Epoch 4/50 | LR: 4.80e-04 | Train: 3.6172 | Val: 3.1933 | Acc@1: 45.96%
2025-12-28 19:13:59,465 - INFO -   ✓ New best (Acc@1: 45.96%)
2025-12-28 19:14:03,539 - INFO - Epoch 5/50 | LR: 6.00e-04 | Train: 3.4153 | Val: 3.1768 | Acc@1: 46.90%
2025-12-28 19:14:03,562 - INFO -   ✓ New best (Acc@1: 46.90%)
2025-12-28 19:14:07,583 - INFO - Epoch 6/50 | LR: 6.00e-04 | Train: 3.2291 | Val: 3.1299 | Acc@1: 47.11%
2025-12-28 19:14:07,605 - INFO -   ✓ New best (Acc@1: 47.11%)
2025-12-28 19:14:11,588 - INFO - Epoch 7/50 | LR: 5.99e-04 | Train: 3.0166 | Val: 3.1576 | Acc@1: 48.25%
2025-12-28 19:14:15,634 - INFO - Epoch 8/50 | LR: 5.97e-04 | Train: 2.8273 | Val: 3.1120 | Acc@1: 48.22%
2025-12-28 19:14:15,655 - INFO -   ✓ New best (Acc@1: 48.22%)
2025-12-28 19:14:19,733 - INFO - Epoch 9/50 | LR: 5.93e-04 | Train: 2.6839 | Val: 3.1376 | Acc@1: 48.28%
2025-12-28 19:14:23,674 - INFO - Epoch 10/50 | LR: 5.88e-04 | Train: 2.5063 | Val: 3.1901 | Acc@1: 48.22%
2025-12-28 19:14:26,944 - INFO - Epoch 11/50 | LR: 5.82e-04 | Train: 2.4030 | Val: 3.1568 | Acc@1: 48.92%
2025-12-28 19:14:30,574 - INFO - Epoch 12/50 | LR: 5.74e-04 | Train: 2.2510 | Val: 3.1638 | Acc@1: 49.55%
2025-12-28 19:14:34,248 - INFO - Epoch 13/50 | LR: 5.65e-04 | Train: 2.1580 | Val: 3.1813 | Acc@1: 49.34%
2025-12-28 19:14:34,248 - INFO - Early stopping at epoch 13
2025-12-28 19:14:34,466 - INFO - Loaded checkpoint from epoch 8
2025-12-28 19:14:36,552 - INFO - ============================================================
2025-12-28 19:14:36,553 - INFO - FINAL VALIDATION RESULTS
2025-12-28 19:14:36,553 - INFO -   Acc@1:  48.22%
2025-12-28 19:14:36,553 - INFO -   Acc@5:  73.49%
2025-12-28 19:14:36,553 - INFO -   Acc@10: 79.07%
2025-12-28 19:14:36,553 - INFO -   MRR:    59.77%
2025-12-28 19:14:36,553 - INFO -   NDCG:   64.20%
2025-12-28 19:14:36,553 - INFO - ============================================================
2025-12-28 19:14:36,553 - INFO - FINAL TEST RESULTS
2025-12-28 19:14:36,553 - INFO -   Acc@1:  50.58%
2025-12-28 19:14:36,553 - INFO -   Acc@5:  76.72%
2025-12-28 19:14:36,553 - INFO -   Acc@10: 80.83%
2025-12-28 19:14:36,553 - INFO -   MRR:    62.43%
2025-12-28 19:14:36,553 - INFO -   NDCG:   66.73%
2025-12-28 19:14:36,553 - INFO - ============================================================
