Training LSTM model
Dataset: geolife
Config: config/hyperparameter_tuning/geolife_lstm_dropout03_lr002_v4.yaml
Device: cuda
Seed: 42
==================================================
Data loaders: train=116, val=53, test=55
Total trainable parameters: 482659

=== Epoch 1 ===
Epoch 1, 8.6%	 loss: 7.408 acc@1: 0.00 mrr: 0.46, ndcg: 0.21, took: 0.89s
Epoch 1, 17.2%	 loss: 7.373 acc@1: 0.31 mrr: 0.80, ndcg: 0.57, took: 0.36s
Epoch 1, 25.9%	 loss: 7.273 acc@1: 0.31 mrr: 1.07, ndcg: 0.91, took: 0.35s
Epoch 1, 34.5%	 loss: 7.198 acc@1: 0.16 mrr: 1.16, ndcg: 0.97, took: 0.36s
Epoch 1, 43.1%	 loss: 7.010 acc@1: 2.81 mrr: 4.51, ndcg: 4.64, took: 0.36s
Epoch 1, 51.7%	 loss: 6.842 acc@1: 7.03 mrr: 8.86, ndcg: 8.89, took: 0.37s
Epoch 1, 60.3%	 loss: 6.559 acc@1: 9.06 mrr: 12.14, ndcg: 12.82, took: 0.36s
Epoch 1, 69.0%	 loss: 6.263 acc@1: 13.44 mrr: 17.93, ndcg: 19.44, took: 0.35s
Epoch 1, 77.6%	 loss: 5.985 acc@1: 16.72 mrr: 23.26, ndcg: 25.58, took: 0.36s
Epoch 1, 86.2%	 loss: 5.868 acc@1: 13.91 mrr: 22.03, ndcg: 24.82, took: 0.39s
Epoch 1, 94.8%	 loss: 5.627 acc@1: 16.56 mrr: 25.26, ndcg: 28.29, took: 0.36s
Validation - loss: 5.3001, acc@1: 18.30%, f1: 10.85%, mrr: 29.34%, ndcg: 33.17%
Current learning rate: 0.000667

=== Epoch 2 ===
Epoch 2, 8.6%	 loss: 5.164 acc@1: 17.81 mrr: 28.39, ndcg: 32.38, took: 0.48s
Epoch 2, 17.2%	 loss: 4.818 acc@1: 21.41 mrr: 32.77, ndcg: 36.92, took: 0.48s
Epoch 2, 25.9%	 loss: 4.601 acc@1: 24.84 mrr: 36.14, ndcg: 40.68, took: 0.47s
Epoch 2, 34.5%	 loss: 4.448 acc@1: 27.03 mrr: 37.83, ndcg: 41.95, took: 0.46s
Epoch 2, 43.1%	 loss: 4.166 acc@1: 28.75 mrr: 40.98, ndcg: 45.43, took: 0.47s
Epoch 2, 51.7%	 loss: 4.291 acc@1: 28.59 mrr: 39.87, ndcg: 44.20, took: 0.50s
Epoch 2, 60.3%	 loss: 4.024 acc@1: 30.16 mrr: 42.37, ndcg: 47.30, took: 0.49s
Epoch 2, 69.0%	 loss: 4.080 acc@1: 28.59 mrr: 41.13, ndcg: 45.91, took: 0.46s
Epoch 2, 77.6%	 loss: 4.144 acc@1: 27.81 mrr: 40.23, ndcg: 45.04, took: 0.52s
Epoch 2, 86.2%	 loss: 3.984 acc@1: 30.94 mrr: 43.43, ndcg: 48.24, took: 0.50s
Epoch 2, 94.8%	 loss: 3.870 acc@1: 32.66 mrr: 44.87, ndcg: 49.22, took: 0.49s
Validation - loss: 4.4284, acc@1: 31.85%, f1: 20.51%, mrr: 43.32%, ndcg: 47.35%
Current learning rate: 0.001333

=== Epoch 3 ===
Epoch 3, 8.6%	 loss: 3.569 acc@1: 32.19 mrr: 45.82, ndcg: 50.66, took: 0.49s
Epoch 3, 17.2%	 loss: 3.666 acc@1: 32.34 mrr: 44.89, ndcg: 49.38, took: 0.47s
Epoch 3, 25.9%	 loss: 3.617 acc@1: 35.00 mrr: 47.35, ndcg: 51.62, took: 0.49s
Epoch 3, 34.5%	 loss: 3.412 acc@1: 36.25 mrr: 48.76, ndcg: 53.16, took: 0.49s
Epoch 3, 43.1%	 loss: 3.500 acc@1: 33.12 mrr: 47.14, ndcg: 52.31, took: 0.50s
Epoch 3, 51.7%	 loss: 3.428 acc@1: 34.38 mrr: 48.56, ndcg: 53.33, took: 0.50s
Epoch 3, 60.3%	 loss: 3.546 acc@1: 33.44 mrr: 47.35, ndcg: 52.55, took: 0.51s
Epoch 3, 69.0%	 loss: 3.374 acc@1: 33.12 mrr: 48.80, ndcg: 53.96, took: 0.49s
Epoch 3, 77.6%	 loss: 3.427 acc@1: 33.28 mrr: 48.40, ndcg: 53.59, took: 0.47s
Epoch 3, 86.2%	 loss: 3.638 acc@1: 32.81 mrr: 46.11, ndcg: 51.05, took: 0.49s
Epoch 3, 94.8%	 loss: 3.336 acc@1: 35.78 mrr: 50.29, ndcg: 55.32, took: 0.50s
Validation - loss: 4.3077, acc@1: 30.92%, f1: 21.51%, mrr: 44.29%, ndcg: 48.70%
Current learning rate: 0.002000

=== Epoch 4 ===
Epoch 4, 8.6%	 loss: 3.217 acc@1: 33.91 mrr: 48.51, ndcg: 53.51, took: 0.50s
Epoch 4, 17.2%	 loss: 3.060 acc@1: 35.62 mrr: 49.81, ndcg: 55.14, took: 0.46s
Epoch 4, 25.9%	 loss: 3.088 acc@1: 36.25 mrr: 50.99, ndcg: 56.11, took: 0.47s
Epoch 4, 34.5%	 loss: 3.073 acc@1: 35.94 mrr: 51.58, ndcg: 56.63, took: 0.47s
Epoch 4, 43.1%	 loss: 3.102 acc@1: 34.06 mrr: 49.52, ndcg: 54.71, took: 0.45s
Epoch 4, 51.7%	 loss: 3.169 acc@1: 34.38 mrr: 49.37, ndcg: 54.43, took: 0.44s
Epoch 4, 60.3%	 loss: 3.032 acc@1: 35.00 mrr: 51.36, ndcg: 57.15, took: 0.49s
Epoch 4, 69.0%	 loss: 3.242 acc@1: 35.47 mrr: 49.41, ndcg: 54.63, took: 0.47s
Epoch 4, 77.6%	 loss: 3.282 acc@1: 32.19 mrr: 47.81, ndcg: 53.47, took: 0.45s
Epoch 4, 86.2%	 loss: 3.254 acc@1: 34.84 mrr: 49.02, ndcg: 53.82, took: 0.47s
Epoch 4, 94.8%	 loss: 3.258 acc@1: 34.38 mrr: 48.86, ndcg: 54.33, took: 0.46s
Validation - loss: 4.2776, acc@1: 32.96%, f1: 19.51%, mrr: 45.86%, ndcg: 50.07%
Current learning rate: 0.001957

=== Epoch 5 ===
Epoch 5, 8.6%	 loss: 2.667 acc@1: 37.19 mrr: 54.17, ndcg: 60.13, took: 0.46s
Epoch 5, 17.2%	 loss: 2.929 acc@1: 31.88 mrr: 49.08, ndcg: 55.06, took: 0.48s
Epoch 5, 25.9%	 loss: 3.018 acc@1: 33.28 mrr: 49.58, ndcg: 54.83, took: 0.46s
Epoch 5, 34.5%	 loss: 2.873 acc@1: 35.78 mrr: 51.42, ndcg: 56.88, took: 0.46s
Epoch 5, 43.1%	 loss: 2.824 acc@1: 35.78 mrr: 52.65, ndcg: 58.59, took: 0.44s
Epoch 5, 51.7%	 loss: 2.825 acc@1: 38.28 mrr: 53.16, ndcg: 58.51, took: 0.40s
Epoch 5, 60.3%	 loss: 2.822 acc@1: 38.28 mrr: 53.48, ndcg: 58.74, took: 0.43s
Epoch 5, 69.0%	 loss: 2.792 acc@1: 34.53 mrr: 51.76, ndcg: 57.42, took: 0.40s
Epoch 5, 77.6%	 loss: 2.832 acc@1: 35.47 mrr: 51.94, ndcg: 57.62, took: 0.43s
Epoch 5, 86.2%	 loss: 3.062 acc@1: 34.69 mrr: 49.91, ndcg: 55.20, took: 0.41s
Epoch 5, 94.8%	 loss: 2.956 acc@1: 33.44 mrr: 49.87, ndcg: 55.36, took: 0.41s
Validation - loss: 4.2606, acc@1: 33.17%, f1: 22.03%, mrr: 45.90%, ndcg: 50.17%
Current learning rate: 0.001915

=== Epoch 6 ===
Epoch 6, 8.6%	 loss: 2.510 acc@1: 39.06 mrr: 55.51, ndcg: 61.69, took: 0.42s
Epoch 6, 17.2%	 loss: 2.695 acc@1: 34.06 mrr: 51.58, ndcg: 58.14, took: 0.42s
Epoch 6, 25.9%	 loss: 2.612 acc@1: 37.97 mrr: 54.56, ndcg: 60.87, took: 0.45s
Epoch 6, 34.5%	 loss: 2.685 acc@1: 35.00 mrr: 52.14, ndcg: 58.53, took: 0.40s
Epoch 6, 43.1%	 loss: 2.556 acc@1: 40.47 mrr: 56.17, ndcg: 61.96, took: 0.43s
Epoch 6, 51.7%	 loss: 2.601 acc@1: 36.88 mrr: 54.06, ndcg: 60.24, took: 0.42s
Epoch 6, 60.3%	 loss: 2.768 acc@1: 35.62 mrr: 51.89, ndcg: 57.18, took: 0.42s
Epoch 6, 69.0%	 loss: 2.540 acc@1: 39.38 mrr: 55.76, ndcg: 61.35, took: 0.42s
Epoch 6, 77.6%	 loss: 2.810 acc@1: 35.47 mrr: 52.02, ndcg: 57.70, took: 0.47s
Epoch 6, 86.2%	 loss: 2.768 acc@1: 35.31 mrr: 51.39, ndcg: 56.88, took: 0.41s
Epoch 6, 94.8%	 loss: 2.733 acc@1: 33.12 mrr: 51.03, ndcg: 57.13, took: 0.41s
Validation - loss: 4.2910, acc@1: 33.14%, f1: 23.35%, mrr: 45.85%, ndcg: 49.91%
Current learning rate: 0.001872

=== Epoch 7 ===
Epoch 7, 8.6%	 loss: 2.364 acc@1: 40.62 mrr: 57.59, ndcg: 64.33, took: 0.40s
Epoch 7, 17.2%	 loss: 2.464 acc@1: 37.34 mrr: 54.79, ndcg: 61.61, took: 0.40s
Epoch 7, 25.9%	 loss: 2.386 acc@1: 38.12 mrr: 56.40, ndcg: 62.96, took: 0.42s
Epoch 7, 34.5%	 loss: 2.467 acc@1: 35.47 mrr: 53.92, ndcg: 61.08, took: 0.42s
Epoch 7, 43.1%	 loss: 2.503 acc@1: 36.88 mrr: 54.39, ndcg: 61.09, took: 0.44s
Epoch 7, 51.7%	 loss: 2.433 acc@1: 38.91 mrr: 56.06, ndcg: 61.90, took: 0.42s
Epoch 7, 60.3%	 loss: 2.491 acc@1: 37.66 mrr: 54.53, ndcg: 61.18, took: 0.43s
Epoch 7, 69.0%	 loss: 2.592 acc@1: 33.75 mrr: 51.78, ndcg: 58.55, took: 0.40s
Epoch 7, 77.6%	 loss: 2.558 acc@1: 36.72 mrr: 54.02, ndcg: 60.48, took: 0.44s
Epoch 7, 86.2%	 loss: 2.556 acc@1: 36.25 mrr: 53.47, ndcg: 59.87, took: 0.42s
Epoch 7, 94.8%	 loss: 2.686 acc@1: 33.59 mrr: 51.68, ndcg: 58.46, took: 0.35s
Validation - loss: 4.2818, acc@1: 30.53%, f1: 22.11%, mrr: 44.32%, ndcg: 48.94%
Current learning rate: 0.001830

=== Epoch 8 ===
Epoch 8, 8.6%	 loss: 2.231 acc@1: 39.53 mrr: 58.09, ndcg: 65.40, took: 0.37s
Epoch 8, 17.2%	 loss: 2.223 acc@1: 36.72 mrr: 56.74, ndcg: 64.18, took: 0.35s
Epoch 8, 25.9%	 loss: 2.225 acc@1: 37.34 mrr: 56.50, ndcg: 63.98, took: 0.42s
Epoch 8, 34.5%	 loss: 2.329 acc@1: 39.38 mrr: 56.75, ndcg: 63.31, took: 0.48s
Epoch 8, 43.1%	 loss: 2.369 acc@1: 35.00 mrr: 54.49, ndcg: 62.04, took: 0.47s
Epoch 8, 51.7%	 loss: 2.404 acc@1: 38.28 mrr: 55.75, ndcg: 62.50, took: 0.50s
Epoch 8, 60.3%	 loss: 2.254 acc@1: 39.06 mrr: 57.16, ndcg: 64.35, took: 0.41s
Epoch 8, 69.0%	 loss: 2.555 acc@1: 35.47 mrr: 53.19, ndcg: 60.10, took: 0.41s
Epoch 8, 77.6%	 loss: 2.352 acc@1: 37.81 mrr: 56.11, ndcg: 62.93, took: 0.44s
Epoch 8, 86.2%	 loss: 2.436 acc@1: 36.41 mrr: 54.54, ndcg: 61.60, took: 0.43s
Epoch 8, 94.8%	 loss: 2.584 acc@1: 32.97 mrr: 51.52, ndcg: 58.57, took: 0.40s
Validation - loss: 4.2662, acc@1: 32.60%, f1: 22.93%, mrr: 45.74%, ndcg: 49.97%
Current learning rate: 0.001787

=== Epoch 9 ===
Epoch 9, 8.6%	 loss: 2.070 acc@1: 41.41 mrr: 59.95, ndcg: 67.92, took: 0.43s
Epoch 9, 17.2%	 loss: 2.153 acc@1: 40.00 mrr: 59.08, ndcg: 66.38, took: 0.41s
Epoch 9, 25.9%	 loss: 2.134 acc@1: 42.66 mrr: 60.02, ndcg: 67.06, took: 0.38s
Epoch 9, 34.5%	 loss: 2.196 acc@1: 40.78 mrr: 58.58, ndcg: 65.94, took: 0.32s
Epoch 9, 43.1%	 loss: 2.162 acc@1: 38.91 mrr: 58.21, ndcg: 65.81, took: 0.33s
Epoch 9, 51.7%	 loss: 2.212 acc@1: 39.53 mrr: 57.33, ndcg: 65.02, took: 0.33s
Epoch 9, 60.3%	 loss: 2.376 acc@1: 32.66 mrr: 52.83, ndcg: 60.98, took: 0.35s
Epoch 9, 69.0%	 loss: 2.286 acc@1: 36.25 mrr: 55.48, ndcg: 63.04, took: 0.37s
Epoch 9, 77.6%	 loss: 2.376 acc@1: 35.78 mrr: 54.26, ndcg: 61.23, took: 0.43s
Epoch 9, 86.2%	 loss: 2.369 acc@1: 33.12 mrr: 53.07, ndcg: 60.70, took: 0.42s
Epoch 9, 94.8%	 loss: 2.347 acc@1: 35.94 mrr: 54.91, ndcg: 62.53, took: 0.43s
Validation - loss: 4.3002, acc@1: 34.10%, f1: 24.23%, mrr: 46.49%, ndcg: 50.64%
Current learning rate: 0.001745

=== Epoch 10 ===
Epoch 10, 8.6%	 loss: 1.983 acc@1: 42.50 mrr: 61.53, ndcg: 69.28, took: 0.42s
Epoch 10, 17.2%	 loss: 2.025 acc@1: 40.78 mrr: 59.40, ndcg: 67.29, took: 0.38s
Epoch 10, 25.9%	 loss: 2.133 acc@1: 38.59 mrr: 57.70, ndcg: 65.64, took: 0.41s
Epoch 10, 34.5%	 loss: 2.093 acc@1: 41.41 mrr: 59.61, ndcg: 67.44, took: 0.42s
Epoch 10, 43.1%	 loss: 2.090 acc@1: 37.97 mrr: 58.33, ndcg: 66.27, took: 0.43s
Epoch 10, 51.7%	 loss: 2.119 acc@1: 37.19 mrr: 57.07, ndcg: 65.24, took: 0.42s
Epoch 10, 60.3%	 loss: 2.255 acc@1: 35.78 mrr: 55.53, ndcg: 64.02, took: 0.46s
Epoch 10, 69.0%	 loss: 2.144 acc@1: 37.34 mrr: 57.28, ndcg: 64.91, took: 0.47s
Epoch 10, 77.6%	 loss: 2.297 acc@1: 32.66 mrr: 53.41, ndcg: 61.43, took: 0.45s
Epoch 10, 86.2%	 loss: 2.217 acc@1: 39.69 mrr: 57.33, ndcg: 65.20, took: 0.50s
Epoch 10, 94.8%	 loss: 2.233 acc@1: 36.25 mrr: 55.74, ndcg: 63.82, took: 0.48s
Validation - loss: 4.3394, acc@1: 30.92%, f1: 22.89%, mrr: 44.48%, ndcg: 49.20%
Current learning rate: 0.000170

=== Epoch 11 ===
Epoch 11, 8.6%	 loss: 2.703 acc@1: 35.47 mrr: 52.43, ndcg: 58.30, took: 0.41s
Epoch 11, 17.2%	 loss: 2.458 acc@1: 40.31 mrr: 57.06, ndcg: 62.90, took: 0.39s
Epoch 11, 25.9%	 loss: 2.361 acc@1: 39.69 mrr: 57.11, ndcg: 63.48, took: 0.43s
Epoch 11, 34.5%	 loss: 2.460 acc@1: 38.59 mrr: 55.91, ndcg: 62.63, took: 0.42s
Epoch 11, 43.1%	 loss: 2.484 acc@1: 39.84 mrr: 55.96, ndcg: 62.18, took: 0.41s
Epoch 11, 51.7%	 loss: 2.472 acc@1: 42.50 mrr: 57.24, ndcg: 62.29, took: 0.41s
Epoch 11, 60.3%	 loss: 2.307 acc@1: 41.09 mrr: 57.92, ndcg: 63.99, took: 0.41s
Epoch 11, 69.0%	 loss: 2.351 acc@1: 41.88 mrr: 58.29, ndcg: 64.60, took: 0.39s
Epoch 11, 77.6%	 loss: 2.548 acc@1: 39.69 mrr: 55.44, ndcg: 61.22, took: 0.42s
Epoch 11, 86.2%	 loss: 2.705 acc@1: 35.47 mrr: 52.06, ndcg: 57.79, took: 0.40s
Epoch 11, 94.8%	 loss: 2.528 acc@1: 38.59 mrr: 55.08, ndcg: 61.19, took: 0.41s
Validation - loss: 4.2122, acc@1: 34.55%, f1: 23.49%, mrr: 46.85%, ndcg: 50.81%
Current learning rate: 0.000170

=== Epoch 12 ===
Epoch 12, 8.6%	 loss: 2.337 acc@1: 41.25 mrr: 57.75, ndcg: 63.95, took: 0.42s
Epoch 12, 17.2%	 loss: 2.366 acc@1: 40.47 mrr: 57.18, ndcg: 63.51, took: 0.43s
Epoch 12, 25.9%	 loss: 2.408 acc@1: 38.59 mrr: 56.35, ndcg: 62.84, took: 0.40s
Epoch 12, 34.5%	 loss: 2.408 acc@1: 40.94 mrr: 56.96, ndcg: 63.01, took: 0.42s
Epoch 12, 43.1%	 loss: 2.441 acc@1: 38.28 mrr: 56.26, ndcg: 62.69, took: 0.40s
Epoch 12, 51.7%	 loss: 2.382 acc@1: 39.69 mrr: 57.09, ndcg: 63.64, took: 0.44s
Epoch 12, 60.3%	 loss: 2.516 acc@1: 34.69 mrr: 53.26, ndcg: 60.22, took: 0.38s
Epoch 12, 69.0%	 loss: 2.358 acc@1: 38.12 mrr: 56.37, ndcg: 63.14, took: 0.40s
Epoch 12, 77.6%	 loss: 2.346 acc@1: 38.12 mrr: 56.25, ndcg: 63.20, took: 0.42s
Epoch 12, 86.2%	 loss: 2.440 acc@1: 39.38 mrr: 56.14, ndcg: 62.59, took: 0.41s
Epoch 12, 94.8%	 loss: 2.303 acc@1: 43.12 mrr: 59.16, ndcg: 65.06, took: 0.40s
Validation - loss: 4.2261, acc@1: 34.34%, f1: 22.82%, mrr: 46.76%, ndcg: 50.77%
Current learning rate: 0.000170

=== Epoch 13 ===
Epoch 13, 8.6%	 loss: 2.282 acc@1: 44.38 mrr: 60.14, ndcg: 66.27, took: 0.42s
Epoch 13, 17.2%	 loss: 2.339 acc@1: 41.41 mrr: 58.08, ndcg: 64.15, took: 0.40s
Epoch 13, 25.9%	 loss: 2.338 acc@1: 41.09 mrr: 58.34, ndcg: 64.78, took: 0.41s
Epoch 13, 34.5%	 loss: 2.377 acc@1: 40.47 mrr: 57.18, ndcg: 63.57, took: 0.43s
Epoch 13, 43.1%	 loss: 2.294 acc@1: 38.75 mrr: 57.26, ndcg: 63.90, took: 0.41s
Epoch 13, 51.7%	 loss: 2.345 acc@1: 39.06 mrr: 56.81, ndcg: 63.62, took: 0.42s
Epoch 13, 60.3%	 loss: 2.430 acc@1: 37.03 mrr: 55.15, ndcg: 62.38, took: 0.44s
Epoch 13, 69.0%	 loss: 2.374 acc@1: 37.66 mrr: 55.82, ndcg: 62.43, took: 0.41s
Epoch 13, 77.6%	 loss: 2.313 acc@1: 40.94 mrr: 57.98, ndcg: 64.85, took: 0.39s
Epoch 13, 86.2%	 loss: 2.370 acc@1: 36.56 mrr: 55.32, ndcg: 62.48, took: 0.41s
Epoch 13, 94.8%	 loss: 2.418 acc@1: 37.81 mrr: 55.91, ndcg: 62.33, took: 0.42s
Validation - loss: 4.2163, acc@1: 34.07%, f1: 23.90%, mrr: 46.57%, ndcg: 50.61%
Current learning rate: 0.000170

=== Epoch 14 ===
Epoch 14, 8.6%	 loss: 2.275 acc@1: 39.84 mrr: 57.48, ndcg: 63.99, took: 0.42s
Epoch 14, 17.2%	 loss: 2.322 acc@1: 40.00 mrr: 57.63, ndcg: 64.31, took: 0.41s
Epoch 14, 25.9%	 loss: 2.351 acc@1: 40.78 mrr: 57.34, ndcg: 63.88, took: 0.42s
Epoch 14, 34.5%	 loss: 2.390 acc@1: 38.75 mrr: 55.94, ndcg: 62.50, took: 0.39s
Epoch 14, 43.1%	 loss: 2.257 acc@1: 40.31 mrr: 58.72, ndcg: 64.96, took: 0.43s
Epoch 14, 51.7%	 loss: 2.268 acc@1: 41.25 mrr: 58.48, ndcg: 65.22, took: 0.38s
Epoch 14, 60.3%	 loss: 2.406 acc@1: 37.97 mrr: 55.75, ndcg: 62.75, took: 0.40s
Epoch 14, 69.0%	 loss: 2.312 acc@1: 40.31 mrr: 58.02, ndcg: 64.92, took: 0.43s
Epoch 14, 77.6%	 loss: 2.323 acc@1: 41.56 mrr: 57.97, ndcg: 64.25, took: 0.44s
Epoch 14, 86.2%	 loss: 2.329 acc@1: 40.00 mrr: 57.37, ndcg: 64.47, took: 0.41s
Epoch 14, 94.8%	 loss: 2.360 acc@1: 37.97 mrr: 56.20, ndcg: 63.30, took: 0.39s
Validation - loss: 4.2155, acc@1: 34.01%, f1: 23.05%, mrr: 46.51%, ndcg: 50.51%
Current learning rate: 0.000170

=== Epoch 15 ===
Epoch 15, 8.6%	 loss: 2.202 acc@1: 42.81 mrr: 60.00, ndcg: 66.47, took: 0.43s
Epoch 15, 17.2%	 loss: 2.319 acc@1: 39.53 mrr: 57.33, ndcg: 63.94, took: 0.39s
Epoch 15, 25.9%	 loss: 2.421 acc@1: 37.03 mrr: 55.00, ndcg: 62.00, took: 0.41s
Epoch 15, 34.5%	 loss: 2.292 acc@1: 42.50 mrr: 59.18, ndcg: 65.10, took: 0.39s
Epoch 15, 43.1%	 loss: 2.150 acc@1: 42.19 mrr: 60.09, ndcg: 67.13, took: 0.41s
Epoch 15, 51.7%	 loss: 2.338 acc@1: 38.91 mrr: 56.77, ndcg: 63.83, took: 0.39s
Epoch 15, 60.3%	 loss: 2.333 acc@1: 40.94 mrr: 57.69, ndcg: 64.41, took: 0.40s
Epoch 15, 69.0%	 loss: 2.194 acc@1: 42.19 mrr: 59.88, ndcg: 66.76, took: 0.41s
Epoch 15, 77.6%	 loss: 2.303 acc@1: 40.62 mrr: 58.05, ndcg: 64.92, took: 0.43s
Epoch 15, 86.2%	 loss: 2.161 acc@1: 42.03 mrr: 59.87, ndcg: 66.11, took: 0.41s
Epoch 15, 94.8%	 loss: 2.350 acc@1: 37.50 mrr: 56.14, ndcg: 63.26, took: 0.41s
Validation - loss: 4.2134, acc@1: 33.68%, f1: 23.36%, mrr: 46.38%, ndcg: 50.47%
Current learning rate: 0.000170

=== Epoch 16 ===
Epoch 16, 8.6%	 loss: 2.246 acc@1: 39.69 mrr: 58.06, ndcg: 64.90, took: 0.45s
Epoch 16, 17.2%	 loss: 2.248 acc@1: 40.94 mrr: 58.85, ndcg: 65.87, took: 0.43s
Epoch 16, 25.9%	 loss: 2.089 acc@1: 44.06 mrr: 61.63, ndcg: 68.58, took: 0.46s
Epoch 16, 34.5%	 loss: 2.244 acc@1: 41.88 mrr: 58.86, ndcg: 65.77, took: 0.43s
Epoch 16, 43.1%	 loss: 2.357 acc@1: 37.34 mrr: 55.76, ndcg: 62.93, took: 0.48s
Epoch 16, 51.7%	 loss: 2.371 acc@1: 40.16 mrr: 56.51, ndcg: 62.90, took: 0.44s
Epoch 16, 60.3%	 loss: 2.288 acc@1: 39.53 mrr: 57.67, ndcg: 64.56, took: 0.44s
Epoch 16, 69.0%	 loss: 2.227 acc@1: 42.34 mrr: 59.36, ndcg: 66.36, took: 0.47s
Epoch 16, 77.6%	 loss: 2.276 acc@1: 39.22 mrr: 56.90, ndcg: 64.20, took: 0.47s
Epoch 16, 86.2%	 loss: 2.291 acc@1: 39.84 mrr: 57.36, ndcg: 64.22, took: 0.49s
Epoch 16, 94.8%	 loss: 2.275 acc@1: 41.41 mrr: 58.67, ndcg: 65.09, took: 0.55s
Validation - loss: 4.2176, acc@1: 33.77%, f1: 23.29%, mrr: 46.47%, ndcg: 50.59%
Current learning rate: 0.000017

=== Epoch 17 ===
Epoch 17, 8.6%	 loss: 2.318 acc@1: 40.00 mrr: 57.63, ndcg: 64.24, took: 0.42s
Epoch 17, 17.2%	 loss: 2.437 acc@1: 40.62 mrr: 56.89, ndcg: 63.15, took: 0.50s
Epoch 17, 25.9%	 loss: 2.373 acc@1: 39.38 mrr: 57.15, ndcg: 63.32, took: 0.68s
Epoch 17, 34.5%	 loss: 2.473 acc@1: 39.06 mrr: 56.08, ndcg: 62.17, took: 0.71s
Epoch 17, 43.1%	 loss: 2.417 acc@1: 39.06 mrr: 56.56, ndcg: 62.72, took: 0.76s
Epoch 17, 51.7%	 loss: 2.314 acc@1: 37.81 mrr: 56.29, ndcg: 63.68, took: 0.72s
Epoch 17, 60.3%	 loss: 2.434 acc@1: 40.31 mrr: 56.71, ndcg: 62.64, took: 0.72s
Epoch 17, 69.0%	 loss: 2.282 acc@1: 40.16 mrr: 58.09, ndcg: 64.91, took: 0.71s
Epoch 17, 77.6%	 loss: 2.374 acc@1: 39.84 mrr: 57.44, ndcg: 63.99, took: 0.67s
Epoch 17, 86.2%	 loss: 2.430 acc@1: 37.66 mrr: 55.13, ndcg: 61.88, took: 0.79s
Epoch 17, 94.8%	 loss: 2.505 acc@1: 35.94 mrr: 53.97, ndcg: 60.76, took: 0.73s
Validation - loss: 4.2095, acc@1: 34.46%, f1: 23.84%, mrr: 46.81%, ndcg: 50.77%
Current learning rate: 0.000017

=== Epoch 18 ===
Epoch 18, 8.6%	 loss: 2.351 acc@1: 39.38 mrr: 56.79, ndcg: 63.60, took: 0.69s
Epoch 18, 17.2%	 loss: 2.346 acc@1: 44.22 mrr: 59.44, ndcg: 64.72, took: 0.65s
Epoch 18, 25.9%	 loss: 2.371 acc@1: 40.94 mrr: 57.45, ndcg: 63.59, took: 0.75s
Epoch 18, 34.5%	 loss: 2.438 acc@1: 37.81 mrr: 55.54, ndcg: 61.76, took: 0.70s
Epoch 18, 43.1%	 loss: 2.310 acc@1: 42.34 mrr: 58.66, ndcg: 64.83, took: 0.72s
Epoch 18, 51.7%	 loss: 2.372 acc@1: 40.00 mrr: 56.97, ndcg: 63.60, took: 0.78s
Epoch 18, 60.3%	 loss: 2.398 acc@1: 38.28 mrr: 55.99, ndcg: 62.62, took: 0.75s
Epoch 18, 69.0%	 loss: 2.510 acc@1: 38.12 mrr: 55.06, ndcg: 61.53, took: 0.75s
Epoch 18, 77.6%	 loss: 2.340 acc@1: 42.81 mrr: 59.19, ndcg: 65.28, took: 0.63s
Epoch 18, 86.2%	 loss: 2.388 acc@1: 40.47 mrr: 57.33, ndcg: 63.88, took: 0.59s
Epoch 18, 94.8%	 loss: 2.442 acc@1: 38.28 mrr: 55.51, ndcg: 62.11, took: 0.62s
Validation - loss: 4.2097, acc@1: 34.49%, f1: 23.66%, mrr: 46.83%, ndcg: 50.79%
Current learning rate: 0.000017

=== Epoch 19 ===
Epoch 19, 8.6%	 loss: 2.445 acc@1: 38.44 mrr: 56.56, ndcg: 63.04, took: 0.69s
Epoch 19, 17.2%	 loss: 2.417 acc@1: 37.97 mrr: 55.78, ndcg: 62.22, took: 0.73s
Epoch 19, 25.9%	 loss: 2.266 acc@1: 42.50 mrr: 59.33, ndcg: 65.71, took: 0.68s
Epoch 19, 34.5%	 loss: 2.352 acc@1: 38.12 mrr: 56.46, ndcg: 63.53, took: 0.70s
Epoch 19, 43.1%	 loss: 2.355 acc@1: 39.38 mrr: 56.86, ndcg: 63.81, took: 0.71s
Epoch 19, 51.7%	 loss: 2.343 acc@1: 40.47 mrr: 57.31, ndcg: 63.57, took: 0.68s
Epoch 19, 60.3%	 loss: 2.365 acc@1: 41.41 mrr: 57.88, ndcg: 64.07, took: 0.72s
Epoch 19, 69.0%	 loss: 2.407 acc@1: 38.59 mrr: 56.16, ndcg: 62.35, took: 0.71s
Epoch 19, 77.6%	 loss: 2.392 acc@1: 38.91 mrr: 56.12, ndcg: 62.94, took: 0.67s
Epoch 19, 86.2%	 loss: 2.442 acc@1: 38.75 mrr: 55.62, ndcg: 62.14, took: 0.75s
Epoch 19, 94.8%	 loss: 2.328 acc@1: 41.09 mrr: 58.26, ndcg: 64.78, took: 0.66s
Validation - loss: 4.2121, acc@1: 34.40%, f1: 23.35%, mrr: 46.79%, ndcg: 50.80%
Current learning rate: 0.000017

=== Epoch 20 ===
Epoch 20, 8.6%	 loss: 2.350 acc@1: 42.03 mrr: 58.72, ndcg: 64.72, took: 0.78s
Epoch 20, 17.2%	 loss: 2.317 acc@1: 42.50 mrr: 58.50, ndcg: 64.49, took: 0.76s
Epoch 20, 25.9%	 loss: 2.371 acc@1: 36.88 mrr: 55.51, ndcg: 62.37, took: 0.74s
Epoch 20, 34.5%	 loss: 2.395 acc@1: 37.50 mrr: 55.43, ndcg: 62.05, took: 0.73s
Epoch 20, 43.1%	 loss: 2.349 acc@1: 39.69 mrr: 56.91, ndcg: 63.21, took: 0.68s
Epoch 20, 51.7%	 loss: 2.378 acc@1: 39.69 mrr: 56.81, ndcg: 63.43, took: 0.70s
Epoch 20, 60.3%	 loss: 2.405 acc@1: 38.75 mrr: 56.24, ndcg: 62.69, took: 0.73s
Epoch 20, 69.0%	 loss: 2.463 acc@1: 39.69 mrr: 56.45, ndcg: 62.97, took: 0.74s
Epoch 20, 77.6%	 loss: 2.290 acc@1: 39.53 mrr: 57.97, ndcg: 64.92, took: 0.68s
Epoch 20, 86.2%	 loss: 2.339 acc@1: 39.69 mrr: 57.10, ndcg: 64.03, took: 0.73s
Epoch 20, 94.8%	 loss: 2.448 acc@1: 39.69 mrr: 56.07, ndcg: 62.01, took: 0.74s
Validation - loss: 4.2086, acc@1: 34.25%, f1: 23.30%, mrr: 46.69%, ndcg: 50.70%
Current learning rate: 0.000017

=== Epoch 21 ===
Epoch 21, 8.6%	 loss: 2.484 acc@1: 37.97 mrr: 54.85, ndcg: 61.16, took: 0.69s
Epoch 21, 17.2%	 loss: 2.351 acc@1: 40.00 mrr: 57.52, ndcg: 64.14, took: 0.71s
Epoch 21, 25.9%	 loss: 2.421 acc@1: 40.47 mrr: 57.20, ndcg: 63.44, took: 0.69s
Epoch 21, 34.5%	 loss: 2.337 acc@1: 41.41 mrr: 57.87, ndcg: 64.50, took: 0.58s
Epoch 21, 43.1%	 loss: 2.435 acc@1: 37.66 mrr: 55.45, ndcg: 61.75, took: 0.64s
Epoch 21, 51.7%	 loss: 2.376 acc@1: 40.47 mrr: 57.46, ndcg: 63.27, took: 0.69s
Epoch 21, 60.3%	 loss: 2.448 acc@1: 37.66 mrr: 55.64, ndcg: 61.88, took: 0.67s
Epoch 21, 69.0%	 loss: 2.336 acc@1: 40.16 mrr: 57.24, ndcg: 64.23, took: 0.70s
Epoch 21, 77.6%	 loss: 2.248 acc@1: 40.16 mrr: 58.38, ndcg: 65.05, took: 0.72s
Epoch 21, 86.2%	 loss: 2.353 acc@1: 39.06 mrr: 56.44, ndcg: 63.36, took: 0.70s
Epoch 21, 94.8%	 loss: 2.419 acc@1: 38.44 mrr: 56.63, ndcg: 62.94, took: 0.69s
Validation - loss: 4.2127, acc@1: 34.22%, f1: 23.23%, mrr: 46.70%, ndcg: 50.70%
Current learning rate: 0.000017

=== Epoch 22 ===
Epoch 22, 8.6%	 loss: 2.458 acc@1: 40.00 mrr: 55.96, ndcg: 61.88, took: 0.75s
Epoch 22, 17.2%	 loss: 2.356 acc@1: 37.66 mrr: 56.10, ndcg: 62.81, took: 0.75s
Epoch 22, 25.9%	 loss: 2.485 acc@1: 35.16 mrr: 54.23, ndcg: 61.07, took: 0.77s
Epoch 22, 34.5%	 loss: 2.220 acc@1: 43.12 mrr: 60.25, ndcg: 66.37, took: 0.74s
Epoch 22, 43.1%	 loss: 2.360 acc@1: 39.22 mrr: 56.44, ndcg: 63.05, took: 0.71s
Epoch 22, 51.7%	 loss: 2.394 acc@1: 40.00 mrr: 56.73, ndcg: 62.98, took: 0.77s
Epoch 22, 60.3%	 loss: 2.313 acc@1: 40.62 mrr: 57.79, ndcg: 64.33, took: 0.64s
Epoch 22, 69.0%	 loss: 2.438 acc@1: 38.59 mrr: 55.72, ndcg: 62.37, took: 0.68s
Epoch 22, 77.6%	 loss: 2.334 acc@1: 40.16 mrr: 57.41, ndcg: 63.94, took: 0.59s
Epoch 22, 86.2%	 loss: 2.282 acc@1: 40.47 mrr: 58.31, ndcg: 64.96, took: 0.67s
Epoch 22, 94.8%	 loss: 2.275 acc@1: 43.44 mrr: 59.94, ndcg: 66.20, took: 0.63s
Validation - loss: 4.2111, acc@1: 34.31%, f1: 23.42%, mrr: 46.78%, ndcg: 50.76%
Training finished.	 Time: 161.94s.	 acc@1: 34.46%

=== Test Results ===
Test Results:
  acc@1: 30.01%
  acc@5: 56.28%
  acc@10: 60.25%
  mrr: 41.92%
  ndcg: 46.17%
  f1: 19.90%

=== Training Complete ===
