2025-12-28 19:14:50,067 - INFO - ============================================================
2025-12-28 19:14:50,067 - INFO - POINTER V45 - Training Started
2025-12-28 19:14:50,067 - INFO - ============================================================
2025-12-28 19:14:50,067 - INFO - Model config: {'d_model': 144, 'dim_feedforward': 288, 'dropout': 0.15, 'nhead': 4, 'num_layers': 3}
2025-12-28 19:14:50,067 - INFO - Training config: {'batch_size': 128, 'grad_clip': 0.8, 'label_smoothing': 0.03, 'learning_rate': 0.0007, 'min_epochs': 8, 'min_lr': 1e-06, 'num_epochs': 50, 'patience': 5, 'use_amp': True, 'warmup_epochs': 5, 'weight_decay': 0.015}
2025-12-28 19:14:50,067 - INFO - ============================================================
2025-12-28 19:14:50,067 - INFO - Training for 50 epochs
2025-12-28 19:14:50,068 - INFO - Model parameters: 2,858,880
2025-12-28 19:16:12,780 - INFO - Epoch 1/50 | LR: 1.40e-04 | Train: 3.2913 | Val: 3.1643 | Acc@1: 51.45%
2025-12-28 19:16:12,860 - INFO -   ✓ New best (Acc@1: 51.45%)
2025-12-28 19:17:31,735 - INFO - Epoch 2/50 | LR: 2.80e-04 | Train: 3.0300 | Val: 3.0888 | Acc@1: 52.70%
2025-12-28 19:17:31,806 - INFO -   ✓ New best (Acc@1: 52.70%)
2025-12-28 19:18:47,515 - INFO - Epoch 3/50 | LR: 4.20e-04 | Train: 2.8778 | Val: 2.9598 | Acc@1: 54.21%
2025-12-28 19:18:47,585 - INFO -   ✓ New best (Acc@1: 54.21%)
2025-12-28 19:20:07,513 - INFO - Epoch 4/50 | LR: 5.60e-04 | Train: 2.7321 | Val: 2.9083 | Acc@1: 53.98%
2025-12-28 19:20:07,588 - INFO -   ✓ New best (Acc@1: 53.98%)
2025-12-28 19:21:24,935 - INFO - Epoch 5/50 | LR: 7.00e-04 | Train: 2.6419 | Val: 2.8846 | Acc@1: 53.61%
2025-12-28 19:21:25,006 - INFO -   ✓ New best (Acc@1: 53.61%)
2025-12-28 19:22:43,304 - INFO - Epoch 6/50 | LR: 7.00e-04 | Train: 2.5463 | Val: 2.8642 | Acc@1: 54.32%
2025-12-28 19:22:43,377 - INFO -   ✓ New best (Acc@1: 54.32%)
2025-12-28 19:23:59,653 - INFO - Epoch 7/50 | LR: 6.99e-04 | Train: 2.4706 | Val: 2.8616 | Acc@1: 54.46%
2025-12-28 19:23:59,725 - INFO -   ✓ New best (Acc@1: 54.46%)
2025-12-28 19:25:24,367 - INFO - Epoch 8/50 | LR: 6.97e-04 | Train: 2.4093 | Val: 2.8805 | Acc@1: 53.96%
2025-12-28 19:26:49,908 - INFO - Epoch 9/50 | LR: 6.92e-04 | Train: 2.3632 | Val: 2.9217 | Acc@1: 53.94%
2025-12-28 19:28:14,783 - INFO - Epoch 10/50 | LR: 6.86e-04 | Train: 2.3181 | Val: 2.9457 | Acc@1: 53.65%
2025-12-28 19:29:40,144 - INFO - Epoch 11/50 | LR: 6.79e-04 | Train: 2.2787 | Val: 2.9630 | Acc@1: 53.32%
2025-12-28 19:31:02,284 - INFO - Epoch 12/50 | LR: 6.70e-04 | Train: 2.2445 | Val: 3.0175 | Acc@1: 52.62%
2025-12-28 19:31:02,285 - INFO - Early stopping at epoch 12
2025-12-28 19:31:02,612 - INFO - Loaded checkpoint from epoch 7
2025-12-28 19:31:16,857 - INFO - ============================================================
2025-12-28 19:31:16,858 - INFO - FINAL VALIDATION RESULTS
2025-12-28 19:31:16,858 - INFO -   Acc@1:  54.46%
2025-12-28 19:31:16,858 - INFO -   Acc@5:  80.05%
2025-12-28 19:31:16,858 - INFO -   Acc@10: 84.23%
2025-12-28 19:31:16,858 - INFO -   MRR:    65.52%
2025-12-28 19:31:16,858 - INFO -   NDCG:   69.95%
2025-12-28 19:31:16,858 - INFO - ============================================================
2025-12-28 19:31:16,858 - INFO - FINAL TEST RESULTS
2025-12-28 19:31:16,858 - INFO -   Acc@1:  54.49%
2025-12-28 19:31:16,858 - INFO -   Acc@5:  81.19%
2025-12-28 19:31:16,858 - INFO -   Acc@10: 85.27%
2025-12-28 19:31:16,858 - INFO -   MRR:    66.11%
2025-12-28 19:31:16,858 - INFO -   NDCG:   70.67%
2025-12-28 19:31:16,858 - INFO - ============================================================
