2026-01-01 08:28:44,718 - INFO - ============================================================
2026-01-01 08:28:44,718 - INFO - POINTER V45 - Training Started
2026-01-01 08:28:44,718 - INFO - ============================================================
2026-01-01 08:28:44,718 - INFO - Model config: {'d_model': 96, 'nhead': 2, 'num_layers': 3, 'dim_feedforward': 256, 'dropout': 0.25}
2026-01-01 08:28:44,718 - INFO - Training config: {'batch_size': 64, 'num_epochs': 50, 'learning_rate': 0.0005, 'weight_decay': 0.0005, 'label_smoothing': 0.05, 'grad_clip': 0.8, 'patience': 5, 'min_epochs': 8, 'warmup_epochs': 3, 'use_amp': True, 'min_lr': 1e-06}
2026-01-01 08:28:44,718 - INFO - ============================================================
2026-01-01 08:28:44,718 - INFO - Training for 50 epochs
2026-01-01 08:28:44,719 - INFO - Model parameters: 1,747,874
2026-01-01 08:31:14,209 - INFO - Epoch 1/50 | LR: 1.67e-04 | Train: 3.2233 | Val: 3.1841 | Acc@1: 51.56%
2026-01-01 08:31:14,266 - INFO -   ✓ New best (Acc@1: 51.56%)
2026-01-01 08:33:45,655 - INFO - Epoch 2/50 | LR: 3.33e-04 | Train: 3.0306 | Val: 3.1344 | Acc@1: 53.25%
2026-01-01 08:33:45,718 - INFO -   ✓ New best (Acc@1: 53.25%)
2026-01-01 08:36:09,593 - INFO - Epoch 3/50 | LR: 5.00e-04 | Train: 2.9705 | Val: 3.1153 | Acc@1: 54.01%
2026-01-01 08:36:09,656 - INFO -   ✓ New best (Acc@1: 54.01%)
2026-01-01 08:38:36,304 - INFO - Epoch 4/50 | LR: 5.00e-04 | Train: 2.9051 | Val: 3.0866 | Acc@1: 54.63%
2026-01-01 08:38:36,367 - INFO -   ✓ New best (Acc@1: 54.63%)
2026-01-01 08:41:02,714 - INFO - Epoch 5/50 | LR: 4.99e-04 | Train: 2.8472 | Val: 3.0740 | Acc@1: 54.73%
2026-01-01 08:41:02,776 - INFO -   ✓ New best (Acc@1: 54.73%)
2026-01-01 08:43:34,525 - INFO - Epoch 6/50 | LR: 4.98e-04 | Train: 2.8014 | Val: 3.0738 | Acc@1: 54.86%
2026-01-01 08:43:34,589 - INFO -   ✓ New best (Acc@1: 54.86%)
2026-01-01 08:45:53,642 - INFO - Epoch 7/50 | LR: 4.95e-04 | Train: 2.7664 | Val: 3.0757 | Acc@1: 54.87%
2026-01-01 08:48:21,092 - INFO - Epoch 8/50 | LR: 4.91e-04 | Train: 2.7426 | Val: 3.0821 | Acc@1: 54.85%
2026-01-01 08:50:42,238 - INFO - Epoch 9/50 | LR: 4.86e-04 | Train: 2.7266 | Val: 3.1070 | Acc@1: 54.51%
2026-01-01 08:53:01,417 - INFO - Epoch 10/50 | LR: 4.80e-04 | Train: 2.7069 | Val: 3.1055 | Acc@1: 54.09%
2026-01-01 08:55:15,677 - INFO - Epoch 11/50 | LR: 4.73e-04 | Train: 2.6809 | Val: 3.1250 | Acc@1: 54.00%
2026-01-01 08:55:15,677 - INFO - Early stopping at epoch 11
2026-01-01 08:55:15,907 - INFO - Loaded checkpoint from epoch 6
2026-01-01 08:55:28,798 - INFO - ============================================================
2026-01-01 08:55:28,798 - INFO - FINAL VALIDATION RESULTS
2026-01-01 08:55:28,798 - INFO -   Acc@1:  54.86%
2026-01-01 08:55:28,798 - INFO -   Acc@5:  79.65%
2026-01-01 08:55:28,798 - INFO -   Acc@10: 83.01%
2026-01-01 08:55:28,798 - INFO -   MRR:    65.74%
2026-01-01 08:55:28,798 - INFO -   NDCG:   69.86%
2026-01-01 08:55:28,798 - INFO - ============================================================
2026-01-01 08:55:28,798 - INFO - FINAL TEST RESULTS
2026-01-01 08:55:28,798 - INFO -   Acc@1:  57.20%
2026-01-01 08:55:28,798 - INFO -   Acc@5:  82.36%
2026-01-01 08:55:28,799 - INFO -   Acc@10: 85.46%
2026-01-01 08:55:28,799 - INFO -   MRR:    68.08%
2026-01-01 08:55:28,799 - INFO -   NDCG:   72.26%
2026-01-01 08:55:28,799 - INFO - ============================================================
