2025-12-28 18:37:39,018 - INFO - ============================================================
2025-12-28 18:37:39,019 - INFO - POINTER V45 - Training Started
2025-12-28 18:37:39,019 - INFO - ============================================================
2025-12-28 18:37:39,019 - INFO - Model config: {'d_model': 64, 'dim_feedforward': 128, 'dropout': 0.15, 'nhead': 4, 'num_layers': 3}
2025-12-28 18:37:39,019 - INFO - Training config: {'batch_size': 128, 'grad_clip': 0.8, 'label_smoothing': 0.03, 'learning_rate': 0.0005, 'min_epochs': 8, 'min_lr': 1e-06, 'num_epochs': 2, 'patience': 5, 'use_amp': True, 'warmup_epochs': 5, 'weight_decay': 0.015}
2025-12-28 18:37:39,019 - INFO - ============================================================
2025-12-28 18:37:39,019 - INFO - Training for 2 epochs
2025-12-28 18:37:39,019 - INFO - Model parameters: 284,540
2025-12-28 18:37:39,052 - INFO - ============================================================
2025-12-28 18:37:39,052 - INFO - POINTER V45 - Training Started
2025-12-28 18:37:39,052 - INFO - ============================================================
2025-12-28 18:37:39,052 - INFO - Model config: {'d_model': 64, 'dim_feedforward': 192, 'dropout': 0.15, 'nhead': 4, 'num_layers': 2}
2025-12-28 18:37:39,053 - INFO - Training config: {'batch_size': 128, 'grad_clip': 0.8, 'label_smoothing': 0.03, 'learning_rate': 0.0008, 'min_epochs': 8, 'min_lr': 1e-06, 'num_epochs': 2, 'patience': 5, 'use_amp': True, 'warmup_epochs': 5, 'weight_decay': 0.015}
2025-12-28 18:37:39,053 - INFO - ============================================================
2025-12-28 18:37:39,053 - INFO - Training for 2 epochs
2025-12-28 18:37:39,053 - INFO - Model parameters: 267,580
2025-12-28 18:37:41,895 - INFO - Epoch 1/2 | LR: 1.60e-04 | Train: 4.3539 | Val: 3.4139 | Acc@1: 39.10%
2025-12-28 18:37:41,916 - INFO -   ✓ New best (Acc@1: 39.10%)
2025-12-28 18:37:42,136 - INFO - Epoch 1/2 | LR: 1.00e-04 | Train: 4.6277 | Val: 3.5110 | Acc@1: 38.13%
2025-12-28 18:37:42,161 - INFO -   ✓ New best (Acc@1: 38.13%)
2025-12-28 18:37:44,211 - INFO - Epoch 2/2 | LR: 3.20e-04 | Train: 3.9603 | Val: 3.2765 | Acc@1: 42.98%
2025-12-28 18:37:44,232 - INFO -   ✓ New best (Acc@1: 42.98%)
2025-12-28 18:37:44,281 - INFO - Loaded checkpoint from epoch 2
2025-12-28 18:37:44,624 - INFO - Epoch 2/2 | LR: 2.00e-04 | Train: 4.1876 | Val: 3.3462 | Acc@1: 42.65%
2025-12-28 18:37:44,649 - INFO -   ✓ New best (Acc@1: 42.65%)
2025-12-28 18:37:44,714 - INFO - Loaded checkpoint from epoch 2
2025-12-28 18:37:45,206 - INFO - ============================================================
2025-12-28 18:37:45,207 - INFO - FINAL VALIDATION RESULTS
2025-12-28 18:37:45,207 - INFO -   Acc@1:  42.98%
2025-12-28 18:37:45,207 - INFO -   Acc@5:  73.92%
2025-12-28 18:37:45,207 - INFO -   Acc@10: 77.47%
2025-12-28 18:37:45,207 - INFO -   MRR:    56.66%
2025-12-28 18:37:45,207 - INFO -   NDCG:   61.58%
2025-12-28 18:37:45,207 - INFO - ============================================================
2025-12-28 18:37:45,207 - INFO - FINAL TEST RESULTS
2025-12-28 18:37:45,207 - INFO -   Acc@1:  48.38%
2025-12-28 18:37:45,207 - INFO -   Acc@5:  77.76%
2025-12-28 18:37:45,207 - INFO -   Acc@10: 79.76%
2025-12-28 18:37:45,207 - INFO -   MRR:    61.51%
2025-12-28 18:37:45,207 - INFO -   NDCG:   65.90%
2025-12-28 18:37:45,207 - INFO - ============================================================
2025-12-28 18:37:45,688 - INFO - ============================================================
2025-12-28 18:37:45,689 - INFO - FINAL VALIDATION RESULTS
2025-12-28 18:37:45,689 - INFO -   Acc@1:  42.65%
2025-12-28 18:37:45,689 - INFO -   Acc@5:  73.34%
2025-12-28 18:37:45,689 - INFO -   Acc@10: 76.63%
2025-12-28 18:37:45,689 - INFO -   MRR:    56.14%
2025-12-28 18:37:45,689 - INFO -   NDCG:   61.09%
2025-12-28 18:37:45,689 - INFO - ============================================================
2025-12-28 18:37:45,689 - INFO - FINAL TEST RESULTS
2025-12-28 18:37:45,689 - INFO -   Acc@1:  46.41%
2025-12-28 18:37:45,689 - INFO -   Acc@5:  77.65%
2025-12-28 18:37:45,689 - INFO -   Acc@10: 79.18%
2025-12-28 18:37:45,689 - INFO -   MRR:    60.17%
2025-12-28 18:37:45,689 - INFO -   NDCG:   64.84%
2025-12-28 18:37:45,689 - INFO - ============================================================
