2025-12-30 21:58:53,983 - INFO - ============================================================
2025-12-30 21:58:53,983 - INFO - POINTER V45 - Training Started
2025-12-30 21:58:53,983 - INFO - ============================================================
2025-12-30 21:58:53,984 - INFO - Model config: {'d_model': 128, 'dim_feedforward': 512, 'dropout': 0.15, 'nhead': 2, 'num_layers': 8}
2025-12-30 21:58:53,984 - INFO - Training config: {'batch_size': 128, 'grad_clip': 0.8, 'label_smoothing': 0.03, 'learning_rate': 0.00065, 'min_epochs': 3, 'min_lr': 1e-06, 'num_epochs': 50, 'patience': 5, 'use_amp': True, 'warmup_epochs': 5, 'weight_decay': 0.015}
2025-12-30 21:58:53,984 - INFO - ============================================================
2025-12-30 21:58:53,984 - INFO - Training for 50 epochs
2025-12-30 21:58:53,984 - INFO - Model parameters: 1,981,850
2025-12-30 21:59:07,751 - INFO - Epoch 1/50 | LR: 1.30e-04 | Train: 4.5065 | Val: 3.0458 | Acc@1: 43.46%
2025-12-30 21:59:07,930 - INFO -   ✓ New best (Acc@1: 43.46%)
2025-12-30 21:59:18,866 - INFO - Epoch 2/50 | LR: 2.60e-04 | Train: 3.9720 | Val: 2.9340 | Acc@1: 43.88%
2025-12-30 21:59:18,946 - INFO -   ✓ New best (Acc@1: 43.88%)
2025-12-30 21:59:27,894 - INFO - Epoch 3/50 | LR: 3.90e-04 | Train: 3.6639 | Val: 3.0024 | Acc@1: 44.09%
2025-12-30 21:59:35,401 - INFO - Epoch 4/50 | LR: 5.20e-04 | Train: 3.4253 | Val: 2.9231 | Acc@1: 43.60%
2025-12-30 21:59:35,481 - INFO -   ✓ New best (Acc@1: 43.60%)
2025-12-30 21:59:42,657 - INFO - Epoch 5/50 | LR: 6.50e-04 | Train: 3.2061 | Val: 3.2748 | Acc@1: 43.81%
2025-12-30 21:59:48,374 - INFO - Epoch 6/50 | LR: 6.50e-04 | Train: 2.9527 | Val: 2.9891 | Acc@1: 46.12%
2025-12-30 21:59:52,997 - INFO - Epoch 7/50 | LR: 6.49e-04 | Train: 2.6926 | Val: 3.4013 | Acc@1: 44.06%
2025-12-30 21:59:56,716 - INFO - Epoch 8/50 | LR: 6.47e-04 | Train: 2.4302 | Val: 3.4371 | Acc@1: 44.23%
2025-12-30 22:00:00,147 - INFO - Epoch 9/50 | LR: 6.43e-04 | Train: 2.1985 | Val: 3.8696 | Acc@1: 43.99%
2025-12-30 22:00:00,147 - INFO - Early stopping at epoch 9
2025-12-30 22:00:00,262 - INFO - Loaded checkpoint from epoch 4
2025-12-30 22:00:01,245 - INFO - ============================================================
2025-12-30 22:00:01,245 - INFO - FINAL VALIDATION RESULTS
2025-12-30 22:00:01,245 - INFO -   Acc@1:  43.60%
2025-12-30 22:00:01,245 - INFO -   Acc@5:  77.17%
2025-12-30 22:00:01,245 - INFO -   Acc@10: 82.80%
2025-12-30 22:00:01,245 - INFO -   MRR:    58.14%
2025-12-30 22:00:01,245 - INFO -   NDCG:   63.93%
2025-12-30 22:00:01,245 - INFO - ============================================================
2025-12-30 22:00:01,245 - INFO - FINAL TEST RESULTS
2025-12-30 22:00:01,245 - INFO -   Acc@1:  46.15%
2025-12-30 22:00:01,245 - INFO -   Acc@5:  82.38%
2025-12-30 22:00:01,245 - INFO -   Acc@10: 86.24%
2025-12-30 22:00:01,246 - INFO -   MRR:    62.11%
2025-12-30 22:00:01,246 - INFO -   NDCG:   67.94%
2025-12-30 22:00:01,246 - INFO - ============================================================
