Training MHSA model
Dataset: diy
Config: /data/next_loc_clean_v2/config/ht_optuna/optuna_MHSA_diy_prev10_t2_20251231_124302_a1a7e32f.yaml
Device: cuda
Seed: 42
==================================================
Data loaders: train=470, val=25, test=32
Total trainable parameters: 3321774

=== Epoch 1 ===
Epoch 1, 2.1%	 loss: 8.770 acc@1: 0.00 mrr: 0.09, ndcg: 0.00, took: 7.06s
Epoch 1, 4.3%	 loss: 8.762 acc@1: 0.00 mrr: 0.12, ndcg: 0.06, took: 4.98s
Epoch 1, 6.4%	 loss: 8.756 acc@1: 0.00 mrr: 0.15, ndcg: 0.09, took: 4.99s
Epoch 1, 8.5%	 loss: 8.748 acc@1: 0.00 mrr: 0.16, ndcg: 0.07, took: 5.57s
Epoch 1, 10.6%	 loss: 8.742 acc@1: 0.00 mrr: 0.20, ndcg: 0.11, took: 5.59s
Epoch 1, 12.8%	 loss: 8.722 acc@1: 0.31 mrr: 0.68, ndcg: 0.58, took: 5.57s
Epoch 1, 14.9%	 loss: 8.683 acc@1: 3.83 mrr: 4.98, ndcg: 5.23, took: 6.60s
Epoch 1, 17.0%	 loss: 8.621 acc@1: 11.13 mrr: 11.98, ndcg: 12.15, took: 6.31s
Epoch 1, 19.1%	 loss: 8.479 acc@1: 17.23 mrr: 17.88, ndcg: 18.01, took: 6.41s
Epoch 1, 21.3%	 loss: 8.400 acc@1: 18.83 mrr: 19.42, ndcg: 19.40, took: 6.70s
Epoch 1, 23.4%	 loss: 8.316 acc@1: 18.63 mrr: 19.31, ndcg: 19.43, took: 6.30s
Epoch 1, 25.5%	 loss: 8.193 acc@1: 19.10 mrr: 19.95, ndcg: 20.12, took: 6.16s
Epoch 1, 27.7%	 loss: 8.034 acc@1: 20.43 mrr: 21.55, ndcg: 21.87, took: 6.03s
Epoch 1, 29.8%	 loss: 7.914 acc@1: 22.89 mrr: 24.14, ndcg: 24.49, took: 6.20s
Epoch 1, 31.9%	 loss: 7.803 acc@1: 21.99 mrr: 23.29, ndcg: 23.51, took: 6.22s
Epoch 1, 34.0%	 loss: 7.637 acc@1: 24.61 mrr: 26.15, ndcg: 26.42, took: 6.63s
Epoch 1, 36.2%	 loss: 7.405 acc@1: 25.39 mrr: 26.93, ndcg: 27.21, took: 6.01s
Epoch 1, 38.3%	 loss: 7.322 acc@1: 24.41 mrr: 26.21, ndcg: 26.59, took: 6.23s
Epoch 1, 40.4%	 loss: 7.110 acc@1: 25.82 mrr: 27.54, ndcg: 27.74, took: 6.22s
Epoch 1, 42.6%	 loss: 6.981 acc@1: 26.84 mrr: 28.85, ndcg: 29.17, took: 6.30s
Epoch 1, 44.7%	 loss: 6.753 acc@1: 26.56 mrr: 28.76, ndcg: 29.32, took: 5.91s
Epoch 1, 46.8%	 loss: 6.591 acc@1: 27.58 mrr: 29.58, ndcg: 29.86, took: 6.05s
Epoch 1, 48.9%	 loss: 6.411 acc@1: 29.69 mrr: 31.71, ndcg: 32.06, took: 5.79s
Epoch 1, 51.1%	 loss: 6.412 acc@1: 28.52 mrr: 30.47, ndcg: 30.75, took: 5.78s
Epoch 1, 53.2%	 loss: 6.335 acc@1: 29.02 mrr: 30.96, ndcg: 31.28, took: 6.13s
Epoch 1, 55.3%	 loss: 6.329 acc@1: 29.41 mrr: 31.34, ndcg: 31.53, took: 6.17s
Epoch 1, 57.4%	 loss: 6.231 acc@1: 28.09 mrr: 30.20, ndcg: 30.60, took: 6.00s
Epoch 1, 59.6%	 loss: 6.099 acc@1: 29.45 mrr: 31.30, ndcg: 31.53, took: 6.13s
Epoch 1, 61.7%	 loss: 6.145 acc@1: 29.26 mrr: 31.45, ndcg: 31.78, took: 6.17s
Epoch 1, 63.8%	 loss: 6.137 acc@1: 29.77 mrr: 31.61, ndcg: 31.72, took: 6.05s
Epoch 1, 66.0%	 loss: 6.106 acc@1: 27.93 mrr: 30.26, ndcg: 30.64, took: 6.04s
Epoch 1, 68.1%	 loss: 6.024 acc@1: 29.26 mrr: 31.32, ndcg: 31.45, took: 6.16s
Epoch 1, 70.2%	 loss: 6.076 acc@1: 29.80 mrr: 31.88, ndcg: 31.96, took: 6.27s
Epoch 1, 72.3%	 loss: 5.924 acc@1: 28.67 mrr: 30.92, ndcg: 31.36, took: 6.29s
Epoch 1, 74.5%	 loss: 5.829 acc@1: 29.02 mrr: 31.31, ndcg: 31.66, took: 6.16s
Epoch 1, 76.6%	 loss: 5.733 acc@1: 30.20 mrr: 32.63, ndcg: 33.16, took: 6.31s
Epoch 1, 78.7%	 loss: 5.772 acc@1: 28.52 mrr: 31.53, ndcg: 32.18, took: 6.13s
Epoch 1, 80.9%	 loss: 5.653 acc@1: 29.49 mrr: 32.33, ndcg: 32.97, took: 6.46s
Epoch 1, 83.0%	 loss: 5.545 acc@1: 29.77 mrr: 32.85, ndcg: 33.65, took: 6.40s
Epoch 1, 85.1%	 loss: 5.607 acc@1: 29.45 mrr: 32.53, ndcg: 33.18, took: 6.12s
Epoch 1, 87.2%	 loss: 5.514 acc@1: 30.66 mrr: 33.84, ndcg: 34.53, took: 6.24s
Epoch 1, 89.4%	 loss: 5.489 acc@1: 29.38 mrr: 32.67, ndcg: 33.37, took: 5.86s
Epoch 1, 91.5%	 loss: 5.441 acc@1: 29.45 mrr: 32.83, ndcg: 33.91, took: 6.14s
Epoch 1, 93.6%	 loss: 5.524 acc@1: 28.67 mrr: 32.36, ndcg: 33.25, took: 6.19s
Epoch 1, 95.7%	 loss: 5.422 acc@1: 29.30 mrr: 33.04, ndcg: 33.94, took: 5.90s
Epoch 1, 97.9%	 loss: 5.368 acc@1: 30.04 mrr: 33.40, ndcg: 34.19, took: 6.10s
Epoch 1, 100.0%	 loss: 5.161 acc@1: 30.20 mrr: 34.04, ndcg: 35.17, took: 6.24s
Validation - loss: 5.4552, acc@1: 29.21%, f1: 17.32%, mrr: 33.06%, ndcg: 34.15%
Current learning rate: 0.001000

=== Epoch 2 ===
Epoch 2, 2.1%	 loss: 5.252 acc@1: 30.08 mrr: 33.72, ndcg: 34.75, took: 6.50s
Epoch 2, 4.3%	 loss: 5.212 acc@1: 29.88 mrr: 33.98, ndcg: 35.12, took: 6.39s
Epoch 2, 6.4%	 loss: 5.091 acc@1: 31.45 mrr: 34.96, ndcg: 35.89, took: 6.20s
Epoch 2, 8.5%	 loss: 5.090 acc@1: 30.78 mrr: 34.76, ndcg: 35.90, took: 6.21s
Epoch 2, 10.6%	 loss: 5.080 acc@1: 31.17 mrr: 35.26, ndcg: 36.14, took: 5.81s
Epoch 2, 12.8%	 loss: 5.054 acc@1: 31.41 mrr: 35.61, ndcg: 36.71, took: 6.01s
Epoch 2, 14.9%	 loss: 5.002 acc@1: 31.45 mrr: 35.50, ndcg: 36.61, took: 6.32s
Epoch 2, 17.0%	 loss: 4.934 acc@1: 31.52 mrr: 35.88, ndcg: 36.92, took: 5.98s
Epoch 2, 19.1%	 loss: 5.029 acc@1: 30.16 mrr: 34.95, ndcg: 36.34, took: 6.22s
Epoch 2, 21.3%	 loss: 4.935 acc@1: 30.51 mrr: 35.19, ndcg: 36.52, took: 6.76s
Epoch 2, 23.4%	 loss: 4.837 acc@1: 32.23 mrr: 37.95, ndcg: 40.00, took: 6.13s
Epoch 2, 25.5%	 loss: 4.773 acc@1: 32.93 mrr: 39.09, ndcg: 41.00, took: 6.40s
Epoch 2, 27.7%	 loss: 4.687 acc@1: 34.49 mrr: 40.99, ndcg: 43.15, took: 6.24s
Epoch 2, 29.8%	 loss: 4.491 acc@1: 36.33 mrr: 44.69, ndcg: 48.04, took: 6.19s
Epoch 2, 31.9%	 loss: 4.252 acc@1: 39.30 mrr: 48.67, ndcg: 51.96, took: 5.79s
Epoch 2, 34.0%	 loss: 4.123 acc@1: 40.98 mrr: 51.27, ndcg: 54.88, took: 5.99s
Epoch 2, 36.2%	 loss: 3.833 acc@1: 43.83 mrr: 54.36, ndcg: 57.99, took: 6.21s
Epoch 2, 38.3%	 loss: 3.546 acc@1: 45.70 mrr: 56.93, ndcg: 60.90, took: 5.80s
Epoch 2, 40.4%	 loss: 3.404 acc@1: 46.88 mrr: 58.27, ndcg: 62.26, took: 5.94s
Epoch 2, 42.6%	 loss: 3.339 acc@1: 45.12 mrr: 57.62, ndcg: 62.04, took: 6.20s
Epoch 2, 44.7%	 loss: 3.234 acc@1: 47.11 mrr: 59.24, ndcg: 63.54, took: 6.06s
Epoch 2, 46.8%	 loss: 3.056 acc@1: 48.87 mrr: 61.08, ndcg: 65.48, took: 6.38s
Epoch 2, 48.9%	 loss: 3.144 acc@1: 46.25 mrr: 59.13, ndcg: 63.69, took: 6.04s
Epoch 2, 51.1%	 loss: 2.943 acc@1: 46.21 mrr: 60.46, ndcg: 65.69, took: 5.92s
Epoch 2, 53.2%	 loss: 2.977 acc@1: 48.79 mrr: 61.53, ndcg: 66.17, took: 5.98s
Epoch 2, 55.3%	 loss: 2.979 acc@1: 46.56 mrr: 60.03, ndcg: 64.84, took: 6.20s
Epoch 2, 57.4%	 loss: 2.816 acc@1: 47.27 mrr: 61.33, ndcg: 66.53, took: 6.26s
Epoch 2, 59.6%	 loss: 2.819 acc@1: 47.97 mrr: 61.18, ndcg: 66.13, took: 5.97s
Epoch 2, 61.7%	 loss: 2.770 acc@1: 46.41 mrr: 61.07, ndcg: 66.25, took: 6.27s
Epoch 2, 63.8%	 loss: 2.897 acc@1: 46.84 mrr: 60.34, ndcg: 65.47, took: 6.22s
Epoch 2, 66.0%	 loss: 2.763 acc@1: 47.62 mrr: 61.44, ndcg: 66.70, took: 6.45s
Epoch 2, 68.1%	 loss: 2.724 acc@1: 47.19 mrr: 61.65, ndcg: 66.92, took: 6.40s
Epoch 2, 70.2%	 loss: 2.795 acc@1: 47.15 mrr: 60.77, ndcg: 65.85, took: 6.16s
Epoch 2, 72.3%	 loss: 2.762 acc@1: 47.54 mrr: 61.64, ndcg: 66.90, took: 6.42s
Epoch 2, 74.5%	 loss: 2.691 acc@1: 47.07 mrr: 61.34, ndcg: 66.86, took: 5.97s
Epoch 2, 76.6%	 loss: 2.695 acc@1: 47.93 mrr: 61.71, ndcg: 67.07, took: 6.04s
Epoch 2, 78.7%	 loss: 2.708 acc@1: 47.07 mrr: 61.14, ndcg: 66.56, took: 6.08s
Epoch 2, 80.9%	 loss: 2.717 acc@1: 46.84 mrr: 61.09, ndcg: 66.54, took: 6.47s
Epoch 2, 83.0%	 loss: 2.750 acc@1: 46.56 mrr: 60.62, ndcg: 66.12, took: 6.05s
Epoch 2, 85.1%	 loss: 2.731 acc@1: 46.64 mrr: 60.63, ndcg: 66.06, took: 6.16s
Epoch 2, 87.2%	 loss: 2.664 acc@1: 46.02 mrr: 60.69, ndcg: 66.57, took: 6.10s
Epoch 2, 89.4%	 loss: 2.666 acc@1: 46.09 mrr: 60.48, ndcg: 66.32, took: 6.18s
Epoch 2, 91.5%	 loss: 2.712 acc@1: 46.48 mrr: 60.75, ndcg: 66.38, took: 6.36s
Epoch 2, 93.6%	 loss: 2.550 acc@1: 48.63 mrr: 62.42, ndcg: 68.01, took: 6.18s
Epoch 2, 95.7%	 loss: 2.657 acc@1: 48.44 mrr: 62.06, ndcg: 67.26, took: 6.08s
Epoch 2, 97.9%	 loss: 2.511 acc@1: 49.14 mrr: 63.18, ndcg: 68.48, took: 6.15s
Epoch 2, 100.0%	 loss: 2.535 acc@1: 48.32 mrr: 62.51, ndcg: 67.91, took: 6.30s
Validation - loss: 3.0950, acc@1: 45.58%, f1: 38.17%, mrr: 59.02%, ndcg: 64.22%
Current learning rate: 0.002000

=== Epoch 3 ===
Epoch 3, 2.1%	 loss: 2.440 acc@1: 47.89 mrr: 61.91, ndcg: 67.55, took: 6.27s
Epoch 3, 4.3%	 loss: 2.410 acc@1: 47.03 mrr: 61.51, ndcg: 67.29, took: 6.28s
Epoch 3, 6.4%	 loss: 2.382 acc@1: 47.81 mrr: 62.05, ndcg: 67.75, took: 6.17s
Epoch 3, 8.5%	 loss: 2.302 acc@1: 49.84 mrr: 63.53, ndcg: 68.78, took: 6.00s
Epoch 3, 10.6%	 loss: 2.491 acc@1: 45.39 mrr: 60.10, ndcg: 65.88, took: 6.32s
Epoch 3, 12.8%	 loss: 2.396 acc@1: 47.73 mrr: 61.64, ndcg: 67.17, took: 6.13s
Epoch 3, 14.9%	 loss: 2.343 acc@1: 49.06 mrr: 62.85, ndcg: 68.27, took: 6.41s
Epoch 3, 17.0%	 loss: 2.285 acc@1: 48.32 mrr: 62.93, ndcg: 68.58, took: 5.99s
Epoch 3, 19.1%	 loss: 2.407 acc@1: 47.46 mrr: 61.58, ndcg: 67.25, took: 6.05s
Epoch 3, 21.3%	 loss: 2.401 acc@1: 45.78 mrr: 60.88, ndcg: 66.74, took: 6.03s
Epoch 3, 23.4%	 loss: 2.394 acc@1: 47.89 mrr: 61.97, ndcg: 67.41, took: 6.16s
Epoch 3, 25.5%	 loss: 2.416 acc@1: 47.46 mrr: 61.77, ndcg: 67.48, took: 6.04s
Epoch 3, 27.7%	 loss: 2.453 acc@1: 46.09 mrr: 60.77, ndcg: 66.53, took: 6.13s
Epoch 3, 29.8%	 loss: 2.377 acc@1: 48.32 mrr: 62.18, ndcg: 67.66, took: 6.40s
Epoch 3, 31.9%	 loss: 2.330 acc@1: 49.84 mrr: 63.36, ndcg: 68.81, took: 5.75s
Epoch 3, 34.0%	 loss: 2.432 acc@1: 48.95 mrr: 62.25, ndcg: 67.50, took: 6.38s
Epoch 3, 36.2%	 loss: 2.377 acc@1: 48.95 mrr: 62.61, ndcg: 67.95, took: 6.29s
Epoch 3, 38.3%	 loss: 2.413 acc@1: 48.20 mrr: 61.90, ndcg: 67.28, took: 6.12s
Epoch 3, 40.4%	 loss: 2.392 acc@1: 48.55 mrr: 62.51, ndcg: 67.92, took: 6.03s
Epoch 3, 42.6%	 loss: 2.364 acc@1: 49.77 mrr: 63.23, ndcg: 68.66, took: 6.26s
Epoch 3, 44.7%	 loss: 2.422 acc@1: 47.89 mrr: 61.92, ndcg: 67.32, took: 6.02s
Epoch 3, 46.8%	 loss: 2.418 acc@1: 48.16 mrr: 62.06, ndcg: 67.39, took: 5.76s
Epoch 3, 48.9%	 loss: 2.415 acc@1: 47.81 mrr: 62.10, ndcg: 67.60, took: 5.94s
Epoch 3, 51.1%	 loss: 2.376 acc@1: 47.30 mrr: 62.06, ndcg: 67.70, took: 5.98s
Epoch 3, 53.2%	 loss: 2.357 acc@1: 47.70 mrr: 62.08, ndcg: 67.72, took: 6.22s
Epoch 3, 55.3%	 loss: 2.402 acc@1: 47.97 mrr: 62.16, ndcg: 67.69, took: 5.99s
Epoch 3, 57.4%	 loss: 2.339 acc@1: 48.44 mrr: 62.33, ndcg: 67.90, took: 6.39s
Epoch 3, 59.6%	 loss: 2.419 acc@1: 47.07 mrr: 61.41, ndcg: 66.96, took: 5.95s
Epoch 3, 61.7%	 loss: 2.390 acc@1: 48.52 mrr: 62.31, ndcg: 67.59, took: 6.25s
Epoch 3, 63.8%	 loss: 2.383 acc@1: 46.45 mrr: 61.28, ndcg: 67.05, took: 6.09s
Epoch 3, 66.0%	 loss: 2.346 acc@1: 48.12 mrr: 62.57, ndcg: 67.86, took: 5.92s
Epoch 3, 68.1%	 loss: 2.373 acc@1: 47.89 mrr: 62.01, ndcg: 67.55, took: 6.03s
Epoch 3, 70.2%	 loss: 2.421 acc@1: 46.48 mrr: 60.78, ndcg: 66.43, took: 6.49s
Epoch 3, 72.3%	 loss: 2.557 acc@1: 45.39 mrr: 59.50, ndcg: 65.19, took: 6.29s
Epoch 3, 74.5%	 loss: 2.356 acc@1: 48.55 mrr: 62.31, ndcg: 67.86, took: 6.08s
Epoch 3, 76.6%	 loss: 2.441 acc@1: 47.89 mrr: 61.46, ndcg: 66.86, took: 6.42s
Epoch 3, 78.7%	 loss: 2.371 acc@1: 47.03 mrr: 61.51, ndcg: 67.20, took: 6.26s
Epoch 3, 80.9%	 loss: 2.333 acc@1: 46.60 mrr: 61.42, ndcg: 67.13, took: 6.59s
Epoch 3, 83.0%	 loss: 2.363 acc@1: 47.30 mrr: 61.80, ndcg: 67.56, took: 6.33s
Epoch 3, 85.1%	 loss: 2.352 acc@1: 49.34 mrr: 63.11, ndcg: 68.46, took: 6.21s
Epoch 3, 87.2%	 loss: 2.379 acc@1: 47.58 mrr: 62.03, ndcg: 67.72, took: 6.19s
Epoch 3, 89.4%	 loss: 2.309 acc@1: 47.70 mrr: 62.23, ndcg: 67.82, took: 6.17s
Epoch 3, 91.5%	 loss: 2.364 acc@1: 47.30 mrr: 61.74, ndcg: 67.34, took: 5.78s
Epoch 3, 93.6%	 loss: 2.264 acc@1: 49.26 mrr: 63.51, ndcg: 69.10, took: 6.19s
Epoch 3, 95.7%	 loss: 2.317 acc@1: 48.36 mrr: 62.48, ndcg: 68.08, took: 5.83s
Epoch 3, 97.9%	 loss: 2.294 acc@1: 49.02 mrr: 63.26, ndcg: 68.89, took: 5.82s
Epoch 3, 100.0%	 loss: 2.259 acc@1: 50.27 mrr: 64.07, ndcg: 69.51, took: 6.31s
Validation - loss: 2.9886, acc@1: 46.59%, f1: 39.38%, mrr: 59.64%, ndcg: 64.84%
Current learning rate: 0.001958

=== Epoch 4 ===
Epoch 4, 2.1%	 loss: 2.036 acc@1: 49.14 mrr: 63.92, ndcg: 69.70, took: 6.02s
Epoch 4, 4.3%	 loss: 2.232 acc@1: 47.03 mrr: 61.71, ndcg: 67.46, took: 6.35s
Epoch 4, 6.4%	 loss: 2.126 acc@1: 48.83 mrr: 63.29, ndcg: 68.73, took: 5.79s
Epoch 4, 8.5%	 loss: 2.167 acc@1: 48.59 mrr: 62.65, ndcg: 68.19, took: 6.03s
Epoch 4, 10.6%	 loss: 2.098 acc@1: 49.49 mrr: 63.46, ndcg: 68.90, took: 6.05s
Epoch 4, 12.8%	 loss: 2.156 acc@1: 48.28 mrr: 62.37, ndcg: 68.12, took: 6.29s
Epoch 4, 14.9%	 loss: 2.164 acc@1: 49.02 mrr: 63.31, ndcg: 68.74, took: 6.44s
Epoch 4, 17.0%	 loss: 2.193 acc@1: 47.15 mrr: 62.00, ndcg: 67.60, took: 6.58s
Epoch 4, 19.1%	 loss: 2.162 acc@1: 49.53 mrr: 63.20, ndcg: 68.50, took: 6.06s
Epoch 4, 21.3%	 loss: 2.237 acc@1: 48.20 mrr: 62.23, ndcg: 67.54, took: 6.23s
Epoch 4, 23.4%	 loss: 2.189 acc@1: 48.63 mrr: 62.42, ndcg: 67.92, took: 5.93s
Epoch 4, 25.5%	 loss: 2.257 acc@1: 46.95 mrr: 61.20, ndcg: 66.63, took: 6.19s
Epoch 4, 27.7%	 loss: 2.146 acc@1: 48.98 mrr: 63.01, ndcg: 68.58, took: 6.48s
Epoch 4, 29.8%	 loss: 2.086 acc@1: 49.96 mrr: 64.13, ndcg: 69.54, took: 6.42s
Epoch 4, 31.9%	 loss: 2.215 acc@1: 46.76 mrr: 61.84, ndcg: 67.47, took: 6.19s
Epoch 4, 34.0%	 loss: 2.200 acc@1: 47.42 mrr: 62.13, ndcg: 67.73, took: 6.15s
Epoch 4, 36.2%	 loss: 2.184 acc@1: 48.05 mrr: 62.64, ndcg: 68.12, took: 6.24s
Epoch 4, 38.3%	 loss: 2.277 acc@1: 46.91 mrr: 61.52, ndcg: 66.97, took: 6.11s
Epoch 4, 40.4%	 loss: 2.198 acc@1: 47.54 mrr: 62.25, ndcg: 67.59, took: 6.30s
Epoch 4, 42.6%	 loss: 2.091 acc@1: 49.57 mrr: 63.98, ndcg: 69.51, took: 6.47s
Epoch 4, 44.7%	 loss: 2.170 acc@1: 47.46 mrr: 62.17, ndcg: 67.70, took: 6.37s
Epoch 4, 46.8%	 loss: 2.333 acc@1: 47.70 mrr: 61.25, ndcg: 66.53, took: 6.02s
Epoch 4, 48.9%	 loss: 2.225 acc@1: 48.91 mrr: 62.62, ndcg: 67.87, took: 5.99s
Epoch 4, 51.1%	 loss: 2.240 acc@1: 48.28 mrr: 62.29, ndcg: 67.59, took: 5.98s
Epoch 4, 53.2%	 loss: 2.154 acc@1: 48.20 mrr: 62.98, ndcg: 68.51, took: 6.04s
Epoch 4, 55.3%	 loss: 2.228 acc@1: 47.34 mrr: 62.35, ndcg: 67.73, took: 5.96s
Epoch 4, 57.4%	 loss: 2.250 acc@1: 46.37 mrr: 61.58, ndcg: 67.17, took: 6.14s
Epoch 4, 59.6%	 loss: 2.213 acc@1: 47.19 mrr: 62.10, ndcg: 67.60, took: 5.99s
Epoch 4, 61.7%	 loss: 2.131 acc@1: 49.18 mrr: 63.53, ndcg: 68.96, took: 6.13s
Epoch 4, 63.8%	 loss: 2.281 acc@1: 46.45 mrr: 60.99, ndcg: 66.45, took: 6.24s
Epoch 4, 66.0%	 loss: 2.236 acc@1: 45.47 mrr: 60.95, ndcg: 66.90, took: 6.21s
Epoch 4, 68.1%	 loss: 2.184 acc@1: 48.59 mrr: 62.94, ndcg: 68.42, took: 6.36s
Epoch 4, 70.2%	 loss: 2.228 acc@1: 47.23 mrr: 61.69, ndcg: 67.19, took: 6.35s
Epoch 4, 72.3%	 loss: 2.195 acc@1: 47.97 mrr: 62.26, ndcg: 68.08, took: 6.53s
Epoch 4, 74.5%	 loss: 2.242 acc@1: 46.41 mrr: 61.13, ndcg: 66.74, took: 6.43s
Epoch 4, 76.6%	 loss: 2.159 acc@1: 48.36 mrr: 63.15, ndcg: 68.72, took: 6.12s
Epoch 4, 78.7%	 loss: 2.218 acc@1: 43.71 mrr: 60.57, ndcg: 66.91, took: 6.26s
Epoch 4, 80.9%	 loss: 2.288 acc@1: 42.77 mrr: 59.51, ndcg: 65.79, took: 6.33s
Epoch 4, 83.0%	 loss: 2.292 acc@1: 42.81 mrr: 59.54, ndcg: 65.71, took: 6.21s
Epoch 4, 85.1%	 loss: 2.258 acc@1: 43.83 mrr: 60.51, ndcg: 66.61, took: 6.22s
Epoch 4, 87.2%	 loss: 2.202 acc@1: 44.57 mrr: 60.88, ndcg: 66.93, took: 6.07s
Epoch 4, 89.4%	 loss: 2.243 acc@1: 43.52 mrr: 60.31, ndcg: 66.47, took: 6.53s
Epoch 4, 91.5%	 loss: 2.202 acc@1: 43.79 mrr: 60.63, ndcg: 66.87, took: 6.24s
Epoch 4, 93.6%	 loss: 2.223 acc@1: 42.46 mrr: 59.59, ndcg: 66.00, took: 5.92s
Epoch 4, 95.7%	 loss: 2.315 acc@1: 42.34 mrr: 59.02, ndcg: 65.12, took: 5.65s
Epoch 4, 97.9%	 loss: 2.302 acc@1: 42.89 mrr: 59.69, ndcg: 65.77, took: 6.04s
Epoch 4, 100.0%	 loss: 2.209 acc@1: 43.71 mrr: 60.38, ndcg: 66.70, took: 6.23s
Validation - loss: 3.0086, acc@1: 39.84%, f1: 30.39%, mrr: 56.20%, ndcg: 62.10%
Current learning rate: 0.001917

=== Epoch 5 ===
Epoch 5, 2.1%	 loss: 2.090 acc@1: 42.77 mrr: 60.49, ndcg: 66.91, took: 5.94s
Epoch 5, 4.3%	 loss: 2.169 acc@1: 42.27 mrr: 59.58, ndcg: 66.11, took: 5.68s
Epoch 5, 6.4%	 loss: 2.199 acc@1: 43.32 mrr: 59.81, ndcg: 66.04, took: 6.24s
Epoch 5, 8.5%	 loss: 2.177 acc@1: 42.62 mrr: 59.79, ndcg: 66.00, took: 6.29s
Epoch 5, 10.6%	 loss: 2.166 acc@1: 43.12 mrr: 60.32, ndcg: 66.54, took: 6.38s
Epoch 5, 12.8%	 loss: 2.138 acc@1: 44.53 mrr: 61.11, ndcg: 66.97, took: 6.45s
Epoch 5, 14.9%	 loss: 2.129 acc@1: 45.59 mrr: 61.54, ndcg: 67.53, took: 5.88s
Epoch 5, 17.0%	 loss: 2.190 acc@1: 45.00 mrr: 60.71, ndcg: 66.43, took: 6.24s
Epoch 5, 19.1%	 loss: 2.158 acc@1: 45.98 mrr: 61.33, ndcg: 67.01, took: 6.20s
Epoch 5, 21.3%	 loss: 2.198 acc@1: 45.20 mrr: 60.56, ndcg: 66.10, took: 6.12s
Epoch 5, 23.4%	 loss: 2.051 acc@1: 48.12 mrr: 63.34, ndcg: 69.00, took: 6.40s
Epoch 5, 25.5%	 loss: 2.182 acc@1: 45.62 mrr: 60.96, ndcg: 66.61, took: 6.02s
Epoch 5, 27.7%	 loss: 2.164 acc@1: 45.55 mrr: 61.04, ndcg: 66.83, took: 6.12s
Epoch 5, 29.8%	 loss: 2.118 acc@1: 47.89 mrr: 62.53, ndcg: 68.33, took: 6.13s
Epoch 5, 31.9%	 loss: 2.200 acc@1: 43.59 mrr: 60.02, ndcg: 66.14, took: 6.11s
Epoch 5, 34.0%	 loss: 2.139 acc@1: 45.20 mrr: 61.13, ndcg: 66.96, took: 6.54s
Epoch 5, 36.2%	 loss: 2.211 acc@1: 44.14 mrr: 60.02, ndcg: 65.95, took: 6.17s
Epoch 5, 38.3%	 loss: 2.156 acc@1: 45.94 mrr: 61.46, ndcg: 67.36, took: 6.26s
Epoch 5, 40.4%	 loss: 2.183 acc@1: 46.72 mrr: 61.61, ndcg: 67.10, took: 6.13s
Epoch 5, 42.6%	 loss: 2.158 acc@1: 46.41 mrr: 61.39, ndcg: 67.08, took: 6.00s
Epoch 5, 44.7%	 loss: 2.141 acc@1: 48.91 mrr: 62.89, ndcg: 68.06, took: 6.07s
Epoch 5, 46.8%	 loss: 2.095 acc@1: 48.05 mrr: 62.67, ndcg: 68.36, took: 6.33s
Epoch 5, 48.9%	 loss: 2.098 acc@1: 47.34 mrr: 62.53, ndcg: 68.10, took: 6.34s
Epoch 5, 51.1%	 loss: 2.071 acc@1: 47.30 mrr: 62.70, ndcg: 68.59, took: 6.10s
Epoch 5, 53.2%	 loss: 2.129 acc@1: 46.91 mrr: 62.21, ndcg: 67.75, took: 5.88s
Epoch 5, 55.3%	 loss: 2.154 acc@1: 46.91 mrr: 62.02, ndcg: 67.67, took: 6.08s
Epoch 5, 57.4%	 loss: 2.121 acc@1: 48.16 mrr: 62.87, ndcg: 68.46, took: 6.39s
Epoch 5, 59.6%	 loss: 2.089 acc@1: 46.88 mrr: 62.25, ndcg: 68.19, took: 6.19s
Epoch 5, 61.7%	 loss: 2.138 acc@1: 47.27 mrr: 62.35, ndcg: 67.93, took: 6.01s
Epoch 5, 63.8%	 loss: 2.193 acc@1: 46.88 mrr: 61.36, ndcg: 66.96, took: 5.73s
Epoch 5, 66.0%	 loss: 2.160 acc@1: 46.25 mrr: 61.32, ndcg: 66.95, took: 6.22s
Epoch 5, 68.1%	 loss: 2.126 acc@1: 47.38 mrr: 62.57, ndcg: 68.19, took: 6.06s
Epoch 5, 70.2%	 loss: 2.140 acc@1: 47.93 mrr: 62.63, ndcg: 68.13, took: 6.33s
Epoch 5, 72.3%	 loss: 2.151 acc@1: 47.19 mrr: 62.36, ndcg: 68.01, took: 6.32s
Epoch 5, 74.5%	 loss: 2.065 acc@1: 48.05 mrr: 63.33, ndcg: 69.10, took: 6.27s
Epoch 5, 76.6%	 loss: 2.140 acc@1: 48.20 mrr: 62.67, ndcg: 68.21, took: 6.29s
Epoch 5, 78.7%	 loss: 2.204 acc@1: 45.08 mrr: 60.77, ndcg: 66.60, took: 6.30s
Epoch 5, 80.9%	 loss: 2.173 acc@1: 45.62 mrr: 61.22, ndcg: 66.97, took: 5.95s
Epoch 5, 83.0%	 loss: 2.179 acc@1: 46.33 mrr: 61.65, ndcg: 67.30, took: 6.22s
Epoch 5, 85.1%	 loss: 2.164 acc@1: 47.23 mrr: 62.18, ndcg: 67.93, took: 6.20s
Epoch 5, 87.2%	 loss: 2.104 acc@1: 47.38 mrr: 62.58, ndcg: 68.37, took: 6.12s
Epoch 5, 89.4%	 loss: 2.130 acc@1: 47.70 mrr: 62.76, ndcg: 68.36, took: 6.30s
Epoch 5, 91.5%	 loss: 2.206 acc@1: 45.47 mrr: 61.14, ndcg: 66.96, took: 6.39s
Epoch 5, 93.6%	 loss: 2.235 acc@1: 45.39 mrr: 60.71, ndcg: 66.34, took: 6.21s
Epoch 5, 95.7%	 loss: 2.087 acc@1: 48.67 mrr: 63.62, ndcg: 69.26, took: 6.04s
Epoch 5, 97.9%	 loss: 2.167 acc@1: 48.20 mrr: 62.60, ndcg: 68.01, took: 6.05s
Epoch 5, 100.0%	 loss: 2.202 acc@1: 47.73 mrr: 62.40, ndcg: 67.78, took: 5.99s
Validation - loss: 2.9779, acc@1: 45.16%, f1: 37.94%, mrr: 58.90%, ndcg: 64.30%
Current learning rate: 0.001875

=== Epoch 6 ===
Epoch 6, 2.1%	 loss: 2.064 acc@1: 46.80 mrr: 62.17, ndcg: 68.28, took: 5.91s
Epoch 6, 4.3%	 loss: 1.997 acc@1: 47.11 mrr: 62.71, ndcg: 68.75, took: 6.58s
Epoch 6, 6.4%	 loss: 1.976 acc@1: 49.57 mrr: 64.24, ndcg: 69.85, took: 6.13s
Epoch 6, 8.5%	 loss: 2.128 acc@1: 47.15 mrr: 61.69, ndcg: 67.29, took: 6.15s
Epoch 6, 10.6%	 loss: 2.062 acc@1: 47.62 mrr: 62.52, ndcg: 68.31, took: 6.51s
Epoch 6, 12.8%	 loss: 2.042 acc@1: 49.34 mrr: 63.43, ndcg: 68.94, took: 6.18s
Epoch 6, 14.9%	 loss: 2.103 acc@1: 48.24 mrr: 62.65, ndcg: 68.04, took: 6.24s
Epoch 6, 17.0%	 loss: 2.035 acc@1: 48.52 mrr: 63.11, ndcg: 68.96, took: 6.32s
Epoch 6, 19.1%	 loss: 2.031 acc@1: 50.16 mrr: 63.98, ndcg: 69.23, took: 6.43s
Epoch 6, 21.3%	 loss: 2.071 acc@1: 48.36 mrr: 62.85, ndcg: 68.18, took: 6.11s
Epoch 6, 23.4%	 loss: 2.101 acc@1: 47.70 mrr: 62.31, ndcg: 67.97, took: 6.09s
Epoch 6, 25.5%	 loss: 2.108 acc@1: 49.14 mrr: 62.91, ndcg: 68.26, took: 5.90s
Epoch 6, 27.7%	 loss: 2.097 acc@1: 48.95 mrr: 63.07, ndcg: 68.40, took: 6.23s
Epoch 6, 29.8%	 loss: 2.090 acc@1: 47.46 mrr: 62.17, ndcg: 67.77, took: 5.98s
Epoch 6, 31.9%	 loss: 2.070 acc@1: 48.55 mrr: 63.05, ndcg: 68.53, took: 6.25s
Epoch 6, 34.0%	 loss: 2.039 acc@1: 48.67 mrr: 63.39, ndcg: 69.05, took: 5.75s
Epoch 6, 36.2%	 loss: 2.106 acc@1: 46.25 mrr: 61.84, ndcg: 67.46, took: 6.37s
Epoch 6, 38.3%	 loss: 2.079 acc@1: 46.64 mrr: 62.11, ndcg: 67.95, took: 6.18s
Epoch 6, 40.4%	 loss: 2.074 acc@1: 48.63 mrr: 63.30, ndcg: 68.61, took: 6.35s
Epoch 6, 42.6%	 loss: 2.098 acc@1: 48.63 mrr: 63.04, ndcg: 68.57, took: 6.08s
Epoch 6, 44.7%	 loss: 2.184 acc@1: 47.54 mrr: 61.76, ndcg: 66.91, took: 6.03s
Epoch 6, 46.8%	 loss: 2.087 acc@1: 47.93 mrr: 62.85, ndcg: 68.55, took: 6.23s
Epoch 6, 48.9%	 loss: 2.173 acc@1: 46.09 mrr: 61.41, ndcg: 67.16, took: 6.28s
Epoch 6, 51.1%	 loss: 2.101 acc@1: 48.20 mrr: 62.70, ndcg: 68.21, took: 6.10s
Epoch 6, 53.2%	 loss: 2.109 acc@1: 47.73 mrr: 62.68, ndcg: 68.20, took: 5.80s
Epoch 6, 55.3%	 loss: 2.118 acc@1: 45.98 mrr: 61.73, ndcg: 67.73, took: 6.04s
Epoch 6, 57.4%	 loss: 2.135 acc@1: 46.91 mrr: 62.05, ndcg: 67.80, took: 6.01s
Epoch 6, 59.6%	 loss: 2.080 acc@1: 47.66 mrr: 62.90, ndcg: 68.60, took: 6.28s
Epoch 6, 61.7%	 loss: 2.069 acc@1: 46.84 mrr: 62.43, ndcg: 68.33, took: 6.17s
Epoch 6, 63.8%	 loss: 2.222 acc@1: 46.80 mrr: 61.07, ndcg: 66.37, took: 6.14s
Epoch 6, 66.0%	 loss: 2.188 acc@1: 46.21 mrr: 61.25, ndcg: 66.86, took: 6.31s
Epoch 6, 68.1%	 loss: 2.134 acc@1: 48.71 mrr: 62.86, ndcg: 68.30, took: 6.18s
Epoch 6, 70.2%	 loss: 2.088 acc@1: 48.95 mrr: 63.11, ndcg: 68.49, took: 6.41s
Epoch 6, 72.3%	 loss: 2.098 acc@1: 48.40 mrr: 62.80, ndcg: 68.42, took: 6.30s
Epoch 6, 74.5%	 loss: 2.100 acc@1: 48.63 mrr: 62.79, ndcg: 68.38, took: 5.93s
Epoch 6, 76.6%	 loss: 2.115 acc@1: 49.34 mrr: 63.28, ndcg: 68.57, took: 6.30s
Epoch 6, 78.7%	 loss: 2.154 acc@1: 47.27 mrr: 61.81, ndcg: 67.32, took: 5.94s
Epoch 6, 80.9%	 loss: 2.093 acc@1: 48.71 mrr: 63.19, ndcg: 68.76, took: 6.07s
Epoch 6, 83.0%	 loss: 2.193 acc@1: 48.24 mrr: 62.14, ndcg: 67.44, took: 6.31s
Epoch 6, 85.1%	 loss: 2.158 acc@1: 46.84 mrr: 61.64, ndcg: 67.23, took: 6.68s
Epoch 6, 87.2%	 loss: 2.104 acc@1: 47.73 mrr: 62.59, ndcg: 68.21, took: 6.22s
Epoch 6, 89.4%	 loss: 2.081 acc@1: 48.79 mrr: 63.41, ndcg: 69.09, took: 6.25s
Epoch 6, 91.5%	 loss: 2.108 acc@1: 48.36 mrr: 63.12, ndcg: 68.52, took: 6.12s
Epoch 6, 93.6%	 loss: 2.193 acc@1: 47.81 mrr: 61.76, ndcg: 67.17, took: 6.04s
Epoch 6, 95.7%	 loss: 2.138 acc@1: 47.77 mrr: 62.56, ndcg: 68.04, took: 6.12s
Epoch 6, 97.9%	 loss: 2.120 acc@1: 50.12 mrr: 63.69, ndcg: 68.77, took: 6.11s
Epoch 6, 100.0%	 loss: 2.127 acc@1: 47.23 mrr: 62.06, ndcg: 67.68, took: 6.31s
Validation - loss: 2.9826, acc@1: 46.05%, f1: 37.71%, mrr: 59.32%, ndcg: 64.64%
Current learning rate: 0.001833

=== Epoch 7 ===
Epoch 7, 2.1%	 loss: 1.983 acc@1: 48.36 mrr: 63.37, ndcg: 69.21, took: 5.88s
Epoch 7, 4.3%	 loss: 1.959 acc@1: 48.09 mrr: 63.55, ndcg: 69.54, took: 6.09s
Epoch 7, 6.4%	 loss: 2.124 acc@1: 43.67 mrr: 60.20, ndcg: 66.62, took: 6.01s
Epoch 7, 8.5%	 loss: 1.965 acc@1: 47.03 mrr: 63.01, ndcg: 69.02, took: 6.23s
Epoch 7, 10.6%	 loss: 2.019 acc@1: 47.58 mrr: 62.78, ndcg: 68.80, took: 6.19s
Epoch 7, 12.8%	 loss: 2.003 acc@1: 47.15 mrr: 62.75, ndcg: 68.55, took: 5.91s
Epoch 7, 14.9%	 loss: 2.041 acc@1: 47.81 mrr: 62.62, ndcg: 68.26, took: 6.29s
Epoch 7, 17.0%	 loss: 2.136 acc@1: 45.78 mrr: 60.98, ndcg: 66.72, took: 6.00s
Epoch 7, 19.1%	 loss: 2.127 acc@1: 45.39 mrr: 60.84, ndcg: 66.71, took: 5.97s
Epoch 7, 21.3%	 loss: 1.980 acc@1: 47.93 mrr: 63.34, ndcg: 69.21, took: 6.00s
Epoch 7, 23.4%	 loss: 1.986 acc@1: 49.69 mrr: 64.11, ndcg: 69.62, took: 6.08s
Epoch 7, 25.5%	 loss: 2.136 acc@1: 47.70 mrr: 61.94, ndcg: 67.17, took: 6.55s
Epoch 7, 27.7%	 loss: 2.109 acc@1: 49.22 mrr: 62.88, ndcg: 68.13, took: 6.20s
Epoch 7, 29.8%	 loss: 2.072 acc@1: 47.89 mrr: 62.79, ndcg: 68.39, took: 6.03s
Epoch 7, 31.9%	 loss: 2.136 acc@1: 46.29 mrr: 61.23, ndcg: 66.98, took: 6.42s
Epoch 7, 34.0%	 loss: 2.114 acc@1: 46.52 mrr: 61.49, ndcg: 67.07, took: 6.04s
Epoch 7, 36.2%	 loss: 2.060 acc@1: 48.44 mrr: 63.03, ndcg: 68.52, took: 6.04s
Epoch 7, 38.3%	 loss: 2.139 acc@1: 46.17 mrr: 61.57, ndcg: 67.23, took: 6.25s
Epoch 7, 40.4%	 loss: 2.119 acc@1: 47.15 mrr: 61.97, ndcg: 67.55, took: 6.43s
Epoch 7, 42.6%	 loss: 2.112 acc@1: 46.25 mrr: 61.62, ndcg: 67.54, took: 5.96s
Epoch 7, 44.7%	 loss: 2.096 acc@1: 45.04 mrr: 61.25, ndcg: 67.20, took: 6.22s
Epoch 7, 46.8%	 loss: 2.124 acc@1: 46.72 mrr: 61.85, ndcg: 67.33, took: 6.16s
Epoch 7, 48.9%	 loss: 2.068 acc@1: 46.91 mrr: 62.38, ndcg: 68.13, took: 6.19s
Epoch 7, 51.1%	 loss: 2.068 acc@1: 45.90 mrr: 61.60, ndcg: 67.61, took: 5.85s
Epoch 7, 53.2%	 loss: 2.138 acc@1: 45.16 mrr: 60.94, ndcg: 66.75, took: 6.15s
Epoch 7, 55.3%	 loss: 2.026 acc@1: 47.03 mrr: 62.82, ndcg: 68.60, took: 5.77s
Epoch 7, 57.4%	 loss: 2.087 acc@1: 48.05 mrr: 62.98, ndcg: 68.50, took: 6.18s
Epoch 7, 59.6%	 loss: 2.067 acc@1: 47.50 mrr: 62.46, ndcg: 68.14, took: 6.20s
Epoch 7, 61.7%	 loss: 2.127 acc@1: 47.81 mrr: 62.35, ndcg: 67.82, took: 6.09s
Epoch 7, 63.8%	 loss: 2.103 acc@1: 48.28 mrr: 63.01, ndcg: 68.26, took: 6.35s
Epoch 7, 66.0%	 loss: 2.065 acc@1: 47.85 mrr: 62.89, ndcg: 68.42, took: 6.38s
Epoch 7, 68.1%	 loss: 2.082 acc@1: 47.62 mrr: 62.67, ndcg: 68.36, took: 6.17s
Epoch 7, 70.2%	 loss: 2.143 acc@1: 46.33 mrr: 61.61, ndcg: 67.36, took: 6.37s
Epoch 7, 72.3%	 loss: 2.098 acc@1: 46.80 mrr: 62.38, ndcg: 68.16, took: 6.06s
Epoch 7, 74.5%	 loss: 2.165 acc@1: 48.87 mrr: 62.42, ndcg: 67.46, took: 6.03s
Epoch 7, 76.6%	 loss: 2.145 acc@1: 46.25 mrr: 61.50, ndcg: 67.33, took: 6.08s
Epoch 7, 78.7%	 loss: 2.178 acc@1: 46.88 mrr: 61.59, ndcg: 67.00, took: 6.36s
Epoch 7, 80.9%	 loss: 2.228 acc@1: 45.47 mrr: 60.62, ndcg: 66.26, took: 6.22s
Epoch 7, 83.0%	 loss: 2.040 acc@1: 48.01 mrr: 63.32, ndcg: 68.93, took: 6.46s
Epoch 7, 85.1%	 loss: 2.149 acc@1: 46.99 mrr: 61.84, ndcg: 67.62, took: 6.14s
Epoch 7, 87.2%	 loss: 2.094 acc@1: 47.07 mrr: 62.41, ndcg: 68.18, took: 6.16s
Epoch 7, 89.4%	 loss: 2.138 acc@1: 45.98 mrr: 61.47, ndcg: 67.27, took: 6.07s
Epoch 7, 91.5%	 loss: 2.123 acc@1: 45.20 mrr: 61.41, ndcg: 67.44, took: 6.06s
Epoch 7, 93.6%	 loss: 2.120 acc@1: 45.12 mrr: 61.21, ndcg: 67.00, took: 5.60s
Epoch 7, 95.7%	 loss: 2.165 acc@1: 46.05 mrr: 61.56, ndcg: 67.14, took: 6.28s
Epoch 7, 97.9%	 loss: 2.136 acc@1: 45.78 mrr: 61.52, ndcg: 67.08, took: 6.29s
Epoch 7, 100.0%	 loss: 2.138 acc@1: 45.27 mrr: 61.13, ndcg: 66.90, took: 6.08s
Validation - loss: 2.9681, acc@1: 43.59%, f1: 36.15%, mrr: 58.43%, ndcg: 63.94%
Current learning rate: 0.001792

=== Epoch 8 ===
Epoch 8, 2.1%	 loss: 2.035 acc@1: 46.41 mrr: 62.13, ndcg: 68.00, took: 5.83s
Epoch 8, 4.3%	 loss: 2.048 acc@1: 46.84 mrr: 62.26, ndcg: 68.05, took: 6.03s
Epoch 8, 6.4%	 loss: 2.017 acc@1: 48.48 mrr: 63.54, ndcg: 69.33, took: 6.08s
Epoch 8, 8.5%	 loss: 2.070 acc@1: 45.86 mrr: 61.33, ndcg: 67.37, took: 6.30s
Epoch 8, 10.6%	 loss: 2.065 acc@1: 46.45 mrr: 61.85, ndcg: 67.75, took: 6.44s
Epoch 8, 12.8%	 loss: 2.072 acc@1: 45.82 mrr: 61.44, ndcg: 67.36, took: 6.21s
Epoch 8, 14.9%	 loss: 2.059 acc@1: 46.95 mrr: 62.29, ndcg: 68.20, took: 6.09s
Epoch 8, 17.0%	 loss: 2.003 acc@1: 48.48 mrr: 63.40, ndcg: 68.88, took: 6.13s
Epoch 8, 19.1%	 loss: 2.065 acc@1: 45.86 mrr: 61.61, ndcg: 67.46, took: 6.29s
Epoch 8, 21.3%	 loss: 2.022 acc@1: 48.71 mrr: 63.16, ndcg: 68.72, took: 6.13s
Epoch 8, 23.4%	 loss: 2.093 acc@1: 46.29 mrr: 61.74, ndcg: 67.24, took: 6.37s
Epoch 8, 25.5%	 loss: 2.065 acc@1: 47.50 mrr: 62.42, ndcg: 68.13, took: 6.49s
Epoch 8, 27.7%	 loss: 2.059 acc@1: 46.60 mrr: 62.03, ndcg: 67.81, took: 5.99s
Epoch 8, 29.8%	 loss: 2.028 acc@1: 48.05 mrr: 63.19, ndcg: 68.72, took: 6.17s
Epoch 8, 31.9%	 loss: 2.131 acc@1: 45.82 mrr: 61.17, ndcg: 66.93, took: 6.25s
Epoch 8, 34.0%	 loss: 2.088 acc@1: 48.09 mrr: 62.68, ndcg: 68.14, took: 6.39s
Epoch 8, 36.2%	 loss: 2.070 acc@1: 48.59 mrr: 62.94, ndcg: 68.25, took: 6.27s
Epoch 8, 38.3%	 loss: 2.148 acc@1: 45.00 mrr: 60.68, ndcg: 66.61, took: 6.27s
Epoch 8, 40.4%	 loss: 2.055 acc@1: 45.74 mrr: 61.73, ndcg: 67.73, took: 5.75s
Epoch 8, 42.6%	 loss: 2.108 acc@1: 47.19 mrr: 61.97, ndcg: 67.40, took: 5.76s
Epoch 8, 44.7%	 loss: 2.096 acc@1: 47.27 mrr: 62.10, ndcg: 67.68, took: 6.21s
Epoch 8, 46.8%	 loss: 2.116 acc@1: 45.94 mrr: 61.56, ndcg: 67.28, took: 6.25s
Epoch 8, 48.9%	 loss: 2.083 acc@1: 47.19 mrr: 62.36, ndcg: 68.05, took: 5.75s
Epoch 8, 51.1%	 loss: 2.092 acc@1: 45.82 mrr: 61.45, ndcg: 67.33, took: 5.96s
Epoch 8, 53.2%	 loss: 2.092 acc@1: 46.84 mrr: 62.22, ndcg: 68.12, took: 5.94s
Epoch 8, 55.3%	 loss: 1.987 acc@1: 47.81 mrr: 63.45, ndcg: 69.15, took: 6.16s
Epoch 8, 57.4%	 loss: 2.139 acc@1: 46.95 mrr: 61.98, ndcg: 67.61, took: 5.86s
Epoch 8, 59.6%	 loss: 2.082 acc@1: 46.52 mrr: 62.06, ndcg: 67.79, took: 6.22s
Epoch 8, 61.7%	 loss: 2.076 acc@1: 45.86 mrr: 61.65, ndcg: 67.58, took: 6.32s
Epoch 8, 63.8%	 loss: 2.078 acc@1: 47.38 mrr: 62.45, ndcg: 68.10, took: 6.03s
Epoch 8, 66.0%	 loss: 2.034 acc@1: 48.79 mrr: 63.56, ndcg: 69.19, took: 6.50s
Epoch 8, 68.1%	 loss: 2.029 acc@1: 48.67 mrr: 63.50, ndcg: 69.21, took: 6.41s
Epoch 8, 70.2%	 loss: 2.090 acc@1: 48.16 mrr: 62.64, ndcg: 68.02, took: 6.22s
Epoch 8, 72.3%	 loss: 2.132 acc@1: 46.29 mrr: 61.60, ndcg: 67.14, took: 6.02s
Epoch 8, 74.5%	 loss: 2.194 acc@1: 45.27 mrr: 60.71, ndcg: 66.45, took: 6.04s
Epoch 8, 76.6%	 loss: 2.133 acc@1: 44.65 mrr: 60.59, ndcg: 66.53, took: 6.29s
Epoch 8, 78.7%	 loss: 2.156 acc@1: 46.95 mrr: 61.90, ndcg: 67.39, took: 6.05s
Epoch 8, 80.9%	 loss: 2.163 acc@1: 45.98 mrr: 61.00, ndcg: 66.45, took: 6.06s
Epoch 8, 83.0%	 loss: 2.036 acc@1: 47.30 mrr: 62.86, ndcg: 68.69, took: 6.41s
Epoch 8, 85.1%	 loss: 2.217 acc@1: 44.49 mrr: 60.14, ndcg: 66.12, took: 6.16s
Epoch 8, 87.2%	 loss: 2.045 acc@1: 48.83 mrr: 63.38, ndcg: 68.75, took: 5.85s
Epoch 8, 89.4%	 loss: 2.113 acc@1: 47.07 mrr: 62.19, ndcg: 67.82, took: 6.42s
Epoch 8, 91.5%	 loss: 2.044 acc@1: 47.42 mrr: 62.76, ndcg: 68.55, took: 5.93s
Epoch 8, 93.6%	 loss: 2.077 acc@1: 46.80 mrr: 62.32, ndcg: 68.29, took: 6.37s
Epoch 8, 95.7%	 loss: 2.083 acc@1: 46.48 mrr: 62.11, ndcg: 67.75, took: 6.25s
Epoch 8, 97.9%	 loss: 2.038 acc@1: 47.58 mrr: 62.98, ndcg: 68.77, took: 6.20s
Epoch 8, 100.0%	 loss: 2.067 acc@1: 46.37 mrr: 62.14, ndcg: 67.99, took: 6.08s
Validation - loss: 2.9926, acc@1: 44.83%, f1: 36.86%, mrr: 58.84%, ndcg: 64.13%
Current learning rate: 0.001750

=== Epoch 9 ===
Epoch 9, 2.1%	 loss: 1.970 acc@1: 48.05 mrr: 63.29, ndcg: 69.01, took: 6.11s
Epoch 9, 4.3%	 loss: 1.996 acc@1: 47.46 mrr: 62.79, ndcg: 68.76, took: 6.24s
Epoch 9, 6.4%	 loss: 1.981 acc@1: 48.87 mrr: 63.79, ndcg: 69.53, took: 6.08s
Epoch 9, 8.5%	 loss: 2.024 acc@1: 48.09 mrr: 62.98, ndcg: 68.80, took: 6.34s
Epoch 9, 10.6%	 loss: 2.029 acc@1: 46.95 mrr: 62.25, ndcg: 67.94, took: 6.42s
Epoch 9, 12.8%	 loss: 2.001 acc@1: 47.89 mrr: 63.13, ndcg: 68.89, took: 5.93s
Epoch 9, 14.9%	 loss: 1.990 acc@1: 47.85 mrr: 63.04, ndcg: 68.72, took: 6.28s
Epoch 9, 17.0%	 loss: 1.938 acc@1: 49.69 mrr: 64.40, ndcg: 70.00, took: 6.14s
Epoch 9, 19.1%	 loss: 2.001 acc@1: 45.82 mrr: 62.03, ndcg: 68.17, took: 6.07s
Epoch 9, 21.3%	 loss: 2.026 acc@1: 47.03 mrr: 62.74, ndcg: 68.42, took: 6.17s
Epoch 9, 23.4%	 loss: 1.985 acc@1: 46.17 mrr: 62.27, ndcg: 68.08, took: 6.11s
Epoch 9, 25.5%	 loss: 2.119 acc@1: 44.73 mrr: 60.72, ndcg: 66.57, took: 6.42s
Epoch 9, 27.7%	 loss: 2.025 acc@1: 46.80 mrr: 62.23, ndcg: 67.94, took: 6.34s
Epoch 9, 29.8%	 loss: 2.092 acc@1: 46.52 mrr: 61.75, ndcg: 67.53, took: 5.90s
Epoch 9, 31.9%	 loss: 2.105 acc@1: 44.65 mrr: 60.93, ndcg: 66.81, took: 6.04s
Epoch 9, 34.0%	 loss: 2.056 acc@1: 46.52 mrr: 61.96, ndcg: 67.54, took: 6.12s
Epoch 9, 36.2%	 loss: 2.025 acc@1: 46.09 mrr: 61.93, ndcg: 67.81, took: 6.19s
Epoch 9, 38.3%	 loss: 2.111 acc@1: 44.34 mrr: 60.61, ndcg: 66.77, took: 6.19s
Epoch 9, 40.4%	 loss: 2.123 acc@1: 45.59 mrr: 61.28, ndcg: 66.95, took: 6.08s
Epoch 9, 42.6%	 loss: 2.139 acc@1: 45.27 mrr: 60.74, ndcg: 66.62, took: 6.30s
Epoch 9, 44.7%	 loss: 2.048 acc@1: 46.13 mrr: 61.92, ndcg: 67.86, took: 6.55s
Epoch 9, 46.8%	 loss: 2.088 acc@1: 46.02 mrr: 61.67, ndcg: 67.46, took: 6.02s
Epoch 9, 48.9%	 loss: 2.067 acc@1: 45.82 mrr: 61.67, ndcg: 67.49, took: 6.14s
Epoch 9, 51.1%	 loss: 2.129 acc@1: 44.45 mrr: 60.55, ndcg: 66.44, took: 6.21s
Epoch 9, 53.2%	 loss: 2.077 acc@1: 45.86 mrr: 61.71, ndcg: 67.51, took: 6.00s
Epoch 9, 55.3%	 loss: 2.053 acc@1: 45.74 mrr: 61.96, ndcg: 67.75, took: 6.29s
Epoch 9, 57.4%	 loss: 2.049 acc@1: 45.35 mrr: 61.69, ndcg: 67.74, took: 6.43s
Epoch 9, 59.6%	 loss: 2.107 acc@1: 45.62 mrr: 61.54, ndcg: 67.16, took: 6.18s
Epoch 9, 61.7%	 loss: 2.069 acc@1: 45.39 mrr: 61.23, ndcg: 67.15, took: 6.25s
Epoch 9, 63.8%	 loss: 2.065 acc@1: 47.46 mrr: 62.54, ndcg: 68.23, took: 6.06s
Epoch 9, 66.0%	 loss: 2.047 acc@1: 45.86 mrr: 62.05, ndcg: 68.05, took: 6.18s
Epoch 9, 68.1%	 loss: 2.161 acc@1: 44.57 mrr: 60.62, ndcg: 66.24, took: 5.71s
Epoch 9, 70.2%	 loss: 2.200 acc@1: 43.52 mrr: 59.60, ndcg: 65.60, took: 6.31s
Epoch 9, 72.3%	 loss: 2.079 acc@1: 45.16 mrr: 61.35, ndcg: 67.18, took: 6.09s
Epoch 9, 74.5%	 loss: 2.060 acc@1: 46.68 mrr: 62.24, ndcg: 68.05, took: 6.17s
Epoch 9, 76.6%	 loss: 2.093 acc@1: 46.56 mrr: 61.91, ndcg: 67.48, took: 6.28s
Epoch 9, 78.7%	 loss: 2.154 acc@1: 45.04 mrr: 60.73, ndcg: 66.54, took: 5.90s
Epoch 9, 80.9%	 loss: 2.060 acc@1: 46.17 mrr: 62.07, ndcg: 68.01, took: 6.25s
Epoch 9, 83.0%	 loss: 2.090 acc@1: 46.76 mrr: 62.08, ndcg: 67.78, took: 6.02s
Epoch 9, 85.1%	 loss: 2.030 acc@1: 46.48 mrr: 62.45, ndcg: 68.42, took: 6.00s
Epoch 9, 87.2%	 loss: 2.073 acc@1: 45.08 mrr: 61.56, ndcg: 67.73, took: 6.10s
Epoch 9, 89.4%	 loss: 2.075 acc@1: 46.02 mrr: 62.14, ndcg: 67.84, took: 6.10s
Epoch 9, 91.5%	 loss: 2.158 acc@1: 44.10 mrr: 60.33, ndcg: 66.36, took: 6.08s
Epoch 9, 93.6%	 loss: 2.118 acc@1: 45.74 mrr: 61.52, ndcg: 67.35, took: 5.95s
Epoch 9, 95.7%	 loss: 2.080 acc@1: 45.74 mrr: 61.60, ndcg: 67.36, took: 6.15s
Epoch 9, 97.9%	 loss: 2.180 acc@1: 43.44 mrr: 59.68, ndcg: 65.72, took: 6.03s
Epoch 9, 100.0%	 loss: 2.139 acc@1: 44.77 mrr: 60.69, ndcg: 66.66, took: 6.32s
Validation - loss: 2.9771, acc@1: 43.51%, f1: 35.82%, mrr: 58.23%, ndcg: 63.84%
Current learning rate: 0.001708

=== Epoch 10 ===
Epoch 10, 2.1%	 loss: 2.004 acc@1: 46.48 mrr: 62.04, ndcg: 68.05, took: 6.19s
Epoch 10, 4.3%	 loss: 2.052 acc@1: 45.66 mrr: 61.43, ndcg: 67.29, took: 5.90s
Epoch 10, 6.4%	 loss: 1.956 acc@1: 46.95 mrr: 62.93, ndcg: 68.70, took: 6.01s
Epoch 10, 8.5%	 loss: 2.055 acc@1: 45.00 mrr: 61.18, ndcg: 67.22, took: 6.26s
Epoch 10, 10.6%	 loss: 2.008 acc@1: 45.86 mrr: 62.06, ndcg: 67.86, took: 6.00s
Epoch 10, 12.8%	 loss: 1.991 acc@1: 45.27 mrr: 61.83, ndcg: 67.83, took: 6.23s
Epoch 10, 14.9%	 loss: 1.972 acc@1: 46.56 mrr: 62.67, ndcg: 68.59, took: 6.06s
Epoch 10, 17.0%	 loss: 1.924 acc@1: 47.11 mrr: 63.47, ndcg: 69.44, took: 5.97s
Epoch 10, 19.1%	 loss: 2.040 acc@1: 44.96 mrr: 61.27, ndcg: 67.20, took: 5.95s
Epoch 10, 21.3%	 loss: 2.028 acc@1: 45.82 mrr: 61.97, ndcg: 67.79, took: 6.00s
Epoch 10, 23.4%	 loss: 2.077 acc@1: 44.30 mrr: 60.80, ndcg: 66.81, took: 6.15s
Epoch 10, 25.5%	 loss: 2.018 acc@1: 46.64 mrr: 62.50, ndcg: 68.25, took: 5.97s
Epoch 10, 27.7%	 loss: 2.011 acc@1: 45.66 mrr: 61.88, ndcg: 68.02, took: 5.92s
Epoch 10, 29.8%	 loss: 2.020 acc@1: 47.34 mrr: 62.45, ndcg: 68.20, took: 6.26s
Epoch 10, 31.9%	 loss: 2.064 acc@1: 44.84 mrr: 61.38, ndcg: 67.22, took: 6.34s
Epoch 10, 34.0%	 loss: 2.011 acc@1: 45.04 mrr: 61.84, ndcg: 67.88, took: 6.10s
Epoch 10, 36.2%	 loss: 2.055 acc@1: 45.66 mrr: 61.56, ndcg: 67.38, took: 6.06s
Epoch 10, 38.3%	 loss: 2.033 acc@1: 45.27 mrr: 61.76, ndcg: 67.76, took: 6.36s
Epoch 10, 40.4%	 loss: 2.083 acc@1: 45.27 mrr: 61.30, ndcg: 67.07, took: 6.06s
Epoch 10, 42.6%	 loss: 2.067 acc@1: 45.35 mrr: 61.41, ndcg: 67.37, took: 6.24s
Epoch 10, 44.7%	 loss: 2.104 acc@1: 43.40 mrr: 60.25, ndcg: 66.51, took: 6.37s
Epoch 10, 46.8%	 loss: 2.096 acc@1: 44.14 mrr: 60.64, ndcg: 66.59, took: 5.98s
Epoch 10, 48.9%	 loss: 2.030 acc@1: 46.88 mrr: 62.60, ndcg: 68.28, took: 5.97s
Epoch 10, 51.1%	 loss: 2.079 acc@1: 44.34 mrr: 60.69, ndcg: 66.72, took: 6.39s
Epoch 10, 53.2%	 loss: 2.107 acc@1: 43.75 mrr: 60.40, ndcg: 66.22, took: 6.06s
Epoch 10, 55.3%	 loss: 2.094 acc@1: 44.69 mrr: 61.02, ndcg: 66.94, took: 5.94s
Epoch 10, 57.4%	 loss: 2.171 acc@1: 43.40 mrr: 59.85, ndcg: 65.93, took: 6.27s
Epoch 10, 59.6%	 loss: 2.016 acc@1: 46.72 mrr: 62.71, ndcg: 68.56, took: 6.15s
Epoch 10, 61.7%	 loss: 2.121 acc@1: 45.66 mrr: 61.20, ndcg: 67.00, took: 6.07s
Epoch 10, 63.8%	 loss: 2.092 acc@1: 44.65 mrr: 61.11, ndcg: 67.19, took: 5.97s
Epoch 10, 66.0%	 loss: 2.152 acc@1: 44.49 mrr: 60.51, ndcg: 66.36, took: 6.25s
Epoch 10, 68.1%	 loss: 2.068 acc@1: 45.55 mrr: 61.75, ndcg: 67.71, took: 6.41s
Epoch 10, 70.2%	 loss: 2.015 acc@1: 45.04 mrr: 61.91, ndcg: 67.89, took: 6.34s
Epoch 10, 72.3%	 loss: 2.099 acc@1: 44.26 mrr: 60.67, ndcg: 66.78, took: 5.74s
Epoch 10, 74.5%	 loss: 2.129 acc@1: 44.69 mrr: 60.83, ndcg: 66.57, took: 6.12s
Epoch 10, 76.6%	 loss: 2.058 acc@1: 45.59 mrr: 61.77, ndcg: 67.88, took: 6.26s
Epoch 10, 78.7%	 loss: 2.018 acc@1: 45.82 mrr: 62.14, ndcg: 68.16, took: 6.51s
Epoch 10, 80.9%	 loss: 2.093 acc@1: 44.53 mrr: 61.04, ndcg: 67.06, took: 6.09s
Epoch 10, 83.0%	 loss: 2.056 acc@1: 46.29 mrr: 62.16, ndcg: 67.99, took: 6.21s
Epoch 10, 85.1%	 loss: 2.051 acc@1: 44.34 mrr: 61.40, ndcg: 67.50, took: 6.10s
Epoch 10, 87.2%	 loss: 2.061 acc@1: 44.18 mrr: 60.93, ndcg: 67.07, took: 6.10s
Epoch 10, 89.4%	 loss: 2.093 acc@1: 43.40 mrr: 60.51, ndcg: 66.83, took: 6.15s
Epoch 10, 91.5%	 loss: 2.107 acc@1: 45.00 mrr: 60.92, ndcg: 66.74, took: 6.00s
Epoch 10, 93.6%	 loss: 2.146 acc@1: 43.87 mrr: 60.24, ndcg: 66.11, took: 6.08s
Epoch 10, 95.7%	 loss: 2.128 acc@1: 45.20 mrr: 61.12, ndcg: 66.89, took: 6.11s
Epoch 10, 97.9%	 loss: 2.159 acc@1: 43.32 mrr: 59.77, ndcg: 65.94, took: 6.08s
Epoch 10, 100.0%	 loss: 2.176 acc@1: 43.28 mrr: 59.78, ndcg: 65.76, took: 6.36s
Validation - loss: 2.9717, acc@1: 41.75%, f1: 33.94%, mrr: 57.50%, ndcg: 63.27%
Current learning rate: 0.001667

=== Epoch 11 ===
Epoch 11, 2.1%	 loss: 1.969 acc@1: 45.00 mrr: 61.60, ndcg: 68.02, took: 6.45s
Epoch 11, 4.3%	 loss: 2.030 acc@1: 43.01 mrr: 60.29, ndcg: 66.75, took: 5.74s
Epoch 11, 6.4%	 loss: 2.002 acc@1: 42.97 mrr: 60.28, ndcg: 66.80, took: 6.01s
Epoch 11, 8.5%	 loss: 1.975 acc@1: 45.31 mrr: 61.85, ndcg: 67.93, took: 6.37s
Epoch 11, 10.6%	 loss: 2.022 acc@1: 43.09 mrr: 60.21, ndcg: 66.54, took: 6.42s
Epoch 11, 12.8%	 loss: 2.004 acc@1: 44.77 mrr: 61.50, ndcg: 67.58, took: 6.37s
Epoch 11, 14.9%	 loss: 1.998 acc@1: 44.88 mrr: 61.34, ndcg: 67.46, took: 6.35s
Epoch 11, 17.0%	 loss: 2.033 acc@1: 45.47 mrr: 61.67, ndcg: 67.55, took: 6.24s
Epoch 11, 19.1%	 loss: 1.997 acc@1: 45.35 mrr: 61.77, ndcg: 67.75, took: 6.15s
Epoch 11, 21.3%	 loss: 2.035 acc@1: 45.66 mrr: 61.86, ndcg: 67.50, took: 6.47s
Epoch 11, 23.4%	 loss: 2.053 acc@1: 44.53 mrr: 60.75, ndcg: 66.90, took: 6.22s
Epoch 11, 25.5%	 loss: 2.002 acc@1: 45.27 mrr: 61.68, ndcg: 67.67, took: 6.02s
Epoch 11, 27.7%	 loss: 2.061 acc@1: 45.27 mrr: 61.14, ndcg: 67.18, took: 6.19s
Epoch 11, 29.8%	 loss: 2.035 acc@1: 46.02 mrr: 62.04, ndcg: 67.88, took: 6.20s
Epoch 11, 31.9%	 loss: 2.050 acc@1: 45.70 mrr: 61.66, ndcg: 67.41, took: 6.26s
Epoch 11, 34.0%	 loss: 2.057 acc@1: 46.45 mrr: 62.05, ndcg: 67.89, took: 6.21s
Epoch 11, 36.2%	 loss: 2.037 acc@1: 44.80 mrr: 61.32, ndcg: 67.44, took: 6.38s
Epoch 11, 38.3%	 loss: 2.082 acc@1: 45.39 mrr: 61.33, ndcg: 67.12, took: 5.94s
Epoch 11, 40.4%	 loss: 2.031 acc@1: 45.39 mrr: 61.57, ndcg: 67.63, took: 5.94s
Epoch 11, 42.6%	 loss: 2.037 acc@1: 45.47 mrr: 61.55, ndcg: 67.64, took: 6.22s
Epoch 11, 44.7%	 loss: 2.063 acc@1: 45.82 mrr: 61.98, ndcg: 67.68, took: 6.12s
Epoch 11, 46.8%	 loss: 2.134 acc@1: 43.44 mrr: 59.92, ndcg: 65.94, took: 6.11s
Epoch 11, 48.9%	 loss: 2.023 acc@1: 47.11 mrr: 62.87, ndcg: 68.52, took: 6.24s
Epoch 11, 51.1%	 loss: 2.061 acc@1: 44.30 mrr: 60.89, ndcg: 67.06, took: 6.12s
Epoch 11, 53.2%	 loss: 1.987 acc@1: 46.95 mrr: 62.71, ndcg: 68.65, took: 6.27s
Epoch 11, 55.3%	 loss: 2.071 acc@1: 45.70 mrr: 61.62, ndcg: 67.35, took: 5.87s
Epoch 11, 57.4%	 loss: 2.075 acc@1: 46.25 mrr: 61.67, ndcg: 67.48, took: 6.12s
Epoch 11, 59.6%	 loss: 2.131 acc@1: 44.30 mrr: 60.32, ndcg: 66.18, took: 6.15s
Epoch 11, 61.7%	 loss: 2.108 acc@1: 44.80 mrr: 60.77, ndcg: 66.44, took: 6.26s
Epoch 11, 63.8%	 loss: 2.033 acc@1: 44.92 mrr: 61.61, ndcg: 67.65, took: 5.96s
Epoch 11, 66.0%	 loss: 1.989 acc@1: 47.66 mrr: 63.23, ndcg: 68.94, took: 5.72s
Epoch 11, 68.1%	 loss: 2.049 acc@1: 45.20 mrr: 61.71, ndcg: 67.70, took: 5.94s
Epoch 11, 70.2%	 loss: 2.018 acc@1: 46.88 mrr: 62.58, ndcg: 68.20, took: 5.81s
Epoch 11, 72.3%	 loss: 2.023 acc@1: 45.59 mrr: 61.88, ndcg: 67.83, took: 5.50s
Epoch 11, 74.5%	 loss: 2.031 acc@1: 46.25 mrr: 62.09, ndcg: 67.95, took: 5.75s
Epoch 11, 76.6%	 loss: 2.127 acc@1: 44.45 mrr: 60.45, ndcg: 66.44, took: 5.62s
Epoch 11, 78.7%	 loss: 2.021 acc@1: 47.23 mrr: 62.69, ndcg: 68.39, took: 5.82s
Epoch 11, 80.9%	 loss: 2.083 acc@1: 45.35 mrr: 61.28, ndcg: 67.13, took: 5.80s
Epoch 11, 83.0%	 loss: 2.008 acc@1: 46.45 mrr: 62.46, ndcg: 68.37, took: 5.73s
Epoch 11, 85.1%	 loss: 2.085 acc@1: 44.65 mrr: 61.08, ndcg: 66.98, took: 5.67s
Epoch 11, 87.2%	 loss: 2.078 acc@1: 45.51 mrr: 61.55, ndcg: 67.49, took: 5.67s
Epoch 11, 89.4%	 loss: 2.046 acc@1: 46.80 mrr: 62.55, ndcg: 68.29, took: 5.41s
Epoch 11, 91.5%	 loss: 2.044 acc@1: 44.65 mrr: 61.38, ndcg: 67.47, took: 5.77s
Epoch 11, 93.6%	 loss: 2.042 acc@1: 45.98 mrr: 61.88, ndcg: 67.72, took: 6.24s
Epoch 11, 95.7%	 loss: 2.040 acc@1: 45.94 mrr: 61.88, ndcg: 67.77, took: 5.36s
Epoch 11, 97.9%	 loss: 2.029 acc@1: 46.21 mrr: 62.28, ndcg: 68.05, took: 5.34s
Epoch 11, 100.0%	 loss: 2.150 acc@1: 43.16 mrr: 59.86, ndcg: 65.98, took: 5.08s
Validation - loss: 2.9860, acc@1: 42.78%, f1: 35.08%, mrr: 57.92%, ndcg: 63.57%
Current learning rate: 0.001625

=== Epoch 12 ===
Epoch 12, 2.1%	 loss: 1.997 acc@1: 43.87 mrr: 60.87, ndcg: 67.31, took: 5.49s
Epoch 12, 4.3%	 loss: 1.993 acc@1: 46.21 mrr: 62.14, ndcg: 68.14, took: 5.63s
Epoch 12, 6.4%	 loss: 1.923 acc@1: 45.59 mrr: 62.54, ndcg: 68.93, took: 5.55s
Epoch 12, 8.5%	 loss: 1.915 acc@1: 46.88 mrr: 63.14, ndcg: 69.20, took: 5.85s
Epoch 12, 10.6%	 loss: 1.963 acc@1: 45.31 mrr: 61.98, ndcg: 68.08, took: 5.73s
Epoch 12, 12.8%	 loss: 2.012 acc@1: 45.74 mrr: 61.63, ndcg: 67.61, took: 5.64s
Epoch 12, 14.9%	 loss: 2.036 acc@1: 45.86 mrr: 61.85, ndcg: 67.50, took: 6.03s
Epoch 12, 17.0%	 loss: 1.989 acc@1: 44.18 mrr: 61.31, ndcg: 67.85, took: 5.77s
Epoch 12, 19.1%	 loss: 2.023 acc@1: 45.04 mrr: 61.27, ndcg: 67.19, took: 5.91s
Epoch 12, 21.3%	 loss: 2.070 acc@1: 44.84 mrr: 60.86, ndcg: 66.73, took: 6.02s
Epoch 12, 23.4%	 loss: 2.002 acc@1: 47.46 mrr: 62.88, ndcg: 68.61, took: 6.43s
Epoch 12, 25.5%	 loss: 2.032 acc@1: 45.23 mrr: 61.47, ndcg: 67.38, took: 6.22s
Epoch 12, 27.7%	 loss: 2.024 acc@1: 46.21 mrr: 62.05, ndcg: 67.74, took: 6.89s
Epoch 12, 29.8%	 loss: 1.954 acc@1: 47.42 mrr: 63.05, ndcg: 68.92, took: 6.48s
Epoch 12, 31.9%	 loss: 1.992 acc@1: 46.64 mrr: 62.55, ndcg: 68.30, took: 6.46s
Epoch 12, 34.0%	 loss: 2.062 acc@1: 44.80 mrr: 60.93, ndcg: 66.91, took: 6.27s
Epoch 12, 36.2%	 loss: 2.026 acc@1: 46.29 mrr: 62.01, ndcg: 67.86, took: 6.20s
Epoch 12, 38.3%	 loss: 2.001 acc@1: 45.98 mrr: 62.12, ndcg: 68.10, took: 6.01s
Epoch 12, 40.4%	 loss: 2.050 acc@1: 45.90 mrr: 61.78, ndcg: 67.64, took: 6.20s
Epoch 12, 42.6%	 loss: 2.081 acc@1: 45.27 mrr: 61.01, ndcg: 66.84, took: 6.57s
Epoch 12, 44.7%	 loss: 2.028 acc@1: 47.03 mrr: 62.40, ndcg: 68.13, took: 5.93s
Epoch 12, 46.8%	 loss: 2.088 acc@1: 44.92 mrr: 60.83, ndcg: 66.74, took: 6.25s
Epoch 12, 48.9%	 loss: 2.046 acc@1: 45.12 mrr: 61.40, ndcg: 67.40, took: 6.15s
Epoch 12, 51.1%	 loss: 2.033 acc@1: 46.99 mrr: 62.14, ndcg: 67.68, took: 6.42s
Epoch 12, 53.2%	 loss: 2.053 acc@1: 45.39 mrr: 61.50, ndcg: 67.34, took: 6.29s
Epoch 12, 55.3%	 loss: 2.015 acc@1: 45.78 mrr: 61.85, ndcg: 67.77, took: 6.05s
Epoch 12, 57.4%	 loss: 2.000 acc@1: 46.25 mrr: 62.47, ndcg: 68.45, took: 5.90s
Epoch 12, 59.6%	 loss: 2.004 acc@1: 46.88 mrr: 62.51, ndcg: 68.37, took: 6.29s
Epoch 12, 61.7%	 loss: 2.072 acc@1: 46.17 mrr: 61.66, ndcg: 67.36, took: 6.03s
Epoch 12, 63.8%	 loss: 2.092 acc@1: 44.26 mrr: 60.58, ndcg: 66.72, took: 6.22s
Epoch 12, 66.0%	 loss: 2.077 acc@1: 44.10 mrr: 60.56, ndcg: 66.62, took: 6.58s
Epoch 12, 68.1%	 loss: 1.967 acc@1: 48.24 mrr: 63.59, ndcg: 69.18, took: 6.33s
Epoch 12, 70.2%	 loss: 2.060 acc@1: 45.27 mrr: 61.36, ndcg: 67.24, took: 6.51s
Epoch 12, 72.3%	 loss: 2.082 acc@1: 45.74 mrr: 61.36, ndcg: 67.10, took: 6.49s
Epoch 12, 74.5%	 loss: 2.003 acc@1: 46.37 mrr: 62.33, ndcg: 68.22, took: 6.30s
Epoch 12, 76.6%	 loss: 2.083 acc@1: 45.94 mrr: 61.56, ndcg: 67.14, took: 6.35s
Epoch 12, 78.7%	 loss: 2.005 acc@1: 46.68 mrr: 62.55, ndcg: 68.45, took: 6.19s
Epoch 12, 80.9%	 loss: 1.970 acc@1: 46.99 mrr: 63.12, ndcg: 69.01, took: 5.95s
Epoch 12, 83.0%	 loss: 2.061 acc@1: 45.62 mrr: 61.55, ndcg: 67.68, took: 5.97s
Epoch 12, 85.1%	 loss: 2.077 acc@1: 45.35 mrr: 61.45, ndcg: 67.26, took: 5.78s
Epoch 12, 87.2%	 loss: 2.080 acc@1: 44.26 mrr: 60.90, ndcg: 66.92, took: 5.65s
Epoch 12, 89.4%	 loss: 2.135 acc@1: 45.82 mrr: 61.11, ndcg: 66.76, took: 5.86s
Epoch 12, 91.5%	 loss: 1.998 acc@1: 45.98 mrr: 62.24, ndcg: 68.17, took: 5.92s
Epoch 12, 93.6%	 loss: 2.048 acc@1: 45.94 mrr: 61.90, ndcg: 67.86, took: 5.57s
Epoch 12, 95.7%	 loss: 2.040 acc@1: 45.78 mrr: 61.80, ndcg: 67.67, took: 5.53s
Epoch 12, 97.9%	 loss: 2.080 acc@1: 44.80 mrr: 61.09, ndcg: 67.04, took: 5.34s
Epoch 12, 100.0%	 loss: 2.021 acc@1: 45.74 mrr: 61.82, ndcg: 67.80, took: 5.43s
Validation - loss: 2.9804, acc@1: 43.56%, f1: 35.45%, mrr: 58.36%, ndcg: 63.89%
Current learning rate: 0.000158

=== Epoch 13 ===
Epoch 13, 2.1%	 loss: 1.986 acc@1: 46.02 mrr: 62.38, ndcg: 68.57, took: 5.46s
Epoch 13, 4.3%	 loss: 2.048 acc@1: 47.30 mrr: 62.30, ndcg: 68.04, took: 5.42s
Epoch 13, 6.4%	 loss: 1.958 acc@1: 47.27 mrr: 63.01, ndcg: 68.95, took: 5.54s
Epoch 13, 8.5%	 loss: 2.022 acc@1: 48.87 mrr: 63.50, ndcg: 68.80, took: 5.64s
Epoch 13, 10.6%	 loss: 1.909 acc@1: 47.66 mrr: 63.74, ndcg: 69.68, took: 5.80s
Epoch 13, 12.8%	 loss: 1.902 acc@1: 49.14 mrr: 64.25, ndcg: 70.08, took: 5.82s
Epoch 13, 14.9%	 loss: 1.951 acc@1: 48.71 mrr: 63.84, ndcg: 69.59, took: 6.12s
Epoch 13, 17.0%	 loss: 1.906 acc@1: 48.95 mrr: 64.30, ndcg: 69.99, took: 6.13s
Epoch 13, 19.1%	 loss: 2.007 acc@1: 47.81 mrr: 62.89, ndcg: 68.65, took: 6.80s
Epoch 13, 21.3%	 loss: 2.004 acc@1: 47.85 mrr: 63.13, ndcg: 68.81, took: 6.50s
Epoch 13, 23.4%	 loss: 1.977 acc@1: 48.79 mrr: 63.78, ndcg: 69.43, took: 6.46s
Epoch 13, 25.5%	 loss: 1.952 acc@1: 48.63 mrr: 63.83, ndcg: 69.38, took: 6.61s
Epoch 13, 27.7%	 loss: 1.890 acc@1: 50.04 mrr: 64.78, ndcg: 70.44, took: 6.71s
Epoch 13, 29.8%	 loss: 1.895 acc@1: 49.57 mrr: 64.75, ndcg: 70.58, took: 6.30s
Epoch 13, 31.9%	 loss: 1.974 acc@1: 48.32 mrr: 63.34, ndcg: 69.12, took: 6.56s
Epoch 13, 34.0%	 loss: 2.000 acc@1: 49.10 mrr: 63.67, ndcg: 69.19, took: 6.44s
Epoch 13, 36.2%	 loss: 1.971 acc@1: 49.49 mrr: 63.92, ndcg: 69.45, took: 6.62s
Epoch 13, 38.3%	 loss: 1.989 acc@1: 46.68 mrr: 62.39, ndcg: 68.43, took: 6.48s
Epoch 13, 40.4%	 loss: 1.933 acc@1: 47.97 mrr: 63.33, ndcg: 69.29, took: 6.84s
Epoch 13, 42.6%	 loss: 1.939 acc@1: 48.91 mrr: 64.06, ndcg: 69.75, took: 6.33s
Epoch 13, 44.7%	 loss: 1.971 acc@1: 48.32 mrr: 63.43, ndcg: 69.07, took: 6.68s
Epoch 13, 46.8%	 loss: 1.950 acc@1: 49.80 mrr: 64.43, ndcg: 70.01, took: 6.37s
Epoch 13, 48.9%	 loss: 1.972 acc@1: 49.30 mrr: 63.95, ndcg: 69.52, took: 6.66s
Epoch 13, 51.1%	 loss: 1.930 acc@1: 48.63 mrr: 64.12, ndcg: 69.90, took: 6.74s
Epoch 13, 53.2%	 loss: 1.951 acc@1: 48.59 mrr: 63.81, ndcg: 69.67, took: 6.64s
Epoch 13, 55.3%	 loss: 1.994 acc@1: 48.40 mrr: 63.25, ndcg: 68.87, took: 6.26s
Epoch 13, 57.4%	 loss: 1.904 acc@1: 50.16 mrr: 64.91, ndcg: 70.54, took: 6.30s
Epoch 13, 59.6%	 loss: 1.935 acc@1: 49.02 mrr: 64.13, ndcg: 69.75, took: 6.36s
Epoch 13, 61.7%	 loss: 1.909 acc@1: 48.01 mrr: 63.56, ndcg: 69.60, took: 6.64s
Epoch 13, 63.8%	 loss: 1.955 acc@1: 48.71 mrr: 63.73, ndcg: 69.52, took: 6.21s
Epoch 13, 66.0%	 loss: 1.956 acc@1: 48.05 mrr: 63.30, ndcg: 69.13, took: 6.42s
Epoch 13, 68.1%	 loss: 1.898 acc@1: 49.92 mrr: 64.88, ndcg: 70.50, took: 6.56s
Epoch 13, 70.2%	 loss: 2.000 acc@1: 48.12 mrr: 63.11, ndcg: 68.78, took: 6.70s
Epoch 13, 72.3%	 loss: 1.950 acc@1: 48.59 mrr: 63.58, ndcg: 69.24, took: 6.42s
Epoch 13, 74.5%	 loss: 1.997 acc@1: 48.79 mrr: 63.36, ndcg: 68.82, took: 6.54s
Epoch 13, 76.6%	 loss: 1.978 acc@1: 49.49 mrr: 64.04, ndcg: 69.63, took: 6.54s
Epoch 13, 78.7%	 loss: 1.983 acc@1: 47.50 mrr: 62.99, ndcg: 68.93, took: 6.48s
Epoch 13, 80.9%	 loss: 1.910 acc@1: 50.08 mrr: 64.87, ndcg: 70.39, took: 6.43s
Epoch 13, 83.0%	 loss: 1.928 acc@1: 51.17 mrr: 65.13, ndcg: 70.22, took: 6.38s
Epoch 13, 85.1%	 loss: 2.008 acc@1: 48.79 mrr: 63.26, ndcg: 68.69, took: 6.78s
Epoch 13, 87.2%	 loss: 1.958 acc@1: 48.24 mrr: 63.48, ndcg: 69.36, took: 6.41s
Epoch 13, 89.4%	 loss: 1.933 acc@1: 49.57 mrr: 64.17, ndcg: 69.72, took: 6.36s
Epoch 13, 91.5%	 loss: 1.918 acc@1: 48.59 mrr: 64.03, ndcg: 69.88, took: 6.73s
Epoch 13, 93.6%	 loss: 1.944 acc@1: 50.39 mrr: 64.38, ndcg: 69.61, took: 6.83s
Epoch 13, 95.7%	 loss: 2.010 acc@1: 48.91 mrr: 63.32, ndcg: 68.86, took: 6.73s
Epoch 13, 97.9%	 loss: 1.936 acc@1: 48.87 mrr: 63.78, ndcg: 69.55, took: 6.40s
Epoch 13, 100.0%	 loss: 1.990 acc@1: 49.38 mrr: 63.77, ndcg: 69.08, took: 6.27s
Validation - loss: 2.8942, acc@1: 47.13%, f1: 39.43%, mrr: 60.50%, ndcg: 65.64%
Current learning rate: 0.000158

=== Epoch 14 ===
Epoch 14, 2.1%	 loss: 1.865 acc@1: 51.48 mrr: 65.82, ndcg: 71.46, took: 6.72s
Epoch 14, 4.3%	 loss: 1.914 acc@1: 49.96 mrr: 64.46, ndcg: 70.07, took: 6.69s
Epoch 14, 6.4%	 loss: 1.923 acc@1: 49.49 mrr: 64.24, ndcg: 69.88, took: 6.00s
Epoch 14, 8.5%	 loss: 1.892 acc@1: 49.57 mrr: 64.67, ndcg: 70.41, took: 5.85s
Epoch 14, 10.6%	 loss: 1.895 acc@1: 49.73 mrr: 64.67, ndcg: 70.39, took: 5.99s
Epoch 14, 12.8%	 loss: 1.922 acc@1: 47.93 mrr: 63.46, ndcg: 69.42, took: 5.91s
Epoch 14, 14.9%	 loss: 1.914 acc@1: 50.08 mrr: 64.80, ndcg: 70.38, took: 5.95s
Epoch 14, 17.0%	 loss: 1.938 acc@1: 49.10 mrr: 63.83, ndcg: 69.44, took: 6.40s
Epoch 14, 19.1%	 loss: 1.923 acc@1: 49.80 mrr: 64.22, ndcg: 69.76, took: 6.01s
Epoch 14, 21.3%	 loss: 1.952 acc@1: 48.12 mrr: 63.43, ndcg: 69.34, took: 5.69s
Epoch 14, 23.4%	 loss: 1.941 acc@1: 50.35 mrr: 64.62, ndcg: 70.05, took: 5.91s
Epoch 14, 25.5%	 loss: 2.000 acc@1: 48.87 mrr: 63.18, ndcg: 68.71, took: 6.02s
Epoch 14, 27.7%	 loss: 1.932 acc@1: 49.96 mrr: 64.69, ndcg: 69.99, took: 6.14s
Epoch 14, 29.8%	 loss: 1.887 acc@1: 50.66 mrr: 65.30, ndcg: 70.81, took: 5.85s
Epoch 14, 31.9%	 loss: 1.963 acc@1: 49.26 mrr: 64.03, ndcg: 69.52, took: 5.58s
Epoch 14, 34.0%	 loss: 1.922 acc@1: 49.41 mrr: 64.16, ndcg: 69.87, took: 5.42s
Epoch 14, 36.2%	 loss: 1.997 acc@1: 49.30 mrr: 63.64, ndcg: 69.10, took: 5.83s
Epoch 14, 38.3%	 loss: 1.896 acc@1: 49.61 mrr: 64.48, ndcg: 70.28, took: 6.13s
Epoch 14, 40.4%	 loss: 1.917 acc@1: 48.83 mrr: 64.03, ndcg: 69.83, took: 5.63s
Epoch 14, 42.6%	 loss: 1.981 acc@1: 48.55 mrr: 63.48, ndcg: 69.17, took: 5.70s
Epoch 14, 44.7%	 loss: 1.887 acc@1: 49.69 mrr: 64.64, ndcg: 70.38, took: 5.76s
Epoch 14, 46.8%	 loss: 1.895 acc@1: 51.02 mrr: 65.11, ndcg: 70.55, took: 5.61s
Epoch 14, 48.9%	 loss: 1.877 acc@1: 50.00 mrr: 64.99, ndcg: 70.75, took: 5.90s
Epoch 14, 51.1%	 loss: 1.965 acc@1: 48.24 mrr: 63.24, ndcg: 68.79, took: 5.69s
Epoch 14, 53.2%	 loss: 1.910 acc@1: 50.90 mrr: 64.85, ndcg: 70.21, took: 5.72s
Epoch 14, 55.3%	 loss: 1.932 acc@1: 48.24 mrr: 63.51, ndcg: 69.31, took: 5.62s
Epoch 14, 57.4%	 loss: 1.935 acc@1: 49.77 mrr: 64.37, ndcg: 69.93, took: 5.77s
Epoch 14, 59.6%	 loss: 1.863 acc@1: 50.51 mrr: 65.28, ndcg: 70.91, took: 5.87s
Epoch 14, 61.7%	 loss: 1.954 acc@1: 49.53 mrr: 64.13, ndcg: 69.68, took: 5.46s
Epoch 14, 63.8%	 loss: 1.928 acc@1: 50.12 mrr: 64.42, ndcg: 69.83, took: 5.98s
Epoch 14, 66.0%	 loss: 1.953 acc@1: 50.94 mrr: 64.77, ndcg: 69.83, took: 5.81s
Epoch 14, 68.1%	 loss: 1.885 acc@1: 51.29 mrr: 65.32, ndcg: 70.84, took: 5.72s
Epoch 14, 70.2%	 loss: 1.929 acc@1: 49.06 mrr: 64.01, ndcg: 69.65, took: 5.56s
Epoch 14, 72.3%	 loss: 1.866 acc@1: 50.55 mrr: 65.42, ndcg: 71.11, took: 5.51s
Epoch 14, 74.5%	 loss: 1.971 acc@1: 48.98 mrr: 63.48, ndcg: 69.20, took: 5.29s
Epoch 14, 76.6%	 loss: 1.911 acc@1: 49.10 mrr: 64.04, ndcg: 69.80, took: 5.04s
Epoch 14, 78.7%	 loss: 1.920 acc@1: 49.80 mrr: 64.45, ndcg: 70.10, took: 4.97s
Epoch 14, 80.9%	 loss: 1.941 acc@1: 48.52 mrr: 63.70, ndcg: 69.42, took: 4.97s
Epoch 14, 83.0%	 loss: 1.910 acc@1: 49.96 mrr: 64.62, ndcg: 70.17, took: 5.13s
Epoch 14, 85.1%	 loss: 1.919 acc@1: 50.12 mrr: 64.75, ndcg: 70.36, took: 5.03s
Epoch 14, 87.2%	 loss: 1.904 acc@1: 50.20 mrr: 64.64, ndcg: 70.38, took: 5.30s
Epoch 14, 89.4%	 loss: 1.974 acc@1: 48.67 mrr: 63.54, ndcg: 69.20, took: 5.18s
Epoch 14, 91.5%	 loss: 1.842 acc@1: 51.56 mrr: 65.93, ndcg: 71.60, took: 5.12s
Epoch 14, 93.6%	 loss: 1.926 acc@1: 50.31 mrr: 64.76, ndcg: 70.06, took: 5.34s
Epoch 14, 95.7%	 loss: 1.913 acc@1: 49.53 mrr: 64.40, ndcg: 69.99, took: 5.09s
Epoch 14, 97.9%	 loss: 1.843 acc@1: 51.17 mrr: 65.92, ndcg: 71.48, took: 5.33s
Epoch 14, 100.0%	 loss: 1.886 acc@1: 49.73 mrr: 64.55, ndcg: 70.18, took: 5.32s
Validation - loss: 2.8928, acc@1: 47.84%, f1: 40.09%, mrr: 60.92%, ndcg: 66.00%
Current learning rate: 0.000158

=== Epoch 15 ===
Epoch 15, 2.1%	 loss: 1.910 acc@1: 49.10 mrr: 64.08, ndcg: 70.04, took: 5.43s
Epoch 15, 4.3%	 loss: 1.949 acc@1: 48.95 mrr: 63.67, ndcg: 69.52, took: 5.53s
Epoch 15, 6.4%	 loss: 1.895 acc@1: 50.35 mrr: 64.73, ndcg: 70.32, took: 5.24s
Epoch 15, 8.5%	 loss: 1.882 acc@1: 51.17 mrr: 65.32, ndcg: 70.80, took: 4.91s
Epoch 15, 10.6%	 loss: 1.880 acc@1: 49.80 mrr: 64.65, ndcg: 70.44, took: 5.26s
Epoch 15, 12.8%	 loss: 1.888 acc@1: 51.13 mrr: 65.57, ndcg: 71.13, took: 5.24s
Epoch 15, 14.9%	 loss: 1.875 acc@1: 51.13 mrr: 65.45, ndcg: 70.99, took: 5.57s
Epoch 15, 17.0%	 loss: 1.873 acc@1: 49.84 mrr: 64.73, ndcg: 70.63, took: 5.23s
Epoch 15, 19.1%	 loss: 1.861 acc@1: 51.80 mrr: 65.88, ndcg: 71.24, took: 5.52s
Epoch 15, 21.3%	 loss: 1.901 acc@1: 49.14 mrr: 64.20, ndcg: 70.03, took: 5.38s
Epoch 15, 23.4%	 loss: 1.850 acc@1: 51.76 mrr: 65.94, ndcg: 71.47, took: 4.71s
Epoch 15, 25.5%	 loss: 1.875 acc@1: 49.53 mrr: 64.60, ndcg: 70.34, took: 5.40s
Epoch 15, 27.7%	 loss: 1.905 acc@1: 49.69 mrr: 64.62, ndcg: 70.10, took: 5.17s
Epoch 15, 29.8%	 loss: 1.936 acc@1: 48.01 mrr: 63.34, ndcg: 69.12, took: 5.41s
Epoch 15, 31.9%	 loss: 1.892 acc@1: 51.72 mrr: 65.39, ndcg: 70.71, took: 5.22s
Epoch 15, 34.0%	 loss: 1.853 acc@1: 51.17 mrr: 65.66, ndcg: 71.25, took: 4.90s
Epoch 15, 36.2%	 loss: 1.931 acc@1: 49.69 mrr: 64.24, ndcg: 69.75, took: 4.82s
Epoch 15, 38.3%	 loss: 1.922 acc@1: 50.55 mrr: 64.67, ndcg: 70.05, took: 4.92s
Epoch 15, 40.4%	 loss: 1.919 acc@1: 49.96 mrr: 64.64, ndcg: 70.25, took: 5.40s
Epoch 15, 42.6%	 loss: 1.885 acc@1: 49.34 mrr: 64.30, ndcg: 69.96, took: 5.26s
Epoch 15, 44.7%	 loss: 1.863 acc@1: 51.41 mrr: 65.65, ndcg: 71.10, took: 5.22s
Epoch 15, 46.8%	 loss: 1.936 acc@1: 48.24 mrr: 63.54, ndcg: 69.27, took: 5.31s
Epoch 15, 48.9%	 loss: 1.921 acc@1: 49.53 mrr: 64.50, ndcg: 69.98, took: 5.07s
Epoch 15, 51.1%	 loss: 1.846 acc@1: 50.98 mrr: 65.55, ndcg: 71.00, took: 5.23s
Epoch 15, 53.2%	 loss: 1.953 acc@1: 49.26 mrr: 63.68, ndcg: 69.21, took: 5.10s
Epoch 15, 55.3%	 loss: 1.881 acc@1: 49.38 mrr: 64.55, ndcg: 70.49, took: 5.10s
Epoch 15, 57.4%	 loss: 1.981 acc@1: 48.12 mrr: 63.03, ndcg: 68.73, took: 4.85s
Epoch 15, 59.6%	 loss: 1.943 acc@1: 48.95 mrr: 63.60, ndcg: 69.24, took: 5.38s
Epoch 15, 61.7%	 loss: 1.901 acc@1: 50.35 mrr: 64.78, ndcg: 70.23, took: 5.19s
Epoch 15, 63.8%	 loss: 1.873 acc@1: 50.82 mrr: 65.24, ndcg: 70.79, took: 5.42s
Epoch 15, 66.0%	 loss: 1.925 acc@1: 49.38 mrr: 64.06, ndcg: 69.70, took: 4.90s
Epoch 15, 68.1%	 loss: 1.864 acc@1: 50.82 mrr: 65.52, ndcg: 71.08, took: 4.89s
Epoch 15, 70.2%	 loss: 1.915 acc@1: 50.20 mrr: 64.46, ndcg: 70.07, took: 5.24s
Epoch 15, 72.3%	 loss: 1.917 acc@1: 50.20 mrr: 64.83, ndcg: 70.14, took: 5.30s
Epoch 15, 74.5%	 loss: 1.884 acc@1: 51.76 mrr: 65.54, ndcg: 71.06, took: 5.16s
Epoch 15, 76.6%	 loss: 1.974 acc@1: 48.16 mrr: 63.25, ndcg: 68.90, took: 5.50s
Epoch 15, 78.7%	 loss: 1.926 acc@1: 49.53 mrr: 64.09, ndcg: 69.88, took: 4.85s
Epoch 15, 80.9%	 loss: 1.932 acc@1: 49.41 mrr: 64.20, ndcg: 69.79, took: 5.16s
Epoch 15, 83.0%	 loss: 1.890 acc@1: 50.94 mrr: 65.26, ndcg: 70.61, took: 5.16s
Epoch 15, 85.1%	 loss: 1.935 acc@1: 50.00 mrr: 64.24, ndcg: 69.77, took: 4.90s
Epoch 15, 87.2%	 loss: 1.874 acc@1: 50.12 mrr: 64.87, ndcg: 70.48, took: 5.01s
Epoch 15, 89.4%	 loss: 1.936 acc@1: 48.83 mrr: 63.77, ndcg: 69.29, took: 5.25s
Epoch 15, 91.5%	 loss: 1.948 acc@1: 48.75 mrr: 63.40, ndcg: 69.05, took: 5.26s
Epoch 15, 93.6%	 loss: 1.916 acc@1: 50.27 mrr: 64.56, ndcg: 70.11, took: 5.21s
Epoch 15, 95.7%	 loss: 1.876 acc@1: 49.92 mrr: 64.99, ndcg: 70.73, took: 5.05s
Epoch 15, 97.9%	 loss: 1.877 acc@1: 50.59 mrr: 65.15, ndcg: 70.77, took: 5.23s
Epoch 15, 100.0%	 loss: 1.834 acc@1: 50.78 mrr: 65.62, ndcg: 71.23, took: 5.36s
Validation - loss: 2.8960, acc@1: 47.75%, f1: 39.78%, mrr: 60.83%, ndcg: 65.96%
Current learning rate: 0.000158

=== Epoch 16 ===
Epoch 16, 2.1%	 loss: 1.853 acc@1: 50.23 mrr: 64.93, ndcg: 70.63, took: 5.35s
Epoch 16, 4.3%	 loss: 1.841 acc@1: 50.08 mrr: 65.07, ndcg: 70.93, took: 4.73s
Epoch 16, 6.4%	 loss: 1.861 acc@1: 50.74 mrr: 65.05, ndcg: 70.73, took: 5.14s
Epoch 16, 8.5%	 loss: 1.870 acc@1: 50.98 mrr: 65.09, ndcg: 70.69, took: 5.20s
Epoch 16, 10.6%	 loss: 1.886 acc@1: 49.49 mrr: 64.40, ndcg: 70.17, took: 5.30s
Epoch 16, 12.8%	 loss: 1.951 acc@1: 48.32 mrr: 63.34, ndcg: 69.22, took: 5.32s
Epoch 16, 14.9%	 loss: 1.895 acc@1: 49.49 mrr: 64.30, ndcg: 70.14, took: 5.08s
Epoch 16, 17.0%	 loss: 1.903 acc@1: 48.91 mrr: 64.33, ndcg: 70.15, took: 5.44s
Epoch 16, 19.1%	 loss: 1.900 acc@1: 48.98 mrr: 64.15, ndcg: 70.02, took: 5.18s
Epoch 16, 21.3%	 loss: 1.841 acc@1: 50.16 mrr: 65.09, ndcg: 70.88, took: 5.20s
Epoch 16, 23.4%	 loss: 1.945 acc@1: 48.28 mrr: 63.50, ndcg: 69.28, took: 5.26s
Epoch 16, 25.5%	 loss: 1.912 acc@1: 50.59 mrr: 64.83, ndcg: 70.19, took: 5.50s
Epoch 16, 27.7%	 loss: 1.903 acc@1: 49.22 mrr: 63.96, ndcg: 69.80, took: 5.36s
Epoch 16, 29.8%	 loss: 1.815 acc@1: 50.98 mrr: 65.86, ndcg: 71.51, took: 4.71s
Epoch 16, 31.9%	 loss: 1.941 acc@1: 48.67 mrr: 63.54, ndcg: 69.25, took: 5.01s
Epoch 16, 34.0%	 loss: 1.840 acc@1: 51.56 mrr: 65.86, ndcg: 71.39, took: 5.30s
Epoch 16, 36.2%	 loss: 1.863 acc@1: 50.66 mrr: 65.11, ndcg: 70.52, took: 4.93s
Epoch 16, 38.3%	 loss: 1.867 acc@1: 51.29 mrr: 65.49, ndcg: 70.86, took: 5.14s
Epoch 16, 40.4%	 loss: 1.816 acc@1: 52.23 mrr: 66.25, ndcg: 71.80, took: 5.28s
Epoch 16, 42.6%	 loss: 1.891 acc@1: 50.12 mrr: 64.78, ndcg: 70.27, took: 5.54s
Epoch 16, 44.7%	 loss: 1.874 acc@1: 51.41 mrr: 65.49, ndcg: 70.94, took: 5.26s
Epoch 16, 46.8%	 loss: 1.926 acc@1: 49.14 mrr: 63.88, ndcg: 69.51, took: 5.54s
Epoch 16, 48.9%	 loss: 1.905 acc@1: 50.43 mrr: 64.68, ndcg: 70.02, took: 5.48s
Epoch 16, 51.1%	 loss: 1.861 acc@1: 51.02 mrr: 65.44, ndcg: 70.76, took: 4.75s
Epoch 16, 53.2%	 loss: 1.953 acc@1: 49.84 mrr: 64.11, ndcg: 69.46, took: 5.19s
Epoch 16, 55.3%	 loss: 1.950 acc@1: 48.36 mrr: 63.57, ndcg: 69.25, took: 5.13s
Epoch 16, 57.4%	 loss: 1.819 acc@1: 51.60 mrr: 65.99, ndcg: 71.42, took: 5.29s
Epoch 16, 59.6%	 loss: 1.876 acc@1: 50.86 mrr: 65.04, ndcg: 70.54, took: 5.54s
Epoch 16, 61.7%	 loss: 1.844 acc@1: 50.59 mrr: 65.24, ndcg: 70.92, took: 5.26s
Epoch 16, 63.8%	 loss: 1.850 acc@1: 50.90 mrr: 65.52, ndcg: 71.03, took: 5.13s
Epoch 16, 66.0%	 loss: 1.953 acc@1: 48.87 mrr: 63.64, ndcg: 69.21, took: 5.23s
Epoch 16, 68.1%	 loss: 1.849 acc@1: 50.43 mrr: 65.37, ndcg: 71.07, took: 5.19s
Epoch 16, 70.2%	 loss: 1.936 acc@1: 49.26 mrr: 63.87, ndcg: 69.46, took: 5.34s
Epoch 16, 72.3%	 loss: 1.989 acc@1: 47.58 mrr: 62.49, ndcg: 68.52, took: 5.30s
Epoch 16, 74.5%	 loss: 1.888 acc@1: 50.31 mrr: 64.97, ndcg: 70.47, took: 5.24s
Epoch 16, 76.6%	 loss: 1.875 acc@1: 50.74 mrr: 65.05, ndcg: 70.73, took: 5.13s
Epoch 16, 78.7%	 loss: 1.908 acc@1: 50.66 mrr: 64.89, ndcg: 70.33, took: 5.29s
Epoch 16, 80.9%	 loss: 1.940 acc@1: 49.61 mrr: 64.17, ndcg: 69.70, took: 5.21s
Epoch 16, 83.0%	 loss: 1.861 acc@1: 51.33 mrr: 65.58, ndcg: 71.03, took: 5.10s
Epoch 16, 85.1%	 loss: 1.897 acc@1: 49.65 mrr: 64.56, ndcg: 70.18, took: 4.69s
Epoch 16, 87.2%	 loss: 1.937 acc@1: 51.02 mrr: 64.92, ndcg: 70.21, took: 4.96s
Epoch 16, 89.4%	 loss: 1.892 acc@1: 49.10 mrr: 64.22, ndcg: 69.95, took: 5.28s
Epoch 16, 91.5%	 loss: 1.910 acc@1: 49.61 mrr: 64.29, ndcg: 69.91, took: 5.61s
Epoch 16, 93.6%	 loss: 1.945 acc@1: 49.53 mrr: 64.03, ndcg: 69.50, took: 5.29s
Epoch 16, 95.7%	 loss: 1.880 acc@1: 50.66 mrr: 65.23, ndcg: 70.71, took: 4.95s
Epoch 16, 97.9%	 loss: 1.886 acc@1: 50.16 mrr: 64.59, ndcg: 70.28, took: 5.22s
Epoch 16, 100.0%	 loss: 1.928 acc@1: 50.74 mrr: 64.69, ndcg: 70.05, took: 5.14s
Validation - loss: 2.8968, acc@1: 47.80%, f1: 39.99%, mrr: 60.89%, ndcg: 65.98%
Current learning rate: 0.000158

=== Epoch 17 ===
Epoch 17, 2.1%	 loss: 1.823 acc@1: 51.33 mrr: 65.74, ndcg: 71.34, took: 5.25s
Epoch 17, 4.3%	 loss: 1.843 acc@1: 50.16 mrr: 65.11, ndcg: 70.78, took: 5.22s
Epoch 17, 6.4%	 loss: 1.864 acc@1: 51.21 mrr: 65.30, ndcg: 70.77, took: 5.19s
Epoch 17, 8.5%	 loss: 1.894 acc@1: 49.77 mrr: 64.27, ndcg: 69.89, took: 5.29s
Epoch 17, 10.6%	 loss: 1.903 acc@1: 50.16 mrr: 64.65, ndcg: 70.25, took: 5.62s
Epoch 17, 12.8%	 loss: 1.905 acc@1: 51.72 mrr: 65.25, ndcg: 70.46, took: 5.17s
Epoch 17, 14.9%	 loss: 1.890 acc@1: 51.84 mrr: 65.54, ndcg: 70.90, took: 5.24s
Epoch 17, 17.0%	 loss: 1.889 acc@1: 49.92 mrr: 64.57, ndcg: 70.19, took: 4.97s
Epoch 17, 19.1%	 loss: 1.913 acc@1: 49.14 mrr: 63.85, ndcg: 69.69, took: 5.20s
Epoch 17, 21.3%	 loss: 1.884 acc@1: 48.63 mrr: 64.13, ndcg: 70.07, took: 4.94s
Epoch 17, 23.4%	 loss: 1.871 acc@1: 50.27 mrr: 65.06, ndcg: 70.59, took: 5.29s
Epoch 17, 25.5%	 loss: 1.877 acc@1: 50.31 mrr: 64.90, ndcg: 70.26, took: 5.27s
Epoch 17, 27.7%	 loss: 1.865 acc@1: 50.94 mrr: 65.12, ndcg: 70.49, took: 5.11s
Epoch 17, 29.8%	 loss: 1.901 acc@1: 48.48 mrr: 63.63, ndcg: 69.53, took: 5.09s
Epoch 17, 31.9%	 loss: 1.931 acc@1: 48.59 mrr: 63.56, ndcg: 69.36, took: 5.08s
Epoch 17, 34.0%	 loss: 1.834 acc@1: 52.70 mrr: 66.69, ndcg: 71.92, took: 4.92s
Epoch 17, 36.2%	 loss: 1.956 acc@1: 49.38 mrr: 63.90, ndcg: 69.34, took: 4.93s
Epoch 17, 38.3%	 loss: 1.910 acc@1: 49.84 mrr: 64.28, ndcg: 69.93, took: 5.04s
Epoch 17, 40.4%	 loss: 1.900 acc@1: 49.92 mrr: 64.42, ndcg: 69.84, took: 4.71s
Epoch 17, 42.6%	 loss: 1.837 acc@1: 51.29 mrr: 65.70, ndcg: 71.21, took: 4.62s
Epoch 17, 44.7%	 loss: 1.922 acc@1: 49.26 mrr: 64.04, ndcg: 69.87, took: 4.92s
Epoch 17, 46.8%	 loss: 1.919 acc@1: 47.89 mrr: 63.33, ndcg: 69.25, took: 4.63s
Epoch 17, 48.9%	 loss: 1.892 acc@1: 49.61 mrr: 64.45, ndcg: 70.13, took: 4.62s
Epoch 17, 51.1%	 loss: 1.877 acc@1: 48.91 mrr: 64.25, ndcg: 70.12, took: 4.75s
Epoch 17, 53.2%	 loss: 1.816 acc@1: 51.45 mrr: 65.82, ndcg: 71.39, took: 4.68s
Epoch 17, 55.3%	 loss: 1.875 acc@1: 51.41 mrr: 65.54, ndcg: 70.93, took: 4.72s
Epoch 17, 57.4%	 loss: 1.819 acc@1: 51.88 mrr: 66.30, ndcg: 71.71, took: 4.82s
Epoch 17, 59.6%	 loss: 1.855 acc@1: 50.74 mrr: 65.38, ndcg: 71.03, took: 4.69s
Epoch 17, 61.7%	 loss: 1.893 acc@1: 49.88 mrr: 64.41, ndcg: 70.28, took: 4.67s
Epoch 17, 63.8%	 loss: 1.909 acc@1: 49.45 mrr: 64.33, ndcg: 70.00, took: 4.64s
Epoch 17, 66.0%	 loss: 1.885 acc@1: 49.88 mrr: 64.49, ndcg: 70.18, took: 4.53s
Epoch 17, 68.1%	 loss: 1.844 acc@1: 51.13 mrr: 65.49, ndcg: 71.02, took: 4.54s
Epoch 17, 70.2%	 loss: 1.870 acc@1: 51.91 mrr: 65.80, ndcg: 71.06, took: 4.37s
Epoch 17, 72.3%	 loss: 1.931 acc@1: 49.49 mrr: 64.12, ndcg: 69.64, took: 4.71s
Epoch 17, 74.5%	 loss: 1.807 acc@1: 51.99 mrr: 66.16, ndcg: 71.54, took: 4.73s
Epoch 17, 76.6%	 loss: 1.899 acc@1: 50.43 mrr: 64.79, ndcg: 70.23, took: 4.57s
Epoch 17, 78.7%	 loss: 1.925 acc@1: 50.78 mrr: 64.71, ndcg: 70.21, took: 4.72s
Epoch 17, 80.9%	 loss: 1.910 acc@1: 49.80 mrr: 64.43, ndcg: 69.95, took: 4.58s
Epoch 17, 83.0%	 loss: 1.850 acc@1: 51.84 mrr: 65.92, ndcg: 71.35, took: 4.60s
Epoch 17, 85.1%	 loss: 1.887 acc@1: 51.45 mrr: 65.33, ndcg: 70.68, took: 4.62s
Epoch 17, 87.2%	 loss: 1.914 acc@1: 50.04 mrr: 64.55, ndcg: 70.01, took: 4.41s
Epoch 17, 89.4%	 loss: 1.924 acc@1: 48.95 mrr: 63.67, ndcg: 69.48, took: 4.86s
Epoch 17, 91.5%	 loss: 1.888 acc@1: 49.84 mrr: 64.46, ndcg: 70.13, took: 4.56s
Epoch 17, 93.6%	 loss: 1.917 acc@1: 49.30 mrr: 64.04, ndcg: 69.66, took: 4.78s
Epoch 17, 95.7%	 loss: 1.858 acc@1: 50.35 mrr: 64.99, ndcg: 70.60, took: 4.47s
Epoch 17, 97.9%	 loss: 1.920 acc@1: 49.88 mrr: 64.31, ndcg: 69.91, took: 4.34s
Epoch 17, 100.0%	 loss: 1.889 acc@1: 49.30 mrr: 64.17, ndcg: 69.88, took: 4.27s
Validation - loss: 2.8995, acc@1: 48.22%, f1: 40.30%, mrr: 61.17%, ndcg: 66.21%
Current learning rate: 0.000158

=== Epoch 18 ===
Epoch 18, 2.1%	 loss: 1.842 acc@1: 50.43 mrr: 65.21, ndcg: 70.73, took: 4.60s
Epoch 18, 4.3%	 loss: 1.865 acc@1: 51.25 mrr: 65.62, ndcg: 71.10, took: 4.76s
Epoch 18, 6.4%	 loss: 1.873 acc@1: 50.27 mrr: 65.00, ndcg: 70.68, took: 4.74s
Epoch 18, 8.5%	 loss: 1.836 acc@1: 50.66 mrr: 65.57, ndcg: 71.33, took: 4.55s
Epoch 18, 10.6%	 loss: 1.861 acc@1: 51.29 mrr: 65.17, ndcg: 70.66, took: 4.54s
Epoch 18, 12.8%	 loss: 1.970 acc@1: 48.28 mrr: 62.86, ndcg: 68.60, took: 4.32s
Epoch 18, 14.9%	 loss: 1.845 acc@1: 49.57 mrr: 64.73, ndcg: 70.64, took: 4.66s
Epoch 18, 17.0%	 loss: 1.826 acc@1: 51.48 mrr: 65.97, ndcg: 71.49, took: 4.61s
Epoch 18, 19.1%	 loss: 1.880 acc@1: 50.23 mrr: 64.76, ndcg: 70.46, took: 4.53s
Epoch 18, 21.3%	 loss: 1.851 acc@1: 50.62 mrr: 65.22, ndcg: 70.87, took: 4.31s
Epoch 18, 23.4%	 loss: 1.841 acc@1: 51.72 mrr: 65.77, ndcg: 71.20, took: 4.58s
Epoch 18, 25.5%	 loss: 1.923 acc@1: 49.38 mrr: 64.00, ndcg: 69.72, took: 4.62s
Epoch 18, 27.7%	 loss: 1.902 acc@1: 49.10 mrr: 63.90, ndcg: 69.72, took: 4.69s
Epoch 18, 29.8%	 loss: 1.844 acc@1: 51.64 mrr: 65.62, ndcg: 71.20, took: 4.39s
Epoch 18, 31.9%	 loss: 1.842 acc@1: 50.12 mrr: 65.07, ndcg: 70.92, took: 4.10s
Epoch 18, 34.0%	 loss: 1.907 acc@1: 49.53 mrr: 64.01, ndcg: 69.77, took: 4.23s
Epoch 18, 36.2%	 loss: 1.773 acc@1: 51.99 mrr: 66.41, ndcg: 71.99, took: 4.11s
Epoch 18, 38.3%	 loss: 1.876 acc@1: 50.94 mrr: 65.23, ndcg: 70.72, took: 4.16s
Epoch 18, 40.4%	 loss: 1.944 acc@1: 49.69 mrr: 63.96, ndcg: 69.52, took: 4.17s
Epoch 18, 42.6%	 loss: 1.891 acc@1: 50.23 mrr: 64.63, ndcg: 70.20, took: 4.20s
Epoch 18, 44.7%	 loss: 1.909 acc@1: 48.98 mrr: 63.93, ndcg: 69.64, took: 4.27s
Epoch 18, 46.8%	 loss: 1.880 acc@1: 49.65 mrr: 64.61, ndcg: 70.30, took: 4.22s
Epoch 18, 48.9%	 loss: 1.902 acc@1: 50.23 mrr: 64.67, ndcg: 70.20, took: 3.63s
Epoch 18, 51.1%	 loss: 1.913 acc@1: 49.92 mrr: 64.44, ndcg: 70.15, took: 4.03s
Epoch 18, 53.2%	 loss: 1.874 acc@1: 49.65 mrr: 64.58, ndcg: 70.34, took: 3.98s
Epoch 18, 55.3%	 loss: 1.874 acc@1: 50.43 mrr: 64.96, ndcg: 70.54, took: 4.16s
Epoch 18, 57.4%	 loss: 1.841 acc@1: 51.37 mrr: 65.64, ndcg: 70.95, took: 4.05s
Epoch 18, 59.6%	 loss: 1.895 acc@1: 49.49 mrr: 64.26, ndcg: 70.01, took: 3.98s
Epoch 18, 61.7%	 loss: 1.901 acc@1: 50.16 mrr: 64.44, ndcg: 69.80, took: 4.11s
Epoch 18, 63.8%	 loss: 1.835 acc@1: 51.09 mrr: 65.43, ndcg: 71.04, took: 3.94s
Epoch 18, 66.0%	 loss: 1.973 acc@1: 48.83 mrr: 63.29, ndcg: 68.85, took: 3.92s
Epoch 18, 68.1%	 loss: 1.878 acc@1: 50.00 mrr: 64.89, ndcg: 70.48, took: 4.10s
Epoch 18, 70.2%	 loss: 1.875 acc@1: 50.90 mrr: 65.25, ndcg: 70.83, took: 4.16s
Epoch 18, 72.3%	 loss: 1.904 acc@1: 48.71 mrr: 63.89, ndcg: 69.61, took: 4.04s
Epoch 18, 74.5%	 loss: 1.870 acc@1: 50.43 mrr: 64.82, ndcg: 70.44, took: 3.99s
Epoch 18, 76.6%	 loss: 1.872 acc@1: 49.92 mrr: 64.66, ndcg: 70.31, took: 3.84s
Epoch 18, 78.7%	 loss: 1.878 acc@1: 51.48 mrr: 65.23, ndcg: 70.69, took: 4.01s
Epoch 18, 80.9%	 loss: 1.853 acc@1: 51.13 mrr: 65.56, ndcg: 71.08, took: 4.14s
Epoch 18, 83.0%	 loss: 1.832 acc@1: 51.21 mrr: 65.73, ndcg: 71.27, took: 4.12s
Epoch 18, 85.1%	 loss: 1.900 acc@1: 50.86 mrr: 64.80, ndcg: 70.03, took: 4.05s
Epoch 18, 87.2%	 loss: 1.863 acc@1: 50.12 mrr: 64.79, ndcg: 70.53, took: 4.29s
Epoch 18, 89.4%	 loss: 1.946 acc@1: 49.45 mrr: 63.57, ndcg: 69.05, took: 4.06s
Epoch 18, 91.5%	 loss: 1.871 acc@1: 50.12 mrr: 64.62, ndcg: 70.36, took: 3.97s
Epoch 18, 93.6%	 loss: 1.887 acc@1: 50.43 mrr: 64.78, ndcg: 70.32, took: 4.06s
Epoch 18, 95.7%	 loss: 1.847 acc@1: 51.09 mrr: 65.38, ndcg: 70.79, took: 4.16s
Epoch 18, 97.9%	 loss: 1.905 acc@1: 49.06 mrr: 64.21, ndcg: 69.98, took: 3.91s
Epoch 18, 100.0%	 loss: 1.862 acc@1: 51.60 mrr: 65.57, ndcg: 70.92, took: 4.00s
Validation - loss: 2.9070, acc@1: 48.05%, f1: 40.42%, mrr: 60.99%, ndcg: 66.06%
Current learning rate: 0.000158

=== Epoch 19 ===
Epoch 19, 2.1%	 loss: 1.881 acc@1: 49.22 mrr: 64.15, ndcg: 70.13, took: 3.99s
Epoch 19, 4.3%	 loss: 1.875 acc@1: 50.70 mrr: 65.03, ndcg: 70.52, took: 3.74s
Epoch 19, 6.4%	 loss: 1.959 acc@1: 49.69 mrr: 63.83, ndcg: 69.31, took: 3.83s
Epoch 19, 8.5%	 loss: 1.851 acc@1: 50.12 mrr: 64.94, ndcg: 70.64, took: 4.15s
Epoch 19, 10.6%	 loss: 1.869 acc@1: 50.43 mrr: 65.12, ndcg: 70.86, took: 4.16s
Epoch 19, 12.8%	 loss: 1.857 acc@1: 49.77 mrr: 64.55, ndcg: 70.31, took: 4.00s
Epoch 19, 14.9%	 loss: 1.887 acc@1: 49.73 mrr: 64.25, ndcg: 69.92, took: 4.18s
Epoch 19, 17.0%	 loss: 1.835 acc@1: 50.66 mrr: 65.39, ndcg: 71.06, took: 4.20s
Epoch 19, 19.1%	 loss: 1.877 acc@1: 49.34 mrr: 64.49, ndcg: 70.31, took: 3.95s
Epoch 19, 21.3%	 loss: 1.879 acc@1: 50.39 mrr: 64.68, ndcg: 70.13, took: 4.06s
Epoch 19, 23.4%	 loss: 1.889 acc@1: 49.02 mrr: 64.14, ndcg: 70.02, took: 4.06s
Epoch 19, 25.5%	 loss: 1.878 acc@1: 51.37 mrr: 65.15, ndcg: 70.48, took: 4.04s
Epoch 19, 27.7%	 loss: 1.818 acc@1: 51.76 mrr: 65.92, ndcg: 71.38, took: 4.19s
Epoch 19, 29.8%	 loss: 1.865 acc@1: 50.31 mrr: 65.14, ndcg: 70.69, took: 4.24s
Epoch 19, 31.9%	 loss: 1.904 acc@1: 50.23 mrr: 64.71, ndcg: 70.09, took: 3.97s
Epoch 19, 34.0%	 loss: 1.844 acc@1: 50.12 mrr: 64.96, ndcg: 70.81, took: 4.01s
Epoch 19, 36.2%	 loss: 1.865 acc@1: 49.88 mrr: 64.73, ndcg: 70.43, took: 4.16s
Epoch 19, 38.3%	 loss: 1.795 acc@1: 52.27 mrr: 66.57, ndcg: 71.98, took: 3.83s
Epoch 19, 40.4%	 loss: 1.907 acc@1: 49.65 mrr: 64.15, ndcg: 69.75, took: 4.04s
Epoch 19, 42.6%	 loss: 1.864 acc@1: 49.38 mrr: 64.23, ndcg: 69.97, took: 4.16s
Epoch 19, 44.7%	 loss: 1.848 acc@1: 51.72 mrr: 65.56, ndcg: 70.88, took: 3.91s
Epoch 19, 46.8%	 loss: 1.848 acc@1: 51.29 mrr: 65.66, ndcg: 71.21, took: 3.96s
Epoch 19, 48.9%	 loss: 1.836 acc@1: 52.30 mrr: 66.07, ndcg: 71.34, took: 4.20s
Epoch 19, 51.1%	 loss: 1.772 acc@1: 52.93 mrr: 66.89, ndcg: 72.15, took: 4.15s
Epoch 19, 53.2%	 loss: 1.921 acc@1: 51.05 mrr: 64.74, ndcg: 70.18, took: 4.10s
Epoch 19, 55.3%	 loss: 1.859 acc@1: 49.77 mrr: 64.70, ndcg: 70.37, took: 4.04s
Epoch 19, 57.4%	 loss: 1.895 acc@1: 49.88 mrr: 64.44, ndcg: 69.95, took: 4.23s
Epoch 19, 59.6%	 loss: 1.891 acc@1: 50.59 mrr: 64.87, ndcg: 70.41, took: 3.67s
Epoch 19, 61.7%	 loss: 1.907 acc@1: 48.83 mrr: 63.66, ndcg: 69.44, took: 4.01s
Epoch 19, 63.8%	 loss: 1.873 acc@1: 50.59 mrr: 65.03, ndcg: 70.53, took: 4.10s
Epoch 19, 66.0%	 loss: 1.856 acc@1: 49.65 mrr: 64.44, ndcg: 70.35, took: 4.23s
Epoch 19, 68.1%	 loss: 1.865 acc@1: 50.59 mrr: 65.04, ndcg: 70.52, took: 3.90s
Epoch 19, 70.2%	 loss: 1.854 acc@1: 51.64 mrr: 65.50, ndcg: 70.92, took: 3.96s
Epoch 19, 72.3%	 loss: 1.860 acc@1: 50.51 mrr: 65.09, ndcg: 70.65, took: 4.09s
Epoch 19, 74.5%	 loss: 1.895 acc@1: 49.57 mrr: 64.15, ndcg: 69.85, took: 4.17s
Epoch 19, 76.6%	 loss: 1.925 acc@1: 49.49 mrr: 64.07, ndcg: 69.63, took: 4.31s
Epoch 19, 78.7%	 loss: 1.878 acc@1: 51.29 mrr: 65.29, ndcg: 70.78, took: 4.01s
Epoch 19, 80.9%	 loss: 1.890 acc@1: 49.14 mrr: 64.24, ndcg: 70.00, took: 4.09s
Epoch 19, 83.0%	 loss: 1.882 acc@1: 49.65 mrr: 64.41, ndcg: 70.03, took: 4.15s
Epoch 19, 85.1%	 loss: 1.898 acc@1: 51.05 mrr: 65.14, ndcg: 70.36, took: 3.96s
Epoch 19, 87.2%	 loss: 1.836 acc@1: 51.91 mrr: 65.96, ndcg: 71.29, took: 4.23s
Epoch 19, 89.4%	 loss: 1.920 acc@1: 50.16 mrr: 64.40, ndcg: 69.97, took: 4.07s
Epoch 19, 91.5%	 loss: 1.931 acc@1: 50.27 mrr: 64.53, ndcg: 69.95, took: 4.06s
Epoch 19, 93.6%	 loss: 1.906 acc@1: 49.69 mrr: 64.48, ndcg: 70.02, took: 4.04s
Epoch 19, 95.7%	 loss: 1.907 acc@1: 49.84 mrr: 64.42, ndcg: 69.91, took: 4.02s
Epoch 19, 97.9%	 loss: 1.794 acc@1: 52.70 mrr: 66.47, ndcg: 71.91, took: 3.67s
Epoch 19, 100.0%	 loss: 1.825 acc@1: 50.98 mrr: 65.76, ndcg: 71.51, took: 3.99s
Validation - loss: 2.9006, acc@1: 48.16%, f1: 40.49%, mrr: 61.11%, ndcg: 66.12%
Current learning rate: 0.000016

=== Epoch 20 ===
Epoch 20, 2.1%	 loss: 1.897 acc@1: 49.38 mrr: 64.29, ndcg: 70.15, took: 4.15s
Epoch 20, 4.3%	 loss: 1.894 acc@1: 50.51 mrr: 65.15, ndcg: 70.86, took: 4.12s
Epoch 20, 6.4%	 loss: 1.871 acc@1: 50.82 mrr: 65.44, ndcg: 70.89, took: 3.95s
Epoch 20, 8.5%	 loss: 1.961 acc@1: 49.30 mrr: 63.70, ndcg: 69.13, took: 3.83s
Epoch 20, 10.6%	 loss: 1.888 acc@1: 50.62 mrr: 65.21, ndcg: 70.66, took: 3.77s
Epoch 20, 12.8%	 loss: 1.919 acc@1: 48.40 mrr: 63.67, ndcg: 69.37, took: 4.25s
Epoch 20, 14.9%	 loss: 1.839 acc@1: 52.58 mrr: 66.38, ndcg: 71.53, took: 3.86s
Epoch 20, 17.0%	 loss: 1.930 acc@1: 49.10 mrr: 63.87, ndcg: 69.68, took: 4.26s
Epoch 20, 19.1%	 loss: 1.865 acc@1: 50.20 mrr: 65.00, ndcg: 70.86, took: 4.14s
Epoch 20, 21.3%	 loss: 1.940 acc@1: 48.36 mrr: 63.65, ndcg: 69.46, took: 3.99s
Epoch 20, 23.4%	 loss: 1.858 acc@1: 50.51 mrr: 65.16, ndcg: 70.72, took: 3.93s
Epoch 20, 25.5%	 loss: 1.878 acc@1: 49.45 mrr: 64.71, ndcg: 70.52, took: 4.30s
Epoch 20, 27.7%	 loss: 1.857 acc@1: 49.96 mrr: 64.96, ndcg: 70.81, took: 4.10s
Epoch 20, 29.8%	 loss: 1.965 acc@1: 47.81 mrr: 62.83, ndcg: 68.84, took: 4.28s
Epoch 20, 31.9%	 loss: 1.840 acc@1: 51.80 mrr: 65.91, ndcg: 71.31, took: 4.34s
Epoch 20, 34.0%	 loss: 1.873 acc@1: 50.00 mrr: 64.89, ndcg: 70.67, took: 4.11s
Epoch 20, 36.2%	 loss: 1.887 acc@1: 50.94 mrr: 65.03, ndcg: 70.35, took: 4.25s
Epoch 20, 38.3%	 loss: 1.921 acc@1: 48.71 mrr: 63.82, ndcg: 69.58, took: 4.09s
Epoch 20, 40.4%	 loss: 1.961 acc@1: 48.16 mrr: 63.09, ndcg: 68.74, took: 3.92s
Epoch 20, 42.6%	 loss: 1.900 acc@1: 50.16 mrr: 64.73, ndcg: 70.35, took: 3.95s
Epoch 20, 44.7%	 loss: 1.855 acc@1: 50.66 mrr: 65.29, ndcg: 70.92, took: 4.08s
Epoch 20, 46.8%	 loss: 1.888 acc@1: 49.88 mrr: 64.58, ndcg: 70.32, took: 3.72s
Epoch 20, 48.9%	 loss: 1.881 acc@1: 49.77 mrr: 64.64, ndcg: 70.43, took: 4.03s
Epoch 20, 51.1%	 loss: 1.833 acc@1: 51.17 mrr: 65.66, ndcg: 71.23, took: 3.95s
Epoch 20, 53.2%	 loss: 1.943 acc@1: 49.61 mrr: 64.11, ndcg: 69.75, took: 3.94s
Epoch 20, 55.3%	 loss: 1.924 acc@1: 50.47 mrr: 64.84, ndcg: 70.36, took: 3.79s
Epoch 20, 57.4%	 loss: 1.925 acc@1: 50.16 mrr: 64.49, ndcg: 70.11, took: 3.98s
Epoch 20, 59.6%	 loss: 1.923 acc@1: 50.47 mrr: 64.61, ndcg: 70.16, took: 3.91s
Epoch 20, 61.7%	 loss: 1.870 acc@1: 50.12 mrr: 65.14, ndcg: 70.87, took: 4.08s
Epoch 20, 63.8%	 loss: 1.906 acc@1: 49.41 mrr: 64.28, ndcg: 70.11, took: 4.14s
Epoch 20, 66.0%	 loss: 1.866 acc@1: 51.13 mrr: 65.36, ndcg: 70.82, took: 4.05s
Epoch 20, 68.1%	 loss: 1.839 acc@1: 51.76 mrr: 65.91, ndcg: 71.48, took: 4.24s
Epoch 20, 70.2%	 loss: 1.853 acc@1: 50.98 mrr: 65.56, ndcg: 71.21, took: 3.90s
Epoch 20, 72.3%	 loss: 1.932 acc@1: 49.65 mrr: 64.35, ndcg: 69.94, took: 4.02s
Epoch 20, 74.5%	 loss: 1.860 acc@1: 50.47 mrr: 65.02, ndcg: 70.85, took: 4.15s
Epoch 20, 76.6%	 loss: 1.864 acc@1: 50.82 mrr: 65.39, ndcg: 70.99, took: 3.89s
Epoch 20, 78.7%	 loss: 1.867 acc@1: 50.39 mrr: 65.15, ndcg: 70.71, took: 4.17s
Epoch 20, 80.9%	 loss: 1.843 acc@1: 50.20 mrr: 65.17, ndcg: 70.83, took: 3.81s
Epoch 20, 83.0%	 loss: 1.850 acc@1: 51.60 mrr: 65.95, ndcg: 71.42, took: 4.15s
Epoch 20, 85.1%	 loss: 1.920 acc@1: 49.84 mrr: 64.56, ndcg: 70.07, took: 4.17s
Epoch 20, 87.2%	 loss: 1.869 acc@1: 49.88 mrr: 64.62, ndcg: 70.18, took: 4.02s
Epoch 20, 89.4%	 loss: 1.892 acc@1: 49.73 mrr: 64.28, ndcg: 69.91, took: 4.20s
Epoch 20, 91.5%	 loss: 1.907 acc@1: 49.84 mrr: 64.43, ndcg: 70.25, took: 4.09s
Epoch 20, 93.6%	 loss: 1.929 acc@1: 49.38 mrr: 64.36, ndcg: 69.99, took: 3.73s
Epoch 20, 95.7%	 loss: 1.905 acc@1: 51.17 mrr: 65.15, ndcg: 70.59, took: 3.93s
Epoch 20, 97.9%	 loss: 1.959 acc@1: 48.79 mrr: 63.72, ndcg: 69.47, took: 3.98s
Epoch 20, 100.0%	 loss: 1.842 acc@1: 50.74 mrr: 65.50, ndcg: 71.24, took: 3.91s
Validation - loss: 2.8911, acc@1: 47.72%, f1: 40.06%, mrr: 60.85%, ndcg: 65.95%
Current learning rate: 0.000016

=== Epoch 21 ===
Epoch 21, 2.1%	 loss: 1.882 acc@1: 50.35 mrr: 64.93, ndcg: 70.48, took: 4.07s
Epoch 21, 4.3%	 loss: 1.940 acc@1: 49.41 mrr: 63.89, ndcg: 69.46, took: 4.09s
Epoch 21, 6.4%	 loss: 1.844 acc@1: 50.59 mrr: 65.35, ndcg: 71.00, took: 4.25s
Epoch 21, 8.5%	 loss: 1.831 acc@1: 51.25 mrr: 65.83, ndcg: 71.37, took: 3.95s
Epoch 21, 10.6%	 loss: 1.954 acc@1: 49.45 mrr: 64.01, ndcg: 69.63, took: 4.04s
Epoch 21, 12.8%	 loss: 1.899 acc@1: 49.02 mrr: 64.33, ndcg: 70.12, took: 3.94s
Epoch 21, 14.9%	 loss: 1.895 acc@1: 49.41 mrr: 64.24, ndcg: 70.12, took: 4.26s
Epoch 21, 17.0%	 loss: 1.843 acc@1: 50.43 mrr: 65.35, ndcg: 71.11, took: 3.99s
Epoch 21, 19.1%	 loss: 1.870 acc@1: 50.43 mrr: 64.92, ndcg: 70.54, took: 4.12s
Epoch 21, 21.3%	 loss: 1.908 acc@1: 48.67 mrr: 63.93, ndcg: 69.75, took: 4.11s
Epoch 21, 23.4%	 loss: 1.854 acc@1: 50.43 mrr: 65.14, ndcg: 70.74, took: 3.89s
Epoch 21, 25.5%	 loss: 1.878 acc@1: 50.31 mrr: 64.95, ndcg: 70.54, took: 3.90s
Epoch 21, 27.7%	 loss: 1.858 acc@1: 51.88 mrr: 65.77, ndcg: 71.16, took: 4.06s
Epoch 21, 29.8%	 loss: 1.903 acc@1: 49.88 mrr: 64.43, ndcg: 70.13, took: 4.05s
Epoch 21, 31.9%	 loss: 1.912 acc@1: 49.38 mrr: 64.42, ndcg: 70.07, took: 4.10s
Epoch 21, 34.0%	 loss: 1.906 acc@1: 49.34 mrr: 64.27, ndcg: 69.98, took: 4.06s
Epoch 21, 36.2%	 loss: 1.886 acc@1: 50.90 mrr: 65.22, ndcg: 70.77, took: 4.02s
Epoch 21, 38.3%	 loss: 1.962 acc@1: 47.46 mrr: 62.99, ndcg: 68.95, took: 4.13s
Epoch 21, 40.4%	 loss: 1.851 acc@1: 49.45 mrr: 64.73, ndcg: 70.46, took: 3.97s
Epoch 21, 42.6%	 loss: 1.866 acc@1: 50.16 mrr: 65.02, ndcg: 70.61, took: 3.83s
Epoch 21, 44.7%	 loss: 1.897 acc@1: 49.92 mrr: 64.62, ndcg: 70.21, took: 4.14s
Epoch 21, 46.8%	 loss: 1.871 acc@1: 50.90 mrr: 65.36, ndcg: 70.97, took: 4.03s
Epoch 21, 48.9%	 loss: 1.884 acc@1: 51.72 mrr: 65.48, ndcg: 70.81, took: 4.01s
Epoch 21, 51.1%	 loss: 1.963 acc@1: 48.40 mrr: 63.20, ndcg: 69.04, took: 4.10s
Epoch 21, 53.2%	 loss: 1.920 acc@1: 49.10 mrr: 64.06, ndcg: 69.86, took: 4.15s
Epoch 21, 55.3%	 loss: 1.843 acc@1: 50.90 mrr: 65.50, ndcg: 71.04, took: 4.02s
Epoch 21, 57.4%	 loss: 1.897 acc@1: 49.88 mrr: 64.64, ndcg: 70.37, took: 4.18s
Epoch 21, 59.6%	 loss: 1.865 acc@1: 50.98 mrr: 65.31, ndcg: 70.85, took: 4.15s
Epoch 21, 61.7%	 loss: 1.971 acc@1: 48.40 mrr: 63.33, ndcg: 69.06, took: 4.12s
Epoch 21, 63.8%	 loss: 1.837 acc@1: 50.31 mrr: 65.32, ndcg: 71.13, took: 3.96s
Epoch 21, 66.0%	 loss: 1.886 acc@1: 51.05 mrr: 65.20, ndcg: 70.53, took: 3.97s
Epoch 21, 68.1%	 loss: 1.865 acc@1: 51.09 mrr: 65.53, ndcg: 70.97, took: 4.18s
Epoch 21, 70.2%	 loss: 1.867 acc@1: 51.05 mrr: 65.53, ndcg: 71.02, took: 4.15s
Epoch 21, 72.3%	 loss: 1.843 acc@1: 51.48 mrr: 65.83, ndcg: 71.29, took: 3.95s
Epoch 21, 74.5%	 loss: 1.849 acc@1: 50.78 mrr: 65.39, ndcg: 71.12, took: 4.10s
Epoch 21, 76.6%	 loss: 1.908 acc@1: 49.02 mrr: 64.09, ndcg: 69.70, took: 4.09s
Epoch 21, 78.7%	 loss: 1.893 acc@1: 50.00 mrr: 64.48, ndcg: 69.97, took: 4.00s
Epoch 21, 80.9%	 loss: 1.866 acc@1: 49.45 mrr: 64.57, ndcg: 70.51, took: 3.94s
Epoch 21, 83.0%	 loss: 1.937 acc@1: 49.14 mrr: 63.93, ndcg: 69.50, took: 4.11s
Epoch 21, 85.1%	 loss: 1.872 acc@1: 49.53 mrr: 64.69, ndcg: 70.44, took: 3.98s
Epoch 21, 87.2%	 loss: 1.956 acc@1: 48.83 mrr: 63.54, ndcg: 69.34, took: 3.85s
Epoch 21, 89.4%	 loss: 1.863 acc@1: 49.80 mrr: 64.71, ndcg: 70.47, took: 3.91s
Epoch 21, 91.5%	 loss: 1.923 acc@1: 49.92 mrr: 64.39, ndcg: 70.03, took: 3.96s
Epoch 21, 93.6%	 loss: 1.856 acc@1: 50.90 mrr: 65.64, ndcg: 71.18, took: 4.36s
Epoch 21, 95.7%	 loss: 1.958 acc@1: 48.67 mrr: 63.39, ndcg: 69.14, took: 4.12s
Epoch 21, 97.9%	 loss: 1.849 acc@1: 51.68 mrr: 65.92, ndcg: 71.44, took: 4.00s
Epoch 21, 100.0%	 loss: 1.893 acc@1: 50.12 mrr: 64.75, ndcg: 70.44, took: 4.18s
Validation - loss: 2.8901, acc@1: 47.86%, f1: 40.06%, mrr: 60.92%, ndcg: 65.99%
Current learning rate: 0.000016

=== Epoch 22 ===
Epoch 22, 2.1%	 loss: 1.874 acc@1: 50.82 mrr: 65.28, ndcg: 70.70, took: 4.52s
Epoch 22, 4.3%	 loss: 1.939 acc@1: 48.83 mrr: 63.40, ndcg: 69.22, took: 3.92s
Epoch 22, 6.4%	 loss: 1.853 acc@1: 50.59 mrr: 65.27, ndcg: 70.94, took: 3.91s
Epoch 22, 8.5%	 loss: 1.899 acc@1: 49.18 mrr: 64.26, ndcg: 69.99, took: 3.95s
Epoch 22, 10.6%	 loss: 1.844 acc@1: 49.88 mrr: 65.00, ndcg: 70.69, took: 3.93s
Epoch 22, 12.8%	 loss: 1.880 acc@1: 48.95 mrr: 64.20, ndcg: 70.03, took: 3.96s
Epoch 22, 14.9%	 loss: 1.912 acc@1: 50.04 mrr: 64.58, ndcg: 70.18, took: 3.97s
Epoch 22, 17.0%	 loss: 1.832 acc@1: 50.27 mrr: 65.35, ndcg: 71.21, took: 4.04s
Epoch 22, 19.1%	 loss: 1.791 acc@1: 51.41 mrr: 66.17, ndcg: 71.72, took: 4.06s
Epoch 22, 21.3%	 loss: 1.836 acc@1: 50.98 mrr: 65.62, ndcg: 71.31, took: 4.22s
Epoch 22, 23.4%	 loss: 1.906 acc@1: 49.80 mrr: 64.56, ndcg: 70.20, took: 4.20s
Epoch 22, 25.5%	 loss: 1.881 acc@1: 50.78 mrr: 64.95, ndcg: 70.42, took: 4.12s
Epoch 22, 27.7%	 loss: 1.982 acc@1: 49.02 mrr: 63.59, ndcg: 69.06, took: 4.14s
Epoch 22, 29.8%	 loss: 1.806 acc@1: 50.90 mrr: 65.79, ndcg: 71.69, took: 3.96s
Epoch 22, 31.9%	 loss: 1.872 acc@1: 49.65 mrr: 64.54, ndcg: 70.28, took: 3.90s
Epoch 22, 34.0%	 loss: 1.818 acc@1: 50.51 mrr: 65.64, ndcg: 71.29, took: 3.73s
Epoch 22, 36.2%	 loss: 1.843 acc@1: 50.94 mrr: 65.80, ndcg: 71.37, took: 4.31s
Epoch 22, 38.3%	 loss: 1.904 acc@1: 50.43 mrr: 64.73, ndcg: 70.21, took: 3.99s
Epoch 22, 40.4%	 loss: 1.867 acc@1: 49.92 mrr: 64.62, ndcg: 70.37, took: 3.86s
Epoch 22, 42.6%	 loss: 1.893 acc@1: 49.84 mrr: 64.56, ndcg: 70.37, took: 3.96s
Epoch 22, 44.7%	 loss: 1.925 acc@1: 49.06 mrr: 63.82, ndcg: 69.52, took: 4.06s
Epoch 22, 46.8%	 loss: 1.906 acc@1: 50.59 mrr: 64.83, ndcg: 70.20, took: 4.02s
Epoch 22, 48.9%	 loss: 1.827 acc@1: 51.48 mrr: 65.98, ndcg: 71.45, took: 4.35s
Epoch 22, 51.1%	 loss: 1.842 acc@1: 50.66 mrr: 65.41, ndcg: 70.92, took: 4.00s
Epoch 22, 53.2%	 loss: 1.882 acc@1: 50.08 mrr: 64.65, ndcg: 70.38, took: 4.08s
Epoch 22, 55.3%	 loss: 1.854 acc@1: 50.23 mrr: 65.16, ndcg: 70.94, took: 4.10s
Epoch 22, 57.4%	 loss: 1.873 acc@1: 49.92 mrr: 65.13, ndcg: 70.88, took: 4.18s
Epoch 22, 59.6%	 loss: 1.878 acc@1: 50.74 mrr: 65.27, ndcg: 70.73, took: 4.18s
Epoch 22, 61.7%	 loss: 1.971 acc@1: 49.02 mrr: 63.72, ndcg: 69.39, took: 4.10s
Epoch 22, 63.8%	 loss: 1.876 acc@1: 50.94 mrr: 65.15, ndcg: 70.81, took: 4.14s
Epoch 22, 66.0%	 loss: 1.886 acc@1: 49.88 mrr: 64.63, ndcg: 70.42, took: 4.15s
Epoch 22, 68.1%	 loss: 1.899 acc@1: 50.08 mrr: 64.66, ndcg: 70.15, took: 4.25s
Epoch 22, 70.2%	 loss: 1.876 acc@1: 50.98 mrr: 65.36, ndcg: 70.91, took: 4.11s
Epoch 22, 72.3%	 loss: 1.897 acc@1: 50.78 mrr: 64.95, ndcg: 70.42, took: 4.26s
Epoch 22, 74.5%	 loss: 1.887 acc@1: 49.96 mrr: 64.72, ndcg: 70.38, took: 3.86s
Epoch 22, 76.6%	 loss: 1.899 acc@1: 50.74 mrr: 65.08, ndcg: 70.56, took: 4.12s
Epoch 22, 78.7%	 loss: 1.902 acc@1: 49.18 mrr: 64.15, ndcg: 69.98, took: 4.06s
Epoch 22, 80.9%	 loss: 1.930 acc@1: 50.23 mrr: 64.50, ndcg: 70.13, took: 3.99s
Epoch 22, 83.0%	 loss: 1.885 acc@1: 49.45 mrr: 64.64, ndcg: 70.22, took: 3.93s
Epoch 22, 85.1%	 loss: 1.867 acc@1: 50.90 mrr: 65.35, ndcg: 70.80, took: 3.89s
Epoch 22, 87.2%	 loss: 1.908 acc@1: 49.49 mrr: 64.31, ndcg: 70.02, took: 3.73s
Epoch 22, 89.4%	 loss: 1.990 acc@1: 49.02 mrr: 63.36, ndcg: 68.83, took: 3.68s
Epoch 22, 91.5%	 loss: 1.896 acc@1: 50.74 mrr: 65.16, ndcg: 70.63, took: 4.00s
Epoch 22, 93.6%	 loss: 1.892 acc@1: 49.77 mrr: 64.64, ndcg: 70.08, took: 4.17s
Epoch 22, 95.7%	 loss: 1.903 acc@1: 52.30 mrr: 65.52, ndcg: 70.81, took: 3.99s
Epoch 22, 97.9%	 loss: 1.951 acc@1: 48.16 mrr: 63.36, ndcg: 69.18, took: 4.11s
Epoch 22, 100.0%	 loss: 1.859 acc@1: 51.21 mrr: 65.58, ndcg: 71.12, took: 4.09s
Validation - loss: 2.8908, acc@1: 47.88%, f1: 40.01%, mrr: 60.94%, ndcg: 66.02%
Current learning rate: 0.000016

=== Epoch 23 ===
Epoch 23, 2.1%	 loss: 1.873 acc@1: 51.41 mrr: 65.47, ndcg: 70.83, took: 4.07s
Epoch 23, 4.3%	 loss: 2.020 acc@1: 47.11 mrr: 62.23, ndcg: 68.18, took: 4.07s
Epoch 23, 6.4%	 loss: 1.895 acc@1: 50.27 mrr: 64.68, ndcg: 70.20, took: 3.97s
Epoch 23, 8.5%	 loss: 1.893 acc@1: 49.73 mrr: 64.57, ndcg: 70.37, took: 4.16s
Epoch 23, 10.6%	 loss: 1.906 acc@1: 50.62 mrr: 64.97, ndcg: 70.33, took: 4.00s
Epoch 23, 12.8%	 loss: 1.841 acc@1: 50.31 mrr: 65.20, ndcg: 70.86, took: 3.93s
Epoch 23, 14.9%	 loss: 1.896 acc@1: 50.66 mrr: 64.93, ndcg: 70.50, took: 4.10s
Epoch 23, 17.0%	 loss: 1.865 acc@1: 50.39 mrr: 65.14, ndcg: 70.72, took: 4.05s
Epoch 23, 19.1%	 loss: 1.879 acc@1: 50.47 mrr: 65.04, ndcg: 70.60, took: 4.20s
Epoch 23, 21.3%	 loss: 1.896 acc@1: 50.23 mrr: 64.70, ndcg: 70.34, took: 3.87s
Epoch 23, 23.4%	 loss: 1.893 acc@1: 50.31 mrr: 64.91, ndcg: 70.40, took: 4.16s
Epoch 23, 25.5%	 loss: 1.900 acc@1: 50.31 mrr: 64.63, ndcg: 70.17, took: 3.87s
Epoch 23, 27.7%	 loss: 1.903 acc@1: 50.23 mrr: 64.73, ndcg: 70.19, took: 4.08s
Epoch 23, 29.8%	 loss: 1.824 acc@1: 51.72 mrr: 66.05, ndcg: 71.40, took: 4.04s
Epoch 23, 31.9%	 loss: 1.879 acc@1: 50.39 mrr: 65.07, ndcg: 70.70, took: 4.09s
Epoch 23, 34.0%	 loss: 1.871 acc@1: 49.34 mrr: 64.47, ndcg: 70.44, took: 4.02s
Epoch 23, 36.2%	 loss: 1.889 acc@1: 50.39 mrr: 64.80, ndcg: 70.29, took: 3.82s
Epoch 23, 38.3%	 loss: 1.895 acc@1: 49.80 mrr: 64.68, ndcg: 70.47, took: 4.32s
Epoch 23, 40.4%	 loss: 1.886 acc@1: 50.55 mrr: 65.16, ndcg: 70.69, took: 4.11s
Epoch 23, 42.6%	 loss: 1.916 acc@1: 49.41 mrr: 64.18, ndcg: 69.86, took: 3.90s
Epoch 23, 44.7%	 loss: 1.905 acc@1: 48.48 mrr: 63.85, ndcg: 69.61, took: 3.55s
Epoch 23, 46.8%	 loss: 1.831 acc@1: 52.19 mrr: 66.29, ndcg: 71.54, took: 4.15s
Epoch 23, 48.9%	 loss: 1.885 acc@1: 50.82 mrr: 65.07, ndcg: 70.60, took: 4.15s
Epoch 23, 51.1%	 loss: 1.815 acc@1: 50.94 mrr: 65.95, ndcg: 71.66, took: 4.06s
Epoch 23, 53.2%	 loss: 1.847 acc@1: 51.91 mrr: 65.77, ndcg: 71.09, took: 4.15s
Epoch 23, 55.3%	 loss: 1.927 acc@1: 50.47 mrr: 64.47, ndcg: 69.80, took: 4.18s
Epoch 23, 57.4%	 loss: 1.898 acc@1: 49.61 mrr: 64.22, ndcg: 70.03, took: 4.22s
Epoch 23, 59.6%	 loss: 1.816 acc@1: 51.05 mrr: 65.58, ndcg: 71.30, took: 4.41s
Epoch 23, 61.7%	 loss: 1.893 acc@1: 49.84 mrr: 64.40, ndcg: 70.08, took: 4.04s
Epoch 23, 63.8%	 loss: 1.905 acc@1: 49.96 mrr: 64.84, ndcg: 70.49, took: 3.95s
Epoch 23, 66.0%	 loss: 1.899 acc@1: 50.39 mrr: 64.85, ndcg: 70.35, took: 4.09s
Epoch 23, 68.1%	 loss: 1.904 acc@1: 49.73 mrr: 64.47, ndcg: 70.12, took: 3.90s
Epoch 23, 70.2%	 loss: 1.912 acc@1: 50.27 mrr: 64.55, ndcg: 70.22, took: 4.29s
Epoch 23, 72.3%	 loss: 1.859 acc@1: 49.69 mrr: 64.92, ndcg: 70.81, took: 3.99s
Epoch 23, 74.5%	 loss: 1.888 acc@1: 49.14 mrr: 64.34, ndcg: 70.12, took: 3.61s
Epoch 23, 76.6%	 loss: 1.905 acc@1: 49.69 mrr: 64.45, ndcg: 70.24, took: 3.54s
Epoch 23, 78.7%	 loss: 1.879 acc@1: 49.73 mrr: 64.97, ndcg: 70.70, took: 3.62s
Epoch 23, 80.9%	 loss: 1.838 acc@1: 51.48 mrr: 65.81, ndcg: 71.37, took: 3.53s
Epoch 23, 83.0%	 loss: 1.930 acc@1: 49.49 mrr: 63.71, ndcg: 69.49, took: 3.80s
Epoch 23, 85.1%	 loss: 1.843 acc@1: 50.86 mrr: 65.61, ndcg: 71.34, took: 3.69s
Epoch 23, 87.2%	 loss: 1.903 acc@1: 50.04 mrr: 64.38, ndcg: 70.01, took: 3.53s
Epoch 23, 89.4%	 loss: 1.949 acc@1: 48.98 mrr: 63.87, ndcg: 69.67, took: 3.58s
Epoch 23, 91.5%	 loss: 1.833 acc@1: 50.98 mrr: 65.67, ndcg: 71.30, took: 3.76s
Epoch 23, 93.6%	 loss: 1.904 acc@1: 49.49 mrr: 64.38, ndcg: 70.03, took: 3.60s
Epoch 23, 95.7%	 loss: 1.891 acc@1: 49.69 mrr: 64.59, ndcg: 70.10, took: 3.61s
Epoch 23, 97.9%	 loss: 1.861 acc@1: 51.13 mrr: 65.20, ndcg: 70.77, took: 3.80s
Epoch 23, 100.0%	 loss: 1.890 acc@1: 51.02 mrr: 65.30, ndcg: 70.89, took: 3.14s
Validation - loss: 2.8909, acc@1: 47.72%, f1: 40.07%, mrr: 60.84%, ndcg: 65.94%
Current learning rate: 0.000016

=== Epoch 24 ===
Epoch 24, 2.1%	 loss: 1.835 acc@1: 52.11 mrr: 66.09, ndcg: 71.48, took: 3.32s
Epoch 24, 4.3%	 loss: 1.882 acc@1: 50.82 mrr: 65.12, ndcg: 70.53, took: 3.62s
Epoch 24, 6.4%	 loss: 1.842 acc@1: 51.52 mrr: 65.69, ndcg: 71.16, took: 3.24s
Epoch 24, 8.5%	 loss: 1.892 acc@1: 51.17 mrr: 65.30, ndcg: 70.83, took: 3.60s
Epoch 24, 10.6%	 loss: 1.902 acc@1: 49.38 mrr: 64.22, ndcg: 70.12, took: 3.65s
Epoch 24, 12.8%	 loss: 1.888 acc@1: 49.26 mrr: 64.34, ndcg: 70.15, took: 3.37s
Epoch 24, 14.9%	 loss: 1.817 acc@1: 52.27 mrr: 66.47, ndcg: 71.78, took: 3.38s
Epoch 24, 17.0%	 loss: 1.945 acc@1: 48.28 mrr: 63.39, ndcg: 69.27, took: 3.54s
Epoch 24, 19.1%	 loss: 1.893 acc@1: 51.05 mrr: 65.17, ndcg: 70.57, took: 3.42s
Epoch 24, 21.3%	 loss: 1.944 acc@1: 49.88 mrr: 64.25, ndcg: 69.73, took: 3.79s
Epoch 24, 23.4%	 loss: 1.906 acc@1: 49.77 mrr: 64.34, ndcg: 69.92, took: 3.51s
Epoch 24, 25.5%	 loss: 1.873 acc@1: 51.60 mrr: 65.61, ndcg: 70.92, took: 3.60s
Epoch 24, 27.7%	 loss: 1.967 acc@1: 48.71 mrr: 63.18, ndcg: 68.88, took: 3.44s
Epoch 24, 29.8%	 loss: 1.913 acc@1: 49.22 mrr: 63.97, ndcg: 69.68, took: 3.68s
Epoch 24, 31.9%	 loss: 1.862 acc@1: 50.35 mrr: 65.06, ndcg: 70.78, took: 3.64s
Epoch 24, 34.0%	 loss: 1.929 acc@1: 50.16 mrr: 64.41, ndcg: 70.03, took: 3.42s
Epoch 24, 36.2%	 loss: 1.887 acc@1: 50.62 mrr: 64.98, ndcg: 70.53, took: 3.48s
Epoch 24, 38.3%	 loss: 1.829 acc@1: 51.17 mrr: 66.00, ndcg: 71.49, took: 3.34s
Epoch 24, 40.4%	 loss: 1.924 acc@1: 48.59 mrr: 63.49, ndcg: 69.17, took: 3.54s
Epoch 24, 42.6%	 loss: 1.858 acc@1: 49.61 mrr: 64.79, ndcg: 70.54, took: 3.56s
Epoch 24, 44.7%	 loss: 1.900 acc@1: 49.10 mrr: 64.30, ndcg: 70.13, took: 3.68s
Epoch 24, 46.8%	 loss: 1.877 acc@1: 51.13 mrr: 65.27, ndcg: 70.76, took: 3.52s
Epoch 24, 48.9%	 loss: 1.878 acc@1: 50.47 mrr: 65.07, ndcg: 70.70, took: 3.65s
Epoch 24, 51.1%	 loss: 1.851 acc@1: 50.74 mrr: 65.08, ndcg: 70.77, took: 3.56s
Epoch 24, 53.2%	 loss: 1.819 acc@1: 51.99 mrr: 66.06, ndcg: 71.50, took: 3.11s
Epoch 24, 55.3%	 loss: 1.869 acc@1: 50.66 mrr: 65.12, ndcg: 70.77, took: 3.46s
Epoch 24, 57.4%	 loss: 1.873 acc@1: 50.94 mrr: 65.19, ndcg: 70.65, took: 3.22s
Epoch 24, 59.6%	 loss: 1.869 acc@1: 49.61 mrr: 64.87, ndcg: 70.52, took: 3.08s
Epoch 24, 61.7%	 loss: 1.861 acc@1: 51.33 mrr: 65.45, ndcg: 70.83, took: 3.11s
Epoch 24, 63.8%	 loss: 1.871 acc@1: 50.39 mrr: 65.12, ndcg: 70.74, took: 3.34s
Epoch 24, 66.0%	 loss: 1.841 acc@1: 50.74 mrr: 65.59, ndcg: 71.36, took: 3.13s
Epoch 24, 68.1%	 loss: 1.872 acc@1: 50.66 mrr: 65.24, ndcg: 70.71, took: 3.13s
Epoch 24, 70.2%	 loss: 1.908 acc@1: 49.57 mrr: 64.41, ndcg: 70.09, took: 3.12s
Epoch 24, 72.3%	 loss: 1.939 acc@1: 49.06 mrr: 63.89, ndcg: 69.51, took: 2.87s
Epoch 24, 74.5%	 loss: 1.895 acc@1: 49.41 mrr: 64.09, ndcg: 69.89, took: 3.00s
Epoch 24, 76.6%	 loss: 1.864 acc@1: 49.69 mrr: 64.73, ndcg: 70.68, took: 2.92s
Epoch 24, 78.7%	 loss: 1.926 acc@1: 49.45 mrr: 64.03, ndcg: 69.71, took: 3.16s
Epoch 24, 80.9%	 loss: 1.894 acc@1: 50.20 mrr: 64.58, ndcg: 70.15, took: 2.95s
Epoch 24, 83.0%	 loss: 1.845 acc@1: 50.08 mrr: 65.25, ndcg: 71.04, took: 2.96s
Epoch 24, 85.1%	 loss: 1.905 acc@1: 49.77 mrr: 64.61, ndcg: 70.18, took: 2.87s
Epoch 24, 87.2%	 loss: 1.884 acc@1: 49.96 mrr: 64.73, ndcg: 70.40, took: 2.95s
Epoch 24, 89.4%	 loss: 1.891 acc@1: 50.82 mrr: 64.95, ndcg: 70.38, took: 3.04s
Epoch 24, 91.5%	 loss: 1.890 acc@1: 49.61 mrr: 64.49, ndcg: 70.31, took: 3.14s
Epoch 24, 93.6%	 loss: 1.876 acc@1: 49.61 mrr: 64.60, ndcg: 70.31, took: 3.00s
Epoch 24, 95.7%	 loss: 1.905 acc@1: 50.62 mrr: 64.98, ndcg: 70.30, took: 3.15s
Epoch 24, 97.9%	 loss: 1.843 acc@1: 50.51 mrr: 65.29, ndcg: 71.02, took: 3.10s
Epoch 24, 100.0%	 loss: 1.852 acc@1: 49.92 mrr: 65.02, ndcg: 70.78, took: 2.99s
Validation - loss: 2.8930, acc@1: 47.88%, f1: 40.18%, mrr: 60.93%, ndcg: 66.01%
Current learning rate: 0.000016

=== Epoch 25 ===
Epoch 25, 2.1%	 loss: 1.877 acc@1: 49.38 mrr: 64.57, ndcg: 70.31, took: 3.12s
Epoch 25, 4.3%	 loss: 1.872 acc@1: 49.10 mrr: 64.32, ndcg: 70.09, took: 3.04s
Epoch 25, 6.4%	 loss: 1.846 acc@1: 52.23 mrr: 66.04, ndcg: 71.29, took: 3.18s
Epoch 25, 8.5%	 loss: 1.918 acc@1: 49.22 mrr: 64.00, ndcg: 69.61, took: 2.75s
Epoch 25, 10.6%	 loss: 1.909 acc@1: 50.12 mrr: 64.57, ndcg: 70.13, took: 2.56s
Epoch 25, 12.8%	 loss: 1.862 acc@1: 50.59 mrr: 65.12, ndcg: 70.69, took: 2.76s
Epoch 25, 14.9%	 loss: 1.882 acc@1: 48.91 mrr: 64.26, ndcg: 70.03, took: 2.54s
Epoch 25, 17.0%	 loss: 1.861 acc@1: 50.59 mrr: 65.19, ndcg: 70.78, took: 2.66s
Epoch 25, 19.1%	 loss: 1.823 acc@1: 51.17 mrr: 65.93, ndcg: 71.50, took: 2.45s
Epoch 25, 21.3%	 loss: 1.933 acc@1: 48.71 mrr: 63.44, ndcg: 69.34, took: 2.42s
Epoch 25, 23.4%	 loss: 1.965 acc@1: 48.79 mrr: 63.37, ndcg: 68.94, took: 2.36s
Epoch 25, 25.5%	 loss: 1.915 acc@1: 49.57 mrr: 64.44, ndcg: 69.99, took: 2.42s
Epoch 25, 27.7%	 loss: 1.884 acc@1: 50.16 mrr: 64.84, ndcg: 70.51, took: 2.41s
Epoch 25, 29.8%	 loss: 1.845 acc@1: 50.59 mrr: 65.26, ndcg: 71.00, took: 2.42s
Epoch 25, 31.9%	 loss: 1.930 acc@1: 49.69 mrr: 64.17, ndcg: 69.87, took: 2.36s
Epoch 25, 34.0%	 loss: 1.881 acc@1: 51.17 mrr: 65.53, ndcg: 71.03, took: 2.34s
Epoch 25, 36.2%	 loss: 1.813 acc@1: 48.79 mrr: 64.51, ndcg: 70.53, took: 2.46s
Epoch 25, 38.3%	 loss: 1.938 acc@1: 48.59 mrr: 63.90, ndcg: 69.82, took: 2.42s
Epoch 25, 40.4%	 loss: 1.860 acc@1: 50.39 mrr: 65.11, ndcg: 70.80, took: 2.36s
Epoch 25, 42.6%	 loss: 1.878 acc@1: 50.59 mrr: 65.18, ndcg: 70.74, took: 2.35s
Epoch 25, 44.7%	 loss: 1.847 acc@1: 51.72 mrr: 65.74, ndcg: 71.18, took: 2.47s
Epoch 25, 46.8%	 loss: 1.934 acc@1: 49.02 mrr: 63.77, ndcg: 69.47, took: 2.33s
Epoch 25, 48.9%	 loss: 1.842 acc@1: 50.59 mrr: 65.36, ndcg: 70.90, took: 2.57s
Epoch 25, 51.1%	 loss: 1.857 acc@1: 50.43 mrr: 65.07, ndcg: 70.79, took: 2.48s
Epoch 25, 53.2%	 loss: 1.912 acc@1: 49.57 mrr: 64.50, ndcg: 70.28, took: 2.40s
Epoch 25, 55.3%	 loss: 1.901 acc@1: 50.39 mrr: 64.65, ndcg: 70.20, took: 2.41s
Epoch 25, 57.4%	 loss: 1.850 acc@1: 50.98 mrr: 65.54, ndcg: 71.11, took: 2.46s
Epoch 25, 59.6%	 loss: 1.877 acc@1: 49.80 mrr: 64.84, ndcg: 70.48, took: 2.50s
Epoch 25, 61.7%	 loss: 1.879 acc@1: 51.21 mrr: 65.40, ndcg: 70.93, took: 2.38s
Epoch 25, 63.8%	 loss: 1.883 acc@1: 50.90 mrr: 65.16, ndcg: 70.62, took: 2.50s
Epoch 25, 66.0%	 loss: 1.845 acc@1: 50.20 mrr: 65.20, ndcg: 70.97, took: 2.40s
Epoch 25, 68.1%	 loss: 1.876 acc@1: 50.00 mrr: 64.94, ndcg: 70.64, took: 2.34s
Epoch 25, 70.2%	 loss: 1.945 acc@1: 49.88 mrr: 63.94, ndcg: 69.50, took: 2.34s
Epoch 25, 72.3%	 loss: 1.884 acc@1: 51.21 mrr: 65.43, ndcg: 70.82, took: 2.34s
Epoch 25, 74.5%	 loss: 1.914 acc@1: 49.41 mrr: 64.21, ndcg: 69.86, took: 2.35s
Epoch 25, 76.6%	 loss: 1.918 acc@1: 49.96 mrr: 64.52, ndcg: 70.13, took: 2.45s
Epoch 25, 78.7%	 loss: 1.853 acc@1: 50.59 mrr: 65.18, ndcg: 70.85, took: 2.23s
Epoch 25, 80.9%	 loss: 1.853 acc@1: 50.31 mrr: 65.13, ndcg: 70.95, took: 2.50s
Epoch 25, 83.0%	 loss: 1.923 acc@1: 49.80 mrr: 64.20, ndcg: 69.86, took: 2.42s
Epoch 25, 85.1%	 loss: 1.851 acc@1: 50.35 mrr: 65.30, ndcg: 70.93, took: 2.07s
Epoch 25, 87.2%	 loss: 1.879 acc@1: 49.96 mrr: 64.68, ndcg: 70.14, took: 2.19s
Epoch 25, 89.4%	 loss: 1.890 acc@1: 49.49 mrr: 64.36, ndcg: 69.96, took: 2.04s
Epoch 25, 91.5%	 loss: 1.830 acc@1: 51.13 mrr: 65.74, ndcg: 71.30, took: 2.14s
Epoch 25, 93.6%	 loss: 1.906 acc@1: 50.35 mrr: 64.75, ndcg: 70.29, took: 1.88s
Epoch 25, 95.7%	 loss: 1.890 acc@1: 50.70 mrr: 64.95, ndcg: 70.52, took: 1.77s
Epoch 25, 97.9%	 loss: 1.893 acc@1: 49.65 mrr: 64.55, ndcg: 70.16, took: 1.90s
Epoch 25, 100.0%	 loss: 1.898 acc@1: 49.69 mrr: 64.41, ndcg: 70.15, took: 1.88s
Validation - loss: 2.8908, acc@1: 47.95%, f1: 40.17%, mrr: 60.96%, ndcg: 66.04%
Current learning rate: 0.000016

=== Epoch 26 ===
Epoch 26, 2.1%	 loss: 1.819 acc@1: 52.42 mrr: 66.60, ndcg: 72.06, took: 1.83s
Epoch 26, 4.3%	 loss: 1.943 acc@1: 49.06 mrr: 63.77, ndcg: 69.42, took: 2.02s
Epoch 26, 6.4%	 loss: 1.862 acc@1: 50.74 mrr: 65.36, ndcg: 70.89, took: 1.93s
Epoch 26, 8.5%	 loss: 1.836 acc@1: 50.27 mrr: 64.96, ndcg: 70.73, took: 1.93s
Epoch 26, 10.6%	 loss: 1.850 acc@1: 51.21 mrr: 65.68, ndcg: 71.19, took: 1.87s
Epoch 26, 12.8%	 loss: 1.872 acc@1: 49.88 mrr: 64.88, ndcg: 70.48, took: 1.77s
Epoch 26, 14.9%	 loss: 1.901 acc@1: 50.08 mrr: 64.60, ndcg: 70.19, took: 1.87s
Epoch 26, 17.0%	 loss: 1.915 acc@1: 49.57 mrr: 64.37, ndcg: 69.96, took: 1.85s
Epoch 26, 19.1%	 loss: 1.887 acc@1: 50.90 mrr: 65.39, ndcg: 70.62, took: 1.78s
Epoch 26, 21.3%	 loss: 1.880 acc@1: 50.16 mrr: 64.79, ndcg: 70.58, took: 1.93s
Epoch 26, 23.4%	 loss: 1.885 acc@1: 49.84 mrr: 64.50, ndcg: 70.21, took: 1.88s
Epoch 26, 25.5%	 loss: 1.911 acc@1: 48.75 mrr: 63.86, ndcg: 69.80, took: 1.82s
Epoch 26, 27.7%	 loss: 1.925 acc@1: 50.82 mrr: 64.58, ndcg: 70.11, took: 1.85s
Epoch 26, 29.8%	 loss: 1.926 acc@1: 49.53 mrr: 64.17, ndcg: 69.78, took: 1.88s
Epoch 26, 31.9%	 loss: 1.901 acc@1: 50.04 mrr: 64.53, ndcg: 70.21, took: 1.94s
Epoch 26, 34.0%	 loss: 1.876 acc@1: 50.00 mrr: 64.67, ndcg: 70.49, took: 1.91s
Epoch 26, 36.2%	 loss: 1.877 acc@1: 49.30 mrr: 64.44, ndcg: 70.38, took: 1.81s
Epoch 26, 38.3%	 loss: 1.850 acc@1: 50.78 mrr: 65.20, ndcg: 70.86, took: 1.68s
Epoch 26, 40.4%	 loss: 1.857 acc@1: 49.73 mrr: 64.90, ndcg: 70.61, took: 1.73s
Epoch 26, 42.6%	 loss: 1.826 acc@1: 51.05 mrr: 65.69, ndcg: 71.46, took: 1.86s
Epoch 26, 44.7%	 loss: 1.893 acc@1: 49.57 mrr: 64.36, ndcg: 69.96, took: 1.81s
Epoch 26, 46.8%	 loss: 1.883 acc@1: 49.49 mrr: 64.55, ndcg: 70.25, took: 1.92s
Epoch 26, 48.9%	 loss: 1.926 acc@1: 50.23 mrr: 64.63, ndcg: 70.18, took: 2.01s
Epoch 26, 51.1%	 loss: 1.906 acc@1: 49.77 mrr: 64.35, ndcg: 70.16, took: 1.81s
Epoch 26, 53.2%	 loss: 1.861 acc@1: 50.23 mrr: 65.04, ndcg: 70.76, took: 1.89s
Epoch 26, 55.3%	 loss: 1.883 acc@1: 50.08 mrr: 64.65, ndcg: 70.14, took: 1.91s
Epoch 26, 57.4%	 loss: 1.916 acc@1: 50.16 mrr: 64.30, ndcg: 69.91, took: 1.87s
Epoch 26, 59.6%	 loss: 1.861 acc@1: 50.55 mrr: 65.14, ndcg: 70.76, took: 1.86s
Epoch 26, 61.7%	 loss: 1.881 acc@1: 51.05 mrr: 65.29, ndcg: 70.71, took: 1.86s
Epoch 26, 63.8%	 loss: 1.865 acc@1: 51.21 mrr: 65.31, ndcg: 70.82, took: 1.90s
Epoch 26, 66.0%	 loss: 1.896 acc@1: 49.41 mrr: 64.16, ndcg: 70.01, took: 1.89s
Epoch 26, 68.1%	 loss: 1.904 acc@1: 50.78 mrr: 64.95, ndcg: 70.32, took: 1.89s
Epoch 26, 70.2%	 loss: 1.903 acc@1: 50.82 mrr: 64.74, ndcg: 70.34, took: 1.98s
Epoch 26, 72.3%	 loss: 1.847 acc@1: 50.55 mrr: 65.32, ndcg: 70.80, took: 1.85s
Epoch 26, 74.5%	 loss: 1.874 acc@1: 51.37 mrr: 65.36, ndcg: 70.76, took: 1.79s
Epoch 26, 76.6%	 loss: 1.853 acc@1: 50.16 mrr: 65.16, ndcg: 71.06, took: 1.80s
Epoch 26, 78.7%	 loss: 1.898 acc@1: 50.16 mrr: 64.69, ndcg: 70.37, took: 1.77s
Epoch 26, 80.9%	 loss: 1.883 acc@1: 50.94 mrr: 65.16, ndcg: 70.70, took: 1.85s
Epoch 26, 83.0%	 loss: 1.796 acc@1: 51.72 mrr: 66.39, ndcg: 72.11, took: 1.83s
Epoch 26, 85.1%	 loss: 1.946 acc@1: 49.84 mrr: 64.12, ndcg: 69.46, took: 1.83s
Epoch 26, 87.2%	 loss: 1.838 acc@1: 51.60 mrr: 65.99, ndcg: 71.46, took: 1.80s
Epoch 26, 89.4%	 loss: 1.894 acc@1: 49.84 mrr: 64.36, ndcg: 70.04, took: 1.76s
Epoch 26, 91.5%	 loss: 1.881 acc@1: 49.80 mrr: 64.71, ndcg: 70.52, took: 1.92s
Epoch 26, 93.6%	 loss: 1.856 acc@1: 50.23 mrr: 64.85, ndcg: 70.53, took: 2.04s
Epoch 26, 95.7%	 loss: 1.903 acc@1: 50.08 mrr: 64.64, ndcg: 70.17, took: 1.83s
Epoch 26, 97.9%	 loss: 1.841 acc@1: 50.90 mrr: 65.53, ndcg: 71.34, took: 1.84s
Epoch 26, 100.0%	 loss: 1.915 acc@1: 49.77 mrr: 64.29, ndcg: 69.83, took: 1.82s
Validation - loss: 2.8920, acc@1: 47.76%, f1: 40.05%, mrr: 60.86%, ndcg: 65.97%
Training finished.	 Time: 6358.60s.	 acc@1: 47.86%

=== Test Results ===
Test Results:
  acc@1: 48.39%
  acc@5: 76.06%
  acc@10: 80.57%
  mrr: 60.69%
  ndcg: 65.32%
  f1: 41.36%

=== Training Complete ===
