2025-12-30 21:51:22,077 - INFO - ============================================================
2025-12-30 21:51:22,078 - INFO - POINTER V45 - Training Started
2025-12-30 21:51:22,078 - INFO - ============================================================
2025-12-30 21:51:22,078 - INFO - Model config: {'d_model': 64, 'dim_feedforward': 512, 'dropout': 0.15, 'nhead': 2, 'num_layers': 4}
2025-12-30 21:51:22,078 - INFO - Training config: {'batch_size': 128, 'grad_clip': 0.8, 'label_smoothing': 0.03, 'learning_rate': 0.0006, 'min_epochs': 3, 'min_lr': 1e-06, 'num_epochs': 50, 'patience': 5, 'use_amp': True, 'warmup_epochs': 5, 'weight_decay': 0.015}
2025-12-30 21:51:22,078 - INFO - ============================================================
2025-12-30 21:51:22,078 - INFO - Training for 50 epochs
2025-12-30 21:51:22,079 - INFO - Model parameters: 516,564
2025-12-30 21:51:30,516 - INFO - Epoch 1/50 | LR: 1.20e-04 | Train: 4.1280 | Val: 3.1566 | Acc@1: 41.39%
2025-12-30 21:51:30,552 - INFO -   ✓ New best (Acc@1: 41.39%)
2025-12-30 21:51:37,400 - INFO - Epoch 2/50 | LR: 2.40e-04 | Train: 3.8310 | Val: 3.0851 | Acc@1: 45.05%
2025-12-30 21:51:37,436 - INFO -   ✓ New best (Acc@1: 45.05%)
2025-12-30 21:51:42,963 - INFO - Epoch 3/50 | LR: 3.60e-04 | Train: 3.6272 | Val: 2.9859 | Acc@1: 46.82%
2025-12-30 21:51:43,004 - INFO -   ✓ New best (Acc@1: 46.82%)
2025-12-30 21:51:48,005 - INFO - Epoch 4/50 | LR: 4.80e-04 | Train: 3.4314 | Val: 3.0252 | Acc@1: 47.18%
2025-12-30 21:51:54,332 - INFO - Epoch 5/50 | LR: 6.00e-04 | Train: 3.2709 | Val: 3.0726 | Acc@1: 46.19%
2025-12-30 21:52:01,625 - INFO - Epoch 6/50 | LR: 6.00e-04 | Train: 3.0781 | Val: 2.9908 | Acc@1: 47.69%
2025-12-30 21:52:08,993 - INFO - Epoch 7/50 | LR: 5.99e-04 | Train: 2.8948 | Val: 3.0247 | Acc@1: 49.04%
2025-12-30 21:52:16,882 - INFO - Epoch 8/50 | LR: 5.97e-04 | Train: 2.7263 | Val: 3.0228 | Acc@1: 48.23%
2025-12-30 21:52:16,882 - INFO - Early stopping at epoch 8
2025-12-30 21:52:17,696 - INFO - Loaded checkpoint from epoch 3
2025-12-30 21:52:22,045 - INFO - ============================================================
2025-12-30 21:52:22,046 - INFO - FINAL VALIDATION RESULTS
2025-12-30 21:52:22,046 - INFO -   Acc@1:  46.82%
2025-12-30 21:52:22,046 - INFO -   Acc@5:  78.34%
2025-12-30 21:52:22,046 - INFO -   Acc@10: 81.88%
2025-12-30 21:52:22,046 - INFO -   MRR:    60.40%
2025-12-30 21:52:22,046 - INFO -   NDCG:   65.53%
2025-12-30 21:52:22,046 - INFO - ============================================================
2025-12-30 21:52:22,046 - INFO - FINAL TEST RESULTS
2025-12-30 21:52:22,046 - INFO -   Acc@1:  50.57%
2025-12-30 21:52:22,046 - INFO -   Acc@5:  81.75%
2025-12-30 21:52:22,046 - INFO -   Acc@10: 84.64%
2025-12-30 21:52:22,046 - INFO -   MRR:    64.52%
2025-12-30 21:52:22,046 - INFO -   NDCG:   69.43%
2025-12-30 21:52:22,047 - INFO - ============================================================
