2026-01-02 02:14:16,730 - INFO - ============================================================
2026-01-02 02:14:16,730 - INFO - POINTER V45 - Training Started
2026-01-02 02:14:16,730 - INFO - ============================================================
2026-01-02 02:14:16,730 - INFO - Model config: {'d_model': 64, 'dim_feedforward': 256, 'dropout': 0.2, 'nhead': 4, 'num_layers': 2}
2026-01-02 02:14:16,730 - INFO - Training config: {'batch_size': 64, 'grad_clip': 0.8, 'label_smoothing': 0.05, 'learning_rate': 0.0005, 'min_epochs': 8, 'min_lr': 1e-06, 'num_epochs': 50, 'patience': 5, 'use_amp': True, 'warmup_epochs': 7, 'weight_decay': 1e-05}
2026-01-02 02:14:16,730 - INFO - ============================================================
2026-01-02 02:14:16,730 - INFO - Training for 50 epochs
2026-01-02 02:14:16,731 - INFO - Model parameters: 1,081,554
2026-01-02 02:15:20,261 - INFO - Epoch 1/50 | LR: 7.14e-05 | Train: 3.2428 | Val: 3.2277 | Acc@1: 50.31%
2026-01-02 02:15:20,297 - INFO -   ✓ New best (Acc@1: 50.31%)
2026-01-02 02:16:22,145 - INFO - Epoch 2/50 | LR: 1.43e-04 | Train: 3.0593 | Val: 3.1627 | Acc@1: 52.32%
2026-01-02 02:16:22,192 - INFO -   ✓ New best (Acc@1: 52.32%)
2026-01-02 02:17:23,944 - INFO - Epoch 3/50 | LR: 2.14e-04 | Train: 2.9882 | Val: 3.1334 | Acc@1: 52.99%
2026-01-02 02:17:23,988 - INFO -   ✓ New best (Acc@1: 52.99%)
2026-01-02 02:18:25,532 - INFO - Epoch 4/50 | LR: 2.86e-04 | Train: 2.9450 | Val: 3.1195 | Acc@1: 53.60%
2026-01-02 02:18:25,580 - INFO -   ✓ New best (Acc@1: 53.60%)
2026-01-02 02:19:26,614 - INFO - Epoch 5/50 | LR: 3.57e-04 | Train: 2.9091 | Val: 3.1126 | Acc@1: 54.04%
2026-01-02 02:19:26,656 - INFO -   ✓ New best (Acc@1: 54.04%)
2026-01-02 02:20:29,290 - INFO - Epoch 6/50 | LR: 4.29e-04 | Train: 2.8731 | Val: 3.0981 | Acc@1: 54.69%
2026-01-02 02:20:29,334 - INFO -   ✓ New best (Acc@1: 54.69%)
2026-01-02 02:21:31,146 - INFO - Epoch 7/50 | LR: 5.00e-04 | Train: 2.8380 | Val: 3.0886 | Acc@1: 54.62%
2026-01-02 02:21:31,192 - INFO -   ✓ New best (Acc@1: 54.62%)
2026-01-02 02:22:32,582 - INFO - Epoch 8/50 | LR: 5.00e-04 | Train: 2.8005 | Val: 3.0981 | Acc@1: 54.36%
2026-01-02 02:23:34,235 - INFO - Epoch 9/50 | LR: 4.99e-04 | Train: 2.7682 | Val: 3.1059 | Acc@1: 54.51%
2026-01-02 02:24:36,905 - INFO - Epoch 10/50 | LR: 4.97e-04 | Train: 2.7462 | Val: 3.1156 | Acc@1: 54.22%
2026-01-02 02:25:40,215 - INFO - Epoch 11/50 | LR: 4.94e-04 | Train: 2.7343 | Val: 3.1277 | Acc@1: 53.83%
2026-01-02 02:26:42,622 - INFO - Epoch 12/50 | LR: 4.89e-04 | Train: 2.7213 | Val: 3.1428 | Acc@1: 53.86%
2026-01-02 02:26:42,622 - INFO - Early stopping at epoch 12
2026-01-02 02:26:42,672 - INFO - Loaded checkpoint from epoch 7
2026-01-02 02:26:46,433 - INFO - ============================================================
2026-01-02 02:26:46,433 - INFO - FINAL VALIDATION RESULTS
2026-01-02 02:26:46,434 - INFO -   Acc@1:  54.62%
2026-01-02 02:26:46,434 - INFO -   Acc@5:  79.45%
2026-01-02 02:26:46,434 - INFO -   Acc@10: 82.77%
2026-01-02 02:26:46,434 - INFO -   MRR:    65.46%
2026-01-02 02:26:46,434 - INFO -   NDCG:   69.60%
2026-01-02 02:26:46,434 - INFO - ============================================================
2026-01-02 02:26:46,434 - INFO - FINAL TEST RESULTS
2026-01-02 02:26:46,434 - INFO -   Acc@1:  56.95%
2026-01-02 02:26:46,434 - INFO -   Acc@5:  81.95%
2026-01-02 02:26:46,434 - INFO -   Acc@10: 85.19%
2026-01-02 02:26:46,434 - INFO -   MRR:    67.82%
2026-01-02 02:26:46,434 - INFO -   NDCG:   72.00%
2026-01-02 02:26:46,434 - INFO - ============================================================
