2025-12-28 20:18:39,621 - INFO - ============================================================
2025-12-28 20:18:39,621 - INFO - POINTER V45 - Training Started
2025-12-28 20:18:39,621 - INFO - ============================================================
2025-12-28 20:18:39,621 - INFO - Model config: {'d_model': 64, 'dim_feedforward': 192, 'dropout': 0.15, 'nhead': 4, 'num_layers': 2}
2025-12-28 20:18:39,622 - INFO - Training config: {'batch_size': 128, 'grad_clip': 0.8, 'label_smoothing': 0.03, 'learning_rate': 0.0008, 'min_epochs': 8, 'min_lr': 1e-06, 'num_epochs': 50, 'patience': 5, 'use_amp': True, 'warmup_epochs': 5, 'weight_decay': 0.015}
2025-12-28 20:18:39,622 - INFO - ============================================================
2025-12-28 20:18:39,622 - INFO - Training for 50 epochs
2025-12-28 20:18:39,622 - INFO - Model parameters: 262,763
2025-12-28 20:18:48,410 - INFO - Epoch 1/50 | LR: 1.60e-04 | Train: 4.0733 | Val: 3.0088 | Acc@1: 40.64%
2025-12-28 20:18:48,433 - INFO -   ✓ New best (Acc@1: 40.64%)
2025-12-28 20:18:54,918 - INFO - Epoch 2/50 | LR: 3.20e-04 | Train: 3.7112 | Val: 2.9033 | Acc@1: 45.06%
2025-12-28 20:18:54,941 - INFO -   ✓ New best (Acc@1: 45.06%)
2025-12-28 20:19:01,461 - INFO - Epoch 3/50 | LR: 4.80e-04 | Train: 3.5192 | Val: 2.8660 | Acc@1: 46.40%
2025-12-28 20:19:01,485 - INFO -   ✓ New best (Acc@1: 46.40%)
2025-12-28 20:19:07,232 - INFO - Epoch 4/50 | LR: 6.40e-04 | Train: 3.3198 | Val: 2.8659 | Acc@1: 47.26%
2025-12-28 20:19:07,255 - INFO -   ✓ New best (Acc@1: 47.26%)
2025-12-28 20:19:12,967 - INFO - Epoch 5/50 | LR: 8.00e-04 | Train: 3.1383 | Val: 2.8393 | Acc@1: 47.17%
2025-12-28 20:19:12,989 - INFO -   ✓ New best (Acc@1: 47.17%)
2025-12-28 20:19:18,649 - INFO - Epoch 6/50 | LR: 8.00e-04 | Train: 2.9099 | Val: 2.8548 | Acc@1: 47.64%
2025-12-28 20:19:24,100 - INFO - Epoch 7/50 | LR: 7.99e-04 | Train: 2.7095 | Val: 2.8917 | Acc@1: 47.64%
2025-12-28 20:19:29,542 - INFO - Epoch 8/50 | LR: 7.96e-04 | Train: 2.5240 | Val: 2.9178 | Acc@1: 48.22%
2025-12-28 20:19:35,519 - INFO - Epoch 9/50 | LR: 7.91e-04 | Train: 2.3509 | Val: 2.9492 | Acc@1: 47.77%
2025-12-28 20:19:41,631 - INFO - Epoch 10/50 | LR: 7.85e-04 | Train: 2.1891 | Val: 2.9807 | Acc@1: 48.38%
2025-12-28 20:19:41,631 - INFO - Early stopping at epoch 10
2025-12-28 20:19:42,149 - INFO - Loaded checkpoint from epoch 5
2025-12-28 20:19:45,673 - INFO - ============================================================
2025-12-28 20:19:45,673 - INFO - FINAL VALIDATION RESULTS
2025-12-28 20:19:45,673 - INFO -   Acc@1:  47.17%
2025-12-28 20:19:45,673 - INFO -   Acc@5:  79.36%
2025-12-28 20:19:45,673 - INFO -   Acc@10: 83.89%
2025-12-28 20:19:45,673 - INFO -   MRR:    60.92%
2025-12-28 20:19:45,673 - INFO -   NDCG:   66.36%
2025-12-28 20:19:45,673 - INFO - ============================================================
2025-12-28 20:19:45,674 - INFO - FINAL TEST RESULTS
2025-12-28 20:19:45,674 - INFO -   Acc@1:  50.08%
2025-12-28 20:19:45,674 - INFO -   Acc@5:  82.87%
2025-12-28 20:19:45,674 - INFO -   Acc@10: 86.09%
2025-12-28 20:19:45,674 - INFO -   MRR:    64.62%
2025-12-28 20:19:45,674 - INFO -   NDCG:   69.82%
2025-12-28 20:19:45,674 - INFO - ============================================================
