2025-12-29 19:11:37,243 - INFO - ============================================================
2025-12-29 19:11:37,244 - INFO - POINTER V45 - Training Started
2025-12-29 19:11:37,244 - INFO - ============================================================
2025-12-29 19:11:37,244 - INFO - Model config: {'d_model': 32, 'dim_feedforward': 512, 'dropout': 0.15, 'nhead': 2, 'num_layers': 2}
2025-12-29 19:11:37,244 - INFO - Training config: {'batch_size': 128, 'grad_clip': 0.8, 'label_smoothing': 0.03, 'learning_rate': 0.00065, 'min_epochs': 8, 'min_lr': 1e-06, 'num_epochs': 2, 'patience': 5, 'use_amp': True, 'warmup_epochs': 5, 'weight_decay': 0.015}
2025-12-29 19:11:37,244 - INFO - ============================================================
2025-12-29 19:11:37,244 - INFO - Training for 2 epochs
2025-12-29 19:11:37,244 - INFO - Model parameters: 584,128
2025-12-29 19:12:33,131 - INFO - Epoch 1/2 | LR: 1.30e-04 | Train: 3.2973 | Val: 3.2052 | Acc@1: 50.34%
2025-12-29 19:12:33,157 - INFO -   ✓ New best (Acc@1: 50.34%)
2025-12-29 19:13:30,769 - INFO - Epoch 2/2 | LR: 2.60e-04 | Train: 3.0862 | Val: 3.1300 | Acc@1: 52.75%
2025-12-29 19:13:30,798 - INFO -   ✓ New best (Acc@1: 52.75%)
2025-12-29 19:13:30,915 - INFO - Loaded checkpoint from epoch 2
2025-12-29 19:13:37,517 - INFO - ============================================================
2025-12-29 19:13:37,517 - INFO - FINAL VALIDATION RESULTS
2025-12-29 19:13:37,518 - INFO -   Acc@1:  52.75%
2025-12-29 19:13:37,518 - INFO -   Acc@5:  78.04%
2025-12-29 19:13:37,518 - INFO -   Acc@10: 80.26%
2025-12-29 19:13:37,518 - INFO -   MRR:    63.73%
2025-12-29 19:13:37,518 - INFO -   NDCG:   67.73%
2025-12-29 19:13:37,518 - INFO - ============================================================
2025-12-29 19:13:37,518 - INFO - FINAL TEST RESULTS
2025-12-29 19:13:37,518 - INFO -   Acc@1:  53.40%
2025-12-29 19:13:37,518 - INFO -   Acc@5:  79.52%
2025-12-29 19:13:37,518 - INFO -   Acc@10: 81.98%
2025-12-29 19:13:37,518 - INFO -   MRR:    64.78%
2025-12-29 19:13:37,518 - INFO -   NDCG:   68.95%
2025-12-29 19:13:37,518 - INFO - ============================================================
