Training MHSA model
Dataset: geolife
Config: /data/next_loc_clean_v2/config/ht_optuna/optuna_MHSA_geolife_prev14_t3_20251231_160552_bb9b07d9.yaml
Device: cuda
Seed: 42
==================================================
Data loaders: train=215, val=90, test=96
Total trainable parameters: 1170521

=== Epoch 1 ===
Epoch 1, 9.3%	 loss: 7.106 acc@1: 0.31 mrr: 0.98, ndcg: 0.59, took: 3.47s
Epoch 1, 18.6%	 loss: 7.080 acc@1: 0.31 mrr: 1.09, ndcg: 0.76, took: 2.01s
Epoch 1, 27.9%	 loss: 7.044 acc@1: 0.16 mrr: 0.95, ndcg: 0.72, took: 1.89s
Epoch 1, 37.2%	 loss: 7.058 acc@1: 0.16 mrr: 0.86, ndcg: 0.48, took: 1.92s
Epoch 1, 46.5%	 loss: 6.990 acc@1: 0.94 mrr: 1.98, ndcg: 1.83, took: 1.90s
Epoch 1, 55.8%	 loss: 6.890 acc@1: 1.88 mrr: 4.03, ndcg: 4.20, took: 1.90s
Epoch 1, 65.1%	 loss: 6.711 acc@1: 9.84 mrr: 13.17, ndcg: 13.94, took: 1.98s
Epoch 1, 74.4%	 loss: 6.509 acc@1: 14.22 mrr: 18.00, ndcg: 19.05, took: 1.82s
Epoch 1, 83.7%	 loss: 6.249 acc@1: 17.34 mrr: 23.30, ndcg: 24.87, took: 1.85s
Epoch 1, 93.0%	 loss: 6.075 acc@1: 19.06 mrr: 25.41, ndcg: 27.26, took: 1.76s
Validation - loss: 5.6485, acc@1: 17.73%, f1: 10.20%, mrr: 26.52%, ndcg: 29.52%
Current learning rate: 0.000250

=== Epoch 2 ===
Epoch 2, 9.3%	 loss: 5.729 acc@1: 21.09 mrr: 28.77, ndcg: 31.74, took: 1.90s
Epoch 2, 18.6%	 loss: 5.576 acc@1: 19.38 mrr: 28.65, ndcg: 32.30, took: 1.95s
Epoch 2, 27.9%	 loss: 5.412 acc@1: 21.56 mrr: 31.64, ndcg: 35.69, took: 1.93s
Epoch 2, 37.2%	 loss: 5.160 acc@1: 22.81 mrr: 34.39, ndcg: 39.12, took: 2.00s
Epoch 2, 46.5%	 loss: 4.762 acc@1: 28.75 mrr: 40.34, ndcg: 44.93, took: 1.91s
Epoch 2, 55.8%	 loss: 4.933 acc@1: 24.53 mrr: 36.06, ndcg: 41.12, took: 1.86s
Epoch 2, 65.1%	 loss: 4.767 acc@1: 26.09 mrr: 37.91, ndcg: 42.82, took: 1.92s
Epoch 2, 74.4%	 loss: 4.806 acc@1: 27.50 mrr: 38.22, ndcg: 42.41, took: 1.91s
Epoch 2, 83.7%	 loss: 4.663 acc@1: 25.94 mrr: 37.82, ndcg: 43.03, took: 1.77s
Epoch 2, 93.0%	 loss: 4.379 acc@1: 29.06 mrr: 40.93, ndcg: 45.94, took: 1.64s
Validation - loss: 4.2949, acc@1: 30.87%, f1: 20.19%, mrr: 41.95%, ndcg: 46.64%
Current learning rate: 0.000500

=== Epoch 3 ===
Epoch 3, 9.3%	 loss: 4.391 acc@1: 28.75 mrr: 39.92, ndcg: 44.11, took: 1.88s
Epoch 3, 18.6%	 loss: 4.064 acc@1: 33.28 mrr: 44.52, ndcg: 49.16, took: 1.86s
Epoch 3, 27.9%	 loss: 4.075 acc@1: 32.19 mrr: 44.25, ndcg: 48.79, took: 1.87s
Epoch 3, 37.2%	 loss: 3.933 acc@1: 32.03 mrr: 44.47, ndcg: 49.35, took: 1.86s
Epoch 3, 46.5%	 loss: 3.869 acc@1: 33.75 mrr: 46.28, ndcg: 51.24, took: 1.87s
Epoch 3, 55.8%	 loss: 3.836 acc@1: 32.81 mrr: 46.10, ndcg: 50.28, took: 1.88s
Epoch 3, 65.1%	 loss: 3.676 acc@1: 32.50 mrr: 46.75, ndcg: 52.01, took: 1.84s
Epoch 3, 74.4%	 loss: 3.841 acc@1: 29.53 mrr: 44.84, ndcg: 50.03, took: 1.75s
Epoch 3, 83.7%	 loss: 3.857 acc@1: 31.09 mrr: 44.86, ndcg: 49.53, took: 1.67s
Epoch 3, 93.0%	 loss: 3.724 acc@1: 31.88 mrr: 45.82, ndcg: 51.38, took: 1.60s
Validation - loss: 4.0880, acc@1: 34.02%, f1: 22.29%, mrr: 45.38%, ndcg: 49.54%
Current learning rate: 0.000490

=== Epoch 4 ===
Epoch 4, 9.3%	 loss: 3.559 acc@1: 36.09 mrr: 49.15, ndcg: 53.60, took: 1.95s
Epoch 4, 18.6%	 loss: 3.590 acc@1: 35.00 mrr: 48.45, ndcg: 52.90, took: 1.88s
Epoch 4, 27.9%	 loss: 3.373 acc@1: 35.78 mrr: 49.93, ndcg: 54.83, took: 1.88s
Epoch 4, 37.2%	 loss: 3.657 acc@1: 34.38 mrr: 47.62, ndcg: 52.20, took: 1.93s
Epoch 4, 46.5%	 loss: 3.856 acc@1: 30.47 mrr: 43.97, ndcg: 49.01, took: 1.83s
Epoch 4, 55.8%	 loss: 3.507 acc@1: 35.78 mrr: 49.76, ndcg: 54.74, took: 1.82s
Epoch 4, 65.1%	 loss: 3.356 acc@1: 35.47 mrr: 49.63, ndcg: 54.68, took: 1.78s
Epoch 4, 74.4%	 loss: 3.601 acc@1: 32.66 mrr: 46.47, ndcg: 50.94, took: 1.70s
Epoch 4, 83.7%	 loss: 3.444 acc@1: 32.97 mrr: 47.76, ndcg: 53.21, took: 1.73s
Epoch 4, 93.0%	 loss: 3.649 acc@1: 32.34 mrr: 46.49, ndcg: 51.50, took: 1.64s
Validation - loss: 4.0964, acc@1: 35.10%, f1: 22.83%, mrr: 46.53%, ndcg: 50.53%
Current learning rate: 0.000479

=== Epoch 5 ===
Epoch 5, 9.3%	 loss: 3.239 acc@1: 37.50 mrr: 51.41, ndcg: 55.70, took: 1.90s
Epoch 5, 18.6%	 loss: 3.401 acc@1: 33.28 mrr: 48.27, ndcg: 53.27, took: 1.88s
Epoch 5, 27.9%	 loss: 3.300 acc@1: 38.44 mrr: 51.42, ndcg: 55.80, took: 1.86s
Epoch 5, 37.2%	 loss: 3.254 acc@1: 35.31 mrr: 49.48, ndcg: 54.61, took: 1.82s
Epoch 5, 46.5%	 loss: 3.310 acc@1: 35.62 mrr: 49.73, ndcg: 54.51, took: 1.79s
Epoch 5, 55.8%	 loss: 3.299 acc@1: 36.72 mrr: 50.81, ndcg: 55.56, took: 1.80s
Epoch 5, 65.1%	 loss: 3.476 acc@1: 33.75 mrr: 48.02, ndcg: 52.61, took: 1.79s
Epoch 5, 74.4%	 loss: 3.307 acc@1: 33.12 mrr: 48.11, ndcg: 53.66, took: 1.85s
Epoch 5, 83.7%	 loss: 3.373 acc@1: 35.31 mrr: 48.87, ndcg: 53.70, took: 1.80s
Epoch 5, 93.0%	 loss: 3.480 acc@1: 32.81 mrr: 47.64, ndcg: 53.03, took: 1.74s
Validation - loss: 4.0985, acc@1: 34.34%, f1: 24.01%, mrr: 46.60%, ndcg: 50.73%
Current learning rate: 0.000469

=== Epoch 6 ===
Epoch 6, 9.3%	 loss: 3.114 acc@1: 36.25 mrr: 50.76, ndcg: 55.83, took: 1.99s
Epoch 6, 18.6%	 loss: 3.252 acc@1: 32.81 mrr: 48.47, ndcg: 54.04, took: 1.90s
Epoch 6, 27.9%	 loss: 2.926 acc@1: 38.59 mrr: 54.07, ndcg: 59.02, took: 1.82s
Epoch 6, 37.2%	 loss: 3.203 acc@1: 35.16 mrr: 50.13, ndcg: 55.16, took: 1.79s
Epoch 6, 46.5%	 loss: 3.316 acc@1: 34.69 mrr: 48.98, ndcg: 53.76, took: 1.86s
Epoch 6, 55.8%	 loss: 3.111 acc@1: 37.66 mrr: 52.00, ndcg: 56.50, took: 1.74s
Epoch 6, 65.1%	 loss: 3.268 acc@1: 34.22 mrr: 49.17, ndcg: 54.19, took: 1.70s
Epoch 6, 74.4%	 loss: 3.008 acc@1: 36.72 mrr: 51.93, ndcg: 57.39, took: 1.75s
Epoch 6, 83.7%	 loss: 3.359 acc@1: 34.06 mrr: 48.59, ndcg: 53.37, took: 1.87s
Epoch 6, 93.0%	 loss: 3.219 acc@1: 36.41 mrr: 50.45, ndcg: 55.37, took: 1.75s
Validation - loss: 4.1491, acc@1: 33.29%, f1: 23.35%, mrr: 46.17%, ndcg: 50.49%
Current learning rate: 0.000458

=== Epoch 7 ===
Epoch 7, 9.3%	 loss: 3.154 acc@1: 32.66 mrr: 49.04, ndcg: 54.62, took: 1.80s
Epoch 7, 18.6%	 loss: 3.174 acc@1: 35.00 mrr: 49.37, ndcg: 54.30, took: 1.88s
Epoch 7, 27.9%	 loss: 3.140 acc@1: 33.28 mrr: 49.33, ndcg: 54.75, took: 1.82s
Epoch 7, 37.2%	 loss: 3.019 acc@1: 35.78 mrr: 50.88, ndcg: 56.14, took: 1.86s
Epoch 7, 46.5%	 loss: 3.205 acc@1: 35.62 mrr: 49.71, ndcg: 54.23, took: 1.84s
Epoch 7, 55.8%	 loss: 2.962 acc@1: 39.53 mrr: 54.07, ndcg: 58.55, took: 1.72s
Epoch 7, 65.1%	 loss: 3.158 acc@1: 33.12 mrr: 48.56, ndcg: 53.68, took: 1.82s
Epoch 7, 74.4%	 loss: 3.283 acc@1: 32.34 mrr: 47.66, ndcg: 52.62, took: 1.77s
Epoch 7, 83.7%	 loss: 2.920 acc@1: 35.62 mrr: 51.75, ndcg: 57.24, took: 1.92s
Epoch 7, 93.0%	 loss: 3.188 acc@1: 35.00 mrr: 50.02, ndcg: 54.64, took: 1.81s
Validation - loss: 4.1712, acc@1: 36.68%, f1: 24.39%, mrr: 48.45%, ndcg: 52.27%
Current learning rate: 0.000448

=== Epoch 8 ===
Epoch 8, 9.3%	 loss: 2.806 acc@1: 38.12 mrr: 53.92, ndcg: 59.37, took: 1.86s
Epoch 8, 18.6%	 loss: 2.852 acc@1: 38.75 mrr: 53.56, ndcg: 58.56, took: 1.86s
Epoch 8, 27.9%	 loss: 3.003 acc@1: 36.41 mrr: 51.52, ndcg: 56.49, took: 1.82s
Epoch 8, 37.2%	 loss: 3.109 acc@1: 35.16 mrr: 49.79, ndcg: 54.81, took: 1.78s
Epoch 8, 46.5%	 loss: 3.029 acc@1: 33.44 mrr: 49.55, ndcg: 55.23, took: 1.76s
Epoch 8, 55.8%	 loss: 3.055 acc@1: 35.47 mrr: 50.88, ndcg: 56.19, took: 1.69s
Epoch 8, 65.1%	 loss: 2.956 acc@1: 34.22 mrr: 50.61, ndcg: 55.96, took: 1.74s
Epoch 8, 74.4%	 loss: 2.888 acc@1: 39.84 mrr: 53.63, ndcg: 58.42, took: 1.81s
Epoch 8, 83.7%	 loss: 3.109 acc@1: 36.41 mrr: 50.29, ndcg: 54.60, took: 1.98s
Epoch 8, 93.0%	 loss: 2.935 acc@1: 40.00 mrr: 54.03, ndcg: 58.51, took: 1.83s
Validation - loss: 4.2673, acc@1: 37.73%, f1: 26.72%, mrr: 48.39%, ndcg: 51.95%
Current learning rate: 0.000044

=== Epoch 9 ===
Epoch 9, 9.3%	 loss: 3.395 acc@1: 40.00 mrr: 52.14, ndcg: 56.10, took: 1.97s
Epoch 9, 18.6%	 loss: 3.392 acc@1: 33.59 mrr: 48.58, ndcg: 53.73, took: 1.80s
Epoch 9, 27.9%	 loss: 3.523 acc@1: 36.41 mrr: 49.28, ndcg: 53.49, took: 1.85s
Epoch 9, 37.2%	 loss: 3.604 acc@1: 34.06 mrr: 47.32, ndcg: 51.91, took: 1.85s
Epoch 9, 46.5%	 loss: 3.355 acc@1: 38.28 mrr: 51.36, ndcg: 56.09, took: 1.75s
Epoch 9, 55.8%	 loss: 3.446 acc@1: 34.38 mrr: 48.67, ndcg: 53.55, took: 1.82s
Epoch 9, 65.1%	 loss: 3.580 acc@1: 34.06 mrr: 48.28, ndcg: 52.86, took: 1.91s
Epoch 9, 74.4%	 loss: 3.719 acc@1: 31.09 mrr: 44.97, ndcg: 49.59, took: 1.88s
Epoch 9, 83.7%	 loss: 3.426 acc@1: 38.12 mrr: 50.97, ndcg: 54.79, took: 1.84s
Epoch 9, 93.0%	 loss: 3.598 acc@1: 34.06 mrr: 47.13, ndcg: 51.83, took: 1.85s
Validation - loss: 4.0342, acc@1: 34.79%, f1: 22.88%, mrr: 46.48%, ndcg: 50.62%
Current learning rate: 0.000044

=== Epoch 10 ===
Epoch 10, 9.3%	 loss: 3.375 acc@1: 34.69 mrr: 49.68, ndcg: 54.40, took: 1.98s
Epoch 10, 18.6%	 loss: 3.294 acc@1: 38.12 mrr: 51.96, ndcg: 56.44, took: 1.90s
Epoch 10, 27.9%	 loss: 3.772 acc@1: 32.19 mrr: 45.18, ndcg: 49.77, took: 1.90s
Epoch 10, 37.2%	 loss: 3.471 acc@1: 33.59 mrr: 48.27, ndcg: 53.19, took: 1.74s
Epoch 10, 46.5%	 loss: 3.587 acc@1: 37.34 mrr: 49.05, ndcg: 53.10, took: 1.71s
Epoch 10, 55.8%	 loss: 3.491 acc@1: 32.81 mrr: 47.50, ndcg: 52.58, took: 1.92s
Epoch 10, 65.1%	 loss: 3.268 acc@1: 37.97 mrr: 51.14, ndcg: 55.69, took: 1.89s
Epoch 10, 74.4%	 loss: 3.408 acc@1: 36.56 mrr: 50.22, ndcg: 54.89, took: 1.95s
Epoch 10, 83.7%	 loss: 3.340 acc@1: 37.66 mrr: 50.81, ndcg: 54.71, took: 1.81s
Epoch 10, 93.0%	 loss: 3.249 acc@1: 40.00 mrr: 53.17, ndcg: 57.54, took: 1.71s
Validation - loss: 4.0236, acc@1: 35.07%, f1: 22.44%, mrr: 46.83%, ndcg: 50.89%
Current learning rate: 0.000044

=== Epoch 11 ===
Epoch 11, 9.3%	 loss: 3.228 acc@1: 38.59 mrr: 52.05, ndcg: 56.51, took: 1.79s
Epoch 11, 18.6%	 loss: 3.477 acc@1: 34.38 mrr: 48.25, ndcg: 53.08, took: 1.83s
Epoch 11, 27.9%	 loss: 3.485 acc@1: 33.44 mrr: 47.79, ndcg: 52.52, took: 1.78s
Epoch 11, 37.2%	 loss: 3.537 acc@1: 35.47 mrr: 48.45, ndcg: 52.82, took: 1.86s
Epoch 11, 46.5%	 loss: 3.501 acc@1: 36.41 mrr: 49.28, ndcg: 53.58, took: 1.82s
Epoch 11, 55.8%	 loss: 3.450 acc@1: 35.78 mrr: 49.68, ndcg: 54.23, took: 1.92s
Epoch 11, 65.1%	 loss: 3.351 acc@1: 38.91 mrr: 51.82, ndcg: 56.13, took: 1.94s
Epoch 11, 74.4%	 loss: 3.375 acc@1: 36.41 mrr: 50.01, ndcg: 54.40, took: 1.83s
Epoch 11, 83.7%	 loss: 3.127 acc@1: 38.91 mrr: 53.13, ndcg: 58.13, took: 1.84s
Epoch 11, 93.0%	 loss: 3.408 acc@1: 36.88 mrr: 49.91, ndcg: 54.13, took: 1.66s
Validation - loss: 3.9942, acc@1: 35.28%, f1: 22.49%, mrr: 47.01%, ndcg: 51.04%
Current learning rate: 0.000044

=== Epoch 12 ===
Epoch 12, 9.3%	 loss: 3.447 acc@1: 35.31 mrr: 48.90, ndcg: 53.35, took: 1.76s
Epoch 12, 18.6%	 loss: 3.398 acc@1: 35.94 mrr: 49.94, ndcg: 54.31, took: 1.96s
Epoch 12, 27.9%	 loss: 3.326 acc@1: 36.41 mrr: 50.37, ndcg: 55.04, took: 1.74s
Epoch 12, 37.2%	 loss: 3.355 acc@1: 33.44 mrr: 48.12, ndcg: 53.26, took: 1.84s
Epoch 12, 46.5%	 loss: 3.264 acc@1: 36.56 mrr: 50.92, ndcg: 55.81, took: 1.90s
Epoch 12, 55.8%	 loss: 3.420 acc@1: 33.28 mrr: 48.18, ndcg: 53.00, took: 1.92s
Epoch 12, 65.1%	 loss: 3.316 acc@1: 38.44 mrr: 51.52, ndcg: 55.65, took: 1.83s
Epoch 12, 74.4%	 loss: 3.388 acc@1: 37.19 mrr: 50.41, ndcg: 54.64, took: 1.81s
Epoch 12, 83.7%	 loss: 3.525 acc@1: 34.69 mrr: 47.85, ndcg: 52.24, took: 1.82s
Epoch 12, 93.0%	 loss: 3.309 acc@1: 35.94 mrr: 50.42, ndcg: 55.45, took: 1.59s
Validation - loss: 4.0206, acc@1: 34.79%, f1: 22.50%, mrr: 46.75%, ndcg: 50.88%
Current learning rate: 0.000044

=== Epoch 13 ===
Epoch 13, 9.3%	 loss: 3.445 acc@1: 37.03 mrr: 50.27, ndcg: 54.47, took: 1.81s
Epoch 13, 18.6%	 loss: 3.365 acc@1: 35.62 mrr: 49.50, ndcg: 54.01, took: 1.81s
Epoch 13, 27.9%	 loss: 3.341 acc@1: 35.47 mrr: 49.83, ndcg: 54.85, took: 1.97s
Epoch 13, 37.2%	 loss: 3.444 acc@1: 35.31 mrr: 48.96, ndcg: 53.52, took: 1.94s
Epoch 13, 46.5%	 loss: 3.390 acc@1: 33.91 mrr: 48.79, ndcg: 53.76, took: 1.81s
Epoch 13, 55.8%	 loss: 3.381 acc@1: 34.06 mrr: 48.46, ndcg: 53.44, took: 1.91s
Epoch 13, 65.1%	 loss: 3.400 acc@1: 34.22 mrr: 48.87, ndcg: 53.69, took: 1.80s
Epoch 13, 74.4%	 loss: 3.319 acc@1: 37.50 mrr: 51.19, ndcg: 55.69, took: 1.82s
Epoch 13, 83.7%	 loss: 3.119 acc@1: 37.81 mrr: 53.06, ndcg: 57.80, took: 1.85s
Epoch 13, 93.0%	 loss: 3.375 acc@1: 35.62 mrr: 49.51, ndcg: 53.85, took: 1.82s
Validation - loss: 4.0159, acc@1: 34.65%, f1: 22.29%, mrr: 46.73%, ndcg: 50.88%
Current learning rate: 0.000044

=== Epoch 14 ===
Epoch 14, 9.3%	 loss: 3.206 acc@1: 37.97 mrr: 51.89, ndcg: 56.66, took: 1.67s
Epoch 14, 18.6%	 loss: 3.404 acc@1: 34.53 mrr: 49.19, ndcg: 54.28, took: 1.88s
Epoch 14, 27.9%	 loss: 3.269 acc@1: 39.06 mrr: 52.03, ndcg: 56.08, took: 1.82s
Epoch 14, 37.2%	 loss: 3.213 acc@1: 36.88 mrr: 51.25, ndcg: 55.93, took: 1.76s
Epoch 14, 46.5%	 loss: 3.333 acc@1: 34.84 mrr: 49.62, ndcg: 54.43, took: 1.78s
Epoch 14, 55.8%	 loss: 3.381 acc@1: 34.69 mrr: 49.31, ndcg: 53.99, took: 1.82s
Epoch 14, 65.1%	 loss: 3.155 acc@1: 38.75 mrr: 52.82, ndcg: 58.01, took: 1.82s
Epoch 14, 74.4%	 loss: 3.369 acc@1: 36.88 mrr: 50.40, ndcg: 54.69, took: 1.88s
Epoch 14, 83.7%	 loss: 3.337 acc@1: 36.25 mrr: 49.74, ndcg: 54.17, took: 1.85s
Epoch 14, 93.0%	 loss: 3.404 acc@1: 33.75 mrr: 48.18, ndcg: 52.80, took: 1.75s
Validation - loss: 4.0268, acc@1: 34.76%, f1: 22.52%, mrr: 46.68%, ndcg: 50.74%
Current learning rate: 0.000044

=== Epoch 15 ===
Epoch 15, 9.3%	 loss: 3.339 acc@1: 34.53 mrr: 49.73, ndcg: 54.70, took: 1.77s
Epoch 15, 18.6%	 loss: 3.417 acc@1: 33.75 mrr: 48.36, ndcg: 53.16, took: 1.88s
Epoch 15, 27.9%	 loss: 3.314 acc@1: 35.00 mrr: 49.39, ndcg: 54.32, took: 1.87s
Epoch 15, 37.2%	 loss: 3.295 acc@1: 36.25 mrr: 50.49, ndcg: 54.87, took: 1.81s
Epoch 15, 46.5%	 loss: 3.173 acc@1: 36.09 mrr: 51.39, ndcg: 56.60, took: 1.85s
Epoch 15, 55.8%	 loss: 3.144 acc@1: 37.34 mrr: 52.53, ndcg: 57.52, took: 1.82s
Epoch 15, 65.1%	 loss: 3.116 acc@1: 39.38 mrr: 52.97, ndcg: 57.71, took: 1.91s
Epoch 15, 74.4%	 loss: 3.503 acc@1: 34.38 mrr: 47.50, ndcg: 51.92, took: 1.85s
Epoch 15, 83.7%	 loss: 3.528 acc@1: 34.06 mrr: 47.51, ndcg: 51.30, took: 1.84s
Epoch 15, 93.0%	 loss: 3.181 acc@1: 37.34 mrr: 51.53, ndcg: 56.02, took: 1.80s
Validation - loss: 4.0010, acc@1: 35.17%, f1: 22.42%, mrr: 47.02%, ndcg: 51.13%
Current learning rate: 0.000044

=== Epoch 16 ===
Epoch 16, 9.3%	 loss: 3.350 acc@1: 34.06 mrr: 48.93, ndcg: 53.93, took: 1.71s
Epoch 16, 18.6%	 loss: 3.364 acc@1: 36.09 mrr: 49.60, ndcg: 54.42, took: 1.92s
Epoch 16, 27.9%	 loss: 3.279 acc@1: 35.78 mrr: 50.44, ndcg: 55.02, took: 1.82s
Epoch 16, 37.2%	 loss: 3.251 acc@1: 35.16 mrr: 49.67, ndcg: 54.29, took: 1.82s
Epoch 16, 46.5%	 loss: 3.123 acc@1: 40.00 mrr: 53.60, ndcg: 58.05, took: 1.86s
Epoch 16, 55.8%	 loss: 3.152 acc@1: 38.59 mrr: 52.29, ndcg: 56.95, took: 1.82s
Epoch 16, 65.1%	 loss: 3.191 acc@1: 35.94 mrr: 51.38, ndcg: 56.29, took: 1.86s
Epoch 16, 74.4%	 loss: 3.418 acc@1: 36.56 mrr: 50.25, ndcg: 54.39, took: 1.82s
Epoch 16, 83.7%	 loss: 3.375 acc@1: 34.53 mrr: 48.90, ndcg: 53.19, took: 2.10s
Epoch 16, 93.0%	 loss: 3.120 acc@1: 38.59 mrr: 52.48, ndcg: 56.98, took: 1.89s
Validation - loss: 4.0069, acc@1: 34.97%, f1: 22.28%, mrr: 46.99%, ndcg: 51.11%
Current learning rate: 0.000004

=== Epoch 17 ===
Epoch 17, 9.3%	 loss: 3.451 acc@1: 35.94 mrr: 49.78, ndcg: 54.23, took: 1.69s
Epoch 17, 18.6%	 loss: 3.433 acc@1: 36.25 mrr: 49.85, ndcg: 54.28, took: 1.87s
Epoch 17, 27.9%	 loss: 3.392 acc@1: 34.38 mrr: 48.69, ndcg: 53.33, took: 1.78s
Epoch 17, 37.2%	 loss: 3.379 acc@1: 36.25 mrr: 49.83, ndcg: 53.99, took: 1.92s
Epoch 17, 46.5%	 loss: 3.385 acc@1: 34.53 mrr: 48.90, ndcg: 53.83, took: 1.78s
Epoch 17, 55.8%	 loss: 3.382 acc@1: 35.31 mrr: 49.67, ndcg: 54.52, took: 1.84s
Epoch 17, 65.1%	 loss: 3.234 acc@1: 37.97 mrr: 51.78, ndcg: 56.23, took: 1.81s
Epoch 17, 74.4%	 loss: 3.318 acc@1: 38.91 mrr: 51.90, ndcg: 56.20, took: 1.94s
Epoch 17, 83.7%	 loss: 3.498 acc@1: 33.75 mrr: 47.80, ndcg: 52.52, took: 1.74s
Epoch 17, 93.0%	 loss: 3.227 acc@1: 37.50 mrr: 51.37, ndcg: 55.81, took: 1.63s
Validation - loss: 4.0155, acc@1: 34.83%, f1: 22.21%, mrr: 46.75%, ndcg: 50.76%
Current learning rate: 0.000004

=== Epoch 18 ===
Epoch 18, 9.3%	 loss: 3.234 acc@1: 38.12 mrr: 51.63, ndcg: 55.95, took: 1.72s
Epoch 18, 18.6%	 loss: 3.519 acc@1: 31.56 mrr: 46.24, ndcg: 51.15, took: 1.83s
Epoch 18, 27.9%	 loss: 3.291 acc@1: 35.94 mrr: 50.58, ndcg: 55.42, took: 1.81s
Epoch 18, 37.2%	 loss: 3.362 acc@1: 35.78 mrr: 49.98, ndcg: 54.64, took: 1.78s
Epoch 18, 46.5%	 loss: 3.392 acc@1: 37.03 mrr: 49.95, ndcg: 53.90, took: 1.93s
Epoch 18, 55.8%	 loss: 3.332 acc@1: 35.16 mrr: 49.92, ndcg: 54.84, took: 1.87s
Epoch 18, 65.1%	 loss: 3.392 acc@1: 34.38 mrr: 48.78, ndcg: 53.50, took: 1.87s
Epoch 18, 74.4%	 loss: 3.414 acc@1: 34.84 mrr: 48.94, ndcg: 53.65, took: 1.80s
Epoch 18, 83.7%	 loss: 3.329 acc@1: 37.19 mrr: 50.62, ndcg: 55.39, took: 1.77s
Epoch 18, 93.0%	 loss: 3.337 acc@1: 36.09 mrr: 50.60, ndcg: 55.11, took: 1.77s
Validation - loss: 3.9972, acc@1: 35.14%, f1: 22.50%, mrr: 46.92%, ndcg: 51.00%
Current learning rate: 0.000004

=== Epoch 19 ===
Epoch 19, 9.3%	 loss: 3.270 acc@1: 34.84 mrr: 50.02, ndcg: 55.43, took: 1.83s
Epoch 19, 18.6%	 loss: 3.233 acc@1: 39.38 mrr: 52.47, ndcg: 56.89, took: 1.81s
Epoch 19, 27.9%	 loss: 3.366 acc@1: 35.47 mrr: 49.84, ndcg: 54.78, took: 1.91s
Epoch 19, 37.2%	 loss: 3.417 acc@1: 37.19 mrr: 50.08, ndcg: 54.11, took: 1.79s
Epoch 19, 46.5%	 loss: 3.288 acc@1: 37.66 mrr: 51.24, ndcg: 55.72, took: 1.74s
Epoch 19, 55.8%	 loss: 3.319 acc@1: 39.84 mrr: 51.85, ndcg: 55.86, took: 1.90s
Epoch 19, 65.1%	 loss: 3.495 acc@1: 38.44 mrr: 50.02, ndcg: 53.73, took: 1.78s
Epoch 19, 74.4%	 loss: 3.239 acc@1: 37.50 mrr: 51.59, ndcg: 55.92, took: 1.69s
Epoch 19, 83.7%	 loss: 3.480 acc@1: 32.03 mrr: 47.33, ndcg: 52.11, took: 1.81s
Epoch 19, 93.0%	 loss: 3.318 acc@1: 37.34 mrr: 50.46, ndcg: 54.64, took: 1.66s
Validation - loss: 3.9965, acc@1: 35.10%, f1: 22.51%, mrr: 46.91%, ndcg: 50.99%
Current learning rate: 0.000004

=== Epoch 20 ===
Epoch 20, 9.3%	 loss: 3.492 acc@1: 32.81 mrr: 47.27, ndcg: 52.42, took: 1.95s
Epoch 20, 18.6%	 loss: 3.406 acc@1: 34.22 mrr: 48.57, ndcg: 53.04, took: 1.70s
Epoch 20, 27.9%	 loss: 3.437 acc@1: 36.41 mrr: 49.95, ndcg: 53.87, took: 1.72s
Epoch 20, 37.2%	 loss: 3.242 acc@1: 36.88 mrr: 50.78, ndcg: 55.31, took: 1.70s
Epoch 20, 46.5%	 loss: 3.247 acc@1: 35.47 mrr: 50.26, ndcg: 55.20, took: 1.70s
Epoch 20, 55.8%	 loss: 3.434 acc@1: 36.41 mrr: 49.89, ndcg: 54.28, took: 1.70s
Epoch 20, 65.1%	 loss: 3.160 acc@1: 37.34 mrr: 51.84, ndcg: 56.84, took: 1.71s
Epoch 20, 74.4%	 loss: 3.444 acc@1: 35.47 mrr: 49.03, ndcg: 53.41, took: 1.74s
Epoch 20, 83.7%	 loss: 3.498 acc@1: 37.03 mrr: 49.77, ndcg: 54.28, took: 1.59s
Epoch 20, 93.0%	 loss: 3.365 acc@1: 36.88 mrr: 50.44, ndcg: 54.81, took: 1.62s
Validation - loss: 4.0080, acc@1: 35.21%, f1: 22.57%, mrr: 47.04%, ndcg: 51.09%
Current learning rate: 0.000004

=== Epoch 21 ===
Epoch 21, 9.3%	 loss: 3.456 acc@1: 35.16 mrr: 49.28, ndcg: 53.55, took: 2.00s
Epoch 21, 18.6%	 loss: 3.319 acc@1: 36.88 mrr: 50.51, ndcg: 54.71, took: 1.94s
Epoch 21, 27.9%	 loss: 3.262 acc@1: 39.53 mrr: 52.25, ndcg: 56.39, took: 2.01s
Epoch 21, 37.2%	 loss: 3.250 acc@1: 35.78 mrr: 50.76, ndcg: 55.47, took: 1.91s
Epoch 21, 46.5%	 loss: 3.433 acc@1: 33.59 mrr: 48.24, ndcg: 53.17, took: 1.72s
Epoch 21, 55.8%	 loss: 3.242 acc@1: 36.09 mrr: 51.20, ndcg: 56.40, took: 1.74s
Epoch 21, 65.1%	 loss: 3.316 acc@1: 36.88 mrr: 50.57, ndcg: 55.10, took: 1.67s
Epoch 21, 74.4%	 loss: 3.300 acc@1: 37.97 mrr: 51.56, ndcg: 55.79, took: 1.64s
Epoch 21, 83.7%	 loss: 3.372 acc@1: 35.94 mrr: 49.90, ndcg: 54.48, took: 1.72s
Epoch 21, 93.0%	 loss: 3.567 acc@1: 33.44 mrr: 47.12, ndcg: 51.73, took: 1.57s
Validation - loss: 3.9960, acc@1: 35.10%, f1: 22.40%, mrr: 46.95%, ndcg: 50.99%
Training finished.	 Time: 516.94s.	 acc@1: 35.28%

=== Test Results ===
Test Results:
  acc@1: 30.92%
  acc@5: 52.11%
  acc@10: 56.14%
  mrr: 40.42%
  ndcg: 43.96%
  f1: 18.92%

=== Training Complete ===
