Training LSTM model
Dataset: geolife
Config: /data/next_loc_clean_v2/config/ht_optuna/optuna_LSTM_geolife_prev14_t7_20260101_100439_8c07771a.yaml
Device: cuda
Seed: 42
==================================================
Data loaders: train=215, val=90, test=96
Total trainable parameters: 525657

=== Epoch 1 ===
Epoch 1, 9.3%	 loss: 7.358 acc@1: 0.00 mrr: 0.30, ndcg: 0.00, took: 2.59s
Epoch 1, 18.6%	 loss: 7.197 acc@1: 0.16 mrr: 0.70, ndcg: 0.36, took: 2.37s
Epoch 1, 27.9%	 loss: 6.820 acc@1: 3.59 mrr: 5.30, ndcg: 5.23, took: 2.32s
Epoch 1, 37.2%	 loss: 6.267 acc@1: 13.91 mrr: 17.55, ndcg: 18.46, took: 2.42s
Epoch 1, 46.5%	 loss: 6.019 acc@1: 17.19 mrr: 23.29, ndcg: 25.21, took: 2.34s
Epoch 1, 55.8%	 loss: 5.431 acc@1: 21.41 mrr: 31.25, ndcg: 34.61, took: 2.34s
Epoch 1, 65.1%	 loss: 5.023 acc@1: 24.69 mrr: 35.06, ndcg: 39.18, took: 2.33s
Epoch 1, 74.4%	 loss: 4.728 acc@1: 28.59 mrr: 38.85, ndcg: 43.02, took: 2.40s
Epoch 1, 83.7%	 loss: 4.243 acc@1: 29.53 mrr: 42.00, ndcg: 47.29, took: 2.31s
Epoch 1, 93.0%	 loss: 4.116 acc@1: 28.59 mrr: 42.54, ndcg: 47.57, took: 2.41s
Validation - loss: 4.3195, acc@1: 33.71%, f1: 18.75%, mrr: 45.09%, ndcg: 48.64%
Current learning rate: 0.001000

=== Epoch 2 ===
Epoch 2, 9.3%	 loss: 3.847 acc@1: 31.41 mrr: 44.65, ndcg: 49.37, took: 1.06s
Epoch 2, 18.6%	 loss: 3.806 acc@1: 29.69 mrr: 44.08, ndcg: 49.15, took: 1.41s
Epoch 2, 27.9%	 loss: 3.746 acc@1: 31.25 mrr: 45.31, ndcg: 50.45, took: 2.26s
Epoch 2, 37.2%	 loss: 3.581 acc@1: 34.69 mrr: 48.09, ndcg: 53.11, took: 2.54s
Epoch 2, 46.5%	 loss: 3.657 acc@1: 32.50 mrr: 46.25, ndcg: 51.20, took: 2.45s
Epoch 2, 55.8%	 loss: 3.470 acc@1: 33.28 mrr: 48.70, ndcg: 54.10, took: 2.40s
Epoch 2, 65.1%	 loss: 3.602 acc@1: 33.12 mrr: 47.31, ndcg: 52.34, took: 2.39s
Epoch 2, 74.4%	 loss: 3.444 acc@1: 36.56 mrr: 49.99, ndcg: 54.71, took: 2.36s
Epoch 2, 83.7%	 loss: 3.568 acc@1: 32.34 mrr: 46.70, ndcg: 52.02, took: 2.39s
Epoch 2, 93.0%	 loss: 3.730 acc@1: 28.91 mrr: 44.25, ndcg: 49.89, took: 2.42s
Validation - loss: 4.4867, acc@1: 31.85%, f1: 21.63%, mrr: 44.85%, ndcg: 49.19%
Current learning rate: 0.002000

=== Epoch 3 ===
Epoch 3, 9.3%	 loss: 3.283 acc@1: 33.59 mrr: 48.24, ndcg: 53.47, took: 1.48s
Epoch 3, 18.6%	 loss: 3.051 acc@1: 34.22 mrr: 50.78, ndcg: 56.65, took: 1.29s
Epoch 3, 27.9%	 loss: 3.238 acc@1: 31.56 mrr: 47.92, ndcg: 53.57, took: 1.79s
Epoch 3, 37.2%	 loss: 3.352 acc@1: 33.75 mrr: 47.50, ndcg: 52.43, took: 1.81s
Epoch 3, 46.5%	 loss: 3.398 acc@1: 30.16 mrr: 45.77, ndcg: 51.51, took: 1.82s
Epoch 3, 55.8%	 loss: 3.418 acc@1: 31.88 mrr: 46.97, ndcg: 52.17, took: 2.34s
Epoch 3, 65.1%	 loss: 3.295 acc@1: 35.31 mrr: 49.69, ndcg: 54.83, took: 2.38s
Epoch 3, 74.4%	 loss: 3.217 acc@1: 34.53 mrr: 49.72, ndcg: 55.42, took: 2.37s
Epoch 3, 83.7%	 loss: 3.204 acc@1: 33.12 mrr: 49.16, ndcg: 54.40, took: 2.34s
Epoch 3, 93.0%	 loss: 3.190 acc@1: 36.41 mrr: 51.15, ndcg: 56.22, took: 2.41s
Validation - loss: 4.6119, acc@1: 32.27%, f1: 19.07%, mrr: 45.25%, ndcg: 49.61%
Current learning rate: 0.001958

=== Epoch 4 ===
Epoch 4, 9.3%	 loss: 2.728 acc@1: 36.56 mrr: 52.73, ndcg: 58.53, took: 1.63s
Epoch 4, 18.6%	 loss: 3.002 acc@1: 33.75 mrr: 49.71, ndcg: 55.24, took: 1.51s
Epoch 4, 27.9%	 loss: 2.971 acc@1: 34.69 mrr: 50.50, ndcg: 55.97, took: 1.71s
Epoch 4, 37.2%	 loss: 3.095 acc@1: 33.28 mrr: 48.99, ndcg: 54.54, took: 2.26s
Epoch 4, 46.5%	 loss: 3.028 acc@1: 35.94 mrr: 51.18, ndcg: 56.47, took: 1.95s
Epoch 4, 55.8%	 loss: 3.136 acc@1: 30.47 mrr: 47.67, ndcg: 53.64, took: 1.89s
Epoch 4, 65.1%	 loss: 2.826 acc@1: 35.78 mrr: 52.60, ndcg: 57.87, took: 1.79s
Epoch 4, 74.4%	 loss: 3.186 acc@1: 36.09 mrr: 49.59, ndcg: 54.18, took: 1.98s
Epoch 4, 83.7%	 loss: 3.005 acc@1: 34.69 mrr: 50.92, ndcg: 56.20, took: 2.37s
Epoch 4, 93.0%	 loss: 3.243 acc@1: 36.72 mrr: 49.79, ndcg: 54.23, took: 2.33s
Validation - loss: 4.5635, acc@1: 33.53%, f1: 21.13%, mrr: 45.99%, ndcg: 50.52%
Current learning rate: 0.001917

=== Epoch 5 ===
Epoch 5, 9.3%	 loss: 2.678 acc@1: 37.81 mrr: 53.83, ndcg: 59.89, took: 1.72s
Epoch 5, 18.6%	 loss: 2.910 acc@1: 34.22 mrr: 50.50, ndcg: 55.59, took: 1.53s
Epoch 5, 27.9%	 loss: 2.867 acc@1: 32.66 mrr: 50.08, ndcg: 55.58, took: 1.58s
Epoch 5, 37.2%	 loss: 2.911 acc@1: 35.31 mrr: 50.93, ndcg: 56.09, took: 1.97s
Epoch 5, 46.5%	 loss: 2.908 acc@1: 34.53 mrr: 50.29, ndcg: 55.49, took: 2.38s
Epoch 5, 55.8%	 loss: 2.821 acc@1: 33.28 mrr: 50.66, ndcg: 56.19, took: 2.41s
Epoch 5, 65.1%	 loss: 2.899 acc@1: 33.91 mrr: 50.44, ndcg: 55.73, took: 2.30s
Epoch 5, 74.4%	 loss: 2.969 acc@1: 30.94 mrr: 47.87, ndcg: 54.03, took: 1.91s
Epoch 5, 83.7%	 loss: 2.713 acc@1: 37.34 mrr: 53.65, ndcg: 59.48, took: 1.91s
Epoch 5, 93.0%	 loss: 2.938 acc@1: 34.38 mrr: 50.75, ndcg: 56.19, took: 1.82s
Validation - loss: 4.6657, acc@1: 33.46%, f1: 21.50%, mrr: 46.89%, ndcg: 51.18%
Current learning rate: 0.001875

=== Epoch 6 ===
Epoch 6, 9.3%	 loss: 2.459 acc@1: 36.88 mrr: 54.66, ndcg: 61.09, took: 1.96s
Epoch 6, 18.6%	 loss: 2.584 acc@1: 36.56 mrr: 53.39, ndcg: 59.26, took: 1.65s
Epoch 6, 27.9%	 loss: 2.774 acc@1: 36.25 mrr: 51.54, ndcg: 56.89, took: 1.56s
Epoch 6, 37.2%	 loss: 2.795 acc@1: 32.34 mrr: 49.62, ndcg: 56.10, took: 1.66s
Epoch 6, 46.5%	 loss: 2.637 acc@1: 35.78 mrr: 53.75, ndcg: 59.50, took: 2.12s
Epoch 6, 55.8%	 loss: 2.788 acc@1: 31.56 mrr: 49.73, ndcg: 56.36, took: 2.35s
Epoch 6, 65.1%	 loss: 2.769 acc@1: 35.94 mrr: 52.00, ndcg: 57.30, took: 2.41s
Epoch 6, 74.4%	 loss: 2.775 acc@1: 38.28 mrr: 53.33, ndcg: 58.64, took: 2.41s
Epoch 6, 83.7%	 loss: 2.713 acc@1: 37.50 mrr: 53.29, ndcg: 58.72, took: 2.35s
Epoch 6, 93.0%	 loss: 2.651 acc@1: 37.19 mrr: 53.67, ndcg: 59.21, took: 2.11s
Validation - loss: 4.5946, acc@1: 33.78%, f1: 23.61%, mrr: 47.12%, ndcg: 51.40%
Current learning rate: 0.000183

=== Epoch 7 ===
Epoch 7, 9.3%	 loss: 3.992 acc@1: 30.94 mrr: 43.18, ndcg: 47.58, took: 2.20s
Epoch 7, 18.6%	 loss: 3.787 acc@1: 32.81 mrr: 45.26, ndcg: 50.20, took: 1.89s
Epoch 7, 27.9%	 loss: 3.649 acc@1: 34.06 mrr: 47.43, ndcg: 52.01, took: 1.58s
Epoch 7, 37.2%	 loss: 3.381 acc@1: 36.88 mrr: 50.87, ndcg: 55.90, took: 1.55s
Epoch 7, 46.5%	 loss: 3.670 acc@1: 37.50 mrr: 48.70, ndcg: 52.70, took: 1.85s
Epoch 7, 55.8%	 loss: 3.684 acc@1: 33.75 mrr: 46.29, ndcg: 50.90, took: 2.22s
Epoch 7, 65.1%	 loss: 3.566 acc@1: 36.88 mrr: 49.17, ndcg: 53.29, took: 2.41s
Epoch 7, 74.4%	 loss: 3.596 acc@1: 33.44 mrr: 47.41, ndcg: 52.22, took: 2.32s
Epoch 7, 83.7%	 loss: 3.589 acc@1: 32.34 mrr: 46.79, ndcg: 51.84, took: 2.45s
Epoch 7, 93.0%	 loss: 3.452 acc@1: 37.03 mrr: 50.06, ndcg: 54.73, took: 2.32s
Validation - loss: 4.3297, acc@1: 34.48%, f1: 21.71%, mrr: 46.46%, ndcg: 50.32%
Current learning rate: 0.000183

=== Epoch 8 ===
Epoch 8, 9.3%	 loss: 3.456 acc@1: 36.09 mrr: 48.96, ndcg: 53.43, took: 1.83s
Epoch 8, 18.6%	 loss: 3.419 acc@1: 36.88 mrr: 50.33, ndcg: 54.80, took: 1.73s
Epoch 8, 27.9%	 loss: 3.366 acc@1: 34.84 mrr: 49.71, ndcg: 54.46, took: 1.75s
Epoch 8, 37.2%	 loss: 3.701 acc@1: 34.84 mrr: 46.81, ndcg: 50.68, took: 1.57s
Epoch 8, 46.5%	 loss: 3.472 acc@1: 33.75 mrr: 47.80, ndcg: 52.31, took: 1.55s
Epoch 8, 55.8%	 loss: 3.405 acc@1: 37.66 mrr: 50.78, ndcg: 55.21, took: 1.95s
Epoch 8, 65.1%	 loss: 3.471 acc@1: 34.22 mrr: 48.17, ndcg: 53.08, took: 2.27s
Epoch 8, 74.4%	 loss: 3.324 acc@1: 37.19 mrr: 50.73, ndcg: 55.47, took: 2.45s
Epoch 8, 83.7%	 loss: 3.351 acc@1: 33.44 mrr: 48.81, ndcg: 53.86, took: 2.33s
Epoch 8, 93.0%	 loss: 3.413 acc@1: 34.38 mrr: 49.34, ndcg: 54.49, took: 2.24s
Validation - loss: 4.3725, acc@1: 35.70%, f1: 22.77%, mrr: 47.40%, ndcg: 51.14%
Current learning rate: 0.000183

=== Epoch 9 ===
Epoch 9, 9.3%	 loss: 3.313 acc@1: 35.62 mrr: 50.27, ndcg: 54.86, took: 2.23s
Epoch 9, 18.6%	 loss: 3.343 acc@1: 35.16 mrr: 49.55, ndcg: 54.33, took: 1.84s
Epoch 9, 27.9%	 loss: 3.289 acc@1: 37.50 mrr: 51.02, ndcg: 55.78, took: 1.51s
Epoch 9, 37.2%	 loss: 3.431 acc@1: 33.91 mrr: 48.07, ndcg: 52.59, took: 1.20s
Epoch 9, 46.5%	 loss: 3.242 acc@1: 36.72 mrr: 51.11, ndcg: 55.75, took: 1.25s
Epoch 9, 55.8%	 loss: 3.410 acc@1: 33.75 mrr: 48.07, ndcg: 52.90, took: 1.63s
Epoch 9, 65.1%	 loss: 3.444 acc@1: 34.69 mrr: 48.57, ndcg: 53.19, took: 1.91s
Epoch 9, 74.4%	 loss: 3.312 acc@1: 33.59 mrr: 49.04, ndcg: 53.98, took: 2.31s
Epoch 9, 83.7%	 loss: 3.160 acc@1: 39.06 mrr: 52.88, ndcg: 57.02, took: 2.43s
Epoch 9, 93.0%	 loss: 3.325 acc@1: 33.12 mrr: 49.04, ndcg: 54.31, took: 2.29s
Validation - loss: 4.4109, acc@1: 36.01%, f1: 23.26%, mrr: 47.71%, ndcg: 51.42%
Current learning rate: 0.000183

=== Epoch 10 ===
Epoch 10, 9.3%	 loss: 3.285 acc@1: 34.84 mrr: 49.68, ndcg: 54.27, took: 2.38s
Epoch 10, 18.6%	 loss: 3.193 acc@1: 34.22 mrr: 49.46, ndcg: 54.39, took: 2.36s
Epoch 10, 27.9%	 loss: 3.378 acc@1: 35.00 mrr: 48.48, ndcg: 53.27, took: 2.21s
Epoch 10, 37.2%	 loss: 3.070 acc@1: 37.03 mrr: 52.42, ndcg: 57.45, took: 1.78s
Epoch 10, 46.5%	 loss: 3.365 acc@1: 33.75 mrr: 48.69, ndcg: 53.41, took: 1.25s
Epoch 10, 55.8%	 loss: 3.216 acc@1: 35.94 mrr: 50.68, ndcg: 55.38, took: 1.05s
Epoch 10, 65.1%	 loss: 3.237 acc@1: 36.09 mrr: 50.93, ndcg: 55.70, took: 1.29s
Epoch 10, 74.4%	 loss: 3.050 acc@1: 37.66 mrr: 52.48, ndcg: 57.34, took: 1.81s
Epoch 10, 83.7%	 loss: 3.106 acc@1: 38.12 mrr: 52.72, ndcg: 57.34, took: 2.28s
Epoch 10, 93.0%	 loss: 3.206 acc@1: 37.66 mrr: 51.38, ndcg: 55.97, took: 2.28s
Validation - loss: 4.4245, acc@1: 35.52%, f1: 22.49%, mrr: 47.63%, ndcg: 51.53%
Current learning rate: 0.000183

=== Epoch 11 ===
Epoch 11, 9.3%	 loss: 3.079 acc@1: 36.72 mrr: 51.73, ndcg: 56.58, took: 2.39s
Epoch 11, 18.6%	 loss: 2.884 acc@1: 39.38 mrr: 54.47, ndcg: 59.51, took: 2.40s
Epoch 11, 27.9%	 loss: 3.087 acc@1: 36.88 mrr: 51.85, ndcg: 56.74, took: 2.34s
Epoch 11, 37.2%	 loss: 3.346 acc@1: 34.53 mrr: 48.79, ndcg: 53.75, took: 2.08s
Epoch 11, 46.5%	 loss: 3.085 acc@1: 37.34 mrr: 51.89, ndcg: 56.75, took: 2.01s
Epoch 11, 55.8%	 loss: 3.189 acc@1: 34.38 mrr: 49.64, ndcg: 54.49, took: 1.56s
Epoch 11, 65.1%	 loss: 3.060 acc@1: 35.47 mrr: 51.34, ndcg: 56.23, took: 1.27s
Epoch 11, 74.4%	 loss: 3.306 acc@1: 33.91 mrr: 48.78, ndcg: 53.48, took: 1.44s
Epoch 11, 83.7%	 loss: 3.136 acc@1: 37.97 mrr: 52.15, ndcg: 56.76, took: 1.39s
Epoch 11, 93.0%	 loss: 2.985 acc@1: 35.78 mrr: 51.92, ndcg: 57.23, took: 1.85s
Validation - loss: 4.4713, acc@1: 35.84%, f1: 22.50%, mrr: 47.90%, ndcg: 51.90%
Current learning rate: 0.000018

=== Epoch 12 ===
Epoch 12, 9.3%	 loss: 3.824 acc@1: 32.50 mrr: 45.17, ndcg: 50.05, took: 2.35s
Epoch 12, 18.6%	 loss: 3.739 acc@1: 33.28 mrr: 45.91, ndcg: 50.56, took: 2.43s
Epoch 12, 27.9%	 loss: 3.713 acc@1: 31.72 mrr: 45.72, ndcg: 50.45, took: 2.46s
Epoch 12, 37.2%	 loss: 3.829 acc@1: 34.38 mrr: 45.73, ndcg: 49.95, took: 2.37s
Epoch 12, 46.5%	 loss: 3.774 acc@1: 33.75 mrr: 45.80, ndcg: 50.05, took: 2.03s
Epoch 12, 55.8%	 loss: 3.753 acc@1: 35.31 mrr: 47.04, ndcg: 51.16, took: 1.76s
Epoch 12, 65.1%	 loss: 3.563 acc@1: 36.25 mrr: 48.69, ndcg: 53.20, took: 1.62s
Epoch 12, 74.4%	 loss: 3.860 acc@1: 33.75 mrr: 45.25, ndcg: 49.45, took: 1.66s
Epoch 12, 83.7%	 loss: 3.862 acc@1: 33.91 mrr: 45.76, ndcg: 49.92, took: 1.76s
Epoch 12, 93.0%	 loss: 3.637 acc@1: 34.84 mrr: 47.64, ndcg: 52.11, took: 1.81s
Validation - loss: 4.3038, acc@1: 34.23%, f1: 21.31%, mrr: 45.65%, ndcg: 49.33%
Current learning rate: 0.000018

=== Epoch 13 ===
Epoch 13, 9.3%	 loss: 3.577 acc@1: 35.78 mrr: 48.52, ndcg: 52.99, took: 2.33s
Epoch 13, 18.6%	 loss: 3.604 acc@1: 32.50 mrr: 46.47, ndcg: 51.33, took: 2.30s
Epoch 13, 27.9%	 loss: 3.635 acc@1: 35.00 mrr: 47.50, ndcg: 51.79, took: 2.48s
Epoch 13, 37.2%	 loss: 3.570 acc@1: 35.78 mrr: 48.48, ndcg: 53.05, took: 2.34s
Epoch 13, 46.5%	 loss: 3.744 acc@1: 33.44 mrr: 45.98, ndcg: 50.18, took: 2.21s
Epoch 13, 55.8%	 loss: 3.621 acc@1: 35.94 mrr: 48.06, ndcg: 52.16, took: 2.01s
Epoch 13, 65.1%	 loss: 3.764 acc@1: 33.75 mrr: 45.64, ndcg: 49.90, took: 1.75s
Epoch 13, 74.4%	 loss: 3.844 acc@1: 32.03 mrr: 44.39, ndcg: 48.92, took: 1.66s
Epoch 13, 83.7%	 loss: 3.770 acc@1: 34.69 mrr: 46.11, ndcg: 50.01, took: 1.73s
Epoch 13, 93.0%	 loss: 3.549 acc@1: 35.94 mrr: 48.33, ndcg: 52.32, took: 1.80s
Validation - loss: 4.3223, acc@1: 34.37%, f1: 21.99%, mrr: 45.87%, ndcg: 49.59%
Current learning rate: 0.000018

=== Epoch 14 ===
Epoch 14, 9.3%	 loss: 3.559 acc@1: 34.84 mrr: 48.53, ndcg: 53.00, took: 1.92s
Epoch 14, 18.6%	 loss: 3.696 acc@1: 33.91 mrr: 46.14, ndcg: 50.51, took: 2.15s
Epoch 14, 27.9%	 loss: 3.575 acc@1: 35.47 mrr: 48.64, ndcg: 53.16, took: 2.39s
Epoch 14, 37.2%	 loss: 3.541 acc@1: 35.31 mrr: 48.26, ndcg: 52.77, took: 2.42s
Epoch 14, 46.5%	 loss: 3.686 acc@1: 32.81 mrr: 45.97, ndcg: 50.22, took: 2.45s
Epoch 14, 55.8%	 loss: 3.815 acc@1: 30.47 mrr: 44.08, ndcg: 48.53, took: 2.05s
Epoch 14, 65.1%	 loss: 3.399 acc@1: 37.97 mrr: 50.84, ndcg: 55.12, took: 2.02s
Epoch 14, 74.4%	 loss: 3.687 acc@1: 33.91 mrr: 46.56, ndcg: 51.03, took: 1.65s
Epoch 14, 83.7%	 loss: 3.706 acc@1: 34.84 mrr: 46.84, ndcg: 51.18, took: 1.50s
Epoch 14, 93.0%	 loss: 3.697 acc@1: 33.12 mrr: 46.11, ndcg: 50.84, took: 1.81s
Validation - loss: 4.3282, acc@1: 34.83%, f1: 22.02%, mrr: 46.26%, ndcg: 49.78%
Current learning rate: 0.000018

=== Epoch 15 ===
Epoch 15, 9.3%	 loss: 3.637 acc@1: 33.28 mrr: 46.73, ndcg: 51.29, took: 2.04s
Epoch 15, 18.6%	 loss: 3.571 acc@1: 36.41 mrr: 49.07, ndcg: 53.52, took: 1.88s
Epoch 15, 27.9%	 loss: 3.677 acc@1: 35.47 mrr: 47.29, ndcg: 51.18, took: 1.80s
Epoch 15, 37.2%	 loss: 3.730 acc@1: 33.75 mrr: 45.95, ndcg: 50.08, took: 2.00s
Epoch 15, 46.5%	 loss: 3.539 acc@1: 35.31 mrr: 48.42, ndcg: 52.74, took: 2.20s
Epoch 15, 55.8%	 loss: 3.752 acc@1: 30.62 mrr: 44.88, ndcg: 49.84, took: 2.31s
Epoch 15, 65.1%	 loss: 3.661 acc@1: 31.56 mrr: 45.82, ndcg: 50.71, took: 2.00s
Epoch 15, 74.4%	 loss: 3.576 acc@1: 35.00 mrr: 48.11, ndcg: 52.65, took: 1.93s
Epoch 15, 83.7%	 loss: 3.520 acc@1: 36.25 mrr: 48.38, ndcg: 52.68, took: 1.58s
Epoch 15, 93.0%	 loss: 3.554 acc@1: 34.06 mrr: 47.67, ndcg: 52.12, took: 1.61s
Validation - loss: 4.3373, acc@1: 34.83%, f1: 21.85%, mrr: 46.33%, ndcg: 50.05%
Current learning rate: 0.000018

=== Epoch 16 ===
Epoch 16, 9.3%	 loss: 3.695 acc@1: 31.25 mrr: 45.16, ndcg: 49.88, took: 2.40s
Epoch 16, 18.6%	 loss: 3.615 acc@1: 33.91 mrr: 47.01, ndcg: 51.59, took: 2.43s
Epoch 16, 27.9%	 loss: 3.674 acc@1: 33.12 mrr: 46.25, ndcg: 50.70, took: 2.27s
Epoch 16, 37.2%	 loss: 3.594 acc@1: 33.44 mrr: 46.75, ndcg: 51.43, took: 2.06s
Epoch 16, 46.5%	 loss: 3.533 acc@1: 36.09 mrr: 48.98, ndcg: 53.30, took: 1.89s
Epoch 16, 55.8%	 loss: 3.595 acc@1: 32.81 mrr: 47.08, ndcg: 51.85, took: 1.80s
Epoch 16, 65.1%	 loss: 3.528 acc@1: 35.94 mrr: 48.79, ndcg: 53.54, took: 1.86s
Epoch 16, 74.4%	 loss: 3.632 acc@1: 35.16 mrr: 47.72, ndcg: 51.95, took: 1.73s
Epoch 16, 83.7%	 loss: 3.568 acc@1: 35.47 mrr: 48.26, ndcg: 52.24, took: 1.84s
Epoch 16, 93.0%	 loss: 3.450 acc@1: 36.88 mrr: 49.92, ndcg: 54.47, took: 1.59s
Validation - loss: 4.3498, acc@1: 35.10%, f1: 22.01%, mrr: 46.52%, ndcg: 50.24%
Current learning rate: 0.000018

=== Epoch 17 ===
Epoch 17, 9.3%	 loss: 3.370 acc@1: 37.19 mrr: 50.39, ndcg: 55.03, took: 2.39s
Epoch 17, 18.6%	 loss: 3.526 acc@1: 37.34 mrr: 49.37, ndcg: 53.45, took: 2.35s
Epoch 17, 27.9%	 loss: 3.390 acc@1: 35.31 mrr: 49.29, ndcg: 54.03, took: 2.35s
Epoch 17, 37.2%	 loss: 3.748 acc@1: 31.88 mrr: 44.88, ndcg: 49.42, took: 2.37s
Epoch 17, 46.5%	 loss: 3.628 acc@1: 32.97 mrr: 46.50, ndcg: 51.26, took: 2.37s
Epoch 17, 55.8%	 loss: 3.565 acc@1: 35.94 mrr: 49.00, ndcg: 53.11, took: 2.16s
Epoch 17, 65.1%	 loss: 3.601 acc@1: 35.16 mrr: 48.08, ndcg: 52.73, took: 2.03s
Epoch 17, 74.4%	 loss: 3.506 acc@1: 37.03 mrr: 49.99, ndcg: 54.62, took: 1.60s
Epoch 17, 83.7%	 loss: 3.519 acc@1: 35.62 mrr: 48.03, ndcg: 52.41, took: 1.37s
Epoch 17, 93.0%	 loss: 3.677 acc@1: 35.62 mrr: 47.43, ndcg: 51.23, took: 1.51s
Validation - loss: 4.3627, acc@1: 34.79%, f1: 21.87%, mrr: 46.41%, ndcg: 50.20%
Training finished.	 Time: 496.83s.	 acc@1: 34.23%

=== Test Results ===
Test Results:
  acc@1: 29.61%
  acc@5: 47.89%
  acc@10: 51.13%
  mrr: 38.42%
  ndcg: 40.93%
  f1: 16.97%

=== Training Complete ===
