2026-01-01 08:14:02,161 - INFO - ============================================================
2026-01-01 08:14:02,161 - INFO - POINTER V45 - Training Started
2026-01-01 08:14:02,161 - INFO - ============================================================
2026-01-01 08:14:02,161 - INFO - Model config: {'d_model': 96, 'nhead': 4, 'num_layers': 2, 'dim_feedforward': 128, 'dropout': 0.2}
2026-01-01 08:14:02,161 - INFO - Training config: {'batch_size': 128, 'num_epochs': 50, 'learning_rate': 0.001, 'weight_decay': 0.015, 'label_smoothing': 0.0, 'grad_clip': 0.8, 'patience': 5, 'min_epochs': 8, 'warmup_epochs': 7, 'use_amp': True, 'min_lr': 1e-06}
2026-01-01 08:14:02,161 - INFO - ============================================================
2026-01-01 08:14:02,161 - INFO - Training for 50 epochs
2026-01-01 08:14:02,162 - INFO - Model parameters: 418,700
2026-01-01 08:14:05,514 - INFO - Epoch 1/50 | LR: 1.43e-04 | Train: 4.1717 | Val: 2.9994 | Acc@1: 40.58%
2026-01-01 08:14:05,538 - INFO -   ✓ New best (Acc@1: 40.58%)
2026-01-01 08:14:08,327 - INFO - Epoch 2/50 | LR: 2.86e-04 | Train: 3.6755 | Val: 2.8700 | Acc@1: 43.61%
2026-01-01 08:14:08,352 - INFO -   ✓ New best (Acc@1: 43.61%)
2026-01-01 08:14:11,442 - INFO - Epoch 3/50 | LR: 4.29e-04 | Train: 3.3867 | Val: 2.8207 | Acc@1: 45.38%
2026-01-01 08:14:11,470 - INFO -   ✓ New best (Acc@1: 45.38%)
2026-01-01 08:14:14,397 - INFO - Epoch 4/50 | LR: 5.71e-04 | Train: 3.1464 | Val: 2.8091 | Acc@1: 47.00%
2026-01-01 08:14:14,422 - INFO -   ✓ New best (Acc@1: 47.00%)
2026-01-01 08:14:17,416 - INFO - Epoch 5/50 | LR: 7.14e-04 | Train: 2.9212 | Val: 2.7999 | Acc@1: 47.81%
2026-01-01 08:14:17,442 - INFO -   ✓ New best (Acc@1: 47.81%)
2026-01-01 08:14:20,321 - INFO - Epoch 6/50 | LR: 8.57e-04 | Train: 2.6566 | Val: 2.8488 | Acc@1: 48.08%
2026-01-01 08:14:23,232 - INFO - Epoch 7/50 | LR: 1.00e-03 | Train: 2.3728 | Val: 2.8766 | Acc@1: 48.38%
2026-01-01 08:14:26,106 - INFO - Epoch 8/50 | LR: 1.00e-03 | Train: 2.0917 | Val: 2.9800 | Acc@1: 47.75%
2026-01-01 08:14:28,967 - INFO - Epoch 9/50 | LR: 9.99e-04 | Train: 1.8451 | Val: 3.2036 | Acc@1: 48.44%
2026-01-01 08:14:32,133 - INFO - Epoch 10/50 | LR: 9.95e-04 | Train: 1.6303 | Val: 3.1510 | Acc@1: 48.11%
2026-01-01 08:14:32,133 - INFO - Early stopping at epoch 10
2026-01-01 08:14:32,267 - INFO - Loaded checkpoint from epoch 5
2026-01-01 08:14:33,937 - INFO - ============================================================
2026-01-01 08:14:33,937 - INFO - FINAL VALIDATION RESULTS
2026-01-01 08:14:33,937 - INFO -   Acc@1:  47.81%
2026-01-01 08:14:33,937 - INFO -   Acc@5:  77.71%
2026-01-01 08:14:33,937 - INFO -   Acc@10: 82.36%
2026-01-01 08:14:33,937 - INFO -   MRR:    60.87%
2026-01-01 08:14:33,937 - INFO -   NDCG:   65.92%
2026-01-01 08:14:33,937 - INFO - ============================================================
2026-01-01 08:14:33,937 - INFO - FINAL TEST RESULTS
2026-01-01 08:14:33,937 - INFO -   Acc@1:  52.31%
2026-01-01 08:14:33,937 - INFO -   Acc@5:  81.90%
2026-01-01 08:14:33,937 - INFO -   Acc@10: 85.01%
2026-01-01 08:14:33,937 - INFO -   MRR:    65.34%
2026-01-01 08:14:33,937 - INFO -   NDCG:   70.07%
2026-01-01 08:14:33,938 - INFO - ============================================================
