Training LSTM model
Dataset: geolife
Config: /data/next_loc_clean_v2/config/ht_optuna/optuna_LSTM_geolife_prev7_t0_20260101_091514_5142f35b.yaml
Device: cuda
Seed: 42
==================================================
Data loaders: train=232, val=105, test=110
Total trainable parameters: 447523

=== Epoch 1 ===
Epoch 1, 8.6%	 loss: 7.314 acc@1: 0.00 mrr: 0.58, ndcg: 0.40, took: 3.50s
Epoch 1, 17.2%	 loss: 7.241 acc@1: 0.16 mrr: 0.77, ndcg: 0.51, took: 2.57s
Epoch 1, 25.9%	 loss: 7.073 acc@1: 1.41 mrr: 2.81, ndcg: 2.69, took: 2.55s
Epoch 1, 34.5%	 loss: 6.914 acc@1: 4.69 mrr: 6.66, ndcg: 6.95, took: 2.52s
Epoch 1, 43.1%	 loss: 6.620 acc@1: 10.00 mrr: 12.42, ndcg: 12.81, took: 2.55s
Epoch 1, 51.7%	 loss: 6.282 acc@1: 11.56 mrr: 16.13, ndcg: 17.34, took: 2.50s
Epoch 1, 60.3%	 loss: 5.952 acc@1: 11.41 mrr: 20.11, ndcg: 23.07, took: 2.54s
Epoch 1, 69.0%	 loss: 5.665 acc@1: 11.56 mrr: 22.14, ndcg: 25.93, took: 2.54s
Epoch 1, 77.6%	 loss: 5.478 acc@1: 12.81 mrr: 23.13, ndcg: 27.31, took: 2.43s
Epoch 1, 86.2%	 loss: 4.905 acc@1: 20.94 mrr: 31.38, ndcg: 35.68, took: 2.34s
Epoch 1, 94.8%	 loss: 5.026 acc@1: 19.84 mrr: 29.81, ndcg: 34.29, took: 1.95s
Validation - loss: 4.9959, acc@1: 20.46%, f1: 9.16%, mrr: 30.37%, ndcg: 35.57%
Current learning rate: 0.001000

=== Epoch 2 ===
Epoch 2, 8.6%	 loss: 4.497 acc@1: 21.25 mrr: 32.83, ndcg: 37.41, took: 2.24s
Epoch 2, 17.2%	 loss: 4.397 acc@1: 23.91 mrr: 34.87, ndcg: 39.58, took: 2.55s
Epoch 2, 25.9%	 loss: 4.297 acc@1: 23.75 mrr: 35.27, ndcg: 40.04, took: 2.55s
Epoch 2, 34.5%	 loss: 4.251 acc@1: 25.62 mrr: 36.72, ndcg: 41.48, took: 2.58s
Epoch 2, 43.1%	 loss: 4.321 acc@1: 22.66 mrr: 35.22, ndcg: 40.56, took: 2.55s
Epoch 2, 51.7%	 loss: 3.935 acc@1: 28.12 mrr: 41.56, ndcg: 46.92, took: 2.54s
Epoch 2, 60.3%	 loss: 4.185 acc@1: 27.50 mrr: 40.00, ndcg: 44.92, took: 2.51s
Epoch 2, 69.0%	 loss: 4.021 acc@1: 28.75 mrr: 42.06, ndcg: 47.30, took: 2.32s
Epoch 2, 77.6%	 loss: 3.988 acc@1: 28.12 mrr: 41.58, ndcg: 47.10, took: 2.34s
Epoch 2, 86.2%	 loss: 3.886 acc@1: 32.34 mrr: 45.53, ndcg: 50.29, took: 2.17s
Epoch 2, 94.8%	 loss: 3.587 acc@1: 35.00 mrr: 48.78, ndcg: 53.75, took: 2.01s
Validation - loss: 4.6509, acc@1: 27.95%, f1: 17.80%, mrr: 41.46%, ndcg: 46.72%
Current learning rate: 0.002000

=== Epoch 3 ===
Epoch 3, 8.6%	 loss: 3.277 acc@1: 34.84 mrr: 49.68, ndcg: 54.95, took: 2.20s
Epoch 3, 17.2%	 loss: 3.609 acc@1: 29.69 mrr: 44.11, ndcg: 49.62, took: 2.58s
Epoch 3, 25.9%	 loss: 3.437 acc@1: 32.50 mrr: 47.62, ndcg: 53.15, took: 2.50s
Epoch 3, 34.5%	 loss: 3.329 acc@1: 34.22 mrr: 49.14, ndcg: 54.49, took: 2.56s
Epoch 3, 43.1%	 loss: 3.308 acc@1: 32.97 mrr: 48.60, ndcg: 54.34, took: 2.55s
Epoch 3, 51.7%	 loss: 3.603 acc@1: 32.50 mrr: 46.27, ndcg: 51.59, took: 2.42s
Epoch 3, 60.3%	 loss: 3.400 acc@1: 32.34 mrr: 47.51, ndcg: 53.47, took: 2.29s
Epoch 3, 69.0%	 loss: 3.592 acc@1: 31.56 mrr: 46.11, ndcg: 51.09, took: 2.32s
Epoch 3, 77.6%	 loss: 3.303 acc@1: 36.41 mrr: 50.80, ndcg: 55.82, took: 2.28s
Epoch 3, 86.2%	 loss: 3.475 acc@1: 30.94 mrr: 46.82, ndcg: 52.23, took: 2.39s
Epoch 3, 94.8%	 loss: 3.268 acc@1: 35.31 mrr: 50.54, ndcg: 55.54, took: 2.17s
Validation - loss: 4.5533, acc@1: 33.53%, f1: 20.33%, mrr: 46.86%, ndcg: 51.41%
Current learning rate: 0.001958

=== Epoch 4 ===
Epoch 4, 8.6%	 loss: 3.026 acc@1: 36.88 mrr: 51.31, ndcg: 56.62, took: 2.23s
Epoch 4, 17.2%	 loss: 3.010 acc@1: 32.97 mrr: 50.09, ndcg: 55.80, took: 2.44s
Epoch 4, 25.9%	 loss: 3.151 acc@1: 32.19 mrr: 48.46, ndcg: 54.09, took: 2.55s
Epoch 4, 34.5%	 loss: 3.157 acc@1: 34.06 mrr: 49.24, ndcg: 54.55, took: 2.46s
Epoch 4, 43.1%	 loss: 3.100 acc@1: 33.28 mrr: 49.31, ndcg: 54.97, took: 2.36s
Epoch 4, 51.7%	 loss: 3.184 acc@1: 34.06 mrr: 48.93, ndcg: 54.10, took: 2.33s
Epoch 4, 60.3%	 loss: 3.139 acc@1: 32.81 mrr: 49.52, ndcg: 55.54, took: 2.34s
Epoch 4, 69.0%	 loss: 3.109 acc@1: 34.84 mrr: 50.24, ndcg: 55.55, took: 2.41s
Epoch 4, 77.6%	 loss: 3.126 acc@1: 34.06 mrr: 49.51, ndcg: 55.04, took: 2.39s
Epoch 4, 86.2%	 loss: 2.978 acc@1: 36.41 mrr: 51.82, ndcg: 57.19, took: 2.36s
Epoch 4, 94.8%	 loss: 2.989 acc@1: 36.88 mrr: 52.27, ndcg: 57.44, took: 2.14s
Validation - loss: 4.5332, acc@1: 33.77%, f1: 23.24%, mrr: 47.75%, ndcg: 52.13%
Current learning rate: 0.001917

=== Epoch 5 ===
Epoch 5, 8.6%	 loss: 2.707 acc@1: 36.25 mrr: 52.64, ndcg: 58.75, took: 2.22s
Epoch 5, 17.2%	 loss: 2.942 acc@1: 34.53 mrr: 50.43, ndcg: 56.08, took: 2.39s
Epoch 5, 25.9%	 loss: 2.925 acc@1: 35.94 mrr: 50.73, ndcg: 56.01, took: 2.37s
Epoch 5, 34.5%	 loss: 2.981 acc@1: 34.84 mrr: 49.90, ndcg: 55.04, took: 2.34s
Epoch 5, 43.1%	 loss: 2.941 acc@1: 34.38 mrr: 50.45, ndcg: 56.01, took: 2.30s
Epoch 5, 51.7%	 loss: 2.804 acc@1: 36.88 mrr: 52.32, ndcg: 57.86, took: 2.41s
Epoch 5, 60.3%	 loss: 2.928 acc@1: 34.22 mrr: 50.81, ndcg: 56.42, took: 2.46s
Epoch 5, 69.0%	 loss: 3.002 acc@1: 31.72 mrr: 48.53, ndcg: 54.30, took: 2.44s
Epoch 5, 77.6%	 loss: 2.753 acc@1: 38.91 mrr: 54.12, ndcg: 59.28, took: 2.39s
Epoch 5, 86.2%	 loss: 3.144 acc@1: 34.53 mrr: 49.03, ndcg: 53.41, took: 2.39s
Epoch 5, 94.8%	 loss: 2.859 acc@1: 35.78 mrr: 51.74, ndcg: 57.15, took: 2.19s
Validation - loss: 4.6507, acc@1: 32.33%, f1: 20.75%, mrr: 46.56%, ndcg: 51.29%
Current learning rate: 0.001875

=== Epoch 6 ===
Epoch 6, 8.6%	 loss: 2.730 acc@1: 34.06 mrr: 51.17, ndcg: 57.59, took: 2.13s
Epoch 6, 17.2%	 loss: 2.706 acc@1: 36.41 mrr: 52.79, ndcg: 58.79, took: 2.27s
Epoch 6, 25.9%	 loss: 2.812 acc@1: 32.97 mrr: 49.53, ndcg: 55.81, took: 2.35s
Epoch 6, 34.5%	 loss: 2.703 acc@1: 36.88 mrr: 52.47, ndcg: 57.76, took: 2.36s
Epoch 6, 43.1%	 loss: 2.896 acc@1: 37.97 mrr: 51.50, ndcg: 56.32, took: 2.48s
Epoch 6, 51.7%	 loss: 2.760 acc@1: 34.38 mrr: 51.63, ndcg: 57.46, took: 2.57s
Epoch 6, 60.3%	 loss: 2.783 acc@1: 35.47 mrr: 52.10, ndcg: 57.66, took: 2.38s
Epoch 6, 69.0%	 loss: 2.769 acc@1: 35.62 mrr: 52.17, ndcg: 57.87, took: 2.37s
Epoch 6, 77.6%	 loss: 2.713 acc@1: 37.66 mrr: 53.16, ndcg: 58.75, took: 2.35s
Epoch 6, 86.2%	 loss: 2.993 acc@1: 32.66 mrr: 48.77, ndcg: 54.25, took: 2.44s
Epoch 6, 94.8%	 loss: 2.855 acc@1: 35.62 mrr: 51.40, ndcg: 56.79, took: 2.33s
Validation - loss: 4.7893, acc@1: 31.94%, f1: 22.18%, mrr: 45.97%, ndcg: 50.85%
Current learning rate: 0.001833

=== Epoch 7 ===
Epoch 7, 8.6%	 loss: 2.571 acc@1: 35.00 mrr: 52.67, ndcg: 58.84, took: 2.00s
Epoch 7, 17.2%	 loss: 2.618 acc@1: 34.69 mrr: 51.89, ndcg: 58.12, took: 2.08s
Epoch 7, 25.9%	 loss: 2.729 acc@1: 37.66 mrr: 52.54, ndcg: 58.13, took: 2.43s
Epoch 7, 34.5%	 loss: 2.766 acc@1: 34.22 mrr: 50.80, ndcg: 56.58, took: 2.55s
Epoch 7, 43.1%	 loss: 2.748 acc@1: 33.28 mrr: 50.51, ndcg: 56.89, took: 2.54s
Epoch 7, 51.7%	 loss: 2.666 acc@1: 37.97 mrr: 53.47, ndcg: 58.65, took: 2.48s
Epoch 7, 60.3%	 loss: 2.786 acc@1: 34.69 mrr: 50.41, ndcg: 56.13, took: 2.45s
Epoch 7, 69.0%	 loss: 2.494 acc@1: 42.66 mrr: 57.30, ndcg: 62.33, took: 2.39s
Epoch 7, 77.6%	 loss: 2.773 acc@1: 35.78 mrr: 51.70, ndcg: 57.30, took: 2.42s
Epoch 7, 86.2%	 loss: 2.751 acc@1: 32.97 mrr: 50.51, ndcg: 56.44, took: 2.56s
Epoch 7, 94.8%	 loss: 2.950 acc@1: 32.81 mrr: 49.18, ndcg: 54.65, took: 2.33s
Validation - loss: 4.8227, acc@1: 29.66%, f1: 22.14%, mrr: 44.96%, ndcg: 50.04%
Current learning rate: 0.001792

=== Epoch 8 ===
Epoch 8, 8.6%	 loss: 2.472 acc@1: 39.06 mrr: 55.47, ndcg: 61.41, took: 2.14s
Epoch 8, 17.2%	 loss: 2.449 acc@1: 39.06 mrr: 55.35, ndcg: 61.28, took: 2.22s
Epoch 8, 25.9%	 loss: 2.691 acc@1: 32.66 mrr: 50.43, ndcg: 56.66, took: 2.41s
Epoch 8, 34.5%	 loss: 2.714 acc@1: 34.38 mrr: 50.75, ndcg: 56.44, took: 2.54s
Epoch 8, 43.1%	 loss: 2.582 acc@1: 37.19 mrr: 53.18, ndcg: 58.78, took: 2.50s
Epoch 8, 51.7%	 loss: 2.679 acc@1: 35.62 mrr: 52.00, ndcg: 57.75, took: 2.40s
Epoch 8, 60.3%	 loss: 2.576 acc@1: 35.62 mrr: 52.80, ndcg: 58.89, took: 2.33s
Epoch 8, 69.0%	 loss: 2.774 acc@1: 34.53 mrr: 50.59, ndcg: 56.55, took: 2.38s
Epoch 8, 77.6%	 loss: 2.656 acc@1: 33.75 mrr: 51.16, ndcg: 56.75, took: 2.44s
Epoch 8, 86.2%	 loss: 2.567 acc@1: 37.81 mrr: 54.26, ndcg: 59.89, took: 2.55s
Epoch 8, 94.8%	 loss: 2.747 acc@1: 34.38 mrr: 50.82, ndcg: 56.07, took: 2.24s
Validation - loss: 4.9185, acc@1: 31.04%, f1: 21.60%, mrr: 45.26%, ndcg: 49.95%
Current learning rate: 0.001750

=== Epoch 9 ===
Epoch 9, 8.6%	 loss: 2.353 acc@1: 39.38 mrr: 56.22, ndcg: 62.59, took: 2.27s
Epoch 9, 17.2%	 loss: 2.407 acc@1: 37.50 mrr: 54.98, ndcg: 61.47, took: 2.26s
Epoch 9, 25.9%	 loss: 2.478 acc@1: 35.62 mrr: 53.37, ndcg: 59.23, took: 2.28s
Epoch 9, 34.5%	 loss: 2.412 acc@1: 37.81 mrr: 55.35, ndcg: 61.70, took: 2.53s
Epoch 9, 43.1%	 loss: 2.634 acc@1: 37.50 mrr: 53.03, ndcg: 58.49, took: 2.40s
Epoch 9, 51.7%	 loss: 2.643 acc@1: 34.69 mrr: 51.08, ndcg: 57.11, took: 2.35s
Epoch 9, 60.3%	 loss: 2.471 acc@1: 36.72 mrr: 54.15, ndcg: 60.08, took: 2.39s
Epoch 9, 69.0%	 loss: 2.628 acc@1: 35.62 mrr: 52.25, ndcg: 58.46, took: 2.45s
Epoch 9, 77.6%	 loss: 2.664 acc@1: 36.56 mrr: 52.30, ndcg: 57.51, took: 2.42s
Epoch 9, 86.2%	 loss: 2.685 acc@1: 35.47 mrr: 51.82, ndcg: 57.68, took: 2.38s
Epoch 9, 94.8%	 loss: 2.685 acc@1: 36.56 mrr: 52.55, ndcg: 58.13, took: 2.11s
Validation - loss: 4.9390, acc@1: 31.70%, f1: 22.42%, mrr: 45.45%, ndcg: 50.18%
Current learning rate: 0.000171

=== Epoch 10 ===
Epoch 10, 8.6%	 loss: 2.766 acc@1: 37.03 mrr: 52.99, ndcg: 58.54, took: 2.34s
Epoch 10, 17.2%	 loss: 2.813 acc@1: 33.28 mrr: 50.77, ndcg: 56.99, took: 2.23s
Epoch 10, 25.9%	 loss: 2.892 acc@1: 31.09 mrr: 49.02, ndcg: 55.22, took: 2.23s
Epoch 10, 34.5%	 loss: 2.775 acc@1: 35.16 mrr: 51.63, ndcg: 57.43, took: 2.31s
Epoch 10, 43.1%	 loss: 2.742 acc@1: 38.75 mrr: 54.15, ndcg: 59.17, took: 2.39s
Epoch 10, 51.7%	 loss: 2.813 acc@1: 34.69 mrr: 50.99, ndcg: 56.64, took: 2.39s
Epoch 10, 60.3%	 loss: 2.721 acc@1: 35.16 mrr: 52.17, ndcg: 58.21, took: 2.35s
Epoch 10, 69.0%	 loss: 2.779 acc@1: 34.84 mrr: 51.63, ndcg: 57.37, took: 2.41s
Epoch 10, 77.6%	 loss: 2.608 acc@1: 38.12 mrr: 55.00, ndcg: 60.73, took: 2.36s
Epoch 10, 86.2%	 loss: 2.773 acc@1: 38.75 mrr: 53.17, ndcg: 58.57, took: 2.32s
Epoch 10, 94.8%	 loss: 2.820 acc@1: 35.62 mrr: 51.22, ndcg: 57.20, took: 2.34s
Validation - loss: 4.5483, acc@1: 33.11%, f1: 22.76%, mrr: 47.37%, ndcg: 52.00%
Current learning rate: 0.000171

=== Epoch 11 ===
Epoch 11, 8.6%	 loss: 2.670 acc@1: 36.88 mrr: 53.22, ndcg: 59.10, took: 2.40s
Epoch 11, 17.2%	 loss: 2.723 acc@1: 37.19 mrr: 53.08, ndcg: 58.45, took: 2.31s
Epoch 11, 25.9%	 loss: 2.551 acc@1: 39.84 mrr: 55.78, ndcg: 61.87, took: 2.19s
Epoch 11, 34.5%	 loss: 2.896 acc@1: 34.69 mrr: 50.39, ndcg: 55.71, took: 2.32s
Epoch 11, 43.1%	 loss: 2.752 acc@1: 35.62 mrr: 52.27, ndcg: 58.19, took: 2.30s
Epoch 11, 51.7%	 loss: 2.737 acc@1: 35.94 mrr: 52.56, ndcg: 58.29, took: 2.32s
Epoch 11, 60.3%	 loss: 2.675 acc@1: 36.72 mrr: 53.06, ndcg: 58.73, took: 2.32s
Epoch 11, 69.0%	 loss: 2.744 acc@1: 36.25 mrr: 52.31, ndcg: 57.66, took: 2.34s
Epoch 11, 77.6%	 loss: 2.632 acc@1: 38.12 mrr: 54.09, ndcg: 59.61, took: 2.38s
Epoch 11, 86.2%	 loss: 2.702 acc@1: 37.34 mrr: 52.94, ndcg: 58.41, took: 2.41s
Epoch 11, 94.8%	 loss: 2.839 acc@1: 34.53 mrr: 50.33, ndcg: 56.09, took: 2.43s
Validation - loss: 4.5615, acc@1: 32.99%, f1: 22.75%, mrr: 47.22%, ndcg: 51.82%
Current learning rate: 0.000171

=== Epoch 12 ===
Epoch 12, 8.6%	 loss: 2.654 acc@1: 40.16 mrr: 54.43, ndcg: 59.88, took: 2.33s
Epoch 12, 17.2%	 loss: 2.661 acc@1: 37.81 mrr: 53.97, ndcg: 59.40, took: 2.20s
Epoch 12, 25.9%	 loss: 2.703 acc@1: 36.41 mrr: 53.05, ndcg: 58.77, took: 2.14s
Epoch 12, 34.5%	 loss: 2.699 acc@1: 36.09 mrr: 52.38, ndcg: 57.96, took: 2.14s
Epoch 12, 43.1%	 loss: 2.706 acc@1: 35.94 mrr: 52.40, ndcg: 58.24, took: 2.30s
Epoch 12, 51.7%	 loss: 2.615 acc@1: 40.31 mrr: 55.39, ndcg: 60.72, took: 2.34s
Epoch 12, 60.3%	 loss: 2.603 acc@1: 36.56 mrr: 53.30, ndcg: 59.93, took: 2.37s
Epoch 12, 69.0%	 loss: 2.649 acc@1: 38.59 mrr: 54.03, ndcg: 59.59, took: 2.45s
Epoch 12, 77.6%	 loss: 2.762 acc@1: 35.78 mrr: 51.84, ndcg: 57.43, took: 2.54s
Epoch 12, 86.2%	 loss: 2.717 acc@1: 36.25 mrr: 52.66, ndcg: 58.24, took: 2.55s
Epoch 12, 94.8%	 loss: 2.781 acc@1: 35.94 mrr: 52.17, ndcg: 57.69, took: 2.42s
Validation - loss: 4.5751, acc@1: 32.87%, f1: 22.89%, mrr: 47.18%, ndcg: 51.83%
Current learning rate: 0.000171

=== Epoch 13 ===
Epoch 13, 8.6%	 loss: 2.775 acc@1: 35.31 mrr: 51.53, ndcg: 57.55, took: 2.12s
Epoch 13, 17.2%	 loss: 2.596 acc@1: 38.12 mrr: 53.71, ndcg: 59.65, took: 2.06s
Epoch 13, 25.9%	 loss: 2.644 acc@1: 37.97 mrr: 54.01, ndcg: 60.06, took: 1.95s
Epoch 13, 34.5%	 loss: 2.588 acc@1: 39.53 mrr: 54.99, ndcg: 60.39, took: 2.00s
Epoch 13, 43.1%	 loss: 2.617 acc@1: 35.31 mrr: 52.92, ndcg: 58.81, took: 2.42s
Epoch 13, 51.7%	 loss: 2.626 acc@1: 36.72 mrr: 53.55, ndcg: 59.24, took: 2.43s
Epoch 13, 60.3%	 loss: 2.623 acc@1: 39.22 mrr: 54.83, ndcg: 60.13, took: 2.54s
Epoch 13, 69.0%	 loss: 2.737 acc@1: 35.78 mrr: 52.10, ndcg: 58.02, took: 2.57s
Epoch 13, 77.6%	 loss: 2.735 acc@1: 36.09 mrr: 52.33, ndcg: 57.89, took: 2.65s
Epoch 13, 86.2%	 loss: 2.640 acc@1: 38.28 mrr: 54.15, ndcg: 59.33, took: 2.61s
Epoch 13, 94.8%	 loss: 2.713 acc@1: 38.12 mrr: 53.51, ndcg: 59.00, took: 2.38s
Validation - loss: 4.5867, acc@1: 32.87%, f1: 22.50%, mrr: 47.05%, ndcg: 51.73%
Current learning rate: 0.000171

=== Epoch 14 ===
Epoch 14, 8.6%	 loss: 2.745 acc@1: 35.31 mrr: 51.55, ndcg: 57.31, took: 2.06s
Epoch 14, 17.2%	 loss: 2.553 acc@1: 39.53 mrr: 55.83, ndcg: 61.50, took: 1.98s
Epoch 14, 25.9%	 loss: 2.765 acc@1: 35.31 mrr: 51.30, ndcg: 57.17, took: 2.01s
Epoch 14, 34.5%	 loss: 2.693 acc@1: 36.56 mrr: 52.64, ndcg: 57.90, took: 2.14s
Epoch 14, 43.1%	 loss: 2.738 acc@1: 33.91 mrr: 51.33, ndcg: 57.14, took: 2.52s
Epoch 14, 51.7%	 loss: 2.583 acc@1: 34.06 mrr: 52.36, ndcg: 58.73, took: 2.52s
Epoch 14, 60.3%	 loss: 2.529 acc@1: 42.34 mrr: 56.92, ndcg: 61.92, took: 2.58s
Epoch 14, 69.0%	 loss: 2.753 acc@1: 36.72 mrr: 52.08, ndcg: 58.02, took: 2.57s
Epoch 14, 77.6%	 loss: 2.614 acc@1: 38.44 mrr: 54.25, ndcg: 59.92, took: 2.57s
Epoch 14, 86.2%	 loss: 2.481 acc@1: 38.91 mrr: 55.32, ndcg: 61.65, took: 2.55s
Epoch 14, 94.8%	 loss: 2.735 acc@1: 34.22 mrr: 51.71, ndcg: 57.98, took: 2.21s
Validation - loss: 4.5988, acc@1: 32.75%, f1: 22.49%, mrr: 47.04%, ndcg: 51.72%
Current learning rate: 0.000017

=== Epoch 15 ===
Epoch 15, 8.6%	 loss: 2.733 acc@1: 34.53 mrr: 52.17, ndcg: 58.15, took: 2.10s
Epoch 15, 17.2%	 loss: 2.823 acc@1: 35.00 mrr: 51.73, ndcg: 57.56, took: 2.10s
Epoch 15, 25.9%	 loss: 2.893 acc@1: 33.59 mrr: 50.01, ndcg: 55.63, took: 2.22s
Epoch 15, 34.5%	 loss: 2.861 acc@1: 33.44 mrr: 49.58, ndcg: 55.44, took: 2.22s
Epoch 15, 43.1%	 loss: 2.778 acc@1: 35.16 mrr: 51.65, ndcg: 57.59, took: 2.31s
Epoch 15, 51.7%	 loss: 2.852 acc@1: 33.28 mrr: 50.24, ndcg: 55.85, took: 2.52s
Epoch 15, 60.3%	 loss: 2.785 acc@1: 37.66 mrr: 53.14, ndcg: 58.37, took: 2.56s
Epoch 15, 69.0%	 loss: 2.655 acc@1: 36.88 mrr: 53.71, ndcg: 59.84, took: 2.56s
Epoch 15, 77.6%	 loss: 2.869 acc@1: 33.44 mrr: 50.51, ndcg: 56.44, took: 2.51s
Epoch 15, 86.2%	 loss: 2.778 acc@1: 37.03 mrr: 52.35, ndcg: 57.99, took: 2.54s
Epoch 15, 94.8%	 loss: 2.815 acc@1: 32.81 mrr: 50.24, ndcg: 55.98, took: 2.27s
Validation - loss: 4.5664, acc@1: 32.93%, f1: 22.45%, mrr: 47.20%, ndcg: 51.74%
Current learning rate: 0.000017

=== Epoch 16 ===
Epoch 16, 8.6%	 loss: 2.782 acc@1: 37.34 mrr: 52.72, ndcg: 57.89, took: 2.45s
Epoch 16, 17.2%	 loss: 2.805 acc@1: 33.91 mrr: 51.16, ndcg: 56.87, took: 2.39s
Epoch 16, 25.9%	 loss: 2.823 acc@1: 37.34 mrr: 52.47, ndcg: 57.36, took: 2.31s
Epoch 16, 34.5%	 loss: 2.850 acc@1: 32.66 mrr: 49.74, ndcg: 55.67, took: 2.29s
Epoch 16, 43.1%	 loss: 2.782 acc@1: 36.88 mrr: 52.62, ndcg: 58.15, took: 2.30s
Epoch 16, 51.7%	 loss: 2.680 acc@1: 34.53 mrr: 52.52, ndcg: 58.89, took: 2.57s
Epoch 16, 60.3%	 loss: 2.863 acc@1: 33.91 mrr: 50.11, ndcg: 55.72, took: 2.55s
Epoch 16, 69.0%	 loss: 2.817 acc@1: 31.56 mrr: 49.45, ndcg: 55.60, took: 2.56s
Epoch 16, 77.6%	 loss: 2.739 acc@1: 35.47 mrr: 52.37, ndcg: 58.42, took: 2.51s
Epoch 16, 86.2%	 loss: 2.775 acc@1: 37.81 mrr: 53.14, ndcg: 58.63, took: 2.43s
Epoch 16, 94.8%	 loss: 2.690 acc@1: 35.94 mrr: 52.79, ndcg: 58.90, took: 1.98s
Validation - loss: 4.5523, acc@1: 33.44%, f1: 23.05%, mrr: 47.46%, ndcg: 52.05%
Current learning rate: 0.000017

=== Epoch 17 ===
Epoch 17, 8.6%	 loss: 2.776 acc@1: 32.19 mrr: 50.10, ndcg: 56.58, took: 2.61s
Epoch 17, 17.2%	 loss: 2.881 acc@1: 35.62 mrr: 51.10, ndcg: 56.73, took: 2.40s
Epoch 17, 25.9%	 loss: 2.621 acc@1: 40.47 mrr: 55.53, ndcg: 60.73, took: 2.27s
Epoch 17, 34.5%	 loss: 2.776 acc@1: 37.03 mrr: 52.23, ndcg: 57.68, took: 2.24s
Epoch 17, 43.1%	 loss: 2.763 acc@1: 35.62 mrr: 52.00, ndcg: 57.71, took: 2.27s
Epoch 17, 51.7%	 loss: 2.734 acc@1: 34.06 mrr: 51.61, ndcg: 58.03, took: 2.54s
Epoch 17, 60.3%	 loss: 2.768 acc@1: 34.69 mrr: 51.62, ndcg: 57.19, took: 2.54s
Epoch 17, 69.0%	 loss: 2.762 acc@1: 37.97 mrr: 53.13, ndcg: 58.97, took: 2.36s
Epoch 17, 77.6%	 loss: 2.644 acc@1: 37.19 mrr: 53.38, ndcg: 58.95, took: 2.29s
Epoch 17, 86.2%	 loss: 2.808 acc@1: 36.56 mrr: 52.20, ndcg: 57.51, took: 2.30s
Epoch 17, 94.8%	 loss: 2.796 acc@1: 36.72 mrr: 52.38, ndcg: 57.92, took: 1.75s
Validation - loss: 4.5481, acc@1: 33.29%, f1: 22.50%, mrr: 47.40%, ndcg: 51.97%
Current learning rate: 0.000017

=== Epoch 18 ===
Epoch 18, 8.6%	 loss: 2.782 acc@1: 35.31 mrr: 51.75, ndcg: 57.68, took: 2.39s
Epoch 18, 17.2%	 loss: 2.812 acc@1: 35.16 mrr: 51.19, ndcg: 56.74, took: 2.31s
Epoch 18, 25.9%	 loss: 2.741 acc@1: 34.84 mrr: 51.54, ndcg: 57.76, took: 2.11s
Epoch 18, 34.5%	 loss: 2.734 acc@1: 37.19 mrr: 53.03, ndcg: 58.68, took: 2.06s
Epoch 18, 43.1%	 loss: 2.925 acc@1: 32.81 mrr: 49.13, ndcg: 54.86, took: 2.22s
Epoch 18, 51.7%	 loss: 2.830 acc@1: 33.75 mrr: 50.40, ndcg: 56.04, took: 2.25s
Epoch 18, 60.3%	 loss: 2.622 acc@1: 39.22 mrr: 54.83, ndcg: 60.44, took: 2.40s
Epoch 18, 69.0%	 loss: 2.694 acc@1: 36.41 mrr: 53.10, ndcg: 58.82, took: 2.30s
Epoch 18, 77.6%	 loss: 2.697 acc@1: 35.78 mrr: 52.66, ndcg: 58.53, took: 2.41s
Epoch 18, 86.2%	 loss: 2.787 acc@1: 36.72 mrr: 53.00, ndcg: 58.55, took: 2.34s
Epoch 18, 94.8%	 loss: 2.741 acc@1: 36.41 mrr: 52.58, ndcg: 57.93, took: 1.67s
Validation - loss: 4.5482, acc@1: 33.53%, f1: 22.66%, mrr: 47.45%, ndcg: 52.02%
Current learning rate: 0.000017

=== Epoch 19 ===
Epoch 19, 8.6%	 loss: 2.882 acc@1: 32.81 mrr: 49.66, ndcg: 55.82, took: 2.43s
Epoch 19, 17.2%	 loss: 2.872 acc@1: 35.31 mrr: 50.85, ndcg: 56.37, took: 2.37s
Epoch 19, 25.9%	 loss: 2.899 acc@1: 35.16 mrr: 50.54, ndcg: 55.48, took: 2.24s
Epoch 19, 34.5%	 loss: 2.627 acc@1: 40.16 mrr: 55.60, ndcg: 60.85, took: 2.07s
Epoch 19, 43.1%	 loss: 2.687 acc@1: 37.19 mrr: 53.67, ndcg: 59.26, took: 2.08s
Epoch 19, 51.7%	 loss: 2.634 acc@1: 37.34 mrr: 53.67, ndcg: 59.27, took: 2.01s
Epoch 19, 60.3%	 loss: 2.699 acc@1: 37.19 mrr: 53.13, ndcg: 58.85, took: 2.27s
Epoch 19, 69.0%	 loss: 2.759 acc@1: 35.31 mrr: 51.19, ndcg: 56.90, took: 2.57s
Epoch 19, 77.6%	 loss: 2.747 acc@1: 37.50 mrr: 52.91, ndcg: 58.18, took: 2.57s
Epoch 19, 86.2%	 loss: 2.714 acc@1: 36.88 mrr: 53.10, ndcg: 58.85, took: 2.44s
Epoch 19, 94.8%	 loss: 2.695 acc@1: 36.25 mrr: 53.08, ndcg: 58.68, took: 1.90s
Validation - loss: 4.5601, acc@1: 33.32%, f1: 22.78%, mrr: 47.43%, ndcg: 52.07%
Training finished.	 Time: 625.27s.	 acc@1: 33.77%

=== Test Results ===
Test Results:
  acc@1: 28.87%
  acc@5: 56.60%
  acc@10: 58.68%
  mrr: 41.32%
  ndcg: 45.40%
  f1: 20.01%

=== Training Complete ===
