2025-12-28 19:22:59,359 - INFO - ============================================================
2025-12-28 19:22:59,359 - INFO - POINTER V45 - Training Started
2025-12-28 19:22:59,359 - INFO - ============================================================
2025-12-28 19:22:59,359 - INFO - Model config: {'d_model': 72, 'dim_feedforward': 144, 'dropout': 0.15, 'nhead': 4, 'num_layers': 2}
2025-12-28 19:22:59,359 - INFO - Training config: {'batch_size': 128, 'grad_clip': 0.8, 'label_smoothing': 0.03, 'learning_rate': 0.00065, 'min_epochs': 8, 'min_lr': 1e-06, 'num_epochs': 50, 'patience': 5, 'use_amp': True, 'warmup_epochs': 5, 'weight_decay': 0.015}
2025-12-28 19:22:59,359 - INFO - ============================================================
2025-12-28 19:22:59,359 - INFO - Training for 50 epochs
2025-12-28 19:22:59,360 - INFO - Model parameters: 295,282
2025-12-28 19:23:05,548 - INFO - Epoch 1/50 | LR: 1.30e-04 | Train: 4.1980 | Val: 3.2096 | Acc@1: 39.68%
2025-12-28 19:23:05,571 - INFO -   ✓ New best (Acc@1: 39.68%)
2025-12-28 19:23:10,388 - INFO - Epoch 2/50 | LR: 2.60e-04 | Train: 3.8415 | Val: 3.0915 | Acc@1: 43.52%
2025-12-28 19:23:10,411 - INFO -   ✓ New best (Acc@1: 43.52%)
2025-12-28 19:23:14,946 - INFO - Epoch 3/50 | LR: 3.90e-04 | Train: 3.6097 | Val: 3.0534 | Acc@1: 45.02%
2025-12-28 19:23:14,968 - INFO -   ✓ New best (Acc@1: 45.02%)
2025-12-28 19:23:19,089 - INFO - Epoch 4/50 | LR: 5.20e-04 | Train: 3.4232 | Val: 3.0528 | Acc@1: 45.20%
2025-12-28 19:23:19,112 - INFO -   ✓ New best (Acc@1: 45.20%)
2025-12-28 19:23:23,698 - INFO - Epoch 5/50 | LR: 6.50e-04 | Train: 3.2370 | Val: 3.0835 | Acc@1: 46.61%
2025-12-28 19:23:28,278 - INFO - Epoch 6/50 | LR: 6.50e-04 | Train: 3.0321 | Val: 3.0861 | Acc@1: 46.76%
2025-12-28 19:23:32,924 - INFO - Epoch 7/50 | LR: 6.49e-04 | Train: 2.8370 | Val: 3.0922 | Acc@1: 47.36%
2025-12-28 19:23:37,626 - INFO - Epoch 8/50 | LR: 6.47e-04 | Train: 2.6556 | Val: 3.1206 | Acc@1: 47.60%
2025-12-28 19:23:42,348 - INFO - Epoch 9/50 | LR: 6.43e-04 | Train: 2.4910 | Val: 3.1939 | Acc@1: 47.33%
2025-12-28 19:23:42,348 - INFO - Early stopping at epoch 9
2025-12-28 19:23:42,631 - INFO - Loaded checkpoint from epoch 4
2025-12-28 19:23:45,306 - INFO - ============================================================
2025-12-28 19:23:45,306 - INFO - FINAL VALIDATION RESULTS
2025-12-28 19:23:45,307 - INFO -   Acc@1:  45.20%
2025-12-28 19:23:45,307 - INFO -   Acc@5:  77.50%
2025-12-28 19:23:45,307 - INFO -   Acc@10: 81.70%
2025-12-28 19:23:45,307 - INFO -   MRR:    59.39%
2025-12-28 19:23:45,307 - INFO -   NDCG:   64.66%
2025-12-28 19:23:45,307 - INFO - ============================================================
2025-12-28 19:23:45,307 - INFO - FINAL TEST RESULTS
2025-12-28 19:23:45,307 - INFO -   Acc@1:  49.09%
2025-12-28 19:23:45,307 - INFO -   Acc@5:  80.61%
2025-12-28 19:23:45,307 - INFO -   Acc@10: 84.67%
2025-12-28 19:23:45,307 - INFO -   MRR:    63.34%
2025-12-28 19:23:45,307 - INFO -   NDCG:   68.50%
2025-12-28 19:23:45,307 - INFO - ============================================================
