2025-12-28 18:57:16,914 - INFO - ============================================================
2025-12-28 18:57:16,915 - INFO - POINTER V45 - Training Started
2025-12-28 18:57:16,915 - INFO - ============================================================
2025-12-28 18:57:16,915 - INFO - Model config: {'d_model': 64, 'dim_feedforward': 128, 'dropout': 0.15, 'nhead': 4, 'num_layers': 2}
2025-12-28 18:57:16,915 - INFO - Training config: {'batch_size': 128, 'grad_clip': 0.8, 'label_smoothing': 0.03, 'learning_rate': 0.0006, 'min_epochs': 8, 'min_lr': 1e-06, 'num_epochs': 2, 'patience': 5, 'use_amp': True, 'warmup_epochs': 5, 'weight_decay': 0.015}
2025-12-28 18:57:16,915 - INFO - ============================================================
2025-12-28 18:57:16,915 - INFO - Training for 2 epochs
2025-12-28 18:57:16,915 - INFO - Model parameters: 241,138
2025-12-28 18:57:21,116 - INFO - Epoch 1/2 | LR: 1.20e-04 | Train: 4.0175 | Val: 2.7669 | Acc@1: 41.29%
2025-12-28 18:57:21,139 - INFO -   ✓ New best (Acc@1: 41.29%)
2025-12-28 18:57:24,038 - INFO - Epoch 2/2 | LR: 2.40e-04 | Train: 3.7478 | Val: 2.6759 | Acc@1: 44.63%
2025-12-28 18:57:24,060 - INFO -   ✓ New best (Acc@1: 44.63%)
2025-12-28 18:57:24,163 - INFO - Loaded checkpoint from epoch 2
2025-12-28 18:57:25,095 - INFO - ============================================================
2025-12-28 18:57:25,095 - INFO - FINAL VALIDATION RESULTS
2025-12-28 18:57:25,095 - INFO -   Acc@1:  44.63%
2025-12-28 18:57:25,095 - INFO -   Acc@5:  82.21%
2025-12-28 18:57:25,095 - INFO -   Acc@10: 85.79%
2025-12-28 18:57:25,096 - INFO -   MRR:    61.27%
2025-12-28 18:57:25,096 - INFO -   NDCG:   67.26%
2025-12-28 18:57:25,096 - INFO - ============================================================
2025-12-28 18:57:25,096 - INFO - FINAL TEST RESULTS
2025-12-28 18:57:25,096 - INFO -   Acc@1:  47.85%
2025-12-28 18:57:25,096 - INFO -   Acc@5:  85.53%
2025-12-28 18:57:25,096 - INFO -   Acc@10: 88.43%
2025-12-28 18:57:25,096 - INFO -   MRR:    64.60%
2025-12-28 18:57:25,096 - INFO -   NDCG:   70.47%
2025-12-28 18:57:25,096 - INFO - ============================================================
