2026-01-01 08:12:10,766 - INFO - ============================================================
2026-01-01 08:12:10,766 - INFO - POINTER V45 - Training Started
2026-01-01 08:12:10,766 - INFO - ============================================================
2026-01-01 08:12:10,766 - INFO - Model config: {'d_model': 64, 'nhead': 8, 'num_layers': 4, 'dim_feedforward': 256, 'dropout': 0.25}
2026-01-01 08:12:10,766 - INFO - Training config: {'batch_size': 64, 'num_epochs': 50, 'learning_rate': 0.0003, 'weight_decay': 1e-05, 'label_smoothing': 0.05, 'grad_clip': 0.8, 'patience': 5, 'min_epochs': 8, 'warmup_epochs': 7, 'use_amp': True, 'min_lr': 1e-06}
2026-01-01 08:12:10,766 - INFO - ============================================================
2026-01-01 08:12:10,766 - INFO - Training for 50 epochs
2026-01-01 08:12:10,767 - INFO - Model parameters: 384,468
2026-01-01 08:12:19,259 - INFO - Epoch 1/50 | LR: 4.29e-05 | Train: 4.8034 | Val: 3.4064 | Acc@1: 36.92%
2026-01-01 08:12:19,295 - INFO -   ✓ New best (Acc@1: 36.92%)
2026-01-01 08:12:26,742 - INFO - Epoch 2/50 | LR: 8.57e-05 | Train: 4.3996 | Val: 3.2681 | Acc@1: 40.64%
2026-01-01 08:12:26,776 - INFO -   ✓ New best (Acc@1: 40.64%)
2026-01-01 08:12:33,375 - INFO - Epoch 3/50 | LR: 1.29e-04 | Train: 4.1276 | Val: 3.2038 | Acc@1: 42.83%
2026-01-01 08:12:33,411 - INFO -   ✓ New best (Acc@1: 42.83%)
2026-01-01 08:12:40,659 - INFO - Epoch 4/50 | LR: 1.71e-04 | Train: 3.9469 | Val: 3.1433 | Acc@1: 44.96%
2026-01-01 08:12:40,696 - INFO -   ✓ New best (Acc@1: 44.96%)
2026-01-01 08:12:47,947 - INFO - Epoch 5/50 | LR: 2.14e-04 | Train: 3.7909 | Val: 3.1116 | Acc@1: 46.61%
2026-01-01 08:12:47,983 - INFO -   ✓ New best (Acc@1: 46.61%)
2026-01-01 08:12:55,174 - INFO - Epoch 6/50 | LR: 2.57e-04 | Train: 3.6595 | Val: 3.1067 | Acc@1: 46.85%
2026-01-01 08:12:55,210 - INFO -   ✓ New best (Acc@1: 46.85%)
2026-01-01 08:13:02,142 - INFO - Epoch 7/50 | LR: 3.00e-04 | Train: 3.5210 | Val: 3.0819 | Acc@1: 46.82%
2026-01-01 08:13:02,177 - INFO -   ✓ New best (Acc@1: 46.82%)
2026-01-01 08:13:08,915 - INFO - Epoch 8/50 | LR: 3.00e-04 | Train: 3.4116 | Val: 3.0914 | Acc@1: 46.49%
2026-01-01 08:13:16,218 - INFO - Epoch 9/50 | LR: 3.00e-04 | Train: 3.2858 | Val: 3.0713 | Acc@1: 47.33%
2026-01-01 08:13:16,254 - INFO -   ✓ New best (Acc@1: 47.33%)
2026-01-01 08:13:23,607 - INFO - Epoch 10/50 | LR: 2.98e-04 | Train: 3.1910 | Val: 3.0994 | Acc@1: 47.18%
2026-01-01 08:13:30,684 - INFO - Epoch 11/50 | LR: 2.96e-04 | Train: 3.0825 | Val: 3.0924 | Acc@1: 47.69%
2026-01-01 08:13:37,410 - INFO - Epoch 12/50 | LR: 2.94e-04 | Train: 2.9959 | Val: 3.1369 | Acc@1: 47.09%
2026-01-01 08:13:44,065 - INFO - Epoch 13/50 | LR: 2.90e-04 | Train: 2.9001 | Val: 3.1103 | Acc@1: 47.99%
2026-01-01 08:13:50,953 - INFO - Epoch 14/50 | LR: 2.86e-04 | Train: 2.8245 | Val: 3.1308 | Acc@1: 48.29%
2026-01-01 08:13:50,953 - INFO - Early stopping at epoch 14
2026-01-01 08:13:51,171 - INFO - Loaded checkpoint from epoch 9
2026-01-01 08:13:54,739 - INFO - ============================================================
2026-01-01 08:13:54,739 - INFO - FINAL VALIDATION RESULTS
2026-01-01 08:13:54,739 - INFO -   Acc@1:  47.33%
2026-01-01 08:13:54,739 - INFO -   Acc@5:  77.65%
2026-01-01 08:13:54,739 - INFO -   Acc@10: 82.03%
2026-01-01 08:13:54,739 - INFO -   MRR:    60.52%
2026-01-01 08:13:54,739 - INFO -   NDCG:   65.58%
2026-01-01 08:13:54,739 - INFO - ============================================================
2026-01-01 08:13:54,739 - INFO - FINAL TEST RESULTS
2026-01-01 08:13:54,739 - INFO -   Acc@1:  50.11%
2026-01-01 08:13:54,739 - INFO -   Acc@5:  81.27%
2026-01-01 08:13:54,740 - INFO -   Acc@10: 85.04%
2026-01-01 08:13:54,740 - INFO -   MRR:    63.83%
2026-01-01 08:13:54,740 - INFO -   NDCG:   68.95%
2026-01-01 08:13:54,740 - INFO - ============================================================
