2025-12-28 18:45:43,571 - INFO - ============================================================
2025-12-28 18:45:43,571 - INFO - POINTER V45 - Training Started
2025-12-28 18:45:43,571 - INFO - ============================================================
2025-12-28 18:45:43,571 - INFO - Model config: {'d_model': 64, 'dim_feedforward': 128, 'dropout': 0.15, 'nhead': 4, 'num_layers': 2}
2025-12-28 18:45:43,571 - INFO - Training config: {'batch_size': 128, 'grad_clip': 0.8, 'label_smoothing': 0.03, 'learning_rate': 0.0006, 'min_epochs': 8, 'min_lr': 1e-06, 'num_epochs': 2, 'patience': 5, 'use_amp': True, 'warmup_epochs': 5, 'weight_decay': 0.015}
2025-12-28 18:45:43,571 - INFO - ============================================================
2025-12-28 18:45:43,571 - INFO - Training for 2 epochs
2025-12-28 18:45:43,571 - INFO - Model parameters: 246,251
2025-12-28 18:45:47,885 - INFO - Epoch 1/2 | LR: 1.20e-04 | Train: 4.1332 | Val: 3.0606 | Acc@1: 37.01%
2025-12-28 18:45:47,905 - INFO -   ✓ New best (Acc@1: 37.01%)
2025-12-28 18:45:51,206 - INFO - Epoch 2/2 | LR: 2.40e-04 | Train: 3.8077 | Val: 2.9503 | Acc@1: 42.23%
2025-12-28 18:45:51,228 - INFO -   ✓ New best (Acc@1: 42.23%)
2025-12-28 18:45:51,332 - INFO - Loaded checkpoint from epoch 2
2025-12-28 18:45:52,690 - INFO - ============================================================
2025-12-28 18:45:52,690 - INFO - FINAL VALIDATION RESULTS
2025-12-28 18:45:52,690 - INFO -   Acc@1:  42.23%
2025-12-28 18:45:52,690 - INFO -   Acc@5:  78.73%
2025-12-28 18:45:52,690 - INFO -   Acc@10: 82.39%
2025-12-28 18:45:52,690 - INFO -   MRR:    58.32%
2025-12-28 18:45:52,690 - INFO -   NDCG:   64.18%
2025-12-28 18:45:52,690 - INFO - ============================================================
2025-12-28 18:45:52,690 - INFO - FINAL TEST RESULTS
2025-12-28 18:45:52,690 - INFO -   Acc@1:  45.43%
2025-12-28 18:45:52,690 - INFO -   Acc@5:  82.26%
2025-12-28 18:45:52,690 - INFO -   Acc@10: 84.83%
2025-12-28 18:45:52,690 - INFO -   MRR:    61.92%
2025-12-28 18:45:52,690 - INFO -   NDCG:   67.59%
2025-12-28 18:45:52,691 - INFO - ============================================================
