Training LSTM model
Dataset: diy
Config: /data/next_loc_clean_v2/scripts/sci_hyperparam_tuning/configs/lstm_diy_trial05.yaml
Device: cuda
Seed: 42
==================================================
Data loaders: train=1182, val=80, test=97
Total trainable parameters: 1507486

=== Epoch 1 ===
Epoch 1, 4.2%	 loss: 9.109 acc@1: 0.00 mrr: 0.07, ndcg: 0.02, took: 4.39s
Epoch 1, 8.5%	 loss: 9.072 acc@1: 0.00 mrr: 0.08, ndcg: 0.03, took: 3.64s
Epoch 1, 12.7%	 loss: 8.991 acc@1: 0.00 mrr: 0.11, ndcg: 0.05, took: 3.51s
Epoch 1, 16.9%	 loss: 8.867 acc@1: 0.03 mrr: 0.25, ndcg: 0.19, took: 3.84s
Epoch 1, 21.2%	 loss: 8.667 acc@1: 3.56 mrr: 4.55, ndcg: 4.73, took: 4.00s
Epoch 1, 25.4%	 loss: 8.361 acc@1: 12.75 mrr: 13.65, ndcg: 13.80, took: 3.78s
Epoch 1, 29.6%	 loss: 8.040 acc@1: 17.34 mrr: 18.29, ndcg: 18.47, took: 3.97s
Epoch 1, 33.8%	 loss: 7.630 acc@1: 21.36 mrr: 22.39, ndcg: 22.57, took: 4.02s
Epoch 1, 38.1%	 loss: 7.198 acc@1: 24.62 mrr: 25.91, ndcg: 26.17, took: 3.53s
Epoch 1, 42.3%	 loss: 6.770 acc@1: 26.89 mrr: 28.29, ndcg: 28.45, took: 3.81s
Epoch 1, 46.5%	 loss: 6.384 acc@1: 28.05 mrr: 29.58, ndcg: 29.63, took: 3.83s
Epoch 1, 50.8%	 loss: 6.197 acc@1: 27.91 mrr: 29.71, ndcg: 29.85, took: 3.78s
Epoch 1, 55.0%	 loss: 5.921 acc@1: 28.61 mrr: 30.92, ndcg: 31.16, took: 3.77s
Epoch 1, 59.2%	 loss: 5.729 acc@1: 29.45 mrr: 32.24, ndcg: 32.87, took: 4.47s
Epoch 1, 63.5%	 loss: 5.673 acc@1: 29.55 mrr: 32.34, ndcg: 32.92, took: 3.91s
Epoch 1, 67.7%	 loss: 5.536 acc@1: 29.81 mrr: 32.67, ndcg: 33.30, took: 3.88s
Epoch 1, 71.9%	 loss: 5.488 acc@1: 29.06 mrr: 32.28, ndcg: 32.97, took: 3.91s
Epoch 1, 76.1%	 loss: 5.403 acc@1: 29.83 mrr: 33.22, ndcg: 34.01, took: 3.72s
Epoch 1, 80.4%	 loss: 5.337 acc@1: 30.14 mrr: 33.62, ndcg: 34.43, took: 3.82s
Epoch 1, 84.6%	 loss: 5.186 acc@1: 31.58 mrr: 35.22, ndcg: 36.10, took: 3.69s
Epoch 1, 88.8%	 loss: 5.061 acc@1: 32.88 mrr: 36.59, ndcg: 37.66, took: 3.84s
Epoch 1, 93.1%	 loss: 5.082 acc@1: 31.64 mrr: 35.68, ndcg: 36.83, took: 3.63s
Epoch 1, 97.3%	 loss: 4.924 acc@1: 32.91 mrr: 37.11, ndcg: 38.26, took: 3.74s
Validation - loss: 5.2811, acc@1: 31.94%, f1: 17.73%, mrr: 35.91%, ndcg: 36.93%
Current learning rate: 0.000500

=== Epoch 2 ===
Epoch 2, 4.2%	 loss: 4.825 acc@1: 32.91 mrr: 37.64, ndcg: 39.10, took: 3.43s
Epoch 2, 8.5%	 loss: 4.829 acc@1: 33.09 mrr: 37.97, ndcg: 39.46, took: 3.48s
Epoch 2, 12.7%	 loss: 4.789 acc@1: 32.69 mrr: 38.17, ndcg: 39.95, took: 3.69s
Epoch 2, 16.9%	 loss: 4.569 acc@1: 34.73 mrr: 40.81, ndcg: 42.78, took: 3.56s
Epoch 2, 21.2%	 loss: 4.571 acc@1: 34.81 mrr: 41.45, ndcg: 43.78, took: 3.57s
Epoch 2, 25.4%	 loss: 4.415 acc@1: 35.06 mrr: 42.79, ndcg: 45.65, took: 4.02s
Epoch 2, 29.6%	 loss: 4.177 acc@1: 37.73 mrr: 46.69, ndcg: 49.89, took: 3.75s
Epoch 2, 33.8%	 loss: 3.871 acc@1: 40.30 mrr: 51.25, ndcg: 54.93, took: 3.81s
Epoch 2, 38.1%	 loss: 3.621 acc@1: 41.86 mrr: 54.39, ndcg: 58.58, took: 3.71s
Epoch 2, 42.3%	 loss: 3.411 acc@1: 41.78 mrr: 55.79, ndcg: 60.47, took: 3.92s
Epoch 2, 46.5%	 loss: 3.262 acc@1: 42.09 mrr: 56.92, ndcg: 61.91, took: 3.80s
Epoch 2, 50.8%	 loss: 3.089 acc@1: 43.00 mrr: 58.16, ndcg: 63.18, took: 3.66s
Epoch 2, 55.0%	 loss: 2.985 acc@1: 43.14 mrr: 58.69, ndcg: 64.01, took: 3.67s
Epoch 2, 59.2%	 loss: 3.015 acc@1: 42.39 mrr: 58.15, ndcg: 63.62, took: 3.65s
Epoch 2, 63.5%	 loss: 2.868 acc@1: 44.25 mrr: 59.76, ndcg: 65.26, took: 3.78s
Epoch 2, 67.7%	 loss: 2.804 acc@1: 43.61 mrr: 59.67, ndcg: 65.28, took: 3.66s
Epoch 2, 71.9%	 loss: 2.853 acc@1: 42.48 mrr: 58.69, ndcg: 64.59, took: 3.85s
Epoch 2, 76.1%	 loss: 2.778 acc@1: 44.89 mrr: 60.23, ndcg: 65.75, took: 3.73s
Epoch 2, 80.4%	 loss: 2.723 acc@1: 45.94 mrr: 60.84, ndcg: 66.37, took: 3.88s
Epoch 2, 84.6%	 loss: 2.658 acc@1: 47.56 mrr: 61.93, ndcg: 67.33, took: 3.77s
Epoch 2, 88.8%	 loss: 2.649 acc@1: 48.95 mrr: 62.58, ndcg: 67.84, took: 3.65s
Epoch 2, 93.1%	 loss: 2.717 acc@1: 46.16 mrr: 60.86, ndcg: 66.31, took: 3.60s
Epoch 2, 97.3%	 loss: 2.568 acc@1: 48.14 mrr: 62.64, ndcg: 68.05, took: 3.77s
Validation - loss: 3.1303, acc@1: 45.98%, f1: 38.20%, mrr: 59.31%, ndcg: 64.41%
Current learning rate: 0.001000

=== Epoch 3 ===
Epoch 3, 4.2%	 loss: 2.363 acc@1: 48.61 mrr: 63.14, ndcg: 68.65, took: 3.73s
Epoch 3, 8.5%	 loss: 2.350 acc@1: 48.77 mrr: 63.16, ndcg: 68.64, took: 3.70s
Epoch 3, 12.7%	 loss: 2.349 acc@1: 48.69 mrr: 63.10, ndcg: 68.69, took: 3.63s
Epoch 3, 16.9%	 loss: 2.346 acc@1: 49.00 mrr: 63.36, ndcg: 68.90, took: 3.70s
Epoch 3, 21.2%	 loss: 2.454 acc@1: 46.83 mrr: 61.71, ndcg: 67.40, took: 3.73s
Epoch 3, 25.4%	 loss: 2.373 acc@1: 49.75 mrr: 63.39, ndcg: 68.72, took: 3.78s
Epoch 3, 29.6%	 loss: 2.292 acc@1: 48.98 mrr: 63.35, ndcg: 68.99, took: 3.50s
Epoch 3, 33.8%	 loss: 2.337 acc@1: 49.47 mrr: 63.57, ndcg: 68.89, took: 3.53s
Epoch 3, 38.1%	 loss: 2.302 acc@1: 49.08 mrr: 63.49, ndcg: 68.90, took: 3.68s
Epoch 3, 42.3%	 loss: 2.351 acc@1: 49.03 mrr: 62.98, ndcg: 68.40, took: 3.73s
Epoch 3, 46.5%	 loss: 2.360 acc@1: 48.95 mrr: 63.07, ndcg: 68.48, took: 4.02s
Epoch 3, 50.8%	 loss: 2.375 acc@1: 48.77 mrr: 63.10, ndcg: 68.56, took: 3.81s
Epoch 3, 55.0%	 loss: 2.345 acc@1: 48.66 mrr: 62.89, ndcg: 68.55, took: 3.80s
Epoch 3, 59.2%	 loss: 2.319 acc@1: 48.55 mrr: 63.03, ndcg: 68.63, took: 3.65s
Epoch 3, 63.5%	 loss: 2.343 acc@1: 48.61 mrr: 63.02, ndcg: 68.52, took: 3.80s
Epoch 3, 67.7%	 loss: 2.324 acc@1: 49.39 mrr: 63.38, ndcg: 68.79, took: 3.53s
Epoch 3, 71.9%	 loss: 2.302 acc@1: 49.86 mrr: 63.63, ndcg: 69.04, took: 3.69s
Epoch 3, 76.1%	 loss: 2.423 acc@1: 47.84 mrr: 61.82, ndcg: 67.27, took: 3.34s
Epoch 3, 80.4%	 loss: 2.344 acc@1: 49.45 mrr: 63.23, ndcg: 68.52, took: 3.34s
Epoch 3, 84.6%	 loss: 2.310 acc@1: 49.38 mrr: 63.59, ndcg: 68.99, took: 3.85s
Epoch 3, 88.8%	 loss: 2.346 acc@1: 49.20 mrr: 63.21, ndcg: 68.63, took: 3.52s
Epoch 3, 93.1%	 loss: 2.361 acc@1: 48.20 mrr: 62.57, ndcg: 68.06, took: 3.45s
Epoch 3, 97.3%	 loss: 2.293 acc@1: 49.66 mrr: 63.80, ndcg: 69.22, took: 3.84s
Validation - loss: 2.9407, acc@1: 47.44%, f1: 40.21%, mrr: 60.52%, ndcg: 65.58%
Current learning rate: 0.000979

=== Epoch 4 ===
Epoch 4, 4.2%	 loss: 2.066 acc@1: 50.11 mrr: 64.57, ndcg: 70.05, took: 3.60s
Epoch 4, 8.5%	 loss: 2.093 acc@1: 49.80 mrr: 64.08, ndcg: 69.68, took: 3.77s
Epoch 4, 12.7%	 loss: 2.087 acc@1: 50.89 mrr: 64.76, ndcg: 69.99, took: 3.76s
Epoch 4, 16.9%	 loss: 2.042 acc@1: 51.98 mrr: 65.61, ndcg: 70.92, took: 3.75s
Epoch 4, 21.2%	 loss: 2.083 acc@1: 51.47 mrr: 65.14, ndcg: 70.31, took: 3.78s
Epoch 4, 25.4%	 loss: 2.089 acc@1: 51.44 mrr: 64.85, ndcg: 70.07, took: 3.70s
Epoch 4, 29.6%	 loss: 2.109 acc@1: 50.23 mrr: 64.35, ndcg: 69.79, took: 3.89s
Epoch 4, 33.8%	 loss: 2.110 acc@1: 51.27 mrr: 64.82, ndcg: 69.89, took: 3.67s
Epoch 4, 38.1%	 loss: 2.120 acc@1: 49.48 mrr: 63.74, ndcg: 69.27, took: 4.01s
Epoch 4, 42.3%	 loss: 2.083 acc@1: 50.33 mrr: 64.54, ndcg: 69.96, took: 3.79s
Epoch 4, 46.5%	 loss: 2.061 acc@1: 51.98 mrr: 65.50, ndcg: 70.63, took: 3.73s
Epoch 4, 50.8%	 loss: 2.100 acc@1: 50.47 mrr: 64.49, ndcg: 69.91, took: 3.62s
Epoch 4, 55.0%	 loss: 2.115 acc@1: 50.91 mrr: 64.52, ndcg: 69.79, took: 3.66s
Epoch 4, 59.2%	 loss: 2.131 acc@1: 50.89 mrr: 64.48, ndcg: 69.76, took: 3.75s
Epoch 4, 63.5%	 loss: 2.111 acc@1: 51.58 mrr: 65.03, ndcg: 70.25, took: 3.69s
Epoch 4, 67.7%	 loss: 2.209 acc@1: 49.89 mrr: 63.63, ndcg: 68.90, took: 3.85s
Epoch 4, 71.9%	 loss: 2.143 acc@1: 51.19 mrr: 64.53, ndcg: 69.61, took: 3.88s
Epoch 4, 76.1%	 loss: 2.082 acc@1: 51.95 mrr: 65.36, ndcg: 70.63, took: 3.78s
Epoch 4, 80.4%	 loss: 2.136 acc@1: 50.73 mrr: 64.31, ndcg: 69.61, took: 3.72s
Epoch 4, 84.6%	 loss: 2.082 acc@1: 52.16 mrr: 65.58, ndcg: 70.69, took: 3.76s
Epoch 4, 88.8%	 loss: 2.076 acc@1: 52.22 mrr: 65.52, ndcg: 70.63, took: 3.82s
Epoch 4, 93.1%	 loss: 2.121 acc@1: 51.14 mrr: 64.65, ndcg: 69.92, took: 4.19s
Epoch 4, 97.3%	 loss: 2.118 acc@1: 51.31 mrr: 64.92, ndcg: 70.28, took: 3.82s
Validation - loss: 2.8964, acc@1: 49.41%, f1: 42.29%, mrr: 61.47%, ndcg: 66.19%
Current learning rate: 0.000958

=== Epoch 5 ===
Epoch 5, 4.2%	 loss: 1.921 acc@1: 52.67 mrr: 66.11, ndcg: 71.44, took: 4.04s
Epoch 5, 8.5%	 loss: 1.946 acc@1: 52.95 mrr: 66.27, ndcg: 71.46, took: 3.86s
Epoch 5, 12.7%	 loss: 1.948 acc@1: 51.84 mrr: 65.75, ndcg: 71.12, took: 3.85s
Epoch 5, 16.9%	 loss: 1.924 acc@1: 52.27 mrr: 66.06, ndcg: 71.38, took: 3.82s
Epoch 5, 21.2%	 loss: 1.978 acc@1: 52.39 mrr: 65.58, ndcg: 70.80, took: 3.84s
Epoch 5, 25.4%	 loss: 1.962 acc@1: 52.09 mrr: 65.70, ndcg: 71.03, took: 3.69s
Epoch 5, 29.6%	 loss: 1.963 acc@1: 52.94 mrr: 66.22, ndcg: 71.31, took: 3.69s
Epoch 5, 33.8%	 loss: 1.960 acc@1: 53.34 mrr: 66.54, ndcg: 71.62, took: 3.79s
Epoch 5, 38.1%	 loss: 1.990 acc@1: 52.41 mrr: 65.82, ndcg: 71.02, took: 3.71s
Epoch 5, 42.3%	 loss: 1.997 acc@1: 52.84 mrr: 65.78, ndcg: 70.88, took: 3.48s
Epoch 5, 46.5%	 loss: 1.983 acc@1: 52.05 mrr: 65.54, ndcg: 70.68, took: 3.57s
Epoch 5, 50.8%	 loss: 1.990 acc@1: 53.20 mrr: 66.13, ndcg: 71.03, took: 3.68s
Epoch 5, 55.0%	 loss: 1.995 acc@1: 52.41 mrr: 65.75, ndcg: 70.87, took: 3.19s
Epoch 5, 59.2%	 loss: 2.005 acc@1: 52.78 mrr: 65.75, ndcg: 70.72, took: 3.10s
Epoch 5, 63.5%	 loss: 2.012 acc@1: 53.14 mrr: 66.16, ndcg: 71.08, took: 3.73s
Epoch 5, 67.7%	 loss: 1.957 acc@1: 53.67 mrr: 66.68, ndcg: 71.58, took: 3.75s
Epoch 5, 71.9%	 loss: 1.976 acc@1: 53.19 mrr: 66.43, ndcg: 71.49, took: 3.84s
Epoch 5, 76.1%	 loss: 1.952 acc@1: 53.16 mrr: 66.46, ndcg: 71.57, took: 3.80s
Epoch 5, 80.4%	 loss: 1.966 acc@1: 53.02 mrr: 66.09, ndcg: 71.19, took: 3.93s
Epoch 5, 84.6%	 loss: 2.003 acc@1: 53.12 mrr: 66.03, ndcg: 71.03, took: 3.80s
Epoch 5, 88.8%	 loss: 1.977 acc@1: 53.33 mrr: 66.33, ndcg: 71.46, took: 3.85s
Epoch 5, 93.1%	 loss: 2.024 acc@1: 52.98 mrr: 65.76, ndcg: 70.78, took: 3.74s
Epoch 5, 97.3%	 loss: 1.993 acc@1: 52.77 mrr: 65.86, ndcg: 71.05, took: 3.79s
Validation - loss: 2.9130, acc@1: 50.04%, f1: 43.10%, mrr: 61.78%, ndcg: 66.41%
Current learning rate: 0.000937

=== Epoch 6 ===
Epoch 6, 4.2%	 loss: 1.806 acc@1: 54.05 mrr: 67.51, ndcg: 72.93, took: 3.73s
Epoch 6, 8.5%	 loss: 1.836 acc@1: 53.25 mrr: 66.78, ndcg: 72.22, took: 4.01s
Epoch 6, 12.7%	 loss: 1.849 acc@1: 53.69 mrr: 67.21, ndcg: 72.61, took: 3.81s
Epoch 6, 16.9%	 loss: 1.911 acc@1: 52.23 mrr: 65.86, ndcg: 71.29, took: 3.83s
Epoch 6, 21.2%	 loss: 1.799 acc@1: 55.94 mrr: 68.57, ndcg: 73.58, took: 3.75s
Epoch 6, 25.4%	 loss: 1.818 acc@1: 55.69 mrr: 68.26, ndcg: 73.20, took: 3.79s
Epoch 6, 29.6%	 loss: 1.850 acc@1: 54.53 mrr: 67.54, ndcg: 72.61, took: 3.77s
Epoch 6, 33.8%	 loss: 1.883 acc@1: 54.67 mrr: 67.37, ndcg: 72.27, took: 3.65s
Epoch 6, 38.1%	 loss: 1.893 acc@1: 53.77 mrr: 66.86, ndcg: 72.00, took: 3.81s
Epoch 6, 42.3%	 loss: 1.881 acc@1: 53.88 mrr: 66.82, ndcg: 71.89, took: 3.66s
Epoch 6, 46.5%	 loss: 1.856 acc@1: 53.83 mrr: 67.18, ndcg: 72.41, took: 3.86s
Epoch 6, 50.8%	 loss: 1.884 acc@1: 54.38 mrr: 67.15, ndcg: 72.26, took: 3.77s
Epoch 6, 55.0%	 loss: 1.934 acc@1: 53.23 mrr: 66.43, ndcg: 71.47, took: 3.71s
Epoch 6, 59.2%	 loss: 1.918 acc@1: 53.41 mrr: 66.47, ndcg: 71.60, took: 3.81s
Epoch 6, 63.5%	 loss: 1.906 acc@1: 53.05 mrr: 66.33, ndcg: 71.53, took: 3.63s
Epoch 6, 67.7%	 loss: 1.898 acc@1: 54.97 mrr: 67.43, ndcg: 72.30, took: 3.98s
Epoch 6, 71.9%	 loss: 1.893 acc@1: 53.73 mrr: 66.78, ndcg: 71.94, took: 3.73s
Epoch 6, 76.1%	 loss: 1.972 acc@1: 52.48 mrr: 65.72, ndcg: 70.78, took: 3.82s
Epoch 6, 80.4%	 loss: 1.839 acc@1: 55.38 mrr: 68.12, ndcg: 73.10, took: 3.58s
Epoch 6, 84.6%	 loss: 1.895 acc@1: 54.02 mrr: 67.19, ndcg: 72.22, took: 3.71s
Epoch 6, 88.8%	 loss: 1.936 acc@1: 53.22 mrr: 66.42, ndcg: 71.44, took: 3.80s
Epoch 6, 93.1%	 loss: 1.908 acc@1: 54.34 mrr: 67.00, ndcg: 71.93, took: 3.70s
Epoch 6, 97.3%	 loss: 1.902 acc@1: 54.23 mrr: 67.11, ndcg: 72.06, took: 3.76s
Validation - loss: 2.9232, acc@1: 49.60%, f1: 42.78%, mrr: 61.55%, ndcg: 66.22%
Current learning rate: 0.000917

=== Epoch 7 ===
Epoch 7, 4.2%	 loss: 1.723 acc@1: 55.25 mrr: 68.57, ndcg: 74.02, took: 3.70s
Epoch 7, 8.5%	 loss: 1.735 acc@1: 55.33 mrr: 68.47, ndcg: 73.93, took: 3.46s
Epoch 7, 12.7%	 loss: 1.744 acc@1: 55.44 mrr: 68.27, ndcg: 73.61, took: 3.24s
Epoch 7, 16.9%	 loss: 1.750 acc@1: 55.28 mrr: 68.39, ndcg: 73.68, took: 3.64s
Epoch 7, 21.2%	 loss: 1.778 acc@1: 55.22 mrr: 68.14, ndcg: 73.38, took: 3.62s
Epoch 7, 25.4%	 loss: 1.773 acc@1: 55.80 mrr: 68.64, ndcg: 73.75, took: 3.40s
Epoch 7, 29.6%	 loss: 1.816 acc@1: 53.77 mrr: 67.26, ndcg: 72.54, took: 3.68s
Epoch 7, 33.8%	 loss: 1.752 acc@1: 55.69 mrr: 68.67, ndcg: 73.78, took: 3.87s
Epoch 7, 38.1%	 loss: 1.797 acc@1: 54.72 mrr: 67.94, ndcg: 73.29, took: 3.72s
Epoch 7, 42.3%	 loss: 1.831 acc@1: 54.30 mrr: 67.49, ndcg: 72.78, took: 3.74s
Epoch 7, 46.5%	 loss: 1.804 acc@1: 54.75 mrr: 67.82, ndcg: 73.06, took: 3.71s
Epoch 7, 50.8%	 loss: 1.869 acc@1: 53.16 mrr: 66.68, ndcg: 72.05, took: 3.86s
Epoch 7, 55.0%	 loss: 1.791 acc@1: 55.31 mrr: 68.37, ndcg: 73.55, took: 3.83s
Epoch 7, 59.2%	 loss: 1.781 acc@1: 55.06 mrr: 68.26, ndcg: 73.44, took: 3.95s
Epoch 7, 63.5%	 loss: 1.884 acc@1: 53.67 mrr: 66.81, ndcg: 72.01, took: 4.26s
Epoch 7, 67.7%	 loss: 1.783 acc@1: 55.58 mrr: 68.36, ndcg: 73.30, took: 3.71s
Epoch 7, 71.9%	 loss: 1.825 acc@1: 54.83 mrr: 67.74, ndcg: 72.81, took: 3.99s
Epoch 7, 76.1%	 loss: 1.805 acc@1: 55.80 mrr: 68.39, ndcg: 73.35, took: 3.68s
Epoch 7, 80.4%	 loss: 1.819 acc@1: 54.62 mrr: 67.79, ndcg: 72.86, took: 3.52s
Epoch 7, 84.6%	 loss: 1.830 acc@1: 54.89 mrr: 67.72, ndcg: 72.80, took: 3.46s
Epoch 7, 88.8%	 loss: 1.844 acc@1: 55.61 mrr: 67.93, ndcg: 72.80, took: 3.45s
Epoch 7, 93.1%	 loss: 1.850 acc@1: 53.81 mrr: 67.07, ndcg: 72.22, took: 4.00s
Epoch 7, 97.3%	 loss: 1.855 acc@1: 54.53 mrr: 67.49, ndcg: 72.53, took: 4.01s
Validation - loss: 2.9546, acc@1: 49.64%, f1: 43.22%, mrr: 61.37%, ndcg: 66.02%
Current learning rate: 0.000896

=== Epoch 8 ===
Epoch 8, 4.2%	 loss: 1.618 acc@1: 57.03 mrr: 70.23, ndcg: 75.61, took: 3.74s
Epoch 8, 8.5%	 loss: 1.650 acc@1: 56.88 mrr: 69.90, ndcg: 75.29, took: 3.75s
Epoch 8, 12.7%	 loss: 1.627 acc@1: 57.12 mrr: 70.13, ndcg: 75.43, took: 3.79s
Epoch 8, 16.9%	 loss: 1.694 acc@1: 56.19 mrr: 69.24, ndcg: 74.58, took: 3.86s
Epoch 8, 21.2%	 loss: 1.697 acc@1: 56.16 mrr: 69.26, ndcg: 74.61, took: 3.78s
Epoch 8, 25.4%	 loss: 1.678 acc@1: 56.02 mrr: 69.22, ndcg: 74.49, took: 3.86s
Epoch 8, 29.6%	 loss: 1.715 acc@1: 55.89 mrr: 69.06, ndcg: 74.35, took: 3.72s
Epoch 8, 33.8%	 loss: 1.685 acc@1: 56.00 mrr: 69.33, ndcg: 74.75, took: 3.82s
Epoch 8, 38.1%	 loss: 1.746 acc@1: 54.92 mrr: 68.27, ndcg: 73.77, took: 3.77s
Epoch 8, 42.3%	 loss: 1.706 acc@1: 56.00 mrr: 69.03, ndcg: 74.25, took: 3.58s
Epoch 8, 46.5%	 loss: 1.709 acc@1: 55.78 mrr: 69.05, ndcg: 74.40, took: 3.78s
Epoch 8, 50.8%	 loss: 1.760 acc@1: 54.91 mrr: 68.21, ndcg: 73.61, took: 3.69s
Epoch 8, 55.0%	 loss: 1.744 acc@1: 55.75 mrr: 68.67, ndcg: 73.90, took: 3.85s
Epoch 8, 59.2%	 loss: 1.750 acc@1: 55.59 mrr: 68.60, ndcg: 73.87, took: 3.68s
Epoch 8, 63.5%	 loss: 1.748 acc@1: 56.09 mrr: 68.78, ndcg: 73.97, took: 3.52s
Epoch 8, 67.7%	 loss: 1.771 acc@1: 55.73 mrr: 68.44, ndcg: 73.51, took: 3.44s
Epoch 8, 71.9%	 loss: 1.783 acc@1: 55.44 mrr: 68.19, ndcg: 73.42, took: 3.44s
Epoch 8, 76.1%	 loss: 1.741 acc@1: 55.80 mrr: 68.77, ndcg: 73.99, took: 3.30s
Epoch 8, 80.4%	 loss: 1.762 acc@1: 55.97 mrr: 68.70, ndcg: 73.78, took: 3.35s
Epoch 8, 84.6%	 loss: 1.759 acc@1: 56.45 mrr: 68.94, ndcg: 74.00, took: 3.84s
Epoch 8, 88.8%	 loss: 1.786 acc@1: 55.23 mrr: 68.12, ndcg: 73.35, took: 3.97s
Epoch 8, 93.1%	 loss: 1.769 acc@1: 55.42 mrr: 68.50, ndcg: 73.55, took: 3.72s
Epoch 8, 97.3%	 loss: 1.783 acc@1: 55.73 mrr: 68.47, ndcg: 73.55, took: 3.57s
Validation - loss: 2.9663, acc@1: 49.88%, f1: 43.57%, mrr: 61.54%, ndcg: 66.10%
Current learning rate: 0.000875

=== Epoch 9 ===
Epoch 9, 4.2%	 loss: 1.551 acc@1: 57.48 mrr: 71.17, ndcg: 76.71, took: 3.86s
Epoch 9, 8.5%	 loss: 1.580 acc@1: 57.53 mrr: 70.66, ndcg: 76.20, took: 3.81s
Epoch 9, 12.7%	 loss: 1.613 acc@1: 56.75 mrr: 70.10, ndcg: 75.71, took: 3.79s
Epoch 9, 16.9%	 loss: 1.633 acc@1: 56.27 mrr: 69.64, ndcg: 75.11, took: 3.84s
Epoch 9, 21.2%	 loss: 1.614 acc@1: 57.36 mrr: 70.40, ndcg: 75.84, took: 3.90s
Epoch 9, 25.4%	 loss: 1.630 acc@1: 56.39 mrr: 69.83, ndcg: 75.40, took: 3.86s
Epoch 9, 29.6%	 loss: 1.617 acc@1: 57.86 mrr: 70.58, ndcg: 75.89, took: 3.79s
Epoch 9, 33.8%	 loss: 1.626 acc@1: 56.25 mrr: 69.88, ndcg: 75.49, took: 3.93s
Epoch 9, 38.1%	 loss: 1.679 acc@1: 55.95 mrr: 69.08, ndcg: 74.51, took: 3.85s
Epoch 9, 42.3%	 loss: 1.642 acc@1: 57.14 mrr: 70.02, ndcg: 75.34, took: 3.94s
Epoch 9, 46.5%	 loss: 1.657 acc@1: 56.73 mrr: 69.72, ndcg: 75.08, took: 3.86s
Epoch 9, 50.8%	 loss: 1.656 acc@1: 56.77 mrr: 69.90, ndcg: 75.15, took: 3.97s
Epoch 9, 55.0%	 loss: 1.708 acc@1: 56.41 mrr: 69.22, ndcg: 74.51, took: 3.83s
Epoch 9, 59.2%	 loss: 1.715 acc@1: 55.78 mrr: 68.66, ndcg: 74.08, took: 3.94s
Epoch 9, 63.5%	 loss: 1.737 acc@1: 54.98 mrr: 68.31, ndcg: 73.83, took: 3.88s
Epoch 9, 67.7%	 loss: 1.673 acc@1: 56.12 mrr: 69.48, ndcg: 74.86, took: 3.93s
Epoch 9, 71.9%	 loss: 1.672 acc@1: 56.55 mrr: 69.58, ndcg: 74.90, took: 3.86s
Epoch 9, 76.1%	 loss: 1.720 acc@1: 55.80 mrr: 68.88, ndcg: 74.24, took: 3.77s
Epoch 9, 80.4%	 loss: 1.660 acc@1: 56.58 mrr: 69.73, ndcg: 75.08, took: 3.75s
Epoch 9, 84.6%	 loss: 1.713 acc@1: 55.94 mrr: 69.08, ndcg: 74.40, took: 3.85s
Epoch 9, 88.8%	 loss: 1.680 acc@1: 57.11 mrr: 69.87, ndcg: 75.00, took: 3.89s
Epoch 9, 93.1%	 loss: 1.680 acc@1: 57.09 mrr: 69.86, ndcg: 74.98, took: 3.90s
Epoch 9, 97.3%	 loss: 1.696 acc@1: 56.44 mrr: 69.33, ndcg: 74.53, took: 3.90s
Validation - loss: 3.0340, acc@1: 50.47%, f1: 43.82%, mrr: 61.71%, ndcg: 66.15%
Current learning rate: 0.000085

=== Epoch 10 ===
Epoch 10, 4.2%	 loss: 1.879 acc@1: 53.09 mrr: 66.69, ndcg: 72.03, took: 3.91s
Epoch 10, 8.5%	 loss: 1.844 acc@1: 54.06 mrr: 67.44, ndcg: 72.81, took: 4.06s
Epoch 10, 12.7%	 loss: 1.915 acc@1: 53.16 mrr: 66.48, ndcg: 71.74, took: 4.02s
Epoch 10, 16.9%	 loss: 1.814 acc@1: 55.22 mrr: 68.17, ndcg: 73.30, took: 3.59s
Epoch 10, 21.2%	 loss: 1.857 acc@1: 54.38 mrr: 67.51, ndcg: 72.72, took: 3.50s
Epoch 10, 25.4%	 loss: 1.860 acc@1: 54.34 mrr: 67.42, ndcg: 72.62, took: 3.48s
Epoch 10, 29.6%	 loss: 1.825 acc@1: 54.59 mrr: 67.72, ndcg: 72.88, took: 3.78s
Epoch 10, 33.8%	 loss: 1.848 acc@1: 54.80 mrr: 67.82, ndcg: 72.83, took: 3.82s
Epoch 10, 38.1%	 loss: 1.845 acc@1: 54.78 mrr: 67.82, ndcg: 72.91, took: 3.70s
Epoch 10, 42.3%	 loss: 1.838 acc@1: 54.02 mrr: 67.49, ndcg: 72.73, took: 4.06s
Epoch 10, 46.5%	 loss: 1.838 acc@1: 54.42 mrr: 67.76, ndcg: 73.00, took: 3.73s
Epoch 10, 50.8%	 loss: 1.851 acc@1: 54.97 mrr: 67.93, ndcg: 72.90, took: 3.52s
Epoch 10, 55.0%	 loss: 1.881 acc@1: 53.58 mrr: 66.89, ndcg: 72.19, took: 3.91s
Epoch 10, 59.2%	 loss: 1.821 acc@1: 54.88 mrr: 68.06, ndcg: 73.25, took: 3.95s
Epoch 10, 63.5%	 loss: 1.816 acc@1: 54.94 mrr: 67.93, ndcg: 72.96, took: 3.54s
Epoch 10, 67.7%	 loss: 1.839 acc@1: 54.30 mrr: 67.53, ndcg: 72.71, took: 3.50s
Epoch 10, 71.9%	 loss: 1.818 acc@1: 54.98 mrr: 68.05, ndcg: 73.15, took: 3.84s
Epoch 10, 76.1%	 loss: 1.838 acc@1: 53.45 mrr: 67.17, ndcg: 72.52, took: 3.79s
Epoch 10, 80.4%	 loss: 1.817 acc@1: 54.86 mrr: 68.12, ndcg: 73.20, took: 4.01s
Epoch 10, 84.6%	 loss: 1.828 acc@1: 55.16 mrr: 68.00, ndcg: 72.98, took: 3.72s
Epoch 10, 88.8%	 loss: 1.835 acc@1: 54.66 mrr: 67.87, ndcg: 72.97, took: 3.74s
Epoch 10, 93.1%	 loss: 1.896 acc@1: 53.56 mrr: 66.72, ndcg: 71.87, took: 3.82s
Epoch 10, 97.3%	 loss: 1.821 acc@1: 55.83 mrr: 68.50, ndcg: 73.41, took: 3.89s
Validation - loss: 2.8307, acc@1: 51.09%, f1: 43.64%, mrr: 62.72%, ndcg: 67.35%
Current learning rate: 0.000085

=== Epoch 11 ===
Epoch 11, 4.2%	 loss: 1.753 acc@1: 56.05 mrr: 69.08, ndcg: 74.08, took: 3.98s
Epoch 11, 8.5%	 loss: 1.789 acc@1: 55.47 mrr: 68.51, ndcg: 73.59, took: 3.94s
Epoch 11, 12.7%	 loss: 1.758 acc@1: 55.50 mrr: 68.65, ndcg: 73.88, took: 3.93s
Epoch 11, 16.9%	 loss: 1.836 acc@1: 54.84 mrr: 67.81, ndcg: 72.97, took: 3.83s
Epoch 11, 21.2%	 loss: 1.808 acc@1: 54.91 mrr: 67.98, ndcg: 73.13, took: 3.85s
Epoch 11, 25.4%	 loss: 1.807 acc@1: 54.48 mrr: 67.81, ndcg: 73.09, took: 3.76s
Epoch 11, 29.6%	 loss: 1.823 acc@1: 54.94 mrr: 67.80, ndcg: 72.90, took: 3.76s
Epoch 11, 33.8%	 loss: 1.777 acc@1: 55.59 mrr: 68.72, ndcg: 73.74, took: 3.78s
Epoch 11, 38.1%	 loss: 1.787 acc@1: 55.66 mrr: 68.54, ndcg: 73.65, took: 3.85s
Epoch 11, 42.3%	 loss: 1.804 acc@1: 54.58 mrr: 68.00, ndcg: 73.27, took: 3.73s
Epoch 11, 46.5%	 loss: 1.804 acc@1: 54.28 mrr: 67.71, ndcg: 73.00, took: 3.92s
Epoch 11, 50.8%	 loss: 1.801 acc@1: 55.94 mrr: 68.59, ndcg: 73.62, took: 3.92s
Epoch 11, 55.0%	 loss: 1.789 acc@1: 55.17 mrr: 68.27, ndcg: 73.41, took: 3.96s
Epoch 11, 59.2%	 loss: 1.773 acc@1: 55.25 mrr: 68.43, ndcg: 73.61, took: 3.84s
Epoch 11, 63.5%	 loss: 1.778 acc@1: 54.22 mrr: 67.97, ndcg: 73.35, took: 3.32s
Epoch 11, 67.7%	 loss: 1.773 acc@1: 56.06 mrr: 68.75, ndcg: 73.68, took: 3.41s
Epoch 11, 71.9%	 loss: 1.769 acc@1: 56.03 mrr: 68.88, ndcg: 73.94, took: 3.76s
Epoch 11, 76.1%	 loss: 1.828 acc@1: 54.06 mrr: 67.51, ndcg: 72.72, took: 3.70s
Epoch 11, 80.4%	 loss: 1.794 acc@1: 55.47 mrr: 68.39, ndcg: 73.53, took: 3.73s
Epoch 11, 84.6%	 loss: 1.801 acc@1: 55.41 mrr: 68.37, ndcg: 73.45, took: 3.81s
Epoch 11, 88.8%	 loss: 1.795 acc@1: 54.53 mrr: 67.95, ndcg: 73.18, took: 3.74s
Epoch 11, 93.1%	 loss: 1.810 acc@1: 54.48 mrr: 67.83, ndcg: 73.02, took: 3.79s
Epoch 11, 97.3%	 loss: 1.759 acc@1: 55.16 mrr: 68.62, ndcg: 73.84, took: 3.80s
Validation - loss: 2.8302, acc@1: 51.03%, f1: 43.80%, mrr: 62.72%, ndcg: 67.33%
Current learning rate: 0.000085

=== Epoch 12 ===
Epoch 12, 4.2%	 loss: 1.788 acc@1: 55.30 mrr: 68.25, ndcg: 73.41, took: 3.81s
Epoch 12, 8.5%	 loss: 1.733 acc@1: 55.31 mrr: 68.66, ndcg: 73.95, took: 3.89s
Epoch 12, 12.7%	 loss: 1.778 acc@1: 56.03 mrr: 68.80, ndcg: 73.85, took: 3.90s
Epoch 12, 16.9%	 loss: 1.770 acc@1: 55.67 mrr: 68.51, ndcg: 73.66, took: 3.59s
Epoch 12, 21.2%	 loss: 1.740 acc@1: 55.92 mrr: 69.06, ndcg: 74.28, took: 3.47s
Epoch 12, 25.4%	 loss: 1.802 acc@1: 55.36 mrr: 68.34, ndcg: 73.52, took: 3.67s
Epoch 12, 29.6%	 loss: 1.747 acc@1: 55.69 mrr: 68.90, ndcg: 74.08, took: 4.10s
Epoch 12, 33.8%	 loss: 1.758 acc@1: 55.03 mrr: 68.28, ndcg: 73.57, took: 3.95s
Epoch 12, 38.1%	 loss: 1.748 acc@1: 55.70 mrr: 68.93, ndcg: 74.15, took: 3.51s
Epoch 12, 42.3%	 loss: 1.730 acc@1: 55.67 mrr: 69.07, ndcg: 74.28, took: 3.54s
Epoch 12, 46.5%	 loss: 1.758 acc@1: 55.75 mrr: 68.91, ndcg: 74.11, took: 3.82s
Epoch 12, 50.8%	 loss: 1.781 acc@1: 55.48 mrr: 68.49, ndcg: 73.70, took: 3.87s
Epoch 12, 55.0%	 loss: 1.794 acc@1: 55.00 mrr: 68.09, ndcg: 73.24, took: 3.87s
Epoch 12, 59.2%	 loss: 1.773 acc@1: 55.31 mrr: 68.43, ndcg: 73.65, took: 4.07s
Epoch 12, 63.5%	 loss: 1.755 acc@1: 55.36 mrr: 68.56, ndcg: 73.83, took: 3.83s
Epoch 12, 67.7%	 loss: 1.768 acc@1: 55.27 mrr: 68.43, ndcg: 73.61, took: 3.81s
Epoch 12, 71.9%	 loss: 1.791 acc@1: 55.14 mrr: 68.12, ndcg: 73.21, took: 3.69s
Epoch 12, 76.1%	 loss: 1.775 acc@1: 55.83 mrr: 68.57, ndcg: 73.63, took: 3.69s
Epoch 12, 80.4%	 loss: 1.772 acc@1: 55.03 mrr: 68.31, ndcg: 73.48, took: 3.50s
Epoch 12, 84.6%	 loss: 1.764 acc@1: 55.08 mrr: 68.35, ndcg: 73.67, took: 3.78s
Epoch 12, 88.8%	 loss: 1.783 acc@1: 54.97 mrr: 68.11, ndcg: 73.31, took: 3.93s
Epoch 12, 93.1%	 loss: 1.795 acc@1: 54.86 mrr: 68.10, ndcg: 73.33, took: 3.82s
Epoch 12, 97.3%	 loss: 1.765 acc@1: 55.56 mrr: 68.60, ndcg: 73.68, took: 3.97s
Validation - loss: 2.8316, acc@1: 50.93%, f1: 43.47%, mrr: 62.71%, ndcg: 67.32%
Current learning rate: 0.000085

=== Epoch 13 ===
Epoch 13, 4.2%	 loss: 1.749 acc@1: 56.38 mrr: 69.23, ndcg: 74.27, took: 3.68s
Epoch 13, 8.5%	 loss: 1.668 acc@1: 57.06 mrr: 70.00, ndcg: 75.15, took: 3.67s
Epoch 13, 12.7%	 loss: 1.736 acc@1: 56.17 mrr: 69.16, ndcg: 74.23, took: 3.80s
Epoch 13, 16.9%	 loss: 1.764 acc@1: 54.83 mrr: 68.20, ndcg: 73.53, took: 3.85s
Epoch 13, 21.2%	 loss: 1.731 acc@1: 55.77 mrr: 68.95, ndcg: 74.06, took: 3.78s
Epoch 13, 25.4%	 loss: 1.712 acc@1: 56.19 mrr: 69.29, ndcg: 74.51, took: 3.78s
Epoch 13, 29.6%	 loss: 1.756 acc@1: 55.09 mrr: 68.28, ndcg: 73.64, took: 3.90s
Epoch 13, 33.8%	 loss: 1.800 acc@1: 54.11 mrr: 67.39, ndcg: 72.76, took: 3.90s
Epoch 13, 38.1%	 loss: 1.739 acc@1: 55.95 mrr: 68.94, ndcg: 74.06, took: 4.04s
Epoch 13, 42.3%	 loss: 1.760 acc@1: 54.72 mrr: 68.21, ndcg: 73.62, took: 3.88s
Epoch 13, 46.5%	 loss: 1.751 acc@1: 55.64 mrr: 68.78, ndcg: 74.02, took: 4.00s
Epoch 13, 50.8%	 loss: 1.783 acc@1: 54.28 mrr: 67.90, ndcg: 73.22, took: 3.82s
Epoch 13, 55.0%	 loss: 1.757 acc@1: 55.67 mrr: 68.66, ndcg: 73.84, took: 3.88s
Epoch 13, 59.2%	 loss: 1.759 acc@1: 55.38 mrr: 68.57, ndcg: 73.84, took: 4.69s
Epoch 13, 63.5%	 loss: 1.769 acc@1: 55.23 mrr: 68.40, ndcg: 73.57, took: 4.09s
Epoch 13, 67.7%	 loss: 1.740 acc@1: 56.12 mrr: 69.13, ndcg: 74.20, took: 4.02s
Epoch 13, 71.9%	 loss: 1.751 acc@1: 55.88 mrr: 68.80, ndcg: 74.03, took: 3.99s
Epoch 13, 76.1%	 loss: 1.737 acc@1: 55.62 mrr: 68.85, ndcg: 74.03, took: 3.88s
Epoch 13, 80.4%	 loss: 1.764 acc@1: 55.34 mrr: 68.56, ndcg: 73.80, took: 3.85s
Epoch 13, 84.6%	 loss: 1.756 acc@1: 55.23 mrr: 68.44, ndcg: 73.68, took: 3.94s
Epoch 13, 88.8%	 loss: 1.733 acc@1: 55.83 mrr: 68.93, ndcg: 74.10, took: 3.80s
Epoch 13, 93.1%	 loss: 1.763 acc@1: 55.61 mrr: 68.54, ndcg: 73.62, took: 3.40s
Epoch 13, 97.3%	 loss: 1.736 acc@1: 55.73 mrr: 68.88, ndcg: 74.14, took: 3.65s
Validation - loss: 2.8378, acc@1: 51.01%, f1: 43.70%, mrr: 62.69%, ndcg: 67.28%
Current learning rate: 0.000085

=== Epoch 14 ===
Epoch 14, 4.2%	 loss: 1.713 acc@1: 55.59 mrr: 68.87, ndcg: 74.23, took: 3.79s
Epoch 14, 8.5%	 loss: 1.701 acc@1: 55.80 mrr: 68.99, ndcg: 74.24, took: 3.47s
Epoch 14, 12.7%	 loss: 1.701 acc@1: 56.05 mrr: 69.13, ndcg: 74.33, took: 3.56s
Epoch 14, 16.9%	 loss: 1.720 acc@1: 56.09 mrr: 69.29, ndcg: 74.48, took: 3.86s
Epoch 14, 21.2%	 loss: 1.713 acc@1: 56.42 mrr: 69.34, ndcg: 74.46, took: 3.86s
Epoch 14, 25.4%	 loss: 1.723 acc@1: 56.56 mrr: 69.24, ndcg: 74.42, took: 3.93s
Epoch 14, 29.6%	 loss: 1.711 acc@1: 55.84 mrr: 69.09, ndcg: 74.38, took: 3.91s
Epoch 14, 33.8%	 loss: 1.744 acc@1: 54.72 mrr: 68.27, ndcg: 73.65, took: 3.88s
Epoch 14, 38.1%	 loss: 1.704 acc@1: 56.11 mrr: 69.35, ndcg: 74.62, took: 3.95s
Epoch 14, 42.3%	 loss: 1.757 acc@1: 55.22 mrr: 68.38, ndcg: 73.65, took: 4.17s
Epoch 14, 46.5%	 loss: 1.706 acc@1: 56.44 mrr: 69.54, ndcg: 74.67, took: 3.74s
Epoch 14, 50.8%	 loss: 1.738 acc@1: 55.58 mrr: 68.82, ndcg: 74.06, took: 3.65s
Epoch 14, 55.0%	 loss: 1.785 acc@1: 53.98 mrr: 67.60, ndcg: 73.04, took: 3.78s
Epoch 14, 59.2%	 loss: 1.736 acc@1: 54.70 mrr: 68.25, ndcg: 73.71, took: 3.74s
Epoch 14, 63.5%	 loss: 1.744 acc@1: 55.88 mrr: 68.90, ndcg: 74.14, took: 3.75s
Epoch 14, 67.7%	 loss: 1.736 acc@1: 56.16 mrr: 69.11, ndcg: 74.23, took: 3.95s
Epoch 14, 71.9%	 loss: 1.747 acc@1: 56.33 mrr: 68.99, ndcg: 74.01, took: 3.87s
Epoch 14, 76.1%	 loss: 1.757 acc@1: 56.14 mrr: 69.06, ndcg: 74.02, took: 3.79s
Epoch 14, 80.4%	 loss: 1.747 acc@1: 55.78 mrr: 68.75, ndcg: 73.99, took: 3.84s
Epoch 14, 84.6%	 loss: 1.765 acc@1: 55.56 mrr: 68.44, ndcg: 73.69, took: 3.95s
Epoch 14, 88.8%	 loss: 1.701 acc@1: 55.72 mrr: 69.11, ndcg: 74.46, took: 4.05s
Epoch 14, 93.1%	 loss: 1.743 acc@1: 56.30 mrr: 68.97, ndcg: 74.04, took: 3.93s
Epoch 14, 97.3%	 loss: 1.700 acc@1: 56.66 mrr: 69.49, ndcg: 74.60, took: 3.79s
Validation - loss: 2.8385, acc@1: 51.08%, f1: 43.80%, mrr: 62.69%, ndcg: 67.27%
Current learning rate: 0.000085

=== Epoch 15 ===
Epoch 15, 4.2%	 loss: 1.703 acc@1: 56.52 mrr: 69.41, ndcg: 74.61, took: 3.79s
Epoch 15, 8.5%	 loss: 1.707 acc@1: 56.33 mrr: 69.33, ndcg: 74.61, took: 3.90s
Epoch 15, 12.7%	 loss: 1.680 acc@1: 57.20 mrr: 69.83, ndcg: 74.99, took: 3.95s
Epoch 15, 16.9%	 loss: 1.708 acc@1: 56.22 mrr: 69.30, ndcg: 74.55, took: 3.79s
Epoch 15, 21.2%	 loss: 1.697 acc@1: 56.55 mrr: 69.53, ndcg: 74.78, took: 3.50s
Epoch 15, 25.4%	 loss: 1.695 acc@1: 56.77 mrr: 69.66, ndcg: 74.78, took: 3.57s
Epoch 15, 29.6%	 loss: 1.717 acc@1: 56.00 mrr: 68.99, ndcg: 74.23, took: 3.73s
Epoch 15, 33.8%	 loss: 1.692 acc@1: 55.88 mrr: 69.22, ndcg: 74.51, took: 3.78s
Epoch 15, 38.1%	 loss: 1.751 acc@1: 55.53 mrr: 68.58, ndcg: 73.85, took: 3.78s
Epoch 15, 42.3%	 loss: 1.731 acc@1: 55.36 mrr: 68.59, ndcg: 73.92, took: 3.86s
Epoch 15, 46.5%	 loss: 1.688 acc@1: 56.42 mrr: 69.67, ndcg: 74.86, took: 3.82s
Epoch 15, 50.8%	 loss: 1.733 acc@1: 55.64 mrr: 68.70, ndcg: 73.95, took: 3.80s
Epoch 15, 55.0%	 loss: 1.698 acc@1: 56.30 mrr: 69.36, ndcg: 74.51, took: 3.87s
Epoch 15, 59.2%	 loss: 1.690 acc@1: 56.70 mrr: 69.59, ndcg: 74.75, took: 3.80s
Epoch 15, 63.5%	 loss: 1.726 acc@1: 54.95 mrr: 68.47, ndcg: 73.84, took: 3.52s
Epoch 15, 67.7%	 loss: 1.754 acc@1: 54.83 mrr: 68.11, ndcg: 73.46, took: 3.62s
Epoch 15, 71.9%	 loss: 1.731 acc@1: 54.81 mrr: 68.47, ndcg: 73.87, took: 4.03s
Epoch 15, 76.1%	 loss: 1.732 acc@1: 54.95 mrr: 68.50, ndcg: 73.83, took: 4.00s
Epoch 15, 80.4%	 loss: 1.717 acc@1: 56.12 mrr: 69.16, ndcg: 74.37, took: 3.92s
Epoch 15, 84.6%	 loss: 1.714 acc@1: 55.70 mrr: 69.00, ndcg: 74.29, took: 3.67s
Epoch 15, 88.8%	 loss: 1.755 acc@1: 56.23 mrr: 68.87, ndcg: 73.89, took: 3.31s
Epoch 15, 93.1%	 loss: 1.677 acc@1: 57.00 mrr: 69.89, ndcg: 74.96, took: 3.48s
Epoch 15, 97.3%	 loss: 1.732 acc@1: 55.81 mrr: 68.69, ndcg: 73.89, took: 3.94s
Validation - loss: 2.8518, acc@1: 50.78%, f1: 43.52%, mrr: 62.51%, ndcg: 67.10%
Current learning rate: 0.000009

=== Epoch 16 ===
Epoch 16, 4.2%	 loss: 1.793 acc@1: 54.97 mrr: 68.17, ndcg: 73.36, took: 4.04s
Epoch 16, 8.5%	 loss: 1.788 acc@1: 54.61 mrr: 67.98, ndcg: 73.26, took: 3.85s
Epoch 16, 12.7%	 loss: 1.799 acc@1: 55.50 mrr: 68.35, ndcg: 73.47, took: 3.90s
Epoch 16, 16.9%	 loss: 1.766 acc@1: 55.38 mrr: 68.63, ndcg: 73.85, took: 3.67s
Epoch 16, 21.2%	 loss: 1.771 acc@1: 55.48 mrr: 68.59, ndcg: 73.73, took: 3.93s
Epoch 16, 25.4%	 loss: 1.762 acc@1: 55.77 mrr: 68.83, ndcg: 73.86, took: 3.89s
Epoch 16, 29.6%	 loss: 1.785 acc@1: 55.91 mrr: 68.69, ndcg: 73.76, took: 3.95s
Epoch 16, 33.8%	 loss: 1.811 acc@1: 55.02 mrr: 68.11, ndcg: 73.25, took: 3.93s
Epoch 16, 38.1%	 loss: 1.828 acc@1: 54.58 mrr: 67.78, ndcg: 72.93, took: 3.89s
Epoch 16, 42.3%	 loss: 1.770 acc@1: 56.22 mrr: 68.96, ndcg: 74.08, took: 4.04s
Epoch 16, 46.5%	 loss: 1.830 acc@1: 54.16 mrr: 67.49, ndcg: 72.74, took: 3.88s
Epoch 16, 50.8%	 loss: 1.817 acc@1: 54.00 mrr: 67.38, ndcg: 72.56, took: 3.79s
Epoch 16, 55.0%	 loss: 1.763 acc@1: 55.64 mrr: 68.68, ndcg: 73.85, took: 4.03s
Epoch 16, 59.2%	 loss: 1.797 acc@1: 54.56 mrr: 67.96, ndcg: 73.28, took: 3.87s
Epoch 16, 63.5%	 loss: 1.822 acc@1: 54.89 mrr: 67.98, ndcg: 73.27, took: 3.86s
Epoch 16, 67.7%	 loss: 1.787 acc@1: 55.47 mrr: 68.56, ndcg: 73.70, took: 3.90s
Epoch 16, 71.9%	 loss: 1.729 acc@1: 56.14 mrr: 69.19, ndcg: 74.40, took: 3.92s
Epoch 16, 76.1%	 loss: 1.801 acc@1: 55.09 mrr: 68.15, ndcg: 73.26, took: 3.85s
Epoch 16, 80.4%	 loss: 1.773 acc@1: 55.44 mrr: 68.59, ndcg: 73.78, took: 3.86s
Epoch 16, 84.6%	 loss: 1.747 acc@1: 55.98 mrr: 69.03, ndcg: 74.04, took: 3.93s
Epoch 16, 88.8%	 loss: 1.732 acc@1: 56.27 mrr: 69.46, ndcg: 74.59, took: 4.01s
Epoch 16, 93.1%	 loss: 1.781 acc@1: 54.91 mrr: 68.26, ndcg: 73.45, took: 3.60s
Epoch 16, 97.3%	 loss: 1.793 acc@1: 54.14 mrr: 67.75, ndcg: 73.17, took: 3.65s
Validation - loss: 2.8256, acc@1: 50.99%, f1: 43.60%, mrr: 62.70%, ndcg: 67.35%
Current learning rate: 0.000009

=== Epoch 17 ===
Epoch 17, 4.2%	 loss: 1.791 acc@1: 54.89 mrr: 68.13, ndcg: 73.22, took: 3.87s
Epoch 17, 8.5%	 loss: 1.793 acc@1: 55.42 mrr: 68.32, ndcg: 73.47, took: 3.90s
Epoch 17, 12.7%	 loss: 1.794 acc@1: 55.20 mrr: 68.37, ndcg: 73.46, took: 3.80s
Epoch 17, 16.9%	 loss: 1.777 acc@1: 55.81 mrr: 68.71, ndcg: 73.88, took: 3.88s
Epoch 17, 21.2%	 loss: 1.807 acc@1: 55.25 mrr: 68.22, ndcg: 73.28, took: 3.89s
Epoch 17, 25.4%	 loss: 1.730 acc@1: 55.98 mrr: 69.22, ndcg: 74.43, took: 4.02s
Epoch 17, 29.6%	 loss: 1.769 acc@1: 55.38 mrr: 68.63, ndcg: 73.89, took: 3.77s
Epoch 17, 33.8%	 loss: 1.806 acc@1: 55.56 mrr: 68.43, ndcg: 73.41, took: 3.22s
Epoch 17, 38.1%	 loss: 1.774 acc@1: 55.41 mrr: 68.54, ndcg: 73.64, took: 3.74s
Epoch 17, 42.3%	 loss: 1.852 acc@1: 53.64 mrr: 67.13, ndcg: 72.40, took: 4.04s
Epoch 17, 46.5%	 loss: 1.766 acc@1: 55.39 mrr: 68.57, ndcg: 73.82, took: 3.87s
Epoch 17, 50.8%	 loss: 1.751 acc@1: 55.67 mrr: 68.91, ndcg: 74.10, took: 3.93s
Epoch 17, 55.0%	 loss: 1.770 acc@1: 55.67 mrr: 68.76, ndcg: 73.82, took: 3.71s
Epoch 17, 59.2%	 loss: 1.780 acc@1: 55.52 mrr: 68.52, ndcg: 73.69, took: 3.60s
Epoch 17, 63.5%	 loss: 1.772 acc@1: 55.36 mrr: 68.60, ndcg: 73.75, took: 3.83s
Epoch 17, 67.7%	 loss: 1.777 acc@1: 55.77 mrr: 68.47, ndcg: 73.64, took: 3.49s
Epoch 17, 71.9%	 loss: 1.756 acc@1: 55.09 mrr: 68.46, ndcg: 73.75, took: 3.55s
Epoch 17, 76.1%	 loss: 1.770 acc@1: 55.84 mrr: 68.60, ndcg: 73.69, took: 3.80s
Epoch 17, 80.4%	 loss: 1.803 acc@1: 54.53 mrr: 67.82, ndcg: 73.12, took: 3.79s
Epoch 17, 84.6%	 loss: 1.776 acc@1: 55.45 mrr: 68.63, ndcg: 73.79, took: 3.81s
Epoch 17, 88.8%	 loss: 1.753 acc@1: 55.12 mrr: 68.55, ndcg: 73.77, took: 3.83s
Epoch 17, 93.1%	 loss: 1.764 acc@1: 54.88 mrr: 68.37, ndcg: 73.65, took: 4.03s
Epoch 17, 97.3%	 loss: 1.782 acc@1: 55.41 mrr: 68.39, ndcg: 73.49, took: 3.74s
Validation - loss: 2.8262, acc@1: 51.00%, f1: 43.56%, mrr: 62.72%, ndcg: 67.38%
Current learning rate: 0.000009

=== Epoch 18 ===
Epoch 18, 4.2%	 loss: 1.785 acc@1: 55.09 mrr: 68.27, ndcg: 73.46, took: 3.88s
Epoch 18, 8.5%	 loss: 1.743 acc@1: 55.84 mrr: 69.08, ndcg: 74.23, took: 3.76s
Epoch 18, 12.7%	 loss: 1.774 acc@1: 55.75 mrr: 68.67, ndcg: 73.76, took: 3.74s
Epoch 18, 16.9%	 loss: 1.788 acc@1: 55.17 mrr: 68.41, ndcg: 73.57, took: 3.74s
Epoch 18, 21.2%	 loss: 1.829 acc@1: 53.92 mrr: 67.33, ndcg: 72.72, took: 3.89s
Epoch 18, 25.4%	 loss: 1.746 acc@1: 56.31 mrr: 69.20, ndcg: 74.23, took: 3.99s
Epoch 18, 29.6%	 loss: 1.809 acc@1: 54.53 mrr: 67.78, ndcg: 73.01, took: 3.86s
Epoch 18, 33.8%	 loss: 1.749 acc@1: 56.47 mrr: 69.32, ndcg: 74.36, took: 3.80s
Epoch 18, 38.1%	 loss: 1.752 acc@1: 55.28 mrr: 68.54, ndcg: 73.78, took: 3.77s
Epoch 18, 42.3%	 loss: 1.757 acc@1: 55.62 mrr: 68.75, ndcg: 73.86, took: 3.84s
Epoch 18, 46.5%	 loss: 1.773 acc@1: 55.47 mrr: 68.47, ndcg: 73.63, took: 3.96s
Epoch 18, 50.8%	 loss: 1.810 acc@1: 54.66 mrr: 67.82, ndcg: 72.99, took: 3.92s
Epoch 18, 55.0%	 loss: 1.749 acc@1: 55.64 mrr: 68.77, ndcg: 74.07, took: 3.74s
Epoch 18, 59.2%	 loss: 1.789 acc@1: 55.89 mrr: 68.52, ndcg: 73.59, took: 3.88s
Epoch 18, 63.5%	 loss: 1.815 acc@1: 54.53 mrr: 67.67, ndcg: 72.94, took: 3.91s
Epoch 18, 67.7%	 loss: 1.749 acc@1: 55.78 mrr: 69.08, ndcg: 74.14, took: 3.81s
Epoch 18, 71.9%	 loss: 1.797 acc@1: 54.61 mrr: 67.83, ndcg: 73.08, took: 3.75s
Epoch 18, 76.1%	 loss: 1.766 acc@1: 55.33 mrr: 68.55, ndcg: 73.75, took: 3.41s
Epoch 18, 80.4%	 loss: 1.756 acc@1: 55.97 mrr: 69.00, ndcg: 74.12, took: 3.50s
Epoch 18, 84.6%	 loss: 1.779 acc@1: 54.61 mrr: 68.12, ndcg: 73.51, took: 3.74s
Epoch 18, 88.8%	 loss: 1.770 acc@1: 55.05 mrr: 68.29, ndcg: 73.53, took: 4.01s
Epoch 18, 93.1%	 loss: 1.737 acc@1: 55.86 mrr: 69.01, ndcg: 74.25, took: 3.90s
Epoch 18, 97.3%	 loss: 1.766 acc@1: 55.53 mrr: 68.66, ndcg: 73.74, took: 3.93s
Validation - loss: 2.8260, acc@1: 51.14%, f1: 43.84%, mrr: 62.76%, ndcg: 67.40%
Current learning rate: 0.000009

=== Epoch 19 ===
Epoch 19, 4.2%	 loss: 1.761 acc@1: 55.56 mrr: 68.65, ndcg: 73.94, took: 3.65s
Epoch 19, 8.5%	 loss: 1.768 acc@1: 55.92 mrr: 68.69, ndcg: 73.75, took: 3.51s
Epoch 19, 12.7%	 loss: 1.752 acc@1: 55.50 mrr: 68.76, ndcg: 74.00, took: 3.94s
Epoch 19, 16.9%	 loss: 1.730 acc@1: 56.48 mrr: 69.33, ndcg: 74.36, took: 3.92s
Epoch 19, 21.2%	 loss: 1.742 acc@1: 56.62 mrr: 69.36, ndcg: 74.37, took: 3.80s
Epoch 19, 25.4%	 loss: 1.766 acc@1: 54.95 mrr: 68.30, ndcg: 73.67, took: 3.68s
Epoch 19, 29.6%	 loss: 1.798 acc@1: 54.41 mrr: 67.89, ndcg: 73.29, took: 3.57s
Epoch 19, 33.8%	 loss: 1.777 acc@1: 54.83 mrr: 68.13, ndcg: 73.40, took: 3.46s
Epoch 19, 38.1%	 loss: 1.762 acc@1: 55.55 mrr: 68.75, ndcg: 73.97, took: 3.77s
Epoch 19, 42.3%	 loss: 1.769 acc@1: 56.00 mrr: 68.90, ndcg: 74.04, took: 3.93s
Epoch 19, 46.5%	 loss: 1.731 acc@1: 55.72 mrr: 68.95, ndcg: 74.17, took: 3.92s
Epoch 19, 50.8%	 loss: 1.749 acc@1: 55.81 mrr: 68.84, ndcg: 74.05, took: 3.91s
Epoch 19, 55.0%	 loss: 1.785 acc@1: 55.62 mrr: 68.61, ndcg: 73.66, took: 3.89s
Epoch 19, 59.2%	 loss: 1.751 acc@1: 55.64 mrr: 68.86, ndcg: 74.03, took: 4.32s
Epoch 19, 63.5%	 loss: 1.775 acc@1: 55.52 mrr: 68.65, ndcg: 73.89, took: 3.86s
Epoch 19, 67.7%	 loss: 1.781 acc@1: 55.19 mrr: 68.32, ndcg: 73.41, took: 3.98s
Epoch 19, 71.9%	 loss: 1.751 acc@1: 55.81 mrr: 68.99, ndcg: 74.12, took: 3.75s
Epoch 19, 76.1%	 loss: 1.796 acc@1: 55.89 mrr: 68.63, ndcg: 73.58, took: 3.70s
Epoch 19, 80.4%	 loss: 1.809 acc@1: 54.64 mrr: 67.83, ndcg: 73.01, took: 3.84s
Epoch 19, 84.6%	 loss: 1.804 acc@1: 54.77 mrr: 68.13, ndcg: 73.27, took: 3.88s
Epoch 19, 88.8%	 loss: 1.780 acc@1: 55.34 mrr: 68.43, ndcg: 73.55, took: 3.84s
Epoch 19, 93.1%	 loss: 1.795 acc@1: 55.25 mrr: 68.20, ndcg: 73.32, took: 3.79s
Epoch 19, 97.3%	 loss: 1.776 acc@1: 55.34 mrr: 68.56, ndcg: 73.79, took: 3.84s
Validation - loss: 2.8231, acc@1: 51.08%, f1: 43.64%, mrr: 62.77%, ndcg: 67.40%
Current learning rate: 0.000009

=== Epoch 20 ===
Epoch 20, 4.2%	 loss: 1.769 acc@1: 55.77 mrr: 68.65, ndcg: 73.79, took: 3.86s
Epoch 20, 8.5%	 loss: 1.791 acc@1: 55.00 mrr: 68.11, ndcg: 73.41, took: 3.90s
Epoch 20, 12.7%	 loss: 1.780 acc@1: 55.00 mrr: 68.21, ndcg: 73.40, took: 3.67s
Epoch 20, 16.9%	 loss: 1.782 acc@1: 55.48 mrr: 68.47, ndcg: 73.56, took: 3.32s
Epoch 20, 21.2%	 loss: 1.781 acc@1: 54.72 mrr: 68.12, ndcg: 73.39, took: 3.64s
Epoch 20, 25.4%	 loss: 1.761 acc@1: 55.45 mrr: 68.62, ndcg: 73.79, took: 3.88s
Epoch 20, 29.6%	 loss: 1.762 acc@1: 55.53 mrr: 68.64, ndcg: 73.83, took: 3.74s
Epoch 20, 33.8%	 loss: 1.755 acc@1: 56.05 mrr: 68.90, ndcg: 73.93, took: 3.95s
Epoch 20, 38.1%	 loss: 1.781 acc@1: 54.81 mrr: 68.21, ndcg: 73.37, took: 3.95s
Epoch 20, 42.3%	 loss: 1.738 acc@1: 56.03 mrr: 69.11, ndcg: 74.29, took: 3.92s
Epoch 20, 46.5%	 loss: 1.735 acc@1: 55.91 mrr: 68.89, ndcg: 74.10, took: 3.88s
Epoch 20, 50.8%	 loss: 1.787 acc@1: 55.00 mrr: 68.23, ndcg: 73.47, took: 3.74s
Epoch 20, 55.0%	 loss: 1.724 acc@1: 55.69 mrr: 69.12, ndcg: 74.28, took: 4.00s
Epoch 20, 59.2%	 loss: 1.812 acc@1: 54.84 mrr: 68.03, ndcg: 73.23, took: 3.94s
Epoch 20, 63.5%	 loss: 1.818 acc@1: 54.77 mrr: 67.97, ndcg: 73.17, took: 4.09s
Epoch 20, 67.7%	 loss: 1.750 acc@1: 55.61 mrr: 68.90, ndcg: 74.13, took: 3.90s
Epoch 20, 71.9%	 loss: 1.775 acc@1: 55.36 mrr: 68.52, ndcg: 73.80, took: 3.91s
Epoch 20, 76.1%	 loss: 1.774 acc@1: 55.28 mrr: 68.46, ndcg: 73.67, took: 3.57s
Epoch 20, 80.4%	 loss: 1.735 acc@1: 56.03 mrr: 69.19, ndcg: 74.43, took: 3.65s
Epoch 20, 84.6%	 loss: 1.785 acc@1: 54.70 mrr: 68.00, ndcg: 73.25, took: 3.92s
Epoch 20, 88.8%	 loss: 1.800 acc@1: 55.62 mrr: 68.34, ndcg: 73.41, took: 3.87s
Epoch 20, 93.1%	 loss: 1.748 acc@1: 55.84 mrr: 68.83, ndcg: 73.93, took: 3.89s
Epoch 20, 97.3%	 loss: 1.742 acc@1: 56.48 mrr: 69.31, ndcg: 74.40, took: 3.84s
Validation - loss: 2.8249, acc@1: 51.01%, f1: 43.66%, mrr: 62.73%, ndcg: 67.37%
Current learning rate: 0.000009

=== Epoch 21 ===
Epoch 21, 4.2%	 loss: 1.739 acc@1: 56.16 mrr: 69.05, ndcg: 74.16, took: 3.50s
Epoch 21, 8.5%	 loss: 1.773 acc@1: 55.45 mrr: 68.44, ndcg: 73.70, took: 3.86s
Epoch 21, 12.7%	 loss: 1.824 acc@1: 54.17 mrr: 67.50, ndcg: 72.74, took: 3.91s
Epoch 21, 16.9%	 loss: 1.771 acc@1: 55.64 mrr: 68.71, ndcg: 73.82, took: 4.08s
Epoch 21, 21.2%	 loss: 1.764 acc@1: 55.70 mrr: 68.78, ndcg: 73.91, took: 3.91s
Epoch 21, 25.4%	 loss: 1.763 acc@1: 55.55 mrr: 68.60, ndcg: 73.78, took: 3.85s
Epoch 21, 29.6%	 loss: 1.785 acc@1: 55.34 mrr: 68.40, ndcg: 73.56, took: 3.87s
Epoch 21, 33.8%	 loss: 1.772 acc@1: 54.98 mrr: 68.38, ndcg: 73.71, took: 4.04s
Epoch 21, 38.1%	 loss: 1.721 acc@1: 56.98 mrr: 69.64, ndcg: 74.70, took: 3.94s
Epoch 21, 42.3%	 loss: 1.754 acc@1: 54.98 mrr: 68.44, ndcg: 73.80, took: 3.83s
Epoch 21, 46.5%	 loss: 1.823 acc@1: 54.50 mrr: 67.60, ndcg: 72.78, took: 3.90s
Epoch 21, 50.8%	 loss: 1.765 acc@1: 55.69 mrr: 68.73, ndcg: 73.88, took: 4.03s
Epoch 21, 55.0%	 loss: 1.776 acc@1: 54.83 mrr: 68.25, ndcg: 73.56, took: 3.96s
Epoch 21, 59.2%	 loss: 1.733 acc@1: 55.55 mrr: 68.90, ndcg: 74.25, took: 3.71s
Epoch 21, 63.5%	 loss: 1.792 acc@1: 54.64 mrr: 67.89, ndcg: 73.19, took: 3.88s
Epoch 21, 67.7%	 loss: 1.733 acc@1: 56.02 mrr: 69.16, ndcg: 74.24, took: 4.36s
Epoch 21, 71.9%	 loss: 1.761 acc@1: 56.02 mrr: 68.93, ndcg: 74.04, took: 4.08s
Epoch 21, 76.1%	 loss: 1.749 acc@1: 55.75 mrr: 68.85, ndcg: 74.08, took: 3.79s
Epoch 21, 80.4%	 loss: 1.739 acc@1: 55.52 mrr: 68.75, ndcg: 74.07, took: 3.85s
Epoch 21, 84.6%	 loss: 1.764 acc@1: 55.34 mrr: 68.74, ndcg: 73.96, took: 3.78s
Epoch 21, 88.8%	 loss: 1.783 acc@1: 55.14 mrr: 68.21, ndcg: 73.42, took: 4.02s
Epoch 21, 93.1%	 loss: 1.732 acc@1: 56.09 mrr: 69.16, ndcg: 74.20, took: 3.90s
Epoch 21, 97.3%	 loss: 1.767 acc@1: 55.34 mrr: 68.51, ndcg: 73.70, took: 3.96s
Validation - loss: 2.8252, acc@1: 51.18%, f1: 43.79%, mrr: 62.81%, ndcg: 67.44%
Current learning rate: 0.000009

=== Epoch 22 ===
Epoch 22, 4.2%	 loss: 1.736 acc@1: 56.53 mrr: 69.36, ndcg: 74.53, took: 3.99s
Epoch 22, 8.5%	 loss: 1.730 acc@1: 56.72 mrr: 69.54, ndcg: 74.51, took: 3.98s
Epoch 22, 12.7%	 loss: 1.708 acc@1: 56.23 mrr: 69.44, ndcg: 74.58, took: 4.08s
Epoch 22, 16.9%	 loss: 1.786 acc@1: 55.11 mrr: 68.18, ndcg: 73.40, took: 4.04s
Epoch 22, 21.2%	 loss: 1.792 acc@1: 55.20 mrr: 68.25, ndcg: 73.35, took: 3.83s
Epoch 22, 25.4%	 loss: 1.756 acc@1: 55.22 mrr: 68.57, ndcg: 73.78, took: 3.73s
Epoch 22, 29.6%	 loss: 1.778 acc@1: 55.55 mrr: 68.48, ndcg: 73.60, took: 3.85s
Epoch 22, 33.8%	 loss: 1.791 acc@1: 54.61 mrr: 67.94, ndcg: 73.30, took: 3.82s
Epoch 22, 38.1%	 loss: 1.731 acc@1: 55.89 mrr: 68.92, ndcg: 74.13, took: 4.07s
Epoch 22, 42.3%	 loss: 1.762 acc@1: 56.14 mrr: 68.89, ndcg: 73.95, took: 3.68s
Epoch 22, 46.5%	 loss: 1.783 acc@1: 54.42 mrr: 68.08, ndcg: 73.37, took: 3.66s
Epoch 22, 50.8%	 loss: 1.787 acc@1: 54.30 mrr: 67.85, ndcg: 73.11, took: 3.92s
Epoch 22, 55.0%	 loss: 1.699 acc@1: 56.77 mrr: 69.90, ndcg: 74.97, took: 3.84s
Epoch 22, 59.2%	 loss: 1.748 acc@1: 55.55 mrr: 68.79, ndcg: 74.04, took: 3.75s
Epoch 22, 63.5%	 loss: 1.737 acc@1: 55.84 mrr: 68.89, ndcg: 74.15, took: 3.53s
Epoch 22, 67.7%	 loss: 1.743 acc@1: 55.67 mrr: 68.88, ndcg: 74.08, took: 3.84s
Epoch 22, 71.9%	 loss: 1.766 acc@1: 55.36 mrr: 68.49, ndcg: 73.68, took: 3.48s
Epoch 22, 76.1%	 loss: 1.769 acc@1: 55.56 mrr: 68.66, ndcg: 73.92, took: 3.67s
Epoch 22, 80.4%	 loss: 1.793 acc@1: 54.89 mrr: 68.06, ndcg: 73.31, took: 3.91s
Epoch 22, 84.6%	 loss: 1.787 acc@1: 55.64 mrr: 68.52, ndcg: 73.67, took: 3.80s
Epoch 22, 88.8%	 loss: 1.811 acc@1: 54.70 mrr: 67.90, ndcg: 73.18, took: 3.76s
Epoch 22, 93.1%	 loss: 1.754 acc@1: 55.36 mrr: 68.72, ndcg: 73.98, took: 3.80s
Epoch 22, 97.3%	 loss: 1.778 acc@1: 55.44 mrr: 68.49, ndcg: 73.73, took: 3.87s
Validation - loss: 2.8235, acc@1: 50.99%, f1: 43.58%, mrr: 62.74%, ndcg: 67.37%
Current learning rate: 0.000009

=== Epoch 23 ===
Epoch 23, 4.2%	 loss: 1.776 acc@1: 55.88 mrr: 68.62, ndcg: 73.66, took: 3.72s
Epoch 23, 8.5%	 loss: 1.704 acc@1: 55.98 mrr: 69.37, ndcg: 74.60, took: 3.73s
Epoch 23, 12.7%	 loss: 1.779 acc@1: 54.86 mrr: 68.22, ndcg: 73.45, took: 3.72s
Epoch 23, 16.9%	 loss: 1.756 acc@1: 55.09 mrr: 68.62, ndcg: 73.86, took: 3.80s
Epoch 23, 21.2%	 loss: 1.735 acc@1: 55.70 mrr: 69.02, ndcg: 74.25, took: 3.72s
Epoch 23, 25.4%	 loss: 1.753 acc@1: 55.52 mrr: 68.77, ndcg: 74.01, took: 3.81s
Epoch 23, 29.6%	 loss: 1.735 acc@1: 56.66 mrr: 69.47, ndcg: 74.49, took: 3.80s
Epoch 23, 33.8%	 loss: 1.737 acc@1: 55.61 mrr: 68.89, ndcg: 74.11, took: 3.80s
Epoch 23, 38.1%	 loss: 1.743 acc@1: 56.27 mrr: 69.04, ndcg: 74.25, took: 3.80s
Epoch 23, 42.3%	 loss: 1.762 acc@1: 55.39 mrr: 68.49, ndcg: 73.71, took: 3.89s
Epoch 23, 46.5%	 loss: 1.768 acc@1: 55.55 mrr: 68.56, ndcg: 73.68, took: 3.92s
Epoch 23, 50.8%	 loss: 1.803 acc@1: 53.97 mrr: 67.61, ndcg: 73.07, took: 3.93s
Epoch 23, 55.0%	 loss: 1.805 acc@1: 55.34 mrr: 68.19, ndcg: 73.39, took: 3.81s
Epoch 23, 59.2%	 loss: 1.692 acc@1: 55.89 mrr: 69.31, ndcg: 74.53, took: 3.76s
Epoch 23, 63.5%	 loss: 1.774 acc@1: 55.81 mrr: 68.83, ndcg: 73.88, took: 3.90s
Epoch 23, 67.7%	 loss: 1.748 acc@1: 55.72 mrr: 68.72, ndcg: 73.88, took: 3.85s
Epoch 23, 71.9%	 loss: 1.799 acc@1: 55.28 mrr: 68.31, ndcg: 73.42, took: 3.74s
Epoch 23, 76.1%	 loss: 1.817 acc@1: 54.00 mrr: 67.51, ndcg: 72.73, took: 3.85s
Epoch 23, 80.4%	 loss: 1.742 acc@1: 55.91 mrr: 69.10, ndcg: 74.31, took: 3.82s
Epoch 23, 84.6%	 loss: 1.785 acc@1: 55.33 mrr: 68.40, ndcg: 73.61, took: 3.83s
Epoch 23, 88.8%	 loss: 1.732 acc@1: 56.06 mrr: 69.09, ndcg: 74.26, took: 3.85s
Epoch 23, 93.1%	 loss: 1.748 acc@1: 55.64 mrr: 68.74, ndcg: 73.91, took: 3.83s
Epoch 23, 97.3%	 loss: 1.747 acc@1: 55.17 mrr: 68.56, ndcg: 73.91, took: 4.00s
Validation - loss: 2.8266, acc@1: 51.00%, f1: 43.63%, mrr: 62.75%, ndcg: 67.37%
Current learning rate: 0.000009

=== Epoch 24 ===
Epoch 24, 4.2%	 loss: 1.769 acc@1: 55.66 mrr: 68.57, ndcg: 73.78, took: 3.90s
Epoch 24, 8.5%	 loss: 1.760 acc@1: 55.45 mrr: 68.62, ndcg: 73.90, took: 3.75s
Epoch 24, 12.7%	 loss: 1.775 acc@1: 55.03 mrr: 68.28, ndcg: 73.55, took: 4.08s
Epoch 24, 16.9%	 loss: 1.713 acc@1: 56.39 mrr: 69.37, ndcg: 74.61, took: 3.97s
Epoch 24, 21.2%	 loss: 1.732 acc@1: 56.77 mrr: 69.37, ndcg: 74.41, took: 3.95s
Epoch 24, 25.4%	 loss: 1.791 acc@1: 55.08 mrr: 68.25, ndcg: 73.37, took: 3.90s
Epoch 24, 29.6%	 loss: 1.794 acc@1: 54.69 mrr: 68.00, ndcg: 73.27, took: 3.78s
Epoch 24, 33.8%	 loss: 1.754 acc@1: 54.98 mrr: 68.40, ndcg: 73.68, took: 3.83s
Epoch 24, 38.1%	 loss: 1.798 acc@1: 54.14 mrr: 67.76, ndcg: 73.18, took: 3.90s
Epoch 24, 42.3%	 loss: 1.747 acc@1: 55.61 mrr: 68.84, ndcg: 73.99, took: 3.53s
Epoch 24, 46.5%	 loss: 1.745 acc@1: 55.75 mrr: 68.98, ndcg: 74.17, took: 3.29s
Epoch 24, 50.8%	 loss: 1.743 acc@1: 56.14 mrr: 69.04, ndcg: 74.23, took: 3.79s
Epoch 24, 55.0%	 loss: 1.745 acc@1: 56.00 mrr: 68.91, ndcg: 74.06, took: 3.78s
Epoch 24, 59.2%	 loss: 1.767 acc@1: 55.58 mrr: 68.58, ndcg: 73.67, took: 3.75s
Epoch 24, 63.5%	 loss: 1.793 acc@1: 54.81 mrr: 68.06, ndcg: 73.26, took: 4.03s
Epoch 24, 67.7%	 loss: 1.727 acc@1: 56.27 mrr: 69.25, ndcg: 74.28, took: 3.93s
Epoch 24, 71.9%	 loss: 1.732 acc@1: 56.42 mrr: 69.31, ndcg: 74.38, took: 3.87s
Epoch 24, 76.1%	 loss: 1.740 acc@1: 56.27 mrr: 69.15, ndcg: 74.28, took: 3.79s
Epoch 24, 80.4%	 loss: 1.755 acc@1: 56.42 mrr: 69.19, ndcg: 74.25, took: 3.84s
Epoch 24, 84.6%	 loss: 1.777 acc@1: 54.98 mrr: 68.27, ndcg: 73.52, took: 3.81s
Epoch 24, 88.8%	 loss: 1.789 acc@1: 55.44 mrr: 68.45, ndcg: 73.64, took: 3.76s
Epoch 24, 93.1%	 loss: 1.775 acc@1: 55.39 mrr: 68.43, ndcg: 73.65, took: 3.73s
Epoch 24, 97.3%	 loss: 1.734 acc@1: 55.38 mrr: 68.79, ndcg: 74.12, took: 3.70s
Validation - loss: 2.8273, acc@1: 51.11%, f1: 43.80%, mrr: 62.77%, ndcg: 67.39%
Training finished.	 Time: 2236.63s.	 acc@1: 51.08%

=== Test Results ===
Test Results:
  acc@1: 52.21%
  acc@5: 77.12%
  acc@10: 81.18%
  mrr: 63.19%
  ndcg: 67.36%
  f1: 45.18%

=== Training Complete ===
