2026-01-01 08:17:22,849 - INFO - ============================================================
2026-01-01 08:17:22,850 - INFO - POINTER V45 - Training Started
2026-01-01 08:17:22,850 - INFO - ============================================================
2026-01-01 08:17:22,850 - INFO - Model config: {'d_model': 96, 'nhead': 8, 'num_layers': 4, 'dim_feedforward': 256, 'dropout': 0.15}
2026-01-01 08:17:22,850 - INFO - Training config: {'batch_size': 64, 'num_epochs': 50, 'learning_rate': 0.0001, 'weight_decay': 1e-05, 'label_smoothing': 0.01, 'grad_clip': 0.8, 'patience': 5, 'min_epochs': 8, 'warmup_epochs': 5, 'use_amp': True, 'min_lr': 1e-06}
2026-01-01 08:17:22,850 - INFO - ============================================================
2026-01-01 08:17:22,850 - INFO - Training for 50 epochs
2026-01-01 08:17:22,851 - INFO - Model parameters: 1,835,010
2026-01-01 08:20:10,419 - INFO - Epoch 1/50 | LR: 2.00e-05 | Train: 3.1713 | Val: 2.9952 | Acc@1: 46.78%
2026-01-01 08:20:10,479 - INFO -   ✓ New best (Acc@1: 46.78%)
2026-01-01 08:22:58,322 - INFO - Epoch 2/50 | LR: 4.00e-05 | Train: 2.8554 | Val: 2.9188 | Acc@1: 50.38%
2026-01-01 08:22:58,396 - INFO -   ✓ New best (Acc@1: 50.38%)
2026-01-01 08:25:45,970 - INFO - Epoch 3/50 | LR: 6.00e-05 | Train: 2.7502 | Val: 2.8622 | Acc@1: 51.70%
2026-01-01 08:25:46,040 - INFO -   ✓ New best (Acc@1: 51.70%)
2026-01-01 08:28:31,208 - INFO - Epoch 4/50 | LR: 8.00e-05 | Train: 2.6832 | Val: 2.8336 | Acc@1: 52.31%
2026-01-01 08:28:31,276 - INFO -   ✓ New best (Acc@1: 52.31%)
2026-01-01 08:31:08,215 - INFO - Epoch 5/50 | LR: 1.00e-04 | Train: 2.6354 | Val: 2.8185 | Acc@1: 53.01%
2026-01-01 08:31:08,288 - INFO -   ✓ New best (Acc@1: 53.01%)
2026-01-01 08:33:43,121 - INFO - Epoch 6/50 | LR: 1.00e-04 | Train: 2.5933 | Val: 2.8040 | Acc@1: 53.45%
2026-01-01 08:33:43,186 - INFO -   ✓ New best (Acc@1: 53.45%)
2026-01-01 08:36:13,902 - INFO - Epoch 7/50 | LR: 9.99e-05 | Train: 2.5605 | Val: 2.7980 | Acc@1: 53.76%
2026-01-01 08:36:13,965 - INFO -   ✓ New best (Acc@1: 53.76%)
2026-01-01 08:38:48,533 - INFO - Epoch 8/50 | LR: 9.95e-05 | Train: 2.5304 | Val: 2.7902 | Acc@1: 53.94%
2026-01-01 08:38:48,599 - INFO -   ✓ New best (Acc@1: 53.94%)
2026-01-01 08:41:22,625 - INFO - Epoch 9/50 | LR: 9.89e-05 | Train: 2.4980 | Val: 2.7914 | Acc@1: 54.13%
2026-01-01 08:43:56,756 - INFO - Epoch 10/50 | LR: 9.81e-05 | Train: 2.4687 | Val: 2.7828 | Acc@1: 53.88%
2026-01-01 08:43:56,830 - INFO -   ✓ New best (Acc@1: 53.88%)
2026-01-01 08:46:27,395 - INFO - Epoch 11/50 | LR: 9.70e-05 | Train: 2.4406 | Val: 2.7944 | Acc@1: 53.93%
2026-01-01 08:49:04,562 - INFO - Epoch 12/50 | LR: 9.57e-05 | Train: 2.4149 | Val: 2.7964 | Acc@1: 54.21%
2026-01-01 08:51:36,633 - INFO - Epoch 13/50 | LR: 9.42e-05 | Train: 2.3887 | Val: 2.8019 | Acc@1: 53.84%
2026-01-01 08:54:00,241 - INFO - Epoch 14/50 | LR: 9.25e-05 | Train: 2.3630 | Val: 2.8093 | Acc@1: 54.03%
2026-01-01 08:56:19,447 - INFO - Epoch 15/50 | LR: 9.05e-05 | Train: 2.3415 | Val: 2.8243 | Acc@1: 54.20%
2026-01-01 08:56:19,447 - INFO - Early stopping at epoch 15
2026-01-01 08:56:19,760 - INFO - Loaded checkpoint from epoch 10
2026-01-01 08:56:34,032 - INFO - ============================================================
2026-01-01 08:56:34,032 - INFO - FINAL VALIDATION RESULTS
2026-01-01 08:56:34,032 - INFO -   Acc@1:  53.88%
2026-01-01 08:56:34,033 - INFO -   Acc@5:  79.26%
2026-01-01 08:56:34,033 - INFO -   Acc@10: 82.46%
2026-01-01 08:56:34,033 - INFO -   MRR:    64.98%
2026-01-01 08:56:34,033 - INFO -   NDCG:   69.16%
2026-01-01 08:56:34,033 - INFO - ============================================================
2026-01-01 08:56:34,033 - INFO - FINAL TEST RESULTS
2026-01-01 08:56:34,033 - INFO -   Acc@1:  56.21%
2026-01-01 08:56:34,033 - INFO -   Acc@5:  81.81%
2026-01-01 08:56:34,033 - INFO -   Acc@10: 84.96%
2026-01-01 08:56:34,033 - INFO -   MRR:    67.30%
2026-01-01 08:56:34,033 - INFO -   NDCG:   71.55%
2026-01-01 08:56:34,033 - INFO - ============================================================
