Training LSTM model
Dataset: geolife
Config: /data/next_loc_clean_v2/config/ht_optuna/optuna_LSTM_geolife_prev14_t13_20260101_101516_ce6e64a4.yaml
Device: cuda
Seed: 42
==================================================
Data loaders: train=215, val=90, test=96
Total trainable parameters: 469465

=== Epoch 1 ===
Epoch 1, 9.3%	 loss: 7.311 acc@1: 0.00 mrr: 0.48, ndcg: 0.14, took: 4.53s
Epoch 1, 18.6%	 loss: 7.116 acc@1: 0.31 mrr: 1.23, ndcg: 1.09, took: 2.26s
Epoch 1, 27.9%	 loss: 6.857 acc@1: 3.91 mrr: 5.99, ndcg: 6.36, took: 2.16s
Epoch 1, 37.2%	 loss: 6.533 acc@1: 11.72 mrr: 13.98, ndcg: 14.19, took: 2.33s
Epoch 1, 46.5%	 loss: 6.135 acc@1: 13.28 mrr: 19.41, ndcg: 21.20, took: 2.35s
Epoch 1, 55.8%	 loss: 5.600 acc@1: 16.25 mrr: 25.59, ndcg: 28.81, took: 2.20s
Epoch 1, 65.1%	 loss: 5.044 acc@1: 23.59 mrr: 33.81, ndcg: 37.67, took: 2.29s
Epoch 1, 74.4%	 loss: 4.704 acc@1: 27.34 mrr: 37.75, ndcg: 41.69, took: 2.18s
Epoch 1, 83.7%	 loss: 4.510 acc@1: 24.69 mrr: 36.68, ndcg: 41.66, took: 2.12s
Epoch 1, 93.0%	 loss: 4.339 acc@1: 25.16 mrr: 37.88, ndcg: 42.96, took: 2.11s
Validation - loss: 4.5499, acc@1: 28.25%, f1: 18.26%, mrr: 40.41%, ndcg: 45.05%
Current learning rate: 0.001000

=== Epoch 2 ===
Epoch 2, 9.3%	 loss: 3.927 acc@1: 30.78 mrr: 43.43, ndcg: 48.21, took: 2.56s
Epoch 2, 18.6%	 loss: 3.903 acc@1: 31.41 mrr: 43.59, ndcg: 47.99, took: 2.50s
Epoch 2, 27.9%	 loss: 3.938 acc@1: 31.41 mrr: 43.96, ndcg: 48.55, took: 2.41s
Epoch 2, 37.2%	 loss: 3.821 acc@1: 31.41 mrr: 44.26, ndcg: 49.42, took: 2.51s
Epoch 2, 46.5%	 loss: 3.648 acc@1: 31.25 mrr: 46.19, ndcg: 51.74, took: 2.23s
Epoch 2, 55.8%	 loss: 3.640 acc@1: 30.78 mrr: 45.42, ndcg: 50.80, took: 2.34s
Epoch 2, 65.1%	 loss: 3.645 acc@1: 31.88 mrr: 45.86, ndcg: 51.07, took: 2.33s
Epoch 2, 74.4%	 loss: 3.802 acc@1: 31.72 mrr: 45.63, ndcg: 50.44, took: 2.33s
Epoch 2, 83.7%	 loss: 3.535 acc@1: 32.81 mrr: 47.48, ndcg: 52.99, took: 2.09s
Epoch 2, 93.0%	 loss: 3.469 acc@1: 35.94 mrr: 49.00, ndcg: 54.09, took: 2.13s
Validation - loss: 4.4113, acc@1: 34.02%, f1: 22.25%, mrr: 46.09%, ndcg: 50.39%
Current learning rate: 0.002000

=== Epoch 3 ===
Epoch 3, 9.3%	 loss: 3.219 acc@1: 34.53 mrr: 49.33, ndcg: 54.83, took: 2.14s
Epoch 3, 18.6%	 loss: 3.499 acc@1: 33.12 mrr: 46.64, ndcg: 51.69, took: 2.36s
Epoch 3, 27.9%	 loss: 3.440 acc@1: 31.88 mrr: 46.39, ndcg: 51.63, took: 2.50s
Epoch 3, 37.2%	 loss: 3.171 acc@1: 36.25 mrr: 51.08, ndcg: 56.46, took: 2.62s
Epoch 3, 46.5%	 loss: 3.588 acc@1: 30.47 mrr: 44.86, ndcg: 50.01, took: 2.70s
Epoch 3, 55.8%	 loss: 3.422 acc@1: 34.84 mrr: 48.37, ndcg: 52.85, took: 2.68s
Epoch 3, 65.1%	 loss: 3.149 acc@1: 37.03 mrr: 51.48, ndcg: 56.88, took: 2.49s
Epoch 3, 74.4%	 loss: 3.423 acc@1: 29.53 mrr: 45.92, ndcg: 51.80, took: 2.32s
Epoch 3, 83.7%	 loss: 3.239 acc@1: 33.91 mrr: 49.54, ndcg: 55.00, took: 2.30s
Epoch 3, 93.0%	 loss: 3.370 acc@1: 33.59 mrr: 48.48, ndcg: 53.57, took: 2.15s
Validation - loss: 4.5040, acc@1: 34.20%, f1: 21.90%, mrr: 46.21%, ndcg: 50.54%
Current learning rate: 0.001958

=== Epoch 4 ===
Epoch 4, 9.3%	 loss: 3.062 acc@1: 36.09 mrr: 50.98, ndcg: 55.72, took: 2.07s
Epoch 4, 18.6%	 loss: 3.025 acc@1: 35.94 mrr: 50.60, ndcg: 55.58, took: 2.05s
Epoch 4, 27.9%	 loss: 3.041 acc@1: 33.28 mrr: 49.17, ndcg: 54.81, took: 2.03s
Epoch 4, 37.2%	 loss: 3.099 acc@1: 36.09 mrr: 50.52, ndcg: 55.42, took: 2.33s
Epoch 4, 46.5%	 loss: 3.039 acc@1: 35.16 mrr: 51.18, ndcg: 56.31, took: 2.41s
Epoch 4, 55.8%	 loss: 3.103 acc@1: 34.53 mrr: 49.85, ndcg: 54.88, took: 2.63s
Epoch 4, 65.1%	 loss: 3.034 acc@1: 34.53 mrr: 50.44, ndcg: 55.73, took: 2.73s
Epoch 4, 74.4%	 loss: 3.102 acc@1: 30.78 mrr: 48.13, ndcg: 54.15, took: 2.64s
Epoch 4, 83.7%	 loss: 3.031 acc@1: 34.06 mrr: 50.28, ndcg: 55.70, took: 2.71s
Epoch 4, 93.0%	 loss: 3.113 acc@1: 36.25 mrr: 50.77, ndcg: 55.68, took: 2.54s
Validation - loss: 4.5205, acc@1: 32.52%, f1: 21.44%, mrr: 46.20%, ndcg: 50.38%
Current learning rate: 0.001917

=== Epoch 5 ===
Epoch 5, 9.3%	 loss: 2.831 acc@1: 33.12 mrr: 50.37, ndcg: 56.72, took: 1.91s
Epoch 5, 18.6%	 loss: 2.748 acc@1: 35.78 mrr: 52.11, ndcg: 57.55, took: 1.82s
Epoch 5, 27.9%	 loss: 2.930 acc@1: 37.34 mrr: 51.90, ndcg: 56.58, took: 1.93s
Epoch 5, 37.2%	 loss: 2.929 acc@1: 35.31 mrr: 50.95, ndcg: 56.22, took: 2.24s
Epoch 5, 46.5%	 loss: 2.896 acc@1: 35.94 mrr: 51.42, ndcg: 56.37, took: 2.15s
Epoch 5, 55.8%	 loss: 2.805 acc@1: 33.91 mrr: 51.17, ndcg: 56.75, took: 2.17s
Epoch 5, 65.1%	 loss: 2.963 acc@1: 35.16 mrr: 50.33, ndcg: 55.47, took: 2.29s
Epoch 5, 74.4%	 loss: 2.916 acc@1: 34.22 mrr: 50.50, ndcg: 56.59, took: 2.44s
Epoch 5, 83.7%	 loss: 2.869 acc@1: 36.09 mrr: 51.94, ndcg: 57.60, took: 2.60s
Epoch 5, 93.0%	 loss: 2.945 acc@1: 33.44 mrr: 50.01, ndcg: 55.76, took: 2.70s
Validation - loss: 4.5474, acc@1: 33.11%, f1: 20.51%, mrr: 46.64%, ndcg: 51.10%
Current learning rate: 0.001875

=== Epoch 6 ===
Epoch 6, 9.3%	 loss: 2.671 acc@1: 35.31 mrr: 52.22, ndcg: 58.39, took: 2.21s
Epoch 6, 18.6%	 loss: 2.753 acc@1: 35.94 mrr: 51.87, ndcg: 57.12, took: 2.12s
Epoch 6, 27.9%	 loss: 2.698 acc@1: 36.88 mrr: 53.68, ndcg: 59.45, took: 1.86s
Epoch 6, 37.2%	 loss: 2.679 acc@1: 35.00 mrr: 51.96, ndcg: 57.65, took: 2.13s
Epoch 6, 46.5%	 loss: 2.746 acc@1: 35.47 mrr: 52.25, ndcg: 58.12, took: 2.01s
Epoch 6, 55.8%	 loss: 2.705 acc@1: 35.62 mrr: 52.99, ndcg: 59.07, took: 1.99s
Epoch 6, 65.1%	 loss: 2.788 acc@1: 36.41 mrr: 51.97, ndcg: 56.86, took: 2.19s
Epoch 6, 74.4%	 loss: 2.991 acc@1: 30.16 mrr: 47.17, ndcg: 53.07, took: 2.08s
Epoch 6, 83.7%	 loss: 2.832 acc@1: 34.06 mrr: 50.71, ndcg: 56.67, took: 2.14s
Epoch 6, 93.0%	 loss: 2.753 acc@1: 39.84 mrr: 55.01, ndcg: 60.15, took: 2.37s
Validation - loss: 4.6572, acc@1: 32.45%, f1: 19.38%, mrr: 45.84%, ndcg: 50.29%
Current learning rate: 0.001833

=== Epoch 7 ===
Epoch 7, 9.3%	 loss: 2.445 acc@1: 34.06 mrr: 53.33, ndcg: 59.85, took: 2.39s
Epoch 7, 18.6%	 loss: 2.549 acc@1: 37.50 mrr: 54.46, ndcg: 60.26, took: 2.48s
Epoch 7, 27.9%	 loss: 2.533 acc@1: 38.91 mrr: 54.97, ndcg: 60.78, took: 2.55s
Epoch 7, 37.2%	 loss: 2.625 acc@1: 33.91 mrr: 51.52, ndcg: 57.70, took: 2.37s
Epoch 7, 46.5%	 loss: 2.816 acc@1: 35.62 mrr: 51.25, ndcg: 56.42, took: 2.28s
Epoch 7, 55.8%	 loss: 2.769 acc@1: 34.69 mrr: 50.79, ndcg: 56.56, took: 1.88s
Epoch 7, 65.1%	 loss: 2.727 acc@1: 35.31 mrr: 52.11, ndcg: 57.45, took: 1.93s
Epoch 7, 74.4%	 loss: 2.741 acc@1: 30.00 mrr: 48.76, ndcg: 55.15, took: 2.00s
Epoch 7, 83.7%	 loss: 2.656 acc@1: 35.00 mrr: 52.88, ndcg: 58.82, took: 1.95s
Epoch 7, 93.0%	 loss: 2.685 acc@1: 36.88 mrr: 52.58, ndcg: 58.23, took: 2.13s
Validation - loss: 4.6031, acc@1: 34.55%, f1: 22.39%, mrr: 47.54%, ndcg: 51.87%
Current learning rate: 0.000179

=== Epoch 8 ===
Epoch 8, 9.3%	 loss: 3.111 acc@1: 37.97 mrr: 52.14, ndcg: 56.80, took: 2.45s
Epoch 8, 18.6%	 loss: 3.187 acc@1: 37.66 mrr: 51.27, ndcg: 55.80, took: 2.56s
Epoch 8, 27.9%	 loss: 3.230 acc@1: 34.53 mrr: 48.58, ndcg: 53.40, took: 2.51s
Epoch 8, 37.2%	 loss: 3.073 acc@1: 36.56 mrr: 51.33, ndcg: 56.28, took: 2.64s
Epoch 8, 46.5%	 loss: 3.042 acc@1: 37.50 mrr: 52.33, ndcg: 57.12, took: 2.58s
Epoch 8, 55.8%	 loss: 3.085 acc@1: 38.75 mrr: 52.24, ndcg: 57.13, took: 2.64s
Epoch 8, 65.1%	 loss: 3.253 acc@1: 33.75 mrr: 48.53, ndcg: 54.03, took: 2.49s
Epoch 8, 74.4%	 loss: 3.231 acc@1: 31.09 mrr: 47.26, ndcg: 52.74, took: 2.29s
Epoch 8, 83.7%	 loss: 3.164 acc@1: 37.66 mrr: 51.53, ndcg: 56.28, took: 1.94s
Epoch 8, 93.0%	 loss: 3.096 acc@1: 35.47 mrr: 50.27, ndcg: 55.42, took: 1.66s
Validation - loss: 4.3753, acc@1: 35.28%, f1: 22.39%, mrr: 47.54%, ndcg: 51.72%
Current learning rate: 0.000179

=== Epoch 9 ===
Epoch 9, 9.3%	 loss: 3.031 acc@1: 36.41 mrr: 51.60, ndcg: 57.02, took: 2.19s
Epoch 9, 18.6%	 loss: 3.002 acc@1: 35.94 mrr: 51.20, ndcg: 56.61, took: 2.25s
Epoch 9, 27.9%	 loss: 2.996 acc@1: 35.16 mrr: 50.99, ndcg: 56.45, took: 2.53s
Epoch 9, 37.2%	 loss: 2.976 acc@1: 36.88 mrr: 51.94, ndcg: 56.84, took: 2.67s
Epoch 9, 46.5%	 loss: 3.074 acc@1: 34.53 mrr: 49.87, ndcg: 54.83, took: 2.68s
Epoch 9, 55.8%	 loss: 2.948 acc@1: 37.66 mrr: 52.69, ndcg: 58.06, took: 2.64s
Epoch 9, 65.1%	 loss: 3.098 acc@1: 35.00 mrr: 49.76, ndcg: 54.44, took: 2.60s
Epoch 9, 74.4%	 loss: 3.166 acc@1: 36.25 mrr: 50.17, ndcg: 54.59, took: 2.54s
Epoch 9, 83.7%	 loss: 3.015 acc@1: 36.72 mrr: 51.75, ndcg: 56.60, took: 2.63s
Epoch 9, 93.0%	 loss: 2.997 acc@1: 36.09 mrr: 51.33, ndcg: 56.60, took: 2.51s
Validation - loss: 4.3980, acc@1: 34.37%, f1: 21.37%, mrr: 47.26%, ndcg: 51.46%
Current learning rate: 0.000179

=== Epoch 10 ===
Epoch 10, 9.3%	 loss: 2.934 acc@1: 34.84 mrr: 50.81, ndcg: 56.42, took: 1.95s
Epoch 10, 18.6%	 loss: 2.948 acc@1: 37.03 mrr: 52.19, ndcg: 57.34, took: 1.93s
Epoch 10, 27.9%	 loss: 2.828 acc@1: 37.97 mrr: 53.44, ndcg: 58.74, took: 2.00s
Epoch 10, 37.2%	 loss: 3.012 acc@1: 36.72 mrr: 51.45, ndcg: 56.37, took: 2.27s
Epoch 10, 46.5%	 loss: 3.030 acc@1: 35.16 mrr: 50.43, ndcg: 55.53, took: 2.49s
Epoch 10, 55.8%	 loss: 2.881 acc@1: 36.09 mrr: 52.22, ndcg: 57.48, took: 2.66s
Epoch 10, 65.1%	 loss: 3.020 acc@1: 35.47 mrr: 50.92, ndcg: 55.94, took: 2.59s
Epoch 10, 74.4%	 loss: 2.902 acc@1: 36.09 mrr: 52.19, ndcg: 57.52, took: 2.67s
Epoch 10, 83.7%	 loss: 2.931 acc@1: 35.62 mrr: 51.59, ndcg: 56.81, took: 2.60s
Epoch 10, 93.0%	 loss: 2.988 acc@1: 38.75 mrr: 52.53, ndcg: 57.43, took: 2.54s
Validation - loss: 4.4314, acc@1: 34.69%, f1: 22.77%, mrr: 47.52%, ndcg: 51.69%
Current learning rate: 0.000179

=== Epoch 11 ===
Epoch 11, 9.3%	 loss: 3.043 acc@1: 33.44 mrr: 48.79, ndcg: 54.17, took: 1.83s
Epoch 11, 18.6%	 loss: 2.950 acc@1: 37.03 mrr: 52.35, ndcg: 57.35, took: 1.70s
Epoch 11, 27.9%	 loss: 2.795 acc@1: 36.88 mrr: 52.73, ndcg: 58.05, took: 1.51s
Epoch 11, 37.2%	 loss: 2.797 acc@1: 40.31 mrr: 54.70, ndcg: 59.71, took: 1.75s
Epoch 11, 46.5%	 loss: 2.597 acc@1: 43.12 mrr: 57.93, ndcg: 63.04, took: 1.71s
Epoch 11, 55.8%	 loss: 2.952 acc@1: 37.97 mrr: 52.73, ndcg: 58.01, took: 1.87s
Epoch 11, 65.1%	 loss: 2.777 acc@1: 37.34 mrr: 53.41, ndcg: 58.72, took: 1.82s
Epoch 11, 74.4%	 loss: 2.995 acc@1: 34.84 mrr: 50.54, ndcg: 55.85, took: 1.95s
Epoch 11, 83.7%	 loss: 3.010 acc@1: 35.62 mrr: 50.67, ndcg: 55.92, took: 2.11s
Epoch 11, 93.0%	 loss: 3.023 acc@1: 35.78 mrr: 51.19, ndcg: 56.02, took: 1.99s
Validation - loss: 4.4266, acc@1: 35.28%, f1: 22.53%, mrr: 47.91%, ndcg: 52.00%
Current learning rate: 0.000179

=== Epoch 12 ===
Epoch 12, 9.3%	 loss: 2.838 acc@1: 36.88 mrr: 52.20, ndcg: 57.61, took: 1.74s
Epoch 12, 18.6%	 loss: 2.821 acc@1: 37.03 mrr: 52.68, ndcg: 57.98, took: 1.81s
Epoch 12, 27.9%	 loss: 2.897 acc@1: 36.56 mrr: 51.98, ndcg: 56.88, took: 1.92s
Epoch 12, 37.2%	 loss: 2.761 acc@1: 40.16 mrr: 55.11, ndcg: 60.01, took: 1.93s
Epoch 12, 46.5%	 loss: 2.879 acc@1: 35.78 mrr: 51.90, ndcg: 57.18, took: 1.70s
Epoch 12, 55.8%	 loss: 2.944 acc@1: 35.94 mrr: 50.92, ndcg: 56.22, took: 1.57s
Epoch 12, 65.1%	 loss: 2.678 acc@1: 37.19 mrr: 54.51, ndcg: 60.29, took: 1.94s
Epoch 12, 74.4%	 loss: 2.879 acc@1: 35.62 mrr: 51.52, ndcg: 56.85, took: 2.06s
Epoch 12, 83.7%	 loss: 2.746 acc@1: 37.81 mrr: 54.27, ndcg: 59.31, took: 2.19s
Epoch 12, 93.0%	 loss: 2.925 acc@1: 34.53 mrr: 50.70, ndcg: 56.14, took: 2.19s
Validation - loss: 4.4530, acc@1: 34.69%, f1: 23.32%, mrr: 47.55%, ndcg: 51.78%
Current learning rate: 0.000179

=== Epoch 13 ===
Epoch 13, 9.3%	 loss: 2.846 acc@1: 35.62 mrr: 51.75, ndcg: 57.36, took: 2.33s
Epoch 13, 18.6%	 loss: 2.772 acc@1: 36.25 mrr: 52.87, ndcg: 58.76, took: 2.15s
Epoch 13, 27.9%	 loss: 2.695 acc@1: 39.38 mrr: 55.04, ndcg: 60.15, took: 2.36s
Epoch 13, 37.2%	 loss: 2.831 acc@1: 37.03 mrr: 52.44, ndcg: 57.75, took: 2.47s
Epoch 13, 46.5%	 loss: 2.642 acc@1: 39.06 mrr: 55.52, ndcg: 61.20, took: 2.55s
Epoch 13, 55.8%	 loss: 2.787 acc@1: 36.56 mrr: 52.82, ndcg: 58.16, took: 2.38s
Epoch 13, 65.1%	 loss: 2.828 acc@1: 37.03 mrr: 52.49, ndcg: 57.46, took: 2.05s
Epoch 13, 74.4%	 loss: 2.875 acc@1: 35.62 mrr: 51.36, ndcg: 57.11, took: 1.71s
Epoch 13, 83.7%	 loss: 2.792 acc@1: 35.62 mrr: 52.65, ndcg: 58.31, took: 1.54s
Epoch 13, 93.0%	 loss: 2.773 acc@1: 34.53 mrr: 51.66, ndcg: 57.64, took: 1.70s
Validation - loss: 4.4783, acc@1: 35.21%, f1: 22.44%, mrr: 47.97%, ndcg: 52.05%
Current learning rate: 0.000018

=== Epoch 14 ===
Epoch 14, 9.3%	 loss: 3.095 acc@1: 33.75 mrr: 49.14, ndcg: 54.37, took: 2.32s
Epoch 14, 18.6%	 loss: 2.942 acc@1: 37.66 mrr: 52.53, ndcg: 57.73, took: 2.19s
Epoch 14, 27.9%	 loss: 2.955 acc@1: 40.78 mrr: 54.31, ndcg: 59.14, took: 2.36s
Epoch 14, 37.2%	 loss: 3.188 acc@1: 34.69 mrr: 49.30, ndcg: 54.05, took: 2.36s
Epoch 14, 46.5%	 loss: 3.066 acc@1: 34.53 mrr: 50.36, ndcg: 55.76, took: 2.49s
Epoch 14, 55.8%	 loss: 3.016 acc@1: 34.22 mrr: 49.96, ndcg: 55.47, took: 2.47s
Epoch 14, 65.1%	 loss: 3.211 acc@1: 35.94 mrr: 49.33, ndcg: 53.93, took: 2.51s
Epoch 14, 74.4%	 loss: 2.865 acc@1: 39.22 mrr: 54.20, ndcg: 59.34, took: 2.52s
Epoch 14, 83.7%	 loss: 3.017 acc@1: 37.97 mrr: 51.97, ndcg: 56.33, took: 2.27s
Epoch 14, 93.0%	 loss: 3.062 acc@1: 33.75 mrr: 49.53, ndcg: 54.79, took: 2.06s
Validation - loss: 4.3661, acc@1: 35.31%, f1: 22.42%, mrr: 47.64%, ndcg: 51.77%
Current learning rate: 0.000018

=== Epoch 15 ===
Epoch 15, 9.3%	 loss: 3.142 acc@1: 36.09 mrr: 50.35, ndcg: 55.61, took: 2.11s
Epoch 15, 18.6%	 loss: 2.952 acc@1: 36.25 mrr: 51.62, ndcg: 57.12, took: 2.02s
Epoch 15, 27.9%	 loss: 3.012 acc@1: 38.59 mrr: 52.50, ndcg: 57.25, took: 2.17s
Epoch 15, 37.2%	 loss: 2.928 acc@1: 38.28 mrr: 52.83, ndcg: 57.72, took: 2.32s
Epoch 15, 46.5%	 loss: 3.082 acc@1: 35.78 mrr: 50.76, ndcg: 55.60, took: 2.40s
Epoch 15, 55.8%	 loss: 3.095 acc@1: 32.81 mrr: 49.29, ndcg: 54.46, took: 2.40s
Epoch 15, 65.1%	 loss: 2.973 acc@1: 36.56 mrr: 51.74, ndcg: 57.06, took: 2.53s
Epoch 15, 74.4%	 loss: 2.949 acc@1: 36.25 mrr: 51.54, ndcg: 56.99, took: 2.41s
Epoch 15, 83.7%	 loss: 3.052 acc@1: 34.06 mrr: 49.87, ndcg: 55.17, took: 2.36s
Epoch 15, 93.0%	 loss: 2.898 acc@1: 40.47 mrr: 54.63, ndcg: 59.53, took: 2.34s
Validation - loss: 4.3656, acc@1: 35.14%, f1: 22.40%, mrr: 47.55%, ndcg: 51.68%
Current learning rate: 0.000018

=== Epoch 16 ===
Epoch 16, 9.3%	 loss: 2.931 acc@1: 36.41 mrr: 52.08, ndcg: 57.52, took: 1.53s
Epoch 16, 18.6%	 loss: 2.999 acc@1: 38.28 mrr: 52.52, ndcg: 57.35, took: 1.59s
Epoch 16, 27.9%	 loss: 3.088 acc@1: 35.78 mrr: 50.16, ndcg: 55.09, took: 1.57s
Epoch 16, 37.2%	 loss: 3.013 acc@1: 38.59 mrr: 52.77, ndcg: 57.32, took: 1.81s
Epoch 16, 46.5%	 loss: 2.992 acc@1: 37.19 mrr: 52.20, ndcg: 57.39, took: 2.04s
Epoch 16, 55.8%	 loss: 2.963 acc@1: 35.31 mrr: 50.99, ndcg: 56.26, took: 1.93s
Epoch 16, 65.1%	 loss: 2.959 acc@1: 36.88 mrr: 52.20, ndcg: 57.44, took: 2.31s
Epoch 16, 74.4%	 loss: 3.013 acc@1: 35.47 mrr: 50.99, ndcg: 56.32, took: 2.34s
Epoch 16, 83.7%	 loss: 3.137 acc@1: 35.31 mrr: 49.65, ndcg: 54.73, took: 2.25s
Epoch 16, 93.0%	 loss: 2.944 acc@1: 37.66 mrr: 52.92, ndcg: 58.08, took: 2.25s
Validation - loss: 4.3759, acc@1: 35.28%, f1: 22.49%, mrr: 47.62%, ndcg: 51.81%
Current learning rate: 0.000018

=== Epoch 17 ===
Epoch 17, 9.3%	 loss: 2.888 acc@1: 37.19 mrr: 52.14, ndcg: 57.43, took: 2.31s
Epoch 17, 18.6%	 loss: 3.053 acc@1: 36.56 mrr: 51.20, ndcg: 56.07, took: 2.16s
Epoch 17, 27.9%	 loss: 2.991 acc@1: 38.91 mrr: 52.73, ndcg: 57.66, took: 2.06s
Epoch 17, 37.2%	 loss: 2.985 acc@1: 37.81 mrr: 52.15, ndcg: 56.94, took: 1.61s
Epoch 17, 46.5%	 loss: 2.979 acc@1: 35.94 mrr: 51.54, ndcg: 56.74, took: 1.55s
Epoch 17, 55.8%	 loss: 2.838 acc@1: 34.53 mrr: 51.80, ndcg: 57.72, took: 1.57s
Epoch 17, 65.1%	 loss: 3.029 acc@1: 37.19 mrr: 51.40, ndcg: 56.14, took: 1.85s
Epoch 17, 74.4%	 loss: 2.995 acc@1: 37.34 mrr: 52.02, ndcg: 57.08, took: 2.18s
Epoch 17, 83.7%	 loss: 2.959 acc@1: 36.56 mrr: 52.16, ndcg: 56.83, took: 2.24s
Epoch 17, 93.0%	 loss: 2.971 acc@1: 37.66 mrr: 52.31, ndcg: 57.33, took: 2.44s
Validation - loss: 4.3943, acc@1: 34.83%, f1: 22.30%, mrr: 47.35%, ndcg: 51.49%
Current learning rate: 0.000018

=== Epoch 18 ===
Epoch 18, 9.3%	 loss: 3.121 acc@1: 34.06 mrr: 49.54, ndcg: 54.43, took: 2.22s
Epoch 18, 18.6%	 loss: 2.990 acc@1: 37.97 mrr: 52.25, ndcg: 57.18, took: 2.46s
Epoch 18, 27.9%	 loss: 3.027 acc@1: 36.09 mrr: 51.11, ndcg: 56.11, took: 2.45s
Epoch 18, 37.2%	 loss: 2.959 acc@1: 34.84 mrr: 50.63, ndcg: 56.00, took: 2.27s
Epoch 18, 46.5%	 loss: 2.817 acc@1: 39.38 mrr: 54.66, ndcg: 59.99, took: 2.00s
Epoch 18, 55.8%	 loss: 2.914 acc@1: 39.38 mrr: 53.54, ndcg: 58.35, took: 1.82s
Epoch 18, 65.1%	 loss: 2.993 acc@1: 37.19 mrr: 51.66, ndcg: 56.55, took: 1.44s
Epoch 18, 74.4%	 loss: 3.092 acc@1: 36.88 mrr: 51.02, ndcg: 55.69, took: 1.37s
Epoch 18, 83.7%	 loss: 2.842 acc@1: 38.59 mrr: 53.68, ndcg: 59.03, took: 1.62s
Epoch 18, 93.0%	 loss: 3.096 acc@1: 35.16 mrr: 49.74, ndcg: 55.04, took: 1.58s
Validation - loss: 4.3982, acc@1: 35.10%, f1: 22.45%, mrr: 47.57%, ndcg: 51.68%
Current learning rate: 0.000018

=== Epoch 19 ===
Epoch 19, 9.3%	 loss: 3.110 acc@1: 36.09 mrr: 49.85, ndcg: 54.34, took: 2.45s
Epoch 19, 18.6%	 loss: 2.951 acc@1: 36.41 mrr: 52.21, ndcg: 57.30, took: 2.48s
Epoch 19, 27.9%	 loss: 2.994 acc@1: 35.78 mrr: 50.74, ndcg: 55.52, took: 2.51s
Epoch 19, 37.2%	 loss: 3.029 acc@1: 35.62 mrr: 50.28, ndcg: 55.36, took: 2.46s
Epoch 19, 46.5%	 loss: 3.003 acc@1: 34.84 mrr: 50.56, ndcg: 56.07, took: 2.36s
Epoch 19, 55.8%	 loss: 2.838 acc@1: 36.88 mrr: 52.59, ndcg: 58.13, took: 2.29s
Epoch 19, 65.1%	 loss: 3.070 acc@1: 35.47 mrr: 50.48, ndcg: 55.38, took: 2.27s
Epoch 19, 74.4%	 loss: 2.837 acc@1: 37.81 mrr: 53.77, ndcg: 59.36, took: 2.03s
Epoch 19, 83.7%	 loss: 2.987 acc@1: 36.56 mrr: 51.70, ndcg: 56.70, took: 2.07s
Epoch 19, 93.0%	 loss: 3.035 acc@1: 36.09 mrr: 51.02, ndcg: 55.74, took: 1.81s
Validation - loss: 4.4089, acc@1: 34.79%, f1: 22.37%, mrr: 47.33%, ndcg: 51.47%
Training finished.	 Time: 598.27s.	 acc@1: 35.31%

=== Test Results ===
Test Results:
  acc@1: 31.25%
  acc@5: 52.57%
  acc@10: 56.40%
  mrr: 40.96%
  ndcg: 44.45%
  f1: 18.85%

=== Training Complete ===
