2026-01-21 10:41:08,483 - INFO - ============================================================
2026-01-21 10:41:08,483 - INFO - POINTER V45 - Training Started
2026-01-21 10:41:08,483 - INFO - ============================================================
2026-01-21 10:41:08,483 - INFO - Model config: {'d_model': 128, 'nhead': 4, 'num_layers': 3, 'dim_feedforward': 256, 'dropout': 0.15}
2026-01-21 10:41:08,483 - INFO - Training config: {'batch_size': 128, 'num_epochs': 50, 'learning_rate': 0.0007, 'weight_decay': 0.015, 'label_smoothing': 0.03, 'grad_clip': 0.8, 'patience': 5, 'min_epochs': 8, 'warmup_epochs': 5, 'use_amp': True, 'min_lr': 1e-06}
2026-01-21 10:41:08,483 - INFO - ============================================================
2026-01-21 10:41:08,484 - INFO - Training for 50 epochs
2026-01-21 10:41:08,484 - INFO - Model parameters: 2,400,562
2026-01-21 10:42:15,925 - INFO - Epoch 1/50 | LR: 1.40e-04 | Train: 3.0629 | Val: 3.0400 | Acc@1: 51.36%
2026-01-21 10:42:15,977 - INFO -   ✓ New best (Acc@1: 51.36%)
2026-01-21 10:43:11,854 - INFO - Epoch 2/50 | LR: 2.80e-04 | Train: 2.8471 | Val: 2.9827 | Acc@1: 53.12%
2026-01-21 10:43:12,015 - INFO -   ✓ New best (Acc@1: 53.12%)
2026-01-21 10:44:07,492 - INFO - Epoch 3/50 | LR: 4.20e-04 | Train: 2.7520 | Val: 2.9454 | Acc@1: 53.42%
2026-01-21 10:44:07,609 - INFO -   ✓ New best (Acc@1: 53.42%)
2026-01-21 10:45:19,433 - INFO - Epoch 4/50 | LR: 5.60e-04 | Train: 2.6603 | Val: 2.8729 | Acc@1: 53.88%
2026-01-21 10:45:19,549 - INFO -   ✓ New best (Acc@1: 53.88%)
2026-01-21 10:46:29,108 - INFO - Epoch 5/50 | LR: 7.00e-04 | Train: 2.5834 | Val: 2.8675 | Acc@1: 53.67%
2026-01-21 10:46:29,218 - INFO -   ✓ New best (Acc@1: 53.67%)
2026-01-21 10:47:26,042 - INFO - Epoch 6/50 | LR: 7.00e-04 | Train: 2.4966 | Val: 2.8442 | Acc@1: 54.10%
2026-01-21 10:47:26,153 - INFO -   ✓ New best (Acc@1: 54.10%)
2026-01-21 10:48:43,877 - INFO - Epoch 7/50 | LR: 6.99e-04 | Train: 2.4273 | Val: 2.8656 | Acc@1: 53.96%
2026-01-21 10:50:33,194 - INFO - Epoch 8/50 | LR: 6.97e-04 | Train: 2.3656 | Val: 2.8912 | Acc@1: 53.42%
2026-01-21 10:52:00,444 - INFO - Epoch 9/50 | LR: 6.92e-04 | Train: 2.3099 | Val: 2.9282 | Acc@1: 53.10%
2026-01-21 10:52:58,910 - INFO - Epoch 10/50 | LR: 6.86e-04 | Train: 2.2606 | Val: 2.9557 | Acc@1: 52.63%
2026-01-21 10:54:01,608 - INFO - Epoch 11/50 | LR: 6.79e-04 | Train: 2.2196 | Val: 3.0042 | Acc@1: 52.67%
2026-01-21 10:54:01,608 - INFO - Early stopping at epoch 11
2026-01-21 10:54:01,672 - INFO - Loaded checkpoint from epoch 6
2026-01-21 10:54:04,853 - INFO - ============================================================
2026-01-21 10:54:04,853 - INFO - FINAL VALIDATION RESULTS
2026-01-21 10:54:04,853 - INFO -   Acc@1:  54.10%
2026-01-21 10:54:04,853 - INFO -   Acc@5:  79.91%
2026-01-21 10:54:04,853 - INFO -   Acc@10: 83.88%
2026-01-21 10:54:04,853 - INFO -   MRR:    65.39%
2026-01-21 10:54:04,853 - INFO -   NDCG:   69.75%
2026-01-21 10:54:04,853 - INFO - ============================================================
2026-01-21 10:54:04,853 - INFO - FINAL TEST RESULTS
2026-01-21 10:54:04,853 - INFO -   Acc@1:  56.74%
2026-01-21 10:54:04,853 - INFO -   Acc@5:  82.47%
2026-01-21 10:54:04,854 - INFO -   Acc@10: 86.09%
2026-01-21 10:54:04,854 - INFO -   MRR:    67.89%
2026-01-21 10:54:04,854 - INFO -   NDCG:   72.22%
2026-01-21 10:54:04,854 - INFO - ============================================================
