2025-12-29 09:26:45,368 - INFO - ============================================================
2025-12-29 09:26:45,368 - INFO - POINTER V45 - Training Started
2025-12-29 09:26:45,368 - INFO - ============================================================
2025-12-29 09:26:45,368 - INFO - Model config: {'d_model': 64, 'dim_feedforward': 128, 'dropout': 0.15, 'nhead': 4, 'num_layers': 2}
2025-12-29 09:26:45,368 - INFO - Training config: {'batch_size': 128, 'grad_clip': 0.8, 'label_smoothing': 0.03, 'learning_rate': 0.0006, 'min_epochs': 8, 'min_lr': 1e-06, 'num_epochs': 50, 'patience': 5, 'use_amp': True, 'warmup_epochs': 5, 'weight_decay': 0.015}
2025-12-29 09:26:45,368 - INFO - ============================================================
2025-12-29 09:26:45,368 - INFO - Training for 50 epochs
2025-12-29 09:26:45,368 - INFO - Model parameters: 242,490
2025-12-29 09:26:50,365 - INFO - Epoch 1/50 | LR: 1.20e-04 | Train: 3.9638 | Val: 2.9288 | Acc@1: 42.87%
2025-12-29 09:26:50,386 - INFO -   ✓ New best (Acc@1: 42.87%)
2025-12-29 09:26:54,131 - INFO - Epoch 2/50 | LR: 2.40e-04 | Train: 3.7259 | Val: 2.8757 | Acc@1: 46.36%
2025-12-29 09:26:54,152 - INFO -   ✓ New best (Acc@1: 46.36%)
2025-12-29 09:26:57,855 - INFO - Epoch 3/50 | LR: 3.60e-04 | Train: 3.5585 | Val: 2.7932 | Acc@1: 47.66%
2025-12-29 09:26:57,876 - INFO -   ✓ New best (Acc@1: 47.66%)
2025-12-29 09:27:01,675 - INFO - Epoch 4/50 | LR: 4.80e-04 | Train: 3.4118 | Val: 2.8097 | Acc@1: 48.66%
2025-12-29 09:27:05,377 - INFO - Epoch 5/50 | LR: 6.00e-04 | Train: 3.2468 | Val: 2.7669 | Acc@1: 47.73%
2025-12-29 09:27:05,401 - INFO -   ✓ New best (Acc@1: 47.73%)
2025-12-29 09:27:09,167 - INFO - Epoch 6/50 | LR: 6.00e-04 | Train: 3.1128 | Val: 2.8280 | Acc@1: 46.99%
2025-12-29 09:27:12,876 - INFO - Epoch 7/50 | LR: 5.99e-04 | Train: 2.9630 | Val: 2.8397 | Acc@1: 47.73%
2025-12-29 09:27:16,703 - INFO - Epoch 8/50 | LR: 5.97e-04 | Train: 2.8420 | Val: 2.8391 | Acc@1: 46.58%
2025-12-29 09:27:20,374 - INFO - Epoch 9/50 | LR: 5.93e-04 | Train: 2.6863 | Val: 2.8762 | Acc@1: 45.58%
2025-12-29 09:27:24,143 - INFO - Epoch 10/50 | LR: 5.88e-04 | Train: 2.5318 | Val: 3.0579 | Acc@1: 45.21%
2025-12-29 09:27:24,144 - INFO - Early stopping at epoch 10
2025-12-29 09:27:24,292 - INFO - Loaded checkpoint from epoch 5
2025-12-29 09:27:25,878 - INFO - ============================================================
2025-12-29 09:27:25,878 - INFO - FINAL VALIDATION RESULTS
2025-12-29 09:27:25,878 - INFO -   Acc@1:  47.73%
2025-12-29 09:27:25,879 - INFO -   Acc@5:  80.35%
2025-12-29 09:27:25,879 - INFO -   Acc@10: 85.22%
2025-12-29 09:27:25,879 - INFO -   MRR:    62.00%
2025-12-29 09:27:25,879 - INFO -   NDCG:   67.50%
2025-12-29 09:27:25,879 - INFO - ============================================================
2025-12-29 09:27:25,879 - INFO - FINAL TEST RESULTS
2025-12-29 09:27:25,879 - INFO -   Acc@1:  49.48%
2025-12-29 09:27:25,879 - INFO -   Acc@5:  84.92%
2025-12-29 09:27:25,879 - INFO -   Acc@10: 87.76%
2025-12-29 09:27:25,879 - INFO -   MRR:    64.99%
2025-12-29 09:27:25,879 - INFO -   NDCG:   70.55%
2025-12-29 09:27:25,879 - INFO - ============================================================
