2025-12-28 18:54:20,023 - INFO - ============================================================
2025-12-28 18:54:20,023 - INFO - POINTER V45 - Training Started
2025-12-28 18:54:20,023 - INFO - ============================================================
2025-12-28 18:54:20,023 - INFO - Model config: {'d_model': 128, 'dim_feedforward': 256, 'dropout': 0.15, 'nhead': 4, 'num_layers': 3}
2025-12-28 18:54:20,023 - INFO - Training config: {'batch_size': 128, 'grad_clip': 0.8, 'label_smoothing': 0.03, 'learning_rate': 0.0007, 'min_epochs': 8, 'min_lr': 1e-06, 'num_epochs': 2, 'patience': 5, 'use_amp': True, 'warmup_epochs': 5, 'weight_decay': 0.015}
2025-12-28 18:54:20,024 - INFO - ============================================================
2025-12-28 18:54:20,024 - INFO - Training for 2 epochs
2025-12-28 18:54:20,024 - INFO - Model parameters: 1,572,557
2025-12-28 18:55:02,027 - INFO - Epoch 1/2 | LR: 1.40e-04 | Train: 2.9881 | Val: 2.7912 | Acc@1: 50.20%
2025-12-28 18:55:02,077 - INFO -   ✓ New best (Acc@1: 50.20%)
2025-12-28 18:55:47,921 - INFO - Epoch 2/2 | LR: 2.80e-04 | Train: 2.7091 | Val: 2.7166 | Acc@1: 52.43%
2025-12-28 18:55:47,972 - INFO -   ✓ New best (Acc@1: 52.43%)
2025-12-28 18:55:48,269 - INFO - Loaded checkpoint from epoch 2
2025-12-28 18:55:49,503 - INFO - ============================================================
2025-12-28 18:55:49,503 - INFO - FINAL VALIDATION RESULTS
2025-12-28 18:55:49,503 - INFO -   Acc@1:  52.43%
2025-12-28 18:55:49,503 - INFO -   Acc@5:  81.78%
2025-12-28 18:55:49,503 - INFO -   Acc@10: 85.46%
2025-12-28 18:55:49,503 - INFO -   MRR:    65.05%
2025-12-28 18:55:49,503 - INFO -   NDCG:   69.92%
2025-12-28 18:55:49,503 - INFO - ============================================================
2025-12-28 18:55:49,503 - INFO - FINAL TEST RESULTS
2025-12-28 18:55:49,503 - INFO -   Acc@1:  54.27%
2025-12-28 18:55:49,503 - INFO -   Acc@5:  83.70%
2025-12-28 18:55:49,503 - INFO -   Acc@10: 87.99%
2025-12-28 18:55:49,504 - INFO -   MRR:    66.80%
2025-12-28 18:55:49,504 - INFO -   NDCG:   71.87%
2025-12-28 18:55:49,504 - INFO - ============================================================
