Training MHSA model
Dataset: diy
Config: /data/next_loc_clean_v2/scripts/sci_hyperparam_tuning/configs/mhsa_diy_trial10.yaml
Device: cuda
Seed: 42
==================================================
Data loaders: train=591, val=40, test=49
Total trainable parameters: 1144382

=== Epoch 1 ===
Epoch 1, 8.5%	 loss: 8.846 acc@1: 0.02 mrr: 0.17, ndcg: 0.08, took: 5.19s
Epoch 1, 16.9%	 loss: 8.839 acc@1: 0.09 mrr: 0.37, ndcg: 0.30, took: 4.50s
Epoch 1, 25.4%	 loss: 8.819 acc@1: 0.91 mrr: 1.69, ndcg: 1.77, took: 4.16s
Epoch 1, 33.8%	 loss: 8.703 acc@1: 13.23 mrr: 14.08, ndcg: 14.20, took: 4.39s
Epoch 1, 42.3%	 loss: 8.390 acc@1: 20.47 mrr: 21.14, ndcg: 21.21, took: 4.44s
Epoch 1, 50.8%	 loss: 7.932 acc@1: 23.28 mrr: 24.63, ndcg: 24.81, took: 4.21s
Epoch 1, 59.2%	 loss: 7.412 acc@1: 25.84 mrr: 27.48, ndcg: 27.75, took: 4.90s
Epoch 1, 67.7%	 loss: 6.880 acc@1: 27.33 mrr: 28.97, ndcg: 29.11, took: 4.22s
Epoch 1, 76.1%	 loss: 6.432 acc@1: 28.69 mrr: 30.62, ndcg: 30.85, took: 4.32s
Epoch 1, 84.6%	 loss: 6.210 acc@1: 28.85 mrr: 30.96, ndcg: 31.24, took: 4.28s
Epoch 1, 93.1%	 loss: 6.032 acc@1: 29.03 mrr: 31.46, ndcg: 31.96, took: 4.52s
Validation - loss: 5.9353, acc@1: 30.17%, f1: 16.22%, mrr: 32.18%, ndcg: 32.49%
Current learning rate: 0.000667

=== Epoch 2 ===
Epoch 2, 8.5%	 loss: 5.718 acc@1: 28.66 mrr: 31.47, ndcg: 32.11, took: 4.04s
Epoch 2, 16.9%	 loss: 5.498 acc@1: 29.59 mrr: 32.80, ndcg: 33.63, took: 4.09s
Epoch 2, 25.4%	 loss: 5.329 acc@1: 30.54 mrr: 33.84, ndcg: 34.69, took: 4.30s
Epoch 2, 33.8%	 loss: 5.217 acc@1: 30.59 mrr: 34.32, ndcg: 35.28, took: 4.23s
Epoch 2, 42.3%	 loss: 5.075 acc@1: 31.45 mrr: 35.37, ndcg: 36.47, took: 4.53s
Epoch 2, 50.8%	 loss: 4.978 acc@1: 32.10 mrr: 36.53, ndcg: 37.84, took: 4.27s
Epoch 2, 59.2%	 loss: 4.719 acc@1: 34.86 mrr: 40.98, ndcg: 43.01, took: 4.26s
Epoch 2, 67.7%	 loss: 4.273 acc@1: 40.33 mrr: 48.45, ndcg: 51.34, took: 4.12s
Epoch 2, 76.1%	 loss: 3.805 acc@1: 43.13 mrr: 53.80, ndcg: 57.46, took: 4.29s
Epoch 2, 84.6%	 loss: 3.491 acc@1: 45.70 mrr: 57.02, ndcg: 60.86, took: 4.55s
Epoch 2, 93.1%	 loss: 3.235 acc@1: 47.19 mrr: 59.26, ndcg: 63.52, took: 4.38s
Validation - loss: 3.4512, acc@1: 47.39%, f1: 39.07%, mrr: 58.86%, ndcg: 62.79%
Current learning rate: 0.001333

=== Epoch 3 ===
Epoch 3, 8.5%	 loss: 2.854 acc@1: 48.52 mrr: 61.47, ndcg: 66.04, took: 4.27s
Epoch 3, 16.9%	 loss: 2.782 acc@1: 48.49 mrr: 61.56, ndcg: 66.40, took: 4.51s
Epoch 3, 25.4%	 loss: 2.770 acc@1: 48.30 mrr: 61.53, ndcg: 66.37, took: 4.31s
Epoch 3, 33.8%	 loss: 2.660 acc@1: 48.77 mrr: 62.25, ndcg: 67.37, took: 4.25s
Epoch 3, 42.3%	 loss: 2.660 acc@1: 48.76 mrr: 62.23, ndcg: 67.32, took: 4.17s
Epoch 3, 50.8%	 loss: 2.646 acc@1: 48.64 mrr: 62.16, ndcg: 67.32, took: 4.28s
Epoch 3, 59.2%	 loss: 2.565 acc@1: 48.55 mrr: 62.30, ndcg: 67.64, took: 4.21s
Epoch 3, 67.7%	 loss: 2.537 acc@1: 49.49 mrr: 62.96, ndcg: 68.12, took: 4.20s
Epoch 3, 76.1%	 loss: 2.549 acc@1: 49.72 mrr: 63.06, ndcg: 68.21, took: 4.24s
Epoch 3, 84.6%	 loss: 2.516 acc@1: 49.02 mrr: 62.78, ndcg: 68.08, took: 4.29s
Epoch 3, 93.1%	 loss: 2.511 acc@1: 49.12 mrr: 62.84, ndcg: 68.12, took: 4.36s
Validation - loss: 3.0518, acc@1: 47.73%, f1: 40.05%, mrr: 59.96%, ndcg: 64.87%
Current learning rate: 0.002000

=== Epoch 4 ===
Epoch 4, 8.5%	 loss: 2.287 acc@1: 50.63 mrr: 64.02, ndcg: 69.26, took: 4.22s
Epoch 4, 16.9%	 loss: 2.253 acc@1: 50.24 mrr: 64.04, ndcg: 69.35, took: 4.36s
Epoch 4, 25.4%	 loss: 2.328 acc@1: 49.48 mrr: 63.18, ndcg: 68.52, took: 4.24s
Epoch 4, 33.8%	 loss: 2.305 acc@1: 50.07 mrr: 63.67, ndcg: 68.92, took: 4.21s
Epoch 4, 42.3%	 loss: 2.339 acc@1: 49.68 mrr: 63.23, ndcg: 68.50, took: 4.16s
Epoch 4, 50.8%	 loss: 2.298 acc@1: 49.62 mrr: 63.40, ndcg: 68.78, took: 4.00s
Epoch 4, 59.2%	 loss: 2.311 acc@1: 49.54 mrr: 63.27, ndcg: 68.53, took: 4.07s
Epoch 4, 67.7%	 loss: 2.290 acc@1: 50.05 mrr: 63.57, ndcg: 68.79, took: 4.26s
Epoch 4, 76.1%	 loss: 2.283 acc@1: 50.20 mrr: 63.80, ndcg: 68.97, took: 4.17s
Epoch 4, 84.6%	 loss: 2.331 acc@1: 49.49 mrr: 63.19, ndcg: 68.49, took: 4.34s
Epoch 4, 93.1%	 loss: 2.295 acc@1: 50.45 mrr: 63.85, ndcg: 68.94, took: 4.30s
Validation - loss: 2.9621, acc@1: 48.95%, f1: 41.85%, mrr: 60.93%, ndcg: 65.61%
Current learning rate: 0.001957

=== Epoch 5 ===
Epoch 5, 8.5%	 loss: 2.092 acc@1: 51.68 mrr: 65.07, ndcg: 70.23, took: 4.26s
Epoch 5, 16.9%	 loss: 2.123 acc@1: 51.83 mrr: 64.89, ndcg: 69.92, took: 4.21s
Epoch 5, 25.4%	 loss: 2.139 acc@1: 51.75 mrr: 64.83, ndcg: 69.87, took: 4.24s
Epoch 5, 33.8%	 loss: 2.163 acc@1: 51.41 mrr: 64.44, ndcg: 69.52, took: 4.31s
Epoch 5, 42.3%	 loss: 2.116 acc@1: 51.50 mrr: 64.88, ndcg: 70.05, took: 4.32s
Epoch 5, 50.8%	 loss: 2.170 acc@1: 51.07 mrr: 64.20, ndcg: 69.27, took: 4.13s
Epoch 5, 59.2%	 loss: 2.124 acc@1: 52.24 mrr: 65.21, ndcg: 70.19, took: 4.25s
Epoch 5, 67.7%	 loss: 2.119 acc@1: 52.25 mrr: 65.27, ndcg: 70.34, took: 4.06s
Epoch 5, 76.1%	 loss: 2.139 acc@1: 50.75 mrr: 64.33, ndcg: 69.56, took: 4.08s
Epoch 5, 84.6%	 loss: 2.146 acc@1: 51.92 mrr: 65.04, ndcg: 69.98, took: 4.12s
Epoch 5, 93.1%	 loss: 2.129 acc@1: 52.58 mrr: 65.41, ndcg: 70.39, took: 4.07s
Validation - loss: 2.9136, acc@1: 50.32%, f1: 43.35%, mrr: 61.91%, ndcg: 66.47%
Current learning rate: 0.001915

=== Epoch 6 ===
Epoch 6, 8.5%	 loss: 1.968 acc@1: 54.31 mrr: 66.82, ndcg: 71.71, took: 3.78s
Epoch 6, 16.9%	 loss: 1.983 acc@1: 53.85 mrr: 66.62, ndcg: 71.56, took: 3.96s
Epoch 6, 25.4%	 loss: 2.017 acc@1: 52.48 mrr: 65.61, ndcg: 70.63, took: 4.32s
Epoch 6, 33.8%	 loss: 2.041 acc@1: 53.17 mrr: 65.72, ndcg: 70.53, took: 4.42s
Epoch 6, 42.3%	 loss: 2.052 acc@1: 52.85 mrr: 65.67, ndcg: 70.51, took: 4.36s
Epoch 6, 50.8%	 loss: 2.016 acc@1: 53.54 mrr: 66.23, ndcg: 71.10, took: 4.26s
Epoch 6, 59.2%	 loss: 2.056 acc@1: 53.58 mrr: 65.99, ndcg: 70.77, took: 4.27s
Epoch 6, 67.7%	 loss: 2.050 acc@1: 53.86 mrr: 66.16, ndcg: 70.89, took: 4.30s
Epoch 6, 76.1%	 loss: 2.076 acc@1: 53.19 mrr: 65.67, ndcg: 70.56, took: 4.16s
Epoch 6, 84.6%	 loss: 2.081 acc@1: 53.27 mrr: 65.67, ndcg: 70.44, took: 4.09s
Epoch 6, 93.1%	 loss: 2.068 acc@1: 52.83 mrr: 65.56, ndcg: 70.43, took: 4.07s
Validation - loss: 2.8882, acc@1: 49.83%, f1: 43.25%, mrr: 61.72%, ndcg: 66.36%
Current learning rate: 0.001872

=== Epoch 7 ===
Epoch 7, 8.5%	 loss: 1.891 acc@1: 55.55 mrr: 67.70, ndcg: 72.55, took: 4.22s
Epoch 7, 16.9%	 loss: 1.938 acc@1: 55.27 mrr: 67.24, ndcg: 71.87, took: 4.19s
Epoch 7, 25.4%	 loss: 1.980 acc@1: 53.86 mrr: 66.23, ndcg: 71.02, took: 4.25s
Epoch 7, 33.8%	 loss: 1.952 acc@1: 54.30 mrr: 66.74, ndcg: 71.50, took: 4.40s
Epoch 7, 42.3%	 loss: 1.976 acc@1: 54.30 mrr: 66.67, ndcg: 71.34, took: 4.24s
Epoch 7, 50.8%	 loss: 1.985 acc@1: 54.25 mrr: 66.57, ndcg: 71.30, took: 4.25s
Epoch 7, 59.2%	 loss: 2.014 acc@1: 53.55 mrr: 66.04, ndcg: 70.76, took: 4.39s
Epoch 7, 67.7%	 loss: 1.969 acc@1: 54.62 mrr: 66.94, ndcg: 71.75, took: 4.35s
Epoch 7, 76.1%	 loss: 2.000 acc@1: 54.31 mrr: 66.60, ndcg: 71.37, took: 4.37s
Epoch 7, 84.6%	 loss: 1.972 acc@1: 54.80 mrr: 67.06, ndcg: 71.69, took: 4.31s
Epoch 7, 93.1%	 loss: 2.006 acc@1: 53.84 mrr: 66.23, ndcg: 71.06, took: 4.36s
Validation - loss: 2.9185, acc@1: 50.46%, f1: 44.37%, mrr: 61.89%, ndcg: 66.37%
Current learning rate: 0.001830

=== Epoch 8 ===
Epoch 8, 8.5%	 loss: 1.870 acc@1: 54.45 mrr: 67.20, ndcg: 72.27, took: 4.35s
Epoch 8, 16.9%	 loss: 1.915 acc@1: 55.07 mrr: 67.11, ndcg: 71.77, took: 4.36s
Epoch 8, 25.4%	 loss: 1.897 acc@1: 55.19 mrr: 67.42, ndcg: 72.14, took: 4.36s
Epoch 8, 33.8%	 loss: 1.919 acc@1: 55.16 mrr: 67.26, ndcg: 71.91, took: 4.23s
Epoch 8, 42.3%	 loss: 1.925 acc@1: 55.12 mrr: 67.20, ndcg: 71.90, took: 4.28s
Epoch 8, 50.8%	 loss: 1.906 acc@1: 55.74 mrr: 67.68, ndcg: 72.29, took: 4.28s
Epoch 8, 59.2%	 loss: 1.908 acc@1: 55.32 mrr: 67.49, ndcg: 72.15, took: 4.24s
Epoch 8, 67.7%	 loss: 1.911 acc@1: 55.20 mrr: 67.56, ndcg: 72.19, took: 4.34s
Epoch 8, 76.1%	 loss: 1.950 acc@1: 55.02 mrr: 67.11, ndcg: 71.72, took: 4.22s
Epoch 8, 84.6%	 loss: 1.965 acc@1: 54.62 mrr: 66.94, ndcg: 71.58, took: 4.27s
Epoch 8, 93.1%	 loss: 1.941 acc@1: 55.72 mrr: 67.57, ndcg: 72.12, took: 4.22s
Validation - loss: 2.9222, acc@1: 51.18%, f1: 44.62%, mrr: 62.30%, ndcg: 66.70%
Current learning rate: 0.001787

=== Epoch 9 ===
Epoch 9, 8.5%	 loss: 1.804 acc@1: 56.48 mrr: 68.60, ndcg: 73.41, took: 4.37s
Epoch 9, 16.9%	 loss: 1.858 acc@1: 55.70 mrr: 67.92, ndcg: 72.51, took: 4.29s
Epoch 9, 25.4%	 loss: 1.864 acc@1: 55.62 mrr: 67.74, ndcg: 72.46, took: 4.38s
Epoch 9, 33.8%	 loss: 1.863 acc@1: 55.57 mrr: 67.74, ndcg: 72.51, took: 4.29s
Epoch 9, 42.3%	 loss: 1.873 acc@1: 56.20 mrr: 68.00, ndcg: 72.56, took: 4.12s
Epoch 9, 50.8%	 loss: 1.886 acc@1: 55.85 mrr: 67.81, ndcg: 72.44, took: 4.35s
Epoch 9, 59.2%	 loss: 1.874 acc@1: 56.00 mrr: 67.95, ndcg: 72.50, took: 4.21s
Epoch 9, 67.7%	 loss: 1.855 acc@1: 56.54 mrr: 68.42, ndcg: 72.98, took: 4.26s
Epoch 9, 76.1%	 loss: 1.905 acc@1: 55.55 mrr: 67.58, ndcg: 72.18, took: 4.32s
Epoch 9, 84.6%	 loss: 1.883 acc@1: 56.23 mrr: 68.12, ndcg: 72.66, took: 4.30s
Epoch 9, 93.1%	 loss: 1.954 acc@1: 54.46 mrr: 66.64, ndcg: 71.32, took: 4.22s
Validation - loss: 2.9564, acc@1: 50.84%, f1: 44.90%, mrr: 62.00%, ndcg: 66.43%
Current learning rate: 0.001745

=== Epoch 10 ===
Epoch 10, 8.5%	 loss: 1.749 acc@1: 57.38 mrr: 69.27, ndcg: 74.01, took: 4.72s
Epoch 10, 16.9%	 loss: 1.785 acc@1: 56.62 mrr: 68.77, ndcg: 73.55, took: 4.19s
Epoch 10, 25.4%	 loss: 1.807 acc@1: 56.98 mrr: 68.75, ndcg: 73.33, took: 4.20s
Epoch 10, 33.8%	 loss: 1.816 acc@1: 57.03 mrr: 68.75, ndcg: 73.31, took: 4.40s
Epoch 10, 42.3%	 loss: 1.853 acc@1: 55.34 mrr: 67.65, ndcg: 72.41, took: 4.30s
Epoch 10, 50.8%	 loss: 1.882 acc@1: 55.56 mrr: 67.56, ndcg: 72.23, took: 4.34s
Epoch 10, 59.2%	 loss: 1.881 acc@1: 55.99 mrr: 67.73, ndcg: 72.24, took: 4.21s
Epoch 10, 67.7%	 loss: 1.861 acc@1: 56.16 mrr: 68.08, ndcg: 72.75, took: 4.20s
Epoch 10, 76.1%	 loss: 1.846 acc@1: 56.32 mrr: 68.35, ndcg: 72.99, took: 4.18s
Epoch 10, 84.6%	 loss: 1.832 acc@1: 56.89 mrr: 68.78, ndcg: 73.24, took: 4.28s
Epoch 10, 93.1%	 loss: 1.898 acc@1: 56.47 mrr: 68.11, ndcg: 72.62, took: 4.30s
Validation - loss: 2.9196, acc@1: 51.56%, f1: 45.41%, mrr: 62.44%, ndcg: 66.81%
Current learning rate: 0.001702

=== Epoch 11 ===
Epoch 11, 8.5%	 loss: 1.715 acc@1: 57.70 mrr: 69.66, ndcg: 74.44, took: 4.19s
Epoch 11, 16.9%	 loss: 1.712 acc@1: 58.04 mrr: 69.94, ndcg: 74.62, took: 4.41s
Epoch 11, 25.4%	 loss: 1.746 acc@1: 57.73 mrr: 69.57, ndcg: 74.18, took: 4.23s
Epoch 11, 33.8%	 loss: 1.775 acc@1: 57.32 mrr: 69.11, ndcg: 73.72, took: 4.30s
Epoch 11, 42.3%	 loss: 1.807 acc@1: 56.16 mrr: 68.39, ndcg: 73.17, took: 4.22s
Epoch 11, 50.8%	 loss: 1.810 acc@1: 57.06 mrr: 68.72, ndcg: 73.34, took: 4.31s
Epoch 11, 59.2%	 loss: 1.833 acc@1: 56.64 mrr: 68.45, ndcg: 73.05, took: 4.22s
Epoch 11, 67.7%	 loss: 1.803 acc@1: 57.12 mrr: 68.87, ndcg: 73.43, took: 4.10s
Epoch 11, 76.1%	 loss: 1.830 acc@1: 57.03 mrr: 68.73, ndcg: 73.26, took: 4.16s
Epoch 11, 84.6%	 loss: 1.849 acc@1: 56.48 mrr: 68.24, ndcg: 72.77, took: 4.17s
Epoch 11, 93.1%	 loss: 1.832 acc@1: 57.41 mrr: 69.01, ndcg: 73.40, took: 4.25s
Validation - loss: 2.9466, acc@1: 51.33%, f1: 45.41%, mrr: 62.25%, ndcg: 66.62%
Current learning rate: 0.000166

=== Epoch 12 ===
Epoch 12, 8.5%	 loss: 1.888 acc@1: 54.45 mrr: 67.22, ndcg: 72.23, took: 4.17s
Epoch 12, 16.9%	 loss: 1.857 acc@1: 56.08 mrr: 68.21, ndcg: 73.04, took: 4.54s
Epoch 12, 25.4%	 loss: 1.869 acc@1: 55.95 mrr: 68.07, ndcg: 72.75, took: 4.36s
Epoch 12, 33.8%	 loss: 1.836 acc@1: 56.98 mrr: 68.79, ndcg: 73.45, took: 4.50s
Epoch 12, 42.3%	 loss: 1.832 acc@1: 56.24 mrr: 68.34, ndcg: 73.22, took: 4.24s
Epoch 12, 50.8%	 loss: 1.843 acc@1: 56.38 mrr: 68.37, ndcg: 73.08, took: 4.39s
Epoch 12, 59.2%	 loss: 1.871 acc@1: 56.09 mrr: 68.06, ndcg: 72.68, took: 4.17s
Epoch 12, 67.7%	 loss: 1.840 acc@1: 56.12 mrr: 68.29, ndcg: 73.04, took: 4.21s
Epoch 12, 76.1%	 loss: 1.821 acc@1: 56.51 mrr: 68.73, ndcg: 73.44, took: 4.33s
Epoch 12, 84.6%	 loss: 1.825 acc@1: 56.95 mrr: 68.80, ndcg: 73.44, took: 4.37s
Epoch 12, 93.1%	 loss: 1.813 acc@1: 57.13 mrr: 68.99, ndcg: 73.53, took: 4.17s
Validation - loss: 2.8490, acc@1: 51.93%, f1: 45.05%, mrr: 63.01%, ndcg: 67.39%
Current learning rate: 0.000166

=== Epoch 13 ===
Epoch 13, 8.5%	 loss: 1.781 acc@1: 57.23 mrr: 69.31, ndcg: 74.05, took: 4.22s
Epoch 13, 16.9%	 loss: 1.813 acc@1: 56.98 mrr: 68.83, ndcg: 73.51, took: 4.16s
Epoch 13, 25.4%	 loss: 1.791 acc@1: 57.27 mrr: 69.21, ndcg: 73.93, took: 4.07s
Epoch 13, 33.8%	 loss: 1.823 acc@1: 56.73 mrr: 68.61, ndcg: 73.33, took: 4.22s
Epoch 13, 42.3%	 loss: 1.777 acc@1: 57.19 mrr: 69.16, ndcg: 73.89, took: 4.25s
Epoch 13, 50.8%	 loss: 1.817 acc@1: 56.41 mrr: 68.60, ndcg: 73.29, took: 4.38s
Epoch 13, 59.2%	 loss: 1.788 acc@1: 57.30 mrr: 69.22, ndcg: 73.95, took: 4.21s
Epoch 13, 67.7%	 loss: 1.810 acc@1: 57.38 mrr: 68.99, ndcg: 73.66, took: 4.27s
Epoch 13, 76.1%	 loss: 1.823 acc@1: 56.62 mrr: 68.68, ndcg: 73.45, took: 4.24s
Epoch 13, 84.6%	 loss: 1.799 acc@1: 57.12 mrr: 68.99, ndcg: 73.62, took: 4.31s
Epoch 13, 93.1%	 loss: 1.811 acc@1: 56.37 mrr: 68.60, ndcg: 73.29, took: 4.08s
Validation - loss: 2.8547, acc@1: 51.95%, f1: 45.14%, mrr: 63.00%, ndcg: 67.42%
Current learning rate: 0.000166

=== Epoch 14 ===
Epoch 14, 8.5%	 loss: 1.786 acc@1: 56.78 mrr: 69.02, ndcg: 73.80, took: 4.49s
Epoch 14, 16.9%	 loss: 1.758 acc@1: 57.30 mrr: 69.30, ndcg: 74.04, took: 4.03s
Epoch 14, 25.4%	 loss: 1.785 acc@1: 57.11 mrr: 69.17, ndcg: 73.91, took: 4.19s
Epoch 14, 33.8%	 loss: 1.773 acc@1: 57.32 mrr: 69.23, ndcg: 74.00, took: 4.22s
Epoch 14, 42.3%	 loss: 1.786 acc@1: 57.21 mrr: 69.12, ndcg: 73.83, took: 4.72s
Epoch 14, 50.8%	 loss: 1.790 acc@1: 57.39 mrr: 69.25, ndcg: 73.82, took: 4.21s
Epoch 14, 59.2%	 loss: 1.789 acc@1: 56.87 mrr: 68.90, ndcg: 73.60, took: 4.10s
Epoch 14, 67.7%	 loss: 1.767 acc@1: 57.66 mrr: 69.57, ndcg: 74.30, took: 4.29s
Epoch 14, 76.1%	 loss: 1.765 acc@1: 58.03 mrr: 69.67, ndcg: 74.25, took: 4.40s
Epoch 14, 84.6%	 loss: 1.803 acc@1: 56.70 mrr: 68.75, ndcg: 73.48, took: 4.29s
Epoch 14, 93.1%	 loss: 1.777 acc@1: 57.44 mrr: 69.35, ndcg: 74.01, took: 4.18s
Validation - loss: 2.8504, acc@1: 52.29%, f1: 45.35%, mrr: 63.23%, ndcg: 67.58%
Current learning rate: 0.000166

=== Epoch 15 ===
Epoch 15, 8.5%	 loss: 1.742 acc@1: 57.20 mrr: 69.36, ndcg: 74.23, took: 4.28s
Epoch 15, 16.9%	 loss: 1.750 acc@1: 58.01 mrr: 69.66, ndcg: 74.32, took: 4.22s
Epoch 15, 25.4%	 loss: 1.751 acc@1: 57.78 mrr: 69.63, ndcg: 74.31, took: 4.35s
Epoch 15, 33.8%	 loss: 1.764 acc@1: 57.00 mrr: 69.11, ndcg: 73.95, took: 4.21s
Epoch 15, 42.3%	 loss: 1.765 acc@1: 57.22 mrr: 69.15, ndcg: 73.86, took: 4.26s
Epoch 15, 50.8%	 loss: 1.770 acc@1: 57.45 mrr: 69.40, ndcg: 73.97, took: 4.21s
Epoch 15, 59.2%	 loss: 1.739 acc@1: 57.95 mrr: 69.84, ndcg: 74.47, took: 4.21s
Epoch 15, 67.7%	 loss: 1.795 acc@1: 57.19 mrr: 69.00, ndcg: 73.65, took: 4.14s
Epoch 15, 76.1%	 loss: 1.747 acc@1: 57.63 mrr: 69.53, ndcg: 74.28, took: 4.12s
Epoch 15, 84.6%	 loss: 1.780 acc@1: 57.36 mrr: 69.26, ndcg: 73.92, took: 3.99s
Epoch 15, 93.1%	 loss: 1.774 acc@1: 57.59 mrr: 69.37, ndcg: 74.03, took: 4.23s
Validation - loss: 2.8628, acc@1: 52.17%, f1: 45.49%, mrr: 63.08%, ndcg: 67.47%
Current learning rate: 0.000166

=== Epoch 16 ===
Epoch 16, 8.5%	 loss: 1.744 acc@1: 57.88 mrr: 69.75, ndcg: 74.43, took: 4.29s
Epoch 16, 16.9%	 loss: 1.728 acc@1: 57.96 mrr: 69.81, ndcg: 74.47, took: 4.38s
Epoch 16, 25.4%	 loss: 1.750 acc@1: 57.30 mrr: 69.31, ndcg: 74.12, took: 4.22s
Epoch 16, 33.8%	 loss: 1.768 acc@1: 56.72 mrr: 68.93, ndcg: 73.72, took: 4.21s
Epoch 16, 42.3%	 loss: 1.758 acc@1: 57.84 mrr: 69.64, ndcg: 74.30, took: 4.03s
Epoch 16, 50.8%	 loss: 1.758 acc@1: 57.24 mrr: 69.23, ndcg: 73.93, took: 3.96s
Epoch 16, 59.2%	 loss: 1.777 acc@1: 56.88 mrr: 68.95, ndcg: 73.67, took: 4.30s
Epoch 16, 67.7%	 loss: 1.733 acc@1: 57.89 mrr: 69.77, ndcg: 74.48, took: 4.20s
Epoch 16, 76.1%	 loss: 1.741 acc@1: 57.99 mrr: 69.77, ndcg: 74.40, took: 3.96s
Epoch 16, 84.6%	 loss: 1.762 acc@1: 57.80 mrr: 69.49, ndcg: 74.13, took: 4.14s
Epoch 16, 93.1%	 loss: 1.743 acc@1: 57.97 mrr: 69.72, ndcg: 74.33, took: 4.15s
Validation - loss: 2.8759, acc@1: 51.95%, f1: 45.37%, mrr: 62.93%, ndcg: 67.32%
Current learning rate: 0.000166

=== Epoch 17 ===
Epoch 17, 8.5%	 loss: 1.708 acc@1: 58.52 mrr: 70.27, ndcg: 74.91, took: 4.24s
Epoch 17, 16.9%	 loss: 1.718 acc@1: 58.46 mrr: 70.09, ndcg: 74.69, took: 4.07s
Epoch 17, 25.4%	 loss: 1.724 acc@1: 58.06 mrr: 69.84, ndcg: 74.50, took: 4.19s
Epoch 17, 33.8%	 loss: 1.675 acc@1: 58.68 mrr: 70.52, ndcg: 75.26, took: 4.23s
Epoch 17, 42.3%	 loss: 1.750 acc@1: 57.59 mrr: 69.53, ndcg: 74.21, took: 4.24s
Epoch 17, 50.8%	 loss: 1.748 acc@1: 57.62 mrr: 69.44, ndcg: 74.10, took: 4.14s
Epoch 17, 59.2%	 loss: 1.771 acc@1: 56.80 mrr: 68.81, ndcg: 73.58, took: 4.22s
Epoch 17, 67.7%	 loss: 1.762 acc@1: 56.95 mrr: 69.07, ndcg: 73.83, took: 4.27s
Epoch 17, 76.1%	 loss: 1.758 acc@1: 57.87 mrr: 69.58, ndcg: 74.15, took: 4.09s
Epoch 17, 84.6%	 loss: 1.776 acc@1: 56.73 mrr: 68.90, ndcg: 73.73, took: 4.21s
Epoch 17, 93.1%	 loss: 1.735 acc@1: 58.14 mrr: 69.84, ndcg: 74.47, took: 4.36s
Validation - loss: 2.8805, acc@1: 51.85%, f1: 45.48%, mrr: 62.85%, ndcg: 67.29%
Current learning rate: 0.000017

=== Epoch 18 ===
Epoch 18, 8.5%	 loss: 1.805 acc@1: 56.82 mrr: 68.75, ndcg: 73.49, took: 4.24s
Epoch 18, 16.9%	 loss: 1.793 acc@1: 57.34 mrr: 69.21, ndcg: 73.96, took: 4.28s
Epoch 18, 25.4%	 loss: 1.801 acc@1: 56.73 mrr: 68.89, ndcg: 73.67, took: 4.28s
Epoch 18, 33.8%	 loss: 1.787 acc@1: 57.17 mrr: 69.08, ndcg: 73.83, took: 4.78s
Epoch 18, 42.3%	 loss: 1.792 acc@1: 56.79 mrr: 69.04, ndcg: 73.78, took: 4.23s
Epoch 18, 50.8%	 loss: 1.786 acc@1: 57.38 mrr: 69.29, ndcg: 74.00, took: 4.27s
Epoch 18, 59.2%	 loss: 1.791 acc@1: 57.18 mrr: 69.14, ndcg: 73.80, took: 4.16s
Epoch 18, 67.7%	 loss: 1.805 acc@1: 57.26 mrr: 68.98, ndcg: 73.59, took: 4.24s
Epoch 18, 76.1%	 loss: 1.776 acc@1: 57.34 mrr: 69.39, ndcg: 74.11, took: 4.28s
Epoch 18, 84.6%	 loss: 1.804 acc@1: 57.50 mrr: 69.16, ndcg: 73.76, took: 4.28s
Epoch 18, 93.1%	 loss: 1.765 acc@1: 57.44 mrr: 69.41, ndcg: 74.14, took: 4.12s
Validation - loss: 2.8472, acc@1: 52.07%, f1: 45.16%, mrr: 63.07%, ndcg: 67.47%
Current learning rate: 0.000017

=== Epoch 19 ===
Epoch 19, 8.5%	 loss: 1.765 acc@1: 58.06 mrr: 69.72, ndcg: 74.36, took: 4.23s
Epoch 19, 16.9%	 loss: 1.798 acc@1: 56.91 mrr: 68.91, ndcg: 73.67, took: 4.27s
Epoch 19, 25.4%	 loss: 1.793 acc@1: 56.96 mrr: 68.97, ndcg: 73.74, took: 4.23s
Epoch 19, 33.8%	 loss: 1.802 acc@1: 56.78 mrr: 68.82, ndcg: 73.58, took: 4.21s
Epoch 19, 42.3%	 loss: 1.792 acc@1: 56.65 mrr: 68.85, ndcg: 73.60, took: 4.22s
Epoch 19, 50.8%	 loss: 1.787 acc@1: 57.43 mrr: 69.26, ndcg: 73.97, took: 4.24s
Epoch 19, 59.2%	 loss: 1.753 acc@1: 57.96 mrr: 69.75, ndcg: 74.37, took: 4.34s
Epoch 19, 67.7%	 loss: 1.799 acc@1: 57.06 mrr: 69.04, ndcg: 73.67, took: 4.34s
Epoch 19, 76.1%	 loss: 1.804 acc@1: 56.93 mrr: 68.81, ndcg: 73.53, took: 4.07s
Epoch 19, 84.6%	 loss: 1.831 acc@1: 56.31 mrr: 68.35, ndcg: 73.11, took: 4.29s
Epoch 19, 93.1%	 loss: 1.789 acc@1: 57.11 mrr: 69.13, ndcg: 73.86, took: 4.20s
Validation - loss: 2.8452, acc@1: 51.94%, f1: 45.18%, mrr: 62.98%, ndcg: 67.39%
Current learning rate: 0.000017

=== Epoch 20 ===
Epoch 20, 8.5%	 loss: 1.783 acc@1: 57.38 mrr: 69.18, ndcg: 73.87, took: 4.27s
Epoch 20, 16.9%	 loss: 1.823 acc@1: 56.66 mrr: 68.64, ndcg: 73.28, took: 4.27s
Epoch 20, 25.4%	 loss: 1.810 acc@1: 56.86 mrr: 68.74, ndcg: 73.44, took: 4.31s
Epoch 20, 33.8%	 loss: 1.781 acc@1: 56.42 mrr: 68.82, ndcg: 73.65, took: 4.26s
Epoch 20, 42.3%	 loss: 1.787 acc@1: 56.68 mrr: 68.99, ndcg: 73.79, took: 4.12s
Epoch 20, 50.8%	 loss: 1.782 acc@1: 57.01 mrr: 69.02, ndcg: 73.78, took: 4.12s
Epoch 20, 59.2%	 loss: 1.807 acc@1: 56.58 mrr: 68.62, ndcg: 73.46, took: 4.31s
Epoch 20, 67.7%	 loss: 1.760 acc@1: 58.23 mrr: 69.88, ndcg: 74.45, took: 4.26s
Epoch 20, 76.1%	 loss: 1.767 acc@1: 57.52 mrr: 69.45, ndcg: 74.08, took: 4.15s
Epoch 20, 84.6%	 loss: 1.797 acc@1: 57.02 mrr: 68.92, ndcg: 73.66, took: 4.25s
Epoch 20, 93.1%	 loss: 1.764 acc@1: 57.45 mrr: 69.41, ndcg: 74.22, took: 4.28s
Validation - loss: 2.8440, acc@1: 52.10%, f1: 45.26%, mrr: 63.11%, ndcg: 67.48%
Current learning rate: 0.000017

=== Epoch 21 ===
Epoch 21, 8.5%	 loss: 1.775 acc@1: 57.61 mrr: 69.44, ndcg: 74.12, took: 4.29s
Epoch 21, 16.9%	 loss: 1.786 acc@1: 57.03 mrr: 69.09, ndcg: 73.89, took: 4.42s
Epoch 21, 25.4%	 loss: 1.782 acc@1: 56.77 mrr: 68.82, ndcg: 73.58, took: 4.03s
Epoch 21, 33.8%	 loss: 1.813 acc@1: 56.54 mrr: 68.63, ndcg: 73.38, took: 4.04s
Epoch 21, 42.3%	 loss: 1.784 acc@1: 57.30 mrr: 69.27, ndcg: 73.93, took: 4.08s
Epoch 21, 50.8%	 loss: 1.785 acc@1: 57.82 mrr: 69.41, ndcg: 73.99, took: 4.28s
Epoch 21, 59.2%	 loss: 1.742 acc@1: 57.72 mrr: 69.67, ndcg: 74.38, took: 4.22s
Epoch 21, 67.7%	 loss: 1.769 acc@1: 57.22 mrr: 69.31, ndcg: 74.05, took: 4.04s
Epoch 21, 76.1%	 loss: 1.801 acc@1: 56.88 mrr: 68.90, ndcg: 73.65, took: 4.26s
Epoch 21, 84.6%	 loss: 1.817 acc@1: 56.63 mrr: 68.61, ndcg: 73.34, took: 4.17s
Epoch 21, 93.1%	 loss: 1.765 acc@1: 58.04 mrr: 69.63, ndcg: 74.31, took: 4.33s
Validation - loss: 2.8470, acc@1: 52.01%, f1: 45.36%, mrr: 63.01%, ndcg: 67.40%
Current learning rate: 0.000017

=== Epoch 22 ===
Epoch 22, 8.5%	 loss: 1.815 acc@1: 56.67 mrr: 68.69, ndcg: 73.42, took: 4.23s
Epoch 22, 16.9%	 loss: 1.761 acc@1: 57.71 mrr: 69.51, ndcg: 74.12, took: 4.15s
Epoch 22, 25.4%	 loss: 1.792 acc@1: 56.86 mrr: 68.94, ndcg: 73.67, took: 4.19s
Epoch 22, 33.8%	 loss: 1.788 acc@1: 57.23 mrr: 69.19, ndcg: 73.85, took: 4.07s
Epoch 22, 42.3%	 loss: 1.763 acc@1: 57.30 mrr: 69.33, ndcg: 74.05, took: 4.27s
Epoch 22, 50.8%	 loss: 1.769 acc@1: 57.32 mrr: 69.44, ndcg: 74.16, took: 4.24s
Epoch 22, 59.2%	 loss: 1.776 acc@1: 57.46 mrr: 69.34, ndcg: 73.96, took: 4.23s
Epoch 22, 67.7%	 loss: 1.801 acc@1: 56.66 mrr: 68.74, ndcg: 73.47, took: 4.33s
Epoch 22, 76.1%	 loss: 1.806 acc@1: 56.73 mrr: 68.70, ndcg: 73.45, took: 4.31s
Epoch 22, 84.6%	 loss: 1.777 acc@1: 57.23 mrr: 69.19, ndcg: 73.89, took: 4.25s
Epoch 22, 93.1%	 loss: 1.753 acc@1: 58.14 mrr: 69.86, ndcg: 74.48, took: 4.22s
Validation - loss: 2.8504, acc@1: 52.02%, f1: 45.35%, mrr: 63.03%, ndcg: 67.42%
Current learning rate: 0.000017

=== Epoch 23 ===
Epoch 23, 8.5%	 loss: 1.757 acc@1: 57.77 mrr: 69.57, ndcg: 74.25, took: 4.22s
Epoch 23, 16.9%	 loss: 1.792 acc@1: 56.76 mrr: 68.81, ndcg: 73.58, took: 4.23s
Epoch 23, 25.4%	 loss: 1.754 acc@1: 58.09 mrr: 69.80, ndcg: 74.50, took: 4.14s
Epoch 23, 33.8%	 loss: 1.807 acc@1: 56.42 mrr: 68.56, ndcg: 73.37, took: 4.21s
Epoch 23, 42.3%	 loss: 1.742 acc@1: 57.82 mrr: 69.72, ndcg: 74.40, took: 4.35s
Epoch 23, 50.8%	 loss: 1.821 acc@1: 56.45 mrr: 68.57, ndcg: 73.33, took: 4.32s
Epoch 23, 59.2%	 loss: 1.768 acc@1: 56.78 mrr: 69.07, ndcg: 73.94, took: 4.19s
Epoch 23, 67.7%	 loss: 1.747 acc@1: 57.92 mrr: 69.76, ndcg: 74.41, took: 4.44s
Epoch 23, 76.1%	 loss: 1.783 acc@1: 57.02 mrr: 69.08, ndcg: 73.85, took: 4.15s
Epoch 23, 84.6%	 loss: 1.772 acc@1: 57.72 mrr: 69.51, ndcg: 74.16, took: 4.00s
Epoch 23, 93.1%	 loss: 1.777 acc@1: 57.42 mrr: 69.35, ndcg: 74.00, took: 4.15s
Validation - loss: 2.8479, acc@1: 52.07%, f1: 45.24%, mrr: 63.09%, ndcg: 67.48%
Current learning rate: 0.000017

=== Epoch 24 ===
Epoch 24, 8.5%	 loss: 1.760 acc@1: 57.47 mrr: 69.43, ndcg: 74.18, took: 4.15s
Epoch 24, 16.9%	 loss: 1.783 acc@1: 56.81 mrr: 68.98, ndcg: 73.76, took: 4.12s
Epoch 24, 25.4%	 loss: 1.759 acc@1: 57.47 mrr: 69.39, ndcg: 74.10, took: 4.26s
Epoch 24, 33.8%	 loss: 1.786 acc@1: 57.02 mrr: 69.11, ndcg: 73.87, took: 4.20s
Epoch 24, 42.3%	 loss: 1.825 acc@1: 56.13 mrr: 68.22, ndcg: 73.01, took: 4.28s
Epoch 24, 50.8%	 loss: 1.776 acc@1: 57.45 mrr: 69.41, ndcg: 74.05, took: 4.33s
Epoch 24, 59.2%	 loss: 1.797 acc@1: 56.57 mrr: 68.72, ndcg: 73.53, took: 4.13s
Epoch 24, 67.7%	 loss: 1.773 acc@1: 57.01 mrr: 69.17, ndcg: 73.89, took: 4.26s
Epoch 24, 76.1%	 loss: 1.788 acc@1: 56.76 mrr: 68.80, ndcg: 73.57, took: 4.18s
Epoch 24, 84.6%	 loss: 1.728 acc@1: 58.23 mrr: 70.04, ndcg: 74.73, took: 4.09s
Epoch 24, 93.1%	 loss: 1.747 acc@1: 58.12 mrr: 69.83, ndcg: 74.47, took: 4.18s
Validation - loss: 2.8457, acc@1: 52.02%, f1: 45.25%, mrr: 63.09%, ndcg: 67.47%
Current learning rate: 0.000017

=== Epoch 25 ===
Epoch 25, 8.5%	 loss: 1.774 acc@1: 57.44 mrr: 69.27, ndcg: 73.98, took: 4.34s
Epoch 25, 16.9%	 loss: 1.751 acc@1: 58.07 mrr: 69.77, ndcg: 74.34, took: 4.07s
Epoch 25, 25.4%	 loss: 1.776 acc@1: 57.52 mrr: 69.33, ndcg: 74.02, took: 4.36s
Epoch 25, 33.8%	 loss: 1.781 acc@1: 57.05 mrr: 69.18, ndcg: 73.95, took: 4.21s
Epoch 25, 42.3%	 loss: 1.748 acc@1: 58.00 mrr: 69.76, ndcg: 74.40, took: 4.18s
Epoch 25, 50.8%	 loss: 1.766 acc@1: 57.49 mrr: 69.41, ndcg: 74.08, took: 4.01s
Epoch 25, 59.2%	 loss: 1.781 acc@1: 57.11 mrr: 69.14, ndcg: 73.85, took: 4.24s
Epoch 25, 67.7%	 loss: 1.770 acc@1: 57.61 mrr: 69.45, ndcg: 74.12, took: 4.19s
Epoch 25, 76.1%	 loss: 1.769 acc@1: 57.31 mrr: 69.28, ndcg: 74.04, took: 4.36s
Epoch 25, 84.6%	 loss: 1.771 acc@1: 56.99 mrr: 69.12, ndcg: 73.86, took: 4.41s
Epoch 25, 93.1%	 loss: 1.818 acc@1: 56.58 mrr: 68.66, ndcg: 73.33, took: 4.28s
Validation - loss: 2.8475, acc@1: 52.04%, f1: 45.32%, mrr: 63.08%, ndcg: 67.49%
Training finished.	 Time: 1305.49s.	 acc@1: 52.10%

=== Test Results ===
Test Results:
  acc@1: 52.77%
  acc@5: 76.80%
  acc@10: 80.71%
  mrr: 63.28%
  ndcg: 67.29%
  f1: 46.56%

=== Training Complete ===
