2025-12-29 06:40:25,734 - INFO - ============================================================
2025-12-29 06:40:25,734 - INFO - ABLATION STUDY: no_pointer
2025-12-29 06:40:25,734 - INFO - ============================================================
2025-12-29 06:40:25,734 - INFO - Ablation: Without Pointer Mechanism (Generation Only)
2025-12-29 06:40:25,735 - INFO - Model parameters: 240,979
2025-12-29 06:40:25,735 - INFO - ============================================================
2025-12-29 06:40:25,735 - INFO - Training for 50 epochs
2025-12-29 06:40:28,828 - INFO - Epoch 1/50 | LR: 1.30e-04 | Train: 6.6243 | Val: 6.1872 | Acc@1: 11.85%
2025-12-29 06:40:28,846 - INFO -   ✓ New best (Acc@1: 11.85%)
2025-12-29 06:40:31,309 - INFO - Epoch 2/50 | LR: 2.60e-04 | Train: 5.1154 | Val: 5.2006 | Acc@1: 21.96%
2025-12-29 06:40:31,328 - INFO -   ✓ New best (Acc@1: 21.96%)
2025-12-29 06:40:33,750 - INFO - Epoch 3/50 | LR: 3.90e-04 | Train: 4.1567 | Val: 4.7215 | Acc@1: 29.39%
2025-12-29 06:40:33,768 - INFO -   ✓ New best (Acc@1: 29.39%)
2025-12-29 06:40:36,230 - INFO - Epoch 4/50 | LR: 5.20e-04 | Train: 3.5863 | Val: 4.4776 | Acc@1: 37.43%
2025-12-29 06:40:36,248 - INFO -   ✓ New best (Acc@1: 37.43%)
2025-12-29 06:40:38,331 - INFO - Epoch 5/50 | LR: 6.50e-04 | Train: 3.2504 | Val: 4.3956 | Acc@1: 38.69%
2025-12-29 06:40:38,349 - INFO -   ✓ New best (Acc@1: 38.69%)
2025-12-29 06:40:40,464 - INFO - Epoch 6/50 | LR: 6.50e-04 | Train: 3.0017 | Val: 4.3379 | Acc@1: 40.13%
2025-12-29 06:40:40,483 - INFO -   ✓ New best (Acc@1: 40.13%)
2025-12-29 06:40:42,600 - INFO - Epoch 7/50 | LR: 6.49e-04 | Train: 2.8004 | Val: 4.2934 | Acc@1: 40.73%
2025-12-29 06:40:42,616 - INFO -   ✓ New best (Acc@1: 40.73%)
2025-12-29 06:40:44,985 - INFO - Epoch 8/50 | LR: 6.47e-04 | Train: 2.6366 | Val: 4.2476 | Acc@1: 41.90%
2025-12-29 06:40:45,004 - INFO -   ✓ New best (Acc@1: 41.90%)
2025-12-29 06:40:47,335 - INFO - Epoch 9/50 | LR: 6.43e-04 | Train: 2.4800 | Val: 4.2263 | Acc@1: 43.01%
2025-12-29 06:40:47,352 - INFO -   ✓ New best (Acc@1: 43.01%)
2025-12-29 06:40:49,826 - INFO - Epoch 10/50 | LR: 6.37e-04 | Train: 2.3554 | Val: 4.2509 | Acc@1: 41.96%
2025-12-29 06:40:52,355 - INFO - Epoch 11/50 | LR: 6.30e-04 | Train: 2.2198 | Val: 4.2790 | Acc@1: 42.41%
2025-12-29 06:40:54,670 - INFO - Epoch 12/50 | LR: 6.22e-04 | Train: 2.0934 | Val: 4.3415 | Acc@1: 40.43%
2025-12-29 06:40:57,014 - INFO - Epoch 13/50 | LR: 6.12e-04 | Train: 1.9973 | Val: 4.3436 | Acc@1: 40.64%
2025-12-29 06:40:59,447 - INFO - Epoch 14/50 | LR: 6.01e-04 | Train: 1.9026 | Val: 4.4126 | Acc@1: 40.85%
2025-12-29 06:40:59,447 - INFO - Early stopping at epoch 14
2025-12-29 06:41:00,646 - INFO - ============================================================
2025-12-29 06:41:00,646 - INFO - FINAL TEST RESULTS
2025-12-29 06:41:00,646 - INFO -   Acc@1:  33.01%
2025-12-29 06:41:00,646 - INFO -   Acc@5:  56.42%
2025-12-29 06:41:00,646 - INFO -   Acc@10: 59.65%
2025-12-29 06:41:00,646 - INFO -   MRR:    43.61%
2025-12-29 06:41:00,647 - INFO -   NDCG:   47.24%
2025-12-29 06:41:00,647 - INFO -   F1:     24.69%
2025-12-29 06:41:00,647 - INFO - ============================================================
