2025-12-30 16:51:14,247 - INFO - ============================================================
2025-12-30 16:51:14,247 - INFO - POINTER V45 - Training Started
2025-12-30 16:51:14,247 - INFO - ============================================================
2025-12-30 16:51:14,247 - INFO - Model config: {'d_model': 64, 'dim_feedforward': 256, 'dropout': 0.15, 'nhead': 8, 'num_layers': 4}
2025-12-30 16:51:14,247 - INFO - Training config: {'batch_size': 128, 'grad_clip': 0.8, 'label_smoothing': 0.03, 'learning_rate': 0.0006, 'min_epochs': 3, 'min_lr': 1e-06, 'num_epochs': 50, 'patience': 5, 'use_amp': True, 'warmup_epochs': 5, 'weight_decay': 0.015}
2025-12-30 16:51:14,247 - INFO - ============================================================
2025-12-30 16:51:14,248 - INFO - Training for 50 epochs
2025-12-30 16:51:14,248 - INFO - Model parameters: 1,221,920
2025-12-30 16:53:34,304 - INFO - Epoch 1/50 | LR: 1.20e-04 | Train: 3.3399 | Val: 3.2049 | Acc@1: 50.11%
2025-12-30 16:53:34,358 - INFO -   ✓ New best (Acc@1: 50.11%)
2025-12-30 16:55:51,726 - INFO - Epoch 2/50 | LR: 2.40e-04 | Train: 3.0834 | Val: 3.1234 | Acc@1: 52.44%
2025-12-30 16:55:51,780 - INFO -   ✓ New best (Acc@1: 52.44%)
2025-12-30 16:58:09,926 - INFO - Epoch 3/50 | LR: 3.60e-04 | Train: 2.9832 | Val: 3.0675 | Acc@1: 53.51%
2025-12-30 16:58:09,981 - INFO -   ✓ New best (Acc@1: 53.51%)
2025-12-30 17:00:27,963 - INFO - Epoch 4/50 | LR: 4.80e-04 | Train: 2.8910 | Val: 3.0045 | Acc@1: 53.97%
2025-12-30 17:00:28,017 - INFO -   ✓ New best (Acc@1: 53.97%)
2025-12-30 17:02:45,587 - INFO - Epoch 5/50 | LR: 6.00e-04 | Train: 2.7901 | Val: 2.9367 | Acc@1: 54.35%
2025-12-30 17:02:45,645 - INFO -   ✓ New best (Acc@1: 54.35%)
2025-12-30 17:05:02,119 - INFO - Epoch 6/50 | LR: 6.00e-04 | Train: 2.6974 | Val: 2.9021 | Acc@1: 54.58%
2025-12-30 17:05:02,177 - INFO -   ✓ New best (Acc@1: 54.58%)
2025-12-30 17:07:20,009 - INFO - Epoch 7/50 | LR: 5.99e-04 | Train: 2.6329 | Val: 2.8871 | Acc@1: 54.52%
2025-12-30 17:07:20,069 - INFO -   ✓ New best (Acc@1: 54.52%)
2025-12-30 17:09:34,818 - INFO - Epoch 8/50 | LR: 5.97e-04 | Train: 2.5835 | Val: 2.8887 | Acc@1: 54.32%
2025-12-30 17:11:51,962 - INFO - Epoch 9/50 | LR: 5.93e-04 | Train: 2.5487 | Val: 2.8787 | Acc@1: 54.83%
2025-12-30 17:11:52,021 - INFO -   ✓ New best (Acc@1: 54.83%)
2025-12-30 17:14:09,454 - INFO - Epoch 10/50 | LR: 5.88e-04 | Train: 2.5115 | Val: 2.8921 | Acc@1: 54.61%
2025-12-30 17:16:18,094 - INFO - Epoch 11/50 | LR: 5.82e-04 | Train: 2.4798 | Val: 2.9045 | Acc@1: 54.16%
2025-12-30 17:18:35,357 - INFO - Epoch 12/50 | LR: 5.74e-04 | Train: 2.4587 | Val: 2.9516 | Acc@1: 54.09%
2025-12-30 17:20:57,915 - INFO - Epoch 13/50 | LR: 5.65e-04 | Train: 2.4424 | Val: 2.9356 | Acc@1: 54.35%
2025-12-30 17:23:10,656 - INFO - Epoch 14/50 | LR: 5.54e-04 | Train: 2.4298 | Val: 2.9655 | Acc@1: 53.75%
2025-12-30 17:23:10,657 - INFO - Early stopping at epoch 14
2025-12-30 17:23:11,738 - INFO - Loaded checkpoint from epoch 9
2025-12-30 17:23:36,640 - INFO - ============================================================
2025-12-30 17:23:36,640 - INFO - FINAL VALIDATION RESULTS
2025-12-30 17:23:36,640 - INFO -   Acc@1:  54.83%
2025-12-30 17:23:36,640 - INFO -   Acc@5:  79.90%
2025-12-30 17:23:36,640 - INFO -   Acc@10: 83.62%
2025-12-30 17:23:36,640 - INFO -   MRR:    65.79%
2025-12-30 17:23:36,640 - INFO -   NDCG:   70.02%
2025-12-30 17:23:36,640 - INFO - ============================================================
2025-12-30 17:23:36,640 - INFO - FINAL TEST RESULTS
2025-12-30 17:23:36,641 - INFO -   Acc@1:  55.17%
2025-12-30 17:23:36,641 - INFO -   Acc@5:  81.21%
2025-12-30 17:23:36,641 - INFO -   Acc@10: 84.67%
2025-12-30 17:23:36,641 - INFO -   MRR:    66.47%
2025-12-30 17:23:36,641 - INFO -   NDCG:   70.80%
2025-12-30 17:23:36,641 - INFO - ============================================================
