2025-12-30 21:18:53,693 - INFO - ============================================================
2025-12-30 21:18:53,693 - INFO - POINTER V45 - Training Started
2025-12-30 21:18:53,693 - INFO - ============================================================
2025-12-30 21:18:53,693 - INFO - Model config: {'d_model': 32, 'dim_feedforward': 128, 'dropout': 0.15, 'nhead': 4, 'num_layers': 2}
2025-12-30 21:18:53,693 - INFO - Training config: {'batch_size': 128, 'grad_clip': 0.8, 'label_smoothing': 0.03, 'learning_rate': 0.00065, 'min_epochs': 3, 'min_lr': 1e-06, 'num_epochs': 50, 'patience': 5, 'use_amp': True, 'warmup_epochs': 5, 'weight_decay': 0.015}
2025-12-30 21:18:53,693 - INFO - ============================================================
2025-12-30 21:18:53,693 - INFO - Training for 50 epochs
2025-12-30 21:18:53,694 - INFO - Model parameters: 360,302
2025-12-30 21:21:02,538 - INFO - Epoch 1/50 | LR: 1.30e-04 | Train: 3.0231 | Val: 2.8825 | Acc@1: 46.10%
2025-12-30 21:21:02,563 - INFO -   ✓ New best (Acc@1: 46.10%)
2025-12-30 21:23:11,146 - INFO - Epoch 2/50 | LR: 2.60e-04 | Train: 2.8139 | Val: 2.7650 | Acc@1: 52.18%
2025-12-30 21:23:11,171 - INFO -   ✓ New best (Acc@1: 52.18%)
2025-12-30 21:25:10,499 - INFO - Epoch 3/50 | LR: 3.90e-04 | Train: 2.7070 | Val: 2.7295 | Acc@1: 52.91%
2025-12-30 21:25:10,528 - INFO -   ✓ New best (Acc@1: 52.91%)
2025-12-30 21:26:56,503 - INFO - Epoch 4/50 | LR: 5.20e-04 | Train: 2.6424 | Val: 2.7125 | Acc@1: 52.95%
2025-12-30 21:26:56,527 - INFO -   ✓ New best (Acc@1: 52.95%)
2025-12-30 21:28:37,147 - INFO - Epoch 5/50 | LR: 6.50e-04 | Train: 2.5963 | Val: 2.7045 | Acc@1: 53.42%
2025-12-30 21:28:37,173 - INFO -   ✓ New best (Acc@1: 53.42%)
2025-12-30 21:30:19,808 - INFO - Epoch 6/50 | LR: 6.50e-04 | Train: 2.5507 | Val: 2.6944 | Acc@1: 54.06%
2025-12-30 21:30:19,835 - INFO -   ✓ New best (Acc@1: 54.06%)
2025-12-30 21:32:01,045 - INFO - Epoch 7/50 | LR: 6.49e-04 | Train: 2.5162 | Val: 2.6928 | Acc@1: 53.84%
2025-12-30 21:32:01,073 - INFO -   ✓ New best (Acc@1: 53.84%)
2025-12-30 21:33:42,822 - INFO - Epoch 8/50 | LR: 6.47e-04 | Train: 2.4851 | Val: 2.6938 | Acc@1: 53.52%
2025-12-30 21:35:24,202 - INFO - Epoch 9/50 | LR: 6.43e-04 | Train: 2.4546 | Val: 2.6949 | Acc@1: 53.90%
2025-12-30 21:37:05,311 - INFO - Epoch 10/50 | LR: 6.37e-04 | Train: 2.4252 | Val: 2.6963 | Acc@1: 54.03%
2025-12-30 21:38:46,978 - INFO - Epoch 11/50 | LR: 6.30e-04 | Train: 2.3979 | Val: 2.7075 | Acc@1: 53.07%
2025-12-30 21:40:27,679 - INFO - Epoch 12/50 | LR: 6.22e-04 | Train: 2.3694 | Val: 2.7076 | Acc@1: 53.33%
2025-12-30 21:40:27,679 - INFO - Early stopping at epoch 12
2025-12-30 21:40:28,421 - INFO - Loaded checkpoint from epoch 7
2025-12-30 21:40:33,376 - INFO - ============================================================
2025-12-30 21:40:33,376 - INFO - FINAL VALIDATION RESULTS
2025-12-30 21:40:33,376 - INFO -   Acc@1:  53.84%
2025-12-30 21:40:33,377 - INFO -   Acc@5:  81.97%
2025-12-30 21:40:33,377 - INFO -   Acc@10: 85.86%
2025-12-30 21:40:33,377 - INFO -   MRR:    65.95%
2025-12-30 21:40:33,377 - INFO -   NDCG:   70.73%
2025-12-30 21:40:33,377 - INFO - ============================================================
2025-12-30 21:40:33,377 - INFO - FINAL TEST RESULTS
2025-12-30 21:40:33,377 - INFO -   Acc@1:  55.65%
2025-12-30 21:40:33,377 - INFO -   Acc@5:  83.05%
2025-12-30 21:40:33,377 - INFO -   Acc@10: 87.28%
2025-12-30 21:40:33,377 - INFO -   MRR:    67.39%
2025-12-30 21:40:33,377 - INFO -   NDCG:   72.15%
2025-12-30 21:40:33,377 - INFO - ============================================================
