2025-12-30 21:47:02,473 - INFO - ============================================================
2025-12-30 21:47:02,473 - INFO - POINTER V45 - Training Started
2025-12-30 21:47:02,473 - INFO - ============================================================
2025-12-30 21:47:02,473 - INFO - Model config: {'d_model': 128, 'dim_feedforward': 128, 'dropout': 0.15, 'nhead': 2, 'num_layers': 4}
2025-12-30 21:47:02,473 - INFO - Training config: {'batch_size': 128, 'grad_clip': 0.8, 'label_smoothing': 0.03, 'learning_rate': 0.00065, 'min_epochs': 3, 'min_lr': 1e-06, 'num_epochs': 50, 'patience': 5, 'use_amp': True, 'warmup_epochs': 5, 'weight_decay': 0.015}
2025-12-30 21:47:02,473 - INFO - ============================================================
2025-12-30 21:47:02,473 - INFO - Training for 50 epochs
2025-12-30 21:47:02,474 - INFO - Model parameters: 812,460
2025-12-30 21:47:09,646 - INFO - Epoch 1/50 | LR: 1.30e-04 | Train: 4.7541 | Val: 3.4956 | Acc@1: 39.79%
2025-12-30 21:47:09,689 - INFO -   ✓ New best (Acc@1: 39.79%)
2025-12-30 21:47:15,708 - INFO - Epoch 2/50 | LR: 2.60e-04 | Train: 4.1465 | Val: 3.3396 | Acc@1: 41.42%
2025-12-30 21:47:15,752 - INFO -   ✓ New best (Acc@1: 41.42%)
2025-12-30 21:47:21,865 - INFO - Epoch 3/50 | LR: 3.90e-04 | Train: 3.7188 | Val: 3.2492 | Acc@1: 44.25%
2025-12-30 21:47:21,909 - INFO -   ✓ New best (Acc@1: 44.25%)
2025-12-30 21:47:27,937 - INFO - Epoch 4/50 | LR: 5.20e-04 | Train: 3.4304 | Val: 3.2001 | Acc@1: 46.39%
2025-12-30 21:47:27,981 - INFO -   ✓ New best (Acc@1: 46.39%)
2025-12-30 21:47:34,013 - INFO - Epoch 5/50 | LR: 6.50e-04 | Train: 3.0728 | Val: 3.2372 | Acc@1: 43.52%
2025-12-30 21:47:39,986 - INFO - Epoch 6/50 | LR: 6.50e-04 | Train: 2.7431 | Val: 3.2096 | Acc@1: 45.33%
2025-12-30 21:47:46,017 - INFO - Epoch 7/50 | LR: 6.49e-04 | Train: 2.4453 | Val: 3.2502 | Acc@1: 47.11%
2025-12-30 21:47:51,671 - INFO - Epoch 8/50 | LR: 6.47e-04 | Train: 2.2146 | Val: 3.2869 | Acc@1: 47.44%
2025-12-30 21:47:56,290 - INFO - Epoch 9/50 | LR: 6.43e-04 | Train: 2.0270 | Val: 3.4108 | Acc@1: 46.42%
2025-12-30 21:47:56,291 - INFO - Early stopping at epoch 9
2025-12-30 21:47:56,589 - INFO - Loaded checkpoint from epoch 4
2025-12-30 21:47:59,021 - INFO - ============================================================
2025-12-30 21:47:59,021 - INFO - FINAL VALIDATION RESULTS
2025-12-30 21:47:59,021 - INFO -   Acc@1:  46.39%
2025-12-30 21:47:59,021 - INFO -   Acc@5:  73.58%
2025-12-30 21:47:59,021 - INFO -   Acc@10: 79.64%
2025-12-30 21:47:59,021 - INFO -   MRR:    58.46%
2025-12-30 21:47:59,021 - INFO -   NDCG:   63.40%
2025-12-30 21:47:59,021 - INFO - ============================================================
2025-12-30 21:47:59,021 - INFO - FINAL TEST RESULTS
2025-12-30 21:47:59,021 - INFO -   Acc@1:  48.96%
2025-12-30 21:47:59,021 - INFO -   Acc@5:  76.98%
2025-12-30 21:47:59,022 - INFO -   Acc@10: 81.49%
2025-12-30 21:47:59,022 - INFO -   MRR:    61.44%
2025-12-30 21:47:59,022 - INFO -   NDCG:   66.17%
2025-12-30 21:47:59,022 - INFO - ============================================================
