2025-12-30 20:09:03,375 - INFO - ============================================================
2025-12-30 20:09:03,375 - INFO - POINTER V45 - Training Started
2025-12-30 20:09:03,375 - INFO - ============================================================
2025-12-30 20:09:03,375 - INFO - Model config: {'d_model': 32, 'dim_feedforward': 512, 'dropout': 0.15, 'nhead': 4, 'num_layers': 2}
2025-12-30 20:09:03,375 - INFO - Training config: {'batch_size': 128, 'grad_clip': 0.8, 'label_smoothing': 0.03, 'learning_rate': 0.0006, 'min_epochs': 3, 'min_lr': 1e-06, 'num_epochs': 50, 'patience': 5, 'use_amp': True, 'warmup_epochs': 5, 'weight_decay': 0.015}
2025-12-30 20:09:03,375 - INFO - ============================================================
2025-12-30 20:09:03,375 - INFO - Training for 50 epochs
2025-12-30 20:09:03,376 - INFO - Model parameters: 502,167
2025-12-30 20:11:39,036 - INFO - Epoch 1/50 | LR: 1.20e-04 | Train: 3.0252 | Val: 2.9802 | Acc@1: 49.24%
2025-12-30 20:11:39,063 - INFO -   ✓ New best (Acc@1: 49.24%)
2025-12-30 20:14:06,678 - INFO - Epoch 2/50 | LR: 2.40e-04 | Train: 2.8428 | Val: 2.9070 | Acc@1: 51.49%
2025-12-30 20:14:06,708 - INFO -   ✓ New best (Acc@1: 51.49%)
2025-12-30 20:16:33,426 - INFO - Epoch 3/50 | LR: 3.60e-04 | Train: 2.7610 | Val: 2.8792 | Acc@1: 52.84%
2025-12-30 20:16:33,456 - INFO -   ✓ New best (Acc@1: 52.84%)
2025-12-30 20:19:04,731 - INFO - Epoch 4/50 | LR: 4.80e-04 | Train: 2.7074 | Val: 2.8539 | Acc@1: 53.36%
2025-12-30 20:19:04,765 - INFO -   ✓ New best (Acc@1: 53.36%)
2025-12-30 20:21:40,640 - INFO - Epoch 5/50 | LR: 6.00e-04 | Train: 2.6747 | Val: 2.8400 | Acc@1: 53.57%
2025-12-30 20:21:40,671 - INFO -   ✓ New best (Acc@1: 53.57%)
2025-12-30 20:24:14,860 - INFO - Epoch 6/50 | LR: 6.00e-04 | Train: 2.6327 | Val: 2.8228 | Acc@1: 53.66%
2025-12-30 20:24:14,890 - INFO -   ✓ New best (Acc@1: 53.66%)
2025-12-30 20:26:49,595 - INFO - Epoch 7/50 | LR: 5.99e-04 | Train: 2.5945 | Val: 2.8229 | Acc@1: 53.92%
2025-12-30 20:29:17,344 - INFO - Epoch 8/50 | LR: 5.97e-04 | Train: 2.5617 | Val: 2.8224 | Acc@1: 53.82%
2025-12-30 20:29:17,374 - INFO -   ✓ New best (Acc@1: 53.82%)
2025-12-30 20:31:44,463 - INFO - Epoch 9/50 | LR: 5.93e-04 | Train: 2.5315 | Val: 2.8146 | Acc@1: 54.11%
2025-12-30 20:31:44,492 - INFO -   ✓ New best (Acc@1: 54.11%)
2025-12-30 20:34:16,199 - INFO - Epoch 10/50 | LR: 5.88e-04 | Train: 2.5051 | Val: 2.8214 | Acc@1: 53.77%
2025-12-30 20:36:43,693 - INFO - Epoch 11/50 | LR: 5.82e-04 | Train: 2.4810 | Val: 2.8299 | Acc@1: 53.82%
2025-12-30 20:39:02,035 - INFO - Epoch 12/50 | LR: 5.74e-04 | Train: 2.4567 | Val: 2.8352 | Acc@1: 53.81%
2025-12-30 20:41:12,209 - INFO - Epoch 13/50 | LR: 5.65e-04 | Train: 2.4357 | Val: 2.8446 | Acc@1: 53.71%
2025-12-30 20:42:49,788 - INFO - Epoch 14/50 | LR: 5.54e-04 | Train: 2.4159 | Val: 2.8629 | Acc@1: 53.24%
2025-12-30 20:42:49,789 - INFO - Early stopping at epoch 14
2025-12-30 20:42:50,454 - INFO - Loaded checkpoint from epoch 9
2025-12-30 20:42:58,674 - INFO - ============================================================
2025-12-30 20:42:58,674 - INFO - FINAL VALIDATION RESULTS
2025-12-30 20:42:58,674 - INFO -   Acc@1:  54.11%
2025-12-30 20:42:58,674 - INFO -   Acc@5:  80.53%
2025-12-30 20:42:58,674 - INFO -   Acc@10: 84.48%
2025-12-30 20:42:58,674 - INFO -   MRR:    65.51%
2025-12-30 20:42:58,675 - INFO -   NDCG:   70.01%
2025-12-30 20:42:58,675 - INFO - ============================================================
2025-12-30 20:42:58,675 - INFO - FINAL TEST RESULTS
2025-12-30 20:42:58,675 - INFO -   Acc@1:  55.54%
2025-12-30 20:42:58,675 - INFO -   Acc@5:  82.33%
2025-12-30 20:42:58,675 - INFO -   Acc@10: 85.96%
2025-12-30 20:42:58,675 - INFO -   MRR:    67.06%
2025-12-30 20:42:58,675 - INFO -   NDCG:   71.59%
2025-12-30 20:42:58,675 - INFO - ============================================================
