Training MHSA model
Dataset: diy
Config: /data/next_loc_clean_v2/config/ht_optuna/optuna_MHSA_diy_prev10_t19_20251231_134821_2e3bfd10.yaml
Device: cuda
Seed: 42
==================================================
Data loaders: train=470, val=25, test=32
Total trainable parameters: 2000558

=== Epoch 1 ===
Epoch 1, 2.1%	 loss: 8.761 acc@1: 0.00 mrr: 0.12, ndcg: 0.08, took: 6.38s
Epoch 1, 4.3%	 loss: 8.761 acc@1: 0.00 mrr: 0.11, ndcg: 0.04, took: 2.52s
Epoch 1, 6.4%	 loss: 8.761 acc@1: 0.00 mrr: 0.11, ndcg: 0.04, took: 2.60s
Epoch 1, 8.5%	 loss: 8.751 acc@1: 0.00 mrr: 0.15, ndcg: 0.07, took: 2.54s
Epoch 1, 10.6%	 loss: 8.755 acc@1: 0.00 mrr: 0.15, ndcg: 0.08, took: 2.51s
Epoch 1, 12.8%	 loss: 8.749 acc@1: 0.04 mrr: 0.21, ndcg: 0.16, took: 2.41s
Epoch 1, 14.9%	 loss: 8.747 acc@1: 0.00 mrr: 0.19, ndcg: 0.11, took: 2.64s
Epoch 1, 17.0%	 loss: 8.746 acc@1: 0.00 mrr: 0.20, ndcg: 0.12, took: 2.52s
Epoch 1, 19.1%	 loss: 8.739 acc@1: 0.00 mrr: 0.18, ndcg: 0.09, took: 2.41s
Epoch 1, 21.3%	 loss: 8.730 acc@1: 0.04 mrr: 0.33, ndcg: 0.28, took: 2.55s
Epoch 1, 23.4%	 loss: 8.721 acc@1: 0.20 mrr: 0.53, ndcg: 0.46, took: 2.46s
Epoch 1, 25.5%	 loss: 8.722 acc@1: 0.16 mrr: 0.51, ndcg: 0.38, took: 2.48s
Epoch 1, 27.7%	 loss: 8.713 acc@1: 0.39 mrr: 0.89, ndcg: 0.81, took: 2.52s
Epoch 1, 29.8%	 loss: 8.704 acc@1: 0.66 mrr: 1.39, ndcg: 1.49, took: 2.54s
Epoch 1, 31.9%	 loss: 8.687 acc@1: 1.84 mrr: 2.85, ndcg: 2.97, took: 2.46s
Epoch 1, 34.0%	 loss: 8.658 acc@1: 4.26 mrr: 5.45, ndcg: 5.68, took: 2.51s
Epoch 1, 36.2%	 loss: 8.631 acc@1: 8.95 mrr: 10.11, ndcg: 10.35, took: 2.53s
Epoch 1, 38.3%	 loss: 8.531 acc@1: 13.32 mrr: 14.04, ndcg: 14.07, took: 2.47s
Epoch 1, 40.4%	 loss: 8.381 acc@1: 16.84 mrr: 17.40, ndcg: 17.38, took: 2.49s
Epoch 1, 42.6%	 loss: 8.256 acc@1: 17.81 mrr: 18.34, ndcg: 18.39, took: 2.43s
Epoch 1, 44.7%	 loss: 8.134 acc@1: 18.98 mrr: 19.44, ndcg: 19.40, took: 2.42s
Epoch 1, 46.8%	 loss: 7.972 acc@1: 21.91 mrr: 22.49, ndcg: 22.53, took: 2.41s
Epoch 1, 48.9%	 loss: 7.832 acc@1: 21.25 mrr: 22.01, ndcg: 22.05, took: 2.61s
Epoch 1, 51.1%	 loss: 7.690 acc@1: 22.81 mrr: 23.89, ndcg: 23.97, took: 2.57s
Epoch 1, 53.2%	 loss: 7.577 acc@1: 23.24 mrr: 24.44, ndcg: 24.66, took: 2.50s
Epoch 1, 55.3%	 loss: 7.393 acc@1: 25.27 mrr: 26.76, ndcg: 26.95, took: 2.42s
Epoch 1, 57.4%	 loss: 7.295 acc@1: 25.98 mrr: 27.55, ndcg: 27.78, took: 2.41s
Epoch 1, 59.6%	 loss: 7.159 acc@1: 26.52 mrr: 27.94, ndcg: 28.12, took: 2.51s
Epoch 1, 61.7%	 loss: 7.118 acc@1: 25.55 mrr: 27.32, ndcg: 27.57, took: 2.57s
Epoch 1, 63.8%	 loss: 7.069 acc@1: 25.35 mrr: 27.14, ndcg: 27.35, took: 2.48s
Epoch 1, 66.0%	 loss: 6.941 acc@1: 26.45 mrr: 28.01, ndcg: 28.31, took: 2.42s
Epoch 1, 68.1%	 loss: 6.802 acc@1: 27.89 mrr: 29.61, ndcg: 29.83, took: 2.46s
Epoch 1, 70.2%	 loss: 6.643 acc@1: 28.67 mrr: 30.60, ndcg: 30.93, took: 2.80s
Epoch 1, 72.3%	 loss: 6.627 acc@1: 27.42 mrr: 29.38, ndcg: 29.77, took: 2.46s
Epoch 1, 74.5%	 loss: 6.481 acc@1: 29.26 mrr: 31.35, ndcg: 31.74, took: 2.52s
Epoch 1, 76.6%	 loss: 6.471 acc@1: 28.16 mrr: 29.97, ndcg: 30.22, took: 2.47s
Epoch 1, 78.7%	 loss: 6.377 acc@1: 29.30 mrr: 31.12, ndcg: 31.54, took: 2.41s
Epoch 1, 80.9%	 loss: 6.340 acc@1: 28.79 mrr: 30.86, ndcg: 31.21, took: 2.41s
Epoch 1, 83.0%	 loss: 6.360 acc@1: 28.59 mrr: 30.67, ndcg: 31.04, took: 2.50s
Epoch 1, 85.1%	 loss: 6.390 acc@1: 27.42 mrr: 29.47, ndcg: 29.72, took: 2.44s
Epoch 1, 87.2%	 loss: 6.068 acc@1: 30.43 mrr: 32.40, ndcg: 32.66, took: 2.66s
Epoch 1, 89.4%	 loss: 6.220 acc@1: 28.40 mrr: 30.40, ndcg: 30.64, took: 2.41s
Epoch 1, 91.5%	 loss: 6.101 acc@1: 28.83 mrr: 30.89, ndcg: 31.09, took: 2.33s
Epoch 1, 93.6%	 loss: 6.041 acc@1: 29.49 mrr: 31.74, ndcg: 32.05, took: 2.41s
Epoch 1, 95.7%	 loss: 5.984 acc@1: 29.38 mrr: 31.67, ndcg: 31.89, took: 2.23s
Epoch 1, 97.9%	 loss: 6.006 acc@1: 29.14 mrr: 31.61, ndcg: 32.09, took: 2.31s
Epoch 1, 100.0%	 loss: 6.035 acc@1: 29.30 mrr: 31.43, ndcg: 31.77, took: 2.20s
Validation - loss: 6.0433, acc@1: 30.13%, f1: 15.96%, mrr: 32.21%, ndcg: 32.52%
Current learning rate: 0.000500

=== Epoch 2 ===
Epoch 2, 2.1%	 loss: 5.848 acc@1: 29.61 mrr: 31.87, ndcg: 32.11, took: 2.36s
Epoch 2, 4.3%	 loss: 5.879 acc@1: 29.10 mrr: 31.44, ndcg: 31.98, took: 2.28s
Epoch 2, 6.4%	 loss: 5.836 acc@1: 28.44 mrr: 31.18, ndcg: 31.77, took: 2.40s
Epoch 2, 8.5%	 loss: 5.766 acc@1: 28.91 mrr: 31.49, ndcg: 32.08, took: 2.23s
Epoch 2, 10.6%	 loss: 5.901 acc@1: 28.12 mrr: 30.59, ndcg: 31.21, took: 2.23s
Epoch 2, 12.8%	 loss: 5.882 acc@1: 28.24 mrr: 30.83, ndcg: 31.36, took: 2.27s
Epoch 2, 14.9%	 loss: 5.780 acc@1: 28.55 mrr: 31.36, ndcg: 32.04, took: 2.39s
Epoch 2, 17.0%	 loss: 5.691 acc@1: 29.18 mrr: 32.11, ndcg: 32.66, took: 2.39s
Epoch 2, 19.1%	 loss: 5.639 acc@1: 29.53 mrr: 32.54, ndcg: 33.21, took: 2.28s
Epoch 2, 21.3%	 loss: 5.530 acc@1: 30.98 mrr: 33.96, ndcg: 34.50, took: 2.31s
Epoch 2, 23.4%	 loss: 5.476 acc@1: 30.74 mrr: 33.91, ndcg: 34.64, took: 2.35s
Epoch 2, 25.5%	 loss: 5.465 acc@1: 31.33 mrr: 34.27, ndcg: 34.90, took: 2.40s
Epoch 2, 27.7%	 loss: 5.365 acc@1: 30.35 mrr: 33.67, ndcg: 34.45, took: 2.24s
Epoch 2, 29.8%	 loss: 5.540 acc@1: 29.06 mrr: 32.19, ndcg: 32.80, took: 2.27s
Epoch 2, 31.9%	 loss: 5.414 acc@1: 30.04 mrr: 33.54, ndcg: 34.42, took: 2.36s
Epoch 2, 34.0%	 loss: 5.349 acc@1: 30.00 mrr: 33.56, ndcg: 34.31, took: 2.29s
Epoch 2, 36.2%	 loss: 5.314 acc@1: 30.27 mrr: 33.56, ndcg: 34.37, took: 2.35s
Epoch 2, 38.3%	 loss: 5.278 acc@1: 29.57 mrr: 33.20, ndcg: 34.08, took: 2.21s
Epoch 2, 40.4%	 loss: 5.316 acc@1: 28.59 mrr: 32.71, ndcg: 33.82, took: 2.32s
Epoch 2, 42.6%	 loss: 5.181 acc@1: 30.94 mrr: 34.70, ndcg: 35.70, took: 2.18s
Epoch 2, 44.7%	 loss: 5.116 acc@1: 30.74 mrr: 34.82, ndcg: 35.83, took: 2.21s
Epoch 2, 46.8%	 loss: 5.302 acc@1: 28.28 mrr: 32.29, ndcg: 33.24, took: 2.08s
Epoch 2, 48.9%	 loss: 5.074 acc@1: 31.64 mrr: 35.51, ndcg: 36.23, took: 2.09s
Epoch 2, 51.1%	 loss: 5.180 acc@1: 30.43 mrr: 34.54, ndcg: 35.72, took: 2.29s
Epoch 2, 53.2%	 loss: 5.092 acc@1: 32.46 mrr: 36.39, ndcg: 37.64, took: 2.32s
Epoch 2, 55.3%	 loss: 5.144 acc@1: 31.52 mrr: 35.63, ndcg: 36.81, took: 2.31s
Epoch 2, 57.4%	 loss: 5.056 acc@1: 30.78 mrr: 35.31, ndcg: 36.77, took: 2.34s
Epoch 2, 59.6%	 loss: 5.027 acc@1: 31.99 mrr: 36.27, ndcg: 37.52, took: 2.23s
Epoch 2, 61.7%	 loss: 4.955 acc@1: 31.68 mrr: 36.20, ndcg: 37.61, took: 2.22s
Epoch 2, 63.8%	 loss: 4.972 acc@1: 31.41 mrr: 36.12, ndcg: 37.52, took: 2.19s
Epoch 2, 66.0%	 loss: 4.875 acc@1: 33.05 mrr: 37.53, ndcg: 38.74, took: 2.25s
Epoch 2, 68.1%	 loss: 4.849 acc@1: 32.97 mrr: 37.56, ndcg: 38.86, took: 2.10s
Epoch 2, 70.2%	 loss: 4.883 acc@1: 31.84 mrr: 36.87, ndcg: 38.43, took: 2.20s
Epoch 2, 72.3%	 loss: 4.818 acc@1: 31.95 mrr: 37.27, ndcg: 38.91, took: 2.27s
Epoch 2, 74.5%	 loss: 4.708 acc@1: 34.34 mrr: 39.53, ndcg: 41.09, took: 2.30s
Epoch 2, 76.6%	 loss: 4.705 acc@1: 33.75 mrr: 39.51, ndcg: 41.29, took: 2.31s
Epoch 2, 78.7%	 loss: 4.623 acc@1: 33.75 mrr: 39.89, ndcg: 41.89, took: 2.23s
Epoch 2, 80.9%	 loss: 4.465 acc@1: 35.12 mrr: 41.57, ndcg: 43.75, took: 2.22s
Epoch 2, 83.0%	 loss: 4.494 acc@1: 33.95 mrr: 40.99, ndcg: 43.21, took: 2.20s
Epoch 2, 85.1%	 loss: 4.355 acc@1: 37.38 mrr: 43.99, ndcg: 46.25, took: 2.33s
Epoch 2, 87.2%	 loss: 4.494 acc@1: 34.57 mrr: 42.45, ndcg: 45.29, took: 2.29s
Epoch 2, 89.4%	 loss: 4.279 acc@1: 37.89 mrr: 45.76, ndcg: 48.68, took: 2.23s
Epoch 2, 91.5%	 loss: 4.100 acc@1: 41.88 mrr: 49.45, ndcg: 52.07, took: 2.29s
Epoch 2, 93.6%	 loss: 3.996 acc@1: 41.60 mrr: 50.58, ndcg: 53.98, took: 2.25s
Epoch 2, 95.7%	 loss: 3.924 acc@1: 41.02 mrr: 51.60, ndcg: 55.36, took: 2.20s
Epoch 2, 97.9%	 loss: 3.846 acc@1: 42.58 mrr: 52.26, ndcg: 55.72, took: 2.40s
Epoch 2, 100.0%	 loss: 3.839 acc@1: 42.66 mrr: 53.24, ndcg: 56.86, took: 2.29s
Validation - loss: 4.0678, acc@1: 43.48%, f1: 32.96%, mrr: 53.56%, ndcg: 57.05%
Current learning rate: 0.001000

=== Epoch 3 ===
Epoch 3, 2.1%	 loss: 3.472 acc@1: 45.98 mrr: 56.68, ndcg: 60.50, took: 2.23s
Epoch 3, 4.3%	 loss: 3.373 acc@1: 45.86 mrr: 57.26, ndcg: 61.21, took: 2.28s
Epoch 3, 6.4%	 loss: 3.387 acc@1: 48.05 mrr: 58.58, ndcg: 62.32, took: 2.27s
Epoch 3, 8.5%	 loss: 3.221 acc@1: 47.07 mrr: 59.31, ndcg: 63.50, took: 2.28s
Epoch 3, 10.6%	 loss: 3.103 acc@1: 48.67 mrr: 60.55, ndcg: 64.62, took: 2.24s
Epoch 3, 12.8%	 loss: 3.144 acc@1: 47.58 mrr: 59.73, ndcg: 64.01, took: 2.22s
Epoch 3, 14.9%	 loss: 3.005 acc@1: 49.88 mrr: 61.58, ndcg: 65.60, took: 2.22s
Epoch 3, 17.0%	 loss: 2.988 acc@1: 49.96 mrr: 61.39, ndcg: 65.47, took: 2.24s
Epoch 3, 19.1%	 loss: 2.926 acc@1: 48.55 mrr: 61.33, ndcg: 65.79, took: 2.26s
Epoch 3, 21.3%	 loss: 2.899 acc@1: 49.02 mrr: 61.63, ndcg: 66.13, took: 2.17s
Epoch 3, 23.4%	 loss: 2.782 acc@1: 51.37 mrr: 63.43, ndcg: 67.74, took: 2.26s
Epoch 3, 25.5%	 loss: 2.774 acc@1: 49.65 mrr: 62.44, ndcg: 67.08, took: 2.08s
Epoch 3, 27.7%	 loss: 2.832 acc@1: 49.96 mrr: 62.43, ndcg: 67.02, took: 2.12s
Epoch 3, 29.8%	 loss: 2.818 acc@1: 47.70 mrr: 61.00, ndcg: 65.99, took: 2.06s
Epoch 3, 31.9%	 loss: 2.703 acc@1: 50.08 mrr: 62.96, ndcg: 67.72, took: 2.04s
Epoch 3, 34.0%	 loss: 2.761 acc@1: 49.65 mrr: 62.36, ndcg: 67.11, took: 2.01s
Epoch 3, 36.2%	 loss: 2.804 acc@1: 49.73 mrr: 61.79, ndcg: 66.26, took: 2.22s
Epoch 3, 38.3%	 loss: 2.795 acc@1: 48.55 mrr: 61.31, ndcg: 66.21, took: 2.32s
Epoch 3, 40.4%	 loss: 2.719 acc@1: 49.84 mrr: 62.41, ndcg: 67.19, took: 2.42s
Epoch 3, 42.6%	 loss: 2.596 acc@1: 50.27 mrr: 63.26, ndcg: 68.26, took: 2.19s
Epoch 3, 44.7%	 loss: 2.623 acc@1: 49.06 mrr: 62.52, ndcg: 67.65, took: 2.32s
Epoch 3, 46.8%	 loss: 2.689 acc@1: 47.93 mrr: 61.37, ndcg: 66.64, took: 2.19s
Epoch 3, 48.9%	 loss: 2.582 acc@1: 50.39 mrr: 63.65, ndcg: 68.69, took: 2.25s
Epoch 3, 51.1%	 loss: 2.571 acc@1: 48.28 mrr: 62.35, ndcg: 67.66, took: 2.19s
Epoch 3, 53.2%	 loss: 2.712 acc@1: 48.01 mrr: 61.42, ndcg: 66.55, took: 2.39s
Epoch 3, 55.3%	 loss: 2.577 acc@1: 49.69 mrr: 62.94, ndcg: 67.98, took: 2.22s
Epoch 3, 57.4%	 loss: 2.530 acc@1: 51.76 mrr: 64.20, ndcg: 69.00, took: 2.27s
Epoch 3, 59.6%	 loss: 2.518 acc@1: 50.39 mrr: 63.39, ndcg: 68.56, took: 2.34s
Epoch 3, 61.7%	 loss: 2.732 acc@1: 48.36 mrr: 61.23, ndcg: 66.24, took: 2.23s
Epoch 3, 63.8%	 loss: 2.575 acc@1: 51.21 mrr: 63.79, ndcg: 68.60, took: 2.38s
Epoch 3, 66.0%	 loss: 2.595 acc@1: 48.95 mrr: 62.37, ndcg: 67.38, took: 2.38s
Epoch 3, 68.1%	 loss: 2.600 acc@1: 48.59 mrr: 62.33, ndcg: 67.62, took: 2.32s
Epoch 3, 70.2%	 loss: 2.540 acc@1: 49.57 mrr: 62.81, ndcg: 68.03, took: 2.30s
Epoch 3, 72.3%	 loss: 2.534 acc@1: 49.41 mrr: 62.88, ndcg: 68.11, took: 2.24s
Epoch 3, 74.5%	 loss: 2.486 acc@1: 50.51 mrr: 63.71, ndcg: 68.83, took: 2.25s
Epoch 3, 76.6%	 loss: 2.594 acc@1: 48.55 mrr: 62.10, ndcg: 67.35, took: 2.25s
Epoch 3, 78.7%	 loss: 2.490 acc@1: 51.02 mrr: 63.93, ndcg: 68.88, took: 2.16s
Epoch 3, 80.9%	 loss: 2.400 acc@1: 50.27 mrr: 64.20, ndcg: 69.49, took: 2.19s
Epoch 3, 83.0%	 loss: 2.521 acc@1: 51.29 mrr: 64.28, ndcg: 69.20, took: 2.30s
Epoch 3, 85.1%	 loss: 2.382 acc@1: 51.72 mrr: 64.99, ndcg: 70.10, took: 2.21s
Epoch 3, 87.2%	 loss: 2.445 acc@1: 51.72 mrr: 64.59, ndcg: 69.62, took: 2.27s
Epoch 3, 89.4%	 loss: 2.401 acc@1: 52.42 mrr: 65.31, ndcg: 70.33, took: 2.18s
Epoch 3, 91.5%	 loss: 2.592 acc@1: 49.53 mrr: 62.41, ndcg: 67.54, took: 2.27s
Epoch 3, 93.6%	 loss: 2.463 acc@1: 50.82 mrr: 63.99, ndcg: 68.99, took: 2.34s
Epoch 3, 95.7%	 loss: 2.530 acc@1: 49.65 mrr: 62.71, ndcg: 68.03, took: 2.20s
Epoch 3, 97.9%	 loss: 2.447 acc@1: 51.25 mrr: 64.47, ndcg: 69.52, took: 2.27s
Epoch 3, 100.0%	 loss: 2.375 acc@1: 51.88 mrr: 64.78, ndcg: 69.72, took: 2.18s
Validation - loss: 3.0075, acc@1: 48.53%, f1: 40.43%, mrr: 60.81%, ndcg: 65.63%
Current learning rate: 0.000979

=== Epoch 4 ===
Epoch 4, 2.1%	 loss: 2.228 acc@1: 51.29 mrr: 64.54, ndcg: 69.92, took: 2.32s
Epoch 4, 4.3%	 loss: 2.192 acc@1: 50.86 mrr: 64.66, ndcg: 69.93, took: 2.21s
Epoch 4, 6.4%	 loss: 2.162 acc@1: 51.29 mrr: 65.03, ndcg: 70.46, took: 2.10s
Epoch 4, 8.5%	 loss: 2.259 acc@1: 51.48 mrr: 64.62, ndcg: 69.69, took: 2.31s
Epoch 4, 10.6%	 loss: 2.271 acc@1: 50.78 mrr: 63.98, ndcg: 69.22, took: 2.27s
Epoch 4, 12.8%	 loss: 2.239 acc@1: 50.98 mrr: 64.26, ndcg: 69.57, took: 2.31s
Epoch 4, 14.9%	 loss: 2.276 acc@1: 50.16 mrr: 63.69, ndcg: 68.92, took: 2.30s
Epoch 4, 17.0%	 loss: 2.202 acc@1: 50.27 mrr: 64.34, ndcg: 69.81, took: 2.28s
Epoch 4, 19.1%	 loss: 2.181 acc@1: 53.12 mrr: 65.74, ndcg: 70.71, took: 2.28s
Epoch 4, 21.3%	 loss: 2.144 acc@1: 52.58 mrr: 65.73, ndcg: 70.70, took: 2.26s
Epoch 4, 23.4%	 loss: 2.287 acc@1: 49.45 mrr: 63.24, ndcg: 68.56, took: 2.20s
Epoch 4, 25.5%	 loss: 2.178 acc@1: 53.91 mrr: 66.20, ndcg: 71.03, took: 2.07s
Epoch 4, 27.7%	 loss: 2.154 acc@1: 52.42 mrr: 65.60, ndcg: 70.85, took: 2.23s
Epoch 4, 29.8%	 loss: 2.212 acc@1: 52.11 mrr: 64.89, ndcg: 70.07, took: 2.33s
Epoch 4, 31.9%	 loss: 2.286 acc@1: 50.20 mrr: 63.66, ndcg: 68.91, took: 2.24s
Epoch 4, 34.0%	 loss: 2.288 acc@1: 50.00 mrr: 63.59, ndcg: 68.82, took: 2.30s
Epoch 4, 36.2%	 loss: 2.238 acc@1: 52.15 mrr: 65.08, ndcg: 70.02, took: 2.22s
Epoch 4, 38.3%	 loss: 2.215 acc@1: 53.28 mrr: 65.61, ndcg: 70.41, took: 2.13s
Epoch 4, 40.4%	 loss: 2.294 acc@1: 52.38 mrr: 64.55, ndcg: 69.32, took: 2.10s
Epoch 4, 42.6%	 loss: 2.231 acc@1: 52.11 mrr: 64.97, ndcg: 69.92, took: 2.18s
Epoch 4, 44.7%	 loss: 2.227 acc@1: 51.84 mrr: 64.75, ndcg: 69.91, took: 2.05s
Epoch 4, 46.8%	 loss: 2.296 acc@1: 50.94 mrr: 63.86, ndcg: 68.90, took: 2.37s
Epoch 4, 48.9%	 loss: 2.158 acc@1: 53.36 mrr: 65.95, ndcg: 70.93, took: 2.23s
Epoch 4, 51.1%	 loss: 2.202 acc@1: 52.89 mrr: 65.38, ndcg: 70.30, took: 2.26s
Epoch 4, 53.2%	 loss: 2.266 acc@1: 50.55 mrr: 63.85, ndcg: 69.01, took: 2.33s
Epoch 4, 55.3%	 loss: 2.204 acc@1: 51.56 mrr: 64.70, ndcg: 69.80, took: 2.23s
Epoch 4, 57.4%	 loss: 2.244 acc@1: 51.88 mrr: 64.89, ndcg: 69.86, took: 2.29s
Epoch 4, 59.6%	 loss: 2.205 acc@1: 51.02 mrr: 64.39, ndcg: 69.71, took: 2.26s
Epoch 4, 61.7%	 loss: 2.153 acc@1: 52.58 mrr: 65.42, ndcg: 70.28, took: 2.14s
Epoch 4, 63.8%	 loss: 2.246 acc@1: 50.82 mrr: 64.14, ndcg: 69.18, took: 2.16s
Epoch 4, 66.0%	 loss: 2.198 acc@1: 50.86 mrr: 64.67, ndcg: 69.88, took: 2.27s
Epoch 4, 68.1%	 loss: 2.217 acc@1: 51.25 mrr: 64.65, ndcg: 69.89, took: 2.49s
Epoch 4, 70.2%	 loss: 2.297 acc@1: 50.27 mrr: 63.42, ndcg: 68.58, took: 2.21s
Epoch 4, 72.3%	 loss: 2.269 acc@1: 52.11 mrr: 64.43, ndcg: 69.27, took: 2.37s
Epoch 4, 74.5%	 loss: 2.279 acc@1: 50.55 mrr: 63.81, ndcg: 68.98, took: 2.41s
Epoch 4, 76.6%	 loss: 2.240 acc@1: 51.52 mrr: 64.54, ndcg: 69.49, took: 2.07s
Epoch 4, 78.7%	 loss: 2.236 acc@1: 51.95 mrr: 64.89, ndcg: 69.99, took: 2.06s
Epoch 4, 80.9%	 loss: 2.255 acc@1: 52.50 mrr: 64.69, ndcg: 69.54, took: 2.25s
Epoch 4, 83.0%	 loss: 2.146 acc@1: 52.03 mrr: 65.42, ndcg: 70.59, took: 2.31s
Epoch 4, 85.1%	 loss: 2.202 acc@1: 52.03 mrr: 65.05, ndcg: 70.09, took: 2.27s
Epoch 4, 87.2%	 loss: 2.238 acc@1: 51.84 mrr: 64.60, ndcg: 69.58, took: 2.19s
Epoch 4, 89.4%	 loss: 2.101 acc@1: 54.57 mrr: 66.93, ndcg: 71.77, took: 2.27s
Epoch 4, 91.5%	 loss: 2.179 acc@1: 50.59 mrr: 64.31, ndcg: 69.60, took: 2.23s
Epoch 4, 93.6%	 loss: 2.270 acc@1: 51.21 mrr: 64.25, ndcg: 69.34, took: 2.28s
Epoch 4, 95.7%	 loss: 2.207 acc@1: 52.19 mrr: 65.06, ndcg: 70.06, took: 2.31s
Epoch 4, 97.9%	 loss: 2.222 acc@1: 51.91 mrr: 64.72, ndcg: 69.89, took: 2.17s
Epoch 4, 100.0%	 loss: 2.171 acc@1: 52.23 mrr: 65.26, ndcg: 70.28, took: 2.31s
Validation - loss: 2.9194, acc@1: 50.13%, f1: 42.21%, mrr: 61.93%, ndcg: 66.63%
Current learning rate: 0.000958

=== Epoch 5 ===
Epoch 5, 2.1%	 loss: 2.015 acc@1: 54.38 mrr: 66.86, ndcg: 71.57, took: 2.29s
Epoch 5, 4.3%	 loss: 1.962 acc@1: 54.14 mrr: 66.99, ndcg: 72.17, took: 2.33s
Epoch 5, 6.4%	 loss: 2.046 acc@1: 53.55 mrr: 65.94, ndcg: 70.65, took: 2.31s
Epoch 5, 8.5%	 loss: 1.902 acc@1: 56.88 mrr: 68.59, ndcg: 73.33, took: 2.29s
Epoch 5, 10.6%	 loss: 2.060 acc@1: 53.28 mrr: 66.06, ndcg: 71.15, took: 2.30s
Epoch 5, 12.8%	 loss: 1.995 acc@1: 53.01 mrr: 66.20, ndcg: 71.40, took: 2.19s
Epoch 5, 14.9%	 loss: 2.050 acc@1: 53.01 mrr: 65.79, ndcg: 70.76, took: 2.18s
Epoch 5, 17.0%	 loss: 2.088 acc@1: 53.55 mrr: 66.10, ndcg: 70.94, took: 2.23s
Epoch 5, 19.1%	 loss: 1.995 acc@1: 53.71 mrr: 66.57, ndcg: 71.58, took: 2.21s
Epoch 5, 21.3%	 loss: 2.077 acc@1: 50.82 mrr: 64.61, ndcg: 69.71, took: 2.23s
Epoch 5, 23.4%	 loss: 2.051 acc@1: 53.63 mrr: 65.79, ndcg: 70.82, took: 2.35s
Epoch 5, 25.5%	 loss: 2.078 acc@1: 53.24 mrr: 65.63, ndcg: 70.57, took: 2.26s
Epoch 5, 27.7%	 loss: 2.089 acc@1: 53.20 mrr: 65.68, ndcg: 70.55, took: 2.31s
Epoch 5, 29.8%	 loss: 2.038 acc@1: 54.41 mrr: 66.72, ndcg: 71.32, took: 2.34s
Epoch 5, 31.9%	 loss: 1.964 acc@1: 56.37 mrr: 68.28, ndcg: 72.87, took: 2.35s
Epoch 5, 34.0%	 loss: 2.045 acc@1: 52.66 mrr: 65.79, ndcg: 70.78, took: 2.11s
Epoch 5, 36.2%	 loss: 2.060 acc@1: 54.06 mrr: 66.27, ndcg: 70.91, took: 2.38s
Epoch 5, 38.3%	 loss: 2.066 acc@1: 53.71 mrr: 66.16, ndcg: 70.98, took: 2.19s
Epoch 5, 40.4%	 loss: 2.091 acc@1: 52.81 mrr: 65.66, ndcg: 70.48, took: 2.28s
Epoch 5, 42.6%	 loss: 2.003 acc@1: 53.55 mrr: 66.32, ndcg: 71.30, took: 2.14s
Epoch 5, 44.7%	 loss: 1.960 acc@1: 55.86 mrr: 67.79, ndcg: 72.47, took: 2.28s
Epoch 5, 46.8%	 loss: 2.083 acc@1: 53.40 mrr: 65.75, ndcg: 70.51, took: 2.14s
Epoch 5, 48.9%	 loss: 2.014 acc@1: 55.20 mrr: 67.24, ndcg: 72.05, took: 2.18s
Epoch 5, 51.1%	 loss: 2.072 acc@1: 53.75 mrr: 66.10, ndcg: 70.63, took: 2.30s
Epoch 5, 53.2%	 loss: 2.119 acc@1: 51.99 mrr: 64.97, ndcg: 69.93, took: 2.20s
Epoch 5, 55.3%	 loss: 2.019 acc@1: 53.91 mrr: 66.40, ndcg: 71.33, took: 2.05s
Epoch 5, 57.4%	 loss: 2.101 acc@1: 52.34 mrr: 65.11, ndcg: 70.10, took: 2.09s
Epoch 5, 59.6%	 loss: 2.097 acc@1: 55.08 mrr: 66.40, ndcg: 70.67, took: 2.30s
Epoch 5, 61.7%	 loss: 1.962 acc@1: 55.27 mrr: 67.58, ndcg: 72.36, took: 2.23s
Epoch 5, 63.8%	 loss: 2.135 acc@1: 52.89 mrr: 65.09, ndcg: 69.80, took: 2.14s
Epoch 5, 66.0%	 loss: 2.080 acc@1: 52.34 mrr: 65.13, ndcg: 70.15, took: 2.30s
Epoch 5, 68.1%	 loss: 2.165 acc@1: 52.58 mrr: 64.61, ndcg: 69.48, took: 2.28s
Epoch 5, 70.2%	 loss: 2.042 acc@1: 53.75 mrr: 66.36, ndcg: 71.13, took: 2.33s
Epoch 5, 72.3%	 loss: 1.988 acc@1: 55.39 mrr: 67.52, ndcg: 72.39, took: 2.41s
Epoch 5, 74.5%	 loss: 2.026 acc@1: 53.36 mrr: 66.04, ndcg: 71.12, took: 2.44s
Epoch 5, 76.6%	 loss: 2.028 acc@1: 53.12 mrr: 65.78, ndcg: 70.69, took: 2.40s
Epoch 5, 78.7%	 loss: 1.964 acc@1: 55.23 mrr: 67.67, ndcg: 72.27, took: 2.21s
Epoch 5, 80.9%	 loss: 2.021 acc@1: 54.77 mrr: 66.87, ndcg: 71.64, took: 2.31s
Epoch 5, 83.0%	 loss: 2.013 acc@1: 53.71 mrr: 66.52, ndcg: 71.48, took: 2.31s
Epoch 5, 85.1%	 loss: 2.054 acc@1: 52.93 mrr: 65.63, ndcg: 70.58, took: 2.40s
Epoch 5, 87.2%	 loss: 2.155 acc@1: 52.50 mrr: 64.83, ndcg: 69.76, took: 2.26s
Epoch 5, 89.4%	 loss: 2.088 acc@1: 51.60 mrr: 64.67, ndcg: 69.86, took: 2.20s
Epoch 5, 91.5%	 loss: 2.009 acc@1: 54.80 mrr: 66.81, ndcg: 71.51, took: 2.18s
Epoch 5, 93.6%	 loss: 1.974 acc@1: 55.70 mrr: 67.54, ndcg: 72.32, took: 2.22s
Epoch 5, 95.7%	 loss: 2.050 acc@1: 54.06 mrr: 66.67, ndcg: 71.51, took: 2.22s
Epoch 5, 97.9%	 loss: 2.013 acc@1: 54.96 mrr: 66.94, ndcg: 71.85, took: 2.12s
Epoch 5, 100.0%	 loss: 1.965 acc@1: 54.10 mrr: 66.95, ndcg: 71.98, took: 2.22s
Validation - loss: 2.9166, acc@1: 50.08%, f1: 42.92%, mrr: 61.83%, ndcg: 66.60%
Current learning rate: 0.000937

=== Epoch 6 ===
Epoch 6, 2.1%	 loss: 1.830 acc@1: 55.94 mrr: 68.51, ndcg: 73.59, took: 2.38s
Epoch 6, 4.3%	 loss: 1.876 acc@1: 54.96 mrr: 67.44, ndcg: 72.48, took: 2.26s
Epoch 6, 6.4%	 loss: 1.878 acc@1: 55.47 mrr: 67.94, ndcg: 72.76, took: 2.24s
Epoch 6, 8.5%	 loss: 1.891 acc@1: 55.39 mrr: 67.55, ndcg: 72.34, took: 2.27s
Epoch 6, 10.6%	 loss: 1.923 acc@1: 55.55 mrr: 67.49, ndcg: 72.10, took: 2.19s
Epoch 6, 12.8%	 loss: 1.838 acc@1: 57.70 mrr: 69.10, ndcg: 73.31, took: 2.75s
Epoch 6, 14.9%	 loss: 1.880 acc@1: 55.23 mrr: 67.73, ndcg: 72.52, took: 2.22s
Epoch 6, 17.0%	 loss: 1.847 acc@1: 56.41 mrr: 68.61, ndcg: 73.44, took: 2.28s
Epoch 6, 19.1%	 loss: 1.945 acc@1: 54.18 mrr: 66.69, ndcg: 71.63, took: 2.23s
Epoch 6, 21.3%	 loss: 1.917 acc@1: 55.43 mrr: 67.64, ndcg: 72.39, took: 2.27s
Epoch 6, 23.4%	 loss: 1.849 acc@1: 56.88 mrr: 68.72, ndcg: 73.28, took: 2.25s
Epoch 6, 25.5%	 loss: 1.862 acc@1: 55.78 mrr: 68.34, ndcg: 72.90, took: 2.24s
Epoch 6, 27.7%	 loss: 1.940 acc@1: 54.92 mrr: 67.33, ndcg: 72.11, took: 2.41s
Epoch 6, 29.8%	 loss: 1.925 acc@1: 55.16 mrr: 67.20, ndcg: 71.98, took: 2.24s
Epoch 6, 31.9%	 loss: 1.869 acc@1: 56.09 mrr: 68.29, ndcg: 73.03, took: 2.34s
Epoch 6, 34.0%	 loss: 2.009 acc@1: 54.30 mrr: 66.64, ndcg: 71.37, took: 2.21s
Epoch 6, 36.2%	 loss: 1.870 acc@1: 55.82 mrr: 67.96, ndcg: 72.64, took: 2.28s
Epoch 6, 38.3%	 loss: 1.928 acc@1: 56.45 mrr: 68.07, ndcg: 72.55, took: 2.15s
Epoch 6, 40.4%	 loss: 1.975 acc@1: 54.73 mrr: 66.87, ndcg: 71.51, took: 2.32s
Epoch 6, 42.6%	 loss: 1.780 acc@1: 57.81 mrr: 69.92, ndcg: 74.51, took: 2.32s
Epoch 6, 44.7%	 loss: 1.862 acc@1: 56.60 mrr: 68.55, ndcg: 73.10, took: 2.21s
Epoch 6, 46.8%	 loss: 1.994 acc@1: 54.26 mrr: 66.41, ndcg: 71.08, took: 2.18s
Epoch 6, 48.9%	 loss: 1.899 acc@1: 56.60 mrr: 68.33, ndcg: 72.85, took: 2.23s
Epoch 6, 51.1%	 loss: 1.928 acc@1: 55.59 mrr: 67.56, ndcg: 72.08, took: 2.13s
Epoch 6, 53.2%	 loss: 1.995 acc@1: 54.77 mrr: 66.73, ndcg: 71.36, took: 2.33s
Epoch 6, 55.3%	 loss: 1.902 acc@1: 55.74 mrr: 67.54, ndcg: 72.21, took: 2.18s
Epoch 6, 57.4%	 loss: 1.921 acc@1: 55.27 mrr: 67.16, ndcg: 71.91, took: 2.28s
Epoch 6, 59.6%	 loss: 1.892 acc@1: 56.37 mrr: 68.11, ndcg: 72.76, took: 2.17s
Epoch 6, 61.7%	 loss: 1.877 acc@1: 55.86 mrr: 68.07, ndcg: 72.82, took: 2.40s
Epoch 6, 63.8%	 loss: 1.895 acc@1: 55.74 mrr: 68.01, ndcg: 72.84, took: 2.30s
Epoch 6, 66.0%	 loss: 1.970 acc@1: 55.82 mrr: 67.55, ndcg: 71.95, took: 2.14s
Epoch 6, 68.1%	 loss: 1.904 acc@1: 56.64 mrr: 68.19, ndcg: 72.66, took: 1.97s
Epoch 6, 70.2%	 loss: 1.902 acc@1: 55.04 mrr: 67.58, ndcg: 72.51, took: 2.11s
Epoch 6, 72.3%	 loss: 1.882 acc@1: 56.41 mrr: 68.40, ndcg: 72.99, took: 2.01s
Epoch 6, 74.5%	 loss: 1.967 acc@1: 54.41 mrr: 66.83, ndcg: 71.69, took: 2.31s
Epoch 6, 76.6%	 loss: 1.907 acc@1: 56.21 mrr: 67.87, ndcg: 72.43, took: 2.32s
Epoch 6, 78.7%	 loss: 1.914 acc@1: 55.39 mrr: 67.45, ndcg: 72.10, took: 2.27s
Epoch 6, 80.9%	 loss: 1.887 acc@1: 55.51 mrr: 67.94, ndcg: 72.70, took: 2.30s
Epoch 6, 83.0%	 loss: 1.990 acc@1: 54.34 mrr: 66.62, ndcg: 71.38, took: 2.17s
Epoch 6, 85.1%	 loss: 1.910 acc@1: 56.13 mrr: 67.84, ndcg: 72.41, took: 2.26s
Epoch 6, 87.2%	 loss: 1.955 acc@1: 55.51 mrr: 67.48, ndcg: 72.02, took: 2.26s
Epoch 6, 89.4%	 loss: 1.921 acc@1: 55.70 mrr: 67.94, ndcg: 72.51, took: 2.40s
Epoch 6, 91.5%	 loss: 1.922 acc@1: 55.35 mrr: 67.61, ndcg: 72.35, took: 2.24s
Epoch 6, 93.6%	 loss: 1.938 acc@1: 56.37 mrr: 68.00, ndcg: 72.53, took: 2.31s
Epoch 6, 95.7%	 loss: 1.967 acc@1: 55.51 mrr: 67.33, ndcg: 71.97, took: 2.22s
Epoch 6, 97.9%	 loss: 1.963 acc@1: 55.23 mrr: 67.03, ndcg: 71.67, took: 2.32s
Epoch 6, 100.0%	 loss: 1.948 acc@1: 55.27 mrr: 67.28, ndcg: 71.99, took: 2.40s
Validation - loss: 2.9171, acc@1: 51.11%, f1: 44.52%, mrr: 62.37%, ndcg: 66.79%
Current learning rate: 0.000917

=== Epoch 7 ===
Epoch 7, 2.1%	 loss: 1.732 acc@1: 58.24 mrr: 70.06, ndcg: 74.91, took: 2.09s
Epoch 7, 4.3%	 loss: 1.723 acc@1: 57.77 mrr: 69.85, ndcg: 74.81, took: 2.08s
Epoch 7, 6.4%	 loss: 1.699 acc@1: 57.93 mrr: 70.06, ndcg: 74.82, took: 1.96s
Epoch 7, 8.5%	 loss: 1.713 acc@1: 58.24 mrr: 69.92, ndcg: 74.56, took: 2.24s
Epoch 7, 10.6%	 loss: 1.742 acc@1: 57.62 mrr: 69.60, ndcg: 74.36, took: 2.22s
Epoch 7, 12.8%	 loss: 1.707 acc@1: 57.73 mrr: 70.01, ndcg: 74.75, took: 2.34s
Epoch 7, 14.9%	 loss: 1.726 acc@1: 58.98 mrr: 70.39, ndcg: 74.94, took: 2.21s
Epoch 7, 17.0%	 loss: 1.758 acc@1: 57.30 mrr: 69.48, ndcg: 74.18, took: 2.35s
Epoch 7, 19.1%	 loss: 1.730 acc@1: 58.28 mrr: 70.00, ndcg: 74.55, took: 2.26s
Epoch 7, 21.3%	 loss: 1.714 acc@1: 58.95 mrr: 70.40, ndcg: 74.90, took: 2.06s
Epoch 7, 23.4%	 loss: 1.797 acc@1: 57.07 mrr: 68.89, ndcg: 73.62, took: 2.28s
Epoch 7, 25.5%	 loss: 1.750 acc@1: 59.10 mrr: 70.43, ndcg: 74.73, took: 2.21s
Epoch 7, 27.7%	 loss: 1.796 acc@1: 57.62 mrr: 69.04, ndcg: 73.78, took: 2.32s
Epoch 7, 29.8%	 loss: 1.709 acc@1: 59.14 mrr: 70.59, ndcg: 74.95, took: 2.32s
Epoch 7, 31.9%	 loss: 1.802 acc@1: 57.58 mrr: 69.10, ndcg: 73.93, took: 2.25s
Epoch 7, 34.0%	 loss: 1.783 acc@1: 57.89 mrr: 69.28, ndcg: 73.75, took: 2.49s
Epoch 7, 36.2%	 loss: 1.844 acc@1: 57.34 mrr: 68.84, ndcg: 73.37, took: 2.26s
Epoch 7, 38.3%	 loss: 1.742 acc@1: 59.49 mrr: 70.54, ndcg: 74.88, took: 2.23s
Epoch 7, 40.4%	 loss: 1.763 acc@1: 57.46 mrr: 69.35, ndcg: 73.99, took: 2.33s
Epoch 7, 42.6%	 loss: 1.782 acc@1: 57.50 mrr: 69.21, ndcg: 73.78, took: 2.29s
Epoch 7, 44.7%	 loss: 1.803 acc@1: 56.09 mrr: 68.41, ndcg: 73.24, took: 2.38s
Epoch 7, 46.8%	 loss: 1.857 acc@1: 55.43 mrr: 67.84, ndcg: 72.65, took: 2.26s
Epoch 7, 48.9%	 loss: 1.754 acc@1: 58.55 mrr: 70.15, ndcg: 74.63, took: 2.19s
Epoch 7, 51.1%	 loss: 1.815 acc@1: 55.90 mrr: 68.44, ndcg: 73.29, took: 2.10s
Epoch 7, 53.2%	 loss: 1.735 acc@1: 58.48 mrr: 69.93, ndcg: 74.43, took: 2.23s
Epoch 7, 55.3%	 loss: 1.838 acc@1: 56.76 mrr: 68.58, ndcg: 73.16, took: 2.18s
Epoch 7, 57.4%	 loss: 1.802 acc@1: 57.54 mrr: 68.97, ndcg: 73.38, took: 2.29s
Epoch 7, 59.6%	 loss: 1.793 acc@1: 58.01 mrr: 69.69, ndcg: 74.05, took: 2.22s
Epoch 7, 61.7%	 loss: 1.841 acc@1: 56.25 mrr: 68.29, ndcg: 72.99, took: 2.28s
Epoch 7, 63.8%	 loss: 1.822 acc@1: 56.99 mrr: 68.82, ndcg: 73.41, took: 2.21s
Epoch 7, 66.0%	 loss: 1.766 acc@1: 57.46 mrr: 69.31, ndcg: 74.03, took: 2.25s
Epoch 7, 68.1%	 loss: 1.804 acc@1: 57.46 mrr: 69.35, ndcg: 73.75, took: 2.25s
Epoch 7, 70.2%	 loss: 1.841 acc@1: 56.99 mrr: 68.65, ndcg: 73.04, took: 2.30s
Epoch 7, 72.3%	 loss: 1.792 acc@1: 57.34 mrr: 69.33, ndcg: 73.96, took: 2.27s
Epoch 7, 74.5%	 loss: 1.799 acc@1: 58.16 mrr: 69.71, ndcg: 74.23, took: 2.18s
Epoch 7, 76.6%	 loss: 1.806 acc@1: 58.32 mrr: 69.59, ndcg: 73.94, took: 2.20s
Epoch 7, 78.7%	 loss: 1.808 acc@1: 57.97 mrr: 69.28, ndcg: 73.73, took: 2.17s
Epoch 7, 80.9%	 loss: 1.848 acc@1: 55.55 mrr: 68.03, ndcg: 73.03, took: 2.16s
Epoch 7, 83.0%	 loss: 1.755 acc@1: 58.40 mrr: 69.89, ndcg: 74.40, took: 2.11s
Epoch 7, 85.1%	 loss: 1.833 acc@1: 56.80 mrr: 68.50, ndcg: 73.17, took: 2.07s
Epoch 7, 87.2%	 loss: 1.806 acc@1: 57.46 mrr: 69.32, ndcg: 73.91, took: 2.19s
Epoch 7, 89.4%	 loss: 1.774 acc@1: 57.66 mrr: 69.47, ndcg: 74.18, took: 2.10s
Epoch 7, 91.5%	 loss: 1.854 acc@1: 56.48 mrr: 68.45, ndcg: 73.17, took: 2.07s
Epoch 7, 93.6%	 loss: 1.774 acc@1: 57.15 mrr: 68.93, ndcg: 73.69, took: 2.08s
Epoch 7, 95.7%	 loss: 1.864 acc@1: 56.37 mrr: 68.23, ndcg: 72.74, took: 2.06s
Epoch 7, 97.9%	 loss: 1.835 acc@1: 58.12 mrr: 69.32, ndcg: 73.65, took: 2.01s
Epoch 7, 100.0%	 loss: 1.805 acc@1: 57.19 mrr: 69.25, ndcg: 73.89, took: 2.00s
Validation - loss: 2.9645, acc@1: 51.27%, f1: 45.56%, mrr: 62.41%, ndcg: 66.70%
Current learning rate: 0.000896

=== Epoch 8 ===
Epoch 8, 2.1%	 loss: 1.636 acc@1: 59.84 mrr: 71.47, ndcg: 76.30, took: 2.03s
Epoch 8, 4.3%	 loss: 1.583 acc@1: 59.14 mrr: 71.76, ndcg: 76.79, took: 2.00s
Epoch 8, 6.4%	 loss: 1.580 acc@1: 60.04 mrr: 71.87, ndcg: 76.60, took: 2.08s
Epoch 8, 8.5%	 loss: 1.597 acc@1: 60.51 mrr: 72.02, ndcg: 76.59, took: 2.26s
Epoch 8, 10.6%	 loss: 1.583 acc@1: 60.12 mrr: 72.31, ndcg: 76.97, took: 2.08s
Epoch 8, 12.8%	 loss: 1.616 acc@1: 59.53 mrr: 71.48, ndcg: 76.15, took: 2.14s
Epoch 8, 14.9%	 loss: 1.584 acc@1: 58.75 mrr: 71.47, ndcg: 76.65, took: 1.95s
Epoch 8, 17.0%	 loss: 1.518 acc@1: 62.30 mrr: 73.54, ndcg: 78.02, took: 1.95s
Epoch 8, 19.1%	 loss: 1.635 acc@1: 58.75 mrr: 70.85, ndcg: 75.64, took: 2.03s
Epoch 8, 21.3%	 loss: 1.662 acc@1: 58.67 mrr: 70.76, ndcg: 75.62, took: 1.99s
Epoch 8, 23.4%	 loss: 1.680 acc@1: 58.16 mrr: 70.23, ndcg: 75.06, took: 2.15s
Epoch 8, 25.5%	 loss: 1.646 acc@1: 59.84 mrr: 71.32, ndcg: 76.01, took: 1.97s
Epoch 8, 27.7%	 loss: 1.567 acc@1: 62.19 mrr: 72.80, ndcg: 77.11, took: 2.06s
Epoch 8, 29.8%	 loss: 1.599 acc@1: 62.73 mrr: 73.04, ndcg: 77.36, took: 1.97s
Epoch 8, 31.9%	 loss: 1.653 acc@1: 59.61 mrr: 71.19, ndcg: 75.92, took: 2.09s
Epoch 8, 34.0%	 loss: 1.576 acc@1: 61.37 mrr: 72.47, ndcg: 76.99, took: 2.06s
Epoch 8, 36.2%	 loss: 1.707 acc@1: 58.52 mrr: 70.27, ndcg: 75.15, took: 2.00s
Epoch 8, 38.3%	 loss: 1.705 acc@1: 57.97 mrr: 69.96, ndcg: 74.92, took: 1.96s
Epoch 8, 40.4%	 loss: 1.685 acc@1: 59.41 mrr: 70.92, ndcg: 75.52, took: 2.01s
Epoch 8, 42.6%	 loss: 1.657 acc@1: 60.23 mrr: 71.56, ndcg: 76.04, took: 2.01s
Epoch 8, 44.7%	 loss: 1.650 acc@1: 59.88 mrr: 71.53, ndcg: 76.10, took: 2.08s
Epoch 8, 46.8%	 loss: 1.651 acc@1: 59.88 mrr: 71.46, ndcg: 75.88, took: 2.21s
Epoch 8, 48.9%	 loss: 1.596 acc@1: 60.90 mrr: 72.25, ndcg: 76.81, took: 2.09s
Epoch 8, 51.1%	 loss: 1.711 acc@1: 58.16 mrr: 70.36, ndcg: 75.11, took: 1.97s
Epoch 8, 53.2%	 loss: 1.634 acc@1: 59.18 mrr: 71.25, ndcg: 75.93, took: 2.07s
Epoch 8, 55.3%	 loss: 1.608 acc@1: 59.73 mrr: 71.66, ndcg: 76.37, took: 1.85s
Epoch 8, 57.4%	 loss: 1.599 acc@1: 60.20 mrr: 72.09, ndcg: 76.65, took: 1.99s
Epoch 8, 59.6%	 loss: 1.699 acc@1: 59.49 mrr: 70.66, ndcg: 75.12, took: 2.06s
Epoch 8, 61.7%	 loss: 1.664 acc@1: 59.06 mrr: 70.86, ndcg: 75.59, took: 1.97s
Epoch 8, 63.8%	 loss: 1.654 acc@1: 59.88 mrr: 71.26, ndcg: 75.81, took: 1.99s
Epoch 8, 66.0%	 loss: 1.639 acc@1: 58.48 mrr: 70.70, ndcg: 75.48, took: 1.95s
Epoch 8, 68.1%	 loss: 1.676 acc@1: 58.52 mrr: 70.69, ndcg: 75.35, took: 1.92s
Epoch 8, 70.2%	 loss: 1.702 acc@1: 58.95 mrr: 70.81, ndcg: 75.34, took: 2.18s
Epoch 8, 72.3%	 loss: 1.652 acc@1: 59.96 mrr: 71.40, ndcg: 75.75, took: 2.04s
Epoch 8, 74.5%	 loss: 1.673 acc@1: 59.26 mrr: 70.86, ndcg: 75.37, took: 1.98s
Epoch 8, 76.6%	 loss: 1.731 acc@1: 57.54 mrr: 69.49, ndcg: 74.23, took: 2.06s
Epoch 8, 78.7%	 loss: 1.656 acc@1: 58.36 mrr: 70.46, ndcg: 75.40, took: 1.94s
Epoch 8, 80.9%	 loss: 1.654 acc@1: 59.06 mrr: 70.84, ndcg: 75.52, took: 2.07s
Epoch 8, 83.0%	 loss: 1.732 acc@1: 57.66 mrr: 69.81, ndcg: 74.58, took: 2.00s
Epoch 8, 85.1%	 loss: 1.682 acc@1: 59.53 mrr: 70.96, ndcg: 75.60, took: 2.00s
Epoch 8, 87.2%	 loss: 1.699 acc@1: 58.87 mrr: 70.42, ndcg: 75.07, took: 1.88s
Epoch 8, 89.4%	 loss: 1.675 acc@1: 60.16 mrr: 71.39, ndcg: 75.77, took: 1.90s
Epoch 8, 91.5%	 loss: 1.650 acc@1: 60.43 mrr: 71.57, ndcg: 75.89, took: 2.07s
Epoch 8, 93.6%	 loss: 1.787 acc@1: 56.33 mrr: 68.61, ndcg: 73.71, took: 2.01s
Epoch 8, 95.7%	 loss: 1.703 acc@1: 58.67 mrr: 70.54, ndcg: 75.09, took: 2.10s
Epoch 8, 97.9%	 loss: 1.721 acc@1: 59.10 mrr: 70.55, ndcg: 75.08, took: 1.99s
Epoch 8, 100.0%	 loss: 1.748 acc@1: 58.05 mrr: 69.65, ndcg: 74.27, took: 2.06s
Validation - loss: 2.9784, acc@1: 50.78%, f1: 45.14%, mrr: 62.05%, ndcg: 66.44%
Current learning rate: 0.000875

=== Epoch 9 ===
Epoch 9, 2.1%	 loss: 1.412 acc@1: 62.70 mrr: 74.63, ndcg: 79.47, took: 1.96s
Epoch 9, 4.3%	 loss: 1.444 acc@1: 62.66 mrr: 74.33, ndcg: 79.01, took: 2.04s
Epoch 9, 6.4%	 loss: 1.417 acc@1: 63.20 mrr: 74.89, ndcg: 79.51, took: 2.07s
Epoch 9, 8.5%	 loss: 1.485 acc@1: 62.15 mrr: 73.86, ndcg: 78.58, took: 1.97s
Epoch 9, 10.6%	 loss: 1.459 acc@1: 62.34 mrr: 74.11, ndcg: 78.96, took: 2.02s
Epoch 9, 12.8%	 loss: 1.466 acc@1: 62.62 mrr: 74.09, ndcg: 78.80, took: 2.18s
Epoch 9, 14.9%	 loss: 1.458 acc@1: 63.01 mrr: 74.37, ndcg: 79.04, took: 2.00s
Epoch 9, 17.0%	 loss: 1.481 acc@1: 62.15 mrr: 73.71, ndcg: 78.37, took: 1.82s
Epoch 9, 19.1%	 loss: 1.477 acc@1: 61.88 mrr: 73.55, ndcg: 78.40, took: 1.93s
Epoch 9, 21.3%	 loss: 1.493 acc@1: 61.68 mrr: 73.36, ndcg: 78.25, took: 1.97s
Epoch 9, 23.4%	 loss: 1.469 acc@1: 61.99 mrr: 73.88, ndcg: 78.71, took: 1.98s
Epoch 9, 25.5%	 loss: 1.483 acc@1: 61.95 mrr: 73.67, ndcg: 78.37, took: 1.97s
Epoch 9, 27.7%	 loss: 1.540 acc@1: 61.84 mrr: 73.12, ndcg: 77.84, took: 1.87s
Epoch 9, 29.8%	 loss: 1.529 acc@1: 61.21 mrr: 72.70, ndcg: 77.56, took: 1.92s
Epoch 9, 31.9%	 loss: 1.539 acc@1: 61.84 mrr: 72.99, ndcg: 77.56, took: 1.80s
Epoch 9, 34.0%	 loss: 1.526 acc@1: 60.74 mrr: 72.95, ndcg: 77.87, took: 2.00s
Epoch 9, 36.2%	 loss: 1.516 acc@1: 62.81 mrr: 73.54, ndcg: 78.11, took: 2.09s
Epoch 9, 38.3%	 loss: 1.535 acc@1: 59.88 mrr: 72.18, ndcg: 77.12, took: 2.08s
Epoch 9, 40.4%	 loss: 1.484 acc@1: 60.98 mrr: 73.16, ndcg: 78.12, took: 1.99s
Epoch 9, 42.6%	 loss: 1.517 acc@1: 61.09 mrr: 72.95, ndcg: 77.87, took: 1.95s
Epoch 9, 44.7%	 loss: 1.442 acc@1: 62.66 mrr: 73.95, ndcg: 78.61, took: 2.04s
Epoch 9, 46.8%	 loss: 1.548 acc@1: 61.05 mrr: 72.57, ndcg: 77.20, took: 2.14s
Epoch 9, 48.9%	 loss: 1.464 acc@1: 64.30 mrr: 74.85, ndcg: 79.02, took: 2.04s
Epoch 9, 51.1%	 loss: 1.527 acc@1: 61.68 mrr: 73.15, ndcg: 77.85, took: 1.97s
Epoch 9, 53.2%	 loss: 1.527 acc@1: 60.74 mrr: 72.37, ndcg: 77.21, took: 2.01s
Epoch 9, 55.3%	 loss: 1.554 acc@1: 60.98 mrr: 72.58, ndcg: 77.30, took: 1.91s
Epoch 9, 57.4%	 loss: 1.493 acc@1: 61.72 mrr: 73.23, ndcg: 77.99, took: 2.19s
Epoch 9, 59.6%	 loss: 1.576 acc@1: 60.39 mrr: 72.18, ndcg: 76.91, took: 1.92s
Epoch 9, 61.7%	 loss: 1.452 acc@1: 63.71 mrr: 74.68, ndcg: 79.14, took: 1.95s
Epoch 9, 63.8%	 loss: 1.559 acc@1: 60.59 mrr: 72.44, ndcg: 77.19, took: 2.09s
Epoch 9, 66.0%	 loss: 1.464 acc@1: 61.72 mrr: 73.53, ndcg: 78.31, took: 1.98s
Epoch 9, 68.1%	 loss: 1.608 acc@1: 60.43 mrr: 72.11, ndcg: 76.89, took: 1.95s
Epoch 9, 70.2%	 loss: 1.578 acc@1: 59.92 mrr: 72.00, ndcg: 76.74, took: 2.05s
Epoch 9, 72.3%	 loss: 1.596 acc@1: 60.55 mrr: 72.24, ndcg: 77.07, took: 2.00s
Epoch 9, 74.5%	 loss: 1.544 acc@1: 61.33 mrr: 72.87, ndcg: 77.38, took: 2.05s
Epoch 9, 76.6%	 loss: 1.534 acc@1: 60.78 mrr: 72.80, ndcg: 77.69, took: 2.12s
Epoch 9, 78.7%	 loss: 1.560 acc@1: 60.35 mrr: 72.35, ndcg: 77.01, took: 2.02s
Epoch 9, 80.9%	 loss: 1.569 acc@1: 60.08 mrr: 72.06, ndcg: 76.92, took: 1.87s
Epoch 9, 83.0%	 loss: 1.526 acc@1: 61.76 mrr: 73.38, ndcg: 77.96, took: 1.91s
Epoch 9, 85.1%	 loss: 1.606 acc@1: 58.40 mrr: 70.66, ndcg: 75.77, took: 2.01s
Epoch 9, 87.2%	 loss: 1.576 acc@1: 61.13 mrr: 72.57, ndcg: 77.25, took: 1.94s
Epoch 9, 89.4%	 loss: 1.556 acc@1: 60.70 mrr: 72.63, ndcg: 77.34, took: 1.97s
Epoch 9, 91.5%	 loss: 1.602 acc@1: 60.43 mrr: 72.25, ndcg: 76.95, took: 1.96s
Epoch 9, 93.6%	 loss: 1.532 acc@1: 61.76 mrr: 73.25, ndcg: 77.68, took: 2.01s
Epoch 9, 95.7%	 loss: 1.518 acc@1: 61.33 mrr: 72.99, ndcg: 77.91, took: 1.98s
Epoch 9, 97.9%	 loss: 1.547 acc@1: 61.80 mrr: 72.96, ndcg: 77.31, took: 1.90s
Epoch 9, 100.0%	 loss: 1.556 acc@1: 60.00 mrr: 71.99, ndcg: 76.83, took: 1.96s
Validation - loss: 3.0205, acc@1: 50.82%, f1: 45.31%, mrr: 61.95%, ndcg: 66.35%
Current learning rate: 0.000854

=== Epoch 10 ===
Epoch 10, 2.1%	 loss: 1.364 acc@1: 64.10 mrr: 75.68, ndcg: 80.33, took: 1.80s
Epoch 10, 4.3%	 loss: 1.301 acc@1: 65.27 mrr: 76.61, ndcg: 81.28, took: 1.85s
Epoch 10, 6.4%	 loss: 1.374 acc@1: 62.42 mrr: 74.81, ndcg: 79.78, took: 1.81s
Epoch 10, 8.5%	 loss: 1.351 acc@1: 64.14 mrr: 75.70, ndcg: 80.27, took: 1.81s
Epoch 10, 10.6%	 loss: 1.311 acc@1: 66.13 mrr: 77.02, ndcg: 81.34, took: 1.78s
Epoch 10, 12.8%	 loss: 1.281 acc@1: 66.05 mrr: 77.18, ndcg: 81.61, took: 1.78s
Epoch 10, 14.9%	 loss: 1.325 acc@1: 64.73 mrr: 76.40, ndcg: 81.11, took: 1.84s
Epoch 10, 17.0%	 loss: 1.344 acc@1: 64.57 mrr: 76.00, ndcg: 80.60, took: 1.84s
Epoch 10, 19.1%	 loss: 1.273 acc@1: 66.33 mrr: 77.43, ndcg: 81.94, took: 1.76s
Epoch 10, 21.3%	 loss: 1.302 acc@1: 65.62 mrr: 76.82, ndcg: 81.36, took: 1.73s
Epoch 10, 23.4%	 loss: 1.309 acc@1: 65.62 mrr: 76.72, ndcg: 81.13, took: 1.91s
Epoch 10, 25.5%	 loss: 1.384 acc@1: 64.02 mrr: 75.50, ndcg: 80.05, took: 1.81s
Epoch 10, 27.7%	 loss: 1.415 acc@1: 62.50 mrr: 74.51, ndcg: 79.35, took: 1.91s
Epoch 10, 29.8%	 loss: 1.359 acc@1: 64.96 mrr: 76.15, ndcg: 80.70, took: 1.88s
Epoch 10, 31.9%	 loss: 1.382 acc@1: 64.65 mrr: 75.75, ndcg: 80.25, took: 1.85s
Epoch 10, 34.0%	 loss: 1.325 acc@1: 65.66 mrr: 76.48, ndcg: 80.84, took: 1.81s
Epoch 10, 36.2%	 loss: 1.381 acc@1: 63.83 mrr: 75.38, ndcg: 80.19, took: 1.83s
Epoch 10, 38.3%	 loss: 1.381 acc@1: 64.18 mrr: 75.39, ndcg: 79.96, took: 1.69s
Epoch 10, 40.4%	 loss: 1.349 acc@1: 64.77 mrr: 76.04, ndcg: 80.51, took: 1.56s
Epoch 10, 42.6%	 loss: 1.373 acc@1: 65.04 mrr: 76.00, ndcg: 80.56, took: 1.56s
Epoch 10, 44.7%	 loss: 1.350 acc@1: 65.31 mrr: 76.33, ndcg: 80.46, took: 1.84s
Epoch 10, 46.8%	 loss: 1.390 acc@1: 63.32 mrr: 74.97, ndcg: 79.76, took: 2.16s
Epoch 10, 48.9%	 loss: 1.413 acc@1: 63.52 mrr: 74.90, ndcg: 79.57, took: 1.74s
Epoch 10, 51.1%	 loss: 1.443 acc@1: 63.09 mrr: 74.53, ndcg: 79.04, took: 1.91s
Epoch 10, 53.2%	 loss: 1.451 acc@1: 62.50 mrr: 74.21, ndcg: 79.10, took: 1.87s
Epoch 10, 55.3%	 loss: 1.411 acc@1: 63.40 mrr: 74.90, ndcg: 79.48, took: 1.77s
Epoch 10, 57.4%	 loss: 1.406 acc@1: 63.87 mrr: 75.20, ndcg: 79.85, took: 1.80s
Epoch 10, 59.6%	 loss: 1.410 acc@1: 62.89 mrr: 74.63, ndcg: 79.51, took: 1.95s
Epoch 10, 61.7%	 loss: 1.376 acc@1: 62.81 mrr: 74.90, ndcg: 79.68, took: 1.85s
Epoch 10, 63.8%	 loss: 1.493 acc@1: 61.05 mrr: 73.14, ndcg: 77.96, took: 1.75s
Epoch 10, 66.0%	 loss: 1.432 acc@1: 62.34 mrr: 74.36, ndcg: 79.11, took: 1.60s
Epoch 10, 68.1%	 loss: 1.446 acc@1: 62.27 mrr: 74.14, ndcg: 78.93, took: 1.67s
Epoch 10, 70.2%	 loss: 1.359 acc@1: 64.65 mrr: 75.81, ndcg: 80.28, took: 1.81s
Epoch 10, 72.3%	 loss: 1.409 acc@1: 64.02 mrr: 75.19, ndcg: 79.63, took: 1.83s
Epoch 10, 74.5%	 loss: 1.432 acc@1: 63.16 mrr: 74.54, ndcg: 79.22, took: 1.94s
Epoch 10, 76.6%	 loss: 1.379 acc@1: 63.59 mrr: 75.40, ndcg: 80.20, took: 1.86s
Epoch 10, 78.7%	 loss: 1.404 acc@1: 63.20 mrr: 74.54, ndcg: 79.20, took: 1.66s
Epoch 10, 80.9%	 loss: 1.463 acc@1: 62.42 mrr: 73.96, ndcg: 78.61, took: 1.79s
Epoch 10, 83.0%	 loss: 1.407 acc@1: 63.48 mrr: 74.83, ndcg: 79.52, took: 1.81s
Epoch 10, 85.1%	 loss: 1.482 acc@1: 62.62 mrr: 74.18, ndcg: 78.95, took: 1.72s
Epoch 10, 87.2%	 loss: 1.461 acc@1: 62.81 mrr: 74.20, ndcg: 78.77, took: 1.86s
Epoch 10, 89.4%	 loss: 1.383 acc@1: 63.95 mrr: 75.25, ndcg: 79.87, took: 1.80s
Epoch 10, 91.5%	 loss: 1.412 acc@1: 64.49 mrr: 75.36, ndcg: 79.65, took: 1.78s
Epoch 10, 93.6%	 loss: 1.429 acc@1: 62.46 mrr: 74.09, ndcg: 78.73, took: 1.71s
Epoch 10, 95.7%	 loss: 1.419 acc@1: 62.50 mrr: 74.49, ndcg: 79.29, took: 1.80s
Epoch 10, 97.9%	 loss: 1.480 acc@1: 62.42 mrr: 73.80, ndcg: 78.35, took: 1.72s
Epoch 10, 100.0%	 loss: 1.460 acc@1: 62.27 mrr: 73.87, ndcg: 78.56, took: 1.79s
Validation - loss: 3.1101, acc@1: 50.11%, f1: 45.72%, mrr: 61.20%, ndcg: 65.55%
Current learning rate: 0.000083

=== Epoch 11 ===
Epoch 11, 2.1%	 loss: 1.834 acc@1: 55.86 mrr: 68.17, ndcg: 73.03, took: 1.78s
Epoch 11, 4.3%	 loss: 1.804 acc@1: 56.80 mrr: 68.85, ndcg: 73.55, took: 1.76s
Epoch 11, 6.4%	 loss: 1.826 acc@1: 56.45 mrr: 68.54, ndcg: 73.41, took: 1.80s
Epoch 11, 8.5%	 loss: 1.885 acc@1: 56.60 mrr: 68.32, ndcg: 72.82, took: 1.67s
Epoch 11, 10.6%	 loss: 1.793 acc@1: 57.93 mrr: 69.39, ndcg: 74.02, took: 1.64s
Epoch 11, 12.8%	 loss: 1.810 acc@1: 56.13 mrr: 68.46, ndcg: 73.47, took: 1.65s
Epoch 11, 14.9%	 loss: 1.805 acc@1: 56.56 mrr: 68.90, ndcg: 73.70, took: 1.80s
Epoch 11, 17.0%	 loss: 1.792 acc@1: 56.95 mrr: 69.34, ndcg: 73.94, took: 1.82s
Epoch 11, 19.1%	 loss: 1.889 acc@1: 55.86 mrr: 67.89, ndcg: 72.65, took: 1.80s
Epoch 11, 21.3%	 loss: 1.902 acc@1: 54.65 mrr: 67.18, ndcg: 72.39, took: 1.75s
Epoch 11, 23.4%	 loss: 1.879 acc@1: 54.96 mrr: 67.51, ndcg: 72.32, took: 1.81s
Epoch 11, 25.5%	 loss: 1.840 acc@1: 56.56 mrr: 68.69, ndcg: 73.43, took: 1.88s
Epoch 11, 27.7%	 loss: 1.782 acc@1: 56.88 mrr: 69.24, ndcg: 74.07, took: 1.78s
Epoch 11, 29.8%	 loss: 1.846 acc@1: 56.41 mrr: 68.42, ndcg: 73.15, took: 1.70s
Epoch 11, 31.9%	 loss: 1.785 acc@1: 58.16 mrr: 69.64, ndcg: 74.13, took: 1.84s
Epoch 11, 34.0%	 loss: 1.835 acc@1: 56.84 mrr: 68.90, ndcg: 73.62, took: 1.72s
Epoch 11, 36.2%	 loss: 1.730 acc@1: 57.93 mrr: 69.92, ndcg: 74.75, took: 1.86s
Epoch 11, 38.3%	 loss: 1.781 acc@1: 57.42 mrr: 69.46, ndcg: 74.20, took: 1.74s
Epoch 11, 40.4%	 loss: 1.802 acc@1: 56.80 mrr: 68.84, ndcg: 73.51, took: 1.77s
Epoch 11, 42.6%	 loss: 1.794 acc@1: 56.13 mrr: 68.64, ndcg: 73.68, took: 1.84s
Epoch 11, 44.7%	 loss: 1.829 acc@1: 57.38 mrr: 69.18, ndcg: 73.72, took: 1.78s
Epoch 11, 46.8%	 loss: 1.853 acc@1: 56.84 mrr: 68.55, ndcg: 73.30, took: 1.74s
Epoch 11, 48.9%	 loss: 1.836 acc@1: 55.55 mrr: 68.23, ndcg: 73.05, took: 1.69s
Epoch 11, 51.1%	 loss: 1.826 acc@1: 55.35 mrr: 68.12, ndcg: 73.16, took: 1.79s
Epoch 11, 53.2%	 loss: 1.815 acc@1: 56.95 mrr: 68.69, ndcg: 73.35, took: 1.77s
Epoch 11, 55.3%	 loss: 1.824 acc@1: 57.38 mrr: 68.93, ndcg: 73.52, took: 1.60s
Epoch 11, 57.4%	 loss: 1.854 acc@1: 57.62 mrr: 69.04, ndcg: 73.64, took: 1.56s
Epoch 11, 59.6%	 loss: 1.851 acc@1: 56.84 mrr: 68.41, ndcg: 73.17, took: 1.53s
Epoch 11, 61.7%	 loss: 1.787 acc@1: 57.73 mrr: 69.78, ndcg: 74.46, took: 1.76s
Epoch 11, 63.8%	 loss: 1.727 acc@1: 58.52 mrr: 70.35, ndcg: 74.92, took: 1.72s
Epoch 11, 66.0%	 loss: 1.836 acc@1: 57.23 mrr: 68.94, ndcg: 73.47, took: 1.61s
Epoch 11, 68.1%	 loss: 1.768 acc@1: 58.16 mrr: 69.74, ndcg: 74.26, took: 1.80s
Epoch 11, 70.2%	 loss: 1.795 acc@1: 58.12 mrr: 69.63, ndcg: 74.12, took: 1.80s
Epoch 11, 72.3%	 loss: 1.855 acc@1: 56.64 mrr: 68.40, ndcg: 73.22, took: 1.67s
Epoch 11, 74.5%	 loss: 1.762 acc@1: 58.40 mrr: 69.77, ndcg: 74.28, took: 1.74s
Epoch 11, 76.6%	 loss: 1.781 acc@1: 58.12 mrr: 69.67, ndcg: 74.21, took: 1.79s
Epoch 11, 78.7%	 loss: 1.794 acc@1: 57.34 mrr: 69.11, ndcg: 73.89, took: 1.75s
Epoch 11, 80.9%	 loss: 1.796 acc@1: 56.91 mrr: 69.15, ndcg: 74.00, took: 1.94s
Epoch 11, 83.0%	 loss: 1.898 acc@1: 54.92 mrr: 67.31, ndcg: 72.29, took: 1.83s
Epoch 11, 85.1%	 loss: 1.820 acc@1: 56.33 mrr: 68.36, ndcg: 73.20, took: 1.83s
Epoch 11, 87.2%	 loss: 1.813 acc@1: 57.89 mrr: 69.48, ndcg: 74.16, took: 1.71s
Epoch 11, 89.4%	 loss: 1.872 acc@1: 56.60 mrr: 68.52, ndcg: 72.99, took: 1.81s
Epoch 11, 91.5%	 loss: 1.849 acc@1: 56.52 mrr: 68.61, ndcg: 73.32, took: 1.78s
Epoch 11, 93.6%	 loss: 1.890 acc@1: 55.23 mrr: 67.56, ndcg: 72.39, took: 1.83s
Epoch 11, 95.7%	 loss: 1.786 acc@1: 58.28 mrr: 69.70, ndcg: 74.20, took: 1.69s
Epoch 11, 97.9%	 loss: 1.753 acc@1: 59.22 mrr: 70.56, ndcg: 74.91, took: 1.78s
Epoch 11, 100.0%	 loss: 1.803 acc@1: 57.38 mrr: 69.36, ndcg: 74.00, took: 1.89s
Validation - loss: 2.8683, acc@1: 51.40%, f1: 44.65%, mrr: 62.85%, ndcg: 67.37%
Current learning rate: 0.000083

=== Epoch 12 ===
Epoch 12, 2.1%	 loss: 1.770 acc@1: 58.16 mrr: 69.83, ndcg: 74.32, took: 1.84s
Epoch 12, 4.3%	 loss: 1.741 acc@1: 58.55 mrr: 70.10, ndcg: 74.61, took: 1.73s
Epoch 12, 6.4%	 loss: 1.769 acc@1: 57.66 mrr: 69.57, ndcg: 74.26, took: 1.80s
Epoch 12, 8.5%	 loss: 1.834 acc@1: 56.76 mrr: 68.61, ndcg: 73.37, took: 1.74s
Epoch 12, 10.6%	 loss: 1.780 acc@1: 57.46 mrr: 69.48, ndcg: 74.15, took: 1.76s
Epoch 12, 12.8%	 loss: 1.761 acc@1: 57.70 mrr: 69.51, ndcg: 74.12, took: 1.80s
Epoch 12, 14.9%	 loss: 1.802 acc@1: 57.11 mrr: 68.92, ndcg: 73.73, took: 1.74s
Epoch 12, 17.0%	 loss: 1.756 acc@1: 58.01 mrr: 69.55, ndcg: 74.34, took: 1.78s
Epoch 12, 19.1%	 loss: 1.767 acc@1: 57.81 mrr: 69.64, ndcg: 74.29, took: 1.81s
Epoch 12, 21.3%	 loss: 1.761 acc@1: 57.19 mrr: 69.18, ndcg: 73.97, took: 1.76s
Epoch 12, 23.4%	 loss: 1.808 acc@1: 56.52 mrr: 68.65, ndcg: 73.37, took: 1.79s
Epoch 12, 25.5%	 loss: 1.808 acc@1: 56.41 mrr: 68.50, ndcg: 73.19, took: 1.79s
Epoch 12, 27.7%	 loss: 1.851 acc@1: 56.25 mrr: 68.04, ndcg: 72.73, took: 1.89s
Epoch 12, 29.8%	 loss: 1.810 acc@1: 57.07 mrr: 68.96, ndcg: 73.57, took: 1.77s
Epoch 12, 31.9%	 loss: 1.753 acc@1: 56.33 mrr: 69.03, ndcg: 73.97, took: 1.75s
Epoch 12, 34.0%	 loss: 1.765 acc@1: 57.50 mrr: 69.58, ndcg: 74.43, took: 1.80s
Epoch 12, 36.2%	 loss: 1.710 acc@1: 58.75 mrr: 70.59, ndcg: 75.25, took: 1.75s
Epoch 12, 38.3%	 loss: 1.762 acc@1: 57.62 mrr: 69.71, ndcg: 74.41, took: 1.90s
Epoch 12, 40.4%	 loss: 1.805 acc@1: 56.68 mrr: 68.81, ndcg: 73.50, took: 1.83s
Epoch 12, 42.6%	 loss: 1.804 acc@1: 57.03 mrr: 69.04, ndcg: 73.58, took: 1.60s
Epoch 12, 44.7%	 loss: 1.717 acc@1: 58.67 mrr: 70.65, ndcg: 75.47, took: 1.78s
Epoch 12, 46.8%	 loss: 1.833 acc@1: 57.66 mrr: 69.16, ndcg: 73.62, took: 1.87s
Epoch 12, 48.9%	 loss: 1.772 acc@1: 57.62 mrr: 69.43, ndcg: 74.11, took: 1.74s
Epoch 12, 51.1%	 loss: 1.825 acc@1: 55.98 mrr: 68.43, ndcg: 73.33, took: 1.72s
Epoch 12, 53.2%	 loss: 1.767 acc@1: 57.66 mrr: 69.48, ndcg: 74.03, took: 1.78s
Epoch 12, 55.3%	 loss: 1.808 acc@1: 57.38 mrr: 69.34, ndcg: 73.96, took: 1.82s
Epoch 12, 57.4%	 loss: 1.714 acc@1: 59.41 mrr: 70.56, ndcg: 75.11, took: 1.75s
Epoch 12, 59.6%	 loss: 1.746 acc@1: 58.16 mrr: 69.80, ndcg: 74.53, took: 1.62s
Epoch 12, 61.7%	 loss: 1.780 acc@1: 57.73 mrr: 69.58, ndcg: 74.23, took: 1.72s
Epoch 12, 63.8%	 loss: 1.751 acc@1: 58.28 mrr: 70.05, ndcg: 74.78, took: 1.82s
Epoch 12, 66.0%	 loss: 1.819 acc@1: 56.21 mrr: 68.44, ndcg: 73.11, took: 1.91s
Epoch 12, 68.1%	 loss: 1.810 acc@1: 57.07 mrr: 68.90, ndcg: 73.54, took: 1.78s
Epoch 12, 70.2%	 loss: 1.779 acc@1: 58.01 mrr: 69.93, ndcg: 74.59, took: 1.75s
Epoch 12, 72.3%	 loss: 1.843 acc@1: 57.50 mrr: 68.88, ndcg: 73.31, took: 1.90s
Epoch 12, 74.5%	 loss: 1.751 acc@1: 57.89 mrr: 69.75, ndcg: 74.65, took: 1.84s
Epoch 12, 76.6%	 loss: 1.770 acc@1: 58.67 mrr: 70.09, ndcg: 74.47, took: 1.65s
Epoch 12, 78.7%	 loss: 1.796 acc@1: 56.72 mrr: 68.96, ndcg: 73.77, took: 1.93s
Epoch 12, 80.9%	 loss: 1.755 acc@1: 59.92 mrr: 70.89, ndcg: 75.09, took: 1.96s
Epoch 12, 83.0%	 loss: 1.746 acc@1: 57.62 mrr: 69.75, ndcg: 74.62, took: 1.93s
Epoch 12, 85.1%	 loss: 1.787 acc@1: 56.95 mrr: 69.12, ndcg: 73.97, took: 1.87s
Epoch 12, 87.2%	 loss: 1.765 acc@1: 57.89 mrr: 69.53, ndcg: 74.19, took: 1.76s
Epoch 12, 89.4%	 loss: 1.749 acc@1: 58.63 mrr: 70.31, ndcg: 74.89, took: 1.60s
Epoch 12, 91.5%	 loss: 1.784 acc@1: 57.07 mrr: 69.14, ndcg: 74.02, took: 1.72s
Epoch 12, 93.6%	 loss: 1.735 acc@1: 59.30 mrr: 70.40, ndcg: 74.86, took: 1.84s
Epoch 12, 95.7%	 loss: 1.775 acc@1: 57.54 mrr: 69.65, ndcg: 74.42, took: 1.70s
Epoch 12, 97.9%	 loss: 1.734 acc@1: 57.93 mrr: 70.02, ndcg: 74.83, took: 1.74s
Epoch 12, 100.0%	 loss: 1.769 acc@1: 56.80 mrr: 69.10, ndcg: 73.85, took: 1.88s
Validation - loss: 2.8647, acc@1: 51.51%, f1: 44.81%, mrr: 62.94%, ndcg: 67.47%
Current learning rate: 0.000083

=== Epoch 13 ===
Epoch 13, 2.1%	 loss: 1.718 acc@1: 58.40 mrr: 70.33, ndcg: 74.97, took: 1.79s
Epoch 13, 4.3%	 loss: 1.721 acc@1: 58.24 mrr: 70.24, ndcg: 74.91, took: 1.74s
Epoch 13, 6.4%	 loss: 1.753 acc@1: 57.81 mrr: 69.75, ndcg: 74.65, took: 2.00s
Epoch 13, 8.5%	 loss: 1.729 acc@1: 57.93 mrr: 69.81, ndcg: 74.64, took: 1.71s
Epoch 13, 10.6%	 loss: 1.698 acc@1: 58.98 mrr: 70.66, ndcg: 75.43, took: 1.72s
Epoch 13, 12.8%	 loss: 1.777 acc@1: 57.77 mrr: 69.65, ndcg: 74.47, took: 1.76s
Epoch 13, 14.9%	 loss: 1.785 acc@1: 58.36 mrr: 69.76, ndcg: 74.36, took: 1.78s
Epoch 13, 17.0%	 loss: 1.692 acc@1: 58.83 mrr: 70.50, ndcg: 75.29, took: 1.78s
Epoch 13, 19.1%	 loss: 1.748 acc@1: 58.24 mrr: 70.02, ndcg: 74.63, took: 1.78s
Epoch 13, 21.3%	 loss: 1.798 acc@1: 56.56 mrr: 68.74, ndcg: 73.49, took: 1.79s
Epoch 13, 23.4%	 loss: 1.708 acc@1: 59.10 mrr: 70.56, ndcg: 75.00, took: 1.80s
Epoch 13, 25.5%	 loss: 1.772 acc@1: 57.23 mrr: 69.35, ndcg: 74.22, took: 1.78s
Epoch 13, 27.7%	 loss: 1.812 acc@1: 56.52 mrr: 68.63, ndcg: 73.48, took: 1.76s
Epoch 13, 29.8%	 loss: 1.748 acc@1: 57.38 mrr: 69.56, ndcg: 74.62, took: 1.78s
Epoch 13, 31.9%	 loss: 1.681 acc@1: 58.24 mrr: 70.54, ndcg: 75.27, took: 1.82s
Epoch 13, 34.0%	 loss: 1.755 acc@1: 58.09 mrr: 69.71, ndcg: 74.34, took: 1.71s
Epoch 13, 36.2%	 loss: 1.823 acc@1: 56.64 mrr: 68.76, ndcg: 73.38, took: 1.74s
Epoch 13, 38.3%	 loss: 1.768 acc@1: 57.93 mrr: 69.71, ndcg: 74.27, took: 1.72s
Epoch 13, 40.4%	 loss: 1.671 acc@1: 60.16 mrr: 71.53, ndcg: 75.97, took: 1.83s
Epoch 13, 42.6%	 loss: 1.823 acc@1: 56.21 mrr: 68.46, ndcg: 73.23, took: 1.72s
Epoch 13, 44.7%	 loss: 1.792 acc@1: 57.89 mrr: 69.41, ndcg: 74.12, took: 1.87s
Epoch 13, 46.8%	 loss: 1.707 acc@1: 58.52 mrr: 70.31, ndcg: 75.03, took: 1.76s
Epoch 13, 48.9%	 loss: 1.784 acc@1: 57.38 mrr: 69.35, ndcg: 74.18, took: 1.80s
Epoch 13, 51.1%	 loss: 1.759 acc@1: 58.71 mrr: 70.29, ndcg: 74.71, took: 1.78s
Epoch 13, 53.2%	 loss: 1.698 acc@1: 57.73 mrr: 70.24, ndcg: 75.12, took: 1.84s
Epoch 13, 55.3%	 loss: 1.767 acc@1: 58.52 mrr: 69.93, ndcg: 74.42, took: 1.80s
Epoch 13, 57.4%	 loss: 1.811 acc@1: 57.38 mrr: 68.96, ndcg: 73.63, took: 1.81s
Epoch 13, 59.6%	 loss: 1.723 acc@1: 58.59 mrr: 70.38, ndcg: 74.96, took: 1.86s
Epoch 13, 61.7%	 loss: 1.748 acc@1: 58.52 mrr: 70.09, ndcg: 74.72, took: 1.71s
Epoch 13, 63.8%	 loss: 1.766 acc@1: 57.77 mrr: 69.47, ndcg: 74.16, took: 1.78s
Epoch 13, 66.0%	 loss: 1.729 acc@1: 58.28 mrr: 70.24, ndcg: 75.02, took: 1.76s
Epoch 13, 68.1%	 loss: 1.715 acc@1: 59.57 mrr: 70.90, ndcg: 75.19, took: 1.75s
Epoch 13, 70.2%	 loss: 1.719 acc@1: 58.32 mrr: 70.10, ndcg: 74.79, took: 1.69s
Epoch 13, 72.3%	 loss: 1.781 acc@1: 57.30 mrr: 69.37, ndcg: 74.09, took: 1.84s
Epoch 13, 74.5%	 loss: 1.757 acc@1: 57.42 mrr: 69.27, ndcg: 74.10, took: 1.77s
Epoch 13, 76.6%	 loss: 1.768 acc@1: 57.89 mrr: 69.74, ndcg: 74.46, took: 1.63s
Epoch 13, 78.7%	 loss: 1.813 acc@1: 56.76 mrr: 68.93, ndcg: 73.70, took: 1.70s
Epoch 13, 80.9%	 loss: 1.740 acc@1: 58.36 mrr: 69.94, ndcg: 74.64, took: 1.69s
Epoch 13, 83.0%	 loss: 1.775 acc@1: 57.66 mrr: 69.31, ndcg: 73.99, took: 1.58s
Epoch 13, 85.1%	 loss: 1.722 acc@1: 59.49 mrr: 70.86, ndcg: 75.37, took: 1.46s
Epoch 13, 87.2%	 loss: 1.747 acc@1: 58.01 mrr: 69.92, ndcg: 74.55, took: 1.69s
Epoch 13, 89.4%	 loss: 1.763 acc@1: 58.20 mrr: 69.71, ndcg: 74.25, took: 1.76s
Epoch 13, 91.5%	 loss: 1.729 acc@1: 58.91 mrr: 70.32, ndcg: 74.97, took: 1.81s
Epoch 13, 93.6%	 loss: 1.751 acc@1: 58.05 mrr: 69.87, ndcg: 74.38, took: 1.71s
Epoch 13, 95.7%	 loss: 1.753 acc@1: 58.44 mrr: 70.20, ndcg: 74.70, took: 1.84s
Epoch 13, 97.9%	 loss: 1.774 acc@1: 57.85 mrr: 69.58, ndcg: 74.24, took: 1.79s
Epoch 13, 100.0%	 loss: 1.758 acc@1: 58.05 mrr: 69.74, ndcg: 74.40, took: 1.88s
Validation - loss: 2.8655, acc@1: 51.79%, f1: 45.00%, mrr: 63.05%, ndcg: 67.51%
Current learning rate: 0.000083

=== Epoch 14 ===
Epoch 14, 2.1%	 loss: 1.725 acc@1: 58.52 mrr: 70.25, ndcg: 74.96, took: 1.82s
Epoch 14, 4.3%	 loss: 1.709 acc@1: 58.16 mrr: 70.21, ndcg: 74.92, took: 1.77s
Epoch 14, 6.4%	 loss: 1.741 acc@1: 58.52 mrr: 70.10, ndcg: 74.79, took: 1.70s
Epoch 14, 8.5%	 loss: 1.756 acc@1: 58.63 mrr: 70.27, ndcg: 74.72, took: 1.85s
Epoch 14, 10.6%	 loss: 1.712 acc@1: 58.32 mrr: 70.33, ndcg: 74.98, took: 1.74s
Epoch 14, 12.8%	 loss: 1.733 acc@1: 57.62 mrr: 69.72, ndcg: 74.51, took: 1.66s
Epoch 14, 14.9%	 loss: 1.688 acc@1: 58.71 mrr: 70.58, ndcg: 75.42, took: 1.77s
Epoch 14, 17.0%	 loss: 1.728 acc@1: 58.44 mrr: 70.32, ndcg: 75.08, took: 1.79s
Epoch 14, 19.1%	 loss: 1.687 acc@1: 58.87 mrr: 70.77, ndcg: 75.45, took: 1.80s
Epoch 14, 21.3%	 loss: 1.769 acc@1: 57.46 mrr: 69.27, ndcg: 74.08, took: 1.71s
Epoch 14, 23.4%	 loss: 1.733 acc@1: 58.16 mrr: 69.98, ndcg: 74.56, took: 1.85s
Epoch 14, 25.5%	 loss: 1.810 acc@1: 57.03 mrr: 69.04, ndcg: 73.80, took: 1.84s
Epoch 14, 27.7%	 loss: 1.621 acc@1: 60.94 mrr: 72.10, ndcg: 76.36, took: 1.76s
Epoch 14, 29.8%	 loss: 1.744 acc@1: 58.16 mrr: 69.76, ndcg: 74.55, took: 1.67s
Epoch 14, 31.9%	 loss: 1.724 acc@1: 58.55 mrr: 70.10, ndcg: 74.79, took: 1.80s
Epoch 14, 34.0%	 loss: 1.767 acc@1: 56.72 mrr: 69.08, ndcg: 74.00, took: 1.73s
Epoch 14, 36.2%	 loss: 1.764 acc@1: 57.27 mrr: 69.16, ndcg: 73.87, took: 1.71s
Epoch 14, 38.3%	 loss: 1.792 acc@1: 58.12 mrr: 69.52, ndcg: 74.14, took: 1.73s
Epoch 14, 40.4%	 loss: 1.720 acc@1: 57.62 mrr: 69.82, ndcg: 74.67, took: 1.83s
Epoch 14, 42.6%	 loss: 1.656 acc@1: 59.69 mrr: 71.21, ndcg: 75.86, took: 1.79s
Epoch 14, 44.7%	 loss: 1.732 acc@1: 57.58 mrr: 69.69, ndcg: 74.48, took: 1.84s
Epoch 14, 46.8%	 loss: 1.709 acc@1: 59.45 mrr: 70.93, ndcg: 75.49, took: 1.86s
Epoch 14, 48.9%	 loss: 1.738 acc@1: 57.73 mrr: 69.92, ndcg: 74.73, took: 1.64s
Epoch 14, 51.1%	 loss: 1.754 acc@1: 57.85 mrr: 69.69, ndcg: 74.42, took: 1.82s
Epoch 14, 53.2%	 loss: 1.698 acc@1: 59.53 mrr: 71.01, ndcg: 75.27, took: 1.79s
Epoch 14, 55.3%	 loss: 1.710 acc@1: 59.26 mrr: 70.63, ndcg: 75.25, took: 1.88s
Epoch 14, 57.4%	 loss: 1.793 acc@1: 57.07 mrr: 69.00, ndcg: 73.76, took: 1.71s
Epoch 14, 59.6%	 loss: 1.684 acc@1: 59.69 mrr: 71.10, ndcg: 75.64, took: 1.71s
Epoch 14, 61.7%	 loss: 1.755 acc@1: 59.26 mrr: 70.49, ndcg: 74.98, took: 1.87s
Epoch 14, 63.8%	 loss: 1.774 acc@1: 57.50 mrr: 69.27, ndcg: 74.10, took: 1.78s
Epoch 14, 66.0%	 loss: 1.755 acc@1: 57.46 mrr: 69.49, ndcg: 74.22, took: 1.85s
Epoch 14, 68.1%	 loss: 1.717 acc@1: 58.52 mrr: 70.26, ndcg: 75.03, took: 1.71s
Epoch 14, 70.2%	 loss: 1.725 acc@1: 58.98 mrr: 70.51, ndcg: 74.97, took: 1.74s
Epoch 14, 72.3%	 loss: 1.774 acc@1: 57.77 mrr: 69.61, ndcg: 74.28, took: 1.81s
Epoch 14, 74.5%	 loss: 1.774 acc@1: 57.11 mrr: 69.09, ndcg: 73.85, took: 1.77s
Epoch 14, 76.6%	 loss: 1.735 acc@1: 57.42 mrr: 69.61, ndcg: 74.41, took: 1.77s
Epoch 14, 78.7%	 loss: 1.692 acc@1: 58.36 mrr: 70.35, ndcg: 75.06, took: 1.81s
Epoch 14, 80.9%	 loss: 1.667 acc@1: 59.22 mrr: 70.83, ndcg: 75.55, took: 1.79s
Epoch 14, 83.0%	 loss: 1.772 acc@1: 57.03 mrr: 69.24, ndcg: 74.13, took: 1.81s
Epoch 14, 85.1%	 loss: 1.731 acc@1: 58.09 mrr: 70.15, ndcg: 75.00, took: 1.81s
Epoch 14, 87.2%	 loss: 1.742 acc@1: 58.36 mrr: 70.20, ndcg: 74.73, took: 1.67s
Epoch 14, 89.4%	 loss: 1.662 acc@1: 60.12 mrr: 71.63, ndcg: 76.16, took: 2.10s
Epoch 14, 91.5%	 loss: 1.714 acc@1: 58.71 mrr: 70.55, ndcg: 75.41, took: 1.80s
Epoch 14, 93.6%	 loss: 1.748 acc@1: 58.44 mrr: 69.75, ndcg: 74.39, took: 1.75s
Epoch 14, 95.7%	 loss: 1.700 acc@1: 59.22 mrr: 70.56, ndcg: 75.07, took: 1.85s
Epoch 14, 97.9%	 loss: 1.720 acc@1: 58.16 mrr: 70.28, ndcg: 75.00, took: 1.89s
Epoch 14, 100.0%	 loss: 1.685 acc@1: 59.41 mrr: 71.04, ndcg: 75.51, took: 1.70s
Validation - loss: 2.8654, acc@1: 51.73%, f1: 45.21%, mrr: 63.02%, ndcg: 67.45%
Current learning rate: 0.000083

=== Epoch 15 ===
Epoch 15, 2.1%	 loss: 1.660 acc@1: 59.77 mrr: 71.36, ndcg: 75.75, took: 1.79s
Epoch 15, 4.3%	 loss: 1.633 acc@1: 60.31 mrr: 71.64, ndcg: 75.96, took: 1.66s
Epoch 15, 6.4%	 loss: 1.660 acc@1: 59.45 mrr: 71.07, ndcg: 75.89, took: 1.88s
Epoch 15, 8.5%	 loss: 1.683 acc@1: 60.20 mrr: 71.32, ndcg: 75.92, took: 1.77s
Epoch 15, 10.6%	 loss: 1.720 acc@1: 58.87 mrr: 70.54, ndcg: 74.99, took: 1.75s
Epoch 15, 12.8%	 loss: 1.672 acc@1: 59.06 mrr: 70.81, ndcg: 75.43, took: 1.80s
Epoch 15, 14.9%	 loss: 1.735 acc@1: 58.36 mrr: 70.11, ndcg: 74.98, took: 1.74s
Epoch 15, 17.0%	 loss: 1.775 acc@1: 56.56 mrr: 69.04, ndcg: 73.93, took: 1.75s
Epoch 15, 19.1%	 loss: 1.700 acc@1: 58.16 mrr: 70.15, ndcg: 74.86, took: 1.74s
Epoch 15, 21.3%	 loss: 1.666 acc@1: 59.14 mrr: 70.82, ndcg: 75.53, took: 1.79s
Epoch 15, 23.4%	 loss: 1.751 acc@1: 58.24 mrr: 69.75, ndcg: 74.34, took: 1.72s
Epoch 15, 25.5%	 loss: 1.690 acc@1: 59.41 mrr: 71.09, ndcg: 75.57, took: 1.83s
Epoch 15, 27.7%	 loss: 1.743 acc@1: 58.95 mrr: 70.28, ndcg: 74.75, took: 1.74s
Epoch 15, 29.8%	 loss: 1.682 acc@1: 59.34 mrr: 70.99, ndcg: 75.54, took: 1.76s
Epoch 15, 31.9%	 loss: 1.723 acc@1: 59.45 mrr: 70.82, ndcg: 75.38, took: 1.85s
Epoch 15, 34.0%	 loss: 1.736 acc@1: 58.98 mrr: 70.43, ndcg: 74.87, took: 1.75s
Epoch 15, 36.2%	 loss: 1.632 acc@1: 61.45 mrr: 72.33, ndcg: 76.78, took: 1.66s
Epoch 15, 38.3%	 loss: 1.759 acc@1: 56.72 mrr: 69.23, ndcg: 74.08, took: 1.59s
Epoch 15, 40.4%	 loss: 1.749 acc@1: 58.01 mrr: 69.68, ndcg: 74.53, took: 1.78s
Epoch 15, 42.6%	 loss: 1.725 acc@1: 57.77 mrr: 69.89, ndcg: 74.72, took: 1.75s
Epoch 15, 44.7%	 loss: 1.718 acc@1: 58.48 mrr: 70.25, ndcg: 74.99, took: 1.76s
Epoch 15, 46.8%	 loss: 1.675 acc@1: 59.84 mrr: 71.21, ndcg: 75.71, took: 1.73s
Epoch 15, 48.9%	 loss: 1.694 acc@1: 58.55 mrr: 70.51, ndcg: 75.35, took: 1.73s
Epoch 15, 51.1%	 loss: 1.678 acc@1: 58.63 mrr: 70.59, ndcg: 75.45, took: 1.85s
Epoch 15, 53.2%	 loss: 1.683 acc@1: 58.71 mrr: 70.57, ndcg: 75.19, took: 1.79s
Epoch 15, 55.3%	 loss: 1.701 acc@1: 58.52 mrr: 70.41, ndcg: 75.05, took: 1.78s
Epoch 15, 57.4%	 loss: 1.753 acc@1: 57.70 mrr: 69.75, ndcg: 74.52, took: 1.71s
Epoch 15, 59.6%	 loss: 1.776 acc@1: 56.76 mrr: 68.97, ndcg: 73.81, took: 1.82s
Epoch 15, 61.7%	 loss: 1.751 acc@1: 58.67 mrr: 70.19, ndcg: 74.78, took: 1.85s
Epoch 15, 63.8%	 loss: 1.745 acc@1: 57.73 mrr: 69.54, ndcg: 74.25, took: 1.92s
Epoch 15, 66.0%	 loss: 1.703 acc@1: 58.79 mrr: 70.58, ndcg: 75.20, took: 1.75s
Epoch 15, 68.1%	 loss: 1.693 acc@1: 59.53 mrr: 70.87, ndcg: 75.42, took: 1.79s
Epoch 15, 70.2%	 loss: 1.738 acc@1: 57.30 mrr: 69.49, ndcg: 74.30, took: 1.78s
Epoch 15, 72.3%	 loss: 1.654 acc@1: 60.31 mrr: 71.37, ndcg: 75.89, took: 1.78s
Epoch 15, 74.5%	 loss: 1.699 acc@1: 58.79 mrr: 70.62, ndcg: 75.36, took: 1.79s
Epoch 15, 76.6%	 loss: 1.682 acc@1: 59.57 mrr: 71.03, ndcg: 75.62, took: 1.90s
Epoch 15, 78.7%	 loss: 1.699 acc@1: 58.16 mrr: 70.15, ndcg: 74.93, took: 1.78s
Epoch 15, 80.9%	 loss: 1.713 acc@1: 59.77 mrr: 70.86, ndcg: 75.41, took: 1.80s
Epoch 15, 83.0%	 loss: 1.646 acc@1: 60.51 mrr: 71.81, ndcg: 76.30, took: 1.80s
Epoch 15, 85.1%	 loss: 1.762 acc@1: 57.50 mrr: 69.28, ndcg: 74.07, took: 1.74s
Epoch 15, 87.2%	 loss: 1.729 acc@1: 58.59 mrr: 70.28, ndcg: 75.00, took: 1.76s
Epoch 15, 89.4%	 loss: 1.741 acc@1: 57.19 mrr: 69.28, ndcg: 74.22, took: 1.78s
Epoch 15, 91.5%	 loss: 1.733 acc@1: 58.44 mrr: 69.99, ndcg: 74.72, took: 1.55s
Epoch 15, 93.6%	 loss: 1.750 acc@1: 58.05 mrr: 69.79, ndcg: 74.32, took: 1.61s
Epoch 15, 95.7%	 loss: 1.671 acc@1: 59.30 mrr: 71.05, ndcg: 75.79, took: 1.73s
Epoch 15, 97.9%	 loss: 1.649 acc@1: 59.65 mrr: 71.29, ndcg: 75.98, took: 1.79s
Epoch 15, 100.0%	 loss: 1.696 acc@1: 58.79 mrr: 70.58, ndcg: 75.23, took: 1.71s
Validation - loss: 2.8749, acc@1: 51.86%, f1: 45.45%, mrr: 62.97%, ndcg: 67.36%
Current learning rate: 0.000083

=== Epoch 16 ===
Epoch 16, 2.1%	 loss: 1.661 acc@1: 60.12 mrr: 71.51, ndcg: 76.01, took: 1.88s
Epoch 16, 4.3%	 loss: 1.640 acc@1: 59.84 mrr: 71.50, ndcg: 76.10, took: 1.67s
Epoch 16, 6.4%	 loss: 1.667 acc@1: 60.08 mrr: 71.39, ndcg: 76.01, took: 1.66s
Epoch 16, 8.5%	 loss: 1.729 acc@1: 57.89 mrr: 69.80, ndcg: 74.65, took: 1.58s
Epoch 16, 10.6%	 loss: 1.672 acc@1: 58.83 mrr: 70.49, ndcg: 75.43, took: 1.78s
Epoch 16, 12.8%	 loss: 1.736 acc@1: 57.46 mrr: 69.52, ndcg: 74.44, took: 1.66s
Epoch 16, 14.9%	 loss: 1.653 acc@1: 58.40 mrr: 70.59, ndcg: 75.47, took: 1.81s
Epoch 16, 17.0%	 loss: 1.724 acc@1: 58.16 mrr: 70.12, ndcg: 74.78, took: 1.84s
Epoch 16, 19.1%	 loss: 1.655 acc@1: 60.16 mrr: 71.43, ndcg: 75.95, took: 1.74s
Epoch 16, 21.3%	 loss: 1.624 acc@1: 61.52 mrr: 72.54, ndcg: 76.92, took: 1.82s
Epoch 16, 23.4%	 loss: 1.723 acc@1: 58.63 mrr: 70.38, ndcg: 75.13, took: 1.80s
Epoch 16, 25.5%	 loss: 1.663 acc@1: 59.06 mrr: 71.09, ndcg: 75.88, took: 1.74s
Epoch 16, 27.7%	 loss: 1.673 acc@1: 58.32 mrr: 70.40, ndcg: 75.22, took: 1.78s
Epoch 16, 29.8%	 loss: 1.693 acc@1: 58.71 mrr: 70.56, ndcg: 75.25, took: 1.73s
Epoch 16, 31.9%	 loss: 1.686 acc@1: 59.80 mrr: 71.13, ndcg: 75.70, took: 1.82s
Epoch 16, 34.0%	 loss: 1.713 acc@1: 58.01 mrr: 69.99, ndcg: 74.66, took: 1.75s
Epoch 16, 36.2%	 loss: 1.671 acc@1: 60.12 mrr: 71.38, ndcg: 75.90, took: 1.64s
Epoch 16, 38.3%	 loss: 1.676 acc@1: 59.92 mrr: 71.11, ndcg: 75.65, took: 1.71s
Epoch 16, 40.4%	 loss: 1.746 acc@1: 57.58 mrr: 69.46, ndcg: 74.30, took: 1.74s
Epoch 16, 42.6%	 loss: 1.690 acc@1: 59.45 mrr: 70.81, ndcg: 75.39, took: 1.84s
Epoch 16, 44.7%	 loss: 1.644 acc@1: 59.57 mrr: 71.18, ndcg: 75.77, took: 1.76s
Epoch 16, 46.8%	 loss: 1.727 acc@1: 59.06 mrr: 70.30, ndcg: 75.04, took: 1.82s
Epoch 16, 48.9%	 loss: 1.596 acc@1: 60.94 mrr: 72.32, ndcg: 76.99, took: 1.80s
Epoch 16, 51.1%	 loss: 1.703 acc@1: 59.45 mrr: 70.72, ndcg: 75.40, took: 1.78s
Epoch 16, 53.2%	 loss: 1.659 acc@1: 59.06 mrr: 70.99, ndcg: 75.70, took: 1.78s
Epoch 16, 55.3%	 loss: 1.646 acc@1: 59.73 mrr: 71.10, ndcg: 75.68, took: 1.82s
Epoch 16, 57.4%	 loss: 1.719 acc@1: 58.12 mrr: 70.01, ndcg: 74.70, took: 1.88s
Epoch 16, 59.6%	 loss: 1.667 acc@1: 60.08 mrr: 71.20, ndcg: 75.81, took: 1.78s
Epoch 16, 61.7%	 loss: 1.661 acc@1: 59.57 mrr: 71.09, ndcg: 75.74, took: 1.66s
Epoch 16, 63.8%	 loss: 1.620 acc@1: 60.86 mrr: 72.23, ndcg: 76.68, took: 1.82s
Epoch 16, 66.0%	 loss: 1.677 acc@1: 59.53 mrr: 70.82, ndcg: 75.50, took: 1.78s
Epoch 16, 68.1%	 loss: 1.718 acc@1: 58.95 mrr: 70.61, ndcg: 75.28, took: 1.78s
Epoch 16, 70.2%	 loss: 1.740 acc@1: 57.85 mrr: 69.76, ndcg: 74.64, took: 1.81s
Epoch 16, 72.3%	 loss: 1.678 acc@1: 59.22 mrr: 70.76, ndcg: 75.40, took: 1.88s
Epoch 16, 74.5%	 loss: 1.727 acc@1: 58.52 mrr: 70.27, ndcg: 74.88, took: 1.85s
Epoch 16, 76.6%	 loss: 1.677 acc@1: 58.71 mrr: 70.73, ndcg: 75.54, took: 1.74s
Epoch 16, 78.7%	 loss: 1.670 acc@1: 59.30 mrr: 70.88, ndcg: 75.65, took: 1.78s
Epoch 16, 80.9%	 loss: 1.728 acc@1: 58.67 mrr: 70.28, ndcg: 74.89, took: 1.76s
Epoch 16, 83.0%	 loss: 1.679 acc@1: 58.59 mrr: 70.69, ndcg: 75.41, took: 1.80s
Epoch 16, 85.1%	 loss: 1.688 acc@1: 58.95 mrr: 70.65, ndcg: 75.44, took: 1.97s
Epoch 16, 87.2%	 loss: 1.699 acc@1: 59.84 mrr: 71.29, ndcg: 75.81, took: 1.92s
Epoch 16, 89.4%	 loss: 1.776 acc@1: 57.73 mrr: 69.28, ndcg: 73.96, took: 1.75s
Epoch 16, 91.5%	 loss: 1.746 acc@1: 58.52 mrr: 70.14, ndcg: 75.03, took: 1.70s
Epoch 16, 93.6%	 loss: 1.614 acc@1: 60.55 mrr: 71.95, ndcg: 76.45, took: 1.82s
Epoch 16, 95.7%	 loss: 1.731 acc@1: 57.58 mrr: 69.81, ndcg: 74.65, took: 1.79s
Epoch 16, 97.9%	 loss: 1.679 acc@1: 59.92 mrr: 71.18, ndcg: 75.53, took: 1.66s
Epoch 16, 100.0%	 loss: 1.727 acc@1: 58.44 mrr: 70.22, ndcg: 74.87, took: 1.57s
Validation - loss: 2.8650, acc@1: 52.06%, f1: 45.50%, mrr: 63.19%, ndcg: 67.58%
Current learning rate: 0.000083

=== Epoch 17 ===
Epoch 17, 2.1%	 loss: 1.606 acc@1: 60.00 mrr: 71.42, ndcg: 76.23, took: 1.78s
Epoch 17, 4.3%	 loss: 1.621 acc@1: 59.53 mrr: 71.35, ndcg: 76.08, took: 1.79s
Epoch 17, 6.4%	 loss: 1.721 acc@1: 59.22 mrr: 70.68, ndcg: 75.26, took: 1.73s
Epoch 17, 8.5%	 loss: 1.659 acc@1: 59.06 mrr: 70.64, ndcg: 75.50, took: 1.76s
Epoch 17, 10.6%	 loss: 1.608 acc@1: 60.70 mrr: 72.03, ndcg: 76.67, took: 1.90s
Epoch 17, 12.8%	 loss: 1.684 acc@1: 59.45 mrr: 70.86, ndcg: 75.49, took: 1.78s
Epoch 17, 14.9%	 loss: 1.658 acc@1: 59.84 mrr: 71.54, ndcg: 76.11, took: 1.71s
Epoch 17, 17.0%	 loss: 1.587 acc@1: 60.51 mrr: 72.05, ndcg: 76.77, took: 1.73s
Epoch 17, 19.1%	 loss: 1.677 acc@1: 59.10 mrr: 70.76, ndcg: 75.62, took: 1.92s
Epoch 17, 21.3%	 loss: 1.711 acc@1: 58.20 mrr: 70.14, ndcg: 74.89, took: 1.82s
Epoch 17, 23.4%	 loss: 1.601 acc@1: 61.09 mrr: 72.29, ndcg: 76.82, took: 1.79s
Epoch 17, 25.5%	 loss: 1.686 acc@1: 58.36 mrr: 70.50, ndcg: 75.26, took: 1.77s
Epoch 17, 27.7%	 loss: 1.621 acc@1: 60.55 mrr: 71.73, ndcg: 76.25, took: 1.74s
Epoch 17, 29.8%	 loss: 1.616 acc@1: 60.82 mrr: 72.18, ndcg: 76.71, took: 1.77s
Epoch 17, 31.9%	 loss: 1.628 acc@1: 60.08 mrr: 71.66, ndcg: 76.25, took: 1.82s
Epoch 17, 34.0%	 loss: 1.650 acc@1: 59.30 mrr: 70.82, ndcg: 75.69, took: 1.79s
Epoch 17, 36.2%	 loss: 1.591 acc@1: 60.23 mrr: 71.88, ndcg: 76.55, took: 1.79s
Epoch 17, 38.3%	 loss: 1.688 acc@1: 58.67 mrr: 70.79, ndcg: 75.52, took: 1.78s
Epoch 17, 40.4%	 loss: 1.648 acc@1: 59.38 mrr: 71.33, ndcg: 76.14, took: 1.79s
Epoch 17, 42.6%	 loss: 1.748 acc@1: 56.72 mrr: 69.18, ndcg: 74.11, took: 1.78s
Epoch 17, 44.7%	 loss: 1.655 acc@1: 58.79 mrr: 70.59, ndcg: 75.41, took: 1.73s
Epoch 17, 46.8%	 loss: 1.598 acc@1: 60.55 mrr: 72.16, ndcg: 76.83, took: 1.78s
Epoch 17, 48.9%	 loss: 1.698 acc@1: 59.06 mrr: 70.61, ndcg: 75.40, took: 1.70s
Epoch 17, 51.1%	 loss: 1.722 acc@1: 59.26 mrr: 70.54, ndcg: 75.17, took: 1.83s
Epoch 17, 53.2%	 loss: 1.636 acc@1: 59.96 mrr: 71.66, ndcg: 76.18, took: 1.75s
Epoch 17, 55.3%	 loss: 1.704 acc@1: 59.06 mrr: 70.73, ndcg: 75.46, took: 1.83s
Epoch 17, 57.4%	 loss: 1.657 acc@1: 59.65 mrr: 71.25, ndcg: 75.93, took: 1.79s
Epoch 17, 59.6%	 loss: 1.686 acc@1: 59.80 mrr: 71.14, ndcg: 75.51, took: 1.75s
Epoch 17, 61.7%	 loss: 1.702 acc@1: 58.28 mrr: 70.27, ndcg: 74.94, took: 1.84s
Epoch 17, 63.8%	 loss: 1.685 acc@1: 59.88 mrr: 71.19, ndcg: 75.72, took: 1.85s
Epoch 17, 66.0%	 loss: 1.685 acc@1: 58.32 mrr: 70.34, ndcg: 75.09, took: 1.75s
Epoch 17, 68.1%	 loss: 1.722 acc@1: 58.59 mrr: 70.32, ndcg: 75.03, took: 1.62s
Epoch 17, 70.2%	 loss: 1.657 acc@1: 60.70 mrr: 71.78, ndcg: 76.32, took: 1.74s
Epoch 17, 72.3%	 loss: 1.653 acc@1: 59.88 mrr: 71.58, ndcg: 76.19, took: 1.89s
Epoch 17, 74.5%	 loss: 1.667 acc@1: 60.31 mrr: 71.20, ndcg: 75.60, took: 1.85s
Epoch 17, 76.6%	 loss: 1.615 acc@1: 60.62 mrr: 72.26, ndcg: 76.92, took: 1.78s
Epoch 17, 78.7%	 loss: 1.720 acc@1: 58.63 mrr: 70.45, ndcg: 75.12, took: 1.79s
Epoch 17, 80.9%	 loss: 1.683 acc@1: 59.38 mrr: 70.97, ndcg: 75.29, took: 1.75s
Epoch 17, 83.0%	 loss: 1.669 acc@1: 59.45 mrr: 71.07, ndcg: 75.81, took: 1.72s
Epoch 17, 85.1%	 loss: 1.721 acc@1: 58.83 mrr: 70.26, ndcg: 74.87, took: 1.77s
Epoch 17, 87.2%	 loss: 1.720 acc@1: 58.24 mrr: 69.85, ndcg: 74.66, took: 1.63s
Epoch 17, 89.4%	 loss: 1.659 acc@1: 59.73 mrr: 71.31, ndcg: 75.89, took: 1.97s
Epoch 17, 91.5%	 loss: 1.635 acc@1: 60.86 mrr: 72.10, ndcg: 76.66, took: 1.79s
Epoch 17, 93.6%	 loss: 1.745 acc@1: 59.02 mrr: 70.31, ndcg: 74.75, took: 1.73s
Epoch 17, 95.7%	 loss: 1.757 acc@1: 57.11 mrr: 69.08, ndcg: 74.08, took: 1.78s
Epoch 17, 97.9%	 loss: 1.699 acc@1: 58.63 mrr: 70.27, ndcg: 74.96, took: 1.81s
Epoch 17, 100.0%	 loss: 1.701 acc@1: 58.95 mrr: 70.60, ndcg: 75.35, took: 1.76s
Validation - loss: 2.8692, acc@1: 51.97%, f1: 45.68%, mrr: 63.09%, ndcg: 67.45%
Current learning rate: 0.000008

=== Epoch 18 ===
Epoch 18, 2.1%	 loss: 1.802 acc@1: 57.50 mrr: 69.19, ndcg: 73.74, took: 1.76s
Epoch 18, 4.3%	 loss: 1.791 acc@1: 57.85 mrr: 69.49, ndcg: 74.02, took: 1.81s
Epoch 18, 6.4%	 loss: 1.694 acc@1: 59.26 mrr: 70.98, ndcg: 75.66, took: 1.66s
Epoch 18, 8.5%	 loss: 1.781 acc@1: 57.73 mrr: 69.49, ndcg: 74.18, took: 1.66s
Epoch 18, 10.6%	 loss: 1.725 acc@1: 58.59 mrr: 70.23, ndcg: 74.84, took: 1.75s
Epoch 18, 12.8%	 loss: 1.688 acc@1: 58.91 mrr: 70.66, ndcg: 75.32, took: 1.70s
Epoch 18, 14.9%	 loss: 1.738 acc@1: 58.55 mrr: 70.14, ndcg: 74.85, took: 1.81s
Epoch 18, 17.0%	 loss: 1.806 acc@1: 57.03 mrr: 69.09, ndcg: 73.79, took: 1.85s
Epoch 18, 19.1%	 loss: 1.771 acc@1: 57.46 mrr: 69.42, ndcg: 74.18, took: 1.79s
Epoch 18, 21.3%	 loss: 1.781 acc@1: 57.70 mrr: 69.42, ndcg: 74.06, took: 1.89s
Epoch 18, 23.4%	 loss: 1.768 acc@1: 57.19 mrr: 69.26, ndcg: 74.20, took: 1.74s
Epoch 18, 25.5%	 loss: 1.741 acc@1: 58.28 mrr: 70.16, ndcg: 74.72, took: 1.77s
Epoch 18, 27.7%	 loss: 1.676 acc@1: 59.53 mrr: 71.15, ndcg: 75.57, took: 1.73s
Epoch 18, 29.8%	 loss: 1.720 acc@1: 58.87 mrr: 70.61, ndcg: 75.19, took: 1.83s
Epoch 18, 31.9%	 loss: 1.659 acc@1: 59.69 mrr: 71.32, ndcg: 75.85, took: 1.65s
Epoch 18, 34.0%	 loss: 1.790 acc@1: 57.42 mrr: 69.24, ndcg: 73.90, took: 1.59s
Epoch 18, 36.2%	 loss: 1.758 acc@1: 57.62 mrr: 69.45, ndcg: 74.24, took: 1.63s
Epoch 18, 38.3%	 loss: 1.766 acc@1: 57.54 mrr: 69.26, ndcg: 73.93, took: 1.72s
Epoch 18, 40.4%	 loss: 1.729 acc@1: 58.63 mrr: 70.26, ndcg: 74.97, took: 1.79s
Epoch 18, 42.6%	 loss: 1.776 acc@1: 56.09 mrr: 68.53, ndcg: 73.42, took: 1.57s
Epoch 18, 44.7%	 loss: 1.771 acc@1: 57.89 mrr: 69.69, ndcg: 74.38, took: 1.83s
Epoch 18, 46.8%	 loss: 1.769 acc@1: 57.93 mrr: 69.67, ndcg: 74.27, took: 1.81s
Epoch 18, 48.9%	 loss: 1.751 acc@1: 58.44 mrr: 70.03, ndcg: 74.67, took: 1.75s
Epoch 18, 51.1%	 loss: 1.735 acc@1: 58.24 mrr: 70.22, ndcg: 74.84, took: 1.79s
Epoch 18, 53.2%	 loss: 1.702 acc@1: 59.34 mrr: 70.84, ndcg: 75.43, took: 1.75s
Epoch 18, 55.3%	 loss: 1.775 acc@1: 57.77 mrr: 69.56, ndcg: 74.31, took: 1.76s
Epoch 18, 57.4%	 loss: 1.693 acc@1: 58.71 mrr: 70.54, ndcg: 75.27, took: 1.75s
Epoch 18, 59.6%	 loss: 1.695 acc@1: 58.36 mrr: 70.31, ndcg: 75.17, took: 1.82s
Epoch 18, 61.7%	 loss: 1.725 acc@1: 57.70 mrr: 69.97, ndcg: 74.78, took: 1.74s
Epoch 18, 63.8%	 loss: 1.712 acc@1: 59.10 mrr: 70.59, ndcg: 75.18, took: 1.81s
Epoch 18, 66.0%	 loss: 1.681 acc@1: 59.88 mrr: 71.05, ndcg: 75.41, took: 1.71s
Epoch 18, 68.1%	 loss: 1.716 acc@1: 58.75 mrr: 70.32, ndcg: 75.07, took: 1.75s
Epoch 18, 70.2%	 loss: 1.752 acc@1: 58.98 mrr: 70.32, ndcg: 74.85, took: 1.81s
Epoch 18, 72.3%	 loss: 1.689 acc@1: 59.49 mrr: 71.02, ndcg: 75.54, took: 1.73s
Epoch 18, 74.5%	 loss: 1.733 acc@1: 58.05 mrr: 70.08, ndcg: 74.68, took: 1.88s
Epoch 18, 76.6%	 loss: 1.738 acc@1: 58.91 mrr: 70.52, ndcg: 75.14, took: 1.74s
Epoch 18, 78.7%	 loss: 1.829 acc@1: 55.86 mrr: 68.32, ndcg: 73.25, took: 1.71s
Epoch 18, 80.9%	 loss: 1.702 acc@1: 59.45 mrr: 70.94, ndcg: 75.65, took: 1.90s
Epoch 18, 83.0%	 loss: 1.737 acc@1: 58.20 mrr: 69.79, ndcg: 74.53, took: 1.77s
Epoch 18, 85.1%	 loss: 1.732 acc@1: 58.01 mrr: 70.05, ndcg: 74.75, took: 1.77s
Epoch 18, 87.2%	 loss: 1.799 acc@1: 57.58 mrr: 69.25, ndcg: 74.00, took: 1.91s
Epoch 18, 89.4%	 loss: 1.783 acc@1: 58.24 mrr: 69.88, ndcg: 74.34, took: 1.96s
Epoch 18, 91.5%	 loss: 1.705 acc@1: 58.71 mrr: 70.38, ndcg: 74.87, took: 1.79s
Epoch 18, 93.6%	 loss: 1.701 acc@1: 58.71 mrr: 70.55, ndcg: 75.27, took: 1.81s
Epoch 18, 95.7%	 loss: 1.762 acc@1: 57.85 mrr: 69.64, ndcg: 74.41, took: 1.75s
Epoch 18, 97.9%	 loss: 1.757 acc@1: 58.12 mrr: 69.53, ndcg: 74.09, took: 1.64s
Epoch 18, 100.0%	 loss: 1.744 acc@1: 57.54 mrr: 69.77, ndcg: 74.62, took: 1.59s
Validation - loss: 2.8617, acc@1: 51.57%, f1: 44.88%, mrr: 62.97%, ndcg: 67.48%
Current learning rate: 0.000008

=== Epoch 19 ===
Epoch 19, 2.1%	 loss: 1.694 acc@1: 59.06 mrr: 70.90, ndcg: 75.44, took: 1.76s
Epoch 19, 4.3%	 loss: 1.784 acc@1: 56.64 mrr: 69.12, ndcg: 73.99, took: 1.60s
Epoch 19, 6.4%	 loss: 1.742 acc@1: 58.75 mrr: 70.00, ndcg: 74.43, took: 1.62s
Epoch 19, 8.5%	 loss: 1.830 acc@1: 56.13 mrr: 68.47, ndcg: 73.33, took: 1.51s
Epoch 19, 10.6%	 loss: 1.813 acc@1: 56.88 mrr: 68.74, ndcg: 73.48, took: 2.00s
Epoch 19, 12.8%	 loss: 1.599 acc@1: 61.68 mrr: 72.67, ndcg: 77.18, took: 1.91s
Epoch 19, 14.9%	 loss: 1.801 acc@1: 57.50 mrr: 69.15, ndcg: 73.82, took: 1.79s
Epoch 19, 17.0%	 loss: 1.718 acc@1: 57.66 mrr: 69.98, ndcg: 74.98, took: 1.77s
Epoch 19, 19.1%	 loss: 1.753 acc@1: 58.67 mrr: 70.17, ndcg: 74.62, took: 1.66s
Epoch 19, 21.3%	 loss: 1.673 acc@1: 59.14 mrr: 71.07, ndcg: 75.72, took: 1.78s
Epoch 19, 23.4%	 loss: 1.674 acc@1: 59.18 mrr: 71.18, ndcg: 75.95, took: 1.70s
Epoch 19, 25.5%	 loss: 1.761 acc@1: 58.28 mrr: 69.80, ndcg: 74.45, took: 1.75s
Epoch 19, 27.7%	 loss: 1.799 acc@1: 57.62 mrr: 69.33, ndcg: 73.85, took: 1.91s
Epoch 19, 29.8%	 loss: 1.822 acc@1: 56.95 mrr: 68.54, ndcg: 73.15, took: 1.79s
Epoch 19, 31.9%	 loss: 1.764 acc@1: 57.23 mrr: 69.34, ndcg: 74.18, took: 1.71s
Epoch 19, 34.0%	 loss: 1.766 acc@1: 58.75 mrr: 70.07, ndcg: 74.52, took: 1.79s
Epoch 19, 36.2%	 loss: 1.701 acc@1: 58.09 mrr: 70.32, ndcg: 75.10, took: 1.84s
Epoch 19, 38.3%	 loss: 1.760 acc@1: 57.38 mrr: 69.47, ndcg: 74.26, took: 1.91s
Epoch 19, 40.4%	 loss: 1.722 acc@1: 59.88 mrr: 70.96, ndcg: 75.28, took: 1.88s
Epoch 19, 42.6%	 loss: 1.751 acc@1: 58.52 mrr: 70.17, ndcg: 74.76, took: 1.79s
Epoch 19, 44.7%	 loss: 1.766 acc@1: 57.54 mrr: 69.61, ndcg: 74.26, took: 1.74s
Epoch 19, 46.8%	 loss: 1.834 acc@1: 56.76 mrr: 68.53, ndcg: 73.20, took: 1.71s
Epoch 19, 48.9%	 loss: 1.735 acc@1: 58.16 mrr: 70.07, ndcg: 74.68, took: 1.80s
Epoch 19, 51.1%	 loss: 1.737 acc@1: 58.36 mrr: 69.95, ndcg: 74.72, took: 1.74s
Epoch 19, 53.2%	 loss: 1.796 acc@1: 57.07 mrr: 68.83, ndcg: 73.66, took: 1.78s
Epoch 19, 55.3%	 loss: 1.789 acc@1: 57.23 mrr: 69.09, ndcg: 73.82, took: 1.72s
Epoch 19, 57.4%	 loss: 1.663 acc@1: 60.70 mrr: 71.78, ndcg: 76.25, took: 1.75s
Epoch 19, 59.6%	 loss: 1.721 acc@1: 57.97 mrr: 70.01, ndcg: 74.87, took: 1.86s
Epoch 19, 61.7%	 loss: 1.717 acc@1: 59.02 mrr: 70.66, ndcg: 75.21, took: 1.80s
Epoch 19, 63.8%	 loss: 1.686 acc@1: 58.79 mrr: 70.55, ndcg: 75.29, took: 1.81s
Epoch 19, 66.0%	 loss: 1.663 acc@1: 59.88 mrr: 71.51, ndcg: 76.06, took: 1.81s
Epoch 19, 68.1%	 loss: 1.700 acc@1: 57.58 mrr: 69.95, ndcg: 74.72, took: 1.82s
Epoch 19, 70.2%	 loss: 1.743 acc@1: 57.30 mrr: 69.47, ndcg: 74.47, took: 1.79s
Epoch 19, 72.3%	 loss: 1.726 acc@1: 57.42 mrr: 69.65, ndcg: 74.53, took: 1.78s
Epoch 19, 74.5%	 loss: 1.728 acc@1: 58.71 mrr: 70.38, ndcg: 74.97, took: 1.66s
Epoch 19, 76.6%	 loss: 1.724 acc@1: 58.32 mrr: 70.16, ndcg: 74.85, took: 1.77s
Epoch 19, 78.7%	 loss: 1.760 acc@1: 58.28 mrr: 69.62, ndcg: 74.25, took: 1.78s
Epoch 19, 80.9%	 loss: 1.816 acc@1: 56.95 mrr: 68.80, ndcg: 73.66, took: 1.79s
Epoch 19, 83.0%	 loss: 1.733 acc@1: 60.04 mrr: 71.17, ndcg: 75.52, took: 1.76s
Epoch 19, 85.1%	 loss: 1.718 acc@1: 59.45 mrr: 71.03, ndcg: 75.52, took: 1.83s
Epoch 19, 87.2%	 loss: 1.802 acc@1: 57.66 mrr: 69.46, ndcg: 74.10, took: 1.75s
Epoch 19, 89.4%	 loss: 1.735 acc@1: 57.97 mrr: 69.89, ndcg: 74.52, took: 1.82s
Epoch 19, 91.5%	 loss: 1.635 acc@1: 59.96 mrr: 71.67, ndcg: 76.21, took: 1.82s
Epoch 19, 93.6%	 loss: 1.766 acc@1: 57.66 mrr: 69.64, ndcg: 74.48, took: 1.88s
Epoch 19, 95.7%	 loss: 1.669 acc@1: 60.47 mrr: 71.80, ndcg: 76.35, took: 1.84s
Epoch 19, 97.9%	 loss: 1.677 acc@1: 58.98 mrr: 70.93, ndcg: 75.33, took: 1.79s
Epoch 19, 100.0%	 loss: 1.752 acc@1: 58.79 mrr: 70.27, ndcg: 74.81, took: 1.75s
Validation - loss: 2.8650, acc@1: 51.68%, f1: 44.98%, mrr: 63.02%, ndcg: 67.50%
Current learning rate: 0.000008

=== Epoch 20 ===
Epoch 20, 2.1%	 loss: 1.767 acc@1: 57.62 mrr: 69.55, ndcg: 74.26, took: 1.72s
Epoch 20, 4.3%	 loss: 1.666 acc@1: 60.82 mrr: 71.65, ndcg: 75.97, took: 1.76s
Epoch 20, 6.4%	 loss: 1.766 acc@1: 58.79 mrr: 70.11, ndcg: 74.57, took: 1.76s
Epoch 20, 8.5%	 loss: 1.747 acc@1: 58.83 mrr: 70.59, ndcg: 75.30, took: 1.82s
Epoch 20, 10.6%	 loss: 1.710 acc@1: 58.36 mrr: 70.13, ndcg: 74.78, took: 1.65s
Epoch 20, 12.8%	 loss: 1.793 acc@1: 57.50 mrr: 69.22, ndcg: 73.99, took: 1.73s
Epoch 20, 14.9%	 loss: 1.725 acc@1: 59.14 mrr: 70.49, ndcg: 75.04, took: 1.85s
Epoch 20, 17.0%	 loss: 1.794 acc@1: 57.58 mrr: 69.41, ndcg: 74.04, took: 1.75s
Epoch 20, 19.1%	 loss: 1.783 acc@1: 56.80 mrr: 68.74, ndcg: 73.66, took: 1.83s
Epoch 20, 21.3%	 loss: 1.740 acc@1: 58.95 mrr: 70.34, ndcg: 74.95, took: 1.72s
Epoch 20, 23.4%	 loss: 1.673 acc@1: 59.14 mrr: 70.97, ndcg: 75.54, took: 1.78s
Epoch 20, 25.5%	 loss: 1.721 acc@1: 59.06 mrr: 70.37, ndcg: 74.84, took: 1.60s
Epoch 20, 27.7%	 loss: 1.743 acc@1: 57.81 mrr: 69.79, ndcg: 74.35, took: 1.58s
Epoch 20, 29.8%	 loss: 1.774 acc@1: 59.10 mrr: 70.34, ndcg: 74.91, took: 1.63s
Epoch 20, 31.9%	 loss: 1.767 acc@1: 59.02 mrr: 70.07, ndcg: 74.59, took: 1.54s
Epoch 20, 34.0%	 loss: 1.673 acc@1: 58.87 mrr: 70.71, ndcg: 75.37, took: 1.86s
Epoch 20, 36.2%	 loss: 1.723 acc@1: 59.53 mrr: 70.85, ndcg: 75.24, took: 1.83s
Epoch 20, 38.3%	 loss: 1.745 acc@1: 58.01 mrr: 69.81, ndcg: 74.53, took: 1.83s
Epoch 20, 40.4%	 loss: 1.744 acc@1: 58.28 mrr: 70.04, ndcg: 74.85, took: 1.75s
Epoch 20, 42.6%	 loss: 1.745 acc@1: 57.46 mrr: 69.64, ndcg: 74.49, took: 1.90s
Epoch 20, 44.7%	 loss: 1.656 acc@1: 60.31 mrr: 71.59, ndcg: 76.15, took: 1.88s
Epoch 20, 46.8%	 loss: 1.674 acc@1: 59.14 mrr: 71.09, ndcg: 75.78, took: 1.79s
Epoch 20, 48.9%	 loss: 1.726 acc@1: 58.79 mrr: 70.45, ndcg: 74.99, took: 1.72s
Epoch 20, 51.1%	 loss: 1.794 acc@1: 57.30 mrr: 69.10, ndcg: 73.92, took: 1.69s
Epoch 20, 53.2%	 loss: 1.768 acc@1: 56.84 mrr: 69.03, ndcg: 74.06, took: 1.78s
Epoch 20, 55.3%	 loss: 1.739 acc@1: 58.98 mrr: 70.49, ndcg: 74.96, took: 1.80s
Epoch 20, 57.4%	 loss: 1.719 acc@1: 58.05 mrr: 70.01, ndcg: 74.83, took: 1.78s
Epoch 20, 59.6%	 loss: 1.747 acc@1: 58.12 mrr: 69.97, ndcg: 74.60, took: 1.57s
Epoch 20, 61.7%	 loss: 1.699 acc@1: 58.67 mrr: 70.63, ndcg: 75.38, took: 1.69s
Epoch 20, 63.8%	 loss: 1.715 acc@1: 58.32 mrr: 70.19, ndcg: 74.84, took: 1.72s
Epoch 20, 66.0%	 loss: 1.733 acc@1: 58.67 mrr: 70.27, ndcg: 74.96, took: 1.71s
Epoch 20, 68.1%	 loss: 1.711 acc@1: 59.41 mrr: 70.71, ndcg: 75.44, took: 1.90s
Epoch 20, 70.2%	 loss: 1.698 acc@1: 58.98 mrr: 70.62, ndcg: 75.21, took: 1.79s
Epoch 20, 72.3%	 loss: 1.738 acc@1: 57.93 mrr: 69.58, ndcg: 74.28, took: 1.81s
Epoch 20, 74.5%	 loss: 1.754 acc@1: 57.58 mrr: 69.67, ndcg: 74.46, took: 1.79s
Epoch 20, 76.6%	 loss: 1.760 acc@1: 57.42 mrr: 69.46, ndcg: 74.19, took: 1.67s
Epoch 20, 78.7%	 loss: 1.764 acc@1: 58.20 mrr: 69.66, ndcg: 74.24, took: 1.84s
Epoch 20, 80.9%	 loss: 1.798 acc@1: 56.21 mrr: 68.67, ndcg: 73.51, took: 1.78s
Epoch 20, 83.0%	 loss: 1.739 acc@1: 57.85 mrr: 69.89, ndcg: 74.68, took: 1.71s
Epoch 20, 85.1%	 loss: 1.751 acc@1: 57.81 mrr: 69.72, ndcg: 74.46, took: 1.80s
Epoch 20, 87.2%	 loss: 1.704 acc@1: 59.65 mrr: 71.10, ndcg: 75.60, took: 1.78s
Epoch 20, 89.4%	 loss: 1.675 acc@1: 59.10 mrr: 70.88, ndcg: 75.61, took: 1.85s
Epoch 20, 91.5%	 loss: 1.677 acc@1: 59.61 mrr: 71.15, ndcg: 75.81, took: 1.80s
Epoch 20, 93.6%	 loss: 1.746 acc@1: 58.20 mrr: 69.81, ndcg: 74.62, took: 1.88s
Epoch 20, 95.7%	 loss: 1.787 acc@1: 57.77 mrr: 69.57, ndcg: 74.15, took: 1.85s
Epoch 20, 97.9%	 loss: 1.753 acc@1: 58.52 mrr: 70.23, ndcg: 74.87, took: 1.74s
Epoch 20, 100.0%	 loss: 1.765 acc@1: 57.27 mrr: 69.50, ndcg: 74.35, took: 1.81s
Validation - loss: 2.8607, acc@1: 51.65%, f1: 44.92%, mrr: 63.04%, ndcg: 67.52%
Current learning rate: 0.000008

=== Epoch 21 ===
Epoch 21, 2.1%	 loss: 1.689 acc@1: 59.92 mrr: 71.38, ndcg: 75.82, took: 1.77s
Epoch 21, 4.3%	 loss: 1.664 acc@1: 59.18 mrr: 71.17, ndcg: 75.80, took: 1.86s
Epoch 21, 6.4%	 loss: 1.778 acc@1: 57.46 mrr: 69.30, ndcg: 73.98, took: 1.81s
Epoch 21, 8.5%	 loss: 1.722 acc@1: 58.98 mrr: 70.70, ndcg: 75.29, took: 1.83s
Epoch 21, 10.6%	 loss: 1.768 acc@1: 57.93 mrr: 69.53, ndcg: 74.09, took: 1.78s
Epoch 21, 12.8%	 loss: 1.723 acc@1: 59.30 mrr: 70.65, ndcg: 75.21, took: 1.68s
Epoch 21, 14.9%	 loss: 1.727 acc@1: 56.95 mrr: 69.33, ndcg: 74.26, took: 1.72s
Epoch 21, 17.0%	 loss: 1.752 acc@1: 57.77 mrr: 69.75, ndcg: 74.52, took: 1.65s
Epoch 21, 19.1%	 loss: 1.706 acc@1: 59.10 mrr: 70.51, ndcg: 75.08, took: 1.81s
Epoch 21, 21.3%	 loss: 1.743 acc@1: 57.66 mrr: 69.51, ndcg: 74.26, took: 1.70s
Epoch 21, 23.4%	 loss: 1.707 acc@1: 59.57 mrr: 70.72, ndcg: 75.07, took: 1.77s
Epoch 21, 25.5%	 loss: 1.706 acc@1: 57.23 mrr: 69.93, ndcg: 74.86, took: 1.75s
Epoch 21, 27.7%	 loss: 1.728 acc@1: 59.65 mrr: 70.60, ndcg: 75.16, took: 1.75s
Epoch 21, 29.8%	 loss: 1.719 acc@1: 57.73 mrr: 70.02, ndcg: 74.85, took: 1.89s
Epoch 21, 31.9%	 loss: 1.814 acc@1: 57.27 mrr: 68.86, ndcg: 73.53, took: 1.74s
Epoch 21, 34.0%	 loss: 1.734 acc@1: 57.66 mrr: 70.00, ndcg: 74.61, took: 1.77s
Epoch 21, 36.2%	 loss: 1.783 acc@1: 56.37 mrr: 68.82, ndcg: 73.65, took: 1.82s
Epoch 21, 38.3%	 loss: 1.703 acc@1: 60.08 mrr: 71.22, ndcg: 75.67, took: 1.65s
Epoch 21, 40.4%	 loss: 1.716 acc@1: 58.83 mrr: 70.45, ndcg: 75.26, took: 1.69s
Epoch 21, 42.6%	 loss: 1.717 acc@1: 58.20 mrr: 70.22, ndcg: 75.01, took: 1.76s
Epoch 21, 44.7%	 loss: 1.799 acc@1: 57.70 mrr: 69.43, ndcg: 73.93, took: 1.86s
Epoch 21, 46.8%	 loss: 1.700 acc@1: 59.02 mrr: 70.55, ndcg: 75.27, took: 1.77s
Epoch 21, 48.9%	 loss: 1.746 acc@1: 58.59 mrr: 70.15, ndcg: 74.78, took: 1.79s
Epoch 21, 51.1%	 loss: 1.765 acc@1: 57.97 mrr: 69.87, ndcg: 74.47, took: 1.73s
Epoch 21, 53.2%	 loss: 1.721 acc@1: 59.57 mrr: 70.97, ndcg: 75.45, took: 1.81s
Epoch 21, 55.3%	 loss: 1.755 acc@1: 57.42 mrr: 69.53, ndcg: 74.17, took: 1.78s
Epoch 21, 57.4%	 loss: 1.766 acc@1: 57.38 mrr: 69.37, ndcg: 74.08, took: 1.49s
Epoch 21, 59.6%	 loss: 1.765 acc@1: 57.42 mrr: 69.47, ndcg: 74.15, took: 1.54s
Epoch 21, 61.7%	 loss: 1.628 acc@1: 60.78 mrr: 72.03, ndcg: 76.54, took: 1.70s
Epoch 21, 63.8%	 loss: 1.712 acc@1: 58.40 mrr: 70.38, ndcg: 75.02, took: 1.79s
Epoch 21, 66.0%	 loss: 1.729 acc@1: 58.20 mrr: 70.05, ndcg: 74.69, took: 1.69s
Epoch 21, 68.1%	 loss: 1.687 acc@1: 58.16 mrr: 70.37, ndcg: 75.17, took: 1.66s
Epoch 21, 70.2%	 loss: 1.711 acc@1: 59.49 mrr: 70.84, ndcg: 75.39, took: 1.77s
Epoch 21, 72.3%	 loss: 1.760 acc@1: 57.58 mrr: 69.43, ndcg: 74.19, took: 1.76s
Epoch 21, 74.5%	 loss: 1.719 acc@1: 59.41 mrr: 70.76, ndcg: 75.44, took: 1.83s
Epoch 21, 76.6%	 loss: 1.730 acc@1: 58.52 mrr: 70.13, ndcg: 74.72, took: 1.76s
Epoch 21, 78.7%	 loss: 1.781 acc@1: 58.95 mrr: 70.07, ndcg: 74.45, took: 1.78s
Epoch 21, 80.9%	 loss: 1.740 acc@1: 56.91 mrr: 69.24, ndcg: 74.15, took: 1.80s
Epoch 21, 83.0%	 loss: 1.796 acc@1: 58.20 mrr: 69.49, ndcg: 74.07, took: 1.74s
Epoch 21, 85.1%	 loss: 1.760 acc@1: 59.06 mrr: 70.18, ndcg: 74.76, took: 1.75s
Epoch 21, 87.2%	 loss: 1.803 acc@1: 56.80 mrr: 68.74, ndcg: 73.39, took: 1.86s
Epoch 21, 89.4%	 loss: 1.753 acc@1: 57.93 mrr: 69.97, ndcg: 74.74, took: 1.77s
Epoch 21, 91.5%	 loss: 1.722 acc@1: 57.85 mrr: 69.82, ndcg: 74.84, took: 1.76s
Epoch 21, 93.6%	 loss: 1.694 acc@1: 59.38 mrr: 70.91, ndcg: 75.69, took: 1.83s
Epoch 21, 95.7%	 loss: 1.678 acc@1: 59.61 mrr: 71.12, ndcg: 75.87, took: 1.92s
Epoch 21, 97.9%	 loss: 1.749 acc@1: 57.23 mrr: 69.43, ndcg: 73.97, took: 1.78s
Epoch 21, 100.0%	 loss: 1.756 acc@1: 58.28 mrr: 69.81, ndcg: 74.37, took: 1.80s
Validation - loss: 2.8614, acc@1: 51.74%, f1: 45.02%, mrr: 63.06%, ndcg: 67.53%
Current learning rate: 0.000008

=== Epoch 22 ===
Epoch 22, 2.1%	 loss: 1.732 acc@1: 59.06 mrr: 70.55, ndcg: 75.15, took: 1.77s
Epoch 22, 4.3%	 loss: 1.644 acc@1: 59.61 mrr: 71.35, ndcg: 75.95, took: 1.78s
Epoch 22, 6.4%	 loss: 1.740 acc@1: 58.91 mrr: 70.10, ndcg: 74.52, took: 1.90s
Epoch 22, 8.5%	 loss: 1.672 acc@1: 59.96 mrr: 71.62, ndcg: 76.16, took: 1.91s
Epoch 22, 10.6%	 loss: 1.715 acc@1: 58.83 mrr: 70.61, ndcg: 75.16, took: 1.80s
Epoch 22, 12.8%	 loss: 1.734 acc@1: 58.83 mrr: 70.36, ndcg: 74.79, took: 1.83s
Epoch 22, 14.9%	 loss: 1.733 acc@1: 58.40 mrr: 70.24, ndcg: 74.70, took: 1.77s
Epoch 22, 17.0%	 loss: 1.744 acc@1: 58.59 mrr: 70.19, ndcg: 74.77, took: 1.76s
Epoch 22, 19.1%	 loss: 1.777 acc@1: 57.23 mrr: 69.17, ndcg: 74.04, took: 1.71s
Epoch 22, 21.3%	 loss: 1.698 acc@1: 58.63 mrr: 70.43, ndcg: 75.17, took: 1.68s
Epoch 22, 23.4%	 loss: 1.736 acc@1: 57.23 mrr: 69.45, ndcg: 74.48, took: 1.59s
Epoch 22, 25.5%	 loss: 1.710 acc@1: 58.67 mrr: 70.54, ndcg: 75.34, took: 1.58s
Epoch 22, 27.7%	 loss: 1.760 acc@1: 57.34 mrr: 69.54, ndcg: 74.44, took: 1.62s
Epoch 22, 29.8%	 loss: 1.749 acc@1: 57.19 mrr: 69.81, ndcg: 74.70, took: 1.61s
Epoch 22, 31.9%	 loss: 1.751 acc@1: 57.11 mrr: 69.52, ndcg: 74.24, took: 1.66s
Epoch 22, 34.0%	 loss: 1.714 acc@1: 58.87 mrr: 70.42, ndcg: 75.08, took: 1.62s
Epoch 22, 36.2%	 loss: 1.651 acc@1: 61.80 mrr: 72.28, ndcg: 76.37, took: 1.52s
Epoch 22, 38.3%	 loss: 1.688 acc@1: 58.63 mrr: 70.63, ndcg: 75.35, took: 1.59s
Epoch 22, 40.4%	 loss: 1.720 acc@1: 58.87 mrr: 70.48, ndcg: 75.04, took: 1.61s
Epoch 22, 42.6%	 loss: 1.715 acc@1: 58.71 mrr: 70.45, ndcg: 75.11, took: 1.57s
Epoch 22, 44.7%	 loss: 1.735 acc@1: 58.63 mrr: 70.37, ndcg: 75.07, took: 1.62s
Epoch 22, 46.8%	 loss: 1.788 acc@1: 56.76 mrr: 69.12, ndcg: 73.97, took: 1.63s
Epoch 22, 48.9%	 loss: 1.783 acc@1: 58.36 mrr: 69.65, ndcg: 74.39, took: 1.58s
Epoch 22, 51.1%	 loss: 1.677 acc@1: 59.38 mrr: 70.91, ndcg: 75.70, took: 1.53s
Epoch 22, 53.2%	 loss: 1.765 acc@1: 58.28 mrr: 69.61, ndcg: 74.18, took: 1.51s
Epoch 22, 55.3%	 loss: 1.684 acc@1: 59.06 mrr: 71.04, ndcg: 75.72, took: 1.61s
Epoch 22, 57.4%	 loss: 1.774 acc@1: 57.03 mrr: 69.19, ndcg: 74.06, took: 1.56s
Epoch 22, 59.6%	 loss: 1.774 acc@1: 56.33 mrr: 68.68, ndcg: 73.52, took: 1.61s
Epoch 22, 61.7%	 loss: 1.803 acc@1: 57.77 mrr: 69.31, ndcg: 73.93, took: 1.53s
Epoch 22, 63.8%	 loss: 1.675 acc@1: 59.49 mrr: 71.15, ndcg: 75.81, took: 1.57s
Epoch 22, 66.0%	 loss: 1.679 acc@1: 59.65 mrr: 70.93, ndcg: 75.68, took: 1.56s
Epoch 22, 68.1%	 loss: 1.773 acc@1: 57.30 mrr: 69.05, ndcg: 73.91, took: 1.53s
Epoch 22, 70.2%	 loss: 1.724 acc@1: 59.34 mrr: 70.77, ndcg: 75.24, took: 1.58s
Epoch 22, 72.3%	 loss: 1.730 acc@1: 59.14 mrr: 70.47, ndcg: 75.12, took: 1.47s
Epoch 22, 74.5%	 loss: 1.706 acc@1: 58.48 mrr: 70.28, ndcg: 75.10, took: 1.61s
Epoch 22, 76.6%	 loss: 1.797 acc@1: 56.99 mrr: 69.13, ndcg: 73.76, took: 1.53s
Epoch 22, 78.7%	 loss: 1.770 acc@1: 57.34 mrr: 69.24, ndcg: 73.75, took: 1.62s
Epoch 22, 80.9%	 loss: 1.726 acc@1: 58.55 mrr: 70.43, ndcg: 75.05, took: 1.64s
Epoch 22, 83.0%	 loss: 1.713 acc@1: 58.44 mrr: 70.23, ndcg: 74.79, took: 1.47s
Epoch 22, 85.1%	 loss: 1.723 acc@1: 57.54 mrr: 69.89, ndcg: 74.74, took: 1.46s
Epoch 22, 87.2%	 loss: 1.652 acc@1: 59.65 mrr: 71.20, ndcg: 75.85, took: 1.32s
Epoch 22, 89.4%	 loss: 1.725 acc@1: 57.66 mrr: 69.74, ndcg: 74.56, took: 1.37s
Epoch 22, 91.5%	 loss: 1.771 acc@1: 57.50 mrr: 69.23, ndcg: 74.01, took: 1.27s
Epoch 22, 93.6%	 loss: 1.706 acc@1: 58.05 mrr: 70.24, ndcg: 74.87, took: 1.45s
Epoch 22, 95.7%	 loss: 1.774 acc@1: 57.70 mrr: 69.35, ndcg: 74.07, took: 1.66s
Epoch 22, 97.9%	 loss: 1.805 acc@1: 56.91 mrr: 68.70, ndcg: 73.39, took: 1.54s
Epoch 22, 100.0%	 loss: 1.751 acc@1: 58.59 mrr: 70.09, ndcg: 74.64, took: 1.58s
Validation - loss: 2.8619, acc@1: 51.73%, f1: 45.10%, mrr: 63.03%, ndcg: 67.50%
Current learning rate: 0.000008

=== Epoch 23 ===
Epoch 23, 2.1%	 loss: 1.727 acc@1: 58.40 mrr: 70.17, ndcg: 74.94, took: 1.56s
Epoch 23, 4.3%	 loss: 1.697 acc@1: 57.70 mrr: 70.19, ndcg: 74.99, took: 1.56s
Epoch 23, 6.4%	 loss: 1.746 acc@1: 58.12 mrr: 69.90, ndcg: 74.50, took: 1.68s
Epoch 23, 8.5%	 loss: 1.735 acc@1: 58.28 mrr: 70.11, ndcg: 74.81, took: 1.51s
Epoch 23, 10.6%	 loss: 1.751 acc@1: 58.79 mrr: 69.77, ndcg: 74.23, took: 1.48s
Epoch 23, 12.8%	 loss: 1.718 acc@1: 58.87 mrr: 70.52, ndcg: 75.28, took: 1.58s
Epoch 23, 14.9%	 loss: 1.673 acc@1: 59.92 mrr: 71.36, ndcg: 76.00, took: 1.90s
Epoch 23, 17.0%	 loss: 1.677 acc@1: 59.65 mrr: 71.19, ndcg: 75.72, took: 1.55s
Epoch 23, 19.1%	 loss: 1.699 acc@1: 59.41 mrr: 70.98, ndcg: 75.61, took: 1.47s
Epoch 23, 21.3%	 loss: 1.665 acc@1: 59.22 mrr: 71.03, ndcg: 75.78, took: 1.53s
Epoch 23, 23.4%	 loss: 1.721 acc@1: 58.98 mrr: 70.72, ndcg: 75.36, took: 1.49s
Epoch 23, 25.5%	 loss: 1.673 acc@1: 59.96 mrr: 71.33, ndcg: 75.87, took: 1.63s
Epoch 23, 27.7%	 loss: 1.755 acc@1: 57.73 mrr: 69.76, ndcg: 74.55, took: 1.60s
Epoch 23, 29.8%	 loss: 1.676 acc@1: 59.02 mrr: 70.80, ndcg: 75.48, took: 1.62s
Epoch 23, 31.9%	 loss: 1.690 acc@1: 59.77 mrr: 71.33, ndcg: 75.88, took: 1.51s
Epoch 23, 34.0%	 loss: 1.715 acc@1: 58.87 mrr: 70.64, ndcg: 75.34, took: 1.68s
Epoch 23, 36.2%	 loss: 1.768 acc@1: 57.50 mrr: 68.99, ndcg: 73.72, took: 1.62s
Epoch 23, 38.3%	 loss: 1.736 acc@1: 58.79 mrr: 70.35, ndcg: 74.85, took: 1.44s
Epoch 23, 40.4%	 loss: 1.725 acc@1: 58.01 mrr: 70.10, ndcg: 74.75, took: 1.55s
Epoch 23, 42.6%	 loss: 1.725 acc@1: 58.12 mrr: 70.32, ndcg: 75.08, took: 1.59s
Epoch 23, 44.7%	 loss: 1.768 acc@1: 57.97 mrr: 69.86, ndcg: 74.40, took: 1.52s
Epoch 23, 46.8%	 loss: 1.801 acc@1: 56.95 mrr: 68.88, ndcg: 73.64, took: 1.52s
Epoch 23, 48.9%	 loss: 1.805 acc@1: 57.70 mrr: 69.08, ndcg: 73.83, took: 1.57s
Epoch 23, 51.1%	 loss: 1.761 acc@1: 57.85 mrr: 69.53, ndcg: 74.15, took: 1.51s
Epoch 23, 53.2%	 loss: 1.727 acc@1: 59.14 mrr: 70.45, ndcg: 74.99, took: 1.50s
Epoch 23, 55.3%	 loss: 1.756 acc@1: 56.72 mrr: 69.14, ndcg: 74.24, took: 1.68s
Epoch 23, 57.4%	 loss: 1.701 acc@1: 58.87 mrr: 70.34, ndcg: 74.98, took: 1.55s
Epoch 23, 59.6%	 loss: 1.691 acc@1: 59.73 mrr: 71.04, ndcg: 75.47, took: 1.59s
Epoch 23, 61.7%	 loss: 1.768 acc@1: 58.44 mrr: 69.79, ndcg: 74.31, took: 1.43s
Epoch 23, 63.8%	 loss: 1.723 acc@1: 58.40 mrr: 70.35, ndcg: 75.09, took: 1.49s
Epoch 23, 66.0%	 loss: 1.714 acc@1: 58.36 mrr: 70.22, ndcg: 74.94, took: 1.55s
Epoch 23, 68.1%	 loss: 1.688 acc@1: 58.79 mrr: 70.69, ndcg: 75.38, took: 1.77s
Epoch 23, 70.2%	 loss: 1.744 acc@1: 57.30 mrr: 69.71, ndcg: 74.36, took: 1.48s
Epoch 23, 72.3%	 loss: 1.739 acc@1: 57.70 mrr: 69.53, ndcg: 74.33, took: 1.59s
Epoch 23, 74.5%	 loss: 1.711 acc@1: 60.82 mrr: 71.43, ndcg: 75.82, took: 1.72s
Epoch 23, 76.6%	 loss: 1.715 acc@1: 58.95 mrr: 70.52, ndcg: 74.99, took: 1.57s
Epoch 23, 78.7%	 loss: 1.703 acc@1: 58.83 mrr: 70.49, ndcg: 75.08, took: 1.60s
Epoch 23, 80.9%	 loss: 1.721 acc@1: 58.16 mrr: 70.12, ndcg: 74.67, took: 1.74s
Epoch 23, 83.0%	 loss: 1.772 acc@1: 57.70 mrr: 69.67, ndcg: 74.33, took: 1.60s
Epoch 23, 85.1%	 loss: 1.712 acc@1: 58.95 mrr: 70.49, ndcg: 75.02, took: 1.63s
Epoch 23, 87.2%	 loss: 1.730 acc@1: 58.16 mrr: 69.94, ndcg: 74.51, took: 1.55s
Epoch 23, 89.4%	 loss: 1.773 acc@1: 56.95 mrr: 69.14, ndcg: 74.03, took: 1.60s
Epoch 23, 91.5%	 loss: 1.734 acc@1: 57.89 mrr: 69.93, ndcg: 74.64, took: 1.59s
Epoch 23, 93.6%	 loss: 1.725 acc@1: 58.24 mrr: 70.15, ndcg: 74.88, took: 1.49s
Epoch 23, 95.7%	 loss: 1.832 acc@1: 56.33 mrr: 68.34, ndcg: 73.27, took: 1.49s
Epoch 23, 97.9%	 loss: 1.752 acc@1: 57.97 mrr: 69.89, ndcg: 74.56, took: 1.55s
Epoch 23, 100.0%	 loss: 1.762 acc@1: 58.05 mrr: 69.71, ndcg: 74.16, took: 1.62s
Validation - loss: 2.8625, acc@1: 51.73%, f1: 45.07%, mrr: 63.05%, ndcg: 67.52%
Training finished.	 Time: 2156.90s.	 acc@1: 51.57%

=== Test Results ===
Test Results:
  acc@1: 51.60%
  acc@5: 76.00%
  acc@10: 80.26%
  mrr: 62.31%
  ndcg: 66.43%
  f1: 45.11%

=== Training Complete ===
