2025-12-26 13:32:01,644 - INFO - ============================================================
2025-12-26 13:32:01,644 - INFO - POINTER V45 - Training Started
2025-12-26 13:32:01,644 - INFO - ============================================================
2025-12-26 13:32:01,645 - INFO - Model config: {'d_model': 64, 'nhead': 4, 'num_layers': 2, 'dim_feedforward': 128, 'dropout': 0.12}
2025-12-26 13:32:01,645 - INFO - Training config: {'batch_size': 128, 'num_epochs': 50, 'learning_rate': 0.0006, 'weight_decay': 0.012, 'label_smoothing': 0.03, 'grad_clip': 0.8, 'patience': 5, 'min_epochs': 8, 'warmup_epochs': 5, 'use_amp': True, 'min_lr': 1e-06}
2025-12-26 13:32:01,645 - INFO - ============================================================
2025-12-26 13:32:01,645 - INFO - Training for 50 epochs
2025-12-26 13:32:01,645 - INFO - Model parameters: 251,476
2025-12-26 13:32:06,138 - INFO - Epoch 1/50 | LR: 1.20e-04 | Train: 4.1976 | Val: 3.2414 | Acc@1: 38.75%
2025-12-26 13:32:06,164 - INFO -   ✓ New best (Acc@1: 38.75%)
2025-12-26 13:32:09,856 - INFO - Epoch 2/50 | LR: 2.40e-04 | Train: 3.8649 | Val: 3.1258 | Acc@1: 43.58%
2025-12-26 13:32:09,883 - INFO -   ✓ New best (Acc@1: 43.58%)
2025-12-26 13:32:14,009 - INFO - Epoch 3/50 | LR: 3.60e-04 | Train: 3.6597 | Val: 3.0649 | Acc@1: 45.26%
2025-12-26 13:32:14,032 - INFO -   ✓ New best (Acc@1: 45.26%)
2025-12-26 13:32:18,215 - INFO - Epoch 4/50 | LR: 4.80e-04 | Train: 3.4701 | Val: 3.0072 | Acc@1: 47.27%
2025-12-26 13:32:18,240 - INFO -   ✓ New best (Acc@1: 47.27%)
2025-12-26 13:32:22,419 - INFO - Epoch 5/50 | LR: 6.00e-04 | Train: 3.2839 | Val: 2.9962 | Acc@1: 48.02%
2025-12-26 13:32:22,441 - INFO -   ✓ New best (Acc@1: 48.02%)
2025-12-26 13:32:26,421 - INFO - Epoch 6/50 | LR: 6.00e-04 | Train: 3.1067 | Val: 2.9784 | Acc@1: 47.12%
2025-12-26 13:32:26,446 - INFO -   ✓ New best (Acc@1: 47.12%)
2025-12-26 13:32:30,527 - INFO - Epoch 7/50 | LR: 5.99e-04 | Train: 2.9303 | Val: 2.9893 | Acc@1: 46.97%
2025-12-26 13:32:34,458 - INFO - Epoch 8/50 | LR: 5.97e-04 | Train: 2.7629 | Val: 2.9882 | Acc@1: 48.05%
2025-12-26 13:32:38,727 - INFO - Epoch 9/50 | LR: 5.93e-04 | Train: 2.6075 | Val: 2.9964 | Acc@1: 48.95%
2025-12-26 13:32:42,578 - INFO - Epoch 10/50 | LR: 5.88e-04 | Train: 2.4655 | Val: 3.0483 | Acc@1: 47.54%
2025-12-26 13:32:46,893 - INFO - Epoch 11/50 | LR: 5.82e-04 | Train: 2.3282 | Val: 3.1052 | Acc@1: 47.84%
2025-12-26 13:32:46,893 - INFO - Early stopping at epoch 11
2025-12-26 13:32:47,079 - INFO - Loaded checkpoint from epoch 6
2025-12-26 13:32:49,262 - INFO - ============================================================
2025-12-26 13:32:49,263 - INFO - FINAL VALIDATION RESULTS
2025-12-26 13:32:49,263 - INFO -   Acc@1:  47.12%
2025-12-26 13:32:49,263 - INFO -   Acc@5:  78.19%
2025-12-26 13:32:49,263 - INFO -   Acc@10: 82.39%
2025-12-26 13:32:49,263 - INFO -   MRR:    60.56%
2025-12-26 13:32:49,263 - INFO -   NDCG:   65.73%
2025-12-26 13:32:49,263 - INFO - ============================================================
2025-12-26 13:32:49,263 - INFO - FINAL TEST RESULTS
2025-12-26 13:32:49,263 - INFO -   Acc@1:  52.14%
2025-12-26 13:32:49,263 - INFO -   Acc@5:  81.87%
2025-12-26 13:32:49,263 - INFO -   Acc@10: 84.87%
2025-12-26 13:32:49,263 - INFO -   MRR:    65.10%
2025-12-26 13:32:49,263 - INFO -   NDCG:   69.87%
2025-12-26 13:32:49,263 - INFO - ============================================================
