2026-01-07 02:38:21,962 - INFO - ============================================================
2026-01-07 02:38:21,962 - INFO - POINTER V45 - Training Started
2026-01-07 02:38:21,962 - INFO - ============================================================
2026-01-07 02:38:21,962 - INFO - Model config: {'d_model': 64, 'nhead': 4, 'num_layers': 2, 'dim_feedforward': 128, 'dropout': 0.2}
2026-01-07 02:38:21,962 - INFO - Training config: {'batch_size': 256, 'num_epochs': 50, 'learning_rate': 0.001, 'weight_decay': 5e-05, 'label_smoothing': 0.0, 'grad_clip': 0.8, 'patience': 5, 'min_epochs': 8, 'warmup_epochs': 5, 'use_amp': True, 'min_lr': 1e-06}
2026-01-07 02:38:21,962 - INFO - ============================================================
2026-01-07 02:38:21,962 - INFO - Training for 50 epochs
2026-01-07 02:38:21,962 - INFO - Model parameters: 215,031
2026-01-07 02:38:25,104 - INFO - Epoch 1/50 | LR: 2.00e-04 | Train: 4.3780 | Val: 3.7640 | Acc@1: 31.25%
2026-01-07 02:38:25,119 - INFO -   ✓ New best (Acc@1: 31.25%)
2026-01-07 02:38:27,675 - INFO - Epoch 2/50 | LR: 4.00e-04 | Train: 3.9580 | Val: 3.5578 | Acc@1: 34.29%
2026-01-07 02:38:27,690 - INFO -   ✓ New best (Acc@1: 34.29%)
2026-01-07 02:38:30,514 - INFO - Epoch 3/50 | LR: 6.00e-04 | Train: 3.6832 | Val: 3.4563 | Acc@1: 35.78%
2026-01-07 02:38:30,530 - INFO -   ✓ New best (Acc@1: 35.78%)
2026-01-07 02:38:33,466 - INFO - Epoch 4/50 | LR: 8.00e-04 | Train: 3.4970 | Val: 3.3895 | Acc@1: 37.37%
2026-01-07 02:38:33,484 - INFO -   ✓ New best (Acc@1: 37.37%)
2026-01-07 02:38:36,711 - INFO - Epoch 5/50 | LR: 1.00e-03 | Train: 3.3291 | Val: 3.3681 | Acc@1: 37.14%
2026-01-07 02:38:36,726 - INFO -   ✓ New best (Acc@1: 37.14%)
2026-01-07 02:38:39,902 - INFO - Epoch 6/50 | LR: 1.00e-03 | Train: 3.1695 | Val: 3.3175 | Acc@1: 38.75%
2026-01-07 02:38:39,925 - INFO -   ✓ New best (Acc@1: 38.75%)
2026-01-07 02:38:43,463 - INFO - Epoch 7/50 | LR: 9.99e-04 | Train: 2.9690 | Val: 3.3110 | Acc@1: 38.42%
2026-01-07 02:38:43,488 - INFO -   ✓ New best (Acc@1: 38.42%)
2026-01-07 02:38:46,868 - INFO - Epoch 8/50 | LR: 9.95e-04 | Train: 2.8037 | Val: 3.3079 | Acc@1: 38.94%
2026-01-07 02:38:46,884 - INFO -   ✓ New best (Acc@1: 38.94%)
2026-01-07 02:38:50,247 - INFO - Epoch 9/50 | LR: 9.89e-04 | Train: 2.6575 | Val: 3.3400 | Acc@1: 39.03%
2026-01-07 02:38:53,585 - INFO - Epoch 10/50 | LR: 9.81e-04 | Train: 2.4961 | Val: 3.3958 | Acc@1: 37.78%
2026-01-07 02:38:56,955 - INFO - Epoch 11/50 | LR: 9.70e-04 | Train: 2.3735 | Val: 3.4317 | Acc@1: 37.47%
2026-01-07 02:39:00,284 - INFO - Epoch 12/50 | LR: 9.57e-04 | Train: 2.2651 | Val: 3.4815 | Acc@1: 37.23%
2026-01-07 02:39:03,637 - INFO - Epoch 13/50 | LR: 9.42e-04 | Train: 2.1414 | Val: 3.5139 | Acc@1: 37.89%
2026-01-07 02:39:03,637 - INFO - Early stopping at epoch 13
2026-01-07 02:39:03,936 - INFO - Loaded checkpoint from epoch 8
2026-01-07 02:39:05,626 - INFO - ============================================================
2026-01-07 02:39:05,626 - INFO - FINAL VALIDATION RESULTS
2026-01-07 02:39:05,626 - INFO -   Acc@1:  38.94%
2026-01-07 02:39:05,626 - INFO -   Acc@5:  66.85%
2026-01-07 02:39:05,627 - INFO -   Acc@10: 73.04%
2026-01-07 02:39:05,627 - INFO -   MRR:    51.29%
2026-01-07 02:39:05,627 - INFO -   NDCG:   56.13%
2026-01-07 02:39:05,627 - INFO - ============================================================
2026-01-07 02:39:05,627 - INFO - FINAL TEST RESULTS
2026-01-07 02:39:05,627 - INFO -   Acc@1:  41.69%
2026-01-07 02:39:05,627 - INFO -   Acc@5:  69.81%
2026-01-07 02:39:05,627 - INFO -   Acc@10: 75.28%
2026-01-07 02:39:05,627 - INFO -   MRR:    54.00%
2026-01-07 02:39:05,627 - INFO -   NDCG:   58.80%
2026-01-07 02:39:05,627 - INFO - ============================================================
