2025-12-29 23:45:54,831 - INFO - ============================================================
2025-12-29 23:45:54,831 - INFO - POINTER V45 - Training Started
2025-12-29 23:45:54,831 - INFO - ============================================================
2025-12-29 23:45:54,831 - INFO - Model config: {'d_model': 128, 'dim_feedforward': 512, 'dropout': 0.15, 'nhead': 4, 'num_layers': 8}
2025-12-29 23:45:54,831 - INFO - Training config: {'batch_size': 128, 'grad_clip': 0.8, 'label_smoothing': 0.03, 'learning_rate': 0.0006, 'min_epochs': 8, 'min_lr': 1e-06, 'num_epochs': 50, 'patience': 5, 'use_amp': True, 'warmup_epochs': 5, 'weight_decay': 0.015}
2025-12-29 23:45:54,831 - INFO - ============================================================
2025-12-29 23:45:54,831 - INFO - Training for 50 epochs
2025-12-29 23:45:54,832 - INFO - Model parameters: 1,990,667
2025-12-29 23:46:01,206 - INFO - Epoch 1/50 | LR: 1.20e-04 | Train: 5.3247 | Val: 3.2551 | Acc@1: 38.34%
2025-12-29 23:46:01,280 - INFO -   ✓ New best (Acc@1: 38.34%)
2025-12-29 23:46:08,628 - INFO - Epoch 2/50 | LR: 2.40e-04 | Train: 4.1150 | Val: 3.0767 | Acc@1: 42.80%
2025-12-29 23:46:08,717 - INFO -   ✓ New best (Acc@1: 42.80%)
2025-12-29 23:46:16,948 - INFO - Epoch 3/50 | LR: 3.60e-04 | Train: 3.7246 | Val: 3.1299 | Acc@1: 44.75%
2025-12-29 23:46:25,139 - INFO - Epoch 4/50 | LR: 4.80e-04 | Train: 3.4655 | Val: 3.1751 | Acc@1: 45.83%
2025-12-29 23:46:33,163 - INFO - Epoch 5/50 | LR: 6.00e-04 | Train: 3.2030 | Val: 3.3456 | Acc@1: 43.73%
2025-12-29 23:46:40,458 - INFO - Epoch 6/50 | LR: 6.00e-04 | Train: 2.9298 | Val: 3.3600 | Acc@1: 47.13%
2025-12-29 23:46:47,147 - INFO - Epoch 7/50 | LR: 5.99e-04 | Train: 2.6477 | Val: 3.5284 | Acc@1: 46.27%
2025-12-29 23:46:52,983 - INFO - Epoch 8/50 | LR: 5.97e-04 | Train: 2.3904 | Val: 3.7108 | Acc@1: 42.90%
2025-12-29 23:46:52,984 - INFO - Early stopping at epoch 8
2025-12-29 23:46:53,264 - INFO - Loaded checkpoint from epoch 2
2025-12-29 23:46:55,210 - INFO - ============================================================
2025-12-29 23:46:55,210 - INFO - FINAL VALIDATION RESULTS
2025-12-29 23:46:55,210 - INFO -   Acc@1:  42.80%
2025-12-29 23:46:55,210 - INFO -   Acc@5:  76.21%
2025-12-29 23:46:55,210 - INFO -   Acc@10: 81.50%
2025-12-29 23:46:55,211 - INFO -   MRR:    57.56%
2025-12-29 23:46:55,211 - INFO -   NDCG:   63.25%
2025-12-29 23:46:55,211 - INFO - ============================================================
2025-12-29 23:46:55,211 - INFO - FINAL TEST RESULTS
2025-12-29 23:46:55,211 - INFO -   Acc@1:  44.28%
2025-12-29 23:46:55,211 - INFO -   Acc@5:  80.21%
2025-12-29 23:46:55,211 - INFO -   Acc@10: 84.04%
2025-12-29 23:46:55,211 - INFO -   MRR:    60.10%
2025-12-29 23:46:55,211 - INFO -   NDCG:   65.92%
2025-12-29 23:46:55,211 - INFO - ============================================================
