2025-12-30 21:54:50,889 - INFO - ============================================================
2025-12-30 21:54:50,889 - INFO - POINTER V45 - Training Started
2025-12-30 21:54:50,889 - INFO - ============================================================
2025-12-30 21:54:50,889 - INFO - Model config: {'d_model': 64, 'dim_feedforward': 128, 'dropout': 0.15, 'nhead': 8, 'num_layers': 8}
2025-12-30 21:54:50,889 - INFO - Training config: {'batch_size': 128, 'grad_clip': 0.8, 'label_smoothing': 0.03, 'learning_rate': 0.0006, 'min_epochs': 3, 'min_lr': 1e-06, 'num_epochs': 50, 'patience': 5, 'use_amp': True, 'warmup_epochs': 5, 'weight_decay': 0.015}
2025-12-30 21:54:50,889 - INFO - ============================================================
2025-12-30 21:54:50,889 - INFO - Training for 50 epochs
2025-12-30 21:54:50,890 - INFO - Model parameters: 447,083
2025-12-30 21:54:58,536 - INFO - Epoch 1/50 | LR: 1.20e-04 | Train: 5.0145 | Val: 3.3672 | Acc@1: 38.03%
2025-12-30 21:54:58,588 - INFO -   ✓ New best (Acc@1: 38.03%)
2025-12-30 21:55:08,701 - INFO - Epoch 2/50 | LR: 2.40e-04 | Train: 4.3887 | Val: 3.1144 | Acc@1: 42.48%
2025-12-30 21:55:08,756 - INFO -   ✓ New best (Acc@1: 42.48%)
2025-12-30 21:55:19,179 - INFO - Epoch 3/50 | LR: 3.60e-04 | Train: 3.9604 | Val: 2.9575 | Acc@1: 46.31%
2025-12-30 21:55:19,233 - INFO -   ✓ New best (Acc@1: 46.31%)
2025-12-30 21:55:28,769 - INFO - Epoch 4/50 | LR: 4.80e-04 | Train: 3.6568 | Val: 2.9725 | Acc@1: 46.75%
2025-12-30 21:55:38,742 - INFO - Epoch 5/50 | LR: 6.00e-04 | Train: 3.4775 | Val: 2.9062 | Acc@1: 46.27%
2025-12-30 21:55:38,796 - INFO -   ✓ New best (Acc@1: 46.27%)
2025-12-30 21:55:49,399 - INFO - Epoch 6/50 | LR: 6.00e-04 | Train: 3.2851 | Val: 2.9263 | Acc@1: 47.01%
2025-12-30 21:55:59,544 - INFO - Epoch 7/50 | LR: 5.99e-04 | Train: 3.1066 | Val: 2.9704 | Acc@1: 45.96%
2025-12-30 21:56:09,820 - INFO - Epoch 8/50 | LR: 5.97e-04 | Train: 2.9467 | Val: 2.9650 | Acc@1: 46.62%
2025-12-30 21:56:17,438 - INFO - Epoch 9/50 | LR: 5.93e-04 | Train: 2.8042 | Val: 3.0534 | Acc@1: 45.83%
2025-12-30 21:56:23,674 - INFO - Epoch 10/50 | LR: 5.88e-04 | Train: 2.6578 | Val: 2.9972 | Acc@1: 46.85%
2025-12-30 21:56:23,675 - INFO - Early stopping at epoch 10
2025-12-30 21:56:24,202 - INFO - Loaded checkpoint from epoch 5
2025-12-30 21:56:26,173 - INFO - ============================================================
2025-12-30 21:56:26,173 - INFO - FINAL VALIDATION RESULTS
2025-12-30 21:56:26,173 - INFO -   Acc@1:  46.27%
2025-12-30 21:56:26,173 - INFO -   Acc@5:  78.31%
2025-12-30 21:56:26,173 - INFO -   Acc@10: 83.25%
2025-12-30 21:56:26,173 - INFO -   MRR:    60.40%
2025-12-30 21:56:26,173 - INFO -   NDCG:   65.82%
2025-12-30 21:56:26,173 - INFO - ============================================================
2025-12-30 21:56:26,173 - INFO - FINAL TEST RESULTS
2025-12-30 21:56:26,174 - INFO -   Acc@1:  49.32%
2025-12-30 21:56:26,174 - INFO -   Acc@5:  82.23%
2025-12-30 21:56:26,174 - INFO -   Acc@10: 85.52%
2025-12-30 21:56:26,174 - INFO -   MRR:    64.02%
2025-12-30 21:56:26,174 - INFO -   NDCG:   69.24%
2025-12-30 21:56:26,174 - INFO - ============================================================
