2025-12-30 07:38:12,172 - INFO - ============================================================
2025-12-30 07:38:12,172 - INFO - POINTER V45 - Training Started
2025-12-30 07:38:12,172 - INFO - ============================================================
2025-12-30 07:38:12,172 - INFO - Model config: {'d_model': 128, 'dim_feedforward': 256, 'dropout': 0.15, 'nhead': 8, 'num_layers': 8}
2025-12-30 07:38:12,172 - INFO - Training config: {'batch_size': 128, 'grad_clip': 0.8, 'label_smoothing': 0.03, 'learning_rate': 0.0006, 'min_epochs': 8, 'min_lr': 1e-06, 'num_epochs': 50, 'patience': 5, 'use_amp': True, 'warmup_epochs': 5, 'weight_decay': 0.015}
2025-12-30 07:38:12,172 - INFO - ============================================================
2025-12-30 07:38:12,173 - INFO - Training for 50 epochs
2025-12-30 07:38:12,173 - INFO - Model parameters: 2,818,847
2025-12-30 07:41:26,406 - INFO - Epoch 1/50 | LR: 1.20e-04 | Train: 3.2343 | Val: 2.9651 | Acc@1: 50.22%
2025-12-30 07:41:26,507 - INFO -   ✓ New best (Acc@1: 50.22%)
2025-12-30 07:44:43,298 - INFO - Epoch 2/50 | LR: 2.40e-04 | Train: 2.8666 | Val: 2.9153 | Acc@1: 51.92%
2025-12-30 07:44:43,396 - INFO -   ✓ New best (Acc@1: 51.92%)
2025-12-30 07:47:59,171 - INFO - Epoch 3/50 | LR: 3.60e-04 | Train: 2.7689 | Val: 2.8478 | Acc@1: 53.36%
2025-12-30 07:47:59,270 - INFO -   ✓ New best (Acc@1: 53.36%)
2025-12-30 07:51:16,453 - INFO - Epoch 4/50 | LR: 4.80e-04 | Train: 2.6937 | Val: 2.8256 | Acc@1: 53.74%
2025-12-30 07:51:16,554 - INFO -   ✓ New best (Acc@1: 53.74%)
2025-12-30 07:54:32,512 - INFO - Epoch 5/50 | LR: 6.00e-04 | Train: 2.6234 | Val: 2.7820 | Acc@1: 53.50%
2025-12-30 07:54:32,616 - INFO -   ✓ New best (Acc@1: 53.50%)
2025-12-30 07:57:48,548 - INFO - Epoch 6/50 | LR: 6.00e-04 | Train: 2.5348 | Val: 2.7705 | Acc@1: 53.93%
2025-12-30 07:57:48,653 - INFO -   ✓ New best (Acc@1: 53.93%)
2025-12-30 08:01:04,829 - INFO - Epoch 7/50 | LR: 5.99e-04 | Train: 2.4576 | Val: 2.7596 | Acc@1: 54.63%
2025-12-30 08:01:04,931 - INFO -   ✓ New best (Acc@1: 54.63%)
2025-12-30 08:04:16,647 - INFO - Epoch 8/50 | LR: 5.97e-04 | Train: 2.3920 | Val: 2.7976 | Acc@1: 53.47%
2025-12-30 08:06:34,770 - INFO - Epoch 9/50 | LR: 5.93e-04 | Train: 2.3271 | Val: 2.8155 | Acc@1: 53.85%
2025-12-30 08:08:43,842 - INFO - Epoch 10/50 | LR: 5.88e-04 | Train: 2.2638 | Val: 2.8329 | Acc@1: 52.66%
2025-12-30 08:10:51,133 - INFO - Epoch 11/50 | LR: 5.82e-04 | Train: 2.2063 | Val: 2.8663 | Acc@1: 52.98%
2025-12-30 08:12:04,433 - INFO - Epoch 12/50 | LR: 5.74e-04 | Train: 2.1453 | Val: 2.9285 | Acc@1: 52.78%
2025-12-30 08:12:04,433 - INFO - Early stopping at epoch 12
2025-12-30 08:12:04,545 - INFO - Loaded checkpoint from epoch 7
2025-12-30 08:12:06,918 - INFO - ============================================================
2025-12-30 08:12:06,918 - INFO - FINAL VALIDATION RESULTS
2025-12-30 08:12:06,918 - INFO -   Acc@1:  54.63%
2025-12-30 08:12:06,918 - INFO -   Acc@5:  80.83%
2025-12-30 08:12:06,919 - INFO -   Acc@10: 85.19%
2025-12-30 08:12:06,919 - INFO -   MRR:    65.99%
2025-12-30 08:12:06,919 - INFO -   NDCG:   70.52%
2025-12-30 08:12:06,919 - INFO - ============================================================
2025-12-30 08:12:06,919 - INFO - FINAL TEST RESULTS
2025-12-30 08:12:06,919 - INFO -   Acc@1:  56.32%
2025-12-30 08:12:06,919 - INFO -   Acc@5:  82.16%
2025-12-30 08:12:06,919 - INFO -   Acc@10: 86.26%
2025-12-30 08:12:06,919 - INFO -   MRR:    67.53%
2025-12-30 08:12:06,919 - INFO -   NDCG:   71.99%
2025-12-30 08:12:06,919 - INFO - ============================================================
