Training LSTM model
Dataset: geolife
Config: /data/next_loc_clean_v2/config/ht_optuna/optuna_LSTM_geolife_prev14_t12_20260101_101444_68d1b1ec.yaml
Device: cuda
Seed: 42
==================================================
Data loaders: train=215, val=90, test=96
Total trainable parameters: 1262041

=== Epoch 1 ===
Epoch 1, 9.3%	 loss: 7.293 acc@1: 0.00 mrr: 0.56, ndcg: 0.39, took: 4.82s
Epoch 1, 18.6%	 loss: 7.092 acc@1: 0.31 mrr: 1.25, ndcg: 1.04, took: 2.70s
Epoch 1, 27.9%	 loss: 6.774 acc@1: 6.25 mrr: 8.69, ndcg: 9.20, took: 2.80s
Epoch 1, 37.2%	 loss: 6.474 acc@1: 9.53 mrr: 13.97, ndcg: 15.28, took: 2.86s
Epoch 1, 46.5%	 loss: 5.900 acc@1: 17.19 mrr: 23.74, ndcg: 25.80, took: 2.61s
Epoch 1, 55.8%	 loss: 5.592 acc@1: 16.56 mrr: 24.70, ndcg: 27.63, took: 2.63s
Epoch 1, 65.1%	 loss: 5.181 acc@1: 18.75 mrr: 28.97, ndcg: 32.98, took: 2.51s
Epoch 1, 74.4%	 loss: 4.854 acc@1: 20.78 mrr: 31.27, ndcg: 35.44, took: 2.82s
Epoch 1, 83.7%	 loss: 4.661 acc@1: 23.59 mrr: 33.79, ndcg: 37.92, took: 2.96s
Epoch 1, 93.0%	 loss: 4.615 acc@1: 22.03 mrr: 33.22, ndcg: 37.79, took: 3.31s
Validation - loss: 4.8006, acc@1: 20.87%, f1: 13.95%, mrr: 33.78%, ndcg: 38.81%
Current learning rate: 0.001000

=== Epoch 2 ===
Epoch 2, 9.3%	 loss: 4.253 acc@1: 22.34 mrr: 34.86, ndcg: 40.08, took: 3.16s
Epoch 2, 18.6%	 loss: 4.112 acc@1: 24.22 mrr: 36.86, ndcg: 41.76, took: 3.05s
Epoch 2, 27.9%	 loss: 4.304 acc@1: 22.03 mrr: 34.01, ndcg: 38.94, took: 2.96s
Epoch 2, 37.2%	 loss: 4.312 acc@1: 23.12 mrr: 35.49, ndcg: 40.57, took: 2.95s
Epoch 2, 46.5%	 loss: 3.985 acc@1: 25.31 mrr: 39.36, ndcg: 44.75, took: 2.93s
Epoch 2, 55.8%	 loss: 4.226 acc@1: 25.47 mrr: 38.36, ndcg: 43.58, took: 2.82s
Epoch 2, 65.1%	 loss: 3.938 acc@1: 28.91 mrr: 42.88, ndcg: 47.73, took: 2.67s
Epoch 2, 74.4%	 loss: 3.987 acc@1: 30.62 mrr: 43.36, ndcg: 48.45, took: 2.68s
Epoch 2, 83.7%	 loss: 3.727 acc@1: 34.38 mrr: 47.23, ndcg: 52.44, took: 2.96s
Epoch 2, 93.0%	 loss: 3.776 acc@1: 32.34 mrr: 46.52, ndcg: 51.28, took: 3.32s
Validation - loss: 4.9226, acc@1: 23.57%, f1: 13.22%, mrr: 37.36%, ndcg: 43.66%
Current learning rate: 0.002000

=== Epoch 3 ===
Epoch 3, 9.3%	 loss: 3.666 acc@1: 30.31 mrr: 44.57, ndcg: 49.59, took: 3.06s
Epoch 3, 18.6%	 loss: 3.576 acc@1: 32.03 mrr: 46.06, ndcg: 51.24, took: 2.86s
Epoch 3, 27.9%	 loss: 3.329 acc@1: 33.12 mrr: 49.23, ndcg: 54.42, took: 2.82s
Epoch 3, 37.2%	 loss: 3.421 acc@1: 30.16 mrr: 46.63, ndcg: 52.43, took: 2.68s
Epoch 3, 46.5%	 loss: 3.315 acc@1: 34.38 mrr: 49.77, ndcg: 55.50, took: 2.58s
Epoch 3, 55.8%	 loss: 3.480 acc@1: 31.25 mrr: 47.25, ndcg: 52.88, took: 2.26s
Epoch 3, 65.1%	 loss: 3.590 acc@1: 30.62 mrr: 46.15, ndcg: 51.75, took: 2.80s
Epoch 3, 74.4%	 loss: 3.733 acc@1: 29.38 mrr: 44.17, ndcg: 49.57, took: 3.08s
Epoch 3, 83.7%	 loss: 3.460 acc@1: 33.28 mrr: 47.75, ndcg: 53.31, took: 3.44s
Epoch 3, 93.0%	 loss: 3.452 acc@1: 32.03 mrr: 47.22, ndcg: 52.88, took: 3.52s
Validation - loss: 4.5999, acc@1: 34.76%, f1: 20.65%, mrr: 47.11%, ndcg: 51.34%
Current learning rate: 0.001958

=== Epoch 4 ===
Epoch 4, 9.3%	 loss: 3.269 acc@1: 32.66 mrr: 48.30, ndcg: 53.88, took: 2.79s
Epoch 4, 18.6%	 loss: 3.153 acc@1: 30.31 mrr: 47.48, ndcg: 53.55, took: 2.43s
Epoch 4, 27.9%	 loss: 3.297 acc@1: 34.53 mrr: 48.64, ndcg: 53.21, took: 2.36s
Epoch 4, 37.2%	 loss: 3.150 acc@1: 31.72 mrr: 48.48, ndcg: 54.38, took: 2.63s
Epoch 4, 46.5%	 loss: 3.185 acc@1: 32.81 mrr: 49.20, ndcg: 54.64, took: 2.62s
Epoch 4, 55.8%	 loss: 3.048 acc@1: 36.25 mrr: 51.66, ndcg: 56.79, took: 2.85s
Epoch 4, 65.1%	 loss: 3.193 acc@1: 36.72 mrr: 50.79, ndcg: 55.67, took: 3.14s
Epoch 4, 74.4%	 loss: 3.365 acc@1: 33.75 mrr: 47.82, ndcg: 52.66, took: 3.52s
Epoch 4, 83.7%	 loss: 3.406 acc@1: 28.59 mrr: 45.08, ndcg: 50.97, took: 3.43s
Epoch 4, 93.0%	 loss: 3.216 acc@1: 32.50 mrr: 48.70, ndcg: 54.07, took: 3.42s
Validation - loss: 4.5842, acc@1: 34.79%, f1: 22.82%, mrr: 48.15%, ndcg: 52.28%
Current learning rate: 0.001917

=== Epoch 5 ===
Epoch 5, 9.3%	 loss: 3.083 acc@1: 32.34 mrr: 47.65, ndcg: 52.97, took: 2.46s
Epoch 5, 18.6%	 loss: 2.984 acc@1: 33.91 mrr: 50.03, ndcg: 55.51, took: 2.46s
Epoch 5, 27.9%	 loss: 2.932 acc@1: 33.59 mrr: 50.56, ndcg: 55.95, took: 2.75s
Epoch 5, 37.2%	 loss: 3.222 acc@1: 33.12 mrr: 47.89, ndcg: 52.77, took: 2.86s
Epoch 5, 46.5%	 loss: 2.915 acc@1: 38.12 mrr: 52.91, ndcg: 58.12, took: 2.77s
Epoch 5, 55.8%	 loss: 3.055 acc@1: 34.38 mrr: 50.30, ndcg: 55.79, took: 3.05s
Epoch 5, 65.1%	 loss: 3.180 acc@1: 33.44 mrr: 48.85, ndcg: 53.98, took: 3.37s
Epoch 5, 74.4%	 loss: 3.329 acc@1: 28.28 mrr: 44.96, ndcg: 50.52, took: 3.47s
Epoch 5, 83.7%	 loss: 3.006 acc@1: 37.97 mrr: 52.96, ndcg: 57.88, took: 3.36s
Epoch 5, 93.0%	 loss: 3.158 acc@1: 30.31 mrr: 47.19, ndcg: 53.25, took: 3.13s
Validation - loss: 4.7457, acc@1: 31.96%, f1: 20.01%, mrr: 46.19%, ndcg: 50.80%
Current learning rate: 0.001875

=== Epoch 6 ===
Epoch 6, 9.3%	 loss: 2.790 acc@1: 36.25 mrr: 52.46, ndcg: 57.92, took: 2.75s
Epoch 6, 18.6%	 loss: 2.875 acc@1: 34.69 mrr: 50.76, ndcg: 56.01, took: 2.62s
Epoch 6, 27.9%	 loss: 3.002 acc@1: 32.03 mrr: 48.47, ndcg: 53.77, took: 2.87s
Epoch 6, 37.2%	 loss: 2.993 acc@1: 31.72 mrr: 48.45, ndcg: 53.96, took: 2.84s
Epoch 6, 46.5%	 loss: 2.946 acc@1: 35.62 mrr: 51.09, ndcg: 56.20, took: 2.90s
Epoch 6, 55.8%	 loss: 3.030 acc@1: 35.47 mrr: 50.26, ndcg: 55.07, took: 3.02s
Epoch 6, 65.1%	 loss: 3.077 acc@1: 34.84 mrr: 49.53, ndcg: 54.41, took: 3.12s
Epoch 6, 74.4%	 loss: 2.979 acc@1: 35.00 mrr: 50.71, ndcg: 56.27, took: 3.10s
Epoch 6, 83.7%	 loss: 3.152 acc@1: 32.97 mrr: 48.09, ndcg: 52.96, took: 3.09s
Epoch 6, 93.0%	 loss: 3.076 acc@1: 32.81 mrr: 48.57, ndcg: 53.92, took: 3.30s
Validation - loss: 4.6870, acc@1: 33.74%, f1: 22.21%, mrr: 47.57%, ndcg: 52.10%
Current learning rate: 0.001833

=== Epoch 7 ===
Epoch 7, 9.3%	 loss: 2.778 acc@1: 31.41 mrr: 49.49, ndcg: 55.77, took: 2.73s
Epoch 7, 18.6%	 loss: 2.874 acc@1: 34.53 mrr: 50.48, ndcg: 55.82, took: 2.62s
Epoch 7, 27.9%	 loss: 2.790 acc@1: 38.12 mrr: 52.98, ndcg: 57.64, took: 2.75s
Epoch 7, 37.2%	 loss: 3.047 acc@1: 32.50 mrr: 48.28, ndcg: 53.46, took: 2.54s
Epoch 7, 46.5%	 loss: 3.057 acc@1: 31.56 mrr: 47.51, ndcg: 52.91, took: 2.73s
Epoch 7, 55.8%	 loss: 2.844 acc@1: 32.34 mrr: 49.41, ndcg: 55.26, took: 3.07s
Epoch 7, 65.1%	 loss: 2.767 acc@1: 35.16 mrr: 52.20, ndcg: 57.98, took: 3.31s
Epoch 7, 74.4%	 loss: 2.974 acc@1: 33.12 mrr: 49.32, ndcg: 55.25, took: 3.38s
Epoch 7, 83.7%	 loss: 3.133 acc@1: 32.66 mrr: 47.54, ndcg: 52.48, took: 3.40s
Epoch 7, 93.0%	 loss: 2.980 acc@1: 36.25 mrr: 50.50, ndcg: 55.28, took: 3.51s
Validation - loss: 4.7937, acc@1: 31.99%, f1: 20.70%, mrr: 45.77%, ndcg: 50.25%
Current learning rate: 0.001792

=== Epoch 8 ===
Epoch 8, 9.3%	 loss: 2.765 acc@1: 31.41 mrr: 49.70, ndcg: 55.94, took: 2.21s
Epoch 8, 18.6%	 loss: 2.898 acc@1: 31.41 mrr: 47.96, ndcg: 53.82, took: 2.49s
Epoch 8, 27.9%	 loss: 2.617 acc@1: 35.94 mrr: 53.69, ndcg: 59.74, took: 2.48s
Epoch 8, 37.2%	 loss: 2.761 acc@1: 35.00 mrr: 51.46, ndcg: 56.89, took: 2.77s
Epoch 8, 46.5%	 loss: 2.976 acc@1: 33.12 mrr: 48.97, ndcg: 54.24, took: 2.98s
Epoch 8, 55.8%	 loss: 2.924 acc@1: 34.06 mrr: 49.79, ndcg: 55.34, took: 3.42s
Epoch 8, 65.1%	 loss: 2.965 acc@1: 30.47 mrr: 47.54, ndcg: 53.34, took: 3.41s
Epoch 8, 74.4%	 loss: 3.072 acc@1: 31.25 mrr: 47.06, ndcg: 52.59, took: 3.49s
Epoch 8, 83.7%	 loss: 2.869 acc@1: 35.94 mrr: 51.05, ndcg: 56.42, took: 3.50s
Epoch 8, 93.0%	 loss: 2.805 acc@1: 36.56 mrr: 52.56, ndcg: 57.35, took: 3.48s
Validation - loss: 4.8640, acc@1: 31.82%, f1: 22.33%, mrr: 46.00%, ndcg: 50.66%
Current learning rate: 0.001750

=== Epoch 9 ===
Epoch 9, 9.3%	 loss: 2.670 acc@1: 33.28 mrr: 50.89, ndcg: 57.16, took: 2.51s
Epoch 9, 18.6%	 loss: 2.665 acc@1: 32.50 mrr: 50.47, ndcg: 56.91, took: 2.58s
Epoch 9, 27.9%	 loss: 2.672 acc@1: 33.28 mrr: 51.04, ndcg: 57.23, took: 2.78s
Epoch 9, 37.2%	 loss: 2.853 acc@1: 34.84 mrr: 50.40, ndcg: 55.47, took: 3.04s
Epoch 9, 46.5%	 loss: 2.858 acc@1: 32.97 mrr: 49.40, ndcg: 54.56, took: 3.46s
Epoch 9, 55.8%	 loss: 2.961 acc@1: 30.78 mrr: 47.14, ndcg: 52.21, took: 3.52s
Epoch 9, 65.1%	 loss: 2.670 acc@1: 33.12 mrr: 51.05, ndcg: 57.50, took: 3.44s
Epoch 9, 74.4%	 loss: 2.906 acc@1: 35.94 mrr: 51.49, ndcg: 56.27, took: 3.41s
Epoch 9, 83.7%	 loss: 2.843 acc@1: 33.75 mrr: 49.99, ndcg: 55.29, took: 3.14s
Epoch 9, 93.0%	 loss: 2.842 acc@1: 39.22 mrr: 52.86, ndcg: 57.55, took: 3.16s
Validation - loss: 4.8592, acc@1: 31.99%, f1: 21.76%, mrr: 46.14%, ndcg: 50.72%
Current learning rate: 0.000171

=== Epoch 10 ===
Epoch 10, 9.3%	 loss: 2.984 acc@1: 33.44 mrr: 49.37, ndcg: 54.81, took: 2.36s
Epoch 10, 18.6%	 loss: 2.820 acc@1: 35.62 mrr: 52.00, ndcg: 57.89, took: 2.41s
Epoch 10, 27.9%	 loss: 3.054 acc@1: 34.38 mrr: 49.72, ndcg: 54.99, took: 2.36s
Epoch 10, 37.2%	 loss: 3.108 acc@1: 30.47 mrr: 46.51, ndcg: 52.18, took: 2.51s
Epoch 10, 46.5%	 loss: 2.966 acc@1: 32.50 mrr: 49.10, ndcg: 55.10, took: 2.45s
Epoch 10, 55.8%	 loss: 2.868 acc@1: 34.69 mrr: 51.34, ndcg: 56.84, took: 2.30s
Epoch 10, 65.1%	 loss: 3.091 acc@1: 33.59 mrr: 48.80, ndcg: 54.15, took: 2.29s
Epoch 10, 74.4%	 loss: 2.840 acc@1: 38.75 mrr: 53.68, ndcg: 58.44, took: 2.36s
Epoch 10, 83.7%	 loss: 2.845 acc@1: 36.09 mrr: 51.88, ndcg: 57.48, took: 2.23s
Epoch 10, 93.0%	 loss: 2.875 acc@1: 35.78 mrr: 51.61, ndcg: 56.83, took: 2.31s
Validation - loss: 4.5941, acc@1: 35.07%, f1: 21.90%, mrr: 48.30%, ndcg: 52.67%
Current learning rate: 0.000171

=== Epoch 11 ===
Epoch 11, 9.3%	 loss: 2.840 acc@1: 37.03 mrr: 52.32, ndcg: 57.33, took: 2.72s
Epoch 11, 18.6%	 loss: 2.924 acc@1: 34.22 mrr: 50.31, ndcg: 55.69, took: 2.78s
Epoch 11, 27.9%	 loss: 2.990 acc@1: 33.75 mrr: 49.40, ndcg: 54.42, took: 2.84s
Epoch 11, 37.2%	 loss: 2.816 acc@1: 36.09 mrr: 51.97, ndcg: 57.40, took: 2.93s
Epoch 11, 46.5%	 loss: 2.859 acc@1: 36.25 mrr: 51.70, ndcg: 57.01, took: 3.09s
Epoch 11, 55.8%	 loss: 2.843 acc@1: 34.22 mrr: 50.58, ndcg: 56.70, took: 2.95s
Epoch 11, 65.1%	 loss: 2.920 acc@1: 35.00 mrr: 50.46, ndcg: 55.47, took: 2.91s
Epoch 11, 74.4%	 loss: 2.651 acc@1: 38.91 mrr: 54.68, ndcg: 59.94, took: 2.95s
Epoch 11, 83.7%	 loss: 2.878 acc@1: 34.06 mrr: 50.67, ndcg: 56.57, took: 3.20s
Epoch 11, 93.0%	 loss: 2.948 acc@1: 35.78 mrr: 50.95, ndcg: 56.17, took: 3.34s
Validation - loss: 4.6117, acc@1: 34.86%, f1: 22.26%, mrr: 48.33%, ndcg: 52.76%
Current learning rate: 0.000171

=== Epoch 12 ===
Epoch 12, 9.3%	 loss: 2.809 acc@1: 37.03 mrr: 52.45, ndcg: 57.73, took: 2.51s
Epoch 12, 18.6%	 loss: 2.863 acc@1: 37.81 mrr: 51.93, ndcg: 57.27, took: 2.81s
Epoch 12, 27.9%	 loss: 2.834 acc@1: 35.62 mrr: 51.79, ndcg: 57.44, took: 2.79s
Epoch 12, 37.2%	 loss: 2.757 acc@1: 33.12 mrr: 51.06, ndcg: 57.65, took: 2.90s
Epoch 12, 46.5%	 loss: 2.917 acc@1: 33.59 mrr: 49.68, ndcg: 55.16, took: 2.89s
Epoch 12, 55.8%	 loss: 2.855 acc@1: 35.62 mrr: 50.92, ndcg: 56.23, took: 3.07s
Epoch 12, 65.1%	 loss: 2.878 acc@1: 33.91 mrr: 50.15, ndcg: 56.05, took: 3.15s
Epoch 12, 74.4%	 loss: 2.780 acc@1: 36.56 mrr: 52.07, ndcg: 57.31, took: 3.32s
Epoch 12, 83.7%	 loss: 2.909 acc@1: 32.97 mrr: 49.95, ndcg: 54.97, took: 3.31s
Epoch 12, 93.0%	 loss: 2.852 acc@1: 36.41 mrr: 51.75, ndcg: 56.79, took: 3.27s
Validation - loss: 4.6467, acc@1: 34.62%, f1: 22.26%, mrr: 47.94%, ndcg: 52.41%
Current learning rate: 0.000171

=== Epoch 13 ===
Epoch 13, 9.3%	 loss: 2.838 acc@1: 33.59 mrr: 50.35, ndcg: 56.15, took: 2.48s
Epoch 13, 18.6%	 loss: 2.834 acc@1: 36.09 mrr: 51.72, ndcg: 56.95, took: 2.70s
Epoch 13, 27.9%	 loss: 2.814 acc@1: 34.84 mrr: 50.96, ndcg: 56.58, took: 2.82s
Epoch 13, 37.2%	 loss: 2.692 acc@1: 36.88 mrr: 53.42, ndcg: 59.39, took: 3.19s
Epoch 13, 46.5%	 loss: 2.784 acc@1: 37.66 mrr: 52.72, ndcg: 57.96, took: 3.15s
Epoch 13, 55.8%	 loss: 2.918 acc@1: 33.91 mrr: 49.72, ndcg: 55.27, took: 3.38s
Epoch 13, 65.1%	 loss: 2.751 acc@1: 36.25 mrr: 52.29, ndcg: 57.93, took: 3.17s
Epoch 13, 74.4%	 loss: 2.769 acc@1: 36.88 mrr: 52.13, ndcg: 57.36, took: 3.15s
Epoch 13, 83.7%	 loss: 2.916 acc@1: 31.09 mrr: 48.61, ndcg: 54.61, took: 3.17s
Epoch 13, 93.0%	 loss: 2.780 acc@1: 36.88 mrr: 52.41, ndcg: 57.72, took: 3.02s
Validation - loss: 4.6604, acc@1: 34.86%, f1: 22.35%, mrr: 48.07%, ndcg: 52.52%
Current learning rate: 0.000171

=== Epoch 14 ===
Epoch 14, 9.3%	 loss: 2.831 acc@1: 34.69 mrr: 50.46, ndcg: 55.98, took: 2.45s
Epoch 14, 18.6%	 loss: 2.948 acc@1: 33.12 mrr: 48.93, ndcg: 54.48, took: 2.55s
Epoch 14, 27.9%	 loss: 2.669 acc@1: 35.47 mrr: 52.84, ndcg: 58.61, took: 2.89s
Epoch 14, 37.2%	 loss: 2.569 acc@1: 37.03 mrr: 54.40, ndcg: 60.30, took: 3.13s
Epoch 14, 46.5%	 loss: 2.780 acc@1: 33.91 mrr: 51.09, ndcg: 56.97, took: 2.98s
Epoch 14, 55.8%	 loss: 2.879 acc@1: 36.41 mrr: 51.10, ndcg: 56.02, took: 2.83s
Epoch 14, 65.1%	 loss: 2.721 acc@1: 37.34 mrr: 53.13, ndcg: 58.30, took: 2.86s
Epoch 14, 74.4%	 loss: 2.749 acc@1: 35.31 mrr: 51.67, ndcg: 57.71, took: 2.92s
Epoch 14, 83.7%	 loss: 2.787 acc@1: 36.25 mrr: 51.83, ndcg: 57.10, took: 2.99s
Epoch 14, 93.0%	 loss: 2.713 acc@1: 35.62 mrr: 52.25, ndcg: 57.99, took: 2.97s
Validation - loss: 4.6712, acc@1: 35.42%, f1: 22.43%, mrr: 48.39%, ndcg: 52.66%
Current learning rate: 0.000017

=== Epoch 15 ===
Epoch 15, 9.3%	 loss: 2.923 acc@1: 34.38 mrr: 50.61, ndcg: 56.42, took: 2.68s
Epoch 15, 18.6%	 loss: 2.952 acc@1: 34.38 mrr: 50.10, ndcg: 55.76, took: 2.78s
Epoch 15, 27.9%	 loss: 2.921 acc@1: 35.31 mrr: 50.58, ndcg: 56.04, took: 3.25s
Epoch 15, 37.2%	 loss: 3.004 acc@1: 32.50 mrr: 49.28, ndcg: 54.90, took: 2.95s
Epoch 15, 46.5%	 loss: 2.933 acc@1: 33.28 mrr: 49.67, ndcg: 55.87, took: 2.84s
Epoch 15, 55.8%	 loss: 3.007 acc@1: 35.00 mrr: 50.41, ndcg: 55.57, took: 2.83s
Epoch 15, 65.1%	 loss: 2.971 acc@1: 34.06 mrr: 50.16, ndcg: 55.30, took: 2.94s
Epoch 15, 74.4%	 loss: 3.070 acc@1: 32.03 mrr: 48.38, ndcg: 53.95, took: 3.08s
Epoch 15, 83.7%	 loss: 2.890 acc@1: 34.22 mrr: 50.66, ndcg: 56.17, took: 3.09s
Epoch 15, 93.0%	 loss: 2.987 acc@1: 34.22 mrr: 50.14, ndcg: 55.57, took: 2.79s
Validation - loss: 4.5836, acc@1: 34.76%, f1: 22.85%, mrr: 48.15%, ndcg: 52.47%
Current learning rate: 0.000017

=== Epoch 16 ===
Epoch 16, 9.3%	 loss: 2.877 acc@1: 35.47 mrr: 51.46, ndcg: 56.85, took: 2.63s
Epoch 16, 18.6%	 loss: 2.960 acc@1: 33.91 mrr: 49.82, ndcg: 54.91, took: 2.89s
Epoch 16, 27.9%	 loss: 3.061 acc@1: 33.59 mrr: 48.89, ndcg: 54.39, took: 2.97s
Epoch 16, 37.2%	 loss: 3.011 acc@1: 32.66 mrr: 48.98, ndcg: 54.63, took: 2.96s
Epoch 16, 46.5%	 loss: 2.933 acc@1: 34.53 mrr: 50.27, ndcg: 55.76, took: 3.18s
Epoch 16, 55.8%	 loss: 2.930 acc@1: 35.31 mrr: 51.14, ndcg: 56.77, took: 3.38s
Epoch 16, 65.1%	 loss: 2.949 acc@1: 37.03 mrr: 51.59, ndcg: 56.48, took: 3.33s
Epoch 16, 74.4%	 loss: 2.874 acc@1: 35.31 mrr: 50.99, ndcg: 56.40, took: 3.06s
Epoch 16, 83.7%	 loss: 2.909 acc@1: 35.00 mrr: 51.28, ndcg: 56.54, took: 2.99s
Epoch 16, 93.0%	 loss: 2.872 acc@1: 34.53 mrr: 51.32, ndcg: 56.65, took: 2.75s
Validation - loss: 4.5960, acc@1: 35.03%, f1: 23.28%, mrr: 48.17%, ndcg: 52.50%
Current learning rate: 0.000017

=== Epoch 17 ===
Epoch 17, 9.3%	 loss: 3.009 acc@1: 35.31 mrr: 50.25, ndcg: 55.47, took: 2.54s
Epoch 17, 18.6%	 loss: 2.735 acc@1: 36.09 mrr: 52.39, ndcg: 57.99, took: 2.74s
Epoch 17, 27.9%	 loss: 2.936 acc@1: 34.84 mrr: 50.25, ndcg: 55.36, took: 2.80s
Epoch 17, 37.2%	 loss: 2.899 acc@1: 34.06 mrr: 50.60, ndcg: 56.22, took: 2.73s
Epoch 17, 46.5%	 loss: 3.038 acc@1: 35.78 mrr: 49.89, ndcg: 54.96, took: 2.70s
Epoch 17, 55.8%	 loss: 2.826 acc@1: 37.50 mrr: 52.74, ndcg: 58.26, took: 2.53s
Epoch 17, 65.1%	 loss: 3.060 acc@1: 34.84 mrr: 49.19, ndcg: 54.14, took: 2.22s
Epoch 17, 74.4%	 loss: 2.899 acc@1: 34.69 mrr: 50.75, ndcg: 56.43, took: 2.21s
Epoch 17, 83.7%	 loss: 2.869 acc@1: 35.94 mrr: 51.83, ndcg: 56.94, took: 2.55s
Epoch 17, 93.0%	 loss: 2.797 acc@1: 38.75 mrr: 53.94, ndcg: 58.97, took: 2.43s
Validation - loss: 4.5938, acc@1: 34.58%, f1: 22.63%, mrr: 47.97%, ndcg: 52.36%
Current learning rate: 0.000017

=== Epoch 18 ===
Epoch 18, 9.3%	 loss: 2.860 acc@1: 35.47 mrr: 51.32, ndcg: 56.57, took: 3.12s
Epoch 18, 18.6%	 loss: 3.022 acc@1: 31.88 mrr: 48.21, ndcg: 53.61, took: 3.10s
Epoch 18, 27.9%	 loss: 2.825 acc@1: 32.50 mrr: 50.62, ndcg: 56.58, took: 2.91s
Epoch 18, 37.2%	 loss: 2.890 acc@1: 34.38 mrr: 50.66, ndcg: 56.45, took: 2.71s
Epoch 18, 46.5%	 loss: 2.825 acc@1: 37.34 mrr: 53.09, ndcg: 58.48, took: 2.67s
Epoch 18, 55.8%	 loss: 2.833 acc@1: 34.84 mrr: 52.03, ndcg: 57.70, took: 2.88s
Epoch 18, 65.1%	 loss: 2.972 acc@1: 35.78 mrr: 50.70, ndcg: 55.50, took: 2.88s
Epoch 18, 74.4%	 loss: 2.873 acc@1: 37.03 mrr: 51.69, ndcg: 56.46, took: 2.56s
Epoch 18, 83.7%	 loss: 2.969 acc@1: 34.84 mrr: 50.09, ndcg: 55.45, took: 2.40s
Epoch 18, 93.0%	 loss: 2.956 acc@1: 32.03 mrr: 48.92, ndcg: 54.51, took: 2.64s
Validation - loss: 4.6055, acc@1: 34.76%, f1: 22.61%, mrr: 48.05%, ndcg: 52.40%
Current learning rate: 0.000017

=== Epoch 19 ===
Epoch 19, 9.3%	 loss: 2.921 acc@1: 32.34 mrr: 49.20, ndcg: 54.87, took: 2.45s
Epoch 19, 18.6%	 loss: 2.987 acc@1: 35.00 mrr: 50.21, ndcg: 55.60, took: 2.19s
Epoch 19, 27.9%	 loss: 2.904 acc@1: 33.91 mrr: 50.29, ndcg: 55.71, took: 2.17s
Epoch 19, 37.2%	 loss: 2.764 acc@1: 35.78 mrr: 52.53, ndcg: 58.01, took: 2.41s
Epoch 19, 46.5%	 loss: 3.006 acc@1: 34.38 mrr: 49.66, ndcg: 54.47, took: 2.16s
Epoch 19, 55.8%	 loss: 2.947 acc@1: 35.31 mrr: 50.76, ndcg: 55.70, took: 1.94s
Epoch 19, 65.1%	 loss: 2.870 acc@1: 34.22 mrr: 50.99, ndcg: 56.48, took: 2.19s
Epoch 19, 74.4%	 loss: 2.801 acc@1: 37.66 mrr: 53.01, ndcg: 58.12, took: 2.55s
Epoch 19, 83.7%	 loss: 2.964 acc@1: 33.59 mrr: 49.42, ndcg: 54.94, took: 2.32s
Epoch 19, 93.0%	 loss: 2.858 acc@1: 34.22 mrr: 51.28, ndcg: 57.30, took: 2.25s
Validation - loss: 4.6092, acc@1: 34.30%, f1: 22.51%, mrr: 47.85%, ndcg: 52.34%
Training finished.	 Time: 727.05s.	 acc@1: 34.79%

=== Test Results ===
Test Results:
  acc@1: 31.90%
  acc@5: 54.77%
  acc@10: 58.43%
  mrr: 43.22%
  ndcg: 46.79%
  f1: 20.63%

=== Training Complete ===
