Training MHSA model
Dataset: geolife
Config: /data/next_loc_clean_v2/config/ht_optuna/optuna_MHSA_geolife_prev14_t10_20251231_161245_4b252973.yaml
Device: cuda
Seed: 42
==================================================
Data loaders: train=215, val=90, test=96
Total trainable parameters: 166105

=== Epoch 1 ===
Epoch 1, 9.3%	 loss: 7.024 acc@1: 0.31 mrr: 1.02, ndcg: 0.73, took: 2.42s
Epoch 1, 18.6%	 loss: 7.040 acc@1: 0.00 mrr: 0.67, ndcg: 0.46, took: 1.26s
Epoch 1, 27.9%	 loss: 7.015 acc@1: 0.00 mrr: 0.68, ndcg: 0.34, took: 1.44s
Epoch 1, 37.2%	 loss: 6.989 acc@1: 0.78 mrr: 1.76, ndcg: 1.67, took: 1.61s
Epoch 1, 46.5%	 loss: 6.966 acc@1: 1.25 mrr: 2.41, ndcg: 2.19, took: 1.64s
Epoch 1, 55.8%	 loss: 6.940 acc@1: 1.56 mrr: 3.20, ndcg: 3.18, took: 1.71s
Epoch 1, 65.1%	 loss: 6.863 acc@1: 4.22 mrr: 7.40, ndcg: 7.88, took: 1.78s
Epoch 1, 74.4%	 loss: 6.714 acc@1: 13.28 mrr: 18.25, ndcg: 20.11, took: 1.75s
Epoch 1, 83.7%	 loss: 6.514 acc@1: 17.97 mrr: 24.97, ndcg: 27.01, took: 1.87s
Epoch 1, 93.0%	 loss: 6.303 acc@1: 16.88 mrr: 26.72, ndcg: 30.35, took: 1.87s
Validation - loss: 5.8362, acc@1: 15.77%, f1: 6.22%, mrr: 24.47%, ndcg: 27.60%
Current learning rate: 0.001000

=== Epoch 2 ===
Epoch 2, 9.3%	 loss: 5.886 acc@1: 16.56 mrr: 27.51, ndcg: 31.84, took: 1.24s
Epoch 2, 18.6%	 loss: 5.578 acc@1: 18.44 mrr: 30.32, ndcg: 35.12, took: 1.26s
Epoch 2, 27.9%	 loss: 5.274 acc@1: 22.03 mrr: 33.17, ndcg: 38.00, took: 1.48s
Epoch 2, 37.2%	 loss: 5.150 acc@1: 23.44 mrr: 33.37, ndcg: 38.14, took: 1.44s
Epoch 2, 46.5%	 loss: 5.021 acc@1: 23.59 mrr: 33.86, ndcg: 37.74, took: 1.68s
Epoch 2, 55.8%	 loss: 4.828 acc@1: 25.94 mrr: 35.64, ndcg: 39.73, took: 1.70s
Epoch 2, 65.1%	 loss: 4.532 acc@1: 27.66 mrr: 38.23, ndcg: 42.73, took: 1.85s
Epoch 2, 74.4%	 loss: 4.670 acc@1: 23.75 mrr: 34.61, ndcg: 39.43, took: 1.80s
Epoch 2, 83.7%	 loss: 4.261 acc@1: 25.47 mrr: 38.45, ndcg: 43.44, took: 1.74s
Epoch 2, 93.0%	 loss: 4.390 acc@1: 25.16 mrr: 37.66, ndcg: 42.27, took: 1.81s
Validation - loss: 4.6940, acc@1: 24.09%, f1: 14.84%, mrr: 36.17%, ndcg: 41.55%
Current learning rate: 0.002000

=== Epoch 3 ===
Epoch 3, 9.3%	 loss: 4.032 acc@1: 31.88 mrr: 43.32, ndcg: 47.60, took: 1.51s
Epoch 3, 18.6%	 loss: 3.823 acc@1: 30.47 mrr: 44.11, ndcg: 49.10, took: 1.32s
Epoch 3, 27.9%	 loss: 3.741 acc@1: 32.81 mrr: 45.40, ndcg: 50.04, took: 1.31s
Epoch 3, 37.2%	 loss: 3.874 acc@1: 28.75 mrr: 42.44, ndcg: 47.26, took: 1.58s
Epoch 3, 46.5%	 loss: 3.984 acc@1: 30.78 mrr: 42.88, ndcg: 47.06, took: 1.60s
Epoch 3, 55.8%	 loss: 3.651 acc@1: 37.34 mrr: 49.43, ndcg: 53.73, took: 1.73s
Epoch 3, 65.1%	 loss: 3.714 acc@1: 31.56 mrr: 45.57, ndcg: 50.32, took: 1.63s
Epoch 3, 74.4%	 loss: 3.659 acc@1: 31.88 mrr: 46.31, ndcg: 51.32, took: 1.71s
Epoch 3, 83.7%	 loss: 3.508 acc@1: 35.31 mrr: 49.20, ndcg: 53.57, took: 1.62s
Epoch 3, 93.0%	 loss: 3.435 acc@1: 35.78 mrr: 49.87, ndcg: 54.58, took: 1.70s
Validation - loss: 4.2948, acc@1: 34.86%, f1: 20.94%, mrr: 47.62%, ndcg: 51.77%
Current learning rate: 0.001958

=== Epoch 4 ===
Epoch 4, 9.3%	 loss: 3.505 acc@1: 32.19 mrr: 46.61, ndcg: 51.26, took: 1.43s
Epoch 4, 18.6%	 loss: 3.183 acc@1: 35.94 mrr: 51.20, ndcg: 56.17, took: 1.45s
Epoch 4, 27.9%	 loss: 3.241 acc@1: 36.88 mrr: 50.44, ndcg: 54.79, took: 1.32s
Epoch 4, 37.2%	 loss: 3.218 acc@1: 38.12 mrr: 51.32, ndcg: 55.83, took: 1.25s
Epoch 4, 46.5%	 loss: 3.421 acc@1: 34.53 mrr: 48.15, ndcg: 53.14, took: 1.78s
Epoch 4, 55.8%	 loss: 3.150 acc@1: 37.34 mrr: 51.97, ndcg: 56.88, took: 1.88s
Epoch 4, 65.1%	 loss: 3.184 acc@1: 36.72 mrr: 51.40, ndcg: 56.44, took: 1.93s
Epoch 4, 74.4%	 loss: 3.335 acc@1: 40.00 mrr: 52.00, ndcg: 56.07, took: 1.97s
Epoch 4, 83.7%	 loss: 3.186 acc@1: 37.97 mrr: 52.11, ndcg: 56.66, took: 1.89s
Epoch 4, 93.0%	 loss: 3.145 acc@1: 37.03 mrr: 51.51, ndcg: 56.41, took: 1.88s
Validation - loss: 4.4258, acc@1: 39.06%, f1: 26.42%, mrr: 50.19%, ndcg: 53.93%
Current learning rate: 0.001917

=== Epoch 5 ===
Epoch 5, 9.3%	 loss: 2.845 acc@1: 43.75 mrr: 56.23, ndcg: 60.41, took: 1.62s
Epoch 5, 18.6%	 loss: 2.899 acc@1: 39.84 mrr: 53.80, ndcg: 58.69, took: 1.48s
Epoch 5, 27.9%	 loss: 2.968 acc@1: 37.81 mrr: 52.55, ndcg: 57.18, took: 1.30s
Epoch 5, 37.2%	 loss: 3.153 acc@1: 38.91 mrr: 51.40, ndcg: 55.40, took: 1.34s
Epoch 5, 46.5%	 loss: 3.027 acc@1: 36.09 mrr: 51.37, ndcg: 56.37, took: 1.56s
Epoch 5, 55.8%	 loss: 3.127 acc@1: 34.69 mrr: 50.31, ndcg: 55.10, took: 1.72s
Epoch 5, 65.1%	 loss: 3.157 acc@1: 37.34 mrr: 51.28, ndcg: 55.98, took: 1.64s
Epoch 5, 74.4%	 loss: 2.972 acc@1: 39.38 mrr: 53.03, ndcg: 57.60, took: 1.64s
Epoch 5, 83.7%	 loss: 2.998 acc@1: 38.75 mrr: 52.79, ndcg: 57.81, took: 1.62s
Epoch 5, 93.0%	 loss: 3.066 acc@1: 39.06 mrr: 52.07, ndcg: 56.89, took: 1.60s
Validation - loss: 4.4375, acc@1: 37.73%, f1: 26.38%, mrr: 49.79%, ndcg: 53.74%
Current learning rate: 0.001875

=== Epoch 6 ===
Epoch 6, 9.3%	 loss: 2.654 acc@1: 45.00 mrr: 57.85, ndcg: 62.44, took: 1.18s
Epoch 6, 18.6%	 loss: 2.659 acc@1: 42.50 mrr: 56.81, ndcg: 62.04, took: 1.31s
Epoch 6, 27.9%	 loss: 2.709 acc@1: 41.72 mrr: 55.54, ndcg: 60.23, took: 1.34s
Epoch 6, 37.2%	 loss: 2.801 acc@1: 41.25 mrr: 54.80, ndcg: 59.21, took: 1.41s
Epoch 6, 46.5%	 loss: 2.936 acc@1: 39.06 mrr: 52.98, ndcg: 57.59, took: 1.42s
Epoch 6, 55.8%	 loss: 3.058 acc@1: 39.69 mrr: 51.95, ndcg: 55.55, took: 1.40s
Epoch 6, 65.1%	 loss: 2.901 acc@1: 40.16 mrr: 53.29, ndcg: 57.77, took: 1.51s
Epoch 6, 74.4%	 loss: 2.823 acc@1: 38.91 mrr: 53.11, ndcg: 57.68, took: 1.43s
Epoch 6, 83.7%	 loss: 2.933 acc@1: 40.47 mrr: 53.37, ndcg: 57.94, took: 1.54s
Epoch 6, 93.0%	 loss: 2.855 acc@1: 39.22 mrr: 53.43, ndcg: 58.49, took: 1.55s
Validation - loss: 4.4742, acc@1: 43.01%, f1: 32.97%, mrr: 52.36%, ndcg: 55.64%
Current learning rate: 0.001833

=== Epoch 7 ===
Epoch 7, 9.3%	 loss: 2.555 acc@1: 45.16 mrr: 57.85, ndcg: 62.04, took: 1.50s
Epoch 7, 18.6%	 loss: 2.659 acc@1: 43.44 mrr: 55.92, ndcg: 60.18, took: 1.28s
Epoch 7, 27.9%	 loss: 2.786 acc@1: 39.06 mrr: 53.44, ndcg: 58.80, took: 1.38s
Epoch 7, 37.2%	 loss: 2.568 acc@1: 45.94 mrr: 58.56, ndcg: 62.69, took: 1.53s
Epoch 7, 46.5%	 loss: 2.685 acc@1: 42.03 mrr: 55.45, ndcg: 60.44, took: 1.47s
Epoch 7, 55.8%	 loss: 2.710 acc@1: 43.28 mrr: 55.54, ndcg: 59.91, took: 1.56s
Epoch 7, 65.1%	 loss: 2.718 acc@1: 44.38 mrr: 56.50, ndcg: 60.63, took: 1.44s
Epoch 7, 74.4%	 loss: 2.653 acc@1: 40.78 mrr: 54.55, ndcg: 59.20, took: 1.53s
Epoch 7, 83.7%	 loss: 2.610 acc@1: 45.78 mrr: 57.78, ndcg: 61.55, took: 1.54s
Epoch 7, 93.0%	 loss: 2.663 acc@1: 44.53 mrr: 56.98, ndcg: 61.45, took: 1.60s
Validation - loss: 4.5484, acc@1: 40.80%, f1: 32.86%, mrr: 51.10%, ndcg: 54.69%
Current learning rate: 0.001792

=== Epoch 8 ===
Epoch 8, 9.3%	 loss: 2.641 acc@1: 44.06 mrr: 56.13, ndcg: 60.44, took: 1.48s
Epoch 8, 18.6%	 loss: 2.439 acc@1: 47.81 mrr: 59.68, ndcg: 63.71, took: 1.27s
Epoch 8, 27.9%	 loss: 2.545 acc@1: 45.00 mrr: 57.35, ndcg: 61.67, took: 1.33s
Epoch 8, 37.2%	 loss: 2.547 acc@1: 43.28 mrr: 56.97, ndcg: 61.93, took: 1.24s
Epoch 8, 46.5%	 loss: 2.419 acc@1: 44.84 mrr: 58.25, ndcg: 63.07, took: 1.39s
Epoch 8, 55.8%	 loss: 2.490 acc@1: 45.47 mrr: 58.22, ndcg: 62.43, took: 1.31s
Epoch 8, 65.1%	 loss: 2.665 acc@1: 43.91 mrr: 56.37, ndcg: 60.85, took: 1.43s
Epoch 8, 74.4%	 loss: 2.457 acc@1: 44.06 mrr: 58.25, ndcg: 63.41, took: 1.38s
Epoch 8, 83.7%	 loss: 2.535 acc@1: 47.81 mrr: 58.75, ndcg: 62.49, took: 1.40s
Epoch 8, 93.0%	 loss: 2.718 acc@1: 42.97 mrr: 54.77, ndcg: 58.69, took: 1.52s
Validation - loss: 4.6169, acc@1: 42.83%, f1: 34.37%, mrr: 52.15%, ndcg: 55.44%
Current learning rate: 0.000175

=== Epoch 9 ===
Epoch 9, 9.3%	 loss: 3.205 acc@1: 34.84 mrr: 50.15, ndcg: 54.77, took: 1.33s
Epoch 9, 18.6%	 loss: 3.319 acc@1: 32.81 mrr: 48.35, ndcg: 53.42, took: 1.41s
Epoch 9, 27.9%	 loss: 3.231 acc@1: 38.12 mrr: 51.66, ndcg: 55.88, took: 1.44s
Epoch 9, 37.2%	 loss: 3.287 acc@1: 35.00 mrr: 49.56, ndcg: 54.00, took: 1.37s
Epoch 9, 46.5%	 loss: 3.220 acc@1: 37.97 mrr: 51.65, ndcg: 55.97, took: 1.29s
Epoch 9, 55.8%	 loss: 3.332 acc@1: 34.53 mrr: 49.14, ndcg: 53.89, took: 1.24s
Epoch 9, 65.1%	 loss: 3.398 acc@1: 35.62 mrr: 49.51, ndcg: 53.92, took: 1.34s
Epoch 9, 74.4%	 loss: 3.366 acc@1: 35.78 mrr: 49.49, ndcg: 54.02, took: 1.30s
Epoch 9, 83.7%	 loss: 3.290 acc@1: 37.03 mrr: 50.34, ndcg: 54.63, took: 1.44s
Epoch 9, 93.0%	 loss: 3.177 acc@1: 37.19 mrr: 51.52, ndcg: 55.95, took: 1.55s
Validation - loss: 4.3507, acc@1: 37.31%, f1: 24.09%, mrr: 48.77%, ndcg: 52.52%
Current learning rate: 0.000175

=== Epoch 10 ===
Epoch 10, 9.3%	 loss: 3.152 acc@1: 34.38 mrr: 50.10, ndcg: 54.75, took: 1.50s
Epoch 10, 18.6%	 loss: 3.321 acc@1: 36.41 mrr: 49.80, ndcg: 54.07, took: 1.45s
Epoch 10, 27.9%	 loss: 3.245 acc@1: 35.47 mrr: 49.93, ndcg: 54.63, took: 1.50s
Epoch 10, 37.2%	 loss: 3.253 acc@1: 36.56 mrr: 50.16, ndcg: 54.53, took: 1.49s
Epoch 10, 46.5%	 loss: 3.356 acc@1: 35.00 mrr: 48.87, ndcg: 53.29, took: 1.52s
Epoch 10, 55.8%	 loss: 3.162 acc@1: 38.59 mrr: 51.92, ndcg: 56.50, took: 1.34s
Epoch 10, 65.1%	 loss: 3.127 acc@1: 39.38 mrr: 52.38, ndcg: 56.65, took: 1.33s
Epoch 10, 74.4%	 loss: 3.057 acc@1: 39.38 mrr: 53.87, ndcg: 58.37, took: 1.26s
Epoch 10, 83.7%	 loss: 3.219 acc@1: 34.69 mrr: 49.56, ndcg: 54.21, took: 1.25s
Epoch 10, 93.0%	 loss: 3.210 acc@1: 38.12 mrr: 51.44, ndcg: 55.78, took: 1.43s
Validation - loss: 4.3616, acc@1: 37.69%, f1: 24.18%, mrr: 49.20%, ndcg: 52.93%
Current learning rate: 0.000175

=== Epoch 11 ===
Epoch 11, 9.3%	 loss: 3.098 acc@1: 35.47 mrr: 51.43, ndcg: 56.43, took: 1.62s
Epoch 11, 18.6%	 loss: 3.220 acc@1: 36.09 mrr: 50.32, ndcg: 54.62, took: 1.49s
Epoch 11, 27.9%	 loss: 3.268 acc@1: 36.25 mrr: 49.67, ndcg: 53.97, took: 1.46s
Epoch 11, 37.2%	 loss: 3.188 acc@1: 37.66 mrr: 51.59, ndcg: 56.06, took: 1.47s
Epoch 11, 46.5%	 loss: 3.118 acc@1: 39.69 mrr: 52.81, ndcg: 56.90, took: 1.46s
Epoch 11, 55.8%	 loss: 3.326 acc@1: 35.16 mrr: 48.85, ndcg: 53.30, took: 1.45s
Epoch 11, 65.1%	 loss: 2.975 acc@1: 38.91 mrr: 53.78, ndcg: 58.52, took: 1.50s
Epoch 11, 74.4%	 loss: 3.234 acc@1: 38.59 mrr: 51.23, ndcg: 55.20, took: 1.41s
Epoch 11, 83.7%	 loss: 3.118 acc@1: 36.88 mrr: 51.68, ndcg: 56.49, took: 1.28s
Epoch 11, 93.0%	 loss: 3.117 acc@1: 39.84 mrr: 52.68, ndcg: 57.07, took: 1.19s
Validation - loss: 4.3663, acc@1: 38.22%, f1: 24.64%, mrr: 49.48%, ndcg: 53.26%
Current learning rate: 0.000175

=== Epoch 12 ===
Epoch 12, 9.3%	 loss: 3.085 acc@1: 38.44 mrr: 52.43, ndcg: 56.73, took: 1.50s
Epoch 12, 18.6%	 loss: 3.015 acc@1: 38.59 mrr: 53.42, ndcg: 58.13, took: 1.51s
Epoch 12, 27.9%	 loss: 3.213 acc@1: 38.59 mrr: 51.74, ndcg: 55.98, took: 1.50s
Epoch 12, 37.2%	 loss: 3.012 acc@1: 38.59 mrr: 53.17, ndcg: 57.76, took: 1.48s
Epoch 12, 46.5%	 loss: 3.316 acc@1: 37.66 mrr: 50.02, ndcg: 54.05, took: 1.46s
Epoch 12, 55.8%	 loss: 3.447 acc@1: 31.09 mrr: 45.91, ndcg: 50.61, took: 1.46s
Epoch 12, 65.1%	 loss: 3.134 acc@1: 38.12 mrr: 51.67, ndcg: 56.16, took: 1.45s
Epoch 12, 74.4%	 loss: 3.071 acc@1: 39.22 mrr: 52.69, ndcg: 57.04, took: 1.48s
Epoch 12, 83.7%	 loss: 3.075 acc@1: 37.66 mrr: 52.06, ndcg: 56.66, took: 1.48s
Epoch 12, 93.0%	 loss: 2.882 acc@1: 42.50 mrr: 55.67, ndcg: 59.67, took: 1.39s
Validation - loss: 4.3932, acc@1: 38.11%, f1: 25.12%, mrr: 49.36%, ndcg: 53.23%
Current learning rate: 0.000175

=== Epoch 13 ===
Epoch 13, 9.3%	 loss: 3.130 acc@1: 37.81 mrr: 51.79, ndcg: 56.27, took: 1.52s
Epoch 13, 18.6%	 loss: 3.097 acc@1: 39.69 mrr: 52.71, ndcg: 57.14, took: 1.49s
Epoch 13, 27.9%	 loss: 3.249 acc@1: 34.22 mrr: 48.38, ndcg: 53.40, took: 1.49s
Epoch 13, 37.2%	 loss: 3.102 acc@1: 39.38 mrr: 52.75, ndcg: 56.98, took: 1.57s
Epoch 13, 46.5%	 loss: 3.217 acc@1: 36.56 mrr: 50.79, ndcg: 55.26, took: 1.48s
Epoch 13, 55.8%	 loss: 2.884 acc@1: 42.19 mrr: 55.73, ndcg: 60.07, took: 1.44s
Epoch 13, 65.1%	 loss: 2.994 acc@1: 39.69 mrr: 53.46, ndcg: 58.00, took: 1.51s
Epoch 13, 74.4%	 loss: 2.987 acc@1: 40.78 mrr: 53.98, ndcg: 58.72, took: 1.49s
Epoch 13, 83.7%	 loss: 3.009 acc@1: 42.34 mrr: 54.85, ndcg: 58.73, took: 1.40s
Epoch 13, 93.0%	 loss: 3.247 acc@1: 36.72 mrr: 50.25, ndcg: 54.68, took: 1.34s
Validation - loss: 4.4120, acc@1: 38.43%, f1: 25.37%, mrr: 49.61%, ndcg: 53.44%
Current learning rate: 0.000018

=== Epoch 14 ===
Epoch 14, 9.3%	 loss: 3.271 acc@1: 35.31 mrr: 50.13, ndcg: 55.04, took: 1.31s
Epoch 14, 18.6%	 loss: 3.243 acc@1: 37.97 mrr: 51.59, ndcg: 56.09, took: 1.43s
Epoch 14, 27.9%	 loss: 3.285 acc@1: 36.09 mrr: 50.24, ndcg: 54.73, took: 1.53s
Epoch 14, 37.2%	 loss: 3.366 acc@1: 33.28 mrr: 48.64, ndcg: 53.28, took: 1.48s
Epoch 14, 46.5%	 loss: 3.262 acc@1: 36.41 mrr: 50.79, ndcg: 55.14, took: 1.51s
Epoch 14, 55.8%	 loss: 3.397 acc@1: 34.22 mrr: 48.37, ndcg: 53.22, took: 1.44s
Epoch 14, 65.1%	 loss: 3.466 acc@1: 32.19 mrr: 47.27, ndcg: 52.04, took: 1.47s
Epoch 14, 74.4%	 loss: 3.210 acc@1: 39.06 mrr: 52.22, ndcg: 56.91, took: 1.45s
Epoch 14, 83.7%	 loss: 3.479 acc@1: 34.38 mrr: 47.90, ndcg: 52.12, took: 1.35s
Epoch 14, 93.0%	 loss: 3.153 acc@1: 37.34 mrr: 51.93, ndcg: 56.77, took: 1.32s
Validation - loss: 4.3263, acc@1: 35.17%, f1: 21.42%, mrr: 47.55%, ndcg: 51.65%
Current learning rate: 0.000018

=== Epoch 15 ===
Epoch 15, 9.3%	 loss: 3.183 acc@1: 38.44 mrr: 52.29, ndcg: 56.65, took: 1.34s
Epoch 15, 18.6%	 loss: 3.406 acc@1: 33.59 mrr: 47.75, ndcg: 52.56, took: 1.31s
Epoch 15, 27.9%	 loss: 3.269 acc@1: 34.22 mrr: 48.97, ndcg: 53.72, took: 1.24s
Epoch 15, 37.2%	 loss: 3.397 acc@1: 35.47 mrr: 49.21, ndcg: 53.49, took: 1.38s
Epoch 15, 46.5%	 loss: 3.336 acc@1: 34.38 mrr: 48.64, ndcg: 53.03, took: 1.45s
Epoch 15, 55.8%	 loss: 3.249 acc@1: 35.62 mrr: 50.54, ndcg: 55.07, took: 1.49s
Epoch 15, 65.1%	 loss: 3.191 acc@1: 37.66 mrr: 51.47, ndcg: 56.06, took: 1.42s
Epoch 15, 74.4%	 loss: 3.377 acc@1: 34.69 mrr: 48.68, ndcg: 53.17, took: 1.40s
Epoch 15, 83.7%	 loss: 3.216 acc@1: 40.00 mrr: 52.74, ndcg: 57.09, took: 1.31s
Epoch 15, 93.0%	 loss: 3.296 acc@1: 36.41 mrr: 50.07, ndcg: 54.39, took: 1.34s
Validation - loss: 4.3573, acc@1: 36.12%, f1: 23.27%, mrr: 47.97%, ndcg: 51.99%
Current learning rate: 0.000018

=== Epoch 16 ===
Epoch 16, 9.3%	 loss: 3.265 acc@1: 36.25 mrr: 50.27, ndcg: 54.58, took: 1.51s
Epoch 16, 18.6%	 loss: 3.372 acc@1: 35.94 mrr: 49.15, ndcg: 53.41, took: 1.45s
Epoch 16, 27.9%	 loss: 3.280 acc@1: 37.19 mrr: 50.54, ndcg: 55.31, took: 1.31s
Epoch 16, 37.2%	 loss: 3.087 acc@1: 41.09 mrr: 54.06, ndcg: 58.17, took: 1.31s
Epoch 16, 46.5%	 loss: 3.195 acc@1: 37.50 mrr: 51.91, ndcg: 56.41, took: 1.21s
Epoch 16, 55.8%	 loss: 3.266 acc@1: 37.03 mrr: 51.25, ndcg: 56.18, took: 1.31s
Epoch 16, 65.1%	 loss: 3.352 acc@1: 33.91 mrr: 48.55, ndcg: 53.13, took: 1.40s
Epoch 16, 74.4%	 loss: 3.297 acc@1: 35.16 mrr: 49.81, ndcg: 54.08, took: 1.33s
Epoch 16, 83.7%	 loss: 3.288 acc@1: 34.69 mrr: 49.53, ndcg: 54.37, took: 1.34s
Epoch 16, 93.0%	 loss: 3.344 acc@1: 32.81 mrr: 48.09, ndcg: 52.64, took: 1.45s
Validation - loss: 4.3352, acc@1: 36.68%, f1: 23.80%, mrr: 48.30%, ndcg: 52.17%
Current learning rate: 0.000018

=== Epoch 17 ===
Epoch 17, 9.3%	 loss: 3.329 acc@1: 35.31 mrr: 49.52, ndcg: 54.24, took: 1.51s
Epoch 17, 18.6%	 loss: 3.206 acc@1: 38.28 mrr: 52.01, ndcg: 56.42, took: 1.45s
Epoch 17, 27.9%	 loss: 3.377 acc@1: 34.84 mrr: 48.64, ndcg: 52.67, took: 1.45s
Epoch 17, 37.2%	 loss: 3.308 acc@1: 36.09 mrr: 49.84, ndcg: 54.64, took: 1.34s
Epoch 17, 46.5%	 loss: 3.190 acc@1: 36.25 mrr: 50.92, ndcg: 55.44, took: 1.28s
Epoch 17, 55.8%	 loss: 3.050 acc@1: 40.62 mrr: 54.29, ndcg: 58.92, took: 1.17s
Epoch 17, 65.1%	 loss: 3.222 acc@1: 37.03 mrr: 50.96, ndcg: 55.23, took: 1.22s
Epoch 17, 74.4%	 loss: 3.259 acc@1: 33.12 mrr: 48.73, ndcg: 54.02, took: 1.24s
Epoch 17, 83.7%	 loss: 3.274 acc@1: 34.69 mrr: 49.05, ndcg: 53.59, took: 1.39s
Epoch 17, 93.0%	 loss: 3.512 acc@1: 36.56 mrr: 47.98, ndcg: 51.45, took: 1.42s
Validation - loss: 4.3406, acc@1: 36.89%, f1: 23.99%, mrr: 48.45%, ndcg: 52.29%
Current learning rate: 0.000018

=== Epoch 18 ===
Epoch 18, 9.3%	 loss: 3.251 acc@1: 37.97 mrr: 51.25, ndcg: 55.42, took: 1.60s
Epoch 18, 18.6%	 loss: 3.342 acc@1: 35.94 mrr: 49.61, ndcg: 53.77, took: 1.52s
Epoch 18, 27.9%	 loss: 3.449 acc@1: 32.66 mrr: 47.03, ndcg: 51.59, took: 1.48s
Epoch 18, 37.2%	 loss: 3.233 acc@1: 35.31 mrr: 49.94, ndcg: 54.65, took: 1.51s
Epoch 18, 46.5%	 loss: 3.229 acc@1: 38.12 mrr: 51.68, ndcg: 55.90, took: 1.46s
Epoch 18, 55.8%	 loss: 3.332 acc@1: 37.03 mrr: 50.07, ndcg: 54.53, took: 1.28s
Epoch 18, 65.1%	 loss: 3.274 acc@1: 33.59 mrr: 48.97, ndcg: 53.85, took: 1.30s
Epoch 18, 74.4%	 loss: 3.164 acc@1: 36.41 mrr: 50.63, ndcg: 55.74, took: 1.15s
Epoch 18, 83.7%	 loss: 3.240 acc@1: 35.31 mrr: 50.46, ndcg: 55.07, took: 1.23s
Epoch 18, 93.0%	 loss: 3.188 acc@1: 34.84 mrr: 50.28, ndcg: 54.99, took: 1.40s
Validation - loss: 4.3720, acc@1: 36.43%, f1: 23.50%, mrr: 48.21%, ndcg: 52.14%
Training finished.	 Time: 376.32s.	 acc@1: 34.86%

=== Test Results ===
Test Results:
  acc@1: 29.51%
  acc@5: 54.67%
  acc@10: 58.96%
  mrr: 41.24%
  ndcg: 45.23%
  f1: 17.95%

=== Training Complete ===
