2025-12-30 17:16:18,113 - INFO - ============================================================
2025-12-30 17:16:18,113 - INFO - POINTER V45 - Training Started
2025-12-30 17:16:18,113 - INFO - ============================================================
2025-12-30 17:16:18,113 - INFO - Model config: {'d_model': 64, 'dim_feedforward': 512, 'dropout': 0.15, 'nhead': 2, 'num_layers': 2}
2025-12-30 17:16:18,113 - INFO - Training config: {'batch_size': 128, 'grad_clip': 0.8, 'label_smoothing': 0.03, 'learning_rate': 0.0006, 'min_epochs': 3, 'min_lr': 1e-06, 'num_epochs': 50, 'patience': 5, 'use_amp': True, 'warmup_epochs': 5, 'weight_decay': 0.015}
2025-12-30 17:16:18,113 - INFO - ============================================================
2025-12-30 17:16:18,113 - INFO - Training for 50 epochs
2025-12-30 17:16:18,114 - INFO - Model parameters: 1,188,000
2025-12-30 17:18:22,654 - INFO - Epoch 1/50 | LR: 1.20e-04 | Train: 3.2680 | Val: 3.1841 | Acc@1: 50.57%
2025-12-30 17:18:22,692 - INFO -   ✓ New best (Acc@1: 50.57%)
2025-12-30 17:20:23,467 - INFO - Epoch 2/50 | LR: 2.40e-04 | Train: 3.0565 | Val: 3.1104 | Acc@1: 53.15%
2025-12-30 17:20:23,510 - INFO -   ✓ New best (Acc@1: 53.15%)
2025-12-30 17:22:23,040 - INFO - Epoch 3/50 | LR: 3.60e-04 | Train: 2.9685 | Val: 3.0627 | Acc@1: 54.06%
2025-12-30 17:22:23,083 - INFO -   ✓ New best (Acc@1: 54.06%)
2025-12-30 17:24:19,637 - INFO - Epoch 4/50 | LR: 4.80e-04 | Train: 2.8778 | Val: 2.9894 | Acc@1: 54.34%
2025-12-30 17:24:19,681 - INFO -   ✓ New best (Acc@1: 54.34%)
2025-12-30 17:26:20,960 - INFO - Epoch 5/50 | LR: 6.00e-04 | Train: 2.7772 | Val: 2.9290 | Acc@1: 54.44%
2025-12-30 17:26:21,004 - INFO -   ✓ New best (Acc@1: 54.44%)
2025-12-30 17:28:19,869 - INFO - Epoch 6/50 | LR: 6.00e-04 | Train: 2.6797 | Val: 2.9015 | Acc@1: 54.77%
2025-12-30 17:28:19,911 - INFO -   ✓ New best (Acc@1: 54.77%)
2025-12-30 17:30:11,213 - INFO - Epoch 7/50 | LR: 5.99e-04 | Train: 2.6149 | Val: 2.9030 | Acc@1: 54.24%
2025-12-30 17:32:11,995 - INFO - Epoch 8/50 | LR: 5.97e-04 | Train: 2.5645 | Val: 2.8979 | Acc@1: 54.42%
2025-12-30 17:32:12,040 - INFO -   ✓ New best (Acc@1: 54.42%)
2025-12-30 17:34:13,461 - INFO - Epoch 9/50 | LR: 5.93e-04 | Train: 2.5289 | Val: 2.9070 | Acc@1: 54.40%
2025-12-30 17:36:00,761 - INFO - Epoch 10/50 | LR: 5.88e-04 | Train: 2.4933 | Val: 2.9103 | Acc@1: 54.21%
2025-12-30 17:37:46,552 - INFO - Epoch 11/50 | LR: 5.82e-04 | Train: 2.4675 | Val: 2.9389 | Acc@1: 54.46%
2025-12-30 17:39:27,773 - INFO - Epoch 12/50 | LR: 5.74e-04 | Train: 2.4488 | Val: 2.9482 | Acc@1: 53.86%
2025-12-30 17:41:10,141 - INFO - Epoch 13/50 | LR: 5.65e-04 | Train: 2.4340 | Val: 2.9739 | Acc@1: 54.06%
2025-12-30 17:41:10,142 - INFO - Early stopping at epoch 13
2025-12-30 17:41:10,843 - INFO - Loaded checkpoint from epoch 8
2025-12-30 17:41:32,298 - INFO - ============================================================
2025-12-30 17:41:32,298 - INFO - FINAL VALIDATION RESULTS
2025-12-30 17:41:32,298 - INFO -   Acc@1:  54.42%
2025-12-30 17:41:32,298 - INFO -   Acc@5:  79.90%
2025-12-30 17:41:32,298 - INFO -   Acc@10: 83.72%
2025-12-30 17:41:32,298 - INFO -   MRR:    65.50%
2025-12-30 17:41:32,298 - INFO -   NDCG:   69.83%
2025-12-30 17:41:32,298 - INFO - ============================================================
2025-12-30 17:41:32,298 - INFO - FINAL TEST RESULTS
2025-12-30 17:41:32,298 - INFO -   Acc@1:  54.63%
2025-12-30 17:41:32,298 - INFO -   Acc@5:  80.99%
2025-12-30 17:41:32,298 - INFO -   Acc@10: 84.83%
2025-12-30 17:41:32,299 - INFO -   MRR:    66.21%
2025-12-30 17:41:32,299 - INFO -   NDCG:   70.66%
2025-12-30 17:41:32,299 - INFO - ============================================================
