2025-12-30 17:29:04,107 - INFO - ============================================================
2025-12-30 17:29:04,108 - INFO - POINTER V45 - Training Started
2025-12-30 17:29:04,108 - INFO - ============================================================
2025-12-30 17:29:04,108 - INFO - Model config: {'d_model': 32, 'dim_feedforward': 512, 'dropout': 0.15, 'nhead': 4, 'num_layers': 8}
2025-12-30 17:29:04,108 - INFO - Training config: {'batch_size': 128, 'grad_clip': 0.8, 'label_smoothing': 0.03, 'learning_rate': 0.0007, 'min_epochs': 3, 'min_lr': 1e-06, 'num_epochs': 50, 'patience': 5, 'use_amp': True, 'warmup_epochs': 5, 'weight_decay': 0.015}
2025-12-30 17:29:04,108 - INFO - ============================================================
2025-12-30 17:29:04,108 - INFO - Training for 50 epochs
2025-12-30 17:29:04,109 - INFO - Model parameters: 810,112
2025-12-30 17:31:51,938 - INFO - Epoch 1/50 | LR: 1.40e-04 | Train: 3.3036 | Val: 3.2176 | Acc@1: 48.71%
2025-12-30 17:31:51,995 - INFO -   ✓ New best (Acc@1: 48.71%)
2025-12-30 17:34:31,747 - INFO - Epoch 2/50 | LR: 2.80e-04 | Train: 3.0981 | Val: 3.1360 | Acc@1: 52.29%
2025-12-30 17:34:31,807 - INFO -   ✓ New best (Acc@1: 52.29%)
2025-12-30 17:36:56,030 - INFO - Epoch 3/50 | LR: 4.20e-04 | Train: 3.0168 | Val: 3.0965 | Acc@1: 53.24%
2025-12-30 17:36:56,099 - INFO -   ✓ New best (Acc@1: 53.24%)
2025-12-30 17:39:22,506 - INFO - Epoch 4/50 | LR: 5.60e-04 | Train: 2.9707 | Val: 3.0672 | Acc@1: 53.96%
2025-12-30 17:39:22,576 - INFO -   ✓ New best (Acc@1: 53.96%)
2025-12-30 17:41:44,112 - INFO - Epoch 5/50 | LR: 7.00e-04 | Train: 2.9238 | Val: 3.0346 | Acc@1: 54.01%
2025-12-30 17:41:44,174 - INFO -   ✓ New best (Acc@1: 54.01%)
2025-12-30 17:43:52,822 - INFO - Epoch 6/50 | LR: 7.00e-04 | Train: 2.8631 | Val: 2.9950 | Acc@1: 54.21%
2025-12-30 17:43:52,884 - INFO -   ✓ New best (Acc@1: 54.21%)
2025-12-30 17:45:50,125 - INFO - Epoch 7/50 | LR: 6.99e-04 | Train: 2.8087 | Val: 2.9823 | Acc@1: 54.78%
2025-12-30 17:45:50,190 - INFO -   ✓ New best (Acc@1: 54.78%)
2025-12-30 17:47:26,989 - INFO - Epoch 8/50 | LR: 6.97e-04 | Train: 2.7685 | Val: 2.9737 | Acc@1: 54.63%
2025-12-30 17:47:27,048 - INFO -   ✓ New best (Acc@1: 54.63%)
2025-12-30 17:49:01,823 - INFO - Epoch 9/50 | LR: 6.92e-04 | Train: 2.7312 | Val: 2.9549 | Acc@1: 54.61%
2025-12-30 17:49:01,882 - INFO -   ✓ New best (Acc@1: 54.61%)
2025-12-30 17:50:33,626 - INFO - Epoch 10/50 | LR: 6.86e-04 | Train: 2.7022 | Val: 2.9477 | Acc@1: 54.23%
2025-12-30 17:50:33,688 - INFO -   ✓ New best (Acc@1: 54.23%)
2025-12-30 17:52:07,442 - INFO - Epoch 11/50 | LR: 6.79e-04 | Train: 2.6770 | Val: 2.9490 | Acc@1: 54.36%
2025-12-30 17:53:40,253 - INFO - Epoch 12/50 | LR: 6.70e-04 | Train: 2.6563 | Val: 2.9444 | Acc@1: 54.04%
2025-12-30 17:53:40,311 - INFO -   ✓ New best (Acc@1: 54.04%)
2025-12-30 17:55:13,016 - INFO - Epoch 13/50 | LR: 6.59e-04 | Train: 2.6423 | Val: 2.9674 | Acc@1: 54.00%
2025-12-30 17:56:34,454 - INFO - Epoch 14/50 | LR: 6.47e-04 | Train: 2.6313 | Val: 2.9722 | Acc@1: 54.15%
2025-12-30 17:57:44,975 - INFO - Epoch 15/50 | LR: 6.33e-04 | Train: 2.6239 | Val: 2.9713 | Acc@1: 53.98%
2025-12-30 17:59:03,638 - INFO - Epoch 16/50 | LR: 6.18e-04 | Train: 2.6142 | Val: 2.9781 | Acc@1: 53.97%
2025-12-30 18:00:14,409 - INFO - Epoch 17/50 | LR: 6.02e-04 | Train: 2.6098 | Val: 2.9747 | Acc@1: 54.34%
2025-12-30 18:00:14,409 - INFO - Early stopping at epoch 17
2025-12-30 18:00:14,510 - INFO - Loaded checkpoint from epoch 12
2025-12-30 18:00:19,888 - INFO - ============================================================
2025-12-30 18:00:19,888 - INFO - FINAL VALIDATION RESULTS
2025-12-30 18:00:19,888 - INFO -   Acc@1:  54.04%
2025-12-30 18:00:19,888 - INFO -   Acc@5:  79.26%
2025-12-30 18:00:19,888 - INFO -   Acc@10: 82.55%
2025-12-30 18:00:19,888 - INFO -   MRR:    65.09%
2025-12-30 18:00:19,888 - INFO -   NDCG:   69.24%
2025-12-30 18:00:19,888 - INFO - ============================================================
2025-12-30 18:00:19,888 - INFO - FINAL TEST RESULTS
2025-12-30 18:00:19,888 - INFO -   Acc@1:  54.53%
2025-12-30 18:00:19,888 - INFO -   Acc@5:  80.71%
2025-12-30 18:00:19,889 - INFO -   Acc@10: 83.81%
2025-12-30 18:00:19,889 - INFO -   MRR:    65.93%
2025-12-30 18:00:19,889 - INFO -   NDCG:   70.20%
2025-12-30 18:00:19,889 - INFO - ============================================================
