2025-12-29 23:44:46,746 - INFO - ============================================================
2025-12-29 23:44:46,746 - INFO - POINTER V45 - Training Started
2025-12-29 23:44:46,746 - INFO - ============================================================
2025-12-29 23:44:46,746 - INFO - Model config: {'d_model': 128, 'dim_feedforward': 512, 'dropout': 0.15, 'nhead': 2, 'num_layers': 8}
2025-12-29 23:44:46,746 - INFO - Training config: {'batch_size': 128, 'grad_clip': 0.8, 'label_smoothing': 0.03, 'learning_rate': 0.0006, 'min_epochs': 8, 'min_lr': 1e-06, 'num_epochs': 50, 'patience': 5, 'use_amp': True, 'warmup_epochs': 5, 'weight_decay': 0.015}
2025-12-29 23:44:46,746 - INFO - ============================================================
2025-12-29 23:44:46,746 - INFO - Training for 50 epochs
2025-12-29 23:44:46,747 - INFO - Model parameters: 1,990,667
2025-12-29 23:44:55,195 - INFO - Epoch 1/50 | LR: 1.20e-04 | Train: 5.4091 | Val: 3.3190 | Acc@1: 38.09%
2025-12-29 23:44:55,268 - INFO -   ✓ New best (Acc@1: 38.09%)
2025-12-29 23:45:02,624 - INFO - Epoch 2/50 | LR: 2.40e-04 | Train: 4.1500 | Val: 3.1093 | Acc@1: 40.96%
2025-12-29 23:45:02,706 - INFO -   ✓ New best (Acc@1: 40.96%)
2025-12-29 23:45:10,244 - INFO - Epoch 3/50 | LR: 3.60e-04 | Train: 3.7388 | Val: 3.0412 | Acc@1: 43.06%
2025-12-29 23:45:10,322 - INFO -   ✓ New best (Acc@1: 43.06%)
2025-12-29 23:45:17,745 - INFO - Epoch 4/50 | LR: 4.80e-04 | Train: 3.4615 | Val: 3.2238 | Acc@1: 43.54%
2025-12-29 23:45:24,472 - INFO - Epoch 5/50 | LR: 6.00e-04 | Train: 3.2009 | Val: 3.3305 | Acc@1: 46.02%
2025-12-29 23:45:30,147 - INFO - Epoch 6/50 | LR: 6.00e-04 | Train: 2.9023 | Val: 3.4821 | Acc@1: 44.20%
2025-12-29 23:45:35,055 - INFO - Epoch 7/50 | LR: 5.99e-04 | Train: 2.6237 | Val: 3.4747 | Acc@1: 44.62%
2025-12-29 23:45:39,031 - INFO - Epoch 8/50 | LR: 5.97e-04 | Train: 2.3691 | Val: 3.6793 | Acc@1: 43.34%
2025-12-29 23:45:39,031 - INFO - Early stopping at epoch 8
2025-12-29 23:45:39,143 - INFO - Loaded checkpoint from epoch 3
2025-12-29 23:45:40,170 - INFO - ============================================================
2025-12-29 23:45:40,170 - INFO - FINAL VALIDATION RESULTS
2025-12-29 23:45:40,170 - INFO -   Acc@1:  43.06%
2025-12-29 23:45:40,170 - INFO -   Acc@5:  76.27%
2025-12-29 23:45:40,170 - INFO -   Acc@10: 81.75%
2025-12-29 23:45:40,171 - INFO -   MRR:    57.72%
2025-12-29 23:45:40,171 - INFO -   NDCG:   63.41%
2025-12-29 23:45:40,171 - INFO - ============================================================
2025-12-29 23:45:40,171 - INFO - FINAL TEST RESULTS
2025-12-29 23:45:40,171 - INFO -   Acc@1:  45.22%
2025-12-29 23:45:40,171 - INFO -   Acc@5:  80.72%
2025-12-29 23:45:40,171 - INFO -   Acc@10: 84.83%
2025-12-29 23:45:40,171 - INFO -   MRR:    60.79%
2025-12-29 23:45:40,171 - INFO -   NDCG:   66.61%
2025-12-29 23:45:40,171 - INFO - ============================================================
