2025-12-28 21:28:16,501 - INFO - ============================================================
2025-12-28 21:28:16,501 - INFO - POINTER V45 - Training Started
2025-12-28 21:28:16,501 - INFO - ============================================================
2025-12-28 21:28:16,501 - INFO - Model config: {'d_model': 64, 'dim_feedforward': 128, 'dropout': 0.15, 'nhead': 4, 'num_layers': 2}
2025-12-28 21:28:16,502 - INFO - Training config: {'batch_size': 128, 'grad_clip': 0.8, 'label_smoothing': 0.03, 'learning_rate': 0.0006, 'min_epochs': 8, 'min_lr': 1e-06, 'num_epochs': 50, 'patience': 5, 'use_amp': True, 'warmup_epochs': 5, 'weight_decay': 0.015}
2025-12-28 21:28:16,502 - INFO - ============================================================
2025-12-28 21:28:16,502 - INFO - Training for 50 epochs
2025-12-28 21:28:16,502 - INFO - Model parameters: 242,490
2025-12-28 21:28:26,348 - INFO - Epoch 1/50 | LR: 1.20e-04 | Train: 3.9638 | Val: 2.9289 | Acc@1: 42.87%
2025-12-28 21:28:26,371 - INFO -   ✓ New best (Acc@1: 42.87%)
2025-12-28 21:28:33,397 - INFO - Epoch 2/50 | LR: 2.40e-04 | Train: 3.7258 | Val: 2.8757 | Acc@1: 46.32%
2025-12-28 21:28:33,420 - INFO -   ✓ New best (Acc@1: 46.32%)
2025-12-28 21:28:40,318 - INFO - Epoch 3/50 | LR: 3.60e-04 | Train: 3.5585 | Val: 2.7932 | Acc@1: 47.66%
2025-12-28 21:28:40,342 - INFO -   ✓ New best (Acc@1: 47.66%)
2025-12-28 21:28:47,236 - INFO - Epoch 4/50 | LR: 4.80e-04 | Train: 3.4118 | Val: 2.8098 | Acc@1: 48.59%
2025-12-28 21:28:53,840 - INFO - Epoch 5/50 | LR: 6.00e-04 | Train: 3.2468 | Val: 2.7669 | Acc@1: 47.73%
2025-12-28 21:28:53,862 - INFO -   ✓ New best (Acc@1: 47.73%)
2025-12-28 21:29:00,748 - INFO - Epoch 6/50 | LR: 6.00e-04 | Train: 3.1128 | Val: 2.8281 | Acc@1: 46.99%
2025-12-28 21:29:07,572 - INFO - Epoch 7/50 | LR: 5.99e-04 | Train: 2.9630 | Val: 2.8397 | Acc@1: 47.73%
2025-12-28 21:29:14,443 - INFO - Epoch 8/50 | LR: 5.97e-04 | Train: 2.8420 | Val: 2.8391 | Acc@1: 46.58%
2025-12-28 21:29:21,100 - INFO - Epoch 9/50 | LR: 5.93e-04 | Train: 2.6863 | Val: 2.8763 | Acc@1: 45.58%
2025-12-28 21:29:27,387 - INFO - Epoch 10/50 | LR: 5.88e-04 | Train: 2.5318 | Val: 3.0579 | Acc@1: 45.21%
2025-12-28 21:29:27,387 - INFO - Early stopping at epoch 10
2025-12-28 21:29:27,900 - INFO - Loaded checkpoint from epoch 5
2025-12-28 21:29:31,279 - INFO - ============================================================
2025-12-28 21:29:31,279 - INFO - FINAL VALIDATION RESULTS
2025-12-28 21:29:31,279 - INFO -   Acc@1:  47.73%
2025-12-28 21:29:31,279 - INFO -   Acc@5:  80.35%
2025-12-28 21:29:31,279 - INFO -   Acc@10: 85.22%
2025-12-28 21:29:31,280 - INFO -   MRR:    62.00%
2025-12-28 21:29:31,280 - INFO -   NDCG:   67.50%
2025-12-28 21:29:31,280 - INFO - ============================================================
2025-12-28 21:29:31,280 - INFO - FINAL TEST RESULTS
2025-12-28 21:29:31,280 - INFO -   Acc@1:  49.48%
2025-12-28 21:29:31,280 - INFO -   Acc@5:  84.92%
2025-12-28 21:29:31,280 - INFO -   Acc@10: 87.76%
2025-12-28 21:29:31,280 - INFO -   MRR:    64.99%
2025-12-28 21:29:31,280 - INFO -   NDCG:   70.55%
2025-12-28 21:29:31,280 - INFO - ============================================================
