2025-12-30 01:27:58,224 - INFO - ============================================================
2025-12-30 01:27:58,224 - INFO - POINTER V45 - Training Started
2025-12-30 01:27:58,224 - INFO - ============================================================
2025-12-30 01:27:58,225 - INFO - Model config: {'d_model': 128, 'dim_feedforward': 512, 'dropout': 0.15, 'nhead': 8, 'num_layers': 4}
2025-12-30 01:27:58,225 - INFO - Training config: {'batch_size': 128, 'grad_clip': 0.8, 'label_smoothing': 0.03, 'learning_rate': 0.00065, 'min_epochs': 8, 'min_lr': 1e-06, 'num_epochs': 50, 'patience': 5, 'use_amp': True, 'warmup_epochs': 5, 'weight_decay': 0.015}
2025-12-30 01:27:58,225 - INFO - ============================================================
2025-12-30 01:27:58,225 - INFO - Training for 50 epochs
2025-12-30 01:27:58,225 - INFO - Model parameters: 2,876,768
2025-12-30 01:29:24,266 - INFO - Epoch 1/50 | LR: 1.30e-04 | Train: 3.2891 | Val: 3.1862 | Acc@1: 51.11%
2025-12-30 01:29:24,339 - INFO -   ✓ New best (Acc@1: 51.11%)
2025-12-30 01:30:53,871 - INFO - Epoch 2/50 | LR: 2.60e-04 | Train: 3.0510 | Val: 3.0960 | Acc@1: 52.70%
2025-12-30 01:30:53,950 - INFO -   ✓ New best (Acc@1: 52.70%)
2025-12-30 01:32:25,441 - INFO - Epoch 3/50 | LR: 3.90e-04 | Train: 2.9172 | Val: 2.9914 | Acc@1: 53.89%
2025-12-30 01:32:25,524 - INFO -   ✓ New best (Acc@1: 53.89%)
2025-12-30 01:34:03,677 - INFO - Epoch 4/50 | LR: 5.20e-04 | Train: 2.7724 | Val: 2.9280 | Acc@1: 54.29%
2025-12-30 01:34:03,763 - INFO -   ✓ New best (Acc@1: 54.29%)
2025-12-30 01:35:37,605 - INFO - Epoch 5/50 | LR: 6.50e-04 | Train: 2.6832 | Val: 2.8784 | Acc@1: 54.50%
2025-12-30 01:35:37,694 - INFO -   ✓ New best (Acc@1: 54.50%)
2025-12-30 01:37:10,301 - INFO - Epoch 6/50 | LR: 6.50e-04 | Train: 2.5828 | Val: 2.8737 | Acc@1: 54.17%
2025-12-30 01:37:10,385 - INFO -   ✓ New best (Acc@1: 54.17%)
2025-12-30 01:38:40,145 - INFO - Epoch 7/50 | LR: 6.49e-04 | Train: 2.5129 | Val: 2.8684 | Acc@1: 54.16%
2025-12-30 01:38:40,232 - INFO -   ✓ New best (Acc@1: 54.16%)
2025-12-30 01:40:11,423 - INFO - Epoch 8/50 | LR: 6.47e-04 | Train: 2.4513 | Val: 2.8884 | Acc@1: 54.25%
2025-12-30 01:41:45,436 - INFO - Epoch 9/50 | LR: 6.43e-04 | Train: 2.4004 | Val: 2.8980 | Acc@1: 54.30%
2025-12-30 01:43:15,552 - INFO - Epoch 10/50 | LR: 6.37e-04 | Train: 2.3579 | Val: 2.9330 | Acc@1: 53.58%
2025-12-30 01:44:44,319 - INFO - Epoch 11/50 | LR: 6.30e-04 | Train: 2.3234 | Val: 2.9807 | Acc@1: 53.15%
2025-12-30 01:46:12,490 - INFO - Epoch 12/50 | LR: 6.22e-04 | Train: 2.2865 | Val: 2.9778 | Acc@1: 53.16%
2025-12-30 01:46:12,491 - INFO - Early stopping at epoch 12
2025-12-30 01:46:12,716 - INFO - Loaded checkpoint from epoch 7
2025-12-30 01:46:22,753 - INFO - ============================================================
2025-12-30 01:46:22,753 - INFO - FINAL VALIDATION RESULTS
2025-12-30 01:46:22,754 - INFO -   Acc@1:  54.16%
2025-12-30 01:46:22,754 - INFO -   Acc@5:  80.10%
2025-12-30 01:46:22,754 - INFO -   Acc@10: 84.17%
2025-12-30 01:46:22,754 - INFO -   MRR:    65.44%
2025-12-30 01:46:22,754 - INFO -   NDCG:   69.89%
2025-12-30 01:46:22,754 - INFO - ============================================================
2025-12-30 01:46:22,754 - INFO - FINAL TEST RESULTS
2025-12-30 01:46:22,754 - INFO -   Acc@1:  54.42%
2025-12-30 01:46:22,754 - INFO -   Acc@5:  81.36%
2025-12-30 01:46:22,754 - INFO -   Acc@10: 85.17%
2025-12-30 01:46:22,754 - INFO -   MRR:    66.17%
2025-12-30 01:46:22,754 - INFO -   NDCG:   70.70%
2025-12-30 01:46:22,754 - INFO - ============================================================
