2025-12-30 05:04:10,834 - INFO - ============================================================
2025-12-30 05:04:10,834 - INFO - POINTER V45 - Training Started
2025-12-30 05:04:10,835 - INFO - ============================================================
2025-12-30 05:04:10,835 - INFO - Model config: {'d_model': 64, 'dim_feedforward': 512, 'dropout': 0.15, 'nhead': 2, 'num_layers': 8}
2025-12-30 05:04:10,835 - INFO - Training config: {'batch_size': 128, 'grad_clip': 0.8, 'label_smoothing': 0.03, 'learning_rate': 0.0006, 'min_epochs': 8, 'min_lr': 1e-06, 'num_epochs': 50, 'patience': 5, 'use_amp': True, 'warmup_epochs': 5, 'weight_decay': 0.015}
2025-12-30 05:04:10,835 - INFO - ============================================================
2025-12-30 05:04:10,835 - INFO - Training for 50 epochs
2025-12-30 05:04:10,835 - INFO - Model parameters: 1,523,183
2025-12-30 05:06:34,717 - INFO - Epoch 1/50 | LR: 1.20e-04 | Train: 3.0649 | Val: 2.9381 | Acc@1: 50.71%
2025-12-30 05:06:34,786 - INFO -   ✓ New best (Acc@1: 50.71%)
2025-12-30 05:08:55,663 - INFO - Epoch 2/50 | LR: 2.40e-04 | Train: 2.8415 | Val: 2.9033 | Acc@1: 51.95%
2025-12-30 05:08:55,734 - INFO -   ✓ New best (Acc@1: 51.95%)
2025-12-30 05:11:14,412 - INFO - Epoch 3/50 | LR: 3.60e-04 | Train: 2.7693 | Val: 2.8758 | Acc@1: 52.39%
2025-12-30 05:11:14,484 - INFO -   ✓ New best (Acc@1: 52.39%)
2025-12-30 05:13:36,971 - INFO - Epoch 4/50 | LR: 4.80e-04 | Train: 2.7209 | Val: 2.8364 | Acc@1: 53.35%
2025-12-30 05:13:37,043 - INFO -   ✓ New best (Acc@1: 53.35%)
2025-12-30 05:15:58,194 - INFO - Epoch 5/50 | LR: 6.00e-04 | Train: 2.6784 | Val: 2.8090 | Acc@1: 54.01%
2025-12-30 05:15:58,267 - INFO -   ✓ New best (Acc@1: 54.01%)
2025-12-30 05:18:18,262 - INFO - Epoch 6/50 | LR: 6.00e-04 | Train: 2.6195 | Val: 2.7911 | Acc@1: 53.92%
2025-12-30 05:18:18,338 - INFO -   ✓ New best (Acc@1: 53.92%)
2025-12-30 05:20:43,779 - INFO - Epoch 7/50 | LR: 5.99e-04 | Train: 2.5632 | Val: 2.7783 | Acc@1: 53.81%
2025-12-30 05:20:43,851 - INFO -   ✓ New best (Acc@1: 53.81%)
2025-12-30 05:23:05,372 - INFO - Epoch 8/50 | LR: 5.97e-04 | Train: 2.5152 | Val: 2.7620 | Acc@1: 54.42%
2025-12-30 05:23:05,444 - INFO -   ✓ New best (Acc@1: 54.42%)
2025-12-30 05:25:28,228 - INFO - Epoch 9/50 | LR: 5.93e-04 | Train: 2.4717 | Val: 2.7651 | Acc@1: 54.12%
2025-12-30 05:27:48,693 - INFO - Epoch 10/50 | LR: 5.88e-04 | Train: 2.4359 | Val: 2.7886 | Acc@1: 54.12%
2025-12-30 05:30:10,335 - INFO - Epoch 11/50 | LR: 5.82e-04 | Train: 2.4007 | Val: 2.8120 | Acc@1: 53.43%
2025-12-30 05:32:31,681 - INFO - Epoch 12/50 | LR: 5.74e-04 | Train: 2.3668 | Val: 2.8119 | Acc@1: 53.68%
2025-12-30 05:34:56,018 - INFO - Epoch 13/50 | LR: 5.65e-04 | Train: 2.3362 | Val: 2.8341 | Acc@1: 53.95%
2025-12-30 05:34:56,018 - INFO - Early stopping at epoch 13
2025-12-30 05:34:56,903 - INFO - Loaded checkpoint from epoch 8
2025-12-30 05:35:05,424 - INFO - ============================================================
2025-12-30 05:35:05,424 - INFO - FINAL VALIDATION RESULTS
2025-12-30 05:35:05,424 - INFO -   Acc@1:  54.42%
2025-12-30 05:35:05,424 - INFO -   Acc@5:  80.69%
2025-12-30 05:35:05,424 - INFO -   Acc@10: 84.92%
2025-12-30 05:35:05,424 - INFO -   MRR:    65.92%
2025-12-30 05:35:05,424 - INFO -   NDCG:   70.42%
2025-12-30 05:35:05,424 - INFO - ============================================================
2025-12-30 05:35:05,424 - INFO - FINAL TEST RESULTS
2025-12-30 05:35:05,424 - INFO -   Acc@1:  56.32%
2025-12-30 05:35:05,424 - INFO -   Acc@5:  82.33%
2025-12-30 05:35:05,424 - INFO -   Acc@10: 85.96%
2025-12-30 05:35:05,424 - INFO -   MRR:    67.52%
2025-12-30 05:35:05,424 - INFO -   NDCG:   71.92%
2025-12-30 05:35:05,424 - INFO - ============================================================
