2025-12-30 04:01:39,240 - INFO - ============================================================
2025-12-30 04:01:39,241 - INFO - POINTER V45 - Training Started
2025-12-30 04:01:39,241 - INFO - ============================================================
2025-12-30 04:01:39,241 - INFO - Model config: {'d_model': 128, 'dim_feedforward': 256, 'dropout': 0.15, 'nhead': 4, 'num_layers': 8}
2025-12-30 04:01:39,241 - INFO - Training config: {'batch_size': 128, 'grad_clip': 0.8, 'label_smoothing': 0.03, 'learning_rate': 0.0007, 'min_epochs': 8, 'min_lr': 1e-06, 'num_epochs': 50, 'patience': 5, 'use_amp': True, 'warmup_epochs': 5, 'weight_decay': 0.015}
2025-12-30 04:01:39,241 - INFO - ============================================================
2025-12-30 04:01:39,241 - INFO - Training for 50 epochs
2025-12-30 04:01:39,242 - INFO - Model parameters: 3,062,962
2025-12-30 04:04:17,009 - INFO - Epoch 1/50 | LR: 1.40e-04 | Train: 3.2094 | Val: 3.0546 | Acc@1: 51.38%
2025-12-30 04:04:17,111 - INFO -   ✓ New best (Acc@1: 51.38%)
2025-12-30 04:06:59,100 - INFO - Epoch 2/50 | LR: 2.80e-04 | Train: 2.9006 | Val: 2.9995 | Acc@1: 52.66%
2025-12-30 04:06:59,209 - INFO -   ✓ New best (Acc@1: 52.66%)
2025-12-30 04:09:42,392 - INFO - Epoch 3/50 | LR: 4.20e-04 | Train: 2.8138 | Val: 2.9647 | Acc@1: 53.04%
2025-12-30 04:09:42,497 - INFO -   ✓ New best (Acc@1: 53.04%)
2025-12-30 04:12:23,608 - INFO - Epoch 4/50 | LR: 5.60e-04 | Train: 2.7409 | Val: 2.9200 | Acc@1: 53.59%
2025-12-30 04:12:23,713 - INFO -   ✓ New best (Acc@1: 53.59%)
2025-12-30 04:15:04,262 - INFO - Epoch 5/50 | LR: 7.00e-04 | Train: 2.6643 | Val: 2.8923 | Acc@1: 53.50%
2025-12-30 04:15:04,369 - INFO -   ✓ New best (Acc@1: 53.50%)
2025-12-30 04:17:42,811 - INFO - Epoch 6/50 | LR: 7.00e-04 | Train: 2.5785 | Val: 2.8623 | Acc@1: 53.75%
2025-12-30 04:17:42,918 - INFO -   ✓ New best (Acc@1: 53.75%)
2025-12-30 04:20:26,849 - INFO - Epoch 7/50 | LR: 6.99e-04 | Train: 2.5116 | Val: 2.8392 | Acc@1: 54.57%
2025-12-30 04:20:26,954 - INFO -   ✓ New best (Acc@1: 54.57%)
2025-12-30 04:23:08,708 - INFO - Epoch 8/50 | LR: 6.97e-04 | Train: 2.4500 | Val: 2.8536 | Acc@1: 54.16%
2025-12-30 04:25:25,951 - INFO - Epoch 9/50 | LR: 6.92e-04 | Train: 2.3974 | Val: 2.8803 | Acc@1: 53.59%
2025-12-30 04:27:25,098 - INFO - Epoch 10/50 | LR: 6.86e-04 | Train: 2.3529 | Val: 2.9058 | Acc@1: 54.06%
2025-12-30 04:29:22,183 - INFO - Epoch 11/50 | LR: 6.79e-04 | Train: 2.3114 | Val: 2.9323 | Acc@1: 53.91%
2025-12-30 04:30:51,306 - INFO - Epoch 12/50 | LR: 6.70e-04 | Train: 2.2701 | Val: 2.9570 | Acc@1: 53.69%
2025-12-30 04:30:51,306 - INFO - Early stopping at epoch 12
2025-12-30 04:30:51,424 - INFO - Loaded checkpoint from epoch 7
2025-12-30 04:30:55,083 - INFO - ============================================================
2025-12-30 04:30:55,083 - INFO - FINAL VALIDATION RESULTS
2025-12-30 04:30:55,083 - INFO -   Acc@1:  54.57%
2025-12-30 04:30:55,083 - INFO -   Acc@5:  80.07%
2025-12-30 04:30:55,083 - INFO -   Acc@10: 83.92%
2025-12-30 04:30:55,083 - INFO -   MRR:    65.69%
2025-12-30 04:30:55,083 - INFO -   NDCG:   70.01%
2025-12-30 04:30:55,083 - INFO - ============================================================
2025-12-30 04:30:55,083 - INFO - FINAL TEST RESULTS
2025-12-30 04:30:55,083 - INFO -   Acc@1:  56.91%
2025-12-30 04:30:55,083 - INFO -   Acc@5:  82.58%
2025-12-30 04:30:55,083 - INFO -   Acc@10: 85.87%
2025-12-30 04:30:55,083 - INFO -   MRR:    68.01%
2025-12-30 04:30:55,083 - INFO -   NDCG:   72.28%
2025-12-30 04:30:55,083 - INFO - ============================================================
