Training LSTM model
Dataset: diy
Config: /data/next_loc_clean_v2/config/ht_optuna/optuna_LSTM_diy_prev10_t19_20260101_062406_e971abde.yaml
Device: cuda
Seed: 42
==================================================
Data loaders: train=470, val=25, test=32
Total trainable parameters: 443150

=== Epoch 1 ===
Epoch 1, 2.1%	 loss: 8.978 acc@1: 0.00 mrr: 0.08, ndcg: 0.02, took: 5.78s
Epoch 1, 4.3%	 loss: 8.979 acc@1: 0.00 mrr: 0.06, ndcg: 0.00, took: 2.30s
Epoch 1, 6.4%	 loss: 8.968 acc@1: 0.00 mrr: 0.08, ndcg: 0.02, took: 2.27s
Epoch 1, 8.5%	 loss: 8.968 acc@1: 0.00 mrr: 0.09, ndcg: 0.04, took: 2.35s
Epoch 1, 10.6%	 loss: 8.951 acc@1: 0.00 mrr: 0.09, ndcg: 0.02, took: 2.26s
Epoch 1, 12.8%	 loss: 8.947 acc@1: 0.00 mrr: 0.10, ndcg: 0.07, took: 2.31s
Epoch 1, 14.9%	 loss: 8.916 acc@1: 0.04 mrr: 0.21, ndcg: 0.19, took: 2.29s
Epoch 1, 17.0%	 loss: 8.896 acc@1: 0.04 mrr: 0.20, ndcg: 0.15, took: 2.12s
Epoch 1, 19.1%	 loss: 8.884 acc@1: 0.08 mrr: 0.26, ndcg: 0.19, took: 2.07s
Epoch 1, 21.3%	 loss: 8.869 acc@1: 0.00 mrr: 0.21, ndcg: 0.14, took: 2.30s
Epoch 1, 23.4%	 loss: 8.847 acc@1: 0.08 mrr: 0.35, ndcg: 0.31, took: 2.22s
Epoch 1, 25.5%	 loss: 8.815 acc@1: 0.16 mrr: 0.44, ndcg: 0.41, took: 2.19s
Epoch 1, 27.7%	 loss: 8.779 acc@1: 0.12 mrr: 0.44, ndcg: 0.50, took: 2.27s
Epoch 1, 29.8%	 loss: 8.740 acc@1: 0.20 mrr: 0.61, ndcg: 0.64, took: 2.28s
Epoch 1, 31.9%	 loss: 8.692 acc@1: 0.27 mrr: 0.85, ndcg: 0.89, took: 2.20s
Epoch 1, 34.0%	 loss: 8.632 acc@1: 0.16 mrr: 1.12, ndcg: 1.21, took: 2.21s
Epoch 1, 36.2%	 loss: 8.575 acc@1: 3.24 mrr: 4.96, ndcg: 5.37, took: 2.38s
Epoch 1, 38.3%	 loss: 8.501 acc@1: 9.26 mrr: 10.91, ndcg: 11.42, took: 2.32s
Epoch 1, 40.4%	 loss: 8.439 acc@1: 11.37 mrr: 12.64, ndcg: 12.89, took: 2.30s
Epoch 1, 42.6%	 loss: 8.335 acc@1: 14.18 mrr: 15.24, ndcg: 15.60, took: 2.29s
Epoch 1, 44.7%	 loss: 8.260 acc@1: 15.55 mrr: 16.89, ndcg: 17.29, took: 2.31s
Epoch 1, 46.8%	 loss: 8.164 acc@1: 16.02 mrr: 17.46, ndcg: 17.82, took: 2.30s
Epoch 1, 48.9%	 loss: 8.044 acc@1: 18.79 mrr: 19.83, ndcg: 20.04, took: 2.26s
Epoch 1, 51.1%	 loss: 7.900 acc@1: 20.74 mrr: 21.79, ndcg: 21.88, took: 2.35s
Epoch 1, 53.2%	 loss: 7.809 acc@1: 21.45 mrr: 22.54, ndcg: 22.80, took: 2.29s
Epoch 1, 55.3%	 loss: 7.679 acc@1: 22.11 mrr: 23.07, ndcg: 23.17, took: 2.24s
Epoch 1, 57.4%	 loss: 7.557 acc@1: 24.41 mrr: 25.64, ndcg: 25.89, took: 2.28s
Epoch 1, 59.6%	 loss: 7.496 acc@1: 23.40 mrr: 24.53, ndcg: 24.71, took: 2.32s
Epoch 1, 61.7%	 loss: 7.324 acc@1: 24.65 mrr: 25.74, ndcg: 25.80, took: 2.30s
Epoch 1, 63.8%	 loss: 7.205 acc@1: 25.27 mrr: 26.36, ndcg: 26.43, took: 2.31s
Epoch 1, 66.0%	 loss: 7.097 acc@1: 25.43 mrr: 26.61, ndcg: 26.66, took: 2.34s
Epoch 1, 68.1%	 loss: 6.943 acc@1: 26.25 mrr: 27.49, ndcg: 27.45, took: 2.39s
Epoch 1, 70.2%	 loss: 6.785 acc@1: 26.72 mrr: 28.18, ndcg: 28.19, took: 2.31s
Epoch 1, 72.3%	 loss: 6.649 acc@1: 26.37 mrr: 28.03, ndcg: 28.08, took: 2.21s
Epoch 1, 74.5%	 loss: 6.569 acc@1: 26.72 mrr: 28.57, ndcg: 28.74, took: 2.30s
Epoch 1, 76.6%	 loss: 6.409 acc@1: 28.01 mrr: 30.14, ndcg: 30.57, took: 2.24s
Epoch 1, 78.7%	 loss: 6.201 acc@1: 28.55 mrr: 30.73, ndcg: 31.06, took: 1.88s
Epoch 1, 80.9%	 loss: 6.070 acc@1: 28.52 mrr: 31.15, ndcg: 31.79, took: 1.96s
Epoch 1, 83.0%	 loss: 5.975 acc@1: 29.49 mrr: 31.90, ndcg: 32.28, took: 2.28s
Epoch 1, 85.1%	 loss: 5.932 acc@1: 28.44 mrr: 30.86, ndcg: 31.32, took: 2.77s
Epoch 1, 87.2%	 loss: 5.751 acc@1: 29.57 mrr: 32.46, ndcg: 33.10, took: 2.27s
Epoch 1, 89.4%	 loss: 5.681 acc@1: 29.53 mrr: 32.32, ndcg: 32.82, took: 2.19s
Epoch 1, 91.5%	 loss: 5.724 acc@1: 29.06 mrr: 31.88, ndcg: 32.37, took: 2.15s
Epoch 1, 93.6%	 loss: 5.498 acc@1: 30.59 mrr: 33.54, ndcg: 34.05, took: 2.31s
Epoch 1, 95.7%	 loss: 5.481 acc@1: 30.35 mrr: 33.34, ndcg: 33.88, took: 2.29s
Epoch 1, 97.9%	 loss: 5.494 acc@1: 29.77 mrr: 32.78, ndcg: 33.41, took: 2.32s
Epoch 1, 100.0%	 loss: 5.488 acc@1: 28.79 mrr: 32.15, ndcg: 32.86, took: 2.34s
Validation - loss: 5.5695, acc@1: 30.75%, f1: 17.01%, mrr: 33.61%, ndcg: 34.40%
Current learning rate: 0.001000

=== Epoch 2 ===
Epoch 2, 2.1%	 loss: 5.367 acc@1: 29.18 mrr: 32.68, ndcg: 33.67, took: 2.32s
Epoch 2, 4.3%	 loss: 5.249 acc@1: 30.74 mrr: 34.39, ndcg: 35.29, took: 2.28s
Epoch 2, 6.4%	 loss: 5.208 acc@1: 31.52 mrr: 35.00, ndcg: 35.81, took: 2.35s
Epoch 2, 8.5%	 loss: 5.150 acc@1: 31.13 mrr: 34.70, ndcg: 35.60, took: 2.31s
Epoch 2, 10.6%	 loss: 5.211 acc@1: 29.45 mrr: 33.11, ndcg: 34.11, took: 2.22s
Epoch 2, 12.8%	 loss: 5.247 acc@1: 29.69 mrr: 33.45, ndcg: 34.44, took: 2.25s
Epoch 2, 14.9%	 loss: 5.188 acc@1: 30.59 mrr: 34.26, ndcg: 35.14, took: 2.23s
Epoch 2, 17.0%	 loss: 5.032 acc@1: 31.52 mrr: 35.31, ndcg: 36.24, took: 2.35s
Epoch 2, 19.1%	 loss: 5.131 acc@1: 29.92 mrr: 33.81, ndcg: 34.90, took: 2.28s
Epoch 2, 21.3%	 loss: 5.043 acc@1: 31.91 mrr: 35.67, ndcg: 36.61, took: 2.25s
Epoch 2, 23.4%	 loss: 5.105 acc@1: 31.29 mrr: 35.38, ndcg: 36.48, took: 2.24s
Epoch 2, 25.5%	 loss: 4.970 acc@1: 32.38 mrr: 36.56, ndcg: 37.73, took: 2.27s
Epoch 2, 27.7%	 loss: 4.987 acc@1: 31.72 mrr: 35.82, ndcg: 36.99, took: 2.17s
Epoch 2, 29.8%	 loss: 4.935 acc@1: 32.15 mrr: 36.23, ndcg: 37.51, took: 2.31s
Epoch 2, 31.9%	 loss: 4.834 acc@1: 33.12 mrr: 37.40, ndcg: 38.77, took: 2.23s
Epoch 2, 34.0%	 loss: 4.925 acc@1: 32.46 mrr: 36.68, ndcg: 38.02, took: 2.18s
Epoch 2, 36.2%	 loss: 4.834 acc@1: 33.55 mrr: 37.83, ndcg: 39.12, took: 2.21s
Epoch 2, 38.3%	 loss: 4.803 acc@1: 33.63 mrr: 38.31, ndcg: 39.74, took: 2.33s
Epoch 2, 40.4%	 loss: 4.777 acc@1: 33.24 mrr: 38.40, ndcg: 40.00, took: 2.27s
Epoch 2, 42.6%	 loss: 4.780 acc@1: 33.40 mrr: 38.89, ndcg: 40.58, took: 2.32s
Epoch 2, 44.7%	 loss: 4.676 acc@1: 33.44 mrr: 39.08, ndcg: 40.77, took: 2.35s
Epoch 2, 46.8%	 loss: 4.673 acc@1: 34.26 mrr: 39.56, ndcg: 41.12, took: 2.27s
Epoch 2, 48.9%	 loss: 4.613 acc@1: 34.69 mrr: 40.43, ndcg: 42.27, took: 2.24s
Epoch 2, 51.1%	 loss: 4.590 acc@1: 34.38 mrr: 40.40, ndcg: 42.21, took: 2.27s
Epoch 2, 53.2%	 loss: 4.502 acc@1: 35.35 mrr: 41.38, ndcg: 43.23, took: 2.19s
Epoch 2, 55.3%	 loss: 4.535 acc@1: 33.71 mrr: 40.59, ndcg: 42.89, took: 2.10s
Epoch 2, 57.4%	 loss: 4.340 acc@1: 37.50 mrr: 43.72, ndcg: 45.90, took: 2.09s
Epoch 2, 59.6%	 loss: 4.374 acc@1: 36.33 mrr: 43.46, ndcg: 45.79, took: 2.16s
Epoch 2, 61.7%	 loss: 4.213 acc@1: 38.71 mrr: 45.66, ndcg: 48.24, took: 2.28s
Epoch 2, 63.8%	 loss: 4.354 acc@1: 35.59 mrr: 43.29, ndcg: 46.17, took: 2.33s
Epoch 2, 66.0%	 loss: 4.160 acc@1: 38.24 mrr: 46.34, ndcg: 49.34, took: 2.16s
Epoch 2, 68.1%	 loss: 4.248 acc@1: 36.13 mrr: 44.67, ndcg: 47.74, took: 1.99s
Epoch 2, 70.2%	 loss: 4.174 acc@1: 36.80 mrr: 46.37, ndcg: 49.72, took: 2.21s
Epoch 2, 72.3%	 loss: 4.175 acc@1: 36.88 mrr: 46.80, ndcg: 50.35, took: 2.28s
Epoch 2, 74.5%	 loss: 3.937 acc@1: 39.10 mrr: 49.15, ndcg: 52.54, took: 2.31s
Epoch 2, 76.6%	 loss: 4.073 acc@1: 36.91 mrr: 47.50, ndcg: 51.39, took: 2.28s
Epoch 2, 78.7%	 loss: 3.934 acc@1: 38.67 mrr: 49.68, ndcg: 53.71, took: 2.26s
Epoch 2, 80.9%	 loss: 3.782 acc@1: 40.23 mrr: 51.59, ndcg: 55.78, took: 2.28s
Epoch 2, 83.0%	 loss: 3.692 acc@1: 40.82 mrr: 52.68, ndcg: 56.80, took: 2.30s
Epoch 2, 85.1%	 loss: 3.788 acc@1: 38.05 mrr: 50.75, ndcg: 54.92, took: 2.21s
Epoch 2, 87.2%	 loss: 3.546 acc@1: 40.59 mrr: 53.41, ndcg: 57.81, took: 2.24s
Epoch 2, 89.4%	 loss: 3.605 acc@1: 41.41 mrr: 53.56, ndcg: 57.80, took: 2.20s
Epoch 2, 91.5%	 loss: 3.611 acc@1: 40.62 mrr: 53.66, ndcg: 58.22, took: 2.02s
Epoch 2, 93.6%	 loss: 3.457 acc@1: 42.23 mrr: 55.37, ndcg: 59.89, took: 2.14s
Epoch 2, 95.7%	 loss: 3.431 acc@1: 41.84 mrr: 55.17, ndcg: 59.73, took: 2.18s
Epoch 2, 97.9%	 loss: 3.385 acc@1: 42.46 mrr: 55.85, ndcg: 60.31, took: 2.15s
Epoch 2, 100.0%	 loss: 3.381 acc@1: 42.46 mrr: 55.95, ndcg: 60.50, took: 2.17s
Validation - loss: 3.6911, acc@1: 41.80%, f1: 31.59%, mrr: 55.06%, ndcg: 59.44%
Current learning rate: 0.002000

=== Epoch 3 ===
Epoch 3, 2.1%	 loss: 3.149 acc@1: 42.11 mrr: 56.44, ndcg: 61.35, took: 2.28s
Epoch 3, 4.3%	 loss: 3.101 acc@1: 43.24 mrr: 57.60, ndcg: 62.45, took: 2.32s
Epoch 3, 6.4%	 loss: 3.060 acc@1: 43.52 mrr: 57.75, ndcg: 62.59, took: 2.26s
Epoch 3, 8.5%	 loss: 3.038 acc@1: 44.92 mrr: 58.95, ndcg: 63.71, took: 2.30s
Epoch 3, 10.6%	 loss: 3.010 acc@1: 46.60 mrr: 59.63, ndcg: 64.17, took: 2.31s
Epoch 3, 12.8%	 loss: 2.898 acc@1: 45.35 mrr: 59.52, ndcg: 64.38, took: 2.26s
Epoch 3, 14.9%	 loss: 2.943 acc@1: 45.47 mrr: 59.17, ndcg: 64.02, took: 2.32s
Epoch 3, 17.0%	 loss: 3.051 acc@1: 44.69 mrr: 58.12, ndcg: 62.94, took: 2.29s
Epoch 3, 19.1%	 loss: 2.864 acc@1: 46.60 mrr: 60.61, ndcg: 65.43, took: 2.30s
Epoch 3, 21.3%	 loss: 2.960 acc@1: 46.95 mrr: 60.14, ndcg: 64.78, took: 2.25s
Epoch 3, 23.4%	 loss: 2.933 acc@1: 46.05 mrr: 59.52, ndcg: 64.40, took: 2.09s
Epoch 3, 25.5%	 loss: 2.859 acc@1: 45.43 mrr: 59.69, ndcg: 64.82, took: 2.08s
Epoch 3, 27.7%	 loss: 2.834 acc@1: 46.88 mrr: 60.90, ndcg: 65.96, took: 2.20s
Epoch 3, 29.8%	 loss: 2.856 acc@1: 46.21 mrr: 60.30, ndcg: 65.32, took: 2.30s
Epoch 3, 31.9%	 loss: 2.812 acc@1: 46.84 mrr: 60.95, ndcg: 65.88, took: 2.22s
Epoch 3, 34.0%	 loss: 2.771 acc@1: 47.89 mrr: 61.45, ndcg: 66.33, took: 2.24s
Epoch 3, 36.2%	 loss: 2.756 acc@1: 48.67 mrr: 62.04, ndcg: 66.85, took: 2.34s
Epoch 3, 38.3%	 loss: 2.894 acc@1: 47.11 mrr: 60.34, ndcg: 65.06, took: 2.24s
Epoch 3, 40.4%	 loss: 2.813 acc@1: 46.99 mrr: 60.73, ndcg: 65.73, took: 2.32s
Epoch 3, 42.6%	 loss: 2.766 acc@1: 48.24 mrr: 61.32, ndcg: 66.07, took: 2.34s
Epoch 3, 44.7%	 loss: 2.743 acc@1: 48.63 mrr: 61.78, ndcg: 66.53, took: 2.24s
Epoch 3, 46.8%	 loss: 2.773 acc@1: 47.93 mrr: 61.45, ndcg: 66.30, took: 2.24s
Epoch 3, 48.9%	 loss: 2.852 acc@1: 44.88 mrr: 59.37, ndcg: 64.61, took: 2.29s
Epoch 3, 51.1%	 loss: 2.733 acc@1: 47.15 mrr: 60.92, ndcg: 66.05, took: 2.38s
Epoch 3, 53.2%	 loss: 2.747 acc@1: 46.91 mrr: 60.75, ndcg: 65.94, took: 2.32s
Epoch 3, 55.3%	 loss: 2.627 acc@1: 49.06 mrr: 62.23, ndcg: 67.32, took: 2.25s
Epoch 3, 57.4%	 loss: 2.644 acc@1: 48.24 mrr: 62.12, ndcg: 67.46, took: 2.26s
Epoch 3, 59.6%	 loss: 2.700 acc@1: 47.15 mrr: 61.10, ndcg: 66.28, took: 2.36s
Epoch 3, 61.7%	 loss: 2.750 acc@1: 48.36 mrr: 61.70, ndcg: 66.65, took: 2.43s
Epoch 3, 63.8%	 loss: 2.660 acc@1: 49.06 mrr: 62.62, ndcg: 67.54, took: 2.40s
Epoch 3, 66.0%	 loss: 2.598 acc@1: 48.59 mrr: 62.48, ndcg: 67.63, took: 2.39s
Epoch 3, 68.1%	 loss: 2.674 acc@1: 48.48 mrr: 61.91, ndcg: 66.79, took: 2.39s
Epoch 3, 70.2%	 loss: 2.595 acc@1: 48.16 mrr: 62.12, ndcg: 67.36, took: 2.35s
Epoch 3, 72.3%	 loss: 2.651 acc@1: 47.54 mrr: 61.41, ndcg: 66.59, took: 2.26s
Epoch 3, 74.5%	 loss: 2.626 acc@1: 49.61 mrr: 62.54, ndcg: 67.34, took: 2.33s
Epoch 3, 76.6%	 loss: 2.678 acc@1: 48.01 mrr: 61.73, ndcg: 66.74, took: 2.30s
Epoch 3, 78.7%	 loss: 2.656 acc@1: 49.69 mrr: 62.49, ndcg: 67.24, took: 2.21s
Epoch 3, 80.9%	 loss: 2.592 acc@1: 48.95 mrr: 62.65, ndcg: 67.67, took: 2.28s
Epoch 3, 83.0%	 loss: 2.607 acc@1: 47.15 mrr: 61.44, ndcg: 66.76, took: 2.37s
Epoch 3, 85.1%	 loss: 2.627 acc@1: 48.91 mrr: 61.96, ndcg: 67.09, took: 2.46s
Epoch 3, 87.2%	 loss: 2.502 acc@1: 50.78 mrr: 63.90, ndcg: 68.89, took: 2.33s
Epoch 3, 89.4%	 loss: 2.427 acc@1: 49.96 mrr: 63.71, ndcg: 68.94, took: 2.28s
Epoch 3, 91.5%	 loss: 2.488 acc@1: 48.75 mrr: 62.92, ndcg: 68.26, took: 2.19s
Epoch 3, 93.6%	 loss: 2.665 acc@1: 47.42 mrr: 61.14, ndcg: 66.33, took: 2.28s
Epoch 3, 95.7%	 loss: 2.549 acc@1: 48.09 mrr: 62.25, ndcg: 67.80, took: 2.29s
Epoch 3, 97.9%	 loss: 2.460 acc@1: 49.45 mrr: 63.41, ndcg: 68.68, took: 2.33s
Epoch 3, 100.0%	 loss: 2.576 acc@1: 48.01 mrr: 61.96, ndcg: 67.23, took: 2.32s
Validation - loss: 3.0865, acc@1: 47.70%, f1: 39.89%, mrr: 60.27%, ndcg: 65.04%
Current learning rate: 0.001958

=== Epoch 4 ===
Epoch 4, 2.1%	 loss: 2.442 acc@1: 49.10 mrr: 62.62, ndcg: 67.68, took: 2.29s
Epoch 4, 4.3%	 loss: 2.395 acc@1: 48.12 mrr: 62.56, ndcg: 68.07, took: 2.17s
Epoch 4, 6.4%	 loss: 2.336 acc@1: 50.00 mrr: 63.50, ndcg: 68.69, took: 2.17s
Epoch 4, 8.5%	 loss: 2.396 acc@1: 48.67 mrr: 62.61, ndcg: 67.77, took: 2.17s
Epoch 4, 10.6%	 loss: 2.501 acc@1: 49.30 mrr: 62.27, ndcg: 67.22, took: 2.19s
Epoch 4, 12.8%	 loss: 2.413 acc@1: 49.96 mrr: 63.33, ndcg: 68.41, took: 1.99s
Epoch 4, 14.9%	 loss: 2.410 acc@1: 50.86 mrr: 63.79, ndcg: 68.70, took: 1.88s
Epoch 4, 17.0%	 loss: 2.318 acc@1: 49.88 mrr: 63.80, ndcg: 69.01, took: 1.96s
Epoch 4, 19.1%	 loss: 2.348 acc@1: 49.14 mrr: 62.89, ndcg: 68.15, took: 1.99s
Epoch 4, 21.3%	 loss: 2.257 acc@1: 50.82 mrr: 64.68, ndcg: 69.88, took: 1.89s
Epoch 4, 23.4%	 loss: 2.395 acc@1: 49.69 mrr: 63.03, ndcg: 68.17, took: 1.98s
Epoch 4, 25.5%	 loss: 2.340 acc@1: 50.16 mrr: 63.69, ndcg: 68.85, took: 1.92s
Epoch 4, 27.7%	 loss: 2.465 acc@1: 48.52 mrr: 62.31, ndcg: 67.55, took: 1.97s
Epoch 4, 29.8%	 loss: 2.301 acc@1: 50.70 mrr: 64.50, ndcg: 69.63, took: 2.01s
Epoch 4, 31.9%	 loss: 2.490 acc@1: 48.91 mrr: 62.17, ndcg: 67.09, took: 1.86s
Epoch 4, 34.0%	 loss: 2.317 acc@1: 49.06 mrr: 63.10, ndcg: 68.54, took: 1.93s
Epoch 4, 36.2%	 loss: 2.305 acc@1: 50.55 mrr: 63.89, ndcg: 69.14, took: 2.00s
Epoch 4, 38.3%	 loss: 2.360 acc@1: 49.53 mrr: 62.98, ndcg: 68.18, took: 1.98s
Epoch 4, 40.4%	 loss: 2.373 acc@1: 50.00 mrr: 63.40, ndcg: 68.66, took: 1.95s
Epoch 4, 42.6%	 loss: 2.328 acc@1: 49.92 mrr: 63.49, ndcg: 68.74, took: 1.95s
Epoch 4, 44.7%	 loss: 2.365 acc@1: 49.84 mrr: 63.47, ndcg: 68.62, took: 1.99s
Epoch 4, 46.8%	 loss: 2.416 acc@1: 49.45 mrr: 62.94, ndcg: 67.88, took: 2.04s
Epoch 4, 48.9%	 loss: 2.306 acc@1: 49.22 mrr: 63.39, ndcg: 68.97, took: 1.89s
Epoch 4, 51.1%	 loss: 2.371 acc@1: 49.65 mrr: 63.56, ndcg: 68.91, took: 1.97s
Epoch 4, 53.2%	 loss: 2.307 acc@1: 51.33 mrr: 64.50, ndcg: 69.44, took: 1.97s
Epoch 4, 55.3%	 loss: 2.369 acc@1: 50.35 mrr: 63.58, ndcg: 68.58, took: 1.89s
Epoch 4, 57.4%	 loss: 2.346 acc@1: 51.48 mrr: 64.46, ndcg: 69.43, took: 1.89s
Epoch 4, 59.6%	 loss: 2.402 acc@1: 49.02 mrr: 62.61, ndcg: 67.83, took: 1.92s
Epoch 4, 61.7%	 loss: 2.396 acc@1: 50.00 mrr: 63.37, ndcg: 68.58, took: 1.88s
Epoch 4, 63.8%	 loss: 2.309 acc@1: 50.66 mrr: 64.00, ndcg: 69.19, took: 1.98s
Epoch 4, 66.0%	 loss: 2.357 acc@1: 49.84 mrr: 63.50, ndcg: 68.58, took: 1.92s
Epoch 4, 68.1%	 loss: 2.353 acc@1: 50.04 mrr: 63.43, ndcg: 68.57, took: 1.92s
Epoch 4, 70.2%	 loss: 2.346 acc@1: 50.35 mrr: 63.57, ndcg: 68.64, took: 1.93s
Epoch 4, 72.3%	 loss: 2.282 acc@1: 50.94 mrr: 64.32, ndcg: 69.30, took: 1.76s
Epoch 4, 74.5%	 loss: 2.355 acc@1: 49.92 mrr: 63.53, ndcg: 68.68, took: 1.76s
Epoch 4, 76.6%	 loss: 2.289 acc@1: 49.65 mrr: 63.65, ndcg: 69.06, took: 1.78s
Epoch 4, 78.7%	 loss: 2.385 acc@1: 48.28 mrr: 62.50, ndcg: 68.10, took: 1.93s
Epoch 4, 80.9%	 loss: 2.239 acc@1: 51.13 mrr: 64.58, ndcg: 69.99, took: 1.82s
Epoch 4, 83.0%	 loss: 2.446 acc@1: 49.06 mrr: 62.43, ndcg: 67.45, took: 1.92s
Epoch 4, 85.1%	 loss: 2.355 acc@1: 50.39 mrr: 63.66, ndcg: 68.71, took: 1.92s
Epoch 4, 87.2%	 loss: 2.306 acc@1: 49.49 mrr: 63.40, ndcg: 68.80, took: 1.86s
Epoch 4, 89.4%	 loss: 2.356 acc@1: 49.80 mrr: 63.57, ndcg: 68.79, took: 1.79s
Epoch 4, 91.5%	 loss: 2.389 acc@1: 49.61 mrr: 63.01, ndcg: 68.18, took: 1.79s
Epoch 4, 93.6%	 loss: 2.310 acc@1: 51.02 mrr: 64.17, ndcg: 69.12, took: 1.86s
Epoch 4, 95.7%	 loss: 2.304 acc@1: 49.57 mrr: 63.55, ndcg: 68.86, took: 1.82s
Epoch 4, 97.9%	 loss: 2.204 acc@1: 51.48 mrr: 65.26, ndcg: 70.42, took: 1.87s
Epoch 4, 100.0%	 loss: 2.318 acc@1: 50.20 mrr: 63.97, ndcg: 69.21, took: 1.85s
Validation - loss: 2.9864, acc@1: 48.62%, f1: 40.55%, mrr: 61.06%, ndcg: 65.82%
Current learning rate: 0.001917

=== Epoch 5 ===
Epoch 5, 2.1%	 loss: 2.109 acc@1: 50.74 mrr: 64.76, ndcg: 70.26, took: 1.91s
Epoch 5, 4.3%	 loss: 2.166 acc@1: 51.48 mrr: 64.80, ndcg: 70.04, took: 1.91s
Epoch 5, 6.4%	 loss: 2.137 acc@1: 49.88 mrr: 64.30, ndcg: 69.79, took: 1.84s
Epoch 5, 8.5%	 loss: 2.303 acc@1: 48.48 mrr: 62.22, ndcg: 67.55, took: 1.75s
Epoch 5, 10.6%	 loss: 2.126 acc@1: 52.30 mrr: 65.44, ndcg: 70.38, took: 1.69s
Epoch 5, 12.8%	 loss: 2.190 acc@1: 49.26 mrr: 63.72, ndcg: 69.34, took: 1.92s
Epoch 5, 14.9%	 loss: 2.207 acc@1: 49.84 mrr: 63.70, ndcg: 69.20, took: 1.94s
Epoch 5, 17.0%	 loss: 2.159 acc@1: 52.15 mrr: 65.21, ndcg: 70.23, took: 1.81s
Epoch 5, 19.1%	 loss: 2.245 acc@1: 50.35 mrr: 63.78, ndcg: 68.83, took: 1.88s
Epoch 5, 21.3%	 loss: 2.190 acc@1: 50.12 mrr: 63.69, ndcg: 69.00, took: 1.79s
Epoch 5, 23.4%	 loss: 2.212 acc@1: 51.99 mrr: 64.93, ndcg: 69.72, took: 1.74s
Epoch 5, 25.5%	 loss: 2.130 acc@1: 51.88 mrr: 65.24, ndcg: 70.29, took: 1.81s
Epoch 5, 27.7%	 loss: 2.151 acc@1: 52.19 mrr: 65.17, ndcg: 70.15, took: 1.88s
Epoch 5, 29.8%	 loss: 2.211 acc@1: 49.65 mrr: 63.66, ndcg: 68.96, took: 1.85s
Epoch 5, 31.9%	 loss: 2.201 acc@1: 51.29 mrr: 64.58, ndcg: 69.59, took: 1.79s
Epoch 5, 34.0%	 loss: 2.231 acc@1: 51.29 mrr: 64.24, ndcg: 69.13, took: 1.80s
Epoch 5, 36.2%	 loss: 2.262 acc@1: 50.94 mrr: 63.92, ndcg: 68.86, took: 1.98s
Epoch 5, 38.3%	 loss: 2.168 acc@1: 51.64 mrr: 64.87, ndcg: 70.05, took: 1.89s
Epoch 5, 40.4%	 loss: 2.175 acc@1: 51.21 mrr: 64.56, ndcg: 69.50, took: 1.85s
Epoch 5, 42.6%	 loss: 2.070 acc@1: 52.81 mrr: 66.22, ndcg: 71.36, took: 1.88s
Epoch 5, 44.7%	 loss: 2.242 acc@1: 50.86 mrr: 64.12, ndcg: 69.26, took: 1.88s
Epoch 5, 46.8%	 loss: 2.237 acc@1: 50.74 mrr: 64.19, ndcg: 69.34, took: 1.89s
Epoch 5, 48.9%	 loss: 2.231 acc@1: 51.21 mrr: 64.35, ndcg: 69.28, took: 1.94s
Epoch 5, 51.1%	 loss: 2.199 acc@1: 50.74 mrr: 64.27, ndcg: 69.56, took: 1.87s
Epoch 5, 53.2%	 loss: 2.117 acc@1: 52.93 mrr: 65.98, ndcg: 71.02, took: 1.84s
Epoch 5, 55.3%	 loss: 2.249 acc@1: 50.86 mrr: 64.07, ndcg: 69.18, took: 1.86s
Epoch 5, 57.4%	 loss: 2.263 acc@1: 49.92 mrr: 63.34, ndcg: 68.38, took: 1.93s
Epoch 5, 59.6%	 loss: 2.362 acc@1: 49.18 mrr: 62.70, ndcg: 67.77, took: 1.94s
Epoch 5, 61.7%	 loss: 2.156 acc@1: 51.68 mrr: 64.81, ndcg: 69.98, took: 1.87s
Epoch 5, 63.8%	 loss: 2.154 acc@1: 51.48 mrr: 65.20, ndcg: 70.23, took: 1.74s
Epoch 5, 66.0%	 loss: 2.117 acc@1: 51.25 mrr: 64.84, ndcg: 70.04, took: 1.83s
Epoch 5, 68.1%	 loss: 2.209 acc@1: 51.64 mrr: 65.01, ndcg: 69.86, took: 1.84s
Epoch 5, 70.2%	 loss: 2.185 acc@1: 50.59 mrr: 64.50, ndcg: 69.69, took: 1.93s
Epoch 5, 72.3%	 loss: 2.153 acc@1: 52.46 mrr: 65.38, ndcg: 70.43, took: 1.88s
Epoch 5, 74.5%	 loss: 2.087 acc@1: 52.85 mrr: 65.89, ndcg: 70.78, took: 1.87s
Epoch 5, 76.6%	 loss: 2.258 acc@1: 50.66 mrr: 63.77, ndcg: 68.74, took: 1.90s
Epoch 5, 78.7%	 loss: 2.189 acc@1: 51.41 mrr: 64.71, ndcg: 69.88, took: 1.94s
Epoch 5, 80.9%	 loss: 2.265 acc@1: 51.05 mrr: 64.00, ndcg: 69.02, took: 1.88s
Epoch 5, 83.0%	 loss: 2.148 acc@1: 52.38 mrr: 65.32, ndcg: 70.26, took: 1.92s
Epoch 5, 85.1%	 loss: 2.234 acc@1: 50.66 mrr: 64.14, ndcg: 69.24, took: 1.86s
Epoch 5, 87.2%	 loss: 2.190 acc@1: 51.60 mrr: 64.50, ndcg: 69.47, took: 1.87s
Epoch 5, 89.4%	 loss: 2.145 acc@1: 52.42 mrr: 65.57, ndcg: 70.62, took: 1.80s
Epoch 5, 91.5%	 loss: 2.189 acc@1: 53.09 mrr: 65.70, ndcg: 70.45, took: 1.69s
Epoch 5, 93.6%	 loss: 2.169 acc@1: 50.94 mrr: 64.40, ndcg: 69.55, took: 1.78s
Epoch 5, 95.7%	 loss: 2.263 acc@1: 52.46 mrr: 64.75, ndcg: 69.26, took: 1.94s
Epoch 5, 97.9%	 loss: 2.229 acc@1: 51.84 mrr: 64.68, ndcg: 69.52, took: 1.84s
Epoch 5, 100.0%	 loss: 2.237 acc@1: 50.98 mrr: 64.24, ndcg: 69.43, took: 1.79s
Validation - loss: 2.9431, acc@1: 49.51%, f1: 42.14%, mrr: 61.56%, ndcg: 66.25%
Current learning rate: 0.001875

=== Epoch 6 ===
Epoch 6, 2.1%	 loss: 2.007 acc@1: 53.01 mrr: 66.30, ndcg: 71.42, took: 1.94s
Epoch 6, 4.3%	 loss: 2.125 acc@1: 51.33 mrr: 64.88, ndcg: 69.91, took: 1.93s
Epoch 6, 6.4%	 loss: 2.044 acc@1: 51.99 mrr: 65.16, ndcg: 70.27, took: 1.91s
Epoch 6, 8.5%	 loss: 2.069 acc@1: 52.66 mrr: 65.54, ndcg: 70.58, took: 1.91s
Epoch 6, 10.6%	 loss: 2.068 acc@1: 52.03 mrr: 65.35, ndcg: 70.34, took: 2.12s
Epoch 6, 12.8%	 loss: 2.099 acc@1: 51.76 mrr: 65.01, ndcg: 70.00, took: 1.93s
Epoch 6, 14.9%	 loss: 2.095 acc@1: 52.54 mrr: 65.31, ndcg: 70.25, took: 1.86s
Epoch 6, 17.0%	 loss: 2.024 acc@1: 52.70 mrr: 65.91, ndcg: 70.86, took: 1.79s
Epoch 6, 19.1%	 loss: 2.081 acc@1: 52.46 mrr: 65.43, ndcg: 70.47, took: 1.81s
Epoch 6, 21.3%	 loss: 2.103 acc@1: 51.80 mrr: 64.84, ndcg: 69.82, took: 1.76s
Epoch 6, 23.4%	 loss: 2.069 acc@1: 51.17 mrr: 64.80, ndcg: 69.99, took: 1.78s
Epoch 6, 25.5%	 loss: 2.051 acc@1: 51.95 mrr: 65.15, ndcg: 70.24, took: 1.73s
Epoch 6, 27.7%	 loss: 2.078 acc@1: 52.54 mrr: 65.60, ndcg: 70.46, took: 1.93s
Epoch 6, 29.8%	 loss: 2.103 acc@1: 52.66 mrr: 65.37, ndcg: 70.11, took: 1.85s
Epoch 6, 31.9%	 loss: 2.139 acc@1: 52.03 mrr: 64.90, ndcg: 69.76, took: 1.82s
Epoch 6, 34.0%	 loss: 2.015 acc@1: 54.22 mrr: 66.71, ndcg: 71.83, took: 2.08s
Epoch 6, 36.2%	 loss: 2.067 acc@1: 52.46 mrr: 65.76, ndcg: 70.68, took: 1.89s
Epoch 6, 38.3%	 loss: 2.052 acc@1: 51.99 mrr: 65.51, ndcg: 70.65, took: 1.77s
Epoch 6, 40.4%	 loss: 2.084 acc@1: 52.11 mrr: 65.06, ndcg: 70.15, took: 1.84s
Epoch 6, 42.6%	 loss: 2.150 acc@1: 51.17 mrr: 64.31, ndcg: 69.32, took: 1.93s
Epoch 6, 44.7%	 loss: 2.179 acc@1: 51.33 mrr: 64.12, ndcg: 69.12, took: 1.85s
Epoch 6, 46.8%	 loss: 2.104 acc@1: 53.05 mrr: 65.40, ndcg: 70.17, took: 1.87s
Epoch 6, 48.9%	 loss: 2.145 acc@1: 51.41 mrr: 64.36, ndcg: 69.30, took: 1.94s
Epoch 6, 51.1%	 loss: 2.063 acc@1: 52.58 mrr: 65.57, ndcg: 70.57, took: 1.92s
Epoch 6, 53.2%	 loss: 2.159 acc@1: 51.52 mrr: 64.63, ndcg: 69.52, took: 1.92s
Epoch 6, 55.3%	 loss: 2.056 acc@1: 53.16 mrr: 66.20, ndcg: 71.08, took: 1.91s
Epoch 6, 57.4%	 loss: 2.161 acc@1: 50.08 mrr: 64.09, ndcg: 69.47, took: 1.87s
Epoch 6, 59.6%	 loss: 2.207 acc@1: 50.16 mrr: 63.73, ndcg: 68.83, took: 1.89s
Epoch 6, 61.7%	 loss: 2.024 acc@1: 51.84 mrr: 65.34, ndcg: 70.75, took: 2.10s
Epoch 6, 63.8%	 loss: 2.136 acc@1: 50.94 mrr: 64.42, ndcg: 69.78, took: 2.00s
Epoch 6, 66.0%	 loss: 2.138 acc@1: 50.94 mrr: 64.60, ndcg: 69.79, took: 1.90s
Epoch 6, 68.1%	 loss: 2.096 acc@1: 53.36 mrr: 65.96, ndcg: 70.53, took: 2.06s
Epoch 6, 70.2%	 loss: 2.180 acc@1: 50.27 mrr: 63.63, ndcg: 69.06, took: 2.08s
Epoch 6, 72.3%	 loss: 2.138 acc@1: 51.76 mrr: 64.77, ndcg: 69.65, took: 1.98s
Epoch 6, 74.5%	 loss: 2.156 acc@1: 51.80 mrr: 64.86, ndcg: 69.62, took: 2.01s
Epoch 6, 76.6%	 loss: 2.129 acc@1: 53.16 mrr: 65.43, ndcg: 70.14, took: 1.98s
Epoch 6, 78.7%	 loss: 2.131 acc@1: 51.72 mrr: 64.81, ndcg: 69.82, took: 1.97s
Epoch 6, 80.9%	 loss: 2.011 acc@1: 54.22 mrr: 67.01, ndcg: 71.84, took: 2.00s
Epoch 6, 83.0%	 loss: 2.141 acc@1: 52.89 mrr: 65.65, ndcg: 70.39, took: 2.01s
Epoch 6, 85.1%	 loss: 2.101 acc@1: 50.55 mrr: 64.35, ndcg: 69.62, took: 2.01s
Epoch 6, 87.2%	 loss: 2.027 acc@1: 52.73 mrr: 66.24, ndcg: 71.35, took: 2.04s
Epoch 6, 89.4%	 loss: 2.148 acc@1: 51.02 mrr: 64.37, ndcg: 69.54, took: 1.89s
Epoch 6, 91.5%	 loss: 2.038 acc@1: 53.48 mrr: 66.35, ndcg: 71.30, took: 1.73s
Epoch 6, 93.6%	 loss: 2.038 acc@1: 52.97 mrr: 66.24, ndcg: 71.33, took: 1.95s
Epoch 6, 95.7%	 loss: 2.082 acc@1: 53.16 mrr: 66.21, ndcg: 71.19, took: 1.89s
Epoch 6, 97.9%	 loss: 2.104 acc@1: 52.23 mrr: 65.34, ndcg: 70.33, took: 2.00s
Epoch 6, 100.0%	 loss: 2.167 acc@1: 52.34 mrr: 65.07, ndcg: 70.05, took: 2.02s
Validation - loss: 2.9490, acc@1: 50.16%, f1: 42.69%, mrr: 62.03%, ndcg: 66.57%
Current learning rate: 0.001833

=== Epoch 7 ===
Epoch 7, 2.1%	 loss: 2.004 acc@1: 52.97 mrr: 65.76, ndcg: 70.87, took: 1.94s
Epoch 7, 4.3%	 loss: 1.981 acc@1: 53.48 mrr: 66.52, ndcg: 71.56, took: 1.85s
Epoch 7, 6.4%	 loss: 1.942 acc@1: 53.16 mrr: 66.39, ndcg: 71.68, took: 1.74s
Epoch 7, 8.5%	 loss: 2.004 acc@1: 53.12 mrr: 66.01, ndcg: 70.96, took: 1.88s
Epoch 7, 10.6%	 loss: 1.976 acc@1: 53.79 mrr: 66.73, ndcg: 71.76, took: 1.95s
Epoch 7, 12.8%	 loss: 2.010 acc@1: 52.07 mrr: 65.41, ndcg: 70.40, took: 1.96s
Epoch 7, 14.9%	 loss: 2.005 acc@1: 53.44 mrr: 66.51, ndcg: 71.38, took: 1.93s
Epoch 7, 17.0%	 loss: 1.975 acc@1: 52.85 mrr: 66.20, ndcg: 71.36, took: 1.91s
Epoch 7, 19.1%	 loss: 1.996 acc@1: 53.71 mrr: 66.25, ndcg: 71.06, took: 1.95s
Epoch 7, 21.3%	 loss: 2.046 acc@1: 52.38 mrr: 65.51, ndcg: 70.47, took: 1.89s
Epoch 7, 23.4%	 loss: 2.019 acc@1: 53.20 mrr: 65.98, ndcg: 70.88, took: 1.75s
Epoch 7, 25.5%	 loss: 2.046 acc@1: 53.24 mrr: 66.20, ndcg: 70.82, took: 1.71s
Epoch 7, 27.7%	 loss: 2.017 acc@1: 52.34 mrr: 65.63, ndcg: 70.58, took: 1.77s
Epoch 7, 29.8%	 loss: 2.077 acc@1: 51.25 mrr: 64.67, ndcg: 69.69, took: 1.91s
Epoch 7, 31.9%	 loss: 2.082 acc@1: 52.54 mrr: 65.42, ndcg: 70.24, took: 1.87s
Epoch 7, 34.0%	 loss: 1.962 acc@1: 53.16 mrr: 66.58, ndcg: 71.65, took: 1.81s
Epoch 7, 36.2%	 loss: 2.041 acc@1: 52.62 mrr: 65.83, ndcg: 70.92, took: 1.95s
Epoch 7, 38.3%	 loss: 2.027 acc@1: 53.63 mrr: 66.46, ndcg: 71.39, took: 1.94s
Epoch 7, 40.4%	 loss: 2.035 acc@1: 53.98 mrr: 66.49, ndcg: 71.15, took: 1.90s
Epoch 7, 42.6%	 loss: 2.054 acc@1: 53.28 mrr: 65.77, ndcg: 70.72, took: 1.98s
Epoch 7, 44.7%	 loss: 2.010 acc@1: 53.52 mrr: 66.16, ndcg: 71.05, took: 1.86s
Epoch 7, 46.8%	 loss: 2.041 acc@1: 52.73 mrr: 65.74, ndcg: 70.76, took: 1.74s
Epoch 7, 48.9%	 loss: 2.001 acc@1: 53.71 mrr: 66.42, ndcg: 71.34, took: 1.72s
Epoch 7, 51.1%	 loss: 2.007 acc@1: 52.81 mrr: 66.05, ndcg: 71.05, took: 1.77s
Epoch 7, 53.2%	 loss: 2.071 acc@1: 52.73 mrr: 65.41, ndcg: 70.28, took: 1.93s
Epoch 7, 55.3%	 loss: 2.013 acc@1: 53.44 mrr: 66.26, ndcg: 71.15, took: 1.86s
Epoch 7, 57.4%	 loss: 2.053 acc@1: 53.83 mrr: 66.25, ndcg: 71.11, took: 1.90s
Epoch 7, 59.6%	 loss: 2.005 acc@1: 53.20 mrr: 66.07, ndcg: 70.94, took: 1.95s
Epoch 7, 61.7%	 loss: 2.130 acc@1: 50.66 mrr: 64.53, ndcg: 69.64, took: 1.91s
Epoch 7, 63.8%	 loss: 2.080 acc@1: 50.39 mrr: 64.43, ndcg: 69.77, took: 1.80s
Epoch 7, 66.0%	 loss: 2.041 acc@1: 52.19 mrr: 65.49, ndcg: 70.48, took: 1.92s
Epoch 7, 68.1%	 loss: 2.012 acc@1: 54.22 mrr: 66.48, ndcg: 71.36, took: 1.80s
Epoch 7, 70.2%	 loss: 2.097 acc@1: 52.85 mrr: 65.57, ndcg: 70.35, took: 1.84s
Epoch 7, 72.3%	 loss: 1.977 acc@1: 54.96 mrr: 67.33, ndcg: 72.17, took: 1.76s
Epoch 7, 74.5%	 loss: 2.071 acc@1: 52.66 mrr: 65.52, ndcg: 70.46, took: 1.89s
Epoch 7, 76.6%	 loss: 2.095 acc@1: 52.30 mrr: 65.20, ndcg: 70.30, took: 1.94s
Epoch 7, 78.7%	 loss: 2.117 acc@1: 53.36 mrr: 65.68, ndcg: 70.43, took: 1.88s
Epoch 7, 80.9%	 loss: 1.988 acc@1: 53.75 mrr: 66.80, ndcg: 71.71, took: 1.99s
Epoch 7, 83.0%	 loss: 2.049 acc@1: 52.58 mrr: 65.60, ndcg: 70.58, took: 1.89s
Epoch 7, 85.1%	 loss: 1.993 acc@1: 53.40 mrr: 66.31, ndcg: 71.24, took: 2.01s
Epoch 7, 87.2%	 loss: 2.110 acc@1: 52.15 mrr: 65.04, ndcg: 70.02, took: 1.94s
Epoch 7, 89.4%	 loss: 2.033 acc@1: 53.32 mrr: 66.14, ndcg: 71.07, took: 1.80s
Epoch 7, 91.5%	 loss: 2.020 acc@1: 52.73 mrr: 65.84, ndcg: 70.82, took: 1.75s
Epoch 7, 93.6%	 loss: 2.033 acc@1: 52.70 mrr: 66.04, ndcg: 71.02, took: 1.94s
Epoch 7, 95.7%	 loss: 2.127 acc@1: 51.99 mrr: 64.81, ndcg: 69.52, took: 1.88s
Epoch 7, 97.9%	 loss: 2.054 acc@1: 52.66 mrr: 65.87, ndcg: 70.75, took: 1.97s
Epoch 7, 100.0%	 loss: 1.995 acc@1: 55.51 mrr: 67.62, ndcg: 72.23, took: 1.85s
Validation - loss: 2.9381, acc@1: 50.13%, f1: 42.69%, mrr: 62.07%, ndcg: 66.68%
Current learning rate: 0.001792

=== Epoch 8 ===
Epoch 8, 2.1%	 loss: 1.909 acc@1: 54.41 mrr: 67.11, ndcg: 72.21, took: 1.93s
Epoch 8, 4.3%	 loss: 1.914 acc@1: 53.95 mrr: 66.66, ndcg: 71.74, took: 1.90s
Epoch 8, 6.4%	 loss: 1.897 acc@1: 54.84 mrr: 67.57, ndcg: 72.58, took: 2.00s
Epoch 8, 8.5%	 loss: 1.847 acc@1: 55.35 mrr: 68.19, ndcg: 73.31, took: 1.89s
Epoch 8, 10.6%	 loss: 1.939 acc@1: 53.09 mrr: 66.09, ndcg: 71.21, took: 1.82s
Epoch 8, 12.8%	 loss: 1.935 acc@1: 53.44 mrr: 66.53, ndcg: 71.60, took: 1.90s
Epoch 8, 14.9%	 loss: 1.951 acc@1: 53.71 mrr: 66.39, ndcg: 71.41, took: 1.86s
Epoch 8, 17.0%	 loss: 1.882 acc@1: 54.73 mrr: 67.34, ndcg: 72.35, took: 1.87s
Epoch 8, 19.1%	 loss: 1.951 acc@1: 53.75 mrr: 66.62, ndcg: 71.63, took: 1.94s
Epoch 8, 21.3%	 loss: 1.936 acc@1: 53.55 mrr: 66.69, ndcg: 71.70, took: 1.91s
Epoch 8, 23.4%	 loss: 1.941 acc@1: 53.59 mrr: 66.61, ndcg: 71.75, took: 1.82s
Epoch 8, 25.5%	 loss: 1.997 acc@1: 54.06 mrr: 66.42, ndcg: 71.21, took: 1.90s
Epoch 8, 27.7%	 loss: 2.012 acc@1: 53.91 mrr: 66.40, ndcg: 71.16, took: 1.79s
Epoch 8, 29.8%	 loss: 2.100 acc@1: 51.02 mrr: 64.42, ndcg: 69.29, took: 1.87s
Epoch 8, 31.9%	 loss: 1.981 acc@1: 53.28 mrr: 66.10, ndcg: 71.07, took: 1.81s
Epoch 8, 34.0%	 loss: 1.943 acc@1: 54.22 mrr: 66.99, ndcg: 71.83, took: 1.81s
Epoch 8, 36.2%	 loss: 1.969 acc@1: 54.34 mrr: 66.70, ndcg: 71.39, took: 1.86s
Epoch 8, 38.3%	 loss: 1.959 acc@1: 53.75 mrr: 66.61, ndcg: 71.33, took: 1.87s
Epoch 8, 40.4%	 loss: 1.920 acc@1: 54.34 mrr: 67.26, ndcg: 72.15, took: 1.79s
Epoch 8, 42.6%	 loss: 1.950 acc@1: 53.75 mrr: 66.57, ndcg: 71.44, took: 1.87s
Epoch 8, 44.7%	 loss: 1.970 acc@1: 54.34 mrr: 66.72, ndcg: 71.36, took: 1.94s
Epoch 8, 46.8%	 loss: 1.934 acc@1: 53.20 mrr: 66.39, ndcg: 71.48, took: 1.95s
Epoch 8, 48.9%	 loss: 1.989 acc@1: 54.30 mrr: 66.68, ndcg: 71.40, took: 1.95s
Epoch 8, 51.1%	 loss: 1.975 acc@1: 52.81 mrr: 66.23, ndcg: 71.30, took: 1.90s
Epoch 8, 53.2%	 loss: 2.009 acc@1: 54.06 mrr: 66.46, ndcg: 71.19, took: 1.82s
Epoch 8, 55.3%	 loss: 1.974 acc@1: 53.09 mrr: 66.02, ndcg: 71.16, took: 1.74s
Epoch 8, 57.4%	 loss: 1.957 acc@1: 54.84 mrr: 67.02, ndcg: 71.64, took: 1.85s
Epoch 8, 59.6%	 loss: 1.928 acc@1: 55.35 mrr: 67.77, ndcg: 72.53, took: 1.91s
Epoch 8, 61.7%	 loss: 2.028 acc@1: 54.34 mrr: 66.34, ndcg: 71.08, took: 1.84s
Epoch 8, 63.8%	 loss: 2.001 acc@1: 54.57 mrr: 66.94, ndcg: 71.48, took: 1.76s
Epoch 8, 66.0%	 loss: 1.982 acc@1: 53.28 mrr: 66.35, ndcg: 71.39, took: 1.84s
Epoch 8, 68.1%	 loss: 2.033 acc@1: 53.48 mrr: 66.11, ndcg: 71.02, took: 1.90s
Epoch 8, 70.2%	 loss: 2.038 acc@1: 52.81 mrr: 65.86, ndcg: 70.82, took: 2.01s
Epoch 8, 72.3%	 loss: 2.031 acc@1: 52.73 mrr: 65.52, ndcg: 70.48, took: 1.83s
Epoch 8, 74.5%	 loss: 2.030 acc@1: 53.59 mrr: 65.76, ndcg: 70.63, took: 1.93s
Epoch 8, 76.6%	 loss: 2.026 acc@1: 53.63 mrr: 65.96, ndcg: 70.72, took: 1.97s
Epoch 8, 78.7%	 loss: 2.009 acc@1: 54.06 mrr: 66.46, ndcg: 71.13, took: 1.94s
Epoch 8, 80.9%	 loss: 1.978 acc@1: 53.98 mrr: 67.08, ndcg: 71.89, took: 1.87s
Epoch 8, 83.0%	 loss: 1.957 acc@1: 54.80 mrr: 67.25, ndcg: 72.03, took: 1.93s
Epoch 8, 85.1%	 loss: 2.026 acc@1: 53.79 mrr: 66.18, ndcg: 70.93, took: 1.93s
Epoch 8, 87.2%	 loss: 2.007 acc@1: 53.71 mrr: 66.41, ndcg: 71.32, took: 1.87s
Epoch 8, 89.4%	 loss: 1.990 acc@1: 53.75 mrr: 66.66, ndcg: 71.43, took: 1.76s
Epoch 8, 91.5%	 loss: 1.918 acc@1: 55.12 mrr: 67.53, ndcg: 72.37, took: 1.84s
Epoch 8, 93.6%	 loss: 2.008 acc@1: 52.19 mrr: 65.75, ndcg: 70.91, took: 1.95s
Epoch 8, 95.7%	 loss: 2.009 acc@1: 54.18 mrr: 66.60, ndcg: 71.32, took: 1.85s
Epoch 8, 97.9%	 loss: 1.936 acc@1: 56.64 mrr: 68.24, ndcg: 72.65, took: 1.89s
Epoch 8, 100.0%	 loss: 2.037 acc@1: 53.05 mrr: 65.88, ndcg: 70.71, took: 1.90s
Validation - loss: 2.9432, acc@1: 50.76%, f1: 43.41%, mrr: 62.35%, ndcg: 66.93%
Current learning rate: 0.001750

=== Epoch 9 ===
Epoch 9, 2.1%	 loss: 1.799 acc@1: 56.17 mrr: 68.53, ndcg: 73.52, took: 1.93s
Epoch 9, 4.3%	 loss: 1.958 acc@1: 52.77 mrr: 65.99, ndcg: 71.07, took: 1.90s
Epoch 9, 6.4%	 loss: 1.822 acc@1: 55.04 mrr: 67.80, ndcg: 72.92, took: 1.91s
Epoch 9, 8.5%	 loss: 1.885 acc@1: 55.00 mrr: 67.56, ndcg: 72.46, took: 1.85s
Epoch 9, 10.6%	 loss: 1.891 acc@1: 54.57 mrr: 67.42, ndcg: 72.44, took: 1.90s
Epoch 9, 12.8%	 loss: 1.841 acc@1: 54.92 mrr: 67.64, ndcg: 72.55, took: 1.94s
Epoch 9, 14.9%	 loss: 1.818 acc@1: 56.68 mrr: 69.01, ndcg: 73.87, took: 1.87s
Epoch 9, 17.0%	 loss: 1.930 acc@1: 54.26 mrr: 66.80, ndcg: 71.66, took: 1.73s
Epoch 9, 19.1%	 loss: 1.927 acc@1: 54.57 mrr: 67.00, ndcg: 71.88, took: 1.75s
Epoch 9, 21.3%	 loss: 1.841 acc@1: 55.70 mrr: 68.20, ndcg: 73.17, took: 1.82s
Epoch 9, 23.4%	 loss: 1.884 acc@1: 55.16 mrr: 67.78, ndcg: 72.73, took: 1.92s
Epoch 9, 25.5%	 loss: 1.921 acc@1: 53.63 mrr: 66.50, ndcg: 71.55, took: 1.81s
Epoch 9, 27.7%	 loss: 1.956 acc@1: 53.36 mrr: 66.14, ndcg: 71.16, took: 1.78s
Epoch 9, 29.8%	 loss: 1.893 acc@1: 55.12 mrr: 67.81, ndcg: 72.49, took: 1.90s
Epoch 9, 31.9%	 loss: 1.955 acc@1: 53.98 mrr: 66.71, ndcg: 71.58, took: 1.84s
Epoch 9, 34.0%	 loss: 1.929 acc@1: 53.75 mrr: 66.79, ndcg: 71.69, took: 1.85s
Epoch 9, 36.2%	 loss: 1.911 acc@1: 55.08 mrr: 67.29, ndcg: 71.88, took: 1.88s
Epoch 9, 38.3%	 loss: 1.885 acc@1: 54.96 mrr: 67.70, ndcg: 72.55, took: 1.87s
Epoch 9, 40.4%	 loss: 1.939 acc@1: 54.80 mrr: 67.09, ndcg: 71.69, took: 1.82s
Epoch 9, 42.6%	 loss: 1.916 acc@1: 55.31 mrr: 67.62, ndcg: 72.36, took: 1.77s
Epoch 9, 44.7%	 loss: 1.928 acc@1: 54.41 mrr: 67.15, ndcg: 72.10, took: 1.81s
Epoch 9, 46.8%	 loss: 1.869 acc@1: 57.23 mrr: 68.88, ndcg: 73.32, took: 1.90s
Epoch 9, 48.9%	 loss: 1.877 acc@1: 53.95 mrr: 66.81, ndcg: 71.97, took: 1.86s
Epoch 9, 51.1%	 loss: 1.911 acc@1: 55.12 mrr: 67.45, ndcg: 72.30, took: 1.94s
Epoch 9, 53.2%	 loss: 1.827 acc@1: 56.21 mrr: 68.68, ndcg: 73.39, took: 1.86s
Epoch 9, 55.3%	 loss: 1.958 acc@1: 54.69 mrr: 66.87, ndcg: 71.63, took: 1.88s
Epoch 9, 57.4%	 loss: 1.981 acc@1: 52.62 mrr: 65.84, ndcg: 70.75, took: 1.98s
Epoch 9, 59.6%	 loss: 1.991 acc@1: 53.36 mrr: 66.20, ndcg: 70.99, took: 1.84s
Epoch 9, 61.7%	 loss: 1.958 acc@1: 54.69 mrr: 67.05, ndcg: 71.77, took: 1.87s
Epoch 9, 63.8%	 loss: 1.881 acc@1: 55.55 mrr: 68.00, ndcg: 72.70, took: 1.97s
Epoch 9, 66.0%	 loss: 1.934 acc@1: 55.23 mrr: 67.35, ndcg: 71.95, took: 1.88s
Epoch 9, 68.1%	 loss: 1.965 acc@1: 55.16 mrr: 67.22, ndcg: 71.84, took: 1.96s
Epoch 9, 70.2%	 loss: 1.839 acc@1: 56.33 mrr: 68.49, ndcg: 73.10, took: 1.89s
Epoch 9, 72.3%	 loss: 2.063 acc@1: 53.75 mrr: 65.96, ndcg: 70.86, took: 1.84s
Epoch 9, 74.5%	 loss: 1.896 acc@1: 55.39 mrr: 67.67, ndcg: 72.42, took: 1.95s
Epoch 9, 76.6%	 loss: 1.979 acc@1: 54.06 mrr: 66.45, ndcg: 71.31, took: 1.77s
Epoch 9, 78.7%	 loss: 2.012 acc@1: 52.46 mrr: 65.51, ndcg: 70.46, took: 1.74s
Epoch 9, 80.9%	 loss: 2.025 acc@1: 54.02 mrr: 66.20, ndcg: 70.85, took: 1.86s
Epoch 9, 83.0%	 loss: 1.979 acc@1: 53.36 mrr: 66.20, ndcg: 71.21, took: 1.99s
Epoch 9, 85.1%	 loss: 1.995 acc@1: 53.71 mrr: 66.44, ndcg: 71.29, took: 2.00s
Epoch 9, 87.2%	 loss: 2.049 acc@1: 53.67 mrr: 65.92, ndcg: 70.59, took: 2.04s
Epoch 9, 89.4%	 loss: 1.988 acc@1: 53.71 mrr: 66.35, ndcg: 71.17, took: 1.83s
Epoch 9, 91.5%	 loss: 2.003 acc@1: 54.30 mrr: 66.48, ndcg: 71.27, took: 1.83s
Epoch 9, 93.6%	 loss: 2.014 acc@1: 52.93 mrr: 65.82, ndcg: 70.74, took: 1.78s
Epoch 9, 95.7%	 loss: 1.995 acc@1: 54.61 mrr: 66.83, ndcg: 71.42, took: 1.94s
Epoch 9, 97.9%	 loss: 1.870 acc@1: 56.09 mrr: 68.34, ndcg: 73.17, took: 1.85s
Epoch 9, 100.0%	 loss: 1.936 acc@1: 55.62 mrr: 67.79, ndcg: 72.31, took: 1.93s
Validation - loss: 2.9616, acc@1: 50.46%, f1: 43.78%, mrr: 62.18%, ndcg: 66.73%
Current learning rate: 0.001708

=== Epoch 10 ===
Epoch 10, 2.1%	 loss: 1.791 acc@1: 56.02 mrr: 68.49, ndcg: 73.50, took: 1.78s
Epoch 10, 4.3%	 loss: 1.829 acc@1: 55.70 mrr: 68.32, ndcg: 73.29, took: 1.96s
Epoch 10, 6.4%	 loss: 1.876 acc@1: 54.69 mrr: 67.62, ndcg: 72.78, took: 1.92s
Epoch 10, 8.5%	 loss: 1.867 acc@1: 55.74 mrr: 67.81, ndcg: 72.66, took: 1.80s
Epoch 10, 10.6%	 loss: 1.849 acc@1: 55.90 mrr: 68.08, ndcg: 72.74, took: 1.94s
Epoch 10, 12.8%	 loss: 1.821 acc@1: 56.37 mrr: 68.65, ndcg: 73.47, took: 1.92s
Epoch 10, 14.9%	 loss: 1.885 acc@1: 54.38 mrr: 67.20, ndcg: 72.10, took: 2.01s
Epoch 10, 17.0%	 loss: 1.855 acc@1: 55.43 mrr: 67.93, ndcg: 72.77, took: 1.80s
Epoch 10, 19.1%	 loss: 1.903 acc@1: 54.77 mrr: 67.21, ndcg: 72.14, took: 2.09s
Epoch 10, 21.3%	 loss: 1.849 acc@1: 55.27 mrr: 67.80, ndcg: 72.63, took: 1.85s
Epoch 10, 23.4%	 loss: 1.812 acc@1: 55.94 mrr: 68.36, ndcg: 73.40, took: 1.93s
Epoch 10, 25.5%	 loss: 1.855 acc@1: 55.70 mrr: 68.16, ndcg: 73.13, took: 1.80s
Epoch 10, 27.7%	 loss: 1.930 acc@1: 55.20 mrr: 67.28, ndcg: 72.04, took: 1.85s
Epoch 10, 29.8%	 loss: 1.875 acc@1: 55.31 mrr: 67.65, ndcg: 72.42, took: 1.93s
Epoch 10, 31.9%	 loss: 1.946 acc@1: 53.79 mrr: 66.50, ndcg: 71.47, took: 1.89s
Epoch 10, 34.0%	 loss: 1.835 acc@1: 56.02 mrr: 68.57, ndcg: 73.42, took: 1.89s
Epoch 10, 36.2%	 loss: 1.909 acc@1: 54.61 mrr: 67.07, ndcg: 71.80, took: 1.95s
Epoch 10, 38.3%	 loss: 1.812 acc@1: 57.11 mrr: 69.32, ndcg: 74.07, took: 1.87s
Epoch 10, 40.4%	 loss: 1.834 acc@1: 56.37 mrr: 68.50, ndcg: 73.15, took: 1.92s
Epoch 10, 42.6%	 loss: 1.895 acc@1: 55.12 mrr: 67.56, ndcg: 72.52, took: 2.31s
Epoch 10, 44.7%	 loss: 1.919 acc@1: 54.84 mrr: 67.18, ndcg: 71.95, took: 1.90s
Epoch 10, 46.8%	 loss: 1.827 acc@1: 56.37 mrr: 68.65, ndcg: 73.34, took: 1.86s
Epoch 10, 48.9%	 loss: 1.914 acc@1: 55.55 mrr: 67.56, ndcg: 72.07, took: 1.86s
Epoch 10, 51.1%	 loss: 1.900 acc@1: 56.29 mrr: 68.10, ndcg: 72.69, took: 1.77s
Epoch 10, 53.2%	 loss: 1.887 acc@1: 54.45 mrr: 67.30, ndcg: 72.30, took: 1.94s
Epoch 10, 55.3%	 loss: 1.891 acc@1: 55.66 mrr: 67.89, ndcg: 72.62, took: 1.90s
Epoch 10, 57.4%	 loss: 1.886 acc@1: 56.05 mrr: 68.12, ndcg: 72.85, took: 1.90s
Epoch 10, 59.6%	 loss: 1.941 acc@1: 53.63 mrr: 66.55, ndcg: 71.56, took: 1.91s
Epoch 10, 61.7%	 loss: 1.867 acc@1: 55.59 mrr: 67.75, ndcg: 72.69, took: 1.94s
Epoch 10, 63.8%	 loss: 1.955 acc@1: 54.61 mrr: 66.71, ndcg: 71.42, took: 1.84s
Epoch 10, 66.0%	 loss: 1.890 acc@1: 54.88 mrr: 67.42, ndcg: 72.24, took: 1.67s
Epoch 10, 68.1%	 loss: 1.892 acc@1: 56.02 mrr: 68.12, ndcg: 72.72, took: 1.81s
Epoch 10, 70.2%	 loss: 1.845 acc@1: 56.64 mrr: 68.48, ndcg: 73.17, took: 1.92s
Epoch 10, 72.3%	 loss: 1.917 acc@1: 54.41 mrr: 67.11, ndcg: 71.98, took: 1.84s
Epoch 10, 74.5%	 loss: 1.976 acc@1: 54.26 mrr: 66.48, ndcg: 71.14, took: 1.91s
Epoch 10, 76.6%	 loss: 1.901 acc@1: 56.05 mrr: 67.90, ndcg: 72.57, took: 1.98s
Epoch 10, 78.7%	 loss: 1.989 acc@1: 54.14 mrr: 66.40, ndcg: 71.08, took: 1.85s
Epoch 10, 80.9%	 loss: 1.869 acc@1: 54.61 mrr: 67.65, ndcg: 72.64, took: 1.86s
Epoch 10, 83.0%	 loss: 1.888 acc@1: 55.35 mrr: 67.69, ndcg: 72.59, took: 1.92s
Epoch 10, 85.1%	 loss: 2.021 acc@1: 52.42 mrr: 65.22, ndcg: 70.19, took: 1.92s
Epoch 10, 87.2%	 loss: 1.857 acc@1: 55.62 mrr: 68.21, ndcg: 73.26, took: 1.87s
Epoch 10, 89.4%	 loss: 1.954 acc@1: 55.12 mrr: 67.33, ndcg: 72.01, took: 1.76s
Epoch 10, 91.5%	 loss: 1.877 acc@1: 56.13 mrr: 68.40, ndcg: 73.07, took: 1.66s
Epoch 10, 93.6%	 loss: 1.871 acc@1: 55.82 mrr: 68.05, ndcg: 72.84, took: 1.91s
Epoch 10, 95.7%	 loss: 1.928 acc@1: 55.08 mrr: 67.59, ndcg: 72.39, took: 2.00s
Epoch 10, 97.9%	 loss: 1.913 acc@1: 54.57 mrr: 66.99, ndcg: 71.85, took: 1.94s
Epoch 10, 100.0%	 loss: 1.885 acc@1: 56.29 mrr: 68.30, ndcg: 72.74, took: 1.89s
Validation - loss: 2.9879, acc@1: 50.36%, f1: 43.84%, mrr: 61.91%, ndcg: 66.40%
Current learning rate: 0.001667

=== Epoch 11 ===
Epoch 11, 2.1%	 loss: 1.729 acc@1: 57.11 mrr: 69.51, ndcg: 74.55, took: 1.98s
Epoch 11, 4.3%	 loss: 1.801 acc@1: 55.47 mrr: 68.10, ndcg: 73.22, took: 1.95s
Epoch 11, 6.4%	 loss: 1.831 acc@1: 56.05 mrr: 68.47, ndcg: 73.46, took: 1.95s
Epoch 11, 8.5%	 loss: 1.803 acc@1: 55.74 mrr: 68.37, ndcg: 73.45, took: 1.83s
Epoch 11, 10.6%	 loss: 1.760 acc@1: 56.05 mrr: 68.43, ndcg: 73.56, took: 1.92s
Epoch 11, 12.8%	 loss: 1.796 acc@1: 55.78 mrr: 68.34, ndcg: 73.33, took: 1.91s
Epoch 11, 14.9%	 loss: 1.780 acc@1: 55.90 mrr: 68.63, ndcg: 73.62, took: 1.92s
Epoch 11, 17.0%	 loss: 1.871 acc@1: 54.65 mrr: 67.47, ndcg: 72.39, took: 1.83s
Epoch 11, 19.1%	 loss: 1.853 acc@1: 55.82 mrr: 67.94, ndcg: 72.78, took: 1.82s
Epoch 11, 21.3%	 loss: 1.810 acc@1: 56.25 mrr: 68.60, ndcg: 73.51, took: 1.95s
Epoch 11, 23.4%	 loss: 1.831 acc@1: 55.90 mrr: 68.33, ndcg: 73.19, took: 1.84s
Epoch 11, 25.5%	 loss: 1.794 acc@1: 57.58 mrr: 69.23, ndcg: 73.82, took: 1.72s
Epoch 11, 27.7%	 loss: 1.810 acc@1: 56.17 mrr: 68.55, ndcg: 73.32, took: 1.97s
Epoch 11, 29.8%	 loss: 1.805 acc@1: 55.94 mrr: 68.38, ndcg: 73.29, took: 1.88s
Epoch 11, 31.9%	 loss: 1.862 acc@1: 54.65 mrr: 67.04, ndcg: 71.94, took: 1.84s
Epoch 11, 34.0%	 loss: 1.878 acc@1: 56.25 mrr: 67.99, ndcg: 72.55, took: 1.91s
Epoch 11, 36.2%	 loss: 1.774 acc@1: 57.50 mrr: 69.66, ndcg: 74.29, took: 2.01s
Epoch 11, 38.3%	 loss: 1.816 acc@1: 55.86 mrr: 68.36, ndcg: 73.25, took: 1.82s
Epoch 11, 40.4%	 loss: 1.757 acc@1: 57.70 mrr: 69.56, ndcg: 74.12, took: 1.91s
Epoch 11, 42.6%	 loss: 1.839 acc@1: 56.33 mrr: 68.64, ndcg: 73.18, took: 1.91s
Epoch 11, 44.7%	 loss: 1.863 acc@1: 54.38 mrr: 67.50, ndcg: 72.47, took: 1.85s
Epoch 11, 46.8%	 loss: 1.863 acc@1: 55.98 mrr: 68.03, ndcg: 72.66, took: 1.67s
Epoch 11, 48.9%	 loss: 1.926 acc@1: 54.14 mrr: 66.75, ndcg: 71.62, took: 1.69s
Epoch 11, 51.1%	 loss: 1.878 acc@1: 55.90 mrr: 67.88, ndcg: 72.70, took: 1.88s
Epoch 11, 53.2%	 loss: 1.949 acc@1: 52.85 mrr: 65.83, ndcg: 71.02, took: 1.93s
Epoch 11, 55.3%	 loss: 1.880 acc@1: 55.20 mrr: 67.87, ndcg: 72.80, took: 1.88s
Epoch 11, 57.4%	 loss: 1.868 acc@1: 56.02 mrr: 68.06, ndcg: 72.68, took: 1.87s
Epoch 11, 59.6%	 loss: 1.870 acc@1: 55.90 mrr: 68.05, ndcg: 72.74, took: 1.73s
Epoch 11, 61.7%	 loss: 1.858 acc@1: 56.29 mrr: 68.11, ndcg: 72.97, took: 1.92s
Epoch 11, 63.8%	 loss: 1.862 acc@1: 56.56 mrr: 68.39, ndcg: 72.92, took: 1.94s
Epoch 11, 66.0%	 loss: 1.860 acc@1: 55.98 mrr: 68.06, ndcg: 72.78, took: 1.91s
Epoch 11, 68.1%	 loss: 1.870 acc@1: 56.02 mrr: 68.21, ndcg: 73.00, took: 1.82s
Epoch 11, 70.2%	 loss: 1.838 acc@1: 55.47 mrr: 68.26, ndcg: 73.17, took: 1.83s
Epoch 11, 72.3%	 loss: 1.901 acc@1: 54.61 mrr: 67.00, ndcg: 71.99, took: 1.93s
Epoch 11, 74.5%	 loss: 1.841 acc@1: 55.98 mrr: 68.33, ndcg: 73.08, took: 1.87s
Epoch 11, 76.6%	 loss: 1.928 acc@1: 54.10 mrr: 67.00, ndcg: 71.85, took: 1.95s
Epoch 11, 78.7%	 loss: 1.958 acc@1: 53.32 mrr: 66.58, ndcg: 71.64, took: 1.80s
Epoch 11, 80.9%	 loss: 1.850 acc@1: 57.23 mrr: 69.10, ndcg: 73.73, took: 1.92s
Epoch 11, 83.0%	 loss: 1.879 acc@1: 56.09 mrr: 68.24, ndcg: 72.97, took: 1.77s
Epoch 11, 85.1%	 loss: 1.911 acc@1: 54.88 mrr: 67.14, ndcg: 71.89, took: 1.92s
Epoch 11, 87.2%	 loss: 1.886 acc@1: 55.55 mrr: 67.80, ndcg: 72.65, took: 1.91s
Epoch 11, 89.4%	 loss: 1.858 acc@1: 56.29 mrr: 68.45, ndcg: 73.28, took: 1.82s
Epoch 11, 91.5%	 loss: 1.967 acc@1: 54.14 mrr: 66.46, ndcg: 71.21, took: 1.75s
Epoch 11, 93.6%	 loss: 1.884 acc@1: 55.98 mrr: 68.04, ndcg: 72.67, took: 1.83s
Epoch 11, 95.7%	 loss: 1.823 acc@1: 56.72 mrr: 68.79, ndcg: 73.51, took: 1.86s
Epoch 11, 97.9%	 loss: 1.899 acc@1: 54.73 mrr: 67.37, ndcg: 72.22, took: 1.89s
Epoch 11, 100.0%	 loss: 1.830 acc@1: 57.27 mrr: 69.28, ndcg: 73.93, took: 1.91s
Validation - loss: 3.0165, acc@1: 51.19%, f1: 44.43%, mrr: 62.42%, ndcg: 66.83%
Current learning rate: 0.001625

=== Epoch 12 ===
Epoch 12, 2.1%	 loss: 1.747 acc@1: 57.19 mrr: 69.49, ndcg: 74.41, took: 1.79s
Epoch 12, 4.3%	 loss: 1.789 acc@1: 56.21 mrr: 68.56, ndcg: 73.74, took: 1.88s
Epoch 12, 6.4%	 loss: 1.771 acc@1: 56.33 mrr: 68.79, ndcg: 73.74, took: 1.97s
Epoch 12, 8.5%	 loss: 1.794 acc@1: 57.07 mrr: 68.75, ndcg: 73.54, took: 1.86s
Epoch 12, 10.6%	 loss: 1.726 acc@1: 56.02 mrr: 69.01, ndcg: 74.12, took: 1.79s
Epoch 12, 12.8%	 loss: 1.790 acc@1: 56.45 mrr: 68.84, ndcg: 73.85, took: 1.81s
Epoch 12, 14.9%	 loss: 1.864 acc@1: 54.69 mrr: 67.37, ndcg: 72.44, took: 1.69s
Epoch 12, 17.0%	 loss: 1.780 acc@1: 55.78 mrr: 68.23, ndcg: 73.30, took: 1.61s
Epoch 12, 19.1%	 loss: 1.768 acc@1: 58.32 mrr: 69.71, ndcg: 74.15, took: 1.60s
Epoch 12, 21.3%	 loss: 1.821 acc@1: 55.86 mrr: 68.24, ndcg: 73.28, took: 1.65s
Epoch 12, 23.4%	 loss: 1.783 acc@1: 54.77 mrr: 67.91, ndcg: 73.11, took: 1.60s
Epoch 12, 25.5%	 loss: 1.790 acc@1: 56.48 mrr: 68.55, ndcg: 73.62, took: 1.47s
Epoch 12, 27.7%	 loss: 1.794 acc@1: 55.47 mrr: 68.27, ndcg: 73.38, took: 1.59s
Epoch 12, 29.8%	 loss: 1.847 acc@1: 55.47 mrr: 67.87, ndcg: 72.89, took: 1.65s
Epoch 12, 31.9%	 loss: 1.849 acc@1: 54.61 mrr: 67.46, ndcg: 72.27, took: 1.67s
Epoch 12, 34.0%	 loss: 1.780 acc@1: 55.35 mrr: 68.26, ndcg: 73.40, took: 1.63s
Epoch 12, 36.2%	 loss: 1.796 acc@1: 57.77 mrr: 69.28, ndcg: 73.75, took: 1.63s
Epoch 12, 38.3%	 loss: 1.837 acc@1: 55.51 mrr: 67.94, ndcg: 72.94, took: 1.61s
Epoch 12, 40.4%	 loss: 1.903 acc@1: 54.10 mrr: 66.86, ndcg: 71.93, took: 1.67s
Epoch 12, 42.6%	 loss: 1.863 acc@1: 56.37 mrr: 68.00, ndcg: 72.65, took: 1.63s
Epoch 12, 44.7%	 loss: 1.825 acc@1: 55.62 mrr: 68.20, ndcg: 73.05, took: 1.61s
Epoch 12, 46.8%	 loss: 1.773 acc@1: 56.68 mrr: 68.99, ndcg: 73.89, took: 1.59s
Epoch 12, 48.9%	 loss: 1.832 acc@1: 55.78 mrr: 68.15, ndcg: 72.82, took: 1.57s
Epoch 12, 51.1%	 loss: 1.807 acc@1: 57.30 mrr: 68.99, ndcg: 73.53, took: 1.50s
Epoch 12, 53.2%	 loss: 1.793 acc@1: 56.21 mrr: 68.56, ndcg: 73.32, took: 1.52s
Epoch 12, 55.3%	 loss: 1.812 acc@1: 56.09 mrr: 68.39, ndcg: 73.10, took: 1.54s
Epoch 12, 57.4%	 loss: 1.809 acc@1: 55.78 mrr: 68.25, ndcg: 73.33, took: 1.49s
Epoch 12, 59.6%	 loss: 1.787 acc@1: 57.34 mrr: 69.25, ndcg: 73.99, took: 1.58s
Epoch 12, 61.7%	 loss: 1.823 acc@1: 56.13 mrr: 68.51, ndcg: 73.21, took: 1.55s
Epoch 12, 63.8%	 loss: 1.834 acc@1: 55.31 mrr: 68.02, ndcg: 73.08, took: 1.53s
Epoch 12, 66.0%	 loss: 1.782 acc@1: 57.54 mrr: 69.45, ndcg: 74.12, took: 1.52s
Epoch 12, 68.1%	 loss: 1.788 acc@1: 56.37 mrr: 68.50, ndcg: 73.42, took: 1.26s
Epoch 12, 70.2%	 loss: 1.814 acc@1: 56.52 mrr: 68.47, ndcg: 73.19, took: 1.46s
Epoch 12, 72.3%	 loss: 1.823 acc@1: 56.13 mrr: 68.40, ndcg: 73.27, took: 1.53s
Epoch 12, 74.5%	 loss: 1.806 acc@1: 55.90 mrr: 68.35, ndcg: 73.25, took: 1.57s
Epoch 12, 76.6%	 loss: 1.847 acc@1: 56.80 mrr: 68.52, ndcg: 73.13, took: 1.57s
Epoch 12, 78.7%	 loss: 1.783 acc@1: 58.20 mrr: 69.46, ndcg: 73.80, took: 1.49s
Epoch 12, 80.9%	 loss: 1.830 acc@1: 55.70 mrr: 68.48, ndcg: 73.24, took: 1.46s
Epoch 12, 83.0%	 loss: 1.863 acc@1: 54.92 mrr: 67.82, ndcg: 72.81, took: 1.52s
Epoch 12, 85.1%	 loss: 1.820 acc@1: 57.30 mrr: 69.06, ndcg: 73.67, took: 1.57s
Epoch 12, 87.2%	 loss: 1.908 acc@1: 55.23 mrr: 67.41, ndcg: 72.28, took: 1.54s
Epoch 12, 89.4%	 loss: 1.790 acc@1: 57.81 mrr: 69.64, ndcg: 74.27, took: 1.50s
Epoch 12, 91.5%	 loss: 1.813 acc@1: 56.41 mrr: 68.88, ndcg: 73.44, took: 1.48s
Epoch 12, 93.6%	 loss: 1.827 acc@1: 56.76 mrr: 68.81, ndcg: 73.51, took: 1.43s
Epoch 12, 95.7%	 loss: 1.834 acc@1: 56.33 mrr: 68.51, ndcg: 73.31, took: 1.35s
Epoch 12, 97.9%	 loss: 1.864 acc@1: 55.70 mrr: 68.14, ndcg: 72.95, took: 1.53s
Epoch 12, 100.0%	 loss: 1.848 acc@1: 56.05 mrr: 68.19, ndcg: 72.84, took: 1.49s
Validation - loss: 3.0158, acc@1: 51.00%, f1: 44.09%, mrr: 62.30%, ndcg: 66.74%
Current learning rate: 0.000158

=== Epoch 13 ===
Epoch 13, 2.1%	 loss: 1.998 acc@1: 52.11 mrr: 65.29, ndcg: 70.44, took: 1.54s
Epoch 13, 4.3%	 loss: 1.936 acc@1: 53.24 mrr: 66.29, ndcg: 71.34, took: 1.60s
Epoch 13, 6.4%	 loss: 1.872 acc@1: 54.10 mrr: 67.36, ndcg: 72.42, took: 1.55s
Epoch 13, 8.5%	 loss: 1.830 acc@1: 56.33 mrr: 68.59, ndcg: 73.43, took: 1.53s
Epoch 13, 10.6%	 loss: 1.923 acc@1: 53.12 mrr: 66.61, ndcg: 71.81, took: 1.52s
Epoch 13, 12.8%	 loss: 1.852 acc@1: 55.86 mrr: 68.42, ndcg: 73.33, took: 1.53s
Epoch 13, 14.9%	 loss: 1.886 acc@1: 55.00 mrr: 67.57, ndcg: 72.41, took: 1.44s
Epoch 13, 17.0%	 loss: 1.895 acc@1: 54.65 mrr: 67.53, ndcg: 72.57, took: 1.50s
Epoch 13, 19.1%	 loss: 1.842 acc@1: 55.70 mrr: 68.37, ndcg: 73.35, took: 1.57s
Epoch 13, 21.3%	 loss: 1.928 acc@1: 53.71 mrr: 66.65, ndcg: 71.70, took: 1.57s
Epoch 13, 23.4%	 loss: 1.840 acc@1: 54.02 mrr: 67.34, ndcg: 72.59, took: 1.46s
Epoch 13, 25.5%	 loss: 1.901 acc@1: 54.73 mrr: 67.51, ndcg: 72.53, took: 1.40s
Epoch 13, 27.7%	 loss: 1.863 acc@1: 54.30 mrr: 67.45, ndcg: 72.37, took: 1.57s
Epoch 13, 29.8%	 loss: 2.003 acc@1: 52.03 mrr: 65.50, ndcg: 70.54, took: 1.49s
Epoch 13, 31.9%	 loss: 1.840 acc@1: 55.08 mrr: 67.76, ndcg: 72.84, took: 1.62s
Epoch 13, 34.0%	 loss: 1.865 acc@1: 55.74 mrr: 68.06, ndcg: 72.89, took: 1.50s
Epoch 13, 36.2%	 loss: 1.933 acc@1: 54.34 mrr: 66.89, ndcg: 71.85, took: 1.51s
Epoch 13, 38.3%	 loss: 1.878 acc@1: 54.61 mrr: 67.62, ndcg: 72.58, took: 1.57s
Epoch 13, 40.4%	 loss: 1.912 acc@1: 55.35 mrr: 67.57, ndcg: 72.38, took: 1.52s
Epoch 13, 42.6%	 loss: 1.957 acc@1: 54.53 mrr: 66.94, ndcg: 71.72, took: 1.50s
Epoch 13, 44.7%	 loss: 1.953 acc@1: 53.36 mrr: 66.40, ndcg: 71.51, took: 1.57s
Epoch 13, 46.8%	 loss: 1.851 acc@1: 56.52 mrr: 68.62, ndcg: 73.30, took: 1.59s
Epoch 13, 48.9%	 loss: 1.938 acc@1: 54.22 mrr: 66.67, ndcg: 71.43, took: 1.54s
Epoch 13, 51.1%	 loss: 1.892 acc@1: 53.95 mrr: 67.09, ndcg: 72.27, took: 1.61s
Epoch 13, 53.2%	 loss: 1.795 acc@1: 55.94 mrr: 68.85, ndcg: 73.73, took: 1.50s
Epoch 13, 55.3%	 loss: 1.917 acc@1: 53.20 mrr: 66.50, ndcg: 71.63, took: 1.58s
Epoch 13, 57.4%	 loss: 2.002 acc@1: 53.98 mrr: 66.41, ndcg: 71.13, took: 1.59s
Epoch 13, 59.6%	 loss: 1.929 acc@1: 54.14 mrr: 66.88, ndcg: 71.98, took: 1.58s
Epoch 13, 61.7%	 loss: 1.880 acc@1: 53.67 mrr: 67.07, ndcg: 72.18, took: 1.58s
Epoch 13, 63.8%	 loss: 1.852 acc@1: 54.73 mrr: 67.99, ndcg: 73.15, took: 1.56s
Epoch 13, 66.0%	 loss: 1.887 acc@1: 54.34 mrr: 67.49, ndcg: 72.55, took: 1.52s
Epoch 13, 68.1%	 loss: 1.885 acc@1: 54.38 mrr: 67.13, ndcg: 72.15, took: 1.57s
Epoch 13, 70.2%	 loss: 1.846 acc@1: 57.34 mrr: 68.86, ndcg: 73.52, took: 1.52s
Epoch 13, 72.3%	 loss: 1.877 acc@1: 54.41 mrr: 67.26, ndcg: 72.25, took: 1.57s
Epoch 13, 74.5%	 loss: 1.854 acc@1: 53.91 mrr: 67.22, ndcg: 72.40, took: 1.45s
Epoch 13, 76.6%	 loss: 1.860 acc@1: 54.88 mrr: 67.72, ndcg: 72.63, took: 1.29s
Epoch 13, 78.7%	 loss: 1.869 acc@1: 55.98 mrr: 68.15, ndcg: 72.88, took: 1.38s
Epoch 13, 80.9%	 loss: 1.774 acc@1: 57.19 mrr: 69.39, ndcg: 74.21, took: 1.38s
Epoch 13, 83.0%	 loss: 1.857 acc@1: 56.25 mrr: 68.37, ndcg: 73.26, took: 1.34s
Epoch 13, 85.1%	 loss: 1.819 acc@1: 55.70 mrr: 68.43, ndcg: 73.28, took: 1.34s
Epoch 13, 87.2%	 loss: 1.873 acc@1: 54.88 mrr: 67.86, ndcg: 72.76, took: 1.36s
Epoch 13, 89.4%	 loss: 1.923 acc@1: 53.75 mrr: 66.92, ndcg: 71.99, took: 1.35s
Epoch 13, 91.5%	 loss: 1.842 acc@1: 55.35 mrr: 67.98, ndcg: 72.79, took: 1.21s
Epoch 13, 93.6%	 loss: 1.838 acc@1: 56.05 mrr: 68.44, ndcg: 73.28, took: 1.30s
Epoch 13, 95.7%	 loss: 1.819 acc@1: 55.55 mrr: 68.56, ndcg: 73.52, took: 1.36s
Epoch 13, 97.9%	 loss: 1.834 acc@1: 55.78 mrr: 68.42, ndcg: 73.43, took: 1.30s
Epoch 13, 100.0%	 loss: 1.951 acc@1: 54.26 mrr: 66.80, ndcg: 71.61, took: 1.23s
Validation - loss: 2.9058, acc@1: 51.36%, f1: 44.01%, mrr: 62.89%, ndcg: 67.34%
Current learning rate: 0.000158

=== Epoch 14 ===
Epoch 14, 2.1%	 loss: 1.851 acc@1: 54.84 mrr: 67.64, ndcg: 72.71, took: 1.29s
Epoch 14, 4.3%	 loss: 1.849 acc@1: 54.84 mrr: 67.78, ndcg: 72.76, took: 1.26s
Epoch 14, 6.4%	 loss: 1.814 acc@1: 55.66 mrr: 68.32, ndcg: 73.29, took: 1.31s
Epoch 14, 8.5%	 loss: 1.892 acc@1: 54.61 mrr: 67.42, ndcg: 72.33, took: 1.38s
Epoch 14, 10.6%	 loss: 1.823 acc@1: 56.41 mrr: 68.72, ndcg: 73.57, took: 1.30s
Epoch 14, 12.8%	 loss: 1.782 acc@1: 57.03 mrr: 69.50, ndcg: 74.40, took: 1.33s
Epoch 14, 14.9%	 loss: 1.871 acc@1: 54.10 mrr: 67.15, ndcg: 72.14, took: 1.27s
Epoch 14, 17.0%	 loss: 1.799 acc@1: 56.48 mrr: 68.92, ndcg: 73.86, took: 1.32s
Epoch 14, 19.1%	 loss: 1.877 acc@1: 54.45 mrr: 67.58, ndcg: 72.62, took: 1.29s
Epoch 14, 21.3%	 loss: 1.873 acc@1: 55.51 mrr: 68.18, ndcg: 72.91, took: 1.35s
Epoch 14, 23.4%	 loss: 1.913 acc@1: 54.57 mrr: 67.30, ndcg: 72.20, took: 1.23s
Epoch 14, 25.5%	 loss: 1.891 acc@1: 55.08 mrr: 67.55, ndcg: 72.26, took: 1.05s
Epoch 14, 27.7%	 loss: 1.855 acc@1: 55.39 mrr: 67.85, ndcg: 72.60, took: 1.24s
Epoch 14, 29.8%	 loss: 1.886 acc@1: 55.55 mrr: 67.96, ndcg: 72.74, took: 1.28s
Epoch 14, 31.9%	 loss: 1.813 acc@1: 56.25 mrr: 68.64, ndcg: 73.40, took: 1.29s
Epoch 14, 34.0%	 loss: 1.878 acc@1: 55.39 mrr: 67.98, ndcg: 72.89, took: 1.26s
Epoch 14, 36.2%	 loss: 1.894 acc@1: 53.79 mrr: 66.80, ndcg: 71.85, took: 1.19s
Epoch 14, 38.3%	 loss: 1.848 acc@1: 55.47 mrr: 68.07, ndcg: 72.84, took: 1.25s
Epoch 14, 40.4%	 loss: 1.859 acc@1: 54.69 mrr: 67.51, ndcg: 72.57, took: 1.21s
Epoch 14, 42.6%	 loss: 1.860 acc@1: 55.23 mrr: 67.93, ndcg: 72.86, took: 1.30s
Epoch 14, 44.7%	 loss: 1.788 acc@1: 57.38 mrr: 69.78, ndcg: 74.57, took: 1.32s
Epoch 14, 46.8%	 loss: 1.885 acc@1: 54.45 mrr: 67.28, ndcg: 72.33, took: 1.30s
Epoch 14, 48.9%	 loss: 1.871 acc@1: 55.82 mrr: 68.07, ndcg: 72.77, took: 1.31s
Epoch 14, 51.1%	 loss: 1.901 acc@1: 54.65 mrr: 67.14, ndcg: 72.03, took: 1.29s
Epoch 14, 53.2%	 loss: 1.843 acc@1: 55.66 mrr: 68.26, ndcg: 73.30, took: 1.28s
Epoch 14, 55.3%	 loss: 1.843 acc@1: 55.90 mrr: 68.67, ndcg: 73.46, took: 1.26s
Epoch 14, 57.4%	 loss: 1.836 acc@1: 55.20 mrr: 67.97, ndcg: 72.84, took: 1.24s
Epoch 14, 59.6%	 loss: 1.890 acc@1: 53.48 mrr: 66.92, ndcg: 72.12, took: 1.25s
Epoch 14, 61.7%	 loss: 1.806 acc@1: 55.55 mrr: 68.57, ndcg: 73.57, took: 1.34s
Epoch 14, 63.8%	 loss: 1.842 acc@1: 55.59 mrr: 68.10, ndcg: 72.84, took: 1.31s
Epoch 14, 66.0%	 loss: 1.894 acc@1: 55.16 mrr: 67.62, ndcg: 72.52, took: 1.31s
Epoch 14, 68.1%	 loss: 1.833 acc@1: 55.62 mrr: 68.33, ndcg: 73.32, took: 1.27s
Epoch 14, 70.2%	 loss: 1.915 acc@1: 54.45 mrr: 67.33, ndcg: 72.36, took: 1.37s
Epoch 14, 72.3%	 loss: 1.803 acc@1: 55.66 mrr: 68.75, ndcg: 73.59, took: 1.66s
Epoch 14, 74.5%	 loss: 1.856 acc@1: 55.70 mrr: 68.15, ndcg: 73.11, took: 1.21s
Epoch 14, 76.6%	 loss: 1.841 acc@1: 55.27 mrr: 68.29, ndcg: 73.44, took: 1.26s
Epoch 14, 78.7%	 loss: 1.821 acc@1: 56.41 mrr: 68.86, ndcg: 73.62, took: 1.28s
Epoch 14, 80.9%	 loss: 1.871 acc@1: 54.69 mrr: 67.46, ndcg: 72.51, took: 1.27s
Epoch 14, 83.0%	 loss: 1.916 acc@1: 55.23 mrr: 67.63, ndcg: 72.48, took: 1.32s
Epoch 14, 85.1%	 loss: 1.865 acc@1: 54.49 mrr: 67.52, ndcg: 72.51, took: 1.23s
Epoch 14, 87.2%	 loss: 1.860 acc@1: 54.45 mrr: 67.32, ndcg: 72.34, took: 1.25s
Epoch 14, 89.4%	 loss: 1.884 acc@1: 55.04 mrr: 67.56, ndcg: 72.42, took: 1.29s
Epoch 14, 91.5%	 loss: 1.893 acc@1: 54.92 mrr: 67.45, ndcg: 72.25, took: 1.18s
Epoch 14, 93.6%	 loss: 1.820 acc@1: 56.05 mrr: 68.81, ndcg: 73.74, took: 1.13s
Epoch 14, 95.7%	 loss: 1.843 acc@1: 55.70 mrr: 68.23, ndcg: 72.96, took: 1.27s
Epoch 14, 97.9%	 loss: 1.889 acc@1: 54.34 mrr: 67.06, ndcg: 72.06, took: 1.33s
Epoch 14, 100.0%	 loss: 1.884 acc@1: 55.39 mrr: 67.82, ndcg: 72.69, took: 1.20s
Validation - loss: 2.9010, acc@1: 51.06%, f1: 43.77%, mrr: 62.75%, ndcg: 67.27%
Current learning rate: 0.000158

=== Epoch 15 ===
Epoch 15, 2.1%	 loss: 1.851 acc@1: 55.12 mrr: 67.87, ndcg: 72.66, took: 1.37s
Epoch 15, 4.3%	 loss: 1.908 acc@1: 53.87 mrr: 66.65, ndcg: 71.76, took: 1.30s
Epoch 15, 6.4%	 loss: 1.839 acc@1: 56.02 mrr: 68.38, ndcg: 73.26, took: 1.30s
Epoch 15, 8.5%	 loss: 1.827 acc@1: 55.39 mrr: 68.34, ndcg: 73.37, took: 1.29s
Epoch 15, 10.6%	 loss: 1.819 acc@1: 56.72 mrr: 69.07, ndcg: 73.77, took: 1.33s
Epoch 15, 12.8%	 loss: 1.832 acc@1: 57.34 mrr: 69.19, ndcg: 73.75, took: 1.26s
Epoch 15, 14.9%	 loss: 1.872 acc@1: 54.80 mrr: 67.70, ndcg: 72.66, took: 1.30s
Epoch 15, 17.0%	 loss: 1.900 acc@1: 54.45 mrr: 67.42, ndcg: 72.46, took: 1.31s
Epoch 15, 19.1%	 loss: 1.802 acc@1: 55.86 mrr: 68.78, ndcg: 73.66, took: 1.22s
Epoch 15, 21.3%	 loss: 1.895 acc@1: 54.57 mrr: 67.19, ndcg: 72.20, took: 1.29s
Epoch 15, 23.4%	 loss: 1.840 acc@1: 55.66 mrr: 68.38, ndcg: 73.29, took: 1.18s
Epoch 15, 25.5%	 loss: 1.885 acc@1: 54.84 mrr: 67.53, ndcg: 72.42, took: 1.27s
Epoch 15, 27.7%	 loss: 1.853 acc@1: 55.27 mrr: 68.10, ndcg: 72.98, took: 1.31s
Epoch 15, 29.8%	 loss: 1.920 acc@1: 52.97 mrr: 66.31, ndcg: 71.56, took: 1.22s
Epoch 15, 31.9%	 loss: 1.803 acc@1: 56.25 mrr: 68.77, ndcg: 73.59, took: 1.32s
Epoch 15, 34.0%	 loss: 1.885 acc@1: 54.45 mrr: 67.39, ndcg: 72.29, took: 1.30s
Epoch 15, 36.2%	 loss: 1.841 acc@1: 55.47 mrr: 68.01, ndcg: 72.96, took: 1.28s
Epoch 15, 38.3%	 loss: 1.882 acc@1: 55.27 mrr: 67.60, ndcg: 72.52, took: 1.17s
Epoch 15, 40.4%	 loss: 1.803 acc@1: 56.72 mrr: 68.83, ndcg: 73.51, took: 1.14s
Epoch 15, 42.6%	 loss: 1.774 acc@1: 56.05 mrr: 68.57, ndcg: 73.63, took: 1.11s
Epoch 15, 44.7%	 loss: 1.864 acc@1: 54.80 mrr: 67.64, ndcg: 72.50, took: 1.10s
Epoch 15, 46.8%	 loss: 1.916 acc@1: 54.41 mrr: 67.07, ndcg: 71.96, took: 1.13s
Epoch 15, 48.9%	 loss: 1.814 acc@1: 56.02 mrr: 68.52, ndcg: 73.54, took: 1.15s
Epoch 15, 51.1%	 loss: 1.877 acc@1: 54.84 mrr: 67.70, ndcg: 72.70, took: 1.13s
Epoch 15, 53.2%	 loss: 1.857 acc@1: 55.70 mrr: 68.19, ndcg: 73.06, took: 1.10s
Epoch 15, 55.3%	 loss: 1.756 acc@1: 57.03 mrr: 69.43, ndcg: 74.31, took: 1.11s
Epoch 15, 57.4%	 loss: 1.912 acc@1: 53.52 mrr: 66.57, ndcg: 71.68, took: 1.09s
Epoch 15, 59.6%	 loss: 1.841 acc@1: 56.13 mrr: 68.37, ndcg: 73.19, took: 1.09s
Epoch 15, 61.7%	 loss: 1.866 acc@1: 54.96 mrr: 67.84, ndcg: 72.71, took: 1.01s
Epoch 15, 63.8%	 loss: 1.810 acc@1: 56.76 mrr: 69.19, ndcg: 73.98, took: 1.04s
Epoch 15, 66.0%	 loss: 1.810 acc@1: 56.56 mrr: 68.83, ndcg: 73.46, took: 1.05s
Epoch 15, 68.1%	 loss: 1.814 acc@1: 54.57 mrr: 67.81, ndcg: 72.97, took: 1.05s
Epoch 15, 70.2%	 loss: 1.828 acc@1: 55.59 mrr: 68.40, ndcg: 73.50, took: 1.08s
Epoch 15, 72.3%	 loss: 1.800 acc@1: 55.98 mrr: 68.83, ndcg: 73.80, took: 1.06s
Epoch 15, 74.5%	 loss: 1.756 acc@1: 55.59 mrr: 68.86, ndcg: 74.00, took: 1.06s
Epoch 15, 76.6%	 loss: 1.885 acc@1: 55.35 mrr: 67.65, ndcg: 72.61, took: 1.02s
Epoch 15, 78.7%	 loss: 1.862 acc@1: 55.62 mrr: 68.01, ndcg: 72.63, took: 0.98s
Epoch 15, 80.9%	 loss: 1.849 acc@1: 55.35 mrr: 68.14, ndcg: 72.95, took: 1.03s
Epoch 15, 83.0%	 loss: 1.850 acc@1: 55.90 mrr: 68.44, ndcg: 73.19, took: 1.09s
Epoch 15, 85.1%	 loss: 1.812 acc@1: 56.84 mrr: 69.16, ndcg: 74.05, took: 1.06s
Epoch 15, 87.2%	 loss: 1.827 acc@1: 56.72 mrr: 68.69, ndcg: 73.44, took: 1.06s
Epoch 15, 89.4%	 loss: 1.845 acc@1: 56.33 mrr: 68.38, ndcg: 73.12, took: 1.07s
Epoch 15, 91.5%	 loss: 1.820 acc@1: 55.70 mrr: 68.52, ndcg: 73.67, took: 1.01s
Epoch 15, 93.6%	 loss: 1.838 acc@1: 55.98 mrr: 68.57, ndcg: 73.55, took: 0.95s
Epoch 15, 95.7%	 loss: 1.772 acc@1: 56.13 mrr: 68.93, ndcg: 73.93, took: 1.04s
Epoch 15, 97.9%	 loss: 1.909 acc@1: 54.34 mrr: 67.34, ndcg: 72.35, took: 1.06s
Epoch 15, 100.0%	 loss: 1.913 acc@1: 54.73 mrr: 67.04, ndcg: 71.79, took: 1.08s
Validation - loss: 2.9054, acc@1: 51.03%, f1: 43.85%, mrr: 62.69%, ndcg: 67.25%
Current learning rate: 0.000158

=== Epoch 16 ===
Epoch 16, 2.1%	 loss: 1.787 acc@1: 56.37 mrr: 69.01, ndcg: 73.99, took: 1.08s
Epoch 16, 4.3%	 loss: 1.887 acc@1: 54.61 mrr: 67.44, ndcg: 72.41, took: 1.03s
Epoch 16, 6.4%	 loss: 1.824 acc@1: 55.62 mrr: 68.36, ndcg: 73.23, took: 1.06s
Epoch 16, 8.5%	 loss: 1.813 acc@1: 55.00 mrr: 68.12, ndcg: 73.35, took: 1.06s
Epoch 16, 10.6%	 loss: 1.806 acc@1: 55.39 mrr: 68.36, ndcg: 73.22, took: 1.07s
Epoch 16, 12.8%	 loss: 1.743 acc@1: 57.23 mrr: 69.67, ndcg: 74.45, took: 1.07s
Epoch 16, 14.9%	 loss: 1.863 acc@1: 55.47 mrr: 67.94, ndcg: 72.78, took: 1.09s
Epoch 16, 17.0%	 loss: 1.872 acc@1: 55.59 mrr: 68.17, ndcg: 73.08, took: 1.10s
Epoch 16, 19.1%	 loss: 1.819 acc@1: 56.37 mrr: 68.72, ndcg: 73.68, took: 1.08s
Epoch 16, 21.3%	 loss: 1.760 acc@1: 57.11 mrr: 69.53, ndcg: 74.33, took: 1.06s
Epoch 16, 23.4%	 loss: 1.821 acc@1: 55.86 mrr: 68.46, ndcg: 73.47, took: 0.93s
Epoch 16, 25.5%	 loss: 1.938 acc@1: 54.57 mrr: 66.88, ndcg: 71.71, took: 1.02s
Epoch 16, 27.7%	 loss: 1.832 acc@1: 56.02 mrr: 68.39, ndcg: 73.26, took: 1.06s
Epoch 16, 29.8%	 loss: 1.818 acc@1: 55.59 mrr: 68.44, ndcg: 73.49, took: 1.06s
Epoch 16, 31.9%	 loss: 1.842 acc@1: 55.08 mrr: 68.17, ndcg: 73.19, took: 1.09s
Epoch 16, 34.0%	 loss: 1.894 acc@1: 54.57 mrr: 67.54, ndcg: 72.39, took: 0.97s
Epoch 16, 36.2%	 loss: 1.870 acc@1: 54.57 mrr: 67.44, ndcg: 72.38, took: 1.06s
Epoch 16, 38.3%	 loss: 1.914 acc@1: 53.75 mrr: 66.67, ndcg: 71.58, took: 0.97s
Epoch 16, 40.4%	 loss: 1.839 acc@1: 54.10 mrr: 67.44, ndcg: 72.47, took: 1.00s
Epoch 16, 42.6%	 loss: 1.750 acc@1: 57.11 mrr: 69.37, ndcg: 74.23, took: 1.02s
Epoch 16, 44.7%	 loss: 1.853 acc@1: 54.49 mrr: 67.52, ndcg: 72.57, took: 1.11s
Epoch 16, 46.8%	 loss: 1.828 acc@1: 56.33 mrr: 68.87, ndcg: 73.72, took: 1.09s
Epoch 16, 48.9%	 loss: 1.816 acc@1: 56.17 mrr: 68.48, ndcg: 73.56, took: 1.08s
Epoch 16, 51.1%	 loss: 1.860 acc@1: 55.47 mrr: 67.92, ndcg: 72.75, took: 1.09s
Epoch 16, 53.2%	 loss: 1.845 acc@1: 55.04 mrr: 67.81, ndcg: 72.85, took: 1.09s
Epoch 16, 55.3%	 loss: 1.780 acc@1: 55.98 mrr: 68.88, ndcg: 73.90, took: 1.10s
Epoch 16, 57.4%	 loss: 1.869 acc@1: 54.69 mrr: 67.58, ndcg: 72.61, took: 1.06s
Epoch 16, 59.6%	 loss: 1.865 acc@1: 54.84 mrr: 67.59, ndcg: 72.69, took: 1.05s
Epoch 16, 61.7%	 loss: 1.782 acc@1: 56.84 mrr: 69.00, ndcg: 73.80, took: 1.08s
Epoch 16, 63.8%	 loss: 1.871 acc@1: 54.73 mrr: 67.49, ndcg: 72.30, took: 1.05s
Epoch 16, 66.0%	 loss: 1.917 acc@1: 54.22 mrr: 66.81, ndcg: 71.79, took: 1.09s
Epoch 16, 68.1%	 loss: 1.829 acc@1: 54.80 mrr: 67.91, ndcg: 72.88, took: 1.09s
Epoch 16, 70.2%	 loss: 1.785 acc@1: 57.07 mrr: 69.24, ndcg: 73.98, took: 1.06s
Epoch 16, 72.3%	 loss: 1.800 acc@1: 56.45 mrr: 68.94, ndcg: 73.86, took: 1.10s
Epoch 16, 74.5%	 loss: 1.851 acc@1: 54.57 mrr: 67.98, ndcg: 73.16, took: 1.09s
Epoch 16, 76.6%	 loss: 1.849 acc@1: 55.82 mrr: 68.24, ndcg: 73.12, took: 1.03s
Epoch 16, 78.7%	 loss: 1.772 acc@1: 55.47 mrr: 68.58, ndcg: 73.71, took: 1.08s
Epoch 16, 80.9%	 loss: 1.858 acc@1: 55.00 mrr: 67.87, ndcg: 72.88, took: 1.03s
Epoch 16, 83.0%	 loss: 1.862 acc@1: 55.12 mrr: 67.79, ndcg: 72.56, took: 1.10s
Epoch 16, 85.1%	 loss: 1.845 acc@1: 55.31 mrr: 68.34, ndcg: 73.20, took: 1.07s
Epoch 16, 87.2%	 loss: 1.873 acc@1: 54.18 mrr: 67.11, ndcg: 72.20, took: 1.04s
Epoch 16, 89.4%	 loss: 1.813 acc@1: 56.64 mrr: 68.93, ndcg: 73.80, took: 1.08s
Epoch 16, 91.5%	 loss: 1.839 acc@1: 55.43 mrr: 68.12, ndcg: 72.88, took: 1.02s
Epoch 16, 93.6%	 loss: 1.799 acc@1: 56.33 mrr: 69.06, ndcg: 74.07, took: 0.94s
Epoch 16, 95.7%	 loss: 1.833 acc@1: 55.78 mrr: 68.73, ndcg: 73.52, took: 1.05s
Epoch 16, 97.9%	 loss: 1.809 acc@1: 55.12 mrr: 68.03, ndcg: 72.90, took: 1.07s
Epoch 16, 100.0%	 loss: 1.905 acc@1: 54.57 mrr: 67.10, ndcg: 71.97, took: 1.03s
Validation - loss: 2.9087, acc@1: 51.27%, f1: 44.02%, mrr: 62.87%, ndcg: 67.37%
Current learning rate: 0.000158

=== Epoch 17 ===
Epoch 17, 2.1%	 loss: 1.885 acc@1: 54.18 mrr: 67.17, ndcg: 72.29, took: 1.12s
Epoch 17, 4.3%	 loss: 1.821 acc@1: 56.72 mrr: 68.83, ndcg: 73.63, took: 1.03s
Epoch 17, 6.4%	 loss: 1.820 acc@1: 56.95 mrr: 69.22, ndcg: 74.00, took: 1.06s
Epoch 17, 8.5%	 loss: 1.832 acc@1: 56.02 mrr: 68.49, ndcg: 73.40, took: 1.07s
Epoch 17, 10.6%	 loss: 1.842 acc@1: 55.78 mrr: 68.14, ndcg: 73.20, took: 1.07s
Epoch 17, 12.8%	 loss: 1.877 acc@1: 54.92 mrr: 67.69, ndcg: 72.58, took: 1.01s
Epoch 17, 14.9%	 loss: 1.838 acc@1: 55.16 mrr: 67.76, ndcg: 72.56, took: 0.94s
Epoch 17, 17.0%	 loss: 1.836 acc@1: 54.96 mrr: 67.85, ndcg: 72.81, took: 1.04s
Epoch 17, 19.1%	 loss: 1.784 acc@1: 56.80 mrr: 69.01, ndcg: 73.77, took: 1.07s
Epoch 17, 21.3%	 loss: 1.781 acc@1: 56.37 mrr: 69.01, ndcg: 73.90, took: 1.00s
Epoch 17, 23.4%	 loss: 1.812 acc@1: 56.48 mrr: 68.73, ndcg: 73.48, took: 0.97s
Epoch 17, 25.5%	 loss: 1.808 acc@1: 55.04 mrr: 68.07, ndcg: 73.19, took: 0.92s
Epoch 17, 27.7%	 loss: 1.836 acc@1: 55.90 mrr: 68.31, ndcg: 73.12, took: 0.96s
Epoch 17, 29.8%	 loss: 1.889 acc@1: 54.34 mrr: 67.18, ndcg: 72.20, took: 1.05s
Epoch 17, 31.9%	 loss: 1.814 acc@1: 54.92 mrr: 67.86, ndcg: 72.91, took: 1.05s
Epoch 17, 34.0%	 loss: 1.780 acc@1: 55.55 mrr: 68.67, ndcg: 73.61, took: 1.07s
Epoch 17, 36.2%	 loss: 1.826 acc@1: 55.90 mrr: 68.34, ndcg: 73.31, took: 1.09s
Epoch 17, 38.3%	 loss: 1.789 acc@1: 56.13 mrr: 68.70, ndcg: 73.67, took: 1.06s
Epoch 17, 40.4%	 loss: 1.798 acc@1: 55.62 mrr: 68.56, ndcg: 73.55, took: 1.02s
Epoch 17, 42.6%	 loss: 1.853 acc@1: 53.75 mrr: 67.10, ndcg: 72.28, took: 1.06s
Epoch 17, 44.7%	 loss: 1.801 acc@1: 57.34 mrr: 69.25, ndcg: 73.98, took: 1.09s
Epoch 17, 46.8%	 loss: 1.876 acc@1: 54.80 mrr: 67.61, ndcg: 72.51, took: 1.04s
Epoch 17, 48.9%	 loss: 1.775 acc@1: 56.02 mrr: 69.02, ndcg: 73.99, took: 1.04s
Epoch 17, 51.1%	 loss: 1.778 acc@1: 56.17 mrr: 68.93, ndcg: 73.95, took: 1.02s
Epoch 17, 53.2%	 loss: 1.863 acc@1: 54.49 mrr: 67.31, ndcg: 72.42, took: 1.07s
Epoch 17, 55.3%	 loss: 1.781 acc@1: 56.21 mrr: 68.97, ndcg: 73.79, took: 1.08s
Epoch 17, 57.4%	 loss: 1.803 acc@1: 56.17 mrr: 68.79, ndcg: 73.68, took: 1.08s
Epoch 17, 59.6%	 loss: 1.756 acc@1: 55.70 mrr: 68.68, ndcg: 73.89, took: 1.07s
Epoch 17, 61.7%	 loss: 1.832 acc@1: 55.74 mrr: 68.34, ndcg: 73.21, took: 1.04s
Epoch 17, 63.8%	 loss: 1.786 acc@1: 56.99 mrr: 69.10, ndcg: 73.89, took: 1.11s
Epoch 17, 66.0%	 loss: 1.928 acc@1: 53.40 mrr: 66.47, ndcg: 71.56, took: 1.03s
Epoch 17, 68.1%	 loss: 1.723 acc@1: 57.07 mrr: 70.06, ndcg: 74.93, took: 1.09s
Epoch 17, 70.2%	 loss: 1.849 acc@1: 55.98 mrr: 68.60, ndcg: 73.51, took: 1.10s
Epoch 17, 72.3%	 loss: 1.833 acc@1: 55.31 mrr: 68.16, ndcg: 73.19, took: 1.01s
Epoch 17, 74.5%	 loss: 1.864 acc@1: 54.53 mrr: 67.50, ndcg: 72.48, took: 1.11s
Epoch 17, 76.6%	 loss: 1.835 acc@1: 56.37 mrr: 68.57, ndcg: 73.33, took: 1.06s
Epoch 17, 78.7%	 loss: 1.855 acc@1: 56.72 mrr: 68.76, ndcg: 73.50, took: 1.06s
Epoch 17, 80.9%	 loss: 1.792 acc@1: 57.34 mrr: 69.73, ndcg: 74.41, took: 0.99s
Epoch 17, 83.0%	 loss: 1.808 acc@1: 57.03 mrr: 69.01, ndcg: 73.80, took: 1.04s
Epoch 17, 85.1%	 loss: 1.828 acc@1: 55.23 mrr: 67.99, ndcg: 72.99, took: 1.06s
Epoch 17, 87.2%	 loss: 1.860 acc@1: 54.61 mrr: 67.46, ndcg: 72.56, took: 0.99s
Epoch 17, 89.4%	 loss: 1.925 acc@1: 55.20 mrr: 67.16, ndcg: 71.89, took: 1.02s
Epoch 17, 91.5%	 loss: 1.876 acc@1: 54.18 mrr: 67.36, ndcg: 72.52, took: 1.01s
Epoch 17, 93.6%	 loss: 1.804 acc@1: 55.86 mrr: 68.32, ndcg: 73.39, took: 1.00s
Epoch 17, 95.7%	 loss: 1.841 acc@1: 56.60 mrr: 68.46, ndcg: 73.18, took: 0.87s
Epoch 17, 97.9%	 loss: 1.891 acc@1: 54.61 mrr: 67.39, ndcg: 72.27, took: 1.03s
Epoch 17, 100.0%	 loss: 1.906 acc@1: 53.16 mrr: 66.64, ndcg: 71.89, took: 1.05s
Validation - loss: 2.9092, acc@1: 51.52%, f1: 44.35%, mrr: 62.95%, ndcg: 67.42%
Current learning rate: 0.000158

=== Epoch 18 ===
Epoch 18, 2.1%	 loss: 1.817 acc@1: 55.39 mrr: 68.41, ndcg: 73.54, took: 0.98s
Epoch 18, 4.3%	 loss: 1.843 acc@1: 56.68 mrr: 68.60, ndcg: 73.29, took: 1.04s
Epoch 18, 6.4%	 loss: 1.782 acc@1: 55.62 mrr: 68.51, ndcg: 73.65, took: 1.05s
Epoch 18, 8.5%	 loss: 1.769 acc@1: 56.13 mrr: 68.89, ndcg: 73.86, took: 0.99s
Epoch 18, 10.6%	 loss: 1.796 acc@1: 55.62 mrr: 68.53, ndcg: 73.63, took: 1.02s
Epoch 18, 12.8%	 loss: 1.882 acc@1: 54.88 mrr: 67.45, ndcg: 72.29, took: 1.13s
Epoch 18, 14.9%	 loss: 1.868 acc@1: 54.92 mrr: 67.44, ndcg: 72.46, took: 1.04s
Epoch 18, 17.0%	 loss: 1.795 acc@1: 56.21 mrr: 68.53, ndcg: 73.36, took: 1.10s
Epoch 18, 19.1%	 loss: 1.840 acc@1: 54.45 mrr: 67.83, ndcg: 72.91, took: 1.09s
Epoch 18, 21.3%	 loss: 1.799 acc@1: 56.48 mrr: 68.90, ndcg: 73.82, took: 1.05s
Epoch 18, 23.4%	 loss: 1.856 acc@1: 55.43 mrr: 68.07, ndcg: 72.91, took: 1.03s
Epoch 18, 25.5%	 loss: 1.805 acc@1: 56.33 mrr: 68.85, ndcg: 73.70, took: 1.03s
Epoch 18, 27.7%	 loss: 1.820 acc@1: 56.41 mrr: 68.93, ndcg: 73.95, took: 1.07s
Epoch 18, 29.8%	 loss: 1.783 acc@1: 57.46 mrr: 69.67, ndcg: 74.46, took: 1.06s
Epoch 18, 31.9%	 loss: 1.869 acc@1: 54.10 mrr: 67.19, ndcg: 72.23, took: 1.13s
Epoch 18, 34.0%	 loss: 1.830 acc@1: 55.27 mrr: 68.07, ndcg: 73.06, took: 1.07s
Epoch 18, 36.2%	 loss: 1.810 acc@1: 56.25 mrr: 68.78, ndcg: 73.71, took: 1.03s
Epoch 18, 38.3%	 loss: 1.750 acc@1: 56.13 mrr: 69.07, ndcg: 73.99, took: 1.04s
Epoch 18, 40.4%	 loss: 1.805 acc@1: 56.02 mrr: 68.52, ndcg: 73.50, took: 1.05s
Epoch 18, 42.6%	 loss: 1.854 acc@1: 54.38 mrr: 67.31, ndcg: 72.28, took: 1.03s
Epoch 18, 44.7%	 loss: 1.854 acc@1: 56.21 mrr: 68.27, ndcg: 72.89, took: 1.10s
Epoch 18, 46.8%	 loss: 1.779 acc@1: 56.84 mrr: 69.13, ndcg: 73.78, took: 1.06s
Epoch 18, 48.9%	 loss: 1.864 acc@1: 54.77 mrr: 67.73, ndcg: 72.77, took: 1.06s
Epoch 18, 51.1%	 loss: 1.756 acc@1: 56.25 mrr: 69.17, ndcg: 74.36, took: 0.96s
Epoch 18, 53.2%	 loss: 1.860 acc@1: 55.43 mrr: 68.04, ndcg: 72.98, took: 0.99s
Epoch 18, 55.3%	 loss: 1.830 acc@1: 54.69 mrr: 67.95, ndcg: 72.95, took: 1.07s
Epoch 18, 57.4%	 loss: 1.828 acc@1: 55.74 mrr: 68.11, ndcg: 72.95, took: 1.03s
Epoch 18, 59.6%	 loss: 1.813 acc@1: 56.48 mrr: 68.45, ndcg: 73.45, took: 1.07s
Epoch 18, 61.7%	 loss: 1.812 acc@1: 55.59 mrr: 68.27, ndcg: 73.47, took: 1.03s
Epoch 18, 63.8%	 loss: 1.722 acc@1: 58.32 mrr: 70.52, ndcg: 75.15, took: 1.06s
Epoch 18, 66.0%	 loss: 1.857 acc@1: 55.00 mrr: 67.70, ndcg: 72.60, took: 1.02s
Epoch 18, 68.1%	 loss: 1.782 acc@1: 56.68 mrr: 68.89, ndcg: 73.81, took: 1.03s
Epoch 18, 70.2%	 loss: 1.791 acc@1: 56.91 mrr: 69.07, ndcg: 73.66, took: 1.08s
Epoch 18, 72.3%	 loss: 1.855 acc@1: 55.12 mrr: 67.95, ndcg: 72.93, took: 1.11s
Epoch 18, 74.5%	 loss: 1.813 acc@1: 55.66 mrr: 68.55, ndcg: 73.44, took: 1.07s
Epoch 18, 76.6%	 loss: 1.994 acc@1: 52.85 mrr: 65.79, ndcg: 70.72, took: 1.07s
Epoch 18, 78.7%	 loss: 1.791 acc@1: 56.84 mrr: 69.33, ndcg: 74.12, took: 1.09s
Epoch 18, 80.9%	 loss: 1.809 acc@1: 56.64 mrr: 68.94, ndcg: 73.66, took: 1.06s
Epoch 18, 83.0%	 loss: 1.821 acc@1: 55.55 mrr: 68.47, ndcg: 73.47, took: 1.06s
Epoch 18, 85.1%	 loss: 1.816 acc@1: 55.20 mrr: 67.99, ndcg: 73.09, took: 1.05s
Epoch 18, 87.2%	 loss: 1.799 acc@1: 55.55 mrr: 68.38, ndcg: 73.35, took: 1.09s
Epoch 18, 89.4%	 loss: 1.807 acc@1: 54.38 mrr: 67.77, ndcg: 73.05, took: 1.51s
Epoch 18, 91.5%	 loss: 1.802 acc@1: 56.25 mrr: 68.94, ndcg: 73.74, took: 1.05s
Epoch 18, 93.6%	 loss: 1.827 acc@1: 56.25 mrr: 68.69, ndcg: 73.44, took: 1.06s
Epoch 18, 95.7%	 loss: 1.841 acc@1: 54.80 mrr: 67.75, ndcg: 72.93, took: 1.02s
Epoch 18, 97.9%	 loss: 1.822 acc@1: 54.96 mrr: 68.06, ndcg: 73.17, took: 0.90s
Epoch 18, 100.0%	 loss: 1.819 acc@1: 56.21 mrr: 68.32, ndcg: 73.18, took: 0.97s
Validation - loss: 2.9126, acc@1: 51.27%, f1: 44.08%, mrr: 62.79%, ndcg: 67.31%
Current learning rate: 0.000158

=== Epoch 19 ===
Epoch 19, 2.1%	 loss: 1.823 acc@1: 55.08 mrr: 67.90, ndcg: 72.95, took: 0.97s
Epoch 19, 4.3%	 loss: 1.810 acc@1: 55.62 mrr: 68.19, ndcg: 73.26, took: 0.97s
Epoch 19, 6.4%	 loss: 1.831 acc@1: 56.13 mrr: 68.44, ndcg: 73.08, took: 0.97s
Epoch 19, 8.5%	 loss: 1.715 acc@1: 57.58 mrr: 69.92, ndcg: 74.73, took: 0.95s
Epoch 19, 10.6%	 loss: 1.846 acc@1: 55.04 mrr: 67.62, ndcg: 72.53, took: 1.06s
Epoch 19, 12.8%	 loss: 1.836 acc@1: 55.90 mrr: 68.48, ndcg: 73.18, took: 1.04s
Epoch 19, 14.9%	 loss: 1.828 acc@1: 55.31 mrr: 68.13, ndcg: 73.07, took: 1.02s
Epoch 19, 17.0%	 loss: 1.786 acc@1: 55.86 mrr: 68.82, ndcg: 73.85, took: 1.04s
Epoch 19, 19.1%	 loss: 1.758 acc@1: 56.91 mrr: 69.16, ndcg: 74.07, took: 1.08s
Epoch 19, 21.3%	 loss: 1.791 acc@1: 56.17 mrr: 68.91, ndcg: 73.84, took: 1.05s
Epoch 19, 23.4%	 loss: 1.870 acc@1: 55.12 mrr: 67.87, ndcg: 72.83, took: 0.99s
Epoch 19, 25.5%	 loss: 1.852 acc@1: 55.35 mrr: 67.77, ndcg: 72.73, took: 0.99s
Epoch 19, 27.7%	 loss: 1.783 acc@1: 57.15 mrr: 69.14, ndcg: 74.00, took: 1.09s
Epoch 19, 29.8%	 loss: 1.766 acc@1: 55.27 mrr: 68.42, ndcg: 73.62, took: 1.07s
Epoch 19, 31.9%	 loss: 1.796 acc@1: 57.03 mrr: 69.18, ndcg: 73.98, took: 1.10s
Epoch 19, 34.0%	 loss: 1.805 acc@1: 55.66 mrr: 68.47, ndcg: 73.44, took: 1.07s
Epoch 19, 36.2%	 loss: 1.845 acc@1: 55.82 mrr: 68.42, ndcg: 73.22, took: 1.05s
Epoch 19, 38.3%	 loss: 1.851 acc@1: 55.43 mrr: 68.03, ndcg: 73.15, took: 1.07s
Epoch 19, 40.4%	 loss: 1.792 acc@1: 54.69 mrr: 68.11, ndcg: 73.40, took: 1.09s
Epoch 19, 42.6%	 loss: 1.836 acc@1: 54.38 mrr: 67.67, ndcg: 73.00, took: 1.07s
Epoch 19, 44.7%	 loss: 1.714 acc@1: 57.70 mrr: 70.09, ndcg: 74.90, took: 1.07s
Epoch 19, 46.8%	 loss: 1.806 acc@1: 55.31 mrr: 68.43, ndcg: 73.29, took: 1.07s
Epoch 19, 48.9%	 loss: 1.787 acc@1: 55.86 mrr: 68.62, ndcg: 73.71, took: 1.09s
Epoch 19, 51.1%	 loss: 1.856 acc@1: 55.70 mrr: 67.86, ndcg: 72.65, took: 1.06s
Epoch 19, 53.2%	 loss: 1.818 acc@1: 55.55 mrr: 68.32, ndcg: 73.04, took: 1.03s
Epoch 19, 55.3%	 loss: 1.786 acc@1: 57.42 mrr: 69.64, ndcg: 74.29, took: 1.05s
Epoch 19, 57.4%	 loss: 1.823 acc@1: 55.70 mrr: 68.18, ndcg: 73.18, took: 1.07s
Epoch 19, 59.6%	 loss: 1.832 acc@1: 54.92 mrr: 67.79, ndcg: 72.92, took: 1.07s
Epoch 19, 61.7%	 loss: 1.823 acc@1: 56.05 mrr: 68.36, ndcg: 73.14, took: 1.08s
Epoch 19, 63.8%	 loss: 1.838 acc@1: 55.00 mrr: 67.60, ndcg: 72.63, took: 1.06s
Epoch 19, 66.0%	 loss: 1.845 acc@1: 55.43 mrr: 68.03, ndcg: 72.90, took: 1.04s
Epoch 19, 68.1%	 loss: 1.759 acc@1: 56.95 mrr: 69.30, ndcg: 74.11, took: 1.08s
Epoch 19, 70.2%	 loss: 1.846 acc@1: 55.04 mrr: 67.72, ndcg: 72.79, took: 1.05s
Epoch 19, 72.3%	 loss: 1.799 acc@1: 56.84 mrr: 69.08, ndcg: 73.81, took: 1.04s
Epoch 19, 74.5%	 loss: 1.824 acc@1: 55.74 mrr: 68.26, ndcg: 73.13, took: 1.05s
Epoch 19, 76.6%	 loss: 1.758 acc@1: 56.33 mrr: 68.83, ndcg: 73.86, took: 1.08s
Epoch 19, 78.7%	 loss: 1.830 acc@1: 55.55 mrr: 68.17, ndcg: 73.07, took: 1.08s
Epoch 19, 80.9%	 loss: 1.792 acc@1: 56.02 mrr: 68.73, ndcg: 73.57, took: 1.07s
Epoch 19, 83.0%	 loss: 1.836 acc@1: 55.55 mrr: 68.23, ndcg: 73.05, took: 1.06s
Epoch 19, 85.1%	 loss: 1.844 acc@1: 55.66 mrr: 68.29, ndcg: 73.13, took: 1.05s
Epoch 19, 87.2%	 loss: 1.815 acc@1: 55.86 mrr: 68.48, ndcg: 73.42, took: 1.09s
Epoch 19, 89.4%	 loss: 1.783 acc@1: 56.84 mrr: 69.13, ndcg: 73.85, took: 1.03s
Epoch 19, 91.5%	 loss: 1.777 acc@1: 56.02 mrr: 68.84, ndcg: 73.91, took: 1.00s
Epoch 19, 93.6%	 loss: 1.794 acc@1: 55.74 mrr: 68.50, ndcg: 73.50, took: 0.94s
Epoch 19, 95.7%	 loss: 1.799 acc@1: 56.80 mrr: 69.02, ndcg: 73.87, took: 1.03s
Epoch 19, 97.9%	 loss: 1.859 acc@1: 55.12 mrr: 67.77, ndcg: 72.66, took: 0.98s
Epoch 19, 100.0%	 loss: 1.866 acc@1: 54.45 mrr: 67.45, ndcg: 72.34, took: 1.06s
Validation - loss: 2.9196, acc@1: 51.30%, f1: 44.21%, mrr: 62.82%, ndcg: 67.31%
Current learning rate: 0.000016

=== Epoch 20 ===
Epoch 20, 2.1%	 loss: 1.824 acc@1: 54.45 mrr: 67.62, ndcg: 72.72, took: 0.99s
Epoch 20, 4.3%	 loss: 1.846 acc@1: 55.90 mrr: 68.14, ndcg: 73.09, took: 1.05s
Epoch 20, 6.4%	 loss: 1.849 acc@1: 56.02 mrr: 68.48, ndcg: 73.43, took: 1.10s
Epoch 20, 8.5%	 loss: 1.876 acc@1: 54.14 mrr: 67.03, ndcg: 72.16, took: 1.09s
Epoch 20, 10.6%	 loss: 1.817 acc@1: 56.68 mrr: 69.13, ndcg: 73.90, took: 1.05s
Epoch 20, 12.8%	 loss: 1.846 acc@1: 55.62 mrr: 68.16, ndcg: 73.22, took: 1.08s
Epoch 20, 14.9%	 loss: 1.802 acc@1: 56.25 mrr: 69.08, ndcg: 73.85, took: 1.06s
Epoch 20, 17.0%	 loss: 1.799 acc@1: 57.54 mrr: 69.50, ndcg: 74.08, took: 1.05s
Epoch 20, 19.1%	 loss: 1.860 acc@1: 55.70 mrr: 68.18, ndcg: 73.00, took: 1.08s
Epoch 20, 21.3%	 loss: 1.864 acc@1: 54.96 mrr: 67.66, ndcg: 72.61, took: 0.99s
Epoch 20, 23.4%	 loss: 1.853 acc@1: 55.12 mrr: 67.77, ndcg: 72.68, took: 0.96s
Epoch 20, 25.5%	 loss: 1.885 acc@1: 53.91 mrr: 66.91, ndcg: 71.82, took: 1.08s
Epoch 20, 27.7%	 loss: 1.861 acc@1: 56.29 mrr: 68.81, ndcg: 73.60, took: 1.05s
Epoch 20, 29.8%	 loss: 1.804 acc@1: 55.78 mrr: 68.64, ndcg: 73.68, took: 1.04s
Epoch 20, 31.9%	 loss: 1.833 acc@1: 54.92 mrr: 67.73, ndcg: 72.89, took: 1.09s
Epoch 20, 34.0%	 loss: 1.743 acc@1: 57.15 mrr: 69.79, ndcg: 74.65, took: 1.09s
Epoch 20, 36.2%	 loss: 1.911 acc@1: 53.71 mrr: 66.52, ndcg: 71.80, took: 1.04s
Epoch 20, 38.3%	 loss: 1.797 acc@1: 56.64 mrr: 69.01, ndcg: 73.70, took: 1.12s
Epoch 20, 40.4%	 loss: 1.769 acc@1: 56.33 mrr: 69.04, ndcg: 73.76, took: 1.06s
Epoch 20, 42.6%	 loss: 1.822 acc@1: 54.80 mrr: 68.22, ndcg: 73.21, took: 1.06s
Epoch 20, 44.7%	 loss: 1.844 acc@1: 56.21 mrr: 68.19, ndcg: 73.00, took: 1.10s
Epoch 20, 46.8%	 loss: 1.813 acc@1: 55.82 mrr: 68.49, ndcg: 73.47, took: 1.08s
Epoch 20, 48.9%	 loss: 1.892 acc@1: 56.13 mrr: 68.29, ndcg: 72.89, took: 1.08s
Epoch 20, 51.1%	 loss: 1.884 acc@1: 54.41 mrr: 67.55, ndcg: 72.55, took: 1.07s
Epoch 20, 53.2%	 loss: 1.795 acc@1: 55.27 mrr: 68.29, ndcg: 73.47, took: 1.07s
Epoch 20, 55.3%	 loss: 1.831 acc@1: 55.90 mrr: 68.42, ndcg: 73.23, took: 1.09s
Epoch 20, 57.4%	 loss: 1.833 acc@1: 55.43 mrr: 67.94, ndcg: 72.98, took: 1.05s
Epoch 20, 59.6%	 loss: 1.802 acc@1: 55.74 mrr: 68.54, ndcg: 73.53, took: 1.10s
Epoch 20, 61.7%	 loss: 1.818 acc@1: 55.51 mrr: 68.31, ndcg: 73.34, took: 1.06s
Epoch 20, 63.8%	 loss: 1.879 acc@1: 55.31 mrr: 68.00, ndcg: 72.93, took: 1.08s
Epoch 20, 66.0%	 loss: 1.797 acc@1: 56.91 mrr: 69.22, ndcg: 73.99, took: 1.11s
Epoch 20, 68.1%	 loss: 1.889 acc@1: 54.77 mrr: 67.40, ndcg: 72.30, took: 1.06s
Epoch 20, 70.2%	 loss: 1.806 acc@1: 55.74 mrr: 68.74, ndcg: 73.73, took: 1.05s
Epoch 20, 72.3%	 loss: 1.800 acc@1: 56.80 mrr: 69.00, ndcg: 73.98, took: 1.10s
Epoch 20, 74.5%	 loss: 1.816 acc@1: 56.37 mrr: 68.83, ndcg: 73.61, took: 1.06s
Epoch 20, 76.6%	 loss: 1.851 acc@1: 54.80 mrr: 67.61, ndcg: 72.64, took: 1.02s
Epoch 20, 78.7%	 loss: 1.832 acc@1: 57.03 mrr: 68.95, ndcg: 73.58, took: 1.11s
Epoch 20, 80.9%	 loss: 1.854 acc@1: 54.88 mrr: 67.64, ndcg: 72.61, took: 1.05s
Epoch 20, 83.0%	 loss: 1.849 acc@1: 56.02 mrr: 68.38, ndcg: 73.14, took: 1.05s
Epoch 20, 85.1%	 loss: 1.818 acc@1: 55.20 mrr: 68.32, ndcg: 73.25, took: 1.08s
Epoch 20, 87.2%	 loss: 1.816 acc@1: 55.74 mrr: 68.52, ndcg: 73.60, took: 1.07s
Epoch 20, 89.4%	 loss: 1.799 acc@1: 55.62 mrr: 68.42, ndcg: 73.42, took: 1.08s
Epoch 20, 91.5%	 loss: 1.899 acc@1: 53.83 mrr: 66.94, ndcg: 72.04, took: 1.06s
Epoch 20, 93.6%	 loss: 1.841 acc@1: 54.38 mrr: 67.58, ndcg: 72.49, took: 1.09s
Epoch 20, 95.7%	 loss: 1.900 acc@1: 55.94 mrr: 67.63, ndcg: 72.19, took: 1.01s
Epoch 20, 97.9%	 loss: 1.877 acc@1: 54.80 mrr: 67.54, ndcg: 72.61, took: 0.96s
Epoch 20, 100.0%	 loss: 1.868 acc@1: 54.41 mrr: 67.27, ndcg: 72.35, took: 1.05s
Validation - loss: 2.9033, acc@1: 51.13%, f1: 43.81%, mrr: 62.79%, ndcg: 67.32%
Current learning rate: 0.000016

=== Epoch 21 ===
Epoch 21, 2.1%	 loss: 1.735 acc@1: 58.28 mrr: 70.30, ndcg: 74.95, took: 1.08s
Epoch 21, 4.3%	 loss: 1.805 acc@1: 55.31 mrr: 68.33, ndcg: 73.30, took: 1.04s
Epoch 21, 6.4%	 loss: 1.809 acc@1: 55.20 mrr: 68.04, ndcg: 73.01, took: 1.07s
Epoch 21, 8.5%	 loss: 1.860 acc@1: 56.37 mrr: 68.45, ndcg: 73.19, took: 1.02s
Epoch 21, 10.6%	 loss: 1.844 acc@1: 56.80 mrr: 68.80, ndcg: 73.48, took: 1.07s
Epoch 21, 12.8%	 loss: 1.777 acc@1: 56.17 mrr: 68.88, ndcg: 73.85, took: 1.05s
Epoch 21, 14.9%	 loss: 1.739 acc@1: 58.40 mrr: 70.15, ndcg: 74.57, took: 1.01s
Epoch 21, 17.0%	 loss: 1.891 acc@1: 54.30 mrr: 67.09, ndcg: 71.90, took: 1.04s
Epoch 21, 19.1%	 loss: 1.836 acc@1: 56.33 mrr: 68.60, ndcg: 73.44, took: 1.06s
Epoch 21, 21.3%	 loss: 1.865 acc@1: 55.31 mrr: 68.03, ndcg: 72.85, took: 0.94s
Epoch 21, 23.4%	 loss: 1.818 acc@1: 55.43 mrr: 68.29, ndcg: 73.37, took: 0.94s
Epoch 21, 25.5%	 loss: 1.878 acc@1: 54.02 mrr: 67.28, ndcg: 72.55, took: 0.93s
Epoch 21, 27.7%	 loss: 1.873 acc@1: 55.20 mrr: 67.77, ndcg: 72.70, took: 1.02s
Epoch 21, 29.8%	 loss: 1.841 acc@1: 54.57 mrr: 67.53, ndcg: 72.61, took: 1.01s
Epoch 21, 31.9%	 loss: 1.859 acc@1: 54.88 mrr: 67.75, ndcg: 72.87, took: 1.03s
Epoch 21, 34.0%	 loss: 1.817 acc@1: 56.25 mrr: 68.63, ndcg: 73.41, took: 1.02s
Epoch 21, 36.2%	 loss: 1.868 acc@1: 55.70 mrr: 67.83, ndcg: 72.69, took: 1.08s
Epoch 21, 38.3%	 loss: 1.860 acc@1: 53.98 mrr: 67.32, ndcg: 72.33, took: 1.02s
Epoch 21, 40.4%	 loss: 1.847 acc@1: 55.62 mrr: 67.93, ndcg: 72.95, took: 1.10s
Epoch 21, 42.6%	 loss: 1.820 acc@1: 56.25 mrr: 68.68, ndcg: 73.54, took: 1.05s
Epoch 21, 44.7%	 loss: 1.851 acc@1: 54.77 mrr: 67.88, ndcg: 72.92, took: 1.07s
Epoch 21, 46.8%	 loss: 1.823 acc@1: 56.21 mrr: 68.61, ndcg: 73.51, took: 0.95s
Epoch 21, 48.9%	 loss: 1.877 acc@1: 53.75 mrr: 67.00, ndcg: 72.30, took: 0.96s
Epoch 21, 51.1%	 loss: 1.860 acc@1: 54.69 mrr: 67.68, ndcg: 72.72, took: 1.00s
Epoch 21, 53.2%	 loss: 1.864 acc@1: 54.34 mrr: 67.25, ndcg: 72.29, took: 1.08s
Epoch 21, 55.3%	 loss: 1.809 acc@1: 56.64 mrr: 69.00, ndcg: 73.92, took: 1.05s
Epoch 21, 57.4%	 loss: 1.808 acc@1: 55.47 mrr: 68.53, ndcg: 73.50, took: 1.09s
Epoch 21, 59.6%	 loss: 1.828 acc@1: 56.33 mrr: 68.70, ndcg: 73.61, took: 1.04s
Epoch 21, 61.7%	 loss: 1.801 acc@1: 55.86 mrr: 68.58, ndcg: 73.52, took: 1.06s
Epoch 21, 63.8%	 loss: 1.855 acc@1: 55.35 mrr: 67.74, ndcg: 72.55, took: 1.05s
Epoch 21, 66.0%	 loss: 1.800 acc@1: 54.53 mrr: 68.01, ndcg: 73.21, took: 1.01s
Epoch 21, 68.1%	 loss: 1.806 acc@1: 55.86 mrr: 68.81, ndcg: 73.64, took: 1.07s
Epoch 21, 70.2%	 loss: 1.878 acc@1: 54.18 mrr: 67.17, ndcg: 72.25, took: 0.98s
Epoch 21, 72.3%	 loss: 1.935 acc@1: 53.59 mrr: 66.34, ndcg: 71.22, took: 0.95s
Epoch 21, 74.5%	 loss: 1.824 acc@1: 55.66 mrr: 68.44, ndcg: 73.30, took: 1.00s
Epoch 21, 76.6%	 loss: 1.879 acc@1: 55.08 mrr: 67.57, ndcg: 72.54, took: 1.05s
Epoch 21, 78.7%	 loss: 1.778 acc@1: 55.20 mrr: 68.43, ndcg: 73.75, took: 1.06s
Epoch 21, 80.9%	 loss: 1.768 acc@1: 57.58 mrr: 69.78, ndcg: 74.56, took: 1.04s
Epoch 21, 83.0%	 loss: 1.823 acc@1: 55.86 mrr: 68.41, ndcg: 73.38, took: 1.07s
Epoch 21, 85.1%	 loss: 1.842 acc@1: 56.99 mrr: 68.86, ndcg: 73.49, took: 1.00s
Epoch 21, 87.2%	 loss: 1.766 acc@1: 56.48 mrr: 69.34, ndcg: 74.31, took: 1.08s
Epoch 21, 89.4%	 loss: 1.868 acc@1: 54.14 mrr: 67.18, ndcg: 72.13, took: 1.00s
Epoch 21, 91.5%	 loss: 1.797 acc@1: 56.05 mrr: 68.96, ndcg: 73.89, took: 1.02s
Epoch 21, 93.6%	 loss: 1.805 acc@1: 55.90 mrr: 68.50, ndcg: 73.18, took: 1.02s
Epoch 21, 95.7%	 loss: 1.814 acc@1: 56.68 mrr: 68.84, ndcg: 73.59, took: 1.04s
Epoch 21, 97.9%	 loss: 1.861 acc@1: 55.59 mrr: 68.06, ndcg: 72.80, took: 1.07s
Epoch 21, 100.0%	 loss: 1.896 acc@1: 54.80 mrr: 67.45, ndcg: 72.38, took: 1.03s
Validation - loss: 2.9014, acc@1: 51.16%, f1: 43.85%, mrr: 62.77%, ndcg: 67.32%
Current learning rate: 0.000016

=== Epoch 22 ===
Epoch 22, 2.1%	 loss: 1.849 acc@1: 55.20 mrr: 67.92, ndcg: 73.10, took: 0.90s
Epoch 22, 4.3%	 loss: 1.832 acc@1: 55.74 mrr: 68.54, ndcg: 73.61, took: 1.01s
Epoch 22, 6.4%	 loss: 1.766 acc@1: 57.38 mrr: 69.51, ndcg: 74.21, took: 1.06s
Epoch 22, 8.5%	 loss: 1.824 acc@1: 56.09 mrr: 68.63, ndcg: 73.46, took: 1.03s
Epoch 22, 10.6%	 loss: 1.800 acc@1: 56.60 mrr: 69.00, ndcg: 73.79, took: 0.99s
Epoch 22, 12.8%	 loss: 1.839 acc@1: 54.84 mrr: 67.73, ndcg: 72.87, took: 1.09s
Epoch 22, 14.9%	 loss: 1.867 acc@1: 54.57 mrr: 67.60, ndcg: 72.79, took: 1.04s
Epoch 22, 17.0%	 loss: 1.816 acc@1: 56.37 mrr: 68.51, ndcg: 73.38, took: 1.04s
Epoch 22, 19.1%	 loss: 1.773 acc@1: 56.29 mrr: 69.07, ndcg: 73.91, took: 1.05s
Epoch 22, 21.3%	 loss: 1.777 acc@1: 56.45 mrr: 69.09, ndcg: 73.95, took: 0.99s
Epoch 22, 23.4%	 loss: 1.847 acc@1: 55.35 mrr: 68.14, ndcg: 73.16, took: 0.93s
Epoch 22, 25.5%	 loss: 1.863 acc@1: 55.66 mrr: 68.19, ndcg: 72.97, took: 0.95s
Epoch 22, 27.7%	 loss: 1.829 acc@1: 54.69 mrr: 67.67, ndcg: 72.86, took: 1.03s
Epoch 22, 29.8%	 loss: 1.850 acc@1: 55.16 mrr: 68.11, ndcg: 73.16, took: 1.01s
Epoch 22, 31.9%	 loss: 1.808 acc@1: 56.29 mrr: 68.82, ndcg: 73.58, took: 1.05s
Epoch 22, 34.0%	 loss: 1.795 acc@1: 56.91 mrr: 69.22, ndcg: 73.83, took: 1.07s
Epoch 22, 36.2%	 loss: 1.815 acc@1: 56.05 mrr: 68.62, ndcg: 73.50, took: 1.00s
Epoch 22, 38.3%	 loss: 1.880 acc@1: 54.65 mrr: 67.49, ndcg: 72.67, took: 1.02s
Epoch 22, 40.4%	 loss: 1.824 acc@1: 56.91 mrr: 68.90, ndcg: 73.51, took: 0.99s
Epoch 22, 42.6%	 loss: 1.823 acc@1: 55.98 mrr: 68.70, ndcg: 73.55, took: 1.03s
Epoch 22, 44.7%	 loss: 1.874 acc@1: 54.65 mrr: 67.52, ndcg: 72.51, took: 1.13s
Epoch 22, 46.8%	 loss: 1.874 acc@1: 54.06 mrr: 67.11, ndcg: 72.26, took: 1.08s
Epoch 22, 48.9%	 loss: 1.776 acc@1: 56.91 mrr: 69.13, ndcg: 73.95, took: 1.10s
Epoch 22, 51.1%	 loss: 1.821 acc@1: 56.17 mrr: 68.49, ndcg: 73.42, took: 1.06s
Epoch 22, 53.2%	 loss: 1.800 acc@1: 55.70 mrr: 68.52, ndcg: 73.51, took: 1.03s
Epoch 22, 55.3%	 loss: 1.844 acc@1: 55.74 mrr: 68.13, ndcg: 73.13, took: 1.06s
Epoch 22, 57.4%	 loss: 1.875 acc@1: 54.92 mrr: 67.66, ndcg: 72.63, took: 1.05s
Epoch 22, 59.6%	 loss: 1.863 acc@1: 54.57 mrr: 67.39, ndcg: 72.33, took: 1.05s
Epoch 22, 61.7%	 loss: 1.847 acc@1: 54.53 mrr: 67.62, ndcg: 72.71, took: 1.03s
Epoch 22, 63.8%	 loss: 1.820 acc@1: 55.90 mrr: 68.64, ndcg: 73.42, took: 0.95s
Epoch 22, 66.0%	 loss: 1.835 acc@1: 54.26 mrr: 67.49, ndcg: 72.57, took: 1.03s
Epoch 22, 68.1%	 loss: 1.781 acc@1: 57.07 mrr: 69.41, ndcg: 74.10, took: 1.04s
Epoch 22, 70.2%	 loss: 1.816 acc@1: 55.23 mrr: 68.30, ndcg: 73.34, took: 1.10s
Epoch 22, 72.3%	 loss: 1.846 acc@1: 55.04 mrr: 67.82, ndcg: 72.73, took: 1.10s
Epoch 22, 74.5%	 loss: 1.824 acc@1: 54.96 mrr: 68.00, ndcg: 73.10, took: 1.11s
Epoch 22, 76.6%	 loss: 1.841 acc@1: 55.04 mrr: 67.79, ndcg: 72.72, took: 1.12s
Epoch 22, 78.7%	 loss: 1.859 acc@1: 55.08 mrr: 67.78, ndcg: 72.63, took: 1.19s
Epoch 22, 80.9%	 loss: 1.840 acc@1: 55.39 mrr: 67.82, ndcg: 72.88, took: 1.10s
Epoch 22, 83.0%	 loss: 1.787 acc@1: 57.23 mrr: 69.30, ndcg: 73.92, took: 1.09s
Epoch 22, 85.1%	 loss: 1.813 acc@1: 56.95 mrr: 69.13, ndcg: 73.95, took: 1.16s
Epoch 22, 87.2%	 loss: 1.849 acc@1: 54.18 mrr: 67.44, ndcg: 72.66, took: 1.18s
Epoch 22, 89.4%	 loss: 1.870 acc@1: 55.62 mrr: 67.98, ndcg: 72.80, took: 1.16s
Epoch 22, 91.5%	 loss: 1.877 acc@1: 55.12 mrr: 67.61, ndcg: 72.47, took: 1.14s
Epoch 22, 93.6%	 loss: 1.817 acc@1: 55.12 mrr: 68.14, ndcg: 73.05, took: 1.07s
Epoch 22, 95.7%	 loss: 1.797 acc@1: 55.90 mrr: 68.66, ndcg: 73.58, took: 1.12s
Epoch 22, 97.9%	 loss: 1.858 acc@1: 54.80 mrr: 67.64, ndcg: 72.71, took: 1.13s
Epoch 22, 100.0%	 loss: 1.848 acc@1: 55.86 mrr: 68.25, ndcg: 73.17, took: 1.08s
Validation - loss: 2.9011, acc@1: 51.40%, f1: 43.98%, mrr: 62.92%, ndcg: 67.40%
Current learning rate: 0.000016

=== Epoch 23 ===
Epoch 23, 2.1%	 loss: 1.857 acc@1: 54.34 mrr: 67.33, ndcg: 72.44, took: 0.99s
Epoch 23, 4.3%	 loss: 1.800 acc@1: 55.94 mrr: 68.37, ndcg: 73.39, took: 1.07s
Epoch 23, 6.4%	 loss: 1.840 acc@1: 55.66 mrr: 68.01, ndcg: 73.00, took: 1.09s
Epoch 23, 8.5%	 loss: 1.864 acc@1: 54.34 mrr: 67.42, ndcg: 72.51, took: 1.07s
Epoch 23, 10.6%	 loss: 1.864 acc@1: 55.08 mrr: 67.86, ndcg: 72.71, took: 1.07s
Epoch 23, 12.8%	 loss: 1.863 acc@1: 55.12 mrr: 67.83, ndcg: 72.90, took: 1.04s
Epoch 23, 14.9%	 loss: 1.840 acc@1: 54.65 mrr: 67.64, ndcg: 72.59, took: 1.06s
Epoch 23, 17.0%	 loss: 1.804 acc@1: 56.17 mrr: 68.65, ndcg: 73.53, took: 0.99s
Epoch 23, 19.1%	 loss: 1.825 acc@1: 55.66 mrr: 68.52, ndcg: 73.42, took: 0.97s
Epoch 23, 21.3%	 loss: 1.839 acc@1: 55.16 mrr: 68.01, ndcg: 73.09, took: 1.05s
Epoch 23, 23.4%	 loss: 1.798 acc@1: 55.82 mrr: 68.69, ndcg: 73.68, took: 1.06s
Epoch 23, 25.5%	 loss: 1.741 acc@1: 57.07 mrr: 69.72, ndcg: 74.67, took: 1.04s
Epoch 23, 27.7%	 loss: 1.789 acc@1: 55.16 mrr: 68.41, ndcg: 73.56, took: 1.09s
Epoch 23, 29.8%	 loss: 1.868 acc@1: 56.37 mrr: 68.37, ndcg: 73.01, took: 1.06s
Epoch 23, 31.9%	 loss: 1.818 acc@1: 56.13 mrr: 68.66, ndcg: 73.51, took: 1.05s
Epoch 23, 34.0%	 loss: 1.801 acc@1: 56.52 mrr: 68.87, ndcg: 73.70, took: 1.05s
Epoch 23, 36.2%	 loss: 1.808 acc@1: 56.33 mrr: 69.03, ndcg: 73.96, took: 1.06s
Epoch 23, 38.3%	 loss: 1.859 acc@1: 56.52 mrr: 68.73, ndcg: 73.35, took: 1.03s
Epoch 23, 40.4%	 loss: 1.891 acc@1: 54.45 mrr: 67.02, ndcg: 71.91, took: 1.03s
Epoch 23, 42.6%	 loss: 1.830 acc@1: 56.25 mrr: 68.71, ndcg: 73.48, took: 1.09s
Epoch 23, 44.7%	 loss: 1.864 acc@1: 54.34 mrr: 67.40, ndcg: 72.30, took: 1.05s
Epoch 23, 46.8%	 loss: 1.787 acc@1: 55.94 mrr: 68.73, ndcg: 73.61, took: 1.02s
Epoch 23, 48.9%	 loss: 1.839 acc@1: 55.82 mrr: 68.15, ndcg: 72.86, took: 1.01s
Epoch 23, 51.1%	 loss: 1.836 acc@1: 55.78 mrr: 68.36, ndcg: 73.18, took: 1.05s
Epoch 23, 53.2%	 loss: 1.845 acc@1: 55.08 mrr: 67.78, ndcg: 72.63, took: 1.05s
Epoch 23, 55.3%	 loss: 1.804 acc@1: 55.31 mrr: 68.16, ndcg: 73.17, took: 1.03s
Epoch 23, 57.4%	 loss: 1.860 acc@1: 55.04 mrr: 67.87, ndcg: 72.78, took: 1.04s
Epoch 23, 59.6%	 loss: 1.893 acc@1: 54.92 mrr: 67.59, ndcg: 72.62, took: 1.03s
Epoch 23, 61.7%	 loss: 1.814 acc@1: 55.66 mrr: 68.61, ndcg: 73.70, took: 1.06s
Epoch 23, 63.8%	 loss: 1.781 acc@1: 57.15 mrr: 69.52, ndcg: 74.22, took: 1.07s
Epoch 23, 66.0%	 loss: 1.928 acc@1: 53.12 mrr: 66.34, ndcg: 71.65, took: 1.06s
Epoch 23, 68.1%	 loss: 1.803 acc@1: 55.08 mrr: 68.13, ndcg: 73.32, took: 1.04s
Epoch 23, 70.2%	 loss: 1.767 acc@1: 55.98 mrr: 68.78, ndcg: 73.92, took: 1.07s
Epoch 23, 72.3%	 loss: 1.795 acc@1: 57.27 mrr: 69.29, ndcg: 73.90, took: 1.04s
Epoch 23, 74.5%	 loss: 1.840 acc@1: 57.11 mrr: 68.94, ndcg: 73.50, took: 1.09s
Epoch 23, 76.6%	 loss: 1.789 acc@1: 56.64 mrr: 69.31, ndcg: 74.22, took: 1.04s
Epoch 23, 78.7%	 loss: 1.889 acc@1: 54.88 mrr: 67.26, ndcg: 72.19, took: 1.05s
Epoch 23, 80.9%	 loss: 1.842 acc@1: 54.45 mrr: 67.75, ndcg: 72.75, took: 1.04s
Epoch 23, 83.0%	 loss: 1.765 acc@1: 57.27 mrr: 69.56, ndcg: 74.26, took: 1.05s
Epoch 23, 85.1%	 loss: 1.835 acc@1: 56.48 mrr: 68.81, ndcg: 73.73, took: 1.03s
Epoch 23, 87.2%	 loss: 1.815 acc@1: 55.51 mrr: 68.29, ndcg: 73.17, took: 1.05s
Epoch 23, 89.4%	 loss: 1.899 acc@1: 55.08 mrr: 67.43, ndcg: 72.20, took: 1.08s
Epoch 23, 91.5%	 loss: 1.844 acc@1: 54.84 mrr: 67.74, ndcg: 72.84, took: 1.08s
Epoch 23, 93.6%	 loss: 1.889 acc@1: 55.04 mrr: 67.63, ndcg: 72.64, took: 1.07s
Epoch 23, 95.7%	 loss: 1.747 acc@1: 57.77 mrr: 69.94, ndcg: 74.63, took: 1.04s
Epoch 23, 97.9%	 loss: 1.870 acc@1: 54.61 mrr: 67.41, ndcg: 72.42, took: 1.03s
Epoch 23, 100.0%	 loss: 1.878 acc@1: 53.91 mrr: 67.13, ndcg: 72.32, took: 0.96s
Validation - loss: 2.9047, acc@1: 51.24%, f1: 43.95%, mrr: 62.80%, ndcg: 67.32%
Current learning rate: 0.000016

=== Epoch 24 ===
Epoch 24, 2.1%	 loss: 1.822 acc@1: 56.45 mrr: 68.78, ndcg: 73.66, took: 0.94s
Epoch 24, 4.3%	 loss: 1.796 acc@1: 55.31 mrr: 68.42, ndcg: 73.47, took: 1.14s
Epoch 24, 6.4%	 loss: 1.832 acc@1: 56.60 mrr: 68.97, ndcg: 73.72, took: 1.07s
Epoch 24, 8.5%	 loss: 1.887 acc@1: 55.86 mrr: 67.92, ndcg: 72.63, took: 1.17s
Epoch 24, 10.6%	 loss: 1.888 acc@1: 54.49 mrr: 67.33, ndcg: 72.24, took: 1.16s
Epoch 24, 12.8%	 loss: 1.871 acc@1: 55.20 mrr: 67.75, ndcg: 72.72, took: 1.12s
Epoch 24, 14.9%	 loss: 1.829 acc@1: 55.35 mrr: 67.99, ndcg: 72.81, took: 1.06s
Epoch 24, 17.0%	 loss: 1.905 acc@1: 53.36 mrr: 66.47, ndcg: 71.72, took: 1.08s
Epoch 24, 19.1%	 loss: 1.838 acc@1: 55.55 mrr: 68.14, ndcg: 72.93, took: 1.11s
Epoch 24, 21.3%	 loss: 1.863 acc@1: 55.66 mrr: 67.97, ndcg: 72.77, took: 1.04s
Epoch 24, 23.4%	 loss: 1.861 acc@1: 55.31 mrr: 67.93, ndcg: 72.82, took: 1.16s
Epoch 24, 25.5%	 loss: 1.746 acc@1: 56.84 mrr: 69.85, ndcg: 74.59, took: 1.05s
Epoch 24, 27.7%	 loss: 1.800 acc@1: 54.88 mrr: 68.22, ndcg: 73.24, took: 1.02s
Epoch 24, 29.8%	 loss: 1.799 acc@1: 55.51 mrr: 68.34, ndcg: 73.46, took: 1.07s
Epoch 24, 31.9%	 loss: 1.820 acc@1: 55.78 mrr: 68.44, ndcg: 73.39, took: 1.08s
Epoch 24, 34.0%	 loss: 1.835 acc@1: 55.74 mrr: 68.29, ndcg: 73.18, took: 1.04s
Epoch 24, 36.2%	 loss: 1.778 acc@1: 56.09 mrr: 68.95, ndcg: 74.11, took: 1.11s
Epoch 24, 38.3%	 loss: 1.812 acc@1: 57.50 mrr: 69.34, ndcg: 74.01, took: 1.21s
Epoch 24, 40.4%	 loss: 1.856 acc@1: 55.66 mrr: 68.22, ndcg: 72.98, took: 1.13s
Epoch 24, 42.6%	 loss: 1.842 acc@1: 55.39 mrr: 68.08, ndcg: 73.21, took: 1.06s
Epoch 24, 44.7%	 loss: 1.897 acc@1: 56.13 mrr: 68.19, ndcg: 72.79, took: 1.10s
Epoch 24, 46.8%	 loss: 1.880 acc@1: 55.59 mrr: 67.68, ndcg: 72.48, took: 1.19s
Epoch 24, 48.9%	 loss: 1.882 acc@1: 54.18 mrr: 67.43, ndcg: 72.55, took: 1.14s
Epoch 24, 51.1%	 loss: 1.821 acc@1: 54.18 mrr: 67.80, ndcg: 72.82, took: 1.03s
Epoch 24, 53.2%	 loss: 1.820 acc@1: 55.90 mrr: 68.59, ndcg: 73.62, took: 1.17s
Epoch 24, 55.3%	 loss: 1.794 acc@1: 55.82 mrr: 68.59, ndcg: 73.63, took: 1.07s
Epoch 24, 57.4%	 loss: 1.828 acc@1: 55.47 mrr: 68.10, ndcg: 73.24, took: 1.11s
Epoch 24, 59.6%	 loss: 1.844 acc@1: 56.41 mrr: 68.75, ndcg: 73.73, took: 1.19s
Epoch 24, 61.7%	 loss: 1.819 acc@1: 56.17 mrr: 68.58, ndcg: 73.47, took: 1.07s
Epoch 24, 63.8%	 loss: 1.871 acc@1: 55.70 mrr: 67.91, ndcg: 72.68, took: 1.10s
Epoch 24, 66.0%	 loss: 1.809 acc@1: 55.86 mrr: 68.42, ndcg: 73.32, took: 1.08s
Epoch 24, 68.1%	 loss: 1.825 acc@1: 55.94 mrr: 68.50, ndcg: 73.51, took: 1.05s
Epoch 24, 70.2%	 loss: 1.815 acc@1: 55.74 mrr: 68.21, ndcg: 72.96, took: 1.08s
Epoch 24, 72.3%	 loss: 1.814 acc@1: 56.05 mrr: 68.80, ndcg: 73.66, took: 1.08s
Epoch 24, 74.5%	 loss: 1.882 acc@1: 54.53 mrr: 67.12, ndcg: 72.07, took: 1.16s
Epoch 24, 76.6%	 loss: 1.832 acc@1: 55.86 mrr: 68.50, ndcg: 73.36, took: 1.09s
Epoch 24, 78.7%	 loss: 1.822 acc@1: 55.59 mrr: 68.10, ndcg: 73.20, took: 1.04s
Epoch 24, 80.9%	 loss: 1.884 acc@1: 54.65 mrr: 67.57, ndcg: 72.54, took: 1.10s
Epoch 24, 83.0%	 loss: 1.865 acc@1: 53.67 mrr: 67.03, ndcg: 72.16, took: 1.12s
Epoch 24, 85.1%	 loss: 1.801 acc@1: 58.05 mrr: 69.86, ndcg: 74.45, took: 1.23s
Epoch 24, 87.2%	 loss: 1.857 acc@1: 54.49 mrr: 67.66, ndcg: 72.76, took: 1.09s
Epoch 24, 89.4%	 loss: 1.807 acc@1: 56.33 mrr: 69.03, ndcg: 73.74, took: 1.13s
Epoch 24, 91.5%	 loss: 1.763 acc@1: 57.15 mrr: 69.49, ndcg: 74.41, took: 1.05s
Epoch 24, 93.6%	 loss: 1.745 acc@1: 57.27 mrr: 69.59, ndcg: 74.36, took: 0.84s
Epoch 24, 95.7%	 loss: 1.821 acc@1: 55.86 mrr: 68.62, ndcg: 73.73, took: 1.18s
Epoch 24, 97.9%	 loss: 1.805 acc@1: 56.60 mrr: 68.74, ndcg: 73.54, took: 1.09s
Epoch 24, 100.0%	 loss: 1.802 acc@1: 56.76 mrr: 69.05, ndcg: 73.93, took: 1.10s
Validation - loss: 2.9049, acc@1: 51.13%, f1: 43.89%, mrr: 62.76%, ndcg: 67.31%
Training finished.	 Time: 1791.72s.	 acc@1: 51.06%

=== Test Results ===
Test Results:
  acc@1: 51.60%
  acc@5: 76.40%
  acc@10: 80.48%
  mrr: 62.34%
  ndcg: 66.54%
  f1: 44.79%

=== Training Complete ===
