2025-12-29 23:45:44,305 - INFO - ============================================================
2025-12-29 23:45:44,306 - INFO - POINTER V45 - Training Started
2025-12-29 23:45:44,306 - INFO - ============================================================
2025-12-29 23:45:44,306 - INFO - Model config: {'d_model': 128, 'dim_feedforward': 512, 'dropout': 0.15, 'nhead': 2, 'num_layers': 8}
2025-12-29 23:45:44,306 - INFO - Training config: {'batch_size': 128, 'grad_clip': 0.8, 'label_smoothing': 0.03, 'learning_rate': 0.00065, 'min_epochs': 8, 'min_lr': 1e-06, 'num_epochs': 50, 'patience': 5, 'use_amp': True, 'warmup_epochs': 5, 'weight_decay': 0.015}
2025-12-29 23:45:44,306 - INFO - ============================================================
2025-12-29 23:45:44,306 - INFO - Training for 50 epochs
2025-12-29 23:45:44,307 - INFO - Model parameters: 1,990,667
2025-12-29 23:45:48,542 - INFO - Epoch 1/50 | LR: 1.30e-04 | Train: 5.3776 | Val: 3.2973 | Acc@1: 38.25%
2025-12-29 23:45:48,613 - INFO -   ✓ New best (Acc@1: 38.25%)
2025-12-29 23:45:52,855 - INFO - Epoch 2/50 | LR: 2.60e-04 | Train: 4.1258 | Val: 3.0735 | Acc@1: 41.46%
2025-12-29 23:45:52,935 - INFO -   ✓ New best (Acc@1: 41.46%)
2025-12-29 23:45:57,797 - INFO - Epoch 3/50 | LR: 3.90e-04 | Train: 3.7208 | Val: 3.0465 | Acc@1: 44.11%
2025-12-29 23:45:57,871 - INFO -   ✓ New best (Acc@1: 44.11%)
2025-12-29 23:46:03,891 - INFO - Epoch 4/50 | LR: 5.20e-04 | Train: 3.4409 | Val: 3.1956 | Acc@1: 44.43%
2025-12-29 23:46:11,300 - INFO - Epoch 5/50 | LR: 6.50e-04 | Train: 3.1642 | Val: 3.4761 | Acc@1: 44.24%
2025-12-29 23:46:18,872 - INFO - Epoch 6/50 | LR: 6.50e-04 | Train: 2.8533 | Val: 3.5128 | Acc@1: 44.68%
2025-12-29 23:46:26,836 - INFO - Epoch 7/50 | LR: 6.49e-04 | Train: 2.5791 | Val: 3.6648 | Acc@1: 43.57%
2025-12-29 23:46:34,672 - INFO - Epoch 8/50 | LR: 6.47e-04 | Train: 2.3212 | Val: 3.7952 | Acc@1: 42.48%
2025-12-29 23:46:34,672 - INFO - Early stopping at epoch 8
2025-12-29 23:46:35,263 - INFO - Loaded checkpoint from epoch 3
2025-12-29 23:46:38,074 - INFO - ============================================================
2025-12-29 23:46:38,074 - INFO - FINAL VALIDATION RESULTS
2025-12-29 23:46:38,074 - INFO -   Acc@1:  44.11%
2025-12-29 23:46:38,074 - INFO -   Acc@5:  76.15%
2025-12-29 23:46:38,074 - INFO -   Acc@10: 80.83%
2025-12-29 23:46:38,074 - INFO -   MRR:    58.29%
2025-12-29 23:46:38,074 - INFO -   NDCG:   63.61%
2025-12-29 23:46:38,074 - INFO - ============================================================
2025-12-29 23:46:38,074 - INFO - FINAL TEST RESULTS
2025-12-29 23:46:38,074 - INFO -   Acc@1:  45.64%
2025-12-29 23:46:38,074 - INFO -   Acc@5:  80.21%
2025-12-29 23:46:38,074 - INFO -   Acc@10: 84.46%
2025-12-29 23:46:38,074 - INFO -   MRR:    60.87%
2025-12-29 23:46:38,075 - INFO -   NDCG:   66.54%
2025-12-29 23:46:38,075 - INFO - ============================================================
