2025-12-30 06:44:14,638 - INFO - ============================================================
2025-12-30 06:44:14,638 - INFO - POINTER V45 - Training Started
2025-12-30 06:44:14,638 - INFO - ============================================================
2025-12-30 06:44:14,638 - INFO - Model config: {'d_model': 128, 'dim_feedforward': 512, 'dropout': 0.15, 'nhead': 4, 'num_layers': 4}
2025-12-30 06:44:14,638 - INFO - Training config: {'batch_size': 128, 'grad_clip': 0.8, 'label_smoothing': 0.03, 'learning_rate': 0.0007, 'min_epochs': 8, 'min_lr': 1e-06, 'num_epochs': 50, 'patience': 5, 'use_amp': True, 'warmup_epochs': 5, 'weight_decay': 0.015}
2025-12-30 06:44:14,638 - INFO - ============================================================
2025-12-30 06:44:14,638 - INFO - Training for 50 epochs
2025-12-30 06:44:14,639 - INFO - Model parameters: 2,552,095
2025-12-30 06:45:57,749 - INFO - Epoch 1/50 | LR: 1.40e-04 | Train: 3.0320 | Val: 2.9256 | Acc@1: 50.98%
2025-12-30 06:45:57,819 - INFO -   ✓ New best (Acc@1: 50.98%)
2025-12-30 06:47:58,074 - INFO - Epoch 2/50 | LR: 2.80e-04 | Train: 2.8045 | Val: 2.8709 | Acc@1: 53.00%
2025-12-30 06:47:58,150 - INFO -   ✓ New best (Acc@1: 53.00%)
2025-12-30 06:49:58,657 - INFO - Epoch 3/50 | LR: 4.20e-04 | Train: 2.7125 | Val: 2.8348 | Acc@1: 53.57%
2025-12-30 06:49:58,736 - INFO -   ✓ New best (Acc@1: 53.57%)
2025-12-30 06:51:58,043 - INFO - Epoch 4/50 | LR: 5.60e-04 | Train: 2.6275 | Val: 2.8111 | Acc@1: 52.87%
2025-12-30 06:51:58,120 - INFO -   ✓ New best (Acc@1: 52.87%)
2025-12-30 06:53:59,125 - INFO - Epoch 5/50 | LR: 7.00e-04 | Train: 2.5517 | Val: 2.7941 | Acc@1: 53.54%
2025-12-30 06:53:59,201 - INFO -   ✓ New best (Acc@1: 53.54%)
2025-12-30 06:55:59,260 - INFO - Epoch 6/50 | LR: 7.00e-04 | Train: 2.4576 | Val: 2.7718 | Acc@1: 53.28%
2025-12-30 06:55:59,339 - INFO -   ✓ New best (Acc@1: 53.28%)
2025-12-30 06:58:01,144 - INFO - Epoch 7/50 | LR: 6.99e-04 | Train: 2.3798 | Val: 2.7715 | Acc@1: 53.82%
2025-12-30 06:58:01,222 - INFO -   ✓ New best (Acc@1: 53.82%)
2025-12-30 07:00:00,660 - INFO - Epoch 8/50 | LR: 6.97e-04 | Train: 2.3059 | Val: 2.8111 | Acc@1: 53.17%
2025-12-30 07:02:00,468 - INFO - Epoch 9/50 | LR: 6.92e-04 | Train: 2.2363 | Val: 2.8246 | Acc@1: 52.78%
2025-12-30 07:04:00,693 - INFO - Epoch 10/50 | LR: 6.86e-04 | Train: 2.1726 | Val: 2.8946 | Acc@1: 52.33%
2025-12-30 07:06:02,522 - INFO - Epoch 11/50 | LR: 6.79e-04 | Train: 2.1097 | Val: 2.9227 | Acc@1: 52.22%
2025-12-30 07:07:44,331 - INFO - Epoch 12/50 | LR: 6.70e-04 | Train: 2.0533 | Val: 2.9935 | Acc@1: 51.73%
2025-12-30 07:07:44,332 - INFO - Early stopping at epoch 12
2025-12-30 07:07:44,802 - INFO - Loaded checkpoint from epoch 7
2025-12-30 07:07:51,091 - INFO - ============================================================
2025-12-30 07:07:51,092 - INFO - FINAL VALIDATION RESULTS
2025-12-30 07:07:51,092 - INFO -   Acc@1:  53.82%
2025-12-30 07:07:51,092 - INFO -   Acc@5:  80.72%
2025-12-30 07:07:51,092 - INFO -   Acc@10: 85.16%
2025-12-30 07:07:51,092 - INFO -   MRR:    65.49%
2025-12-30 07:07:51,092 - INFO -   NDCG:   70.13%
2025-12-30 07:07:51,092 - INFO - ============================================================
2025-12-30 07:07:51,092 - INFO - FINAL TEST RESULTS
2025-12-30 07:07:51,092 - INFO -   Acc@1:  55.50%
2025-12-30 07:07:51,092 - INFO -   Acc@5:  81.65%
2025-12-30 07:07:51,092 - INFO -   Acc@10: 85.94%
2025-12-30 07:07:51,092 - INFO -   MRR:    67.01%
2025-12-30 07:07:51,092 - INFO -   NDCG:   71.49%
2025-12-30 07:07:51,092 - INFO - ============================================================
