2025-12-28 19:15:54,145 - INFO - ============================================================
2025-12-28 19:15:54,146 - INFO - POINTER V45 - Training Started
2025-12-28 19:15:54,146 - INFO - ============================================================
2025-12-28 19:15:54,146 - INFO - Model config: {'d_model': 128, 'dim_feedforward': 256, 'dropout': 0.15, 'nhead': 4, 'num_layers': 3}
2025-12-28 19:15:54,146 - INFO - Training config: {'batch_size': 128, 'grad_clip': 0.8, 'label_smoothing': 0.03, 'learning_rate': 0.0006, 'min_epochs': 8, 'min_lr': 1e-06, 'num_epochs': 50, 'patience': 5, 'use_amp': True, 'warmup_epochs': 5, 'weight_decay': 0.015}
2025-12-28 19:15:54,146 - INFO - ============================================================
2025-12-28 19:15:54,146 - INFO - Training for 50 epochs
2025-12-28 19:15:54,146 - INFO - Model parameters: 2,481,120
2025-12-28 19:17:21,620 - INFO - Epoch 1/50 | LR: 1.20e-04 | Train: 3.2956 | Val: 3.1713 | Acc@1: 51.18%
2025-12-28 19:17:21,699 - INFO -   ✓ New best (Acc@1: 51.18%)
2025-12-28 19:18:45,330 - INFO - Epoch 2/50 | LR: 2.40e-04 | Train: 3.0452 | Val: 3.0938 | Acc@1: 53.36%
2025-12-28 19:18:45,400 - INFO -   ✓ New best (Acc@1: 53.36%)
2025-12-28 19:20:05,072 - INFO - Epoch 3/50 | LR: 3.60e-04 | Train: 2.9224 | Val: 3.0040 | Acc@1: 53.88%
2025-12-28 19:20:05,142 - INFO -   ✓ New best (Acc@1: 53.88%)
2025-12-28 19:21:23,400 - INFO - Epoch 4/50 | LR: 4.80e-04 | Train: 2.7731 | Val: 2.9281 | Acc@1: 54.04%
2025-12-28 19:21:23,471 - INFO -   ✓ New best (Acc@1: 54.04%)
2025-12-28 19:22:42,935 - INFO - Epoch 5/50 | LR: 6.00e-04 | Train: 2.6629 | Val: 2.8980 | Acc@1: 53.95%
2025-12-28 19:22:43,005 - INFO -   ✓ New best (Acc@1: 53.95%)
2025-12-28 19:23:58,442 - INFO - Epoch 6/50 | LR: 6.00e-04 | Train: 2.5679 | Val: 2.8724 | Acc@1: 54.44%
2025-12-28 19:23:58,519 - INFO -   ✓ New best (Acc@1: 54.44%)
2025-12-28 19:25:23,707 - INFO - Epoch 7/50 | LR: 5.99e-04 | Train: 2.4897 | Val: 2.8661 | Acc@1: 54.23%
2025-12-28 19:25:23,777 - INFO -   ✓ New best (Acc@1: 54.23%)
2025-12-28 19:26:48,378 - INFO - Epoch 8/50 | LR: 5.97e-04 | Train: 2.4352 | Val: 2.8810 | Acc@1: 54.52%
2025-12-28 19:28:13,748 - INFO - Epoch 9/50 | LR: 5.93e-04 | Train: 2.3756 | Val: 2.9180 | Acc@1: 53.46%
2025-12-28 19:29:40,206 - INFO - Epoch 10/50 | LR: 5.88e-04 | Train: 2.3341 | Val: 2.9410 | Acc@1: 53.65%
2025-12-28 19:31:03,267 - INFO - Epoch 11/50 | LR: 5.82e-04 | Train: 2.3033 | Val: 2.9663 | Acc@1: 53.80%
2025-12-28 19:32:23,823 - INFO - Epoch 12/50 | LR: 5.74e-04 | Train: 2.2693 | Val: 2.9878 | Acc@1: 53.26%
2025-12-28 19:32:23,823 - INFO - Early stopping at epoch 12
2025-12-28 19:32:24,155 - INFO - Loaded checkpoint from epoch 7
2025-12-28 19:32:38,181 - INFO - ============================================================
2025-12-28 19:32:38,182 - INFO - FINAL VALIDATION RESULTS
2025-12-28 19:32:38,182 - INFO -   Acc@1:  54.23%
2025-12-28 19:32:38,182 - INFO -   Acc@5:  80.11%
2025-12-28 19:32:38,182 - INFO -   Acc@10: 84.30%
2025-12-28 19:32:38,182 - INFO -   MRR:    65.48%
2025-12-28 19:32:38,182 - INFO -   NDCG:   69.94%
2025-12-28 19:32:38,182 - INFO - ============================================================
2025-12-28 19:32:38,182 - INFO - FINAL TEST RESULTS
2025-12-28 19:32:38,182 - INFO -   Acc@1:  54.45%
2025-12-28 19:32:38,182 - INFO -   Acc@5:  81.43%
2025-12-28 19:32:38,182 - INFO -   Acc@10: 85.23%
2025-12-28 19:32:38,182 - INFO -   MRR:    66.08%
2025-12-28 19:32:38,182 - INFO -   NDCG:   70.64%
2025-12-28 19:32:38,183 - INFO - ============================================================
