2025-12-28 19:30:24,564 - INFO - ============================================================
2025-12-28 19:30:24,564 - INFO - POINTER V45 - Training Started
2025-12-28 19:30:24,564 - INFO - ============================================================
2025-12-28 19:30:24,564 - INFO - Model config: {'d_model': 144, 'dim_feedforward': 288, 'dropout': 0.15, 'nhead': 4, 'num_layers': 3}
2025-12-28 19:30:24,564 - INFO - Training config: {'batch_size': 128, 'grad_clip': 0.8, 'label_smoothing': 0.03, 'learning_rate': 0.0007, 'min_epochs': 8, 'min_lr': 1e-06, 'num_epochs': 50, 'patience': 5, 'use_amp': True, 'warmup_epochs': 5, 'weight_decay': 0.015}
2025-12-28 19:30:24,564 - INFO - ============================================================
2025-12-28 19:30:24,564 - INFO - Training for 50 epochs
2025-12-28 19:30:24,564 - INFO - Model parameters: 2,858,880
2025-12-28 19:31:49,792 - INFO - Epoch 1/50 | LR: 1.40e-04 | Train: 3.2913 | Val: 3.1643 | Acc@1: 51.47%
2025-12-28 19:31:49,860 - INFO -   ✓ New best (Acc@1: 51.47%)
2025-12-28 19:33:17,296 - INFO - Epoch 2/50 | LR: 2.80e-04 | Train: 3.0300 | Val: 3.0888 | Acc@1: 52.68%
2025-12-28 19:33:17,374 - INFO -   ✓ New best (Acc@1: 52.68%)
2025-12-28 19:34:52,756 - INFO - Epoch 3/50 | LR: 4.20e-04 | Train: 2.8778 | Val: 2.9598 | Acc@1: 54.21%
2025-12-28 19:34:52,833 - INFO -   ✓ New best (Acc@1: 54.21%)
2025-12-28 19:36:24,894 - INFO - Epoch 4/50 | LR: 5.60e-04 | Train: 2.7321 | Val: 2.9082 | Acc@1: 53.96%
2025-12-28 19:36:24,970 - INFO -   ✓ New best (Acc@1: 53.96%)
2025-12-28 19:37:57,758 - INFO - Epoch 5/50 | LR: 7.00e-04 | Train: 2.6419 | Val: 2.8843 | Acc@1: 53.66%
2025-12-28 19:37:57,834 - INFO -   ✓ New best (Acc@1: 53.66%)
2025-12-28 19:39:28,432 - INFO - Epoch 6/50 | LR: 7.00e-04 | Train: 2.5463 | Val: 2.8641 | Acc@1: 54.32%
2025-12-28 19:39:28,510 - INFO -   ✓ New best (Acc@1: 54.32%)
2025-12-28 19:41:04,836 - INFO - Epoch 7/50 | LR: 6.99e-04 | Train: 2.4706 | Val: 2.8612 | Acc@1: 54.39%
2025-12-28 19:41:04,917 - INFO -   ✓ New best (Acc@1: 54.39%)
2025-12-28 19:42:52,194 - INFO - Epoch 8/50 | LR: 6.97e-04 | Train: 2.4093 | Val: 2.8814 | Acc@1: 54.00%
2025-12-28 19:44:48,382 - INFO - Epoch 9/50 | LR: 6.92e-04 | Train: 2.3632 | Val: 2.9236 | Acc@1: 53.80%
2025-12-28 19:46:44,337 - INFO - Epoch 10/50 | LR: 6.86e-04 | Train: 2.3181 | Val: 2.9458 | Acc@1: 53.55%
2025-12-28 19:48:40,254 - INFO - Epoch 11/50 | LR: 6.79e-04 | Train: 2.2783 | Val: 2.9621 | Acc@1: 53.32%
2025-12-28 19:50:28,155 - INFO - Epoch 12/50 | LR: 6.70e-04 | Train: 2.2441 | Val: 3.0129 | Acc@1: 52.68%
2025-12-28 19:50:28,156 - INFO - Early stopping at epoch 12
2025-12-28 19:50:28,541 - INFO - Loaded checkpoint from epoch 7
2025-12-28 19:50:44,120 - INFO - ============================================================
2025-12-28 19:50:44,120 - INFO - FINAL VALIDATION RESULTS
2025-12-28 19:50:44,120 - INFO -   Acc@1:  54.39%
2025-12-28 19:50:44,120 - INFO -   Acc@5:  80.03%
2025-12-28 19:50:44,120 - INFO -   Acc@10: 84.22%
2025-12-28 19:50:44,121 - INFO -   MRR:    65.48%
2025-12-28 19:50:44,121 - INFO -   NDCG:   69.92%
2025-12-28 19:50:44,121 - INFO - ============================================================
2025-12-28 19:50:44,121 - INFO - FINAL TEST RESULTS
2025-12-28 19:50:44,121 - INFO -   Acc@1:  54.50%
2025-12-28 19:50:44,121 - INFO -   Acc@5:  81.20%
2025-12-28 19:50:44,121 - INFO -   Acc@10: 85.29%
2025-12-28 19:50:44,121 - INFO -   MRR:    66.12%
2025-12-28 19:50:44,121 - INFO -   NDCG:   70.68%
2025-12-28 19:50:44,121 - INFO - ============================================================
