Training MHSA model
Dataset: geolife
Config: /data/next_loc_clean_v2/config/ht_optuna/optuna_MHSA_geolife_prev3_t10_20251231_151714_72cf4269.yaml
Device: cuda
Seed: 42
==================================================
Data loaders: train=224, val=104, test=109
Total trainable parameters: 1980323

=== Epoch 1 ===
Epoch 1, 8.9%	 loss: 7.188 acc@1: 0.00 mrr: 0.73, ndcg: 0.52, took: 2.81s
Epoch 1, 17.9%	 loss: 7.114 acc@1: 0.00 mrr: 0.75, ndcg: 0.37, took: 1.72s
Epoch 1, 26.8%	 loss: 7.143 acc@1: 0.94 mrr: 1.82, ndcg: 1.69, took: 1.54s
Epoch 1, 35.7%	 loss: 6.970 acc@1: 3.28 mrr: 5.14, ndcg: 5.17, took: 1.61s
Epoch 1, 44.6%	 loss: 6.788 acc@1: 10.47 mrr: 14.03, ndcg: 14.65, took: 1.73s
Epoch 1, 53.6%	 loss: 6.610 acc@1: 15.62 mrr: 19.23, ndcg: 20.22, took: 1.62s
Epoch 1, 62.5%	 loss: 6.376 acc@1: 16.56 mrr: 21.99, ndcg: 23.33, took: 1.41s
Epoch 1, 71.4%	 loss: 6.028 acc@1: 20.62 mrr: 25.94, ndcg: 27.47, took: 1.54s
Epoch 1, 80.4%	 loss: 5.905 acc@1: 19.84 mrr: 27.77, ndcg: 30.41, took: 1.53s
Epoch 1, 89.3%	 loss: 5.698 acc@1: 19.38 mrr: 27.79, ndcg: 30.81, took: 1.46s
Epoch 1, 98.2%	 loss: 5.699 acc@1: 18.75 mrr: 27.80, ndcg: 31.20, took: 1.54s
Validation - loss: 5.3672, acc@1: 18.98%, f1: 8.75%, mrr: 28.82%, ndcg: 33.29%
Current learning rate: 0.000500

=== Epoch 2 ===
Epoch 2, 8.9%	 loss: 5.360 acc@1: 20.62 mrr: 30.41, ndcg: 34.58, took: 1.63s
Epoch 2, 17.9%	 loss: 5.055 acc@1: 23.12 mrr: 34.11, ndcg: 38.43, took: 1.67s
Epoch 2, 26.8%	 loss: 4.977 acc@1: 24.22 mrr: 34.35, ndcg: 38.99, took: 1.75s
Epoch 2, 35.7%	 loss: 4.877 acc@1: 24.84 mrr: 35.27, ndcg: 39.24, took: 1.68s
Epoch 2, 44.6%	 loss: 4.859 acc@1: 25.47 mrr: 36.13, ndcg: 40.31, took: 1.56s
Epoch 2, 53.6%	 loss: 4.711 acc@1: 24.53 mrr: 35.36, ndcg: 39.74, took: 1.73s
Epoch 2, 62.5%	 loss: 4.324 acc@1: 27.81 mrr: 39.92, ndcg: 44.65, took: 1.73s
Epoch 2, 71.4%	 loss: 4.341 acc@1: 27.34 mrr: 38.96, ndcg: 43.83, took: 1.60s
Epoch 2, 80.4%	 loss: 4.299 acc@1: 27.03 mrr: 38.87, ndcg: 44.26, took: 1.60s
Epoch 2, 89.3%	 loss: 4.509 acc@1: 23.44 mrr: 36.66, ndcg: 41.78, took: 1.70s
Epoch 2, 98.2%	 loss: 4.285 acc@1: 24.84 mrr: 37.78, ndcg: 43.22, took: 1.60s
Validation - loss: 4.5902, acc@1: 24.55%, f1: 14.06%, mrr: 35.44%, ndcg: 40.17%
Current learning rate: 0.001000

=== Epoch 3 ===
Epoch 3, 8.9%	 loss: 4.075 acc@1: 29.53 mrr: 41.46, ndcg: 45.94, took: 1.62s
Epoch 3, 17.9%	 loss: 4.054 acc@1: 26.72 mrr: 39.80, ndcg: 44.64, took: 1.80s
Epoch 3, 26.8%	 loss: 4.160 acc@1: 28.12 mrr: 40.94, ndcg: 45.30, took: 1.64s
Epoch 3, 35.7%	 loss: 4.069 acc@1: 28.28 mrr: 40.96, ndcg: 45.77, took: 1.70s
Epoch 3, 44.6%	 loss: 3.857 acc@1: 31.88 mrr: 44.79, ndcg: 49.63, took: 1.69s
Epoch 3, 53.6%	 loss: 3.935 acc@1: 28.91 mrr: 42.72, ndcg: 47.79, took: 1.60s
Epoch 3, 62.5%	 loss: 3.822 acc@1: 31.41 mrr: 44.05, ndcg: 49.05, took: 1.52s
Epoch 3, 71.4%	 loss: 3.787 acc@1: 32.34 mrr: 45.09, ndcg: 49.69, took: 1.54s
Epoch 3, 80.4%	 loss: 3.814 acc@1: 31.72 mrr: 45.21, ndcg: 50.31, took: 1.59s
Epoch 3, 89.3%	 loss: 3.792 acc@1: 30.78 mrr: 45.04, ndcg: 49.75, took: 1.50s
Epoch 3, 98.2%	 loss: 4.018 acc@1: 28.12 mrr: 41.57, ndcg: 46.57, took: 1.67s
Validation - loss: 4.3947, acc@1: 30.66%, f1: 20.18%, mrr: 42.34%, ndcg: 46.83%
Current learning rate: 0.000979

=== Epoch 4 ===
Epoch 4, 8.9%	 loss: 3.545 acc@1: 33.44 mrr: 46.99, ndcg: 51.68, took: 1.60s
Epoch 4, 17.9%	 loss: 3.505 acc@1: 32.03 mrr: 46.03, ndcg: 50.97, took: 1.58s
Epoch 4, 26.8%	 loss: 3.504 acc@1: 32.34 mrr: 47.00, ndcg: 52.12, took: 1.56s
Epoch 4, 35.7%	 loss: 3.484 acc@1: 34.22 mrr: 47.71, ndcg: 52.17, took: 1.49s
Epoch 4, 44.6%	 loss: 3.513 acc@1: 35.78 mrr: 48.61, ndcg: 53.38, took: 1.68s
Epoch 4, 53.6%	 loss: 3.464 acc@1: 33.44 mrr: 47.56, ndcg: 52.76, took: 1.64s
Epoch 4, 62.5%	 loss: 3.702 acc@1: 31.72 mrr: 45.33, ndcg: 49.70, took: 1.62s
Epoch 4, 71.4%	 loss: 3.501 acc@1: 31.88 mrr: 46.94, ndcg: 52.18, took: 1.56s
Epoch 4, 80.4%	 loss: 3.263 acc@1: 37.03 mrr: 51.71, ndcg: 56.96, took: 1.68s
Epoch 4, 89.3%	 loss: 3.378 acc@1: 34.69 mrr: 49.14, ndcg: 54.15, took: 1.60s
Epoch 4, 98.2%	 loss: 3.181 acc@1: 38.59 mrr: 52.86, ndcg: 57.87, took: 1.68s
Validation - loss: 4.3553, acc@1: 34.70%, f1: 22.60%, mrr: 47.12%, ndcg: 51.31%
Current learning rate: 0.000958

=== Epoch 5 ===
Epoch 5, 8.9%	 loss: 3.143 acc@1: 35.47 mrr: 50.40, ndcg: 55.67, took: 1.65s
Epoch 5, 17.9%	 loss: 3.015 acc@1: 34.38 mrr: 50.40, ndcg: 55.96, took: 1.53s
Epoch 5, 26.8%	 loss: 3.125 acc@1: 37.50 mrr: 51.88, ndcg: 56.84, took: 1.64s
Epoch 5, 35.7%	 loss: 3.123 acc@1: 34.22 mrr: 50.19, ndcg: 55.44, took: 1.60s
Epoch 5, 44.6%	 loss: 3.186 acc@1: 33.59 mrr: 49.39, ndcg: 55.04, took: 1.66s
Epoch 5, 53.6%	 loss: 3.154 acc@1: 32.66 mrr: 49.56, ndcg: 55.17, took: 1.67s
Epoch 5, 62.5%	 loss: 3.164 acc@1: 32.34 mrr: 49.18, ndcg: 55.09, took: 1.76s
Epoch 5, 71.4%	 loss: 2.984 acc@1: 37.34 mrr: 52.73, ndcg: 57.77, took: 1.75s
Epoch 5, 80.4%	 loss: 3.339 acc@1: 33.44 mrr: 49.06, ndcg: 54.56, took: 1.64s
Epoch 5, 89.3%	 loss: 3.307 acc@1: 32.97 mrr: 48.01, ndcg: 53.77, took: 1.56s
Epoch 5, 98.2%	 loss: 3.204 acc@1: 36.09 mrr: 50.61, ndcg: 55.60, took: 1.58s
Validation - loss: 4.3044, acc@1: 33.49%, f1: 22.49%, mrr: 47.17%, ndcg: 51.81%
Current learning rate: 0.000937

=== Epoch 6 ===
Epoch 6, 8.9%	 loss: 2.827 acc@1: 36.09 mrr: 52.09, ndcg: 57.99, took: 1.67s
Epoch 6, 17.9%	 loss: 3.021 acc@1: 34.53 mrr: 50.04, ndcg: 55.52, took: 1.62s
Epoch 6, 26.8%	 loss: 2.916 acc@1: 34.84 mrr: 50.97, ndcg: 56.04, took: 1.65s
Epoch 6, 35.7%	 loss: 3.079 acc@1: 32.03 mrr: 48.94, ndcg: 54.90, took: 1.52s
Epoch 6, 44.6%	 loss: 2.904 acc@1: 33.91 mrr: 51.20, ndcg: 56.84, took: 1.64s
Epoch 6, 53.6%	 loss: 2.832 acc@1: 36.72 mrr: 52.81, ndcg: 58.62, took: 1.62s
Epoch 6, 62.5%	 loss: 3.072 acc@1: 34.22 mrr: 50.06, ndcg: 55.32, took: 1.54s
Epoch 6, 71.4%	 loss: 3.163 acc@1: 31.25 mrr: 47.56, ndcg: 52.98, took: 1.67s
Epoch 6, 80.4%	 loss: 2.861 acc@1: 35.31 mrr: 52.26, ndcg: 58.07, took: 1.67s
Epoch 6, 89.3%	 loss: 3.009 acc@1: 35.94 mrr: 51.28, ndcg: 56.45, took: 1.67s
Epoch 6, 98.2%	 loss: 3.026 acc@1: 37.50 mrr: 52.85, ndcg: 57.91, took: 1.66s
Validation - loss: 4.3943, acc@1: 34.01%, f1: 23.95%, mrr: 47.71%, ndcg: 52.12%
Current learning rate: 0.000917

=== Epoch 7 ===
Epoch 7, 8.9%	 loss: 2.788 acc@1: 34.84 mrr: 52.01, ndcg: 57.95, took: 1.63s
Epoch 7, 17.9%	 loss: 2.822 acc@1: 36.25 mrr: 52.23, ndcg: 57.56, took: 1.58s
Epoch 7, 26.8%	 loss: 2.888 acc@1: 36.56 mrr: 51.64, ndcg: 56.32, took: 1.62s
Epoch 7, 35.7%	 loss: 2.886 acc@1: 33.91 mrr: 50.50, ndcg: 56.06, took: 1.62s
Epoch 7, 44.6%	 loss: 2.745 acc@1: 37.81 mrr: 53.62, ndcg: 59.09, took: 1.56s
Epoch 7, 53.6%	 loss: 2.928 acc@1: 37.19 mrr: 52.01, ndcg: 56.78, took: 1.68s
Epoch 7, 62.5%	 loss: 2.855 acc@1: 37.81 mrr: 53.08, ndcg: 58.44, took: 1.61s
Epoch 7, 71.4%	 loss: 2.875 acc@1: 34.22 mrr: 51.21, ndcg: 56.80, took: 1.50s
Epoch 7, 80.4%	 loss: 2.949 acc@1: 30.62 mrr: 48.28, ndcg: 54.03, took: 1.54s
Epoch 7, 89.3%	 loss: 2.701 acc@1: 38.75 mrr: 54.93, ndcg: 60.56, took: 1.69s
Epoch 7, 98.2%	 loss: 2.871 acc@1: 36.09 mrr: 51.83, ndcg: 57.20, took: 1.55s
Validation - loss: 4.4998, acc@1: 33.83%, f1: 22.36%, mrr: 47.63%, ndcg: 52.16%
Current learning rate: 0.000896

=== Epoch 8 ===
Epoch 8, 8.9%	 loss: 2.589 acc@1: 35.16 mrr: 52.88, ndcg: 58.78, took: 1.63s
Epoch 8, 17.9%	 loss: 2.675 acc@1: 36.88 mrr: 53.33, ndcg: 59.08, took: 1.56s
Epoch 8, 26.8%	 loss: 2.774 acc@1: 33.44 mrr: 50.75, ndcg: 56.47, took: 1.70s
Epoch 8, 35.7%	 loss: 2.739 acc@1: 37.03 mrr: 52.95, ndcg: 58.79, took: 1.51s
Epoch 8, 44.6%	 loss: 2.631 acc@1: 39.06 mrr: 55.05, ndcg: 60.53, took: 1.72s
Epoch 8, 53.6%	 loss: 2.759 acc@1: 37.19 mrr: 52.84, ndcg: 58.51, took: 1.70s
Epoch 8, 62.5%	 loss: 2.675 acc@1: 35.94 mrr: 53.09, ndcg: 59.09, took: 1.74s
Epoch 8, 71.4%	 loss: 2.800 acc@1: 37.66 mrr: 52.61, ndcg: 57.76, took: 1.67s
Epoch 8, 80.4%	 loss: 2.944 acc@1: 33.91 mrr: 49.78, ndcg: 55.26, took: 1.48s
Epoch 8, 89.3%	 loss: 2.894 acc@1: 36.41 mrr: 51.37, ndcg: 56.26, took: 1.70s
Epoch 8, 98.2%	 loss: 2.713 acc@1: 38.12 mrr: 53.79, ndcg: 59.02, took: 1.63s
Validation - loss: 4.5633, acc@1: 33.55%, f1: 22.70%, mrr: 47.11%, ndcg: 51.83%
Current learning rate: 0.000875

=== Epoch 9 ===
Epoch 9, 8.9%	 loss: 2.657 acc@1: 37.34 mrr: 53.33, ndcg: 59.44, took: 1.62s
Epoch 9, 17.9%	 loss: 2.447 acc@1: 40.31 mrr: 56.46, ndcg: 62.24, took: 1.63s
Epoch 9, 26.8%	 loss: 2.687 acc@1: 35.78 mrr: 51.67, ndcg: 57.29, took: 1.72s
Epoch 9, 35.7%	 loss: 2.707 acc@1: 38.44 mrr: 53.64, ndcg: 58.36, took: 1.64s
Epoch 9, 44.6%	 loss: 2.600 acc@1: 36.41 mrr: 53.76, ndcg: 59.42, took: 1.62s
Epoch 9, 53.6%	 loss: 2.710 acc@1: 35.16 mrr: 51.63, ndcg: 57.16, took: 1.59s
Epoch 9, 62.5%	 loss: 2.633 acc@1: 34.84 mrr: 52.79, ndcg: 58.53, took: 1.69s
Epoch 9, 71.4%	 loss: 2.863 acc@1: 33.59 mrr: 49.91, ndcg: 55.34, took: 1.53s
Epoch 9, 80.4%	 loss: 2.715 acc@1: 32.97 mrr: 50.87, ndcg: 56.71, took: 1.62s
Epoch 9, 89.3%	 loss: 2.723 acc@1: 35.16 mrr: 51.99, ndcg: 57.52, took: 1.65s
Epoch 9, 98.2%	 loss: 2.760 acc@1: 35.94 mrr: 52.02, ndcg: 57.60, took: 1.61s
Validation - loss: 4.7116, acc@1: 32.44%, f1: 22.46%, mrr: 46.35%, ndcg: 51.04%
Current learning rate: 0.000854

=== Epoch 10 ===
Epoch 10, 8.9%	 loss: 2.533 acc@1: 37.81 mrr: 54.59, ndcg: 60.18, took: 1.57s
Epoch 10, 17.9%	 loss: 2.502 acc@1: 39.06 mrr: 55.19, ndcg: 61.00, took: 1.48s
Epoch 10, 26.8%	 loss: 2.628 acc@1: 35.31 mrr: 52.27, ndcg: 58.24, took: 1.53s
Epoch 10, 35.7%	 loss: 2.532 acc@1: 41.56 mrr: 56.65, ndcg: 61.94, took: 1.54s
Epoch 10, 44.6%	 loss: 2.594 acc@1: 36.88 mrr: 53.71, ndcg: 59.18, took: 1.51s
Epoch 10, 53.6%	 loss: 2.612 acc@1: 35.62 mrr: 53.12, ndcg: 59.31, took: 1.52s
Epoch 10, 62.5%	 loss: 2.703 acc@1: 35.62 mrr: 52.05, ndcg: 57.70, took: 1.66s
Epoch 10, 71.4%	 loss: 2.656 acc@1: 39.69 mrr: 54.22, ndcg: 59.11, took: 1.59s
Epoch 10, 80.4%	 loss: 2.727 acc@1: 35.94 mrr: 51.53, ndcg: 57.28, took: 1.64s
Epoch 10, 89.3%	 loss: 2.600 acc@1: 37.81 mrr: 53.93, ndcg: 59.63, took: 1.50s
Epoch 10, 98.2%	 loss: 2.674 acc@1: 36.09 mrr: 52.67, ndcg: 58.49, took: 1.55s
Validation - loss: 4.7984, acc@1: 32.56%, f1: 21.99%, mrr: 46.31%, ndcg: 50.88%
Current learning rate: 0.000083

=== Epoch 11 ===
Epoch 11, 8.9%	 loss: 2.894 acc@1: 35.16 mrr: 51.27, ndcg: 56.73, took: 1.64s
Epoch 11, 17.9%	 loss: 2.764 acc@1: 35.62 mrr: 52.88, ndcg: 59.10, took: 1.68s
Epoch 11, 26.8%	 loss: 2.967 acc@1: 34.53 mrr: 50.50, ndcg: 55.63, took: 1.57s
Epoch 11, 35.7%	 loss: 2.797 acc@1: 35.94 mrr: 53.15, ndcg: 58.72, took: 1.56s
Epoch 11, 44.6%	 loss: 2.662 acc@1: 38.12 mrr: 54.64, ndcg: 60.29, took: 1.63s
Epoch 11, 53.6%	 loss: 2.817 acc@1: 35.47 mrr: 52.46, ndcg: 57.84, took: 1.59s
Epoch 11, 62.5%	 loss: 2.808 acc@1: 36.72 mrr: 52.84, ndcg: 58.41, took: 1.65s
Epoch 11, 71.4%	 loss: 2.955 acc@1: 38.12 mrr: 52.27, ndcg: 57.33, took: 1.74s
Epoch 11, 80.4%	 loss: 2.954 acc@1: 38.59 mrr: 52.34, ndcg: 57.23, took: 1.68s
Epoch 11, 89.3%	 loss: 2.946 acc@1: 38.59 mrr: 52.54, ndcg: 57.58, took: 1.71s
Epoch 11, 98.2%	 loss: 2.851 acc@1: 37.97 mrr: 53.36, ndcg: 58.60, took: 1.55s
Validation - loss: 4.3055, acc@1: 35.84%, f1: 23.84%, mrr: 48.43%, ndcg: 52.81%
Current learning rate: 0.000083

=== Epoch 12 ===
Epoch 12, 8.9%	 loss: 2.790 acc@1: 36.25 mrr: 52.81, ndcg: 58.36, took: 1.52s
Epoch 12, 17.9%	 loss: 2.795 acc@1: 36.41 mrr: 52.51, ndcg: 58.03, took: 1.64s
Epoch 12, 26.8%	 loss: 2.805 acc@1: 37.03 mrr: 53.04, ndcg: 58.42, took: 1.77s
Epoch 12, 35.7%	 loss: 2.759 acc@1: 37.81 mrr: 53.94, ndcg: 59.25, took: 1.70s
Epoch 12, 44.6%	 loss: 2.952 acc@1: 32.81 mrr: 49.64, ndcg: 55.37, took: 1.55s
Epoch 12, 53.6%	 loss: 2.735 acc@1: 35.78 mrr: 52.86, ndcg: 58.59, took: 1.60s
Epoch 12, 62.5%	 loss: 2.914 acc@1: 34.84 mrr: 50.77, ndcg: 56.37, took: 1.54s
Epoch 12, 71.4%	 loss: 2.724 acc@1: 37.19 mrr: 53.86, ndcg: 59.26, took: 1.73s
Epoch 12, 80.4%	 loss: 2.885 acc@1: 36.09 mrr: 51.69, ndcg: 57.33, took: 1.56s
Epoch 12, 89.3%	 loss: 2.869 acc@1: 37.19 mrr: 52.64, ndcg: 57.72, took: 1.60s
Epoch 12, 98.2%	 loss: 2.745 acc@1: 38.12 mrr: 53.65, ndcg: 58.49, took: 1.59s
Validation - loss: 4.2869, acc@1: 35.78%, f1: 23.56%, mrr: 48.57%, ndcg: 52.91%
Current learning rate: 0.000083

=== Epoch 13 ===
Epoch 13, 8.9%	 loss: 2.753 acc@1: 36.25 mrr: 52.97, ndcg: 58.52, took: 1.66s
Epoch 13, 17.9%	 loss: 2.716 acc@1: 37.19 mrr: 53.58, ndcg: 59.10, took: 1.60s
Epoch 13, 26.8%	 loss: 2.907 acc@1: 34.69 mrr: 50.63, ndcg: 56.18, took: 1.69s
Epoch 13, 35.7%	 loss: 2.911 acc@1: 36.25 mrr: 51.70, ndcg: 56.85, took: 1.54s
Epoch 13, 44.6%	 loss: 2.719 acc@1: 39.53 mrr: 54.89, ndcg: 59.84, took: 1.62s
Epoch 13, 53.6%	 loss: 2.693 acc@1: 38.91 mrr: 55.01, ndcg: 60.32, took: 1.64s
Epoch 13, 62.5%	 loss: 2.776 acc@1: 34.69 mrr: 52.26, ndcg: 58.13, took: 1.62s
Epoch 13, 71.4%	 loss: 2.818 acc@1: 36.09 mrr: 52.60, ndcg: 57.97, took: 1.68s
Epoch 13, 80.4%	 loss: 2.832 acc@1: 35.31 mrr: 51.37, ndcg: 56.64, took: 1.72s
Epoch 13, 89.3%	 loss: 2.612 acc@1: 39.53 mrr: 55.85, ndcg: 61.42, took: 1.60s
Epoch 13, 98.2%	 loss: 2.879 acc@1: 33.91 mrr: 50.36, ndcg: 56.56, took: 1.51s
Validation - loss: 4.3180, acc@1: 34.67%, f1: 23.69%, mrr: 48.14%, ndcg: 52.62%
Current learning rate: 0.000083

=== Epoch 14 ===
Epoch 14, 8.9%	 loss: 2.827 acc@1: 37.66 mrr: 53.15, ndcg: 58.71, took: 1.59s
Epoch 14, 17.9%	 loss: 2.716 acc@1: 37.19 mrr: 54.11, ndcg: 59.50, took: 1.69s
Epoch 14, 26.8%	 loss: 2.677 acc@1: 38.44 mrr: 54.31, ndcg: 59.88, took: 1.69s
Epoch 14, 35.7%	 loss: 2.767 acc@1: 37.50 mrr: 53.49, ndcg: 58.49, took: 1.59s
Epoch 14, 44.6%	 loss: 2.778 acc@1: 36.41 mrr: 52.39, ndcg: 58.04, took: 1.67s
Epoch 14, 53.6%	 loss: 2.804 acc@1: 35.78 mrr: 51.84, ndcg: 57.66, took: 1.71s
Epoch 14, 62.5%	 loss: 2.753 acc@1: 38.59 mrr: 53.92, ndcg: 58.82, took: 1.56s
Epoch 14, 71.4%	 loss: 2.836 acc@1: 36.09 mrr: 51.89, ndcg: 56.80, took: 1.61s
Epoch 14, 80.4%	 loss: 2.670 acc@1: 39.53 mrr: 55.29, ndcg: 60.66, took: 1.64s
Epoch 14, 89.3%	 loss: 2.575 acc@1: 40.31 mrr: 56.10, ndcg: 61.77, took: 1.59s
Epoch 14, 98.2%	 loss: 2.787 acc@1: 35.94 mrr: 52.48, ndcg: 58.21, took: 1.61s
Validation - loss: 4.3261, acc@1: 34.10%, f1: 22.92%, mrr: 47.86%, ndcg: 52.38%
Current learning rate: 0.000083

=== Epoch 15 ===
Epoch 15, 8.9%	 loss: 2.780 acc@1: 37.97 mrr: 53.26, ndcg: 58.41, took: 1.68s
Epoch 15, 17.9%	 loss: 2.809 acc@1: 35.62 mrr: 52.23, ndcg: 57.71, took: 1.64s
Epoch 15, 26.8%	 loss: 2.652 acc@1: 35.78 mrr: 53.26, ndcg: 59.70, took: 1.67s
Epoch 15, 35.7%	 loss: 2.703 acc@1: 42.19 mrr: 56.05, ndcg: 60.84, took: 1.53s
Epoch 15, 44.6%	 loss: 2.909 acc@1: 34.22 mrr: 50.54, ndcg: 56.19, took: 1.62s
Epoch 15, 53.6%	 loss: 2.776 acc@1: 36.56 mrr: 52.25, ndcg: 57.50, took: 1.74s
Epoch 15, 62.5%	 loss: 2.634 acc@1: 39.53 mrr: 55.69, ndcg: 61.02, took: 1.60s
Epoch 15, 71.4%	 loss: 2.587 acc@1: 38.59 mrr: 55.50, ndcg: 60.98, took: 1.56s
Epoch 15, 80.4%	 loss: 2.666 acc@1: 38.75 mrr: 54.86, ndcg: 60.44, took: 1.61s
Epoch 15, 89.3%	 loss: 2.760 acc@1: 37.19 mrr: 52.98, ndcg: 58.27, took: 1.59s
Epoch 15, 98.2%	 loss: 2.747 acc@1: 37.81 mrr: 53.61, ndcg: 58.84, took: 1.59s
Validation - loss: 4.3406, acc@1: 34.43%, f1: 23.82%, mrr: 47.92%, ndcg: 52.39%
Current learning rate: 0.000083

=== Epoch 16 ===
Epoch 16, 8.9%	 loss: 2.677 acc@1: 41.72 mrr: 56.36, ndcg: 61.36, took: 1.65s
Epoch 16, 17.9%	 loss: 2.632 acc@1: 39.38 mrr: 55.24, ndcg: 60.87, took: 1.60s
Epoch 16, 26.8%	 loss: 2.803 acc@1: 36.56 mrr: 52.41, ndcg: 57.66, took: 1.77s
Epoch 16, 35.7%	 loss: 2.690 acc@1: 36.41 mrr: 53.51, ndcg: 59.27, took: 1.68s
Epoch 16, 44.6%	 loss: 2.653 acc@1: 36.56 mrr: 53.54, ndcg: 59.55, took: 1.75s
Epoch 16, 53.6%	 loss: 2.761 acc@1: 40.31 mrr: 54.53, ndcg: 59.37, took: 1.69s
Epoch 16, 62.5%	 loss: 2.649 acc@1: 38.59 mrr: 54.71, ndcg: 60.41, took: 1.86s
Epoch 16, 71.4%	 loss: 2.733 acc@1: 38.12 mrr: 53.38, ndcg: 58.74, took: 1.59s
Epoch 16, 80.4%	 loss: 2.770 acc@1: 37.66 mrr: 52.84, ndcg: 58.33, took: 1.69s
Epoch 16, 89.3%	 loss: 2.764 acc@1: 36.72 mrr: 53.10, ndcg: 58.50, took: 1.67s
Epoch 16, 98.2%	 loss: 2.690 acc@1: 39.06 mrr: 54.45, ndcg: 59.41, took: 1.60s
Validation - loss: 4.3345, acc@1: 34.64%, f1: 24.08%, mrr: 48.20%, ndcg: 52.60%
Current learning rate: 0.000083

=== Epoch 17 ===
Epoch 17, 8.9%	 loss: 2.687 acc@1: 38.44 mrr: 54.48, ndcg: 59.97, took: 1.59s
Epoch 17, 17.9%	 loss: 2.670 acc@1: 39.53 mrr: 54.98, ndcg: 60.15, took: 1.67s
Epoch 17, 26.8%	 loss: 2.711 acc@1: 39.22 mrr: 54.23, ndcg: 59.22, took: 1.60s
Epoch 17, 35.7%	 loss: 2.661 acc@1: 38.28 mrr: 54.18, ndcg: 59.69, took: 1.65s
Epoch 17, 44.6%	 loss: 2.713 acc@1: 36.88 mrr: 53.32, ndcg: 58.77, took: 1.56s
Epoch 17, 53.6%	 loss: 2.631 acc@1: 37.81 mrr: 54.01, ndcg: 59.87, took: 1.66s
Epoch 17, 62.5%	 loss: 2.712 acc@1: 37.03 mrr: 53.36, ndcg: 58.81, took: 1.72s
Epoch 17, 71.4%	 loss: 2.753 acc@1: 38.75 mrr: 54.37, ndcg: 59.49, took: 1.61s
Epoch 17, 80.4%	 loss: 2.709 acc@1: 38.44 mrr: 53.58, ndcg: 58.97, took: 1.58s
Epoch 17, 89.3%	 loss: 2.509 acc@1: 39.22 mrr: 55.70, ndcg: 61.52, took: 1.66s
Epoch 17, 98.2%	 loss: 2.708 acc@1: 37.34 mrr: 53.24, ndcg: 58.84, took: 1.56s
Validation - loss: 4.3447, acc@1: 34.49%, f1: 23.99%, mrr: 48.09%, ndcg: 52.60%
Current learning rate: 0.000008

=== Epoch 18 ===
Epoch 18, 8.9%	 loss: 2.628 acc@1: 37.34 mrr: 54.59, ndcg: 60.51, took: 1.75s
Epoch 18, 17.9%	 loss: 2.804 acc@1: 37.50 mrr: 52.68, ndcg: 57.91, took: 1.59s
Epoch 18, 26.8%	 loss: 2.848 acc@1: 37.50 mrr: 52.65, ndcg: 58.10, took: 1.67s
Epoch 18, 35.7%	 loss: 2.709 acc@1: 40.78 mrr: 55.56, ndcg: 60.50, took: 1.61s
Epoch 18, 44.6%	 loss: 2.946 acc@1: 36.41 mrr: 51.41, ndcg: 56.48, took: 1.71s
Epoch 18, 53.6%	 loss: 2.680 acc@1: 39.06 mrr: 54.43, ndcg: 59.88, took: 1.64s
Epoch 18, 62.5%	 loss: 2.777 acc@1: 35.94 mrr: 52.17, ndcg: 57.61, took: 1.67s
Epoch 18, 71.4%	 loss: 2.802 acc@1: 36.25 mrr: 52.03, ndcg: 57.86, took: 1.78s
Epoch 18, 80.4%	 loss: 2.780 acc@1: 38.91 mrr: 54.18, ndcg: 59.18, took: 1.69s
Epoch 18, 89.3%	 loss: 2.730 acc@1: 37.97 mrr: 53.92, ndcg: 59.19, took: 1.57s
Epoch 18, 98.2%	 loss: 2.733 acc@1: 36.56 mrr: 53.07, ndcg: 58.27, took: 1.72s
Validation - loss: 4.3186, acc@1: 34.70%, f1: 23.39%, mrr: 48.04%, ndcg: 52.44%
Current learning rate: 0.000008

=== Epoch 19 ===
Epoch 19, 8.9%	 loss: 2.790 acc@1: 37.81 mrr: 53.54, ndcg: 58.89, took: 1.69s
Epoch 19, 17.9%	 loss: 2.816 acc@1: 36.41 mrr: 52.04, ndcg: 57.35, took: 1.61s
Epoch 19, 26.8%	 loss: 2.737 acc@1: 35.00 mrr: 52.57, ndcg: 58.28, took: 1.64s
Epoch 19, 35.7%	 loss: 2.689 acc@1: 39.69 mrr: 54.79, ndcg: 60.06, took: 1.72s
Epoch 19, 44.6%	 loss: 2.755 acc@1: 35.47 mrr: 52.45, ndcg: 58.21, took: 1.56s
Epoch 19, 53.6%	 loss: 2.804 acc@1: 37.97 mrr: 53.26, ndcg: 58.73, took: 1.54s
Epoch 19, 62.5%	 loss: 2.707 acc@1: 37.03 mrr: 54.00, ndcg: 59.17, took: 1.72s
Epoch 19, 71.4%	 loss: 2.788 acc@1: 38.75 mrr: 53.65, ndcg: 58.96, took: 1.62s
Epoch 19, 80.4%	 loss: 2.729 acc@1: 35.47 mrr: 52.85, ndcg: 58.79, took: 1.68s
Epoch 19, 89.3%	 loss: 2.787 acc@1: 40.16 mrr: 53.88, ndcg: 58.56, took: 1.63s
Epoch 19, 98.2%	 loss: 2.856 acc@1: 37.34 mrr: 52.41, ndcg: 57.42, took: 1.72s
Validation - loss: 4.3167, acc@1: 35.57%, f1: 23.79%, mrr: 48.47%, ndcg: 52.78%
Current learning rate: 0.000008

=== Epoch 20 ===
Epoch 20, 8.9%	 loss: 2.801 acc@1: 35.94 mrr: 52.25, ndcg: 57.43, took: 1.61s
Epoch 20, 17.9%	 loss: 2.713 acc@1: 39.69 mrr: 54.94, ndcg: 59.77, took: 1.52s
Epoch 20, 26.8%	 loss: 2.848 acc@1: 35.16 mrr: 51.34, ndcg: 57.14, took: 1.56s
Epoch 20, 35.7%	 loss: 2.704 acc@1: 39.38 mrr: 54.95, ndcg: 60.02, took: 1.56s
Epoch 20, 44.6%	 loss: 2.820 acc@1: 36.09 mrr: 52.17, ndcg: 57.61, took: 1.65s
Epoch 20, 53.6%	 loss: 2.710 acc@1: 38.44 mrr: 54.47, ndcg: 59.96, took: 1.53s
Epoch 20, 62.5%	 loss: 2.731 acc@1: 39.84 mrr: 55.25, ndcg: 60.44, took: 1.51s
Epoch 20, 71.4%	 loss: 2.789 acc@1: 37.50 mrr: 53.22, ndcg: 58.78, took: 1.60s
Epoch 20, 80.4%	 loss: 2.737 acc@1: 36.41 mrr: 52.83, ndcg: 58.63, took: 1.43s
Epoch 20, 89.3%	 loss: 2.793 acc@1: 33.44 mrr: 51.13, ndcg: 57.33, took: 1.56s
Epoch 20, 98.2%	 loss: 2.705 acc@1: 38.28 mrr: 54.22, ndcg: 59.61, took: 1.51s
Validation - loss: 4.3264, acc@1: 35.06%, f1: 23.87%, mrr: 48.21%, ndcg: 52.58%
Current learning rate: 0.000008

=== Epoch 21 ===
Epoch 21, 8.9%	 loss: 2.700 acc@1: 38.91 mrr: 54.53, ndcg: 60.02, took: 1.49s
Epoch 21, 17.9%	 loss: 2.782 acc@1: 37.66 mrr: 53.15, ndcg: 58.55, took: 1.60s
Epoch 21, 26.8%	 loss: 2.812 acc@1: 36.88 mrr: 52.80, ndcg: 58.13, took: 1.56s
Epoch 21, 35.7%	 loss: 2.696 acc@1: 36.72 mrr: 53.68, ndcg: 59.38, took: 1.44s
Epoch 21, 44.6%	 loss: 2.764 acc@1: 39.53 mrr: 54.77, ndcg: 59.81, took: 1.53s
Epoch 21, 53.6%	 loss: 2.791 acc@1: 40.00 mrr: 54.18, ndcg: 58.90, took: 1.65s
Epoch 21, 62.5%	 loss: 2.854 acc@1: 36.88 mrr: 52.21, ndcg: 57.11, took: 1.39s
Epoch 21, 71.4%	 loss: 2.777 acc@1: 33.28 mrr: 51.62, ndcg: 57.71, took: 1.41s
Epoch 21, 80.4%	 loss: 2.896 acc@1: 35.31 mrr: 50.88, ndcg: 56.13, took: 1.39s
Epoch 21, 89.3%	 loss: 2.703 acc@1: 36.56 mrr: 53.30, ndcg: 59.09, took: 1.55s
Epoch 21, 98.2%	 loss: 2.646 acc@1: 39.84 mrr: 55.17, ndcg: 60.54, took: 1.52s
Validation - loss: 4.3133, acc@1: 34.79%, f1: 23.70%, mrr: 48.20%, ndcg: 52.61%
Current learning rate: 0.000008

=== Epoch 22 ===
Epoch 22, 8.9%	 loss: 2.839 acc@1: 37.97 mrr: 53.21, ndcg: 58.52, took: 1.42s
Epoch 22, 17.9%	 loss: 2.648 acc@1: 40.16 mrr: 55.92, ndcg: 61.55, took: 1.42s
Epoch 22, 26.8%	 loss: 2.768 acc@1: 37.19 mrr: 53.39, ndcg: 58.76, took: 1.35s
Epoch 22, 35.7%	 loss: 2.643 acc@1: 39.38 mrr: 55.19, ndcg: 60.56, took: 1.48s
Epoch 22, 44.6%	 loss: 2.672 acc@1: 37.81 mrr: 54.55, ndcg: 60.09, took: 1.56s
Epoch 22, 53.6%	 loss: 2.780 acc@1: 38.12 mrr: 53.57, ndcg: 58.64, took: 1.50s
Epoch 22, 62.5%	 loss: 2.790 acc@1: 37.66 mrr: 53.15, ndcg: 58.36, took: 1.36s
Epoch 22, 71.4%	 loss: 2.661 acc@1: 39.22 mrr: 55.12, ndcg: 60.36, took: 1.41s
Epoch 22, 80.4%	 loss: 2.892 acc@1: 33.75 mrr: 50.62, ndcg: 56.46, took: 1.42s
Epoch 22, 89.3%	 loss: 2.747 acc@1: 36.88 mrr: 52.94, ndcg: 58.40, took: 1.33s
Epoch 22, 98.2%	 loss: 2.920 acc@1: 38.28 mrr: 52.26, ndcg: 57.01, took: 1.41s
Validation - loss: 4.3197, acc@1: 34.67%, f1: 23.69%, mrr: 48.07%, ndcg: 52.52%
Training finished.	 Time: 510.51s.	 acc@1: 35.78%

=== Test Results ===
Test Results:
  acc@1: 31.06%
  acc@5: 55.55%
  acc@10: 59.37%
  mrr: 42.14%
  ndcg: 46.08%
  f1: 20.07%

=== Training Complete ===
