2025-12-30 19:39:29,113 - INFO - ============================================================
2025-12-30 19:39:29,113 - INFO - POINTER V45 - Training Started
2025-12-30 19:39:29,113 - INFO - ============================================================
2025-12-30 19:39:29,113 - INFO - Model config: {'d_model': 32, 'dim_feedforward': 128, 'dropout': 0.15, 'nhead': 4, 'num_layers': 2}
2025-12-30 19:39:29,113 - INFO - Training config: {'batch_size': 128, 'grad_clip': 0.8, 'label_smoothing': 0.03, 'learning_rate': 0.00065, 'min_epochs': 3, 'min_lr': 1e-06, 'num_epochs': 50, 'patience': 5, 'use_amp': True, 'warmup_epochs': 5, 'weight_decay': 0.015}
2025-12-30 19:39:29,113 - INFO - ============================================================
2025-12-30 19:39:29,113 - INFO - Training for 50 epochs
2025-12-30 19:39:29,114 - INFO - Model parameters: 452,247
2025-12-30 19:42:02,011 - INFO - Epoch 1/50 | LR: 1.30e-04 | Train: 3.0893 | Val: 2.9746 | Acc@1: 50.22%
2025-12-30 19:42:02,038 - INFO -   ✓ New best (Acc@1: 50.22%)
2025-12-30 19:44:28,323 - INFO - Epoch 2/50 | LR: 2.60e-04 | Train: 2.8439 | Val: 2.8965 | Acc@1: 52.32%
2025-12-30 19:44:28,354 - INFO -   ✓ New best (Acc@1: 52.32%)
2025-12-30 19:46:55,760 - INFO - Epoch 3/50 | LR: 3.90e-04 | Train: 2.7592 | Val: 2.8751 | Acc@1: 53.04%
2025-12-30 19:46:55,789 - INFO -   ✓ New best (Acc@1: 53.04%)
2025-12-30 19:49:24,041 - INFO - Epoch 4/50 | LR: 5.20e-04 | Train: 2.7076 | Val: 2.8551 | Acc@1: 53.52%
2025-12-30 19:49:24,070 - INFO -   ✓ New best (Acc@1: 53.52%)
2025-12-30 19:51:52,019 - INFO - Epoch 5/50 | LR: 6.50e-04 | Train: 2.6682 | Val: 2.8382 | Acc@1: 53.92%
2025-12-30 19:51:52,047 - INFO -   ✓ New best (Acc@1: 53.92%)
2025-12-30 19:54:18,793 - INFO - Epoch 6/50 | LR: 6.50e-04 | Train: 2.6279 | Val: 2.8317 | Acc@1: 53.93%
2025-12-30 19:54:18,823 - INFO -   ✓ New best (Acc@1: 53.93%)
2025-12-30 19:56:52,831 - INFO - Epoch 7/50 | LR: 6.49e-04 | Train: 2.5901 | Val: 2.8204 | Acc@1: 53.87%
2025-12-30 19:56:52,861 - INFO -   ✓ New best (Acc@1: 53.87%)
2025-12-30 19:59:19,870 - INFO - Epoch 8/50 | LR: 6.47e-04 | Train: 2.5559 | Val: 2.8241 | Acc@1: 54.20%
2025-12-30 20:01:49,131 - INFO - Epoch 9/50 | LR: 6.43e-04 | Train: 2.5249 | Val: 2.8235 | Acc@1: 54.11%
2025-12-30 20:04:18,160 - INFO - Epoch 10/50 | LR: 6.37e-04 | Train: 2.4954 | Val: 2.8236 | Acc@1: 53.69%
2025-12-30 20:06:45,787 - INFO - Epoch 11/50 | LR: 6.30e-04 | Train: 2.4691 | Val: 2.8230 | Acc@1: 53.66%
2025-12-30 20:09:05,731 - INFO - Epoch 12/50 | LR: 6.22e-04 | Train: 2.4450 | Val: 2.8242 | Acc@1: 53.46%
2025-12-30 20:09:05,731 - INFO - Early stopping at epoch 12
2025-12-30 20:09:07,081 - INFO - Loaded checkpoint from epoch 7
2025-12-30 20:09:22,326 - INFO - ============================================================
2025-12-30 20:09:22,326 - INFO - FINAL VALIDATION RESULTS
2025-12-30 20:09:22,326 - INFO -   Acc@1:  53.87%
2025-12-30 20:09:22,327 - INFO -   Acc@5:  80.51%
2025-12-30 20:09:22,327 - INFO -   Acc@10: 84.28%
2025-12-30 20:09:22,327 - INFO -   MRR:    65.51%
2025-12-30 20:09:22,327 - INFO -   NDCG:   69.98%
2025-12-30 20:09:22,327 - INFO - ============================================================
2025-12-30 20:09:22,327 - INFO - FINAL TEST RESULTS
2025-12-30 20:09:22,327 - INFO -   Acc@1:  55.70%
2025-12-30 20:09:22,327 - INFO -   Acc@5:  81.84%
2025-12-30 20:09:22,327 - INFO -   Acc@10: 85.69%
2025-12-30 20:09:22,327 - INFO -   MRR:    67.04%
2025-12-30 20:09:22,327 - INFO -   NDCG:   71.51%
2025-12-30 20:09:22,327 - INFO - ============================================================
