2025-12-30 21:51:53,431 - INFO - ============================================================
2025-12-30 21:51:53,431 - INFO - POINTER V45 - Training Started
2025-12-30 21:51:53,431 - INFO - ============================================================
2025-12-30 21:51:53,431 - INFO - Model config: {'d_model': 128, 'dim_feedforward': 512, 'dropout': 0.15, 'nhead': 8, 'num_layers': 4}
2025-12-30 21:51:53,431 - INFO - Training config: {'batch_size': 128, 'grad_clip': 0.8, 'label_smoothing': 0.03, 'learning_rate': 0.00065, 'min_epochs': 3, 'min_lr': 1e-06, 'num_epochs': 50, 'patience': 5, 'use_amp': True, 'warmup_epochs': 5, 'weight_decay': 0.015}
2025-12-30 21:51:53,431 - INFO - ============================================================
2025-12-30 21:51:53,432 - INFO - Training for 50 epochs
2025-12-30 21:51:53,432 - INFO - Model parameters: 1,208,004
2025-12-30 21:52:02,898 - INFO - Epoch 1/50 | LR: 1.30e-04 | Train: 4.2004 | Val: 3.1634 | Acc@1: 41.87%
2025-12-30 21:52:02,952 - INFO -   ✓ New best (Acc@1: 41.87%)
2025-12-30 21:52:10,861 - INFO - Epoch 2/50 | LR: 2.60e-04 | Train: 3.7719 | Val: 3.1136 | Acc@1: 45.29%
2025-12-30 21:52:10,918 - INFO -   ✓ New best (Acc@1: 45.29%)
2025-12-30 21:52:18,744 - INFO - Epoch 3/50 | LR: 3.90e-04 | Train: 3.4806 | Val: 3.1229 | Acc@1: 45.26%
2025-12-30 21:52:26,041 - INFO - Epoch 4/50 | LR: 5.20e-04 | Train: 3.2151 | Val: 3.1669 | Acc@1: 44.93%
2025-12-30 21:52:33,243 - INFO - Epoch 5/50 | LR: 6.50e-04 | Train: 2.9543 | Val: 3.1882 | Acc@1: 46.16%
2025-12-30 21:52:39,866 - INFO - Epoch 6/50 | LR: 6.50e-04 | Train: 2.6500 | Val: 3.2845 | Acc@1: 45.83%
2025-12-30 21:52:45,673 - INFO - Epoch 7/50 | LR: 6.49e-04 | Train: 2.3962 | Val: 3.5146 | Acc@1: 44.30%
2025-12-30 21:52:45,673 - INFO - Early stopping at epoch 7
2025-12-30 21:52:46,195 - INFO - Loaded checkpoint from epoch 2
2025-12-30 21:52:48,608 - INFO - ============================================================
2025-12-30 21:52:48,608 - INFO - FINAL VALIDATION RESULTS
2025-12-30 21:52:48,608 - INFO -   Acc@1:  45.29%
2025-12-30 21:52:48,608 - INFO -   Acc@5:  76.57%
2025-12-30 21:52:48,608 - INFO -   Acc@10: 81.13%
2025-12-30 21:52:48,608 - INFO -   MRR:    58.99%
2025-12-30 21:52:48,608 - INFO -   NDCG:   64.25%
2025-12-30 21:52:48,608 - INFO - ============================================================
2025-12-30 21:52:48,608 - INFO - FINAL TEST RESULTS
2025-12-30 21:52:48,608 - INFO -   Acc@1:  48.66%
2025-12-30 21:52:48,608 - INFO -   Acc@5:  80.44%
2025-12-30 21:52:48,608 - INFO -   Acc@10: 84.04%
2025-12-30 21:52:48,609 - INFO -   MRR:    63.07%
2025-12-30 21:52:48,609 - INFO -   NDCG:   68.15%
2025-12-30 21:52:48,609 - INFO - ============================================================
