2025-12-30 08:46:57,314 - INFO - ============================================================
2025-12-30 08:46:57,314 - INFO - POINTER V45 - Training Started
2025-12-30 08:46:57,314 - INFO - ============================================================
2025-12-30 08:46:57,315 - INFO - Model config: {'d_model': 128, 'dim_feedforward': 512, 'dropout': 0.15, 'nhead': 2, 'num_layers': 4}
2025-12-30 08:46:57,315 - INFO - Training config: {'batch_size': 128, 'grad_clip': 0.8, 'label_smoothing': 0.03, 'learning_rate': 0.0006, 'min_epochs': 8, 'min_lr': 1e-06, 'num_epochs': 50, 'patience': 5, 'use_amp': True, 'warmup_epochs': 5, 'weight_decay': 0.015}
2025-12-30 08:46:57,315 - INFO - ============================================================
2025-12-30 08:46:57,315 - INFO - Training for 50 epochs
2025-12-30 08:46:57,315 - INFO - Model parameters: 2,188,158
2025-12-30 08:48:39,850 - INFO - Epoch 1/50 | LR: 1.20e-04 | Train: 3.0138 | Val: 2.8000 | Acc@1: 51.70%
2025-12-30 08:48:39,913 - INFO -   ✓ New best (Acc@1: 51.70%)
2025-12-30 08:50:19,449 - INFO - Epoch 2/50 | LR: 2.40e-04 | Train: 2.7603 | Val: 2.7337 | Acc@1: 52.69%
2025-12-30 08:50:19,519 - INFO -   ✓ New best (Acc@1: 52.69%)
2025-12-30 08:51:58,236 - INFO - Epoch 3/50 | LR: 3.60e-04 | Train: 2.6498 | Val: 2.7140 | Acc@1: 52.91%
2025-12-30 08:51:58,305 - INFO -   ✓ New best (Acc@1: 52.91%)
2025-12-30 08:53:36,619 - INFO - Epoch 4/50 | LR: 4.80e-04 | Train: 2.5607 | Val: 2.6935 | Acc@1: 53.68%
2025-12-30 08:53:36,687 - INFO -   ✓ New best (Acc@1: 53.68%)
2025-12-30 08:55:13,688 - INFO - Epoch 5/50 | LR: 6.00e-04 | Train: 2.4807 | Val: 2.6829 | Acc@1: 53.55%
2025-12-30 08:55:13,756 - INFO -   ✓ New best (Acc@1: 53.55%)
2025-12-30 08:56:51,829 - INFO - Epoch 6/50 | LR: 6.00e-04 | Train: 2.3821 | Val: 2.6454 | Acc@1: 53.84%
2025-12-30 08:56:51,897 - INFO -   ✓ New best (Acc@1: 53.84%)
2025-12-30 08:58:30,246 - INFO - Epoch 7/50 | LR: 5.99e-04 | Train: 2.2894 | Val: 2.6885 | Acc@1: 53.23%
2025-12-30 09:00:13,944 - INFO - Epoch 8/50 | LR: 5.97e-04 | Train: 2.2056 | Val: 2.6880 | Acc@1: 54.13%
2025-12-30 09:02:06,912 - INFO - Epoch 9/50 | LR: 5.93e-04 | Train: 2.1271 | Val: 2.7668 | Acc@1: 52.25%
2025-12-30 09:03:59,778 - INFO - Epoch 10/50 | LR: 5.88e-04 | Train: 2.0462 | Val: 2.8068 | Acc@1: 52.66%
2025-12-30 09:05:32,765 - INFO - Epoch 11/50 | LR: 5.82e-04 | Train: 1.9700 | Val: 2.8447 | Acc@1: 52.05%
2025-12-30 09:05:32,766 - INFO - Early stopping at epoch 11
2025-12-30 09:05:33,415 - INFO - Loaded checkpoint from epoch 6
2025-12-30 09:05:36,789 - INFO - ============================================================
2025-12-30 09:05:36,790 - INFO - FINAL VALIDATION RESULTS
2025-12-30 09:05:36,790 - INFO -   Acc@1:  53.84%
2025-12-30 09:05:36,790 - INFO -   Acc@5:  81.68%
2025-12-30 09:05:36,790 - INFO -   Acc@10: 86.72%
2025-12-30 09:05:36,790 - INFO -   MRR:    65.85%
2025-12-30 09:05:36,790 - INFO -   NDCG:   70.79%
2025-12-30 09:05:36,790 - INFO - ============================================================
2025-12-30 09:05:36,790 - INFO - FINAL TEST RESULTS
2025-12-30 09:05:36,790 - INFO -   Acc@1:  54.99%
2025-12-30 09:05:36,790 - INFO -   Acc@5:  82.63%
2025-12-30 09:05:36,790 - INFO -   Acc@10: 87.75%
2025-12-30 09:05:36,790 - INFO -   MRR:    67.06%
2025-12-30 09:05:36,790 - INFO -   NDCG:   71.94%
2025-12-30 09:05:36,790 - INFO - ============================================================
