Training LSTM model
Dataset: diy
Config: /data/next_loc_clean_v2/config/ht_optuna/optuna_LSTM_diy_prev10_t10_20260101_050235_c141c46f.yaml
Device: cuda
Seed: 42
==================================================
Data loaders: train=470, val=25, test=32
Total trainable parameters: 1541678

=== Epoch 1 ===
Epoch 1, 2.1%	 loss: 8.952 acc@1: 0.00 mrr: 0.11, ndcg: 0.06, took: 8.83s
Epoch 1, 4.3%	 loss: 8.956 acc@1: 0.00 mrr: 0.08, ndcg: 0.01, took: 4.32s
Epoch 1, 6.4%	 loss: 8.927 acc@1: 0.00 mrr: 0.10, ndcg: 0.05, took: 4.38s
Epoch 1, 8.5%	 loss: 8.916 acc@1: 0.00 mrr: 0.09, ndcg: 0.03, took: 4.66s
Epoch 1, 10.6%	 loss: 8.902 acc@1: 0.00 mrr: 0.10, ndcg: 0.04, took: 4.44s
Epoch 1, 12.8%	 loss: 8.890 acc@1: 0.12 mrr: 0.22, ndcg: 0.16, took: 4.61s
Epoch 1, 14.9%	 loss: 8.857 acc@1: 0.00 mrr: 0.13, ndcg: 0.08, took: 4.46s
Epoch 1, 17.0%	 loss: 8.816 acc@1: 0.00 mrr: 0.18, ndcg: 0.10, took: 4.36s
Epoch 1, 19.1%	 loss: 8.765 acc@1: 0.08 mrr: 0.58, ndcg: 0.61, took: 4.17s
Epoch 1, 21.3%	 loss: 8.696 acc@1: 1.84 mrr: 3.25, ndcg: 3.63, took: 4.19s
Epoch 1, 23.4%	 loss: 8.620 acc@1: 5.66 mrr: 6.61, ndcg: 6.88, took: 4.46s
Epoch 1, 25.5%	 loss: 8.555 acc@1: 8.16 mrr: 9.11, ndcg: 9.30, took: 4.44s
Epoch 1, 27.7%	 loss: 8.456 acc@1: 9.73 mrr: 10.78, ndcg: 11.18, took: 4.03s
Epoch 1, 29.8%	 loss: 8.431 acc@1: 8.91 mrr: 10.01, ndcg: 10.30, took: 4.42s
Epoch 1, 31.9%	 loss: 8.266 acc@1: 11.25 mrr: 12.16, ndcg: 12.44, took: 4.58s
Epoch 1, 34.0%	 loss: 8.181 acc@1: 14.06 mrr: 15.45, ndcg: 15.84, took: 4.34s
Epoch 1, 36.2%	 loss: 8.074 acc@1: 15.08 mrr: 16.18, ndcg: 16.40, took: 4.48s
Epoch 1, 38.3%	 loss: 7.933 acc@1: 19.80 mrr: 20.88, ndcg: 21.05, took: 4.19s
Epoch 1, 40.4%	 loss: 7.865 acc@1: 19.57 mrr: 20.76, ndcg: 21.10, took: 4.56s
Epoch 1, 42.6%	 loss: 7.723 acc@1: 21.84 mrr: 23.29, ndcg: 23.68, took: 4.64s
Epoch 1, 44.7%	 loss: 7.610 acc@1: 22.34 mrr: 23.62, ndcg: 23.90, took: 4.29s
Epoch 1, 46.8%	 loss: 7.461 acc@1: 23.91 mrr: 25.23, ndcg: 25.59, took: 4.45s
Epoch 1, 48.9%	 loss: 7.391 acc@1: 23.28 mrr: 24.80, ndcg: 25.20, took: 4.47s
Epoch 1, 51.1%	 loss: 7.287 acc@1: 23.55 mrr: 25.29, ndcg: 25.71, took: 4.41s
Epoch 1, 53.2%	 loss: 7.176 acc@1: 24.53 mrr: 26.41, ndcg: 26.80, took: 4.54s
Epoch 1, 55.3%	 loss: 7.098 acc@1: 24.26 mrr: 26.23, ndcg: 26.67, took: 4.46s
Epoch 1, 57.4%	 loss: 6.919 acc@1: 24.73 mrr: 26.87, ndcg: 27.33, took: 4.44s
Epoch 1, 59.6%	 loss: 6.708 acc@1: 27.85 mrr: 29.65, ndcg: 29.82, took: 4.44s
Epoch 1, 61.7%	 loss: 6.759 acc@1: 25.55 mrr: 27.87, ndcg: 28.12, took: 4.03s
Epoch 1, 63.8%	 loss: 6.574 acc@1: 26.29 mrr: 28.53, ndcg: 28.85, took: 4.26s
Epoch 1, 66.0%	 loss: 6.481 acc@1: 27.19 mrr: 29.20, ndcg: 29.39, took: 4.46s
Epoch 1, 68.1%	 loss: 6.262 acc@1: 28.67 mrr: 30.84, ndcg: 31.19, took: 4.29s
Epoch 1, 70.2%	 loss: 6.189 acc@1: 28.75 mrr: 30.97, ndcg: 31.23, took: 4.35s
Epoch 1, 72.3%	 loss: 6.056 acc@1: 28.55 mrr: 31.06, ndcg: 31.52, took: 4.44s
Epoch 1, 74.5%	 loss: 6.001 acc@1: 28.05 mrr: 30.49, ndcg: 30.81, took: 4.52s
Epoch 1, 76.6%	 loss: 5.694 acc@1: 31.56 mrr: 34.04, ndcg: 34.43, took: 4.39s
Epoch 1, 78.7%	 loss: 5.670 acc@1: 30.39 mrr: 32.94, ndcg: 33.37, took: 4.40s
Epoch 1, 80.9%	 loss: 5.799 acc@1: 28.28 mrr: 31.21, ndcg: 31.94, took: 4.64s
Epoch 1, 83.0%	 loss: 5.517 acc@1: 29.61 mrr: 32.76, ndcg: 33.64, took: 4.50s
Epoch 1, 85.1%	 loss: 5.514 acc@1: 29.69 mrr: 32.58, ndcg: 33.31, took: 4.54s
Epoch 1, 87.2%	 loss: 5.544 acc@1: 29.41 mrr: 32.48, ndcg: 33.14, took: 4.89s
Epoch 1, 89.4%	 loss: 5.444 acc@1: 29.38 mrr: 32.66, ndcg: 33.29, took: 4.40s
Epoch 1, 91.5%	 loss: 5.426 acc@1: 28.95 mrr: 32.69, ndcg: 33.63, took: 4.34s
Epoch 1, 93.6%	 loss: 5.362 acc@1: 30.31 mrr: 33.76, ndcg: 34.67, took: 4.34s
Epoch 1, 95.7%	 loss: 5.321 acc@1: 30.16 mrr: 33.75, ndcg: 34.74, took: 4.15s
Epoch 1, 97.9%	 loss: 5.279 acc@1: 30.74 mrr: 34.52, ndcg: 35.54, took: 4.41s
Epoch 1, 100.0%	 loss: 5.470 acc@1: 27.66 mrr: 31.41, ndcg: 32.22, took: 4.25s
Validation - loss: 5.4524, acc@1: 30.30%, f1: 17.05%, mrr: 33.73%, ndcg: 34.64%
Current learning rate: 0.000750

=== Epoch 2 ===
Epoch 2, 2.1%	 loss: 5.085 acc@1: 31.21 mrr: 34.84, ndcg: 35.85, took: 4.62s
Epoch 2, 4.3%	 loss: 5.131 acc@1: 29.84 mrr: 33.61, ndcg: 34.75, took: 4.48s
Epoch 2, 6.4%	 loss: 5.131 acc@1: 29.96 mrr: 33.90, ndcg: 34.97, took: 4.46s
Epoch 2, 8.5%	 loss: 5.135 acc@1: 30.23 mrr: 34.02, ndcg: 35.07, took: 4.44s
Epoch 2, 10.6%	 loss: 5.006 acc@1: 30.78 mrr: 34.92, ndcg: 35.98, took: 4.49s
Epoch 2, 12.8%	 loss: 4.981 acc@1: 31.45 mrr: 35.41, ndcg: 36.43, took: 4.34s
Epoch 2, 14.9%	 loss: 4.976 acc@1: 31.80 mrr: 35.84, ndcg: 36.95, took: 4.37s
Epoch 2, 17.0%	 loss: 5.032 acc@1: 30.16 mrr: 34.46, ndcg: 35.54, took: 4.61s
Epoch 2, 19.1%	 loss: 5.042 acc@1: 29.57 mrr: 34.09, ndcg: 35.28, took: 4.46s
Epoch 2, 21.3%	 loss: 5.014 acc@1: 30.35 mrr: 34.91, ndcg: 36.34, took: 4.33s
Epoch 2, 23.4%	 loss: 4.731 acc@1: 33.01 mrr: 37.83, ndcg: 39.11, took: 4.59s
Epoch 2, 25.5%	 loss: 4.740 acc@1: 33.24 mrr: 38.25, ndcg: 39.68, took: 4.49s
Epoch 2, 27.7%	 loss: 4.848 acc@1: 31.33 mrr: 36.35, ndcg: 37.74, took: 4.41s
Epoch 2, 29.8%	 loss: 4.819 acc@1: 31.05 mrr: 36.97, ndcg: 38.69, took: 4.48s
Epoch 2, 31.9%	 loss: 4.731 acc@1: 34.02 mrr: 39.41, ndcg: 41.02, took: 4.36s
Epoch 2, 34.0%	 loss: 4.605 acc@1: 33.63 mrr: 39.92, ndcg: 41.95, took: 4.47s
Epoch 2, 36.2%	 loss: 4.595 acc@1: 33.32 mrr: 39.96, ndcg: 42.23, took: 4.19s
Epoch 2, 38.3%	 loss: 4.411 acc@1: 35.47 mrr: 42.73, ndcg: 45.35, took: 4.32s
Epoch 2, 40.4%	 loss: 4.496 acc@1: 35.86 mrr: 43.19, ndcg: 45.63, took: 4.07s
Epoch 2, 42.6%	 loss: 4.402 acc@1: 35.74 mrr: 44.08, ndcg: 47.16, took: 4.17s
Epoch 2, 44.7%	 loss: 4.292 acc@1: 36.17 mrr: 45.51, ndcg: 48.74, took: 4.45s
Epoch 2, 46.8%	 loss: 4.170 acc@1: 36.91 mrr: 46.79, ndcg: 50.31, took: 4.44s
Epoch 2, 48.9%	 loss: 4.089 acc@1: 37.50 mrr: 47.85, ndcg: 51.62, took: 4.39s
Epoch 2, 51.1%	 loss: 3.859 acc@1: 38.24 mrr: 50.38, ndcg: 54.48, took: 4.46s
Epoch 2, 53.2%	 loss: 3.871 acc@1: 39.18 mrr: 50.48, ndcg: 54.16, took: 4.48s
Epoch 2, 55.3%	 loss: 3.770 acc@1: 39.22 mrr: 51.35, ndcg: 55.46, took: 4.31s
Epoch 2, 57.4%	 loss: 3.628 acc@1: 40.70 mrr: 53.66, ndcg: 58.06, took: 4.53s
Epoch 2, 59.6%	 loss: 3.736 acc@1: 40.27 mrr: 53.37, ndcg: 57.76, took: 4.64s
Epoch 2, 61.7%	 loss: 3.463 acc@1: 41.88 mrr: 55.49, ndcg: 60.02, took: 4.40s
Epoch 2, 63.8%	 loss: 3.401 acc@1: 41.52 mrr: 55.82, ndcg: 60.48, took: 4.43s
Epoch 2, 66.0%	 loss: 3.320 acc@1: 41.29 mrr: 56.16, ndcg: 61.24, took: 4.16s
Epoch 2, 68.1%	 loss: 3.169 acc@1: 43.12 mrr: 57.83, ndcg: 62.61, took: 3.93s
Epoch 2, 70.2%	 loss: 3.194 acc@1: 42.93 mrr: 57.56, ndcg: 62.32, took: 3.78s
Epoch 2, 72.3%	 loss: 3.135 acc@1: 41.05 mrr: 56.76, ndcg: 61.89, took: 3.37s
Epoch 2, 74.5%	 loss: 3.118 acc@1: 42.81 mrr: 57.99, ndcg: 63.01, took: 3.53s
Epoch 2, 76.6%	 loss: 3.110 acc@1: 42.46 mrr: 57.71, ndcg: 63.00, took: 3.68s
Epoch 2, 78.7%	 loss: 2.986 acc@1: 42.42 mrr: 58.54, ndcg: 64.00, took: 3.77s
Epoch 2, 80.9%	 loss: 3.002 acc@1: 42.38 mrr: 58.19, ndcg: 63.66, took: 3.78s
Epoch 2, 83.0%	 loss: 2.949 acc@1: 42.30 mrr: 58.46, ndcg: 64.07, took: 3.67s
Epoch 2, 85.1%	 loss: 3.031 acc@1: 41.80 mrr: 57.64, ndcg: 63.01, took: 3.65s
Epoch 2, 87.2%	 loss: 2.973 acc@1: 42.62 mrr: 58.44, ndcg: 63.96, took: 3.78s
Epoch 2, 89.4%	 loss: 2.953 acc@1: 41.37 mrr: 57.67, ndcg: 63.39, took: 3.83s
Epoch 2, 91.5%	 loss: 2.985 acc@1: 41.41 mrr: 57.52, ndcg: 63.15, took: 3.77s
Epoch 2, 93.6%	 loss: 2.891 acc@1: 40.70 mrr: 57.61, ndcg: 63.59, took: 3.72s
Epoch 2, 95.7%	 loss: 2.835 acc@1: 41.76 mrr: 58.44, ndcg: 64.28, took: 3.50s
Epoch 2, 97.9%	 loss: 2.972 acc@1: 40.66 mrr: 56.79, ndcg: 62.49, took: 3.47s
Epoch 2, 100.0%	 loss: 2.879 acc@1: 42.62 mrr: 58.26, ndcg: 63.82, took: 3.53s
Validation - loss: 3.3365, acc@1: 40.26%, f1: 31.19%, mrr: 56.00%, ndcg: 61.55%
Current learning rate: 0.001500

=== Epoch 3 ===
Epoch 3, 2.1%	 loss: 2.627 acc@1: 42.27 mrr: 59.24, ndcg: 65.18, took: 3.75s
Epoch 3, 4.3%	 loss: 2.617 acc@1: 43.95 mrr: 60.27, ndcg: 66.10, took: 3.72s
Epoch 3, 6.4%	 loss: 2.677 acc@1: 41.05 mrr: 58.25, ndcg: 64.55, took: 3.99s
Epoch 3, 8.5%	 loss: 2.801 acc@1: 40.62 mrr: 57.22, ndcg: 63.18, took: 4.46s
Epoch 3, 10.6%	 loss: 2.665 acc@1: 41.48 mrr: 58.40, ndcg: 64.49, took: 4.41s
Epoch 3, 12.8%	 loss: 2.680 acc@1: 41.48 mrr: 58.40, ndcg: 64.49, took: 4.52s
Epoch 3, 14.9%	 loss: 2.596 acc@1: 42.58 mrr: 59.34, ndcg: 65.43, took: 4.59s
Epoch 3, 17.0%	 loss: 2.648 acc@1: 42.77 mrr: 59.10, ndcg: 65.08, took: 4.71s
Epoch 3, 19.1%	 loss: 2.620 acc@1: 42.54 mrr: 59.15, ndcg: 65.26, took: 4.70s
Epoch 3, 21.3%	 loss: 2.655 acc@1: 41.80 mrr: 58.46, ndcg: 64.62, took: 4.61s
Epoch 3, 23.4%	 loss: 2.623 acc@1: 41.99 mrr: 58.80, ndcg: 64.84, took: 4.60s
Epoch 3, 25.5%	 loss: 2.573 acc@1: 42.42 mrr: 59.46, ndcg: 65.51, took: 4.54s
Epoch 3, 27.7%	 loss: 2.689 acc@1: 40.90 mrr: 57.70, ndcg: 63.90, took: 4.72s
Epoch 3, 29.8%	 loss: 2.536 acc@1: 42.11 mrr: 59.57, ndcg: 65.97, took: 4.67s
Epoch 3, 31.9%	 loss: 2.568 acc@1: 43.24 mrr: 59.69, ndcg: 65.68, took: 4.73s
Epoch 3, 34.0%	 loss: 2.678 acc@1: 40.51 mrr: 57.90, ndcg: 64.13, took: 4.60s
Epoch 3, 36.2%	 loss: 2.554 acc@1: 42.46 mrr: 59.43, ndcg: 65.70, took: 4.87s
Epoch 3, 38.3%	 loss: 2.532 acc@1: 43.48 mrr: 59.88, ndcg: 65.94, took: 4.73s
Epoch 3, 40.4%	 loss: 2.672 acc@1: 40.94 mrr: 57.97, ndcg: 64.14, took: 4.78s
Epoch 3, 42.6%	 loss: 2.602 acc@1: 42.89 mrr: 59.38, ndcg: 65.55, took: 4.29s
Epoch 3, 44.7%	 loss: 2.606 acc@1: 42.50 mrr: 58.80, ndcg: 64.72, took: 4.51s
Epoch 3, 46.8%	 loss: 2.597 acc@1: 41.29 mrr: 58.27, ndcg: 64.62, took: 4.40s
Epoch 3, 48.9%	 loss: 2.588 acc@1: 41.33 mrr: 58.46, ndcg: 64.81, took: 4.83s
Epoch 3, 51.1%	 loss: 2.686 acc@1: 40.62 mrr: 57.42, ndcg: 63.65, took: 4.75s
Epoch 3, 53.2%	 loss: 2.563 acc@1: 42.46 mrr: 59.62, ndcg: 65.82, took: 4.79s
Epoch 3, 55.3%	 loss: 2.489 acc@1: 41.99 mrr: 59.34, ndcg: 65.64, took: 4.76s
Epoch 3, 57.4%	 loss: 2.433 acc@1: 43.24 mrr: 60.62, ndcg: 66.90, took: 4.56s
Epoch 3, 59.6%	 loss: 2.590 acc@1: 40.94 mrr: 58.27, ndcg: 64.65, took: 4.72s
Epoch 3, 61.7%	 loss: 2.618 acc@1: 41.02 mrr: 58.41, ndcg: 64.70, took: 4.72s
Epoch 3, 63.8%	 loss: 2.645 acc@1: 40.82 mrr: 57.85, ndcg: 64.04, took: 4.63s
Epoch 3, 66.0%	 loss: 2.572 acc@1: 42.58 mrr: 59.44, ndcg: 65.46, took: 4.58s
Epoch 3, 68.1%	 loss: 2.556 acc@1: 41.95 mrr: 58.92, ndcg: 65.18, took: 4.65s
Epoch 3, 70.2%	 loss: 2.407 acc@1: 42.93 mrr: 60.36, ndcg: 66.62, took: 4.70s
Epoch 3, 72.3%	 loss: 2.452 acc@1: 43.32 mrr: 60.01, ndcg: 66.30, took: 4.73s
Epoch 3, 74.5%	 loss: 2.565 acc@1: 42.81 mrr: 59.18, ndcg: 65.13, took: 4.78s
Epoch 3, 76.6%	 loss: 2.422 acc@1: 42.27 mrr: 59.79, ndcg: 66.26, took: 4.65s
Epoch 3, 78.7%	 loss: 2.674 acc@1: 41.45 mrr: 58.06, ndcg: 64.21, took: 4.67s
Epoch 3, 80.9%	 loss: 2.557 acc@1: 41.95 mrr: 58.71, ndcg: 64.95, took: 4.48s
Epoch 3, 83.0%	 loss: 2.610 acc@1: 40.47 mrr: 57.84, ndcg: 64.34, took: 4.13s
Epoch 3, 85.1%	 loss: 2.554 acc@1: 42.34 mrr: 58.88, ndcg: 65.16, took: 4.41s
Epoch 3, 87.2%	 loss: 2.475 acc@1: 43.83 mrr: 60.66, ndcg: 66.75, took: 4.59s
Epoch 3, 89.4%	 loss: 2.449 acc@1: 43.36 mrr: 59.76, ndcg: 65.97, took: 4.81s
Epoch 3, 91.5%	 loss: 2.388 acc@1: 43.87 mrr: 60.93, ndcg: 66.97, took: 4.50s
Epoch 3, 93.6%	 loss: 2.527 acc@1: 41.21 mrr: 58.50, ndcg: 64.76, took: 4.67s
Epoch 3, 95.7%	 loss: 2.399 acc@1: 41.99 mrr: 59.97, ndcg: 66.46, took: 4.64s
Epoch 3, 97.9%	 loss: 2.470 acc@1: 41.91 mrr: 59.49, ndcg: 65.84, took: 4.70s
Epoch 3, 100.0%	 loss: 2.469 acc@1: 41.99 mrr: 59.25, ndcg: 65.51, took: 4.58s
Validation - loss: 3.0725, acc@1: 40.09%, f1: 31.46%, mrr: 56.48%, ndcg: 62.39%
Current learning rate: 0.001469

=== Epoch 4 ===
Epoch 4, 2.1%	 loss: 2.330 acc@1: 41.56 mrr: 59.47, ndcg: 65.92, took: 4.79s
Epoch 4, 4.3%	 loss: 2.325 acc@1: 42.50 mrr: 59.79, ndcg: 66.17, took: 4.77s
Epoch 4, 6.4%	 loss: 2.309 acc@1: 41.64 mrr: 59.10, ndcg: 65.62, took: 4.76s
Epoch 4, 8.5%	 loss: 2.341 acc@1: 42.19 mrr: 59.23, ndcg: 65.74, took: 4.75s
Epoch 4, 10.6%	 loss: 2.273 acc@1: 44.02 mrr: 60.89, ndcg: 66.95, took: 4.70s
Epoch 4, 12.8%	 loss: 2.287 acc@1: 43.24 mrr: 60.30, ndcg: 66.64, took: 4.64s
Epoch 4, 14.9%	 loss: 2.294 acc@1: 42.73 mrr: 59.91, ndcg: 66.28, took: 4.66s
Epoch 4, 17.0%	 loss: 2.304 acc@1: 43.59 mrr: 60.50, ndcg: 66.79, took: 4.49s
Epoch 4, 19.1%	 loss: 2.410 acc@1: 40.86 mrr: 58.45, ndcg: 64.77, took: 4.81s
Epoch 4, 21.3%	 loss: 2.371 acc@1: 41.17 mrr: 58.89, ndcg: 65.31, took: 4.62s
Epoch 4, 23.4%	 loss: 2.312 acc@1: 43.40 mrr: 60.11, ndcg: 66.34, took: 4.62s
Epoch 4, 25.5%	 loss: 2.294 acc@1: 43.09 mrr: 60.44, ndcg: 66.78, took: 4.56s
Epoch 4, 27.7%	 loss: 2.362 acc@1: 41.88 mrr: 59.20, ndcg: 65.46, took: 4.66s
Epoch 4, 29.8%	 loss: 2.225 acc@1: 43.16 mrr: 60.90, ndcg: 67.33, took: 4.68s
Epoch 4, 31.9%	 loss: 2.312 acc@1: 41.95 mrr: 59.75, ndcg: 66.29, took: 4.69s
Epoch 4, 34.0%	 loss: 2.267 acc@1: 44.34 mrr: 61.14, ndcg: 67.27, took: 4.86s
Epoch 4, 36.2%	 loss: 2.339 acc@1: 43.24 mrr: 60.27, ndcg: 66.31, took: 4.76s
Epoch 4, 38.3%	 loss: 2.332 acc@1: 41.13 mrr: 59.31, ndcg: 65.90, took: 4.83s
Epoch 4, 40.4%	 loss: 2.292 acc@1: 41.72 mrr: 59.79, ndcg: 66.29, took: 4.64s
Epoch 4, 42.6%	 loss: 2.346 acc@1: 42.03 mrr: 59.61, ndcg: 65.90, took: 4.49s
Epoch 4, 44.7%	 loss: 2.287 acc@1: 43.52 mrr: 60.33, ndcg: 66.60, took: 4.46s
Epoch 4, 46.8%	 loss: 2.311 acc@1: 43.01 mrr: 60.07, ndcg: 66.21, took: 4.68s
Epoch 4, 48.9%	 loss: 2.370 acc@1: 41.56 mrr: 58.90, ndcg: 65.24, took: 4.72s
Epoch 4, 51.1%	 loss: 2.356 acc@1: 42.15 mrr: 59.55, ndcg: 65.81, took: 4.59s
Epoch 4, 53.2%	 loss: 2.268 acc@1: 43.01 mrr: 60.29, ndcg: 66.52, took: 4.10s
Epoch 4, 55.3%	 loss: 2.299 acc@1: 42.70 mrr: 59.88, ndcg: 66.35, took: 4.24s
Epoch 4, 57.4%	 loss: 2.408 acc@1: 42.15 mrr: 58.97, ndcg: 65.39, took: 4.54s
Epoch 4, 59.6%	 loss: 2.362 acc@1: 41.05 mrr: 59.01, ndcg: 65.67, took: 4.55s
Epoch 4, 61.7%	 loss: 2.284 acc@1: 41.76 mrr: 59.75, ndcg: 66.34, took: 4.67s
Epoch 4, 63.8%	 loss: 2.331 acc@1: 42.11 mrr: 59.41, ndcg: 65.62, took: 4.67s
Epoch 4, 66.0%	 loss: 2.324 acc@1: 43.44 mrr: 60.15, ndcg: 66.29, took: 4.58s
Epoch 4, 68.1%	 loss: 2.332 acc@1: 41.91 mrr: 59.33, ndcg: 65.72, took: 4.65s
Epoch 4, 70.2%	 loss: 2.265 acc@1: 43.24 mrr: 60.60, ndcg: 66.91, took: 4.70s
Epoch 4, 72.3%	 loss: 2.314 acc@1: 43.16 mrr: 60.13, ndcg: 66.43, took: 4.69s
Epoch 4, 74.5%	 loss: 2.300 acc@1: 44.49 mrr: 60.92, ndcg: 66.94, took: 4.73s
Epoch 4, 76.6%	 loss: 2.316 acc@1: 41.60 mrr: 59.43, ndcg: 65.85, took: 4.72s
Epoch 4, 78.7%	 loss: 2.386 acc@1: 41.95 mrr: 58.83, ndcg: 65.05, took: 4.56s
Epoch 4, 80.9%	 loss: 2.301 acc@1: 42.89 mrr: 60.17, ndcg: 66.47, took: 4.64s
Epoch 4, 83.0%	 loss: 2.282 acc@1: 43.24 mrr: 60.23, ndcg: 66.50, took: 4.65s
Epoch 4, 85.1%	 loss: 2.374 acc@1: 42.54 mrr: 59.44, ndcg: 65.47, took: 4.72s
Epoch 4, 87.2%	 loss: 2.364 acc@1: 39.96 mrr: 58.09, ndcg: 64.75, took: 4.66s
Epoch 4, 89.4%	 loss: 2.352 acc@1: 42.70 mrr: 59.60, ndcg: 65.94, took: 4.66s
Epoch 4, 91.5%	 loss: 2.387 acc@1: 43.52 mrr: 59.77, ndcg: 65.82, took: 4.36s
Epoch 4, 93.6%	 loss: 2.371 acc@1: 41.33 mrr: 59.01, ndcg: 65.49, took: 4.48s
Epoch 4, 95.7%	 loss: 2.295 acc@1: 41.52 mrr: 59.23, ndcg: 65.83, took: 4.36s
Epoch 4, 97.9%	 loss: 2.354 acc@1: 42.03 mrr: 59.36, ndcg: 65.76, took: 4.62s
Epoch 4, 100.0%	 loss: 2.240 acc@1: 42.73 mrr: 60.40, ndcg: 67.01, took: 4.58s
Validation - loss: 3.0403, acc@1: 40.18%, f1: 30.27%, mrr: 56.80%, ndcg: 62.75%
Current learning rate: 0.001438

=== Epoch 5 ===
Epoch 5, 2.1%	 loss: 2.211 acc@1: 42.50 mrr: 59.98, ndcg: 66.27, took: 4.67s
Epoch 5, 4.3%	 loss: 2.171 acc@1: 42.46 mrr: 60.24, ndcg: 66.80, took: 4.64s
Epoch 5, 6.4%	 loss: 2.144 acc@1: 44.06 mrr: 61.11, ndcg: 67.62, took: 4.68s
Epoch 5, 8.5%	 loss: 2.152 acc@1: 43.24 mrr: 60.74, ndcg: 67.14, took: 4.65s
Epoch 5, 10.6%	 loss: 2.193 acc@1: 42.46 mrr: 60.00, ndcg: 66.37, took: 4.61s
Epoch 5, 12.8%	 loss: 2.155 acc@1: 44.61 mrr: 61.66, ndcg: 67.71, took: 4.71s
Epoch 5, 14.9%	 loss: 2.128 acc@1: 43.87 mrr: 61.30, ndcg: 67.60, took: 4.72s
Epoch 5, 17.0%	 loss: 2.258 acc@1: 42.30 mrr: 59.66, ndcg: 65.70, took: 4.46s
Epoch 5, 19.1%	 loss: 2.173 acc@1: 42.34 mrr: 60.09, ndcg: 66.62, took: 4.62s
Epoch 5, 21.3%	 loss: 2.211 acc@1: 42.46 mrr: 59.92, ndcg: 66.25, took: 4.60s
Epoch 5, 23.4%	 loss: 2.272 acc@1: 41.64 mrr: 59.10, ndcg: 65.48, took: 4.48s
Epoch 5, 25.5%	 loss: 2.307 acc@1: 40.47 mrr: 58.36, ndcg: 64.75, took: 4.63s
Epoch 5, 27.7%	 loss: 2.254 acc@1: 41.25 mrr: 59.14, ndcg: 65.57, took: 4.69s
Epoch 5, 29.8%	 loss: 2.121 acc@1: 44.41 mrr: 61.44, ndcg: 67.66, took: 4.53s
Epoch 5, 31.9%	 loss: 2.158 acc@1: 43.12 mrr: 60.74, ndcg: 67.07, took: 4.41s
Epoch 5, 34.0%	 loss: 2.187 acc@1: 41.37 mrr: 59.56, ndcg: 66.24, took: 4.63s
Epoch 5, 36.2%	 loss: 2.198 acc@1: 42.38 mrr: 60.14, ndcg: 66.45, took: 4.63s
Epoch 5, 38.3%	 loss: 2.156 acc@1: 42.93 mrr: 60.52, ndcg: 66.94, took: 4.74s
Epoch 5, 40.4%	 loss: 2.252 acc@1: 42.11 mrr: 59.35, ndcg: 65.85, took: 4.74s
Epoch 5, 42.6%	 loss: 2.261 acc@1: 42.38 mrr: 59.63, ndcg: 65.89, took: 4.69s
Epoch 5, 44.7%	 loss: 2.247 acc@1: 42.70 mrr: 59.67, ndcg: 65.83, took: 4.38s
Epoch 5, 46.8%	 loss: 2.217 acc@1: 41.76 mrr: 59.59, ndcg: 66.10, took: 4.68s
Epoch 5, 48.9%	 loss: 2.180 acc@1: 42.70 mrr: 60.55, ndcg: 66.98, took: 4.67s
Epoch 5, 51.1%	 loss: 2.175 acc@1: 42.11 mrr: 60.11, ndcg: 66.66, took: 4.58s
Epoch 5, 53.2%	 loss: 2.237 acc@1: 42.27 mrr: 59.82, ndcg: 66.20, took: 4.56s
Epoch 5, 55.3%	 loss: 2.187 acc@1: 43.20 mrr: 60.63, ndcg: 66.79, took: 4.63s
Epoch 5, 57.4%	 loss: 2.308 acc@1: 41.99 mrr: 59.07, ndcg: 65.30, took: 4.80s
Epoch 5, 59.6%	 loss: 2.218 acc@1: 41.56 mrr: 59.56, ndcg: 66.06, took: 4.66s
Epoch 5, 61.7%	 loss: 2.228 acc@1: 44.06 mrr: 60.77, ndcg: 66.77, took: 4.21s
Epoch 5, 63.8%	 loss: 2.196 acc@1: 42.11 mrr: 60.00, ndcg: 66.42, took: 4.53s
Epoch 5, 66.0%	 loss: 2.198 acc@1: 44.61 mrr: 61.33, ndcg: 67.31, took: 4.73s
Epoch 5, 68.1%	 loss: 2.235 acc@1: 41.60 mrr: 59.38, ndcg: 65.88, took: 4.70s
Epoch 5, 70.2%	 loss: 2.189 acc@1: 43.95 mrr: 60.76, ndcg: 66.89, took: 4.75s
Epoch 5, 72.3%	 loss: 2.227 acc@1: 43.32 mrr: 60.41, ndcg: 66.58, took: 4.76s
Epoch 5, 74.5%	 loss: 2.239 acc@1: 41.02 mrr: 59.04, ndcg: 65.47, took: 4.64s
Epoch 5, 76.6%	 loss: 2.207 acc@1: 43.28 mrr: 60.35, ndcg: 66.63, took: 4.54s
Epoch 5, 78.7%	 loss: 2.312 acc@1: 40.62 mrr: 58.55, ndcg: 65.01, took: 4.65s
Epoch 5, 80.9%	 loss: 2.173 acc@1: 41.84 mrr: 60.04, ndcg: 66.66, took: 4.69s
Epoch 5, 83.0%	 loss: 2.244 acc@1: 43.12 mrr: 60.40, ndcg: 66.51, took: 4.75s
Epoch 5, 85.1%	 loss: 2.257 acc@1: 42.81 mrr: 59.86, ndcg: 66.03, took: 4.62s
Epoch 5, 87.2%	 loss: 2.207 acc@1: 42.38 mrr: 59.90, ndcg: 66.40, took: 4.63s
Epoch 5, 89.4%	 loss: 2.261 acc@1: 41.60 mrr: 59.28, ndcg: 65.72, took: 4.34s
Epoch 5, 91.5%	 loss: 2.169 acc@1: 41.95 mrr: 60.08, ndcg: 66.70, took: 4.54s
Epoch 5, 93.6%	 loss: 2.287 acc@1: 43.87 mrr: 60.42, ndcg: 66.40, took: 4.74s
Epoch 5, 95.7%	 loss: 2.174 acc@1: 41.84 mrr: 60.24, ndcg: 66.84, took: 4.50s
Epoch 5, 97.9%	 loss: 2.226 acc@1: 43.05 mrr: 60.32, ndcg: 66.48, took: 4.69s
Epoch 5, 100.0%	 loss: 2.196 acc@1: 41.48 mrr: 59.68, ndcg: 66.33, took: 4.59s
Validation - loss: 3.0133, acc@1: 39.69%, f1: 31.83%, mrr: 56.33%, ndcg: 62.44%
Current learning rate: 0.001406

=== Epoch 6 ===
Epoch 6, 2.1%	 loss: 2.089 acc@1: 42.73 mrr: 60.60, ndcg: 67.15, took: 4.73s
Epoch 6, 4.3%	 loss: 2.073 acc@1: 42.81 mrr: 60.59, ndcg: 67.17, took: 4.44s
Epoch 6, 6.4%	 loss: 2.062 acc@1: 43.71 mrr: 61.30, ndcg: 67.77, took: 4.42s
Epoch 6, 8.5%	 loss: 2.102 acc@1: 41.80 mrr: 60.00, ndcg: 66.60, took: 4.63s
Epoch 6, 10.6%	 loss: 2.065 acc@1: 43.28 mrr: 60.87, ndcg: 67.53, took: 4.65s
Epoch 6, 12.8%	 loss: 2.107 acc@1: 43.28 mrr: 60.81, ndcg: 67.06, took: 5.21s
Epoch 6, 14.9%	 loss: 2.110 acc@1: 43.48 mrr: 60.69, ndcg: 67.09, took: 4.79s
Epoch 6, 17.0%	 loss: 2.093 acc@1: 43.44 mrr: 61.27, ndcg: 67.62, took: 4.64s
Epoch 6, 19.1%	 loss: 2.134 acc@1: 42.97 mrr: 60.54, ndcg: 66.87, took: 4.79s
Epoch 6, 21.3%	 loss: 2.137 acc@1: 42.85 mrr: 60.55, ndcg: 66.81, took: 4.70s
Epoch 6, 23.4%	 loss: 2.144 acc@1: 41.91 mrr: 59.85, ndcg: 66.47, took: 4.70s
Epoch 6, 25.5%	 loss: 2.131 acc@1: 42.03 mrr: 59.89, ndcg: 66.36, took: 4.80s
Epoch 6, 27.7%	 loss: 2.114 acc@1: 42.58 mrr: 60.28, ndcg: 66.74, took: 4.61s
Epoch 6, 29.8%	 loss: 2.181 acc@1: 43.12 mrr: 60.14, ndcg: 66.02, took: 4.63s
Epoch 6, 31.9%	 loss: 2.139 acc@1: 42.03 mrr: 60.01, ndcg: 66.44, took: 4.73s
Epoch 6, 34.0%	 loss: 2.183 acc@1: 41.17 mrr: 59.26, ndcg: 65.66, took: 4.66s
Epoch 6, 36.2%	 loss: 2.177 acc@1: 42.38 mrr: 59.97, ndcg: 66.37, took: 4.58s
Epoch 6, 38.3%	 loss: 2.153 acc@1: 43.12 mrr: 60.29, ndcg: 66.62, took: 4.64s
Epoch 6, 40.4%	 loss: 2.205 acc@1: 42.77 mrr: 59.91, ndcg: 66.10, took: 4.66s
Epoch 6, 42.6%	 loss: 2.131 acc@1: 42.89 mrr: 60.41, ndcg: 66.88, took: 4.65s
Epoch 6, 44.7%	 loss: 2.216 acc@1: 42.03 mrr: 59.45, ndcg: 65.75, took: 4.42s
Epoch 6, 46.8%	 loss: 2.144 acc@1: 42.27 mrr: 60.02, ndcg: 66.37, took: 4.37s
Epoch 6, 48.9%	 loss: 2.237 acc@1: 42.73 mrr: 59.54, ndcg: 65.64, took: 4.63s
Epoch 6, 51.1%	 loss: 2.137 acc@1: 42.66 mrr: 60.46, ndcg: 66.84, took: 4.71s
Epoch 6, 53.2%	 loss: 2.166 acc@1: 42.27 mrr: 59.94, ndcg: 66.29, took: 4.76s
Epoch 6, 55.3%	 loss: 2.217 acc@1: 42.85 mrr: 60.15, ndcg: 66.25, took: 4.79s
Epoch 6, 57.4%	 loss: 2.170 acc@1: 43.67 mrr: 60.64, ndcg: 66.64, took: 4.72s
Epoch 6, 59.6%	 loss: 2.116 acc@1: 44.38 mrr: 61.57, ndcg: 67.64, took: 4.89s
Epoch 6, 61.7%	 loss: 2.178 acc@1: 40.74 mrr: 59.35, ndcg: 66.02, took: 4.79s
Epoch 6, 63.8%	 loss: 2.164 acc@1: 41.64 mrr: 59.48, ndcg: 65.98, took: 4.68s
Epoch 6, 66.0%	 loss: 2.144 acc@1: 43.01 mrr: 60.45, ndcg: 66.70, took: 4.37s
Epoch 6, 68.1%	 loss: 2.153 acc@1: 41.05 mrr: 59.53, ndcg: 65.97, took: 4.41s
Epoch 6, 70.2%	 loss: 2.087 acc@1: 43.36 mrr: 60.97, ndcg: 67.29, took: 4.22s
Epoch 6, 72.3%	 loss: 2.135 acc@1: 45.20 mrr: 61.68, ndcg: 67.67, took: 4.73s
Epoch 6, 74.5%	 loss: 2.234 acc@1: 41.21 mrr: 59.09, ndcg: 65.41, took: 4.64s
Epoch 6, 76.6%	 loss: 2.108 acc@1: 43.87 mrr: 61.42, ndcg: 67.68, took: 4.59s
Epoch 6, 78.7%	 loss: 2.194 acc@1: 42.42 mrr: 60.09, ndcg: 66.39, took: 4.63s
Epoch 6, 80.9%	 loss: 2.081 acc@1: 43.24 mrr: 61.22, ndcg: 67.58, took: 4.62s
Epoch 6, 83.0%	 loss: 2.210 acc@1: 41.48 mrr: 59.30, ndcg: 65.65, took: 4.09s
Epoch 6, 85.1%	 loss: 2.133 acc@1: 42.93 mrr: 60.69, ndcg: 66.93, took: 4.72s
Epoch 6, 87.2%	 loss: 2.176 acc@1: 42.46 mrr: 60.09, ndcg: 66.36, took: 4.59s
Epoch 6, 89.4%	 loss: 2.140 acc@1: 43.01 mrr: 60.60, ndcg: 66.99, took: 4.64s
Epoch 6, 91.5%	 loss: 2.126 acc@1: 44.30 mrr: 61.51, ndcg: 67.74, took: 4.57s
Epoch 6, 93.6%	 loss: 2.267 acc@1: 41.09 mrr: 58.93, ndcg: 65.31, took: 4.66s
Epoch 6, 95.7%	 loss: 2.244 acc@1: 40.94 mrr: 58.78, ndcg: 65.29, took: 4.67s
Epoch 6, 97.9%	 loss: 2.130 acc@1: 43.12 mrr: 60.89, ndcg: 66.96, took: 4.66s
Epoch 6, 100.0%	 loss: 2.227 acc@1: 41.33 mrr: 59.24, ndcg: 65.81, took: 4.62s
Validation - loss: 3.0151, acc@1: 41.33%, f1: 32.53%, mrr: 57.33%, ndcg: 63.06%
Current learning rate: 0.001375

=== Epoch 7 ===
Epoch 7, 2.1%	 loss: 2.040 acc@1: 43.20 mrr: 60.96, ndcg: 67.37, took: 4.17s
Epoch 7, 4.3%	 loss: 2.096 acc@1: 41.37 mrr: 59.74, ndcg: 66.16, took: 4.21s
Epoch 7, 6.4%	 loss: 2.041 acc@1: 44.02 mrr: 61.50, ndcg: 67.85, took: 4.15s
Epoch 7, 8.5%	 loss: 2.119 acc@1: 41.56 mrr: 59.51, ndcg: 66.16, took: 3.75s
Epoch 7, 10.6%	 loss: 2.075 acc@1: 42.77 mrr: 60.71, ndcg: 67.19, took: 3.93s
Epoch 7, 12.8%	 loss: 2.060 acc@1: 43.75 mrr: 61.31, ndcg: 67.62, took: 4.07s
Epoch 7, 14.9%	 loss: 2.081 acc@1: 41.95 mrr: 60.23, ndcg: 66.76, took: 4.07s
Epoch 7, 17.0%	 loss: 2.060 acc@1: 44.73 mrr: 61.81, ndcg: 67.97, took: 4.14s
Epoch 7, 19.1%	 loss: 2.077 acc@1: 43.44 mrr: 61.03, ndcg: 67.25, took: 4.11s
Epoch 7, 21.3%	 loss: 1.986 acc@1: 45.62 mrr: 62.60, ndcg: 68.67, took: 4.16s
Epoch 7, 23.4%	 loss: 2.009 acc@1: 44.69 mrr: 62.16, ndcg: 68.43, took: 4.05s
Epoch 7, 25.5%	 loss: 2.083 acc@1: 42.07 mrr: 60.32, ndcg: 66.65, took: 4.19s
Epoch 7, 27.7%	 loss: 2.136 acc@1: 42.93 mrr: 60.27, ndcg: 66.28, took: 3.95s
Epoch 7, 29.8%	 loss: 2.127 acc@1: 43.28 mrr: 60.41, ndcg: 66.48, took: 4.05s
Epoch 7, 31.9%	 loss: 2.075 acc@1: 43.59 mrr: 61.11, ndcg: 67.32, took: 4.09s
Epoch 7, 34.0%	 loss: 2.051 acc@1: 43.59 mrr: 61.32, ndcg: 67.61, took: 4.03s
Epoch 7, 36.2%	 loss: 2.142 acc@1: 42.27 mrr: 59.89, ndcg: 66.29, took: 3.93s
Epoch 7, 38.3%	 loss: 2.043 acc@1: 44.41 mrr: 61.90, ndcg: 68.20, took: 4.13s
Epoch 7, 40.4%	 loss: 2.159 acc@1: 41.21 mrr: 59.19, ndcg: 65.71, took: 3.99s
Epoch 7, 42.6%	 loss: 2.099 acc@1: 44.02 mrr: 61.29, ndcg: 67.47, took: 4.29s
Epoch 7, 44.7%	 loss: 2.126 acc@1: 42.97 mrr: 60.29, ndcg: 66.59, took: 4.40s
Epoch 7, 46.8%	 loss: 2.165 acc@1: 41.37 mrr: 59.63, ndcg: 66.15, took: 4.32s
Epoch 7, 48.9%	 loss: 2.077 acc@1: 43.48 mrr: 60.92, ndcg: 67.15, took: 4.32s
Epoch 7, 51.1%	 loss: 2.074 acc@1: 43.98 mrr: 61.17, ndcg: 67.20, took: 4.55s
Epoch 7, 53.2%	 loss: 2.100 acc@1: 42.54 mrr: 60.51, ndcg: 66.86, took: 4.50s
Epoch 7, 55.3%	 loss: 2.114 acc@1: 43.44 mrr: 60.74, ndcg: 67.06, took: 4.48s
Epoch 7, 57.4%	 loss: 2.073 acc@1: 42.54 mrr: 60.56, ndcg: 67.07, took: 4.14s
Epoch 7, 59.6%	 loss: 2.164 acc@1: 41.91 mrr: 59.29, ndcg: 65.53, took: 4.50s
Epoch 7, 61.7%	 loss: 2.108 acc@1: 43.12 mrr: 60.78, ndcg: 67.03, took: 4.54s
Epoch 7, 63.8%	 loss: 2.182 acc@1: 40.74 mrr: 58.91, ndcg: 65.56, took: 4.40s
Epoch 7, 66.0%	 loss: 2.128 acc@1: 44.06 mrr: 61.16, ndcg: 67.26, took: 4.32s
Epoch 7, 68.1%	 loss: 2.133 acc@1: 41.60 mrr: 59.66, ndcg: 65.94, took: 4.45s
Epoch 7, 70.2%	 loss: 2.147 acc@1: 41.13 mrr: 59.40, ndcg: 66.04, took: 4.50s
Epoch 7, 72.3%	 loss: 2.183 acc@1: 41.48 mrr: 59.23, ndcg: 65.66, took: 4.48s
Epoch 7, 74.5%	 loss: 2.130 acc@1: 43.28 mrr: 60.49, ndcg: 66.64, took: 4.46s
Epoch 7, 76.6%	 loss: 2.162 acc@1: 42.50 mrr: 59.93, ndcg: 66.35, took: 4.02s
Epoch 7, 78.7%	 loss: 2.108 acc@1: 42.54 mrr: 60.45, ndcg: 66.78, took: 4.10s
Epoch 7, 80.9%	 loss: 2.147 acc@1: 42.27 mrr: 60.12, ndcg: 66.45, took: 4.48s
Epoch 7, 83.0%	 loss: 2.144 acc@1: 43.28 mrr: 60.76, ndcg: 67.00, took: 4.43s
Epoch 7, 85.1%	 loss: 2.141 acc@1: 43.63 mrr: 60.81, ndcg: 66.91, took: 4.45s
Epoch 7, 87.2%	 loss: 2.220 acc@1: 41.29 mrr: 59.06, ndcg: 65.56, took: 4.55s
Epoch 7, 89.4%	 loss: 2.088 acc@1: 43.12 mrr: 60.75, ndcg: 67.20, took: 4.47s
Epoch 7, 91.5%	 loss: 2.103 acc@1: 42.73 mrr: 60.61, ndcg: 66.95, took: 4.41s
Epoch 7, 93.6%	 loss: 2.112 acc@1: 41.84 mrr: 60.28, ndcg: 66.69, took: 4.47s
Epoch 7, 95.7%	 loss: 2.108 acc@1: 43.44 mrr: 61.00, ndcg: 67.39, took: 4.36s
Epoch 7, 97.9%	 loss: 2.133 acc@1: 42.34 mrr: 60.16, ndcg: 66.54, took: 4.45s
Epoch 7, 100.0%	 loss: 2.198 acc@1: 42.15 mrr: 59.51, ndcg: 65.91, took: 4.47s
Validation - loss: 3.0066, acc@1: 40.93%, f1: 32.71%, mrr: 57.19%, ndcg: 63.05%
Current learning rate: 0.001344

=== Epoch 8 ===
Epoch 8, 2.1%	 loss: 1.969 acc@1: 43.98 mrr: 62.07, ndcg: 68.63, took: 4.57s
Epoch 8, 4.3%	 loss: 2.018 acc@1: 43.55 mrr: 61.37, ndcg: 67.72, took: 4.40s
Epoch 8, 6.4%	 loss: 2.008 acc@1: 43.95 mrr: 61.75, ndcg: 68.04, took: 4.32s
Epoch 8, 8.5%	 loss: 2.062 acc@1: 42.73 mrr: 60.53, ndcg: 67.10, took: 4.47s
Epoch 8, 10.6%	 loss: 2.086 acc@1: 42.66 mrr: 60.25, ndcg: 66.70, took: 4.30s
Epoch 8, 12.8%	 loss: 2.062 acc@1: 43.05 mrr: 60.79, ndcg: 67.27, took: 4.23s
Epoch 8, 14.9%	 loss: 2.018 acc@1: 44.10 mrr: 61.64, ndcg: 67.94, took: 4.45s
Epoch 8, 17.0%	 loss: 2.082 acc@1: 43.79 mrr: 60.87, ndcg: 67.16, took: 4.53s
Epoch 8, 19.1%	 loss: 2.048 acc@1: 43.24 mrr: 60.62, ndcg: 66.98, took: 4.13s
Epoch 8, 21.3%	 loss: 2.054 acc@1: 42.50 mrr: 60.65, ndcg: 67.13, took: 4.29s
Epoch 8, 23.4%	 loss: 2.072 acc@1: 43.63 mrr: 60.88, ndcg: 67.02, took: 4.31s
Epoch 8, 25.5%	 loss: 2.072 acc@1: 43.40 mrr: 60.85, ndcg: 67.23, took: 4.52s
Epoch 8, 27.7%	 loss: 2.069 acc@1: 41.56 mrr: 59.96, ndcg: 66.50, took: 4.42s
Epoch 8, 29.8%	 loss: 2.175 acc@1: 41.64 mrr: 59.19, ndcg: 65.52, took: 4.38s
Epoch 8, 31.9%	 loss: 2.026 acc@1: 44.10 mrr: 61.59, ndcg: 67.95, took: 4.25s
Epoch 8, 34.0%	 loss: 2.070 acc@1: 40.90 mrr: 59.58, ndcg: 66.10, took: 4.48s
Epoch 8, 36.2%	 loss: 2.073 acc@1: 40.66 mrr: 59.44, ndcg: 66.19, took: 4.46s
Epoch 8, 38.3%	 loss: 2.105 acc@1: 42.42 mrr: 60.16, ndcg: 66.55, took: 4.49s
Epoch 8, 40.4%	 loss: 2.126 acc@1: 41.99 mrr: 59.77, ndcg: 66.13, took: 4.53s
Epoch 8, 42.6%	 loss: 2.091 acc@1: 42.11 mrr: 60.20, ndcg: 66.59, took: 4.47s
Epoch 8, 44.7%	 loss: 2.143 acc@1: 40.74 mrr: 59.10, ndcg: 65.87, took: 4.49s
Epoch 8, 46.8%	 loss: 2.044 acc@1: 43.63 mrr: 61.16, ndcg: 67.64, took: 4.47s
Epoch 8, 48.9%	 loss: 2.142 acc@1: 41.80 mrr: 59.71, ndcg: 66.15, took: 4.17s
Epoch 8, 51.1%	 loss: 2.001 acc@1: 43.71 mrr: 61.58, ndcg: 67.92, took: 4.37s
Epoch 8, 53.2%	 loss: 2.140 acc@1: 42.89 mrr: 60.10, ndcg: 66.29, took: 4.45s
Epoch 8, 55.3%	 loss: 2.107 acc@1: 42.54 mrr: 60.28, ndcg: 66.62, took: 4.26s
Epoch 8, 57.4%	 loss: 2.087 acc@1: 44.38 mrr: 61.46, ndcg: 67.53, took: 4.43s
Epoch 8, 59.6%	 loss: 2.011 acc@1: 43.59 mrr: 61.59, ndcg: 67.79, took: 4.36s
Epoch 8, 61.7%	 loss: 2.121 acc@1: 42.23 mrr: 60.03, ndcg: 66.33, took: 4.43s
Epoch 8, 63.8%	 loss: 2.070 acc@1: 43.44 mrr: 60.84, ndcg: 67.26, took: 4.55s
Epoch 8, 66.0%	 loss: 2.112 acc@1: 42.81 mrr: 60.44, ndcg: 66.74, took: 4.43s
Epoch 8, 68.1%	 loss: 2.134 acc@1: 43.32 mrr: 60.47, ndcg: 66.82, took: 4.35s
Epoch 8, 70.2%	 loss: 2.042 acc@1: 43.98 mrr: 61.70, ndcg: 67.77, took: 4.25s
Epoch 8, 72.3%	 loss: 2.045 acc@1: 43.95 mrr: 61.39, ndcg: 67.77, took: 4.28s
Epoch 8, 74.5%	 loss: 2.125 acc@1: 41.99 mrr: 60.03, ndcg: 66.37, took: 4.47s
Epoch 8, 76.6%	 loss: 2.080 acc@1: 42.50 mrr: 60.44, ndcg: 66.77, took: 4.46s
Epoch 8, 78.7%	 loss: 2.096 acc@1: 43.12 mrr: 60.70, ndcg: 67.03, took: 4.35s
Epoch 8, 80.9%	 loss: 2.114 acc@1: 42.46 mrr: 60.20, ndcg: 66.53, took: 4.49s
Epoch 8, 83.0%	 loss: 2.075 acc@1: 42.50 mrr: 60.73, ndcg: 67.18, took: 4.33s
Epoch 8, 85.1%	 loss: 2.088 acc@1: 42.66 mrr: 60.89, ndcg: 67.16, took: 4.07s
Epoch 8, 87.2%	 loss: 2.128 acc@1: 42.66 mrr: 60.27, ndcg: 66.58, took: 4.19s
Epoch 8, 89.4%	 loss: 2.008 acc@1: 45.16 mrr: 62.39, ndcg: 68.65, took: 4.44s
Epoch 8, 91.5%	 loss: 2.108 acc@1: 42.42 mrr: 59.98, ndcg: 66.26, took: 4.44s
Epoch 8, 93.6%	 loss: 2.017 acc@1: 43.55 mrr: 61.64, ndcg: 68.10, took: 4.40s
Epoch 8, 95.7%	 loss: 2.042 acc@1: 43.20 mrr: 61.08, ndcg: 67.47, took: 4.39s
Epoch 8, 97.9%	 loss: 2.124 acc@1: 42.54 mrr: 60.28, ndcg: 66.63, took: 4.33s
Epoch 8, 100.0%	 loss: 2.094 acc@1: 42.73 mrr: 60.44, ndcg: 66.79, took: 4.41s
Validation - loss: 3.0429, acc@1: 41.17%, f1: 32.57%, mrr: 57.11%, ndcg: 62.95%
Current learning rate: 0.001313

=== Epoch 9 ===
Epoch 9, 2.1%	 loss: 2.018 acc@1: 42.93 mrr: 60.85, ndcg: 67.53, took: 4.41s
Epoch 9, 4.3%	 loss: 1.968 acc@1: 42.89 mrr: 61.04, ndcg: 67.86, took: 4.55s
Epoch 9, 6.4%	 loss: 1.985 acc@1: 42.93 mrr: 61.03, ndcg: 67.62, took: 4.24s
Epoch 9, 8.5%	 loss: 1.996 acc@1: 44.38 mrr: 61.73, ndcg: 68.12, took: 4.33s
Epoch 9, 10.6%	 loss: 1.980 acc@1: 45.66 mrr: 62.62, ndcg: 68.65, took: 4.40s
Epoch 9, 12.8%	 loss: 1.897 acc@1: 46.09 mrr: 63.48, ndcg: 69.75, took: 4.52s
Epoch 9, 14.9%	 loss: 2.109 acc@1: 42.19 mrr: 59.86, ndcg: 66.14, took: 4.61s
Epoch 9, 17.0%	 loss: 1.922 acc@1: 45.86 mrr: 63.10, ndcg: 69.21, took: 4.48s
Epoch 9, 19.1%	 loss: 1.982 acc@1: 44.26 mrr: 62.10, ndcg: 68.33, took: 4.48s
Epoch 9, 21.3%	 loss: 2.064 acc@1: 42.42 mrr: 60.52, ndcg: 66.91, took: 4.50s
Epoch 9, 23.4%	 loss: 2.039 acc@1: 44.65 mrr: 61.66, ndcg: 67.91, took: 4.54s
Epoch 9, 25.5%	 loss: 2.042 acc@1: 42.70 mrr: 60.66, ndcg: 67.15, took: 4.43s
Epoch 9, 27.7%	 loss: 2.085 acc@1: 42.85 mrr: 60.50, ndcg: 66.96, took: 4.40s
Epoch 9, 29.8%	 loss: 2.030 acc@1: 41.45 mrr: 60.16, ndcg: 67.12, took: 4.11s
Epoch 9, 31.9%	 loss: 1.951 acc@1: 44.10 mrr: 62.00, ndcg: 68.51, took: 4.39s
Epoch 9, 34.0%	 loss: 2.114 acc@1: 42.15 mrr: 60.00, ndcg: 66.14, took: 4.41s
Epoch 9, 36.2%	 loss: 2.003 acc@1: 42.50 mrr: 60.52, ndcg: 67.12, took: 4.50s
Epoch 9, 38.3%	 loss: 2.032 acc@1: 44.69 mrr: 61.55, ndcg: 67.68, took: 4.57s
Epoch 9, 40.4%	 loss: 2.067 acc@1: 44.45 mrr: 61.28, ndcg: 67.45, took: 4.42s
Epoch 9, 42.6%	 loss: 2.081 acc@1: 42.19 mrr: 60.20, ndcg: 66.73, took: 4.37s
Epoch 9, 44.7%	 loss: 2.173 acc@1: 40.62 mrr: 58.67, ndcg: 65.17, took: 4.38s
Epoch 9, 46.8%	 loss: 2.027 acc@1: 43.09 mrr: 61.03, ndcg: 67.65, took: 4.58s
Epoch 9, 48.9%	 loss: 2.056 acc@1: 42.62 mrr: 60.57, ndcg: 67.01, took: 4.34s
Epoch 9, 51.1%	 loss: 2.112 acc@1: 41.95 mrr: 59.96, ndcg: 66.36, took: 4.23s
Epoch 9, 53.2%	 loss: 2.020 acc@1: 42.66 mrr: 61.16, ndcg: 67.62, took: 4.38s
Epoch 9, 55.3%	 loss: 2.042 acc@1: 43.09 mrr: 60.97, ndcg: 67.26, took: 4.23s
Epoch 9, 57.4%	 loss: 2.042 acc@1: 43.36 mrr: 60.85, ndcg: 67.10, took: 4.44s
Epoch 9, 59.6%	 loss: 2.053 acc@1: 42.11 mrr: 60.15, ndcg: 66.77, took: 4.45s
Epoch 9, 61.7%	 loss: 2.018 acc@1: 43.05 mrr: 61.01, ndcg: 67.41, took: 4.36s
Epoch 9, 63.8%	 loss: 2.080 acc@1: 43.12 mrr: 60.95, ndcg: 67.08, took: 4.39s
Epoch 9, 66.0%	 loss: 2.101 acc@1: 43.05 mrr: 60.44, ndcg: 66.71, took: 4.10s
Epoch 9, 68.1%	 loss: 2.077 acc@1: 43.79 mrr: 60.99, ndcg: 67.15, took: 4.30s
Epoch 9, 70.2%	 loss: 2.065 acc@1: 43.24 mrr: 60.89, ndcg: 67.12, took: 4.45s
Epoch 9, 72.3%	 loss: 2.105 acc@1: 42.93 mrr: 60.55, ndcg: 67.02, took: 4.51s
Epoch 9, 74.5%	 loss: 2.070 acc@1: 43.55 mrr: 61.07, ndcg: 67.23, took: 4.47s
Epoch 9, 76.6%	 loss: 2.112 acc@1: 42.58 mrr: 60.06, ndcg: 66.52, took: 4.48s
Epoch 9, 78.7%	 loss: 2.035 acc@1: 42.73 mrr: 60.89, ndcg: 67.25, took: 4.48s
Epoch 9, 80.9%	 loss: 2.013 acc@1: 43.63 mrr: 61.57, ndcg: 67.81, took: 4.36s
Epoch 9, 83.0%	 loss: 2.128 acc@1: 41.45 mrr: 59.56, ndcg: 66.07, took: 4.48s
Epoch 9, 85.1%	 loss: 2.061 acc@1: 43.20 mrr: 60.83, ndcg: 67.21, took: 4.24s
Epoch 9, 87.2%	 loss: 2.141 acc@1: 41.60 mrr: 59.50, ndcg: 65.87, took: 4.63s
Epoch 9, 89.4%	 loss: 2.086 acc@1: 43.55 mrr: 60.79, ndcg: 67.11, took: 4.42s
Epoch 9, 91.5%	 loss: 2.067 acc@1: 42.50 mrr: 60.41, ndcg: 66.90, took: 4.46s
Epoch 9, 93.6%	 loss: 2.096 acc@1: 41.95 mrr: 60.02, ndcg: 66.45, took: 4.55s
Epoch 9, 95.7%	 loss: 2.068 acc@1: 44.14 mrr: 61.23, ndcg: 67.44, took: 4.13s
Epoch 9, 97.9%	 loss: 2.084 acc@1: 42.27 mrr: 60.49, ndcg: 66.88, took: 4.44s
Epoch 9, 100.0%	 loss: 2.104 acc@1: 42.81 mrr: 60.48, ndcg: 66.80, took: 4.32s
Validation - loss: 3.0198, acc@1: 40.60%, f1: 31.36%, mrr: 57.12%, ndcg: 63.06%
Current learning rate: 0.001281

=== Epoch 10 ===
Epoch 10, 2.1%	 loss: 1.954 acc@1: 43.87 mrr: 61.72, ndcg: 68.27, took: 4.49s
Epoch 10, 4.3%	 loss: 1.971 acc@1: 42.23 mrr: 60.80, ndcg: 67.55, took: 4.53s
Epoch 10, 6.4%	 loss: 1.914 acc@1: 45.62 mrr: 62.85, ndcg: 69.20, took: 4.48s
Epoch 10, 8.5%	 loss: 1.921 acc@1: 44.53 mrr: 62.19, ndcg: 68.75, took: 4.58s
Epoch 10, 10.6%	 loss: 1.944 acc@1: 43.05 mrr: 61.41, ndcg: 68.13, took: 4.55s
Epoch 10, 12.8%	 loss: 1.961 acc@1: 42.50 mrr: 60.99, ndcg: 67.70, took: 4.48s
Epoch 10, 14.9%	 loss: 2.045 acc@1: 42.81 mrr: 60.72, ndcg: 67.25, took: 4.53s
Epoch 10, 17.0%	 loss: 1.999 acc@1: 42.58 mrr: 60.75, ndcg: 67.29, took: 4.44s
Epoch 10, 19.1%	 loss: 2.033 acc@1: 42.07 mrr: 60.16, ndcg: 66.71, took: 4.32s
Epoch 10, 21.3%	 loss: 1.941 acc@1: 45.47 mrr: 62.68, ndcg: 68.85, took: 4.49s
Epoch 10, 23.4%	 loss: 1.984 acc@1: 44.92 mrr: 62.05, ndcg: 68.35, took: 4.25s
Epoch 10, 25.5%	 loss: 2.077 acc@1: 42.11 mrr: 60.06, ndcg: 66.40, took: 4.71s
Epoch 10, 27.7%	 loss: 2.039 acc@1: 41.99 mrr: 60.22, ndcg: 66.80, took: 4.47s
Epoch 10, 29.8%	 loss: 1.938 acc@1: 43.67 mrr: 61.99, ndcg: 68.54, took: 4.56s
Epoch 10, 31.9%	 loss: 2.017 acc@1: 43.05 mrr: 61.02, ndcg: 67.34, took: 4.50s
Epoch 10, 34.0%	 loss: 2.006 acc@1: 41.45 mrr: 60.48, ndcg: 67.12, took: 4.49s
Epoch 10, 36.2%	 loss: 2.063 acc@1: 42.50 mrr: 60.42, ndcg: 66.81, took: 4.56s
Epoch 10, 38.3%	 loss: 2.054 acc@1: 41.64 mrr: 59.85, ndcg: 66.39, took: 4.35s
Epoch 10, 40.4%	 loss: 1.968 acc@1: 42.89 mrr: 61.45, ndcg: 67.99, took: 4.39s
Epoch 10, 42.6%	 loss: 2.071 acc@1: 40.31 mrr: 59.03, ndcg: 65.77, took: 4.54s
Epoch 10, 44.7%	 loss: 2.078 acc@1: 42.42 mrr: 60.34, ndcg: 66.78, took: 4.42s
Epoch 10, 46.8%	 loss: 2.013 acc@1: 44.41 mrr: 61.32, ndcg: 67.57, took: 4.49s
Epoch 10, 48.9%	 loss: 2.124 acc@1: 42.23 mrr: 60.01, ndcg: 66.26, took: 4.50s
Epoch 10, 51.1%	 loss: 2.053 acc@1: 43.09 mrr: 60.80, ndcg: 67.15, took: 4.31s
Epoch 10, 53.2%	 loss: 2.106 acc@1: 41.95 mrr: 59.96, ndcg: 66.34, took: 4.05s
Epoch 10, 55.3%	 loss: 1.989 acc@1: 43.28 mrr: 61.37, ndcg: 67.80, took: 4.46s
Epoch 10, 57.4%	 loss: 2.021 acc@1: 44.88 mrr: 61.95, ndcg: 68.05, took: 4.26s
Epoch 10, 59.6%	 loss: 2.074 acc@1: 42.46 mrr: 60.44, ndcg: 66.77, took: 4.11s
Epoch 10, 61.7%	 loss: 2.080 acc@1: 42.81 mrr: 60.48, ndcg: 66.73, took: 4.42s
Epoch 10, 63.8%	 loss: 2.022 acc@1: 42.46 mrr: 60.41, ndcg: 66.97, took: 4.44s
Epoch 10, 66.0%	 loss: 2.026 acc@1: 42.46 mrr: 60.73, ndcg: 67.35, took: 4.50s
Epoch 10, 68.1%	 loss: 2.062 acc@1: 43.91 mrr: 61.19, ndcg: 67.35, took: 4.54s
Epoch 10, 70.2%	 loss: 2.031 acc@1: 43.01 mrr: 60.77, ndcg: 67.10, took: 4.51s
Epoch 10, 72.3%	 loss: 2.053 acc@1: 42.58 mrr: 60.58, ndcg: 67.21, took: 4.47s
Epoch 10, 74.5%	 loss: 1.984 acc@1: 44.69 mrr: 62.19, ndcg: 68.57, took: 4.45s
Epoch 10, 76.6%	 loss: 1.987 acc@1: 44.26 mrr: 62.05, ndcg: 68.36, took: 4.46s
Epoch 10, 78.7%	 loss: 2.059 acc@1: 43.24 mrr: 60.79, ndcg: 67.23, took: 4.40s
Epoch 10, 80.9%	 loss: 2.011 acc@1: 43.83 mrr: 61.56, ndcg: 67.94, took: 4.43s
Epoch 10, 83.0%	 loss: 2.001 acc@1: 44.02 mrr: 61.92, ndcg: 68.19, took: 4.45s
Epoch 10, 85.1%	 loss: 2.079 acc@1: 42.50 mrr: 60.30, ndcg: 66.64, took: 4.49s
Epoch 10, 87.2%	 loss: 2.057 acc@1: 42.19 mrr: 60.42, ndcg: 66.92, took: 4.64s
Epoch 10, 89.4%	 loss: 2.091 acc@1: 41.91 mrr: 60.03, ndcg: 66.43, took: 4.29s
Epoch 10, 91.5%	 loss: 2.078 acc@1: 42.85 mrr: 60.53, ndcg: 66.97, took: 4.41s
Epoch 10, 93.6%	 loss: 2.094 acc@1: 41.21 mrr: 59.79, ndcg: 66.36, took: 4.56s
Epoch 10, 95.7%	 loss: 2.010 acc@1: 43.28 mrr: 61.34, ndcg: 67.68, took: 4.27s
Epoch 10, 97.9%	 loss: 2.029 acc@1: 42.34 mrr: 60.64, ndcg: 67.32, took: 4.51s
Epoch 10, 100.0%	 loss: 2.065 acc@1: 41.99 mrr: 60.01, ndcg: 66.51, took: 4.39s
Validation - loss: 3.0323, acc@1: 40.91%, f1: 32.17%, mrr: 57.22%, ndcg: 63.12%
Current learning rate: 0.001250

=== Epoch 11 ===
Epoch 11, 2.1%	 loss: 1.944 acc@1: 43.32 mrr: 61.39, ndcg: 67.94, took: 4.15s
Epoch 11, 4.3%	 loss: 1.977 acc@1: 42.15 mrr: 60.75, ndcg: 67.57, took: 4.35s
Epoch 11, 6.4%	 loss: 1.926 acc@1: 44.61 mrr: 62.28, ndcg: 68.71, took: 4.35s
Epoch 11, 8.5%	 loss: 1.946 acc@1: 42.85 mrr: 61.35, ndcg: 68.13, took: 4.56s
Epoch 11, 10.6%	 loss: 1.959 acc@1: 42.27 mrr: 60.82, ndcg: 67.46, took: 4.45s
Epoch 11, 12.8%	 loss: 1.952 acc@1: 44.69 mrr: 62.05, ndcg: 68.32, took: 4.40s
Epoch 11, 14.9%	 loss: 1.918 acc@1: 43.75 mrr: 62.08, ndcg: 68.66, took: 4.51s
Epoch 11, 17.0%	 loss: 2.090 acc@1: 41.17 mrr: 59.39, ndcg: 66.03, took: 4.47s
Epoch 11, 19.1%	 loss: 2.042 acc@1: 42.38 mrr: 60.32, ndcg: 66.93, took: 4.50s
Epoch 11, 21.3%	 loss: 2.006 acc@1: 44.41 mrr: 61.52, ndcg: 67.67, took: 4.48s
Epoch 11, 23.4%	 loss: 1.993 acc@1: 41.76 mrr: 60.28, ndcg: 67.00, took: 4.42s
Epoch 11, 25.5%	 loss: 1.945 acc@1: 44.02 mrr: 62.14, ndcg: 68.67, took: 4.49s
Epoch 11, 27.7%	 loss: 1.947 acc@1: 43.63 mrr: 61.86, ndcg: 68.48, took: 4.48s
Epoch 11, 29.8%	 loss: 1.984 acc@1: 44.18 mrr: 61.79, ndcg: 67.84, took: 4.52s
Epoch 11, 31.9%	 loss: 1.981 acc@1: 43.52 mrr: 61.56, ndcg: 67.94, took: 4.41s
Epoch 11, 34.0%	 loss: 1.976 acc@1: 43.91 mrr: 61.73, ndcg: 68.04, took: 4.34s
Epoch 11, 36.2%	 loss: 2.052 acc@1: 42.58 mrr: 60.51, ndcg: 66.90, took: 4.39s
Epoch 11, 38.3%	 loss: 1.918 acc@1: 44.45 mrr: 62.28, ndcg: 68.87, took: 4.44s
Epoch 11, 40.4%	 loss: 1.935 acc@1: 45.51 mrr: 62.68, ndcg: 68.95, took: 4.29s
Epoch 11, 42.6%	 loss: 1.999 acc@1: 44.02 mrr: 61.69, ndcg: 68.08, took: 4.45s
Epoch 11, 44.7%	 loss: 2.039 acc@1: 41.45 mrr: 60.13, ndcg: 66.86, took: 4.54s
Epoch 11, 46.8%	 loss: 2.064 acc@1: 42.85 mrr: 60.54, ndcg: 66.85, took: 4.37s
Epoch 11, 48.9%	 loss: 1.998 acc@1: 42.73 mrr: 61.09, ndcg: 67.50, took: 4.14s
Epoch 11, 51.1%	 loss: 2.074 acc@1: 42.70 mrr: 60.40, ndcg: 66.78, took: 4.16s
Epoch 11, 53.2%	 loss: 1.981 acc@1: 44.65 mrr: 62.09, ndcg: 68.36, took: 4.07s
Epoch 11, 55.3%	 loss: 1.962 acc@1: 44.14 mrr: 61.83, ndcg: 68.41, took: 4.34s
Epoch 11, 57.4%	 loss: 2.016 acc@1: 43.12 mrr: 60.90, ndcg: 67.29, took: 4.45s
Epoch 11, 59.6%	 loss: 1.966 acc@1: 44.10 mrr: 61.69, ndcg: 68.00, took: 4.35s
Epoch 11, 61.7%	 loss: 2.023 acc@1: 43.01 mrr: 60.75, ndcg: 67.04, took: 4.28s
Epoch 11, 63.8%	 loss: 1.978 acc@1: 44.73 mrr: 62.05, ndcg: 68.30, took: 4.49s
Epoch 11, 66.0%	 loss: 2.040 acc@1: 42.77 mrr: 60.48, ndcg: 66.95, took: 4.21s
Epoch 11, 68.1%	 loss: 2.029 acc@1: 41.91 mrr: 60.36, ndcg: 66.90, took: 4.34s
Epoch 11, 70.2%	 loss: 2.035 acc@1: 43.63 mrr: 61.10, ndcg: 67.52, took: 4.35s
Epoch 11, 72.3%	 loss: 1.991 acc@1: 42.66 mrr: 61.17, ndcg: 67.76, took: 4.37s
Epoch 11, 74.5%	 loss: 1.980 acc@1: 43.63 mrr: 61.65, ndcg: 68.08, took: 4.40s
Epoch 11, 76.6%	 loss: 2.042 acc@1: 43.16 mrr: 61.15, ndcg: 67.56, took: 4.47s
Epoch 11, 78.7%	 loss: 2.006 acc@1: 42.85 mrr: 60.84, ndcg: 67.23, took: 4.46s
Epoch 11, 80.9%	 loss: 1.992 acc@1: 44.65 mrr: 61.76, ndcg: 68.11, took: 4.51s
Epoch 11, 83.0%	 loss: 2.032 acc@1: 43.20 mrr: 60.94, ndcg: 67.29, took: 4.63s
Epoch 11, 85.1%	 loss: 1.916 acc@1: 44.88 mrr: 62.77, ndcg: 69.26, took: 4.43s
Epoch 11, 87.2%	 loss: 2.059 acc@1: 43.87 mrr: 61.37, ndcg: 67.57, took: 4.37s
Epoch 11, 89.4%	 loss: 2.084 acc@1: 41.72 mrr: 60.05, ndcg: 66.55, took: 4.42s
Epoch 11, 91.5%	 loss: 2.068 acc@1: 43.36 mrr: 60.96, ndcg: 67.11, took: 4.47s
Epoch 11, 93.6%	 loss: 2.064 acc@1: 43.40 mrr: 60.83, ndcg: 67.10, took: 4.59s
Epoch 11, 95.7%	 loss: 2.014 acc@1: 42.70 mrr: 61.03, ndcg: 67.45, took: 4.49s
Epoch 11, 97.9%	 loss: 2.047 acc@1: 41.48 mrr: 59.97, ndcg: 66.56, took: 4.48s
Epoch 11, 100.0%	 loss: 2.064 acc@1: 40.94 mrr: 59.66, ndcg: 66.43, took: 4.45s
Validation - loss: 3.0371, acc@1: 40.04%, f1: 32.03%, mrr: 56.78%, ndcg: 62.83%
Current learning rate: 0.001219

=== Epoch 12 ===
Epoch 12, 2.1%	 loss: 1.936 acc@1: 44.06 mrr: 61.93, ndcg: 68.47, took: 4.45s
Epoch 12, 4.3%	 loss: 1.881 acc@1: 43.20 mrr: 62.16, ndcg: 69.04, took: 4.35s
Epoch 12, 6.4%	 loss: 1.881 acc@1: 44.88 mrr: 62.99, ndcg: 69.51, took: 4.53s
Epoch 12, 8.5%	 loss: 1.954 acc@1: 42.23 mrr: 60.92, ndcg: 67.66, took: 4.14s
Epoch 12, 10.6%	 loss: 1.907 acc@1: 43.05 mrr: 61.59, ndcg: 68.28, took: 4.16s
Epoch 12, 12.8%	 loss: 1.915 acc@1: 44.38 mrr: 61.96, ndcg: 68.61, took: 4.28s
Epoch 12, 14.9%	 loss: 1.964 acc@1: 44.38 mrr: 61.66, ndcg: 68.03, took: 4.53s
Epoch 12, 17.0%	 loss: 1.890 acc@1: 43.55 mrr: 62.08, ndcg: 68.80, took: 4.50s
Epoch 12, 19.1%	 loss: 1.966 acc@1: 43.48 mrr: 61.37, ndcg: 67.82, took: 4.43s
Epoch 12, 21.3%	 loss: 1.953 acc@1: 43.67 mrr: 61.52, ndcg: 68.02, took: 4.47s
Epoch 12, 23.4%	 loss: 1.928 acc@1: 43.95 mrr: 61.96, ndcg: 68.44, took: 4.25s
Epoch 12, 25.5%	 loss: 1.984 acc@1: 42.07 mrr: 60.49, ndcg: 67.26, took: 4.59s
Epoch 12, 27.7%	 loss: 1.957 acc@1: 43.20 mrr: 61.61, ndcg: 68.12, took: 4.48s
Epoch 12, 29.8%	 loss: 1.973 acc@1: 42.93 mrr: 61.05, ndcg: 67.75, took: 4.40s
Epoch 12, 31.9%	 loss: 1.945 acc@1: 43.40 mrr: 61.80, ndcg: 68.39, took: 4.20s
Epoch 12, 34.0%	 loss: 1.964 acc@1: 42.81 mrr: 61.19, ndcg: 67.95, took: 4.47s
Epoch 12, 36.2%	 loss: 2.025 acc@1: 42.93 mrr: 60.66, ndcg: 67.15, took: 4.35s
Epoch 12, 38.3%	 loss: 1.941 acc@1: 43.79 mrr: 62.07, ndcg: 68.40, took: 4.42s
Epoch 12, 40.4%	 loss: 2.032 acc@1: 43.28 mrr: 61.02, ndcg: 67.26, took: 4.52s
Epoch 12, 42.6%	 loss: 2.040 acc@1: 42.15 mrr: 60.41, ndcg: 66.95, took: 4.40s
Epoch 12, 44.7%	 loss: 1.978 acc@1: 43.36 mrr: 61.39, ndcg: 67.83, took: 4.36s
Epoch 12, 46.8%	 loss: 1.991 acc@1: 44.18 mrr: 61.62, ndcg: 68.07, took: 4.26s
Epoch 12, 48.9%	 loss: 1.958 acc@1: 44.92 mrr: 62.30, ndcg: 68.67, took: 4.48s
Epoch 12, 51.1%	 loss: 1.984 acc@1: 42.07 mrr: 60.75, ndcg: 67.26, took: 4.52s
Epoch 12, 53.2%	 loss: 2.003 acc@1: 43.28 mrr: 61.15, ndcg: 67.46, took: 4.45s
Epoch 12, 55.3%	 loss: 1.948 acc@1: 42.58 mrr: 61.26, ndcg: 68.15, took: 4.27s
Epoch 12, 57.4%	 loss: 1.975 acc@1: 44.88 mrr: 62.19, ndcg: 68.32, took: 4.31s
Epoch 12, 59.6%	 loss: 2.020 acc@1: 42.70 mrr: 60.70, ndcg: 66.95, took: 4.28s
Epoch 12, 61.7%	 loss: 2.062 acc@1: 41.17 mrr: 59.43, ndcg: 66.24, took: 3.92s
Epoch 12, 63.8%	 loss: 1.951 acc@1: 44.26 mrr: 62.12, ndcg: 68.31, took: 3.87s
Epoch 12, 66.0%	 loss: 2.026 acc@1: 42.97 mrr: 60.87, ndcg: 67.14, took: 4.02s
Epoch 12, 68.1%	 loss: 1.953 acc@1: 43.87 mrr: 62.01, ndcg: 68.41, took: 3.79s
Epoch 12, 70.2%	 loss: 2.008 acc@1: 42.23 mrr: 60.49, ndcg: 67.21, took: 3.79s
Epoch 12, 72.3%	 loss: 1.956 acc@1: 42.85 mrr: 61.42, ndcg: 67.98, took: 3.92s
Epoch 12, 74.5%	 loss: 2.050 acc@1: 41.52 mrr: 59.96, ndcg: 66.42, took: 3.85s
Epoch 12, 76.6%	 loss: 2.060 acc@1: 42.07 mrr: 60.08, ndcg: 66.54, took: 3.74s
Epoch 12, 78.7%	 loss: 2.035 acc@1: 41.80 mrr: 60.31, ndcg: 66.94, took: 3.85s
Epoch 12, 80.9%	 loss: 2.007 acc@1: 43.40 mrr: 61.21, ndcg: 67.51, took: 3.90s
Epoch 12, 83.0%	 loss: 2.028 acc@1: 41.29 mrr: 59.95, ndcg: 66.73, took: 3.69s
Epoch 12, 85.1%	 loss: 2.021 acc@1: 42.97 mrr: 60.86, ndcg: 67.23, took: 3.61s
Epoch 12, 87.2%	 loss: 1.934 acc@1: 42.27 mrr: 61.24, ndcg: 67.96, took: 3.86s
Epoch 12, 89.4%	 loss: 1.973 acc@1: 44.06 mrr: 61.87, ndcg: 68.37, took: 3.79s
Epoch 12, 91.5%	 loss: 1.986 acc@1: 44.53 mrr: 62.18, ndcg: 68.27, took: 3.76s
Epoch 12, 93.6%	 loss: 2.013 acc@1: 42.62 mrr: 60.95, ndcg: 67.41, took: 4.01s
Epoch 12, 95.7%	 loss: 1.980 acc@1: 43.63 mrr: 61.81, ndcg: 68.20, took: 3.90s
Epoch 12, 97.9%	 loss: 2.040 acc@1: 43.48 mrr: 60.95, ndcg: 67.27, took: 3.99s
Epoch 12, 100.0%	 loss: 1.995 acc@1: 43.48 mrr: 61.41, ndcg: 67.83, took: 3.91s
Validation - loss: 3.0575, acc@1: 40.60%, f1: 32.96%, mrr: 56.94%, ndcg: 62.83%
Current learning rate: 0.000119

=== Epoch 13 ===
Epoch 13, 2.1%	 loss: 1.953 acc@1: 46.56 mrr: 63.17, ndcg: 69.23, took: 4.13s
Epoch 13, 4.3%	 loss: 2.017 acc@1: 44.57 mrr: 61.89, ndcg: 68.18, took: 4.47s
Epoch 13, 6.4%	 loss: 2.067 acc@1: 42.07 mrr: 60.11, ndcg: 66.68, took: 4.01s
Epoch 13, 8.5%	 loss: 1.961 acc@1: 43.32 mrr: 61.55, ndcg: 68.15, took: 4.34s
Epoch 13, 10.6%	 loss: 1.951 acc@1: 45.51 mrr: 62.72, ndcg: 69.15, took: 4.26s
Epoch 13, 12.8%	 loss: 2.005 acc@1: 45.39 mrr: 62.28, ndcg: 68.42, took: 4.27s
Epoch 13, 14.9%	 loss: 2.039 acc@1: 42.89 mrr: 61.07, ndcg: 67.55, took: 4.40s
Epoch 13, 17.0%	 loss: 1.985 acc@1: 44.14 mrr: 61.67, ndcg: 68.06, took: 4.29s
Epoch 13, 19.1%	 loss: 2.038 acc@1: 44.10 mrr: 61.34, ndcg: 67.60, took: 4.03s
Epoch 13, 21.3%	 loss: 2.010 acc@1: 43.44 mrr: 61.16, ndcg: 67.76, took: 4.16s
Epoch 13, 23.4%	 loss: 1.951 acc@1: 44.92 mrr: 62.58, ndcg: 68.93, took: 4.19s
Epoch 13, 25.5%	 loss: 1.957 acc@1: 43.52 mrr: 61.72, ndcg: 68.32, took: 4.28s
Epoch 13, 27.7%	 loss: 2.004 acc@1: 44.53 mrr: 61.76, ndcg: 67.97, took: 4.25s
Epoch 13, 29.8%	 loss: 1.959 acc@1: 44.34 mrr: 62.05, ndcg: 68.53, took: 4.16s
Epoch 13, 31.9%	 loss: 1.999 acc@1: 43.95 mrr: 61.71, ndcg: 68.07, took: 4.25s
Epoch 13, 34.0%	 loss: 2.031 acc@1: 42.89 mrr: 60.74, ndcg: 67.21, took: 4.32s
Epoch 13, 36.2%	 loss: 1.967 acc@1: 43.91 mrr: 61.84, ndcg: 68.38, took: 4.35s
Epoch 13, 38.3%	 loss: 1.979 acc@1: 43.87 mrr: 61.60, ndcg: 68.17, took: 3.99s
Epoch 13, 40.4%	 loss: 1.967 acc@1: 43.59 mrr: 61.82, ndcg: 68.64, took: 4.24s
Epoch 13, 42.6%	 loss: 1.961 acc@1: 43.52 mrr: 61.59, ndcg: 68.05, took: 4.34s
Epoch 13, 44.7%	 loss: 1.910 acc@1: 45.51 mrr: 62.91, ndcg: 69.37, took: 4.25s
Epoch 13, 46.8%	 loss: 1.951 acc@1: 44.53 mrr: 61.92, ndcg: 68.31, took: 4.40s
Epoch 13, 48.9%	 loss: 1.982 acc@1: 43.83 mrr: 61.73, ndcg: 68.22, took: 4.10s
Epoch 13, 51.1%	 loss: 1.966 acc@1: 44.53 mrr: 62.06, ndcg: 68.39, took: 4.29s
Epoch 13, 53.2%	 loss: 2.038 acc@1: 44.14 mrr: 61.34, ndcg: 67.66, took: 4.33s
Epoch 13, 55.3%	 loss: 1.935 acc@1: 44.77 mrr: 62.27, ndcg: 68.63, took: 4.09s
Epoch 13, 57.4%	 loss: 2.013 acc@1: 42.85 mrr: 60.92, ndcg: 67.32, took: 3.95s
Epoch 13, 59.6%	 loss: 1.985 acc@1: 43.71 mrr: 61.50, ndcg: 67.87, took: 4.06s
Epoch 13, 61.7%	 loss: 2.018 acc@1: 43.83 mrr: 61.24, ndcg: 67.67, took: 4.13s
Epoch 13, 63.8%	 loss: 1.967 acc@1: 44.65 mrr: 62.15, ndcg: 68.75, took: 4.16s
Epoch 13, 66.0%	 loss: 1.924 acc@1: 44.69 mrr: 62.56, ndcg: 68.95, took: 4.32s
Epoch 13, 68.1%	 loss: 1.966 acc@1: 43.98 mrr: 61.95, ndcg: 68.52, took: 4.32s
Epoch 13, 70.2%	 loss: 1.986 acc@1: 43.91 mrr: 61.48, ndcg: 67.97, took: 3.96s
Epoch 13, 72.3%	 loss: 1.987 acc@1: 42.81 mrr: 61.16, ndcg: 67.88, took: 3.92s
Epoch 13, 74.5%	 loss: 1.898 acc@1: 45.55 mrr: 63.05, ndcg: 69.55, took: 4.15s
Epoch 13, 76.6%	 loss: 2.030 acc@1: 43.16 mrr: 60.87, ndcg: 67.47, took: 4.06s
Epoch 13, 78.7%	 loss: 2.039 acc@1: 42.54 mrr: 60.56, ndcg: 67.03, took: 4.05s
Epoch 13, 80.9%	 loss: 1.978 acc@1: 44.41 mrr: 62.04, ndcg: 68.39, took: 4.33s
Epoch 13, 83.0%	 loss: 2.004 acc@1: 42.97 mrr: 61.14, ndcg: 67.58, took: 4.28s
Epoch 13, 85.1%	 loss: 1.978 acc@1: 42.66 mrr: 61.28, ndcg: 68.00, took: 4.16s
Epoch 13, 87.2%	 loss: 1.964 acc@1: 43.40 mrr: 61.54, ndcg: 67.91, took: 4.30s
Epoch 13, 89.4%	 loss: 1.969 acc@1: 44.57 mrr: 62.09, ndcg: 68.42, took: 4.21s
Epoch 13, 91.5%	 loss: 2.012 acc@1: 41.84 mrr: 60.52, ndcg: 67.19, took: 4.32s
Epoch 13, 93.6%	 loss: 2.007 acc@1: 44.10 mrr: 61.56, ndcg: 67.90, took: 4.26s
Epoch 13, 95.7%	 loss: 1.893 acc@1: 44.26 mrr: 62.79, ndcg: 69.54, took: 4.23s
Epoch 13, 97.9%	 loss: 1.970 acc@1: 43.91 mrr: 61.61, ndcg: 68.07, took: 4.71s
Epoch 13, 100.0%	 loss: 1.905 acc@1: 45.12 mrr: 62.87, ndcg: 69.32, took: 4.28s
Validation - loss: 2.9769, acc@1: 41.50%, f1: 33.04%, mrr: 57.75%, ndcg: 63.53%
Current learning rate: 0.000119

=== Epoch 14 ===
Epoch 14, 2.1%	 loss: 1.958 acc@1: 45.12 mrr: 62.49, ndcg: 68.69, took: 4.16s
Epoch 14, 4.3%	 loss: 1.967 acc@1: 44.69 mrr: 62.04, ndcg: 68.33, took: 4.25s
Epoch 14, 6.4%	 loss: 2.008 acc@1: 43.20 mrr: 61.14, ndcg: 67.78, took: 4.24s
Epoch 14, 8.5%	 loss: 1.959 acc@1: 44.84 mrr: 62.57, ndcg: 68.83, took: 4.22s
Epoch 14, 10.6%	 loss: 1.904 acc@1: 44.10 mrr: 62.45, ndcg: 69.03, took: 4.36s
Epoch 14, 12.8%	 loss: 1.979 acc@1: 43.55 mrr: 61.35, ndcg: 68.08, took: 4.26s
Epoch 14, 14.9%	 loss: 2.018 acc@1: 43.79 mrr: 61.34, ndcg: 67.83, took: 4.12s
Epoch 14, 17.0%	 loss: 1.996 acc@1: 43.95 mrr: 61.85, ndcg: 68.12, took: 4.18s
Epoch 14, 19.1%	 loss: 1.979 acc@1: 43.87 mrr: 61.76, ndcg: 68.33, took: 4.16s
Epoch 14, 21.3%	 loss: 2.032 acc@1: 43.36 mrr: 60.90, ndcg: 67.26, took: 4.24s
Epoch 14, 23.4%	 loss: 1.939 acc@1: 44.02 mrr: 61.94, ndcg: 68.57, took: 4.30s
Epoch 14, 25.5%	 loss: 1.926 acc@1: 46.64 mrr: 63.37, ndcg: 69.56, took: 4.11s
Epoch 14, 27.7%	 loss: 2.005 acc@1: 41.37 mrr: 60.42, ndcg: 67.20, took: 4.10s
Epoch 14, 29.8%	 loss: 1.927 acc@1: 44.84 mrr: 62.86, ndcg: 69.32, took: 4.16s
Epoch 14, 31.9%	 loss: 1.952 acc@1: 45.12 mrr: 62.61, ndcg: 68.97, took: 4.01s
Epoch 14, 34.0%	 loss: 1.994 acc@1: 42.62 mrr: 60.76, ndcg: 67.38, took: 3.99s
Epoch 14, 36.2%	 loss: 1.949 acc@1: 44.88 mrr: 62.49, ndcg: 68.90, took: 4.35s
Epoch 14, 38.3%	 loss: 1.926 acc@1: 44.73 mrr: 62.63, ndcg: 69.12, took: 3.97s
Epoch 14, 40.4%	 loss: 1.963 acc@1: 45.04 mrr: 62.36, ndcg: 68.56, took: 4.04s
Epoch 14, 42.6%	 loss: 1.916 acc@1: 45.39 mrr: 62.85, ndcg: 69.25, took: 4.06s
Epoch 14, 44.7%	 loss: 1.948 acc@1: 44.65 mrr: 62.35, ndcg: 68.67, took: 4.22s
Epoch 14, 46.8%	 loss: 1.947 acc@1: 45.23 mrr: 62.45, ndcg: 68.81, took: 4.01s
Epoch 14, 48.9%	 loss: 1.913 acc@1: 44.30 mrr: 62.48, ndcg: 69.00, took: 4.09s
Epoch 14, 51.1%	 loss: 2.056 acc@1: 41.91 mrr: 60.12, ndcg: 66.50, took: 4.30s
Epoch 14, 53.2%	 loss: 1.857 acc@1: 44.30 mrr: 62.82, ndcg: 69.57, took: 4.18s
Epoch 14, 55.3%	 loss: 1.923 acc@1: 45.51 mrr: 63.13, ndcg: 69.42, took: 4.22s
Epoch 14, 57.4%	 loss: 1.962 acc@1: 44.30 mrr: 61.98, ndcg: 68.44, took: 4.03s
Epoch 14, 59.6%	 loss: 1.948 acc@1: 45.43 mrr: 62.58, ndcg: 68.73, took: 4.10s
Epoch 14, 61.7%	 loss: 1.862 acc@1: 45.31 mrr: 63.39, ndcg: 69.95, took: 4.24s
Epoch 14, 63.8%	 loss: 1.986 acc@1: 43.91 mrr: 61.45, ndcg: 67.99, took: 4.13s
Epoch 14, 66.0%	 loss: 1.993 acc@1: 43.05 mrr: 61.18, ndcg: 67.69, took: 4.24s
Epoch 14, 68.1%	 loss: 1.949 acc@1: 44.65 mrr: 62.48, ndcg: 68.93, took: 4.21s
Epoch 14, 70.2%	 loss: 1.972 acc@1: 45.12 mrr: 62.35, ndcg: 68.64, took: 4.27s
Epoch 14, 72.3%	 loss: 1.958 acc@1: 44.61 mrr: 62.31, ndcg: 68.64, took: 4.27s
Epoch 14, 74.5%	 loss: 1.984 acc@1: 44.73 mrr: 62.19, ndcg: 68.50, took: 4.35s
Epoch 14, 76.6%	 loss: 1.958 acc@1: 43.79 mrr: 61.86, ndcg: 68.50, took: 4.27s
Epoch 14, 78.7%	 loss: 1.914 acc@1: 44.41 mrr: 62.53, ndcg: 69.10, took: 4.32s
Epoch 14, 80.9%	 loss: 1.961 acc@1: 43.79 mrr: 61.60, ndcg: 68.01, took: 4.37s
Epoch 14, 83.0%	 loss: 1.976 acc@1: 44.41 mrr: 61.84, ndcg: 68.19, took: 4.38s
Epoch 14, 85.1%	 loss: 1.918 acc@1: 43.32 mrr: 61.80, ndcg: 68.58, took: 4.30s
Epoch 14, 87.2%	 loss: 1.943 acc@1: 44.96 mrr: 62.34, ndcg: 68.73, took: 4.23s
Epoch 14, 89.4%	 loss: 1.929 acc@1: 44.30 mrr: 62.26, ndcg: 68.67, took: 4.29s
Epoch 14, 91.5%	 loss: 1.911 acc@1: 45.90 mrr: 63.09, ndcg: 69.34, took: 4.28s
Epoch 14, 93.6%	 loss: 1.970 acc@1: 43.36 mrr: 61.61, ndcg: 67.98, took: 4.27s
Epoch 14, 95.7%	 loss: 1.909 acc@1: 45.12 mrr: 62.81, ndcg: 69.06, took: 4.14s
Epoch 14, 97.9%	 loss: 1.963 acc@1: 44.06 mrr: 61.75, ndcg: 68.22, took: 4.23s
Epoch 14, 100.0%	 loss: 1.997 acc@1: 43.87 mrr: 61.50, ndcg: 67.96, took: 4.22s
Validation - loss: 2.9748, acc@1: 41.47%, f1: 33.10%, mrr: 57.74%, ndcg: 63.58%
Current learning rate: 0.000119

=== Epoch 15 ===
Epoch 15, 2.1%	 loss: 1.971 acc@1: 43.55 mrr: 61.45, ndcg: 67.97, took: 4.23s
Epoch 15, 4.3%	 loss: 1.891 acc@1: 44.18 mrr: 62.42, ndcg: 69.01, took: 4.29s
Epoch 15, 6.4%	 loss: 1.868 acc@1: 45.51 mrr: 63.33, ndcg: 69.99, took: 4.11s
Epoch 15, 8.5%	 loss: 1.979 acc@1: 42.70 mrr: 60.94, ndcg: 67.78, took: 3.71s
Epoch 15, 10.6%	 loss: 1.925 acc@1: 45.16 mrr: 62.50, ndcg: 68.96, took: 3.97s
Epoch 15, 12.8%	 loss: 1.986 acc@1: 44.41 mrr: 61.79, ndcg: 68.09, took: 3.98s
Epoch 15, 14.9%	 loss: 1.965 acc@1: 43.95 mrr: 61.94, ndcg: 68.36, took: 4.31s
Epoch 15, 17.0%	 loss: 1.951 acc@1: 44.30 mrr: 61.96, ndcg: 68.42, took: 3.89s
Epoch 15, 19.1%	 loss: 1.878 acc@1: 45.31 mrr: 63.16, ndcg: 69.66, took: 4.33s
Epoch 15, 21.3%	 loss: 1.927 acc@1: 44.34 mrr: 62.24, ndcg: 68.59, took: 4.25s
Epoch 15, 23.4%	 loss: 1.939 acc@1: 44.18 mrr: 62.16, ndcg: 68.68, took: 4.18s
Epoch 15, 25.5%	 loss: 1.950 acc@1: 44.06 mrr: 62.11, ndcg: 68.55, took: 3.85s
Epoch 15, 27.7%	 loss: 1.935 acc@1: 44.45 mrr: 62.20, ndcg: 68.75, took: 4.24s
Epoch 15, 29.8%	 loss: 1.960 acc@1: 44.22 mrr: 61.94, ndcg: 68.37, took: 4.18s
Epoch 15, 31.9%	 loss: 1.970 acc@1: 43.91 mrr: 61.85, ndcg: 68.21, took: 4.34s
Epoch 15, 34.0%	 loss: 1.894 acc@1: 45.12 mrr: 62.77, ndcg: 69.24, took: 4.07s
Epoch 15, 36.2%	 loss: 1.946 acc@1: 45.16 mrr: 62.58, ndcg: 69.04, took: 3.98s
Epoch 15, 38.3%	 loss: 1.884 acc@1: 45.47 mrr: 63.24, ndcg: 69.77, took: 4.25s
Epoch 15, 40.4%	 loss: 1.900 acc@1: 43.71 mrr: 62.15, ndcg: 68.80, took: 4.36s
Epoch 15, 42.6%	 loss: 1.917 acc@1: 45.12 mrr: 62.54, ndcg: 68.90, took: 4.20s
Epoch 15, 44.7%	 loss: 1.911 acc@1: 43.75 mrr: 62.04, ndcg: 68.62, took: 4.32s
Epoch 15, 46.8%	 loss: 1.900 acc@1: 44.34 mrr: 62.57, ndcg: 69.19, took: 4.13s
Epoch 15, 48.9%	 loss: 1.936 acc@1: 43.98 mrr: 62.07, ndcg: 68.79, took: 4.22s
Epoch 15, 51.1%	 loss: 1.951 acc@1: 43.75 mrr: 61.77, ndcg: 68.39, took: 4.29s
Epoch 15, 53.2%	 loss: 1.926 acc@1: 43.16 mrr: 61.89, ndcg: 68.51, took: 4.28s
Epoch 15, 55.3%	 loss: 1.965 acc@1: 43.40 mrr: 61.60, ndcg: 68.05, took: 4.24s
Epoch 15, 57.4%	 loss: 1.952 acc@1: 44.45 mrr: 62.16, ndcg: 68.54, took: 4.14s
Epoch 15, 59.6%	 loss: 1.968 acc@1: 45.16 mrr: 62.37, ndcg: 68.67, took: 4.11s
Epoch 15, 61.7%	 loss: 2.030 acc@1: 43.87 mrr: 61.37, ndcg: 67.74, took: 4.17s
Epoch 15, 63.8%	 loss: 1.942 acc@1: 44.14 mrr: 61.99, ndcg: 68.40, took: 4.26s
Epoch 15, 66.0%	 loss: 1.984 acc@1: 44.57 mrr: 61.93, ndcg: 68.38, took: 4.30s
Epoch 15, 68.1%	 loss: 1.928 acc@1: 43.71 mrr: 62.02, ndcg: 68.65, took: 4.18s
Epoch 15, 70.2%	 loss: 1.931 acc@1: 44.61 mrr: 62.27, ndcg: 68.70, took: 4.18s
Epoch 15, 72.3%	 loss: 1.949 acc@1: 44.61 mrr: 62.35, ndcg: 68.77, took: 4.25s
Epoch 15, 74.5%	 loss: 1.946 acc@1: 44.77 mrr: 62.48, ndcg: 68.81, took: 4.34s
Epoch 15, 76.6%	 loss: 2.021 acc@1: 42.70 mrr: 60.50, ndcg: 67.12, took: 4.15s
Epoch 15, 78.7%	 loss: 1.936 acc@1: 44.84 mrr: 62.37, ndcg: 68.74, took: 3.91s
Epoch 15, 80.9%	 loss: 2.005 acc@1: 42.73 mrr: 61.11, ndcg: 67.59, took: 4.18s
Epoch 15, 83.0%	 loss: 1.922 acc@1: 44.49 mrr: 62.40, ndcg: 68.94, took: 4.19s
Epoch 15, 85.1%	 loss: 1.995 acc@1: 44.10 mrr: 61.64, ndcg: 67.94, took: 3.83s
Epoch 15, 87.2%	 loss: 1.980 acc@1: 44.14 mrr: 61.57, ndcg: 67.99, took: 3.75s
Epoch 15, 89.4%	 loss: 1.993 acc@1: 43.71 mrr: 61.37, ndcg: 67.74, took: 3.70s
Epoch 15, 91.5%	 loss: 1.933 acc@1: 45.00 mrr: 62.69, ndcg: 69.11, took: 3.92s
Epoch 15, 93.6%	 loss: 1.941 acc@1: 44.88 mrr: 62.44, ndcg: 68.91, took: 4.00s
Epoch 15, 95.7%	 loss: 1.926 acc@1: 44.10 mrr: 62.21, ndcg: 68.64, took: 3.92s
Epoch 15, 97.9%	 loss: 1.996 acc@1: 44.53 mrr: 61.86, ndcg: 68.24, took: 3.84s
Epoch 15, 100.0%	 loss: 1.953 acc@1: 44.69 mrr: 62.47, ndcg: 68.79, took: 3.76s
Validation - loss: 2.9765, acc@1: 41.66%, f1: 33.58%, mrr: 57.89%, ndcg: 63.70%
Current learning rate: 0.000119

=== Epoch 16 ===
Epoch 16, 2.1%	 loss: 1.937 acc@1: 44.73 mrr: 62.13, ndcg: 68.72, took: 3.78s
Epoch 16, 4.3%	 loss: 1.979 acc@1: 43.95 mrr: 61.60, ndcg: 68.09, took: 4.03s
Epoch 16, 6.4%	 loss: 1.898 acc@1: 44.38 mrr: 62.57, ndcg: 69.29, took: 3.96s
Epoch 16, 8.5%	 loss: 1.945 acc@1: 44.61 mrr: 62.37, ndcg: 68.74, took: 3.83s
Epoch 16, 10.6%	 loss: 1.908 acc@1: 45.86 mrr: 63.23, ndcg: 69.66, took: 3.91s
Epoch 16, 12.8%	 loss: 1.919 acc@1: 44.34 mrr: 62.12, ndcg: 68.59, took: 3.89s
Epoch 16, 14.9%	 loss: 1.852 acc@1: 46.64 mrr: 64.23, ndcg: 70.48, took: 4.00s
Epoch 16, 17.0%	 loss: 1.890 acc@1: 45.94 mrr: 63.20, ndcg: 69.44, took: 3.89s
Epoch 16, 19.1%	 loss: 2.016 acc@1: 43.91 mrr: 61.30, ndcg: 67.45, took: 3.66s
Epoch 16, 21.3%	 loss: 1.878 acc@1: 45.43 mrr: 63.24, ndcg: 69.66, took: 3.90s
Epoch 16, 23.4%	 loss: 2.034 acc@1: 42.03 mrr: 60.23, ndcg: 67.07, took: 4.25s
Epoch 16, 25.5%	 loss: 1.920 acc@1: 44.57 mrr: 62.37, ndcg: 68.82, took: 4.27s
Epoch 16, 27.7%	 loss: 1.902 acc@1: 46.48 mrr: 63.60, ndcg: 69.70, took: 4.23s
Epoch 16, 29.8%	 loss: 1.943 acc@1: 45.74 mrr: 62.90, ndcg: 69.27, took: 4.41s
Epoch 16, 31.9%	 loss: 1.947 acc@1: 44.65 mrr: 62.17, ndcg: 68.51, took: 4.42s
Epoch 16, 34.0%	 loss: 1.915 acc@1: 46.13 mrr: 63.18, ndcg: 69.37, took: 4.28s
Epoch 16, 36.2%	 loss: 1.948 acc@1: 44.26 mrr: 61.98, ndcg: 68.67, took: 4.14s
Epoch 16, 38.3%	 loss: 1.943 acc@1: 43.95 mrr: 61.83, ndcg: 68.35, took: 4.36s
Epoch 16, 40.4%	 loss: 1.965 acc@1: 43.16 mrr: 61.66, ndcg: 68.12, took: 4.26s
Epoch 16, 42.6%	 loss: 1.906 acc@1: 45.39 mrr: 63.10, ndcg: 69.52, took: 3.98s
Epoch 16, 44.7%	 loss: 1.933 acc@1: 43.95 mrr: 61.88, ndcg: 68.33, took: 3.81s
Epoch 16, 46.8%	 loss: 1.929 acc@1: 45.08 mrr: 62.60, ndcg: 68.96, took: 3.57s
Epoch 16, 48.9%	 loss: 1.962 acc@1: 44.06 mrr: 61.90, ndcg: 68.42, took: 3.50s
Epoch 16, 51.1%	 loss: 1.965 acc@1: 44.14 mrr: 61.79, ndcg: 68.25, took: 3.74s
Epoch 16, 53.2%	 loss: 1.948 acc@1: 42.85 mrr: 61.48, ndcg: 68.20, took: 3.51s
Epoch 16, 55.3%	 loss: 1.953 acc@1: 43.16 mrr: 61.40, ndcg: 68.00, took: 3.58s
Epoch 16, 57.4%	 loss: 1.911 acc@1: 45.04 mrr: 62.76, ndcg: 69.24, took: 3.40s
Epoch 16, 59.6%	 loss: 1.864 acc@1: 45.27 mrr: 63.07, ndcg: 69.68, took: 3.57s
Epoch 16, 61.7%	 loss: 1.899 acc@1: 43.24 mrr: 62.07, ndcg: 68.86, took: 3.00s
Epoch 16, 63.8%	 loss: 1.935 acc@1: 43.40 mrr: 61.71, ndcg: 68.28, took: 3.40s
Epoch 16, 66.0%	 loss: 1.968 acc@1: 44.69 mrr: 62.17, ndcg: 68.68, took: 3.80s
Epoch 16, 68.1%	 loss: 1.962 acc@1: 43.87 mrr: 61.93, ndcg: 68.28, took: 3.76s
Epoch 16, 70.2%	 loss: 1.952 acc@1: 44.45 mrr: 61.97, ndcg: 68.41, took: 3.56s
Epoch 16, 72.3%	 loss: 1.958 acc@1: 44.22 mrr: 61.61, ndcg: 68.10, took: 3.61s
Epoch 16, 74.5%	 loss: 1.976 acc@1: 44.61 mrr: 62.17, ndcg: 68.39, took: 3.72s
Epoch 16, 76.6%	 loss: 1.964 acc@1: 42.34 mrr: 60.94, ndcg: 67.75, took: 3.78s
Epoch 16, 78.7%	 loss: 1.935 acc@1: 43.28 mrr: 61.66, ndcg: 68.38, took: 3.72s
Epoch 16, 80.9%	 loss: 1.992 acc@1: 41.76 mrr: 60.48, ndcg: 67.30, took: 3.81s
Epoch 16, 83.0%	 loss: 1.891 acc@1: 44.77 mrr: 62.79, ndcg: 69.43, took: 3.58s
Epoch 16, 85.1%	 loss: 1.983 acc@1: 42.58 mrr: 60.91, ndcg: 67.68, took: 4.11s
Epoch 16, 87.2%	 loss: 1.943 acc@1: 42.93 mrr: 61.14, ndcg: 67.98, took: 4.20s
Epoch 16, 89.4%	 loss: 1.971 acc@1: 43.87 mrr: 61.50, ndcg: 67.88, took: 4.23s
Epoch 16, 91.5%	 loss: 1.975 acc@1: 43.95 mrr: 61.74, ndcg: 68.22, took: 4.28s
Epoch 16, 93.6%	 loss: 1.913 acc@1: 43.28 mrr: 61.88, ndcg: 68.44, took: 4.25s
Epoch 16, 95.7%	 loss: 1.924 acc@1: 44.38 mrr: 62.29, ndcg: 68.88, took: 3.87s
Epoch 16, 97.9%	 loss: 1.891 acc@1: 47.42 mrr: 63.97, ndcg: 69.98, took: 4.10s
Epoch 16, 100.0%	 loss: 1.876 acc@1: 45.39 mrr: 63.22, ndcg: 69.62, took: 4.30s
Validation - loss: 2.9871, acc@1: 41.29%, f1: 31.83%, mrr: 57.67%, ndcg: 63.57%
Current learning rate: 0.000119

=== Epoch 17 ===
Epoch 17, 2.1%	 loss: 1.916 acc@1: 44.02 mrr: 62.14, ndcg: 68.70, took: 4.23s
Epoch 17, 4.3%	 loss: 1.964 acc@1: 43.32 mrr: 61.52, ndcg: 68.19, took: 4.23s
Epoch 17, 6.4%	 loss: 1.922 acc@1: 46.09 mrr: 63.03, ndcg: 69.34, took: 4.15s
Epoch 17, 8.5%	 loss: 1.865 acc@1: 45.59 mrr: 63.33, ndcg: 69.83, took: 4.36s
Epoch 17, 10.6%	 loss: 1.925 acc@1: 44.65 mrr: 62.46, ndcg: 68.93, took: 4.28s
Epoch 17, 12.8%	 loss: 1.900 acc@1: 44.49 mrr: 62.62, ndcg: 69.18, took: 4.04s
Epoch 17, 14.9%	 loss: 1.914 acc@1: 44.96 mrr: 62.63, ndcg: 69.07, took: 4.12s
Epoch 17, 17.0%	 loss: 1.958 acc@1: 43.44 mrr: 61.32, ndcg: 68.08, took: 3.98s
Epoch 17, 19.1%	 loss: 1.915 acc@1: 44.92 mrr: 62.64, ndcg: 69.01, took: 4.30s
Epoch 17, 21.3%	 loss: 1.890 acc@1: 44.69 mrr: 62.73, ndcg: 69.29, took: 4.32s
Epoch 17, 23.4%	 loss: 1.907 acc@1: 45.51 mrr: 62.82, ndcg: 69.07, took: 4.18s
Epoch 17, 25.5%	 loss: 1.898 acc@1: 44.65 mrr: 62.70, ndcg: 69.13, took: 4.20s
Epoch 17, 27.7%	 loss: 1.934 acc@1: 44.18 mrr: 62.12, ndcg: 68.70, took: 4.00s
Epoch 17, 29.8%	 loss: 1.864 acc@1: 45.82 mrr: 63.52, ndcg: 69.90, took: 4.22s
Epoch 17, 31.9%	 loss: 1.924 acc@1: 44.38 mrr: 62.48, ndcg: 68.93, took: 4.17s
Epoch 17, 34.0%	 loss: 1.902 acc@1: 45.62 mrr: 63.04, ndcg: 69.24, took: 4.12s
Epoch 17, 36.2%	 loss: 1.904 acc@1: 43.63 mrr: 62.17, ndcg: 68.92, took: 4.04s
Epoch 17, 38.3%	 loss: 1.861 acc@1: 45.78 mrr: 63.55, ndcg: 70.13, took: 4.24s
Epoch 17, 40.4%	 loss: 1.946 acc@1: 43.12 mrr: 61.38, ndcg: 68.01, took: 4.31s
Epoch 17, 42.6%	 loss: 1.941 acc@1: 43.55 mrr: 61.85, ndcg: 68.54, took: 4.10s
Epoch 17, 44.7%	 loss: 1.953 acc@1: 44.38 mrr: 61.90, ndcg: 68.39, took: 4.19s
Epoch 17, 46.8%	 loss: 1.996 acc@1: 43.63 mrr: 61.35, ndcg: 67.78, took: 4.23s
Epoch 17, 48.9%	 loss: 1.958 acc@1: 44.57 mrr: 62.06, ndcg: 68.47, took: 4.31s
Epoch 17, 51.1%	 loss: 1.922 acc@1: 45.51 mrr: 62.77, ndcg: 69.04, took: 4.28s
Epoch 17, 53.2%	 loss: 1.980 acc@1: 42.66 mrr: 61.00, ndcg: 67.57, took: 4.38s
Epoch 17, 55.3%	 loss: 1.993 acc@1: 44.88 mrr: 61.95, ndcg: 68.30, took: 4.21s
Epoch 17, 57.4%	 loss: 1.889 acc@1: 45.04 mrr: 62.82, ndcg: 69.27, took: 4.33s
Epoch 17, 59.6%	 loss: 1.939 acc@1: 44.61 mrr: 62.29, ndcg: 68.67, took: 4.09s
Epoch 17, 61.7%	 loss: 1.952 acc@1: 43.67 mrr: 61.45, ndcg: 68.06, took: 3.84s
Epoch 17, 63.8%	 loss: 1.970 acc@1: 42.34 mrr: 60.86, ndcg: 67.52, took: 4.12s
Epoch 17, 66.0%	 loss: 1.944 acc@1: 44.34 mrr: 62.11, ndcg: 68.72, took: 3.98s
Epoch 17, 68.1%	 loss: 1.899 acc@1: 44.53 mrr: 62.55, ndcg: 69.08, took: 4.17s
Epoch 17, 70.2%	 loss: 1.974 acc@1: 43.36 mrr: 61.22, ndcg: 67.67, took: 4.23s
Epoch 17, 72.3%	 loss: 1.924 acc@1: 43.79 mrr: 62.15, ndcg: 68.84, took: 4.21s
Epoch 17, 74.5%	 loss: 1.965 acc@1: 43.28 mrr: 61.32, ndcg: 67.75, took: 4.18s
Epoch 17, 76.6%	 loss: 1.902 acc@1: 45.35 mrr: 62.88, ndcg: 69.27, took: 4.09s
Epoch 17, 78.7%	 loss: 1.890 acc@1: 45.31 mrr: 62.95, ndcg: 69.26, took: 4.35s
Epoch 17, 80.9%	 loss: 1.997 acc@1: 43.20 mrr: 61.00, ndcg: 67.60, took: 4.25s
Epoch 17, 83.0%	 loss: 1.915 acc@1: 43.71 mrr: 62.07, ndcg: 68.79, took: 4.28s
Epoch 17, 85.1%	 loss: 1.908 acc@1: 45.94 mrr: 63.26, ndcg: 69.36, took: 4.19s
Epoch 17, 87.2%	 loss: 1.930 acc@1: 43.36 mrr: 62.07, ndcg: 68.73, took: 3.98s
Epoch 17, 89.4%	 loss: 1.899 acc@1: 45.94 mrr: 63.21, ndcg: 69.54, took: 4.03s
Epoch 17, 91.5%	 loss: 2.002 acc@1: 43.98 mrr: 61.51, ndcg: 67.82, took: 4.17s
Epoch 17, 93.6%	 loss: 1.933 acc@1: 44.30 mrr: 62.11, ndcg: 68.47, took: 4.08s
Epoch 17, 95.7%	 loss: 1.927 acc@1: 44.53 mrr: 62.32, ndcg: 68.83, took: 4.30s
Epoch 17, 97.9%	 loss: 1.947 acc@1: 42.42 mrr: 61.07, ndcg: 67.90, took: 4.02s
Epoch 17, 100.0%	 loss: 2.000 acc@1: 42.23 mrr: 60.48, ndcg: 67.21, took: 4.11s
Validation - loss: 2.9883, acc@1: 41.15%, f1: 33.11%, mrr: 57.51%, ndcg: 63.41%
Current learning rate: 0.000119

=== Epoch 18 ===
Epoch 18, 2.1%	 loss: 1.877 acc@1: 44.61 mrr: 62.69, ndcg: 69.35, took: 4.31s
Epoch 18, 4.3%	 loss: 1.885 acc@1: 45.90 mrr: 63.28, ndcg: 69.48, took: 4.17s
Epoch 18, 6.4%	 loss: 1.941 acc@1: 45.35 mrr: 62.51, ndcg: 68.85, took: 4.47s
Epoch 18, 8.5%	 loss: 1.890 acc@1: 44.53 mrr: 62.65, ndcg: 69.31, took: 4.15s
Epoch 18, 10.6%	 loss: 1.898 acc@1: 44.61 mrr: 62.62, ndcg: 69.18, took: 4.01s
Epoch 18, 12.8%	 loss: 1.916 acc@1: 45.16 mrr: 62.78, ndcg: 69.18, took: 4.22s
Epoch 18, 14.9%	 loss: 1.960 acc@1: 44.49 mrr: 61.85, ndcg: 68.32, took: 4.17s
Epoch 18, 17.0%	 loss: 1.900 acc@1: 46.21 mrr: 63.38, ndcg: 69.76, took: 4.16s
Epoch 18, 19.1%	 loss: 1.898 acc@1: 45.16 mrr: 62.79, ndcg: 69.15, took: 4.32s
Epoch 18, 21.3%	 loss: 1.966 acc@1: 43.71 mrr: 61.56, ndcg: 68.07, took: 4.26s
Epoch 18, 23.4%	 loss: 1.848 acc@1: 45.35 mrr: 63.21, ndcg: 69.85, took: 4.29s
Epoch 18, 25.5%	 loss: 1.898 acc@1: 44.06 mrr: 61.97, ndcg: 68.77, took: 4.22s
Epoch 18, 27.7%	 loss: 1.896 acc@1: 45.27 mrr: 62.87, ndcg: 69.37, took: 4.27s
Epoch 18, 29.8%	 loss: 1.917 acc@1: 43.79 mrr: 62.10, ndcg: 68.75, took: 4.30s
Epoch 18, 31.9%	 loss: 1.900 acc@1: 45.78 mrr: 63.34, ndcg: 69.51, took: 4.27s
Epoch 18, 34.0%	 loss: 1.925 acc@1: 43.71 mrr: 61.94, ndcg: 68.55, took: 4.25s
Epoch 18, 36.2%	 loss: 1.964 acc@1: 43.67 mrr: 61.65, ndcg: 68.07, took: 3.90s
Epoch 18, 38.3%	 loss: 1.965 acc@1: 44.30 mrr: 61.88, ndcg: 68.36, took: 4.21s
Epoch 18, 40.4%	 loss: 1.879 acc@1: 43.79 mrr: 62.47, ndcg: 69.20, took: 4.14s
Epoch 18, 42.6%	 loss: 1.885 acc@1: 46.13 mrr: 63.41, ndcg: 69.77, took: 4.19s
Epoch 18, 44.7%	 loss: 1.927 acc@1: 45.08 mrr: 62.75, ndcg: 69.11, took: 4.13s
Epoch 18, 46.8%	 loss: 1.928 acc@1: 44.22 mrr: 62.21, ndcg: 68.83, took: 4.22s
Epoch 18, 48.9%	 loss: 1.894 acc@1: 44.92 mrr: 62.58, ndcg: 69.17, took: 4.23s
Epoch 18, 51.1%	 loss: 1.841 acc@1: 44.18 mrr: 62.85, ndcg: 69.63, took: 4.21s
Epoch 18, 53.2%	 loss: 1.975 acc@1: 44.69 mrr: 62.05, ndcg: 68.40, took: 4.22s
Epoch 18, 55.3%	 loss: 1.986 acc@1: 41.80 mrr: 60.46, ndcg: 67.30, took: 4.10s
Epoch 18, 57.4%	 loss: 1.868 acc@1: 45.59 mrr: 63.20, ndcg: 69.54, took: 4.10s
Epoch 18, 59.6%	 loss: 1.975 acc@1: 42.66 mrr: 61.16, ndcg: 67.77, took: 4.15s
Epoch 18, 61.7%	 loss: 1.941 acc@1: 44.65 mrr: 62.21, ndcg: 68.80, took: 3.89s
Epoch 18, 63.8%	 loss: 1.966 acc@1: 43.32 mrr: 61.14, ndcg: 67.77, took: 4.03s
Epoch 18, 66.0%	 loss: 1.904 acc@1: 45.16 mrr: 62.72, ndcg: 69.18, took: 4.00s
Epoch 18, 68.1%	 loss: 1.926 acc@1: 44.10 mrr: 62.10, ndcg: 68.45, took: 3.83s
Epoch 18, 70.2%	 loss: 2.005 acc@1: 43.28 mrr: 61.10, ndcg: 67.75, took: 4.32s
Epoch 18, 72.3%	 loss: 2.002 acc@1: 42.73 mrr: 60.63, ndcg: 67.41, took: 4.27s
Epoch 18, 74.5%	 loss: 1.949 acc@1: 43.63 mrr: 61.72, ndcg: 68.15, took: 4.22s
Epoch 18, 76.6%	 loss: 1.885 acc@1: 44.41 mrr: 62.66, ndcg: 69.12, took: 4.28s
Epoch 18, 78.7%	 loss: 1.988 acc@1: 42.85 mrr: 60.94, ndcg: 67.45, took: 4.15s
Epoch 18, 80.9%	 loss: 1.926 acc@1: 43.28 mrr: 61.74, ndcg: 68.28, took: 4.26s
Epoch 18, 83.0%	 loss: 1.960 acc@1: 43.55 mrr: 61.60, ndcg: 68.04, took: 4.22s
Epoch 18, 85.1%	 loss: 1.947 acc@1: 42.77 mrr: 61.40, ndcg: 68.10, took: 4.13s
Epoch 18, 87.2%	 loss: 1.924 acc@1: 44.02 mrr: 62.13, ndcg: 68.72, took: 3.93s
Epoch 18, 89.4%	 loss: 1.914 acc@1: 45.12 mrr: 62.99, ndcg: 69.37, took: 4.22s
Epoch 18, 91.5%	 loss: 1.942 acc@1: 45.43 mrr: 62.63, ndcg: 68.89, took: 4.23s
Epoch 18, 93.6%	 loss: 1.890 acc@1: 44.57 mrr: 62.60, ndcg: 69.14, took: 4.30s
Epoch 18, 95.7%	 loss: 1.907 acc@1: 45.35 mrr: 62.82, ndcg: 69.35, took: 4.26s
Epoch 18, 97.9%	 loss: 1.924 acc@1: 43.55 mrr: 61.83, ndcg: 68.33, took: 4.22s
Epoch 18, 100.0%	 loss: 1.927 acc@1: 44.92 mrr: 62.49, ndcg: 68.87, took: 4.06s
Validation - loss: 2.9873, acc@1: 41.83%, f1: 33.82%, mrr: 57.94%, ndcg: 63.73%
Current learning rate: 0.000119

=== Epoch 19 ===
Epoch 19, 2.1%	 loss: 1.903 acc@1: 43.55 mrr: 62.07, ndcg: 68.84, took: 4.18s
Epoch 19, 4.3%	 loss: 1.873 acc@1: 46.33 mrr: 63.74, ndcg: 70.20, took: 4.18s
Epoch 19, 6.4%	 loss: 1.896 acc@1: 45.08 mrr: 62.87, ndcg: 69.27, took: 4.10s
Epoch 19, 8.5%	 loss: 1.955 acc@1: 43.09 mrr: 61.51, ndcg: 68.19, took: 4.25s
Epoch 19, 10.6%	 loss: 1.954 acc@1: 43.05 mrr: 61.38, ndcg: 68.14, took: 4.22s
Epoch 19, 12.8%	 loss: 1.931 acc@1: 43.20 mrr: 61.41, ndcg: 68.12, took: 4.22s
Epoch 19, 14.9%	 loss: 1.890 acc@1: 43.63 mrr: 61.96, ndcg: 68.79, took: 4.28s
Epoch 19, 17.0%	 loss: 1.932 acc@1: 45.00 mrr: 62.52, ndcg: 68.99, took: 4.25s
Epoch 19, 19.1%	 loss: 1.942 acc@1: 44.02 mrr: 62.08, ndcg: 68.60, took: 4.12s
Epoch 19, 21.3%	 loss: 1.919 acc@1: 43.20 mrr: 61.88, ndcg: 68.65, took: 4.20s
Epoch 19, 23.4%	 loss: 1.907 acc@1: 43.44 mrr: 61.95, ndcg: 68.63, took: 4.15s
Epoch 19, 25.5%	 loss: 1.910 acc@1: 44.26 mrr: 62.13, ndcg: 68.75, took: 3.87s
Epoch 19, 27.7%	 loss: 1.872 acc@1: 45.59 mrr: 63.23, ndcg: 69.54, took: 4.22s
Epoch 19, 29.8%	 loss: 1.916 acc@1: 45.59 mrr: 62.87, ndcg: 69.20, took: 4.12s
Epoch 19, 31.9%	 loss: 1.870 acc@1: 45.27 mrr: 62.98, ndcg: 69.63, took: 4.34s
Epoch 19, 34.0%	 loss: 1.896 acc@1: 43.91 mrr: 62.08, ndcg: 68.90, took: 4.29s
Epoch 19, 36.2%	 loss: 1.924 acc@1: 45.31 mrr: 62.37, ndcg: 68.78, took: 4.11s
Epoch 19, 38.3%	 loss: 1.917 acc@1: 44.92 mrr: 62.54, ndcg: 68.84, took: 4.26s
Epoch 19, 40.4%	 loss: 1.865 acc@1: 46.52 mrr: 63.64, ndcg: 69.74, took: 4.21s
Epoch 19, 42.6%	 loss: 1.907 acc@1: 44.65 mrr: 62.58, ndcg: 68.95, took: 4.28s
Epoch 19, 44.7%	 loss: 1.893 acc@1: 45.51 mrr: 63.22, ndcg: 69.67, took: 4.31s
Epoch 19, 46.8%	 loss: 1.874 acc@1: 45.43 mrr: 63.24, ndcg: 69.71, took: 4.30s
Epoch 19, 48.9%	 loss: 1.896 acc@1: 44.73 mrr: 62.62, ndcg: 69.16, took: 4.27s
Epoch 19, 51.1%	 loss: 1.907 acc@1: 45.16 mrr: 62.77, ndcg: 69.20, took: 4.20s
Epoch 19, 53.2%	 loss: 1.957 acc@1: 43.63 mrr: 61.62, ndcg: 68.24, took: 4.25s
Epoch 19, 55.3%	 loss: 1.876 acc@1: 45.94 mrr: 63.48, ndcg: 69.90, took: 4.13s
Epoch 19, 57.4%	 loss: 1.958 acc@1: 43.16 mrr: 61.17, ndcg: 67.73, took: 4.16s
Epoch 19, 59.6%	 loss: 1.920 acc@1: 44.73 mrr: 62.52, ndcg: 69.03, took: 3.88s
Epoch 19, 61.7%	 loss: 1.893 acc@1: 44.14 mrr: 62.21, ndcg: 68.72, took: 3.52s
Epoch 19, 63.8%	 loss: 1.927 acc@1: 44.61 mrr: 62.49, ndcg: 68.78, took: 4.01s
Epoch 19, 66.0%	 loss: 1.919 acc@1: 44.38 mrr: 62.24, ndcg: 68.74, took: 4.32s
Epoch 19, 68.1%	 loss: 1.944 acc@1: 43.71 mrr: 61.83, ndcg: 68.44, took: 4.20s
Epoch 19, 70.2%	 loss: 1.928 acc@1: 45.00 mrr: 62.62, ndcg: 68.89, took: 4.30s
Epoch 19, 72.3%	 loss: 1.941 acc@1: 42.73 mrr: 61.32, ndcg: 68.13, took: 4.25s
Epoch 19, 74.5%	 loss: 1.951 acc@1: 44.26 mrr: 62.03, ndcg: 68.56, took: 4.21s
Epoch 19, 76.6%	 loss: 1.888 acc@1: 45.66 mrr: 63.21, ndcg: 69.69, took: 4.20s
Epoch 19, 78.7%	 loss: 1.871 acc@1: 46.02 mrr: 63.60, ndcg: 69.95, took: 4.07s
Epoch 19, 80.9%	 loss: 1.997 acc@1: 42.89 mrr: 60.95, ndcg: 67.46, took: 4.11s
Epoch 19, 83.0%	 loss: 1.925 acc@1: 43.28 mrr: 61.89, ndcg: 68.50, took: 4.32s
Epoch 19, 85.1%	 loss: 1.951 acc@1: 44.77 mrr: 62.14, ndcg: 68.42, took: 4.24s
Epoch 19, 87.2%	 loss: 1.893 acc@1: 45.35 mrr: 63.00, ndcg: 69.40, took: 4.23s
Epoch 19, 89.4%	 loss: 1.974 acc@1: 45.23 mrr: 62.25, ndcg: 68.30, took: 4.21s
Epoch 19, 91.5%	 loss: 1.952 acc@1: 43.95 mrr: 61.74, ndcg: 68.36, took: 4.22s
Epoch 19, 93.6%	 loss: 1.960 acc@1: 44.18 mrr: 61.65, ndcg: 68.04, took: 3.91s
Epoch 19, 95.7%	 loss: 1.927 acc@1: 45.66 mrr: 62.81, ndcg: 69.07, took: 3.99s
Epoch 19, 97.9%	 loss: 2.002 acc@1: 41.99 mrr: 60.60, ndcg: 67.30, took: 4.07s
Epoch 19, 100.0%	 loss: 1.924 acc@1: 45.55 mrr: 63.00, ndcg: 69.32, took: 4.20s
Validation - loss: 2.9961, acc@1: 41.18%, f1: 33.23%, mrr: 57.57%, ndcg: 63.47%
Current learning rate: 0.000012

=== Epoch 20 ===
Epoch 20, 2.1%	 loss: 1.920 acc@1: 44.57 mrr: 62.50, ndcg: 68.80, took: 4.24s
Epoch 20, 4.3%	 loss: 1.966 acc@1: 44.34 mrr: 61.91, ndcg: 68.40, took: 3.93s
Epoch 20, 6.4%	 loss: 2.037 acc@1: 42.03 mrr: 60.32, ndcg: 66.81, took: 4.21s
Epoch 20, 8.5%	 loss: 1.880 acc@1: 47.27 mrr: 64.04, ndcg: 70.19, took: 4.29s
Epoch 20, 10.6%	 loss: 1.964 acc@1: 45.23 mrr: 62.71, ndcg: 68.86, took: 4.24s
Epoch 20, 12.8%	 loss: 1.965 acc@1: 43.79 mrr: 61.67, ndcg: 68.19, took: 4.28s
Epoch 20, 14.9%	 loss: 1.896 acc@1: 45.27 mrr: 63.08, ndcg: 69.56, took: 4.24s
Epoch 20, 17.0%	 loss: 1.954 acc@1: 44.73 mrr: 62.05, ndcg: 68.44, took: 4.33s
Epoch 20, 19.1%	 loss: 1.930 acc@1: 45.70 mrr: 63.02, ndcg: 69.33, took: 4.08s
Epoch 20, 21.3%	 loss: 1.901 acc@1: 43.75 mrr: 62.14, ndcg: 68.96, took: 4.21s
Epoch 20, 23.4%	 loss: 1.961 acc@1: 44.30 mrr: 61.92, ndcg: 68.45, took: 4.22s
Epoch 20, 25.5%	 loss: 1.960 acc@1: 45.00 mrr: 62.27, ndcg: 68.75, took: 4.27s
Epoch 20, 27.7%	 loss: 2.018 acc@1: 42.81 mrr: 60.77, ndcg: 67.33, took: 4.28s
Epoch 20, 29.8%	 loss: 1.856 acc@1: 43.83 mrr: 62.60, ndcg: 69.42, took: 4.25s
Epoch 20, 31.9%	 loss: 1.888 acc@1: 46.95 mrr: 64.00, ndcg: 70.24, took: 4.32s
Epoch 20, 34.0%	 loss: 1.945 acc@1: 44.02 mrr: 61.86, ndcg: 68.30, took: 4.18s
Epoch 20, 36.2%	 loss: 1.945 acc@1: 44.14 mrr: 62.02, ndcg: 68.59, took: 4.08s
Epoch 20, 38.3%	 loss: 1.940 acc@1: 44.49 mrr: 62.22, ndcg: 68.74, took: 4.13s
Epoch 20, 40.4%	 loss: 1.864 acc@1: 46.37 mrr: 63.58, ndcg: 69.90, took: 4.24s
Epoch 20, 42.6%	 loss: 1.919 acc@1: 43.32 mrr: 61.79, ndcg: 68.60, took: 4.21s
Epoch 20, 44.7%	 loss: 1.893 acc@1: 45.16 mrr: 63.08, ndcg: 69.68, took: 4.29s
Epoch 20, 46.8%	 loss: 1.936 acc@1: 45.35 mrr: 62.76, ndcg: 68.80, took: 4.35s
Epoch 20, 48.9%	 loss: 1.901 acc@1: 45.12 mrr: 62.90, ndcg: 69.41, took: 4.15s
Epoch 20, 51.1%	 loss: 1.898 acc@1: 44.49 mrr: 62.27, ndcg: 69.01, took: 3.76s
Epoch 20, 53.2%	 loss: 1.934 acc@1: 44.34 mrr: 62.10, ndcg: 68.66, took: 4.05s
Epoch 20, 55.3%	 loss: 1.898 acc@1: 44.53 mrr: 62.58, ndcg: 69.07, took: 4.15s
Epoch 20, 57.4%	 loss: 1.926 acc@1: 44.61 mrr: 62.47, ndcg: 68.95, took: 4.27s
Epoch 20, 59.6%	 loss: 1.918 acc@1: 45.23 mrr: 62.44, ndcg: 68.94, took: 4.25s
Epoch 20, 61.7%	 loss: 1.876 acc@1: 45.47 mrr: 63.20, ndcg: 69.76, took: 3.99s
Epoch 20, 63.8%	 loss: 1.981 acc@1: 44.49 mrr: 61.81, ndcg: 68.11, took: 3.97s
Epoch 20, 66.0%	 loss: 1.880 acc@1: 45.90 mrr: 63.27, ndcg: 69.59, took: 4.03s
Epoch 20, 68.1%	 loss: 1.915 acc@1: 45.86 mrr: 63.45, ndcg: 69.65, took: 4.24s
Epoch 20, 70.2%	 loss: 1.947 acc@1: 43.16 mrr: 61.56, ndcg: 68.07, took: 4.23s
Epoch 20, 72.3%	 loss: 1.896 acc@1: 44.77 mrr: 62.71, ndcg: 69.27, took: 4.17s
Epoch 20, 74.5%	 loss: 1.994 acc@1: 43.67 mrr: 61.30, ndcg: 67.87, took: 4.23s
Epoch 20, 76.6%	 loss: 1.890 acc@1: 45.31 mrr: 63.02, ndcg: 69.27, took: 3.88s
Epoch 20, 78.7%	 loss: 1.955 acc@1: 44.53 mrr: 62.26, ndcg: 68.75, took: 4.19s
Epoch 20, 80.9%	 loss: 1.993 acc@1: 44.10 mrr: 61.69, ndcg: 68.15, took: 4.12s
Epoch 20, 83.0%	 loss: 1.990 acc@1: 43.67 mrr: 61.43, ndcg: 68.02, took: 4.12s
Epoch 20, 85.1%	 loss: 1.937 acc@1: 44.18 mrr: 62.11, ndcg: 68.53, took: 3.97s
Epoch 20, 87.2%	 loss: 1.949 acc@1: 44.96 mrr: 62.33, ndcg: 68.63, took: 4.15s
Epoch 20, 89.4%	 loss: 1.947 acc@1: 45.27 mrr: 62.75, ndcg: 69.16, took: 4.27s
Epoch 20, 91.5%	 loss: 1.960 acc@1: 43.98 mrr: 61.69, ndcg: 68.13, took: 4.23s
Epoch 20, 93.6%	 loss: 1.968 acc@1: 44.02 mrr: 61.80, ndcg: 68.24, took: 4.22s
Epoch 20, 95.7%	 loss: 1.944 acc@1: 44.57 mrr: 62.31, ndcg: 68.65, took: 4.14s
Epoch 20, 97.9%	 loss: 2.015 acc@1: 43.98 mrr: 61.41, ndcg: 67.79, took: 4.30s
Epoch 20, 100.0%	 loss: 1.868 acc@1: 45.39 mrr: 63.39, ndcg: 69.72, took: 4.22s
Validation - loss: 2.9768, acc@1: 41.52%, f1: 33.35%, mrr: 57.77%, ndcg: 63.58%
Current learning rate: 0.000012

=== Epoch 21 ===
Epoch 21, 2.1%	 loss: 1.915 acc@1: 45.47 mrr: 63.22, ndcg: 69.60, took: 4.24s
Epoch 21, 4.3%	 loss: 1.911 acc@1: 43.87 mrr: 62.34, ndcg: 68.79, took: 4.34s
Epoch 21, 6.4%	 loss: 1.886 acc@1: 45.74 mrr: 63.36, ndcg: 69.93, took: 4.31s
Epoch 21, 8.5%	 loss: 1.900 acc@1: 44.73 mrr: 62.64, ndcg: 69.16, took: 4.15s
Epoch 21, 10.6%	 loss: 1.940 acc@1: 44.34 mrr: 62.26, ndcg: 68.77, took: 3.83s
Epoch 21, 12.8%	 loss: 1.916 acc@1: 45.86 mrr: 63.10, ndcg: 69.46, took: 3.75s
Epoch 21, 14.9%	 loss: 1.942 acc@1: 44.73 mrr: 62.44, ndcg: 68.85, took: 3.81s
Epoch 21, 17.0%	 loss: 1.965 acc@1: 44.06 mrr: 61.86, ndcg: 68.43, took: 3.78s
Epoch 21, 19.1%	 loss: 1.962 acc@1: 43.59 mrr: 61.59, ndcg: 68.18, took: 3.89s
Epoch 21, 21.3%	 loss: 1.941 acc@1: 42.46 mrr: 61.29, ndcg: 68.04, took: 3.67s
Epoch 21, 23.4%	 loss: 1.905 acc@1: 45.43 mrr: 62.99, ndcg: 69.43, took: 3.69s
Epoch 21, 25.5%	 loss: 1.944 acc@1: 45.04 mrr: 62.54, ndcg: 68.89, took: 3.73s
Epoch 21, 27.7%	 loss: 1.945 acc@1: 43.16 mrr: 61.46, ndcg: 68.03, took: 3.76s
Epoch 21, 29.8%	 loss: 1.938 acc@1: 44.49 mrr: 62.24, ndcg: 68.71, took: 3.78s
Epoch 21, 31.9%	 loss: 1.957 acc@1: 43.87 mrr: 61.83, ndcg: 68.42, took: 3.86s
Epoch 21, 34.0%	 loss: 1.984 acc@1: 43.95 mrr: 61.55, ndcg: 68.03, took: 3.47s
Epoch 21, 36.2%	 loss: 1.916 acc@1: 45.35 mrr: 63.00, ndcg: 69.35, took: 3.69s
Epoch 21, 38.3%	 loss: 1.931 acc@1: 43.91 mrr: 61.90, ndcg: 68.58, took: 3.81s
Epoch 21, 40.4%	 loss: 1.951 acc@1: 44.69 mrr: 62.23, ndcg: 68.64, took: 3.75s
Epoch 21, 42.6%	 loss: 1.930 acc@1: 43.09 mrr: 61.68, ndcg: 68.31, took: 3.69s
Epoch 21, 44.7%	 loss: 1.884 acc@1: 45.00 mrr: 62.97, ndcg: 69.42, took: 3.37s
Epoch 21, 46.8%	 loss: 1.914 acc@1: 45.31 mrr: 62.63, ndcg: 69.06, took: 3.57s
Epoch 21, 48.9%	 loss: 1.970 acc@1: 43.83 mrr: 61.68, ndcg: 68.14, took: 3.37s
Epoch 21, 51.1%	 loss: 1.907 acc@1: 44.84 mrr: 62.66, ndcg: 69.06, took: 3.51s
Epoch 21, 53.2%	 loss: 1.955 acc@1: 45.78 mrr: 62.61, ndcg: 68.85, took: 3.70s
Epoch 21, 55.3%	 loss: 1.958 acc@1: 43.83 mrr: 61.72, ndcg: 68.30, took: 3.74s
Epoch 21, 57.4%	 loss: 1.927 acc@1: 44.38 mrr: 62.19, ndcg: 68.57, took: 3.68s
Epoch 21, 59.6%	 loss: 1.875 acc@1: 44.34 mrr: 62.75, ndcg: 69.40, took: 3.75s
Epoch 21, 61.7%	 loss: 1.932 acc@1: 43.32 mrr: 61.72, ndcg: 68.47, took: 3.37s
Epoch 21, 63.8%	 loss: 1.899 acc@1: 44.26 mrr: 62.37, ndcg: 69.04, took: 3.35s
Epoch 21, 66.0%	 loss: 1.934 acc@1: 44.88 mrr: 62.52, ndcg: 68.86, took: 3.76s
Epoch 21, 68.1%	 loss: 1.889 acc@1: 44.69 mrr: 62.74, ndcg: 69.32, took: 3.78s
Epoch 21, 70.2%	 loss: 1.932 acc@1: 43.79 mrr: 61.85, ndcg: 68.58, took: 3.69s
Epoch 21, 72.3%	 loss: 1.900 acc@1: 46.02 mrr: 63.59, ndcg: 69.86, took: 3.63s
Epoch 21, 74.5%	 loss: 1.932 acc@1: 43.75 mrr: 61.70, ndcg: 68.23, took: 3.68s
Epoch 21, 76.6%	 loss: 1.969 acc@1: 43.55 mrr: 61.31, ndcg: 67.90, took: 3.71s
Epoch 21, 78.7%	 loss: 1.967 acc@1: 44.10 mrr: 61.76, ndcg: 68.11, took: 3.37s
Epoch 21, 80.9%	 loss: 1.918 acc@1: 43.20 mrr: 61.69, ndcg: 68.38, took: 3.60s
Epoch 21, 83.0%	 loss: 1.908 acc@1: 43.98 mrr: 62.21, ndcg: 68.94, took: 3.82s
Epoch 21, 85.1%	 loss: 1.898 acc@1: 44.61 mrr: 62.65, ndcg: 69.20, took: 3.85s
Epoch 21, 87.2%	 loss: 1.945 acc@1: 43.67 mrr: 61.92, ndcg: 68.50, took: 4.01s
Epoch 21, 89.4%	 loss: 1.962 acc@1: 42.85 mrr: 61.01, ndcg: 67.82, took: 4.01s
Epoch 21, 91.5%	 loss: 1.924 acc@1: 44.02 mrr: 62.05, ndcg: 68.63, took: 4.03s
Epoch 21, 93.6%	 loss: 1.941 acc@1: 44.34 mrr: 62.14, ndcg: 68.58, took: 3.96s
Epoch 21, 95.7%	 loss: 2.028 acc@1: 43.16 mrr: 60.94, ndcg: 67.19, took: 3.75s
Epoch 21, 97.9%	 loss: 1.939 acc@1: 43.63 mrr: 61.87, ndcg: 68.47, took: 3.90s
Epoch 21, 100.0%	 loss: 1.934 acc@1: 44.22 mrr: 61.99, ndcg: 68.40, took: 4.01s
Validation - loss: 2.9737, acc@1: 41.66%, f1: 33.01%, mrr: 57.86%, ndcg: 63.67%
Current learning rate: 0.000012

=== Epoch 22 ===
Epoch 22, 2.1%	 loss: 1.908 acc@1: 45.23 mrr: 62.92, ndcg: 69.23, took: 3.90s
Epoch 22, 4.3%	 loss: 1.841 acc@1: 44.61 mrr: 63.10, ndcg: 69.76, took: 3.87s
Epoch 22, 6.4%	 loss: 1.974 acc@1: 43.75 mrr: 61.39, ndcg: 67.90, took: 4.04s
Epoch 22, 8.5%	 loss: 1.910 acc@1: 44.65 mrr: 62.75, ndcg: 69.16, took: 4.00s
Epoch 22, 10.6%	 loss: 1.980 acc@1: 42.15 mrr: 60.69, ndcg: 67.41, took: 4.04s
Epoch 22, 12.8%	 loss: 1.928 acc@1: 45.04 mrr: 62.39, ndcg: 68.89, took: 3.76s
Epoch 22, 14.9%	 loss: 1.962 acc@1: 45.62 mrr: 62.57, ndcg: 68.82, took: 3.97s
Epoch 22, 17.0%	 loss: 1.897 acc@1: 45.62 mrr: 63.14, ndcg: 69.62, took: 4.11s
Epoch 22, 19.1%	 loss: 1.962 acc@1: 43.79 mrr: 61.67, ndcg: 68.35, took: 3.96s
Epoch 22, 21.3%	 loss: 1.919 acc@1: 44.92 mrr: 62.60, ndcg: 69.13, took: 4.03s
Epoch 22, 23.4%	 loss: 1.943 acc@1: 43.32 mrr: 61.83, ndcg: 68.50, took: 4.09s
Epoch 22, 25.5%	 loss: 1.932 acc@1: 45.94 mrr: 62.78, ndcg: 69.09, took: 4.02s
Epoch 22, 27.7%	 loss: 1.838 acc@1: 45.51 mrr: 63.42, ndcg: 69.94, took: 4.12s
Epoch 22, 29.8%	 loss: 1.897 acc@1: 45.78 mrr: 63.11, ndcg: 69.34, took: 3.98s
Epoch 22, 31.9%	 loss: 1.917 acc@1: 43.28 mrr: 61.86, ndcg: 68.60, took: 3.99s
Epoch 22, 34.0%	 loss: 1.944 acc@1: 44.96 mrr: 62.39, ndcg: 68.80, took: 3.98s
Epoch 22, 36.2%	 loss: 1.960 acc@1: 44.96 mrr: 62.36, ndcg: 68.67, took: 3.76s
Epoch 22, 38.3%	 loss: 1.960 acc@1: 43.83 mrr: 61.75, ndcg: 68.25, took: 3.96s
Epoch 22, 40.4%	 loss: 1.917 acc@1: 44.84 mrr: 62.68, ndcg: 68.92, took: 4.02s
Epoch 22, 42.6%	 loss: 1.957 acc@1: 44.61 mrr: 62.21, ndcg: 68.79, took: 4.38s
Epoch 22, 44.7%	 loss: 1.940 acc@1: 43.55 mrr: 62.04, ndcg: 68.55, took: 3.95s
Epoch 22, 46.8%	 loss: 1.950 acc@1: 43.01 mrr: 61.35, ndcg: 68.05, took: 3.91s
Epoch 22, 48.9%	 loss: 1.935 acc@1: 43.16 mrr: 61.64, ndcg: 68.36, took: 4.02s
Epoch 22, 51.1%	 loss: 1.868 acc@1: 45.35 mrr: 63.22, ndcg: 69.76, took: 3.95s
Epoch 22, 53.2%	 loss: 1.992 acc@1: 43.12 mrr: 61.05, ndcg: 67.72, took: 4.01s
Epoch 22, 55.3%	 loss: 1.870 acc@1: 46.25 mrr: 63.66, ndcg: 70.17, took: 3.88s
Epoch 22, 57.4%	 loss: 1.963 acc@1: 43.98 mrr: 61.88, ndcg: 68.34, took: 3.95s
Epoch 22, 59.6%	 loss: 1.944 acc@1: 44.38 mrr: 62.08, ndcg: 68.57, took: 3.97s
Epoch 22, 61.7%	 loss: 1.993 acc@1: 44.34 mrr: 61.63, ndcg: 67.96, took: 3.75s
Epoch 22, 63.8%	 loss: 1.951 acc@1: 44.73 mrr: 62.04, ndcg: 68.41, took: 3.82s
Epoch 22, 66.0%	 loss: 1.964 acc@1: 42.62 mrr: 61.04, ndcg: 67.75, took: 3.71s
Epoch 22, 68.1%	 loss: 1.915 acc@1: 45.86 mrr: 63.35, ndcg: 69.88, took: 4.07s
Epoch 22, 70.2%	 loss: 1.879 acc@1: 44.84 mrr: 62.95, ndcg: 69.50, took: 3.83s
Epoch 22, 72.3%	 loss: 1.881 acc@1: 45.16 mrr: 63.22, ndcg: 69.84, took: 3.87s
Epoch 22, 74.5%	 loss: 1.969 acc@1: 44.84 mrr: 62.14, ndcg: 68.40, took: 3.77s
Epoch 22, 76.6%	 loss: 1.990 acc@1: 43.40 mrr: 61.37, ndcg: 67.88, took: 3.86s
Epoch 22, 78.7%	 loss: 1.897 acc@1: 45.23 mrr: 63.02, ndcg: 69.41, took: 3.98s
Epoch 22, 80.9%	 loss: 1.963 acc@1: 43.20 mrr: 61.31, ndcg: 68.02, took: 4.10s
Epoch 22, 83.0%	 loss: 1.869 acc@1: 45.08 mrr: 63.17, ndcg: 69.86, took: 4.13s
Epoch 22, 85.1%	 loss: 2.017 acc@1: 41.80 mrr: 60.23, ndcg: 67.18, took: 4.05s
Epoch 22, 87.2%	 loss: 1.858 acc@1: 47.27 mrr: 64.25, ndcg: 70.16, took: 4.10s
Epoch 22, 89.4%	 loss: 1.919 acc@1: 43.71 mrr: 62.06, ndcg: 68.77, took: 4.04s
Epoch 22, 91.5%	 loss: 1.971 acc@1: 43.44 mrr: 61.31, ndcg: 67.92, took: 4.06s
Epoch 22, 93.6%	 loss: 1.971 acc@1: 43.32 mrr: 61.45, ndcg: 68.21, took: 4.07s
Epoch 22, 95.7%	 loss: 1.887 acc@1: 46.17 mrr: 63.60, ndcg: 70.08, took: 3.89s
Epoch 22, 97.9%	 loss: 1.903 acc@1: 45.43 mrr: 62.83, ndcg: 69.27, took: 4.15s
Epoch 22, 100.0%	 loss: 1.909 acc@1: 44.80 mrr: 62.58, ndcg: 68.91, took: 4.06s
Validation - loss: 2.9771, acc@1: 41.58%, f1: 33.16%, mrr: 57.82%, ndcg: 63.63%
Current learning rate: 0.000012

=== Epoch 23 ===
Epoch 23, 2.1%	 loss: 1.926 acc@1: 45.86 mrr: 63.00, ndcg: 69.20, took: 3.96s
Epoch 23, 4.3%	 loss: 1.930 acc@1: 44.49 mrr: 62.33, ndcg: 68.90, took: 4.00s
Epoch 23, 6.4%	 loss: 1.941 acc@1: 44.30 mrr: 62.20, ndcg: 68.67, took: 3.94s
Epoch 23, 8.5%	 loss: 1.904 acc@1: 45.43 mrr: 62.82, ndcg: 69.41, took: 3.95s
Epoch 23, 10.6%	 loss: 1.894 acc@1: 46.48 mrr: 63.64, ndcg: 70.03, took: 3.96s
Epoch 23, 12.8%	 loss: 1.938 acc@1: 44.02 mrr: 62.14, ndcg: 68.60, took: 3.95s
Epoch 23, 14.9%	 loss: 1.976 acc@1: 42.70 mrr: 60.99, ndcg: 67.65, took: 4.05s
Epoch 23, 17.0%	 loss: 1.955 acc@1: 44.96 mrr: 62.28, ndcg: 68.66, took: 4.09s
Epoch 23, 19.1%	 loss: 1.892 acc@1: 44.65 mrr: 62.63, ndcg: 69.26, took: 4.06s
Epoch 23, 21.3%	 loss: 1.920 acc@1: 44.34 mrr: 62.13, ndcg: 68.76, took: 4.07s
Epoch 23, 23.4%	 loss: 2.012 acc@1: 44.18 mrr: 61.62, ndcg: 67.93, took: 4.06s
Epoch 23, 25.5%	 loss: 1.979 acc@1: 43.75 mrr: 61.40, ndcg: 67.98, took: 4.11s
Epoch 23, 27.7%	 loss: 1.958 acc@1: 44.38 mrr: 62.00, ndcg: 68.40, took: 3.63s
Epoch 23, 29.8%	 loss: 1.915 acc@1: 44.69 mrr: 62.59, ndcg: 69.09, took: 3.92s
Epoch 23, 31.9%	 loss: 1.907 acc@1: 44.38 mrr: 62.44, ndcg: 69.04, took: 3.90s
Epoch 23, 34.0%	 loss: 1.914 acc@1: 45.66 mrr: 62.90, ndcg: 69.05, took: 3.95s
Epoch 23, 36.2%	 loss: 1.901 acc@1: 44.30 mrr: 62.27, ndcg: 68.93, took: 3.68s
Epoch 23, 38.3%	 loss: 1.944 acc@1: 44.26 mrr: 61.89, ndcg: 68.43, took: 3.93s
Epoch 23, 40.4%	 loss: 1.933 acc@1: 44.53 mrr: 62.33, ndcg: 68.68, took: 4.00s
Epoch 23, 42.6%	 loss: 1.927 acc@1: 44.49 mrr: 62.31, ndcg: 68.66, took: 3.84s
Epoch 23, 44.7%	 loss: 1.938 acc@1: 44.06 mrr: 61.95, ndcg: 68.59, took: 4.05s
Epoch 23, 46.8%	 loss: 1.896 acc@1: 44.65 mrr: 62.58, ndcg: 69.07, took: 4.03s
Epoch 23, 48.9%	 loss: 1.899 acc@1: 43.98 mrr: 62.42, ndcg: 68.92, took: 4.03s
Epoch 23, 51.1%	 loss: 1.902 acc@1: 45.66 mrr: 63.28, ndcg: 69.57, took: 4.03s
Epoch 23, 53.2%	 loss: 1.914 acc@1: 44.77 mrr: 62.43, ndcg: 68.92, took: 3.96s
Epoch 23, 55.3%	 loss: 1.883 acc@1: 44.96 mrr: 62.77, ndcg: 69.33, took: 4.00s
Epoch 23, 57.4%	 loss: 1.951 acc@1: 43.71 mrr: 61.71, ndcg: 68.38, took: 3.96s
Epoch 23, 59.6%	 loss: 1.929 acc@1: 44.80 mrr: 62.66, ndcg: 69.13, took: 4.08s
Epoch 23, 61.7%	 loss: 1.971 acc@1: 43.48 mrr: 61.57, ndcg: 68.03, took: 3.68s
Epoch 23, 63.8%	 loss: 1.950 acc@1: 43.55 mrr: 61.63, ndcg: 68.30, took: 3.46s
Epoch 23, 66.0%	 loss: 1.992 acc@1: 42.30 mrr: 60.84, ndcg: 67.62, took: 4.01s
Epoch 23, 68.1%	 loss: 1.971 acc@1: 43.59 mrr: 61.66, ndcg: 68.21, took: 3.96s
Epoch 23, 70.2%	 loss: 1.927 acc@1: 44.49 mrr: 62.27, ndcg: 68.84, took: 3.87s
Epoch 23, 72.3%	 loss: 1.896 acc@1: 45.04 mrr: 62.75, ndcg: 69.29, took: 3.94s
Epoch 23, 74.5%	 loss: 1.916 acc@1: 44.84 mrr: 62.54, ndcg: 69.04, took: 4.10s
Epoch 23, 76.6%	 loss: 1.891 acc@1: 47.46 mrr: 64.04, ndcg: 70.32, took: 4.05s
Epoch 23, 78.7%	 loss: 1.944 acc@1: 43.52 mrr: 61.76, ndcg: 68.29, took: 3.97s
Epoch 23, 80.9%	 loss: 1.957 acc@1: 43.20 mrr: 61.29, ndcg: 67.88, took: 4.07s
Epoch 23, 83.0%	 loss: 2.009 acc@1: 43.87 mrr: 61.31, ndcg: 67.78, took: 4.04s
Epoch 23, 85.1%	 loss: 1.993 acc@1: 43.24 mrr: 61.24, ndcg: 67.85, took: 4.03s
Epoch 23, 87.2%	 loss: 1.954 acc@1: 44.84 mrr: 62.37, ndcg: 68.71, took: 4.01s
Epoch 23, 89.4%	 loss: 1.911 acc@1: 45.90 mrr: 63.35, ndcg: 69.53, took: 4.06s
Epoch 23, 91.5%	 loss: 1.851 acc@1: 45.35 mrr: 63.44, ndcg: 69.95, took: 3.89s
Epoch 23, 93.6%	 loss: 1.927 acc@1: 44.80 mrr: 62.44, ndcg: 68.82, took: 3.97s
Epoch 23, 95.7%	 loss: 1.901 acc@1: 45.55 mrr: 63.09, ndcg: 69.48, took: 3.97s
Epoch 23, 97.9%	 loss: 1.908 acc@1: 45.39 mrr: 62.86, ndcg: 69.12, took: 3.95s
Epoch 23, 100.0%	 loss: 1.926 acc@1: 44.10 mrr: 62.06, ndcg: 68.68, took: 3.80s
Validation - loss: 2.9752, acc@1: 41.71%, f1: 33.42%, mrr: 57.87%, ndcg: 63.67%
Current learning rate: 0.000012

=== Epoch 24 ===
Epoch 24, 2.1%	 loss: 1.934 acc@1: 43.91 mrr: 62.11, ndcg: 68.90, took: 3.99s
Epoch 24, 4.3%	 loss: 1.922 acc@1: 44.61 mrr: 62.63, ndcg: 69.15, took: 3.93s
Epoch 24, 6.4%	 loss: 1.914 acc@1: 44.65 mrr: 62.51, ndcg: 68.98, took: 3.74s
Epoch 24, 8.5%	 loss: 1.958 acc@1: 44.49 mrr: 62.26, ndcg: 68.86, took: 3.95s
Epoch 24, 10.6%	 loss: 1.977 acc@1: 44.02 mrr: 61.63, ndcg: 67.95, took: 3.69s
Epoch 24, 12.8%	 loss: 1.924 acc@1: 44.06 mrr: 62.18, ndcg: 68.75, took: 3.93s
Epoch 24, 14.9%	 loss: 1.985 acc@1: 43.16 mrr: 60.94, ndcg: 67.59, took: 4.03s
Epoch 24, 17.0%	 loss: 1.899 acc@1: 44.61 mrr: 62.69, ndcg: 69.26, took: 3.95s
Epoch 24, 19.1%	 loss: 2.012 acc@1: 42.62 mrr: 60.78, ndcg: 67.23, took: 3.84s
Epoch 24, 21.3%	 loss: 1.938 acc@1: 44.77 mrr: 62.27, ndcg: 68.70, took: 3.86s
Epoch 24, 23.4%	 loss: 2.000 acc@1: 43.98 mrr: 61.33, ndcg: 67.77, took: 4.04s
Epoch 24, 25.5%	 loss: 1.933 acc@1: 45.00 mrr: 62.61, ndcg: 69.02, took: 4.04s
Epoch 24, 27.7%	 loss: 1.955 acc@1: 42.89 mrr: 61.31, ndcg: 67.89, took: 4.04s
Epoch 24, 29.8%	 loss: 1.913 acc@1: 45.59 mrr: 62.82, ndcg: 69.09, took: 4.06s
Epoch 24, 31.9%	 loss: 1.890 acc@1: 45.27 mrr: 62.92, ndcg: 69.56, took: 3.94s
Epoch 24, 34.0%	 loss: 1.918 acc@1: 45.86 mrr: 63.02, ndcg: 69.28, took: 4.01s
Epoch 24, 36.2%	 loss: 1.906 acc@1: 45.90 mrr: 63.38, ndcg: 69.85, took: 4.13s
Epoch 24, 38.3%	 loss: 1.861 acc@1: 45.55 mrr: 63.31, ndcg: 69.69, took: 3.92s
Epoch 24, 40.4%	 loss: 1.925 acc@1: 44.61 mrr: 62.47, ndcg: 68.90, took: 4.05s
Epoch 24, 42.6%	 loss: 1.886 acc@1: 45.59 mrr: 63.18, ndcg: 69.67, took: 3.98s
Epoch 24, 44.7%	 loss: 1.964 acc@1: 42.46 mrr: 61.01, ndcg: 67.77, took: 4.04s
Epoch 24, 46.8%	 loss: 1.934 acc@1: 44.77 mrr: 62.25, ndcg: 68.68, took: 4.06s
Epoch 24, 48.9%	 loss: 1.895 acc@1: 46.13 mrr: 63.35, ndcg: 69.51, took: 3.95s
Epoch 24, 51.1%	 loss: 1.929 acc@1: 44.10 mrr: 62.19, ndcg: 68.89, took: 3.92s
Epoch 24, 53.2%	 loss: 1.919 acc@1: 44.92 mrr: 62.70, ndcg: 69.25, took: 4.03s
Epoch 24, 55.3%	 loss: 1.870 acc@1: 45.59 mrr: 63.41, ndcg: 69.88, took: 3.91s
Epoch 24, 57.4%	 loss: 1.978 acc@1: 44.38 mrr: 61.90, ndcg: 68.23, took: 3.93s
Epoch 24, 59.6%	 loss: 1.936 acc@1: 44.61 mrr: 62.44, ndcg: 68.73, took: 3.87s
Epoch 24, 61.7%	 loss: 1.872 acc@1: 44.34 mrr: 62.62, ndcg: 69.30, took: 3.66s
Epoch 24, 63.8%	 loss: 1.952 acc@1: 44.96 mrr: 62.25, ndcg: 68.73, took: 3.62s
Epoch 24, 66.0%	 loss: 1.963 acc@1: 44.88 mrr: 62.32, ndcg: 68.54, took: 3.44s
Epoch 24, 68.1%	 loss: 1.959 acc@1: 43.16 mrr: 61.47, ndcg: 68.01, took: 3.38s
Epoch 24, 70.2%	 loss: 1.935 acc@1: 43.83 mrr: 62.02, ndcg: 68.73, took: 3.45s
Epoch 24, 72.3%	 loss: 1.885 acc@1: 45.98 mrr: 63.48, ndcg: 69.84, took: 3.38s
Epoch 24, 74.5%	 loss: 1.963 acc@1: 43.95 mrr: 61.84, ndcg: 68.12, took: 3.42s
Epoch 24, 76.6%	 loss: 1.911 acc@1: 43.05 mrr: 61.96, ndcg: 68.67, took: 3.37s
Epoch 24, 78.7%	 loss: 1.912 acc@1: 45.78 mrr: 63.06, ndcg: 69.55, took: 3.22s
Epoch 24, 80.9%	 loss: 1.949 acc@1: 44.41 mrr: 62.03, ndcg: 68.40, took: 3.13s
Epoch 24, 83.0%	 loss: 1.857 acc@1: 46.05 mrr: 63.64, ndcg: 69.87, took: 3.29s
Epoch 24, 85.1%	 loss: 1.904 acc@1: 45.94 mrr: 63.21, ndcg: 69.61, took: 3.42s
Epoch 24, 87.2%	 loss: 1.900 acc@1: 44.88 mrr: 62.77, ndcg: 69.28, took: 3.40s
Epoch 24, 89.4%	 loss: 1.926 acc@1: 45.00 mrr: 62.61, ndcg: 69.14, took: 3.45s
Epoch 24, 91.5%	 loss: 1.925 acc@1: 44.30 mrr: 62.23, ndcg: 68.78, took: 3.35s
Epoch 24, 93.6%	 loss: 1.921 acc@1: 44.77 mrr: 62.61, ndcg: 69.03, took: 3.31s
Epoch 24, 95.7%	 loss: 1.949 acc@1: 44.30 mrr: 62.01, ndcg: 68.54, took: 3.25s
Epoch 24, 97.9%	 loss: 1.936 acc@1: 44.38 mrr: 62.00, ndcg: 68.42, took: 3.32s
Epoch 24, 100.0%	 loss: 1.920 acc@1: 46.13 mrr: 63.28, ndcg: 69.48, took: 3.47s
Validation - loss: 2.9786, acc@1: 41.45%, f1: 33.26%, mrr: 57.72%, ndcg: 63.56%
Current learning rate: 0.000012

=== Epoch 25 ===
Epoch 25, 2.1%	 loss: 1.908 acc@1: 45.04 mrr: 62.70, ndcg: 69.12, took: 3.62s
Epoch 25, 4.3%	 loss: 1.949 acc@1: 44.49 mrr: 62.12, ndcg: 68.43, took: 3.73s
Epoch 25, 6.4%	 loss: 1.885 acc@1: 46.05 mrr: 63.32, ndcg: 69.65, took: 3.73s
Epoch 25, 8.5%	 loss: 1.914 acc@1: 46.68 mrr: 63.47, ndcg: 69.67, took: 3.64s
Epoch 25, 10.6%	 loss: 1.921 acc@1: 44.65 mrr: 62.31, ndcg: 68.92, took: 3.55s
Epoch 25, 12.8%	 loss: 1.996 acc@1: 43.05 mrr: 61.11, ndcg: 67.71, took: 3.37s
Epoch 25, 14.9%	 loss: 1.950 acc@1: 43.55 mrr: 61.63, ndcg: 68.35, took: 3.57s
Epoch 25, 17.0%	 loss: 1.941 acc@1: 44.69 mrr: 62.33, ndcg: 68.77, took: 3.64s
Epoch 25, 19.1%	 loss: 1.964 acc@1: 44.02 mrr: 61.76, ndcg: 68.47, took: 3.70s
Epoch 25, 21.3%	 loss: 1.901 acc@1: 45.23 mrr: 62.89, ndcg: 69.16, took: 3.54s
Epoch 25, 23.4%	 loss: 1.961 acc@1: 44.18 mrr: 61.86, ndcg: 68.32, took: 3.56s
Epoch 25, 25.5%	 loss: 1.901 acc@1: 45.23 mrr: 62.90, ndcg: 69.37, took: 3.67s
Epoch 25, 27.7%	 loss: 1.946 acc@1: 43.01 mrr: 61.43, ndcg: 68.17, took: 3.62s
Epoch 25, 29.8%	 loss: 1.917 acc@1: 45.55 mrr: 62.95, ndcg: 69.34, took: 3.66s
Epoch 25, 31.9%	 loss: 1.903 acc@1: 43.95 mrr: 62.54, ndcg: 69.25, took: 3.61s
Epoch 25, 34.0%	 loss: 1.965 acc@1: 43.12 mrr: 61.28, ndcg: 67.83, took: 3.67s
Epoch 25, 36.2%	 loss: 1.877 acc@1: 46.76 mrr: 63.95, ndcg: 70.21, took: 3.72s
Epoch 25, 38.3%	 loss: 1.968 acc@1: 44.84 mrr: 62.03, ndcg: 68.45, took: 3.60s
Epoch 25, 40.4%	 loss: 1.898 acc@1: 45.00 mrr: 62.92, ndcg: 69.27, took: 3.71s
Epoch 25, 42.6%	 loss: 1.938 acc@1: 46.56 mrr: 63.26, ndcg: 69.41, took: 3.49s
Epoch 25, 44.7%	 loss: 1.970 acc@1: 43.40 mrr: 61.42, ndcg: 68.07, took: 3.72s
Epoch 25, 46.8%	 loss: 1.949 acc@1: 43.91 mrr: 61.93, ndcg: 68.31, took: 3.60s
Epoch 25, 48.9%	 loss: 1.913 acc@1: 45.78 mrr: 63.08, ndcg: 69.41, took: 3.52s
Epoch 25, 51.1%	 loss: 1.957 acc@1: 44.77 mrr: 62.33, ndcg: 68.86, took: 3.03s
Epoch 25, 53.2%	 loss: 1.903 acc@1: 44.02 mrr: 62.37, ndcg: 69.00, took: 3.48s
Epoch 25, 55.3%	 loss: 1.916 acc@1: 44.57 mrr: 62.43, ndcg: 68.94, took: 3.62s
Epoch 25, 57.4%	 loss: 1.903 acc@1: 45.27 mrr: 62.90, ndcg: 69.30, took: 3.56s
Epoch 25, 59.6%	 loss: 1.912 acc@1: 44.34 mrr: 62.55, ndcg: 69.07, took: 3.52s
Epoch 25, 61.7%	 loss: 1.930 acc@1: 44.69 mrr: 62.28, ndcg: 68.64, took: 3.67s
Epoch 25, 63.8%	 loss: 1.989 acc@1: 44.26 mrr: 61.74, ndcg: 67.97, took: 3.58s
Epoch 25, 66.0%	 loss: 1.918 acc@1: 43.59 mrr: 61.82, ndcg: 68.44, took: 3.57s
Epoch 25, 68.1%	 loss: 1.903 acc@1: 45.35 mrr: 62.82, ndcg: 69.20, took: 3.67s
Epoch 25, 70.2%	 loss: 1.876 acc@1: 46.56 mrr: 63.72, ndcg: 70.05, took: 3.73s
Epoch 25, 72.3%	 loss: 1.916 acc@1: 45.23 mrr: 62.92, ndcg: 69.28, took: 3.52s
Epoch 25, 74.5%	 loss: 1.898 acc@1: 45.39 mrr: 62.91, ndcg: 69.26, took: 3.72s
Epoch 25, 76.6%	 loss: 1.937 acc@1: 43.87 mrr: 61.83, ndcg: 68.48, took: 3.68s
Epoch 25, 78.7%	 loss: 1.934 acc@1: 44.02 mrr: 61.97, ndcg: 68.66, took: 3.65s
Epoch 25, 80.9%	 loss: 1.880 acc@1: 46.60 mrr: 63.88, ndcg: 70.05, took: 3.61s
Epoch 25, 83.0%	 loss: 2.006 acc@1: 42.54 mrr: 60.42, ndcg: 67.14, took: 3.62s
Epoch 25, 85.1%	 loss: 1.955 acc@1: 44.80 mrr: 62.34, ndcg: 68.53, took: 3.64s
Epoch 25, 87.2%	 loss: 1.976 acc@1: 42.11 mrr: 60.73, ndcg: 67.48, took: 3.47s
Epoch 25, 89.4%	 loss: 1.958 acc@1: 43.44 mrr: 61.75, ndcg: 68.34, took: 3.61s
Epoch 25, 91.5%	 loss: 1.888 acc@1: 44.14 mrr: 62.54, ndcg: 69.12, took: 3.67s
Epoch 25, 93.6%	 loss: 1.872 acc@1: 45.78 mrr: 63.43, ndcg: 69.63, took: 3.75s
Epoch 25, 95.7%	 loss: 1.906 acc@1: 45.51 mrr: 62.95, ndcg: 69.43, took: 3.65s
Epoch 25, 97.9%	 loss: 1.996 acc@1: 43.05 mrr: 61.03, ndcg: 67.58, took: 3.71s
Epoch 25, 100.0%	 loss: 1.895 acc@1: 44.41 mrr: 62.57, ndcg: 69.18, took: 3.73s
Validation - loss: 2.9752, acc@1: 41.67%, f1: 33.17%, mrr: 57.86%, ndcg: 63.68%
Current learning rate: 0.000012

=== Epoch 26 ===
Epoch 26, 2.1%	 loss: 1.950 acc@1: 42.58 mrr: 61.01, ndcg: 67.68, took: 3.73s
Epoch 26, 4.3%	 loss: 1.952 acc@1: 45.55 mrr: 62.54, ndcg: 68.83, took: 3.63s
Epoch 26, 6.4%	 loss: 1.940 acc@1: 45.51 mrr: 62.89, ndcg: 69.20, took: 3.34s
Epoch 26, 8.5%	 loss: 1.960 acc@1: 45.74 mrr: 62.92, ndcg: 68.87, took: 3.63s
Epoch 26, 10.6%	 loss: 1.956 acc@1: 44.34 mrr: 62.38, ndcg: 68.79, took: 3.73s
Epoch 26, 12.8%	 loss: 1.923 acc@1: 44.06 mrr: 62.11, ndcg: 68.67, took: 3.63s
Epoch 26, 14.9%	 loss: 1.925 acc@1: 43.67 mrr: 61.93, ndcg: 68.42, took: 3.76s
Epoch 26, 17.0%	 loss: 1.968 acc@1: 44.57 mrr: 61.85, ndcg: 68.30, took: 3.74s
Epoch 26, 19.1%	 loss: 1.932 acc@1: 43.36 mrr: 61.66, ndcg: 68.20, took: 3.57s
Epoch 26, 21.3%	 loss: 1.851 acc@1: 45.35 mrr: 63.19, ndcg: 69.74, took: 3.28s
Epoch 26, 23.4%	 loss: 1.925 acc@1: 44.06 mrr: 62.06, ndcg: 68.62, took: 3.47s
Epoch 26, 25.5%	 loss: 1.971 acc@1: 44.41 mrr: 61.86, ndcg: 68.28, took: 3.49s
Epoch 26, 27.7%	 loss: 1.972 acc@1: 43.87 mrr: 61.54, ndcg: 68.16, took: 3.49s
Epoch 26, 29.8%	 loss: 1.885 acc@1: 45.39 mrr: 62.91, ndcg: 69.41, took: 3.65s
Epoch 26, 31.9%	 loss: 1.951 acc@1: 44.65 mrr: 62.11, ndcg: 68.60, took: 3.58s
Epoch 26, 34.0%	 loss: 1.907 acc@1: 43.79 mrr: 62.26, ndcg: 69.07, took: 3.58s
Epoch 26, 36.2%	 loss: 1.961 acc@1: 43.87 mrr: 61.76, ndcg: 68.22, took: 3.66s
Epoch 26, 38.3%	 loss: 1.862 acc@1: 45.78 mrr: 63.58, ndcg: 69.93, took: 3.67s
Epoch 26, 40.4%	 loss: 1.884 acc@1: 46.17 mrr: 63.44, ndcg: 69.91, took: 3.61s
Epoch 26, 42.6%	 loss: 1.893 acc@1: 45.04 mrr: 62.95, ndcg: 69.34, took: 3.49s
Epoch 26, 44.7%	 loss: 1.981 acc@1: 43.52 mrr: 61.53, ndcg: 68.14, took: 3.42s
Epoch 26, 46.8%	 loss: 1.940 acc@1: 44.77 mrr: 62.44, ndcg: 68.81, took: 3.67s
Epoch 26, 48.9%	 loss: 1.893 acc@1: 44.53 mrr: 62.73, ndcg: 69.14, took: 3.38s
Epoch 26, 51.1%	 loss: 1.880 acc@1: 44.73 mrr: 62.69, ndcg: 69.27, took: 3.66s
Epoch 26, 53.2%	 loss: 1.913 acc@1: 43.16 mrr: 61.73, ndcg: 68.50, took: 3.77s
Epoch 26, 55.3%	 loss: 1.988 acc@1: 44.61 mrr: 61.94, ndcg: 68.21, took: 3.67s
Epoch 26, 57.4%	 loss: 1.937 acc@1: 42.85 mrr: 61.39, ndcg: 68.23, took: 3.63s
Epoch 26, 59.6%	 loss: 1.925 acc@1: 43.67 mrr: 61.93, ndcg: 68.62, took: 3.64s
Epoch 26, 61.7%	 loss: 1.989 acc@1: 42.81 mrr: 61.04, ndcg: 67.77, took: 3.71s
Epoch 26, 63.8%	 loss: 1.914 acc@1: 44.22 mrr: 62.17, ndcg: 68.63, took: 3.74s
Epoch 26, 66.0%	 loss: 1.871 acc@1: 46.80 mrr: 63.84, ndcg: 70.14, took: 3.69s
Epoch 26, 68.1%	 loss: 1.939 acc@1: 43.36 mrr: 61.69, ndcg: 68.44, took: 3.65s
Epoch 26, 70.2%	 loss: 1.981 acc@1: 43.79 mrr: 61.67, ndcg: 68.27, took: 3.69s
Epoch 26, 72.3%	 loss: 1.936 acc@1: 43.09 mrr: 61.65, ndcg: 68.34, took: 4.02s
Epoch 26, 74.5%	 loss: 1.976 acc@1: 42.15 mrr: 60.78, ndcg: 67.44, took: 3.73s
Epoch 26, 76.6%	 loss: 1.887 acc@1: 46.91 mrr: 63.76, ndcg: 69.97, took: 3.55s
Epoch 26, 78.7%	 loss: 1.928 acc@1: 43.55 mrr: 61.66, ndcg: 68.30, took: 3.68s
Epoch 26, 80.9%	 loss: 1.879 acc@1: 46.17 mrr: 63.43, ndcg: 69.83, took: 3.55s
Epoch 26, 83.0%	 loss: 1.952 acc@1: 43.91 mrr: 61.77, ndcg: 68.20, took: 3.71s
Epoch 26, 85.1%	 loss: 1.883 acc@1: 45.47 mrr: 62.87, ndcg: 69.26, took: 3.53s
Epoch 26, 87.2%	 loss: 1.914 acc@1: 42.97 mrr: 61.69, ndcg: 68.49, took: 3.70s
Epoch 26, 89.4%	 loss: 1.909 acc@1: 43.95 mrr: 62.06, ndcg: 68.59, took: 3.62s
Epoch 26, 91.5%	 loss: 1.911 acc@1: 44.18 mrr: 62.44, ndcg: 68.87, took: 3.39s
Epoch 26, 93.6%	 loss: 1.960 acc@1: 43.83 mrr: 61.85, ndcg: 68.49, took: 3.36s
Epoch 26, 95.7%	 loss: 1.929 acc@1: 44.14 mrr: 62.21, ndcg: 68.82, took: 3.59s
Epoch 26, 97.9%	 loss: 1.944 acc@1: 44.18 mrr: 61.90, ndcg: 68.42, took: 3.55s
Epoch 26, 100.0%	 loss: 1.863 acc@1: 45.55 mrr: 63.47, ndcg: 69.96, took: 3.60s
Validation - loss: 2.9746, acc@1: 41.53%, f1: 33.12%, mrr: 57.80%, ndcg: 63.63%
Training finished.	 Time: 5237.75s.	 acc@1: 41.66%

=== Test Results ===
Test Results:
  acc@1: 41.60%
  acc@5: 75.81%
  acc@10: 80.22%
  mrr: 57.14%
  ndcg: 62.59%
  f1: 33.53%

=== Training Complete ===
