2025-12-28 20:21:20,911 - INFO - ============================================================
2025-12-28 20:21:20,911 - INFO - POINTER V45 - Training Started
2025-12-28 20:21:20,911 - INFO - ============================================================
2025-12-28 20:21:20,911 - INFO - Model config: {'d_model': 128, 'dim_feedforward': 256, 'dropout': 0.15, 'nhead': 4, 'num_layers': 3}
2025-12-28 20:21:20,911 - INFO - Training config: {'batch_size': 128, 'grad_clip': 0.8, 'label_smoothing': 0.03, 'learning_rate': 0.0007, 'min_epochs': 8, 'min_lr': 1e-06, 'num_epochs': 50, 'patience': 5, 'use_amp': True, 'warmup_epochs': 5, 'weight_decay': 0.015}
2025-12-28 20:21:20,911 - INFO - ============================================================
2025-12-28 20:21:20,911 - INFO - Training for 50 epochs
2025-12-28 20:21:20,912 - INFO - Model parameters: 2,156,447
2025-12-28 20:23:06,458 - INFO - Epoch 1/50 | LR: 1.40e-04 | Train: 3.0289 | Val: 2.9244 | Acc@1: 50.92%
2025-12-28 20:23:06,515 - INFO -   ✓ New best (Acc@1: 50.92%)
2025-12-28 20:24:54,839 - INFO - Epoch 2/50 | LR: 2.80e-04 | Train: 2.7967 | Val: 2.8752 | Acc@1: 52.36%
2025-12-28 20:24:54,906 - INFO -   ✓ New best (Acc@1: 52.36%)
2025-12-28 20:26:41,639 - INFO - Epoch 3/50 | LR: 4.20e-04 | Train: 2.6928 | Val: 2.8385 | Acc@1: 53.62%
2025-12-28 20:26:41,701 - INFO -   ✓ New best (Acc@1: 53.62%)
2025-12-28 20:28:28,019 - INFO - Epoch 4/50 | LR: 5.60e-04 | Train: 2.6052 | Val: 2.8044 | Acc@1: 53.82%
2025-12-28 20:28:28,081 - INFO -   ✓ New best (Acc@1: 53.82%)
2025-12-28 20:30:11,314 - INFO - Epoch 5/50 | LR: 7.00e-04 | Train: 2.5272 | Val: 2.7807 | Acc@1: 53.46%
2025-12-28 20:30:11,377 - INFO -   ✓ New best (Acc@1: 53.46%)
2025-12-28 20:31:50,167 - INFO - Epoch 6/50 | LR: 7.00e-04 | Train: 2.4332 | Val: 2.7777 | Acc@1: 53.71%
2025-12-28 20:31:50,231 - INFO -   ✓ New best (Acc@1: 53.71%)
2025-12-28 20:33:29,690 - INFO - Epoch 7/50 | LR: 6.99e-04 | Train: 2.3515 | Val: 2.7925 | Acc@1: 53.35%
2025-12-28 20:35:01,753 - INFO - Epoch 8/50 | LR: 6.97e-04 | Train: 2.2793 | Val: 2.8295 | Acc@1: 53.20%
2025-12-28 20:36:34,502 - INFO - Epoch 9/50 | LR: 6.92e-04 | Train: 2.2099 | Val: 2.8595 | Acc@1: 52.65%
2025-12-28 20:38:26,403 - INFO - Epoch 10/50 | LR: 6.86e-04 | Train: 2.1463 | Val: 2.9099 | Acc@1: 52.27%
2025-12-28 20:40:25,496 - INFO - Epoch 11/50 | LR: 6.79e-04 | Train: 2.0901 | Val: 2.9616 | Acc@1: 51.57%
2025-12-28 20:40:25,497 - INFO - Early stopping at epoch 11
2025-12-28 20:40:26,513 - INFO - Loaded checkpoint from epoch 6
2025-12-28 20:40:36,047 - INFO - ============================================================
2025-12-28 20:40:36,047 - INFO - FINAL VALIDATION RESULTS
2025-12-28 20:40:36,047 - INFO -   Acc@1:  53.71%
2025-12-28 20:40:36,047 - INFO -   Acc@5:  80.62%
2025-12-28 20:40:36,047 - INFO -   Acc@10: 85.06%
2025-12-28 20:40:36,047 - INFO -   MRR:    65.35%
2025-12-28 20:40:36,047 - INFO -   NDCG:   69.99%
2025-12-28 20:40:36,047 - INFO - ============================================================
2025-12-28 20:40:36,047 - INFO - FINAL TEST RESULTS
2025-12-28 20:40:36,047 - INFO -   Acc@1:  55.34%
2025-12-28 20:40:36,048 - INFO -   Acc@5:  81.64%
2025-12-28 20:40:36,048 - INFO -   Acc@10: 86.14%
2025-12-28 20:40:36,048 - INFO -   MRR:    66.82%
2025-12-28 20:40:36,048 - INFO -   NDCG:   71.40%
2025-12-28 20:40:36,048 - INFO - ============================================================
