2025-12-30 20:12:11,779 - INFO - ============================================================
2025-12-30 20:12:11,779 - INFO - POINTER V45 - Training Started
2025-12-30 20:12:11,779 - INFO - ============================================================
2025-12-30 20:12:11,779 - INFO - Model config: {'d_model': 128, 'dim_feedforward': 256, 'dropout': 0.15, 'nhead': 2, 'num_layers': 2}
2025-12-30 20:12:11,779 - INFO - Training config: {'batch_size': 128, 'grad_clip': 0.8, 'label_smoothing': 0.03, 'learning_rate': 0.0006, 'min_epochs': 3, 'min_lr': 1e-06, 'num_epochs': 50, 'patience': 5, 'use_amp': True, 'warmup_epochs': 5, 'weight_decay': 0.015}
2025-12-30 20:12:11,779 - INFO - ============================================================
2025-12-30 20:12:11,779 - INFO - Training for 50 epochs
2025-12-30 20:12:11,780 - INFO - Model parameters: 2,023,967
2025-12-30 20:14:48,383 - INFO - Epoch 1/50 | LR: 1.20e-04 | Train: 3.0038 | Val: 2.9204 | Acc@1: 51.32%
2025-12-30 20:14:48,440 - INFO -   ✓ New best (Acc@1: 51.32%)
2025-12-30 20:17:22,743 - INFO - Epoch 2/50 | LR: 2.40e-04 | Train: 2.7916 | Val: 2.8716 | Acc@1: 52.95%
2025-12-30 20:17:22,804 - INFO -   ✓ New best (Acc@1: 52.95%)
2025-12-30 20:20:01,962 - INFO - Epoch 3/50 | LR: 3.60e-04 | Train: 2.6880 | Val: 2.8455 | Acc@1: 53.01%
2025-12-30 20:20:02,026 - INFO -   ✓ New best (Acc@1: 53.01%)
2025-12-30 20:22:42,602 - INFO - Epoch 4/50 | LR: 4.80e-04 | Train: 2.6006 | Val: 2.8124 | Acc@1: 53.90%
2025-12-30 20:22:42,666 - INFO -   ✓ New best (Acc@1: 53.90%)
2025-12-30 20:25:22,530 - INFO - Epoch 5/50 | LR: 6.00e-04 | Train: 2.5209 | Val: 2.8018 | Acc@1: 52.89%
2025-12-30 20:25:22,595 - INFO -   ✓ New best (Acc@1: 52.89%)
2025-12-30 20:27:56,082 - INFO - Epoch 6/50 | LR: 6.00e-04 | Train: 2.4263 | Val: 2.7802 | Acc@1: 54.28%
2025-12-30 20:27:56,145 - INFO -   ✓ New best (Acc@1: 54.28%)
2025-12-30 20:30:35,135 - INFO - Epoch 7/50 | LR: 5.99e-04 | Train: 2.3483 | Val: 2.8009 | Acc@1: 53.06%
2025-12-30 20:33:07,766 - INFO - Epoch 8/50 | LR: 5.97e-04 | Train: 2.2781 | Val: 2.8456 | Acc@1: 52.54%
2025-12-30 20:35:43,799 - INFO - Epoch 9/50 | LR: 5.93e-04 | Train: 2.2125 | Val: 2.8731 | Acc@1: 51.87%
2025-12-30 20:38:07,416 - INFO - Epoch 10/50 | LR: 5.88e-04 | Train: 2.1549 | Val: 2.9094 | Acc@1: 51.76%
2025-12-30 20:40:29,551 - INFO - Epoch 11/50 | LR: 5.82e-04 | Train: 2.0977 | Val: 2.9970 | Acc@1: 50.81%
2025-12-30 20:40:29,552 - INFO - Early stopping at epoch 11
2025-12-30 20:40:30,705 - INFO - Loaded checkpoint from epoch 6
2025-12-30 20:40:44,537 - INFO - ============================================================
2025-12-30 20:40:44,537 - INFO - FINAL VALIDATION RESULTS
2025-12-30 20:40:44,537 - INFO -   Acc@1:  54.28%
2025-12-30 20:40:44,537 - INFO -   Acc@5:  80.59%
2025-12-30 20:40:44,537 - INFO -   Acc@10: 85.28%
2025-12-30 20:40:44,537 - INFO -   MRR:    65.75%
2025-12-30 20:40:44,537 - INFO -   NDCG:   70.36%
2025-12-30 20:40:44,538 - INFO - ============================================================
2025-12-30 20:40:44,538 - INFO - FINAL TEST RESULTS
2025-12-30 20:40:44,538 - INFO -   Acc@1:  55.74%
2025-12-30 20:40:44,538 - INFO -   Acc@5:  82.19%
2025-12-30 20:40:44,538 - INFO -   Acc@10: 86.20%
2025-12-30 20:40:44,538 - INFO -   MRR:    67.24%
2025-12-30 20:40:44,538 - INFO -   NDCG:   71.75%
2025-12-30 20:40:44,538 - INFO - ============================================================
