Training MHSA model
Dataset: diy
Config: /data/next_loc_clean_v2/scripts/sci_hyperparam_tuning/configs/mhsa_diy_trial16.yaml
Device: cuda
Seed: 42
==================================================
Data loaders: train=1182, val=80, test=97
Total trainable parameters: 555614

=== Epoch 1 ===
Epoch 1, 4.2%	 loss: 8.836 acc@1: 0.02 mrr: 0.13, ndcg: 0.03, took: 4.47s
Epoch 1, 8.5%	 loss: 8.833 acc@1: 0.06 mrr: 0.22, ndcg: 0.12, took: 3.30s
Epoch 1, 12.7%	 loss: 8.829 acc@1: 0.03 mrr: 0.31, ndcg: 0.21, took: 3.33s
Epoch 1, 16.9%	 loss: 8.814 acc@1: 0.08 mrr: 0.57, ndcg: 0.45, took: 3.19s
Epoch 1, 21.2%	 loss: 8.798 acc@1: 0.84 mrr: 1.89, ndcg: 2.07, took: 3.28s
Epoch 1, 25.4%	 loss: 8.752 acc@1: 8.45 mrr: 9.81, ndcg: 10.15, took: 3.40s
Epoch 1, 29.6%	 loss: 8.597 acc@1: 16.97 mrr: 17.50, ndcg: 17.53, took: 3.24s
Epoch 1, 33.8%	 loss: 8.324 acc@1: 22.27 mrr: 23.00, ndcg: 23.12, took: 3.42s
Epoch 1, 38.1%	 loss: 7.989 acc@1: 23.16 mrr: 24.37, ndcg: 24.57, took: 3.33s
Epoch 1, 42.3%	 loss: 7.597 acc@1: 25.89 mrr: 27.46, ndcg: 27.80, took: 3.32s
Epoch 1, 46.5%	 loss: 7.186 acc@1: 26.92 mrr: 28.68, ndcg: 28.92, took: 3.39s
Epoch 1, 50.8%	 loss: 6.848 acc@1: 27.08 mrr: 28.93, ndcg: 29.16, took: 3.40s
Epoch 1, 55.0%	 loss: 6.584 acc@1: 27.28 mrr: 29.21, ndcg: 29.56, took: 3.52s
Epoch 1, 59.2%	 loss: 6.265 acc@1: 28.69 mrr: 30.81, ndcg: 31.16, took: 3.98s
Epoch 1, 63.5%	 loss: 6.073 acc@1: 30.05 mrr: 32.18, ndcg: 32.46, took: 3.31s
Epoch 1, 67.7%	 loss: 5.989 acc@1: 29.56 mrr: 31.77, ndcg: 32.13, took: 3.38s
Epoch 1, 71.9%	 loss: 5.939 acc@1: 28.50 mrr: 30.98, ndcg: 31.43, took: 3.34s
Epoch 1, 76.1%	 loss: 5.751 acc@1: 29.97 mrr: 32.38, ndcg: 32.81, took: 3.23s
Epoch 1, 80.4%	 loss: 5.598 acc@1: 30.55 mrr: 33.21, ndcg: 33.84, took: 3.28s
Epoch 1, 84.6%	 loss: 5.486 acc@1: 30.61 mrr: 33.53, ndcg: 34.16, took: 3.33s
Epoch 1, 88.8%	 loss: 5.430 acc@1: 30.41 mrr: 33.53, ndcg: 34.30, took: 3.49s
Epoch 1, 93.1%	 loss: 5.553 acc@1: 28.50 mrr: 31.60, ndcg: 32.35, took: 3.27s
Epoch 1, 97.3%	 loss: 5.356 acc@1: 29.62 mrr: 33.02, ndcg: 33.86, took: 3.30s
Validation - loss: 5.5097, acc@1: 29.76%, f1: 17.37%, mrr: 32.87%, ndcg: 33.48%
Current learning rate: 0.001000

=== Epoch 2 ===
Epoch 2, 4.2%	 loss: 5.109 acc@1: 31.25 mrr: 34.78, ndcg: 35.67, took: 3.24s
Epoch 2, 8.5%	 loss: 5.146 acc@1: 30.41 mrr: 34.11, ndcg: 35.06, took: 3.20s
Epoch 2, 12.7%	 loss: 4.990 acc@1: 32.38 mrr: 36.13, ndcg: 37.13, took: 3.21s
Epoch 2, 16.9%	 loss: 4.965 acc@1: 32.17 mrr: 36.35, ndcg: 37.58, took: 3.33s
Epoch 2, 21.2%	 loss: 4.896 acc@1: 32.25 mrr: 36.99, ndcg: 38.59, took: 3.42s
Epoch 2, 25.4%	 loss: 4.709 acc@1: 33.23 mrr: 39.32, ndcg: 41.32, took: 3.33s
Epoch 2, 29.6%	 loss: 4.524 acc@1: 35.47 mrr: 42.32, ndcg: 44.65, took: 3.36s
Epoch 2, 33.8%	 loss: 4.341 acc@1: 37.56 mrr: 45.42, ndcg: 48.14, took: 3.28s
Epoch 2, 38.1%	 loss: 4.084 acc@1: 39.97 mrr: 49.07, ndcg: 52.24, took: 3.17s
Epoch 2, 42.3%	 loss: 3.875 acc@1: 43.03 mrr: 52.51, ndcg: 55.76, took: 3.31s
Epoch 2, 46.5%	 loss: 3.747 acc@1: 43.25 mrr: 53.36, ndcg: 56.89, took: 3.27s
Epoch 2, 50.8%	 loss: 3.518 acc@1: 45.00 mrr: 56.06, ndcg: 59.81, took: 3.31s
Epoch 2, 55.0%	 loss: 3.464 acc@1: 44.44 mrr: 56.26, ndcg: 60.33, took: 3.37s
Epoch 2, 59.2%	 loss: 3.241 acc@1: 47.27 mrr: 59.24, ndcg: 63.30, took: 3.39s
Epoch 2, 63.5%	 loss: 3.269 acc@1: 45.00 mrr: 57.76, ndcg: 62.19, took: 3.55s
Epoch 2, 67.7%	 loss: 3.186 acc@1: 46.73 mrr: 59.25, ndcg: 63.70, took: 3.31s
Epoch 2, 71.9%	 loss: 3.107 acc@1: 46.84 mrr: 59.57, ndcg: 64.15, took: 3.33s
Epoch 2, 76.1%	 loss: 3.064 acc@1: 46.50 mrr: 59.58, ndcg: 64.26, took: 3.32s
Epoch 2, 80.4%	 loss: 3.020 acc@1: 46.62 mrr: 59.88, ndcg: 64.66, took: 3.27s
Epoch 2, 84.6%	 loss: 2.971 acc@1: 48.38 mrr: 60.99, ndcg: 65.58, took: 3.40s
Epoch 2, 88.8%	 loss: 2.969 acc@1: 47.94 mrr: 60.57, ndcg: 65.29, took: 3.09s
Epoch 2, 93.1%	 loss: 2.898 acc@1: 48.38 mrr: 61.27, ndcg: 66.04, took: 3.16s
Epoch 2, 97.3%	 loss: 2.822 acc@1: 47.75 mrr: 61.27, ndcg: 66.28, took: 3.23s
Validation - loss: 3.1848, acc@1: 47.74%, f1: 39.60%, mrr: 59.60%, ndcg: 64.04%
Current learning rate: 0.002000

=== Epoch 3 ===
Epoch 3, 4.2%	 loss: 2.729 acc@1: 47.39 mrr: 60.85, ndcg: 65.94, took: 3.26s
Epoch 3, 8.5%	 loss: 2.641 acc@1: 46.66 mrr: 61.06, ndcg: 66.48, took: 3.30s
Epoch 3, 12.7%	 loss: 2.608 acc@1: 48.27 mrr: 61.98, ndcg: 67.13, took: 3.32s
Epoch 3, 16.9%	 loss: 2.569 acc@1: 48.05 mrr: 62.14, ndcg: 67.35, took: 3.19s
Epoch 3, 21.2%	 loss: 2.555 acc@1: 48.59 mrr: 62.52, ndcg: 67.75, took: 3.32s
Epoch 3, 25.4%	 loss: 2.588 acc@1: 49.27 mrr: 62.45, ndcg: 67.38, took: 3.47s
Epoch 3, 29.6%	 loss: 2.572 acc@1: 48.25 mrr: 61.99, ndcg: 67.31, took: 3.23s
Epoch 3, 33.8%	 loss: 2.587 acc@1: 48.00 mrr: 61.83, ndcg: 67.12, took: 3.20s
Epoch 3, 38.1%	 loss: 2.566 acc@1: 48.52 mrr: 62.21, ndcg: 67.48, took: 3.32s
Epoch 3, 42.3%	 loss: 2.516 acc@1: 49.64 mrr: 63.17, ndcg: 68.27, took: 3.27s
Epoch 3, 46.5%	 loss: 2.512 acc@1: 49.45 mrr: 62.90, ndcg: 68.05, took: 3.33s
Epoch 3, 50.8%	 loss: 2.533 acc@1: 48.86 mrr: 62.45, ndcg: 67.78, took: 3.34s
Epoch 3, 55.0%	 loss: 2.470 acc@1: 49.83 mrr: 63.45, ndcg: 68.60, took: 3.33s
Epoch 3, 59.2%	 loss: 2.502 acc@1: 49.00 mrr: 62.58, ndcg: 67.75, took: 3.27s
Epoch 3, 63.5%	 loss: 2.550 acc@1: 47.95 mrr: 61.87, ndcg: 67.22, took: 3.24s
Epoch 3, 67.7%	 loss: 2.495 acc@1: 49.53 mrr: 63.03, ndcg: 68.12, took: 3.30s
Epoch 3, 71.9%	 loss: 2.534 acc@1: 49.50 mrr: 62.76, ndcg: 67.89, took: 3.30s
Epoch 3, 76.1%	 loss: 2.543 acc@1: 49.44 mrr: 62.74, ndcg: 67.86, took: 3.49s
Epoch 3, 80.4%	 loss: 2.475 acc@1: 49.19 mrr: 62.99, ndcg: 68.32, took: 3.25s
Epoch 3, 84.6%	 loss: 2.538 acc@1: 49.02 mrr: 62.39, ndcg: 67.55, took: 3.34s
Epoch 3, 88.8%	 loss: 2.492 acc@1: 49.64 mrr: 62.79, ndcg: 67.91, took: 3.36s
Epoch 3, 93.1%	 loss: 2.488 acc@1: 48.52 mrr: 62.34, ndcg: 67.73, took: 3.12s
Epoch 3, 97.3%	 loss: 2.471 acc@1: 50.20 mrr: 63.38, ndcg: 68.46, took: 3.21s
Validation - loss: 2.9372, acc@1: 48.86%, f1: 40.60%, mrr: 60.94%, ndcg: 65.69%
Current learning rate: 0.001958

=== Epoch 4 ===
Epoch 4, 4.2%	 loss: 2.295 acc@1: 49.67 mrr: 63.41, ndcg: 68.74, took: 3.26s
Epoch 4, 8.5%	 loss: 2.276 acc@1: 50.36 mrr: 63.84, ndcg: 69.06, took: 3.35s
Epoch 4, 12.7%	 loss: 2.328 acc@1: 48.75 mrr: 62.71, ndcg: 68.09, took: 3.12s
Epoch 4, 16.9%	 loss: 2.201 acc@1: 51.72 mrr: 64.91, ndcg: 70.05, took: 3.19s
Epoch 4, 21.2%	 loss: 2.340 acc@1: 50.59 mrr: 63.69, ndcg: 68.73, took: 3.48s
Epoch 4, 25.4%	 loss: 2.370 acc@1: 49.34 mrr: 62.71, ndcg: 67.92, took: 3.28s
Epoch 4, 29.6%	 loss: 2.267 acc@1: 51.25 mrr: 64.31, ndcg: 69.37, took: 3.26s
Epoch 4, 33.8%	 loss: 2.253 acc@1: 51.06 mrr: 64.42, ndcg: 69.60, took: 3.24s
Epoch 4, 38.1%	 loss: 2.283 acc@1: 50.36 mrr: 63.90, ndcg: 69.14, took: 3.24s
Epoch 4, 42.3%	 loss: 2.317 acc@1: 49.67 mrr: 63.16, ndcg: 68.33, took: 3.49s
Epoch 4, 46.5%	 loss: 2.298 acc@1: 50.72 mrr: 63.86, ndcg: 68.99, took: 3.69s
Epoch 4, 50.8%	 loss: 2.374 acc@1: 49.38 mrr: 62.75, ndcg: 67.88, took: 3.47s
Epoch 4, 55.0%	 loss: 2.371 acc@1: 49.66 mrr: 62.99, ndcg: 68.17, took: 3.41s
Epoch 4, 59.2%	 loss: 2.274 acc@1: 51.28 mrr: 64.37, ndcg: 69.34, took: 3.30s
Epoch 4, 63.5%	 loss: 2.333 acc@1: 49.45 mrr: 63.03, ndcg: 68.32, took: 3.32s
Epoch 4, 67.7%	 loss: 2.285 acc@1: 49.92 mrr: 63.54, ndcg: 68.81, took: 3.33s
Epoch 4, 71.9%	 loss: 2.296 acc@1: 50.64 mrr: 63.94, ndcg: 69.04, took: 3.41s
Epoch 4, 76.1%	 loss: 2.325 acc@1: 50.27 mrr: 63.63, ndcg: 68.83, took: 3.38s
Epoch 4, 80.4%	 loss: 2.299 acc@1: 50.23 mrr: 63.66, ndcg: 68.88, took: 3.37s
Epoch 4, 84.6%	 loss: 2.263 acc@1: 51.62 mrr: 64.56, ndcg: 69.67, took: 3.40s
Epoch 4, 88.8%	 loss: 2.281 acc@1: 50.67 mrr: 63.99, ndcg: 69.10, took: 3.27s
Epoch 4, 93.1%	 loss: 2.345 acc@1: 50.66 mrr: 63.78, ndcg: 68.85, took: 3.26s
Epoch 4, 97.3%	 loss: 2.315 acc@1: 51.02 mrr: 63.92, ndcg: 68.93, took: 3.31s
Validation - loss: 2.9059, acc@1: 49.71%, f1: 42.31%, mrr: 61.48%, ndcg: 66.06%
Current learning rate: 0.001917

=== Epoch 5 ===
Epoch 5, 4.2%	 loss: 2.158 acc@1: 50.91 mrr: 64.45, ndcg: 69.73, took: 3.19s
Epoch 5, 8.5%	 loss: 2.182 acc@1: 51.97 mrr: 64.57, ndcg: 69.63, took: 3.21s
Epoch 5, 12.7%	 loss: 2.169 acc@1: 50.83 mrr: 64.17, ndcg: 69.38, took: 3.35s
Epoch 5, 16.9%	 loss: 2.189 acc@1: 52.12 mrr: 64.57, ndcg: 69.36, took: 3.36s
Epoch 5, 21.2%	 loss: 2.152 acc@1: 52.59 mrr: 65.27, ndcg: 70.22, took: 3.25s
Epoch 5, 25.4%	 loss: 2.155 acc@1: 52.88 mrr: 65.32, ndcg: 70.15, took: 3.37s
Epoch 5, 29.6%	 loss: 2.127 acc@1: 52.66 mrr: 65.53, ndcg: 70.57, took: 3.24s
Epoch 5, 33.8%	 loss: 2.195 acc@1: 51.91 mrr: 64.65, ndcg: 69.67, took: 3.22s
Epoch 5, 38.1%	 loss: 2.179 acc@1: 51.62 mrr: 64.80, ndcg: 69.82, took: 3.51s
Epoch 5, 42.3%	 loss: 2.160 acc@1: 52.08 mrr: 65.12, ndcg: 70.14, took: 3.15s
Epoch 5, 46.5%	 loss: 2.152 acc@1: 52.14 mrr: 65.21, ndcg: 70.31, took: 3.29s
Epoch 5, 50.8%	 loss: 2.206 acc@1: 50.81 mrr: 64.06, ndcg: 69.26, took: 3.36s
Epoch 5, 55.0%	 loss: 2.170 acc@1: 52.27 mrr: 65.16, ndcg: 70.09, took: 3.30s
Epoch 5, 59.2%	 loss: 2.187 acc@1: 52.06 mrr: 64.97, ndcg: 70.01, took: 3.39s
Epoch 5, 63.5%	 loss: 2.189 acc@1: 51.88 mrr: 64.83, ndcg: 69.71, took: 3.28s
Epoch 5, 67.7%	 loss: 2.174 acc@1: 52.48 mrr: 65.07, ndcg: 69.94, took: 3.15s
Epoch 5, 71.9%	 loss: 2.236 acc@1: 52.09 mrr: 64.72, ndcg: 69.57, took: 3.28s
Epoch 5, 76.1%	 loss: 2.226 acc@1: 52.03 mrr: 64.66, ndcg: 69.54, took: 3.22s
Epoch 5, 80.4%	 loss: 2.221 acc@1: 51.64 mrr: 64.31, ndcg: 69.30, took: 3.24s
Epoch 5, 84.6%	 loss: 2.176 acc@1: 52.81 mrr: 65.30, ndcg: 70.15, took: 3.25s
Epoch 5, 88.8%	 loss: 2.227 acc@1: 52.02 mrr: 64.64, ndcg: 69.54, took: 3.23s
Epoch 5, 93.1%	 loss: 2.220 acc@1: 51.50 mrr: 64.51, ndcg: 69.53, took: 3.10s
Epoch 5, 97.3%	 loss: 2.212 acc@1: 51.91 mrr: 64.70, ndcg: 69.69, took: 3.28s
Validation - loss: 2.8506, acc@1: 50.16%, f1: 43.10%, mrr: 61.80%, ndcg: 66.38%
Current learning rate: 0.001875

=== Epoch 6 ===
Epoch 6, 4.2%	 loss: 2.034 acc@1: 53.98 mrr: 66.38, ndcg: 71.26, took: 3.52s
Epoch 6, 8.5%	 loss: 2.069 acc@1: 53.41 mrr: 65.79, ndcg: 70.66, took: 3.44s
Epoch 6, 12.7%	 loss: 2.118 acc@1: 52.78 mrr: 65.09, ndcg: 69.93, took: 3.33s
Epoch 6, 16.9%	 loss: 2.070 acc@1: 53.86 mrr: 66.14, ndcg: 70.89, took: 3.42s
Epoch 6, 21.2%	 loss: 2.083 acc@1: 53.08 mrr: 65.69, ndcg: 70.53, took: 3.24s
Epoch 6, 25.4%	 loss: 2.123 acc@1: 52.19 mrr: 65.13, ndcg: 70.01, took: 3.23s
Epoch 6, 29.6%	 loss: 2.152 acc@1: 52.38 mrr: 64.95, ndcg: 69.87, took: 3.22s
Epoch 6, 33.8%	 loss: 2.118 acc@1: 53.06 mrr: 65.43, ndcg: 70.29, took: 3.27s
Epoch 6, 38.1%	 loss: 2.142 acc@1: 52.55 mrr: 65.19, ndcg: 70.04, took: 3.31s
Epoch 6, 42.3%	 loss: 2.077 acc@1: 54.44 mrr: 66.47, ndcg: 71.13, took: 3.44s
Epoch 6, 46.5%	 loss: 2.105 acc@1: 52.75 mrr: 65.52, ndcg: 70.46, took: 3.47s
Epoch 6, 50.8%	 loss: 2.168 acc@1: 52.00 mrr: 64.72, ndcg: 69.58, took: 3.25s
Epoch 6, 55.0%	 loss: 2.114 acc@1: 53.59 mrr: 66.02, ndcg: 70.78, took: 3.28s
Epoch 6, 59.2%	 loss: 2.117 acc@1: 53.11 mrr: 65.52, ndcg: 70.39, took: 3.43s
Epoch 6, 63.5%	 loss: 2.157 acc@1: 52.91 mrr: 65.22, ndcg: 70.04, took: 3.54s
Epoch 6, 67.7%	 loss: 2.136 acc@1: 53.12 mrr: 65.53, ndcg: 70.26, took: 3.26s
Epoch 6, 71.9%	 loss: 2.139 acc@1: 52.41 mrr: 65.33, ndcg: 70.27, took: 3.24s
Epoch 6, 76.1%	 loss: 2.105 acc@1: 53.14 mrr: 65.74, ndcg: 70.55, took: 3.28s
Epoch 6, 80.4%	 loss: 2.116 acc@1: 53.77 mrr: 65.97, ndcg: 70.74, took: 3.28s
Epoch 6, 84.6%	 loss: 2.155 acc@1: 52.55 mrr: 65.19, ndcg: 70.14, took: 3.25s
Epoch 6, 88.8%	 loss: 2.100 acc@1: 53.31 mrr: 66.05, ndcg: 70.86, took: 3.27s
Epoch 6, 93.1%	 loss: 2.155 acc@1: 52.19 mrr: 64.91, ndcg: 69.91, took: 3.30s
Epoch 6, 97.3%	 loss: 2.118 acc@1: 53.00 mrr: 65.58, ndcg: 70.45, took: 3.23s
Validation - loss: 2.8561, acc@1: 50.53%, f1: 43.82%, mrr: 62.01%, ndcg: 66.53%
Current learning rate: 0.001833

=== Epoch 7 ===
Epoch 7, 4.2%	 loss: 1.947 acc@1: 55.27 mrr: 67.51, ndcg: 72.33, took: 3.45s
Epoch 7, 8.5%	 loss: 2.027 acc@1: 53.44 mrr: 66.09, ndcg: 71.12, took: 3.33s
Epoch 7, 12.7%	 loss: 2.047 acc@1: 54.05 mrr: 66.12, ndcg: 70.89, took: 3.38s
Epoch 7, 16.9%	 loss: 2.022 acc@1: 54.03 mrr: 66.36, ndcg: 71.20, took: 3.48s
Epoch 7, 21.2%	 loss: 2.020 acc@1: 54.98 mrr: 66.88, ndcg: 71.38, took: 3.31s
Epoch 7, 25.4%	 loss: 2.064 acc@1: 54.64 mrr: 66.51, ndcg: 71.14, took: 3.28s
Epoch 7, 29.6%	 loss: 2.082 acc@1: 52.56 mrr: 65.33, ndcg: 70.17, took: 3.24s
Epoch 7, 33.8%	 loss: 2.028 acc@1: 53.67 mrr: 66.17, ndcg: 71.05, took: 3.33s
Epoch 7, 38.1%	 loss: 2.040 acc@1: 53.61 mrr: 66.14, ndcg: 70.97, took: 3.01s
Epoch 7, 42.3%	 loss: 2.117 acc@1: 53.22 mrr: 65.66, ndcg: 70.38, took: 2.86s
Epoch 7, 46.5%	 loss: 2.076 acc@1: 53.97 mrr: 66.06, ndcg: 70.80, took: 3.04s
Epoch 7, 50.8%	 loss: 2.097 acc@1: 53.44 mrr: 66.00, ndcg: 70.79, took: 3.06s
Epoch 7, 55.0%	 loss: 2.019 acc@1: 54.53 mrr: 66.81, ndcg: 71.50, took: 3.14s
Epoch 7, 59.2%	 loss: 2.099 acc@1: 53.61 mrr: 65.80, ndcg: 70.47, took: 2.94s
Epoch 7, 63.5%	 loss: 2.068 acc@1: 54.33 mrr: 66.50, ndcg: 71.13, took: 3.52s
Epoch 7, 67.7%	 loss: 2.101 acc@1: 54.00 mrr: 66.23, ndcg: 70.89, took: 3.46s
Epoch 7, 71.9%	 loss: 2.115 acc@1: 53.69 mrr: 65.83, ndcg: 70.54, took: 3.27s
Epoch 7, 76.1%	 loss: 2.114 acc@1: 53.05 mrr: 65.60, ndcg: 70.43, took: 3.33s
Epoch 7, 80.4%	 loss: 2.085 acc@1: 53.98 mrr: 66.29, ndcg: 71.01, took: 3.51s
Epoch 7, 84.6%	 loss: 2.059 acc@1: 54.94 mrr: 66.81, ndcg: 71.43, took: 3.37s
Epoch 7, 88.8%	 loss: 2.148 acc@1: 52.12 mrr: 64.98, ndcg: 69.95, took: 3.38s
Epoch 7, 93.1%	 loss: 2.107 acc@1: 53.50 mrr: 65.67, ndcg: 70.45, took: 3.34s
Epoch 7, 97.3%	 loss: 2.044 acc@1: 55.30 mrr: 67.23, ndcg: 71.81, took: 3.63s
Validation - loss: 2.8699, acc@1: 50.84%, f1: 44.10%, mrr: 62.09%, ndcg: 66.57%
Current learning rate: 0.001792

=== Epoch 8 ===
Epoch 8, 4.2%	 loss: 1.954 acc@1: 53.56 mrr: 66.41, ndcg: 71.54, took: 3.42s
Epoch 8, 8.5%	 loss: 1.900 acc@1: 56.14 mrr: 68.18, ndcg: 72.92, took: 3.44s
Epoch 8, 12.7%	 loss: 1.973 acc@1: 54.97 mrr: 67.07, ndcg: 71.84, took: 3.38s
Epoch 8, 16.9%	 loss: 1.975 acc@1: 54.80 mrr: 67.09, ndcg: 71.89, took: 3.29s
Epoch 8, 21.2%	 loss: 1.984 acc@1: 54.55 mrr: 66.93, ndcg: 71.63, took: 3.48s
Epoch 8, 25.4%	 loss: 1.976 acc@1: 55.38 mrr: 67.37, ndcg: 71.94, took: 3.44s
Epoch 8, 29.6%	 loss: 1.974 acc@1: 55.41 mrr: 67.33, ndcg: 72.13, took: 3.41s
Epoch 8, 33.8%	 loss: 2.067 acc@1: 53.23 mrr: 65.77, ndcg: 70.66, took: 3.53s
Epoch 8, 38.1%	 loss: 2.036 acc@1: 54.33 mrr: 66.44, ndcg: 71.17, took: 3.49s
Epoch 8, 42.3%	 loss: 2.004 acc@1: 54.22 mrr: 66.72, ndcg: 71.45, took: 3.47s
Epoch 8, 46.5%	 loss: 2.037 acc@1: 54.09 mrr: 66.51, ndcg: 71.19, took: 3.35s
Epoch 8, 50.8%	 loss: 2.041 acc@1: 54.20 mrr: 66.27, ndcg: 70.96, took: 3.61s
Epoch 8, 55.0%	 loss: 2.018 acc@1: 53.97 mrr: 66.42, ndcg: 71.24, took: 3.48s
Epoch 8, 59.2%	 loss: 2.020 acc@1: 55.42 mrr: 67.18, ndcg: 71.73, took: 3.29s
Epoch 8, 63.5%	 loss: 2.047 acc@1: 54.55 mrr: 66.62, ndcg: 71.20, took: 3.43s
Epoch 8, 67.7%	 loss: 2.002 acc@1: 55.14 mrr: 67.10, ndcg: 71.63, took: 3.57s
Epoch 8, 71.9%	 loss: 2.100 acc@1: 53.75 mrr: 65.95, ndcg: 70.65, took: 3.20s
Epoch 8, 76.1%	 loss: 2.068 acc@1: 53.27 mrr: 65.70, ndcg: 70.43, took: 3.58s
Epoch 8, 80.4%	 loss: 2.124 acc@1: 53.09 mrr: 65.42, ndcg: 70.17, took: 3.51s
Epoch 8, 84.6%	 loss: 2.055 acc@1: 54.42 mrr: 66.35, ndcg: 71.11, took: 3.43s
Epoch 8, 88.8%	 loss: 2.039 acc@1: 55.39 mrr: 67.26, ndcg: 71.89, took: 3.47s
Epoch 8, 93.1%	 loss: 2.069 acc@1: 54.17 mrr: 66.22, ndcg: 70.97, took: 3.48s
Epoch 8, 97.3%	 loss: 2.062 acc@1: 54.77 mrr: 66.80, ndcg: 71.43, took: 3.68s
Validation - loss: 2.8458, acc@1: 51.16%, f1: 44.40%, mrr: 62.48%, ndcg: 66.91%
Current learning rate: 0.001750

=== Epoch 9 ===
Epoch 9, 4.2%	 loss: 1.894 acc@1: 55.91 mrr: 68.01, ndcg: 72.76, took: 3.48s
Epoch 9, 8.5%	 loss: 1.906 acc@1: 55.66 mrr: 67.72, ndcg: 72.55, took: 3.46s
Epoch 9, 12.7%	 loss: 1.952 acc@1: 55.00 mrr: 67.17, ndcg: 71.92, took: 3.46s
Epoch 9, 16.9%	 loss: 1.957 acc@1: 54.66 mrr: 66.87, ndcg: 71.71, took: 3.53s
Epoch 9, 21.2%	 loss: 1.953 acc@1: 55.47 mrr: 67.49, ndcg: 72.10, took: 3.48s
Epoch 9, 25.4%	 loss: 1.922 acc@1: 55.38 mrr: 67.67, ndcg: 72.32, took: 3.44s
Epoch 9, 29.6%	 loss: 1.947 acc@1: 55.69 mrr: 67.46, ndcg: 71.99, took: 3.52s
Epoch 9, 33.8%	 loss: 1.967 acc@1: 55.34 mrr: 67.41, ndcg: 72.02, took: 3.59s
Epoch 9, 38.1%	 loss: 1.972 acc@1: 55.30 mrr: 67.42, ndcg: 72.03, took: 3.56s
Epoch 9, 42.3%	 loss: 2.000 acc@1: 54.53 mrr: 66.70, ndcg: 71.50, took: 3.65s
Epoch 9, 46.5%	 loss: 1.944 acc@1: 56.06 mrr: 67.82, ndcg: 72.39, took: 3.65s
Epoch 9, 50.8%	 loss: 2.004 acc@1: 55.28 mrr: 67.07, ndcg: 71.54, took: 3.52s
Epoch 9, 55.0%	 loss: 1.980 acc@1: 55.52 mrr: 67.39, ndcg: 71.98, took: 3.60s
Epoch 9, 59.2%	 loss: 2.028 acc@1: 54.48 mrr: 66.54, ndcg: 71.21, took: 3.68s
Epoch 9, 63.5%	 loss: 2.009 acc@1: 54.50 mrr: 66.77, ndcg: 71.51, took: 3.47s
Epoch 9, 67.7%	 loss: 2.029 acc@1: 54.91 mrr: 66.83, ndcg: 71.32, took: 3.51s
Epoch 9, 71.9%	 loss: 2.025 acc@1: 55.45 mrr: 67.22, ndcg: 71.73, took: 3.41s
Epoch 9, 76.1%	 loss: 2.016 acc@1: 54.86 mrr: 66.91, ndcg: 71.57, took: 3.49s
Epoch 9, 80.4%	 loss: 2.012 acc@1: 55.00 mrr: 67.05, ndcg: 71.69, took: 3.61s
Epoch 9, 84.6%	 loss: 2.050 acc@1: 54.59 mrr: 66.39, ndcg: 70.96, took: 3.15s
Epoch 9, 88.8%	 loss: 2.093 acc@1: 53.50 mrr: 65.68, ndcg: 70.38, took: 3.48s
Epoch 9, 93.1%	 loss: 2.019 acc@1: 55.20 mrr: 67.12, ndcg: 71.73, took: 3.50s
Epoch 9, 97.3%	 loss: 2.023 acc@1: 55.03 mrr: 66.84, ndcg: 71.48, took: 3.50s
Validation - loss: 2.8482, acc@1: 51.08%, f1: 44.63%, mrr: 62.37%, ndcg: 66.82%
Current learning rate: 0.001708

=== Epoch 10 ===
Epoch 10, 4.2%	 loss: 1.864 acc@1: 55.70 mrr: 68.05, ndcg: 73.04, took: 3.46s
Epoch 10, 8.5%	 loss: 1.859 acc@1: 56.25 mrr: 68.43, ndcg: 73.20, took: 3.44s
Epoch 10, 12.7%	 loss: 1.902 acc@1: 56.53 mrr: 68.26, ndcg: 72.74, took: 3.41s
Epoch 10, 16.9%	 loss: 1.888 acc@1: 56.08 mrr: 67.95, ndcg: 72.52, took: 3.26s
Epoch 10, 21.2%	 loss: 1.897 acc@1: 55.45 mrr: 67.73, ndcg: 72.46, took: 3.53s
Epoch 10, 25.4%	 loss: 1.934 acc@1: 55.45 mrr: 67.45, ndcg: 72.11, took: 3.46s
Epoch 10, 29.6%	 loss: 1.950 acc@1: 55.28 mrr: 67.37, ndcg: 72.00, took: 3.61s
Epoch 10, 33.8%	 loss: 1.897 acc@1: 56.16 mrr: 68.21, ndcg: 72.91, took: 3.36s
Epoch 10, 38.1%	 loss: 1.949 acc@1: 55.36 mrr: 67.36, ndcg: 72.09, took: 3.47s
Epoch 10, 42.3%	 loss: 1.954 acc@1: 55.30 mrr: 67.36, ndcg: 72.11, took: 3.53s
Epoch 10, 46.5%	 loss: 1.973 acc@1: 55.91 mrr: 67.61, ndcg: 72.10, took: 3.36s
Epoch 10, 50.8%	 loss: 1.986 acc@1: 55.39 mrr: 67.21, ndcg: 71.91, took: 3.53s
Epoch 10, 55.0%	 loss: 1.964 acc@1: 56.23 mrr: 67.87, ndcg: 72.41, took: 3.59s
Epoch 10, 59.2%	 loss: 2.036 acc@1: 54.39 mrr: 66.48, ndcg: 70.99, took: 3.66s
Epoch 10, 63.5%	 loss: 2.023 acc@1: 54.92 mrr: 66.78, ndcg: 71.33, took: 3.44s
Epoch 10, 67.7%	 loss: 1.979 acc@1: 55.89 mrr: 67.63, ndcg: 72.18, took: 3.56s
Epoch 10, 71.9%	 loss: 1.955 acc@1: 56.19 mrr: 67.90, ndcg: 72.33, took: 3.60s
Epoch 10, 76.1%	 loss: 2.007 acc@1: 55.30 mrr: 67.04, ndcg: 71.57, took: 3.42s
Epoch 10, 80.4%	 loss: 2.008 acc@1: 55.27 mrr: 67.11, ndcg: 71.68, took: 3.32s
Epoch 10, 84.6%	 loss: 1.979 acc@1: 54.56 mrr: 66.90, ndcg: 71.70, took: 3.44s
Epoch 10, 88.8%	 loss: 2.017 acc@1: 55.28 mrr: 66.94, ndcg: 71.45, took: 3.57s
Epoch 10, 93.1%	 loss: 2.002 acc@1: 55.58 mrr: 67.32, ndcg: 71.86, took: 3.48s
Epoch 10, 97.3%	 loss: 1.965 acc@1: 55.11 mrr: 67.36, ndcg: 72.11, took: 3.35s
Validation - loss: 2.8581, acc@1: 51.29%, f1: 45.11%, mrr: 62.52%, ndcg: 66.91%
Current learning rate: 0.001667

=== Epoch 11 ===
Epoch 11, 4.2%	 loss: 1.788 acc@1: 57.91 mrr: 69.73, ndcg: 74.31, took: 3.49s
Epoch 11, 8.5%	 loss: 1.818 acc@1: 57.33 mrr: 69.21, ndcg: 73.81, took: 3.63s
Epoch 11, 12.7%	 loss: 1.838 acc@1: 56.31 mrr: 68.41, ndcg: 73.23, took: 3.47s
Epoch 11, 16.9%	 loss: 1.900 acc@1: 55.94 mrr: 67.87, ndcg: 72.50, took: 3.42s
Epoch 11, 21.2%	 loss: 1.908 acc@1: 54.97 mrr: 67.36, ndcg: 72.16, took: 3.61s
Epoch 11, 25.4%	 loss: 1.910 acc@1: 56.44 mrr: 68.01, ndcg: 72.49, took: 3.38s
Epoch 11, 29.6%	 loss: 1.919 acc@1: 55.86 mrr: 67.73, ndcg: 72.27, took: 3.64s
Epoch 11, 33.8%	 loss: 1.911 acc@1: 56.19 mrr: 68.01, ndcg: 72.55, took: 3.50s
Epoch 11, 38.1%	 loss: 1.926 acc@1: 56.39 mrr: 68.05, ndcg: 72.51, took: 3.53s
Epoch 11, 42.3%	 loss: 1.954 acc@1: 55.88 mrr: 67.57, ndcg: 72.07, took: 3.50s
Epoch 11, 46.5%	 loss: 1.935 acc@1: 55.69 mrr: 67.56, ndcg: 72.14, took: 3.46s
Epoch 11, 50.8%	 loss: 1.929 acc@1: 56.62 mrr: 68.08, ndcg: 72.44, took: 3.54s
Epoch 11, 55.0%	 loss: 1.974 acc@1: 55.78 mrr: 67.42, ndcg: 71.80, took: 3.40s
Epoch 11, 59.2%	 loss: 1.916 acc@1: 57.50 mrr: 68.76, ndcg: 73.06, took: 3.50s
Epoch 11, 63.5%	 loss: 1.929 acc@1: 56.52 mrr: 68.22, ndcg: 72.64, took: 3.54s
Epoch 11, 67.7%	 loss: 1.995 acc@1: 55.78 mrr: 67.34, ndcg: 71.81, took: 3.48s
Epoch 11, 71.9%	 loss: 1.976 acc@1: 55.25 mrr: 67.26, ndcg: 71.92, took: 3.79s
Epoch 11, 76.1%	 loss: 1.991 acc@1: 54.62 mrr: 66.87, ndcg: 71.57, took: 3.47s
Epoch 11, 80.4%	 loss: 1.953 acc@1: 55.80 mrr: 67.70, ndcg: 72.28, took: 3.48s
Epoch 11, 84.6%	 loss: 1.977 acc@1: 56.17 mrr: 67.72, ndcg: 72.19, took: 3.62s
Epoch 11, 88.8%	 loss: 1.921 acc@1: 57.27 mrr: 68.72, ndcg: 73.15, took: 3.48s
Epoch 11, 93.1%	 loss: 1.964 acc@1: 56.02 mrr: 67.80, ndcg: 72.37, took: 3.49s
Epoch 11, 97.3%	 loss: 1.947 acc@1: 56.22 mrr: 67.94, ndcg: 72.38, took: 3.44s
Validation - loss: 2.8960, acc@1: 51.82%, f1: 45.52%, mrr: 62.58%, ndcg: 66.88%
Current learning rate: 0.001625

=== Epoch 12 ===
Epoch 12, 4.2%	 loss: 1.811 acc@1: 57.09 mrr: 69.19, ndcg: 73.72, took: 3.70s
Epoch 12, 8.5%	 loss: 1.812 acc@1: 57.75 mrr: 69.22, ndcg: 73.81, took: 3.41s
Epoch 12, 12.7%	 loss: 1.854 acc@1: 56.69 mrr: 68.54, ndcg: 73.21, took: 3.54s
Epoch 12, 16.9%	 loss: 1.836 acc@1: 56.80 mrr: 68.80, ndcg: 73.54, took: 3.55s
Epoch 12, 21.2%	 loss: 1.889 acc@1: 56.28 mrr: 68.06, ndcg: 72.70, took: 3.47s
Epoch 12, 25.4%	 loss: 1.858 acc@1: 57.30 mrr: 68.73, ndcg: 73.19, took: 3.44s
Epoch 12, 29.6%	 loss: 1.898 acc@1: 56.75 mrr: 68.22, ndcg: 72.73, took: 3.54s
Epoch 12, 33.8%	 loss: 1.867 acc@1: 56.69 mrr: 68.38, ndcg: 73.00, took: 3.57s
Epoch 12, 38.1%	 loss: 1.884 acc@1: 57.02 mrr: 68.39, ndcg: 72.89, took: 3.54s
Epoch 12, 42.3%	 loss: 1.911 acc@1: 56.39 mrr: 68.14, ndcg: 72.56, took: 3.57s
Epoch 12, 46.5%	 loss: 1.889 acc@1: 56.84 mrr: 68.41, ndcg: 72.95, took: 3.43s
Epoch 12, 50.8%	 loss: 1.906 acc@1: 56.98 mrr: 68.36, ndcg: 72.80, took: 3.48s
Epoch 12, 55.0%	 loss: 1.922 acc@1: 56.72 mrr: 68.19, ndcg: 72.60, took: 3.18s
Epoch 12, 59.2%	 loss: 1.840 acc@1: 57.69 mrr: 69.46, ndcg: 73.97, took: 3.43s
Epoch 12, 63.5%	 loss: 1.930 acc@1: 56.47 mrr: 68.19, ndcg: 72.74, took: 3.31s
Epoch 12, 67.7%	 loss: 1.924 acc@1: 56.44 mrr: 68.06, ndcg: 72.48, took: 3.25s
Epoch 12, 71.9%	 loss: 1.899 acc@1: 56.84 mrr: 68.57, ndcg: 72.98, took: 3.64s
Epoch 12, 76.1%	 loss: 1.934 acc@1: 56.61 mrr: 68.20, ndcg: 72.71, took: 3.57s
Epoch 12, 80.4%	 loss: 1.900 acc@1: 57.06 mrr: 68.53, ndcg: 72.99, took: 3.42s
Epoch 12, 84.6%	 loss: 1.930 acc@1: 56.84 mrr: 68.26, ndcg: 72.72, took: 3.46s
Epoch 12, 88.8%	 loss: 1.928 acc@1: 56.47 mrr: 68.08, ndcg: 72.49, took: 3.34s
Epoch 12, 93.1%	 loss: 1.946 acc@1: 56.48 mrr: 68.02, ndcg: 72.50, took: 3.56s
Epoch 12, 97.3%	 loss: 1.955 acc@1: 55.31 mrr: 67.47, ndcg: 72.27, took: 3.46s
Validation - loss: 2.8655, acc@1: 52.03%, f1: 45.37%, mrr: 62.89%, ndcg: 67.16%
Current learning rate: 0.001583

=== Epoch 13 ===
Epoch 13, 4.2%	 loss: 1.750 acc@1: 58.86 mrr: 70.29, ndcg: 74.81, took: 3.58s
Epoch 13, 8.5%	 loss: 1.814 acc@1: 57.91 mrr: 69.40, ndcg: 73.95, took: 3.52s
Epoch 13, 12.7%	 loss: 1.815 acc@1: 57.39 mrr: 69.29, ndcg: 73.91, took: 3.44s
Epoch 13, 16.9%	 loss: 1.812 acc@1: 58.14 mrr: 69.54, ndcg: 74.01, took: 3.62s
Epoch 13, 21.2%	 loss: 1.845 acc@1: 56.97 mrr: 68.81, ndcg: 73.38, took: 3.48s
Epoch 13, 25.4%	 loss: 1.857 acc@1: 57.70 mrr: 68.92, ndcg: 73.28, took: 3.57s
Epoch 13, 29.6%	 loss: 1.816 acc@1: 57.86 mrr: 69.53, ndcg: 74.03, took: 3.57s
Epoch 13, 33.8%	 loss: 1.831 acc@1: 57.09 mrr: 69.02, ndcg: 73.63, took: 3.43s
Epoch 13, 38.1%	 loss: 1.880 acc@1: 57.72 mrr: 68.85, ndcg: 73.14, took: 3.41s
Epoch 13, 42.3%	 loss: 1.869 acc@1: 56.66 mrr: 68.41, ndcg: 72.94, took: 3.37s
Epoch 13, 46.5%	 loss: 1.892 acc@1: 56.72 mrr: 68.50, ndcg: 72.98, took: 3.17s
Epoch 13, 50.8%	 loss: 1.886 acc@1: 56.38 mrr: 68.28, ndcg: 72.89, took: 3.45s
Epoch 13, 55.0%	 loss: 1.900 acc@1: 56.22 mrr: 68.07, ndcg: 72.57, took: 3.62s
Epoch 13, 59.2%	 loss: 1.859 acc@1: 57.78 mrr: 69.15, ndcg: 73.52, took: 3.62s
Epoch 13, 63.5%	 loss: 1.920 acc@1: 55.94 mrr: 67.78, ndcg: 72.45, took: 3.59s
Epoch 13, 67.7%	 loss: 1.842 acc@1: 57.69 mrr: 69.22, ndcg: 73.63, took: 4.03s
Epoch 13, 71.9%	 loss: 1.919 acc@1: 56.47 mrr: 68.11, ndcg: 72.57, took: 3.44s
Epoch 13, 76.1%	 loss: 1.931 acc@1: 56.88 mrr: 68.27, ndcg: 72.66, took: 3.29s
Epoch 13, 80.4%	 loss: 1.885 acc@1: 56.92 mrr: 68.39, ndcg: 72.89, took: 3.48s
Epoch 13, 84.6%	 loss: 1.896 acc@1: 57.34 mrr: 68.57, ndcg: 72.97, took: 3.41s
Epoch 13, 88.8%	 loss: 1.904 acc@1: 56.56 mrr: 68.24, ndcg: 72.75, took: 3.40s
Epoch 13, 93.1%	 loss: 1.885 acc@1: 57.33 mrr: 68.95, ndcg: 73.42, took: 3.44s
Epoch 13, 97.3%	 loss: 1.905 acc@1: 56.11 mrr: 68.15, ndcg: 72.76, took: 3.47s
Validation - loss: 2.8751, acc@1: 51.45%, f1: 45.52%, mrr: 62.56%, ndcg: 66.95%
Current learning rate: 0.000154

=== Epoch 14 ===
Epoch 14, 4.2%	 loss: 1.896 acc@1: 55.64 mrr: 67.79, ndcg: 72.58, took: 3.56s
Epoch 14, 8.5%	 loss: 1.875 acc@1: 56.34 mrr: 68.34, ndcg: 73.06, took: 3.39s
Epoch 14, 12.7%	 loss: 1.877 acc@1: 56.67 mrr: 68.55, ndcg: 73.24, took: 3.56s
Epoch 14, 16.9%	 loss: 1.882 acc@1: 55.89 mrr: 68.10, ndcg: 72.92, took: 3.60s
Epoch 14, 21.2%	 loss: 1.865 acc@1: 56.23 mrr: 68.41, ndcg: 73.06, took: 3.53s
Epoch 14, 25.4%	 loss: 1.830 acc@1: 57.48 mrr: 69.12, ndcg: 73.72, took: 3.44s
Epoch 14, 29.6%	 loss: 1.853 acc@1: 56.53 mrr: 68.59, ndcg: 73.28, took: 3.40s
Epoch 14, 33.8%	 loss: 1.880 acc@1: 57.11 mrr: 68.45, ndcg: 73.06, took: 3.53s
Epoch 14, 38.1%	 loss: 1.875 acc@1: 56.81 mrr: 68.53, ndcg: 73.12, took: 3.67s
Epoch 14, 42.3%	 loss: 1.834 acc@1: 57.47 mrr: 69.15, ndcg: 73.74, took: 3.51s
Epoch 14, 46.5%	 loss: 1.857 acc@1: 56.97 mrr: 68.71, ndcg: 73.19, took: 3.48s
Epoch 14, 50.8%	 loss: 1.817 acc@1: 57.95 mrr: 69.43, ndcg: 73.96, took: 3.59s
Epoch 14, 55.0%	 loss: 1.813 acc@1: 58.83 mrr: 70.01, ndcg: 74.33, took: 3.50s
Epoch 14, 59.2%	 loss: 1.813 acc@1: 58.00 mrr: 69.52, ndcg: 74.01, took: 3.55s
Epoch 14, 63.5%	 loss: 1.817 acc@1: 58.31 mrr: 69.69, ndcg: 73.99, took: 3.56s
Epoch 14, 67.7%	 loss: 1.847 acc@1: 57.12 mrr: 68.85, ndcg: 73.40, took: 3.63s
Epoch 14, 71.9%	 loss: 1.855 acc@1: 57.02 mrr: 68.90, ndcg: 73.47, took: 3.47s
Epoch 14, 76.1%	 loss: 1.886 acc@1: 56.88 mrr: 68.47, ndcg: 72.99, took: 3.61s
Epoch 14, 80.4%	 loss: 1.804 acc@1: 57.70 mrr: 69.42, ndcg: 74.03, took: 3.52s
Epoch 14, 84.6%	 loss: 1.820 acc@1: 56.84 mrr: 68.92, ndcg: 73.68, took: 3.53s
Epoch 14, 88.8%	 loss: 1.887 acc@1: 56.97 mrr: 68.51, ndcg: 73.00, took: 3.52s
Epoch 14, 93.1%	 loss: 1.893 acc@1: 56.30 mrr: 68.08, ndcg: 72.63, took: 3.52s
Epoch 14, 97.3%	 loss: 1.853 acc@1: 56.36 mrr: 68.42, ndcg: 73.12, took: 3.51s
Validation - loss: 2.8023, acc@1: 52.24%, f1: 45.37%, mrr: 63.24%, ndcg: 67.59%
Current learning rate: 0.000154

=== Epoch 15 ===
Epoch 15, 4.2%	 loss: 1.781 acc@1: 57.36 mrr: 69.44, ndcg: 74.20, took: 3.67s
Epoch 15, 8.5%	 loss: 1.820 acc@1: 57.77 mrr: 69.37, ndcg: 73.83, took: 3.74s
Epoch 15, 12.7%	 loss: 1.831 acc@1: 57.62 mrr: 69.14, ndcg: 73.68, took: 3.78s
Epoch 15, 16.9%	 loss: 1.807 acc@1: 57.88 mrr: 69.49, ndcg: 73.97, took: 3.81s
Epoch 15, 21.2%	 loss: 1.794 acc@1: 57.86 mrr: 69.63, ndcg: 74.28, took: 3.44s
Epoch 15, 25.4%	 loss: 1.802 acc@1: 58.34 mrr: 69.68, ndcg: 74.06, took: 3.43s
Epoch 15, 29.6%	 loss: 1.802 acc@1: 57.64 mrr: 69.44, ndcg: 74.11, took: 3.42s
Epoch 15, 33.8%	 loss: 1.871 acc@1: 56.81 mrr: 68.56, ndcg: 73.13, took: 3.73s
Epoch 15, 38.1%	 loss: 1.831 acc@1: 57.72 mrr: 69.34, ndcg: 73.76, took: 3.69s
Epoch 15, 42.3%	 loss: 1.797 acc@1: 57.92 mrr: 69.62, ndcg: 74.24, took: 3.69s
Epoch 15, 46.5%	 loss: 1.820 acc@1: 57.78 mrr: 69.47, ndcg: 74.02, took: 3.59s
Epoch 15, 50.8%	 loss: 1.828 acc@1: 57.16 mrr: 68.82, ndcg: 73.34, took: 3.71s
Epoch 15, 55.0%	 loss: 1.807 acc@1: 58.08 mrr: 69.55, ndcg: 74.00, took: 3.65s
Epoch 15, 59.2%	 loss: 1.814 acc@1: 58.36 mrr: 69.62, ndcg: 73.97, took: 3.72s
Epoch 15, 63.5%	 loss: 1.838 acc@1: 57.48 mrr: 68.97, ndcg: 73.61, took: 3.52s
Epoch 15, 67.7%	 loss: 1.805 acc@1: 57.91 mrr: 69.58, ndcg: 74.12, took: 3.50s
Epoch 15, 71.9%	 loss: 1.832 acc@1: 57.17 mrr: 68.86, ndcg: 73.56, took: 3.48s
Epoch 15, 76.1%	 loss: 1.823 acc@1: 58.00 mrr: 69.53, ndcg: 73.96, took: 3.68s
Epoch 15, 80.4%	 loss: 1.808 acc@1: 57.30 mrr: 69.38, ndcg: 74.08, took: 3.54s
Epoch 15, 84.6%	 loss: 1.811 acc@1: 57.28 mrr: 69.17, ndcg: 73.72, took: 3.44s
Epoch 15, 88.8%	 loss: 1.807 acc@1: 56.94 mrr: 68.92, ndcg: 73.60, took: 3.64s
Epoch 15, 93.1%	 loss: 1.849 acc@1: 57.09 mrr: 68.78, ndcg: 73.36, took: 3.58s
Epoch 15, 97.3%	 loss: 1.826 acc@1: 57.20 mrr: 69.11, ndcg: 73.70, took: 3.77s
Validation - loss: 2.8056, acc@1: 52.62%, f1: 45.74%, mrr: 63.49%, ndcg: 67.78%
Current learning rate: 0.000154

=== Epoch 16 ===
Epoch 16, 4.2%	 loss: 1.745 acc@1: 58.56 mrr: 70.22, ndcg: 74.79, took: 3.58s
Epoch 16, 8.5%	 loss: 1.793 acc@1: 57.94 mrr: 69.70, ndcg: 74.26, took: 3.59s
Epoch 16, 12.7%	 loss: 1.797 acc@1: 57.73 mrr: 69.48, ndcg: 74.02, took: 3.51s
Epoch 16, 16.9%	 loss: 1.802 acc@1: 57.64 mrr: 69.32, ndcg: 73.99, took: 3.60s
Epoch 16, 21.2%	 loss: 1.813 acc@1: 57.70 mrr: 69.41, ndcg: 74.03, took: 3.60s
Epoch 16, 25.4%	 loss: 1.798 acc@1: 58.27 mrr: 69.79, ndcg: 74.36, took: 3.79s
Epoch 16, 29.6%	 loss: 1.832 acc@1: 57.03 mrr: 68.86, ndcg: 73.50, took: 3.50s
Epoch 16, 33.8%	 loss: 1.819 acc@1: 57.27 mrr: 69.18, ndcg: 73.75, took: 3.61s
Epoch 16, 38.1%	 loss: 1.835 acc@1: 56.66 mrr: 68.61, ndcg: 73.39, took: 3.79s
Epoch 16, 42.3%	 loss: 1.747 acc@1: 59.59 mrr: 70.67, ndcg: 75.11, took: 3.63s
Epoch 16, 46.5%	 loss: 1.764 acc@1: 58.98 mrr: 70.38, ndcg: 74.93, took: 3.67s
Epoch 16, 50.8%	 loss: 1.766 acc@1: 59.03 mrr: 70.37, ndcg: 74.88, took: 3.86s
Epoch 16, 55.0%	 loss: 1.807 acc@1: 58.08 mrr: 69.49, ndcg: 74.09, took: 3.62s
Epoch 16, 59.2%	 loss: 1.806 acc@1: 57.41 mrr: 69.26, ndcg: 73.94, took: 3.50s
Epoch 16, 63.5%	 loss: 1.820 acc@1: 57.67 mrr: 69.11, ndcg: 73.69, took: 3.66s
Epoch 16, 67.7%	 loss: 1.796 acc@1: 58.02 mrr: 69.53, ndcg: 74.10, took: 3.45s
Epoch 16, 71.9%	 loss: 1.821 acc@1: 57.92 mrr: 69.29, ndcg: 73.76, took: 3.53s
Epoch 16, 76.1%	 loss: 1.801 acc@1: 57.95 mrr: 69.44, ndcg: 73.95, took: 3.58s
Epoch 16, 80.4%	 loss: 1.845 acc@1: 57.19 mrr: 68.72, ndcg: 73.25, took: 3.72s
Epoch 16, 84.6%	 loss: 1.783 acc@1: 58.36 mrr: 69.86, ndcg: 74.33, took: 3.78s
Epoch 16, 88.8%	 loss: 1.785 acc@1: 57.41 mrr: 69.36, ndcg: 73.99, took: 3.72s
Epoch 16, 93.1%	 loss: 1.827 acc@1: 57.53 mrr: 69.16, ndcg: 73.71, took: 3.59s
Epoch 16, 97.3%	 loss: 1.817 acc@1: 58.34 mrr: 69.57, ndcg: 74.05, took: 3.58s
Validation - loss: 2.8093, acc@1: 52.36%, f1: 45.59%, mrr: 63.36%, ndcg: 67.69%
Current learning rate: 0.000154

=== Epoch 17 ===
Epoch 17, 4.2%	 loss: 1.805 acc@1: 57.66 mrr: 69.34, ndcg: 73.96, took: 3.61s
Epoch 17, 8.5%	 loss: 1.813 acc@1: 57.02 mrr: 69.02, ndcg: 73.72, took: 3.85s
Epoch 17, 12.7%	 loss: 1.799 acc@1: 57.75 mrr: 69.31, ndcg: 73.94, took: 3.56s
Epoch 17, 16.9%	 loss: 1.813 acc@1: 57.25 mrr: 69.03, ndcg: 73.66, took: 3.55s
Epoch 17, 21.2%	 loss: 1.807 acc@1: 57.39 mrr: 69.20, ndcg: 73.76, took: 3.62s
Epoch 17, 25.4%	 loss: 1.753 acc@1: 59.39 mrr: 70.57, ndcg: 75.04, took: 3.63s
Epoch 17, 29.6%	 loss: 1.773 acc@1: 57.80 mrr: 69.64, ndcg: 74.30, took: 3.86s
Epoch 17, 33.8%	 loss: 1.728 acc@1: 59.39 mrr: 70.70, ndcg: 75.20, took: 3.72s
Epoch 17, 38.1%	 loss: 1.749 acc@1: 59.25 mrr: 70.50, ndcg: 74.99, took: 3.60s
Epoch 17, 42.3%	 loss: 1.825 acc@1: 57.91 mrr: 69.29, ndcg: 73.83, took: 3.56s
Epoch 17, 46.5%	 loss: 1.779 acc@1: 57.91 mrr: 69.49, ndcg: 74.05, took: 3.49s
Epoch 17, 50.8%	 loss: 1.789 acc@1: 59.08 mrr: 70.15, ndcg: 74.52, took: 3.60s
Epoch 17, 55.0%	 loss: 1.778 acc@1: 57.80 mrr: 69.57, ndcg: 74.19, took: 3.58s
Epoch 17, 59.2%	 loss: 1.818 acc@1: 57.39 mrr: 69.14, ndcg: 73.72, took: 3.53s
Epoch 17, 63.5%	 loss: 1.810 acc@1: 57.78 mrr: 69.44, ndcg: 74.05, took: 3.71s
Epoch 17, 67.7%	 loss: 1.764 acc@1: 58.12 mrr: 69.92, ndcg: 74.56, took: 3.50s
Epoch 17, 71.9%	 loss: 1.748 acc@1: 58.72 mrr: 70.28, ndcg: 74.83, took: 3.47s
Epoch 17, 76.1%	 loss: 1.769 acc@1: 58.39 mrr: 69.92, ndcg: 74.47, took: 3.60s
Epoch 17, 80.4%	 loss: 1.805 acc@1: 58.12 mrr: 69.65, ndcg: 74.07, took: 3.46s
Epoch 17, 84.6%	 loss: 1.753 acc@1: 58.33 mrr: 70.01, ndcg: 74.62, took: 3.63s
Epoch 17, 88.8%	 loss: 1.813 acc@1: 58.22 mrr: 69.65, ndcg: 74.14, took: 3.57s
Epoch 17, 93.1%	 loss: 1.819 acc@1: 58.08 mrr: 69.39, ndcg: 73.77, took: 3.50s
Epoch 17, 97.3%	 loss: 1.799 acc@1: 57.94 mrr: 69.57, ndcg: 74.11, took: 3.66s
Validation - loss: 2.8183, acc@1: 52.29%, f1: 45.58%, mrr: 63.23%, ndcg: 67.60%
Current learning rate: 0.000154

=== Epoch 18 ===
Epoch 18, 4.2%	 loss: 1.753 acc@1: 58.75 mrr: 70.07, ndcg: 74.62, took: 3.50s
Epoch 18, 8.5%	 loss: 1.713 acc@1: 59.78 mrr: 71.03, ndcg: 75.35, took: 3.80s
Epoch 18, 12.7%	 loss: 1.784 acc@1: 58.19 mrr: 69.76, ndcg: 74.28, took: 3.58s
Epoch 18, 16.9%	 loss: 1.770 acc@1: 58.25 mrr: 69.92, ndcg: 74.50, took: 3.45s
Epoch 18, 21.2%	 loss: 1.784 acc@1: 57.86 mrr: 69.40, ndcg: 74.05, took: 3.58s
Epoch 18, 25.4%	 loss: 1.760 acc@1: 57.81 mrr: 69.80, ndcg: 74.51, took: 3.48s
Epoch 18, 29.6%	 loss: 1.764 acc@1: 58.53 mrr: 70.18, ndcg: 74.76, took: 3.57s
Epoch 18, 33.8%	 loss: 1.734 acc@1: 58.14 mrr: 70.04, ndcg: 74.75, took: 3.67s
Epoch 18, 38.1%	 loss: 1.794 acc@1: 57.84 mrr: 69.40, ndcg: 74.02, took: 3.87s
Epoch 18, 42.3%	 loss: 1.740 acc@1: 58.27 mrr: 70.03, ndcg: 74.65, took: 3.64s
Epoch 18, 46.5%	 loss: 1.786 acc@1: 58.14 mrr: 69.66, ndcg: 74.26, took: 3.61s
Epoch 18, 50.8%	 loss: 1.815 acc@1: 57.58 mrr: 69.16, ndcg: 73.76, took: 3.62s
Epoch 18, 55.0%	 loss: 1.771 acc@1: 58.62 mrr: 69.95, ndcg: 74.42, took: 3.64s
Epoch 18, 59.2%	 loss: 1.735 acc@1: 58.84 mrr: 70.44, ndcg: 75.04, took: 3.72s
Epoch 18, 63.5%	 loss: 1.765 acc@1: 58.95 mrr: 70.20, ndcg: 74.70, took: 3.67s
Epoch 18, 67.7%	 loss: 1.796 acc@1: 57.81 mrr: 69.50, ndcg: 74.17, took: 3.55s
Epoch 18, 71.9%	 loss: 1.756 acc@1: 58.64 mrr: 70.08, ndcg: 74.61, took: 3.58s
Epoch 18, 76.1%	 loss: 1.824 acc@1: 56.86 mrr: 68.70, ndcg: 73.42, took: 3.49s
Epoch 18, 80.4%	 loss: 1.826 acc@1: 57.66 mrr: 69.25, ndcg: 73.71, took: 3.58s
Epoch 18, 84.6%	 loss: 1.768 acc@1: 58.81 mrr: 70.13, ndcg: 74.62, took: 3.24s
Epoch 18, 88.8%	 loss: 1.813 acc@1: 58.38 mrr: 69.58, ndcg: 73.94, took: 3.34s
Epoch 18, 93.1%	 loss: 1.811 acc@1: 57.58 mrr: 69.41, ndcg: 74.05, took: 3.36s
Epoch 18, 97.3%	 loss: 1.811 acc@1: 58.05 mrr: 69.43, ndcg: 73.81, took: 3.45s
Validation - loss: 2.8255, acc@1: 52.39%, f1: 45.72%, mrr: 63.26%, ndcg: 67.62%
Current learning rate: 0.000154

=== Epoch 19 ===
Epoch 19, 4.2%	 loss: 1.756 acc@1: 58.70 mrr: 70.06, ndcg: 74.44, took: 3.70s
Epoch 19, 8.5%	 loss: 1.755 acc@1: 58.86 mrr: 70.08, ndcg: 74.67, took: 3.56s
Epoch 19, 12.7%	 loss: 1.736 acc@1: 58.41 mrr: 70.08, ndcg: 74.80, took: 3.65s
Epoch 19, 16.9%	 loss: 1.714 acc@1: 59.33 mrr: 70.77, ndcg: 75.24, took: 3.70s
Epoch 19, 21.2%	 loss: 1.753 acc@1: 57.88 mrr: 69.74, ndcg: 74.44, took: 3.64s
Epoch 19, 25.4%	 loss: 1.749 acc@1: 58.64 mrr: 70.09, ndcg: 74.64, took: 3.66s
Epoch 19, 29.6%	 loss: 1.799 acc@1: 57.95 mrr: 69.56, ndcg: 74.02, took: 3.63s
Epoch 19, 33.8%	 loss: 1.775 acc@1: 57.95 mrr: 69.72, ndcg: 74.38, took: 3.60s
Epoch 19, 38.1%	 loss: 1.751 acc@1: 58.92 mrr: 70.30, ndcg: 74.76, took: 3.61s
Epoch 19, 42.3%	 loss: 1.757 acc@1: 58.92 mrr: 70.43, ndcg: 74.94, took: 3.60s
Epoch 19, 46.5%	 loss: 1.771 acc@1: 58.62 mrr: 69.91, ndcg: 74.33, took: 3.57s
Epoch 19, 50.8%	 loss: 1.789 acc@1: 57.58 mrr: 69.33, ndcg: 73.94, took: 3.68s
Epoch 19, 55.0%	 loss: 1.774 acc@1: 58.12 mrr: 69.68, ndcg: 74.30, took: 3.65s
Epoch 19, 59.2%	 loss: 1.757 acc@1: 58.59 mrr: 70.21, ndcg: 74.68, took: 3.70s
Epoch 19, 63.5%	 loss: 1.803 acc@1: 57.45 mrr: 69.30, ndcg: 73.90, took: 3.66s
Epoch 19, 67.7%	 loss: 1.758 acc@1: 58.19 mrr: 70.06, ndcg: 74.62, took: 3.71s
Epoch 19, 71.9%	 loss: 1.774 acc@1: 57.53 mrr: 69.43, ndcg: 74.03, took: 4.20s
Epoch 19, 76.1%	 loss: 1.724 acc@1: 58.59 mrr: 70.35, ndcg: 74.96, took: 3.55s
Epoch 19, 80.4%	 loss: 1.783 acc@1: 58.42 mrr: 69.90, ndcg: 74.36, took: 3.45s
Epoch 19, 84.6%	 loss: 1.760 acc@1: 58.52 mrr: 70.02, ndcg: 74.58, took: 3.58s
Epoch 19, 88.8%	 loss: 1.829 acc@1: 57.73 mrr: 69.18, ndcg: 73.79, took: 3.73s
Epoch 19, 93.1%	 loss: 1.801 acc@1: 57.98 mrr: 69.40, ndcg: 74.00, took: 3.65s
Epoch 19, 97.3%	 loss: 1.783 acc@1: 58.73 mrr: 70.01, ndcg: 74.44, took: 3.45s
Validation - loss: 2.8370, acc@1: 52.58%, f1: 45.94%, mrr: 63.36%, ndcg: 67.67%
Current learning rate: 0.000015

=== Epoch 20 ===
Epoch 20, 4.2%	 loss: 1.791 acc@1: 58.09 mrr: 69.72, ndcg: 74.26, took: 3.73s
Epoch 20, 8.5%	 loss: 1.815 acc@1: 58.08 mrr: 69.50, ndcg: 73.97, took: 3.65s
Epoch 20, 12.7%	 loss: 1.811 acc@1: 57.38 mrr: 69.23, ndcg: 73.87, took: 3.69s
Epoch 20, 16.9%	 loss: 1.811 acc@1: 57.59 mrr: 69.28, ndcg: 73.90, took: 3.60s
Epoch 20, 21.2%	 loss: 1.811 acc@1: 57.89 mrr: 69.52, ndcg: 74.09, took: 3.65s
Epoch 20, 25.4%	 loss: 1.794 acc@1: 57.78 mrr: 69.48, ndcg: 74.10, took: 3.70s
Epoch 20, 29.6%	 loss: 1.816 acc@1: 57.69 mrr: 69.42, ndcg: 73.95, took: 3.65s
Epoch 20, 33.8%	 loss: 1.826 acc@1: 57.03 mrr: 69.01, ndcg: 73.63, took: 3.60s
Epoch 20, 38.1%	 loss: 1.826 acc@1: 57.88 mrr: 69.30, ndcg: 73.76, took: 3.57s
Epoch 20, 42.3%	 loss: 1.795 acc@1: 57.64 mrr: 69.63, ndcg: 74.38, took: 3.49s
Epoch 20, 46.5%	 loss: 1.833 acc@1: 57.02 mrr: 68.89, ndcg: 73.54, took: 3.50s
Epoch 20, 50.8%	 loss: 1.808 acc@1: 57.88 mrr: 69.44, ndcg: 74.03, took: 3.64s
Epoch 20, 55.0%	 loss: 1.815 acc@1: 57.66 mrr: 69.30, ndcg: 73.83, took: 3.20s
Epoch 20, 59.2%	 loss: 1.805 acc@1: 58.00 mrr: 69.60, ndcg: 74.14, took: 3.16s
Epoch 20, 63.5%	 loss: 1.797 acc@1: 57.77 mrr: 69.46, ndcg: 74.04, took: 3.55s
Epoch 20, 67.7%	 loss: 1.826 acc@1: 57.42 mrr: 69.08, ndcg: 73.68, took: 3.42s
Epoch 20, 71.9%	 loss: 1.764 acc@1: 58.78 mrr: 70.23, ndcg: 74.65, took: 3.57s
Epoch 20, 76.1%	 loss: 1.785 acc@1: 58.84 mrr: 69.98, ndcg: 74.40, took: 3.28s
Epoch 20, 80.4%	 loss: 1.793 acc@1: 58.16 mrr: 69.83, ndcg: 74.39, took: 3.52s
Epoch 20, 84.6%	 loss: 1.817 acc@1: 57.59 mrr: 69.30, ndcg: 73.92, took: 3.45s
Epoch 20, 88.8%	 loss: 1.781 acc@1: 58.81 mrr: 70.18, ndcg: 74.62, took: 3.50s
Epoch 20, 93.1%	 loss: 1.797 acc@1: 58.14 mrr: 69.64, ndcg: 74.18, took: 3.62s
Epoch 20, 97.3%	 loss: 1.844 acc@1: 56.75 mrr: 68.71, ndcg: 73.44, took: 3.52s
Validation - loss: 2.8031, acc@1: 52.29%, f1: 45.57%, mrr: 63.26%, ndcg: 67.59%
Current learning rate: 0.000015

=== Epoch 21 ===
Epoch 21, 4.2%	 loss: 1.820 acc@1: 57.44 mrr: 69.15, ndcg: 73.68, took: 3.61s
Epoch 21, 8.5%	 loss: 1.821 acc@1: 56.59 mrr: 68.54, ndcg: 73.44, took: 3.57s
Epoch 21, 12.7%	 loss: 1.792 acc@1: 58.70 mrr: 70.11, ndcg: 74.49, took: 3.58s
Epoch 21, 16.9%	 loss: 1.828 acc@1: 57.14 mrr: 69.00, ndcg: 73.69, took: 3.37s
Epoch 21, 21.2%	 loss: 1.831 acc@1: 58.41 mrr: 69.54, ndcg: 73.89, took: 3.23s
Epoch 21, 25.4%	 loss: 1.776 acc@1: 58.41 mrr: 69.94, ndcg: 74.62, took: 3.15s
Epoch 21, 29.6%	 loss: 1.786 acc@1: 58.91 mrr: 70.11, ndcg: 74.53, took: 3.10s
Epoch 21, 33.8%	 loss: 1.785 acc@1: 58.78 mrr: 70.17, ndcg: 74.58, took: 3.30s
Epoch 21, 38.1%	 loss: 1.821 acc@1: 57.14 mrr: 68.98, ndcg: 73.72, took: 3.03s
Epoch 21, 42.3%	 loss: 1.826 acc@1: 57.05 mrr: 68.90, ndcg: 73.55, took: 3.28s
Epoch 21, 46.5%	 loss: 1.820 acc@1: 57.77 mrr: 69.26, ndcg: 73.86, took: 3.33s
Epoch 21, 50.8%	 loss: 1.787 acc@1: 57.73 mrr: 69.46, ndcg: 74.07, took: 3.35s
Epoch 21, 55.0%	 loss: 1.803 acc@1: 58.03 mrr: 69.71, ndcg: 74.22, took: 3.39s
Epoch 21, 59.2%	 loss: 1.755 acc@1: 59.45 mrr: 70.81, ndcg: 75.31, took: 3.53s
Epoch 21, 63.5%	 loss: 1.781 acc@1: 58.38 mrr: 69.85, ndcg: 74.41, took: 3.24s
Epoch 21, 67.7%	 loss: 1.806 acc@1: 57.12 mrr: 69.22, ndcg: 73.89, took: 3.52s
Epoch 21, 71.9%	 loss: 1.820 acc@1: 57.91 mrr: 69.36, ndcg: 73.97, took: 3.48s
Epoch 21, 76.1%	 loss: 1.878 acc@1: 56.36 mrr: 68.09, ndcg: 72.70, took: 3.45s
Epoch 21, 80.4%	 loss: 1.811 acc@1: 57.84 mrr: 69.38, ndcg: 73.91, took: 3.49s
Epoch 21, 84.6%	 loss: 1.833 acc@1: 57.06 mrr: 68.94, ndcg: 73.55, took: 3.42s
Epoch 21, 88.8%	 loss: 1.739 acc@1: 58.52 mrr: 70.25, ndcg: 74.82, took: 3.31s
Epoch 21, 93.1%	 loss: 1.815 acc@1: 57.42 mrr: 69.22, ndcg: 73.88, took: 3.37s
Epoch 21, 97.3%	 loss: 1.822 acc@1: 57.28 mrr: 69.03, ndcg: 73.59, took: 3.23s
Validation - loss: 2.8049, acc@1: 52.45%, f1: 45.68%, mrr: 63.34%, ndcg: 67.65%
Current learning rate: 0.000015

=== Epoch 22 ===
Epoch 22, 4.2%	 loss: 1.802 acc@1: 57.48 mrr: 69.44, ndcg: 74.11, took: 3.27s
Epoch 22, 8.5%	 loss: 1.792 acc@1: 57.88 mrr: 69.58, ndcg: 74.26, took: 3.40s
Epoch 22, 12.7%	 loss: 1.774 acc@1: 57.78 mrr: 69.73, ndcg: 74.33, took: 3.42s
Epoch 22, 16.9%	 loss: 1.777 acc@1: 58.75 mrr: 70.18, ndcg: 74.60, took: 3.30s
Epoch 22, 21.2%	 loss: 1.766 acc@1: 57.91 mrr: 69.84, ndcg: 74.52, took: 3.35s
Epoch 22, 25.4%	 loss: 1.834 acc@1: 56.81 mrr: 68.81, ndcg: 73.48, took: 3.62s
Epoch 22, 29.6%	 loss: 1.834 acc@1: 57.42 mrr: 69.05, ndcg: 73.61, took: 3.31s
Epoch 22, 33.8%	 loss: 1.814 acc@1: 57.22 mrr: 69.09, ndcg: 73.74, took: 3.27s
Epoch 22, 38.1%	 loss: 1.790 acc@1: 57.83 mrr: 69.61, ndcg: 74.21, took: 3.47s
Epoch 22, 42.3%	 loss: 1.781 acc@1: 57.77 mrr: 69.54, ndcg: 74.30, took: 3.36s
Epoch 22, 46.5%	 loss: 1.835 acc@1: 57.50 mrr: 69.01, ndcg: 73.52, took: 3.41s
Epoch 22, 50.8%	 loss: 1.824 acc@1: 57.09 mrr: 68.97, ndcg: 73.64, took: 3.34s
Epoch 22, 55.0%	 loss: 1.803 acc@1: 57.89 mrr: 69.49, ndcg: 74.03, took: 3.20s
Epoch 22, 59.2%	 loss: 1.798 acc@1: 57.78 mrr: 69.44, ndcg: 74.04, took: 3.22s
Epoch 22, 63.5%	 loss: 1.773 acc@1: 58.84 mrr: 70.32, ndcg: 74.72, took: 3.56s
Epoch 22, 67.7%	 loss: 1.779 acc@1: 58.62 mrr: 69.94, ndcg: 74.38, took: 3.31s
Epoch 22, 71.9%	 loss: 1.825 acc@1: 58.16 mrr: 69.49, ndcg: 74.01, took: 3.25s
Epoch 22, 76.1%	 loss: 1.825 acc@1: 57.42 mrr: 69.15, ndcg: 73.76, took: 3.41s
Epoch 22, 80.4%	 loss: 1.778 acc@1: 57.83 mrr: 69.64, ndcg: 74.27, took: 3.51s
Epoch 22, 84.6%	 loss: 1.818 acc@1: 57.83 mrr: 69.33, ndcg: 73.88, took: 3.49s
Epoch 22, 88.8%	 loss: 1.794 acc@1: 57.88 mrr: 69.59, ndcg: 74.18, took: 3.46s
Epoch 22, 93.1%	 loss: 1.781 acc@1: 58.72 mrr: 70.04, ndcg: 74.43, took: 3.50s
Epoch 22, 97.3%	 loss: 1.854 acc@1: 56.70 mrr: 68.69, ndcg: 73.24, took: 3.18s
Validation - loss: 2.8049, acc@1: 52.33%, f1: 45.58%, mrr: 63.31%, ndcg: 67.63%
Current learning rate: 0.000015

=== Epoch 23 ===
Epoch 23, 4.2%	 loss: 1.774 acc@1: 58.81 mrr: 70.12, ndcg: 74.50, took: 3.36s
Epoch 23, 8.5%	 loss: 1.791 acc@1: 57.59 mrr: 69.47, ndcg: 74.18, took: 3.23s
Epoch 23, 12.7%	 loss: 1.812 acc@1: 57.47 mrr: 69.14, ndcg: 73.76, took: 3.59s
Epoch 23, 16.9%	 loss: 1.825 acc@1: 57.53 mrr: 69.03, ndcg: 73.58, took: 3.31s
Epoch 23, 21.2%	 loss: 1.796 acc@1: 57.50 mrr: 69.39, ndcg: 74.00, took: 3.22s
Epoch 23, 25.4%	 loss: 1.785 acc@1: 57.36 mrr: 69.51, ndcg: 74.29, took: 3.41s
Epoch 23, 29.6%	 loss: 1.767 acc@1: 58.11 mrr: 69.84, ndcg: 74.41, took: 3.18s
Epoch 23, 33.8%	 loss: 1.800 acc@1: 57.72 mrr: 69.50, ndcg: 74.12, took: 3.41s
Epoch 23, 38.1%	 loss: 1.803 acc@1: 57.98 mrr: 69.61, ndcg: 74.11, took: 3.54s
Epoch 23, 42.3%	 loss: 1.800 acc@1: 58.03 mrr: 69.65, ndcg: 74.19, took: 3.38s
Epoch 23, 46.5%	 loss: 1.852 acc@1: 57.09 mrr: 68.78, ndcg: 73.34, took: 3.61s
Epoch 23, 50.8%	 loss: 1.790 acc@1: 58.72 mrr: 69.83, ndcg: 74.22, took: 3.53s
Epoch 23, 55.0%	 loss: 1.779 acc@1: 58.03 mrr: 69.74, ndcg: 74.24, took: 3.46s
Epoch 23, 59.2%	 loss: 1.860 acc@1: 56.81 mrr: 68.62, ndcg: 73.26, took: 3.44s
Epoch 23, 63.5%	 loss: 1.785 acc@1: 58.47 mrr: 69.87, ndcg: 74.38, took: 3.54s
Epoch 23, 67.7%	 loss: 1.745 acc@1: 59.16 mrr: 70.67, ndcg: 75.15, took: 3.41s
Epoch 23, 71.9%	 loss: 1.789 acc@1: 57.64 mrr: 69.40, ndcg: 74.03, took: 3.60s
Epoch 23, 76.1%	 loss: 1.790 acc@1: 58.25 mrr: 69.63, ndcg: 74.14, took: 3.39s
Epoch 23, 80.4%	 loss: 1.774 acc@1: 58.19 mrr: 69.87, ndcg: 74.52, took: 3.47s
Epoch 23, 84.6%	 loss: 1.833 acc@1: 57.41 mrr: 68.92, ndcg: 73.57, took: 3.28s
Epoch 23, 88.8%	 loss: 1.858 acc@1: 56.91 mrr: 68.59, ndcg: 73.22, took: 3.43s
Epoch 23, 93.1%	 loss: 1.778 acc@1: 58.38 mrr: 69.85, ndcg: 74.42, took: 3.48s
Epoch 23, 97.3%	 loss: 1.773 acc@1: 57.86 mrr: 69.81, ndcg: 74.46, took: 3.55s
Validation - loss: 2.8040, acc@1: 52.35%, f1: 45.45%, mrr: 63.35%, ndcg: 67.68%
Current learning rate: 0.000015

=== Epoch 24 ===
Epoch 24, 4.2%	 loss: 1.798 acc@1: 58.17 mrr: 69.75, ndcg: 74.27, took: 3.55s
Epoch 24, 8.5%	 loss: 1.774 acc@1: 58.20 mrr: 69.71, ndcg: 74.31, took: 3.57s
Epoch 24, 12.7%	 loss: 1.717 acc@1: 59.30 mrr: 70.88, ndcg: 75.46, took: 3.18s
Epoch 24, 16.9%	 loss: 1.811 acc@1: 57.80 mrr: 69.51, ndcg: 74.11, took: 3.41s
Epoch 24, 21.2%	 loss: 1.807 acc@1: 58.33 mrr: 69.54, ndcg: 73.99, took: 3.30s
Epoch 24, 25.4%	 loss: 1.808 acc@1: 58.62 mrr: 69.91, ndcg: 74.26, took: 3.43s
Epoch 24, 29.6%	 loss: 1.784 acc@1: 57.73 mrr: 69.55, ndcg: 74.13, took: 3.50s
Epoch 24, 33.8%	 loss: 1.775 acc@1: 58.23 mrr: 69.76, ndcg: 74.37, took: 3.40s
Epoch 24, 38.1%	 loss: 1.810 acc@1: 57.83 mrr: 69.40, ndcg: 74.00, took: 3.27s
Epoch 24, 42.3%	 loss: 1.797 acc@1: 58.16 mrr: 69.68, ndcg: 74.17, took: 3.51s
Epoch 24, 46.5%	 loss: 1.788 acc@1: 57.66 mrr: 69.50, ndcg: 74.10, took: 3.49s
Epoch 24, 50.8%	 loss: 1.809 acc@1: 57.39 mrr: 69.24, ndcg: 73.93, took: 3.60s
Epoch 24, 55.0%	 loss: 1.789 acc@1: 57.58 mrr: 69.39, ndcg: 74.16, took: 3.63s
Epoch 24, 59.2%	 loss: 1.815 acc@1: 57.42 mrr: 69.20, ndcg: 73.85, took: 3.52s
Epoch 24, 63.5%	 loss: 1.794 acc@1: 58.02 mrr: 69.52, ndcg: 74.03, took: 3.61s
Epoch 24, 67.7%	 loss: 1.849 acc@1: 57.48 mrr: 68.93, ndcg: 73.47, took: 3.42s
Epoch 24, 71.9%	 loss: 1.814 acc@1: 57.50 mrr: 69.25, ndcg: 73.88, took: 3.37s
Epoch 24, 76.1%	 loss: 1.807 acc@1: 58.67 mrr: 69.82, ndcg: 74.24, took: 3.27s
Epoch 24, 80.4%	 loss: 1.756 acc@1: 58.70 mrr: 70.21, ndcg: 74.70, took: 3.35s
Epoch 24, 84.6%	 loss: 1.821 acc@1: 57.48 mrr: 69.15, ndcg: 73.84, took: 3.11s
Epoch 24, 88.8%	 loss: 1.834 acc@1: 57.81 mrr: 69.16, ndcg: 73.57, took: 3.05s
Epoch 24, 93.1%	 loss: 1.740 acc@1: 58.67 mrr: 70.34, ndcg: 74.96, took: 3.09s
Epoch 24, 97.3%	 loss: 1.788 acc@1: 57.86 mrr: 69.62, ndcg: 74.20, took: 3.66s
Validation - loss: 2.8041, acc@1: 52.43%, f1: 45.60%, mrr: 63.37%, ndcg: 67.67%
Training finished.	 Time: 2030.98s.	 acc@1: 52.24%

=== Test Results ===
Test Results:
  acc@1: 53.31%
  acc@5: 76.97%
  acc@10: 81.12%
  mrr: 63.74%
  ndcg: 67.75%
  f1: 46.86%

=== Training Complete ===
