Training LSTM model
Dataset: diy
Config: /data/next_loc_clean_v2/config/ht_optuna/optuna_LSTM_diy_prev10_t15_20260101_055548_1a95202b.yaml
Device: cuda
Seed: 42
==================================================
Data loaders: train=470, val=25, test=32
Total trainable parameters: 666414

=== Epoch 1 ===
Epoch 1, 2.1%	 loss: 8.976 acc@1: 0.00 mrr: 0.08, ndcg: 0.03, took: 7.45s
Epoch 1, 4.3%	 loss: 8.969 acc@1: 0.00 mrr: 0.06, ndcg: 0.01, took: 3.03s
Epoch 1, 6.4%	 loss: 8.966 acc@1: 0.00 mrr: 0.09, ndcg: 0.05, took: 3.07s
Epoch 1, 8.5%	 loss: 8.955 acc@1: 0.00 mrr: 0.12, ndcg: 0.09, took: 3.05s
Epoch 1, 10.6%	 loss: 8.944 acc@1: 0.00 mrr: 0.12, ndcg: 0.07, took: 3.10s
Epoch 1, 12.8%	 loss: 8.933 acc@1: 0.00 mrr: 0.13, ndcg: 0.10, took: 3.00s
Epoch 1, 14.9%	 loss: 8.915 acc@1: 0.04 mrr: 0.15, ndcg: 0.08, took: 3.12s
Epoch 1, 17.0%	 loss: 8.901 acc@1: 0.00 mrr: 0.13, ndcg: 0.03, took: 3.03s
Epoch 1, 19.1%	 loss: 8.878 acc@1: 0.04 mrr: 0.17, ndcg: 0.08, took: 3.04s
Epoch 1, 21.3%	 loss: 8.841 acc@1: 0.04 mrr: 0.30, ndcg: 0.27, took: 3.14s
Epoch 1, 23.4%	 loss: 8.817 acc@1: 0.12 mrr: 0.33, ndcg: 0.28, took: 3.01s
Epoch 1, 25.5%	 loss: 8.782 acc@1: 0.00 mrr: 0.30, ndcg: 0.27, took: 3.08s
Epoch 1, 27.7%	 loss: 8.725 acc@1: 0.16 mrr: 0.68, ndcg: 0.71, took: 3.05s
Epoch 1, 29.8%	 loss: 8.678 acc@1: 2.73 mrr: 3.57, ndcg: 3.69, took: 2.91s
Epoch 1, 31.9%	 loss: 8.602 acc@1: 6.60 mrr: 7.61, ndcg: 7.78, took: 2.69s
Epoch 1, 34.0%	 loss: 8.553 acc@1: 8.83 mrr: 9.84, ndcg: 10.09, took: 2.59s
Epoch 1, 36.2%	 loss: 8.474 acc@1: 11.05 mrr: 12.39, ndcg: 12.79, took: 2.42s
Epoch 1, 38.3%	 loss: 8.395 acc@1: 12.19 mrr: 13.23, ndcg: 13.45, took: 2.61s
Epoch 1, 40.4%	 loss: 8.333 acc@1: 13.98 mrr: 14.89, ndcg: 15.08, took: 2.58s
Epoch 1, 42.6%	 loss: 8.231 acc@1: 16.76 mrr: 17.78, ndcg: 18.04, took: 2.59s
Epoch 1, 44.7%	 loss: 8.130 acc@1: 18.12 mrr: 19.28, ndcg: 19.51, took: 2.68s
Epoch 1, 46.8%	 loss: 8.071 acc@1: 16.95 mrr: 18.10, ndcg: 18.49, took: 2.63s
Epoch 1, 48.9%	 loss: 7.897 acc@1: 19.22 mrr: 20.49, ndcg: 20.86, took: 2.58s
Epoch 1, 51.1%	 loss: 7.826 acc@1: 20.27 mrr: 21.74, ndcg: 22.01, took: 2.40s
Epoch 1, 53.2%	 loss: 7.708 acc@1: 21.29 mrr: 22.69, ndcg: 23.02, took: 2.50s
Epoch 1, 55.3%	 loss: 7.559 acc@1: 22.93 mrr: 24.64, ndcg: 25.00, took: 2.18s
Epoch 1, 57.4%	 loss: 7.483 acc@1: 23.28 mrr: 24.98, ndcg: 25.29, took: 2.39s
Epoch 1, 59.6%	 loss: 7.347 acc@1: 24.92 mrr: 26.48, ndcg: 26.82, took: 2.59s
Epoch 1, 61.7%	 loss: 7.272 acc@1: 24.45 mrr: 26.27, ndcg: 26.69, took: 2.75s
Epoch 1, 63.8%	 loss: 7.137 acc@1: 25.51 mrr: 27.66, ndcg: 28.15, took: 2.58s
Epoch 1, 66.0%	 loss: 7.060 acc@1: 24.45 mrr: 26.60, ndcg: 27.12, took: 2.65s
Epoch 1, 68.1%	 loss: 6.913 acc@1: 25.66 mrr: 28.07, ndcg: 28.66, took: 2.64s
Epoch 1, 70.2%	 loss: 6.743 acc@1: 27.03 mrr: 29.13, ndcg: 29.73, took: 2.70s
Epoch 1, 72.3%	 loss: 6.634 acc@1: 26.99 mrr: 29.25, ndcg: 29.75, took: 2.56s
Epoch 1, 74.5%	 loss: 6.492 acc@1: 27.54 mrr: 29.81, ndcg: 30.24, took: 2.66s
Epoch 1, 76.6%	 loss: 6.319 acc@1: 28.71 mrr: 30.73, ndcg: 31.05, took: 2.65s
Epoch 1, 78.7%	 loss: 6.266 acc@1: 28.36 mrr: 30.87, ndcg: 31.37, took: 2.65s
Epoch 1, 80.9%	 loss: 6.086 acc@1: 29.30 mrr: 31.66, ndcg: 32.04, took: 2.59s
Epoch 1, 83.0%	 loss: 6.063 acc@1: 28.20 mrr: 30.67, ndcg: 31.13, took: 2.63s
Epoch 1, 85.1%	 loss: 5.829 acc@1: 29.57 mrr: 32.09, ndcg: 32.45, took: 2.58s
Epoch 1, 87.2%	 loss: 5.770 acc@1: 30.20 mrr: 32.57, ndcg: 32.87, took: 3.18s
Epoch 1, 89.4%	 loss: 5.798 acc@1: 28.28 mrr: 30.88, ndcg: 31.30, took: 3.00s
Epoch 1, 91.5%	 loss: 5.643 acc@1: 29.69 mrr: 32.33, ndcg: 32.80, took: 3.16s
Epoch 1, 93.6%	 loss: 5.547 acc@1: 29.84 mrr: 32.88, ndcg: 33.39, took: 3.13s
Epoch 1, 95.7%	 loss: 5.545 acc@1: 29.41 mrr: 32.56, ndcg: 33.18, took: 3.16s
Epoch 1, 97.9%	 loss: 5.486 acc@1: 30.51 mrr: 33.31, ndcg: 33.86, took: 3.11s
Epoch 1, 100.0%	 loss: 5.384 acc@1: 29.96 mrr: 33.51, ndcg: 34.30, took: 3.02s
Validation - loss: 5.5601, acc@1: 29.00%, f1: 16.56%, mrr: 32.47%, ndcg: 33.38%
Current learning rate: 0.001000

=== Epoch 2 ===
Epoch 2, 2.1%	 loss: 5.335 acc@1: 28.98 mrr: 32.35, ndcg: 33.21, took: 2.96s
Epoch 2, 4.3%	 loss: 5.200 acc@1: 31.13 mrr: 34.56, ndcg: 35.27, took: 2.97s
Epoch 2, 6.4%	 loss: 5.202 acc@1: 30.55 mrr: 34.25, ndcg: 35.27, took: 2.93s
Epoch 2, 8.5%	 loss: 5.323 acc@1: 30.27 mrr: 33.41, ndcg: 34.16, took: 2.72s
Epoch 2, 10.6%	 loss: 5.182 acc@1: 29.96 mrr: 33.55, ndcg: 34.41, took: 2.79s
Epoch 2, 12.8%	 loss: 5.041 acc@1: 32.07 mrr: 35.39, ndcg: 36.15, took: 3.07s
Epoch 2, 14.9%	 loss: 5.185 acc@1: 29.22 mrr: 33.12, ndcg: 34.11, took: 2.95s
Epoch 2, 17.0%	 loss: 5.169 acc@1: 30.82 mrr: 34.59, ndcg: 35.61, took: 3.00s
Epoch 2, 19.1%	 loss: 5.126 acc@1: 29.77 mrr: 33.90, ndcg: 35.00, took: 3.01s
Epoch 2, 21.3%	 loss: 5.011 acc@1: 31.37 mrr: 35.65, ndcg: 36.87, took: 3.05s
Epoch 2, 23.4%	 loss: 5.088 acc@1: 30.00 mrr: 34.18, ndcg: 35.43, took: 3.01s
Epoch 2, 25.5%	 loss: 5.006 acc@1: 30.98 mrr: 34.98, ndcg: 36.19, took: 2.98s
Epoch 2, 27.7%	 loss: 4.927 acc@1: 30.86 mrr: 35.39, ndcg: 36.97, took: 2.71s
Epoch 2, 29.8%	 loss: 4.983 acc@1: 32.03 mrr: 36.42, ndcg: 37.68, took: 3.00s
Epoch 2, 31.9%	 loss: 4.941 acc@1: 30.98 mrr: 35.60, ndcg: 37.02, took: 2.85s
Epoch 2, 34.0%	 loss: 4.852 acc@1: 31.84 mrr: 36.46, ndcg: 37.94, took: 2.94s
Epoch 2, 36.2%	 loss: 4.856 acc@1: 32.30 mrr: 36.70, ndcg: 38.06, took: 3.10s
Epoch 2, 38.3%	 loss: 4.868 acc@1: 31.33 mrr: 36.37, ndcg: 37.90, took: 2.97s
Epoch 2, 40.4%	 loss: 4.796 acc@1: 32.42 mrr: 37.47, ndcg: 39.08, took: 3.06s
Epoch 2, 42.6%	 loss: 4.718 acc@1: 34.61 mrr: 39.51, ndcg: 40.95, took: 3.01s
Epoch 2, 44.7%	 loss: 4.712 acc@1: 32.89 mrr: 38.22, ndcg: 39.87, took: 2.96s
Epoch 2, 46.8%	 loss: 4.683 acc@1: 32.19 mrr: 38.05, ndcg: 39.92, took: 2.75s
Epoch 2, 48.9%	 loss: 4.630 acc@1: 34.49 mrr: 40.09, ndcg: 41.87, took: 2.98s
Epoch 2, 51.1%	 loss: 4.574 acc@1: 34.18 mrr: 39.93, ndcg: 41.81, took: 2.95s
Epoch 2, 53.2%	 loss: 4.528 acc@1: 34.92 mrr: 40.69, ndcg: 42.76, took: 3.06s
Epoch 2, 55.3%	 loss: 4.466 acc@1: 34.73 mrr: 41.24, ndcg: 43.57, took: 2.97s
Epoch 2, 57.4%	 loss: 4.517 acc@1: 34.57 mrr: 41.19, ndcg: 43.45, took: 2.86s
Epoch 2, 59.6%	 loss: 4.456 acc@1: 34.41 mrr: 41.83, ndcg: 44.57, took: 2.85s
Epoch 2, 61.7%	 loss: 4.417 acc@1: 34.77 mrr: 42.50, ndcg: 45.28, took: 3.00s
Epoch 2, 63.8%	 loss: 4.416 acc@1: 34.18 mrr: 42.12, ndcg: 45.01, took: 2.96s
Epoch 2, 66.0%	 loss: 4.325 acc@1: 35.39 mrr: 44.12, ndcg: 47.21, took: 3.06s
Epoch 2, 68.1%	 loss: 4.219 acc@1: 37.07 mrr: 45.89, ndcg: 49.16, took: 3.02s
Epoch 2, 70.2%	 loss: 4.163 acc@1: 37.62 mrr: 47.04, ndcg: 50.39, took: 2.97s
Epoch 2, 72.3%	 loss: 3.927 acc@1: 38.55 mrr: 49.48, ndcg: 53.39, took: 2.98s
Epoch 2, 74.5%	 loss: 4.021 acc@1: 36.99 mrr: 47.99, ndcg: 52.06, took: 3.00s
Epoch 2, 76.6%	 loss: 3.872 acc@1: 38.05 mrr: 49.70, ndcg: 53.76, took: 3.05s
Epoch 2, 78.7%	 loss: 3.840 acc@1: 39.34 mrr: 50.68, ndcg: 54.57, took: 2.95s
Epoch 2, 80.9%	 loss: 3.761 acc@1: 39.80 mrr: 52.09, ndcg: 56.29, took: 2.99s
Epoch 2, 83.0%	 loss: 3.701 acc@1: 40.12 mrr: 52.44, ndcg: 56.65, took: 3.01s
Epoch 2, 85.1%	 loss: 3.671 acc@1: 40.23 mrr: 52.74, ndcg: 57.00, took: 2.99s
Epoch 2, 87.2%	 loss: 3.557 acc@1: 41.13 mrr: 54.60, ndcg: 58.97, took: 2.96s
Epoch 2, 89.4%	 loss: 3.440 acc@1: 41.41 mrr: 54.92, ndcg: 59.29, took: 3.02s
Epoch 2, 91.5%	 loss: 3.481 acc@1: 41.88 mrr: 55.14, ndcg: 59.41, took: 2.97s
Epoch 2, 93.6%	 loss: 3.351 acc@1: 41.48 mrr: 55.59, ndcg: 60.27, took: 3.00s
Epoch 2, 95.7%	 loss: 3.446 acc@1: 38.48 mrr: 53.96, ndcg: 59.08, took: 2.73s
Epoch 2, 97.9%	 loss: 3.376 acc@1: 40.55 mrr: 55.01, ndcg: 59.72, took: 2.78s
Epoch 2, 100.0%	 loss: 3.284 acc@1: 42.50 mrr: 56.92, ndcg: 61.83, took: 3.00s
Validation - loss: 3.6071, acc@1: 39.98%, f1: 30.06%, mrr: 54.41%, ndcg: 59.21%
Current learning rate: 0.002000

=== Epoch 3 ===
Epoch 3, 2.1%	 loss: 3.112 acc@1: 42.58 mrr: 57.27, ndcg: 62.14, took: 3.05s
Epoch 3, 4.3%	 loss: 3.108 acc@1: 43.12 mrr: 57.41, ndcg: 62.21, took: 2.88s
Epoch 3, 6.4%	 loss: 2.927 acc@1: 44.26 mrr: 59.06, ndcg: 64.00, took: 2.96s
Epoch 3, 8.5%	 loss: 3.006 acc@1: 42.27 mrr: 57.57, ndcg: 62.80, took: 3.00s
Epoch 3, 10.6%	 loss: 2.995 acc@1: 43.91 mrr: 58.45, ndcg: 63.37, took: 2.93s
Epoch 3, 12.8%	 loss: 3.060 acc@1: 42.42 mrr: 57.52, ndcg: 62.71, took: 2.71s
Epoch 3, 14.9%	 loss: 3.044 acc@1: 42.50 mrr: 57.50, ndcg: 62.67, took: 2.91s
Epoch 3, 17.0%	 loss: 2.976 acc@1: 41.29 mrr: 57.11, ndcg: 62.52, took: 3.06s
Epoch 3, 19.1%	 loss: 2.968 acc@1: 40.55 mrr: 57.19, ndcg: 62.91, took: 2.89s
Epoch 3, 21.3%	 loss: 2.862 acc@1: 42.81 mrr: 58.49, ndcg: 63.91, took: 3.01s
Epoch 3, 23.4%	 loss: 2.957 acc@1: 42.54 mrr: 57.79, ndcg: 63.15, took: 3.13s
Epoch 3, 25.5%	 loss: 2.797 acc@1: 42.30 mrr: 58.60, ndcg: 64.30, took: 2.98s
Epoch 3, 27.7%	 loss: 2.929 acc@1: 42.89 mrr: 58.06, ndcg: 63.39, took: 2.91s
Epoch 3, 29.8%	 loss: 2.925 acc@1: 41.48 mrr: 57.79, ndcg: 63.35, took: 2.86s
Epoch 3, 31.9%	 loss: 2.794 acc@1: 42.34 mrr: 58.78, ndcg: 64.38, took: 3.00s
Epoch 3, 34.0%	 loss: 2.722 acc@1: 43.67 mrr: 59.79, ndcg: 65.47, took: 3.03s
Epoch 3, 36.2%	 loss: 2.808 acc@1: 40.35 mrr: 57.77, ndcg: 63.77, took: 2.93s
Epoch 3, 38.3%	 loss: 2.914 acc@1: 40.70 mrr: 57.05, ndcg: 62.69, took: 2.88s
Epoch 3, 40.4%	 loss: 2.872 acc@1: 40.55 mrr: 57.40, ndcg: 63.27, took: 3.07s
Epoch 3, 42.6%	 loss: 2.864 acc@1: 40.47 mrr: 57.28, ndcg: 63.34, took: 2.88s
Epoch 3, 44.7%	 loss: 2.790 acc@1: 41.88 mrr: 58.43, ndcg: 64.30, took: 2.79s
Epoch 3, 46.8%	 loss: 2.675 acc@1: 42.70 mrr: 59.40, ndcg: 65.29, took: 2.82s
Epoch 3, 48.9%	 loss: 2.739 acc@1: 43.28 mrr: 59.35, ndcg: 65.06, took: 2.91s
Epoch 3, 51.1%	 loss: 2.799 acc@1: 42.81 mrr: 58.52, ndcg: 64.21, took: 2.67s
Epoch 3, 53.2%	 loss: 2.629 acc@1: 41.52 mrr: 58.94, ndcg: 65.14, took: 2.91s
Epoch 3, 55.3%	 loss: 2.632 acc@1: 44.45 mrr: 60.37, ndcg: 66.10, took: 3.04s
Epoch 3, 57.4%	 loss: 2.855 acc@1: 41.25 mrr: 57.83, ndcg: 63.55, took: 2.79s
Epoch 3, 59.6%	 loss: 2.753 acc@1: 42.93 mrr: 58.98, ndcg: 64.76, took: 2.82s
Epoch 3, 61.7%	 loss: 2.680 acc@1: 42.07 mrr: 58.85, ndcg: 64.85, took: 3.01s
Epoch 3, 63.8%	 loss: 2.712 acc@1: 43.12 mrr: 59.09, ndcg: 64.95, took: 2.79s
Epoch 3, 66.0%	 loss: 2.684 acc@1: 42.73 mrr: 59.08, ndcg: 65.01, took: 2.80s
Epoch 3, 68.1%	 loss: 2.624 acc@1: 43.20 mrr: 59.54, ndcg: 65.41, took: 2.94s
Epoch 3, 70.2%	 loss: 2.637 acc@1: 43.67 mrr: 60.00, ndcg: 65.79, took: 3.04s
Epoch 3, 72.3%	 loss: 2.573 acc@1: 43.05 mrr: 59.84, ndcg: 65.88, took: 2.93s
Epoch 3, 74.5%	 loss: 2.606 acc@1: 44.18 mrr: 60.45, ndcg: 66.21, took: 3.13s
Epoch 3, 76.6%	 loss: 2.697 acc@1: 42.54 mrr: 58.99, ndcg: 64.82, took: 2.96s
Epoch 3, 78.7%	 loss: 2.640 acc@1: 41.76 mrr: 58.72, ndcg: 64.87, took: 3.04s
Epoch 3, 80.9%	 loss: 2.629 acc@1: 41.17 mrr: 58.45, ndcg: 64.88, took: 2.90s
Epoch 3, 83.0%	 loss: 2.775 acc@1: 42.23 mrr: 58.45, ndcg: 64.26, took: 2.92s
Epoch 3, 85.1%	 loss: 2.623 acc@1: 42.66 mrr: 59.27, ndcg: 65.48, took: 2.94s
Epoch 3, 87.2%	 loss: 2.667 acc@1: 42.54 mrr: 59.13, ndcg: 65.02, took: 2.92s
Epoch 3, 89.4%	 loss: 2.636 acc@1: 42.15 mrr: 59.19, ndcg: 65.15, took: 3.00s
Epoch 3, 91.5%	 loss: 2.606 acc@1: 41.56 mrr: 58.87, ndcg: 65.11, took: 2.84s
Epoch 3, 93.6%	 loss: 2.719 acc@1: 42.11 mrr: 58.31, ndcg: 64.17, took: 3.01s
Epoch 3, 95.7%	 loss: 2.680 acc@1: 43.83 mrr: 59.57, ndcg: 65.29, took: 2.95s
Epoch 3, 97.9%	 loss: 2.637 acc@1: 42.34 mrr: 59.09, ndcg: 65.09, took: 3.05s
Epoch 3, 100.0%	 loss: 2.651 acc@1: 42.38 mrr: 59.05, ndcg: 65.00, took: 3.02s
Validation - loss: 3.1291, acc@1: 40.25%, f1: 31.31%, mrr: 56.51%, ndcg: 62.33%
Current learning rate: 0.001958

=== Epoch 4 ===
Epoch 4, 2.1%	 loss: 2.364 acc@1: 43.52 mrr: 60.72, ndcg: 67.04, took: 2.98s
Epoch 4, 4.3%	 loss: 2.462 acc@1: 43.01 mrr: 59.84, ndcg: 65.86, took: 2.98s
Epoch 4, 6.4%	 loss: 2.439 acc@1: 42.93 mrr: 59.86, ndcg: 66.02, took: 3.11s
Epoch 4, 8.5%	 loss: 2.461 acc@1: 41.60 mrr: 58.82, ndcg: 65.09, took: 3.00s
Epoch 4, 10.6%	 loss: 2.408 acc@1: 43.36 mrr: 60.12, ndcg: 66.09, took: 2.96s
Epoch 4, 12.8%	 loss: 2.457 acc@1: 42.62 mrr: 59.46, ndcg: 65.79, took: 2.98s
Epoch 4, 14.9%	 loss: 2.387 acc@1: 43.67 mrr: 60.25, ndcg: 66.42, took: 3.03s
Epoch 4, 17.0%	 loss: 2.440 acc@1: 43.05 mrr: 59.99, ndcg: 65.98, took: 2.92s
Epoch 4, 19.1%	 loss: 2.484 acc@1: 40.74 mrr: 58.13, ndcg: 64.77, took: 2.94s
Epoch 4, 21.3%	 loss: 2.335 acc@1: 42.54 mrr: 60.54, ndcg: 66.91, took: 3.04s
Epoch 4, 23.4%	 loss: 2.553 acc@1: 40.27 mrr: 57.94, ndcg: 64.34, took: 2.96s
Epoch 4, 25.5%	 loss: 2.509 acc@1: 40.55 mrr: 58.46, ndcg: 64.90, took: 3.13s
Epoch 4, 27.7%	 loss: 2.454 acc@1: 42.50 mrr: 59.60, ndcg: 65.73, took: 2.77s
Epoch 4, 29.8%	 loss: 2.508 acc@1: 41.91 mrr: 58.92, ndcg: 64.96, took: 2.96s
Epoch 4, 31.9%	 loss: 2.366 acc@1: 43.24 mrr: 60.15, ndcg: 66.41, took: 3.03s
Epoch 4, 34.0%	 loss: 2.438 acc@1: 42.89 mrr: 59.72, ndcg: 65.84, took: 2.83s
Epoch 4, 36.2%	 loss: 2.431 acc@1: 42.46 mrr: 59.46, ndcg: 65.65, took: 2.83s
Epoch 4, 38.3%	 loss: 2.359 acc@1: 41.33 mrr: 59.69, ndcg: 66.10, took: 2.99s
Epoch 4, 40.4%	 loss: 2.495 acc@1: 41.56 mrr: 58.70, ndcg: 65.06, took: 2.89s
Epoch 4, 42.6%	 loss: 2.434 acc@1: 43.67 mrr: 60.24, ndcg: 66.03, took: 2.76s
Epoch 4, 44.7%	 loss: 2.456 acc@1: 42.03 mrr: 59.17, ndcg: 65.25, took: 2.73s
Epoch 4, 46.8%	 loss: 2.436 acc@1: 42.73 mrr: 59.72, ndcg: 66.07, took: 2.92s
Epoch 4, 48.9%	 loss: 2.512 acc@1: 42.77 mrr: 59.25, ndcg: 65.08, took: 3.02s
Epoch 4, 51.1%	 loss: 2.391 acc@1: 43.71 mrr: 60.33, ndcg: 66.48, took: 2.97s
Epoch 4, 53.2%	 loss: 2.432 acc@1: 43.63 mrr: 60.44, ndcg: 66.35, took: 2.91s
Epoch 4, 55.3%	 loss: 2.496 acc@1: 41.52 mrr: 58.74, ndcg: 64.95, took: 3.07s
Epoch 4, 57.4%	 loss: 2.410 acc@1: 42.27 mrr: 59.58, ndcg: 65.72, took: 2.97s
Epoch 4, 59.6%	 loss: 2.521 acc@1: 41.76 mrr: 58.71, ndcg: 64.84, took: 3.07s
Epoch 4, 61.7%	 loss: 2.394 acc@1: 41.76 mrr: 59.39, ndcg: 65.78, took: 3.02s
Epoch 4, 63.8%	 loss: 2.395 acc@1: 42.54 mrr: 59.91, ndcg: 66.17, took: 2.97s
Epoch 4, 66.0%	 loss: 2.414 acc@1: 43.28 mrr: 59.99, ndcg: 65.97, took: 3.01s
Epoch 4, 68.1%	 loss: 2.437 acc@1: 43.01 mrr: 59.68, ndcg: 65.81, took: 3.03s
Epoch 4, 70.2%	 loss: 2.485 acc@1: 41.84 mrr: 58.94, ndcg: 64.99, took: 2.80s
Epoch 4, 72.3%	 loss: 2.396 acc@1: 43.75 mrr: 60.24, ndcg: 66.23, took: 2.82s
Epoch 4, 74.5%	 loss: 2.353 acc@1: 42.70 mrr: 60.19, ndcg: 66.54, took: 3.16s
Epoch 4, 76.6%	 loss: 2.451 acc@1: 40.20 mrr: 58.66, ndcg: 65.29, took: 3.03s
Epoch 4, 78.7%	 loss: 2.413 acc@1: 43.44 mrr: 60.36, ndcg: 66.41, took: 3.02s
Epoch 4, 80.9%	 loss: 2.441 acc@1: 40.98 mrr: 58.84, ndcg: 65.20, took: 3.01s
Epoch 4, 83.0%	 loss: 2.478 acc@1: 42.07 mrr: 59.08, ndcg: 65.24, took: 2.98s
Epoch 4, 85.1%	 loss: 2.513 acc@1: 42.07 mrr: 59.18, ndcg: 65.36, took: 2.88s
Epoch 4, 87.2%	 loss: 2.467 acc@1: 40.35 mrr: 58.25, ndcg: 64.76, took: 3.00s
Epoch 4, 89.4%	 loss: 2.429 acc@1: 42.15 mrr: 59.32, ndcg: 65.67, took: 2.80s
Epoch 4, 91.5%	 loss: 2.324 acc@1: 42.73 mrr: 60.51, ndcg: 66.79, took: 2.68s
Epoch 4, 93.6%	 loss: 2.486 acc@1: 41.64 mrr: 58.86, ndcg: 64.99, took: 2.86s
Epoch 4, 95.7%	 loss: 2.375 acc@1: 41.91 mrr: 59.66, ndcg: 66.20, took: 3.02s
Epoch 4, 97.9%	 loss: 2.482 acc@1: 43.01 mrr: 59.71, ndcg: 65.69, took: 3.01s
Epoch 4, 100.0%	 loss: 2.420 acc@1: 43.09 mrr: 59.86, ndcg: 65.94, took: 3.01s
Validation - loss: 3.0658, acc@1: 40.44%, f1: 31.70%, mrr: 56.81%, ndcg: 62.71%
Current learning rate: 0.001917

=== Epoch 5 ===
Epoch 5, 2.1%	 loss: 2.295 acc@1: 42.73 mrr: 59.96, ndcg: 66.35, took: 2.98s
Epoch 5, 4.3%	 loss: 2.283 acc@1: 44.02 mrr: 60.82, ndcg: 66.96, took: 2.96s
Epoch 5, 6.4%	 loss: 2.311 acc@1: 41.72 mrr: 59.43, ndcg: 65.82, took: 2.99s
Epoch 5, 8.5%	 loss: 2.246 acc@1: 44.06 mrr: 60.89, ndcg: 66.96, took: 2.97s
Epoch 5, 10.6%	 loss: 2.313 acc@1: 42.23 mrr: 59.77, ndcg: 65.93, took: 3.00s
Epoch 5, 12.8%	 loss: 2.328 acc@1: 41.91 mrr: 59.52, ndcg: 65.76, took: 2.93s
Epoch 5, 14.9%	 loss: 2.377 acc@1: 41.52 mrr: 58.79, ndcg: 65.13, took: 3.05s
Epoch 5, 17.0%	 loss: 2.305 acc@1: 42.23 mrr: 59.67, ndcg: 65.82, took: 2.95s
Epoch 5, 19.1%	 loss: 2.259 acc@1: 44.14 mrr: 60.95, ndcg: 67.16, took: 2.90s
Epoch 5, 21.3%	 loss: 2.165 acc@1: 44.57 mrr: 61.74, ndcg: 67.88, took: 3.02s
Epoch 5, 23.4%	 loss: 2.226 acc@1: 44.53 mrr: 61.59, ndcg: 67.62, took: 2.94s
Epoch 5, 25.5%	 loss: 2.335 acc@1: 41.88 mrr: 59.51, ndcg: 65.83, took: 2.79s
Epoch 5, 27.7%	 loss: 2.264 acc@1: 42.54 mrr: 60.11, ndcg: 66.38, took: 2.92s
Epoch 5, 29.8%	 loss: 2.301 acc@1: 42.30 mrr: 59.69, ndcg: 66.00, took: 3.01s
Epoch 5, 31.9%	 loss: 2.349 acc@1: 42.58 mrr: 59.79, ndcg: 66.06, took: 3.05s
Epoch 5, 34.0%	 loss: 2.343 acc@1: 42.38 mrr: 59.36, ndcg: 65.46, took: 3.04s
Epoch 5, 36.2%	 loss: 2.235 acc@1: 43.91 mrr: 60.94, ndcg: 67.04, took: 2.99s
Epoch 5, 38.3%	 loss: 2.359 acc@1: 41.76 mrr: 59.27, ndcg: 65.55, took: 3.03s
Epoch 5, 40.4%	 loss: 2.306 acc@1: 42.23 mrr: 59.68, ndcg: 66.00, took: 2.75s
Epoch 5, 42.6%	 loss: 2.314 acc@1: 43.98 mrr: 60.75, ndcg: 66.70, took: 2.99s
Epoch 5, 44.7%	 loss: 2.281 acc@1: 42.19 mrr: 59.68, ndcg: 66.02, took: 2.97s
Epoch 5, 46.8%	 loss: 2.219 acc@1: 43.98 mrr: 61.19, ndcg: 67.36, took: 2.97s
Epoch 5, 48.9%	 loss: 2.383 acc@1: 41.99 mrr: 59.15, ndcg: 65.38, took: 3.06s
Epoch 5, 51.1%	 loss: 2.338 acc@1: 42.46 mrr: 59.72, ndcg: 65.88, took: 2.99s
Epoch 5, 53.2%	 loss: 2.376 acc@1: 39.80 mrr: 57.92, ndcg: 64.57, took: 3.00s
Epoch 5, 55.3%	 loss: 2.336 acc@1: 41.52 mrr: 59.05, ndcg: 65.28, took: 2.97s
Epoch 5, 57.4%	 loss: 2.243 acc@1: 43.01 mrr: 60.54, ndcg: 66.91, took: 3.02s
Epoch 5, 59.6%	 loss: 2.351 acc@1: 41.09 mrr: 58.86, ndcg: 65.28, took: 2.99s
Epoch 5, 61.7%	 loss: 2.279 acc@1: 41.88 mrr: 59.65, ndcg: 66.10, took: 2.95s
Epoch 5, 63.8%	 loss: 2.295 acc@1: 42.23 mrr: 59.68, ndcg: 65.99, took: 3.00s
Epoch 5, 66.0%	 loss: 2.376 acc@1: 41.17 mrr: 58.85, ndcg: 65.28, took: 2.96s
Epoch 5, 68.1%	 loss: 2.335 acc@1: 43.09 mrr: 60.10, ndcg: 66.30, took: 3.10s
Epoch 5, 70.2%	 loss: 2.324 acc@1: 42.11 mrr: 59.61, ndcg: 65.89, took: 2.93s
Epoch 5, 72.3%	 loss: 2.287 acc@1: 41.68 mrr: 59.56, ndcg: 66.17, took: 2.88s
Epoch 5, 74.5%	 loss: 2.346 acc@1: 40.94 mrr: 59.06, ndcg: 65.31, took: 2.74s
Epoch 5, 76.6%	 loss: 2.388 acc@1: 42.50 mrr: 59.28, ndcg: 65.37, took: 2.57s
Epoch 5, 78.7%	 loss: 2.200 acc@1: 43.20 mrr: 60.97, ndcg: 67.44, took: 2.79s
Epoch 5, 80.9%	 loss: 2.287 acc@1: 42.89 mrr: 60.05, ndcg: 66.19, took: 2.96s
Epoch 5, 83.0%	 loss: 2.250 acc@1: 43.36 mrr: 60.67, ndcg: 66.77, took: 3.01s
Epoch 5, 85.1%	 loss: 2.272 acc@1: 42.93 mrr: 60.30, ndcg: 66.68, took: 3.09s
Epoch 5, 87.2%	 loss: 2.362 acc@1: 40.35 mrr: 58.30, ndcg: 64.90, took: 2.90s
Epoch 5, 89.4%	 loss: 2.262 acc@1: 43.79 mrr: 61.15, ndcg: 67.40, took: 3.07s
Epoch 5, 91.5%	 loss: 2.266 acc@1: 43.44 mrr: 60.60, ndcg: 66.82, took: 2.97s
Epoch 5, 93.6%	 loss: 2.323 acc@1: 43.44 mrr: 60.31, ndcg: 66.49, took: 2.96s
Epoch 5, 95.7%	 loss: 2.255 acc@1: 42.77 mrr: 60.36, ndcg: 66.72, took: 3.00s
Epoch 5, 97.9%	 loss: 2.328 acc@1: 40.55 mrr: 58.81, ndcg: 65.38, took: 3.05s
Epoch 5, 100.0%	 loss: 2.292 acc@1: 42.42 mrr: 60.15, ndcg: 66.38, took: 2.92s
Validation - loss: 3.0287, acc@1: 41.23%, f1: 30.83%, mrr: 57.36%, ndcg: 63.24%
Current learning rate: 0.001875

=== Epoch 6 ===
Epoch 6, 2.1%	 loss: 2.178 acc@1: 42.89 mrr: 60.53, ndcg: 66.98, took: 3.02s
Epoch 6, 4.3%	 loss: 2.178 acc@1: 42.97 mrr: 60.77, ndcg: 67.10, took: 2.95s
Epoch 6, 6.4%	 loss: 2.157 acc@1: 43.63 mrr: 61.00, ndcg: 67.17, took: 2.93s
Epoch 6, 8.5%	 loss: 2.181 acc@1: 43.24 mrr: 60.61, ndcg: 66.93, took: 3.05s
Epoch 6, 10.6%	 loss: 2.199 acc@1: 41.41 mrr: 59.54, ndcg: 66.10, took: 3.07s
Epoch 6, 12.8%	 loss: 2.196 acc@1: 43.28 mrr: 60.53, ndcg: 66.63, took: 3.50s
Epoch 6, 14.9%	 loss: 2.171 acc@1: 43.09 mrr: 60.69, ndcg: 66.96, took: 2.92s
Epoch 6, 17.0%	 loss: 2.221 acc@1: 41.99 mrr: 59.99, ndcg: 66.44, took: 2.98s
Epoch 6, 19.1%	 loss: 2.205 acc@1: 42.54 mrr: 60.15, ndcg: 66.53, took: 2.92s
Epoch 6, 21.3%	 loss: 2.204 acc@1: 42.38 mrr: 60.09, ndcg: 66.46, took: 2.92s
Epoch 6, 23.4%	 loss: 2.210 acc@1: 44.38 mrr: 61.14, ndcg: 67.20, took: 2.89s
Epoch 6, 25.5%	 loss: 2.228 acc@1: 44.14 mrr: 60.69, ndcg: 66.66, took: 3.07s
Epoch 6, 27.7%	 loss: 2.254 acc@1: 42.34 mrr: 60.20, ndcg: 66.58, took: 2.97s
Epoch 6, 29.8%	 loss: 2.218 acc@1: 43.44 mrr: 60.61, ndcg: 66.73, took: 2.78s
Epoch 6, 31.9%	 loss: 2.254 acc@1: 40.55 mrr: 59.00, ndcg: 65.59, took: 2.95s
Epoch 6, 34.0%	 loss: 2.284 acc@1: 42.03 mrr: 59.41, ndcg: 65.68, took: 3.11s
Epoch 6, 36.2%	 loss: 2.256 acc@1: 42.30 mrr: 59.95, ndcg: 66.16, took: 2.90s
Epoch 6, 38.3%	 loss: 2.239 acc@1: 42.54 mrr: 60.06, ndcg: 66.27, took: 3.12s
Epoch 6, 40.4%	 loss: 2.291 acc@1: 41.41 mrr: 59.02, ndcg: 65.40, took: 3.03s
Epoch 6, 42.6%	 loss: 2.239 acc@1: 43.09 mrr: 60.42, ndcg: 66.58, took: 3.00s
Epoch 6, 44.7%	 loss: 2.292 acc@1: 42.73 mrr: 59.76, ndcg: 65.86, took: 2.98s
Epoch 6, 46.8%	 loss: 2.229 acc@1: 41.37 mrr: 59.66, ndcg: 66.05, took: 3.10s
Epoch 6, 48.9%	 loss: 2.238 acc@1: 42.23 mrr: 59.63, ndcg: 65.90, took: 2.91s
Epoch 6, 51.1%	 loss: 2.149 acc@1: 43.12 mrr: 60.99, ndcg: 67.39, took: 3.19s
Epoch 6, 53.2%	 loss: 2.227 acc@1: 43.79 mrr: 60.92, ndcg: 66.99, took: 2.91s
Epoch 6, 55.3%	 loss: 2.177 acc@1: 43.75 mrr: 61.14, ndcg: 67.30, took: 3.02s
Epoch 6, 57.4%	 loss: 2.314 acc@1: 43.32 mrr: 59.93, ndcg: 66.02, took: 2.99s
Epoch 6, 59.6%	 loss: 2.242 acc@1: 41.56 mrr: 59.56, ndcg: 66.09, took: 2.95s
Epoch 6, 61.7%	 loss: 2.182 acc@1: 44.18 mrr: 61.21, ndcg: 67.27, took: 3.04s
Epoch 6, 63.8%	 loss: 2.216 acc@1: 42.62 mrr: 60.36, ndcg: 66.62, took: 2.92s
Epoch 6, 66.0%	 loss: 2.226 acc@1: 43.67 mrr: 60.51, ndcg: 66.55, took: 2.98s
Epoch 6, 68.1%	 loss: 2.221 acc@1: 41.37 mrr: 59.62, ndcg: 66.22, took: 3.02s
Epoch 6, 70.2%	 loss: 2.257 acc@1: 42.89 mrr: 59.89, ndcg: 66.04, took: 3.04s
Epoch 6, 72.3%	 loss: 2.204 acc@1: 44.10 mrr: 61.00, ndcg: 67.04, took: 2.96s
Epoch 6, 74.5%	 loss: 2.242 acc@1: 42.58 mrr: 60.28, ndcg: 66.71, took: 3.03s
Epoch 6, 76.6%	 loss: 2.228 acc@1: 42.46 mrr: 60.35, ndcg: 66.77, took: 2.95s
Epoch 6, 78.7%	 loss: 2.235 acc@1: 42.58 mrr: 60.23, ndcg: 66.49, took: 3.06s
Epoch 6, 80.9%	 loss: 2.202 acc@1: 43.16 mrr: 60.65, ndcg: 66.79, took: 2.90s
Epoch 6, 83.0%	 loss: 2.279 acc@1: 41.33 mrr: 59.18, ndcg: 65.60, took: 2.89s
Epoch 6, 85.1%	 loss: 2.202 acc@1: 43.05 mrr: 60.46, ndcg: 66.69, took: 3.15s
Epoch 6, 87.2%	 loss: 2.274 acc@1: 43.83 mrr: 60.42, ndcg: 66.29, took: 3.08s
Epoch 6, 89.4%	 loss: 2.242 acc@1: 42.30 mrr: 60.10, ndcg: 66.49, took: 3.11s
Epoch 6, 91.5%	 loss: 2.175 acc@1: 43.71 mrr: 61.12, ndcg: 67.45, took: 3.05s
Epoch 6, 93.6%	 loss: 2.273 acc@1: 41.88 mrr: 59.49, ndcg: 65.88, took: 3.03s
Epoch 6, 95.7%	 loss: 2.234 acc@1: 43.63 mrr: 60.67, ndcg: 66.99, took: 2.96s
Epoch 6, 97.9%	 loss: 2.202 acc@1: 42.46 mrr: 60.26, ndcg: 66.53, took: 3.08s
Epoch 6, 100.0%	 loss: 2.243 acc@1: 41.45 mrr: 59.27, ndcg: 65.80, took: 3.01s
Validation - loss: 3.0185, acc@1: 40.80%, f1: 31.88%, mrr: 57.12%, ndcg: 62.93%
Current learning rate: 0.001833

=== Epoch 7 ===
Epoch 7, 2.1%	 loss: 2.061 acc@1: 44.69 mrr: 61.77, ndcg: 67.97, took: 2.97s
Epoch 7, 4.3%	 loss: 2.165 acc@1: 42.85 mrr: 60.31, ndcg: 66.66, took: 3.04s
Epoch 7, 6.4%	 loss: 2.175 acc@1: 42.77 mrr: 60.17, ndcg: 66.53, took: 2.95s
Epoch 7, 8.5%	 loss: 2.165 acc@1: 43.36 mrr: 60.64, ndcg: 66.90, took: 2.96s
Epoch 7, 10.6%	 loss: 2.178 acc@1: 43.09 mrr: 60.66, ndcg: 66.92, took: 2.95s
Epoch 7, 12.8%	 loss: 2.138 acc@1: 43.20 mrr: 60.94, ndcg: 67.34, took: 2.87s
Epoch 7, 14.9%	 loss: 2.161 acc@1: 42.03 mrr: 60.26, ndcg: 66.73, took: 2.80s
Epoch 7, 17.0%	 loss: 2.105 acc@1: 44.45 mrr: 61.62, ndcg: 67.83, took: 2.97s
Epoch 7, 19.1%	 loss: 2.167 acc@1: 43.75 mrr: 60.89, ndcg: 67.10, took: 2.83s
Epoch 7, 21.3%	 loss: 2.174 acc@1: 42.54 mrr: 60.42, ndcg: 66.93, took: 2.98s
Epoch 7, 23.4%	 loss: 2.235 acc@1: 41.72 mrr: 59.32, ndcg: 65.64, took: 2.98s
Epoch 7, 25.5%	 loss: 2.250 acc@1: 40.74 mrr: 58.90, ndcg: 65.25, took: 2.94s
Epoch 7, 27.7%	 loss: 2.170 acc@1: 43.40 mrr: 60.70, ndcg: 66.73, took: 2.89s
Epoch 7, 29.8%	 loss: 2.120 acc@1: 44.14 mrr: 61.41, ndcg: 67.82, took: 2.95s
Epoch 7, 31.9%	 loss: 2.213 acc@1: 41.95 mrr: 59.73, ndcg: 65.90, took: 2.99s
Epoch 7, 34.0%	 loss: 2.228 acc@1: 41.95 mrr: 59.41, ndcg: 65.76, took: 2.78s
Epoch 7, 36.2%	 loss: 2.115 acc@1: 42.07 mrr: 60.52, ndcg: 67.01, took: 2.86s
Epoch 7, 38.3%	 loss: 2.175 acc@1: 42.73 mrr: 60.35, ndcg: 66.72, took: 3.00s
Epoch 7, 40.4%	 loss: 2.131 acc@1: 43.12 mrr: 61.12, ndcg: 67.24, took: 3.01s
Epoch 7, 42.6%	 loss: 2.222 acc@1: 42.27 mrr: 59.85, ndcg: 66.02, took: 2.88s
Epoch 7, 44.7%	 loss: 2.161 acc@1: 43.63 mrr: 60.82, ndcg: 66.92, took: 3.07s
Epoch 7, 46.8%	 loss: 2.174 acc@1: 41.68 mrr: 59.70, ndcg: 66.12, took: 2.81s
Epoch 7, 48.9%	 loss: 2.242 acc@1: 41.52 mrr: 59.28, ndcg: 65.62, took: 2.77s
Epoch 7, 51.1%	 loss: 2.165 acc@1: 42.50 mrr: 60.42, ndcg: 66.69, took: 3.00s
Epoch 7, 53.2%	 loss: 2.170 acc@1: 43.48 mrr: 60.56, ndcg: 66.82, took: 3.01s
Epoch 7, 55.3%	 loss: 2.116 acc@1: 44.49 mrr: 61.73, ndcg: 67.92, took: 2.90s
Epoch 7, 57.4%	 loss: 2.268 acc@1: 41.72 mrr: 59.05, ndcg: 65.25, took: 2.99s
Epoch 7, 59.6%	 loss: 2.205 acc@1: 42.30 mrr: 60.08, ndcg: 66.35, took: 2.96s
Epoch 7, 61.7%	 loss: 2.232 acc@1: 41.48 mrr: 59.42, ndcg: 65.91, took: 3.01s
Epoch 7, 63.8%	 loss: 2.200 acc@1: 42.15 mrr: 59.99, ndcg: 66.30, took: 2.98s
Epoch 7, 66.0%	 loss: 2.169 acc@1: 44.18 mrr: 61.20, ndcg: 67.43, took: 3.04s
Epoch 7, 68.1%	 loss: 2.177 acc@1: 44.41 mrr: 61.32, ndcg: 67.39, took: 2.94s
Epoch 7, 70.2%	 loss: 2.277 acc@1: 39.73 mrr: 58.21, ndcg: 64.86, took: 2.82s
Epoch 7, 72.3%	 loss: 2.182 acc@1: 41.52 mrr: 59.71, ndcg: 66.29, took: 2.88s
Epoch 7, 74.5%	 loss: 2.203 acc@1: 41.80 mrr: 59.58, ndcg: 66.04, took: 3.00s
Epoch 7, 76.6%	 loss: 2.132 acc@1: 41.48 mrr: 60.04, ndcg: 66.79, took: 3.02s
Epoch 7, 78.7%	 loss: 2.154 acc@1: 43.28 mrr: 60.67, ndcg: 66.91, took: 2.97s
Epoch 7, 80.9%	 loss: 2.164 acc@1: 42.70 mrr: 60.49, ndcg: 66.91, took: 3.02s
Epoch 7, 83.0%	 loss: 2.232 acc@1: 41.64 mrr: 59.46, ndcg: 65.67, took: 3.10s
Epoch 7, 85.1%	 loss: 2.175 acc@1: 44.77 mrr: 61.36, ndcg: 67.37, took: 2.82s
Epoch 7, 87.2%	 loss: 2.214 acc@1: 43.09 mrr: 60.39, ndcg: 66.55, took: 2.78s
Epoch 7, 89.4%	 loss: 2.209 acc@1: 43.05 mrr: 60.39, ndcg: 66.62, took: 2.73s
Epoch 7, 91.5%	 loss: 2.146 acc@1: 42.23 mrr: 60.49, ndcg: 67.15, took: 2.67s
Epoch 7, 93.6%	 loss: 2.242 acc@1: 41.84 mrr: 59.38, ndcg: 65.76, took: 2.76s
Epoch 7, 95.7%	 loss: 2.073 acc@1: 43.01 mrr: 61.53, ndcg: 68.15, took: 2.77s
Epoch 7, 97.9%	 loss: 2.086 acc@1: 42.66 mrr: 61.19, ndcg: 67.50, took: 2.67s
Epoch 7, 100.0%	 loss: 2.167 acc@1: 43.01 mrr: 60.62, ndcg: 67.02, took: 2.74s
Validation - loss: 3.0345, acc@1: 40.85%, f1: 32.49%, mrr: 57.22%, ndcg: 63.01%
Current learning rate: 0.001792

=== Epoch 8 ===
Epoch 8, 2.1%	 loss: 2.039 acc@1: 44.34 mrr: 62.01, ndcg: 68.44, took: 2.89s
Epoch 8, 4.3%	 loss: 2.052 acc@1: 44.26 mrr: 62.08, ndcg: 68.48, took: 2.81s
Epoch 8, 6.4%	 loss: 2.110 acc@1: 43.16 mrr: 60.60, ndcg: 67.01, took: 2.80s
Epoch 8, 8.5%	 loss: 2.136 acc@1: 41.64 mrr: 59.86, ndcg: 66.39, took: 2.65s
Epoch 8, 10.6%	 loss: 2.121 acc@1: 43.09 mrr: 60.65, ndcg: 67.23, took: 2.74s
Epoch 8, 12.8%	 loss: 2.066 acc@1: 45.51 mrr: 62.08, ndcg: 68.13, took: 2.67s
Epoch 8, 14.9%	 loss: 2.132 acc@1: 42.50 mrr: 60.30, ndcg: 66.68, took: 2.55s
Epoch 8, 17.0%	 loss: 2.140 acc@1: 42.27 mrr: 60.17, ndcg: 66.66, took: 2.65s
Epoch 8, 19.1%	 loss: 2.167 acc@1: 42.11 mrr: 59.98, ndcg: 66.34, took: 2.67s
Epoch 8, 21.3%	 loss: 2.101 acc@1: 43.83 mrr: 61.20, ndcg: 67.52, took: 2.70s
Epoch 8, 23.4%	 loss: 2.190 acc@1: 41.72 mrr: 59.60, ndcg: 65.89, took: 2.67s
Epoch 8, 25.5%	 loss: 2.096 acc@1: 42.81 mrr: 60.74, ndcg: 67.23, took: 2.61s
Epoch 8, 27.7%	 loss: 2.097 acc@1: 43.12 mrr: 60.82, ndcg: 67.12, took: 2.57s
Epoch 8, 29.8%	 loss: 2.145 acc@1: 42.97 mrr: 60.44, ndcg: 66.91, took: 2.45s
Epoch 8, 31.9%	 loss: 2.139 acc@1: 41.99 mrr: 60.08, ndcg: 66.60, took: 2.40s
Epoch 8, 34.0%	 loss: 2.173 acc@1: 41.52 mrr: 59.41, ndcg: 65.68, took: 2.49s
Epoch 8, 36.2%	 loss: 2.142 acc@1: 42.58 mrr: 60.35, ndcg: 66.67, took: 2.40s
Epoch 8, 38.3%	 loss: 2.131 acc@1: 42.97 mrr: 60.73, ndcg: 67.11, took: 2.46s
Epoch 8, 40.4%	 loss: 2.170 acc@1: 43.95 mrr: 60.63, ndcg: 66.50, took: 2.59s
Epoch 8, 42.6%	 loss: 2.138 acc@1: 43.63 mrr: 60.95, ndcg: 67.04, took: 2.61s
Epoch 8, 44.7%	 loss: 2.137 acc@1: 42.38 mrr: 60.06, ndcg: 66.32, took: 2.69s
Epoch 8, 46.8%	 loss: 2.086 acc@1: 42.93 mrr: 60.84, ndcg: 67.42, took: 2.64s
Epoch 8, 48.9%	 loss: 2.122 acc@1: 42.85 mrr: 60.67, ndcg: 67.00, took: 2.53s
Epoch 8, 51.1%	 loss: 2.196 acc@1: 42.54 mrr: 59.63, ndcg: 66.00, took: 2.62s
Epoch 8, 53.2%	 loss: 2.142 acc@1: 42.62 mrr: 60.22, ndcg: 66.52, took: 2.58s
Epoch 8, 55.3%	 loss: 2.095 acc@1: 44.53 mrr: 61.70, ndcg: 67.84, took: 2.48s
Epoch 8, 57.4%	 loss: 2.119 acc@1: 43.05 mrr: 60.64, ndcg: 66.93, took: 2.49s
Epoch 8, 59.6%	 loss: 2.159 acc@1: 42.93 mrr: 60.54, ndcg: 66.73, took: 2.69s
Epoch 8, 61.7%	 loss: 2.084 acc@1: 43.05 mrr: 61.13, ndcg: 67.47, took: 2.62s
Epoch 8, 63.8%	 loss: 2.072 acc@1: 43.95 mrr: 61.78, ndcg: 68.11, took: 2.61s
Epoch 8, 66.0%	 loss: 2.102 acc@1: 43.09 mrr: 60.96, ndcg: 67.19, took: 2.60s
Epoch 8, 68.1%	 loss: 2.121 acc@1: 43.55 mrr: 61.08, ndcg: 67.23, took: 2.55s
Epoch 8, 70.2%	 loss: 2.138 acc@1: 42.77 mrr: 60.68, ndcg: 66.99, took: 2.58s
Epoch 8, 72.3%	 loss: 2.095 acc@1: 43.87 mrr: 61.48, ndcg: 67.71, took: 2.70s
Epoch 8, 74.5%	 loss: 2.165 acc@1: 42.58 mrr: 60.17, ndcg: 66.58, took: 2.60s
Epoch 8, 76.6%	 loss: 2.154 acc@1: 43.12 mrr: 60.71, ndcg: 66.96, took: 2.59s
Epoch 8, 78.7%	 loss: 2.141 acc@1: 42.15 mrr: 59.99, ndcg: 66.50, took: 2.40s
Epoch 8, 80.9%	 loss: 2.243 acc@1: 42.38 mrr: 59.71, ndcg: 65.74, took: 2.56s
Epoch 8, 83.0%	 loss: 2.126 acc@1: 42.85 mrr: 60.64, ndcg: 66.97, took: 2.66s
Epoch 8, 85.1%	 loss: 2.155 acc@1: 42.73 mrr: 60.69, ndcg: 66.99, took: 2.66s
Epoch 8, 87.2%	 loss: 2.174 acc@1: 42.34 mrr: 60.10, ndcg: 66.41, took: 2.65s
Epoch 8, 89.4%	 loss: 2.164 acc@1: 42.77 mrr: 60.43, ndcg: 66.66, took: 2.86s
Epoch 8, 91.5%	 loss: 2.198 acc@1: 43.09 mrr: 60.36, ndcg: 66.48, took: 2.80s
Epoch 8, 93.6%	 loss: 2.206 acc@1: 42.19 mrr: 59.80, ndcg: 66.25, took: 2.89s
Epoch 8, 95.7%	 loss: 2.104 acc@1: 44.18 mrr: 61.68, ndcg: 68.05, took: 2.84s
Epoch 8, 97.9%	 loss: 2.279 acc@1: 41.17 mrr: 58.72, ndcg: 65.14, took: 2.83s
Epoch 8, 100.0%	 loss: 2.074 acc@1: 45.12 mrr: 62.09, ndcg: 68.14, took: 2.89s
Validation - loss: 3.0158, acc@1: 41.39%, f1: 31.96%, mrr: 57.62%, ndcg: 63.48%
Current learning rate: 0.001750

=== Epoch 9 ===
Epoch 9, 2.1%	 loss: 2.044 acc@1: 43.16 mrr: 61.36, ndcg: 68.10, took: 2.84s
Epoch 9, 4.3%	 loss: 2.049 acc@1: 44.18 mrr: 61.75, ndcg: 67.92, took: 2.77s
Epoch 9, 6.4%	 loss: 2.080 acc@1: 42.81 mrr: 61.03, ndcg: 67.53, took: 2.79s
Epoch 9, 8.5%	 loss: 2.051 acc@1: 42.58 mrr: 60.96, ndcg: 67.55, took: 2.58s
Epoch 9, 10.6%	 loss: 2.107 acc@1: 42.03 mrr: 60.05, ndcg: 66.72, took: 2.69s
Epoch 9, 12.8%	 loss: 2.007 acc@1: 43.12 mrr: 61.43, ndcg: 68.03, took: 2.66s
Epoch 9, 14.9%	 loss: 2.129 acc@1: 43.09 mrr: 60.48, ndcg: 66.84, took: 2.75s
Epoch 9, 17.0%	 loss: 2.109 acc@1: 42.34 mrr: 60.04, ndcg: 66.46, took: 2.81s
Epoch 9, 19.1%	 loss: 2.071 acc@1: 44.26 mrr: 61.65, ndcg: 67.77, took: 2.88s
Epoch 9, 21.3%	 loss: 2.044 acc@1: 44.34 mrr: 61.81, ndcg: 68.07, took: 2.75s
Epoch 9, 23.4%	 loss: 2.179 acc@1: 42.50 mrr: 59.95, ndcg: 66.15, took: 2.77s
Epoch 9, 25.5%	 loss: 2.114 acc@1: 42.62 mrr: 60.29, ndcg: 66.64, took: 2.70s
Epoch 9, 27.7%	 loss: 2.089 acc@1: 42.23 mrr: 60.19, ndcg: 66.87, took: 2.75s
Epoch 9, 29.8%	 loss: 2.042 acc@1: 42.46 mrr: 60.71, ndcg: 67.28, took: 2.87s
Epoch 9, 31.9%	 loss: 2.040 acc@1: 44.45 mrr: 62.03, ndcg: 68.41, took: 2.84s
Epoch 9, 34.0%	 loss: 2.115 acc@1: 41.80 mrr: 59.83, ndcg: 66.33, took: 2.83s
Epoch 9, 36.2%	 loss: 2.105 acc@1: 44.45 mrr: 61.37, ndcg: 67.47, took: 2.83s
Epoch 9, 38.3%	 loss: 2.129 acc@1: 42.03 mrr: 59.90, ndcg: 66.38, took: 2.87s
Epoch 9, 40.4%	 loss: 2.118 acc@1: 43.36 mrr: 60.90, ndcg: 67.16, took: 2.86s
Epoch 9, 42.6%	 loss: 2.048 acc@1: 44.38 mrr: 61.77, ndcg: 67.91, took: 2.86s
Epoch 9, 44.7%	 loss: 2.056 acc@1: 45.00 mrr: 62.14, ndcg: 68.08, took: 2.87s
Epoch 9, 46.8%	 loss: 2.113 acc@1: 44.14 mrr: 61.50, ndcg: 67.55, took: 2.86s
Epoch 9, 48.9%	 loss: 2.079 acc@1: 42.85 mrr: 60.79, ndcg: 67.43, took: 2.79s
Epoch 9, 51.1%	 loss: 2.150 acc@1: 42.54 mrr: 60.25, ndcg: 66.51, took: 2.76s
Epoch 9, 53.2%	 loss: 2.076 acc@1: 43.40 mrr: 61.19, ndcg: 67.56, took: 2.78s
Epoch 9, 55.3%	 loss: 2.133 acc@1: 42.73 mrr: 60.44, ndcg: 66.68, took: 2.83s
Epoch 9, 57.4%	 loss: 2.106 acc@1: 43.01 mrr: 60.74, ndcg: 67.14, took: 2.80s
Epoch 9, 59.6%	 loss: 2.166 acc@1: 42.30 mrr: 59.96, ndcg: 66.32, took: 2.63s
Epoch 9, 61.7%	 loss: 2.038 acc@1: 45.82 mrr: 62.73, ndcg: 68.62, took: 2.54s
Epoch 9, 63.8%	 loss: 2.146 acc@1: 44.14 mrr: 61.19, ndcg: 67.32, took: 2.89s
Epoch 9, 66.0%	 loss: 2.141 acc@1: 41.91 mrr: 60.21, ndcg: 66.57, took: 2.87s
Epoch 9, 68.1%	 loss: 2.148 acc@1: 42.03 mrr: 60.00, ndcg: 66.23, took: 2.72s
Epoch 9, 70.2%	 loss: 2.214 acc@1: 42.89 mrr: 59.92, ndcg: 66.05, took: 2.84s
Epoch 9, 72.3%	 loss: 2.063 acc@1: 42.54 mrr: 60.74, ndcg: 67.27, took: 2.71s
Epoch 9, 74.5%	 loss: 2.127 acc@1: 44.41 mrr: 61.46, ndcg: 67.50, took: 2.63s
Epoch 9, 76.6%	 loss: 2.134 acc@1: 42.46 mrr: 60.29, ndcg: 66.67, took: 2.85s
Epoch 9, 78.7%	 loss: 2.134 acc@1: 42.07 mrr: 60.22, ndcg: 66.64, took: 2.84s
Epoch 9, 80.9%	 loss: 2.128 acc@1: 42.81 mrr: 60.77, ndcg: 67.09, took: 2.83s
Epoch 9, 83.0%	 loss: 2.111 acc@1: 43.24 mrr: 60.86, ndcg: 67.33, took: 2.84s
Epoch 9, 85.1%	 loss: 2.120 acc@1: 42.70 mrr: 60.80, ndcg: 67.26, took: 2.80s
Epoch 9, 87.2%	 loss: 2.133 acc@1: 40.62 mrr: 59.35, ndcg: 65.99, took: 2.87s
Epoch 9, 89.4%	 loss: 2.121 acc@1: 43.59 mrr: 61.09, ndcg: 67.23, took: 2.79s
Epoch 9, 91.5%	 loss: 2.108 acc@1: 42.97 mrr: 60.91, ndcg: 67.14, took: 2.81s
Epoch 9, 93.6%	 loss: 2.087 acc@1: 44.41 mrr: 61.72, ndcg: 67.85, took: 2.79s
Epoch 9, 95.7%	 loss: 2.152 acc@1: 42.58 mrr: 60.39, ndcg: 66.51, took: 2.75s
Epoch 9, 97.9%	 loss: 2.096 acc@1: 44.34 mrr: 61.52, ndcg: 67.67, took: 2.49s
Epoch 9, 100.0%	 loss: 2.125 acc@1: 42.81 mrr: 60.85, ndcg: 67.23, took: 2.82s
Validation - loss: 3.0183, acc@1: 41.09%, f1: 32.53%, mrr: 57.48%, ndcg: 63.29%
Current learning rate: 0.001708

=== Epoch 10 ===
Epoch 10, 2.1%	 loss: 2.064 acc@1: 43.01 mrr: 61.28, ndcg: 67.83, took: 2.83s
Epoch 10, 4.3%	 loss: 2.004 acc@1: 44.88 mrr: 62.22, ndcg: 68.55, took: 2.84s
Epoch 10, 6.4%	 loss: 1.992 acc@1: 44.18 mrr: 62.05, ndcg: 68.48, took: 2.56s
Epoch 10, 8.5%	 loss: 2.065 acc@1: 43.32 mrr: 60.96, ndcg: 67.58, took: 2.66s
Epoch 10, 10.6%	 loss: 2.080 acc@1: 44.65 mrr: 61.28, ndcg: 67.45, took: 2.68s
Epoch 10, 12.8%	 loss: 2.051 acc@1: 43.12 mrr: 60.92, ndcg: 67.17, took: 2.58s
Epoch 10, 14.9%	 loss: 1.951 acc@1: 43.52 mrr: 62.13, ndcg: 68.94, took: 2.66s
Epoch 10, 17.0%	 loss: 2.038 acc@1: 43.36 mrr: 61.46, ndcg: 67.63, took: 2.81s
Epoch 10, 19.1%	 loss: 2.054 acc@1: 42.19 mrr: 60.42, ndcg: 66.98, took: 2.78s
Epoch 10, 21.3%	 loss: 2.103 acc@1: 42.38 mrr: 60.10, ndcg: 66.36, took: 2.88s
Epoch 10, 23.4%	 loss: 2.094 acc@1: 44.02 mrr: 61.06, ndcg: 67.25, took: 2.81s
Epoch 10, 25.5%	 loss: 2.025 acc@1: 44.34 mrr: 61.92, ndcg: 68.01, took: 2.68s
Epoch 10, 27.7%	 loss: 2.097 acc@1: 42.27 mrr: 60.52, ndcg: 67.05, took: 2.86s
Epoch 10, 29.8%	 loss: 2.003 acc@1: 44.73 mrr: 62.29, ndcg: 68.70, took: 2.87s
Epoch 10, 31.9%	 loss: 2.039 acc@1: 42.19 mrr: 60.65, ndcg: 67.40, took: 2.88s
Epoch 10, 34.0%	 loss: 2.050 acc@1: 42.50 mrr: 60.93, ndcg: 67.49, took: 2.87s
Epoch 10, 36.2%	 loss: 2.088 acc@1: 43.63 mrr: 61.14, ndcg: 67.36, took: 2.83s
Epoch 10, 38.3%	 loss: 2.016 acc@1: 43.55 mrr: 61.66, ndcg: 68.24, took: 2.75s
Epoch 10, 40.4%	 loss: 2.087 acc@1: 42.66 mrr: 60.80, ndcg: 67.18, took: 2.87s
Epoch 10, 42.6%	 loss: 2.061 acc@1: 42.73 mrr: 60.80, ndcg: 67.36, took: 3.27s
Epoch 10, 44.7%	 loss: 1.992 acc@1: 44.57 mrr: 62.24, ndcg: 68.56, took: 2.78s
Epoch 10, 46.8%	 loss: 2.046 acc@1: 43.83 mrr: 61.56, ndcg: 68.02, took: 2.79s
Epoch 10, 48.9%	 loss: 2.065 acc@1: 42.97 mrr: 60.98, ndcg: 67.31, took: 2.81s
Epoch 10, 51.1%	 loss: 1.991 acc@1: 45.90 mrr: 62.90, ndcg: 68.96, took: 2.56s
Epoch 10, 53.2%	 loss: 2.034 acc@1: 44.22 mrr: 61.85, ndcg: 68.08, took: 2.71s
Epoch 10, 55.3%	 loss: 2.053 acc@1: 43.98 mrr: 61.59, ndcg: 67.90, took: 2.87s
Epoch 10, 57.4%	 loss: 2.079 acc@1: 42.50 mrr: 60.75, ndcg: 67.36, took: 2.77s
Epoch 10, 59.6%	 loss: 2.166 acc@1: 41.99 mrr: 59.78, ndcg: 66.20, took: 2.78s
Epoch 10, 61.7%	 loss: 2.109 acc@1: 42.34 mrr: 60.52, ndcg: 67.04, took: 2.59s
Epoch 10, 63.8%	 loss: 2.133 acc@1: 43.40 mrr: 60.51, ndcg: 66.80, took: 2.69s
Epoch 10, 66.0%	 loss: 2.129 acc@1: 41.95 mrr: 60.05, ndcg: 66.63, took: 2.76s
Epoch 10, 68.1%	 loss: 2.111 acc@1: 42.50 mrr: 60.26, ndcg: 66.61, took: 2.78s
Epoch 10, 70.2%	 loss: 2.052 acc@1: 43.75 mrr: 61.46, ndcg: 67.87, took: 2.82s
Epoch 10, 72.3%	 loss: 2.125 acc@1: 42.50 mrr: 60.33, ndcg: 66.60, took: 2.91s
Epoch 10, 74.5%	 loss: 2.101 acc@1: 43.75 mrr: 61.13, ndcg: 67.27, took: 2.81s
Epoch 10, 76.6%	 loss: 2.082 acc@1: 43.44 mrr: 61.30, ndcg: 67.62, took: 2.73s
Epoch 10, 78.7%	 loss: 2.121 acc@1: 43.09 mrr: 60.39, ndcg: 66.48, took: 2.85s
Epoch 10, 80.9%	 loss: 2.099 acc@1: 43.32 mrr: 61.00, ndcg: 67.33, took: 2.85s
Epoch 10, 83.0%	 loss: 2.099 acc@1: 43.36 mrr: 60.76, ndcg: 67.06, took: 2.88s
Epoch 10, 85.1%	 loss: 2.055 acc@1: 44.22 mrr: 61.68, ndcg: 68.17, took: 2.87s
Epoch 10, 87.2%	 loss: 2.148 acc@1: 42.23 mrr: 60.16, ndcg: 66.51, took: 2.84s
Epoch 10, 89.4%	 loss: 2.112 acc@1: 42.46 mrr: 60.38, ndcg: 66.83, took: 2.81s
Epoch 10, 91.5%	 loss: 2.188 acc@1: 42.38 mrr: 59.63, ndcg: 65.83, took: 2.61s
Epoch 10, 93.6%	 loss: 2.137 acc@1: 42.30 mrr: 60.14, ndcg: 66.38, took: 2.73s
Epoch 10, 95.7%	 loss: 2.096 acc@1: 43.20 mrr: 61.11, ndcg: 67.34, took: 2.76s
Epoch 10, 97.9%	 loss: 2.137 acc@1: 42.34 mrr: 60.14, ndcg: 66.57, took: 2.82s
Epoch 10, 100.0%	 loss: 2.146 acc@1: 42.66 mrr: 60.31, ndcg: 66.50, took: 2.83s
Validation - loss: 3.0425, acc@1: 41.23%, f1: 32.90%, mrr: 57.49%, ndcg: 63.27%
Current learning rate: 0.001667

=== Epoch 11 ===
Epoch 11, 2.1%	 loss: 1.958 acc@1: 43.24 mrr: 61.72, ndcg: 68.42, took: 2.80s
Epoch 11, 4.3%	 loss: 1.991 acc@1: 43.91 mrr: 61.92, ndcg: 68.47, took: 2.86s
Epoch 11, 6.4%	 loss: 1.974 acc@1: 44.10 mrr: 62.10, ndcg: 68.45, took: 2.77s
Epoch 11, 8.5%	 loss: 2.010 acc@1: 42.07 mrr: 60.77, ndcg: 67.74, took: 2.59s
Epoch 11, 10.6%	 loss: 2.041 acc@1: 43.40 mrr: 61.17, ndcg: 67.45, took: 2.73s
Epoch 11, 12.8%	 loss: 2.061 acc@1: 42.38 mrr: 60.52, ndcg: 67.05, took: 2.82s
Epoch 11, 14.9%	 loss: 1.991 acc@1: 44.92 mrr: 62.29, ndcg: 68.47, took: 2.85s
Epoch 11, 17.0%	 loss: 2.060 acc@1: 41.68 mrr: 60.28, ndcg: 67.08, took: 2.83s
Epoch 11, 19.1%	 loss: 2.048 acc@1: 42.62 mrr: 60.77, ndcg: 67.32, took: 2.88s
Epoch 11, 21.3%	 loss: 2.008 acc@1: 44.02 mrr: 61.90, ndcg: 68.38, took: 2.86s
Epoch 11, 23.4%	 loss: 1.983 acc@1: 44.02 mrr: 62.01, ndcg: 68.40, took: 2.89s
Epoch 11, 25.5%	 loss: 1.971 acc@1: 44.10 mrr: 62.15, ndcg: 68.61, took: 2.84s
Epoch 11, 27.7%	 loss: 2.038 acc@1: 43.32 mrr: 61.21, ndcg: 67.66, took: 2.80s
Epoch 11, 29.8%	 loss: 2.078 acc@1: 42.38 mrr: 60.57, ndcg: 66.97, took: 2.87s
Epoch 11, 31.9%	 loss: 2.083 acc@1: 42.54 mrr: 60.50, ndcg: 66.97, took: 2.82s
Epoch 11, 34.0%	 loss: 2.044 acc@1: 42.62 mrr: 60.79, ndcg: 67.22, took: 2.85s
Epoch 11, 36.2%	 loss: 2.102 acc@1: 41.56 mrr: 60.10, ndcg: 66.51, took: 2.70s
Epoch 11, 38.3%	 loss: 2.065 acc@1: 43.75 mrr: 61.23, ndcg: 67.49, took: 2.29s
Epoch 11, 40.4%	 loss: 1.970 acc@1: 44.73 mrr: 62.38, ndcg: 68.53, took: 2.61s
Epoch 11, 42.6%	 loss: 2.034 acc@1: 43.20 mrr: 61.15, ndcg: 67.68, took: 2.90s
Epoch 11, 44.7%	 loss: 2.066 acc@1: 43.40 mrr: 60.97, ndcg: 67.37, took: 2.90s
Epoch 11, 46.8%	 loss: 2.044 acc@1: 44.92 mrr: 62.11, ndcg: 68.21, took: 2.82s
Epoch 11, 48.9%	 loss: 2.097 acc@1: 42.42 mrr: 60.46, ndcg: 66.85, took: 2.72s
Epoch 11, 51.1%	 loss: 2.047 acc@1: 42.46 mrr: 60.84, ndcg: 67.43, took: 2.74s
Epoch 11, 53.2%	 loss: 2.081 acc@1: 42.85 mrr: 60.91, ndcg: 67.18, took: 2.86s
Epoch 11, 55.3%	 loss: 2.070 acc@1: 42.11 mrr: 60.37, ndcg: 66.92, took: 2.84s
Epoch 11, 57.4%	 loss: 2.070 acc@1: 41.91 mrr: 60.50, ndcg: 66.97, took: 2.79s
Epoch 11, 59.6%	 loss: 2.047 acc@1: 43.12 mrr: 61.17, ndcg: 67.50, took: 2.80s
Epoch 11, 61.7%	 loss: 2.063 acc@1: 42.54 mrr: 60.91, ndcg: 67.32, took: 2.81s
Epoch 11, 63.8%	 loss: 2.070 acc@1: 42.81 mrr: 61.03, ndcg: 67.41, took: 2.88s
Epoch 11, 66.0%	 loss: 2.140 acc@1: 42.58 mrr: 59.98, ndcg: 66.25, took: 2.85s
Epoch 11, 68.1%	 loss: 2.051 acc@1: 43.87 mrr: 61.47, ndcg: 67.80, took: 2.82s
Epoch 11, 70.2%	 loss: 2.124 acc@1: 41.05 mrr: 59.43, ndcg: 65.98, took: 2.85s
Epoch 11, 72.3%	 loss: 2.005 acc@1: 43.95 mrr: 61.84, ndcg: 68.29, took: 2.80s
Epoch 11, 74.5%	 loss: 2.037 acc@1: 43.09 mrr: 61.43, ndcg: 67.93, took: 2.84s
Epoch 11, 76.6%	 loss: 2.056 acc@1: 43.24 mrr: 61.06, ndcg: 67.55, took: 2.74s
Epoch 11, 78.7%	 loss: 2.056 acc@1: 42.89 mrr: 61.04, ndcg: 67.42, took: 2.77s
Epoch 11, 80.9%	 loss: 2.088 acc@1: 41.72 mrr: 60.29, ndcg: 66.99, took: 2.81s
Epoch 11, 83.0%	 loss: 2.000 acc@1: 44.22 mrr: 62.15, ndcg: 68.58, took: 2.84s
Epoch 11, 85.1%	 loss: 2.103 acc@1: 43.75 mrr: 61.16, ndcg: 67.33, took: 2.87s
Epoch 11, 87.2%	 loss: 2.044 acc@1: 44.18 mrr: 61.78, ndcg: 68.16, took: 2.87s
Epoch 11, 89.4%	 loss: 2.023 acc@1: 43.55 mrr: 61.59, ndcg: 68.04, took: 2.73s
Epoch 11, 91.5%	 loss: 2.155 acc@1: 43.87 mrr: 60.75, ndcg: 66.88, took: 2.64s
Epoch 11, 93.6%	 loss: 2.064 acc@1: 42.46 mrr: 60.66, ndcg: 67.19, took: 2.67s
Epoch 11, 95.7%	 loss: 2.097 acc@1: 43.44 mrr: 60.97, ndcg: 67.39, took: 2.72s
Epoch 11, 97.9%	 loss: 2.067 acc@1: 42.73 mrr: 60.92, ndcg: 67.42, took: 2.83s
Epoch 11, 100.0%	 loss: 2.151 acc@1: 42.38 mrr: 60.28, ndcg: 66.57, took: 2.82s
Validation - loss: 3.0499, acc@1: 41.55%, f1: 33.01%, mrr: 57.56%, ndcg: 63.37%
Current learning rate: 0.001625

=== Epoch 12 ===
Epoch 12, 2.1%	 loss: 1.949 acc@1: 44.26 mrr: 62.26, ndcg: 68.92, took: 2.90s
Epoch 12, 4.3%	 loss: 1.920 acc@1: 44.14 mrr: 62.44, ndcg: 69.17, took: 2.77s
Epoch 12, 6.4%	 loss: 1.947 acc@1: 44.96 mrr: 62.76, ndcg: 69.19, took: 2.65s
Epoch 12, 8.5%	 loss: 1.924 acc@1: 43.87 mrr: 62.33, ndcg: 68.96, took: 2.80s
Epoch 12, 10.6%	 loss: 2.001 acc@1: 42.03 mrr: 60.73, ndcg: 67.64, took: 2.85s
Epoch 12, 12.8%	 loss: 1.965 acc@1: 44.92 mrr: 62.36, ndcg: 68.65, took: 2.79s
Epoch 12, 14.9%	 loss: 1.988 acc@1: 44.84 mrr: 62.35, ndcg: 68.54, took: 2.80s
Epoch 12, 17.0%	 loss: 1.939 acc@1: 45.00 mrr: 62.73, ndcg: 69.08, took: 2.72s
Epoch 12, 19.1%	 loss: 1.989 acc@1: 44.02 mrr: 62.04, ndcg: 68.44, took: 2.65s
Epoch 12, 21.3%	 loss: 2.053 acc@1: 41.41 mrr: 60.32, ndcg: 66.96, took: 2.71s
Epoch 12, 23.4%	 loss: 2.061 acc@1: 41.80 mrr: 60.33, ndcg: 67.05, took: 2.86s
Epoch 12, 25.5%	 loss: 2.005 acc@1: 44.06 mrr: 61.81, ndcg: 68.20, took: 2.77s
Epoch 12, 27.7%	 loss: 1.994 acc@1: 43.09 mrr: 61.36, ndcg: 67.96, took: 2.84s
Epoch 12, 29.8%	 loss: 2.024 acc@1: 44.30 mrr: 61.66, ndcg: 68.01, took: 2.89s
Epoch 12, 31.9%	 loss: 2.060 acc@1: 42.38 mrr: 60.35, ndcg: 67.12, took: 2.79s
Epoch 12, 34.0%	 loss: 2.076 acc@1: 42.89 mrr: 60.43, ndcg: 66.89, took: 2.86s
Epoch 12, 36.2%	 loss: 2.037 acc@1: 43.67 mrr: 61.30, ndcg: 67.57, took: 2.71s
Epoch 12, 38.3%	 loss: 2.029 acc@1: 43.01 mrr: 61.24, ndcg: 67.71, took: 2.75s
Epoch 12, 40.4%	 loss: 1.973 acc@1: 44.38 mrr: 62.18, ndcg: 68.49, took: 2.86s
Epoch 12, 42.6%	 loss: 2.005 acc@1: 44.18 mrr: 61.98, ndcg: 68.43, took: 2.86s
Epoch 12, 44.7%	 loss: 2.036 acc@1: 43.48 mrr: 61.42, ndcg: 67.84, took: 2.83s
Epoch 12, 46.8%	 loss: 2.018 acc@1: 43.20 mrr: 61.29, ndcg: 67.70, took: 2.90s
Epoch 12, 48.9%	 loss: 1.968 acc@1: 44.02 mrr: 62.31, ndcg: 68.94, took: 2.92s
Epoch 12, 51.1%	 loss: 2.097 acc@1: 41.95 mrr: 59.99, ndcg: 66.49, took: 2.79s
Epoch 12, 53.2%	 loss: 2.005 acc@1: 43.55 mrr: 61.68, ndcg: 67.97, took: 2.89s
Epoch 12, 55.3%	 loss: 2.072 acc@1: 42.81 mrr: 60.46, ndcg: 66.94, took: 2.81s
Epoch 12, 57.4%	 loss: 2.059 acc@1: 42.93 mrr: 60.89, ndcg: 67.31, took: 2.88s
Epoch 12, 59.6%	 loss: 2.070 acc@1: 42.50 mrr: 60.39, ndcg: 66.77, took: 2.79s
Epoch 12, 61.7%	 loss: 2.087 acc@1: 41.84 mrr: 60.17, ndcg: 66.81, took: 2.74s
Epoch 12, 63.8%	 loss: 2.062 acc@1: 43.09 mrr: 60.81, ndcg: 67.13, took: 2.81s
Epoch 12, 66.0%	 loss: 2.040 acc@1: 43.05 mrr: 61.30, ndcg: 67.84, took: 2.81s
Epoch 12, 68.1%	 loss: 2.047 acc@1: 42.58 mrr: 61.03, ndcg: 67.55, took: 2.71s
Epoch 12, 70.2%	 loss: 2.014 acc@1: 43.48 mrr: 61.62, ndcg: 67.93, took: 2.61s
Epoch 12, 72.3%	 loss: 2.135 acc@1: 40.70 mrr: 59.37, ndcg: 65.88, took: 2.69s
Epoch 12, 74.5%	 loss: 1.996 acc@1: 44.22 mrr: 62.01, ndcg: 68.36, took: 2.81s
Epoch 12, 76.6%	 loss: 2.081 acc@1: 43.12 mrr: 60.64, ndcg: 66.89, took: 2.80s
Epoch 12, 78.7%	 loss: 2.046 acc@1: 43.63 mrr: 61.38, ndcg: 67.61, took: 2.67s
Epoch 12, 80.9%	 loss: 2.091 acc@1: 42.07 mrr: 60.30, ndcg: 66.81, took: 2.67s
Epoch 12, 83.0%	 loss: 2.045 acc@1: 44.10 mrr: 61.64, ndcg: 67.84, took: 2.41s
Epoch 12, 85.1%	 loss: 2.072 acc@1: 42.77 mrr: 60.85, ndcg: 67.05, took: 2.47s
Epoch 12, 87.2%	 loss: 2.095 acc@1: 42.38 mrr: 60.06, ndcg: 66.55, took: 2.36s
Epoch 12, 89.4%	 loss: 2.013 acc@1: 43.28 mrr: 61.52, ndcg: 67.88, took: 2.46s
Epoch 12, 91.5%	 loss: 2.072 acc@1: 42.77 mrr: 60.87, ndcg: 67.38, took: 2.46s
Epoch 12, 93.6%	 loss: 1.977 acc@1: 43.63 mrr: 62.04, ndcg: 68.49, took: 2.39s
Epoch 12, 95.7%	 loss: 2.121 acc@1: 43.67 mrr: 61.00, ndcg: 67.17, took: 2.51s
Epoch 12, 97.9%	 loss: 2.099 acc@1: 44.26 mrr: 61.32, ndcg: 67.42, took: 2.45s
Epoch 12, 100.0%	 loss: 2.087 acc@1: 42.93 mrr: 60.61, ndcg: 66.99, took: 2.39s
Validation - loss: 3.0700, acc@1: 41.44%, f1: 33.30%, mrr: 57.45%, ndcg: 63.26%
Current learning rate: 0.001583

=== Epoch 13 ===
Epoch 13, 2.1%	 loss: 1.944 acc@1: 43.36 mrr: 61.90, ndcg: 68.67, took: 2.32s
Epoch 13, 4.3%	 loss: 1.974 acc@1: 43.98 mrr: 61.90, ndcg: 68.34, took: 2.26s
Epoch 13, 6.4%	 loss: 2.017 acc@1: 44.49 mrr: 61.97, ndcg: 68.38, took: 2.45s
Epoch 13, 8.5%	 loss: 1.936 acc@1: 43.87 mrr: 62.05, ndcg: 68.69, took: 2.57s
Epoch 13, 10.6%	 loss: 1.980 acc@1: 43.32 mrr: 61.40, ndcg: 67.89, took: 2.58s
Epoch 13, 12.8%	 loss: 1.936 acc@1: 44.06 mrr: 62.23, ndcg: 68.79, took: 2.56s
Epoch 13, 14.9%	 loss: 1.968 acc@1: 43.71 mrr: 61.91, ndcg: 68.45, took: 2.49s
Epoch 13, 17.0%	 loss: 2.018 acc@1: 41.60 mrr: 60.63, ndcg: 67.28, took: 2.47s
Epoch 13, 19.1%	 loss: 2.004 acc@1: 42.30 mrr: 61.09, ndcg: 67.87, took: 2.55s
Epoch 13, 21.3%	 loss: 1.902 acc@1: 43.20 mrr: 62.13, ndcg: 68.82, took: 2.46s
Epoch 13, 23.4%	 loss: 2.002 acc@1: 43.55 mrr: 61.33, ndcg: 67.63, took: 2.46s
Epoch 13, 25.5%	 loss: 1.914 acc@1: 45.51 mrr: 63.39, ndcg: 69.79, took: 2.60s
Epoch 13, 27.7%	 loss: 1.976 acc@1: 43.52 mrr: 61.73, ndcg: 68.21, took: 2.53s
Epoch 13, 29.8%	 loss: 1.995 acc@1: 44.22 mrr: 62.04, ndcg: 68.34, took: 2.39s
Epoch 13, 31.9%	 loss: 2.002 acc@1: 43.59 mrr: 61.45, ndcg: 68.01, took: 2.33s
Epoch 13, 34.0%	 loss: 1.957 acc@1: 43.36 mrr: 61.79, ndcg: 68.47, took: 2.65s
Epoch 13, 36.2%	 loss: 2.040 acc@1: 44.10 mrr: 61.63, ndcg: 67.97, took: 2.62s
Epoch 13, 38.3%	 loss: 2.010 acc@1: 44.38 mrr: 61.81, ndcg: 68.03, took: 2.62s
Epoch 13, 40.4%	 loss: 1.972 acc@1: 44.61 mrr: 62.24, ndcg: 68.63, took: 2.66s
Epoch 13, 42.6%	 loss: 2.024 acc@1: 43.59 mrr: 61.30, ndcg: 67.90, took: 2.63s
Epoch 13, 44.7%	 loss: 1.996 acc@1: 42.89 mrr: 61.42, ndcg: 68.04, took: 2.50s
Epoch 13, 46.8%	 loss: 2.093 acc@1: 42.73 mrr: 60.27, ndcg: 66.56, took: 2.54s
Epoch 13, 48.9%	 loss: 1.975 acc@1: 44.49 mrr: 62.12, ndcg: 68.51, took: 2.43s
Epoch 13, 51.1%	 loss: 2.057 acc@1: 43.55 mrr: 61.06, ndcg: 67.39, took: 2.56s
Epoch 13, 53.2%	 loss: 1.998 acc@1: 43.95 mrr: 61.98, ndcg: 68.63, took: 2.67s
Epoch 13, 55.3%	 loss: 2.013 acc@1: 43.95 mrr: 61.85, ndcg: 68.26, took: 2.57s
Epoch 13, 57.4%	 loss: 1.975 acc@1: 44.02 mrr: 62.01, ndcg: 68.52, took: 2.57s
Epoch 13, 59.6%	 loss: 2.046 acc@1: 43.55 mrr: 61.19, ndcg: 67.45, took: 2.58s
Epoch 13, 61.7%	 loss: 2.074 acc@1: 42.54 mrr: 60.44, ndcg: 66.94, took: 2.51s
Epoch 13, 63.8%	 loss: 2.003 acc@1: 44.14 mrr: 61.84, ndcg: 68.17, took: 2.52s
Epoch 13, 66.0%	 loss: 2.026 acc@1: 42.38 mrr: 61.01, ndcg: 67.65, took: 2.65s
Epoch 13, 68.1%	 loss: 2.024 acc@1: 42.97 mrr: 61.00, ndcg: 67.30, took: 2.70s
Epoch 13, 70.2%	 loss: 1.983 acc@1: 44.22 mrr: 61.98, ndcg: 68.45, took: 2.61s
Epoch 13, 72.3%	 loss: 2.037 acc@1: 43.75 mrr: 61.35, ndcg: 67.81, took: 2.65s
Epoch 13, 74.5%	 loss: 2.068 acc@1: 44.02 mrr: 61.57, ndcg: 67.96, took: 2.78s
Epoch 13, 76.6%	 loss: 2.003 acc@1: 43.63 mrr: 61.55, ndcg: 67.96, took: 2.60s
Epoch 13, 78.7%	 loss: 2.008 acc@1: 45.08 mrr: 62.47, ndcg: 68.52, took: 2.56s
Epoch 13, 80.9%	 loss: 2.010 acc@1: 43.05 mrr: 61.33, ndcg: 67.84, took: 2.56s
Epoch 13, 83.0%	 loss: 2.076 acc@1: 42.85 mrr: 60.86, ndcg: 67.17, took: 2.63s
Epoch 13, 85.1%	 loss: 2.011 acc@1: 44.02 mrr: 61.48, ndcg: 67.66, took: 2.57s
Epoch 13, 87.2%	 loss: 2.027 acc@1: 42.07 mrr: 60.73, ndcg: 67.41, took: 2.66s
Epoch 13, 89.4%	 loss: 2.094 acc@1: 41.88 mrr: 60.08, ndcg: 66.67, took: 2.55s
Epoch 13, 91.5%	 loss: 2.014 acc@1: 43.48 mrr: 61.24, ndcg: 67.71, took: 2.68s
Epoch 13, 93.6%	 loss: 2.041 acc@1: 44.26 mrr: 61.58, ndcg: 67.83, took: 2.86s
Epoch 13, 95.7%	 loss: 2.068 acc@1: 42.66 mrr: 60.89, ndcg: 67.19, took: 2.85s
Epoch 13, 97.9%	 loss: 2.005 acc@1: 43.71 mrr: 61.63, ndcg: 67.88, took: 2.70s
Epoch 13, 100.0%	 loss: 2.058 acc@1: 44.53 mrr: 61.77, ndcg: 68.00, took: 2.56s
Validation - loss: 3.0758, acc@1: 40.99%, f1: 32.11%, mrr: 57.26%, ndcg: 63.10%
Current learning rate: 0.000154

=== Epoch 14 ===
Epoch 14, 2.1%	 loss: 2.088 acc@1: 43.44 mrr: 60.96, ndcg: 67.43, took: 2.62s
Epoch 14, 4.3%	 loss: 2.032 acc@1: 44.14 mrr: 61.61, ndcg: 68.05, took: 2.59s
Epoch 14, 6.4%	 loss: 2.055 acc@1: 42.15 mrr: 60.53, ndcg: 67.38, took: 2.60s
Epoch 14, 8.5%	 loss: 2.052 acc@1: 44.38 mrr: 61.70, ndcg: 68.02, took: 2.51s
Epoch 14, 10.6%	 loss: 2.030 acc@1: 43.95 mrr: 61.42, ndcg: 67.81, took: 2.55s
Epoch 14, 12.8%	 loss: 2.102 acc@1: 42.62 mrr: 60.44, ndcg: 66.98, took: 2.62s
Epoch 14, 14.9%	 loss: 2.010 acc@1: 42.70 mrr: 60.97, ndcg: 67.55, took: 2.62s
Epoch 14, 17.0%	 loss: 2.054 acc@1: 43.24 mrr: 61.11, ndcg: 67.48, took: 2.63s
Epoch 14, 19.1%	 loss: 2.077 acc@1: 42.50 mrr: 60.64, ndcg: 67.23, took: 2.48s
Epoch 14, 21.3%	 loss: 1.951 acc@1: 44.34 mrr: 62.30, ndcg: 69.09, took: 2.56s
Epoch 14, 23.4%	 loss: 1.990 acc@1: 43.59 mrr: 61.61, ndcg: 68.35, took: 2.71s
Epoch 14, 25.5%	 loss: 1.991 acc@1: 45.04 mrr: 62.42, ndcg: 68.79, took: 2.63s
Epoch 14, 27.7%	 loss: 1.954 acc@1: 45.74 mrr: 63.38, ndcg: 69.64, took: 2.61s
Epoch 14, 29.8%	 loss: 2.023 acc@1: 44.49 mrr: 61.95, ndcg: 68.20, took: 2.64s
Epoch 14, 31.9%	 loss: 2.122 acc@1: 42.23 mrr: 59.96, ndcg: 66.34, took: 2.52s
Epoch 14, 34.0%	 loss: 2.006 acc@1: 45.39 mrr: 62.57, ndcg: 68.82, took: 2.62s
Epoch 14, 36.2%	 loss: 1.991 acc@1: 43.52 mrr: 61.69, ndcg: 68.24, took: 2.56s
Epoch 14, 38.3%	 loss: 2.025 acc@1: 42.58 mrr: 60.97, ndcg: 67.50, took: 2.58s
Epoch 14, 40.4%	 loss: 1.944 acc@1: 45.90 mrr: 63.28, ndcg: 69.50, took: 3.06s
Epoch 14, 42.6%	 loss: 1.987 acc@1: 43.48 mrr: 61.73, ndcg: 68.27, took: 2.50s
Epoch 14, 44.7%	 loss: 1.958 acc@1: 46.41 mrr: 63.23, ndcg: 69.38, took: 2.59s
Epoch 14, 46.8%	 loss: 2.031 acc@1: 43.44 mrr: 61.19, ndcg: 67.72, took: 2.54s
Epoch 14, 48.9%	 loss: 2.026 acc@1: 42.62 mrr: 60.90, ndcg: 67.34, took: 2.50s
Epoch 14, 51.1%	 loss: 1.995 acc@1: 43.40 mrr: 61.96, ndcg: 68.45, took: 2.55s
Epoch 14, 53.2%	 loss: 2.011 acc@1: 43.12 mrr: 61.48, ndcg: 67.96, took: 2.67s
Epoch 14, 55.3%	 loss: 1.987 acc@1: 45.62 mrr: 62.74, ndcg: 68.86, took: 2.55s
Epoch 14, 57.4%	 loss: 2.133 acc@1: 41.41 mrr: 59.57, ndcg: 66.12, took: 2.58s
Epoch 14, 59.6%	 loss: 2.033 acc@1: 44.73 mrr: 62.16, ndcg: 68.42, took: 2.62s
Epoch 14, 61.7%	 loss: 1.996 acc@1: 44.18 mrr: 61.93, ndcg: 68.35, took: 2.59s
Epoch 14, 63.8%	 loss: 1.999 acc@1: 43.83 mrr: 61.96, ndcg: 68.33, took: 2.62s
Epoch 14, 66.0%	 loss: 2.026 acc@1: 44.49 mrr: 62.14, ndcg: 68.34, took: 2.68s
Epoch 14, 68.1%	 loss: 1.996 acc@1: 44.10 mrr: 61.87, ndcg: 68.36, took: 2.53s
Epoch 14, 70.2%	 loss: 2.021 acc@1: 43.20 mrr: 61.19, ndcg: 67.79, took: 2.45s
Epoch 14, 72.3%	 loss: 1.993 acc@1: 45.70 mrr: 62.85, ndcg: 68.99, took: 2.74s
Epoch 14, 74.5%	 loss: 1.991 acc@1: 44.57 mrr: 62.21, ndcg: 68.53, took: 2.76s
Epoch 14, 76.6%	 loss: 1.963 acc@1: 42.62 mrr: 61.43, ndcg: 68.07, took: 2.63s
Epoch 14, 78.7%	 loss: 2.044 acc@1: 45.59 mrr: 62.18, ndcg: 68.18, took: 2.55s
Epoch 14, 80.9%	 loss: 1.964 acc@1: 43.24 mrr: 61.64, ndcg: 68.35, took: 2.69s
Epoch 14, 83.0%	 loss: 2.001 acc@1: 45.27 mrr: 62.51, ndcg: 68.75, took: 2.74s
Epoch 14, 85.1%	 loss: 2.031 acc@1: 43.91 mrr: 61.61, ndcg: 68.16, took: 2.76s
Epoch 14, 87.2%	 loss: 2.014 acc@1: 44.45 mrr: 62.15, ndcg: 68.56, took: 2.74s
Epoch 14, 89.4%	 loss: 2.012 acc@1: 44.92 mrr: 62.22, ndcg: 68.53, took: 2.68s
Epoch 14, 91.5%	 loss: 2.029 acc@1: 44.65 mrr: 62.10, ndcg: 68.33, took: 2.70s
Epoch 14, 93.6%	 loss: 2.049 acc@1: 43.83 mrr: 61.27, ndcg: 67.81, took: 2.70s
Epoch 14, 95.7%	 loss: 1.917 acc@1: 45.62 mrr: 63.32, ndcg: 69.55, took: 2.74s
Epoch 14, 97.9%	 loss: 2.001 acc@1: 43.87 mrr: 61.70, ndcg: 68.18, took: 2.44s
Epoch 14, 100.0%	 loss: 2.046 acc@1: 42.73 mrr: 60.98, ndcg: 67.55, took: 2.72s
Validation - loss: 2.9941, acc@1: 42.64%, f1: 33.52%, mrr: 58.35%, ndcg: 64.05%
Current learning rate: 0.000154

=== Epoch 15 ===
Epoch 15, 2.1%	 loss: 2.024 acc@1: 43.63 mrr: 61.34, ndcg: 67.83, took: 2.75s
Epoch 15, 4.3%	 loss: 1.921 acc@1: 44.88 mrr: 62.78, ndcg: 69.22, took: 2.69s
Epoch 15, 6.4%	 loss: 1.996 acc@1: 45.31 mrr: 62.57, ndcg: 68.79, took: 2.78s
Epoch 15, 8.5%	 loss: 1.975 acc@1: 44.38 mrr: 62.20, ndcg: 68.61, took: 2.76s
Epoch 15, 10.6%	 loss: 1.925 acc@1: 45.08 mrr: 62.93, ndcg: 69.35, took: 2.73s
Epoch 15, 12.8%	 loss: 1.973 acc@1: 44.73 mrr: 62.48, ndcg: 68.89, took: 2.73s
Epoch 15, 14.9%	 loss: 1.945 acc@1: 44.73 mrr: 62.58, ndcg: 69.04, took: 2.73s
Epoch 15, 17.0%	 loss: 1.942 acc@1: 45.39 mrr: 62.94, ndcg: 69.15, took: 2.75s
Epoch 15, 19.1%	 loss: 2.072 acc@1: 44.18 mrr: 61.47, ndcg: 67.68, took: 2.79s
Epoch 15, 21.3%	 loss: 2.020 acc@1: 42.58 mrr: 60.84, ndcg: 67.36, took: 2.71s
Epoch 15, 23.4%	 loss: 1.966 acc@1: 45.27 mrr: 62.74, ndcg: 68.98, took: 2.63s
Epoch 15, 25.5%	 loss: 1.957 acc@1: 45.35 mrr: 62.83, ndcg: 69.06, took: 2.35s
Epoch 15, 27.7%	 loss: 1.957 acc@1: 45.08 mrr: 62.67, ndcg: 69.26, took: 2.55s
Epoch 15, 29.8%	 loss: 2.024 acc@1: 43.40 mrr: 61.40, ndcg: 67.74, took: 2.53s
Epoch 15, 31.9%	 loss: 1.965 acc@1: 44.45 mrr: 62.38, ndcg: 68.77, took: 2.52s
Epoch 15, 34.0%	 loss: 2.016 acc@1: 43.09 mrr: 61.23, ndcg: 67.82, took: 2.59s
Epoch 15, 36.2%	 loss: 2.025 acc@1: 42.38 mrr: 60.75, ndcg: 67.32, took: 2.67s
Epoch 15, 38.3%	 loss: 1.951 acc@1: 45.23 mrr: 62.56, ndcg: 68.85, took: 2.62s
Epoch 15, 40.4%	 loss: 1.980 acc@1: 45.00 mrr: 62.61, ndcg: 68.87, took: 2.62s
Epoch 15, 42.6%	 loss: 1.970 acc@1: 45.00 mrr: 62.60, ndcg: 69.04, took: 2.63s
Epoch 15, 44.7%	 loss: 1.947 acc@1: 43.48 mrr: 62.27, ndcg: 69.00, took: 2.59s
Epoch 15, 46.8%	 loss: 1.933 acc@1: 46.64 mrr: 63.82, ndcg: 69.93, took: 2.58s
Epoch 15, 48.9%	 loss: 1.965 acc@1: 43.75 mrr: 62.01, ndcg: 68.42, took: 2.46s
Epoch 15, 51.1%	 loss: 2.024 acc@1: 44.14 mrr: 61.67, ndcg: 68.03, took: 2.58s
Epoch 15, 53.2%	 loss: 2.053 acc@1: 42.77 mrr: 60.88, ndcg: 67.36, took: 2.58s
Epoch 15, 55.3%	 loss: 1.963 acc@1: 45.35 mrr: 62.76, ndcg: 68.89, took: 2.68s
Epoch 15, 57.4%	 loss: 2.049 acc@1: 44.06 mrr: 61.41, ndcg: 67.86, took: 2.65s
Epoch 15, 59.6%	 loss: 1.989 acc@1: 43.40 mrr: 61.61, ndcg: 68.05, took: 2.69s
Epoch 15, 61.7%	 loss: 1.953 acc@1: 44.22 mrr: 62.16, ndcg: 68.72, took: 2.59s
Epoch 15, 63.8%	 loss: 2.015 acc@1: 44.06 mrr: 61.93, ndcg: 68.35, took: 2.53s
Epoch 15, 66.0%	 loss: 1.988 acc@1: 44.92 mrr: 62.60, ndcg: 68.98, took: 2.66s
Epoch 15, 68.1%	 loss: 2.040 acc@1: 42.81 mrr: 61.07, ndcg: 67.51, took: 2.58s
Epoch 15, 70.2%	 loss: 2.018 acc@1: 44.53 mrr: 62.22, ndcg: 68.55, took: 2.58s
Epoch 15, 72.3%	 loss: 2.025 acc@1: 43.52 mrr: 61.58, ndcg: 68.01, took: 2.58s
Epoch 15, 74.5%	 loss: 1.933 acc@1: 44.80 mrr: 62.82, ndcg: 69.38, took: 2.76s
Epoch 15, 76.6%	 loss: 2.049 acc@1: 43.83 mrr: 61.37, ndcg: 67.81, took: 2.55s
Epoch 15, 78.7%	 loss: 1.948 acc@1: 44.49 mrr: 62.57, ndcg: 69.02, took: 2.62s
Epoch 15, 80.9%	 loss: 2.020 acc@1: 42.23 mrr: 60.95, ndcg: 67.76, took: 2.60s
Epoch 15, 83.0%	 loss: 2.009 acc@1: 43.44 mrr: 61.56, ndcg: 68.12, took: 2.47s
Epoch 15, 85.1%	 loss: 1.982 acc@1: 44.41 mrr: 62.29, ndcg: 68.73, took: 2.50s
Epoch 15, 87.2%	 loss: 2.028 acc@1: 42.93 mrr: 61.03, ndcg: 67.62, took: 2.61s
Epoch 15, 89.4%	 loss: 1.980 acc@1: 44.92 mrr: 62.54, ndcg: 68.91, took: 2.58s
Epoch 15, 91.5%	 loss: 2.028 acc@1: 43.87 mrr: 61.49, ndcg: 67.56, took: 2.63s
Epoch 15, 93.6%	 loss: 2.015 acc@1: 43.83 mrr: 61.78, ndcg: 68.15, took: 2.31s
Epoch 15, 95.7%	 loss: 1.993 acc@1: 44.45 mrr: 61.86, ndcg: 68.24, took: 2.45s
Epoch 15, 97.9%	 loss: 1.962 acc@1: 45.78 mrr: 63.03, ndcg: 69.16, took: 2.67s
Epoch 15, 100.0%	 loss: 2.024 acc@1: 44.73 mrr: 62.01, ndcg: 68.33, took: 2.56s
Validation - loss: 2.9920, acc@1: 42.32%, f1: 33.52%, mrr: 58.17%, ndcg: 63.91%
Current learning rate: 0.000154

=== Epoch 16 ===
Epoch 16, 2.1%	 loss: 1.952 acc@1: 43.67 mrr: 62.15, ndcg: 68.86, took: 2.50s
Epoch 16, 4.3%	 loss: 2.005 acc@1: 42.89 mrr: 61.22, ndcg: 67.85, took: 2.14s
Epoch 16, 6.4%	 loss: 1.977 acc@1: 43.01 mrr: 61.45, ndcg: 68.24, took: 2.17s
Epoch 16, 8.5%	 loss: 1.957 acc@1: 43.75 mrr: 62.13, ndcg: 68.79, took: 2.24s
Epoch 16, 10.6%	 loss: 1.967 acc@1: 45.00 mrr: 62.52, ndcg: 68.76, took: 2.12s
Epoch 16, 12.8%	 loss: 1.985 acc@1: 44.77 mrr: 62.35, ndcg: 68.63, took: 2.27s
Epoch 16, 14.9%	 loss: 1.875 acc@1: 45.16 mrr: 63.43, ndcg: 69.89, took: 2.28s
Epoch 16, 17.0%	 loss: 1.934 acc@1: 44.49 mrr: 62.51, ndcg: 69.08, took: 2.17s
Epoch 16, 19.1%	 loss: 1.990 acc@1: 43.87 mrr: 61.63, ndcg: 68.06, took: 2.16s
Epoch 16, 21.3%	 loss: 1.948 acc@1: 43.87 mrr: 61.97, ndcg: 68.49, took: 2.13s
Epoch 16, 23.4%	 loss: 2.028 acc@1: 42.62 mrr: 60.88, ndcg: 67.43, took: 2.20s
Epoch 16, 25.5%	 loss: 1.927 acc@1: 44.84 mrr: 62.74, ndcg: 69.32, took: 2.18s
Epoch 16, 27.7%	 loss: 1.993 acc@1: 43.63 mrr: 61.50, ndcg: 67.86, took: 2.27s
Epoch 16, 29.8%	 loss: 2.019 acc@1: 42.62 mrr: 61.08, ndcg: 67.68, took: 2.13s
Epoch 16, 31.9%	 loss: 1.926 acc@1: 45.74 mrr: 63.14, ndcg: 69.31, took: 2.21s
Epoch 16, 34.0%	 loss: 1.981 acc@1: 43.59 mrr: 62.04, ndcg: 68.59, took: 2.18s
Epoch 16, 36.2%	 loss: 1.945 acc@1: 46.02 mrr: 63.22, ndcg: 69.47, took: 2.24s
Epoch 16, 38.3%	 loss: 1.934 acc@1: 45.59 mrr: 63.10, ndcg: 69.39, took: 2.20s
Epoch 16, 40.4%	 loss: 1.893 acc@1: 44.61 mrr: 62.99, ndcg: 69.51, took: 2.17s
Epoch 16, 42.6%	 loss: 1.963 acc@1: 44.57 mrr: 62.36, ndcg: 68.82, took: 2.12s
Epoch 16, 44.7%	 loss: 2.012 acc@1: 44.26 mrr: 61.64, ndcg: 68.08, took: 2.21s
Epoch 16, 46.8%	 loss: 1.949 acc@1: 45.78 mrr: 63.12, ndcg: 69.35, took: 2.21s
Epoch 16, 48.9%	 loss: 1.930 acc@1: 46.60 mrr: 63.48, ndcg: 69.76, took: 2.19s
Epoch 16, 51.1%	 loss: 2.057 acc@1: 41.99 mrr: 60.42, ndcg: 67.01, took: 2.12s
Epoch 16, 53.2%	 loss: 2.045 acc@1: 43.48 mrr: 61.28, ndcg: 67.67, took: 2.16s
Epoch 16, 55.3%	 loss: 2.001 acc@1: 43.79 mrr: 61.77, ndcg: 68.15, took: 2.19s
Epoch 16, 57.4%	 loss: 2.007 acc@1: 43.32 mrr: 61.53, ndcg: 68.17, took: 1.78s
Epoch 16, 59.6%	 loss: 1.995 acc@1: 42.93 mrr: 61.50, ndcg: 68.02, took: 2.03s
Epoch 16, 61.7%	 loss: 1.976 acc@1: 45.59 mrr: 62.88, ndcg: 68.99, took: 2.12s
Epoch 16, 63.8%	 loss: 1.915 acc@1: 44.41 mrr: 62.66, ndcg: 69.31, took: 2.14s
Epoch 16, 66.0%	 loss: 2.054 acc@1: 43.16 mrr: 61.01, ndcg: 67.50, took: 2.22s
Epoch 16, 68.1%	 loss: 2.030 acc@1: 44.02 mrr: 61.61, ndcg: 67.93, took: 2.16s
Epoch 16, 70.2%	 loss: 2.028 acc@1: 43.71 mrr: 61.34, ndcg: 67.70, took: 2.13s
Epoch 16, 72.3%	 loss: 2.065 acc@1: 44.84 mrr: 61.74, ndcg: 68.10, took: 2.01s
Epoch 16, 74.5%	 loss: 1.985 acc@1: 42.77 mrr: 61.17, ndcg: 67.88, took: 2.15s
Epoch 16, 76.6%	 loss: 2.015 acc@1: 43.55 mrr: 61.73, ndcg: 68.12, took: 2.17s
Epoch 16, 78.7%	 loss: 1.981 acc@1: 44.18 mrr: 62.12, ndcg: 68.55, took: 2.10s
Epoch 16, 80.9%	 loss: 1.920 acc@1: 45.94 mrr: 63.31, ndcg: 69.58, took: 2.13s
Epoch 16, 83.0%	 loss: 2.039 acc@1: 42.58 mrr: 60.81, ndcg: 67.45, took: 2.09s
Epoch 16, 85.1%	 loss: 2.091 acc@1: 42.50 mrr: 60.14, ndcg: 66.62, took: 2.18s
Epoch 16, 87.2%	 loss: 2.001 acc@1: 42.97 mrr: 61.26, ndcg: 67.92, took: 2.17s
Epoch 16, 89.4%	 loss: 1.927 acc@1: 45.27 mrr: 62.93, ndcg: 69.31, took: 2.09s
Epoch 16, 91.5%	 loss: 1.977 acc@1: 44.41 mrr: 62.26, ndcg: 68.62, took: 2.09s
Epoch 16, 93.6%	 loss: 1.981 acc@1: 43.87 mrr: 61.94, ndcg: 68.29, took: 2.30s
Epoch 16, 95.7%	 loss: 2.041 acc@1: 42.46 mrr: 60.84, ndcg: 67.45, took: 2.23s
Epoch 16, 97.9%	 loss: 2.002 acc@1: 43.20 mrr: 61.46, ndcg: 68.01, took: 2.22s
Epoch 16, 100.0%	 loss: 1.990 acc@1: 44.38 mrr: 61.93, ndcg: 68.30, took: 2.32s
Validation - loss: 2.9946, acc@1: 42.47%, f1: 33.62%, mrr: 58.27%, ndcg: 63.98%
Current learning rate: 0.000154

=== Epoch 17 ===
Epoch 17, 2.1%	 loss: 1.967 acc@1: 44.65 mrr: 62.36, ndcg: 68.59, took: 2.29s
Epoch 17, 4.3%	 loss: 1.931 acc@1: 44.34 mrr: 62.58, ndcg: 69.18, took: 2.23s
Epoch 17, 6.4%	 loss: 1.936 acc@1: 45.74 mrr: 63.01, ndcg: 69.37, took: 1.99s
Epoch 17, 8.5%	 loss: 1.996 acc@1: 45.27 mrr: 62.54, ndcg: 68.86, took: 2.06s
Epoch 17, 10.6%	 loss: 1.960 acc@1: 44.22 mrr: 62.05, ndcg: 68.71, took: 2.15s
Epoch 17, 12.8%	 loss: 1.995 acc@1: 45.00 mrr: 62.24, ndcg: 68.59, took: 2.13s
Epoch 17, 14.9%	 loss: 2.020 acc@1: 43.12 mrr: 61.15, ndcg: 67.65, took: 2.10s
Epoch 17, 17.0%	 loss: 2.017 acc@1: 43.52 mrr: 61.37, ndcg: 67.84, took: 2.19s
Epoch 17, 19.1%	 loss: 2.023 acc@1: 43.55 mrr: 61.38, ndcg: 67.97, took: 2.13s
Epoch 17, 21.3%	 loss: 1.962 acc@1: 45.39 mrr: 62.92, ndcg: 69.20, took: 2.14s
Epoch 17, 23.4%	 loss: 1.958 acc@1: 43.59 mrr: 61.91, ndcg: 68.53, took: 2.14s
Epoch 17, 25.5%	 loss: 1.904 acc@1: 46.21 mrr: 63.63, ndcg: 69.79, took: 2.08s
Epoch 17, 27.7%	 loss: 1.954 acc@1: 45.47 mrr: 62.97, ndcg: 69.38, took: 2.17s
Epoch 17, 29.8%	 loss: 1.960 acc@1: 43.12 mrr: 61.67, ndcg: 68.35, took: 2.12s
Epoch 17, 31.9%	 loss: 1.985 acc@1: 44.57 mrr: 62.08, ndcg: 68.24, took: 2.11s
Epoch 17, 34.0%	 loss: 1.967 acc@1: 43.20 mrr: 61.38, ndcg: 67.91, took: 1.99s
Epoch 17, 36.2%	 loss: 2.001 acc@1: 44.45 mrr: 61.98, ndcg: 68.30, took: 1.88s
Epoch 17, 38.3%	 loss: 1.965 acc@1: 43.52 mrr: 61.79, ndcg: 68.28, took: 2.21s
Epoch 17, 40.4%	 loss: 1.974 acc@1: 44.92 mrr: 62.32, ndcg: 68.55, took: 2.14s
Epoch 17, 42.6%	 loss: 1.976 acc@1: 44.26 mrr: 61.98, ndcg: 68.60, took: 2.22s
Epoch 17, 44.7%	 loss: 2.048 acc@1: 42.89 mrr: 60.91, ndcg: 67.30, took: 2.12s
Epoch 17, 46.8%	 loss: 1.961 acc@1: 43.83 mrr: 61.91, ndcg: 68.52, took: 2.13s
Epoch 17, 48.9%	 loss: 1.945 acc@1: 46.33 mrr: 63.21, ndcg: 69.47, took: 2.17s
Epoch 17, 51.1%	 loss: 1.896 acc@1: 44.92 mrr: 63.20, ndcg: 69.63, took: 2.15s
Epoch 17, 53.2%	 loss: 1.945 acc@1: 44.61 mrr: 62.32, ndcg: 68.86, took: 2.04s
Epoch 17, 55.3%	 loss: 2.017 acc@1: 43.71 mrr: 61.46, ndcg: 67.96, took: 2.14s
Epoch 17, 57.4%	 loss: 1.999 acc@1: 44.02 mrr: 62.08, ndcg: 68.74, took: 2.19s
Epoch 17, 59.6%	 loss: 1.876 acc@1: 46.33 mrr: 63.90, ndcg: 70.33, took: 2.09s
Epoch 17, 61.7%	 loss: 1.974 acc@1: 45.20 mrr: 62.76, ndcg: 69.04, took: 2.24s
Epoch 17, 63.8%	 loss: 2.001 acc@1: 44.30 mrr: 62.02, ndcg: 68.36, took: 2.16s
Epoch 17, 66.0%	 loss: 1.955 acc@1: 44.38 mrr: 62.45, ndcg: 68.84, took: 2.23s
Epoch 17, 68.1%	 loss: 2.021 acc@1: 42.81 mrr: 61.26, ndcg: 67.68, took: 2.09s
Epoch 17, 70.2%	 loss: 2.006 acc@1: 42.66 mrr: 61.13, ndcg: 67.84, took: 2.17s
Epoch 17, 72.3%	 loss: 2.015 acc@1: 41.91 mrr: 60.99, ndcg: 67.83, took: 2.25s
Epoch 17, 74.5%	 loss: 1.982 acc@1: 44.06 mrr: 62.05, ndcg: 68.58, took: 2.23s
Epoch 17, 76.6%	 loss: 1.972 acc@1: 44.10 mrr: 62.00, ndcg: 68.34, took: 2.14s
Epoch 17, 78.7%	 loss: 1.955 acc@1: 43.16 mrr: 61.81, ndcg: 68.59, took: 2.07s
Epoch 17, 80.9%	 loss: 1.989 acc@1: 43.87 mrr: 61.56, ndcg: 68.22, took: 2.17s
Epoch 17, 83.0%	 loss: 1.953 acc@1: 44.84 mrr: 62.46, ndcg: 68.81, took: 2.09s
Epoch 17, 85.1%	 loss: 1.970 acc@1: 44.57 mrr: 62.30, ndcg: 68.77, took: 2.05s
Epoch 17, 87.2%	 loss: 1.971 acc@1: 45.20 mrr: 62.59, ndcg: 68.74, took: 2.20s
Epoch 17, 89.4%	 loss: 1.955 acc@1: 45.86 mrr: 63.18, ndcg: 69.42, took: 1.99s
Epoch 17, 91.5%	 loss: 1.896 acc@1: 44.84 mrr: 63.02, ndcg: 69.59, took: 1.91s
Epoch 17, 93.6%	 loss: 2.033 acc@1: 42.97 mrr: 61.04, ndcg: 67.61, took: 2.05s
Epoch 17, 95.7%	 loss: 2.031 acc@1: 44.02 mrr: 61.71, ndcg: 68.12, took: 1.98s
Epoch 17, 97.9%	 loss: 1.971 acc@1: 44.65 mrr: 62.61, ndcg: 68.92, took: 1.99s
Epoch 17, 100.0%	 loss: 2.023 acc@1: 43.24 mrr: 61.23, ndcg: 67.72, took: 2.22s
Validation - loss: 2.9963, acc@1: 42.37%, f1: 33.59%, mrr: 58.28%, ndcg: 63.96%
Current learning rate: 0.000154

=== Epoch 18 ===
Epoch 18, 2.1%	 loss: 1.918 acc@1: 44.80 mrr: 62.60, ndcg: 69.13, took: 2.17s
Epoch 18, 4.3%	 loss: 1.952 acc@1: 45.08 mrr: 62.68, ndcg: 69.02, took: 2.09s
Epoch 18, 6.4%	 loss: 1.898 acc@1: 46.17 mrr: 63.49, ndcg: 69.85, took: 2.16s
Epoch 18, 8.5%	 loss: 2.021 acc@1: 43.71 mrr: 61.56, ndcg: 68.21, took: 2.17s
Epoch 18, 10.6%	 loss: 1.956 acc@1: 44.92 mrr: 62.31, ndcg: 68.78, took: 2.15s
Epoch 18, 12.8%	 loss: 1.985 acc@1: 43.91 mrr: 61.71, ndcg: 68.25, took: 2.11s
Epoch 18, 14.9%	 loss: 1.974 acc@1: 43.98 mrr: 62.01, ndcg: 68.42, took: 2.23s
Epoch 18, 17.0%	 loss: 1.981 acc@1: 44.61 mrr: 62.25, ndcg: 68.60, took: 2.09s
Epoch 18, 19.1%	 loss: 1.923 acc@1: 44.41 mrr: 62.43, ndcg: 68.92, took: 2.21s
Epoch 18, 21.3%	 loss: 1.920 acc@1: 45.51 mrr: 63.15, ndcg: 69.54, took: 2.22s
Epoch 18, 23.4%	 loss: 1.930 acc@1: 44.92 mrr: 63.07, ndcg: 69.30, took: 2.06s
Epoch 18, 25.5%	 loss: 1.971 acc@1: 43.83 mrr: 61.94, ndcg: 68.56, took: 2.16s
Epoch 18, 27.7%	 loss: 1.985 acc@1: 44.84 mrr: 62.12, ndcg: 68.48, took: 2.13s
Epoch 18, 29.8%	 loss: 1.947 acc@1: 44.61 mrr: 62.49, ndcg: 69.21, took: 2.23s
Epoch 18, 31.9%	 loss: 1.988 acc@1: 44.38 mrr: 62.09, ndcg: 68.55, took: 2.15s
Epoch 18, 34.0%	 loss: 1.974 acc@1: 43.67 mrr: 61.85, ndcg: 68.38, took: 2.07s
Epoch 18, 36.2%	 loss: 2.024 acc@1: 44.57 mrr: 61.87, ndcg: 68.27, took: 2.20s
Epoch 18, 38.3%	 loss: 1.986 acc@1: 43.20 mrr: 61.55, ndcg: 68.32, took: 2.20s
Epoch 18, 40.4%	 loss: 1.911 acc@1: 45.59 mrr: 63.02, ndcg: 69.38, took: 2.21s
Epoch 18, 42.6%	 loss: 2.037 acc@1: 43.55 mrr: 61.64, ndcg: 68.07, took: 2.04s
Epoch 18, 44.7%	 loss: 2.032 acc@1: 44.02 mrr: 61.63, ndcg: 67.94, took: 2.23s
Epoch 18, 46.8%	 loss: 1.971 acc@1: 43.24 mrr: 61.52, ndcg: 68.17, took: 2.20s
Epoch 18, 48.9%	 loss: 1.932 acc@1: 45.62 mrr: 63.23, ndcg: 69.62, took: 2.02s
Epoch 18, 51.1%	 loss: 1.959 acc@1: 44.92 mrr: 62.65, ndcg: 68.98, took: 2.04s
Epoch 18, 53.2%	 loss: 1.949 acc@1: 43.44 mrr: 61.87, ndcg: 68.57, took: 2.10s
Epoch 18, 55.3%	 loss: 1.946 acc@1: 45.35 mrr: 62.92, ndcg: 69.39, took: 2.55s
Epoch 18, 57.4%	 loss: 1.937 acc@1: 44.92 mrr: 62.69, ndcg: 69.07, took: 2.05s
Epoch 18, 59.6%	 loss: 2.004 acc@1: 42.81 mrr: 61.41, ndcg: 67.95, took: 2.03s
Epoch 18, 61.7%	 loss: 1.946 acc@1: 43.05 mrr: 61.64, ndcg: 68.39, took: 2.18s
Epoch 18, 63.8%	 loss: 1.930 acc@1: 45.00 mrr: 62.74, ndcg: 69.14, took: 2.00s
Epoch 18, 66.0%	 loss: 1.932 acc@1: 44.10 mrr: 62.39, ndcg: 69.09, took: 1.99s
Epoch 18, 68.1%	 loss: 1.951 acc@1: 43.75 mrr: 62.21, ndcg: 68.95, took: 2.16s
Epoch 18, 70.2%	 loss: 1.997 acc@1: 42.93 mrr: 61.22, ndcg: 67.83, took: 2.17s
Epoch 18, 72.3%	 loss: 1.985 acc@1: 44.26 mrr: 61.91, ndcg: 68.29, took: 2.15s
Epoch 18, 74.5%	 loss: 1.947 acc@1: 45.70 mrr: 63.12, ndcg: 69.39, took: 2.07s
Epoch 18, 76.6%	 loss: 1.946 acc@1: 45.55 mrr: 63.06, ndcg: 69.39, took: 2.12s
Epoch 18, 78.7%	 loss: 2.016 acc@1: 43.36 mrr: 61.63, ndcg: 68.11, took: 2.18s
Epoch 18, 80.9%	 loss: 2.045 acc@1: 43.75 mrr: 61.38, ndcg: 67.73, took: 1.99s
Epoch 18, 83.0%	 loss: 1.952 acc@1: 45.31 mrr: 62.59, ndcg: 68.88, took: 1.95s
Epoch 18, 85.1%	 loss: 1.981 acc@1: 44.88 mrr: 62.25, ndcg: 68.64, took: 2.10s
Epoch 18, 87.2%	 loss: 1.960 acc@1: 43.40 mrr: 62.08, ndcg: 68.59, took: 2.06s
Epoch 18, 89.4%	 loss: 1.970 acc@1: 45.98 mrr: 62.85, ndcg: 69.16, took: 2.11s
Epoch 18, 91.5%	 loss: 2.030 acc@1: 43.36 mrr: 61.18, ndcg: 67.74, took: 2.24s
Epoch 18, 93.6%	 loss: 1.974 acc@1: 44.69 mrr: 62.30, ndcg: 68.52, took: 2.10s
Epoch 18, 95.7%	 loss: 1.997 acc@1: 43.48 mrr: 61.47, ndcg: 67.96, took: 2.17s
Epoch 18, 97.9%	 loss: 1.916 acc@1: 45.59 mrr: 63.12, ndcg: 69.44, took: 2.16s
Epoch 18, 100.0%	 loss: 2.070 acc@1: 43.16 mrr: 61.00, ndcg: 67.37, took: 2.17s
Validation - loss: 3.0026, acc@1: 42.36%, f1: 33.85%, mrr: 58.23%, ndcg: 63.93%
Current learning rate: 0.000154

=== Epoch 19 ===
Epoch 19, 2.1%	 loss: 1.965 acc@1: 44.02 mrr: 61.84, ndcg: 68.50, took: 2.17s
Epoch 19, 4.3%	 loss: 1.938 acc@1: 43.55 mrr: 62.18, ndcg: 68.81, took: 2.15s
Epoch 19, 6.4%	 loss: 1.963 acc@1: 43.67 mrr: 61.92, ndcg: 68.51, took: 2.18s
Epoch 19, 8.5%	 loss: 1.953 acc@1: 43.20 mrr: 61.80, ndcg: 68.55, took: 2.21s
Epoch 19, 10.6%	 loss: 1.930 acc@1: 43.59 mrr: 62.17, ndcg: 68.81, took: 2.19s
Epoch 19, 12.8%	 loss: 1.938 acc@1: 45.31 mrr: 62.98, ndcg: 69.24, took: 2.21s
Epoch 19, 14.9%	 loss: 1.992 acc@1: 43.79 mrr: 61.77, ndcg: 68.16, took: 2.10s
Epoch 19, 17.0%	 loss: 1.914 acc@1: 43.91 mrr: 62.27, ndcg: 68.86, took: 2.22s
Epoch 19, 19.1%	 loss: 1.967 acc@1: 42.93 mrr: 61.30, ndcg: 67.95, took: 1.92s
Epoch 19, 21.3%	 loss: 1.943 acc@1: 45.82 mrr: 63.12, ndcg: 69.38, took: 2.14s
Epoch 19, 23.4%	 loss: 1.947 acc@1: 43.79 mrr: 62.23, ndcg: 68.84, took: 2.17s
Epoch 19, 25.5%	 loss: 1.987 acc@1: 43.24 mrr: 61.58, ndcg: 68.06, took: 2.22s
Epoch 19, 27.7%	 loss: 1.927 acc@1: 43.95 mrr: 62.18, ndcg: 68.91, took: 2.13s
Epoch 19, 29.8%	 loss: 1.943 acc@1: 43.52 mrr: 62.02, ndcg: 68.61, took: 2.19s
Epoch 19, 31.9%	 loss: 1.933 acc@1: 45.39 mrr: 62.98, ndcg: 69.41, took: 2.23s
Epoch 19, 34.0%	 loss: 2.003 acc@1: 43.52 mrr: 61.69, ndcg: 68.29, took: 2.11s
Epoch 19, 36.2%	 loss: 1.980 acc@1: 44.22 mrr: 62.11, ndcg: 68.57, took: 2.05s
Epoch 19, 38.3%	 loss: 1.950 acc@1: 44.65 mrr: 62.56, ndcg: 68.73, took: 2.21s
Epoch 19, 40.4%	 loss: 2.002 acc@1: 46.09 mrr: 62.95, ndcg: 69.04, took: 2.18s
Epoch 19, 42.6%	 loss: 2.028 acc@1: 42.11 mrr: 60.43, ndcg: 67.23, took: 2.15s
Epoch 19, 44.7%	 loss: 1.975 acc@1: 43.48 mrr: 61.67, ndcg: 68.19, took: 2.12s
Epoch 19, 46.8%	 loss: 1.965 acc@1: 44.92 mrr: 62.26, ndcg: 68.62, took: 2.10s
Epoch 19, 48.9%	 loss: 1.941 acc@1: 43.79 mrr: 62.19, ndcg: 68.81, took: 2.18s
Epoch 19, 51.1%	 loss: 1.906 acc@1: 44.14 mrr: 62.61, ndcg: 69.31, took: 2.26s
Epoch 19, 53.2%	 loss: 1.885 acc@1: 46.25 mrr: 63.93, ndcg: 70.23, took: 2.23s
Epoch 19, 55.3%	 loss: 1.938 acc@1: 44.77 mrr: 62.61, ndcg: 69.09, took: 2.16s
Epoch 19, 57.4%	 loss: 1.966 acc@1: 44.77 mrr: 62.44, ndcg: 68.93, took: 2.10s
Epoch 19, 59.6%	 loss: 1.990 acc@1: 44.84 mrr: 62.34, ndcg: 68.59, took: 2.17s
Epoch 19, 61.7%	 loss: 1.975 acc@1: 43.91 mrr: 61.92, ndcg: 68.42, took: 2.06s
Epoch 19, 63.8%	 loss: 1.913 acc@1: 45.08 mrr: 63.11, ndcg: 69.56, took: 2.24s
Epoch 19, 66.0%	 loss: 1.989 acc@1: 45.35 mrr: 62.46, ndcg: 68.45, took: 2.11s
Epoch 19, 68.1%	 loss: 1.931 acc@1: 44.69 mrr: 62.83, ndcg: 69.27, took: 2.18s
Epoch 19, 70.2%	 loss: 2.018 acc@1: 44.65 mrr: 62.05, ndcg: 68.29, took: 2.13s
Epoch 19, 72.3%	 loss: 1.995 acc@1: 44.10 mrr: 61.82, ndcg: 68.15, took: 1.97s
Epoch 19, 74.5%	 loss: 1.976 acc@1: 43.01 mrr: 61.28, ndcg: 67.89, took: 2.01s
Epoch 19, 76.6%	 loss: 1.952 acc@1: 44.38 mrr: 62.35, ndcg: 68.68, took: 2.00s
Epoch 19, 78.7%	 loss: 1.934 acc@1: 44.53 mrr: 62.57, ndcg: 69.11, took: 2.22s
Epoch 19, 80.9%	 loss: 2.006 acc@1: 44.96 mrr: 61.98, ndcg: 68.30, took: 2.25s
Epoch 19, 83.0%	 loss: 1.972 acc@1: 44.88 mrr: 62.54, ndcg: 68.95, took: 2.01s
Epoch 19, 85.1%	 loss: 1.976 acc@1: 45.55 mrr: 62.65, ndcg: 68.87, took: 2.26s
Epoch 19, 87.2%	 loss: 1.981 acc@1: 43.32 mrr: 61.55, ndcg: 68.05, took: 2.22s
Epoch 19, 89.4%	 loss: 1.934 acc@1: 47.07 mrr: 63.76, ndcg: 69.73, took: 2.12s
Epoch 19, 91.5%	 loss: 2.073 acc@1: 42.85 mrr: 60.54, ndcg: 67.03, took: 2.15s
Epoch 19, 93.6%	 loss: 1.943 acc@1: 44.73 mrr: 62.60, ndcg: 68.95, took: 2.11s
Epoch 19, 95.7%	 loss: 1.980 acc@1: 43.28 mrr: 61.73, ndcg: 68.38, took: 1.94s
Epoch 19, 97.9%	 loss: 1.922 acc@1: 43.48 mrr: 62.09, ndcg: 68.79, took: 2.03s
Epoch 19, 100.0%	 loss: 2.023 acc@1: 44.61 mrr: 61.85, ndcg: 68.13, took: 2.13s
Validation - loss: 3.0033, acc@1: 42.56%, f1: 33.60%, mrr: 58.30%, ndcg: 63.96%
Current learning rate: 0.000154

=== Epoch 20 ===
Epoch 20, 2.1%	 loss: 1.947 acc@1: 44.92 mrr: 62.57, ndcg: 68.90, took: 2.13s
Epoch 20, 4.3%	 loss: 1.963 acc@1: 43.91 mrr: 62.01, ndcg: 68.69, took: 2.12s
Epoch 20, 6.4%	 loss: 1.972 acc@1: 42.70 mrr: 61.34, ndcg: 68.28, took: 2.23s
Epoch 20, 8.5%	 loss: 1.980 acc@1: 42.93 mrr: 61.41, ndcg: 68.15, took: 2.18s
Epoch 20, 10.6%	 loss: 1.939 acc@1: 44.61 mrr: 62.24, ndcg: 68.55, took: 2.23s
Epoch 20, 12.8%	 loss: 1.994 acc@1: 43.55 mrr: 61.52, ndcg: 68.13, took: 2.26s
Epoch 20, 14.9%	 loss: 2.015 acc@1: 43.83 mrr: 61.48, ndcg: 67.95, took: 2.15s
Epoch 20, 17.0%	 loss: 1.962 acc@1: 45.08 mrr: 62.60, ndcg: 68.96, took: 2.21s
Epoch 20, 19.1%	 loss: 1.962 acc@1: 44.45 mrr: 62.18, ndcg: 68.57, took: 2.13s
Epoch 20, 21.3%	 loss: 1.935 acc@1: 46.05 mrr: 63.33, ndcg: 69.57, took: 2.09s
Epoch 20, 23.4%	 loss: 1.964 acc@1: 44.34 mrr: 62.35, ndcg: 68.75, took: 2.10s
Epoch 20, 25.5%	 loss: 1.945 acc@1: 46.60 mrr: 63.27, ndcg: 69.38, took: 2.21s
Epoch 20, 27.7%	 loss: 1.930 acc@1: 44.45 mrr: 62.62, ndcg: 69.32, took: 2.17s
Epoch 20, 29.8%	 loss: 1.912 acc@1: 46.29 mrr: 63.52, ndcg: 69.93, took: 2.17s
Epoch 20, 31.9%	 loss: 1.951 acc@1: 45.16 mrr: 62.82, ndcg: 69.14, took: 2.17s
Epoch 20, 34.0%	 loss: 1.970 acc@1: 43.87 mrr: 61.72, ndcg: 68.21, took: 1.95s
Epoch 20, 36.2%	 loss: 1.980 acc@1: 43.48 mrr: 61.47, ndcg: 67.97, took: 2.14s
Epoch 20, 38.3%	 loss: 1.972 acc@1: 44.88 mrr: 62.19, ndcg: 68.50, took: 2.18s
Epoch 20, 40.4%	 loss: 1.963 acc@1: 44.61 mrr: 62.25, ndcg: 68.67, took: 2.13s
Epoch 20, 42.6%	 loss: 1.934 acc@1: 44.45 mrr: 62.62, ndcg: 68.88, took: 2.09s
Epoch 20, 44.7%	 loss: 1.911 acc@1: 45.55 mrr: 63.19, ndcg: 69.52, took: 2.12s
Epoch 20, 46.8%	 loss: 1.993 acc@1: 43.91 mrr: 61.82, ndcg: 68.47, took: 2.21s
Epoch 20, 48.9%	 loss: 1.984 acc@1: 42.70 mrr: 61.24, ndcg: 68.09, took: 1.95s
Epoch 20, 51.1%	 loss: 1.924 acc@1: 45.78 mrr: 63.23, ndcg: 69.45, took: 1.90s
Epoch 20, 53.2%	 loss: 1.934 acc@1: 44.30 mrr: 62.33, ndcg: 68.90, took: 2.13s
Epoch 20, 55.3%	 loss: 1.986 acc@1: 45.23 mrr: 62.65, ndcg: 68.74, took: 2.24s
Epoch 20, 57.4%	 loss: 1.999 acc@1: 43.83 mrr: 61.63, ndcg: 68.14, took: 2.29s
Epoch 20, 59.6%	 loss: 1.956 acc@1: 43.48 mrr: 61.96, ndcg: 68.52, took: 2.27s
Epoch 20, 61.7%	 loss: 1.959 acc@1: 45.00 mrr: 62.65, ndcg: 69.01, took: 2.32s
Epoch 20, 63.8%	 loss: 1.929 acc@1: 44.92 mrr: 62.74, ndcg: 69.36, took: 2.26s
Epoch 20, 66.0%	 loss: 1.996 acc@1: 43.40 mrr: 61.45, ndcg: 67.90, took: 2.11s
Epoch 20, 68.1%	 loss: 2.002 acc@1: 44.26 mrr: 61.77, ndcg: 68.20, took: 2.16s
Epoch 20, 70.2%	 loss: 2.000 acc@1: 43.12 mrr: 61.62, ndcg: 68.20, took: 1.96s
Epoch 20, 72.3%	 loss: 1.958 acc@1: 43.44 mrr: 62.00, ndcg: 68.50, took: 2.04s
Epoch 20, 74.5%	 loss: 1.936 acc@1: 43.91 mrr: 62.16, ndcg: 68.73, took: 2.19s
Epoch 20, 76.6%	 loss: 2.006 acc@1: 42.81 mrr: 61.12, ndcg: 67.65, took: 2.10s
Epoch 20, 78.7%	 loss: 2.047 acc@1: 41.21 mrr: 59.94, ndcg: 66.67, took: 2.16s
Epoch 20, 80.9%	 loss: 1.862 acc@1: 46.41 mrr: 64.32, ndcg: 70.75, took: 2.18s
Epoch 20, 83.0%	 loss: 1.899 acc@1: 45.20 mrr: 63.26, ndcg: 69.70, took: 2.16s
Epoch 20, 85.1%	 loss: 1.893 acc@1: 46.29 mrr: 63.65, ndcg: 70.08, took: 2.10s
Epoch 20, 87.2%	 loss: 1.945 acc@1: 44.80 mrr: 62.74, ndcg: 69.27, took: 2.15s
Epoch 20, 89.4%	 loss: 1.958 acc@1: 43.91 mrr: 62.11, ndcg: 68.53, took: 2.13s
Epoch 20, 91.5%	 loss: 1.927 acc@1: 43.95 mrr: 62.34, ndcg: 68.93, took: 2.20s
Epoch 20, 93.6%	 loss: 1.988 acc@1: 44.30 mrr: 61.81, ndcg: 68.24, took: 2.25s
Epoch 20, 95.7%	 loss: 1.970 acc@1: 44.34 mrr: 62.15, ndcg: 68.46, took: 2.19s
Epoch 20, 97.9%	 loss: 1.894 acc@1: 45.74 mrr: 63.28, ndcg: 69.52, took: 2.08s
Epoch 20, 100.0%	 loss: 1.973 acc@1: 43.95 mrr: 61.86, ndcg: 68.16, took: 2.21s
Validation - loss: 3.0113, acc@1: 42.56%, f1: 33.76%, mrr: 58.35%, ndcg: 64.00%
Current learning rate: 0.000015

=== Epoch 21 ===
Epoch 21, 2.1%	 loss: 1.986 acc@1: 44.38 mrr: 62.04, ndcg: 68.47, took: 2.19s
Epoch 21, 4.3%	 loss: 1.974 acc@1: 43.59 mrr: 61.62, ndcg: 68.22, took: 2.15s
Epoch 21, 6.4%	 loss: 1.993 acc@1: 44.22 mrr: 61.92, ndcg: 68.43, took: 2.16s
Epoch 21, 8.5%	 loss: 1.920 acc@1: 43.98 mrr: 62.60, ndcg: 69.27, took: 2.13s
Epoch 21, 10.6%	 loss: 1.970 acc@1: 43.63 mrr: 61.57, ndcg: 68.12, took: 2.04s
Epoch 21, 12.8%	 loss: 1.968 acc@1: 44.30 mrr: 62.21, ndcg: 68.74, took: 2.22s
Epoch 21, 14.9%	 loss: 1.977 acc@1: 45.51 mrr: 62.70, ndcg: 69.00, took: 2.24s
Epoch 21, 17.0%	 loss: 1.977 acc@1: 44.18 mrr: 62.13, ndcg: 68.59, took: 2.10s
Epoch 21, 19.1%	 loss: 1.949 acc@1: 43.98 mrr: 62.04, ndcg: 68.76, took: 2.16s
Epoch 21, 21.3%	 loss: 1.938 acc@1: 45.51 mrr: 62.95, ndcg: 69.22, took: 1.95s
Epoch 21, 23.4%	 loss: 1.991 acc@1: 45.08 mrr: 62.62, ndcg: 68.80, took: 2.04s
Epoch 21, 25.5%	 loss: 1.952 acc@1: 45.82 mrr: 63.07, ndcg: 69.30, took: 2.20s
Epoch 21, 27.7%	 loss: 2.063 acc@1: 44.26 mrr: 61.22, ndcg: 67.36, took: 2.17s
Epoch 21, 29.8%	 loss: 1.978 acc@1: 43.75 mrr: 62.03, ndcg: 68.51, took: 2.11s
Epoch 21, 31.9%	 loss: 1.923 acc@1: 44.45 mrr: 62.68, ndcg: 69.07, took: 2.19s
Epoch 21, 34.0%	 loss: 1.923 acc@1: 45.12 mrr: 62.90, ndcg: 69.37, took: 2.07s
Epoch 21, 36.2%	 loss: 1.929 acc@1: 45.27 mrr: 62.99, ndcg: 69.33, took: 2.15s
Epoch 21, 38.3%	 loss: 1.983 acc@1: 44.45 mrr: 62.10, ndcg: 68.41, took: 2.16s
Epoch 21, 40.4%	 loss: 1.972 acc@1: 43.75 mrr: 61.94, ndcg: 68.56, took: 2.21s
Epoch 21, 42.6%	 loss: 1.978 acc@1: 45.16 mrr: 62.49, ndcg: 68.83, took: 2.21s
Epoch 21, 44.7%	 loss: 2.025 acc@1: 43.05 mrr: 61.07, ndcg: 67.68, took: 2.08s
Epoch 21, 46.8%	 loss: 1.945 acc@1: 45.12 mrr: 62.59, ndcg: 68.96, took: 2.12s
Epoch 21, 48.9%	 loss: 1.978 acc@1: 44.14 mrr: 62.02, ndcg: 68.45, took: 2.22s
Epoch 21, 51.1%	 loss: 1.926 acc@1: 46.02 mrr: 63.21, ndcg: 69.57, took: 2.17s
Epoch 21, 53.2%	 loss: 1.966 acc@1: 45.31 mrr: 62.65, ndcg: 69.06, took: 2.19s
Epoch 21, 55.3%	 loss: 1.946 acc@1: 44.92 mrr: 62.98, ndcg: 69.19, took: 2.08s
Epoch 21, 57.4%	 loss: 1.991 acc@1: 45.31 mrr: 62.53, ndcg: 68.79, took: 2.22s
Epoch 21, 59.6%	 loss: 1.942 acc@1: 46.02 mrr: 63.21, ndcg: 69.46, took: 2.12s
Epoch 21, 61.7%	 loss: 2.007 acc@1: 45.35 mrr: 62.41, ndcg: 68.54, took: 2.21s
Epoch 21, 63.8%	 loss: 1.939 acc@1: 45.43 mrr: 62.74, ndcg: 69.18, took: 2.21s
Epoch 21, 66.0%	 loss: 1.957 acc@1: 45.66 mrr: 62.78, ndcg: 69.25, took: 1.92s
Epoch 21, 68.1%	 loss: 1.961 acc@1: 45.31 mrr: 62.85, ndcg: 69.18, took: 2.12s
Epoch 21, 70.2%	 loss: 2.041 acc@1: 42.23 mrr: 60.39, ndcg: 66.94, took: 2.18s
Epoch 21, 72.3%	 loss: 1.969 acc@1: 44.80 mrr: 62.67, ndcg: 69.16, took: 2.09s
Epoch 21, 74.5%	 loss: 1.991 acc@1: 44.22 mrr: 62.08, ndcg: 68.47, took: 2.23s
Epoch 21, 76.6%	 loss: 1.963 acc@1: 45.20 mrr: 62.76, ndcg: 69.15, took: 2.19s
Epoch 21, 78.7%	 loss: 1.955 acc@1: 45.31 mrr: 62.65, ndcg: 68.89, took: 2.06s
Epoch 21, 80.9%	 loss: 1.935 acc@1: 45.86 mrr: 63.39, ndcg: 69.64, took: 1.98s
Epoch 21, 83.0%	 loss: 1.943 acc@1: 45.39 mrr: 63.09, ndcg: 69.60, took: 1.96s
Epoch 21, 85.1%	 loss: 2.016 acc@1: 43.24 mrr: 61.30, ndcg: 68.04, took: 2.24s
Epoch 21, 87.2%	 loss: 1.926 acc@1: 46.05 mrr: 63.51, ndcg: 69.82, took: 2.16s
Epoch 21, 89.4%	 loss: 2.013 acc@1: 45.04 mrr: 62.24, ndcg: 68.47, took: 2.12s
Epoch 21, 91.5%	 loss: 2.056 acc@1: 42.93 mrr: 60.96, ndcg: 67.45, took: 2.19s
Epoch 21, 93.6%	 loss: 1.974 acc@1: 45.16 mrr: 62.61, ndcg: 68.85, took: 2.11s
Epoch 21, 95.7%	 loss: 1.928 acc@1: 45.47 mrr: 63.11, ndcg: 69.56, took: 2.16s
Epoch 21, 97.9%	 loss: 2.019 acc@1: 43.40 mrr: 61.53, ndcg: 68.06, took: 2.15s
Epoch 21, 100.0%	 loss: 1.979 acc@1: 44.61 mrr: 62.40, ndcg: 68.85, took: 2.06s
Validation - loss: 2.9946, acc@1: 42.31%, f1: 33.52%, mrr: 58.14%, ndcg: 63.88%
Current learning rate: 0.000015

=== Epoch 22 ===
Epoch 22, 2.1%	 loss: 1.919 acc@1: 45.31 mrr: 62.96, ndcg: 69.47, took: 2.25s
Epoch 22, 4.3%	 loss: 1.987 acc@1: 43.95 mrr: 61.85, ndcg: 68.29, took: 2.16s
Epoch 22, 6.4%	 loss: 1.926 acc@1: 45.16 mrr: 63.19, ndcg: 69.69, took: 2.22s
Epoch 22, 8.5%	 loss: 2.001 acc@1: 44.61 mrr: 62.09, ndcg: 68.40, took: 2.02s
Epoch 22, 10.6%	 loss: 2.046 acc@1: 42.19 mrr: 60.78, ndcg: 67.53, took: 2.05s
Epoch 22, 12.8%	 loss: 1.961 acc@1: 43.67 mrr: 61.87, ndcg: 68.46, took: 2.14s
Epoch 22, 14.9%	 loss: 2.028 acc@1: 43.59 mrr: 61.31, ndcg: 67.76, took: 2.11s
Epoch 22, 17.0%	 loss: 1.952 acc@1: 45.55 mrr: 62.71, ndcg: 69.16, took: 2.17s
Epoch 22, 19.1%	 loss: 1.998 acc@1: 44.45 mrr: 62.00, ndcg: 68.35, took: 2.19s
Epoch 22, 21.3%	 loss: 1.923 acc@1: 44.61 mrr: 62.53, ndcg: 69.12, took: 2.23s
Epoch 22, 23.4%	 loss: 1.955 acc@1: 44.73 mrr: 62.69, ndcg: 69.08, took: 2.19s
Epoch 22, 25.5%	 loss: 1.932 acc@1: 44.18 mrr: 62.50, ndcg: 69.10, took: 2.08s
Epoch 22, 27.7%	 loss: 1.966 acc@1: 44.88 mrr: 62.36, ndcg: 68.68, took: 2.19s
Epoch 22, 29.8%	 loss: 1.989 acc@1: 44.61 mrr: 62.37, ndcg: 68.90, took: 2.11s
Epoch 22, 31.9%	 loss: 2.008 acc@1: 43.75 mrr: 61.67, ndcg: 67.98, took: 1.99s
Epoch 22, 34.0%	 loss: 1.960 acc@1: 44.34 mrr: 62.29, ndcg: 68.78, took: 2.12s
Epoch 22, 36.2%	 loss: 1.907 acc@1: 45.74 mrr: 63.52, ndcg: 69.90, took: 2.20s
Epoch 22, 38.3%	 loss: 1.976 acc@1: 45.35 mrr: 62.70, ndcg: 68.98, took: 2.16s
Epoch 22, 40.4%	 loss: 1.926 acc@1: 45.23 mrr: 62.91, ndcg: 69.52, took: 2.12s
Epoch 22, 42.6%	 loss: 1.987 acc@1: 42.50 mrr: 61.35, ndcg: 68.02, took: 2.23s
Epoch 22, 44.7%	 loss: 1.915 acc@1: 46.21 mrr: 63.56, ndcg: 69.94, took: 2.07s
Epoch 22, 46.8%	 loss: 1.921 acc@1: 45.66 mrr: 63.31, ndcg: 69.61, took: 2.25s
Epoch 22, 48.9%	 loss: 1.991 acc@1: 42.89 mrr: 61.65, ndcg: 68.38, took: 2.21s
Epoch 22, 51.1%	 loss: 2.013 acc@1: 44.38 mrr: 61.96, ndcg: 68.18, took: 2.03s
Epoch 22, 53.2%	 loss: 2.012 acc@1: 42.58 mrr: 60.84, ndcg: 67.46, took: 1.92s
Epoch 22, 55.3%	 loss: 1.935 acc@1: 44.84 mrr: 62.71, ndcg: 69.23, took: 2.11s
Epoch 22, 57.4%	 loss: 1.951 acc@1: 45.59 mrr: 62.98, ndcg: 69.26, took: 2.16s
Epoch 22, 59.6%	 loss: 1.944 acc@1: 45.82 mrr: 63.32, ndcg: 69.53, took: 2.14s
Epoch 22, 61.7%	 loss: 2.002 acc@1: 43.67 mrr: 61.99, ndcg: 68.32, took: 2.00s
Epoch 22, 63.8%	 loss: 2.004 acc@1: 44.30 mrr: 61.73, ndcg: 68.14, took: 2.04s
Epoch 22, 66.0%	 loss: 1.926 acc@1: 45.00 mrr: 62.84, ndcg: 69.28, took: 2.15s
Epoch 22, 68.1%	 loss: 1.932 acc@1: 45.74 mrr: 63.15, ndcg: 69.41, took: 2.04s
Epoch 22, 70.2%	 loss: 2.035 acc@1: 42.97 mrr: 60.82, ndcg: 67.37, took: 2.17s
Epoch 22, 72.3%	 loss: 1.983 acc@1: 44.02 mrr: 61.86, ndcg: 68.47, took: 2.53s
Epoch 22, 74.5%	 loss: 2.010 acc@1: 45.59 mrr: 62.45, ndcg: 68.58, took: 2.20s
Epoch 22, 76.6%	 loss: 1.975 acc@1: 43.67 mrr: 61.94, ndcg: 68.51, took: 2.14s
Epoch 22, 78.7%	 loss: 2.008 acc@1: 43.16 mrr: 61.30, ndcg: 67.72, took: 2.16s
Epoch 22, 80.9%	 loss: 1.967 acc@1: 45.66 mrr: 62.68, ndcg: 68.92, took: 2.15s
Epoch 22, 83.0%	 loss: 1.964 acc@1: 44.41 mrr: 62.44, ndcg: 68.96, took: 2.25s
Epoch 22, 85.1%	 loss: 1.999 acc@1: 44.61 mrr: 62.25, ndcg: 68.54, took: 2.27s
Epoch 22, 87.2%	 loss: 1.993 acc@1: 44.26 mrr: 62.09, ndcg: 68.22, took: 2.21s
Epoch 22, 89.4%	 loss: 1.943 acc@1: 44.80 mrr: 62.79, ndcg: 69.01, took: 2.09s
Epoch 22, 91.5%	 loss: 1.933 acc@1: 44.38 mrr: 62.34, ndcg: 68.92, took: 2.38s
Epoch 22, 93.6%	 loss: 2.033 acc@1: 44.38 mrr: 61.82, ndcg: 68.10, took: 2.17s
Epoch 22, 95.7%	 loss: 1.947 acc@1: 43.87 mrr: 62.37, ndcg: 68.87, took: 2.18s
Epoch 22, 97.9%	 loss: 2.033 acc@1: 43.05 mrr: 61.13, ndcg: 67.63, took: 2.03s
Epoch 22, 100.0%	 loss: 1.899 acc@1: 46.33 mrr: 63.82, ndcg: 70.16, took: 2.00s
Validation - loss: 2.9928, acc@1: 42.40%, f1: 33.45%, mrr: 58.21%, ndcg: 63.94%
Current learning rate: 0.000015

=== Epoch 23 ===
Epoch 23, 2.1%	 loss: 1.954 acc@1: 44.73 mrr: 62.41, ndcg: 68.79, took: 2.19s
Epoch 23, 4.3%	 loss: 1.977 acc@1: 43.24 mrr: 61.61, ndcg: 68.27, took: 2.10s
Epoch 23, 6.4%	 loss: 1.988 acc@1: 43.71 mrr: 61.79, ndcg: 68.25, took: 2.15s
Epoch 23, 8.5%	 loss: 1.953 acc@1: 45.12 mrr: 62.80, ndcg: 69.10, took: 1.97s
Epoch 23, 10.6%	 loss: 1.962 acc@1: 43.20 mrr: 61.73, ndcg: 68.50, took: 1.77s
Epoch 23, 12.8%	 loss: 1.955 acc@1: 44.34 mrr: 62.28, ndcg: 68.76, took: 1.80s
Epoch 23, 14.9%	 loss: 1.989 acc@1: 43.48 mrr: 61.62, ndcg: 68.24, took: 1.85s
Epoch 23, 17.0%	 loss: 1.967 acc@1: 45.23 mrr: 62.61, ndcg: 69.00, took: 1.82s
Epoch 23, 19.1%	 loss: 1.997 acc@1: 44.41 mrr: 61.93, ndcg: 68.31, took: 1.64s
Epoch 23, 21.3%	 loss: 2.026 acc@1: 44.49 mrr: 61.75, ndcg: 68.12, took: 1.97s
Epoch 23, 23.4%	 loss: 1.990 acc@1: 43.83 mrr: 61.72, ndcg: 68.17, took: 1.86s
Epoch 23, 25.5%	 loss: 1.958 acc@1: 44.22 mrr: 62.44, ndcg: 68.84, took: 1.86s
Epoch 23, 27.7%	 loss: 2.016 acc@1: 43.09 mrr: 61.21, ndcg: 67.58, took: 1.84s
Epoch 23, 29.8%	 loss: 1.869 acc@1: 45.66 mrr: 63.59, ndcg: 70.11, took: 1.80s
Epoch 23, 31.9%	 loss: 1.902 acc@1: 46.91 mrr: 64.05, ndcg: 70.19, took: 1.86s
Epoch 23, 34.0%	 loss: 1.939 acc@1: 45.00 mrr: 62.74, ndcg: 69.22, took: 1.83s
Epoch 23, 36.2%	 loss: 2.008 acc@1: 44.49 mrr: 61.87, ndcg: 68.25, took: 1.74s
Epoch 23, 38.3%	 loss: 1.899 acc@1: 45.94 mrr: 63.31, ndcg: 69.61, took: 1.80s
Epoch 23, 40.4%	 loss: 1.937 acc@1: 44.45 mrr: 62.62, ndcg: 69.33, took: 1.72s
Epoch 23, 42.6%	 loss: 1.932 acc@1: 45.16 mrr: 62.84, ndcg: 69.35, took: 1.73s
Epoch 23, 44.7%	 loss: 1.983 acc@1: 43.98 mrr: 61.80, ndcg: 68.16, took: 1.68s
Epoch 23, 46.8%	 loss: 1.959 acc@1: 44.14 mrr: 62.18, ndcg: 68.49, took: 1.72s
Epoch 23, 48.9%	 loss: 2.011 acc@1: 44.30 mrr: 61.92, ndcg: 68.29, took: 1.72s
Epoch 23, 51.1%	 loss: 1.933 acc@1: 44.14 mrr: 62.46, ndcg: 69.10, took: 1.78s
Epoch 23, 53.2%	 loss: 2.040 acc@1: 42.85 mrr: 61.11, ndcg: 67.49, took: 1.73s
Epoch 23, 55.3%	 loss: 1.922 acc@1: 45.39 mrr: 63.16, ndcg: 69.62, took: 1.71s
Epoch 23, 57.4%	 loss: 1.921 acc@1: 45.82 mrr: 63.28, ndcg: 69.58, took: 1.54s
Epoch 23, 59.6%	 loss: 1.952 acc@1: 44.65 mrr: 62.43, ndcg: 68.73, took: 1.67s
Epoch 23, 61.7%	 loss: 2.010 acc@1: 45.04 mrr: 62.37, ndcg: 68.69, took: 1.70s
Epoch 23, 63.8%	 loss: 1.983 acc@1: 45.35 mrr: 62.50, ndcg: 68.63, took: 1.68s
Epoch 23, 66.0%	 loss: 2.003 acc@1: 44.34 mrr: 61.95, ndcg: 68.23, took: 1.72s
Epoch 23, 68.1%	 loss: 1.983 acc@1: 43.05 mrr: 61.57, ndcg: 68.26, took: 1.74s
Epoch 23, 70.2%	 loss: 1.930 acc@1: 45.35 mrr: 63.16, ndcg: 69.64, took: 1.74s
Epoch 23, 72.3%	 loss: 1.866 acc@1: 47.03 mrr: 64.28, ndcg: 70.44, took: 1.77s
Epoch 23, 74.5%	 loss: 2.019 acc@1: 44.10 mrr: 61.62, ndcg: 68.08, took: 1.67s
Epoch 23, 76.6%	 loss: 2.000 acc@1: 44.53 mrr: 62.07, ndcg: 68.37, took: 1.64s
Epoch 23, 78.7%	 loss: 2.019 acc@1: 44.02 mrr: 61.76, ndcg: 68.39, took: 1.59s
Epoch 23, 80.9%	 loss: 1.935 acc@1: 45.70 mrr: 63.19, ndcg: 69.54, took: 1.53s
Epoch 23, 83.0%	 loss: 2.042 acc@1: 44.38 mrr: 61.42, ndcg: 67.63, took: 1.49s
Epoch 23, 85.1%	 loss: 1.904 acc@1: 45.47 mrr: 63.29, ndcg: 69.90, took: 1.69s
Epoch 23, 87.2%	 loss: 1.977 acc@1: 44.45 mrr: 62.16, ndcg: 68.51, took: 1.66s
Epoch 23, 89.4%	 loss: 2.025 acc@1: 42.23 mrr: 60.97, ndcg: 67.68, took: 1.58s
Epoch 23, 91.5%	 loss: 1.992 acc@1: 45.04 mrr: 62.36, ndcg: 68.60, took: 1.75s
Epoch 23, 93.6%	 loss: 1.954 acc@1: 45.39 mrr: 62.85, ndcg: 69.14, took: 1.64s
Epoch 23, 95.7%	 loss: 1.970 acc@1: 45.39 mrr: 62.57, ndcg: 68.75, took: 1.71s
Epoch 23, 97.9%	 loss: 1.964 acc@1: 44.14 mrr: 62.27, ndcg: 68.70, took: 1.75s
Epoch 23, 100.0%	 loss: 1.950 acc@1: 45.04 mrr: 62.65, ndcg: 69.20, took: 1.67s
Validation - loss: 2.9929, acc@1: 42.31%, f1: 33.49%, mrr: 58.16%, ndcg: 63.90%
Current learning rate: 0.000015

=== Epoch 24 ===
Epoch 24, 2.1%	 loss: 2.017 acc@1: 42.15 mrr: 60.58, ndcg: 67.39, took: 1.79s
Epoch 24, 4.3%	 loss: 1.935 acc@1: 43.91 mrr: 62.19, ndcg: 68.86, took: 1.73s
Epoch 24, 6.4%	 loss: 1.983 acc@1: 43.79 mrr: 61.77, ndcg: 68.26, took: 1.66s
Epoch 24, 8.5%	 loss: 1.948 acc@1: 43.91 mrr: 62.31, ndcg: 68.87, took: 1.60s
Epoch 24, 10.6%	 loss: 1.917 acc@1: 45.74 mrr: 63.46, ndcg: 69.87, took: 1.74s
Epoch 24, 12.8%	 loss: 2.012 acc@1: 43.83 mrr: 61.87, ndcg: 67.96, took: 1.80s
Epoch 24, 14.9%	 loss: 1.894 acc@1: 46.52 mrr: 63.88, ndcg: 69.95, took: 1.75s
Epoch 24, 17.0%	 loss: 1.982 acc@1: 43.98 mrr: 61.78, ndcg: 68.28, took: 1.73s
Epoch 24, 19.1%	 loss: 1.942 acc@1: 44.77 mrr: 62.52, ndcg: 68.95, took: 1.67s
Epoch 24, 21.3%	 loss: 1.990 acc@1: 43.67 mrr: 61.70, ndcg: 68.17, took: 1.76s
Epoch 24, 23.4%	 loss: 1.925 acc@1: 43.98 mrr: 62.40, ndcg: 69.11, took: 1.76s
Epoch 24, 25.5%	 loss: 1.985 acc@1: 45.35 mrr: 62.56, ndcg: 68.81, took: 1.76s
Epoch 24, 27.7%	 loss: 1.986 acc@1: 43.55 mrr: 61.82, ndcg: 68.40, took: 1.77s
Epoch 24, 29.8%	 loss: 1.945 acc@1: 44.53 mrr: 62.24, ndcg: 68.55, took: 1.70s
Epoch 24, 31.9%	 loss: 1.994 acc@1: 43.87 mrr: 61.74, ndcg: 68.04, took: 1.76s
Epoch 24, 34.0%	 loss: 1.992 acc@1: 44.77 mrr: 62.29, ndcg: 68.58, took: 1.72s
Epoch 24, 36.2%	 loss: 1.950 acc@1: 45.78 mrr: 63.25, ndcg: 69.64, took: 1.71s
Epoch 24, 38.3%	 loss: 1.934 acc@1: 45.00 mrr: 62.83, ndcg: 69.20, took: 1.81s
Epoch 24, 40.4%	 loss: 1.959 acc@1: 45.59 mrr: 63.00, ndcg: 69.23, took: 1.79s
Epoch 24, 42.6%	 loss: 2.002 acc@1: 44.06 mrr: 61.94, ndcg: 68.35, took: 1.68s
Epoch 24, 44.7%	 loss: 1.981 acc@1: 44.02 mrr: 62.05, ndcg: 68.76, took: 1.72s
Epoch 24, 46.8%	 loss: 1.981 acc@1: 43.79 mrr: 61.93, ndcg: 68.46, took: 1.74s
Epoch 24, 48.9%	 loss: 1.984 acc@1: 43.67 mrr: 61.84, ndcg: 68.16, took: 1.71s
Epoch 24, 51.1%	 loss: 1.941 acc@1: 43.98 mrr: 62.25, ndcg: 68.68, took: 1.74s
Epoch 24, 53.2%	 loss: 1.902 acc@1: 45.12 mrr: 63.25, ndcg: 69.77, took: 1.58s
Epoch 24, 55.3%	 loss: 1.942 acc@1: 46.52 mrr: 63.49, ndcg: 69.51, took: 1.49s
Epoch 24, 57.4%	 loss: 1.933 acc@1: 46.25 mrr: 63.37, ndcg: 69.71, took: 1.52s
Epoch 24, 59.6%	 loss: 1.995 acc@1: 44.14 mrr: 61.73, ndcg: 67.99, took: 1.49s
Epoch 24, 61.7%	 loss: 1.949 acc@1: 45.08 mrr: 62.85, ndcg: 69.20, took: 1.52s
Epoch 24, 63.8%	 loss: 1.991 acc@1: 44.30 mrr: 61.98, ndcg: 68.53, took: 1.50s
Epoch 24, 66.0%	 loss: 1.869 acc@1: 48.24 mrr: 64.85, ndcg: 71.08, took: 1.50s
Epoch 24, 68.1%	 loss: 1.998 acc@1: 42.97 mrr: 61.34, ndcg: 68.05, took: 1.41s
Epoch 24, 70.2%	 loss: 2.006 acc@1: 43.28 mrr: 61.54, ndcg: 68.11, took: 1.44s
Epoch 24, 72.3%	 loss: 1.941 acc@1: 45.55 mrr: 62.92, ndcg: 69.31, took: 1.51s
Epoch 24, 74.5%	 loss: 1.921 acc@1: 45.27 mrr: 63.18, ndcg: 69.65, took: 1.51s
Epoch 24, 76.6%	 loss: 1.994 acc@1: 45.04 mrr: 62.35, ndcg: 68.51, took: 1.42s
Epoch 24, 78.7%	 loss: 1.997 acc@1: 44.84 mrr: 62.13, ndcg: 68.48, took: 1.37s
Epoch 24, 80.9%	 loss: 1.975 acc@1: 45.98 mrr: 63.12, ndcg: 69.11, took: 1.42s
Epoch 24, 83.0%	 loss: 2.003 acc@1: 44.45 mrr: 61.78, ndcg: 67.96, took: 1.44s
Epoch 24, 85.1%	 loss: 1.954 acc@1: 44.77 mrr: 62.55, ndcg: 68.89, took: 1.48s
Epoch 24, 87.2%	 loss: 2.007 acc@1: 43.71 mrr: 61.74, ndcg: 68.35, took: 1.45s
Epoch 24, 89.4%	 loss: 1.951 acc@1: 45.23 mrr: 62.76, ndcg: 69.15, took: 1.35s
Epoch 24, 91.5%	 loss: 2.006 acc@1: 44.06 mrr: 61.82, ndcg: 68.24, took: 1.43s
Epoch 24, 93.6%	 loss: 2.020 acc@1: 43.36 mrr: 61.45, ndcg: 67.98, took: 1.38s
Epoch 24, 95.7%	 loss: 1.978 acc@1: 43.91 mrr: 62.01, ndcg: 68.68, took: 1.45s
Epoch 24, 97.9%	 loss: 1.971 acc@1: 43.09 mrr: 61.66, ndcg: 68.26, took: 1.39s
Epoch 24, 100.0%	 loss: 2.013 acc@1: 43.95 mrr: 61.46, ndcg: 67.72, took: 1.34s
Validation - loss: 2.9936, acc@1: 42.28%, f1: 33.31%, mrr: 58.17%, ndcg: 63.90%
Current learning rate: 0.000015

=== Epoch 25 ===
Epoch 25, 2.1%	 loss: 1.978 acc@1: 43.52 mrr: 61.60, ndcg: 68.20, took: 1.43s
Epoch 25, 4.3%	 loss: 1.941 acc@1: 44.92 mrr: 62.83, ndcg: 69.18, took: 1.43s
Epoch 25, 6.4%	 loss: 1.886 acc@1: 47.46 mrr: 64.15, ndcg: 70.24, took: 1.39s
Epoch 25, 8.5%	 loss: 2.027 acc@1: 43.67 mrr: 61.24, ndcg: 67.74, took: 1.19s
Epoch 25, 10.6%	 loss: 2.024 acc@1: 45.12 mrr: 62.21, ndcg: 68.48, took: 1.37s
Epoch 25, 12.8%	 loss: 1.974 acc@1: 45.59 mrr: 62.76, ndcg: 68.83, took: 1.28s
Epoch 25, 14.9%	 loss: 1.940 acc@1: 44.45 mrr: 62.38, ndcg: 68.90, took: 1.44s
Epoch 25, 17.0%	 loss: 1.986 acc@1: 43.98 mrr: 61.76, ndcg: 68.20, took: 1.42s
Epoch 25, 19.1%	 loss: 1.968 acc@1: 44.26 mrr: 62.37, ndcg: 68.83, took: 1.41s
Epoch 25, 21.3%	 loss: 1.976 acc@1: 44.57 mrr: 61.91, ndcg: 68.29, took: 1.42s
Epoch 25, 23.4%	 loss: 1.925 acc@1: 45.08 mrr: 63.08, ndcg: 69.40, took: 1.42s
Epoch 25, 25.5%	 loss: 1.941 acc@1: 45.51 mrr: 63.11, ndcg: 69.43, took: 1.33s
Epoch 25, 27.7%	 loss: 1.973 acc@1: 44.22 mrr: 62.31, ndcg: 68.77, took: 1.44s
Epoch 25, 29.8%	 loss: 1.947 acc@1: 44.14 mrr: 62.10, ndcg: 68.68, took: 1.39s
Epoch 25, 31.9%	 loss: 1.968 acc@1: 44.38 mrr: 62.34, ndcg: 68.82, took: 1.41s
Epoch 25, 34.0%	 loss: 1.986 acc@1: 44.88 mrr: 62.43, ndcg: 68.69, took: 1.41s
Epoch 25, 36.2%	 loss: 1.984 acc@1: 44.88 mrr: 62.25, ndcg: 68.45, took: 1.43s
Epoch 25, 38.3%	 loss: 2.025 acc@1: 43.71 mrr: 61.04, ndcg: 67.66, took: 1.43s
Epoch 25, 40.4%	 loss: 1.997 acc@1: 43.98 mrr: 61.89, ndcg: 68.30, took: 1.35s
Epoch 25, 42.6%	 loss: 1.984 acc@1: 44.34 mrr: 62.09, ndcg: 68.43, took: 1.34s
Epoch 25, 44.7%	 loss: 1.984 acc@1: 44.41 mrr: 62.20, ndcg: 68.56, took: 1.52s
Epoch 25, 46.8%	 loss: 1.928 acc@1: 44.26 mrr: 62.57, ndcg: 69.14, took: 1.59s
Epoch 25, 48.9%	 loss: 1.967 acc@1: 43.91 mrr: 62.22, ndcg: 68.54, took: 1.57s
Epoch 25, 51.1%	 loss: 1.959 acc@1: 45.04 mrr: 62.74, ndcg: 69.13, took: 1.41s
Epoch 25, 53.2%	 loss: 1.917 acc@1: 45.16 mrr: 62.96, ndcg: 69.42, took: 1.51s
Epoch 25, 55.3%	 loss: 1.979 acc@1: 43.55 mrr: 61.65, ndcg: 68.27, took: 1.45s
Epoch 25, 57.4%	 loss: 1.974 acc@1: 42.07 mrr: 61.02, ndcg: 67.69, took: 1.45s
Epoch 25, 59.6%	 loss: 1.967 acc@1: 44.14 mrr: 62.27, ndcg: 68.69, took: 1.34s
Epoch 25, 61.7%	 loss: 1.955 acc@1: 45.66 mrr: 63.03, ndcg: 69.42, took: 1.48s
Epoch 25, 63.8%	 loss: 2.013 acc@1: 43.44 mrr: 61.35, ndcg: 67.88, took: 1.48s
Epoch 25, 66.0%	 loss: 1.981 acc@1: 44.14 mrr: 62.12, ndcg: 68.64, took: 1.43s
Epoch 25, 68.1%	 loss: 1.966 acc@1: 44.26 mrr: 62.15, ndcg: 68.65, took: 1.29s
Epoch 25, 70.2%	 loss: 1.930 acc@1: 46.45 mrr: 63.57, ndcg: 69.70, took: 1.40s
Epoch 25, 72.3%	 loss: 1.991 acc@1: 44.77 mrr: 62.32, ndcg: 68.72, took: 1.44s
Epoch 25, 74.5%	 loss: 1.983 acc@1: 44.84 mrr: 62.17, ndcg: 68.32, took: 1.45s
Epoch 25, 76.6%	 loss: 1.890 acc@1: 45.12 mrr: 63.37, ndcg: 69.80, took: 1.37s
Epoch 25, 78.7%	 loss: 1.970 acc@1: 44.80 mrr: 62.53, ndcg: 68.77, took: 1.46s
Epoch 25, 80.9%	 loss: 1.892 acc@1: 44.22 mrr: 62.70, ndcg: 69.52, took: 1.47s
Epoch 25, 83.0%	 loss: 1.892 acc@1: 45.94 mrr: 63.47, ndcg: 69.97, took: 1.48s
Epoch 25, 85.1%	 loss: 1.959 acc@1: 44.96 mrr: 62.62, ndcg: 69.05, took: 1.45s
Epoch 25, 87.2%	 loss: 1.995 acc@1: 44.34 mrr: 62.00, ndcg: 68.55, took: 1.44s
Epoch 25, 89.4%	 loss: 2.016 acc@1: 43.91 mrr: 61.49, ndcg: 67.92, took: 1.44s
Epoch 25, 91.5%	 loss: 1.968 acc@1: 43.79 mrr: 62.01, ndcg: 68.55, took: 1.35s
Epoch 25, 93.6%	 loss: 1.991 acc@1: 44.41 mrr: 62.18, ndcg: 68.66, took: 1.46s
Epoch 25, 95.7%	 loss: 1.902 acc@1: 45.27 mrr: 63.50, ndcg: 69.81, took: 1.49s
Epoch 25, 97.9%	 loss: 1.954 acc@1: 44.61 mrr: 62.54, ndcg: 69.00, took: 1.40s
Epoch 25, 100.0%	 loss: 2.022 acc@1: 43.09 mrr: 61.03, ndcg: 67.68, took: 1.41s
Validation - loss: 2.9911, acc@1: 42.48%, f1: 33.44%, mrr: 58.29%, ndcg: 64.00%
Training finished.	 Time: 2995.08s.	 acc@1: 42.32%

=== Test Results ===
Test Results:
  acc@1: 41.96%
  acc@5: 76.06%
  acc@10: 80.43%
  mrr: 57.32%
  ndcg: 62.80%
  f1: 34.36%

=== Training Complete ===
