2025-12-29 06:44:25,441 - INFO - ============================================================
2025-12-29 06:44:25,441 - INFO - POINTER V45 - Training Started
2025-12-29 06:44:25,441 - INFO - ============================================================
2025-12-29 06:44:25,441 - INFO - Model config: {'d_model': 64, 'dim_feedforward': 128, 'dropout': 0.15, 'nhead': 4, 'num_layers': 3}
2025-12-29 06:44:25,441 - INFO - Training config: {'batch_size': 128, 'grad_clip': 0.8, 'label_smoothing': 0.03, 'learning_rate': 0.0005, 'min_epochs': 8, 'min_lr': 1e-06, 'num_epochs': 50, 'patience': 5, 'use_amp': True, 'warmup_epochs': 5, 'weight_decay': 0.015}
2025-12-29 06:44:25,441 - INFO - ============================================================
2025-12-29 06:44:25,441 - INFO - Training for 50 epochs
2025-12-29 06:44:25,442 - INFO - Model parameters: 284,540
2025-12-29 06:44:31,337 - INFO - Epoch 1/50 | LR: 1.00e-04 | Train: 4.6277 | Val: 3.5110 | Acc@1: 38.13%
2025-12-29 06:44:31,364 - INFO -   ✓ New best (Acc@1: 38.13%)
2025-12-29 06:44:36,360 - INFO - Epoch 2/50 | LR: 2.00e-04 | Train: 4.1876 | Val: 3.3463 | Acc@1: 42.68%
2025-12-29 06:44:36,388 - INFO -   ✓ New best (Acc@1: 42.68%)
2025-12-29 06:44:41,381 - INFO - Epoch 3/50 | LR: 3.00e-04 | Train: 3.8995 | Val: 3.3194 | Acc@1: 45.18%
2025-12-29 06:44:41,408 - INFO -   ✓ New best (Acc@1: 45.18%)
2025-12-29 06:44:46,280 - INFO - Epoch 4/50 | LR: 4.00e-04 | Train: 3.7239 | Val: 3.2066 | Acc@1: 46.23%
2025-12-29 06:44:46,307 - INFO -   ✓ New best (Acc@1: 46.23%)
2025-12-29 06:44:51,267 - INFO - Epoch 5/50 | LR: 5.00e-04 | Train: 3.5395 | Val: 3.2505 | Acc@1: 46.66%
2025-12-29 06:44:56,107 - INFO - Epoch 6/50 | LR: 5.00e-04 | Train: 3.3341 | Val: 3.2268 | Acc@1: 47.14%
2025-12-29 06:45:01,025 - INFO - Epoch 7/50 | LR: 4.99e-04 | Train: 3.1735 | Val: 3.2075 | Acc@1: 46.93%
2025-12-29 06:45:06,053 - INFO - Epoch 8/50 | LR: 4.98e-04 | Train: 3.0014 | Val: 3.2021 | Acc@1: 47.80%
2025-12-29 06:45:06,083 - INFO -   ✓ New best (Acc@1: 47.80%)
2025-12-29 06:45:11,124 - INFO - Epoch 9/50 | LR: 4.95e-04 | Train: 2.8235 | Val: 3.1887 | Acc@1: 48.04%
2025-12-29 06:45:11,154 - INFO -   ✓ New best (Acc@1: 48.04%)
2025-12-29 06:45:16,199 - INFO - Epoch 10/50 | LR: 4.90e-04 | Train: 2.6807 | Val: 3.1988 | Acc@1: 48.10%
2025-12-29 06:45:21,116 - INFO - Epoch 11/50 | LR: 4.85e-04 | Train: 2.5537 | Val: 3.2102 | Acc@1: 48.43%
2025-12-29 06:45:26,269 - INFO - Epoch 12/50 | LR: 4.78e-04 | Train: 2.4283 | Val: 3.1998 | Acc@1: 48.07%
2025-12-29 06:45:31,160 - INFO - Epoch 13/50 | LR: 4.71e-04 | Train: 2.3343 | Val: 3.2001 | Acc@1: 48.77%
2025-12-29 06:45:35,856 - INFO - Epoch 14/50 | LR: 4.62e-04 | Train: 2.2490 | Val: 3.3200 | Acc@1: 47.50%
2025-12-29 06:45:35,856 - INFO - Early stopping at epoch 14
2025-12-29 06:45:36,137 - INFO - Loaded checkpoint from epoch 9
2025-12-29 06:45:38,414 - INFO - ============================================================
2025-12-29 06:45:38,414 - INFO - FINAL VALIDATION RESULTS
2025-12-29 06:45:38,414 - INFO -   Acc@1:  48.04%
2025-12-29 06:45:38,414 - INFO -   Acc@5:  73.07%
2025-12-29 06:45:38,414 - INFO -   Acc@10: 78.46%
2025-12-29 06:45:38,414 - INFO -   MRR:    59.27%
2025-12-29 06:45:38,414 - INFO -   NDCG:   63.67%
2025-12-29 06:45:38,414 - INFO - ============================================================
2025-12-29 06:45:38,414 - INFO - FINAL TEST RESULTS
2025-12-29 06:45:38,414 - INFO -   Acc@1:  50.29%
2025-12-29 06:45:38,414 - INFO -   Acc@5:  76.92%
2025-12-29 06:45:38,414 - INFO -   Acc@10: 80.83%
2025-12-29 06:45:38,414 - INFO -   MRR:    62.05%
2025-12-29 06:45:38,414 - INFO -   NDCG:   66.44%
2025-12-29 06:45:38,414 - INFO - ============================================================
