2025-12-29 08:23:45,500 - INFO - ============================================================
2025-12-29 08:23:45,500 - INFO - POINTER V45 - Training Started
2025-12-29 08:23:45,500 - INFO - ============================================================
2025-12-29 08:23:45,500 - INFO - Model config: {'d_model': 64, 'dim_feedforward': 128, 'dropout': 0.15, 'nhead': 4, 'num_layers': 2}
2025-12-29 08:23:45,500 - INFO - Training config: {'batch_size': 128, 'grad_clip': 0.8, 'label_smoothing': 0.03, 'learning_rate': 0.0006, 'min_epochs': 8, 'min_lr': 1e-06, 'num_epochs': 50, 'patience': 5, 'use_amp': True, 'warmup_epochs': 5, 'weight_decay': 0.015}
2025-12-29 08:23:45,500 - INFO - ============================================================
2025-12-29 08:23:45,501 - INFO - Training for 50 epochs
2025-12-29 08:23:45,501 - INFO - Model parameters: 251,476
2025-12-29 08:23:49,315 - INFO - Epoch 1/50 | LR: 1.20e-04 | Train: 4.2410 | Val: 3.2504 | Acc@1: 38.42%
2025-12-29 08:23:49,337 - INFO -   ✓ New best (Acc@1: 38.42%)
2025-12-29 08:23:52,159 - INFO - Epoch 2/50 | LR: 2.40e-04 | Train: 3.8963 | Val: 3.1291 | Acc@1: 43.52%
2025-12-29 08:23:52,180 - INFO -   ✓ New best (Acc@1: 43.52%)
2025-12-29 08:23:55,204 - INFO - Epoch 3/50 | LR: 3.60e-04 | Train: 3.6904 | Val: 3.0649 | Acc@1: 44.93%
2025-12-29 08:23:55,226 - INFO -   ✓ New best (Acc@1: 44.93%)
2025-12-29 08:23:58,338 - INFO - Epoch 4/50 | LR: 4.80e-04 | Train: 3.4986 | Val: 3.0011 | Acc@1: 46.97%
2025-12-29 08:23:58,362 - INFO -   ✓ New best (Acc@1: 46.97%)
2025-12-29 08:24:01,430 - INFO - Epoch 5/50 | LR: 6.00e-04 | Train: 3.3110 | Val: 2.9932 | Acc@1: 48.02%
2025-12-29 08:24:01,452 - INFO -   ✓ New best (Acc@1: 48.02%)
2025-12-29 08:24:04,331 - INFO - Epoch 6/50 | LR: 6.00e-04 | Train: 3.1462 | Val: 2.9697 | Acc@1: 46.76%
2025-12-29 08:24:04,354 - INFO -   ✓ New best (Acc@1: 46.76%)
2025-12-29 08:24:07,258 - INFO - Epoch 7/50 | LR: 5.99e-04 | Train: 2.9669 | Val: 2.9705 | Acc@1: 47.72%
2025-12-29 08:24:09,853 - INFO - Epoch 8/50 | LR: 5.97e-04 | Train: 2.8038 | Val: 2.9597 | Acc@1: 48.80%
2025-12-29 08:24:09,875 - INFO -   ✓ New best (Acc@1: 48.80%)
2025-12-29 08:24:13,081 - INFO - Epoch 9/50 | LR: 5.93e-04 | Train: 2.6505 | Val: 2.9766 | Acc@1: 49.28%
2025-12-29 08:24:16,136 - INFO - Epoch 10/50 | LR: 5.88e-04 | Train: 2.5086 | Val: 3.0187 | Acc@1: 47.78%
2025-12-29 08:24:19,223 - INFO - Epoch 11/50 | LR: 5.82e-04 | Train: 2.3735 | Val: 3.1015 | Acc@1: 48.08%
2025-12-29 08:24:21,891 - INFO - Epoch 12/50 | LR: 5.74e-04 | Train: 2.2671 | Val: 3.0845 | Acc@1: 47.42%
2025-12-29 08:24:24,911 - INFO - Epoch 13/50 | LR: 5.65e-04 | Train: 2.1584 | Val: 3.1232 | Acc@1: 48.35%
2025-12-29 08:24:24,911 - INFO - Early stopping at epoch 13
2025-12-29 08:24:24,999 - INFO - Loaded checkpoint from epoch 8
2025-12-29 08:24:26,273 - INFO - ============================================================
2025-12-29 08:24:26,273 - INFO - FINAL VALIDATION RESULTS
2025-12-29 08:24:26,273 - INFO -   Acc@1:  48.80%
2025-12-29 08:24:26,273 - INFO -   Acc@5:  77.38%
2025-12-29 08:24:26,273 - INFO -   Acc@10: 81.73%
2025-12-29 08:24:26,273 - INFO -   MRR:    61.29%
2025-12-29 08:24:26,273 - INFO -   NDCG:   66.05%
2025-12-29 08:24:26,273 - INFO - ============================================================
2025-12-29 08:24:26,273 - INFO - FINAL TEST RESULTS
2025-12-29 08:24:26,273 - INFO -   Acc@1:  53.46%
2025-12-29 08:24:26,273 - INFO -   Acc@5:  81.27%
2025-12-29 08:24:26,274 - INFO -   Acc@10: 84.58%
2025-12-29 08:24:26,274 - INFO -   MRR:    65.68%
2025-12-29 08:24:26,274 - INFO -   NDCG:   70.18%
2025-12-29 08:24:26,274 - INFO - ============================================================
