2025-12-30 20:52:52,591 - INFO - ============================================================
2025-12-30 20:52:52,591 - INFO - POINTER V45 - Training Started
2025-12-30 20:52:52,591 - INFO - ============================================================
2025-12-30 20:52:52,591 - INFO - Model config: {'d_model': 128, 'dim_feedforward': 128, 'dropout': 0.15, 'nhead': 4, 'num_layers': 2}
2025-12-30 20:52:52,591 - INFO - Training config: {'batch_size': 128, 'grad_clip': 0.8, 'label_smoothing': 0.03, 'learning_rate': 0.00065, 'min_epochs': 3, 'min_lr': 1e-06, 'num_epochs': 50, 'patience': 5, 'use_amp': True, 'warmup_epochs': 5, 'weight_decay': 0.015}
2025-12-30 20:52:52,591 - INFO - ============================================================
2025-12-30 20:52:52,591 - INFO - Training for 50 epochs
2025-12-30 20:52:52,592 - INFO - Model parameters: 1,594,238
2025-12-30 20:55:13,842 - INFO - Epoch 1/50 | LR: 1.30e-04 | Train: 2.9689 | Val: 2.7826 | Acc@1: 51.51%
2025-12-30 20:55:13,888 - INFO -   ✓ New best (Acc@1: 51.51%)
2025-12-30 20:57:31,490 - INFO - Epoch 2/50 | LR: 2.60e-04 | Train: 2.7277 | Val: 2.7259 | Acc@1: 53.42%
2025-12-30 20:57:31,538 - INFO -   ✓ New best (Acc@1: 53.42%)
2025-12-30 20:59:50,229 - INFO - Epoch 3/50 | LR: 3.90e-04 | Train: 2.6069 | Val: 2.7067 | Acc@1: 54.13%
2025-12-30 20:59:50,279 - INFO -   ✓ New best (Acc@1: 54.13%)
2025-12-30 21:02:08,591 - INFO - Epoch 4/50 | LR: 5.20e-04 | Train: 2.5090 | Val: 2.6789 | Acc@1: 54.19%
2025-12-30 21:02:08,641 - INFO -   ✓ New best (Acc@1: 54.19%)
2025-12-30 21:04:28,479 - INFO - Epoch 5/50 | LR: 6.50e-04 | Train: 2.4216 | Val: 2.6662 | Acc@1: 53.71%
2025-12-30 21:04:28,530 - INFO -   ✓ New best (Acc@1: 53.71%)
2025-12-30 21:06:47,310 - INFO - Epoch 6/50 | LR: 6.50e-04 | Train: 2.3220 | Val: 2.6547 | Acc@1: 54.16%
2025-12-30 21:06:47,361 - INFO -   ✓ New best (Acc@1: 54.16%)
2025-12-30 21:09:06,407 - INFO - Epoch 7/50 | LR: 6.49e-04 | Train: 2.2330 | Val: 2.6903 | Acc@1: 53.74%
2025-12-30 21:11:25,228 - INFO - Epoch 8/50 | LR: 6.47e-04 | Train: 2.1513 | Val: 2.7137 | Acc@1: 53.58%
2025-12-30 21:13:43,692 - INFO - Epoch 9/50 | LR: 6.43e-04 | Train: 2.0759 | Val: 2.7820 | Acc@1: 52.56%
2025-12-30 21:16:02,390 - INFO - Epoch 10/50 | LR: 6.37e-04 | Train: 2.0013 | Val: 2.8201 | Acc@1: 51.90%
2025-12-30 21:18:19,163 - INFO - Epoch 11/50 | LR: 6.30e-04 | Train: 1.9295 | Val: 2.9066 | Acc@1: 50.75%
2025-12-30 21:18:19,163 - INFO - Early stopping at epoch 11
2025-12-30 21:18:20,958 - INFO - Loaded checkpoint from epoch 6
2025-12-30 21:18:30,611 - INFO - ============================================================
2025-12-30 21:18:30,611 - INFO - FINAL VALIDATION RESULTS
2025-12-30 21:18:30,611 - INFO -   Acc@1:  54.16%
2025-12-30 21:18:30,611 - INFO -   Acc@5:  81.40%
2025-12-30 21:18:30,611 - INFO -   Acc@10: 86.46%
2025-12-30 21:18:30,611 - INFO -   MRR:    65.98%
2025-12-30 21:18:30,611 - INFO -   NDCG:   70.81%
2025-12-30 21:18:30,611 - INFO - ============================================================
2025-12-30 21:18:30,611 - INFO - FINAL TEST RESULTS
2025-12-30 21:18:30,611 - INFO -   Acc@1:  54.80%
2025-12-30 21:18:30,611 - INFO -   Acc@5:  82.25%
2025-12-30 21:18:30,612 - INFO -   Acc@10: 87.56%
2025-12-30 21:18:30,612 - INFO -   MRR:    66.95%
2025-12-30 21:18:30,612 - INFO -   NDCG:   71.83%
2025-12-30 21:18:30,612 - INFO - ============================================================
