2025-12-28 18:41:33,811 - INFO - ============================================================
2025-12-28 18:41:33,811 - INFO - POINTER V45 - Training Started
2025-12-28 18:41:33,811 - INFO - ============================================================
2025-12-28 18:41:33,811 - INFO - Model config: {'d_model': 128, 'dim_feedforward': 256, 'dropout': 0.15, 'nhead': 4, 'num_layers': 3}
2025-12-28 18:41:33,811 - INFO - Training config: {'batch_size': 128, 'grad_clip': 0.8, 'label_smoothing': 0.03, 'learning_rate': 0.0007, 'min_epochs': 8, 'min_lr': 1e-06, 'num_epochs': 2, 'patience': 5, 'use_amp': True, 'warmup_epochs': 5, 'weight_decay': 0.015}
2025-12-28 18:41:33,811 - INFO - ============================================================
2025-12-28 18:41:33,811 - INFO - Training for 2 epochs
2025-12-28 18:41:33,812 - INFO - Model parameters: 2,400,562
2025-12-28 18:42:29,929 - INFO - Epoch 1/2 | LR: 1.40e-04 | Train: 3.0661 | Val: 3.0386 | Acc@1: 51.69%
2025-12-28 18:42:29,988 - INFO -   ✓ New best (Acc@1: 51.69%)
2025-12-28 18:43:39,876 - INFO - Epoch 2/2 | LR: 2.80e-04 | Train: 2.8457 | Val: 2.9775 | Acc@1: 53.12%
2025-12-28 18:43:39,939 - INFO -   ✓ New best (Acc@1: 53.12%)
2025-12-28 18:43:40,069 - INFO - Loaded checkpoint from epoch 2
2025-12-28 18:43:45,012 - INFO - ============================================================
2025-12-28 18:43:45,012 - INFO - FINAL VALIDATION RESULTS
2025-12-28 18:43:45,012 - INFO -   Acc@1:  53.12%
2025-12-28 18:43:45,012 - INFO -   Acc@5:  79.00%
2025-12-28 18:43:45,012 - INFO -   Acc@10: 82.26%
2025-12-28 18:43:45,012 - INFO -   MRR:    64.46%
2025-12-28 18:43:45,012 - INFO -   NDCG:   68.73%
2025-12-28 18:43:45,012 - INFO - ============================================================
2025-12-28 18:43:45,012 - INFO - FINAL TEST RESULTS
2025-12-28 18:43:45,012 - INFO -   Acc@1:  55.68%
2025-12-28 18:43:45,012 - INFO -   Acc@5:  81.94%
2025-12-28 18:43:45,012 - INFO -   Acc@10: 84.81%
2025-12-28 18:43:45,013 - INFO -   MRR:    66.96%
2025-12-28 18:43:45,013 - INFO -   NDCG:   71.27%
2025-12-28 18:43:45,013 - INFO - ============================================================
