2025-12-28 19:38:33,272 - INFO - ============================================================
2025-12-28 19:38:33,272 - INFO - POINTER V45 - Training Started
2025-12-28 19:38:33,272 - INFO - ============================================================
2025-12-28 19:38:33,272 - INFO - Model config: {'d_model': 72, 'dim_feedforward': 144, 'dropout': 0.15, 'nhead': 4, 'num_layers': 2}
2025-12-28 19:38:33,272 - INFO - Training config: {'batch_size': 128, 'grad_clip': 0.8, 'label_smoothing': 0.03, 'learning_rate': 0.00065, 'min_epochs': 8, 'min_lr': 1e-06, 'num_epochs': 50, 'patience': 5, 'use_amp': True, 'warmup_epochs': 5, 'weight_decay': 0.015}
2025-12-28 19:38:33,272 - INFO - ============================================================
2025-12-28 19:38:33,272 - INFO - Training for 50 epochs
2025-12-28 19:38:33,273 - INFO - Model parameters: 295,282
2025-12-28 19:38:40,487 - INFO - Epoch 1/50 | LR: 1.30e-04 | Train: 4.1980 | Val: 3.2097 | Acc@1: 39.68%
2025-12-28 19:38:40,509 - INFO -   ✓ New best (Acc@1: 39.68%)
2025-12-28 19:38:46,103 - INFO - Epoch 2/50 | LR: 2.60e-04 | Train: 3.8415 | Val: 3.0915 | Acc@1: 43.52%
2025-12-28 19:38:46,126 - INFO -   ✓ New best (Acc@1: 43.52%)
2025-12-28 19:38:51,752 - INFO - Epoch 3/50 | LR: 3.90e-04 | Train: 3.6097 | Val: 3.0534 | Acc@1: 44.99%
2025-12-28 19:38:51,775 - INFO -   ✓ New best (Acc@1: 44.99%)
2025-12-28 19:38:57,432 - INFO - Epoch 4/50 | LR: 5.20e-04 | Train: 3.4232 | Val: 3.0528 | Acc@1: 45.20%
2025-12-28 19:38:57,454 - INFO -   ✓ New best (Acc@1: 45.20%)
2025-12-28 19:39:03,089 - INFO - Epoch 5/50 | LR: 6.50e-04 | Train: 3.2369 | Val: 3.0833 | Acc@1: 46.64%
2025-12-28 19:39:08,570 - INFO - Epoch 6/50 | LR: 6.50e-04 | Train: 3.0321 | Val: 3.0859 | Acc@1: 46.73%
2025-12-28 19:39:13,887 - INFO - Epoch 7/50 | LR: 6.49e-04 | Train: 2.8370 | Val: 3.0921 | Acc@1: 47.48%
2025-12-28 19:39:19,491 - INFO - Epoch 8/50 | LR: 6.47e-04 | Train: 2.6556 | Val: 3.1206 | Acc@1: 47.60%
2025-12-28 19:39:24,303 - INFO - Epoch 9/50 | LR: 6.43e-04 | Train: 2.4910 | Val: 3.1937 | Acc@1: 47.30%
2025-12-28 19:39:24,303 - INFO - Early stopping at epoch 9
2025-12-28 19:39:24,567 - INFO - Loaded checkpoint from epoch 4
2025-12-28 19:39:27,418 - INFO - ============================================================
2025-12-28 19:39:27,418 - INFO - FINAL VALIDATION RESULTS
2025-12-28 19:39:27,418 - INFO -   Acc@1:  45.20%
2025-12-28 19:39:27,418 - INFO -   Acc@5:  77.50%
2025-12-28 19:39:27,418 - INFO -   Acc@10: 81.70%
2025-12-28 19:39:27,418 - INFO -   MRR:    59.39%
2025-12-28 19:39:27,418 - INFO -   NDCG:   64.66%
2025-12-28 19:39:27,418 - INFO - ============================================================
2025-12-28 19:39:27,418 - INFO - FINAL TEST RESULTS
2025-12-28 19:39:27,418 - INFO -   Acc@1:  49.11%
2025-12-28 19:39:27,418 - INFO -   Acc@5:  80.61%
2025-12-28 19:39:27,419 - INFO -   Acc@10: 84.67%
2025-12-28 19:39:27,419 - INFO -   MRR:    63.35%
2025-12-28 19:39:27,419 - INFO -   NDCG:   68.51%
2025-12-28 19:39:27,419 - INFO - ============================================================
