2025-12-28 19:17:37,799 - INFO - ============================================================
2025-12-28 19:17:37,799 - INFO - POINTER V45 - Training Started
2025-12-28 19:17:37,799 - INFO - ============================================================
2025-12-28 19:17:37,799 - INFO - Model config: {'d_model': 64, 'dim_feedforward': 128, 'dropout': 0.15, 'nhead': 4, 'num_layers': 2}
2025-12-28 19:17:37,799 - INFO - Training config: {'batch_size': 128, 'grad_clip': 0.8, 'label_smoothing': 0.03, 'learning_rate': 0.00065, 'min_epochs': 8, 'min_lr': 1e-06, 'num_epochs': 50, 'patience': 5, 'use_amp': True, 'warmup_epochs': 5, 'weight_decay': 0.015}
2025-12-28 19:17:37,799 - INFO - ============================================================
2025-12-28 19:17:37,799 - INFO - Training for 50 epochs
2025-12-28 19:17:37,800 - INFO - Model parameters: 251,476
2025-12-28 19:17:43,386 - INFO - Epoch 1/50 | LR: 1.30e-04 | Train: 4.2286 | Val: 3.2382 | Acc@1: 38.63%
2025-12-28 19:17:43,408 - INFO -   ✓ New best (Acc@1: 38.63%)
2025-12-28 19:17:47,733 - INFO - Epoch 2/50 | LR: 2.60e-04 | Train: 3.8793 | Val: 3.1206 | Acc@1: 43.67%
2025-12-28 19:17:47,755 - INFO -   ✓ New best (Acc@1: 43.67%)
2025-12-28 19:17:52,479 - INFO - Epoch 3/50 | LR: 3.90e-04 | Train: 3.6695 | Val: 3.0564 | Acc@1: 45.11%
2025-12-28 19:17:52,501 - INFO -   ✓ New best (Acc@1: 45.11%)
2025-12-28 19:17:57,277 - INFO - Epoch 4/50 | LR: 5.20e-04 | Train: 3.4716 | Val: 2.9964 | Acc@1: 47.30%
2025-12-28 19:17:57,301 - INFO -   ✓ New best (Acc@1: 47.30%)
2025-12-28 19:18:02,022 - INFO - Epoch 5/50 | LR: 6.50e-04 | Train: 3.2797 | Val: 2.9892 | Acc@1: 48.17%
2025-12-28 19:18:02,047 - INFO -   ✓ New best (Acc@1: 48.17%)
2025-12-28 19:18:06,703 - INFO - Epoch 6/50 | LR: 6.50e-04 | Train: 3.1053 | Val: 2.9693 | Acc@1: 46.52%
2025-12-28 19:18:06,725 - INFO -   ✓ New best (Acc@1: 46.52%)
2025-12-28 19:18:11,433 - INFO - Epoch 7/50 | LR: 6.49e-04 | Train: 2.9152 | Val: 2.9726 | Acc@1: 47.75%
2025-12-28 19:18:16,117 - INFO - Epoch 8/50 | LR: 6.47e-04 | Train: 2.7444 | Val: 2.9674 | Acc@1: 48.71%
2025-12-28 19:18:16,139 - INFO -   ✓ New best (Acc@1: 48.71%)
2025-12-28 19:18:20,853 - INFO - Epoch 9/50 | LR: 6.43e-04 | Train: 2.5860 | Val: 2.9848 | Acc@1: 48.98%
2025-12-28 19:18:25,741 - INFO - Epoch 10/50 | LR: 6.37e-04 | Train: 2.4399 | Val: 3.0343 | Acc@1: 47.72%
2025-12-28 19:18:30,691 - INFO - Epoch 11/50 | LR: 6.30e-04 | Train: 2.3024 | Val: 3.1183 | Acc@1: 47.75%
2025-12-28 19:18:35,544 - INFO - Epoch 12/50 | LR: 6.22e-04 | Train: 2.1930 | Val: 3.1080 | Acc@1: 47.33%
2025-12-28 19:18:40,550 - INFO - Epoch 13/50 | LR: 6.12e-04 | Train: 2.0805 | Val: 3.1455 | Acc@1: 48.38%
2025-12-28 19:18:40,551 - INFO - Early stopping at epoch 13
2025-12-28 19:18:40,876 - INFO - Loaded checkpoint from epoch 8
2025-12-28 19:18:43,060 - INFO - ============================================================
2025-12-28 19:18:43,061 - INFO - FINAL VALIDATION RESULTS
2025-12-28 19:18:43,061 - INFO -   Acc@1:  48.71%
2025-12-28 19:18:43,061 - INFO -   Acc@5:  76.96%
2025-12-28 19:18:43,061 - INFO -   Acc@10: 81.52%
2025-12-28 19:18:43,061 - INFO -   MRR:    61.10%
2025-12-28 19:18:43,061 - INFO -   NDCG:   65.84%
2025-12-28 19:18:43,061 - INFO - ============================================================
2025-12-28 19:18:43,061 - INFO - FINAL TEST RESULTS
2025-12-28 19:18:43,061 - INFO -   Acc@1:  53.97%
2025-12-28 19:18:43,061 - INFO -   Acc@5:  81.10%
2025-12-28 19:18:43,061 - INFO -   Acc@10: 84.38%
2025-12-28 19:18:43,061 - INFO -   MRR:    65.82%
2025-12-28 19:18:43,061 - INFO -   NDCG:   70.23%
2025-12-28 19:18:43,061 - INFO - ============================================================
