2025-12-30 07:38:18,845 - INFO - ============================================================
2025-12-30 07:38:18,846 - INFO - POINTER V45 - Training Started
2025-12-30 07:38:18,846 - INFO - ============================================================
2025-12-30 07:38:18,846 - INFO - Model config: {'d_model': 128, 'dim_feedforward': 256, 'dropout': 0.15, 'nhead': 8, 'num_layers': 8}
2025-12-30 07:38:18,846 - INFO - Training config: {'batch_size': 128, 'grad_clip': 0.8, 'label_smoothing': 0.03, 'learning_rate': 0.00065, 'min_epochs': 8, 'min_lr': 1e-06, 'num_epochs': 50, 'patience': 5, 'use_amp': True, 'warmup_epochs': 5, 'weight_decay': 0.015}
2025-12-30 07:38:18,846 - INFO - ============================================================
2025-12-30 07:38:18,846 - INFO - Training for 50 epochs
2025-12-30 07:38:18,847 - INFO - Model parameters: 2,818,847
2025-12-30 07:41:40,624 - INFO - Epoch 1/50 | LR: 1.30e-04 | Train: 3.2208 | Val: 2.9582 | Acc@1: 50.48%
2025-12-30 07:41:40,723 - INFO -   ✓ New best (Acc@1: 50.48%)
2025-12-30 07:44:58,934 - INFO - Epoch 2/50 | LR: 2.60e-04 | Train: 2.8604 | Val: 2.9157 | Acc@1: 52.09%
2025-12-30 07:44:59,036 - INFO -   ✓ New best (Acc@1: 52.09%)
2025-12-30 07:48:18,166 - INFO - Epoch 3/50 | LR: 3.90e-04 | Train: 2.7651 | Val: 2.8387 | Acc@1: 53.06%
2025-12-30 07:48:18,272 - INFO -   ✓ New best (Acc@1: 53.06%)
2025-12-30 07:51:39,641 - INFO - Epoch 4/50 | LR: 5.20e-04 | Train: 2.6906 | Val: 2.8188 | Acc@1: 53.65%
2025-12-30 07:51:39,741 - INFO -   ✓ New best (Acc@1: 53.65%)
2025-12-30 07:54:57,985 - INFO - Epoch 5/50 | LR: 6.50e-04 | Train: 2.6175 | Val: 2.7800 | Acc@1: 53.69%
2025-12-30 07:54:58,091 - INFO -   ✓ New best (Acc@1: 53.69%)
2025-12-30 07:58:19,059 - INFO - Epoch 6/50 | LR: 6.50e-04 | Train: 2.5310 | Val: 2.7696 | Acc@1: 54.04%
2025-12-30 07:58:19,161 - INFO -   ✓ New best (Acc@1: 54.04%)
2025-12-30 08:01:37,870 - INFO - Epoch 7/50 | LR: 6.49e-04 | Train: 2.4546 | Val: 2.7777 | Acc@1: 54.66%
2025-12-30 08:04:44,412 - INFO - Epoch 8/50 | LR: 6.47e-04 | Train: 2.3875 | Val: 2.7810 | Acc@1: 53.87%
2025-12-30 08:06:59,375 - INFO - Epoch 9/50 | LR: 6.43e-04 | Train: 2.3256 | Val: 2.8216 | Acc@1: 54.09%
2025-12-30 08:09:11,285 - INFO - Epoch 10/50 | LR: 6.37e-04 | Train: 2.2632 | Val: 2.8132 | Acc@1: 53.73%
2025-12-30 08:11:17,239 - INFO - Epoch 11/50 | LR: 6.30e-04 | Train: 2.2066 | Val: 2.8575 | Acc@1: 53.82%
2025-12-30 08:11:17,239 - INFO - Early stopping at epoch 11
2025-12-30 08:11:17,445 - INFO - Loaded checkpoint from epoch 6
2025-12-30 08:11:21,215 - INFO - ============================================================
2025-12-30 08:11:21,215 - INFO - FINAL VALIDATION RESULTS
2025-12-30 08:11:21,215 - INFO -   Acc@1:  54.04%
2025-12-30 08:11:21,215 - INFO -   Acc@5:  80.59%
2025-12-30 08:11:21,215 - INFO -   Acc@10: 84.76%
2025-12-30 08:11:21,215 - INFO -   MRR:    65.68%
2025-12-30 08:11:21,216 - INFO -   NDCG:   70.19%
2025-12-30 08:11:21,216 - INFO - ============================================================
2025-12-30 08:11:21,216 - INFO - FINAL TEST RESULTS
2025-12-30 08:11:21,216 - INFO -   Acc@1:  55.91%
2025-12-30 08:11:21,216 - INFO -   Acc@5:  82.22%
2025-12-30 08:11:21,216 - INFO -   Acc@10: 86.19%
2025-12-30 08:11:21,216 - INFO -   MRR:    67.33%
2025-12-30 08:11:21,216 - INFO -   NDCG:   71.81%
2025-12-30 08:11:21,216 - INFO - ============================================================
