2025-12-28 18:53:04,386 - INFO - ============================================================
2025-12-28 18:53:04,386 - INFO - POINTER V45 - Training Started
2025-12-28 18:53:04,386 - INFO - ============================================================
2025-12-28 18:53:04,386 - INFO - Model config: {'d_model': 80, 'dim_feedforward': 160, 'dropout': 0.15, 'nhead': 4, 'num_layers': 3}
2025-12-28 18:53:04,386 - INFO - Training config: {'batch_size': 128, 'grad_clip': 0.8, 'label_smoothing': 0.03, 'learning_rate': 0.0006, 'min_epochs': 8, 'min_lr': 1e-06, 'num_epochs': 2, 'patience': 5, 'use_amp': True, 'warmup_epochs': 5, 'weight_decay': 0.015}
2025-12-28 18:53:04,386 - INFO - ============================================================
2025-12-28 18:53:04,386 - INFO - Training for 2 epochs
2025-12-28 18:53:04,387 - INFO - Model parameters: 382,726
2025-12-28 18:53:09,751 - INFO - Epoch 1/2 | LR: 1.20e-04 | Train: 4.0863 | Val: 2.9829 | Acc@1: 41.08%
2025-12-28 18:53:09,778 - INFO -   ✓ New best (Acc@1: 41.08%)
2025-12-28 18:53:14,135 - INFO - Epoch 2/2 | LR: 2.40e-04 | Train: 3.7666 | Val: 2.8655 | Acc@1: 45.51%
2025-12-28 18:53:14,164 - INFO -   ✓ New best (Acc@1: 45.51%)
2025-12-28 18:53:14,382 - INFO - Loaded checkpoint from epoch 2
2025-12-28 18:53:15,947 - INFO - ============================================================
2025-12-28 18:53:15,947 - INFO - FINAL VALIDATION RESULTS
2025-12-28 18:53:15,947 - INFO -   Acc@1:  45.51%
2025-12-28 18:53:15,947 - INFO -   Acc@5:  80.79%
2025-12-28 18:53:15,947 - INFO -   Acc@10: 84.77%
2025-12-28 18:53:15,947 - INFO -   MRR:    60.75%
2025-12-28 18:53:15,947 - INFO -   NDCG:   66.54%
2025-12-28 18:53:15,947 - INFO - ============================================================
2025-12-28 18:53:15,947 - INFO - FINAL TEST RESULTS
2025-12-28 18:53:15,947 - INFO -   Acc@1:  48.09%
2025-12-28 18:53:15,947 - INFO -   Acc@5:  84.64%
2025-12-28 18:53:15,947 - INFO -   Acc@10: 87.24%
2025-12-28 18:53:15,947 - INFO -   MRR:    64.14%
2025-12-28 18:53:15,947 - INFO -   NDCG:   69.84%
2025-12-28 18:53:15,947 - INFO - ============================================================
