2025-12-28 18:59:23,125 - INFO - ============================================================
2025-12-28 18:59:23,125 - INFO - POINTER V45 - Training Started
2025-12-28 18:59:23,125 - INFO - ============================================================
2025-12-28 18:59:23,125 - INFO - Model config: {'d_model': 80, 'dim_feedforward': 160, 'dropout': 0.15, 'nhead': 4, 'num_layers': 3}
2025-12-28 18:59:23,125 - INFO - Training config: {'batch_size': 128, 'grad_clip': 0.8, 'label_smoothing': 0.03, 'learning_rate': 0.0006, 'min_epochs': 8, 'min_lr': 1e-06, 'num_epochs': 50, 'patience': 5, 'use_amp': True, 'warmup_epochs': 5, 'weight_decay': 0.015}
2025-12-28 18:59:23,125 - INFO - ============================================================
2025-12-28 18:59:23,125 - INFO - Training for 50 epochs
2025-12-28 18:59:23,126 - INFO - Model parameters: 393,448
2025-12-28 18:59:26,288 - INFO - Epoch 1/50 | LR: 1.20e-04 | Train: 4.5473 | Val: 3.5072 | Acc@1: 40.57%
2025-12-28 18:59:26,315 - INFO -   ✓ New best (Acc@1: 40.57%)
2025-12-28 18:59:28,924 - INFO - Epoch 2/50 | LR: 2.40e-04 | Train: 4.1083 | Val: 3.3496 | Acc@1: 42.77%
2025-12-28 18:59:28,952 - INFO -   ✓ New best (Acc@1: 42.77%)
2025-12-28 18:59:31,678 - INFO - Epoch 3/50 | LR: 3.60e-04 | Train: 3.8097 | Val: 3.2795 | Acc@1: 44.82%
2025-12-28 18:59:31,706 - INFO -   ✓ New best (Acc@1: 44.82%)
2025-12-28 18:59:34,401 - INFO - Epoch 4/50 | LR: 4.80e-04 | Train: 3.5480 | Val: 3.2403 | Acc@1: 45.81%
2025-12-28 18:59:34,428 - INFO -   ✓ New best (Acc@1: 45.81%)
2025-12-28 18:59:37,111 - INFO - Epoch 5/50 | LR: 6.00e-04 | Train: 3.3217 | Val: 3.2953 | Acc@1: 44.97%
2025-12-28 18:59:39,782 - INFO - Epoch 6/50 | LR: 6.00e-04 | Train: 3.1275 | Val: 3.2782 | Acc@1: 45.51%
2025-12-28 18:59:42,498 - INFO - Epoch 7/50 | LR: 5.99e-04 | Train: 2.8680 | Val: 3.2387 | Acc@1: 46.87%
2025-12-28 18:59:42,525 - INFO -   ✓ New best (Acc@1: 46.87%)
2025-12-28 18:59:45,232 - INFO - Epoch 8/50 | LR: 5.97e-04 | Train: 2.6544 | Val: 3.3262 | Acc@1: 44.97%
2025-12-28 18:59:47,859 - INFO - Epoch 9/50 | LR: 5.93e-04 | Train: 2.4682 | Val: 3.3059 | Acc@1: 45.36%
2025-12-28 18:59:50,445 - INFO - Epoch 10/50 | LR: 5.88e-04 | Train: 2.3091 | Val: 3.3195 | Acc@1: 45.69%
2025-12-28 18:59:53,074 - INFO - Epoch 11/50 | LR: 5.82e-04 | Train: 2.1851 | Val: 3.4575 | Acc@1: 45.21%
2025-12-28 18:59:55,781 - INFO - Epoch 12/50 | LR: 5.74e-04 | Train: 2.0424 | Val: 3.4989 | Acc@1: 44.37%
2025-12-28 18:59:55,781 - INFO - Early stopping at epoch 12
2025-12-28 18:59:55,842 - INFO - Loaded checkpoint from epoch 7
2025-12-28 18:59:56,865 - INFO - ============================================================
2025-12-28 18:59:56,865 - INFO - FINAL VALIDATION RESULTS
2025-12-28 18:59:56,865 - INFO -   Acc@1:  46.87%
2025-12-28 18:59:56,865 - INFO -   Acc@5:  72.41%
2025-12-28 18:59:56,865 - INFO -   Acc@10: 77.80%
2025-12-28 18:59:56,865 - INFO -   MRR:    58.22%
2025-12-28 18:59:56,865 - INFO -   NDCG:   62.68%
2025-12-28 18:59:56,865 - INFO - ============================================================
2025-12-28 18:59:56,865 - INFO - FINAL TEST RESULTS
2025-12-28 18:59:56,865 - INFO -   Acc@1:  47.46%
2025-12-28 18:59:56,865 - INFO -   Acc@5:  75.22%
2025-12-28 18:59:56,865 - INFO -   Acc@10: 80.65%
2025-12-28 18:59:56,865 - INFO -   MRR:    59.69%
2025-12-28 18:59:56,866 - INFO -   NDCG:   64.53%
2025-12-28 18:59:56,866 - INFO - ============================================================
