2025-12-30 21:47:02,337 - INFO - ============================================================
2025-12-30 21:47:02,337 - INFO - POINTER V45 - Training Started
2025-12-30 21:47:02,337 - INFO - ============================================================
2025-12-30 21:47:02,337 - INFO - Model config: {'d_model': 64, 'dim_feedforward': 512, 'dropout': 0.15, 'nhead': 2, 'num_layers': 2}
2025-12-30 21:47:02,337 - INFO - Training config: {'batch_size': 128, 'grad_clip': 0.8, 'label_smoothing': 0.03, 'learning_rate': 0.0006, 'min_epochs': 3, 'min_lr': 1e-06, 'num_epochs': 50, 'patience': 5, 'use_amp': True, 'warmup_epochs': 5, 'weight_decay': 0.015}
2025-12-30 21:47:02,337 - INFO - ============================================================
2025-12-30 21:47:02,337 - INFO - Training for 50 epochs
2025-12-30 21:47:02,338 - INFO - Model parameters: 350,140
2025-12-30 21:47:09,056 - INFO - Epoch 1/50 | LR: 1.20e-04 | Train: 4.2443 | Val: 3.3855 | Acc@1: 41.02%
2025-12-30 21:47:09,082 - INFO -   ✓ New best (Acc@1: 41.02%)
2025-12-30 21:47:14,525 - INFO - Epoch 2/50 | LR: 2.40e-04 | Train: 3.9642 | Val: 3.3068 | Acc@1: 43.43%
2025-12-30 21:47:14,552 - INFO -   ✓ New best (Acc@1: 43.43%)
2025-12-30 21:47:20,090 - INFO - Epoch 3/50 | LR: 3.60e-04 | Train: 3.7924 | Val: 3.2842 | Acc@1: 44.49%
2025-12-30 21:47:20,118 - INFO -   ✓ New best (Acc@1: 44.49%)
2025-12-30 21:47:25,579 - INFO - Epoch 4/50 | LR: 4.80e-04 | Train: 3.5516 | Val: 3.2286 | Acc@1: 46.63%
2025-12-30 21:47:25,607 - INFO -   ✓ New best (Acc@1: 46.63%)
2025-12-30 21:47:31,067 - INFO - Epoch 5/50 | LR: 6.00e-04 | Train: 3.3313 | Val: 3.1745 | Acc@1: 46.84%
2025-12-30 21:47:31,094 - INFO -   ✓ New best (Acc@1: 46.84%)
2025-12-30 21:47:36,458 - INFO - Epoch 6/50 | LR: 6.00e-04 | Train: 3.1131 | Val: 3.1696 | Acc@1: 47.80%
2025-12-30 21:47:36,484 - INFO -   ✓ New best (Acc@1: 47.80%)
2025-12-30 21:47:41,923 - INFO - Epoch 7/50 | LR: 5.99e-04 | Train: 2.9101 | Val: 3.1582 | Acc@1: 46.90%
2025-12-30 21:47:41,950 - INFO -   ✓ New best (Acc@1: 46.90%)
2025-12-30 21:47:47,438 - INFO - Epoch 8/50 | LR: 5.97e-04 | Train: 2.6952 | Val: 3.2120 | Acc@1: 47.56%
2025-12-30 21:47:52,518 - INFO - Epoch 9/50 | LR: 5.93e-04 | Train: 2.5337 | Val: 3.2232 | Acc@1: 48.04%
2025-12-30 21:47:56,495 - INFO - Epoch 10/50 | LR: 5.88e-04 | Train: 2.3998 | Val: 3.2815 | Acc@1: 46.81%
2025-12-30 21:47:59,986 - INFO - Epoch 11/50 | LR: 5.82e-04 | Train: 2.2485 | Val: 3.3786 | Acc@1: 47.11%
2025-12-30 21:48:04,190 - INFO - Epoch 12/50 | LR: 5.74e-04 | Train: 2.1446 | Val: 3.3809 | Acc@1: 47.08%
2025-12-30 21:48:04,190 - INFO - Early stopping at epoch 12
2025-12-30 21:48:04,499 - INFO - Loaded checkpoint from epoch 7
2025-12-30 21:48:07,632 - INFO - ============================================================
2025-12-30 21:48:07,632 - INFO - FINAL VALIDATION RESULTS
2025-12-30 21:48:07,632 - INFO -   Acc@1:  46.90%
2025-12-30 21:48:07,632 - INFO -   Acc@5:  73.28%
2025-12-30 21:48:07,632 - INFO -   Acc@10: 78.86%
2025-12-30 21:48:07,633 - INFO -   MRR:    58.79%
2025-12-30 21:48:07,633 - INFO -   NDCG:   63.40%
2025-12-30 21:48:07,633 - INFO - ============================================================
2025-12-30 21:48:07,633 - INFO - FINAL TEST RESULTS
2025-12-30 21:48:07,633 - INFO -   Acc@1:  51.94%
2025-12-30 21:48:07,633 - INFO -   Acc@5:  77.88%
2025-12-30 21:48:07,633 - INFO -   Acc@10: 81.93%
2025-12-30 21:48:07,633 - INFO -   MRR:    63.52%
2025-12-30 21:48:07,633 - INFO -   NDCG:   67.83%
2025-12-30 21:48:07,633 - INFO - ============================================================
