2025-12-29 23:47:22,022 - INFO - ============================================================
2025-12-29 23:47:22,023 - INFO - POINTER V45 - Training Started
2025-12-29 23:47:22,023 - INFO - ============================================================
2025-12-29 23:47:22,023 - INFO - Model config: {'d_model': 128, 'dim_feedforward': 512, 'dropout': 0.15, 'nhead': 2, 'num_layers': 8}
2025-12-29 23:47:22,023 - INFO - Training config: {'batch_size': 128, 'grad_clip': 0.8, 'label_smoothing': 0.03, 'learning_rate': 0.0006, 'min_epochs': 8, 'min_lr': 1e-06, 'num_epochs': 50, 'patience': 5, 'use_amp': True, 'warmup_epochs': 5, 'weight_decay': 0.015}
2025-12-29 23:47:22,023 - INFO - ============================================================
2025-12-29 23:47:22,023 - INFO - Training for 50 epochs
2025-12-29 23:47:22,023 - INFO - Model parameters: 1,981,850
2025-12-29 23:47:30,759 - INFO - Epoch 1/50 | LR: 1.20e-04 | Train: 4.5185 | Val: 3.0606 | Acc@1: 43.18%
2025-12-29 23:47:30,836 - INFO -   ✓ New best (Acc@1: 43.18%)
2025-12-29 23:47:39,074 - INFO - Epoch 2/50 | LR: 2.40e-04 | Train: 3.9923 | Val: 2.9362 | Acc@1: 44.37%
2025-12-29 23:47:39,154 - INFO -   ✓ New best (Acc@1: 44.37%)
2025-12-29 23:47:47,280 - INFO - Epoch 3/50 | LR: 3.60e-04 | Train: 3.6791 | Val: 2.9768 | Acc@1: 44.55%
2025-12-29 23:47:55,772 - INFO - Epoch 4/50 | LR: 4.80e-04 | Train: 3.4362 | Val: 2.9790 | Acc@1: 42.94%
2025-12-29 23:48:03,898 - INFO - Epoch 5/50 | LR: 6.00e-04 | Train: 3.2457 | Val: 3.1584 | Acc@1: 43.57%
2025-12-29 23:48:11,204 - INFO - Epoch 6/50 | LR: 6.00e-04 | Train: 2.9841 | Val: 3.0264 | Acc@1: 44.65%
2025-12-29 23:48:17,329 - INFO - Epoch 7/50 | LR: 5.99e-04 | Train: 2.7293 | Val: 3.2629 | Acc@1: 43.74%
2025-12-29 23:48:22,879 - INFO - Epoch 8/50 | LR: 5.97e-04 | Train: 2.4727 | Val: 3.4178 | Acc@1: 43.88%
2025-12-29 23:48:22,879 - INFO - Early stopping at epoch 8
2025-12-29 23:48:23,047 - INFO - Loaded checkpoint from epoch 2
2025-12-29 23:48:24,260 - INFO - ============================================================
2025-12-29 23:48:24,260 - INFO - FINAL VALIDATION RESULTS
2025-12-29 23:48:24,261 - INFO -   Acc@1:  44.37%
2025-12-29 23:48:24,261 - INFO -   Acc@5:  78.53%
2025-12-29 23:48:24,261 - INFO -   Acc@10: 83.39%
2025-12-29 23:48:24,261 - INFO -   MRR:    59.35%
2025-12-29 23:48:24,261 - INFO -   NDCG:   65.09%
2025-12-29 23:48:24,261 - INFO - ============================================================
2025-12-29 23:48:24,261 - INFO - FINAL TEST RESULTS
2025-12-29 23:48:24,261 - INFO -   Acc@1:  45.40%
2025-12-29 23:48:24,261 - INFO -   Acc@5:  82.64%
2025-12-29 23:48:24,261 - INFO -   Acc@10: 85.62%
2025-12-29 23:48:24,261 - INFO -   MRR:    62.06%
2025-12-29 23:48:24,261 - INFO -   NDCG:   67.82%
2025-12-29 23:48:24,261 - INFO - ============================================================
