2025-12-29 19:25:36,836 - INFO - ============================================================
2025-12-29 19:25:36,836 - INFO - POINTER V45 - Training Started
2025-12-29 19:25:36,836 - INFO - ============================================================
2025-12-29 19:25:36,836 - INFO - Model config: {'d_model': 128, 'dim_feedforward': 512, 'dropout': 0.15, 'nhead': 2, 'num_layers': 8}
2025-12-29 19:25:36,836 - INFO - Training config: {'batch_size': 128, 'grad_clip': 0.8, 'label_smoothing': 0.03, 'learning_rate': 0.00065, 'min_epochs': 8, 'min_lr': 1e-06, 'num_epochs': 50, 'patience': 5, 'use_amp': True, 'warmup_epochs': 5, 'weight_decay': 0.015}
2025-12-29 19:25:36,836 - INFO - ============================================================
2025-12-29 19:25:36,836 - INFO - Training for 50 epochs
2025-12-29 19:25:36,837 - INFO - Model parameters: 3,669,856
2025-12-29 19:27:39,812 - INFO - Epoch 1/50 | LR: 1.30e-04 | Train: 3.3933 | Val: 3.1879 | Acc@1: 51.08%
2025-12-29 19:27:39,913 - INFO -   ✓ New best (Acc@1: 51.08%)
2025-12-29 19:29:47,633 - INFO - Epoch 2/50 | LR: 2.60e-04 | Train: 3.0933 | Val: 3.1089 | Acc@1: 52.86%
2025-12-29 19:29:47,743 - INFO -   ✓ New best (Acc@1: 52.86%)
2025-12-29 19:31:54,197 - INFO - Epoch 3/50 | LR: 3.90e-04 | Train: 2.9810 | Val: 3.0406 | Acc@1: 53.50%
2025-12-29 19:31:54,307 - INFO -   ✓ New best (Acc@1: 53.50%)
2025-12-29 19:34:00,397 - INFO - Epoch 4/50 | LR: 5.20e-04 | Train: 2.8690 | Val: 2.9555 | Acc@1: 53.99%
2025-12-29 19:34:00,507 - INFO -   ✓ New best (Acc@1: 53.99%)
2025-12-29 19:36:03,371 - INFO - Epoch 5/50 | LR: 6.50e-04 | Train: 2.7616 | Val: 2.9165 | Acc@1: 53.65%
2025-12-29 19:36:03,485 - INFO -   ✓ New best (Acc@1: 53.65%)
2025-12-29 19:38:07,945 - INFO - Epoch 6/50 | LR: 6.50e-04 | Train: 2.6632 | Val: 2.8646 | Acc@1: 54.62%
2025-12-29 19:38:08,058 - INFO -   ✓ New best (Acc@1: 54.62%)
2025-12-29 19:40:16,341 - INFO - Epoch 7/50 | LR: 6.49e-04 | Train: 2.5851 | Val: 2.8550 | Acc@1: 54.71%
2025-12-29 19:40:16,454 - INFO -   ✓ New best (Acc@1: 54.71%)
2025-12-29 19:42:23,390 - INFO - Epoch 8/50 | LR: 6.47e-04 | Train: 2.5227 | Val: 2.8728 | Acc@1: 54.52%
2025-12-29 19:44:31,470 - INFO - Epoch 9/50 | LR: 6.43e-04 | Train: 2.4686 | Val: 2.8770 | Acc@1: 54.48%
2025-12-29 19:46:38,765 - INFO - Epoch 10/50 | LR: 6.37e-04 | Train: 2.4216 | Val: 2.8920 | Acc@1: 54.72%
2025-12-29 19:48:45,777 - INFO - Epoch 11/50 | LR: 6.30e-04 | Train: 2.3934 | Val: 2.9042 | Acc@1: 54.50%
2025-12-29 19:50:42,442 - INFO - Epoch 12/50 | LR: 6.22e-04 | Train: 2.3567 | Val: 2.9335 | Acc@1: 54.50%
2025-12-29 19:50:42,443 - INFO - Early stopping at epoch 12
2025-12-29 19:50:42,934 - INFO - Loaded checkpoint from epoch 7
2025-12-29 19:50:52,944 - INFO - ============================================================
2025-12-29 19:50:52,944 - INFO - FINAL VALIDATION RESULTS
2025-12-29 19:50:52,944 - INFO -   Acc@1:  54.71%
2025-12-29 19:50:52,944 - INFO -   Acc@5:  79.99%
2025-12-29 19:50:52,945 - INFO -   Acc@10: 83.77%
2025-12-29 19:50:52,945 - INFO -   MRR:    65.73%
2025-12-29 19:50:52,945 - INFO -   NDCG:   69.99%
2025-12-29 19:50:52,945 - INFO - ============================================================
2025-12-29 19:50:52,945 - INFO - FINAL TEST RESULTS
2025-12-29 19:50:52,945 - INFO -   Acc@1:  55.03%
2025-12-29 19:50:52,945 - INFO -   Acc@5:  81.34%
2025-12-29 19:50:52,945 - INFO -   Acc@10: 84.85%
2025-12-29 19:50:52,945 - INFO -   MRR:    66.45%
2025-12-29 19:50:52,945 - INFO -   NDCG:   70.82%
2025-12-29 19:50:52,945 - INFO - ============================================================
