Training MHSA model
Dataset: geolife
Config: /data/next_loc_clean_v2/config/ht_optuna/optuna_MHSA_geolife_prev7_t15_20251231_153658_f8d493ea.yaml
Device: cuda
Seed: 42
==================================================
Data loaders: train=232, val=105, test=110
Total trainable parameters: 255331

=== Epoch 1 ===
Epoch 1, 8.6%	 loss: 7.113 acc@1: 0.00 mrr: 0.49, ndcg: 0.12, took: 2.92s
Epoch 1, 17.2%	 loss: 7.079 acc@1: 0.31 mrr: 0.88, ndcg: 0.62, took: 1.74s
Epoch 1, 25.9%	 loss: 7.053 acc@1: 0.31 mrr: 1.40, ndcg: 1.26, took: 1.82s
Epoch 1, 34.5%	 loss: 7.040 acc@1: 0.16 mrr: 1.44, ndcg: 1.43, took: 1.57s
Epoch 1, 43.1%	 loss: 7.006 acc@1: 1.41 mrr: 3.22, ndcg: 3.44, took: 1.58s
Epoch 1, 51.7%	 loss: 6.956 acc@1: 6.09 mrr: 9.39, ndcg: 10.21, took: 1.73s
Epoch 1, 60.3%	 loss: 6.860 acc@1: 13.44 mrr: 16.69, ndcg: 17.60, took: 1.63s
Epoch 1, 69.0%	 loss: 6.749 acc@1: 14.84 mrr: 19.74, ndcg: 21.25, took: 1.58s
Epoch 1, 77.6%	 loss: 6.576 acc@1: 18.59 mrr: 24.07, ndcg: 25.87, took: 1.48s
Epoch 1, 86.2%	 loss: 6.395 acc@1: 21.25 mrr: 27.00, ndcg: 28.99, took: 1.69s
Epoch 1, 94.8%	 loss: 6.261 acc@1: 17.66 mrr: 25.35, ndcg: 28.45, took: 1.67s
Validation - loss: 5.8543, acc@1: 17.19%, f1: 9.45%, mrr: 27.35%, ndcg: 31.95%
Current learning rate: 0.001000

=== Epoch 2 ===
Epoch 2, 8.6%	 loss: 5.867 acc@1: 20.16 mrr: 28.82, ndcg: 32.16, took: 1.65s
Epoch 2, 17.2%	 loss: 5.674 acc@1: 19.06 mrr: 28.71, ndcg: 32.86, took: 1.69s
Epoch 2, 25.9%	 loss: 5.390 acc@1: 20.78 mrr: 31.83, ndcg: 36.46, took: 1.76s
Epoch 2, 34.5%	 loss: 5.268 acc@1: 19.53 mrr: 31.00, ndcg: 35.96, took: 1.74s
Epoch 2, 43.1%	 loss: 5.151 acc@1: 23.12 mrr: 32.44, ndcg: 36.80, took: 1.64s
Epoch 2, 51.7%	 loss: 5.056 acc@1: 22.03 mrr: 31.64, ndcg: 36.09, took: 1.72s
Epoch 2, 60.3%	 loss: 4.728 acc@1: 24.38 mrr: 34.99, ndcg: 39.33, took: 1.66s
Epoch 2, 69.0%	 loss: 4.740 acc@1: 20.94 mrr: 33.37, ndcg: 38.85, took: 1.72s
Epoch 2, 77.6%	 loss: 4.792 acc@1: 20.94 mrr: 31.86, ndcg: 36.22, took: 1.69s
Epoch 2, 86.2%	 loss: 4.730 acc@1: 21.56 mrr: 33.34, ndcg: 38.14, took: 1.60s
Epoch 2, 94.8%	 loss: 4.440 acc@1: 24.06 mrr: 36.59, ndcg: 41.73, took: 1.66s
Validation - loss: 4.9268, acc@1: 22.08%, f1: 10.70%, mrr: 34.02%, ndcg: 39.68%
Current learning rate: 0.002000

=== Epoch 3 ===
Epoch 3, 8.6%	 loss: 4.203 acc@1: 28.75 mrr: 40.48, ndcg: 44.95, took: 1.61s
Epoch 3, 17.2%	 loss: 4.156 acc@1: 26.56 mrr: 39.64, ndcg: 44.31, took: 1.64s
Epoch 3, 25.9%	 loss: 3.959 acc@1: 28.44 mrr: 41.89, ndcg: 46.92, took: 1.62s
Epoch 3, 34.5%	 loss: 3.881 acc@1: 29.69 mrr: 43.23, ndcg: 48.19, took: 1.77s
Epoch 3, 43.1%	 loss: 3.812 acc@1: 31.09 mrr: 44.51, ndcg: 49.34, took: 1.67s
Epoch 3, 51.7%	 loss: 3.802 acc@1: 32.03 mrr: 45.62, ndcg: 50.20, took: 1.71s
Epoch 3, 60.3%	 loss: 3.668 acc@1: 32.19 mrr: 46.23, ndcg: 51.49, took: 1.66s
Epoch 3, 69.0%	 loss: 3.665 acc@1: 32.19 mrr: 46.65, ndcg: 52.15, took: 1.79s
Epoch 3, 77.6%	 loss: 3.529 acc@1: 34.06 mrr: 48.14, ndcg: 53.50, took: 1.65s
Epoch 3, 86.2%	 loss: 3.596 acc@1: 32.81 mrr: 47.49, ndcg: 52.74, took: 1.50s
Epoch 3, 94.8%	 loss: 3.734 acc@1: 31.09 mrr: 45.27, ndcg: 50.42, took: 1.63s
Validation - loss: 4.7077, acc@1: 26.39%, f1: 16.10%, mrr: 41.38%, ndcg: 46.98%
Current learning rate: 0.001958

=== Epoch 4 ===
Epoch 4, 8.6%	 loss: 3.296 acc@1: 34.06 mrr: 48.90, ndcg: 54.14, took: 1.64s
Epoch 4, 17.2%	 loss: 3.416 acc@1: 32.03 mrr: 46.58, ndcg: 51.98, took: 1.65s
Epoch 4, 25.9%	 loss: 3.304 acc@1: 32.97 mrr: 48.64, ndcg: 53.81, took: 1.63s
Epoch 4, 34.5%	 loss: 3.119 acc@1: 31.41 mrr: 48.75, ndcg: 54.86, took: 1.72s
Epoch 4, 43.1%	 loss: 3.454 acc@1: 28.44 mrr: 44.50, ndcg: 50.73, took: 1.73s
Epoch 4, 51.7%	 loss: 3.165 acc@1: 36.09 mrr: 50.99, ndcg: 56.63, took: 1.67s
Epoch 4, 60.3%	 loss: 3.344 acc@1: 33.12 mrr: 49.02, ndcg: 54.32, took: 1.59s
Epoch 4, 69.0%	 loss: 3.357 acc@1: 33.28 mrr: 48.38, ndcg: 53.69, took: 1.80s
Epoch 4, 77.6%	 loss: 3.331 acc@1: 34.84 mrr: 49.38, ndcg: 54.65, took: 1.63s
Epoch 4, 86.2%	 loss: 3.262 acc@1: 33.44 mrr: 49.02, ndcg: 54.35, took: 1.59s
Epoch 4, 94.8%	 loss: 3.371 acc@1: 31.41 mrr: 47.29, ndcg: 52.68, took: 1.64s
Validation - loss: 4.7473, acc@1: 27.05%, f1: 17.28%, mrr: 41.70%, ndcg: 47.56%
Current learning rate: 0.001917

=== Epoch 5 ===
Epoch 5, 8.6%	 loss: 3.051 acc@1: 33.91 mrr: 50.30, ndcg: 55.86, took: 1.61s
Epoch 5, 17.2%	 loss: 2.953 acc@1: 34.69 mrr: 50.89, ndcg: 56.61, took: 1.67s
Epoch 5, 25.9%	 loss: 3.073 acc@1: 35.94 mrr: 50.65, ndcg: 55.91, took: 1.54s
Epoch 5, 34.5%	 loss: 3.011 acc@1: 34.38 mrr: 50.82, ndcg: 56.54, took: 1.62s
Epoch 5, 43.1%	 loss: 3.280 acc@1: 31.41 mrr: 46.72, ndcg: 52.20, took: 1.70s
Epoch 5, 51.7%	 loss: 3.257 acc@1: 34.22 mrr: 48.59, ndcg: 53.49, took: 1.66s
Epoch 5, 60.3%	 loss: 3.128 acc@1: 33.75 mrr: 49.42, ndcg: 54.69, took: 1.85s
Epoch 5, 69.0%	 loss: 3.048 acc@1: 36.56 mrr: 51.78, ndcg: 56.94, took: 1.64s
Epoch 5, 77.6%	 loss: 3.123 acc@1: 32.81 mrr: 48.66, ndcg: 54.34, took: 1.73s
Epoch 5, 86.2%	 loss: 3.079 acc@1: 35.47 mrr: 50.69, ndcg: 55.54, took: 1.69s
Epoch 5, 94.8%	 loss: 3.070 acc@1: 34.06 mrr: 49.71, ndcg: 55.28, took: 1.65s
Validation - loss: 4.5944, acc@1: 32.39%, f1: 20.87%, mrr: 46.79%, ndcg: 51.48%
Current learning rate: 0.001875

=== Epoch 6 ===
Epoch 6, 8.6%	 loss: 2.885 acc@1: 35.47 mrr: 51.42, ndcg: 57.08, took: 1.71s
Epoch 6, 17.2%	 loss: 2.915 acc@1: 33.75 mrr: 50.72, ndcg: 56.25, took: 1.62s
Epoch 6, 25.9%	 loss: 2.862 acc@1: 37.34 mrr: 52.69, ndcg: 58.17, took: 1.63s
Epoch 6, 34.5%	 loss: 2.832 acc@1: 35.31 mrr: 51.89, ndcg: 57.72, took: 1.81s
Epoch 6, 43.1%	 loss: 3.015 acc@1: 31.56 mrr: 48.42, ndcg: 54.15, took: 1.88s
Epoch 6, 51.7%	 loss: 3.036 acc@1: 32.50 mrr: 48.94, ndcg: 54.47, took: 1.74s
Epoch 6, 60.3%	 loss: 2.993 acc@1: 33.44 mrr: 49.78, ndcg: 55.49, took: 1.74s
Epoch 6, 69.0%	 loss: 2.883 acc@1: 37.19 mrr: 52.78, ndcg: 57.80, took: 1.74s
Epoch 6, 77.6%	 loss: 2.949 acc@1: 36.25 mrr: 51.08, ndcg: 55.92, took: 1.82s
Epoch 6, 86.2%	 loss: 2.989 acc@1: 34.22 mrr: 50.08, ndcg: 55.66, took: 1.74s
Epoch 6, 94.8%	 loss: 2.846 acc@1: 35.94 mrr: 52.17, ndcg: 57.88, took: 1.83s
Validation - loss: 4.7117, acc@1: 33.35%, f1: 21.70%, mrr: 47.17%, ndcg: 51.79%
Current learning rate: 0.001833

=== Epoch 7 ===
Epoch 7, 8.6%	 loss: 2.820 acc@1: 34.38 mrr: 51.28, ndcg: 56.87, took: 1.74s
Epoch 7, 17.2%	 loss: 2.735 acc@1: 33.59 mrr: 51.36, ndcg: 57.30, took: 1.64s
Epoch 7, 25.9%	 loss: 2.810 acc@1: 35.31 mrr: 51.72, ndcg: 57.07, took: 1.69s
Epoch 7, 34.5%	 loss: 2.898 acc@1: 36.72 mrr: 51.51, ndcg: 56.31, took: 1.72s
Epoch 7, 43.1%	 loss: 2.854 acc@1: 32.19 mrr: 49.21, ndcg: 55.00, took: 1.79s
Epoch 7, 51.7%	 loss: 2.754 acc@1: 38.91 mrr: 54.16, ndcg: 59.06, took: 1.75s
Epoch 7, 60.3%	 loss: 2.905 acc@1: 34.22 mrr: 50.44, ndcg: 55.77, took: 1.80s
Epoch 7, 69.0%	 loss: 2.712 acc@1: 35.62 mrr: 53.02, ndcg: 58.51, took: 1.78s
Epoch 7, 77.6%	 loss: 2.769 acc@1: 36.72 mrr: 53.01, ndcg: 58.47, took: 1.64s
Epoch 7, 86.2%	 loss: 2.853 acc@1: 35.94 mrr: 51.11, ndcg: 56.15, took: 1.65s
Epoch 7, 94.8%	 loss: 2.796 acc@1: 39.22 mrr: 53.82, ndcg: 58.56, took: 1.70s
Validation - loss: 4.8174, acc@1: 30.80%, f1: 20.57%, mrr: 44.96%, ndcg: 50.06%
Current learning rate: 0.001792

=== Epoch 8 ===
Epoch 8, 8.6%	 loss: 2.645 acc@1: 40.31 mrr: 54.84, ndcg: 59.98, took: 1.70s
Epoch 8, 17.2%	 loss: 2.761 acc@1: 35.62 mrr: 51.78, ndcg: 57.29, took: 1.68s
Epoch 8, 25.9%	 loss: 2.658 acc@1: 36.56 mrr: 53.39, ndcg: 59.00, took: 1.60s
Epoch 8, 34.5%	 loss: 2.762 acc@1: 34.22 mrr: 50.68, ndcg: 56.49, took: 1.73s
Epoch 8, 43.1%	 loss: 2.791 acc@1: 36.72 mrr: 52.17, ndcg: 57.47, took: 1.64s
Epoch 8, 51.7%	 loss: 2.691 acc@1: 36.25 mrr: 52.93, ndcg: 58.70, took: 1.69s
Epoch 8, 60.3%	 loss: 2.785 acc@1: 34.38 mrr: 50.88, ndcg: 56.44, took: 1.69s
Epoch 8, 69.0%	 loss: 2.860 acc@1: 33.59 mrr: 49.91, ndcg: 55.45, took: 1.70s
Epoch 8, 77.6%	 loss: 2.838 acc@1: 34.53 mrr: 51.11, ndcg: 56.56, took: 1.80s
Epoch 8, 86.2%	 loss: 2.778 acc@1: 34.22 mrr: 50.88, ndcg: 56.85, took: 1.78s
Epoch 8, 94.8%	 loss: 2.856 acc@1: 32.50 mrr: 49.58, ndcg: 55.17, took: 1.64s
Validation - loss: 4.8673, acc@1: 32.99%, f1: 22.69%, mrr: 46.89%, ndcg: 51.40%
Current learning rate: 0.001750

=== Epoch 9 ===
Epoch 9, 8.6%	 loss: 2.657 acc@1: 35.94 mrr: 52.46, ndcg: 58.01, took: 1.71s
Epoch 9, 17.2%	 loss: 2.698 acc@1: 35.94 mrr: 51.76, ndcg: 57.20, took: 1.69s
Epoch 9, 25.9%	 loss: 2.688 acc@1: 33.59 mrr: 51.16, ndcg: 57.32, took: 1.78s
Epoch 9, 34.5%	 loss: 2.636 acc@1: 36.72 mrr: 53.10, ndcg: 58.60, took: 1.68s
Epoch 9, 43.1%	 loss: 2.757 acc@1: 37.66 mrr: 52.78, ndcg: 57.93, took: 1.73s
Epoch 9, 51.7%	 loss: 2.689 acc@1: 34.06 mrr: 51.08, ndcg: 57.59, took: 1.57s
Epoch 9, 60.3%	 loss: 2.889 acc@1: 33.59 mrr: 49.03, ndcg: 54.40, took: 1.77s
Epoch 9, 69.0%	 loss: 2.717 acc@1: 37.19 mrr: 52.83, ndcg: 58.16, took: 1.64s
Epoch 9, 77.6%	 loss: 2.608 acc@1: 39.53 mrr: 54.94, ndcg: 60.46, took: 1.75s
Epoch 9, 86.2%	 loss: 2.765 acc@1: 33.12 mrr: 50.19, ndcg: 55.46, took: 1.74s
Epoch 9, 94.8%	 loss: 2.629 acc@1: 39.22 mrr: 54.72, ndcg: 59.85, took: 1.88s
Validation - loss: 4.8513, acc@1: 32.33%, f1: 22.80%, mrr: 46.46%, ndcg: 51.16%
Current learning rate: 0.001708

=== Epoch 10 ===
Epoch 10, 8.6%	 loss: 2.625 acc@1: 37.50 mrr: 53.34, ndcg: 58.65, took: 1.76s
Epoch 10, 17.2%	 loss: 2.650 acc@1: 36.56 mrr: 52.79, ndcg: 58.11, took: 1.74s
Epoch 10, 25.9%	 loss: 2.563 acc@1: 35.31 mrr: 53.06, ndcg: 58.96, took: 1.68s
Epoch 10, 34.5%	 loss: 2.662 acc@1: 37.19 mrr: 52.66, ndcg: 58.15, took: 1.76s
Epoch 10, 43.1%	 loss: 2.668 acc@1: 36.56 mrr: 52.37, ndcg: 58.22, took: 1.79s
Epoch 10, 51.7%	 loss: 2.619 acc@1: 36.09 mrr: 52.85, ndcg: 58.77, took: 1.72s
Epoch 10, 60.3%	 loss: 2.652 acc@1: 35.62 mrr: 52.45, ndcg: 57.94, took: 1.68s
Epoch 10, 69.0%	 loss: 2.638 acc@1: 37.66 mrr: 53.55, ndcg: 59.03, took: 1.67s
Epoch 10, 77.6%	 loss: 2.713 acc@1: 36.25 mrr: 52.49, ndcg: 57.92, took: 1.63s
Epoch 10, 86.2%	 loss: 2.840 acc@1: 32.66 mrr: 49.51, ndcg: 55.36, took: 1.71s
Epoch 10, 94.8%	 loss: 2.743 acc@1: 37.97 mrr: 53.27, ndcg: 58.37, took: 1.69s
Validation - loss: 4.9613, acc@1: 32.15%, f1: 21.19%, mrr: 46.22%, ndcg: 50.94%
Current learning rate: 0.000167

=== Epoch 11 ===
Epoch 11, 8.6%	 loss: 2.894 acc@1: 33.28 mrr: 50.32, ndcg: 56.17, took: 1.65s
Epoch 11, 17.2%	 loss: 2.906 acc@1: 34.84 mrr: 50.61, ndcg: 55.81, took: 1.73s
Epoch 11, 25.9%	 loss: 2.823 acc@1: 35.78 mrr: 52.26, ndcg: 57.78, took: 1.82s
Epoch 11, 34.5%	 loss: 2.772 acc@1: 37.66 mrr: 53.42, ndcg: 58.60, took: 1.72s
Epoch 11, 43.1%	 loss: 2.783 acc@1: 35.78 mrr: 52.10, ndcg: 58.05, took: 1.68s
Epoch 11, 51.7%	 loss: 2.960 acc@1: 36.25 mrr: 50.83, ndcg: 55.47, took: 1.62s
Epoch 11, 60.3%	 loss: 2.868 acc@1: 35.47 mrr: 51.31, ndcg: 57.10, took: 1.78s
Epoch 11, 69.0%	 loss: 2.761 acc@1: 39.84 mrr: 54.92, ndcg: 59.91, took: 1.77s
Epoch 11, 77.6%	 loss: 2.993 acc@1: 33.91 mrr: 49.27, ndcg: 55.03, took: 1.55s
Epoch 11, 86.2%	 loss: 2.911 acc@1: 34.22 mrr: 50.91, ndcg: 56.53, took: 1.67s
Epoch 11, 94.8%	 loss: 2.744 acc@1: 36.56 mrr: 53.38, ndcg: 58.87, took: 1.71s
Validation - loss: 4.5935, acc@1: 33.56%, f1: 22.90%, mrr: 47.54%, ndcg: 52.07%
Current learning rate: 0.000167

=== Epoch 12 ===
Epoch 12, 8.6%	 loss: 2.712 acc@1: 37.81 mrr: 54.24, ndcg: 59.91, took: 1.72s
Epoch 12, 17.2%	 loss: 2.768 acc@1: 37.03 mrr: 53.47, ndcg: 59.05, took: 1.74s
Epoch 12, 25.9%	 loss: 2.813 acc@1: 37.50 mrr: 52.90, ndcg: 58.16, took: 1.71s
Epoch 12, 34.5%	 loss: 2.926 acc@1: 35.16 mrr: 50.87, ndcg: 56.22, took: 1.71s
Epoch 12, 43.1%	 loss: 2.935 acc@1: 32.50 mrr: 49.18, ndcg: 54.77, took: 1.80s
Epoch 12, 51.7%	 loss: 2.763 acc@1: 39.06 mrr: 53.99, ndcg: 59.17, took: 1.67s
Epoch 12, 60.3%	 loss: 2.765 acc@1: 35.47 mrr: 51.93, ndcg: 57.62, took: 1.73s
Epoch 12, 69.0%	 loss: 2.757 acc@1: 37.66 mrr: 53.17, ndcg: 58.17, took: 1.69s
Epoch 12, 77.6%	 loss: 2.892 acc@1: 34.53 mrr: 50.84, ndcg: 56.43, took: 1.66s
Epoch 12, 86.2%	 loss: 2.867 acc@1: 36.88 mrr: 52.11, ndcg: 57.49, took: 1.71s
Epoch 12, 94.8%	 loss: 2.838 acc@1: 39.38 mrr: 53.84, ndcg: 58.66, took: 1.74s
Validation - loss: 4.6151, acc@1: 33.80%, f1: 22.77%, mrr: 47.74%, ndcg: 52.25%
Current learning rate: 0.000167

=== Epoch 13 ===
Epoch 13, 8.6%	 loss: 2.661 acc@1: 39.53 mrr: 55.18, ndcg: 60.41, took: 1.71s
Epoch 13, 17.2%	 loss: 2.753 acc@1: 33.91 mrr: 51.46, ndcg: 57.33, took: 1.57s
Epoch 13, 25.9%	 loss: 2.735 acc@1: 36.09 mrr: 53.01, ndcg: 58.72, took: 1.58s
Epoch 13, 34.5%	 loss: 2.884 acc@1: 37.34 mrr: 51.93, ndcg: 57.05, took: 1.64s
Epoch 13, 43.1%	 loss: 2.898 acc@1: 35.16 mrr: 50.69, ndcg: 56.15, took: 1.68s
Epoch 13, 51.7%	 loss: 2.822 acc@1: 35.62 mrr: 51.81, ndcg: 57.38, took: 1.62s
Epoch 13, 60.3%	 loss: 2.809 acc@1: 35.47 mrr: 51.49, ndcg: 57.30, took: 1.76s
Epoch 13, 69.0%	 loss: 2.910 acc@1: 35.31 mrr: 51.26, ndcg: 56.58, took: 1.70s
Epoch 13, 77.6%	 loss: 2.793 acc@1: 36.09 mrr: 51.89, ndcg: 57.14, took: 1.67s
Epoch 13, 86.2%	 loss: 2.865 acc@1: 37.03 mrr: 52.16, ndcg: 57.03, took: 1.86s
Epoch 13, 94.8%	 loss: 2.715 acc@1: 37.34 mrr: 53.39, ndcg: 58.89, took: 1.68s
Validation - loss: 4.6185, acc@1: 34.13%, f1: 22.90%, mrr: 47.95%, ndcg: 52.40%
Current learning rate: 0.000167

=== Epoch 14 ===
Epoch 14, 8.6%	 loss: 2.713 acc@1: 34.84 mrr: 52.44, ndcg: 58.00, took: 1.66s
Epoch 14, 17.2%	 loss: 2.867 acc@1: 32.81 mrr: 49.83, ndcg: 55.54, took: 1.82s
Epoch 14, 25.9%	 loss: 2.878 acc@1: 37.34 mrr: 52.21, ndcg: 57.48, took: 1.80s
Epoch 14, 34.5%	 loss: 2.719 acc@1: 37.34 mrr: 53.47, ndcg: 59.01, took: 1.91s
Epoch 14, 43.1%	 loss: 2.730 acc@1: 36.25 mrr: 52.94, ndcg: 58.46, took: 1.82s
Epoch 14, 51.7%	 loss: 2.812 acc@1: 32.66 mrr: 50.64, ndcg: 56.78, took: 1.75s
Epoch 14, 60.3%	 loss: 2.756 acc@1: 36.25 mrr: 52.02, ndcg: 57.97, took: 1.77s
Epoch 14, 69.0%	 loss: 2.697 acc@1: 37.19 mrr: 53.33, ndcg: 58.87, took: 1.74s
Epoch 14, 77.6%	 loss: 2.683 acc@1: 36.88 mrr: 53.34, ndcg: 58.76, took: 1.82s
Epoch 14, 86.2%	 loss: 2.786 acc@1: 37.19 mrr: 52.65, ndcg: 57.97, took: 1.55s
Epoch 14, 94.8%	 loss: 2.810 acc@1: 37.66 mrr: 52.60, ndcg: 57.77, took: 1.69s
Validation - loss: 4.6215, acc@1: 33.71%, f1: 22.76%, mrr: 47.71%, ndcg: 52.26%
Current learning rate: 0.000167

=== Epoch 15 ===
Epoch 15, 8.6%	 loss: 2.768 acc@1: 39.84 mrr: 54.43, ndcg: 59.51, took: 1.71s
Epoch 15, 17.2%	 loss: 2.864 acc@1: 36.41 mrr: 51.69, ndcg: 56.51, took: 1.71s
Epoch 15, 25.9%	 loss: 2.950 acc@1: 34.38 mrr: 50.03, ndcg: 55.44, took: 1.68s
Epoch 15, 34.5%	 loss: 2.622 acc@1: 36.41 mrr: 53.78, ndcg: 59.65, took: 1.72s
Epoch 15, 43.1%	 loss: 2.703 acc@1: 36.88 mrr: 53.22, ndcg: 58.90, took: 1.73s
Epoch 15, 51.7%	 loss: 2.648 acc@1: 37.81 mrr: 53.82, ndcg: 59.46, took: 1.73s
Epoch 15, 60.3%	 loss: 2.853 acc@1: 37.34 mrr: 52.18, ndcg: 57.44, took: 1.76s
Epoch 15, 69.0%	 loss: 2.852 acc@1: 36.41 mrr: 51.87, ndcg: 57.43, took: 1.69s
Epoch 15, 77.6%	 loss: 2.789 acc@1: 37.97 mrr: 53.24, ndcg: 58.52, took: 1.69s
Epoch 15, 86.2%	 loss: 2.683 acc@1: 32.03 mrr: 50.57, ndcg: 57.02, took: 1.60s
Epoch 15, 94.8%	 loss: 2.593 acc@1: 37.50 mrr: 54.58, ndcg: 60.31, took: 1.71s
Validation - loss: 4.6281, acc@1: 34.10%, f1: 23.10%, mrr: 47.92%, ndcg: 52.43%
Current learning rate: 0.000017

=== Epoch 16 ===
Epoch 16, 8.6%	 loss: 2.824 acc@1: 36.09 mrr: 52.13, ndcg: 57.24, took: 1.80s
Epoch 16, 17.2%	 loss: 2.892 acc@1: 32.97 mrr: 50.24, ndcg: 56.28, took: 1.61s
Epoch 16, 25.9%	 loss: 2.801 acc@1: 37.81 mrr: 53.61, ndcg: 58.64, took: 1.68s
Epoch 16, 34.5%	 loss: 2.887 acc@1: 32.97 mrr: 49.97, ndcg: 56.12, took: 1.72s
Epoch 16, 43.1%	 loss: 2.853 acc@1: 33.12 mrr: 50.77, ndcg: 57.01, took: 1.65s
Epoch 16, 51.7%	 loss: 2.843 acc@1: 36.88 mrr: 52.28, ndcg: 57.60, took: 1.79s
Epoch 16, 60.3%	 loss: 2.823 acc@1: 34.69 mrr: 51.21, ndcg: 56.33, took: 1.65s
Epoch 16, 69.0%	 loss: 2.919 acc@1: 32.50 mrr: 49.55, ndcg: 55.79, took: 1.87s
Epoch 16, 77.6%	 loss: 2.941 acc@1: 33.59 mrr: 49.23, ndcg: 54.54, took: 1.72s
Epoch 16, 86.2%	 loss: 2.829 acc@1: 34.06 mrr: 51.57, ndcg: 57.30, took: 1.58s
Epoch 16, 94.8%	 loss: 2.988 acc@1: 34.84 mrr: 50.35, ndcg: 55.65, took: 1.55s
Validation - loss: 4.6415, acc@1: 32.15%, f1: 20.89%, mrr: 46.62%, ndcg: 51.37%
Current learning rate: 0.000017

=== Epoch 17 ===
Epoch 17, 8.6%	 loss: 2.911 acc@1: 34.84 mrr: 50.76, ndcg: 56.37, took: 1.44s
Epoch 17, 17.2%	 loss: 2.969 acc@1: 34.69 mrr: 50.20, ndcg: 55.60, took: 1.46s
Epoch 17, 25.9%	 loss: 2.835 acc@1: 33.75 mrr: 50.89, ndcg: 56.66, took: 1.56s
Epoch 17, 34.5%	 loss: 2.904 acc@1: 34.38 mrr: 50.45, ndcg: 55.76, took: 1.59s
Epoch 17, 43.1%	 loss: 2.773 acc@1: 35.47 mrr: 52.34, ndcg: 57.90, took: 1.60s
Epoch 17, 51.7%	 loss: 2.774 acc@1: 36.56 mrr: 53.34, ndcg: 58.83, took: 1.54s
Epoch 17, 60.3%	 loss: 2.867 acc@1: 35.16 mrr: 51.01, ndcg: 56.49, took: 1.49s
Epoch 17, 69.0%	 loss: 2.758 acc@1: 36.72 mrr: 53.07, ndcg: 58.65, took: 1.56s
Epoch 17, 77.6%	 loss: 2.871 acc@1: 36.09 mrr: 51.95, ndcg: 57.31, took: 1.53s
Epoch 17, 86.2%	 loss: 2.795 acc@1: 36.88 mrr: 52.78, ndcg: 58.70, took: 1.42s
Epoch 17, 94.8%	 loss: 2.934 acc@1: 33.91 mrr: 50.23, ndcg: 56.07, took: 1.48s
Validation - loss: 4.6350, acc@1: 32.81%, f1: 22.51%, mrr: 46.90%, ndcg: 51.63%
Current learning rate: 0.000017

=== Epoch 18 ===
Epoch 18, 8.6%	 loss: 2.930 acc@1: 33.12 mrr: 49.98, ndcg: 56.02, took: 1.39s
Epoch 18, 17.2%	 loss: 2.869 acc@1: 34.84 mrr: 51.03, ndcg: 56.77, took: 1.37s
Epoch 18, 25.9%	 loss: 2.728 acc@1: 37.19 mrr: 53.31, ndcg: 58.89, took: 1.31s
Epoch 18, 34.5%	 loss: 2.826 acc@1: 38.75 mrr: 53.27, ndcg: 58.01, took: 1.42s
Epoch 18, 43.1%	 loss: 2.893 acc@1: 36.09 mrr: 51.82, ndcg: 56.65, took: 1.33s
Epoch 18, 51.7%	 loss: 2.836 acc@1: 37.03 mrr: 52.40, ndcg: 57.63, took: 1.16s
Epoch 18, 60.3%	 loss: 2.907 acc@1: 34.69 mrr: 50.81, ndcg: 56.60, took: 1.50s
Epoch 18, 69.0%	 loss: 2.944 acc@1: 33.44 mrr: 49.76, ndcg: 55.56, took: 1.29s
Epoch 18, 77.6%	 loss: 2.647 acc@1: 37.66 mrr: 54.29, ndcg: 60.08, took: 1.27s
Epoch 18, 86.2%	 loss: 2.887 acc@1: 36.25 mrr: 51.32, ndcg: 56.58, took: 1.27s
Epoch 18, 94.8%	 loss: 2.956 acc@1: 32.81 mrr: 49.49, ndcg: 55.39, took: 1.22s
Validation - loss: 4.6603, acc@1: 32.30%, f1: 20.42%, mrr: 46.73%, ndcg: 51.42%
Current learning rate: 0.000017

=== Epoch 19 ===
Epoch 19, 8.6%	 loss: 2.908 acc@1: 33.75 mrr: 50.67, ndcg: 56.58, took: 1.32s
Epoch 19, 17.2%	 loss: 2.878 acc@1: 36.09 mrr: 51.49, ndcg: 56.80, took: 1.43s
Epoch 19, 25.9%	 loss: 2.877 acc@1: 36.56 mrr: 51.75, ndcg: 57.21, took: 1.35s
Epoch 19, 34.5%	 loss: 2.926 acc@1: 32.81 mrr: 49.73, ndcg: 55.50, took: 1.34s
Epoch 19, 43.1%	 loss: 2.772 acc@1: 37.19 mrr: 53.02, ndcg: 58.55, took: 1.29s
Epoch 19, 51.7%	 loss: 2.862 acc@1: 34.69 mrr: 51.09, ndcg: 56.70, took: 1.21s
Epoch 19, 60.3%	 loss: 2.921 acc@1: 33.75 mrr: 50.40, ndcg: 56.05, took: 1.29s
Epoch 19, 69.0%	 loss: 2.866 acc@1: 35.16 mrr: 51.32, ndcg: 56.84, took: 1.27s
Epoch 19, 77.6%	 loss: 2.781 acc@1: 38.59 mrr: 53.70, ndcg: 58.88, took: 1.24s
Epoch 19, 86.2%	 loss: 2.776 acc@1: 36.56 mrr: 52.71, ndcg: 58.14, took: 1.40s
Epoch 19, 94.8%	 loss: 2.628 acc@1: 36.41 mrr: 53.95, ndcg: 59.91, took: 1.36s
Validation - loss: 4.6360, acc@1: 33.08%, f1: 22.35%, mrr: 47.16%, ndcg: 51.83%
Current learning rate: 0.000017

=== Epoch 20 ===
Epoch 20, 8.6%	 loss: 2.909 acc@1: 35.00 mrr: 51.12, ndcg: 55.84, took: 1.23s
Epoch 20, 17.2%	 loss: 2.787 acc@1: 37.97 mrr: 53.48, ndcg: 58.95, took: 1.35s
Epoch 20, 25.9%	 loss: 2.772 acc@1: 38.44 mrr: 53.71, ndcg: 58.81, took: 1.45s
Epoch 20, 34.5%	 loss: 2.906 acc@1: 33.28 mrr: 50.32, ndcg: 55.70, took: 1.31s
Epoch 20, 43.1%	 loss: 2.776 acc@1: 35.00 mrr: 52.33, ndcg: 58.33, took: 1.20s
Epoch 20, 51.7%	 loss: 2.855 acc@1: 36.88 mrr: 52.02, ndcg: 57.27, took: 1.31s
Epoch 20, 60.3%	 loss: 2.872 acc@1: 33.12 mrr: 49.93, ndcg: 56.07, took: 1.32s
Epoch 20, 69.0%	 loss: 2.825 acc@1: 35.62 mrr: 51.75, ndcg: 57.14, took: 1.29s
Epoch 20, 77.6%	 loss: 2.592 acc@1: 38.59 mrr: 55.07, ndcg: 60.56, took: 1.38s
Epoch 20, 86.2%	 loss: 2.920 acc@1: 36.41 mrr: 51.24, ndcg: 56.66, took: 1.40s
Epoch 20, 94.8%	 loss: 2.827 acc@1: 37.34 mrr: 52.81, ndcg: 58.10, took: 1.41s
Validation - loss: 4.6423, acc@1: 33.02%, f1: 22.46%, mrr: 47.23%, ndcg: 51.88%
Training finished.	 Time: 486.91s.	 acc@1: 32.39%

=== Test Results ===
Test Results:
  acc@1: 26.36%
  acc@5: 55.48%
  acc@10: 58.71%
  mrr: 39.41%
  ndcg: 43.95%
  f1: 17.50%

=== Training Complete ===
