2025-12-28 19:01:51,568 - INFO - ============================================================
2025-12-28 19:01:51,568 - INFO - POINTER V45 - Training Started
2025-12-28 19:01:51,568 - INFO - ============================================================
2025-12-28 19:01:51,568 - INFO - Model config: {'d_model': 64, 'dim_feedforward': 128, 'dropout': 0.15, 'nhead': 4, 'num_layers': 3}
2025-12-28 19:01:51,569 - INFO - Training config: {'batch_size': 128, 'grad_clip': 0.8, 'label_smoothing': 0.03, 'learning_rate': 0.0005, 'min_epochs': 8, 'min_lr': 1e-06, 'num_epochs': 50, 'patience': 5, 'use_amp': True, 'warmup_epochs': 5, 'weight_decay': 0.015}
2025-12-28 19:01:51,569 - INFO - ============================================================
2025-12-28 19:01:51,569 - INFO - Training for 50 epochs
2025-12-28 19:01:51,569 - INFO - Model parameters: 284,540
2025-12-28 19:01:56,211 - INFO - Epoch 1/50 | LR: 1.00e-04 | Train: 4.6277 | Val: 3.5110 | Acc@1: 38.13%
2025-12-28 19:01:56,237 - INFO -   ✓ New best (Acc@1: 38.13%)
2025-12-28 19:02:00,491 - INFO - Epoch 2/50 | LR: 2.00e-04 | Train: 4.1876 | Val: 3.3463 | Acc@1: 42.65%
2025-12-28 19:02:00,518 - INFO -   ✓ New best (Acc@1: 42.65%)
2025-12-28 19:02:04,789 - INFO - Epoch 3/50 | LR: 3.00e-04 | Train: 3.8995 | Val: 3.3194 | Acc@1: 45.15%
2025-12-28 19:02:04,815 - INFO -   ✓ New best (Acc@1: 45.15%)
2025-12-28 19:02:09,026 - INFO - Epoch 4/50 | LR: 4.00e-04 | Train: 3.7238 | Val: 3.2067 | Acc@1: 46.20%
2025-12-28 19:02:09,053 - INFO -   ✓ New best (Acc@1: 46.20%)
2025-12-28 19:02:13,231 - INFO - Epoch 5/50 | LR: 5.00e-04 | Train: 3.5395 | Val: 3.2506 | Acc@1: 46.66%
2025-12-28 19:02:17,450 - INFO - Epoch 6/50 | LR: 5.00e-04 | Train: 3.3341 | Val: 3.2268 | Acc@1: 47.11%
2025-12-28 19:02:21,659 - INFO - Epoch 7/50 | LR: 4.99e-04 | Train: 3.1735 | Val: 3.2074 | Acc@1: 46.96%
2025-12-28 19:02:25,913 - INFO - Epoch 8/50 | LR: 4.98e-04 | Train: 3.0014 | Val: 3.2020 | Acc@1: 47.77%
2025-12-28 19:02:25,939 - INFO -   ✓ New best (Acc@1: 47.77%)
2025-12-28 19:02:30,109 - INFO - Epoch 9/50 | LR: 4.95e-04 | Train: 2.8234 | Val: 3.1886 | Acc@1: 48.07%
2025-12-28 19:02:30,136 - INFO -   ✓ New best (Acc@1: 48.07%)
2025-12-28 19:02:34,360 - INFO - Epoch 10/50 | LR: 4.90e-04 | Train: 2.6808 | Val: 3.1987 | Acc@1: 48.10%
2025-12-28 19:02:38,597 - INFO - Epoch 11/50 | LR: 4.85e-04 | Train: 2.5537 | Val: 3.2102 | Acc@1: 48.43%
2025-12-28 19:02:42,865 - INFO - Epoch 12/50 | LR: 4.78e-04 | Train: 2.4283 | Val: 3.1995 | Acc@1: 48.07%
2025-12-28 19:02:47,076 - INFO - Epoch 13/50 | LR: 4.71e-04 | Train: 2.3343 | Val: 3.2001 | Acc@1: 48.70%
2025-12-28 19:02:50,978 - INFO - Epoch 14/50 | LR: 4.62e-04 | Train: 2.2490 | Val: 3.3198 | Acc@1: 47.50%
2025-12-28 19:02:50,978 - INFO - Early stopping at epoch 14
2025-12-28 19:02:51,230 - INFO - Loaded checkpoint from epoch 9
2025-12-28 19:02:53,052 - INFO - ============================================================
2025-12-28 19:02:53,053 - INFO - FINAL VALIDATION RESULTS
2025-12-28 19:02:53,053 - INFO -   Acc@1:  48.07%
2025-12-28 19:02:53,053 - INFO -   Acc@5:  73.07%
2025-12-28 19:02:53,053 - INFO -   Acc@10: 78.46%
2025-12-28 19:02:53,053 - INFO -   MRR:    59.29%
2025-12-28 19:02:53,053 - INFO -   NDCG:   63.69%
2025-12-28 19:02:53,053 - INFO - ============================================================
2025-12-28 19:02:53,053 - INFO - FINAL TEST RESULTS
2025-12-28 19:02:53,053 - INFO -   Acc@1:  50.26%
2025-12-28 19:02:53,053 - INFO -   Acc@5:  76.92%
2025-12-28 19:02:53,053 - INFO -   Acc@10: 80.83%
2025-12-28 19:02:53,053 - INFO -   MRR:    62.04%
2025-12-28 19:02:53,053 - INFO -   NDCG:   66.43%
2025-12-28 19:02:53,053 - INFO - ============================================================
