2025-12-28 18:40:21,241 - INFO - ============================================================
2025-12-28 18:40:21,241 - INFO - POINTER V45 - Training Started
2025-12-28 18:40:21,242 - INFO - ============================================================
2025-12-28 18:40:21,242 - INFO - Model config: {'d_model': 80, 'dim_feedforward': 160, 'dropout': 0.15, 'nhead': 4, 'num_layers': 3}
2025-12-28 18:40:21,242 - INFO - Training config: {'batch_size': 128, 'grad_clip': 0.8, 'label_smoothing': 0.03, 'learning_rate': 0.0006, 'min_epochs': 8, 'min_lr': 1e-06, 'num_epochs': 2, 'patience': 5, 'use_amp': True, 'warmup_epochs': 5, 'weight_decay': 0.015}
2025-12-28 18:40:21,242 - INFO - ============================================================
2025-12-28 18:40:21,242 - INFO - Training for 2 epochs
2025-12-28 18:40:21,242 - INFO - Model parameters: 393,952
2025-12-28 18:40:24,961 - INFO - Epoch 1/2 | LR: 1.20e-04 | Train: 4.2935 | Val: 3.2566 | Acc@1: 38.21%
2025-12-28 18:40:24,989 - INFO -   ✓ New best (Acc@1: 38.21%)
2025-12-28 18:40:27,998 - INFO - Epoch 2/2 | LR: 2.40e-04 | Train: 3.8924 | Val: 3.1761 | Acc@1: 42.26%
2025-12-28 18:40:28,025 - INFO -   ✓ New best (Acc@1: 42.26%)
2025-12-28 18:40:28,119 - INFO - Loaded checkpoint from epoch 2
2025-12-28 18:40:29,402 - INFO - ============================================================
2025-12-28 18:40:29,403 - INFO - FINAL VALIDATION RESULTS
2025-12-28 18:40:29,403 - INFO -   Acc@1:  42.26%
2025-12-28 18:40:29,403 - INFO -   Acc@5:  77.65%
2025-12-28 18:40:29,403 - INFO -   Acc@10: 81.55%
2025-12-28 18:40:29,403 - INFO -   MRR:    57.51%
2025-12-28 18:40:29,403 - INFO -   NDCG:   63.32%
2025-12-28 18:40:29,403 - INFO - ============================================================
2025-12-28 18:40:29,403 - INFO - FINAL TEST RESULTS
2025-12-28 18:40:29,403 - INFO -   Acc@1:  47.23%
2025-12-28 18:40:29,403 - INFO -   Acc@5:  81.32%
2025-12-28 18:40:29,403 - INFO -   Acc@10: 83.95%
2025-12-28 18:40:29,403 - INFO -   MRR:    62.55%
2025-12-28 18:40:29,403 - INFO -   NDCG:   67.81%
2025-12-28 18:40:29,403 - INFO - ============================================================
