2025-12-29 06:37:53,960 - INFO - ============================================================
2025-12-29 06:37:53,960 - INFO - ABLATION STUDY: no_duration_emb
2025-12-29 06:37:53,960 - INFO - ============================================================
2025-12-29 06:37:53,960 - INFO - Ablation: Without Duration Embedding
2025-12-29 06:37:53,961 - INFO - Model parameters: 248,852
2025-12-29 06:37:53,961 - INFO - ============================================================
2025-12-29 06:37:53,961 - INFO - Training for 50 epochs
2025-12-29 06:37:56,917 - INFO - Epoch 1/50 | LR: 1.30e-04 | Train: 4.1854 | Val: 3.2304 | Acc@1: 39.53%
2025-12-29 06:37:56,937 - INFO -   ✓ New best (Acc@1: 39.53%)
2025-12-29 06:37:59,546 - INFO - Epoch 2/50 | LR: 2.60e-04 | Train: 3.8955 | Val: 3.1525 | Acc@1: 42.53%
2025-12-29 06:37:59,567 - INFO -   ✓ New best (Acc@1: 42.53%)
2025-12-29 06:38:02,259 - INFO - Epoch 3/50 | LR: 3.90e-04 | Train: 3.6900 | Val: 3.0659 | Acc@1: 44.48%
2025-12-29 06:38:02,280 - INFO -   ✓ New best (Acc@1: 44.48%)
2025-12-29 06:38:04,928 - INFO - Epoch 4/50 | LR: 5.20e-04 | Train: 3.4855 | Val: 3.0306 | Acc@1: 46.07%
2025-12-29 06:38:04,949 - INFO -   ✓ New best (Acc@1: 46.07%)
2025-12-29 06:38:07,547 - INFO - Epoch 5/50 | LR: 6.50e-04 | Train: 3.2991 | Val: 3.0025 | Acc@1: 46.64%
2025-12-29 06:38:07,570 - INFO -   ✓ New best (Acc@1: 46.64%)
2025-12-29 06:38:10,820 - INFO - Epoch 6/50 | LR: 6.50e-04 | Train: 3.1117 | Val: 2.9703 | Acc@1: 47.45%
2025-12-29 06:38:10,844 - INFO -   ✓ New best (Acc@1: 47.45%)
2025-12-29 06:38:14,053 - INFO - Epoch 7/50 | LR: 6.49e-04 | Train: 2.9468 | Val: 2.9917 | Acc@1: 47.45%
2025-12-29 06:38:16,675 - INFO - Epoch 8/50 | LR: 6.47e-04 | Train: 2.7741 | Val: 3.0257 | Acc@1: 47.18%
2025-12-29 06:38:18,924 - INFO - Epoch 9/50 | LR: 6.43e-04 | Train: 2.6233 | Val: 3.0438 | Acc@1: 47.93%
2025-12-29 06:38:21,410 - INFO - Epoch 10/50 | LR: 6.37e-04 | Train: 2.4889 | Val: 3.0957 | Acc@1: 47.30%
2025-12-29 06:38:24,239 - INFO - Epoch 11/50 | LR: 6.30e-04 | Train: 2.3731 | Val: 3.0669 | Acc@1: 48.11%
2025-12-29 06:38:24,239 - INFO - Early stopping at epoch 11
2025-12-29 06:38:25,547 - INFO - ============================================================
2025-12-29 06:38:25,547 - INFO - FINAL TEST RESULTS
2025-12-29 06:38:25,548 - INFO -   Acc@1:  51.68%
2025-12-29 06:38:25,548 - INFO -   Acc@5:  81.24%
2025-12-29 06:38:25,548 - INFO -   Acc@10: 85.12%
2025-12-29 06:38:25,548 - INFO -   MRR:    64.95%
2025-12-29 06:38:25,548 - INFO -   NDCG:   69.79%
2025-12-29 06:38:25,548 - INFO -   F1:     46.66%
2025-12-29 06:38:25,548 - INFO - ============================================================
