2025-12-29 19:51:34,106 - INFO - ============================================================
2025-12-29 19:51:34,106 - INFO - POINTER V45 - Training Started
2025-12-29 19:51:34,107 - INFO - ============================================================
2025-12-29 19:51:34,107 - INFO - Model config: {'d_model': 128, 'dim_feedforward': 512, 'dropout': 0.15, 'nhead': 8, 'num_layers': 8}
2025-12-29 19:51:34,107 - INFO - Training config: {'batch_size': 128, 'grad_clip': 0.8, 'label_smoothing': 0.03, 'learning_rate': 0.0006, 'min_epochs': 8, 'min_lr': 1e-06, 'num_epochs': 50, 'patience': 5, 'use_amp': True, 'warmup_epochs': 5, 'weight_decay': 0.015}
2025-12-29 19:51:34,107 - INFO - ============================================================
2025-12-29 19:51:34,107 - INFO - Training for 50 epochs
2025-12-29 19:51:34,107 - INFO - Model parameters: 3,669,856
2025-12-29 19:53:48,304 - INFO - Epoch 1/50 | LR: 1.20e-04 | Train: 3.4008 | Val: 3.1861 | Acc@1: 50.67%
2025-12-29 19:53:48,409 - INFO -   ✓ New best (Acc@1: 50.67%)
2025-12-29 19:56:07,277 - INFO - Epoch 2/50 | LR: 2.40e-04 | Train: 3.0983 | Val: 3.1035 | Acc@1: 52.99%
2025-12-29 19:56:07,390 - INFO -   ✓ New best (Acc@1: 52.99%)
2025-12-29 19:58:24,324 - INFO - Epoch 3/50 | LR: 3.60e-04 | Train: 2.9834 | Val: 3.0389 | Acc@1: 53.73%
2025-12-29 19:58:24,441 - INFO -   ✓ New best (Acc@1: 53.73%)
2025-12-29 20:00:40,417 - INFO - Epoch 4/50 | LR: 4.80e-04 | Train: 2.8651 | Val: 2.9521 | Acc@1: 54.08%
2025-12-29 20:00:40,535 - INFO -   ✓ New best (Acc@1: 54.08%)
2025-12-29 20:02:58,504 - INFO - Epoch 5/50 | LR: 6.00e-04 | Train: 2.7607 | Val: 2.9166 | Acc@1: 54.02%
2025-12-29 20:02:58,618 - INFO -   ✓ New best (Acc@1: 54.02%)
2025-12-29 20:05:14,253 - INFO - Epoch 6/50 | LR: 6.00e-04 | Train: 2.6624 | Val: 2.8696 | Acc@1: 54.63%
2025-12-29 20:05:14,366 - INFO -   ✓ New best (Acc@1: 54.63%)
2025-12-29 20:07:28,393 - INFO - Epoch 7/50 | LR: 5.99e-04 | Train: 2.5826 | Val: 2.8491 | Acc@1: 54.64%
2025-12-29 20:07:28,506 - INFO -   ✓ New best (Acc@1: 54.64%)
2025-12-29 20:09:44,297 - INFO - Epoch 8/50 | LR: 5.97e-04 | Train: 2.5229 | Val: 2.8816 | Acc@1: 54.57%
2025-12-29 20:12:03,209 - INFO - Epoch 9/50 | LR: 5.93e-04 | Train: 2.4694 | Val: 2.8709 | Acc@1: 54.28%
2025-12-29 20:14:20,519 - INFO - Epoch 10/50 | LR: 5.88e-04 | Train: 2.4200 | Val: 2.8938 | Acc@1: 54.81%
2025-12-29 20:16:50,171 - INFO - Epoch 11/50 | LR: 5.82e-04 | Train: 2.3895 | Val: 2.9158 | Acc@1: 54.13%
2025-12-29 20:18:55,627 - INFO - Epoch 12/50 | LR: 5.74e-04 | Train: 2.3501 | Val: 2.9538 | Acc@1: 54.00%
2025-12-29 20:18:55,628 - INFO - Early stopping at epoch 12
2025-12-29 20:18:55,861 - INFO - Loaded checkpoint from epoch 7
2025-12-29 20:19:04,087 - INFO - ============================================================
2025-12-29 20:19:04,087 - INFO - FINAL VALIDATION RESULTS
2025-12-29 20:19:04,087 - INFO -   Acc@1:  54.64%
2025-12-29 20:19:04,087 - INFO -   Acc@5:  80.04%
2025-12-29 20:19:04,087 - INFO -   Acc@10: 83.77%
2025-12-29 20:19:04,087 - INFO -   MRR:    65.71%
2025-12-29 20:19:04,087 - INFO -   NDCG:   69.98%
2025-12-29 20:19:04,087 - INFO - ============================================================
2025-12-29 20:19:04,087 - INFO - FINAL TEST RESULTS
2025-12-29 20:19:04,087 - INFO -   Acc@1:  54.93%
2025-12-29 20:19:04,087 - INFO -   Acc@5:  81.40%
2025-12-29 20:19:04,087 - INFO -   Acc@10: 85.17%
2025-12-29 20:19:04,087 - INFO -   MRR:    66.49%
2025-12-29 20:19:04,087 - INFO -   NDCG:   70.94%
2025-12-29 20:19:04,087 - INFO - ============================================================
