2026-01-06 16:02:50,016 - INFO - ============================================================
2026-01-06 16:02:50,016 - INFO - POINTER V45 - Training Started
2026-01-06 16:02:50,016 - INFO - ============================================================
2026-01-06 16:02:50,016 - INFO - Model config: {'d_model': 96, 'nhead': 2, 'num_layers': 3, 'dim_feedforward': 256, 'dropout': 0.25}
2026-01-06 16:02:50,016 - INFO - Training config: {'batch_size': 64, 'num_epochs': 50, 'learning_rate': 0.0005, 'weight_decay': 0.0005, 'label_smoothing': 0.05, 'grad_clip': 0.8, 'patience': 5, 'min_epochs': 8, 'warmup_epochs': 3, 'use_amp': True, 'min_lr': 1e-06}
2026-01-06 16:02:50,016 - INFO - ============================================================
2026-01-06 16:02:50,016 - INFO - Training for 50 epochs
2026-01-06 16:02:50,017 - INFO - Model parameters: 936,950
2026-01-06 16:04:23,323 - INFO - Epoch 1/50 | LR: 1.67e-04 | Train: 3.5741 | Val: 3.5136 | Acc@1: 41.18%
2026-01-06 16:04:23,349 - INFO -   ✓ New best (Acc@1: 41.18%)
2026-01-06 16:05:52,334 - INFO - Epoch 2/50 | LR: 3.33e-04 | Train: 3.3823 | Val: 3.4283 | Acc@1: 43.15%
2026-01-06 16:05:52,369 - INFO -   ✓ New best (Acc@1: 43.15%)
2026-01-06 16:07:21,841 - INFO - Epoch 3/50 | LR: 5.00e-04 | Train: 3.2698 | Val: 3.3668 | Acc@1: 44.23%
2026-01-06 16:07:21,872 - INFO -   ✓ New best (Acc@1: 44.23%)
2026-01-06 16:08:50,184 - INFO - Epoch 4/50 | LR: 5.00e-04 | Train: 3.1804 | Val: 3.3266 | Acc@1: 44.51%
2026-01-06 16:08:50,214 - INFO -   ✓ New best (Acc@1: 44.51%)
2026-01-06 16:10:18,069 - INFO - Epoch 5/50 | LR: 4.99e-04 | Train: 3.1270 | Val: 3.3107 | Acc@1: 44.81%
2026-01-06 16:10:18,100 - INFO -   ✓ New best (Acc@1: 44.81%)
2026-01-06 16:11:45,035 - INFO - Epoch 6/50 | LR: 4.98e-04 | Train: 3.0952 | Val: 3.3071 | Acc@1: 45.00%
2026-01-06 16:11:45,063 - INFO -   ✓ New best (Acc@1: 45.00%)
2026-01-06 16:13:12,042 - INFO - Epoch 7/50 | LR: 4.95e-04 | Train: 3.0695 | Val: 3.3021 | Acc@1: 45.06%
2026-01-06 16:13:12,072 - INFO -   ✓ New best (Acc@1: 45.06%)
2026-01-06 16:14:39,434 - INFO - Epoch 8/50 | LR: 4.91e-04 | Train: 3.0438 | Val: 3.2927 | Acc@1: 45.12%
2026-01-06 16:14:39,465 - INFO -   ✓ New best (Acc@1: 45.12%)
2026-01-06 16:16:05,947 - INFO - Epoch 9/50 | LR: 4.86e-04 | Train: 3.0190 | Val: 3.2903 | Acc@1: 44.86%
2026-01-06 16:16:05,979 - INFO -   ✓ New best (Acc@1: 44.86%)
2026-01-06 16:17:35,116 - INFO - Epoch 10/50 | LR: 4.80e-04 | Train: 2.9939 | Val: 3.2822 | Acc@1: 45.06%
2026-01-06 16:17:35,148 - INFO -   ✓ New best (Acc@1: 45.06%)
2026-01-06 16:19:02,736 - INFO - Epoch 11/50 | LR: 4.73e-04 | Train: 2.9715 | Val: 3.2909 | Acc@1: 45.07%
2026-01-06 16:20:30,152 - INFO - Epoch 12/50 | LR: 4.65e-04 | Train: 2.9568 | Val: 3.2806 | Acc@1: 44.93%
2026-01-06 16:20:30,188 - INFO -   ✓ New best (Acc@1: 44.93%)
2026-01-06 16:21:56,857 - INFO - Epoch 13/50 | LR: 4.56e-04 | Train: 2.9404 | Val: 3.2907 | Acc@1: 45.07%
2026-01-06 16:23:23,976 - INFO - Epoch 14/50 | LR: 4.46e-04 | Train: 2.9223 | Val: 3.2856 | Acc@1: 44.97%
2026-01-06 16:24:51,605 - INFO - Epoch 15/50 | LR: 4.36e-04 | Train: 2.9060 | Val: 3.2941 | Acc@1: 45.05%
2026-01-06 16:26:18,808 - INFO - Epoch 16/50 | LR: 4.24e-04 | Train: 2.8920 | Val: 3.2992 | Acc@1: 44.98%
2026-01-06 16:27:45,712 - INFO - Epoch 17/50 | LR: 4.12e-04 | Train: 2.8752 | Val: 3.3050 | Acc@1: 44.87%
2026-01-06 16:27:45,712 - INFO - Early stopping at epoch 17
2026-01-06 16:27:45,752 - INFO - Loaded checkpoint from epoch 12
2026-01-06 16:27:50,737 - INFO - ============================================================
2026-01-06 16:27:50,738 - INFO - FINAL VALIDATION RESULTS
2026-01-06 16:27:50,738 - INFO -   Acc@1:  44.93%
2026-01-06 16:27:50,738 - INFO -   Acc@5:  71.58%
2026-01-06 16:27:50,738 - INFO -   Acc@10: 77.40%
2026-01-06 16:27:50,738 - INFO -   MRR:    56.74%
2026-01-06 16:27:50,738 - INFO -   NDCG:   61.41%
2026-01-06 16:27:50,738 - INFO - ============================================================
2026-01-06 16:27:50,738 - INFO - FINAL TEST RESULTS
2026-01-06 16:27:50,738 - INFO -   Acc@1:  44.77%
2026-01-06 16:27:50,738 - INFO -   Acc@5:  73.49%
2026-01-06 16:27:50,738 - INFO -   Acc@10: 79.44%
2026-01-06 16:27:50,738 - INFO -   MRR:    57.40%
2026-01-06 16:27:50,738 - INFO -   NDCG:   62.43%
2026-01-06 16:27:50,738 - INFO - ============================================================
