2025-12-28 18:50:35,535 - INFO - ============================================================
2025-12-28 18:50:35,535 - INFO - POINTER V45 - Training Started
2025-12-28 18:50:35,535 - INFO - ============================================================
2025-12-28 18:50:35,535 - INFO - Model config: {'d_model': 72, 'dim_feedforward': 144, 'dropout': 0.15, 'nhead': 4, 'num_layers': 2}
2025-12-28 18:50:35,535 - INFO - Training config: {'batch_size': 128, 'grad_clip': 0.8, 'label_smoothing': 0.03, 'learning_rate': 0.00065, 'min_epochs': 8, 'min_lr': 1e-06, 'num_epochs': 2, 'patience': 5, 'use_amp': True, 'warmup_epochs': 5, 'weight_decay': 0.015}
2025-12-28 18:50:35,535 - INFO - ============================================================
2025-12-28 18:50:35,535 - INFO - Training for 2 epochs
2025-12-28 18:50:35,535 - INFO - Model parameters: 284,440
2025-12-28 18:50:39,057 - INFO - Epoch 1/2 | LR: 1.30e-04 | Train: 4.0609 | Val: 2.9293 | Acc@1: 39.55%
2025-12-28 18:50:39,078 - INFO -   ✓ New best (Acc@1: 39.55%)
2025-12-28 18:50:41,415 - INFO - Epoch 2/2 | LR: 2.60e-04 | Train: 3.7413 | Val: 2.8306 | Acc@1: 43.92%
2025-12-28 18:50:41,437 - INFO -   ✓ New best (Acc@1: 43.92%)
2025-12-28 18:50:41,484 - INFO - Loaded checkpoint from epoch 2
2025-12-28 18:50:42,304 - INFO - ============================================================
2025-12-28 18:50:42,304 - INFO - FINAL VALIDATION RESULTS
2025-12-28 18:50:42,304 - INFO -   Acc@1:  43.92%
2025-12-28 18:50:42,304 - INFO -   Acc@5:  80.21%
2025-12-28 18:50:42,304 - INFO -   Acc@10: 84.23%
2025-12-28 18:50:42,305 - INFO -   MRR:    59.70%
2025-12-28 18:50:42,305 - INFO -   NDCG:   65.64%
2025-12-28 18:50:42,305 - INFO - ============================================================
2025-12-28 18:50:42,305 - INFO - FINAL TEST RESULTS
2025-12-28 18:50:42,305 - INFO -   Acc@1:  48.74%
2025-12-28 18:50:42,305 - INFO -   Acc@5:  84.15%
2025-12-28 18:50:42,305 - INFO -   Acc@10: 86.83%
2025-12-28 18:50:42,305 - INFO -   MRR:    64.47%
2025-12-28 18:50:42,305 - INFO -   NDCG:   70.00%
2025-12-28 18:50:42,305 - INFO - ============================================================
