2025-12-29 23:43:27,530 - INFO - ============================================================
2025-12-29 23:43:27,531 - INFO - POINTER V45 - Training Started
2025-12-29 23:43:27,531 - INFO - ============================================================
2025-12-29 23:43:27,531 - INFO - Model config: {'d_model': 128, 'dim_feedforward': 512, 'dropout': 0.15, 'nhead': 4, 'num_layers': 8}
2025-12-29 23:43:27,531 - INFO - Training config: {'batch_size': 128, 'grad_clip': 0.8, 'label_smoothing': 0.03, 'learning_rate': 0.00065, 'min_epochs': 8, 'min_lr': 1e-06, 'num_epochs': 50, 'patience': 5, 'use_amp': True, 'warmup_epochs': 5, 'weight_decay': 0.015}
2025-12-29 23:43:27,531 - INFO - ============================================================
2025-12-29 23:43:27,531 - INFO - Training for 50 epochs
2025-12-29 23:43:27,531 - INFO - Model parameters: 2,001,092
2025-12-29 23:43:35,678 - INFO - Epoch 1/50 | LR: 1.30e-04 | Train: 5.0238 | Val: 3.3438 | Acc@1: 41.15%
2025-12-29 23:43:35,752 - INFO -   ✓ New best (Acc@1: 41.15%)
2025-12-29 23:43:42,875 - INFO - Epoch 2/50 | LR: 2.60e-04 | Train: 4.1483 | Val: 3.3051 | Acc@1: 42.38%
2025-12-29 23:43:42,952 - INFO -   ✓ New best (Acc@1: 42.38%)
2025-12-29 23:43:50,070 - INFO - Epoch 3/50 | LR: 3.90e-04 | Train: 3.7220 | Val: 3.2258 | Acc@1: 44.30%
2025-12-29 23:43:50,150 - INFO -   ✓ New best (Acc@1: 44.30%)
2025-12-29 23:43:57,238 - INFO - Epoch 4/50 | LR: 5.20e-04 | Train: 3.4407 | Val: 3.2352 | Acc@1: 44.54%
2025-12-29 23:44:04,203 - INFO - Epoch 5/50 | LR: 6.50e-04 | Train: 3.1708 | Val: 3.4962 | Acc@1: 43.73%
2025-12-29 23:44:10,275 - INFO - Epoch 6/50 | LR: 6.50e-04 | Train: 2.8945 | Val: 3.5513 | Acc@1: 44.99%
2025-12-29 23:44:15,631 - INFO - Epoch 7/50 | LR: 6.49e-04 | Train: 2.5997 | Val: 3.6933 | Acc@1: 44.18%
2025-12-29 23:44:19,668 - INFO - Epoch 8/50 | LR: 6.47e-04 | Train: 2.3270 | Val: 3.7534 | Acc@1: 45.92%
2025-12-29 23:44:19,668 - INFO - Early stopping at epoch 8
2025-12-29 23:44:19,783 - INFO - Loaded checkpoint from epoch 3
2025-12-29 23:44:20,924 - INFO - ============================================================
2025-12-29 23:44:20,924 - INFO - FINAL VALIDATION RESULTS
2025-12-29 23:44:20,924 - INFO -   Acc@1:  44.30%
2025-12-29 23:44:20,924 - INFO -   Acc@5:  73.58%
2025-12-29 23:44:20,924 - INFO -   Acc@10: 80.23%
2025-12-29 23:44:20,924 - INFO -   MRR:    57.71%
2025-12-29 23:44:20,924 - INFO -   NDCG:   62.98%
2025-12-29 23:44:20,924 - INFO - ============================================================
2025-12-29 23:44:20,924 - INFO - FINAL TEST RESULTS
2025-12-29 23:44:20,924 - INFO -   Acc@1:  48.32%
2025-12-29 23:44:20,924 - INFO -   Acc@5:  79.55%
2025-12-29 23:44:20,925 - INFO -   Acc@10: 83.41%
2025-12-29 23:44:20,925 - INFO -   MRR:    62.19%
2025-12-29 23:44:20,925 - INFO -   NDCG:   67.29%
2025-12-29 23:44:20,925 - INFO - ============================================================
