Training LSTM model
Dataset: geolife
Config: /data/next_loc_clean_v2/config/ht_optuna/optuna_LSTM_geolife_prev14_t5_20260101_100439_5d5832ff.yaml
Device: cuda
Seed: 42
==================================================
Data loaders: train=215, val=90, test=96
Total trainable parameters: 256217

=== Epoch 1 ===
Epoch 1, 9.3%	 loss: 7.237 acc@1: 0.16 mrr: 0.70, ndcg: 0.39, took: 4.02s
Epoch 1, 18.6%	 loss: 7.206 acc@1: 0.00 mrr: 0.69, ndcg: 0.49, took: 2.54s
Epoch 1, 27.9%	 loss: 7.116 acc@1: 0.47 mrr: 1.19, ndcg: 0.85, took: 2.57s
Epoch 1, 37.2%	 loss: 7.013 acc@1: 1.56 mrr: 3.01, ndcg: 3.07, took: 2.56s
Epoch 1, 46.5%	 loss: 6.842 acc@1: 7.19 mrr: 8.55, ndcg: 8.63, took: 2.55s
Epoch 1, 55.8%	 loss: 6.696 acc@1: 10.47 mrr: 11.93, ndcg: 12.10, took: 2.53s
Epoch 1, 65.1%	 loss: 6.579 acc@1: 9.38 mrr: 11.63, ndcg: 11.93, took: 2.56s
Epoch 1, 74.4%	 loss: 6.285 acc@1: 12.81 mrr: 16.84, ndcg: 17.82, took: 2.49s
Epoch 1, 83.7%	 loss: 6.031 acc@1: 14.69 mrr: 20.63, ndcg: 22.06, took: 2.53s
Epoch 1, 93.0%	 loss: 6.068 acc@1: 11.25 mrr: 18.75, ndcg: 20.53, took: 2.33s
Validation - loss: 5.5980, acc@1: 15.66%, f1: 6.94%, mrr: 25.57%, ndcg: 28.18%
Current learning rate: 0.000500

=== Epoch 2 ===
Epoch 2, 9.3%	 loss: 5.459 acc@1: 18.59 mrr: 28.26, ndcg: 31.77, took: 1.96s
Epoch 2, 18.6%	 loss: 5.075 acc@1: 22.03 mrr: 33.02, ndcg: 37.24, took: 2.53s
Epoch 2, 27.9%	 loss: 4.919 acc@1: 21.09 mrr: 33.25, ndcg: 37.77, took: 2.50s
Epoch 2, 37.2%	 loss: 4.764 acc@1: 22.81 mrr: 34.78, ndcg: 39.09, took: 2.47s
Epoch 2, 46.5%	 loss: 4.839 acc@1: 23.59 mrr: 33.38, ndcg: 37.23, took: 2.49s
Epoch 2, 55.8%	 loss: 4.580 acc@1: 24.84 mrr: 36.45, ndcg: 41.04, took: 2.47s
Epoch 2, 65.1%	 loss: 4.252 acc@1: 26.72 mrr: 39.45, ndcg: 44.02, took: 2.54s
Epoch 2, 74.4%	 loss: 4.051 acc@1: 30.00 mrr: 42.41, ndcg: 47.33, took: 2.52s
Epoch 2, 83.7%	 loss: 4.253 acc@1: 27.81 mrr: 39.83, ndcg: 44.52, took: 2.50s
Epoch 2, 93.0%	 loss: 4.116 acc@1: 30.78 mrr: 42.40, ndcg: 46.54, took: 2.33s
Validation - loss: 4.4581, acc@1: 32.59%, f1: 21.00%, mrr: 44.15%, ndcg: 48.24%
Current learning rate: 0.001000

=== Epoch 3 ===
Epoch 3, 9.3%	 loss: 3.914 acc@1: 29.84 mrr: 42.23, ndcg: 46.42, took: 1.95s
Epoch 3, 18.6%	 loss: 3.933 acc@1: 29.22 mrr: 41.97, ndcg: 46.92, took: 1.91s
Epoch 3, 27.9%	 loss: 3.687 acc@1: 31.56 mrr: 44.65, ndcg: 49.25, took: 1.98s
Epoch 3, 37.2%	 loss: 3.499 acc@1: 34.06 mrr: 47.62, ndcg: 52.36, took: 2.56s
Epoch 3, 46.5%	 loss: 3.664 acc@1: 33.91 mrr: 46.53, ndcg: 51.43, took: 2.53s
Epoch 3, 55.8%	 loss: 3.503 acc@1: 36.09 mrr: 48.28, ndcg: 52.92, took: 2.49s
Epoch 3, 65.1%	 loss: 3.515 acc@1: 33.12 mrr: 47.47, ndcg: 52.47, took: 2.58s
Epoch 3, 74.4%	 loss: 3.376 acc@1: 35.78 mrr: 50.33, ndcg: 55.43, took: 2.51s
Epoch 3, 83.7%	 loss: 3.572 acc@1: 33.28 mrr: 46.98, ndcg: 51.67, took: 2.30s
Epoch 3, 93.0%	 loss: 3.590 acc@1: 32.97 mrr: 47.11, ndcg: 52.15, took: 2.28s
Validation - loss: 4.3585, acc@1: 33.25%, f1: 22.84%, mrr: 46.33%, ndcg: 50.44%
Current learning rate: 0.000979

=== Epoch 4 ===
Epoch 4, 9.3%	 loss: 3.218 acc@1: 34.06 mrr: 49.20, ndcg: 54.47, took: 2.37s
Epoch 4, 18.6%	 loss: 3.310 acc@1: 32.81 mrr: 48.70, ndcg: 54.12, took: 2.22s
Epoch 4, 27.9%	 loss: 3.332 acc@1: 33.91 mrr: 48.55, ndcg: 53.40, took: 1.99s
Epoch 4, 37.2%	 loss: 3.324 acc@1: 34.53 mrr: 48.74, ndcg: 53.71, took: 1.96s
Epoch 4, 46.5%	 loss: 3.391 acc@1: 33.59 mrr: 47.64, ndcg: 52.75, took: 2.07s
Epoch 4, 55.8%	 loss: 3.117 acc@1: 37.97 mrr: 52.76, ndcg: 57.63, took: 2.49s
Epoch 4, 65.1%	 loss: 3.326 acc@1: 32.81 mrr: 47.48, ndcg: 52.57, took: 2.57s
Epoch 4, 74.4%	 loss: 3.406 acc@1: 31.09 mrr: 46.43, ndcg: 51.68, took: 2.42s
Epoch 4, 83.7%	 loss: 3.198 acc@1: 34.06 mrr: 49.38, ndcg: 54.83, took: 2.26s
Epoch 4, 93.0%	 loss: 3.448 acc@1: 35.00 mrr: 48.29, ndcg: 52.91, took: 2.20s
Validation - loss: 4.4729, acc@1: 35.31%, f1: 21.78%, mrr: 47.44%, ndcg: 51.46%
Current learning rate: 0.000958

=== Epoch 5 ===
Epoch 5, 9.3%	 loss: 3.039 acc@1: 36.41 mrr: 51.10, ndcg: 56.17, took: 2.30s
Epoch 5, 18.6%	 loss: 3.220 acc@1: 35.00 mrr: 49.24, ndcg: 54.00, took: 2.56s
Epoch 5, 27.9%	 loss: 3.132 acc@1: 35.47 mrr: 50.03, ndcg: 55.07, took: 2.49s
Epoch 5, 37.2%	 loss: 3.126 acc@1: 36.25 mrr: 50.84, ndcg: 55.70, took: 2.22s
Epoch 5, 46.5%	 loss: 2.977 acc@1: 36.25 mrr: 51.30, ndcg: 56.78, took: 2.00s
Epoch 5, 55.8%	 loss: 2.967 acc@1: 34.69 mrr: 50.87, ndcg: 56.30, took: 2.01s
Epoch 5, 65.1%	 loss: 2.932 acc@1: 36.88 mrr: 52.70, ndcg: 58.02, took: 1.93s
Epoch 5, 74.4%	 loss: 3.154 acc@1: 34.38 mrr: 49.78, ndcg: 54.67, took: 2.14s
Epoch 5, 83.7%	 loss: 3.211 acc@1: 32.34 mrr: 47.64, ndcg: 53.17, took: 2.27s
Epoch 5, 93.0%	 loss: 3.142 acc@1: 34.53 mrr: 49.66, ndcg: 54.56, took: 2.27s
Validation - loss: 4.5177, acc@1: 34.55%, f1: 21.73%, mrr: 46.76%, ndcg: 50.87%
Current learning rate: 0.000937

=== Epoch 6 ===
Epoch 6, 9.3%	 loss: 2.930 acc@1: 34.22 mrr: 50.70, ndcg: 56.05, took: 2.19s
Epoch 6, 18.6%	 loss: 2.927 acc@1: 36.09 mrr: 51.49, ndcg: 56.51, took: 2.52s
Epoch 6, 27.9%	 loss: 2.998 acc@1: 35.16 mrr: 50.77, ndcg: 55.66, took: 2.51s
Epoch 6, 37.2%	 loss: 2.849 acc@1: 36.88 mrr: 52.91, ndcg: 58.08, took: 2.53s
Epoch 6, 46.5%	 loss: 2.858 acc@1: 33.91 mrr: 50.76, ndcg: 56.52, took: 2.57s
Epoch 6, 55.8%	 loss: 3.022 acc@1: 35.62 mrr: 50.17, ndcg: 55.15, took: 2.12s
Epoch 6, 65.1%	 loss: 2.882 acc@1: 34.06 mrr: 50.70, ndcg: 56.59, took: 1.89s
Epoch 6, 74.4%	 loss: 2.937 acc@1: 35.47 mrr: 51.28, ndcg: 56.95, took: 1.65s
Epoch 6, 83.7%	 loss: 2.956 acc@1: 37.34 mrr: 52.11, ndcg: 56.92, took: 1.76s
Epoch 6, 93.0%	 loss: 2.867 acc@1: 36.25 mrr: 51.62, ndcg: 56.99, took: 2.19s
Validation - loss: 4.5555, acc@1: 31.85%, f1: 19.13%, mrr: 46.00%, ndcg: 50.52%
Current learning rate: 0.000917

=== Epoch 7 ===
Epoch 7, 9.3%	 loss: 2.790 acc@1: 36.41 mrr: 52.12, ndcg: 57.08, took: 2.21s
Epoch 7, 18.6%	 loss: 2.807 acc@1: 36.25 mrr: 52.01, ndcg: 57.49, took: 2.51s
Epoch 7, 27.9%	 loss: 2.774 acc@1: 38.44 mrr: 53.76, ndcg: 58.89, took: 2.43s
Epoch 7, 37.2%	 loss: 2.874 acc@1: 30.62 mrr: 48.86, ndcg: 55.08, took: 2.49s
Epoch 7, 46.5%	 loss: 2.876 acc@1: 32.81 mrr: 49.51, ndcg: 55.28, took: 2.48s
Epoch 7, 55.8%	 loss: 2.890 acc@1: 34.06 mrr: 50.47, ndcg: 56.07, took: 2.40s
Epoch 7, 65.1%	 loss: 2.840 acc@1: 38.12 mrr: 53.07, ndcg: 58.20, took: 2.19s
Epoch 7, 74.4%	 loss: 2.688 acc@1: 36.25 mrr: 53.43, ndcg: 58.75, took: 2.04s
Epoch 7, 83.7%	 loss: 2.946 acc@1: 34.06 mrr: 50.50, ndcg: 55.72, took: 1.95s
Epoch 7, 93.0%	 loss: 2.906 acc@1: 37.34 mrr: 52.15, ndcg: 57.29, took: 1.89s
Validation - loss: 4.5986, acc@1: 33.46%, f1: 21.51%, mrr: 47.04%, ndcg: 51.30%
Current learning rate: 0.000896

=== Epoch 8 ===
Epoch 8, 9.3%	 loss: 2.674 acc@1: 36.25 mrr: 52.81, ndcg: 58.38, took: 2.08s
Epoch 8, 18.6%	 loss: 2.766 acc@1: 33.75 mrr: 50.73, ndcg: 56.25, took: 2.46s
Epoch 8, 27.9%	 loss: 2.767 acc@1: 34.69 mrr: 51.78, ndcg: 57.51, took: 2.56s
Epoch 8, 37.2%	 loss: 2.724 acc@1: 36.72 mrr: 52.44, ndcg: 58.05, took: 2.50s
Epoch 8, 46.5%	 loss: 2.790 acc@1: 33.28 mrr: 50.90, ndcg: 56.99, took: 2.43s
Epoch 8, 55.8%	 loss: 2.579 acc@1: 36.56 mrr: 53.86, ndcg: 59.45, took: 2.26s
Epoch 8, 65.1%	 loss: 2.758 acc@1: 39.69 mrr: 54.09, ndcg: 58.66, took: 2.24s
Epoch 8, 74.4%	 loss: 2.592 acc@1: 37.81 mrr: 54.52, ndcg: 60.26, took: 2.28s
Epoch 8, 83.7%	 loss: 2.837 acc@1: 36.09 mrr: 51.57, ndcg: 56.76, took: 2.33s
Epoch 8, 93.0%	 loss: 2.813 acc@1: 34.53 mrr: 51.24, ndcg: 57.02, took: 2.32s
Validation - loss: 4.6369, acc@1: 33.74%, f1: 21.95%, mrr: 47.23%, ndcg: 51.44%
Current learning rate: 0.000088

=== Epoch 9 ===
Epoch 9, 9.3%	 loss: 3.302 acc@1: 33.59 mrr: 48.51, ndcg: 53.53, took: 2.11s
Epoch 9, 18.6%	 loss: 3.254 acc@1: 33.44 mrr: 49.18, ndcg: 54.40, took: 2.43s
Epoch 9, 27.9%	 loss: 3.332 acc@1: 36.56 mrr: 49.79, ndcg: 54.19, took: 2.54s
Epoch 9, 37.2%	 loss: 3.375 acc@1: 35.00 mrr: 48.29, ndcg: 52.86, took: 2.41s
Epoch 9, 46.5%	 loss: 3.201 acc@1: 35.31 mrr: 49.73, ndcg: 54.95, took: 2.31s
Epoch 9, 55.8%	 loss: 3.396 acc@1: 31.72 mrr: 46.88, ndcg: 51.85, took: 2.25s
Epoch 9, 65.1%	 loss: 3.295 acc@1: 33.91 mrr: 48.44, ndcg: 52.95, took: 2.32s
Epoch 9, 74.4%	 loss: 3.190 acc@1: 39.22 mrr: 51.93, ndcg: 56.57, took: 2.43s
Epoch 9, 83.7%	 loss: 3.201 acc@1: 36.72 mrr: 50.69, ndcg: 55.59, took: 2.47s
Epoch 9, 93.0%	 loss: 3.193 acc@1: 36.56 mrr: 50.52, ndcg: 55.22, took: 2.56s
Validation - loss: 4.3516, acc@1: 34.51%, f1: 21.82%, mrr: 46.89%, ndcg: 50.82%
Current learning rate: 0.000088

=== Epoch 10 ===
Epoch 10, 9.3%	 loss: 3.387 acc@1: 32.97 mrr: 47.56, ndcg: 52.62, took: 1.59s
Epoch 10, 18.6%	 loss: 3.102 acc@1: 36.56 mrr: 51.65, ndcg: 56.62, took: 2.26s
Epoch 10, 27.9%	 loss: 3.162 acc@1: 35.78 mrr: 50.19, ndcg: 55.08, took: 2.45s
Epoch 10, 37.2%	 loss: 3.288 acc@1: 38.44 mrr: 50.81, ndcg: 54.84, took: 2.41s
Epoch 10, 46.5%	 loss: 3.209 acc@1: 35.00 mrr: 49.55, ndcg: 54.65, took: 2.34s
Epoch 10, 55.8%	 loss: 3.201 acc@1: 33.28 mrr: 48.84, ndcg: 54.08, took: 2.33s
Epoch 10, 65.1%	 loss: 3.176 acc@1: 36.41 mrr: 50.44, ndcg: 55.04, took: 2.35s
Epoch 10, 74.4%	 loss: 3.252 acc@1: 33.44 mrr: 48.20, ndcg: 53.25, took: 2.46s
Epoch 10, 83.7%	 loss: 3.130 acc@1: 37.19 mrr: 51.73, ndcg: 56.73, took: 2.52s
Epoch 10, 93.0%	 loss: 3.209 acc@1: 37.34 mrr: 50.87, ndcg: 55.56, took: 2.54s
Validation - loss: 4.3499, acc@1: 34.72%, f1: 21.92%, mrr: 47.14%, ndcg: 51.16%
Current learning rate: 0.000088

=== Epoch 11 ===
Epoch 11, 9.3%	 loss: 3.234 acc@1: 34.06 mrr: 48.91, ndcg: 54.04, took: 1.57s
Epoch 11, 18.6%	 loss: 3.117 acc@1: 37.50 mrr: 51.52, ndcg: 56.36, took: 1.58s
Epoch 11, 27.9%	 loss: 3.184 acc@1: 36.72 mrr: 51.17, ndcg: 55.93, took: 1.96s
Epoch 11, 37.2%	 loss: 3.197 acc@1: 36.41 mrr: 50.32, ndcg: 55.09, took: 2.28s
Epoch 11, 46.5%	 loss: 3.135 acc@1: 38.91 mrr: 52.02, ndcg: 56.60, took: 2.30s
Epoch 11, 55.8%	 loss: 3.116 acc@1: 37.34 mrr: 51.49, ndcg: 56.38, took: 2.45s
Epoch 11, 65.1%	 loss: 3.275 acc@1: 35.00 mrr: 48.58, ndcg: 53.09, took: 2.34s
Epoch 11, 74.4%	 loss: 3.240 acc@1: 37.66 mrr: 51.09, ndcg: 55.50, took: 2.52s
Epoch 11, 83.7%	 loss: 3.201 acc@1: 34.84 mrr: 49.58, ndcg: 54.74, took: 2.56s
Epoch 11, 93.0%	 loss: 3.188 acc@1: 33.44 mrr: 48.96, ndcg: 54.16, took: 2.49s
Validation - loss: 4.3695, acc@1: 34.51%, f1: 21.75%, mrr: 46.95%, ndcg: 50.99%
Current learning rate: 0.000088

=== Epoch 12 ===
Epoch 12, 9.3%	 loss: 3.141 acc@1: 36.41 mrr: 50.29, ndcg: 54.93, took: 1.92s
Epoch 12, 18.6%	 loss: 3.183 acc@1: 38.44 mrr: 51.32, ndcg: 55.48, took: 1.81s
Epoch 12, 27.9%	 loss: 3.183 acc@1: 35.94 mrr: 49.97, ndcg: 54.82, took: 1.88s
Epoch 12, 37.2%	 loss: 3.145 acc@1: 36.88 mrr: 50.80, ndcg: 55.50, took: 1.74s
Epoch 12, 46.5%	 loss: 3.160 acc@1: 35.00 mrr: 50.11, ndcg: 55.00, took: 1.92s
Epoch 12, 55.8%	 loss: 3.150 acc@1: 34.53 mrr: 49.73, ndcg: 55.28, took: 2.26s
Epoch 12, 65.1%	 loss: 3.124 acc@1: 35.78 mrr: 50.68, ndcg: 55.66, took: 2.42s
Epoch 12, 74.4%	 loss: 3.138 acc@1: 35.78 mrr: 50.87, ndcg: 55.92, took: 2.56s
Epoch 12, 83.7%	 loss: 3.206 acc@1: 36.41 mrr: 50.45, ndcg: 55.34, took: 2.54s
Epoch 12, 93.0%	 loss: 3.149 acc@1: 34.84 mrr: 49.85, ndcg: 54.88, took: 2.52s
Validation - loss: 4.3873, acc@1: 34.79%, f1: 22.07%, mrr: 47.15%, ndcg: 51.19%
Current learning rate: 0.000088

=== Epoch 13 ===
Epoch 13, 9.3%	 loss: 3.179 acc@1: 35.31 mrr: 49.86, ndcg: 54.45, took: 1.96s
Epoch 13, 18.6%	 loss: 3.161 acc@1: 35.62 mrr: 50.17, ndcg: 55.13, took: 1.92s
Epoch 13, 27.9%	 loss: 2.897 acc@1: 38.28 mrr: 53.46, ndcg: 58.55, took: 2.23s
Epoch 13, 37.2%	 loss: 3.027 acc@1: 35.47 mrr: 51.10, ndcg: 56.41, took: 2.04s
Epoch 13, 46.5%	 loss: 3.271 acc@1: 35.94 mrr: 49.37, ndcg: 53.74, took: 1.88s
Epoch 13, 55.8%	 loss: 3.157 acc@1: 37.03 mrr: 50.95, ndcg: 55.60, took: 1.83s
Epoch 13, 65.1%	 loss: 3.107 acc@1: 36.88 mrr: 50.85, ndcg: 55.95, took: 2.06s
Epoch 13, 74.4%	 loss: 2.959 acc@1: 35.78 mrr: 51.70, ndcg: 57.05, took: 2.32s
Epoch 13, 83.7%	 loss: 3.302 acc@1: 33.59 mrr: 47.90, ndcg: 52.83, took: 2.55s
Epoch 13, 93.0%	 loss: 3.231 acc@1: 35.31 mrr: 49.40, ndcg: 54.09, took: 2.56s
Validation - loss: 4.4196, acc@1: 34.65%, f1: 21.72%, mrr: 47.08%, ndcg: 51.18%
Current learning rate: 0.000088

=== Epoch 14 ===
Epoch 14, 9.3%	 loss: 3.155 acc@1: 35.47 mrr: 49.97, ndcg: 54.97, took: 1.97s
Epoch 14, 18.6%	 loss: 3.005 acc@1: 36.72 mrr: 51.87, ndcg: 57.05, took: 1.95s
Epoch 14, 27.9%	 loss: 3.100 acc@1: 34.84 mrr: 50.01, ndcg: 55.23, took: 2.30s
Epoch 14, 37.2%	 loss: 3.172 acc@1: 36.41 mrr: 50.63, ndcg: 55.22, took: 2.34s
Epoch 14, 46.5%	 loss: 3.021 acc@1: 39.22 mrr: 53.17, ndcg: 57.78, took: 2.32s
Epoch 14, 55.8%	 loss: 3.181 acc@1: 35.16 mrr: 49.99, ndcg: 55.01, took: 2.23s
Epoch 14, 65.1%	 loss: 3.226 acc@1: 35.31 mrr: 49.48, ndcg: 54.28, took: 2.04s
Epoch 14, 74.4%	 loss: 3.098 acc@1: 36.72 mrr: 50.72, ndcg: 55.29, took: 1.96s
Epoch 14, 83.7%	 loss: 2.953 acc@1: 37.03 mrr: 52.18, ndcg: 57.27, took: 2.09s
Epoch 14, 93.0%	 loss: 3.204 acc@1: 34.06 mrr: 48.96, ndcg: 54.13, took: 2.30s
Validation - loss: 4.4199, acc@1: 35.00%, f1: 22.23%, mrr: 47.25%, ndcg: 51.29%
Current learning rate: 0.000088

=== Epoch 15 ===
Epoch 15, 9.3%	 loss: 2.970 acc@1: 39.06 mrr: 53.26, ndcg: 58.16, took: 1.93s
Epoch 15, 18.6%	 loss: 2.844 acc@1: 39.38 mrr: 54.46, ndcg: 59.44, took: 1.88s
Epoch 15, 27.9%	 loss: 3.221 acc@1: 32.66 mrr: 47.87, ndcg: 53.09, took: 2.30s
Epoch 15, 37.2%	 loss: 3.110 acc@1: 36.09 mrr: 50.72, ndcg: 55.69, took: 2.40s
Epoch 15, 46.5%	 loss: 3.092 acc@1: 34.06 mrr: 50.06, ndcg: 55.50, took: 2.44s
Epoch 15, 55.8%	 loss: 3.125 acc@1: 37.34 mrr: 51.31, ndcg: 55.99, took: 2.52s
Epoch 15, 65.1%	 loss: 3.054 acc@1: 36.72 mrr: 51.29, ndcg: 55.94, took: 2.43s
Epoch 15, 74.4%	 loss: 3.117 acc@1: 35.47 mrr: 50.73, ndcg: 55.61, took: 2.33s
Epoch 15, 83.7%	 loss: 3.128 acc@1: 36.56 mrr: 50.89, ndcg: 55.73, took: 2.10s
Epoch 15, 93.0%	 loss: 3.161 acc@1: 35.47 mrr: 50.08, ndcg: 54.93, took: 1.96s
Validation - loss: 4.4260, acc@1: 34.34%, f1: 21.87%, mrr: 46.93%, ndcg: 51.13%
Current learning rate: 0.000009

=== Epoch 16 ===
Epoch 16, 9.3%	 loss: 3.029 acc@1: 36.41 mrr: 51.40, ndcg: 56.38, took: 1.91s
Epoch 16, 18.6%	 loss: 3.237 acc@1: 33.44 mrr: 48.19, ndcg: 53.17, took: 1.94s
Epoch 16, 27.9%	 loss: 3.290 acc@1: 35.78 mrr: 49.08, ndcg: 53.98, took: 2.20s
Epoch 16, 37.2%	 loss: 3.318 acc@1: 34.84 mrr: 48.89, ndcg: 53.41, took: 2.40s
Epoch 16, 46.5%	 loss: 3.132 acc@1: 37.81 mrr: 51.87, ndcg: 56.48, took: 2.58s
Epoch 16, 55.8%	 loss: 3.288 acc@1: 36.56 mrr: 49.56, ndcg: 53.91, took: 2.50s
Epoch 16, 65.1%	 loss: 3.179 acc@1: 35.00 mrr: 50.12, ndcg: 55.12, took: 2.50s
Epoch 16, 74.4%	 loss: 3.015 acc@1: 37.19 mrr: 51.97, ndcg: 57.16, took: 2.49s
Epoch 16, 83.7%	 loss: 3.260 acc@1: 35.00 mrr: 49.07, ndcg: 53.85, took: 2.48s
Epoch 16, 93.0%	 loss: 3.100 acc@1: 36.41 mrr: 51.19, ndcg: 56.21, took: 2.32s
Validation - loss: 4.3649, acc@1: 34.69%, f1: 21.78%, mrr: 47.12%, ndcg: 51.14%
Current learning rate: 0.000009

=== Epoch 17 ===
Epoch 17, 9.3%	 loss: 3.106 acc@1: 35.47 mrr: 50.56, ndcg: 55.64, took: 1.97s
Epoch 17, 18.6%	 loss: 3.270 acc@1: 33.12 mrr: 48.13, ndcg: 52.81, took: 1.95s
Epoch 17, 27.9%	 loss: 3.163 acc@1: 36.25 mrr: 50.43, ndcg: 55.00, took: 2.13s
Epoch 17, 37.2%	 loss: 3.316 acc@1: 34.38 mrr: 48.53, ndcg: 53.33, took: 2.37s
Epoch 17, 46.5%	 loss: 3.268 acc@1: 35.94 mrr: 49.52, ndcg: 53.94, took: 2.38s
Epoch 17, 55.8%	 loss: 3.164 acc@1: 36.72 mrr: 50.70, ndcg: 55.72, took: 2.38s
Epoch 17, 65.1%	 loss: 3.265 acc@1: 34.38 mrr: 48.74, ndcg: 53.27, took: 2.37s
Epoch 17, 74.4%	 loss: 3.201 acc@1: 35.94 mrr: 50.30, ndcg: 54.78, took: 2.38s
Epoch 17, 83.7%	 loss: 3.043 acc@1: 37.97 mrr: 52.99, ndcg: 58.11, took: 2.33s
Epoch 17, 93.0%	 loss: 3.128 acc@1: 36.09 mrr: 51.07, ndcg: 55.83, took: 2.30s
Validation - loss: 4.3761, acc@1: 34.76%, f1: 21.70%, mrr: 47.14%, ndcg: 51.12%
Current learning rate: 0.000009

=== Epoch 18 ===
Epoch 18, 9.3%	 loss: 3.286 acc@1: 36.72 mrr: 49.70, ndcg: 54.24, took: 1.50s
Epoch 18, 18.6%	 loss: 3.182 acc@1: 36.25 mrr: 50.32, ndcg: 55.19, took: 1.73s
Epoch 18, 27.9%	 loss: 3.070 acc@1: 37.50 mrr: 51.96, ndcg: 56.65, took: 1.97s
Epoch 18, 37.2%	 loss: 3.220 acc@1: 37.03 mrr: 50.41, ndcg: 54.95, took: 2.51s
Epoch 18, 46.5%	 loss: 3.247 acc@1: 35.00 mrr: 49.29, ndcg: 53.88, took: 2.59s
Epoch 18, 55.8%	 loss: 3.219 acc@1: 36.41 mrr: 49.95, ndcg: 54.95, took: 2.60s
Epoch 18, 65.1%	 loss: 3.167 acc@1: 37.81 mrr: 51.56, ndcg: 56.03, took: 2.55s
Epoch 18, 74.4%	 loss: 3.204 acc@1: 34.69 mrr: 49.58, ndcg: 54.83, took: 2.58s
Epoch 18, 83.7%	 loss: 3.175 acc@1: 32.34 mrr: 48.58, ndcg: 54.15, took: 2.54s
Epoch 18, 93.0%	 loss: 3.228 acc@1: 34.69 mrr: 49.07, ndcg: 54.07, took: 2.65s
Validation - loss: 4.3767, acc@1: 34.58%, f1: 21.69%, mrr: 47.05%, ndcg: 51.05%
Current learning rate: 0.000009

=== Epoch 19 ===
Epoch 19, 9.3%	 loss: 3.355 acc@1: 34.53 mrr: 48.02, ndcg: 52.28, took: 1.96s
Epoch 19, 18.6%	 loss: 3.237 acc@1: 37.97 mrr: 50.60, ndcg: 54.97, took: 1.91s
Epoch 19, 27.9%	 loss: 3.038 acc@1: 36.88 mrr: 52.36, ndcg: 57.41, took: 1.96s
Epoch 19, 37.2%	 loss: 3.190 acc@1: 38.28 mrr: 51.04, ndcg: 55.57, took: 2.19s
Epoch 19, 46.5%	 loss: 3.122 acc@1: 37.34 mrr: 51.45, ndcg: 56.24, took: 2.28s
Epoch 19, 55.8%	 loss: 3.206 acc@1: 35.47 mrr: 49.69, ndcg: 54.79, took: 2.37s
Epoch 19, 65.1%	 loss: 3.192 acc@1: 35.16 mrr: 50.07, ndcg: 55.26, took: 2.54s
Epoch 19, 74.4%	 loss: 3.180 acc@1: 34.38 mrr: 49.56, ndcg: 54.66, took: 2.57s
Epoch 19, 83.7%	 loss: 3.147 acc@1: 36.41 mrr: 51.30, ndcg: 55.85, took: 2.52s
Epoch 19, 93.0%	 loss: 3.148 acc@1: 36.41 mrr: 50.83, ndcg: 55.56, took: 2.39s
Validation - loss: 4.3643, acc@1: 34.65%, f1: 21.78%, mrr: 47.04%, ndcg: 51.08%
Current learning rate: 0.000009

=== Epoch 20 ===
Epoch 20, 9.3%	 loss: 3.183 acc@1: 35.94 mrr: 50.10, ndcg: 54.98, took: 2.00s
Epoch 20, 18.6%	 loss: 3.136 acc@1: 37.34 mrr: 51.46, ndcg: 55.76, took: 2.03s
Epoch 20, 27.9%	 loss: 3.236 acc@1: 35.47 mrr: 50.03, ndcg: 54.80, took: 1.84s
Epoch 20, 37.2%	 loss: 3.325 acc@1: 34.69 mrr: 48.43, ndcg: 53.26, took: 1.96s
Epoch 20, 46.5%	 loss: 3.213 acc@1: 35.31 mrr: 49.62, ndcg: 54.54, took: 2.03s
Epoch 20, 55.8%	 loss: 2.927 acc@1: 39.38 mrr: 53.79, ndcg: 58.53, took: 2.16s
Epoch 20, 65.1%	 loss: 3.026 acc@1: 36.09 mrr: 51.42, ndcg: 56.52, took: 2.20s
Epoch 20, 74.4%	 loss: 3.208 acc@1: 33.12 mrr: 48.41, ndcg: 53.76, took: 2.25s
Epoch 20, 83.7%	 loss: 3.198 acc@1: 33.91 mrr: 48.97, ndcg: 54.40, took: 2.46s
Epoch 20, 93.0%	 loss: 3.232 acc@1: 35.00 mrr: 49.43, ndcg: 54.23, took: 2.62s
Validation - loss: 4.3794, acc@1: 34.69%, f1: 21.70%, mrr: 47.05%, ndcg: 51.09%
Training finished.	 Time: 612.92s.	 acc@1: 34.72%

=== Test Results ===
Test Results:
  acc@1: 30.92%
  acc@5: 51.29%
  acc@10: 55.65%
  mrr: 40.50%
  ndcg: 43.84%
  f1: 18.72%

=== Training Complete ===
