Training DeepMove model
Dataset: geolife
Config: config/models/config_deepmove_geolife.yaml
Device: cuda
Seed: 42
==================================================
Data: train=7424, val=3334, test=3502
Total trainable parameters: 183697

=== Training ===
Epoch 1/50 - Train Loss: 4.0945, Acc@1: 26.72%, Acc@5: 44.92%
         Val   Loss: 4.0495, Acc@1: 29.44%, Acc@5: 45.66%, Acc@10: 50.25%
Epoch 2/50 - Train Loss: 3.3841, Acc@1: 30.96%, Acc@5: 54.03%
         Val   Loss: 3.9837, Acc@1: 32.07%, Acc@5: 48.76%, Acc@10: 51.81%
Epoch 3/50 - Train Loss: 3.2123, Acc@1: 33.70%, Acc@5: 57.22%
         Val   Loss: 3.9040, Acc@1: 32.13%, Acc@5: 49.61%, Acc@10: 52.74%
Epoch 4/50 - Train Loss: 3.0956, Acc@1: 35.22%, Acc@5: 59.17%
         Val   Loss: 3.9818, Acc@1: 32.77%, Acc@5: 50.92%, Acc@10: 55.29%
Epoch 5/50 - Train Loss: 3.0015, Acc@1: 35.88%, Acc@5: 60.38%
         Val   Loss: 3.9509, Acc@1: 33.36%, Acc@5: 52.02%, Acc@10: 55.30%
Epoch 6/50 - Train Loss: 2.9548, Acc@1: 37.95%, Acc@5: 61.66%
         Val   Loss: 3.8613, Acc@1: 33.03%, Acc@5: 51.64%, Acc@10: 56.45%
Epoch 7/50 - Train Loss: 2.8943, Acc@1: 38.43%, Acc@5: 60.82%
         Val   Loss: 3.8862, Acc@1: 33.24%, Acc@5: 54.43%, Acc@10: 57.14%
Epoch 8/50 - Train Loss: 2.8525, Acc@1: 40.19%, Acc@5: 62.44%
         Val   Loss: 3.9100, Acc@1: 32.33%, Acc@5: 51.71%, Acc@10: 57.10%
Epoch 9/50 - Train Loss: 2.8051, Acc@1: 40.82%, Acc@5: 63.03%
         Val   Loss: 4.0685, Acc@1: 32.80%, Acc@5: 51.24%, Acc@10: 56.83%
Epoch 10/50 - Train Loss: 2.5285, Acc@1: 43.64%, Acc@5: 66.96%
         Val   Loss: 3.8969, Acc@1: 33.66%, Acc@5: 51.48%, Acc@10: 56.99%
Epoch 11/50 - Train Loss: 2.5059, Acc@1: 45.43%, Acc@5: 66.96%
         Val   Loss: 3.8791, Acc@1: 34.13%, Acc@5: 51.83%, Acc@10: 56.71%
Epoch 12/50 - Train Loss: 2.4994, Acc@1: 46.07%, Acc@5: 67.68%
         Val   Loss: 3.8907, Acc@1: 33.97%, Acc@5: 53.93%, Acc@10: 56.89%
Epoch 13/50 - Train Loss: 2.5105, Acc@1: 44.89%, Acc@5: 67.02%
         Val   Loss: 3.8933, Acc@1: 33.70%, Acc@5: 53.92%, Acc@10: 56.53%
Early stopping at epoch 13

=== Test Results ===
Test Results:
  Acc@1:  30.98%
  Acc@5:  50.35%
  Acc@10: 55.22%
  MRR:    45.32%
  NDCG:   48.43%
  F1:     26.82%

=== Training Complete ===
