2025-12-29 09:11:52,862 - INFO - ============================================================
2025-12-29 09:11:52,862 - INFO - POINTER V45 - Training Started
2025-12-29 09:11:52,862 - INFO - ============================================================
2025-12-29 09:11:52,862 - INFO - Model config: {'d_model': 64, 'dim_feedforward': 192, 'dropout': 0.15, 'nhead': 4, 'num_layers': 2}
2025-12-29 09:11:52,863 - INFO - Training config: {'batch_size': 128, 'grad_clip': 0.8, 'label_smoothing': 0.03, 'learning_rate': 0.0008, 'min_epochs': 8, 'min_lr': 1e-06, 'num_epochs': 50, 'patience': 5, 'use_amp': True, 'warmup_epochs': 5, 'weight_decay': 0.015}
2025-12-29 09:11:52,863 - INFO - ============================================================
2025-12-29 09:11:52,863 - INFO - Training for 50 epochs
2025-12-29 09:11:52,863 - INFO - Model parameters: 258,346
2025-12-29 09:11:56,593 - INFO - Epoch 1/50 | LR: 1.60e-04 | Train: 3.9836 | Val: 2.8958 | Acc@1: 41.12%
2025-12-29 09:11:56,615 - INFO -   ✓ New best (Acc@1: 41.12%)
2025-12-29 09:11:59,811 - INFO - Epoch 2/50 | LR: 3.20e-04 | Train: 3.6874 | Val: 2.8465 | Acc@1: 45.63%
2025-12-29 09:11:59,834 - INFO -   ✓ New best (Acc@1: 45.63%)
2025-12-29 09:12:03,148 - INFO - Epoch 3/50 | LR: 4.80e-04 | Train: 3.4744 | Val: 2.8025 | Acc@1: 46.05%
2025-12-29 09:12:03,170 - INFO -   ✓ New best (Acc@1: 46.05%)
2025-12-29 09:12:06,434 - INFO - Epoch 4/50 | LR: 6.40e-04 | Train: 3.3007 | Val: 2.7947 | Acc@1: 46.43%
2025-12-29 09:12:06,456 - INFO -   ✓ New best (Acc@1: 46.43%)
2025-12-29 09:12:09,614 - INFO - Epoch 5/50 | LR: 8.00e-04 | Train: 3.1195 | Val: 2.7482 | Acc@1: 46.54%
2025-12-29 09:12:09,637 - INFO -   ✓ New best (Acc@1: 46.54%)
2025-12-29 09:12:12,916 - INFO - Epoch 6/50 | LR: 8.00e-04 | Train: 2.9199 | Val: 2.7749 | Acc@1: 46.61%
2025-12-29 09:12:16,239 - INFO - Epoch 7/50 | LR: 7.99e-04 | Train: 2.7289 | Val: 2.8112 | Acc@1: 46.85%
2025-12-29 09:12:19,463 - INFO - Epoch 8/50 | LR: 7.96e-04 | Train: 2.5597 | Val: 2.8825 | Acc@1: 46.57%
2025-12-29 09:12:22,643 - INFO - Epoch 9/50 | LR: 7.91e-04 | Train: 2.3883 | Val: 2.9654 | Acc@1: 46.29%
2025-12-29 09:12:25,798 - INFO - Epoch 10/50 | LR: 7.85e-04 | Train: 2.2299 | Val: 3.0117 | Acc@1: 45.21%
2025-12-29 09:12:25,798 - INFO - Early stopping at epoch 10
2025-12-29 09:12:25,882 - INFO - Loaded checkpoint from epoch 5
2025-12-29 09:12:27,068 - INFO - ============================================================
2025-12-29 09:12:27,069 - INFO - FINAL VALIDATION RESULTS
2025-12-29 09:12:27,069 - INFO -   Acc@1:  46.54%
2025-12-29 09:12:27,069 - INFO -   Acc@5:  80.59%
2025-12-29 09:12:27,069 - INFO -   Acc@10: 84.58%
2025-12-29 09:12:27,069 - INFO -   MRR:    61.19%
2025-12-29 09:12:27,069 - INFO -   NDCG:   66.76%
2025-12-29 09:12:27,069 - INFO - ============================================================
2025-12-29 09:12:27,069 - INFO - FINAL TEST RESULTS
2025-12-29 09:12:27,069 - INFO -   Acc@1:  53.42%
2025-12-29 09:12:27,069 - INFO -   Acc@5:  84.41%
2025-12-29 09:12:27,069 - INFO -   Acc@10: 87.13%
2025-12-29 09:12:27,069 - INFO -   MRR:    67.02%
2025-12-29 09:12:27,069 - INFO -   NDCG:   71.88%
2025-12-29 09:12:27,069 - INFO - ============================================================
