2025-12-30 18:46:08,009 - INFO - ============================================================
2025-12-30 18:46:08,009 - INFO - POINTER V45 - Training Started
2025-12-30 18:46:08,009 - INFO - ============================================================
2025-12-30 18:46:08,010 - INFO - Model config: {'d_model': 128, 'dim_feedforward': 256, 'dropout': 0.15, 'nhead': 8, 'num_layers': 2}
2025-12-30 18:46:08,010 - INFO - Training config: {'batch_size': 128, 'grad_clip': 0.8, 'label_smoothing': 0.03, 'learning_rate': 0.0007, 'min_epochs': 3, 'min_lr': 1e-06, 'num_epochs': 50, 'patience': 5, 'use_amp': True, 'warmup_epochs': 5, 'weight_decay': 0.015}
2025-12-30 18:46:08,010 - INFO - ============================================================
2025-12-30 18:46:08,010 - INFO - Training for 50 epochs
2025-12-30 18:46:08,010 - INFO - Model parameters: 2,268,082
2025-12-30 18:49:35,387 - INFO - Epoch 1/50 | LR: 1.40e-04 | Train: 3.0436 | Val: 3.0344 | Acc@1: 51.93%
2025-12-30 18:49:35,447 - INFO -   ✓ New best (Acc@1: 51.93%)
2025-12-30 18:53:07,932 - INFO - Epoch 2/50 | LR: 2.80e-04 | Train: 2.8349 | Val: 2.9785 | Acc@1: 53.15%
2025-12-30 18:53:07,999 - INFO -   ✓ New best (Acc@1: 53.15%)
2025-12-30 18:56:35,096 - INFO - Epoch 3/50 | LR: 4.20e-04 | Train: 2.7371 | Val: 2.9474 | Acc@1: 53.61%
2025-12-30 18:56:35,164 - INFO -   ✓ New best (Acc@1: 53.61%)
2025-12-30 19:00:03,972 - INFO - Epoch 4/50 | LR: 5.60e-04 | Train: 2.6440 | Val: 2.8988 | Acc@1: 54.07%
2025-12-30 19:00:04,042 - INFO -   ✓ New best (Acc@1: 54.07%)
2025-12-30 19:03:17,055 - INFO - Epoch 5/50 | LR: 7.00e-04 | Train: 2.5630 | Val: 2.8659 | Acc@1: 53.40%
2025-12-30 19:03:17,122 - INFO -   ✓ New best (Acc@1: 53.40%)
2025-12-30 19:06:25,429 - INFO - Epoch 6/50 | LR: 7.00e-04 | Train: 2.4747 | Val: 2.8663 | Acc@1: 54.00%
2025-12-30 19:09:40,072 - INFO - Epoch 7/50 | LR: 6.99e-04 | Train: 2.4014 | Val: 2.8821 | Acc@1: 53.09%
2025-12-30 19:12:54,274 - INFO - Epoch 8/50 | LR: 6.97e-04 | Train: 2.3385 | Val: 2.9221 | Acc@1: 52.81%
2025-12-30 19:16:08,955 - INFO - Epoch 9/50 | LR: 6.92e-04 | Train: 2.2827 | Val: 2.9546 | Acc@1: 52.50%
2025-12-30 19:19:15,018 - INFO - Epoch 10/50 | LR: 6.86e-04 | Train: 2.2343 | Val: 2.9897 | Acc@1: 52.21%
2025-12-30 19:19:15,019 - INFO - Early stopping at epoch 10
2025-12-30 19:19:16,121 - INFO - Loaded checkpoint from epoch 5
2025-12-30 19:19:37,603 - INFO - ============================================================
2025-12-30 19:19:37,603 - INFO - FINAL VALIDATION RESULTS
2025-12-30 19:19:37,603 - INFO -   Acc@1:  53.40%
2025-12-30 19:19:37,603 - INFO -   Acc@5:  80.06%
2025-12-30 19:19:37,603 - INFO -   Acc@10: 83.79%
2025-12-30 19:19:37,603 - INFO -   MRR:    65.00%
2025-12-30 19:19:37,603 - INFO -   NDCG:   69.46%
2025-12-30 19:19:37,603 - INFO - ============================================================
2025-12-30 19:19:37,603 - INFO - FINAL TEST RESULTS
2025-12-30 19:19:37,603 - INFO -   Acc@1:  56.17%
2025-12-30 19:19:37,603 - INFO -   Acc@5:  82.29%
2025-12-30 19:19:37,603 - INFO -   Acc@10: 85.81%
2025-12-30 19:19:37,604 - INFO -   MRR:    67.47%
2025-12-30 19:19:37,604 - INFO -   NDCG:   71.87%
2025-12-30 19:19:37,604 - INFO - ============================================================
