2025-12-30 21:55:01,119 - INFO - ============================================================
2025-12-30 21:55:01,119 - INFO - POINTER V45 - Training Started
2025-12-30 21:55:01,120 - INFO - ============================================================
2025-12-30 21:55:01,120 - INFO - Model config: {'d_model': 128, 'dim_feedforward': 512, 'dropout': 0.15, 'nhead': 4, 'num_layers': 4}
2025-12-30 21:55:01,120 - INFO - Training config: {'batch_size': 128, 'grad_clip': 0.8, 'label_smoothing': 0.03, 'learning_rate': 0.0007, 'min_epochs': 3, 'min_lr': 1e-06, 'num_epochs': 50, 'patience': 5, 'use_amp': True, 'warmup_epochs': 5, 'weight_decay': 0.015}
2025-12-30 21:55:01,120 - INFO - ============================================================
2025-12-30 21:55:01,120 - INFO - Training for 50 epochs
2025-12-30 21:55:01,120 - INFO - Model parameters: 1,197,579
2025-12-30 21:55:13,281 - INFO - Epoch 1/50 | LR: 1.40e-04 | Train: 4.2061 | Val: 3.0571 | Acc@1: 41.53%
2025-12-30 21:55:13,330 - INFO -   ✓ New best (Acc@1: 41.53%)
2025-12-30 21:55:21,732 - INFO - Epoch 2/50 | LR: 2.80e-04 | Train: 3.7284 | Val: 2.9564 | Acc@1: 44.46%
2025-12-30 21:55:21,786 - INFO -   ✓ New best (Acc@1: 44.46%)
2025-12-30 21:55:29,682 - INFO - Epoch 3/50 | LR: 4.20e-04 | Train: 3.4481 | Val: 2.9611 | Acc@1: 44.81%
2025-12-30 21:55:38,243 - INFO - Epoch 4/50 | LR: 5.60e-04 | Train: 3.2032 | Val: 3.0769 | Acc@1: 45.89%
2025-12-30 21:55:47,598 - INFO - Epoch 5/50 | LR: 7.00e-04 | Train: 2.9380 | Val: 3.1442 | Acc@1: 45.16%
2025-12-30 21:55:56,762 - INFO - Epoch 6/50 | LR: 7.00e-04 | Train: 2.6331 | Val: 3.2112 | Acc@1: 46.50%
2025-12-30 21:56:06,089 - INFO - Epoch 7/50 | LR: 6.99e-04 | Train: 2.3515 | Val: 3.3771 | Acc@1: 45.00%
2025-12-30 21:56:06,089 - INFO - Early stopping at epoch 7
2025-12-30 21:56:06,793 - INFO - Loaded checkpoint from epoch 2
2025-12-30 21:56:11,109 - INFO - ============================================================
2025-12-30 21:56:11,110 - INFO - FINAL VALIDATION RESULTS
2025-12-30 21:56:11,110 - INFO -   Acc@1:  44.46%
2025-12-30 21:56:11,110 - INFO -   Acc@5:  78.34%
2025-12-30 21:56:11,110 - INFO -   Acc@10: 82.93%
2025-12-30 21:56:11,110 - INFO -   MRR:    59.06%
2025-12-30 21:56:11,110 - INFO -   NDCG:   64.76%
2025-12-30 21:56:11,110 - INFO - ============================================================
2025-12-30 21:56:11,110 - INFO - FINAL TEST RESULTS
2025-12-30 21:56:11,110 - INFO -   Acc@1:  48.57%
2025-12-30 21:56:11,110 - INFO -   Acc@5:  81.48%
2025-12-30 21:56:11,110 - INFO -   Acc@10: 84.95%
2025-12-30 21:56:11,110 - INFO -   MRR:    63.12%
2025-12-30 21:56:11,110 - INFO -   NDCG:   68.42%
2025-12-30 21:56:11,110 - INFO - ============================================================
