2025-12-28 21:23:11,461 - INFO - ============================================================
2025-12-28 21:23:11,461 - INFO - POINTER V45 - Training Started
2025-12-28 21:23:11,461 - INFO - ============================================================
2025-12-28 21:23:11,462 - INFO - Model config: {'d_model': 128, 'dim_feedforward': 256, 'dropout': 0.15, 'nhead': 4, 'num_layers': 3}
2025-12-28 21:23:11,462 - INFO - Training config: {'batch_size': 128, 'grad_clip': 0.8, 'label_smoothing': 0.03, 'learning_rate': 0.0006, 'min_epochs': 8, 'min_lr': 1e-06, 'num_epochs': 50, 'patience': 5, 'use_amp': True, 'warmup_epochs': 5, 'weight_decay': 0.015}
2025-12-28 21:23:11,462 - INFO - ============================================================
2025-12-28 21:23:11,462 - INFO - Training for 50 epochs
2025-12-28 21:23:11,462 - INFO - Model parameters: 1,572,557
2025-12-28 21:24:26,455 - INFO - Epoch 1/50 | LR: 1.20e-04 | Train: 3.0061 | Val: 2.7981 | Acc@1: 50.39%
2025-12-28 21:24:26,505 - INFO -   ✓ New best (Acc@1: 50.39%)
2025-12-28 21:25:35,106 - INFO - Epoch 2/50 | LR: 2.40e-04 | Train: 2.7226 | Val: 2.7215 | Acc@1: 52.17%
2025-12-28 21:25:35,162 - INFO -   ✓ New best (Acc@1: 52.17%)
2025-12-28 21:26:44,391 - INFO - Epoch 3/50 | LR: 3.60e-04 | Train: 2.5930 | Val: 2.7199 | Acc@1: 52.04%
2025-12-28 21:26:44,445 - INFO -   ✓ New best (Acc@1: 52.04%)
2025-12-28 21:27:56,657 - INFO - Epoch 4/50 | LR: 4.80e-04 | Train: 2.4821 | Val: 2.6682 | Acc@1: 53.29%
2025-12-28 21:27:56,711 - INFO -   ✓ New best (Acc@1: 53.29%)
2025-12-28 21:29:05,761 - INFO - Epoch 5/50 | LR: 6.00e-04 | Train: 2.3827 | Val: 2.6477 | Acc@1: 53.62%
2025-12-28 21:29:05,813 - INFO -   ✓ New best (Acc@1: 53.62%)
2025-12-28 21:30:14,097 - INFO - Epoch 6/50 | LR: 6.00e-04 | Train: 2.2731 | Val: 2.6737 | Acc@1: 52.11%
2025-12-28 21:31:18,605 - INFO - Epoch 7/50 | LR: 5.99e-04 | Train: 2.1758 | Val: 2.6938 | Acc@1: 52.43%
2025-12-28 21:32:36,908 - INFO - Epoch 8/50 | LR: 5.97e-04 | Train: 2.0845 | Val: 2.7350 | Acc@1: 52.17%
2025-12-28 21:34:04,528 - INFO - Epoch 9/50 | LR: 5.93e-04 | Train: 2.0044 | Val: 2.7635 | Acc@1: 52.30%
2025-12-28 21:35:30,267 - INFO - Epoch 10/50 | LR: 5.88e-04 | Train: 1.9275 | Val: 2.8275 | Acc@1: 50.66%
2025-12-28 21:35:30,267 - INFO - Early stopping at epoch 10
2025-12-28 21:35:31,026 - INFO - Loaded checkpoint from epoch 5
2025-12-28 21:35:33,220 - INFO - ============================================================
2025-12-28 21:35:33,220 - INFO - FINAL VALIDATION RESULTS
2025-12-28 21:35:33,220 - INFO -   Acc@1:  53.62%
2025-12-28 21:35:33,220 - INFO -   Acc@5:  81.71%
2025-12-28 21:35:33,220 - INFO -   Acc@10: 86.05%
2025-12-28 21:35:33,220 - INFO -   MRR:    65.87%
2025-12-28 21:35:33,220 - INFO -   NDCG:   70.63%
2025-12-28 21:35:33,221 - INFO - ============================================================
2025-12-28 21:35:33,221 - INFO - FINAL TEST RESULTS
2025-12-28 21:35:33,221 - INFO -   Acc@1:  55.66%
2025-12-28 21:35:33,221 - INFO -   Acc@5:  82.91%
2025-12-28 21:35:33,221 - INFO -   Acc@10: 88.27%
2025-12-28 21:35:33,221 - INFO -   MRR:    67.44%
2025-12-28 21:35:33,221 - INFO -   NDCG:   72.33%
2025-12-28 21:35:33,221 - INFO - ============================================================
