2025-12-30 21:48:15,999 - INFO - ============================================================
2025-12-30 21:48:15,999 - INFO - POINTER V45 - Training Started
2025-12-30 21:48:15,999 - INFO - ============================================================
2025-12-30 21:48:15,999 - INFO - Model config: {'d_model': 64, 'dim_feedforward': 512, 'dropout': 0.15, 'nhead': 8, 'num_layers': 2}
2025-12-30 21:48:15,999 - INFO - Training config: {'batch_size': 128, 'grad_clip': 0.8, 'label_smoothing': 0.03, 'learning_rate': 0.0006, 'min_epochs': 3, 'min_lr': 1e-06, 'num_epochs': 50, 'patience': 5, 'use_amp': True, 'warmup_epochs': 5, 'weight_decay': 0.015}
2025-12-30 21:48:15,999 - INFO - ============================================================
2025-12-30 21:48:15,999 - INFO - Training for 50 epochs
2025-12-30 21:48:16,000 - INFO - Model parameters: 350,140
2025-12-30 21:48:23,168 - INFO - Epoch 1/50 | LR: 1.20e-04 | Train: 4.2346 | Val: 3.3955 | Acc@1: 41.36%
2025-12-30 21:48:23,193 - INFO -   ✓ New best (Acc@1: 41.36%)
2025-12-30 21:48:28,625 - INFO - Epoch 2/50 | LR: 2.40e-04 | Train: 3.9787 | Val: 3.3106 | Acc@1: 43.43%
2025-12-30 21:48:28,651 - INFO -   ✓ New best (Acc@1: 43.43%)
2025-12-30 21:48:34,131 - INFO - Epoch 3/50 | LR: 3.60e-04 | Train: 3.7963 | Val: 3.2606 | Acc@1: 44.58%
2025-12-30 21:48:34,156 - INFO -   ✓ New best (Acc@1: 44.58%)
2025-12-30 21:48:39,614 - INFO - Epoch 4/50 | LR: 4.80e-04 | Train: 3.5485 | Val: 3.2504 | Acc@1: 46.33%
2025-12-30 21:48:39,638 - INFO -   ✓ New best (Acc@1: 46.33%)
2025-12-30 21:48:45,867 - INFO - Epoch 5/50 | LR: 6.00e-04 | Train: 3.3277 | Val: 3.1923 | Acc@1: 47.20%
2025-12-30 21:48:45,893 - INFO -   ✓ New best (Acc@1: 47.20%)
2025-12-30 21:48:51,870 - INFO - Epoch 6/50 | LR: 6.00e-04 | Train: 3.1083 | Val: 3.1937 | Acc@1: 47.02%
2025-12-30 21:48:57,449 - INFO - Epoch 7/50 | LR: 5.99e-04 | Train: 2.9041 | Val: 3.2131 | Acc@1: 46.90%
2025-12-30 21:49:02,620 - INFO - Epoch 8/50 | LR: 5.97e-04 | Train: 2.7040 | Val: 3.2309 | Acc@1: 46.99%
2025-12-30 21:49:07,306 - INFO - Epoch 9/50 | LR: 5.93e-04 | Train: 2.5339 | Val: 3.2623 | Acc@1: 47.47%
2025-12-30 21:49:11,849 - INFO - Epoch 10/50 | LR: 5.88e-04 | Train: 2.3889 | Val: 3.3363 | Acc@1: 46.33%
2025-12-30 21:49:11,850 - INFO - Early stopping at epoch 10
2025-12-30 21:49:12,142 - INFO - Loaded checkpoint from epoch 5
2025-12-30 21:49:14,527 - INFO - ============================================================
2025-12-30 21:49:14,527 - INFO - FINAL VALIDATION RESULTS
2025-12-30 21:49:14,527 - INFO -   Acc@1:  47.20%
2025-12-30 21:49:14,527 - INFO -   Acc@5:  73.19%
2025-12-30 21:49:14,527 - INFO -   Acc@10: 78.83%
2025-12-30 21:49:14,527 - INFO -   MRR:    58.87%
2025-12-30 21:49:14,527 - INFO -   NDCG:   63.46%
2025-12-30 21:49:14,527 - INFO - ============================================================
2025-12-30 21:49:14,528 - INFO - FINAL TEST RESULTS
2025-12-30 21:49:14,528 - INFO -   Acc@1:  50.84%
2025-12-30 21:49:14,528 - INFO -   Acc@5:  76.89%
2025-12-30 21:49:14,528 - INFO -   Acc@10: 81.17%
2025-12-30 21:49:14,528 - INFO -   MRR:    62.86%
2025-12-30 21:49:14,528 - INFO -   NDCG:   67.17%
2025-12-30 21:49:14,528 - INFO - ============================================================
