2025-12-30 21:56:49,176 - INFO - ============================================================
2025-12-30 21:56:49,176 - INFO - POINTER V45 - Training Started
2025-12-30 21:56:49,176 - INFO - ============================================================
2025-12-30 21:56:49,176 - INFO - Model config: {'d_model': 128, 'dim_feedforward': 256, 'dropout': 0.15, 'nhead': 2, 'num_layers': 4}
2025-12-30 21:56:49,176 - INFO - Training config: {'batch_size': 128, 'grad_clip': 0.8, 'label_smoothing': 0.03, 'learning_rate': 0.00065, 'min_epochs': 3, 'min_lr': 1e-06, 'num_epochs': 50, 'patience': 5, 'use_amp': True, 'warmup_epochs': 5, 'weight_decay': 0.015}
2025-12-30 21:56:49,176 - INFO - ============================================================
2025-12-30 21:56:49,176 - INFO - Training for 50 epochs
2025-12-30 21:56:49,177 - INFO - Model parameters: 925,594
2025-12-30 21:56:58,871 - INFO - Epoch 1/50 | LR: 1.30e-04 | Train: 4.3371 | Val: 3.0101 | Acc@1: 40.45%
2025-12-30 21:56:59,003 - INFO -   ✓ New best (Acc@1: 40.45%)
2025-12-30 21:57:07,354 - INFO - Epoch 2/50 | LR: 2.60e-04 | Train: 3.8207 | Val: 2.9383 | Acc@1: 45.14%
2025-12-30 21:57:07,399 - INFO -   ✓ New best (Acc@1: 45.14%)
2025-12-30 21:57:15,843 - INFO - Epoch 3/50 | LR: 3.90e-04 | Train: 3.5089 | Val: 2.9004 | Acc@1: 45.73%
2025-12-30 21:57:15,888 - INFO -   ✓ New best (Acc@1: 45.73%)
2025-12-30 21:57:24,529 - INFO - Epoch 4/50 | LR: 5.20e-04 | Train: 3.2574 | Val: 2.8319 | Acc@1: 46.26%
2025-12-30 21:57:24,575 - INFO -   ✓ New best (Acc@1: 46.26%)
2025-12-30 21:57:33,209 - INFO - Epoch 5/50 | LR: 6.50e-04 | Train: 3.0306 | Val: 2.9023 | Acc@1: 45.80%
2025-12-30 21:57:41,762 - INFO - Epoch 6/50 | LR: 6.50e-04 | Train: 2.7614 | Val: 2.9376 | Acc@1: 45.17%
2025-12-30 21:57:50,291 - INFO - Epoch 7/50 | LR: 6.49e-04 | Train: 2.4953 | Val: 3.0559 | Acc@1: 45.00%
2025-12-30 21:57:57,038 - INFO - Epoch 8/50 | LR: 6.47e-04 | Train: 2.2471 | Val: 3.1733 | Acc@1: 43.71%
2025-12-30 21:58:02,599 - INFO - Epoch 9/50 | LR: 6.43e-04 | Train: 2.0293 | Val: 3.2260 | Acc@1: 44.16%
2025-12-30 21:58:02,599 - INFO - Early stopping at epoch 9
2025-12-30 21:58:02,976 - INFO - Loaded checkpoint from epoch 4
2025-12-30 21:58:05,236 - INFO - ============================================================
2025-12-30 21:58:05,236 - INFO - FINAL VALIDATION RESULTS
2025-12-30 21:58:05,236 - INFO -   Acc@1:  46.26%
2025-12-30 21:58:05,236 - INFO -   Acc@5:  79.02%
2025-12-30 21:58:05,236 - INFO -   Acc@10: 83.78%
2025-12-30 21:58:05,236 - INFO -   MRR:    60.36%
2025-12-30 21:58:05,236 - INFO -   NDCG:   65.88%
2025-12-30 21:58:05,237 - INFO - ============================================================
2025-12-30 21:58:05,237 - INFO - FINAL TEST RESULTS
2025-12-30 21:58:05,237 - INFO -   Acc@1:  50.93%
2025-12-30 21:58:05,237 - INFO -   Acc@5:  83.79%
2025-12-30 21:58:05,237 - INFO -   Acc@10: 87.00%
2025-12-30 21:58:05,237 - INFO -   MRR:    65.05%
2025-12-30 21:58:05,237 - INFO -   NDCG:   70.36%
2025-12-30 21:58:05,237 - INFO - ============================================================
